[00:45:03] 🚀 BMS DAILY TRACKER STARTED
[00:45:03] [1/459] FNDB
[00:45:03] 🧠 New identity
[00:45:04] [2/459] AMBH
[00:45:05] [3/459] PRHN
[00:45:06] [4/459] ACPM
[00:45:07] [5/459] PVFS
[00:45:07] [6/459] AACN
[00:45:09] [7/459] ACAS
[00:45:10] [8/459] CTNR
[00:45:11] [9/459] MMAH
[00:45:12] [10/459] CPMH
[00:45:13] [11/459] IGMH
[00:45:14] [12/459] ABCS
[00:45:15] [13/459] CMMA
[00:45:16] [14/459] GPRH
[00:45:17] [15/459] PNNG
[00:45:17] [16/459] AMCA
[00:45:18] [17/459] ISTN
[00:45:19] [18/459] PIIC
[00:45:20] [19/459] AHMH
[00:45:20] [20/459] ASHN
[00:45:21] [21/459] INHY
[00:45:22] [22/459] SRMO
[00:45:23] [23/459] PIMH
[00:45:25] [24/459] PVTS
[00:45:25] [25/459] MMCA
[00:45:26] [26/459] AKYJ
[00:45:28] [27/459] BRKH
[00:45:29] [28/459] MAHM
[00:45:30] [29/459] CPHY
[00:45:31] [30/459] PVTP
[00:45:31] [31/459] SMMR
[00:45:32] [32/459] PVHM
[00:45:34] [33/459] SNDY
[00:45:35] [34/459] GOKU
[00:45:35] [35/459] ACEV
[00:45:36] [36/459] PVUM
[00:45:37] [37/459] VSWA
[00:45:38] [38/459] IPRS
[00:45:39] [39/459] ASGN
[00:45:40] [40/459] BKMV
[00:45:41] [41/459] PVYH
[00:45:42] [42/459] INKM
[00:45:42] [43/459] ARJU
[00:45:43] [44/459] JJPP
[00:45:44] [45/459] SSRM
[00:45:45] [46/459] HMHD
[00:45:47] [47/459] SNKH
[00:45:48] [48/459] ACHI
[00:45:48] [49/459] MRAA
[00:45:49] [50/459] INMH
[00:45:50] [51/459] ARMH
[00:45:51] [52/459] DVRR
[00:45:52] [53/459] SUDA
[00:45:53] [54/459] MCSS
[00:45:54] [55/459] VRKC
[00:45:55] [56/459] PRCX
[00:45:55] [57/459] ASJY
[00:45:56] [58/459] MTHY
[00:45:57] [59/459] SRCM
[00:45:58] [60/459] TVHY
[00:45:59] [61/459] STHD
[00:46:00] [62/459] CPCL
[00:46:00] [63/459] PSMJ
[00:46:01] [64/459] MRGT
[00:46:02] [65/459] ARYH
[00:46:03] [66/459] VTRB
[00:46:04] [67/459] SCHC
[00:46:05] [68/459] MRRG
[00:46:06] [69/459] SPCB
[00:46:07] [70/459] AMCM
[00:46:08] [71/459] IVNM
[00:46:09] [72/459] TRHY
[00:46:11] [73/459] PTTH
[00:46:11] [74/459] RKMH
[00:46:12] [75/459] PRCS
[00:46:13] [76/459] VAJA
[00:46:14] [77/459] BJNG
[00:46:15] [78/459] SCVM
[00:46:16] [79/459] GNHB
[00:46:17] [80/459] TLUR
[00:46:18] [81/459] UKCC
[00:46:19] [82/459] SRKR
[00:46:20] [83/459] RMKN
[00:46:22] [84/459] SLRT
[00:46:22] [85/459] LKMT
[00:46:24] [86/459] SSRJ
[00:46:25] [87/459] SPHT
[00:46:26] [88/459] ANTT
[00:46:26] [89/459] SRCH
[00:46:27] [90/459] SRCA
[00:46:28] [91/459] ARTH
[00:46:30] [92/459] MCBH
[00:46:31] [93/459] SNIB
[00:46:32] [94/459] SART
[00:46:32] [95/459] SKTA
[00:46:33] [96/459] YAKT
[00:46:34] [97/459] MLCK
[00:46:35] [98/459] ANTS
[00:46:36] [99/459] DGCA
[00:46:36] [100/459] SGMP
[00:46:37] [101/459] ASWN
[00:46:39] [102/459] KFVU
[00:46:40] [103/459] POOR
[00:46:40] [104/459] GKDN
[00:46:41] [105/459] EOSE
[00:46:42] [106/459] GTTT
[00:46:43] [107/459] ARRO
[00:46:44] [108/459] CMMK
[00:46:45] [109/459] MSCN
[00:46:46] [110/459] GDKH
[00:46:47] [111/459] DLMT
[00:46:48] [112/459] PVMF
[00:46:49] [113/459] CPCK
[00:46:49] [114/459] VMHE
[00:46:50] [115/459] PVLC
[00:46:52] [116/459] PCVB
[00:46:52] [117/459] SNYK
[00:46:53] [118/459] KTEK
[00:46:54] [119/459] PCNM
[00:46:55] [120/459] NTTR
[00:46:56] [121/459] CPSK
[00:46:57] [122/459] JMMA
[00:46:58] [123/459] GCFK
[00:46:59] [124/459] MYCA
[00:47:00] [125/459] KSNP
[00:47:00] [126/459] PMCE
[00:47:01] [127/459] SCKI
[00:47:02] [128/459] FSMA
[00:47:03] [129/459] CETA
[00:47:05] [130/459] MCIK
[00:47:06] [131/459] MYCR
[00:47:07] [132/459] EVMP
[00:47:08] [133/459] SSGT
[00:47:09] [134/459] KCTK
[00:47:10] [135/459] ZTKC
[00:47:11] [136/459] MMTA
[00:47:13] [137/459] MAJT
[00:47:14] [138/459] ACPK
[00:47:15] [139/459] JMAX
[00:47:16] [140/459] SETK
[00:47:16] [141/459] CAIS
[00:47:17] [142/459] AGCD
[00:47:18] [143/459] URCL
[00:47:19] [144/459] VTDS
[00:47:20] [145/459] JCNM
[00:47:21] [146/459] KCAM
[00:47:22] [147/459] ADCU
[00:47:23] [148/459] GXYN
[00:47:24] [149/459] SMJG
[00:47:25] [150/459] EYCJ
[00:47:26] [151/459] CCEJ
[00:47:27] [152/459] MARS
[00:47:27] [153/459] CPVJ
[00:47:28] [154/459] INVP
[00:47:29] [155/459] CPOV
[00:47:30] [156/459] VIJK
[00:47:31] [157/459] LAIM
[00:47:32] [158/459] STHV
[00:47:33] [159/459] SVLJ
[00:47:33] [160/459] ATVJ
[00:47:35] [161/459] JTSC
[00:47:36] [162/459] RMTV
[00:47:37] [163/459] MGGG
[00:47:38] [164/459] SWTH
[00:47:39] [165/459] INVJ
[00:47:40] [166/459] PRSV
[00:47:41] [167/459] JATV
[00:47:41] [168/459] RCVD
[00:47:42] [169/459] BDMA
[00:47:43] [170/459] BLJI
[00:47:44] [171/459] SWOT
[00:47:45] [172/459] SWRN
[00:47:46] [173/459] TVRA
[00:47:46] [174/459] VCSV
[00:47:47] [175/459] NVRN
[00:47:48] [176/459] SIKC
[00:47:49] [177/459] VAKR
[00:47:50] [178/459] SYLN
[00:47:51] [179/459] KLJL
[00:47:52] [180/459] LKMY
[00:47:53] [181/459] VSLY
[00:47:54] [182/459] CIKO
[00:47:55] [183/459] GPBG
[00:47:56] [184/459] CECM
[00:47:56] [185/459] SLKB
[00:47:57] [186/459] MTBO
[00:47:58] [187/459] SSHB
[00:47:59] [188/459] VPCS
[00:48:00] [189/459] RCSR
[00:48:01] [190/459] RJRM
[00:48:02] [191/459] KPPB
[00:48:03] [192/459] SEDC
[00:48:04] [193/459] SCAI
[00:48:05] [194/459] RMTR
[00:48:06] [195/459] ASST
[00:48:07] [196/459] GCAK
[00:48:08] [197/459] ANNK
[00:48:08] [198/459] KDDF
[00:48:09] [199/459] NRDP
[00:48:10] [200/459] PLAK
[00:48:11] [201/459] GCMC
[00:48:12] [202/459] ALPY
[00:48:13] [203/459] SICE
[00:48:14] [204/459] SISR
[00:48:14] [205/459] SRPZ
[00:48:15] [206/459] SRSW
[00:48:16] [207/459] SUYA
[00:48:17] [208/459] AMMT
[00:48:18] [209/459] BHCU
[00:48:18] [210/459] KLPA
[00:48:19] [211/459] NVKH
[00:48:20] [212/459] JMRC
[00:48:22] [213/459] KTTT
[00:48:23] [214/459] MAGH
[00:48:24] [215/459] MMMX
[00:48:25] [216/459] SALJ
[00:48:25] [217/459] GTJA
[00:48:26] [218/459] MAHT
[00:48:27] [219/459] SSNN
[00:48:28] [220/459] ARRP
[00:48:29] [221/459] ATNS
[00:48:30] [222/459] SKDT
[00:48:30] [223/459] ACAT
[00:48:31] [224/459] APRC
[00:48:32] [225/459] SWAG
[00:48:33] [226/459] SDPT
[00:48:34] [227/459] STPS
[00:48:35] [228/459] WWCZ
[00:48:36] [229/459] LLCH
[00:48:36] [230/459] MZHA
[00:48:37] [231/459] CRJG
[00:48:38] [232/459] JGTK
[00:48:39] [233/459] KCSR
[00:48:40] [234/459] CHTL
[00:48:41] [235/459] EDSR
[00:48:43] [236/459] CSWO
[00:48:43] [237/459] CPVM
[00:48:44] [238/459] MXBY
[00:48:46] [239/459] FMMA
[00:48:47] [240/459] POVI
[00:48:48] [241/459] MTHB
[00:48:49] [242/459] INRC
[00:48:50] [243/459] PIPP
[00:48:51] [244/459] BMXC
[00:48:51] [245/459] PCMM
[00:48:52] [246/459] PMKM
[00:48:53] [247/459] GATY
[00:48:54] [248/459] IMCM
[00:48:56] [249/459] POPE
[00:48:57] [250/459] MTCR
[00:48:58] [251/459] PVAE
[00:48:59] [252/459] PVMI
[00:49:00] [253/459] CPNM
[00:49:01] [254/459] FMRL
[00:49:01] [255/459] MCIW
[00:49:02] [256/459] MXBO
[00:49:03] [257/459] FMKY
[00:49:04] [258/459] FMDA
[00:49:05] [259/459] THAB
[00:49:05] [260/459] PRCW
[00:49:06] [261/459] PITI
[00:49:07] [262/459] MCFF
[00:49:08] [263/459] PDDV
[00:49:09] [264/459] MCRM
[00:49:10] [265/459] KKMB
[00:49:11] [266/459] INKO
[00:49:12] [267/459] PLXP
[00:49:13] [268/459] MMHA
[00:49:14] [269/459] FMVS
[00:49:15] [270/459] POLM
[00:49:16] [271/459] STER
[00:49:17] [272/459] PVWJ
[00:49:18] [273/459] IMJW
[00:49:19] [274/459] FNAN
[00:49:20] [275/459] CAGL
[00:49:21] [276/459] IPBG
[00:49:22] [277/459] SMFV
[00:49:22] [278/459] MMMR
[00:49:23] [279/459] MMWM
[00:49:24] [280/459] FNCM
[00:49:26] [281/459] MDVA
[00:49:26] [282/459] MMET
[00:49:27] [283/459] MIDO
[00:49:28] [284/459] INNP
[00:49:29] [285/459] MIFU
[00:49:30] [286/459] MMSZ
[00:49:30] [287/459] BMXA
[00:49:31] [288/459] MCAA
[00:49:32] [289/459] SCVP
[00:49:33] [290/459] PLUS
[00:49:34] [291/459] MUCK
[00:49:34] [292/459] MTMA
[00:49:36] [293/459] HPVR
[00:49:37] [294/459] PMPK
[00:49:38] [295/459] MAJB
[00:49:39] [296/459] CTRR
[00:49:39] [297/459] MCTG
[00:49:40] [298/459] MACE
[00:49:41] [299/459] AAAS
[00:49:42] [300/459] CPVV
[00:49:43] [301/459] RCHG
[00:49:43] [302/459] MCNE
[00:49:44] [303/459] EMNC
[00:49:45] [304/459] MCAN
[00:49:46] [305/459] TCDM
[00:49:47] [306/459] IRGT
[00:49:48] [307/459] GCMG
[00:49:50] [308/459] MXSN
[00:49:51] [309/459] MXCK
[00:49:52] [310/459] MCRC
[00:49:53] [311/459] RSMI
[00:49:54] [312/459] WAML
[00:49:55] [313/459] MTSC
[00:49:56] [314/459] FMDR
[00:49:57] [315/459] LEPV
[00:49:57] [316/459] MTGD
[00:49:58] [317/459] IMOB
[00:49:59] [318/459] CLMM
[00:50:01] [319/459] PZCD
[00:50:02] [320/459] GOCS
[00:50:02] [321/459] KCMA
[00:50:03] [322/459] CCMP
[00:50:04] [323/459] MTSU
[00:50:05] [324/459] SNGL
[00:50:06] [325/459] MMMC
[00:50:06] [326/459] MMAA
[00:50:07] [327/459] GCDM
[00:50:08] [328/459] KTMV
[00:50:09] [329/459] AETE
[00:50:09] [330/459] OMCS
[00:50:10] [331/459] GDCD
[00:50:11] [332/459] NYMD
[00:50:12] [333/459] RNCV
[00:50:13] [334/459] KKMT
[00:50:14] [335/459] GDTH
[00:50:14] [336/459] KMMV
[00:50:15] [337/459] NHCG
[00:50:16] [338/459] PJDW
[00:50:17] [339/459] MMCV
[00:50:17] [340/459] FQSA
[00:50:18] [341/459] KURL
[00:50:19] [342/459] NNNX
[00:50:20] [343/459] AMAU
[00:50:21] [344/459] VVVM
[00:50:21] [345/459] VECU
[00:50:22] [346/459] WCVR
[00:50:23] [347/459] MTGG
[00:50:24] [348/459] SGTG
[00:50:25] [349/459] MNTG
[00:50:26] [350/459] JDDG
[00:50:27] [351/459] MBTK
[00:50:27] [352/459] SGCD
[00:50:28] [353/459] MCTC
[00:50:29] [354/459] JTPC
[00:50:30] [355/459] SDKT
[00:50:31] [356/459] KRCC
[00:50:32] [357/459] RMMD
[00:50:34] [358/459] AAME
[00:50:34] [359/459] TMWC
[00:50:35] [360/459] NRWY
[00:50:36] [361/459] CITD
[00:50:37] [362/459] VERD
[00:50:38] [363/459] MKSK
[00:50:39] [364/459] STSM
[00:50:40] [365/459] MJDG
[00:50:40] [366/459] RKPM
[00:50:41] [367/459] SSCE
[00:50:42] [368/459] VMAE
[00:50:43] [369/459] SBRU
[00:50:44] [370/459] AMBC
[00:50:44] [371/459] AMLU
[00:50:45] [372/459] INVZ
[00:50:46] [373/459] LGTV
[00:50:47] [374/459] SVAD
[00:50:48] [375/459] SMSA
[00:50:49] [376/459] SPCZ
[00:50:50] [377/459] GTCX
[00:50:51] [378/459] SCSL
[00:50:51] [379/459] SAHU
[00:50:52] [380/459] NCDA
[00:50:53] [381/459] SCCG
[00:50:54] [382/459] VKTL
[00:50:55] [383/459] PUUJ
[00:50:55] [384/459] STEJ
[00:50:56] [385/459] RJAL
[00:50:57] [386/459] ACJC
[00:50:58] [387/459] VTHC
[00:50:58] [388/459] ARVB
[00:50:59] [389/459] AUBB
[00:51:00] [390/459] GDBR
[00:51:01] [391/459] PVND
[00:51:02] [392/459] BGRJ
[00:51:03] [393/459] RJMM
[00:51:03] [394/459] MCSA
[00:51:04] [395/459] BODA
[00:51:05] [396/459] JAGG
[00:51:06] [397/459] SCGA
[00:51:07] [398/459] LRCM
[00:51:08] [399/459] CPCN
[00:51:09] [400/459] SSTF
[00:51:10] [401/459] SRXP
[00:51:10] [402/459] CNFX
[00:51:11] [403/459] ANDI
[00:51:12] [404/459] SYEW
[00:51:13] [405/459] RCRE
[00:51:13] [406/459] SCRW
[00:51:14] [407/459] MBKR
[00:51:15] [408/459] ASNT
[00:51:16] [409/459] JTMT
[00:51:16] [410/459] SHAY
[00:51:17] [411/459] VRTH
[00:51:18] [412/459] SPTI
[00:51:19] [413/459] DPTD
[00:51:19] [414/459] TGSN
[00:51:20] [415/459] RCWV
[00:51:21] [416/459] OCUR
[00:51:22] [417/459] KSTC
[00:51:23] [418/459] SANI
[00:51:24] [419/459] MLCA
[00:51:25] [420/459] EGCA
[00:51:26] [421/459] SYSN
[00:51:27] [422/459] PKTA
[00:51:28] [423/459] PRCC
[00:51:29] [424/459] KSTR
[00:51:29] [425/459] SNTP
[00:51:30] [426/459] RCHA
[00:51:31] [427/459] SEEA
[00:51:32] [428/459] ALAT
[00:51:32] [429/459] AATV
[00:51:33] [430/459] RJTE
[00:51:34] [431/459] AAPP
[00:51:35] [432/459] PMMH
[00:51:36] [433/459] INRJ
[00:51:37] [434/459] SARB
[00:51:38] [435/459] PCJL
[00:51:40] [436/459] PFJJ
[00:51:41] [437/459] GRDC
[00:51:42] [438/459] BCBA
[00:51:43] [439/459] VIXL
[00:51:43] [440/459] CSTL
[00:51:44] [441/459] MTDK
[00:51:45] [442/459] TDAC
[00:51:46] [443/459] GTDN
[00:51:46] [444/459] TTDE
[00:51:47] [445/459] ASTS
[00:51:48] [446/459] CPNS
[00:51:49] [447/459] PVVW
[00:51:50] [448/459] USEB
[00:51:51] [449/459] DTYN
[00:51:52] [450/459] PVLE
[00:51:52] [451/459] CIPS
[00:51:53] [452/459] PAEG
[00:51:54] [453/459] PTCW
[00:51:55] [454/459] G3SR
[00:51:56] [455/459] PGND
[00:51:57] [456/459] INVM
[00:51:57] [457/459] SPIA
[00:51:58] [458/459] PCSN
[00:51:59] [459/459] PPGV
[00:52:00] ✅ DONE | Shows=0 | Movies=0
