[00:45:05] 🚀 BMS DAILY TRACKER STARTED
[00:45:05] [1/459] NECA
[00:45:05] 🧠 New identity
[00:45:06] [2/459] BJLC
[00:45:06] [3/459] BASU
[00:45:07] [4/459] RUPI
[00:45:08] [5/459] LCBK
[00:45:09] [6/459] PMAC
[00:45:09] [7/459] AMLC
[00:45:10] [8/459] LICL
[00:45:11] [9/459] UDMM
[00:45:12] [10/459] STBZ
[00:45:13] [11/459] UUBT
[00:45:14] [12/459] SJKC
[00:45:15] [13/459] TUAL
[00:45:16] [14/459] MRSE
[00:45:17] [15/459] RMRK
[00:45:18] [16/459] TTKP
[00:45:19] [17/459] KTKO
[00:45:20] [18/459] SDBK
[00:45:20] [19/459] MCPR
[00:45:21] [20/459] CHTI
[00:45:22] [21/459] GCCP
[00:45:23] [22/459] SRMY
[00:45:23] [23/459] NYST
[00:45:24] [24/459] NYAG
[00:45:25] [25/459] SBMT
[00:45:27] [26/459] INGA
[00:45:27] [27/459] WSIC
[00:45:28] [28/459] SCSS
[00:45:29] [29/459] COPG
[00:45:30] [30/459] RCGR
[00:45:31] [31/459] TCZA
[00:45:33] [32/459] CNLP
[00:45:33] [33/459] CLKN
[00:45:34] [34/459] LHDF
[00:45:35] [35/459] ELKC
[00:45:36] [36/459] VCEM
[00:45:37] [37/459] SSZA
[00:45:39] [38/459] KRMT
[00:45:40] [39/459] LCMV
[00:45:40] [40/459] AYCZ
[00:45:41] [41/459] CUMS
[00:45:42] [42/459] BOCK
[00:45:44] [43/459] PNMR
[00:45:45] [44/459] PJCP
[00:45:46] [45/459] JDDD
[00:45:47] [46/459] STMS
[00:45:48] [47/459] FLMB
[00:45:49] [48/459] PKCM
[00:45:50] [49/459] SPPR
[00:45:51] [50/459] EYLH
[00:45:52] [51/459] RJCC
[00:45:53] [52/459] MMPS
[00:45:54] [53/459] SHMX
[00:45:55] [54/459] CCNL
[00:45:57] [55/459] RCNV
[00:45:58] [56/459] MAAG
[00:45:58] [57/459] LXCM
[00:45:59] [58/459] RCNI
[00:46:00] [59/459] SNNI
[00:46:02] [60/459] LALC
[00:46:03] [61/459] SOCN
[00:46:05] [62/459] JHTP
[00:46:06] [63/459] PITP
[00:46:07] [64/459] CCKW
[00:46:08] [65/459] MCMC
[00:46:09] [66/459] DEES
[00:46:10] [67/459] SABT
[00:46:11] [68/459] VSPP
[00:46:11] [69/459] ABCT
[00:46:12] [70/459] JVTB
[00:46:13] [71/459] VCBD
[00:46:13] [72/459] RMGG
[00:46:14] [73/459] RNMH
[00:46:15] [74/459] SPGL
[00:46:17] [75/459] JTTR
[00:46:18] [76/459] SICS
[00:46:18] [77/459] SRMI
[00:46:19] [78/459] SSIJ
[00:46:20] [79/459] KFMT
[00:46:21] [80/459] VBIT
[00:46:22] [81/459] JKCT
[00:46:23] [82/459] GCGP
[00:46:24] [83/459] GDCS
[00:46:25] [84/459] TRBA
[00:46:25] [85/459] QUST
[00:46:26] [86/459] VSHM
[00:46:27] [87/459] SDCP
[00:46:28] [88/459] SNVS
[00:46:29] [89/459] NYTO
[00:46:30] [90/459] URWC
[00:46:31] [91/459] GTWH
[00:46:32] [92/459] PFCM
[00:46:33] [93/459] KRTA
[00:46:34] [94/459] AXMC
[00:46:35] [95/459] EVMC
[00:46:36] [96/459] HGSM
[00:46:37] [97/459] ACVM
[00:46:38] [98/459] PSKL
[00:46:38] [99/459] RDMP
[00:46:39] [100/459] RHGH
[00:46:40] [101/459] OMCM
[00:46:41] [102/459] DCCP
[00:46:42] [103/459] MCPB
[00:46:43] [104/459] ALCI
[00:46:44] [105/459] BLMX
[00:46:45] [106/459] BTMV
[00:46:45] [107/459] FVPN
[00:46:46] [108/459] CMAR
[00:46:47] [109/459] CEIM
[00:46:48] [110/459] CMVA
[00:46:49] [111/459] CPIV
[00:46:50] [112/459] CNPE
[00:46:51] [113/459] COLV
[00:46:52] [114/459] DNNV
[00:46:53] [115/459] HCAD
[00:46:54] [116/459] TAKA
[00:46:55] [117/459] INVD
[00:46:56] [118/459] IRMM
[00:46:57] [119/459] INSE
[00:46:58] [120/459] MRSW
[00:46:59] [121/459] MCVD
[00:47:00] [122/459] MCSO
[00:47:01] [123/459] PEVM
[00:47:02] [124/459] PVNL
[00:47:04] [125/459] PTCV
[00:47:05] [126/459] PRTC
[00:47:06] [127/459] RCVA
[00:47:06] [128/459] MTBN
[00:47:07] [129/459] LUCP
[00:47:08] [130/459] FMPT
[00:47:09] [131/459] JLSL
[00:47:10] [132/459] SBHA
[00:47:11] [133/459] SHRC
[00:47:12] [134/459] AVPS
[00:47:13] [135/459] STPM
[00:47:14] [136/459] ATRD
[00:47:15] [137/459] VTED
[00:47:15] [138/459] ACAI
[00:47:16] [139/459] SMAE
[00:47:18] [140/459] VMAT
[00:47:18] [141/459] LKCT
[00:47:19] [142/459] JTVK
[00:47:21] [143/459] PRTY
[00:47:22] [144/459] GETT
[00:47:22] [145/459] ESAP
[00:47:23] [146/459] NCPM
[00:47:24] [147/459] PCPA
[00:47:25] [148/459] MMOM
[00:47:25] [149/459] PHUP
[00:47:26] [150/459] CCPI
[00:47:27] [151/459] CNTD
[00:47:28] [152/459] NLJR
[00:47:29] [153/459] SRNG
[00:47:30] [154/459] MHAL
[00:47:31] [155/459] PNSM
[00:47:31] [156/459] DRMY
[00:47:32] [157/459] CCMU
[00:47:33] [158/459] SCMY
[00:47:35] [159/459] PVSY
[00:47:36] [160/459] SDLM
[00:47:37] [161/459] ICCM
[00:47:38] [162/459] PYSU
[00:47:39] [163/459] GATM
[00:47:40] [164/459] WOTM
[00:47:41] [165/459] RKTS
[00:47:42] [166/459] PMTY
[00:47:44] [167/459] LYMS
[00:47:45] [168/459] TGCA
[00:47:46] [169/459] DSTA
[00:47:47] [170/459] CNGE
[00:47:48] [171/459] VSTG
[00:47:49] [172/459] GTCK
[00:47:50] [173/459] TGNT
[00:47:51] [174/459] ASLC
[00:47:52] [175/459] SSST
[00:47:52] [176/459] KBTT
[00:47:53] [177/459] HKCP
[00:47:54] [178/459] SWLC
[00:47:55] [179/459] RTND
[00:47:56] [180/459] PKKT
[00:47:57] [181/459] HSTK
[00:47:58] [182/459] SPTT
[00:47:59] [183/459] IMPM
[00:47:59] [184/459] SCMV
[00:48:00] [185/459] SPCT
[00:48:01] [186/459] JBCA
[00:48:02] [187/459] ATTR
[00:48:03] [188/459] SPMT
[00:48:03] [189/459] LCTM
[00:48:04] [190/459] SCVL
[00:48:06] [191/459] SCVT
[00:48:06] [192/459] KRIC
[00:48:07] [193/459] CTMG
[00:48:08] [194/459] ACNC
[00:48:09] [195/459] DMCK
[00:48:10] [196/459] KMTV
[00:48:11] [197/459] PFCJ
[00:48:12] [198/459] VNMD
[00:48:12] [199/459] VPCZ
[00:48:13] [200/459] SRYR
[00:48:14] [201/459] SYTR
[00:48:15] [202/459] GATR
[00:48:16] [203/459] URTR
[00:48:17] [204/459] MKSM
[00:48:18] [205/459] VSMH
[00:48:18] [206/459] SKRJ
[00:48:20] [207/459] SSJR
[00:48:20] [208/459] SVSM
[00:48:21] [209/459] RUCM
[00:48:22] [210/459] PRKN
[00:48:23] [211/459] RROH
[00:48:23] [212/459] SCTN
[00:48:25] [213/459] RTDM
[00:48:26] [214/459] ASRM
[00:48:27] [215/459] SKMD
[00:48:28] [216/459] SUTD
[00:48:28] [217/459] SADM
[00:48:29] [218/459] WCNR
[00:48:30] [219/459] CNED
[00:48:31] [220/459] MPDB
[00:48:32] [221/459] KTBH
[00:48:33] [222/459] IDRM
[00:48:34] [223/459] PJJT
[00:48:35] [224/459] PFCV
[00:48:36] [225/459] AACT
[00:48:37] [226/459] AAAD
[00:48:37] [227/459] ANES
[00:48:38] [228/459] MNCA
[00:48:39] [229/459] RMGU
[00:48:40] [230/459] DLCN
[00:48:41] [231/459] LJWT
[00:48:41] [232/459] MCBG
[00:48:42] [233/459] MYBG
[00:48:43] [234/459] GCCA
[00:48:44] [235/459] GCGA
[00:48:45] [236/459] ECGN
[00:48:45] [237/459] PRAB
[00:48:46] [238/459] PNMP
[00:48:47] [239/459] GCPT
[00:48:48] [240/459] ROYN
[00:48:49] [241/459] VATM
[00:48:50] [242/459] KSNT
[00:48:51] [243/459] ACTC
[00:48:52] [244/459] PLTD
[00:48:52] [245/459] SKMK
[00:48:54] [246/459] CMTT
[00:48:55] [247/459] SMXP
[00:48:55] [248/459] SCMX
[00:48:56] [249/459] ACXN
[00:48:58] [250/459] ASWT
[00:48:58] [251/459] VVVL
[00:48:59] [252/459] NAGO
[00:49:01] [253/459] SNCN
[00:49:01] [254/459] MCKP
[00:49:02] [255/459] SAMO
[00:49:03] [256/459] JBTV
[00:49:04] [257/459] DCVV
[00:49:05] [258/459] KMSV
[00:49:06] [259/459] KDCN
[00:49:07] [260/459] CNCP
[00:49:08] [261/459] HAMC
[00:49:09] [262/459] CCVZ
[00:49:10] [263/459] NCCK
[00:49:11] [264/459] MCHR
[00:49:12] [265/459] SCHT
[00:49:13] [266/459] ESSH
[00:49:14] [267/459] CUJC
[00:49:15] [268/459] PECP
[00:49:16] [269/459] PMMI
[00:49:17] [270/459] PCCH
[00:49:18] [271/459] PRPM
[00:49:19] [272/459] PVKL
[00:49:20] [273/459] CBSM
[00:49:21] [274/459] PVCZ
[00:49:22] [275/459] PCVV
[00:49:24] [276/459] CTMJ
[00:49:25] [277/459] RCPS
[00:49:26] [278/459] PCIT
[00:49:28] [279/459] FNCH
[00:49:29] [280/459] INZD
[00:49:29] [281/459] INPC
[00:49:30] [282/459] LCZP
[00:49:31] [283/459] SMCB
[00:49:32] [284/459] PTSB
[00:49:33] [285/459] TPSI
[00:49:34] [286/459] KHMJ
[00:49:35] [287/459] RCCJ
[00:49:36] [288/459] NCJA
[00:49:37] [289/459] NCJN
[00:49:38] [290/459] BTDP
[00:49:39] [291/459] PADY
[00:49:39] [292/459] NYBH
[00:49:41] [293/459] MTBR
[00:49:42] [294/459] KRBC
[00:49:43] [295/459] DKTI
[00:49:44] [296/459] ANAN
[00:49:44] [297/459] INBP
[00:49:45] [298/459] PATB
[00:49:46] [299/459] RGNT
[00:49:47] [300/459] CGPM
[00:49:48] [301/459] INTN
[00:49:49] [302/459] MCMP
[00:49:50] [303/459] ASRG
[00:49:51] [304/459] CXJD
[00:49:52] [305/459] SPCP
[00:49:52] [306/459] CSTP
[00:49:54] [307/459] PKVC
[00:49:55] [308/459] ESCP
[00:49:56] [309/459] CAEP
[00:49:57] [310/459] CCSP
[00:49:58] [311/459] KTPC
[00:49:58] [312/459] DACA
[00:50:00] [313/459] NVKY
[00:50:00] [314/459] PTIN
[00:50:01] [315/459] SCIN
[00:50:02] [316/459] MCTY
[00:50:03] [317/459] PCMX
[00:50:04] [318/459] INIC
[00:50:05] [319/459] MMZM
[00:50:06] [320/459] SSLP
[00:50:06] [321/459] DTDT
[00:50:07] [322/459] FFCX
[00:50:08] [323/459] RCMM
[00:50:09] [324/459] KYID
[00:50:10] [325/459] CSCI
[00:50:12] [326/459] FCMC
[00:50:13] [327/459] MMXI
[00:50:13] [328/459] ASTC
[00:50:14] [329/459] CMRA
[00:50:15] [330/459] DICI
[00:50:16] [331/459] KDIN
[00:50:17] [332/459] PRFI
[00:50:18] [333/459] SVFC
[00:50:18] [334/459] UCPL
[00:50:20] [335/459] COOC
[00:50:21] [336/459] SCAL
[00:50:22] [337/459] SVFF
[00:50:22] [338/459] VCMG
[00:50:23] [339/459] UUCT
[00:50:24] [340/459] GCSE
[00:50:25] [341/459] SUSC
[00:50:26] [342/459] MISC
[00:50:27] [343/459] RMBL
[00:50:27] [344/459] CMXN
[00:50:28] [345/459] PVBK
[00:50:29] [346/459] HHCG
[00:50:30] [347/459] SCAG
[00:50:31] [348/459] CNPR
[00:50:32] [349/459] CSER
[00:50:33] [350/459] HLWD
[00:50:34] [351/459] BOLY
[00:50:34] [352/459] SSPG
[00:50:35] [353/459] MUPX
[00:50:36] [354/459] HAMR
[00:50:37] [355/459] SDNC
[00:50:38] [356/459] RTEN
[00:50:39] [357/459] SDTD
[00:50:39] [358/459] KAWS
[00:50:41] [359/459] CMZX
[00:50:42] [360/459] DCDD
[00:50:43] [361/459] ALSN
[00:50:44] [362/459] IMXS
[00:50:45] [363/459] PVFF
[00:50:46] [364/459] PVOO
[00:50:47] [365/459] CFBS
[00:50:48] [366/459] PVER
[00:50:49] [367/459] PPNX
[00:50:50] [368/459] CNRM
[00:50:51] [369/459] PVWW
[00:50:52] [370/459] INMB
[00:50:53] [371/459] CPJR
[00:50:54] [372/459] INRZ
[00:50:55] [373/459] PMSR
[00:50:56] [374/459] GPGM
[00:50:57] [375/459] PGWB
[00:50:58] [376/459] PMBR
[00:50:59] [377/459] GPAM
[00:50:59] [378/459] INBC
[00:51:00] [379/459] PZVK
[00:51:01] [380/459] CPEB
[00:51:02] [381/459] FMLB
[00:51:03] [382/459] INBG
[00:51:04] [383/459] GPBR
[00:51:05] [384/459] PAAS
[00:51:06] [385/459] VTBR
[00:51:06] [386/459] GPMY
[00:51:07] [387/459] GYBU
[00:51:09] [388/459] INBJ
[00:51:10] [389/459] LKTH
[00:51:11] [390/459] NSBR
[00:51:11] [391/459] PDRD
[00:51:12] [392/459] VRBL
[00:51:13] [393/459] VTGB
[00:51:14] [394/459] VTSK
[00:51:15] [395/459] BKDV
[00:51:16] [396/459] SVTB
[00:51:17] [397/459] MLDT
[00:51:18] [398/459] NRBL
[00:51:19] [399/459] SLTR
[00:51:19] [400/459] VNKA
[00:51:20] [401/459] TDCA
[00:51:21] [402/459] INBM
[00:51:22] [403/459] SSNR
[00:51:23] [404/459] BHAC
[00:51:24] [405/459] SDSD
[00:51:24] [406/459] SAMP
[00:51:25] [407/459] RATK
[00:51:26] [408/459] KCBI
[00:51:27] [409/459] URBL
[00:51:28] [410/459] MKBG
[00:51:29] [411/459] ASTB
[00:51:30] [412/459] VBWT
[00:51:30] [413/459] GPSM
[00:51:32] [414/459] ROON
[00:51:33] [415/459] CHTH
[00:51:34] [416/459] SSPA
[00:51:35] [417/459] ANBL
[00:51:35] [418/459] VTBE
[00:51:36] [419/459] SVKT
[00:51:37] [420/459] SVYK
[00:51:38] [421/459] PTBK
[00:51:39] [422/459] RKTB
[00:51:40] [423/459] BALT
[00:51:41] [424/459] STSV
[00:51:42] [425/459] VCCB
[00:51:43] [426/459] SLTB
[00:51:44] [427/459] SBCR
[00:51:45] [428/459] VDCS
[00:51:46] [429/459] MDKI
[00:51:47] [430/459] SMRN
[00:51:48] [431/459] PTBC
[00:51:49] [432/459] RADI
[00:51:50] [433/459] ADCR
[00:51:51] [434/459] SDCS
[00:51:52] [435/459] SRPJ
[00:51:53] [436/459] ARTS
[00:51:54] [437/459] SRHK
[00:51:55] [438/459] SPAY
[00:51:55] [439/459] GPTB
[00:51:56] [440/459] SNNN
[00:51:57] [441/459] BALJ
[00:51:59] [442/459] TRIG
[00:52:00] [443/459] GTYT
[00:52:01] [444/459] ATGN
[00:52:02] [445/459] ANTE
[00:52:04] [446/459] BDCG
[00:52:05] [447/459] VECI
[00:52:06] [448/459] SCPR
[00:52:07] [449/459] RTEA
[00:52:08] [450/459] JSAI
[00:52:09] [451/459] VJTP
[00:52:10] [452/459] GNDS
[00:52:11] [453/459] PAXA
[00:52:12] [454/459] CGGM
[00:52:12] [455/459] ACKZ
[00:52:14] [456/459] EMCC
[00:52:15] [457/459] KLSK
[00:52:16] [458/459] AVCK
[00:52:16] [459/459] JTCK
[00:52:17] ✅ DONE | Shows=0 | Movies=0
[01:51:19] 🚀 BMS DAILY TRACKER STARTED
[01:51:19] [1/459] NECA
[01:51:19] 🧠 New identity
[01:51:20] [2/459] BJLC
[01:51:21] [3/459] BASU
[01:51:21] [4/459] RUPI
[01:51:22] [5/459] LCBK
[01:51:23] [6/459] PMAC
[01:51:24] [7/459] AMLC
[01:51:25] [8/459] LICL
[01:51:26] [9/459] UDMM
[01:51:27] [10/459] STBZ
[01:51:28] [11/459] UUBT
[01:51:29] [12/459] SJKC
[01:51:29] [13/459] TUAL
[01:51:31] [14/459] MRSE
[01:51:32] [15/459] RMRK
[01:51:33] [16/459] TTKP
[01:51:34] [17/459] KTKO
[01:51:35] [18/459] SDBK
[01:51:35] [19/459] MCPR
[01:51:36] [20/459] CHTI
[01:51:37] [21/459] GCCP
[01:51:38] [22/459] SRMY
[01:51:39] [23/459] NYST
[01:51:40] [24/459] NYAG
[01:51:41] [25/459] SBMT
[01:51:41] [26/459] INGA
[01:51:42] [27/459] WSIC
[01:51:43] [28/459] SCSS
[01:51:44] [29/459] COPG
[01:51:46] [30/459] RCGR
[01:51:47] [31/459] TCZA
[01:51:48] [32/459] CNLP
[01:51:48] [33/459] CLKN
[01:51:49] [34/459] LHDF
[01:51:50] [35/459] ELKC
[01:51:51] [36/459] VCEM
[01:51:52] [37/459] SSZA
[01:51:53] [38/459] KRMT
[01:51:54] [39/459] LCMV
[01:51:55] [40/459] AYCZ
[01:51:56] [41/459] CUMS
[01:51:57] [42/459] BOCK
[01:51:58] [43/459] PNMR
[01:51:59] [44/459] PJCP
[01:52:00] [45/459] JDDD
[01:52:01] [46/459] STMS
[01:52:03] [47/459] FLMB
[01:52:05] [48/459] PKCM
[01:52:05] [49/459] SPPR
[01:52:06] [50/459] EYLH
[01:52:07] [51/459] RJCC
[01:52:08] [52/459] MMPS
[01:52:09] [53/459] SHMX
[01:52:10] [54/459] CCNL
[01:52:11] [55/459] RCNV
[01:52:12] [56/459] MAAG
[01:52:12] [57/459] LXCM
[01:52:13] [58/459] RCNI
[01:52:14] [59/459] SNNI
[01:52:15] [60/459] LALC
[01:52:16] [61/459] SOCN
[01:52:16] [62/459] JHTP
[01:52:17] [63/459] PITP
[01:52:18] [64/459] CCKW
[01:52:19] [65/459] MCMC
[01:52:20] [66/459] DEES
[01:52:21] [67/459] SABT
[01:52:22] [68/459] VSPP
[01:52:23] [69/459] ABCT
[01:52:23] [70/459] JVTB
[01:52:24] [71/459] VCBD
[01:52:25] [72/459] RMGG
[01:52:26] [73/459] RNMH
[01:52:27] [74/459] SPGL
[01:52:28] [75/459] JTTR
[01:52:29] [76/459] SICS
[01:52:30] [77/459] SRMI
[01:52:31] [78/459] SSIJ
[01:52:32] [79/459] KFMT
[01:52:32] [80/459] VBIT
[01:52:33] [81/459] JKCT
[01:52:34] [82/459] GCGP
[01:52:35] [83/459] GDCS
[01:52:36] [84/459] TRBA
[01:52:37] [85/459] QUST
[01:52:38] [86/459] VSHM
[01:52:38] [87/459] SDCP
[01:52:39] [88/459] SNVS
[01:52:40] [89/459] NYTO
[01:52:41] [90/459] URWC
[01:52:42] [91/459] GTWH
[01:52:43] [92/459] PFCM
[01:52:44] [93/459] KRTA
[01:52:45] [94/459] AXMC
[01:52:45] [95/459] EVMC
[01:52:46] [96/459] HGSM
[01:52:47] [97/459] ACVM
[01:52:48] [98/459] PSKL
[01:52:49] [99/459] RDMP
[01:52:50] [100/459] RHGH
[01:52:51] [101/459] OMCM
[01:52:52] [102/459] DCCP
[01:52:53] [103/459] MCPB
[01:52:54] [104/459] ALCI
[01:52:55] [105/459] BLMX
[01:52:57] [106/459] BTMV
[01:52:58] [107/459] FVPN
[01:52:59] [108/459] CMAR
[01:53:00] [109/459] CEIM
[01:53:02] [110/459] CMVA
[01:53:03] [111/459] CPIV
[01:53:04] [112/459] CNPE
[01:53:05] [113/459] COLV
[01:53:06] [114/459] DNNV
[01:53:06] [115/459] HCAD
[01:53:07] [116/459] TAKA
[01:53:08] [117/459] INVD
[01:53:09] [118/459] IRMM
[01:53:10] [119/459] INSE
[01:53:12] [120/459] MRSW
[01:53:12] [121/459] MCVD
[01:53:14] [122/459] MCSO
[01:53:15] [123/459] PEVM
[01:53:16] [124/459] PVNL
[01:53:17] [125/459] PTCV
[01:53:18] [126/459] PRTC
[01:53:19] [127/459] RCVA
[01:53:20] [128/459] MTBN
[01:53:22] [129/459] LUCP
[01:53:23] [130/459] FMPT
[01:53:23] [131/459] JLSL
[01:53:24] [132/459] SBHA
[01:53:25] [133/459] SHRC
[01:53:26] [134/459] AVPS
[01:53:27] [135/459] STPM
[01:53:28] [136/459] ATRD
[01:53:29] [137/459] VTED
[01:53:30] [138/459] ACAI
[01:53:31] [139/459] SMAE
[01:53:32] [140/459] VMAT
[01:53:32] [141/459] LKCT
[01:53:33] [142/459] JTVK
[01:53:34] [143/459] PRTY
[01:53:35] [144/459] GETT
[01:53:36] [145/459] ESAP
[01:53:37] [146/459] NCPM
[01:53:38] [147/459] PCPA
[01:53:39] [148/459] MMOM
[01:53:40] [149/459] PHUP
[01:53:40] [150/459] CCPI
[01:53:41] [151/459] CNTD
[01:53:42] [152/459] NLJR
[01:53:43] [153/459] SRNG
[01:53:43] [154/459] MHAL
[01:53:44] [155/459] PNSM
[01:53:45] [156/459] DRMY
[01:53:46] [157/459] CCMU
[01:53:47] [158/459] SCMY
[01:53:47] [159/459] PVSY
[01:53:48] [160/459] SDLM
[01:53:49] [161/459] ICCM
[01:53:50] [162/459] PYSU
[01:53:50] [163/459] GATM
[01:53:51] [164/459] WOTM
[01:53:52] [165/459] RKTS
[01:53:53] [166/459] PMTY
[01:53:54] [167/459] LYMS
[01:53:55] [168/459] TGCA
[01:53:56] [169/459] DSTA
[01:53:57] [170/459] CNGE
[01:53:58] [171/459] VSTG
[01:54:00] [172/459] GTCK
[01:54:00] [173/459] TGNT
[01:54:01] [174/459] ASLC
[01:54:03] [175/459] SSST
[01:54:04] [176/459] KBTT
[01:54:05] [177/459] HKCP
[01:54:05] [178/459] SWLC
[01:54:06] [179/459] RTND
[01:54:07] [180/459] PKKT
[01:54:09] [181/459] HSTK
[01:54:10] [182/459] SPTT
[01:54:11] [183/459] IMPM
[01:54:12] [184/459] SCMV
[01:54:13] [185/459] SPCT
[01:54:14] [186/459] JBCA
[01:54:15] [187/459] ATTR
[01:54:15] [188/459] SPMT
[01:54:16] [189/459] LCTM
[01:54:17] [190/459] SCVL
[01:54:18] [191/459] SCVT
[01:54:19] [192/459] KRIC
[01:54:19] [193/459] CTMG
[01:54:20] [194/459] ACNC
[01:54:22] [195/459] DMCK
[01:54:22] [196/459] KMTV
[01:54:23] [197/459] PFCJ
[01:54:24] [198/459] VNMD
[01:54:25] [199/459] VPCZ
[01:54:26] [200/459] SRYR
[01:54:27] [201/459] SYTR
[01:54:28] [202/459] GATR
[01:54:29] [203/459] URTR
[01:54:30] [204/459] MKSM
[01:54:31] [205/459] VSMH
[01:54:31] [206/459] SKRJ
[01:54:32] [207/459] SSJR
[01:54:33] [208/459] SVSM
[01:54:34] [209/459] RUCM
[01:54:35] [210/459] PRKN
[01:54:36] [211/459] RROH
[01:54:37] [212/459] SCTN
[01:54:37] [213/459] RTDM
[01:54:38] [214/459] ASRM
[01:54:39] [215/459] SKMD
[01:54:40] [216/459] SUTD
[01:54:41] [217/459] SADM
[01:54:42] [218/459] WCNR
[01:54:42] [219/459] CNED
[01:54:43] [220/459] MPDB
[01:54:44] [221/459] KTBH
[01:54:45] [222/459] IDRM
[01:54:46] [223/459] PJJT
[01:54:47] [224/459] PFCV
[01:54:48] [225/459] AACT
[01:54:49] [226/459] AAAD
[01:54:49] [227/459] ANES
[01:54:51] [228/459] MNCA
[01:54:52] [229/459] RMGU
[01:54:53] [230/459] DLCN
[01:54:53] [231/459] LJWT
[01:54:54] [232/459] MCBG
[01:54:55] [233/459] MYBG
[01:54:56] [234/459] GCCA
[01:54:57] [235/459] GCGA
[01:54:58] [236/459] ECGN
[01:54:59] [237/459] PRAB
[01:55:00] [238/459] PNMP
[01:55:01] [239/459] GCPT
[01:55:01] [240/459] ROYN
[01:55:02] [241/459] VATM
[01:55:03] [242/459] KSNT
[01:55:04] [243/459] ACTC
[01:55:06] [244/459] PLTD
[01:55:07] [245/459] SKMK
[01:55:08] [246/459] CMTT
[01:55:09] [247/459] SMXP
[01:55:10] [248/459] SCMX
[01:55:11] [249/459] ACXN
[01:55:12] [250/459] ASWT
[01:55:13] [251/459] VVVL
[01:55:14] [252/459] NAGO
[01:55:15] [253/459] SNCN
[01:55:16] [254/459] MCKP
[01:55:17] [255/459] SAMO
[01:55:18] [256/459] JBTV
[01:55:19] [257/459] DCVV
[01:55:20] [258/459] KMSV
[01:55:20] [259/459] KDCN
[01:55:21] [260/459] CNCP
[01:55:22] [261/459] HAMC
[01:55:23] [262/459] CCVZ
[01:55:24] [263/459] NCCK
[01:55:25] [264/459] MCHR
[01:55:25] [265/459] SCHT
[01:55:26] [266/459] ESSH
[01:55:27] [267/459] CUJC
[01:55:28] [268/459] PECP
[01:55:29] [269/459] PMMI
[01:55:29] [270/459] PCCH
[01:55:30] [271/459] PRPM
[01:55:31] [272/459] PVKL
[01:55:32] [273/459] CBSM
[01:55:33] [274/459] PVCZ
[01:55:34] [275/459] PCVV
[01:55:35] [276/459] CTMJ
[01:55:37] [277/459] RCPS
[01:55:38] [278/459] PCIT
[01:55:40] [279/459] FNCH
[01:55:41] [280/459] INZD
[01:55:42] [281/459] INPC
[01:55:42] [282/459] LCZP
[01:55:43] [283/459] SMCB
[01:55:44] [284/459] PTSB
[01:55:45] [285/459] TPSI
[01:55:47] [286/459] KHMJ
[01:55:48] [287/459] RCCJ
[01:55:49] [288/459] NCJA
[01:55:49] [289/459] NCJN
[01:55:50] [290/459] BTDP
[01:55:51] [291/459] PADY
[01:55:51] [292/459] NYBH
[01:55:53] [293/459] MTBR
[01:55:54] [294/459] KRBC
[01:55:55] [295/459] DKTI
[01:55:55] [296/459] ANAN
[01:55:56] [297/459] INBP
[01:55:58] [298/459] PATB
[01:55:58] [299/459] RGNT
[01:55:59] [300/459] CGPM
[01:56:00] [301/459] INTN
[01:56:01] [302/459] MCMP
[01:56:02] [303/459] ASRG
[01:56:02] [304/459] CXJD
[01:56:03] [305/459] SPCP
[01:56:04] [306/459] CSTP
[01:56:05] [307/459] PKVC
[01:56:06] [308/459] ESCP
[01:56:07] [309/459] CAEP
[01:56:07] [310/459] CCSP
[01:56:08] [311/459] KTPC
[01:56:09] [312/459] DACA
[01:56:10] [313/459] NVKY
[01:56:11] [314/459] PTIN
[01:56:12] [315/459] SCIN
[01:56:12] [316/459] MCTY
[01:56:13] [317/459] PCMX
[01:56:14] [318/459] INIC
[01:56:15] [319/459] MMZM
[01:56:16] [320/459] SSLP
[01:56:17] [321/459] DTDT
[01:56:17] [322/459] FFCX
[01:56:18] [323/459] RCMM
[01:56:19] [324/459] KYID
[01:56:20] [325/459] CSCI
[01:56:21] [326/459] FCMC
[01:56:21] [327/459] MMXI
[01:56:22] [328/459] ASTC
[01:56:23] [329/459] CMRA
[01:56:24] [330/459] DICI
[01:56:25] [331/459] KDIN
[01:56:26] [332/459] PRFI
[01:56:27] [333/459] SVFC
[01:56:28] [334/459] UCPL
[01:56:28] [335/459] COOC
[01:56:29] [336/459] SCAL
[01:56:31] [337/459] SVFF
[01:56:32] [338/459] VCMG
[01:56:33] [339/459] UUCT
[01:56:33] [340/459] GCSE
[01:56:34] [341/459] SUSC
[01:56:35] [342/459] MISC
[01:56:36] [343/459] RMBL
[01:56:37] [344/459] CMXN
[01:56:38] [345/459] PVBK
[01:56:39] [346/459] HHCG
[01:56:39] [347/459] SCAG
[01:56:40] [348/459] CNPR
[01:56:42] [349/459] CSER
[01:56:43] [350/459] HLWD
[01:56:44] [351/459] BOLY
[01:56:44] [352/459] SSPG
[01:56:45] [353/459] MUPX
[01:56:46] [354/459] HAMR
[01:56:47] [355/459] SDNC
[01:56:48] [356/459] RTEN
[01:56:49] [357/459] SDTD
[01:56:50] [358/459] KAWS
[01:56:50] [359/459] CMZX
[01:56:51] [360/459] DCDD
[01:56:53] [361/459] ALSN
[01:56:54] [362/459] IMXS
[01:56:54] [363/459] PVFF
[01:56:55] [364/459] PVOO
[01:56:56] [365/459] CFBS
[01:56:57] [366/459] PVER
[01:56:58] [367/459] PPNX
[01:56:59] [368/459] CNRM
[01:57:00] [369/459] PVWW
[01:57:01] [370/459] INMB
[01:57:02] [371/459] CPJR
[01:57:03] [372/459] INRZ
[01:57:04] [373/459] PMSR
[01:57:05] [374/459] GPGM
[01:57:06] [375/459] PGWB
[01:57:07] [376/459] PMBR
[01:57:07] [377/459] GPAM
[01:57:08] [378/459] INBC
[01:57:09] [379/459] PZVK
[01:57:10] [380/459] CPEB
[01:57:11] [381/459] FMLB
[01:57:12] [382/459] INBG
[01:57:13] [383/459] GPBR
[01:57:14] [384/459] PAAS
[01:57:15] [385/459] VTBR
[01:57:16] [386/459] GPMY
[01:57:16] [387/459] GYBU
[01:57:17] [388/459] INBJ
[01:57:18] [389/459] LKTH
[01:57:19] [390/459] NSBR
[01:57:19] [391/459] PDRD
[01:57:20] [392/459] VRBL
[01:57:21] [393/459] VTGB
[01:57:22] [394/459] VTSK
[01:57:23] [395/459] BKDV
[01:57:24] [396/459] SVTB
[01:57:25] [397/459] MLDT
[01:57:25] [398/459] NRBL
[01:57:27] [399/459] SLTR
[01:57:29] [400/459] VNKA
[01:57:30] [401/459] TDCA
[01:57:30] [402/459] INBM
[01:57:31] [403/459] SSNR
[01:57:32] [404/459] BHAC
[01:57:33] [405/459] SDSD
[01:57:34] [406/459] SAMP
[01:57:35] [407/459] RATK
[01:57:35] [408/459] KCBI
[01:57:36] [409/459] URBL
[01:57:37] [410/459] MKBG
[01:57:38] [411/459] ASTB
[01:57:39] [412/459] VBWT
[01:57:39] [413/459] GPSM
[01:57:40] [414/459] ROON
[01:57:41] [415/459] CHTH
[01:57:42] [416/459] SSPA
[01:57:43] [417/459] ANBL
[01:57:44] [418/459] VTBE
[01:57:44] [419/459] SVKT
[01:57:45] [420/459] SVYK
[01:57:46] [421/459] PTBK
[01:57:47] [422/459] RKTB
[01:57:48] [423/459] BALT
[01:57:49] [424/459] STSV
[01:57:50] [425/459] VCCB
[01:57:50] [426/459] SLTB
[01:57:51] [427/459] SBCR
[01:57:52] [428/459] VDCS
[01:57:53] [429/459] MDKI
[01:57:54] [430/459] SMRN
[01:57:54] [431/459] PTBC
[01:57:55] [432/459] RADI
[01:57:56] [433/459] ADCR
[01:57:57] [434/459] SDCS
[01:57:57] [435/459] SRPJ
[01:57:58] [436/459] ARTS
[01:58:00] [437/459] SRHK
[01:58:01] [438/459] SPAY
[01:58:02] [439/459] GPTB
[01:58:03] [440/459] SNNN
[01:58:04] [441/459] BALJ
[01:58:04] [442/459] TRIG
[01:58:05] [443/459] GTYT
[01:58:06] [444/459] ATGN
[01:58:07] [445/459] ANTE
[01:58:08] [446/459] BDCG
[01:58:09] [447/459] VECI
[01:58:10] [448/459] SCPR
[01:58:12] [449/459] RTEA
[01:58:13] [450/459] JSAI
[01:58:14] [451/459] VJTP
[01:58:15] [452/459] GNDS
[01:58:16] [453/459] PAXA
[01:58:17] [454/459] CGGM
[01:58:18] [455/459] ACKZ
[01:58:19] [456/459] EMCC
[01:58:20] [457/459] KLSK
[01:58:21] [458/459] AVCK
[01:58:23] [459/459] JTCK
[01:58:24] ✅ DONE | Shows=0 | Movies=0
[02:50:37] 🚀 BMS DAILY TRACKER STARTED
[02:50:37] [1/459] NECA
[02:50:37] 🧠 New identity
[02:50:38] [2/459] BJLC
[02:50:39] [3/459] BASU
[02:50:40] [4/459] RUPI
[02:50:41] [5/459] LCBK
[02:50:43] [6/459] PMAC
[02:50:43] [7/459] AMLC
[02:50:44] [8/459] LICL
[02:50:45] [9/459] UDMM
[02:50:46] [10/459] STBZ
[02:50:47] [11/459] UUBT
[02:50:48] [12/459] SJKC
[02:50:49] [13/459] TUAL
[02:50:49] [14/459] MRSE
[02:50:50] [15/459] RMRK
[02:50:51] [16/459] TTKP
[02:50:52] [17/459] KTKO
[02:50:53] [18/459] SDBK
[02:50:54] [19/459] MCPR
[02:50:55] [20/459] CHTI
[02:50:55] [21/459] GCCP
[02:50:56] [22/459] SRMY
[02:50:57] [23/459] NYST
[02:50:58] [24/459] NYAG
[02:50:59] [25/459] SBMT
[02:51:01] [26/459] INGA
[02:51:02] [27/459] WSIC
[02:51:02] [28/459] SCSS
[02:51:03] [29/459] COPG
[02:51:04] [30/459] RCGR
[02:51:05] [31/459] TCZA
[02:51:06] [32/459] CNLP
[02:51:07] [33/459] CLKN
[02:51:08] [34/459] LHDF
[02:51:09] [35/459] ELKC
[02:51:09] [36/459] VCEM
[02:51:11] [37/459] SSZA
[02:51:11] [38/459] KRMT
[02:51:12] [39/459] LCMV
[02:51:13] [40/459] AYCZ
[02:51:15] [41/459] CUMS
[02:51:15] [42/459] BOCK
[02:51:16] [43/459] PNMR
[02:51:17] [44/459] PJCP
[02:51:18] [45/459] JDDD
[02:51:19] [46/459] STMS
[02:51:21] [47/459] FLMB
[02:51:22] [48/459] PKCM
[02:51:23] [49/459] SPPR
[02:51:24] [50/459] EYLH
[02:51:26] [51/459] RJCC
[02:51:28] [52/459] MMPS
[02:51:28] [53/459] SHMX
[02:51:29] [54/459] CCNL
[02:51:30] [55/459] RCNV
[02:51:31] [56/459] MAAG
[02:51:32] [57/459] LXCM
[02:51:33] [58/459] RCNI
[02:51:33] [59/459] SNNI
[02:51:34] [60/459] LALC
[02:51:36] [61/459] SOCN
[02:51:38] [62/459] JHTP
[02:51:39] [63/459] PITP
[02:51:39] [64/459] CCKW
[02:51:40] [65/459] MCMC
[02:51:41] [66/459] DEES
[02:51:43] [67/459] SABT
[02:51:44] [68/459] VSPP
[02:51:45] [69/459] ABCT
[02:51:46] [70/459] JVTB
[02:51:46] [71/459] VCBD
[02:51:47] [72/459] RMGG
[02:51:48] [73/459] RNMH
[02:51:49] [74/459] SPGL
[02:51:50] [75/459] JTTR
[02:51:51] [76/459] SICS
[02:51:51] [77/459] SRMI
[02:51:53] [78/459] SSIJ
[02:51:53] [79/459] KFMT
[02:51:54] [80/459] VBIT
[02:51:55] [81/459] JKCT
[02:51:56] [82/459] GCGP
[02:51:58] [83/459] GDCS
[02:51:59] [84/459] TRBA
[02:52:00] [85/459] QUST
[02:52:01] [86/459] VSHM
[02:52:02] [87/459] SDCP
[02:52:03] [88/459] SNVS
[02:52:04] [89/459] NYTO
[02:52:05] [90/459] URWC
[02:52:06] [91/459] GTWH
[02:52:07] [92/459] PFCM
[02:52:08] [93/459] KRTA
[02:52:09] [94/459] AXMC
[02:52:10] [95/459] EVMC
[02:52:10] [96/459] HGSM
[02:52:11] [97/459] ACVM
[02:52:12] [98/459] PSKL
[02:52:13] [99/459] RDMP
[02:52:14] [100/459] RHGH
[02:52:15] [101/459] OMCM
[02:52:15] [102/459] DCCP
[02:52:16] [103/459] MCPB
[02:52:17] [104/459] ALCI
[02:52:18] [105/459] BLMX
[02:52:19] [106/459] BTMV
[02:52:19] [107/459] FVPN
[02:52:20] [108/459] CMAR
[02:52:21] [109/459] CEIM
[02:52:22] [110/459] CMVA
[02:52:23] [111/459] CPIV
[02:52:24] [112/459] CNPE
[02:52:25] [113/459] COLV
[02:52:26] [114/459] DNNV
[02:52:27] [115/459] HCAD
[02:52:28] [116/459] TAKA
[02:52:29] [117/459] INVD
[02:52:30] [118/459] IRMM
[02:52:31] [119/459] INSE
[02:52:31] [120/459] MRSW
[02:52:32] [121/459] MCVD
[02:52:33] [122/459] MCSO
[02:52:34] [123/459] PEVM
[02:52:35] [124/459] PVNL
[02:52:36] [125/459] PTCV
[02:52:37] [126/459] PRTC
[02:52:38] [127/459] RCVA
[02:52:38] [128/459] MTBN
[02:52:39] [129/459] LUCP
[02:52:40] [130/459] FMPT
[02:52:41] [131/459] JLSL
[02:52:42] [132/459] SBHA
[02:52:43] [133/459] SHRC
[02:52:44] [134/459] AVPS
[02:52:45] [135/459] STPM
[02:52:46] [136/459] ATRD
[02:52:47] [137/459] VTED
[02:52:47] [138/459] ACAI
[02:52:48] [139/459] SMAE
[02:52:49] [140/459] VMAT
[02:52:50] [141/459] LKCT
[02:52:51] [142/459] JTVK
[02:52:51] [143/459] PRTY
[02:52:52] [144/459] GETT
[02:52:53] [145/459] ESAP
[02:52:54] [146/459] NCPM
[02:52:55] [147/459] PCPA
[02:52:55] [148/459] MMOM
[02:52:56] [149/459] PHUP
[02:52:57] [150/459] CCPI
[02:52:58] [151/459] CNTD
[02:52:59] [152/459] NLJR
[02:53:00] [153/459] SRNG
[02:53:01] [154/459] MHAL
[02:53:03] [155/459] PNSM
[02:53:04] [156/459] DRMY
[02:53:05] [157/459] CCMU
[02:53:06] [158/459] SCMY
[02:53:07] [159/459] PVSY
[02:53:09] [160/459] SDLM
[02:53:10] [161/459] ICCM
[02:53:10] [162/459] PYSU
[02:53:11] [163/459] GATM
[02:53:12] [164/459] WOTM
[02:53:13] [165/459] RKTS
[02:53:14] [166/459] PMTY
[02:53:15] [167/459] LYMS
[02:53:16] [168/459] TGCA
[02:53:16] [169/459] DSTA
[02:53:17] [170/459] CNGE
[02:53:18] [171/459] VSTG
[02:53:19] [172/459] GTCK
[02:53:20] [173/459] TGNT
[02:53:20] [174/459] ASLC
[02:53:21] [175/459] SSST
[02:53:22] [176/459] KBTT
[02:53:24] [177/459] HKCP
[02:53:25] [178/459] SWLC
[02:53:26] [179/459] RTND
[02:53:26] [180/459] PKKT
[02:53:27] [181/459] HSTK
[02:53:28] [182/459] SPTT
[02:53:29] [183/459] IMPM
[02:53:30] [184/459] SCMV
[02:53:31] [185/459] SPCT
[02:53:32] [186/459] JBCA
[02:53:33] [187/459] ATTR
[02:53:34] [188/459] SPMT
[02:53:34] [189/459] LCTM
[02:53:35] [190/459] SCVL
[02:53:36] [191/459] SCVT
[02:53:37] [192/459] KRIC
[02:53:38] [193/459] CTMG
[02:53:38] [194/459] ACNC
[02:53:39] [195/459] DMCK
[02:53:40] [196/459] KMTV
[02:53:41] [197/459] PFCJ
[02:53:42] [198/459] VNMD
[02:53:42] [199/459] VPCZ
[02:53:43] [200/459] SRYR
[02:53:44] [201/459] SYTR
[02:53:45] [202/459] GATR
[02:53:46] [203/459] URTR
[02:53:47] [204/459] MKSM
[02:53:48] [205/459] VSMH
[02:53:50] [206/459] SKRJ
[02:53:51] [207/459] SSJR
[02:53:52] [208/459] SVSM
[02:53:53] [209/459] RUCM
[02:53:54] [210/459] PRKN
[02:53:55] [211/459] RROH
[02:53:56] [212/459] SCTN
[02:53:56] [213/459] RTDM
[02:53:57] [214/459] ASRM
[02:53:58] [215/459] SKMD
[02:53:59] [216/459] SUTD
[02:54:00] [217/459] SADM
[02:54:00] [218/459] WCNR
[02:54:01] [219/459] CNED
[02:54:02] [220/459] MPDB
[02:54:03] [221/459] KTBH
[02:54:04] [222/459] IDRM
[02:54:05] [223/459] PJJT
[02:54:06] [224/459] PFCV
[02:54:07] [225/459] AACT
[02:54:07] [226/459] AAAD
[02:54:08] [227/459] ANES
[02:54:09] [228/459] MNCA
[02:54:10] [229/459] RMGU
[02:54:11] [230/459] DLCN
[02:54:11] [231/459] LJWT
[02:54:12] [232/459] MCBG
[02:54:13] [233/459] MYBG
[02:54:14] [234/459] GCCA
[02:54:15] [235/459] GCGA
[02:54:16] [236/459] ECGN
[02:54:16] [237/459] PRAB
[02:54:17] [238/459] PNMP
[02:54:18] [239/459] GCPT
[02:54:19] [240/459] ROYN
[02:54:20] [241/459] VATM
[02:54:21] [242/459] KSNT
[02:54:22] [243/459] ACTC
[02:54:23] [244/459] PLTD
[02:54:23] [245/459] SKMK
[02:54:24] [246/459] CMTT
[02:54:25] [247/459] SMXP
[02:54:26] [248/459] SCMX
[02:54:27] [249/459] ACXN
[02:54:28] [250/459] ASWT
[02:54:29] [251/459] VVVL
[02:54:29] [252/459] NAGO
[02:54:30] [253/459] SNCN
[02:54:31] [254/459] MCKP
[02:54:32] [255/459] SAMO
[02:54:33] [256/459] JBTV
[02:54:34] [257/459] DCVV
[02:54:35] [258/459] KMSV
[02:54:35] [259/459] KDCN
[02:54:36] [260/459] CNCP
[02:54:38] [261/459] HAMC
[02:54:38] [262/459] CCVZ
[02:54:39] [263/459] NCCK
[02:54:40] [264/459] MCHR
[02:54:41] [265/459] SCHT
[02:54:42] [266/459] ESSH
[02:54:42] [267/459] CUJC
[02:54:43] [268/459] PECP
[02:54:44] [269/459] PMMI
[02:54:45] [270/459] PCCH
[02:54:46] [271/459] PRPM
[02:54:47] [272/459] PVKL
[02:54:48] [273/459] CBSM
[02:54:48] [274/459] PVCZ
[02:54:49] [275/459] PCVV
[02:54:50] [276/459] CTMJ
[02:54:51] [277/459] RCPS
[02:54:52] [278/459] PCIT
[02:54:52] [279/459] FNCH
[02:54:53] [280/459] INZD
[02:54:54] [281/459] INPC
[02:54:55] [282/459] LCZP
[02:54:56] [283/459] SMCB
[02:54:57] [284/459] PTSB
[02:54:57] [285/459] TPSI
[02:54:59] [286/459] KHMJ
[02:55:00] [287/459] RCCJ
[02:55:02] [288/459] NCJA
[02:55:03] [289/459] NCJN
[02:55:04] [290/459] BTDP
[02:55:05] [291/459] PADY
[02:55:07] [292/459] NYBH
[02:55:07] [293/459] MTBR
[02:55:08] [294/459] KRBC
[02:55:09] [295/459] DKTI
[02:55:10] [296/459] ANAN
[02:55:11] [297/459] INBP
[02:55:12] [298/459] PATB
[02:55:13] [299/459] RGNT
[02:55:14] [300/459] CGPM
[02:55:14] [301/459] INTN
[02:55:15] [302/459] MCMP
[02:55:16] [303/459] ASRG
[02:55:18] [304/459] CXJD
[02:55:18] [305/459] SPCP
[02:55:19] [306/459] CSTP
[02:55:20] [307/459] PKVC
[02:55:21] [308/459] ESCP
[02:55:22] [309/459] CAEP
[02:55:23] [310/459] CCSP
[02:55:24] [311/459] KTPC
[02:55:25] [312/459] DACA
[02:55:25] [313/459] NVKY
[02:55:26] [314/459] PTIN
[02:55:27] [315/459] SCIN
[02:55:28] [316/459] MCTY
[02:55:30] [317/459] PCMX
[02:55:30] [318/459] INIC
[02:55:31] [319/459] MMZM
[02:55:32] [320/459] SSLP
[02:55:33] [321/459] DTDT
[02:55:34] [322/459] FFCX
[02:55:35] [323/459] RCMM
[02:55:36] [324/459] KYID
[02:55:37] [325/459] CSCI
[02:55:38] [326/459] FCMC
[02:55:38] [327/459] MMXI
[02:55:39] [328/459] ASTC
[02:55:40] [329/459] CMRA
[02:55:41] [330/459] DICI
[02:55:42] [331/459] KDIN
[02:55:43] [332/459] PRFI
[02:55:44] [333/459] SVFC
[02:55:45] [334/459] UCPL
[02:55:46] [335/459] COOC
[02:55:46] [336/459] SCAL
[02:55:47] [337/459] SVFF
[02:55:48] [338/459] VCMG
[02:55:49] [339/459] UUCT
[02:55:50] [340/459] GCSE
[02:55:51] [341/459] SUSC
[02:55:52] [342/459] MISC
[02:55:53] [343/459] RMBL
[02:55:54] [344/459] CMXN
[02:55:55] [345/459] PVBK
[02:55:55] [346/459] HHCG
[02:55:56] [347/459] SCAG
[02:55:57] [348/459] CNPR
[02:55:58] [349/459] CSER
[02:55:59] [350/459] HLWD
[02:55:59] [351/459] BOLY
[02:56:00] [352/459] SSPG
[02:56:01] [353/459] MUPX
[02:56:02] [354/459] HAMR
[02:56:03] [355/459] SDNC
[02:56:04] [356/459] RTEN
[02:56:04] [357/459] SDTD
[02:56:05] [358/459] KAWS
[02:56:06] [359/459] CMZX
[02:56:07] [360/459] DCDD
[02:56:08] [361/459] ALSN
[02:56:08] [362/459] IMXS
[02:56:09] [363/459] PVFF
[02:56:10] [364/459] PVOO
[02:56:11] [365/459] CFBS
[02:56:12] [366/459] PVER
[02:56:13] [367/459] PPNX
[02:56:14] [368/459] CNRM
[02:56:15] [369/459] PVWW
[02:56:16] [370/459] INMB
[02:56:16] [371/459] CPJR
[02:56:17] [372/459] INRZ
[02:56:18] [373/459] PMSR
[02:56:19] [374/459] GPGM
[02:56:20] [375/459] PGWB
[02:56:21] [376/459] PMBR
[02:56:21] [377/459] GPAM
[02:56:22] [378/459] INBC
[02:56:23] [379/459] PZVK
[02:56:24] [380/459] CPEB
[02:56:25] [381/459] FMLB
[02:56:26] [382/459] INBG
[02:56:26] [383/459] GPBR
[02:56:27] [384/459] PAAS
[02:56:28] [385/459] VTBR
[02:56:29] [386/459] GPMY
[02:56:30] [387/459] GYBU
[02:56:31] [388/459] INBJ
[02:56:32] [389/459] LKTH
[02:56:33] [390/459] NSBR
[02:56:33] [391/459] PDRD
[02:56:34] [392/459] VRBL
[02:56:35] [393/459] VTGB
[02:56:35] [394/459] VTSK
[02:56:36] [395/459] BKDV
[02:56:37] [396/459] SVTB
[02:56:39] [397/459] MLDT
[02:56:39] [398/459] NRBL
[02:56:40] [399/459] SLTR
[02:56:41] [400/459] VNKA
[02:56:42] [401/459] TDCA
[02:56:44] [402/459] INBM
[02:56:45] [403/459] SSNR
[02:56:46] [404/459] BHAC
[02:56:47] [405/459] SDSD
[02:56:48] [406/459] SAMP
[02:56:49] [407/459] RATK
[02:56:50] [408/459] KCBI
[02:56:51] [409/459] URBL
[02:56:51] [410/459] MKBG
[02:56:52] [411/459] ASTB
[02:56:54] [412/459] VBWT
[02:56:55] [413/459] GPSM
[02:56:56] [414/459] ROON
[02:56:57] [415/459] CHTH
[02:56:58] [416/459] SSPA
[02:56:59] [417/459] ANBL
[02:57:00] [418/459] VTBE
[02:57:01] [419/459] SVKT
[02:57:02] [420/459] SVYK
[02:57:03] [421/459] PTBK
[02:57:04] [422/459] RKTB
[02:57:04] [423/459] BALT
[02:57:05] [424/459] STSV
[02:57:06] [425/459] VCCB
[02:57:07] [426/459] SLTB
[02:57:07] [427/459] SBCR
[02:57:09] [428/459] VDCS
[02:57:10] [429/459] MDKI
[02:57:12] [430/459] SMRN
[02:57:12] [431/459] PTBC
[02:57:13] [432/459] RADI
[02:57:14] [433/459] ADCR
[02:57:15] [434/459] SDCS
[02:57:16] [435/459] SRPJ
[02:57:17] [436/459] ARTS
[02:57:18] [437/459] SRHK
[02:57:19] [438/459] SPAY
[02:57:20] [439/459] GPTB
[02:57:22] [440/459] SNNN
[02:57:22] [441/459] BALJ
[02:57:23] [442/459] TRIG
[02:57:24] [443/459] GTYT
[02:57:25] [444/459] ATGN
[02:57:26] [445/459] ANTE
[02:57:27] [446/459] BDCG
[02:57:28] [447/459] VECI
[02:57:29] [448/459] SCPR
[02:57:29] [449/459] RTEA
[02:57:30] [450/459] JSAI
[02:57:31] [451/459] VJTP
[02:57:32] [452/459] GNDS
[02:57:33] [453/459] PAXA
[02:57:34] [454/459] CGGM
[02:57:35] [455/459] ACKZ
[02:57:36] [456/459] EMCC
[02:57:37] [457/459] KLSK
[02:57:37] [458/459] AVCK
[02:57:38] [459/459] JTCK
[02:57:39] ✅ DONE | Shows=0 | Movies=0
[03:49:38] 🚀 BMS DAILY TRACKER STARTED
[03:49:38] [1/459] NECA
[03:49:38] 🧠 New identity
[03:49:38] [2/459] BJLC
[03:49:39] [3/459] BASU
[03:49:40] [4/459] RUPI
[03:49:40] [5/459] LCBK
[03:49:41] [6/459] PMAC
[03:49:41] [7/459] AMLC
[03:49:42] [8/459] LICL
[03:49:42] [9/459] UDMM
[03:49:43] [10/459] STBZ
[03:49:44] [11/459] UUBT
[03:49:44] [12/459] SJKC
[03:49:45] [13/459] TUAL
[03:49:45] [14/459] MRSE
[03:49:46] [15/459] RMRK
[03:49:46] [16/459] TTKP
[03:49:47] [17/459] KTKO
[03:49:47] [18/459] SDBK
[03:49:48] [19/459] MCPR
[03:49:48] [20/459] CHTI
[03:49:49] [21/459] GCCP
[03:49:50] [22/459] SRMY
[03:49:50] [23/459] NYST
[03:49:50] [24/459] NYAG
[03:49:51] [25/459] SBMT
[03:49:52] [26/459] INGA
[03:49:52] [27/459] WSIC
[03:49:53] [28/459] SCSS
[03:49:54] [29/459] COPG
[03:49:54] [30/459] RCGR
[03:49:55] [31/459] TCZA
[03:49:56] [32/459] CNLP
[03:49:56] [33/459] CLKN
[03:49:57] [34/459] LHDF
[03:49:57] [35/459] ELKC
[03:49:58] [36/459] VCEM
[03:49:59] [37/459] SSZA
[03:49:59] [38/459] KRMT
[03:50:00] [39/459] LCMV
[03:50:01] [40/459] AYCZ
[03:50:01] [41/459] CUMS
[03:50:02] [42/459] BOCK
[03:50:02] [43/459] PNMR
[03:50:03] [44/459] PJCP
[03:50:03] [45/459] JDDD
[03:50:04] [46/459] STMS
[03:50:04] [47/459] FLMB
[03:50:05] [48/459] PKCM
[03:50:05] [49/459] SPPR
[03:50:06] [50/459] EYLH
[03:50:07] [51/459] RJCC
[03:50:07] [52/459] MMPS
[03:50:08] [53/459] SHMX
[03:50:08] [54/459] CCNL
[03:50:09] [55/459] RCNV
[03:50:09] [56/459] MAAG
[03:50:10] [57/459] LXCM
[03:50:10] [58/459] RCNI
[03:50:11] [59/459] SNNI
[03:50:11] [60/459] LALC
[03:50:11] [61/459] SOCN
[03:50:12] [62/459] JHTP
[03:50:13] [63/459] PITP
[03:50:13] [64/459] CCKW
[03:50:14] [65/459] MCMC
[03:50:15] [66/459] DEES
[03:50:15] [67/459] SABT
[03:50:16] [68/459] VSPP
[03:50:16] [69/459] ABCT
[03:50:17] [70/459] JVTB
[03:50:18] [71/459] VCBD
[03:50:18] [72/459] RMGG
[03:50:19] [73/459] RNMH
[03:50:19] [74/459] SPGL
[03:50:20] [75/459] JTTR
[03:50:20] [76/459] SICS
[03:50:21] [77/459] SRMI
[03:50:22] [78/459] SSIJ
[03:50:22] [79/459] KFMT
[03:50:23] [80/459] VBIT
[03:50:23] [81/459] JKCT
[03:50:24] [82/459] GCGP
[03:50:24] [83/459] GDCS
[03:50:25] [84/459] TRBA
[03:50:26] [85/459] QUST
[03:50:26] [86/459] VSHM
[03:50:27] [87/459] SDCP
[03:50:28] [88/459] SNVS
[03:50:28] [89/459] NYTO
[03:50:29] [90/459] URWC
[03:50:29] [91/459] GTWH
[03:50:30] [92/459] PFCM
[03:50:30] [93/459] KRTA
[03:50:31] [94/459] AXMC
[03:50:32] [95/459] EVMC
[03:50:32] [96/459] HGSM
[03:50:33] [97/459] ACVM
[03:50:33] [98/459] PSKL
[03:50:34] [99/459] RDMP
[03:50:34] [100/459] RHGH
[03:50:35] [101/459] OMCM
[03:50:36] [102/459] DCCP
[03:50:36] [103/459] MCPB
[03:50:37] [104/459] ALCI
[03:50:37] [105/459] BLMX
[03:50:38] [106/459] BTMV
[03:50:38] [107/459] FVPN
[03:50:39] [108/459] CMAR
[03:50:39] [109/459] CEIM
[03:50:40] [110/459] CMVA
[03:50:40] [111/459] CPIV
[03:50:41] [112/459] CNPE
[03:50:41] [113/459] COLV
[03:50:42] [114/459] DNNV
[03:50:42] [115/459] HCAD
[03:50:43] [116/459] TAKA
[03:50:44] [117/459] INVD
[03:50:44] [118/459] IRMM
[03:50:45] [119/459] INSE
[03:50:45] [120/459] MRSW
[03:50:46] [121/459] MCVD
[03:50:46] [122/459] MCSO
[03:50:47] [123/459] PEVM
[03:50:48] [124/459] PVNL
[03:50:48] [125/459] PTCV
[03:50:49] [126/459] PRTC
[03:50:50] [127/459] RCVA
[03:50:50] [128/459] MTBN
[03:50:51] [129/459] LUCP
[03:50:51] [130/459] FMPT
[03:50:52] [131/459] JLSL
[03:50:53] [132/459] SBHA
[03:50:53] [133/459] SHRC
[03:50:54] [134/459] AVPS
[03:50:54] [135/459] STPM
[03:50:55] [136/459] ATRD
[03:50:55] [137/459] VTED
[03:50:56] [138/459] ACAI
[03:50:56] [139/459] SMAE
[03:50:57] [140/459] VMAT
[03:50:57] [141/459] LKCT
[03:50:58] [142/459] JTVK
[03:50:58] [143/459] PRTY
[03:50:59] [144/459] GETT
[03:50:59] [145/459] ESAP
[03:51:00] [146/459] NCPM
[03:51:01] [147/459] PCPA
[03:51:01] [148/459] MMOM
[03:51:02] [149/459] PHUP
[03:51:02] [150/459] CCPI
[03:51:03] [151/459] CNTD
[03:51:03] [152/459] NLJR
[03:51:04] [153/459] SRNG
[03:51:04] [154/459] MHAL
[03:51:05] [155/459] PNSM
[03:51:06] [156/459] DRMY
[03:51:06] [157/459] CCMU
[03:51:07] [158/459] SCMY
[03:51:07] [159/459] PVSY
[03:51:08] [160/459] SDLM
[03:51:08] [161/459] ICCM
[03:51:09] [162/459] PYSU
[03:51:09] [163/459] GATM
[03:51:10] [164/459] WOTM
[03:51:11] [165/459] RKTS
[03:51:11] [166/459] PMTY
[03:51:12] [167/459] LYMS
[03:51:12] [168/459] TGCA
[03:51:13] [169/459] DSTA
[03:51:14] [170/459] CNGE
[03:51:14] [171/459] VSTG
[03:51:15] [172/459] GTCK
[03:51:15] [173/459] TGNT
[03:51:16] [174/459] ASLC
[03:51:17] [175/459] SSST
[03:51:17] [176/459] KBTT
[03:51:18] [177/459] HKCP
[03:51:18] [178/459] SWLC
[03:51:19] [179/459] RTND
[03:51:19] [180/459] PKKT
[03:51:20] [181/459] HSTK
[03:51:21] [182/459] SPTT
[03:51:21] [183/459] IMPM
[03:51:22] [184/459] SCMV
[03:51:22] [185/459] SPCT
[03:51:23] [186/459] JBCA
[03:51:23] [187/459] ATTR
[03:51:24] [188/459] SPMT
[03:51:25] [189/459] LCTM
[03:51:25] [190/459] SCVL
[03:51:26] [191/459] SCVT
[03:51:26] [192/459] KRIC
[03:51:27] [193/459] CTMG
[03:51:27] [194/459] ACNC
[03:51:28] [195/459] DMCK
[03:51:29] [196/459] KMTV
[03:51:29] [197/459] PFCJ
[03:51:30] [198/459] VNMD
[03:51:31] [199/459] VPCZ
[03:51:31] [200/459] SRYR
[03:51:32] [201/459] SYTR
[03:51:32] [202/459] GATR
[03:51:33] [203/459] URTR
[03:51:33] [204/459] MKSM
[03:51:34] [205/459] VSMH
[03:51:35] [206/459] SKRJ
[03:51:35] [207/459] SSJR
[03:51:36] [208/459] SVSM
[03:51:36] [209/459] RUCM
[03:51:37] [210/459] PRKN
[03:51:38] [211/459] RROH
[03:51:38] [212/459] SCTN
[03:51:39] [213/459] RTDM
[03:51:40] [214/459] ASRM
[03:51:40] [215/459] SKMD
[03:51:41] [216/459] SUTD
[03:51:41] [217/459] SADM
[03:51:42] [218/459] WCNR
[03:51:42] [219/459] CNED
[03:51:43] [220/459] MPDB
[03:51:43] [221/459] KTBH
[03:51:44] [222/459] IDRM
[03:51:44] [223/459] PJJT
[03:51:45] [224/459] PFCV
[03:51:46] [225/459] AACT
[03:51:46] [226/459] AAAD
[03:51:47] [227/459] ANES
[03:51:47] [228/459] MNCA
[03:51:48] [229/459] RMGU
[03:51:48] [230/459] DLCN
[03:51:49] [231/459] LJWT
[03:51:50] [232/459] MCBG
[03:51:50] [233/459] MYBG
[03:51:51] [234/459] GCCA
[03:51:51] [235/459] GCGA
[03:51:52] [236/459] ECGN
[03:51:52] [237/459] PRAB
[03:51:53] [238/459] PNMP
[03:51:53] [239/459] GCPT
[03:51:54] [240/459] ROYN
[03:51:54] [241/459] VATM
[03:51:55] [242/459] KSNT
[03:51:55] [243/459] ACTC
[03:51:56] [244/459] PLTD
[03:51:56] [245/459] SKMK
[03:51:57] [246/459] CMTT
[03:51:57] [247/459] SMXP
[03:51:58] [248/459] SCMX
[03:51:58] [249/459] ACXN
[03:51:59] [250/459] ASWT
[03:52:00] [251/459] VVVL
[03:52:00] [252/459] NAGO
[03:52:01] [253/459] SNCN
[03:52:01] [254/459] MCKP
[03:52:02] [255/459] SAMO
[03:52:03] [256/459] JBTV
[03:52:03] [257/459] DCVV
[03:52:04] [258/459] KMSV
[03:52:04] [259/459] KDCN
[03:52:05] [260/459] CNCP
[03:52:05] [261/459] HAMC
[03:52:06] [262/459] CCVZ
[03:52:06] [263/459] NCCK
[03:52:07] [264/459] MCHR
[03:52:07] [265/459] SCHT
[03:52:08] [266/459] ESSH
[03:52:08] [267/459] CUJC
[03:52:09] [268/459] PECP
[03:52:09] [269/459] PMMI
[03:52:10] [270/459] PCCH
[03:52:11] [271/459] PRPM
[03:52:11] [272/459] PVKL
[03:52:12] [273/459] CBSM
[03:52:12] [274/459] PVCZ
[03:52:13] [275/459] PCVV
[03:52:13] [276/459] CTMJ
[03:52:14] [277/459] RCPS
[03:52:14] [278/459] PCIT
[03:52:15] [279/459] FNCH
[03:52:16] [280/459] INZD
[03:52:17] [281/459] INPC
[03:52:17] [282/459] LCZP
[03:52:17] [283/459] SMCB
[03:52:18] [284/459] PTSB
[03:52:18] [285/459] TPSI
[03:52:19] [286/459] KHMJ
[03:52:20] [287/459] RCCJ
[03:52:20] [288/459] NCJA
[03:52:21] [289/459] NCJN
[03:52:22] [290/459] BTDP
[03:52:22] [291/459] PADY
[03:52:23] [292/459] NYBH
[03:52:23] [293/459] MTBR
[03:52:24] [294/459] KRBC
[03:52:24] [295/459] DKTI
[03:52:25] [296/459] ANAN
[03:52:25] [297/459] INBP
[03:52:26] [298/459] PATB
[03:52:27] [299/459] RGNT
[03:52:27] [300/459] CGPM
[03:52:28] [301/459] INTN
[03:52:28] [302/459] MCMP
[03:52:29] [303/459] ASRG
[03:52:29] [304/459] CXJD
[03:52:30] [305/459] SPCP
[03:52:31] [306/459] CSTP
[03:52:31] [307/459] PKVC
[03:52:32] [308/459] ESCP
[03:52:32] [309/459] CAEP
[03:52:33] [310/459] CCSP
[03:52:34] [311/459] KTPC
[03:52:34] [312/459] DACA
[03:52:35] [313/459] NVKY
[03:52:35] [314/459] PTIN
[03:52:35] [315/459] SCIN
[03:52:36] [316/459] MCTY
[03:52:37] [317/459] PCMX
[03:52:37] [318/459] INIC
[03:52:38] [319/459] MMZM
[03:52:38] [320/459] SSLP
[03:52:39] [321/459] DTDT
[03:52:39] [322/459] FFCX
[03:52:40] [323/459] RCMM
[03:52:40] [324/459] KYID
[03:52:41] [325/459] CSCI
[03:52:41] [326/459] FCMC
[03:52:42] [327/459] MMXI
[03:52:43] [328/459] ASTC
[03:52:43] [329/459] CMRA
[03:52:44] [330/459] DICI
[03:52:45] [331/459] KDIN
[03:52:45] [332/459] PRFI
[03:52:46] [333/459] SVFC
[03:52:46] [334/459] UCPL
[03:52:47] [335/459] COOC
[03:52:47] [336/459] SCAL
[03:52:48] [337/459] SVFF
[03:52:48] [338/459] VCMG
[03:52:48] [339/459] UUCT
[03:52:49] [340/459] GCSE
[03:52:50] [341/459] SUSC
[03:52:50] [342/459] MISC
[03:52:51] [343/459] RMBL
[03:52:51] [344/459] CMXN
[03:52:52] [345/459] PVBK
[03:52:53] [346/459] HHCG
[03:52:53] [347/459] SCAG
[03:52:54] [348/459] CNPR
[03:52:54] [349/459] CSER
[03:52:55] [350/459] HLWD
[03:52:56] [351/459] BOLY
[03:52:56] [352/459] SSPG
[03:52:56] [353/459] MUPX
[03:52:57] [354/459] HAMR
[03:52:58] [355/459] SDNC
[03:52:58] [356/459] RTEN
[03:52:58] [357/459] SDTD
[03:52:59] [358/459] KAWS
[03:53:00] [359/459] CMZX
[03:53:00] [360/459] DCDD
[03:53:01] [361/459] ALSN
[03:53:01] [362/459] IMXS
[03:53:02] [363/459] PVFF
[03:53:02] [364/459] PVOO
[03:53:03] [365/459] CFBS
[03:53:03] [366/459] PVER
[03:53:04] [367/459] PPNX
[03:53:05] [368/459] CNRM
[03:53:05] [369/459] PVWW
[03:53:06] [370/459] INMB
[03:53:07] [371/459] CPJR
[03:53:07] [372/459] INRZ
[03:53:07] [373/459] PMSR
[03:53:08] [374/459] GPGM
[03:53:09] [375/459] PGWB
[03:53:09] [376/459] PMBR
[03:53:10] [377/459] GPAM
[03:53:10] [378/459] INBC
[03:53:11] [379/459] PZVK
[03:53:11] [380/459] CPEB
[03:53:12] [381/459] FMLB
[03:53:13] [382/459] INBG
[03:53:13] [383/459] GPBR
[03:53:14] [384/459] PAAS
[03:53:14] [385/459] VTBR
[03:53:15] [386/459] GPMY
[03:53:15] [387/459] GYBU
[03:53:16] [388/459] INBJ
[03:53:16] [389/459] LKTH
[03:53:17] [390/459] NSBR
[03:53:17] [391/459] PDRD
[03:53:18] [392/459] VRBL
[03:53:18] [393/459] VTGB
[03:53:19] [394/459] VTSK
[03:53:19] [395/459] BKDV
[03:53:20] [396/459] SVTB
[03:53:20] [397/459] MLDT
[03:53:21] [398/459] NRBL
[03:53:21] [399/459] SLTR
[03:53:22] [400/459] VNKA
[03:53:22] [401/459] TDCA
[03:53:23] [402/459] INBM
[03:53:24] [403/459] SSNR
[03:53:24] [404/459] BHAC
[03:53:25] [405/459] SDSD
[03:53:25] [406/459] SAMP
[03:53:26] [407/459] RATK
[03:53:26] [408/459] KCBI
[03:53:27] [409/459] URBL
[03:53:27] [410/459] MKBG
[03:53:28] [411/459] ASTB
[03:53:28] [412/459] VBWT
[03:53:29] [413/459] GPSM
[03:53:30] [414/459] ROON
[03:53:30] [415/459] CHTH
[03:53:31] [416/459] SSPA
[03:53:31] [417/459] ANBL
[03:53:32] [418/459] VTBE
[03:53:32] [419/459] SVKT
[03:53:32] [420/459] SVYK
[03:53:33] [421/459] PTBK
[03:53:33] [422/459] RKTB
[03:53:34] [423/459] BALT
[03:53:34] [424/459] STSV
[03:53:35] [425/459] VCCB
[03:53:35] [426/459] SLTB
[03:53:36] [427/459] SBCR
[03:53:36] [428/459] VDCS
[03:53:37] [429/459] MDKI
[03:53:38] [430/459] SMRN
[03:53:38] [431/459] PTBC
[03:53:39] [432/459] RADI
[03:53:39] [433/459] ADCR
[03:53:40] [434/459] SDCS
[03:53:40] [435/459] SRPJ
[03:53:41] [436/459] ARTS
[03:53:41] [437/459] SRHK
[03:53:42] [438/459] SPAY
[03:53:42] [439/459] GPTB
[03:53:43] [440/459] SNNN
[03:53:43] [441/459] BALJ
[03:53:44] [442/459] TRIG
[03:53:45] [443/459] GTYT
[03:53:45] [444/459] ATGN
[03:53:46] [445/459] ANTE
[03:53:46] [446/459] BDCG
[03:53:47] [447/459] VECI
[03:53:47] [448/459] SCPR
[03:53:48] [449/459] RTEA
[03:53:49] [450/459] JSAI
[03:53:49] [451/459] VJTP
[03:53:50] [452/459] GNDS
[03:53:50] [453/459] PAXA
[03:53:51] [454/459] CGGM
[03:53:52] [455/459] ACKZ
[03:53:52] [456/459] EMCC
[03:53:53] [457/459] KLSK
[03:53:53] [458/459] AVCK
[03:53:54] [459/459] JTCK
[03:53:55] ✅ DONE | Shows=0 | Movies=0
[04:51:51] 🚀 BMS DAILY TRACKER STARTED
[04:51:51] [1/459] NECA
[04:51:51] 🧠 New identity
[04:51:52] [2/459] BJLC
[04:51:53] [3/459] BASU
[04:51:54] [4/459] RUPI
[04:51:55] [5/459] LCBK
[04:51:56] [6/459] PMAC
[04:51:56] [7/459] AMLC
[04:51:57] [8/459] LICL
[04:51:58] [9/459] UDMM
[04:51:59] [10/459] STBZ
[04:52:00] [11/459] UUBT
[04:52:01] [12/459] SJKC
[04:52:02] [13/459] TUAL
[04:52:03] [14/459] MRSE
[04:52:04] [15/459] RMRK
[04:52:05] [16/459] TTKP
[04:52:06] [17/459] KTKO
[04:52:07] [18/459] SDBK
[04:52:08] [19/459] MCPR
[04:52:09] [20/459] CHTI
[04:52:10] [21/459] GCCP
[04:52:11] [22/459] SRMY
[04:52:12] [23/459] NYST
[04:52:13] [24/459] NYAG
[04:52:14] [25/459] SBMT
[04:52:14] [26/459] INGA
[04:52:16] [27/459] WSIC
[04:52:17] [28/459] SCSS
[04:52:18] [29/459] COPG
[04:52:19] [30/459] RCGR
[04:52:20] [31/459] TCZA
[04:52:21] [32/459] CNLP
[04:52:21] [33/459] CLKN
[04:52:23] [34/459] LHDF
[04:52:23] [35/459] ELKC
[04:52:24] [36/459] VCEM
[04:52:26] [37/459] SSZA
[04:52:26] [38/459] KRMT
[04:52:27] [39/459] LCMV
[04:52:28] [40/459] AYCZ
[04:52:29] [41/459] CUMS
[04:52:30] [42/459] BOCK
[04:52:31] [43/459] PNMR
[04:52:32] [44/459] PJCP
[04:52:32] [45/459] JDDD
[04:52:33] [46/459] STMS
[04:52:34] [47/459] FLMB
[04:52:35] [48/459] PKCM
[04:52:36] [49/459] SPPR
[04:52:37] [50/459] EYLH
[04:52:38] [51/459] RJCC
[04:52:39] [52/459] MMPS
[04:52:40] [53/459] SHMX
[04:52:41] [54/459] CCNL
[04:52:42] [55/459] RCNV
[04:52:43] [56/459] MAAG
[04:52:45] [57/459] LXCM
[04:52:46] [58/459] RCNI
[04:52:46] [59/459] SNNI
[04:52:47] [60/459] LALC
[04:52:48] [61/459] SOCN
[04:52:49] [62/459] JHTP
[04:52:50] [63/459] PITP
[04:52:52] [64/459] CCKW
[04:52:53] [65/459] MCMC
[04:52:55] [66/459] DEES
[04:52:56] [67/459] SABT
[04:52:57] [68/459] VSPP
[04:52:58] [69/459] ABCT
[04:52:58] [70/459] JVTB
[04:52:59] [71/459] VCBD
[04:53:00] [72/459] RMGG
[04:53:01] [73/459] RNMH
[04:53:02] [74/459] SPGL
[04:53:02] [75/459] JTTR
[04:53:03] [76/459] SICS
[04:53:04] [77/459] SRMI
[04:53:05] [78/459] SSIJ
[04:53:06] [79/459] KFMT
[04:53:07] [80/459] VBIT
[04:53:08] [81/459] JKCT
[04:53:09] [82/459] GCGP
[04:53:10] [83/459] GDCS
[04:53:11] [84/459] TRBA
[04:53:12] [85/459] QUST
[04:53:14] [86/459] VSHM
[04:53:15] [87/459] SDCP
[04:53:16] [88/459] SNVS
[04:53:16] [89/459] NYTO
[04:53:17] [90/459] URWC
[04:53:18] [91/459] GTWH
[04:53:19] [92/459] PFCM
[04:53:20] [93/459] KRTA
[04:53:20] [94/459] AXMC
[04:53:21] [95/459] EVMC
[04:53:22] [96/459] HGSM
[04:53:23] [97/459] ACVM
[04:53:25] [98/459] PSKL
[04:53:25] [99/459] RDMP
[04:53:26] [100/459] RHGH
[04:53:27] [101/459] OMCM
[04:53:28] [102/459] DCCP
[04:53:28] [103/459] MCPB
[04:53:29] [104/459] ALCI
[04:53:30] [105/459] BLMX
[04:53:31] [106/459] BTMV
[04:53:32] [107/459] FVPN
[04:53:33] [108/459] CMAR
[04:53:34] [109/459] CEIM
[04:53:34] [110/459] CMVA
[04:53:35] [111/459] CPIV
[04:53:36] [112/459] CNPE
[04:53:37] [113/459] COLV
[04:53:38] [114/459] DNNV
[04:53:39] [115/459] HCAD
[04:53:39] [116/459] TAKA
[04:53:40] [117/459] INVD
[04:53:41] [118/459] IRMM
[04:53:42] [119/459] INSE
[04:53:42] [120/459] MRSW
[04:53:43] [121/459] MCVD
[04:53:44] [122/459] MCSO
[04:53:45] [123/459] PEVM
[04:53:46] [124/459] PVNL
[04:53:46] [125/459] PTCV
[04:53:47] [126/459] PRTC
[04:53:48] [127/459] RCVA
[04:53:49] [128/459] MTBN
[04:53:50] [129/459] LUCP
[04:53:51] [130/459] FMPT
[04:53:52] [131/459] JLSL
[04:53:54] [132/459] SBHA
[04:53:55] [133/459] SHRC
[04:53:56] [134/459] AVPS
[04:53:57] [135/459] STPM
[04:53:57] [136/459] ATRD
[04:53:58] [137/459] VTED
[04:53:59] [138/459] ACAI
[04:54:00] [139/459] SMAE
[04:54:01] [140/459] VMAT
[04:54:02] [141/459] LKCT
[04:54:03] [142/459] JTVK
[04:54:04] [143/459] PRTY
[04:54:05] [144/459] GETT
[04:54:06] [145/459] ESAP
[04:54:07] [146/459] NCPM
[04:54:08] [147/459] PCPA
[04:54:09] [148/459] MMOM
[04:54:09] [149/459] PHUP
[04:54:10] [150/459] CCPI
[04:54:11] [151/459] CNTD
[04:54:12] [152/459] NLJR
[04:54:13] [153/459] SRNG
[04:54:14] [154/459] MHAL
[04:54:15] [155/459] PNSM
[04:54:15] [156/459] DRMY
[04:54:16] [157/459] CCMU
[04:54:17] [158/459] SCMY
[04:54:18] [159/459] PVSY
[04:54:19] [160/459] SDLM
[04:54:20] [161/459] ICCM
[04:54:21] [162/459] PYSU
[04:54:22] [163/459] GATM
[04:54:22] [164/459] WOTM
[04:54:24] [165/459] RKTS
[04:54:24] [166/459] PMTY
[04:54:26] [167/459] LYMS
[04:54:27] [168/459] TGCA
[04:54:28] [169/459] DSTA
[04:54:28] [170/459] CNGE
[04:54:29] [171/459] VSTG
[04:54:30] [172/459] GTCK
[04:54:31] [173/459] TGNT
[04:54:31] [174/459] ASLC
[04:54:32] [175/459] SSST
[04:54:33] [176/459] KBTT
[04:54:34] [177/459] HKCP
[04:54:35] [178/459] SWLC
[04:54:36] [179/459] RTND
[04:54:37] [180/459] PKKT
[04:54:38] [181/459] HSTK
[04:54:38] [182/459] SPTT
[04:54:39] [183/459] IMPM
[04:54:40] [184/459] SCMV
[04:54:41] [185/459] SPCT
[04:54:42] [186/459] JBCA
[04:54:42] [187/459] ATTR
[04:54:43] [188/459] SPMT
[04:54:44] [189/459] LCTM
[04:54:45] [190/459] SCVL
[04:54:46] [191/459] SCVT
[04:54:48] [192/459] KRIC
[04:54:48] [193/459] CTMG
[04:54:49] [194/459] ACNC
[04:54:50] [195/459] DMCK
[04:54:51] [196/459] KMTV
[04:54:52] [197/459] PFCJ
[04:54:53] [198/459] VNMD
[04:54:54] [199/459] VPCZ
[04:54:55] [200/459] SRYR
[04:54:55] [201/459] SYTR
[04:54:57] [202/459] GATR
[04:54:57] [203/459] URTR
[04:54:58] [204/459] MKSM
[04:54:59] [205/459] VSMH
[04:55:00] [206/459] SKRJ
[04:55:01] [207/459] SSJR
[04:55:03] [208/459] SVSM
[04:55:03] [209/459] RUCM
[04:55:04] [210/459] PRKN
[04:55:05] [211/459] RROH
[04:55:06] [212/459] SCTN
[04:55:06] [213/459] RTDM
[04:55:07] [214/459] ASRM
[04:55:08] [215/459] SKMD
[04:55:09] [216/459] SUTD
[04:55:10] [217/459] SADM
[04:55:10] [218/459] WCNR
[04:55:11] [219/459] CNED
[04:55:13] [220/459] MPDB
[04:55:14] [221/459] KTBH
[04:55:15] [222/459] IDRM
[04:55:16] [223/459] PJJT
[04:55:17] [224/459] PFCV
[04:55:17] [225/459] AACT
[04:55:19] [226/459] AAAD
[04:55:20] [227/459] ANES
[04:55:21] [228/459] MNCA
[04:55:22] [229/459] RMGU
[04:55:23] [230/459] DLCN
[04:55:23] [231/459] LJWT
[04:55:24] [232/459] MCBG
[04:55:25] [233/459] MYBG
[04:55:26] [234/459] GCCA
[04:55:27] [235/459] GCGA
[04:55:28] [236/459] ECGN
[04:55:29] [237/459] PRAB
[04:55:30] [238/459] PNMP
[04:55:31] [239/459] GCPT
[04:55:32] [240/459] ROYN
[04:55:33] [241/459] VATM
[04:55:33] [242/459] KSNT
[04:55:34] [243/459] ACTC
[04:55:35] [244/459] PLTD
[04:55:36] [245/459] SKMK
[04:55:37] [246/459] CMTT
[04:55:37] [247/459] SMXP
[04:55:38] [248/459] SCMX
[04:55:39] [249/459] ACXN
[04:55:40] [250/459] ASWT
[04:55:42] [251/459] VVVL
[04:55:43] [252/459] NAGO
[04:55:44] [253/459] SNCN
[04:55:45] [254/459] MCKP
[04:55:45] [255/459] SAMO
[04:55:46] [256/459] JBTV
[04:55:47] [257/459] DCVV
[04:55:48] [258/459] KMSV
[04:55:48] [259/459] KDCN
[04:55:49] [260/459] CNCP
[04:55:50] [261/459] HAMC
[04:55:51] [262/459] CCVZ
[04:55:52] [263/459] NCCK
[04:55:53] [264/459] MCHR
[04:55:55] [265/459] SCHT
[04:55:56] [266/459] ESSH
[04:55:56] [267/459] CUJC
[04:55:58] [268/459] PECP
[04:55:58] [269/459] PMMI
[04:56:00] [270/459] PCCH
[04:56:01] [271/459] PRPM
[04:56:02] [272/459] PVKL
[04:56:02] [273/459] CBSM
[04:56:03] [274/459] PVCZ
[04:56:05] [275/459] PCVV
[04:56:06] [276/459] CTMJ
[04:56:06] [277/459] RCPS
[04:56:07] [278/459] PCIT
[04:56:09] [279/459] FNCH
[04:56:10] [280/459] INZD
[04:56:10] [281/459] INPC
[04:56:11] [282/459] LCZP
[04:56:12] [283/459] SMCB
[04:56:13] [284/459] PTSB
[04:56:14] [285/459] TPSI
[04:56:15] [286/459] KHMJ
[04:56:16] [287/459] RCCJ
[04:56:17] [288/459] NCJA
[04:56:18] [289/459] NCJN
[04:56:19] [290/459] BTDP
[04:56:19] [291/459] PADY
[04:56:20] [292/459] NYBH
[04:56:22] [293/459] MTBR
[04:56:23] [294/459] KRBC
[04:56:23] [295/459] DKTI
[04:56:24] [296/459] ANAN
[04:56:25] [297/459] INBP
[04:56:26] [298/459] PATB
[04:56:28] [299/459] RGNT
[04:56:28] [300/459] CGPM
[04:56:29] [301/459] INTN
[04:56:30] [302/459] MCMP
[04:56:31] [303/459] ASRG
[04:56:32] [304/459] CXJD
[04:56:33] [305/459] SPCP
[04:56:33] [306/459] CSTP
[04:56:35] [307/459] PKVC
[04:56:36] [308/459] ESCP
[04:56:37] [309/459] CAEP
[04:56:37] [310/459] CCSP
[04:56:38] [311/459] KTPC
[04:56:39] [312/459] DACA
[04:56:40] [313/459] NVKY
[04:56:41] [314/459] PTIN
[04:56:42] [315/459] SCIN
[04:56:43] [316/459] MCTY
[04:56:44] [317/459] PCMX
[04:56:44] [318/459] INIC
[04:56:45] [319/459] MMZM
[04:56:46] [320/459] SSLP
[04:56:47] [321/459] DTDT
[04:56:47] [322/459] FFCX
[04:56:48] [323/459] RCMM
[04:56:49] [324/459] KYID
[04:56:50] [325/459] CSCI
[04:56:51] [326/459] FCMC
[04:56:53] [327/459] MMXI
[04:56:53] [328/459] ASTC
[04:56:55] [329/459] CMRA
[04:56:56] [330/459] DICI
[04:56:56] [331/459] KDIN
[04:56:57] [332/459] PRFI
[04:56:58] [333/459] SVFC
[04:56:59] [334/459] UCPL
[04:57:00] [335/459] COOC
[04:57:00] [336/459] SCAL
[04:57:02] [337/459] SVFF
[04:57:03] [338/459] VCMG
[04:57:03] [339/459] UUCT
[04:57:05] [340/459] GCSE
[04:57:05] [341/459] SUSC
[04:57:06] [342/459] MISC
[04:57:07] [343/459] RMBL
[04:57:08] [344/459] CMXN
[04:57:09] [345/459] PVBK
[04:57:09] [346/459] HHCG
[04:57:10] [347/459] SCAG
[04:57:11] [348/459] CNPR
[04:57:12] [349/459] CSER
[04:57:12] [350/459] HLWD
[04:57:13] [351/459] BOLY
[04:57:14] [352/459] SSPG
[04:57:15] [353/459] MUPX
[04:57:16] [354/459] HAMR
[04:57:16] [355/459] SDNC
[04:57:17] [356/459] RTEN
[04:57:18] [357/459] SDTD
[04:57:19] [358/459] KAWS
[04:57:20] [359/459] CMZX
[04:57:21] [360/459] DCDD
[04:57:22] [361/459] ALSN
[04:57:23] [362/459] IMXS
[04:57:24] [363/459] PVFF
[04:57:25] [364/459] PVOO
[04:57:26] [365/459] CFBS
[04:57:27] [366/459] PVER
[04:57:28] [367/459] PPNX
[04:57:28] [368/459] CNRM
[04:57:29] [369/459] PVWW
[04:57:30] [370/459] INMB
[04:57:31] [371/459] CPJR
[04:57:33] [372/459] INRZ
[04:57:34] [373/459] PMSR
[04:57:35] [374/459] GPGM
[04:57:35] [375/459] PGWB
[04:57:36] [376/459] PMBR
[04:57:37] [377/459] GPAM
[04:57:38] [378/459] INBC
[04:57:39] [379/459] PZVK
[04:57:41] [380/459] CPEB
[04:57:41] [381/459] FMLB
[04:57:43] [382/459] INBG
[04:57:44] [383/459] GPBR
[04:57:45] [384/459] PAAS
[04:57:45] [385/459] VTBR
[04:57:46] [386/459] GPMY
[04:57:47] [387/459] GYBU
[04:57:47] [388/459] INBJ
[04:57:48] [389/459] LKTH
[04:57:49] [390/459] NSBR
[04:57:50] [391/459] PDRD
[04:57:51] [392/459] VRBL
[04:57:52] [393/459] VTGB
[04:57:53] [394/459] VTSK
[04:57:53] [395/459] BKDV
[04:57:54] [396/459] SVTB
[04:57:55] [397/459] MLDT
[04:57:56] [398/459] NRBL
[04:57:57] [399/459] SLTR
[04:57:58] [400/459] VNKA
[04:57:59] [401/459] TDCA
[04:58:00] [402/459] INBM
[04:58:01] [403/459] SSNR
[04:58:02] [404/459] BHAC
[04:58:03] [405/459] SDSD
[04:58:04] [406/459] SAMP
[04:58:04] [407/459] RATK
[04:58:06] [408/459] KCBI
[04:58:07] [409/459] URBL
[04:58:08] [410/459] MKBG
[04:58:09] [411/459] ASTB
[04:58:10] [412/459] VBWT
[04:58:10] [413/459] GPSM
[04:58:12] [414/459] ROON
[04:58:13] [415/459] CHTH
[04:58:14] [416/459] SSPA
[04:58:14] [417/459] ANBL
[04:58:15] [418/459] VTBE
[04:58:17] [419/459] SVKT
[04:58:18] [420/459] SVYK
[04:58:18] [421/459] PTBK
[04:58:20] [422/459] RKTB
[04:58:21] [423/459] BALT
[04:58:22] [424/459] STSV
[04:58:23] [425/459] VCCB
[04:58:24] [426/459] SLTB
[04:58:25] [427/459] SBCR
[04:58:26] [428/459] VDCS
[04:58:27] [429/459] MDKI
[04:58:28] [430/459] SMRN
[04:58:29] [431/459] PTBC
[04:58:30] [432/459] RADI
[04:58:31] [433/459] ADCR
[04:58:32] [434/459] SDCS
[04:58:33] [435/459] SRPJ
[04:58:34] [436/459] ARTS
[04:58:35] [437/459] SRHK
[04:58:36] [438/459] SPAY
[04:58:37] [439/459] GPTB
[04:58:38] [440/459] SNNN
[04:58:39] [441/459] BALJ
[04:58:39] [442/459] TRIG
[04:58:40] [443/459] GTYT
[04:58:41] [444/459] ATGN
[04:58:42] [445/459] ANTE
[04:58:43] [446/459] BDCG
[04:58:43] [447/459] VECI
[04:58:44] [448/459] SCPR
[04:58:45] [449/459] RTEA
[04:58:46] [450/459] JSAI
[04:58:47] [451/459] VJTP
[04:58:48] [452/459] GNDS
[04:58:49] [453/459] PAXA
[04:58:50] [454/459] CGGM
[04:58:51] [455/459] ACKZ
[04:58:52] [456/459] EMCC
[04:58:54] [457/459] KLSK
[04:58:54] [458/459] AVCK
[04:58:55] [459/459] JTCK
[04:58:56] ✅ DONE | Shows=1 | Movies=1
