[00:45:04] 🚀 BMS DAILY TRACKER STARTED
[00:45:04] [1/445] TGMR
[00:45:04] 🧠 New identity
[00:45:05] [2/445] CXKR
[00:45:06] [3/445] SROP
[00:45:07] [4/445] GTSV
[00:45:08] [5/445] SNTY
[00:45:09] [6/445] SMYY
[00:45:10] [7/445] CNCS
[00:45:12] [8/445] CSTM
[00:45:13] [9/445] NUCD
[00:45:14] [10/445] SHCZ
[00:45:15] [11/445] NJCT
[00:45:16] [12/445] COPC
[00:45:17] [13/445] STVV
[00:45:18] [14/445] SKRN
[00:45:19] [15/445] APPZ
[00:45:20] [16/445] YMGN
[00:45:21] [17/445] SVTU
[00:45:22] [18/445] GTAD
[00:45:23] [19/445] PSUS
[00:45:24] [20/445] SMCD
[00:45:25] [21/445] CMCM
[00:45:26] [22/445] SYCT
[00:45:27] [23/445] STLY
[00:45:27] [24/445] CMHU
[00:45:28] [25/445] CMSA
[00:45:29] [26/445] CLCU
[00:45:30] [27/445] PPNT
[00:45:31] [28/445] JTAB
[00:45:32] [29/445] BUUC
[00:45:33] [30/445] BSVK
[00:45:34] [31/445] VVVQ
[00:45:35] [32/445] TKMU
[00:45:35] [33/445] ESYL
[00:45:36] [34/445] ACHP
[00:45:37] [35/445] BTKD
[00:45:37] [36/445] DESA
[00:45:38] [37/445] GBCT
[00:45:39] [38/445] BLLD
[00:45:40] [39/445] SKNT
[00:45:41] [40/445] SSTE
[00:45:42] [41/445] VJMR
[00:45:43] [42/445] NTPU
[00:45:44] [43/445] RDKN
[00:45:45] [44/445] ADGC
[00:45:46] [45/445] VRBP
[00:45:47] [46/445] NMNA
[00:45:47] [47/445] CMMX
[00:45:48] [48/445] PTKO
[00:45:49] [49/445] RBML
[00:45:50] [50/445] SAIC
[00:45:51] [51/445] SVTJ
[00:45:52] [52/445] MRTE
[00:45:53] [53/445] RBTP
[00:45:53] [54/445] NLPS
[00:45:54] [55/445] GTNA
[00:45:55] [56/445] DGGC
[00:45:56] [57/445] SMCR
[00:45:57] [58/445] SCGD
[00:45:58] [59/445] SRRJ
[00:45:58] [60/445] CNRY
[00:45:59] [61/445] KTDI
[00:46:00] [62/445] SNJL
[00:46:01] [63/445] RKMD
[00:46:02] [64/445] SMDC
[00:46:02] [65/445] TADG
[00:46:03] [66/445] MCGS
[00:46:04] [67/445] PETK
[00:46:05] [68/445] CHAG
[00:46:06] [69/445] KSTL
[00:46:06] [70/445] AADS
[00:46:08] [71/445] NTHZ
[00:46:09] [72/445] HCKI
[00:46:09] [73/445] SSEF
[00:46:10] [74/445] MCGX
[00:46:11] [75/445] ERRA
[00:46:12] [76/445] SDTW
[00:46:14] [77/445] RMPK
[00:46:14] [78/445] PTHK
[00:46:15] [79/445] PXCS
[00:46:16] [80/445] SVLU
[00:46:17] [81/445] STAH
[00:46:18] [82/445] JRGF
[00:46:19] [83/445] CDOK
[00:46:19] [84/445] CMSG
[00:46:20] [85/445] APTD
[00:46:21] [86/445] KMPG
[00:46:22] [87/445] MUTJ
[00:46:23] [88/445] VCCI
[00:46:24] [89/445] URBE
[00:46:24] [90/445] TCTS
[00:46:25] [91/445] STSN
[00:46:26] [92/445] AKCH
[00:46:27] [93/445] APSC
[00:46:28] [94/445] VLTB
[00:46:28] [95/445] SANU
[00:46:29] [96/445] AXAM
[00:46:31] [97/445] MGMG
[00:46:32] [98/445] HTBY
[00:46:32] [99/445] MMZS
[00:46:33] [100/445] SUDR
[00:46:34] [101/445] CCAD
[00:46:35] [102/445] SKKC
[00:46:36] [103/445] RMCD
[00:46:38] [104/445] SBCQ
[00:46:39] [105/445] DCCT
[00:46:40] [106/445] VTKP
[00:46:40] [107/445] MLAM
[00:46:41] [108/445] SAVT
[00:46:42] [109/445] GEPL
[00:46:43] [110/445] AMCD
[00:46:44] [111/445] CCXR
[00:46:45] [112/445] GRNG
[00:46:45] [113/445] EBCA
[00:46:46] [114/445] CNVG
[00:46:47] [115/445] MWSS
[00:46:48] [116/445] VBOR
[00:46:48] [117/445] NEEB
[00:46:49] [118/445] SUTH
[00:46:50] [119/445] ANDB
[00:46:51] [120/445] MMXS
[00:46:52] [121/445] CNPD
[00:46:53] [122/445] SDCE
[00:46:53] [123/445] DHCB
[00:46:54] [124/445] ODEN
[00:46:55] [125/445] TNTC
[00:46:56] [126/445] VBKM
[00:46:57] [127/445] RZYM
[00:46:58] [128/445] JEMC
[00:46:59] [129/445] CMAU
[00:47:00] [130/445] SIVP
[00:47:01] [131/445] ATAG
[00:47:02] [132/445] CHTM
[00:47:03] [133/445] AAEE
[00:47:04] [134/445] IWPM
[00:47:06] [135/445] KCMW
[00:47:07] [136/445] MCTD
[00:47:08] [137/445] SPWR
[00:47:08] [138/445] SDPO
[00:47:09] [139/445] PCSK
[00:47:10] [140/445] ACHV
[00:47:11] [141/445] SVLA
[00:47:11] [142/445] PICT
[00:47:12] [143/445] BXDR
[00:47:13] [144/445] SPWA
[00:47:14] [145/445] MCKO
[00:47:15] [146/445] RTHK
[00:47:16] [147/445] CCMF
[00:47:17] [148/445] MRGB
[00:47:17] [149/445] CPLC
[00:47:18] [150/445] RACD
[00:47:19] [151/445] ATKT
[00:47:20] [152/445] SARN
[00:47:21] [153/445] KKUI
[00:47:22] [154/445] RGCM
[00:47:23] [155/445] BRVP
[00:47:24] [156/445] HRSR
[00:47:25] [157/445] GKGM
[00:47:26] [158/445] TTCD
[00:47:27] [159/445] PTTI
[00:47:28] [160/445] MPTT
[00:47:28] [161/445] CVTT
[00:47:29] [162/445] PCXD
[00:47:30] [163/445] GCDC
[00:47:31] [164/445] CCCF
[00:47:32] [165/445] MRAD
[00:47:33] [166/445] CPLK
[00:47:34] [167/445] SATB
[00:47:35] [168/445] SNVG
[00:47:36] [169/445] JMBA
[00:47:36] [170/445] TEJA
[00:47:37] [171/445] STYO
[00:47:38] [172/445] JTBP
[00:47:39] [173/445] KRGD
[00:47:40] [174/445] SLJJ
[00:47:40] [175/445] SPTJ
[00:47:41] [176/445] SWJG
[00:47:42] [177/445] LKRT
[00:47:44] [178/445] KCKA
[00:47:45] [179/445] SNCR
[00:47:46] [180/445] SMKL
[00:47:47] [181/445] GCFA
[00:47:48] [182/445] DDCK
[00:47:49] [183/445] NCHJ
[00:47:49] [184/445] RDMA
[00:47:50] [185/445] SVSV
[00:47:51] [186/445] SCJG
[00:47:52] [187/445] VKLP
[00:47:53] [188/445] NWCC
[00:47:54] [189/445] VKNS
[00:47:55] [190/445] SDDP
[00:47:56] [191/445] ACSI
[00:47:58] [192/445] SATG
[00:47:58] [193/445] SCMW
[00:47:59] [194/445] LKTK
[00:48:00] [195/445] VCKV
[00:48:01] [196/445] KKPE
[00:48:02] [197/445] KIGH
[00:48:03] [198/445] SRPM
[00:48:03] [199/445] SCAH
[00:48:04] [200/445] MUTA
[00:48:05] [201/445] SEPU
[00:48:06] [202/445] INOA
[00:48:08] [203/445] BASK
[00:48:09] [204/445] NECB
[00:48:09] [205/445] GTTG
[00:48:11] [206/445] ASSA
[00:48:13] [207/445] ANCL
[00:48:13] [208/445] GCTI
[00:48:15] [209/445] RCTS
[00:48:15] [210/445] ACNL
[00:48:16] [211/445] MYCT
[00:48:17] [212/445] NMHT
[00:48:18] [213/445] MDIT
[00:48:18] [214/445] LATG
[00:48:19] [215/445] SMTY
[00:48:20] [216/445] CVCT
[00:48:21] [217/445] RAMB
[00:48:22] [218/445] TGMS
[00:48:23] [219/445] BHEL
[00:48:24] [220/445] SHCT
[00:48:25] [221/445] SVCT
[00:48:26] [222/445] MRIY
[00:48:27] [223/445] SARO
[00:48:28] [224/445] STCT
[00:48:29] [225/445] JKKC
[00:48:30] [226/445] PLTT
[00:48:31] [227/445] SRNT
[00:48:32] [228/445] YAST
[00:48:33] [229/445] PERL
[00:48:33] [230/445] CICM
[00:48:35] [231/445] MMTR
[00:48:36] [232/445] ABTK
[00:48:38] [233/445] ATYY
[00:48:39] [234/445] ASTK
[00:48:40] [235/445] VVCK
[00:48:40] [236/445] ATKY
[00:48:41] [237/445] GWEK
[00:48:42] [238/445] SVFH
[00:48:43] [239/445] SLTA
[00:48:44] [240/445] AASH
[00:48:45] [241/445] ACXB
[00:48:46] [242/445] SMTX
[00:48:46] [243/445] AZDH
[00:48:47] [244/445] CMMH
[00:48:48] [245/445] SCSZ
[00:48:49] [246/445] SCKP
[00:48:50] [247/445] NXTM
[00:48:51] [248/445] NWCS
[00:48:52] [249/445] CXMH
[00:48:54] [250/445] PCMA
[00:48:55] [251/445] SGCM
[00:48:56] [252/445] SDTU
[00:48:57] [253/445] MMVI
[00:48:58] [254/445] JKCM
[00:48:58] [255/445] VCMM
[00:48:59] [256/445] SYEE
[00:49:00] [257/445] VASD
[00:49:01] [258/445] BDRB
[00:49:02] [259/445] LASM
[00:49:03] [260/445] DCRL
[00:49:04] [261/445] DVPM
[00:49:05] [262/445] SBMJ
[00:49:06] [263/445] CBMU
[00:49:08] [264/445] IUBS
[00:49:08] [265/445] INAP
[00:49:09] [266/445] SRRC
[00:49:10] [267/445] SAGR
[00:49:11] [268/445] CPMJ
[00:49:12] [269/445] ATJL
[00:49:13] [270/445] NNTD
[00:49:14] [271/445] JHCJ
[00:49:14] [272/445] CMMP
[00:49:15] [273/445] RSDR
[00:49:17] [274/445] AMTI
[00:49:18] [275/445] NYSG
[00:49:18] [276/445] AVSG
[00:49:19] [277/445] SYTP
[00:49:20] [278/445] LARC
[00:49:21] [279/445] RJTP
[00:49:22] [280/445] LAKC
[00:49:23] [281/445] MCXE
[00:49:23] [282/445] CCZC
[00:49:24] [283/445] AVCH
[00:49:25] [284/445] CMBE
[00:49:26] [285/445] MRRC
[00:49:27] [286/445] PCPY
[00:49:28] [287/445] SRMH
[00:49:29] [288/445] SVGS
[00:49:30] [289/445] PCSE
[00:49:31] [290/445] SVFT
[00:49:31] [291/445] TNZP
[00:49:32] [292/445] ICTP
[00:49:33] [293/445] ACTZ
[00:49:34] [294/445] GTUR
[00:49:35] [295/445] MAFC
[00:49:36] [296/445] MINL
[00:49:36] [297/445] MRCL
[00:49:37] [298/445] RCRP
[00:49:38] [299/445] RFFG
[00:49:39] [300/445] RMAS
[00:49:40] [301/445] INVR
[00:49:40] [302/445] RMAR
[00:49:41] [303/445] CNIS
[00:49:42] [304/445] RHRJ
[00:49:43] [305/445] INXR
[00:49:44] [306/445] VALT
[00:49:45] [307/445] LCSH
[00:49:46] [308/445] CMVS
[00:49:47] [309/445] CNMS
[00:49:47] [310/445] ROOG
[00:49:48] [311/445] ISRM
[00:49:49] [312/445] RCRM
[00:49:50] [313/445] ACJA
[00:49:50] [314/445] RCVS
[00:49:52] [315/445] CPUS
[00:49:52] [316/445] TGCS
[00:49:53] [317/445] RKCJ
[00:49:54] [318/445] MKSB
[00:49:55] [319/445] TCSJ
[00:49:56] [320/445] RMGP
[00:49:57] [321/445] CLLP
[00:49:58] [322/445] RCMV
[00:49:58] [323/445] CCKS
[00:49:59] [324/445] RSRP
[00:50:00] [325/445] APLP
[00:50:01] [326/445] CNVS
[00:50:02] [327/445] RMVY
[00:50:03] [328/445] PGBD
[00:50:03] [329/445] KLMS
[00:50:04] [330/445] RUST
[00:50:05] [331/445] MASM
[00:50:06] [332/445] BACS
[00:50:07] [333/445] BWST
[00:50:07] [334/445] RRFH
[00:50:08] [335/445] SJTM
[00:50:09] [336/445] BEMR
[00:50:10] [337/445] MCGR
[00:50:11] [338/445] SDSK
[00:50:12] [339/445] VBOL
[00:50:13] [340/445] RMGM
[00:50:13] [341/445] NOPL
[00:50:14] [342/445] MKJK
[00:50:15] [343/445] CVRN
[00:50:16] [344/445] MMEN
[00:50:17] [345/445] AMNG
[00:50:17] [346/445] INTM
[00:50:18] [347/445] SLCZ
[00:50:19] [348/445] AMJN
[00:50:20] [349/445] ACJN
[00:50:21] [350/445] AMKN
[00:50:21] [351/445] BTCN
[00:50:22] [352/445] AMBT
[00:50:23] [353/445] PACN
[00:50:24] [354/445] LCNS
[00:50:25] [355/445] PPKC
[00:50:25] [356/445] JYYN
[00:50:26] [357/445] JTNR
[00:50:27] [358/445] GTEE
[00:50:28] [359/445] SRNM
[00:50:29] [360/445] SDTC
[00:50:30] [361/445] VPCA
[00:50:31] [362/445] VLRA
[00:50:32] [363/445] SHKR
[00:50:32] [364/445] SBKD
[00:50:33] [365/445] SAAD
[00:50:34] [366/445] JTGN
[00:50:35] [367/445] SLAM
[00:50:36] [368/445] VTPM
[00:50:37] [369/445] ANPT
[00:50:38] [370/445] PUNB
[00:50:39] [371/445] CPKT
[00:50:40] [372/445] CNWE
[00:50:41] [373/445] ECPP
[00:50:42] [374/445] CPAR
[00:50:43] [375/445] ESBW
[00:50:44] [376/445] PKPU
[00:50:44] [377/445] CPRP
[00:50:45] [378/445] RAHU
[00:50:47] [379/445] RHMN
[00:50:48] [380/445] FMJP
[00:50:49] [381/445] CTMP
[00:50:50] [382/445] INPN
[00:50:50] [383/445] STTG
[00:50:51] [384/445] CTRD
[00:50:52] [385/445] PUVB
[00:50:53] [386/445] ESVP
[00:50:54] [387/445] CPFT
[00:50:55] [388/445] LCPC
[00:50:57] [389/445] VBCT
[00:50:58] [390/445] FSCW
[00:51:00] [391/445] VCMP
[00:51:01] [392/445] ASHC
[00:51:01] [393/445] VLCX
[00:51:02] [394/445] SHEV
[00:51:03] [395/445] APCO
[00:51:04] [396/445] SILC
[00:51:05] [397/445] SNMR
[00:51:05] [398/445] KYBO
[00:51:06] [399/445] SATK
[00:51:07] [400/445] SSCS
[00:51:08] [401/445] CLSB
[00:51:09] [402/445] KMJR
[00:51:09] [403/445] FSCK
[00:51:10] [404/445] NNKA
[00:51:11] [405/445] CLMK
[00:51:12] [406/445] DMPZ
[00:51:13] [407/445] INQM
[00:51:14] [408/445] CAML
[00:51:14] [409/445] INRK
[00:51:15] [410/445] IMKN
[00:51:16] [411/445] SVNR
[00:51:17] [412/445] INSL
[00:51:18] [413/445] MSMA
[00:51:19] [414/445] MCKK
[00:51:20] [415/445] FCHP
[00:51:21] [416/445] SFCR
[00:51:22] [417/445] NACK
[00:51:23] [418/445] PVAK
[00:51:24] [419/445] INER
[00:51:25] [420/445] RDBK
[00:51:26] [421/445] SVFN
[00:51:27] [422/445] IFRM
[00:51:28] [423/445] ATCK
[00:51:29] [424/445] ASKO
[00:51:30] [425/445] STKT
[00:51:31] [426/445] SVFB
[00:51:32] [427/445] INKS
[00:51:34] [428/445] PCRA
[00:51:35] [429/445] ATJA
[00:51:36] [430/445] IMJN
[00:51:37] [431/445] INHD
[00:51:37] [432/445] BARA
[00:51:38] [433/445] MCSL
[00:51:39] [434/445] RTOY
[00:51:40] [435/445] MENO
[00:51:41] [436/445] PUDM
[00:51:42] [437/445] PRCN
[00:51:43] [438/445] JMJR
[00:51:43] [439/445] SSGK
[00:51:44] [440/445] SSRL
[00:51:45] [441/445] JYKL
[00:51:46] [442/445] ACNB
[00:51:47] [443/445] SONP
[00:51:48] [444/445] EMCI
[00:51:48] [445/445] MRJH
[00:51:49] ✅ DONE | Shows=0 | Movies=0
[01:51:20] 🚀 BMS DAILY TRACKER STARTED
[01:51:20] [1/445] TGMR
[01:51:20] 🧠 New identity
[01:51:21] [2/445] CXKR
[01:51:22] [3/445] SROP
[01:51:22] [4/445] GTSV
[01:51:23] [5/445] SNTY
[01:51:24] [6/445] SMYY
[01:51:24] [7/445] CNCS
[01:51:25] [8/445] CSTM
[01:51:26] [9/445] NUCD
[01:51:26] [10/445] SHCZ
[01:51:27] [11/445] NJCT
[01:51:28] [12/445] COPC
[01:51:28] [13/445] STVV
[01:51:29] [14/445] SKRN
[01:51:29] [15/445] APPZ
[01:51:30] [16/445] YMGN
[01:51:31] [17/445] SVTU
[01:51:31] [18/445] GTAD
[01:51:31] [19/445] PSUS
[01:51:32] [20/445] SMCD
[01:51:33] [21/445] CMCM
[01:51:34] [22/445] SYCT
[01:51:34] [23/445] STLY
[01:51:35] [24/445] CMHU
[01:51:35] [25/445] CMSA
[01:51:36] [26/445] CLCU
[01:51:37] [27/445] PPNT
[01:51:37] [28/445] JTAB
[01:51:38] [29/445] BUUC
[01:51:38] [30/445] BSVK
[01:51:39] [31/445] VVVQ
[01:51:40] [32/445] TKMU
[01:51:40] [33/445] ESYL
[01:51:41] [34/445] ACHP
[01:51:41] [35/445] BTKD
[01:51:42] [36/445] DESA
[01:51:42] [37/445] GBCT
[01:51:43] [38/445] BLLD
[01:51:44] [39/445] SKNT
[01:51:44] [40/445] SSTE
[01:51:44] [41/445] VJMR
[01:51:45] [42/445] NTPU
[01:51:46] [43/445] RDKN
[01:51:46] [44/445] ADGC
[01:51:47] [45/445] VRBP
[01:51:47] [46/445] NMNA
[01:51:48] [47/445] CMMX
[01:51:48] [48/445] PTKO
[01:51:49] [49/445] RBML
[01:51:50] [50/445] SAIC
[01:51:50] [51/445] SVTJ
[01:51:51] [52/445] MRTE
[01:51:52] [53/445] RBTP
[01:51:52] [54/445] NLPS
[01:51:53] [55/445] GTNA
[01:51:53] [56/445] DGGC
[01:51:54] [57/445] SMCR
[01:51:55] [58/445] SCGD
[01:51:55] [59/445] SRRJ
[01:51:56] [60/445] CNRY
[01:51:56] [61/445] KTDI
[01:51:57] [62/445] SNJL
[01:51:58] [63/445] RKMD
[01:51:58] [64/445] SMDC
[01:51:59] [65/445] TADG
[01:52:00] [66/445] MCGS
[01:52:00] [67/445] PETK
[01:52:01] [68/445] CHAG
[01:52:01] [69/445] KSTL
[01:52:02] [70/445] AADS
[01:52:03] [71/445] NTHZ
[01:52:03] [72/445] HCKI
[01:52:04] [73/445] SSEF
[01:52:04] [74/445] MCGX
[01:52:05] [75/445] ERRA
[01:52:06] [76/445] SDTW
[01:52:06] [77/445] RMPK
[01:52:07] [78/445] PTHK
[01:52:07] [79/445] PXCS
[01:52:08] [80/445] SVLU
[01:52:08] [81/445] STAH
[01:52:09] [82/445] JRGF
[01:52:09] [83/445] CDOK
[01:52:10] [84/445] CMSG
[01:52:11] [85/445] APTD
[01:52:11] [86/445] KMPG
[01:52:12] [87/445] MUTJ
[01:52:13] [88/445] VCCI
[01:52:13] [89/445] URBE
[01:52:14] [90/445] TCTS
[01:52:14] [91/445] STSN
[01:52:15] [92/445] AKCH
[01:52:15] [93/445] APSC
[01:52:16] [94/445] VLTB
[01:52:17] [95/445] SANU
[01:52:17] [96/445] AXAM
[01:52:18] [97/445] MGMG
[01:52:18] [98/445] HTBY
[01:52:19] [99/445] MMZS
[01:52:20] [100/445] SUDR
[01:52:20] [101/445] CCAD
[01:52:20] [102/445] SKKC
[01:52:21] [103/445] RMCD
[01:52:22] [104/445] SBCQ
[01:52:22] [105/445] DCCT
[01:52:23] [106/445] VTKP
[01:52:23] [107/445] MLAM
[01:52:24] [108/445] SAVT
[01:52:24] [109/445] GEPL
[01:52:25] [110/445] AMCD
[01:52:26] [111/445] CCXR
[01:52:26] [112/445] GRNG
[01:52:27] [113/445] EBCA
[01:52:27] [114/445] CNVG
[01:52:28] [115/445] MWSS
[01:52:28] [116/445] VBOR
[01:52:29] [117/445] NEEB
[01:52:30] [118/445] SUTH
[01:52:30] [119/445] ANDB
[01:52:31] [120/445] MMXS
[01:52:32] [121/445] CNPD
[01:52:32] [122/445] SDCE
[01:52:33] [123/445] DHCB
[01:52:33] [124/445] ODEN
[01:52:34] [125/445] TNTC
[01:52:34] [126/445] VBKM
[01:52:35] [127/445] RZYM
[01:52:36] [128/445] JEMC
[01:52:36] [129/445] CMAU
[01:52:36] [130/445] SIVP
[01:52:37] [131/445] ATAG
[01:52:38] [132/445] CHTM
[01:52:38] [133/445] AAEE
[01:52:39] [134/445] IWPM
[01:52:40] [135/445] KCMW
[01:52:40] [136/445] MCTD
[01:52:41] [137/445] SPWR
[01:52:41] [138/445] SDPO
[01:52:42] [139/445] PCSK
[01:52:43] [140/445] ACHV
[01:52:43] [141/445] SVLA
[01:52:44] [142/445] PICT
[01:52:44] [143/445] BXDR
[01:52:45] [144/445] SPWA
[01:52:46] [145/445] MCKO
[01:52:46] [146/445] RTHK
[01:52:47] [147/445] CCMF
[01:52:47] [148/445] MRGB
[01:52:48] [149/445] CPLC
[01:52:48] [150/445] RACD
[01:52:49] [151/445] ATKT
[01:52:49] [152/445] SARN
[01:52:50] [153/445] KKUI
[01:52:50] [154/445] RGCM
[01:52:51] [155/445] BRVP
[01:52:51] [156/445] HRSR
[01:52:52] [157/445] GKGM
[01:52:53] [158/445] TTCD
[01:52:53] [159/445] PTTI
[01:52:54] [160/445] MPTT
[01:52:54] [161/445] CVTT
[01:52:55] [162/445] PCXD
[01:52:56] [163/445] GCDC
[01:52:56] [164/445] CCCF
[01:52:57] [165/445] MRAD
[01:52:57] [166/445] CPLK
[01:52:58] [167/445] SATB
[01:52:58] [168/445] SNVG
[01:52:59] [169/445] JMBA
[01:52:59] [170/445] TEJA
[01:53:00] [171/445] STYO
[01:53:01] [172/445] JTBP
[01:53:01] [173/445] KRGD
[01:53:02] [174/445] SLJJ
[01:53:02] [175/445] SPTJ
[01:53:03] [176/445] SWJG
[01:53:04] [177/445] LKRT
[01:53:04] [178/445] KCKA
[01:53:04] [179/445] SNCR
[01:53:05] [180/445] SMKL
[01:53:06] [181/445] GCFA
[01:53:07] [182/445] DDCK
[01:53:07] [183/445] NCHJ
[01:53:08] [184/445] RDMA
[01:53:08] [185/445] SVSV
[01:53:09] [186/445] SCJG
[01:53:09] [187/445] VKLP
[01:53:10] [188/445] NWCC
[01:53:11] [189/445] VKNS
[01:53:11] [190/445] SDDP
[01:53:12] [191/445] ACSI
[01:53:12] [192/445] SATG
[01:53:13] [193/445] SCMW
[01:53:13] [194/445] LKTK
[01:53:14] [195/445] VCKV
[01:53:15] [196/445] KKPE
[01:53:15] [197/445] KIGH
[01:53:16] [198/445] SRPM
[01:53:16] [199/445] SCAH
[01:53:17] [200/445] MUTA
[01:53:18] [201/445] SEPU
[01:53:18] [202/445] INOA
[01:53:19] [203/445] BASK
[01:53:19] [204/445] NECB
[01:53:20] [205/445] GTTG
[01:53:21] [206/445] ASSA
[01:53:21] [207/445] ANCL
[01:53:22] [208/445] GCTI
[01:53:23] [209/445] RCTS
[01:53:23] [210/445] ACNL
[01:53:24] [211/445] MYCT
[01:53:24] [212/445] NMHT
[01:53:25] [213/445] MDIT
[01:53:25] [214/445] LATG
[01:53:26] [215/445] SMTY
[01:53:26] [216/445] CVCT
[01:53:27] [217/445] RAMB
[01:53:28] [218/445] TGMS
[01:53:28] [219/445] BHEL
[01:53:29] [220/445] SHCT
[01:53:29] [221/445] SVCT
[01:53:30] [222/445] MRIY
[01:53:30] [223/445] SARO
[01:53:31] [224/445] STCT
[01:53:31] [225/445] JKKC
[01:53:32] [226/445] PLTT
[01:53:32] [227/445] SRNT
[01:53:33] [228/445] YAST
[01:53:33] [229/445] PERL
[01:53:34] [230/445] CICM
[01:53:35] [231/445] MMTR
[01:53:35] [232/445] ABTK
[01:53:36] [233/445] ATYY
[01:53:36] [234/445] ASTK
[01:53:37] [235/445] VVCK
[01:53:37] [236/445] ATKY
[01:53:38] [237/445] GWEK
[01:53:38] [238/445] SVFH
[01:53:39] [239/445] SLTA
[01:53:39] [240/445] AASH
[01:53:40] [241/445] ACXB
[01:53:41] [242/445] SMTX
[01:53:41] [243/445] AZDH
[01:53:42] [244/445] CMMH
[01:53:43] [245/445] SCSZ
[01:53:43] [246/445] SCKP
[01:53:44] [247/445] NXTM
[01:53:44] [248/445] NWCS
[01:53:45] [249/445] CXMH
[01:53:46] [250/445] PCMA
[01:53:46] [251/445] SGCM
[01:53:47] [252/445] SDTU
[01:53:48] [253/445] MMVI
[01:53:48] [254/445] JKCM
[01:53:49] [255/445] VCMM
[01:53:49] [256/445] SYEE
[01:53:50] [257/445] VASD
[01:53:50] [258/445] BDRB
[01:53:51] [259/445] LASM
[01:53:52] [260/445] DCRL
[01:53:52] [261/445] DVPM
[01:53:53] [262/445] SBMJ
[01:53:53] [263/445] CBMU
[01:53:54] [264/445] IUBS
[01:53:54] [265/445] INAP
[01:53:55] [266/445] SRRC
[01:53:56] [267/445] SAGR
[01:53:56] [268/445] CPMJ
[01:53:57] [269/445] ATJL
[01:53:57] [270/445] NNTD
[01:53:58] [271/445] JHCJ
[01:53:59] [272/445] CMMP
[01:53:59] [273/445] RSDR
[01:54:00] [274/445] AMTI
[01:54:00] [275/445] NYSG
[01:54:01] [276/445] AVSG
[01:54:01] [277/445] SYTP
[01:54:01] [278/445] LARC
[01:54:02] [279/445] RJTP
[01:54:02] [280/445] LAKC
[01:54:03] [281/445] MCXE
[01:54:04] [282/445] CCZC
[01:54:04] [283/445] AVCH
[01:54:05] [284/445] CMBE
[01:54:05] [285/445] MRRC
[01:54:06] [286/445] PCPY
[01:54:06] [287/445] SRMH
[01:54:07] [288/445] SVGS
[01:54:08] [289/445] PCSE
[01:54:08] [290/445] SVFT
[01:54:09] [291/445] TNZP
[01:54:09] [292/445] ICTP
[01:54:10] [293/445] ACTZ
[01:54:11] [294/445] GTUR
[01:54:11] [295/445] MAFC
[01:54:12] [296/445] MINL
[01:54:12] [297/445] MRCL
[01:54:13] [298/445] RCRP
[01:54:14] [299/445] RFFG
[01:54:14] [300/445] RMAS
[01:54:15] [301/445] INVR
[01:54:15] [302/445] RMAR
[01:54:16] [303/445] CNIS
[01:54:16] [304/445] RHRJ
[01:54:17] [305/445] INXR
[01:54:17] [306/445] VALT
[01:54:18] [307/445] LCSH
[01:54:19] [308/445] CMVS
[01:54:19] [309/445] CNMS
[01:54:20] [310/445] ROOG
[01:54:20] [311/445] ISRM
[01:54:21] [312/445] RCRM
[01:54:22] [313/445] ACJA
[01:54:22] [314/445] RCVS
[01:54:23] [315/445] CPUS
[01:54:24] [316/445] TGCS
[01:54:24] [317/445] RKCJ
[01:54:25] [318/445] MKSB
[01:54:25] [319/445] TCSJ
[01:54:26] [320/445] RMGP
[01:54:26] [321/445] CLLP
[01:54:27] [322/445] RCMV
[01:54:28] [323/445] CCKS
[01:54:28] [324/445] RSRP
[01:54:29] [325/445] APLP
[01:54:30] [326/445] CNVS
[01:54:30] [327/445] RMVY
[01:54:31] [328/445] PGBD
[01:54:32] [329/445] KLMS
[01:54:32] [330/445] RUST
[01:54:33] [331/445] MASM
[01:54:33] [332/445] BACS
[01:54:34] [333/445] BWST
[01:54:34] [334/445] RRFH
[01:54:35] [335/445] SJTM
[01:54:35] [336/445] BEMR
[01:54:36] [337/445] MCGR
[01:54:36] [338/445] SDSK
[01:54:37] [339/445] VBOL
[01:54:38] [340/445] RMGM
[01:54:38] [341/445] NOPL
[01:54:39] [342/445] MKJK
[01:54:39] [343/445] CVRN
[01:54:40] [344/445] MMEN
[01:54:40] [345/445] AMNG
[01:54:41] [346/445] INTM
[01:54:41] [347/445] SLCZ
[01:54:42] [348/445] AMJN
[01:54:43] [349/445] ACJN
[01:54:43] [350/445] AMKN
[01:54:44] [351/445] BTCN
[01:54:45] [352/445] AMBT
[01:54:45] [353/445] PACN
[01:54:46] [354/445] LCNS
[01:54:46] [355/445] PPKC
[01:54:47] [356/445] JYYN
[01:54:47] [357/445] JTNR
[01:54:48] [358/445] GTEE
[01:54:48] [359/445] SRNM
[01:54:49] [360/445] SDTC
[01:54:50] [361/445] VPCA
[01:54:50] [362/445] VLRA
[01:54:51] [363/445] SHKR
[01:54:52] [364/445] SBKD
[01:54:52] [365/445] SAAD
[01:54:53] [366/445] JTGN
[01:54:53] [367/445] SLAM
[01:54:54] [368/445] VTPM
[01:54:55] [369/445] ANPT
[01:54:55] [370/445] PUNB
[01:54:55] [371/445] CPKT
[01:54:56] [372/445] CNWE
[01:54:57] [373/445] ECPP
[01:54:57] [374/445] CPAR
[01:54:58] [375/445] ESBW
[01:54:59] [376/445] PKPU
[01:54:59] [377/445] CPRP
[01:55:00] [378/445] RAHU
[01:55:00] [379/445] RHMN
[01:55:01] [380/445] FMJP
[01:55:02] [381/445] CTMP
[01:55:02] [382/445] INPN
[01:55:03] [383/445] STTG
[01:55:04] [384/445] CTRD
[01:55:04] [385/445] PUVB
[01:55:05] [386/445] ESVP
[01:55:05] [387/445] CPFT
[01:55:06] [388/445] LCPC
[01:55:06] [389/445] VBCT
[01:55:07] [390/445] FSCW
[01:55:07] [391/445] VCMP
[01:55:08] [392/445] ASHC
[01:55:08] [393/445] VLCX
[01:55:09] [394/445] SHEV
[01:55:09] [395/445] APCO
[01:55:10] [396/445] SILC
[01:55:11] [397/445] SNMR
[01:55:11] [398/445] KYBO
[01:55:12] [399/445] SATK
[01:55:13] [400/445] SSCS
[01:55:13] [401/445] CLSB
[01:55:14] [402/445] KMJR
[01:55:14] [403/445] FSCK
[01:55:15] [404/445] NNKA
[01:55:16] [405/445] CLMK
[01:55:16] [406/445] DMPZ
[01:55:17] [407/445] INQM
[01:55:18] [408/445] CAML
[01:55:18] [409/445] INRK
[01:55:19] [410/445] IMKN
[01:55:19] [411/445] SVNR
[01:55:20] [412/445] INSL
[01:55:20] [413/445] MSMA
[01:55:21] [414/445] MCKK
[01:55:22] [415/445] FCHP
[01:55:22] [416/445] SFCR
[01:55:23] [417/445] NACK
[01:55:23] [418/445] PVAK
[01:55:24] [419/445] INER
[01:55:25] [420/445] RDBK
[01:55:25] [421/445] SVFN
[01:55:26] [422/445] IFRM
[01:55:26] [423/445] ATCK
[01:55:27] [424/445] ASKO
[01:55:27] [425/445] STKT
[01:55:28] [426/445] SVFB
[01:55:28] [427/445] INKS
[01:55:29] [428/445] PCRA
[01:55:30] [429/445] ATJA
[01:55:30] [430/445] IMJN
[01:55:31] [431/445] INHD
[01:55:31] [432/445] BARA
[01:55:32] [433/445] MCSL
[01:55:32] [434/445] RTOY
[01:55:33] [435/445] MENO
[01:55:33] [436/445] PUDM
[01:55:34] [437/445] PRCN
[01:55:35] [438/445] JMJR
[01:55:35] [439/445] SSGK
[01:55:36] [440/445] SSRL
[01:55:36] [441/445] JYKL
[01:55:37] [442/445] ACNB
[01:55:37] [443/445] SONP
[01:55:38] [444/445] EMCI
[01:55:39] [445/445] MRJH
[01:55:39] ✅ DONE | Shows=0 | Movies=0
