[00:49:03] 🚀 BMS DAILY TRACKER STARTED
[00:49:03] [1/459] FNDB
[00:49:03] 🧠 New identity
[00:49:04] [2/459] AMBH
[00:49:04] [3/459] PRHN
[00:49:05] [4/459] ACPM
[00:49:05] [5/459] PVFS
[00:49:06] [6/459] AACN
[00:49:07] [7/459] ACAS
[00:49:07] [8/459] CTNR
[00:49:08] [9/459] MMAH
[00:49:10] [10/459] CPMH
[00:49:10] [11/459] IGMH
[00:49:11] [12/459] ABCS
[00:49:11] [13/459] CMMA
[00:49:12] [14/459] GPRH
[00:49:13] [15/459] PNNG
[00:49:13] [16/459] AMCA
[00:49:14] [17/459] ISTN
[00:49:15] [18/459] PIIC
[00:49:16] [19/459] AHMH
[00:49:16] [20/459] ASHN
[00:49:17] [21/459] INHY
[00:49:18] [22/459] SRMO
[00:49:18] [23/459] PIMH
[00:49:19] [24/459] PVTS
[00:49:20] [25/459] MMCA
[00:49:21] [26/459] AKYJ
[00:49:21] [27/459] BRKH
[00:49:22] [28/459] MAHM
[00:49:22] [29/459] CPHY
[00:49:23] [30/459] PVTP
[00:49:23] [31/459] SMMR
[00:49:24] [32/459] PVHM
[00:49:24] [33/459] SNDY
[00:49:25] [34/459] GOKU
[00:49:25] [35/459] ACEV
[00:49:26] [36/459] PVUM
[00:49:27] [37/459] VSWA
[00:49:28] [38/459] IPRS
[00:49:28] [39/459] ASGN
[00:49:29] [40/459] BKMV
[00:49:29] [41/459] PVYH
[00:49:29] [42/459] INKM
[00:49:30] [43/459] ARJU
[00:49:31] [44/459] JJPP
[00:49:31] [45/459] SSRM
[00:49:32] [46/459] HMHD
[00:49:32] [47/459] SNKH
[00:49:33] [48/459] ACHI
[00:49:34] [49/459] MRAA
[00:49:35] [50/459] INMH
[00:49:35] [51/459] ARMH
[00:49:36] [52/459] DVRR
[00:49:36] [53/459] SUDA
[00:49:37] [54/459] MCSS
[00:49:38] [55/459] VRKC
[00:49:39] [56/459] PRCX
[00:49:39] [57/459] ASJY
[00:49:40] [58/459] MTHY
[00:49:41] [59/459] SRCM
[00:49:41] [60/459] TVHY
[00:49:42] [61/459] STHD
[00:49:42] [62/459] CPCL
[00:49:43] [63/459] PSMJ
[00:49:44] [64/459] MRGT
[00:49:44] [65/459] ARYH
[00:49:45] [66/459] VTRB
[00:49:45] [67/459] SCHC
[00:49:46] [68/459] MRRG
[00:49:47] [69/459] SPCB
[00:49:47] [70/459] AMCM
[00:49:48] [71/459] IVNM
[00:49:49] [72/459] TRHY
[00:49:49] [73/459] PTTH
[00:49:50] [74/459] RKMH
[00:49:51] [75/459] PRCS
[00:49:52] [76/459] VAJA
[00:49:52] [77/459] BJNG
[00:49:53] [78/459] SCVM
[00:49:54] [79/459] GNHB
[00:49:54] [80/459] TLUR
[00:49:54] [81/459] UKCC
[00:49:55] [82/459] SRKR
[00:49:56] [83/459] RMKN
[00:49:56] [84/459] SLRT
[00:49:57] [85/459] LKMT
[00:49:58] [86/459] SSRJ
[00:49:58] [87/459] SPHT
[00:49:59] [88/459] ANTT
[00:50:00] [89/459] SRCH
[00:50:01] [90/459] SRCA
[00:50:02] [91/459] ARTH
[00:50:02] [92/459] MCBH
[00:50:03] [93/459] SNIB
[00:50:04] [94/459] SART
[00:50:05] [95/459] SKTA
[00:50:06] [96/459] YAKT
[00:50:06] [97/459] MLCK
[00:50:07] [98/459] ANTS
[00:50:08] [99/459] DGCA
[00:50:08] [100/459] SGMP
[00:50:09] [101/459] ASWN
[00:50:10] [102/459] KFVU
[00:50:10] [103/459] POOR
[00:50:11] [104/459] GKDN
[00:50:12] [105/459] EOSE
[00:50:13] [106/459] GTTT
[00:50:14] [107/459] ARRO
[00:50:14] [108/459] CMMK
[00:50:15] [109/459] MSCN
[00:50:15] [110/459] GDKH
[00:50:16] [111/459] DLMT
[00:50:16] [112/459] PVMF
[00:50:17] [113/459] CPCK
[00:50:18] [114/459] VMHE
[00:50:19] [115/459] PVLC
[00:50:19] [116/459] PCVB
[00:50:20] [117/459] SNYK
[00:50:20] [118/459] KTEK
[00:50:21] [119/459] PCNM
[00:50:21] [120/459] NTTR
[00:50:22] [121/459] CPSK
[00:50:22] [122/459] JMMA
[00:50:23] [123/459] GCFK
[00:50:24] [124/459] MYCA
[00:50:24] [125/459] KSNP
[00:50:25] [126/459] PMCE
[00:50:25] [127/459] SCKI
[00:50:26] [128/459] FSMA
[00:50:26] [129/459] CETA
[00:50:27] [130/459] MCIK
[00:50:28] [131/459] MYCR
[00:50:28] [132/459] EVMP
[00:50:29] [133/459] SSGT
[00:50:29] [134/459] KCTK
[00:50:30] [135/459] ZTKC
[00:50:31] [136/459] MMTA
[00:50:31] [137/459] MAJT
[00:50:32] [138/459] ACPK
[00:50:33] [139/459] JMAX
[00:50:33] [140/459] SETK
[00:50:34] [141/459] CAIS
[00:50:34] [142/459] AGCD
[00:50:35] [143/459] URCL
[00:50:36] [144/459] VTDS
[00:50:36] [145/459] JCNM
[00:50:37] [146/459] KCAM
[00:50:38] [147/459] ADCU
[00:50:38] [148/459] GXYN
[00:50:38] [149/459] SMJG
[00:50:39] [150/459] EYCJ
[00:50:40] [151/459] CCEJ
[00:50:40] [152/459] MARS
[00:50:41] [153/459] CPVJ
[00:50:42] [154/459] INVP
[00:50:42] [155/459] CPOV
[00:50:43] [156/459] VIJK
[00:50:44] [157/459] LAIM
[00:50:44] [158/459] STHV
[00:50:45] [159/459] SVLJ
[00:50:45] [160/459] ATVJ
[00:50:46] [161/459] JTSC
[00:50:46] [162/459] RMTV
[00:50:47] [163/459] MGGG
[00:50:47] [164/459] SWTH
[00:50:48] [165/459] INVJ
[00:50:49] [166/459] PRSV
[00:50:49] [167/459] JATV
[00:50:50] [168/459] RCVD
[00:50:50] [169/459] BDMA
[00:50:51] [170/459] BLJI
[00:50:52] [171/459] SWOT
[00:50:52] [172/459] SWRN
[00:50:53] [173/459] TVRA
[00:50:53] [174/459] VCSV
[00:50:54] [175/459] NVRN
[00:50:55] [176/459] SIKC
[00:50:55] [177/459] VAKR
[00:50:56] [178/459] SYLN
[00:50:57] [179/459] KLJL
[00:50:58] [180/459] LKMY
[00:50:58] [181/459] VSLY
[00:50:59] [182/459] CIKO
[00:50:59] [183/459] GPBG
[00:51:00] [184/459] CECM
[00:51:01] [185/459] SLKB
[00:51:01] [186/459] MTBO
[00:51:02] [187/459] SSHB
[00:51:03] [188/459] VPCS
[00:51:03] [189/459] RCSR
[00:51:04] [190/459] RJRM
[00:51:04] [191/459] KPPB
[00:51:05] [192/459] SEDC
[00:51:06] [193/459] SCAI
[00:51:06] [194/459] RMTR
[00:51:07] [195/459] ASST
[00:51:07] [196/459] GCAK
[00:51:08] [197/459] ANNK
[00:51:09] [198/459] KDDF
[00:51:09] [199/459] NRDP
[00:51:10] [200/459] PLAK
[00:51:10] [201/459] GCMC
[00:51:11] [202/459] ALPY
[00:51:12] [203/459] SICE
[00:51:13] [204/459] SISR
[00:51:14] [205/459] SRPZ
[00:51:14] [206/459] SRSW
[00:51:15] [207/459] SUYA
[00:51:16] [208/459] AMMT
[00:51:16] [209/459] BHCU
[00:51:17] [210/459] KLPA
[00:51:18] [211/459] NVKH
[00:51:18] [212/459] JMRC
[00:51:18] [213/459] KTTT
[00:51:19] [214/459] MAGH
[00:51:20] [215/459] MMMX
[00:51:20] [216/459] SALJ
[00:51:21] [217/459] GTJA
[00:51:21] [218/459] MAHT
[00:51:22] [219/459] SSNN
[00:51:22] [220/459] ARRP
[00:51:23] [221/459] ATNS
[00:51:24] [222/459] SKDT
[00:51:24] [223/459] ACAT
[00:51:26] [224/459] APRC
[00:51:26] [225/459] SWAG
[00:51:27] [226/459] SDPT
[00:51:27] [227/459] STPS
[00:51:28] [228/459] WWCZ
[00:51:29] [229/459] LLCH
[00:51:29] [230/459] MZHA
[00:51:30] [231/459] CRJG
[00:51:30] [232/459] JGTK
[00:51:31] [233/459] KCSR
[00:51:32] [234/459] CHTL
[00:51:33] [235/459] EDSR
[00:51:33] [236/459] CSWO
[00:51:34] [237/459] CPVM
[00:51:34] [238/459] MXBY
[00:51:35] [239/459] FMMA
[00:51:35] [240/459] POVI
[00:51:36] [241/459] MTHB
[00:51:36] [242/459] INRC
[00:51:37] [243/459] PIPP
[00:51:37] [244/459] BMXC
[00:51:38] [245/459] PCMM
[00:51:39] [246/459] PMKM
[00:51:39] [247/459] GATY
[00:51:40] [248/459] IMCM
[00:51:40] [249/459] POPE
[00:51:41] [250/459] MTCR
[00:51:42] [251/459] PVAE
[00:51:42] [252/459] PVMI
[00:51:43] [253/459] CPNM
[00:51:44] [254/459] FMRL
[00:51:44] [255/459] MCIW
[00:51:45] [256/459] MXBO
[00:51:46] [257/459] FMKY
[00:51:46] [258/459] FMDA
[00:51:47] [259/459] THAB
[00:51:48] [260/459] PRCW
[00:51:48] [261/459] PITI
[00:51:49] [262/459] MCFF
[00:51:49] [263/459] PDDV
[00:51:50] [264/459] MCRM
[00:51:50] [265/459] KKMB
[00:51:51] [266/459] INKO
[00:51:52] [267/459] PLXP
[00:51:52] [268/459] MMHA
[00:51:53] [269/459] FMVS
[00:51:53] [270/459] POLM
[00:51:54] [271/459] STER
[00:51:55] [272/459] PVWJ
[00:51:55] [273/459] IMJW
[00:51:56] [274/459] FNAN
[00:51:57] [275/459] CAGL
[00:51:57] [276/459] IPBG
[00:51:58] [277/459] SMFV
[00:51:59] [278/459] MMMR
[00:52:00] [279/459] MMWM
[00:52:00] [280/459] FNCM
[00:52:01] [281/459] MDVA
[00:52:01] [282/459] MMET
[00:52:02] [283/459] MIDO
[00:52:02] [284/459] INNP
[00:52:03] [285/459] MIFU
[00:52:04] [286/459] MMSZ
[00:52:04] [287/459] BMXA
[00:52:06] [288/459] MCAA
[00:52:06] [289/459] SCVP
[00:52:07] [290/459] PLUS
[00:52:07] [291/459] MUCK
[00:52:08] [292/459] MTMA
[00:52:08] [293/459] HPVR
[00:52:09] [294/459] PMPK
[00:52:10] [295/459] MAJB
[00:52:10] [296/459] CTRR
[00:52:11] [297/459] MCTG
[00:52:12] [298/459] MACE
[00:52:12] [299/459] AAAS
[00:52:13] [300/459] CPVV
[00:52:13] [301/459] RCHG
[00:52:14] [302/459] MCNE
[00:52:15] [303/459] EMNC
[00:52:15] [304/459] MCAN
[00:52:16] [305/459] TCDM
[00:52:16] [306/459] IRGT
[00:52:17] [307/459] GCMG
[00:52:17] [308/459] MXSN
[00:52:18] [309/459] MXCK
[00:52:18] [310/459] MCRC
[00:52:19] [311/459] RSMI
[00:52:20] [312/459] WAML
[00:52:20] [313/459] MTSC
[00:52:21] [314/459] FMDR
[00:52:21] [315/459] LEPV
[00:52:22] [316/459] MTGD
[00:52:22] [317/459] IMOB
[00:52:23] [318/459] CLMM
[00:52:24] [319/459] PZCD
[00:52:24] [320/459] GOCS
[00:52:25] [321/459] KCMA
[00:52:26] [322/459] CCMP
[00:52:26] [323/459] MTSU
[00:52:27] [324/459] SNGL
[00:52:27] [325/459] MMMC
[00:52:28] [326/459] MMAA
[00:52:29] [327/459] GCDM
[00:52:29] [328/459] KTMV
[00:52:30] [329/459] AETE
[00:52:30] [330/459] OMCS
[00:52:31] [331/459] GDCD
[00:52:31] [332/459] NYMD
[00:52:32] [333/459] RNCV
[00:52:33] [334/459] KKMT
[00:52:33] [335/459] GDTH
[00:52:34] [336/459] KMMV
[00:52:34] [337/459] NHCG
[00:52:35] [338/459] PJDW
[00:52:35] [339/459] MMCV
[00:52:36] [340/459] FQSA
[00:52:37] [341/459] KURL
[00:52:37] [342/459] NNNX
[00:52:38] [343/459] AMAU
[00:52:38] [344/459] VVVM
[00:52:39] [345/459] VECU
[00:52:39] [346/459] WCVR
[00:52:40] [347/459] MTGG
[00:52:41] [348/459] SGTG
[00:52:41] [349/459] MNTG
[00:52:42] [350/459] JDDG
[00:52:43] [351/459] MBTK
[00:52:43] [352/459] SGCD
[00:52:44] [353/459] MCTC
[00:52:44] [354/459] JTPC
[00:52:45] [355/459] SDKT
[00:52:46] [356/459] KRCC
[00:52:46] [357/459] RMMD
[00:52:47] [358/459] AAME
[00:52:47] [359/459] TMWC
[00:52:48] [360/459] NRWY
[00:52:48] [361/459] CITD
[00:52:49] [362/459] VERD
[00:52:49] [363/459] MKSK
[00:52:50] [364/459] STSM
[00:52:50] [365/459] MJDG
[00:52:51] [366/459] RKPM
[00:52:51] [367/459] SSCE
[00:52:52] [368/459] VMAE
[00:52:52] [369/459] SBRU
[00:52:53] [370/459] AMBC
[00:52:53] [371/459] AMLU
[00:52:54] [372/459] INVZ
[00:52:55] [373/459] LGTV
[00:52:55] [374/459] SVAD
[00:52:56] [375/459] SMSA
[00:52:56] [376/459] SPCZ
[00:52:57] [377/459] GTCX
[00:52:57] [378/459] SCSL
[00:52:58] [379/459] SAHU
[00:52:58] [380/459] NCDA
[00:52:59] [381/459] SCCG
[00:53:00] [382/459] VKTL
[00:53:00] [383/459] PUUJ
[00:53:01] [384/459] STEJ
[00:53:02] [385/459] RJAL
[00:53:02] [386/459] ACJC
[00:53:03] [387/459] VTHC
[00:53:03] [388/459] ARVB
[00:53:04] [389/459] AUBB
[00:53:05] [390/459] GDBR
[00:53:05] [391/459] PVND
[00:53:06] [392/459] BGRJ
[00:53:07] [393/459] RJMM
[00:53:07] [394/459] MCSA
[00:53:08] [395/459] BODA
[00:53:08] [396/459] JAGG
[00:53:09] [397/459] SCGA
[00:53:09] [398/459] LRCM
[00:53:10] [399/459] CPCN
[00:53:11] [400/459] SSTF
[00:53:11] [401/459] SRXP
[00:53:12] [402/459] CNFX
[00:53:12] [403/459] ANDI
[00:53:13] [404/459] SYEW
[00:53:14] [405/459] RCRE
[00:53:14] [406/459] SCRW
[00:53:15] [407/459] MBKR
[00:53:15] [408/459] ASNT
[00:53:16] [409/459] JTMT
[00:53:17] [410/459] SHAY
[00:53:17] [411/459] VRTH
[00:53:18] [412/459] SPTI
[00:53:19] [413/459] DPTD
[00:53:19] [414/459] TGSN
[00:53:20] [415/459] RCWV
[00:53:20] [416/459] OCUR
[00:53:21] [417/459] KSTC
[00:53:21] [418/459] SANI
[00:53:22] [419/459] MLCA
[00:53:22] [420/459] EGCA
[00:53:23] [421/459] SYSN
[00:53:23] [422/459] PKTA
[00:53:24] [423/459] PRCC
[00:53:24] [424/459] KSTR
[00:53:25] [425/459] SNTP
[00:53:26] [426/459] RCHA
[00:53:26] [427/459] SEEA
[00:53:27] [428/459] ALAT
[00:53:28] [429/459] AATV
[00:53:28] [430/459] RJTE
[00:53:29] [431/459] AAPP
[00:53:29] [432/459] PMMH
[00:53:30] [433/459] INRJ
[00:53:31] [434/459] SARB
[00:53:31] [435/459] PCJL
[00:53:32] [436/459] PFJJ
[00:53:33] [437/459] GRDC
[00:53:33] [438/459] BCBA
[00:53:34] [439/459] VIXL
[00:53:34] [440/459] CSTL
[00:53:35] [441/459] MTDK
[00:53:36] [442/459] TDAC
[00:53:36] [443/459] GTDN
[00:53:37] [444/459] TTDE
[00:53:37] [445/459] ASTS
[00:53:38] [446/459] CPNS
[00:53:38] [447/459] PVVW
[00:53:39] [448/459] USEB
[00:53:40] [449/459] DTYN
[00:53:40] [450/459] PVLE
[00:53:41] [451/459] CIPS
[00:53:41] [452/459] PAEG
[00:53:42] [453/459] PTCW
[00:53:42] [454/459] G3SR
[00:53:43] [455/459] PGND
[00:53:43] [456/459] INVM
[00:53:44] [457/459] SPIA
[00:53:45] [458/459] PCSN
[00:53:45] [459/459] PPGV
[00:53:46] ✅ DONE | Shows=5 | Movies=1
[01:53:49] 🚀 BMS DAILY TRACKER STARTED
[01:53:49] [1/459] FNDB
[01:53:49] 🧠 New identity
[01:53:51] [2/459] AMBH
[01:53:52] [3/459] PRHN
[01:53:52] [4/459] ACPM
[01:53:53] [5/459] PVFS
[01:53:54] [6/459] AACN
[01:53:55] [7/459] ACAS
[01:53:56] [8/459] CTNR
[01:53:57] [9/459] MMAH
[01:53:57] [10/459] CPMH
[01:53:58] [11/459] IGMH
[01:54:00] [12/459] ABCS
[01:54:01] [13/459] CMMA
[01:54:02] [14/459] GPRH
[01:54:03] [15/459] PNNG
[01:54:03] [16/459] AMCA
[01:54:05] [17/459] ISTN
[01:54:05] [18/459] PIIC
[01:54:06] [19/459] AHMH
[01:54:07] [20/459] ASHN
[01:54:08] [21/459] INHY
[01:54:10] [22/459] SRMO
[01:54:11] [23/459] PIMH
[01:54:12] [24/459] PVTS
[01:54:12] [25/459] MMCA
[01:54:13] [26/459] AKYJ
[01:54:15] [27/459] BRKH
[01:54:16] [28/459] MAHM
[01:54:17] [29/459] CPHY
[01:54:17] [30/459] PVTP
[01:54:19] [31/459] SMMR
[01:54:20] [32/459] PVHM
[01:54:21] [33/459] SNDY
[01:54:22] [34/459] GOKU
[01:54:22] [35/459] ACEV
[01:54:23] [36/459] PVUM
[01:54:24] [37/459] VSWA
[01:54:26] [38/459] IPRS
[01:54:27] [39/459] ASGN
[01:54:28] [40/459] BKMV
[01:54:29] [41/459] PVYH
[01:54:30] [42/459] INKM
[01:54:30] [43/459] ARJU
[01:54:31] [44/459] JJPP
[01:54:32] [45/459] SSRM
[01:54:33] [46/459] HMHD
[01:54:35] [47/459] SNKH
[01:54:36] [48/459] ACHI
[01:54:37] [49/459] MRAA
[01:54:38] [50/459] INMH
[01:54:39] [51/459] ARMH
[01:54:39] [52/459] DVRR
[01:54:41] [53/459] SUDA
[01:54:41] [54/459] MCSS
[01:54:42] [55/459] VRKC
[01:54:44] [56/459] PRCX
[01:54:45] [57/459] ASJY
[01:54:46] [58/459] MTHY
[01:54:47] [59/459] SRCM
[01:54:48] [60/459] TVHY
[01:54:49] [61/459] STHD
[01:54:50] [62/459] CPCL
[01:54:51] [63/459] PSMJ
[01:54:51] [64/459] MRGT
[01:54:52] [65/459] ARYH
[01:54:53] [66/459] VTRB
[01:54:54] [67/459] SCHC
[01:54:55] [68/459] MRRG
[01:54:56] [69/459] SPCB
[01:54:57] [70/459] AMCM
[01:54:57] [71/459] IVNM
[01:54:58] [72/459] TRHY
[01:54:59] [73/459] PTTH
[01:55:00] [74/459] RKMH
[01:55:01] [75/459] PRCS
[01:55:02] [76/459] VAJA
[01:55:03] [77/459] BJNG
[01:55:04] [78/459] SCVM
[01:55:04] [79/459] GNHB
[01:55:05] [80/459] TLUR
[01:55:06] [81/459] UKCC
[01:55:07] [82/459] SRKR
[01:55:07] [83/459] RMKN
[01:55:08] [84/459] SLRT
[01:55:09] [85/459] LKMT
[01:55:10] [86/459] SSRJ
[01:55:11] [87/459] SPHT
[01:55:11] [88/459] ANTT
[01:55:12] [89/459] SRCH
[01:55:13] [90/459] SRCA
[01:55:14] [91/459] ARTH
[01:55:15] [92/459] MCBH
[01:55:16] [93/459] SNIB
[01:55:17] [94/459] SART
[01:55:17] [95/459] SKTA
[01:55:18] [96/459] YAKT
[01:55:19] [97/459] MLCK
[01:55:20] [98/459] ANTS
[01:55:21] [99/459] DGCA
[01:55:21] [100/459] SGMP
[01:55:22] [101/459] ASWN
[01:55:23] [102/459] KFVU
[01:55:24] [103/459] POOR
[01:55:25] [104/459] GKDN
[01:55:26] [105/459] EOSE
[01:55:27] [106/459] GTTT
[01:55:27] [107/459] ARRO
[01:55:28] [108/459] CMMK
[01:55:29] [109/459] MSCN
[01:55:30] [110/459] GDKH
[01:55:31] [111/459] DLMT
[01:55:32] [112/459] PVMF
[01:55:34] [113/459] CPCK
[01:55:35] [114/459] VMHE
[01:55:36] [115/459] PVLC
[01:55:37] [116/459] PCVB
[01:55:37] [117/459] SNYK
[01:55:39] [118/459] KTEK
[01:55:40] [119/459] PCNM
[01:55:40] [120/459] NTTR
[01:55:41] [121/459] CPSK
[01:55:42] [122/459] JMMA
[01:55:43] [123/459] GCFK
[01:55:44] [124/459] MYCA
[01:55:45] [125/459] KSNP
[01:55:46] [126/459] PMCE
[01:55:47] [127/459] SCKI
[01:55:47] [128/459] FSMA
[01:55:48] [129/459] CETA
[01:55:49] [130/459] MCIK
[01:55:50] [131/459] MYCR
[01:55:51] [132/459] EVMP
[01:55:52] [133/459] SSGT
[01:55:53] [134/459] KCTK
[01:55:53] [135/459] ZTKC
[01:55:54] [136/459] MMTA
[01:55:55] [137/459] MAJT
[01:55:56] [138/459] ACPK
[01:55:57] [139/459] JMAX
[01:55:57] [140/459] SETK
[01:55:58] [141/459] CAIS
[01:55:59] [142/459] AGCD
[01:56:00] [143/459] URCL
[01:56:00] [144/459] VTDS
[01:56:01] [145/459] JCNM
[01:56:02] [146/459] KCAM
[01:56:03] [147/459] ADCU
[01:56:04] [148/459] GXYN
[01:56:05] [149/459] SMJG
[01:56:06] [150/459] EYCJ
[01:56:07] [151/459] CCEJ
[01:56:08] [152/459] MARS
[01:56:09] [153/459] CPVJ
[01:56:10] [154/459] INVP
[01:56:11] [155/459] CPOV
[01:56:12] [156/459] VIJK
[01:56:13] [157/459] LAIM
[01:56:14] [158/459] STHV
[01:56:15] [159/459] SVLJ
[01:56:15] [160/459] ATVJ
[01:56:17] [161/459] JTSC
[01:56:18] [162/459] RMTV
[01:56:18] [163/459] MGGG
[01:56:19] [164/459] SWTH
[01:56:20] [165/459] INVJ
[01:56:21] [166/459] PRSV
[01:56:21] [167/459] JATV
[01:56:22] [168/459] RCVD
[01:56:23] [169/459] BDMA
[01:56:24] [170/459] BLJI
[01:56:25] [171/459] SWOT
[01:56:26] [172/459] SWRN
[01:56:27] [173/459] TVRA
[01:56:27] [174/459] VCSV
[01:56:28] [175/459] NVRN
[01:56:29] [176/459] SIKC
[01:56:30] [177/459] VAKR
[01:56:31] [178/459] SYLN
[01:56:32] [179/459] KLJL
[01:56:33] [180/459] LKMY
[01:56:33] [181/459] VSLY
[01:56:34] [182/459] CIKO
[01:56:35] [183/459] GPBG
[01:56:36] [184/459] CECM
[01:56:37] [185/459] SLKB
[01:56:38] [186/459] MTBO
[01:56:39] [187/459] SSHB
[01:56:40] [188/459] VPCS
[01:56:41] [189/459] RCSR
[01:56:43] [190/459] RJRM
[01:56:44] [191/459] KPPB
[01:56:45] [192/459] SEDC
[01:56:46] [193/459] SCAI
[01:56:46] [194/459] RMTR
[01:56:47] [195/459] ASST
[01:56:48] [196/459] GCAK
[01:56:48] [197/459] ANNK
[01:56:49] [198/459] KDDF
[01:56:50] [199/459] NRDP
[01:56:51] [200/459] PLAK
[01:56:52] [201/459] GCMC
[01:56:53] [202/459] ALPY
[01:56:54] [203/459] SICE
[01:56:55] [204/459] SISR
[01:56:56] [205/459] SRPZ
[01:56:57] [206/459] SRSW
[01:56:57] [207/459] SUYA
[01:56:58] [208/459] AMMT
[01:56:59] [209/459] BHCU
[01:57:00] [210/459] KLPA
[01:57:01] [211/459] NVKH
[01:57:02] [212/459] JMRC
[01:57:02] [213/459] KTTT
[01:57:03] [214/459] MAGH
[01:57:04] [215/459] MMMX
[01:57:05] [216/459] SALJ
[01:57:06] [217/459] GTJA
[01:57:07] [218/459] MAHT
[01:57:08] [219/459] SSNN
[01:57:09] [220/459] ARRP
[01:57:09] [221/459] ATNS
[01:57:10] [222/459] SKDT
[01:57:11] [223/459] ACAT
[01:57:12] [224/459] APRC
[01:57:13] [225/459] SWAG
[01:57:14] [226/459] SDPT
[01:57:15] [227/459] STPS
[01:57:16] [228/459] WWCZ
[01:57:16] [229/459] LLCH
[01:57:17] [230/459] MZHA
[01:57:18] [231/459] CRJG
[01:57:19] [232/459] JGTK
[01:57:20] [233/459] KCSR
[01:57:21] [234/459] CHTL
[01:57:22] [235/459] EDSR
[01:57:23] [236/459] CSWO
[01:57:23] [237/459] CPVM
[01:57:24] [238/459] MXBY
[01:57:25] [239/459] FMMA
[01:57:26] [240/459] POVI
[01:57:27] [241/459] MTHB
[01:57:27] [242/459] INRC
[01:57:28] [243/459] PIPP
[01:57:29] [244/459] BMXC
[01:57:30] [245/459] PCMM
[01:57:31] [246/459] PMKM
[01:57:32] [247/459] GATY
[01:57:33] [248/459] IMCM
[01:57:33] [249/459] POPE
[01:57:34] [250/459] MTCR
[01:57:35] [251/459] PVAE
[01:57:36] [252/459] PVMI
[01:57:37] [253/459] CPNM
[01:57:38] [254/459] FMRL
[01:57:39] [255/459] MCIW
[01:57:40] [256/459] MXBO
[01:57:41] [257/459] FMKY
[01:57:42] [258/459] FMDA
[01:57:42] [259/459] THAB
[01:57:44] [260/459] PRCW
[01:57:46] [261/459] PITI
[01:57:47] [262/459] MCFF
[01:57:47] [263/459] PDDV
[01:57:48] [264/459] MCRM
[01:57:49] [265/459] KKMB
[01:57:50] [266/459] INKO
[01:57:51] [267/459] PLXP
[01:57:52] [268/459] MMHA
[01:57:53] [269/459] FMVS
[01:57:54] [270/459] POLM
[01:57:55] [271/459] STER
[01:57:56] [272/459] PVWJ
[01:57:57] [273/459] IMJW
[01:57:58] [274/459] FNAN
[01:57:59] [275/459] CAGL
[01:58:00] [276/459] IPBG
[01:58:01] [277/459] SMFV
[01:58:01] [278/459] MMMR
[01:58:03] [279/459] MMWM
[01:58:04] [280/459] FNCM
[01:58:06] [281/459] MDVA
[01:58:07] [282/459] MMET
[01:58:07] [283/459] MIDO
[01:58:08] [284/459] INNP
[01:58:09] [285/459] MIFU
[01:58:10] [286/459] MMSZ
[01:58:11] [287/459] BMXA
[01:58:12] [288/459] MCAA
[01:58:13] [289/459] SCVP
[01:58:13] [290/459] PLUS
[01:58:14] [291/459] MUCK
[01:58:15] [292/459] MTMA
[01:58:17] [293/459] HPVR
[01:58:18] [294/459] PMPK
[01:58:19] [295/459] MAJB
[01:58:19] [296/459] CTRR
[01:58:20] [297/459] MCTG
[01:58:21] [298/459] MACE
[01:58:22] [299/459] AAAS
[01:58:23] [300/459] CPVV
[01:58:24] [301/459] RCHG
[01:58:25] [302/459] MCNE
[01:58:26] [303/459] EMNC
[01:58:27] [304/459] MCAN
[01:58:28] [305/459] TCDM
[01:58:29] [306/459] IRGT
[01:58:30] [307/459] GCMG
[01:58:31] [308/459] MXSN
[01:58:31] [309/459] MXCK
[01:58:32] [310/459] MCRC
[01:58:33] [311/459] RSMI
[01:58:35] [312/459] WAML
[01:58:36] [313/459] MTSC
[01:58:37] [314/459] FMDR
[01:58:38] [315/459] LEPV
[01:58:39] [316/459] MTGD
[01:58:40] [317/459] IMOB
[01:58:41] [318/459] CLMM
[01:58:42] [319/459] PZCD
[01:58:42] [320/459] GOCS
[01:58:43] [321/459] KCMA
[01:58:44] [322/459] CCMP
[01:58:45] [323/459] MTSU
[01:58:46] [324/459] SNGL
[01:58:47] [325/459] MMMC
[01:58:48] [326/459] MMAA
[01:58:50] [327/459] GCDM
[01:58:50] [328/459] KTMV
[01:58:51] [329/459] AETE
[01:58:52] [330/459] OMCS
[01:58:53] [331/459] GDCD
[01:58:54] [332/459] NYMD
[01:58:55] [333/459] RNCV
[01:58:55] [334/459] KKMT
[01:58:56] [335/459] GDTH
[01:58:57] [336/459] KMMV
[01:58:58] [337/459] NHCG
[01:58:59] [338/459] PJDW
[01:59:01] [339/459] MMCV
[01:59:02] [340/459] FQSA
[01:59:02] [341/459] KURL
[01:59:03] [342/459] NNNX
[01:59:04] [343/459] AMAU
[01:59:05] [344/459] VVVM
[01:59:07] [345/459] VECU
[01:59:07] [346/459] WCVR
[01:59:08] [347/459] MTGG
[01:59:09] [348/459] SGTG
[01:59:11] [349/459] MNTG
[01:59:12] [350/459] JDDG
[01:59:13] [351/459] MBTK
[01:59:14] [352/459] SGCD
[01:59:15] [353/459] MCTC
[01:59:15] [354/459] JTPC
[01:59:16] [355/459] SDKT
[01:59:17] [356/459] KRCC
[01:59:18] [357/459] RMMD
[01:59:19] [358/459] AAME
[01:59:20] [359/459] TMWC
[01:59:21] [360/459] NRWY
[01:59:22] [361/459] CITD
[01:59:23] [362/459] VERD
[01:59:23] [363/459] MKSK
[01:59:24] [364/459] STSM
[01:59:25] [365/459] MJDG
[01:59:26] [366/459] RKPM
[01:59:27] [367/459] SSCE
[01:59:28] [368/459] VMAE
[01:59:29] [369/459] SBRU
[01:59:30] [370/459] AMBC
[01:59:31] [371/459] AMLU
[01:59:32] [372/459] INVZ
[01:59:33] [373/459] LGTV
[01:59:34] [374/459] SVAD
[01:59:34] [375/459] SMSA
[01:59:35] [376/459] SPCZ
[01:59:36] [377/459] GTCX
[01:59:37] [378/459] SCSL
[01:59:38] [379/459] SAHU
[01:59:38] [380/459] NCDA
[01:59:39] [381/459] SCCG
[01:59:40] [382/459] VKTL
[01:59:41] [383/459] PUUJ
[01:59:42] [384/459] STEJ
[01:59:43] [385/459] RJAL
[01:59:44] [386/459] ACJC
[01:59:45] [387/459] VTHC
[01:59:46] [388/459] ARVB
[01:59:47] [389/459] AUBB
[01:59:47] [390/459] GDBR
[01:59:48] [391/459] PVND
[01:59:49] [392/459] BGRJ
[01:59:51] [393/459] RJMM
[01:59:51] [394/459] MCSA
[01:59:52] [395/459] BODA
[01:59:53] [396/459] JAGG
[01:59:54] [397/459] SCGA
[01:59:55] [398/459] LRCM
[01:59:55] [399/459] CPCN
[01:59:56] [400/459] SSTF
[01:59:57] [401/459] SRXP
[01:59:59] [402/459] CNFX
[01:59:59] [403/459] ANDI
[02:00:01] [404/459] SYEW
[02:00:02] [405/459] RCRE
[02:00:04] [406/459] SCRW
[02:00:05] [407/459] MBKR
[02:00:07] [408/459] ASNT
[02:00:07] [409/459] JTMT
[02:00:09] [410/459] SHAY
[02:00:10] [411/459] VRTH
[02:00:12] [412/459] SPTI
[02:00:13] [413/459] DPTD
[02:00:14] [414/459] TGSN
[02:00:15] [415/459] RCWV
[02:00:17] [416/459] OCUR
[02:00:18] [417/459] KSTC
[02:00:19] [418/459] SANI
[02:00:21] [419/459] MLCA
[02:00:22] [420/459] EGCA
[02:00:22] [421/459] SYSN
[02:00:23] [422/459] PKTA
[02:00:24] [423/459] PRCC
[02:00:25] [424/459] KSTR
[02:00:27] [425/459] SNTP
[02:00:28] [426/459] RCHA
[02:00:28] [427/459] SEEA
[02:00:29] [428/459] ALAT
[02:00:30] [429/459] AATV
[02:00:31] [430/459] RJTE
[02:00:32] [431/459] AAPP
[02:00:33] [432/459] PMMH
[02:00:34] [433/459] INRJ
[02:00:34] [434/459] SARB
[02:00:35] [435/459] PCJL
[02:00:36] [436/459] PFJJ
[02:00:37] [437/459] GRDC
[02:00:38] [438/459] BCBA
[02:00:39] [439/459] VIXL
[02:00:40] [440/459] CSTL
[02:00:41] [441/459] MTDK
[02:00:42] [442/459] TDAC
[02:00:42] [443/459] GTDN
[02:00:43] [444/459] TTDE
[02:00:44] [445/459] ASTS
[02:00:45] [446/459] CPNS
[02:00:46] [447/459] PVVW
[02:00:47] [448/459] USEB
[02:00:48] [449/459] DTYN
[02:00:49] [450/459] PVLE
[02:00:50] [451/459] CIPS
[02:00:50] [452/459] PAEG
[02:00:52] [453/459] PTCW
[02:00:53] [454/459] G3SR
[02:00:54] [455/459] PGND
[02:00:55] [456/459] INVM
[02:00:56] [457/459] SPIA
[02:00:56] [458/459] PCSN
[02:00:57] [459/459] PPGV
[02:00:58] ✅ DONE | Shows=6 | Movies=1
