[00:49:20] 🚀 BMS DAILY TRACKER STARTED
[00:49:20] [1/459] MBDC
[00:49:20] 🧠 New identity
[00:49:22] [2/459] CHKM
[00:49:23] [3/459] JTKZ
[00:49:24] [4/459] CMCT
[00:49:25] [5/459] ASHO
[00:49:26] [6/459] ECDG
[00:49:27] [7/459] SPAT
[00:49:28] [8/459] HILC
[00:49:29] [9/459] SPPH
[00:49:30] [10/459] SBHN
[00:49:31] [11/459] RRCA
[00:49:32] [12/459] APAA
[00:49:33] [13/459] RAME
[00:49:34] [14/459] TMMS
[00:49:35] [15/459] BATK
[00:49:36] [16/459] LKOP
[00:49:37] [17/459] AMTT
[00:49:38] [18/459] PTGK
[00:49:39] [19/459] ANRS
[00:49:40] [20/459] VWBW
[00:49:41] [21/459] SVFG
[00:49:42] [22/459] STAT
[00:49:43] [23/459] GDCV
[00:49:44] [24/459] VEBI
[00:49:45] [25/459] VDSS
[00:49:46] [26/459] NTHV
[00:49:47] [27/459] AOCH
[00:49:48] [28/459] KASR
[00:49:48] [29/459] AYCS
[00:49:50] [30/459] SHAI
[00:49:51] [31/459] SKPE
[00:49:52] [32/459] SBTA
[00:49:52] [33/459] RTTD
[00:49:53] [34/459] CCJD
[00:49:54] [35/459] RSJJ
[00:49:56] [36/459] RKND
[00:49:57] [37/459] SVTX
[00:49:58] [38/459] BAKM
[00:49:58] [39/459] SVDC
[00:49:59] [40/459] MNCV
[00:50:01] [41/459] SJGC
[00:50:02] [42/459] MTPK
[00:50:02] [43/459] GATP
[00:50:03] [44/459] ABTS
[00:50:05] [45/459] ABDE
[00:50:05] [46/459] RCNM
[00:50:07] [47/459] KTHV
[00:50:07] [48/459] MDGJ
[00:50:08] [49/459] SMLM
[00:50:09] [50/459] JTMA
[00:50:10] [51/459] ACKP
[00:50:11] [52/459] SRTA
[00:50:12] [53/459] STAY
[00:50:13] [54/459] MAVO
[00:50:14] [55/459] APTS
[00:50:15] [56/459] OMEA
[00:50:15] [57/459] TTFD
[00:50:16] [58/459] MJCU
[00:50:17] [59/459] CXTE
[00:50:18] [60/459] CTPX
[00:50:19] [61/459] ASSL
[00:50:20] [62/459] CMVB
[00:50:21] [63/459] VPUR
[00:50:22] [64/459] JJDA
[00:50:23] [65/459] INBL
[00:50:24] [66/459] BIKB
[00:50:25] [67/459] NTBB
[00:50:26] [68/459] GLOB
[00:50:27] [69/459] SNTB
[00:50:28] [70/459] CHGV
[00:50:29] [71/459] SSBZ
[00:50:30] [72/459] PRDB
[00:50:31] [73/459] ISMT
[00:50:32] [74/459] MCSD
[00:50:33] [75/459] JBTT
[00:50:34] [76/459] GEKR
[00:50:36] [77/459] PVUN
[00:50:36] [78/459] NRTB
[00:50:37] [79/459] PRAA
[00:50:38] [80/459] PCBL
[00:50:39] [81/459] PTCM
[00:50:41] [82/459] KHNN
[00:50:42] [83/459] OMJE
[00:50:43] [84/459] STGN
[00:50:43] [85/459] RPMS
[00:50:44] [86/459] NWAD
[00:50:45] [87/459] BLCK
[00:50:46] [88/459] SVAA
[00:50:47] [89/459] URVM
[00:50:48] [90/459] ANTM
[00:50:49] [91/459] VJYM
[00:50:50] [92/459] MAZZ
[00:50:51] [93/459] CSHM
[00:50:51] [94/459] WGMH
[00:50:52] [95/459] SALN
[00:50:53] [96/459] BRTP
[00:50:55] [97/459] SVTA
[00:50:56] [98/459] SBTP
[00:50:57] [99/459] VLSS
[00:50:58] [100/459] SRJA
[00:50:59] [101/459] ANCG
[00:51:00] [102/459] CGGC
[00:51:01] [103/459] CRJA
[00:51:01] [104/459] USCR
[00:51:02] [105/459] MMEF
[00:51:03] [106/459] JCRJ
[00:51:04] [107/459] ADCM
[00:51:06] [108/459] BMYK
[00:51:06] [109/459] KICS
[00:51:08] [110/459] MBBT
[00:51:09] [111/459] MACK
[00:51:10] [112/459] CLDR
[00:51:10] [113/459] JYCR
[00:51:12] [114/459] DCRP
[00:51:13] [115/459] RAHT
[00:51:13] [116/459] CSSM
[00:51:14] [117/459] ATPK
[00:51:15] [118/459] KLRT
[00:51:16] [119/459] SRDD
[00:51:17] [120/459] CKMC
[00:51:18] [121/459] KRVM
[00:51:19] [122/459] AKCP
[00:51:20] [123/459] CNCV
[00:51:21] [124/459] PACT
[00:51:21] [125/459] NATP
[00:51:22] [126/459] PCPK
[00:51:23] [127/459] SMHO
[00:51:24] [128/459] CWTK
[00:51:25] [129/459] RVKZ
[00:51:26] [130/459] ASPD
[00:51:27] [131/459] VTKZ
[00:51:27] [132/459] LCSO
[00:51:28] [133/459] PRDY
[00:51:30] [134/459] RCAP
[00:51:31] [135/459] RGAR
[00:51:31] [136/459] RCAC
[00:51:32] [137/459] PMOD
[00:51:33] [138/459] PVCN
[00:51:34] [139/459] SCRZ
[00:51:35] [140/459] PVPC
[00:51:35] [141/459] STID
[00:51:36] [142/459] NEDD
[00:51:37] [143/459] BNBA
[00:51:38] [144/459] NTCD
[00:51:39] [145/459] OCDE
[00:51:40] [146/459] CCDU
[00:51:41] [147/459] CRXH
[00:51:42] [148/459] VLVT
[00:51:43] [149/459] CICI
[00:51:43] [150/459] SUCB
[00:51:44] [151/459] TCBP
[00:51:45] [152/459] SCCY
[00:51:46] [153/459] LXCY
[00:51:47] [154/459] NCMD
[00:51:49] [155/459] PHCS
[00:51:50] [156/459] DUXR
[00:51:51] [157/459] VNKS
[00:51:52] [158/459] SEDP
[00:51:53] [159/459] SVEN
[00:51:54] [160/459] SRKM
[00:51:55] [161/459] JTLT
[00:51:55] [162/459] SVSS
[00:51:56] [163/459] AMDE
[00:51:57] [164/459] WVRN
[00:51:58] [165/459] ISMG
[00:51:59] [166/459] WVKS
[00:52:00] [167/459] USCG
[00:52:01] [168/459] IOTG
[00:52:02] [169/459] RRJM
[00:52:03] [170/459] EDMP
[00:52:03] [171/459] SCGZ
[00:52:05] [172/459] GMGX
[00:52:05] [173/459] OMTP
[00:52:06] [174/459] MITD
[00:52:07] [175/459] SMMD
[00:52:08] [176/459] STML
[00:52:09] [177/459] MCFS
[00:52:10] [178/459] FPKA
[00:52:11] [179/459] OMLR
[00:52:12] [180/459] KKSC
[00:52:13] [181/459] RVMA
[00:52:14] [182/459] SCLL
[00:52:16] [183/459] SCDK
[00:52:17] [184/459] SXMI
[00:52:17] [185/459] SHDN
[00:52:18] [186/459] PAAD
[00:52:19] [187/459] UUCB
[00:52:20] [188/459] JHOL
[00:52:21] [189/459] SGWT
[00:52:22] [190/459] SRII
[00:52:23] [191/459] SGCK
[00:52:23] [192/459] SVVB
[00:52:24] [193/459] DMHA
[00:52:25] [194/459] PPNL
[00:52:26] [195/459] CPNL
[00:52:27] [196/459] WVLD
[00:52:28] [197/459] PSLV
[00:52:29] [198/459] VTTL
[00:52:30] [199/459] NPAD
[00:52:31] [200/459] PVCS
[00:52:32] [201/459] MCHL
[00:52:33] [202/459] PPLL
[00:52:34] [203/459] MALO
[00:52:35] [204/459] SWBH
[00:52:35] [205/459] PUGB
[00:52:36] [206/459] INBB
[00:52:37] [207/459] INNS
[00:52:38] [208/459] MCPT
[00:52:39] [209/459] SCMI
[00:52:41] [210/459] OCON
[00:52:41] [211/459] SCSM
[00:52:43] [212/459] RJVN
[00:52:44] [213/459] AMDK
[00:52:45] [214/459] ISMR
[00:52:46] [215/459] SMTD
[00:52:47] [216/459] VTDD
[00:52:48] [217/459] PDDZ
[00:52:49] [218/459] PCCK
[00:52:49] [219/459] INAM
[00:52:50] [220/459] FNKT
[00:52:51] [221/459] GDKA
[00:52:52] [222/459] MAYU
[00:52:53] [223/459] TCGU
[00:52:54] [224/459] KDCA
[00:52:55] [225/459] DOMY
[00:52:56] [226/459] PDDD
[00:52:57] [227/459] BJTS
[00:52:59] [228/459] VTCA
[00:52:59] [229/459] SBTM
[00:53:01] [230/459] SEET
[00:53:01] [231/459] SSTJ
[00:53:02] [232/459] SVNT
[00:53:03] [233/459] PPPR
[00:53:04] [234/459] PVYS
[00:53:05] [235/459] IOSE
[00:53:06] [236/459] ACTV
[00:53:07] [237/459] APVE
[00:53:08] [238/459] TCCL
[00:53:08] [239/459] SCMO
[00:53:09] [240/459] SAUM
[00:53:10] [241/459] KCJS
[00:53:11] [242/459] NJCJ
[00:53:13] [243/459] NECF
[00:53:13] [244/459] CCGW
[00:53:14] [245/459] CCMG
[00:53:15] [246/459] NYRG
[00:53:16] [247/459] NCSQ
[00:53:17] [248/459] GRCG
[00:53:17] [249/459] CCBT
[00:53:18] [250/459] ACGA
[00:53:19] [251/459] INAG
[00:53:20] [252/459] FUCG
[00:53:21] [253/459] AICF
[00:53:22] [254/459] GRGA
[00:53:23] [255/459] GDCN
[00:53:24] [256/459] RRCG
[00:53:24] [257/459] SDCH
[00:53:25] [258/459] WVJM
[00:53:26] [259/459] JCCZ
[00:53:28] [260/459] CNCL
[00:53:28] [261/459] TMLV
[00:53:29] [262/459] MEMB
[00:53:30] [263/459] SGTD
[00:53:31] [264/459] CONX
[00:53:32] [265/459] CCMH
[00:53:33] [266/459] ACMC
[00:53:34] [267/459] DTPD
[00:53:34] [268/459] POJA
[00:53:35] [269/459] FNBH
[00:53:36] [270/459] CGCB
[00:53:37] [271/459] RACN
[00:53:39] [272/459] JTSM
[00:53:40] [273/459] SCDN
[00:53:40] [274/459] AACK
[00:53:41] [275/459] RMCE
[00:53:42] [276/459] BSGB
[00:53:43] [277/459] MRCB
[00:53:44] [278/459] SRVR
[00:53:45] [279/459] VTKK
[00:53:45] [280/459] AMST
[00:53:47] [281/459] APCY
[00:53:47] [282/459] LMHO
[00:53:48] [283/459] MTZH
[00:53:49] [284/459] AMZB
[00:53:50] [285/459] SUVT
[00:53:51] [286/459] RCIP
[00:53:52] [287/459] KESR
[00:53:53] [288/459] SNKC
[00:53:54] [289/459] SCED
[00:53:55] [290/459] DVCA
[00:53:55] [291/459] VCDT
[00:53:56] [292/459] RRDI
[00:53:57] [293/459] DFCH
[00:53:58] [294/459] INSC
[00:53:59] [295/459] RGTR
[00:53:59] [296/459] FMOT
[00:54:00] [297/459] SCPM
[00:54:01] [298/459] GCDT
[00:54:02] [299/459] BRKT
[00:54:03] [300/459] DEMP
[00:54:04] [301/459] SRLC
[00:54:05] [302/459] KSTT
[00:54:06] [303/459] SMMT
[00:54:07] [304/459] SILM
[00:54:08] [305/459] JCVM
[00:54:09] [306/459] KCSV
[00:54:10] [307/459] MHLK
[00:54:11] [308/459] SLVL
[00:54:12] [309/459] RJKP
[00:54:13] [310/459] BBPC
[00:54:14] [311/459] MXCB
[00:54:15] [312/459] TCPK
[00:54:16] [313/459] RTBR
[00:54:17] [314/459] GAUT
[00:54:18] [315/459] DVCF
[00:54:19] [316/459] JTSB
[00:54:21] [317/459] SBLS
[00:54:21] [318/459] UDAY
[00:54:22] [319/459] PTNP
[00:54:23] [320/459] DMKT
[00:54:24] [321/459] NTDT
[00:54:25] [322/459] SHDJ
[00:54:26] [323/459] OTNC
[00:54:27] [324/459] RNTW
[00:54:28] [325/459] GCMI
[00:54:29] [326/459] CRCM
[00:54:30] [327/459] NNCZ
[00:54:31] [328/459] OEMO
[00:54:32] [329/459] PVJM
[00:54:33] [330/459] CPJI
[00:54:34] [331/459] RMCJ
[00:54:35] [332/459] CNWJ
[00:54:36] [333/459] EPJM
[00:54:37] [334/459] FNJJ
[00:54:38] [335/459] GCMJ
[00:54:39] [336/459] INPS
[00:54:39] [337/459] BICJ
[00:54:40] [338/459] ISTJ
[00:54:41] [339/459] INJC
[00:54:42] [340/459] GLXJ
[00:54:43] [341/459] INEM
[00:54:44] [342/459] JTMN
[00:54:45] [343/459] FRCJ
[00:54:46] [344/459] DDJP
[00:54:47] [345/459] INJV
[00:54:48] [346/459] GOLC
[00:54:49] [347/459] KOCI
[00:54:50] [348/459] FSTD
[00:54:51] [349/459] PACJ
[00:54:52] [350/459] GMCN
[00:54:53] [351/459] MMDJ
[00:54:54] [352/459] GODH
[00:54:55] [353/459] SKYN
[00:54:56] [354/459] NCTH
[00:54:57] [355/459] SKVZ
[00:54:58] [356/459] SVML
[00:54:59] [357/459] ACVZ
[00:55:00] [358/459] SURA
[00:55:01] [359/459] RTRB
[00:55:02] [360/459] LLCT
[00:55:03] [361/459] ATTS
[00:55:04] [362/459] JYCM
[00:55:04] [363/459] CTKR
[00:55:06] [364/459] LCKR
[00:55:06] [365/459] NYCV
[00:55:07] [366/459] NYOH
[00:55:08] [367/459] NOVX
[00:55:09] [368/459] MRGK
[00:55:10] [369/459] MOON
[00:55:11] [370/459] SBUC
[00:55:12] [371/459] GSVA
[00:55:13] [372/459] VIAK
[00:55:13] [373/459] SMVZ
[00:55:15] [374/459] MATE
[00:55:15] [375/459] RDCN
[00:55:16] [376/459] ASBL
[00:55:17] [377/459] ASVS
[00:55:18] [378/459] ASSR
[00:55:19] [379/459] SSKN
[00:55:21] [380/459] DRPV
[00:55:22] [381/459] MRHT
[00:55:23] [382/459] BSCN
[00:55:24] [383/459] RKNX
[00:55:24] [384/459] MSMC
[00:55:26] [385/459] MSCJ
[00:55:27] [386/459] BTBJ
[00:55:28] [387/459] MJCC
[00:55:29] [388/459] IOMM
[00:55:29] [389/459] ADGR
[00:55:31] [390/459] MYCP
[00:55:32] [391/459] IGCM
[00:55:33] [392/459] PGRK
[00:55:34] [393/459] VPGO
[00:55:35] [394/459] KOMS
[00:55:36] [395/459] URGG
[00:55:37] [396/459] GOST
[00:55:38] [397/459] LACT
[00:55:40] [398/459] BWCM
[00:55:41] [399/459] NCCW
[00:55:42] [400/459] SKYC
[00:55:42] [401/459] CCPM
[00:55:43] [402/459] VCBT
[00:55:44] [403/459] SDKR
[00:55:45] [404/459] CTYB
[00:55:46] [405/459] SHCX
[00:55:47] [406/459] RCUN
[00:55:48] [407/459] CNRA
[00:55:49] [408/459] RFCA
[00:55:50] [409/459] RDCU
[00:55:51] [410/459] SARK
[00:55:52] [411/459] SPPP
[00:55:53] [412/459] ADMB
[00:55:54] [413/459] JYOE
[00:55:55] [414/459] SRMD
[00:55:56] [415/459] RJDH
[00:55:57] [416/459] SSTD
[00:55:58] [417/459] AACV
[00:55:59] [418/459] PPVD
[00:56:00] [419/459] STCP
[00:56:01] [420/459] ANJR
[00:56:02] [421/459] ANLS
[00:56:03] [422/459] BIJO
[00:56:03] [423/459] AVAB
[00:56:04] [424/459] SPMD
[00:56:05] [425/459] SVJL
[00:56:06] [426/459] SDDJ
[00:56:07] [427/459] SLTU
[00:56:08] [428/459] SAKA
[00:56:09] [429/459] PMAM
[00:56:10] [430/459] FNAM
[00:56:11] [431/459] ACAM
[00:56:12] [432/459] SCMM
[00:56:13] [433/459] PMAK
[00:56:14] [434/459] NYSA
[00:56:15] [435/459] FCPA
[00:56:15] [436/459] GDAN
[00:56:17] [437/459] RSCA
[00:56:17] [438/459] DMAN
[00:56:19] [439/459] DZCM
[00:56:19] [440/459] NSGL
[00:56:20] [441/459] CCPP
[00:56:21] [442/459] PSMG
[00:56:22] [443/459] GSER
[00:56:23] [444/459] FCCT
[00:56:24] [445/459] FCTB
[00:56:25] [446/459] LCNK
[00:56:26] [447/459] SKTY
[00:56:27] [448/459] INAA
[00:56:27] [449/459] RCWN
[00:56:28] [450/459] VAIS
[00:56:29] [451/459] CVMN
[00:56:30] [452/459] INTS
[00:56:31] [453/459] FRGS
[00:56:32] [454/459] DTCK
[00:56:33] [455/459] MCMH
[00:56:34] [456/459] ECRR
[00:56:35] [457/459] RLLP
[00:56:36] [458/459] CCSN
[00:56:37] [459/459] CCBA
[00:56:37] ✅ DONE | Shows=2 | Movies=1
