[00:49:09] 🚀 BMS DAILY TRACKER STARTED
[00:49:09] [1/459] NECA
[00:49:09] 🧠 New identity
[00:49:10] [2/459] BJLC
[00:49:11] [3/459] BASU
[00:49:11] [4/459] RUPI
[00:49:12] [5/459] LCBK
[00:49:13] [6/459] PMAC
[00:49:13] [7/459] AMLC
[00:49:14] [8/459] LICL
[00:49:15] [9/459] UDMM
[00:49:15] [10/459] STBZ
[00:49:16] [11/459] UUBT
[00:49:17] [12/459] SJKC
[00:49:17] [13/459] TUAL
[00:49:18] [14/459] MRSE
[00:49:18] [15/459] RMRK
[00:49:19] [16/459] TTKP
[00:49:19] [17/459] KTKO
[00:49:20] [18/459] SDBK
[00:49:21] [19/459] MCPR
[00:49:21] [20/459] CHTI
[00:49:22] [21/459] GCCP
[00:49:22] [22/459] SRMY
[00:49:23] [23/459] NYST
[00:49:23] [24/459] NYAG
[00:49:24] [25/459] SBMT
[00:49:25] [26/459] INGA
[00:49:25] [27/459] WSIC
[00:49:26] [28/459] SCSS
[00:49:26] [29/459] COPG
[00:49:27] [30/459] RCGR
[00:49:28] [31/459] TCZA
[00:49:28] [32/459] CNLP
[00:49:29] [33/459] CLKN
[00:49:29] [34/459] LHDF
[00:49:30] [35/459] ELKC
[00:49:30] [36/459] VCEM
[00:49:31] [37/459] SSZA
[00:49:32] [38/459] KRMT
[00:49:32] [39/459] LCMV
[00:49:33] [40/459] AYCZ
[00:49:33] [41/459] CUMS
[00:49:34] [42/459] BOCK
[00:49:34] [43/459] PNMR
[00:49:35] [44/459] PJCP
[00:49:35] [45/459] JDDD
[00:49:36] [46/459] STMS
[00:49:36] [47/459] FLMB
[00:49:37] [48/459] PKCM
[00:49:38] [49/459] SPPR
[00:49:38] [50/459] EYLH
[00:49:39] [51/459] RJCC
[00:49:40] [52/459] MMPS
[00:49:40] [53/459] SHMX
[00:49:41] [54/459] CCNL
[00:49:41] [55/459] RCNV
[00:49:42] [56/459] MAAG
[00:49:42] [57/459] LXCM
[00:49:43] [58/459] RCNI
[00:49:44] [59/459] SNNI
[00:49:44] [60/459] LALC
[00:49:45] [61/459] SOCN
[00:49:45] [62/459] JHTP
[00:49:46] [63/459] PITP
[00:49:46] [64/459] CCKW
[00:49:47] [65/459] MCMC
[00:49:47] [66/459] DEES
[00:49:48] [67/459] SABT
[00:49:49] [68/459] VSPP
[00:49:49] [69/459] ABCT
[00:49:50] [70/459] JVTB
[00:49:50] [71/459] VCBD
[00:49:51] [72/459] RMGG
[00:49:52] [73/459] RNMH
[00:49:52] [74/459] SPGL
[00:49:53] [75/459] JTTR
[00:49:53] [76/459] SICS
[00:49:54] [77/459] SRMI
[00:49:54] [78/459] SSIJ
[00:49:55] [79/459] KFMT
[00:49:55] [80/459] VBIT
[00:49:56] [81/459] JKCT
[00:49:56] [82/459] GCGP
[00:49:57] [83/459] GDCS
[00:49:58] [84/459] TRBA
[00:49:58] [85/459] QUST
[00:49:59] [86/459] VSHM
[00:49:59] [87/459] SDCP
[00:50:00] [88/459] SNVS
[00:50:00] [89/459] NYTO
[00:50:01] [90/459] URWC
[00:50:01] [91/459] GTWH
[00:50:02] [92/459] PFCM
[00:50:03] [93/459] KRTA
[00:50:03] [94/459] AXMC
[00:50:04] [95/459] EVMC
[00:50:04] [96/459] HGSM
[00:50:05] [97/459] ACVM
[00:50:05] [98/459] PSKL
[00:50:06] [99/459] RDMP
[00:50:07] [100/459] RHGH
[00:50:07] [101/459] OMCM
[00:50:08] [102/459] DCCP
[00:50:09] [103/459] MCPB
[00:50:09] [104/459] ALCI
[00:50:10] [105/459] BLMX
[00:50:10] [106/459] BTMV
[00:50:11] [107/459] FVPN
[00:50:12] [108/459] CMAR
[00:50:12] [109/459] CEIM
[00:50:13] [110/459] CMVA
[00:50:14] [111/459] CPIV
[00:50:14] [112/459] CNPE
[00:50:15] [113/459] COLV
[00:50:15] [114/459] DNNV
[00:50:16] [115/459] HCAD
[00:50:16] [116/459] TAKA
[00:50:17] [117/459] INVD
[00:50:17] [118/459] IRMM
[00:50:18] [119/459] INSE
[00:50:19] [120/459] MRSW
[00:50:20] [121/459] MCVD
[00:50:20] [122/459] MCSO
[00:50:21] [123/459] PEVM
[00:50:21] [124/459] PVNL
[00:50:22] [125/459] PTCV
[00:50:22] [126/459] PRTC
[00:50:23] [127/459] RCVA
[00:50:23] [128/459] MTBN
[00:50:24] [129/459] LUCP
[00:50:24] [130/459] FMPT
[00:50:25] [131/459] JLSL
[00:50:25] [132/459] SBHA
[00:50:26] [133/459] SHRC
[00:50:26] [134/459] AVPS
[00:50:27] [135/459] STPM
[00:50:28] [136/459] ATRD
[00:50:28] [137/459] VTED
[00:50:29] [138/459] ACAI
[00:50:29] [139/459] SMAE
[00:50:30] [140/459] VMAT
[00:50:31] [141/459] LKCT
[00:50:31] [142/459] JTVK
[00:50:32] [143/459] PRTY
[00:50:32] [144/459] GETT
[00:50:33] [145/459] ESAP
[00:50:34] [146/459] NCPM
[00:50:34] [147/459] PCPA
[00:50:35] [148/459] MMOM
[00:50:35] [149/459] PHUP
[00:50:36] [150/459] CCPI
[00:50:36] [151/459] CNTD
[00:50:37] [152/459] NLJR
[00:50:38] [153/459] SRNG
[00:50:38] [154/459] MHAL
[00:50:39] [155/459] PNSM
[00:50:39] [156/459] DRMY
[00:50:40] [157/459] CCMU
[00:50:40] [158/459] SCMY
[00:50:41] [159/459] PVSY
[00:50:41] [160/459] SDLM
[00:50:42] [161/459] ICCM
[00:50:42] [162/459] PYSU
[00:50:43] [163/459] GATM
[00:50:44] [164/459] WOTM
[00:50:44] [165/459] RKTS
[00:50:45] [166/459] PMTY
[00:50:45] [167/459] LYMS
[00:50:46] [168/459] TGCA
[00:50:46] [169/459] DSTA
[00:50:47] [170/459] CNGE
[00:50:47] [171/459] VSTG
[00:50:48] [172/459] GTCK
[00:50:48] [173/459] TGNT
[00:50:49] [174/459] ASLC
[00:50:49] [175/459] SSST
[00:50:50] [176/459] KBTT
[00:50:51] [177/459] HKCP
[00:50:51] [178/459] SWLC
[00:50:52] [179/459] RTND
[00:50:52] [180/459] PKKT
[00:50:53] [181/459] HSTK
[00:50:53] [182/459] SPTT
[00:50:54] [183/459] IMPM
[00:50:55] [184/459] SCMV
[00:50:55] [185/459] SPCT
[00:50:56] [186/459] JBCA
[00:50:56] [187/459] ATTR
[00:50:57] [188/459] SPMT
[00:50:57] [189/459] LCTM
[00:50:58] [190/459] SCVL
[00:50:58] [191/459] SCVT
[00:50:59] [192/459] KRIC
[00:51:00] [193/459] CTMG
[00:51:00] [194/459] ACNC
[00:51:01] [195/459] DMCK
[00:51:01] [196/459] KMTV
[00:51:02] [197/459] PFCJ
[00:51:03] [198/459] VNMD
[00:51:03] [199/459] VPCZ
[00:51:04] [200/459] SRYR
[00:51:05] [201/459] SYTR
[00:51:05] [202/459] GATR
[00:51:05] [203/459] URTR
[00:51:06] [204/459] MKSM
[00:51:07] [205/459] VSMH
[00:51:07] [206/459] SKRJ
[00:51:08] [207/459] SSJR
[00:51:09] [208/459] SVSM
[00:51:09] [209/459] RUCM
[00:51:10] [210/459] PRKN
[00:51:10] [211/459] RROH
[00:51:11] [212/459] SCTN
[00:51:12] [213/459] RTDM
[00:51:12] [214/459] ASRM
[00:51:13] [215/459] SKMD
[00:51:14] [216/459] SUTD
[00:51:14] [217/459] SADM
[00:51:15] [218/459] WCNR
[00:51:16] [219/459] CNED
[00:51:16] [220/459] MPDB
[00:51:17] [221/459] KTBH
[00:51:18] [222/459] IDRM
[00:51:18] [223/459] PJJT
[00:51:19] [224/459] PFCV
[00:51:19] [225/459] AACT
[00:51:20] [226/459] AAAD
[00:51:20] [227/459] ANES
[00:51:21] [228/459] MNCA
[00:51:22] [229/459] RMGU
[00:51:22] [230/459] DLCN
[00:51:23] [231/459] LJWT
[00:51:24] [232/459] MCBG
[00:51:24] [233/459] MYBG
[00:51:25] [234/459] GCCA
[00:51:25] [235/459] GCGA
[00:51:26] [236/459] ECGN
[00:51:26] [237/459] PRAB
[00:51:27] [238/459] PNMP
[00:51:28] [239/459] GCPT
[00:51:28] [240/459] ROYN
[00:51:29] [241/459] VATM
[00:51:29] [242/459] KSNT
[00:51:30] [243/459] ACTC
[00:51:31] [244/459] PLTD
[00:51:31] [245/459] SKMK
[00:51:32] [246/459] CMTT
[00:51:32] [247/459] SMXP
[00:51:33] [248/459] SCMX
[00:51:33] [249/459] ACXN
[00:51:34] [250/459] ASWT
[00:51:35] [251/459] VVVL
[00:51:35] [252/459] NAGO
[00:51:36] [253/459] SNCN
[00:51:36] [254/459] MCKP
[00:51:36] [255/459] SAMO
[00:51:37] [256/459] JBTV
[00:51:38] [257/459] DCVV
[00:51:38] [258/459] KMSV
[00:51:39] [259/459] KDCN
[00:51:39] [260/459] CNCP
[00:51:40] [261/459] HAMC
[00:51:41] [262/459] CCVZ
[00:51:41] [263/459] NCCK
[00:51:42] [264/459] MCHR
[00:51:43] [265/459] SCHT
[00:51:43] [266/459] ESSH
[00:51:44] [267/459] CUJC
[00:51:44] [268/459] PECP
[00:51:45] [269/459] PMMI
[00:51:46] [270/459] PCCH
[00:51:46] [271/459] PRPM
[00:51:47] [272/459] PVKL
[00:51:47] [273/459] CBSM
[00:51:48] [274/459] PVCZ
[00:51:48] [275/459] PCVV
[00:51:49] [276/459] CTMJ
[00:51:49] [277/459] RCPS
[00:51:50] [278/459] PCIT
[00:51:50] [279/459] FNCH
[00:51:51] [280/459] INZD
[00:51:52] [281/459] INPC
[00:51:52] [282/459] LCZP
[00:51:53] [283/459] SMCB
[00:51:53] [284/459] PTSB
[00:51:54] [285/459] TPSI
[00:51:54] [286/459] KHMJ
[00:51:55] [287/459] RCCJ
[00:51:56] [288/459] NCJA
[00:51:56] [289/459] NCJN
[00:51:57] [290/459] BTDP
[00:51:57] [291/459] PADY
[00:51:58] [292/459] NYBH
[00:51:59] [293/459] MTBR
[00:51:59] [294/459] KRBC
[00:52:00] [295/459] DKTI
[00:52:01] [296/459] ANAN
[00:52:01] [297/459] INBP
[00:52:02] [298/459] PATB
[00:52:02] [299/459] RGNT
[00:52:03] [300/459] CGPM
[00:52:03] [301/459] INTN
[00:52:04] [302/459] MCMP
[00:52:05] [303/459] ASRG
[00:52:05] [304/459] CXJD
[00:52:06] [305/459] SPCP
[00:52:06] [306/459] CSTP
[00:52:07] [307/459] PKVC
[00:52:08] [308/459] ESCP
[00:52:08] [309/459] CAEP
[00:52:09] [310/459] CCSP
[00:52:09] [311/459] KTPC
[00:52:10] [312/459] DACA
[00:52:10] [313/459] NVKY
[00:52:11] [314/459] PTIN
[00:52:11] [315/459] SCIN
[00:52:12] [316/459] MCTY
[00:52:13] [317/459] PCMX
[00:52:13] [318/459] INIC
[00:52:14] [319/459] MMZM
[00:52:14] [320/459] SSLP
[00:52:15] [321/459] DTDT
[00:52:15] [322/459] FFCX
[00:52:16] [323/459] RCMM
[00:52:16] [324/459] KYID
[00:52:17] [325/459] CSCI
[00:52:18] [326/459] FCMC
[00:52:18] [327/459] MMXI
[00:52:19] [328/459] ASTC
[00:52:20] [329/459] CMRA
[00:52:20] [330/459] DICI
[00:52:21] [331/459] KDIN
[00:52:21] [332/459] PRFI
[00:52:22] [333/459] SVFC
[00:52:22] [334/459] UCPL
[00:52:23] [335/459] COOC
[00:52:23] [336/459] SCAL
[00:52:24] [337/459] SVFF
[00:52:25] [338/459] VCMG
[00:52:25] [339/459] UUCT
[00:52:26] [340/459] GCSE
[00:52:27] [341/459] SUSC
[00:52:27] [342/459] MISC
[00:52:28] [343/459] RMBL
[00:52:28] [344/459] CMXN
[00:52:29] [345/459] PVBK
[00:52:30] [346/459] HHCG
[00:52:30] [347/459] SCAG
[00:52:31] [348/459] CNPR
[00:52:31] [349/459] CSER
[00:52:32] [350/459] HLWD
[00:52:33] [351/459] BOLY
[00:52:33] [352/459] SSPG
[00:52:34] [353/459] MUPX
[00:52:34] [354/459] HAMR
[00:52:35] [355/459] SDNC
[00:52:35] [356/459] RTEN
[00:52:36] [357/459] SDTD
[00:52:36] [358/459] KAWS
[00:52:37] [359/459] CMZX
[00:52:38] [360/459] DCDD
[00:52:38] [361/459] ALSN
[00:52:39] [362/459] IMXS
[00:52:39] [363/459] PVFF
[00:52:40] [364/459] PVOO
[00:52:41] [365/459] CFBS
[00:52:41] [366/459] PVER
[00:52:42] [367/459] PPNX
[00:52:42] [368/459] CNRM
[00:52:43] [369/459] PVWW
[00:52:43] [370/459] INMB
[00:52:44] [371/459] CPJR
[00:52:44] [372/459] INRZ
[00:52:45] [373/459] PMSR
[00:52:46] [374/459] GPGM
[00:52:46] [375/459] PGWB
[00:52:47] [376/459] PMBR
[00:52:48] [377/459] GPAM
[00:52:48] [378/459] INBC
[00:52:49] [379/459] PZVK
[00:52:49] [380/459] CPEB
[00:52:50] [381/459] FMLB
[00:52:50] [382/459] INBG
[00:52:51] [383/459] GPBR
[00:52:51] [384/459] PAAS
[00:52:52] [385/459] VTBR
[00:52:53] [386/459] GPMY
[00:52:53] [387/459] GYBU
[00:52:54] [388/459] INBJ
[00:52:54] [389/459] LKTH
[00:52:55] [390/459] NSBR
[00:52:55] [391/459] PDRD
[00:52:56] [392/459] VRBL
[00:52:56] [393/459] VTGB
[00:52:57] [394/459] VTSK
[00:52:57] [395/459] BKDV
[00:52:58] [396/459] SVTB
[00:52:58] [397/459] MLDT
[00:52:59] [398/459] NRBL
[00:53:00] [399/459] SLTR
[00:53:00] [400/459] VNKA
[00:53:01] [401/459] TDCA
[00:53:01] [402/459] INBM
[00:53:02] [403/459] SSNR
[00:53:03] [404/459] BHAC
[00:53:03] [405/459] SDSD
[00:53:04] [406/459] SAMP
[00:53:04] [407/459] RATK
[00:53:05] [408/459] KCBI
[00:53:05] [409/459] URBL
[00:53:06] [410/459] MKBG
[00:53:06] [411/459] ASTB
[00:53:07] [412/459] VBWT
[00:53:07] [413/459] GPSM
[00:53:08] [414/459] ROON
[00:53:09] [415/459] CHTH
[00:53:09] [416/459] SSPA
[00:53:10] [417/459] ANBL
[00:53:10] [418/459] VTBE
[00:53:11] [419/459] SVKT
[00:53:11] [420/459] SVYK
[00:53:12] [421/459] PTBK
[00:53:12] [422/459] RKTB
[00:53:13] [423/459] BALT
[00:53:14] [424/459] STSV
[00:53:14] [425/459] VCCB
[00:53:15] [426/459] SLTB
[00:53:15] [427/459] SBCR
[00:53:16] [428/459] VDCS
[00:53:16] [429/459] MDKI
[00:53:17] [430/459] SMRN
[00:53:18] [431/459] PTBC
[00:53:18] [432/459] RADI
[00:53:18] [433/459] ADCR
[00:53:19] [434/459] SDCS
[00:53:20] [435/459] SRPJ
[00:53:20] [436/459] ARTS
[00:53:21] [437/459] SRHK
[00:53:22] [438/459] SPAY
[00:53:22] [439/459] GPTB
[00:53:23] [440/459] SNNN
[00:53:23] [441/459] BALJ
[00:53:24] [442/459] TRIG
[00:53:25] [443/459] GTYT
[00:53:25] [444/459] ATGN
[00:53:26] [445/459] ANTE
[00:53:27] [446/459] BDCG
[00:53:27] [447/459] VECI
[00:53:27] [448/459] SCPR
[00:53:28] [449/459] RTEA
[00:53:29] [450/459] JSAI
[00:53:29] [451/459] VJTP
[00:53:30] [452/459] GNDS
[00:53:30] [453/459] PAXA
[00:53:31] [454/459] CGGM
[00:53:31] [455/459] ACKZ
[00:53:32] [456/459] EMCC
[00:53:32] [457/459] KLSK
[00:53:33] [458/459] AVCK
[00:53:33] [459/459] JTCK
[00:53:34] ✅ DONE | Shows=8 | Movies=1
[01:53:44] 🚀 BMS DAILY TRACKER STARTED
[01:53:44] [1/459] NECA
[01:53:44] 🧠 New identity
[01:53:45] [2/459] BJLC
[01:53:46] [3/459] BASU
[01:53:47] [4/459] RUPI
[01:53:47] [5/459] LCBK
[01:53:48] [6/459] PMAC
[01:53:49] [7/459] AMLC
[01:53:50] [8/459] LICL
[01:53:51] [9/459] UDMM
[01:53:52] [10/459] STBZ
[01:53:53] [11/459] UUBT
[01:53:54] [12/459] SJKC
[01:53:55] [13/459] TUAL
[01:53:55] [14/459] MRSE
[01:53:56] [15/459] RMRK
[01:53:57] [16/459] TTKP
[01:53:58] [17/459] KTKO
[01:53:59] [18/459] SDBK
[01:54:00] [19/459] MCPR
[01:54:01] [20/459] CHTI
[01:54:01] [21/459] GCCP
[01:54:03] [22/459] SRMY
[01:54:04] [23/459] NYST
[01:54:05] [24/459] NYAG
[01:54:06] [25/459] SBMT
[01:54:06] [26/459] INGA
[01:54:08] [27/459] WSIC
[01:54:09] [28/459] SCSS
[01:54:10] [29/459] COPG
[01:54:10] [30/459] RCGR
[01:54:11] [31/459] TCZA
[01:54:12] [32/459] CNLP
[01:54:13] [33/459] CLKN
[01:54:14] [34/459] LHDF
[01:54:15] [35/459] ELKC
[01:54:16] [36/459] VCEM
[01:54:17] [37/459] SSZA
[01:54:18] [38/459] KRMT
[01:54:19] [39/459] LCMV
[01:54:20] [40/459] AYCZ
[01:54:21] [41/459] CUMS
[01:54:22] [42/459] BOCK
[01:54:23] [43/459] PNMR
[01:54:23] [44/459] PJCP
[01:54:24] [45/459] JDDD
[01:54:25] [46/459] STMS
[01:54:26] [47/459] FLMB
[01:54:27] [48/459] PKCM
[01:54:28] [49/459] SPPR
[01:54:29] [50/459] EYLH
[01:54:30] [51/459] RJCC
[01:54:31] [52/459] MMPS
[01:54:32] [53/459] SHMX
[01:54:33] [54/459] CCNL
[01:54:34] [55/459] RCNV
[01:54:35] [56/459] MAAG
[01:54:36] [57/459] LXCM
[01:54:37] [58/459] RCNI
[01:54:38] [59/459] SNNI
[01:54:38] [60/459] LALC
[01:54:39] [61/459] SOCN
[01:54:40] [62/459] JHTP
[01:54:41] [63/459] PITP
[01:54:42] [64/459] CCKW
[01:54:43] [65/459] MCMC
[01:54:43] [66/459] DEES
[01:54:44] [67/459] SABT
[01:54:45] [68/459] VSPP
[01:54:46] [69/459] ABCT
[01:54:47] [70/459] JVTB
[01:54:48] [71/459] VCBD
[01:54:49] [72/459] RMGG
[01:54:50] [73/459] RNMH
[01:54:51] [74/459] SPGL
[01:54:52] [75/459] JTTR
[01:54:53] [76/459] SICS
[01:54:54] [77/459] SRMI
[01:54:54] [78/459] SSIJ
[01:54:55] [79/459] KFMT
[01:54:56] [80/459] VBIT
[01:54:57] [81/459] JKCT
[01:54:58] [82/459] GCGP
[01:54:59] [83/459] GDCS
[01:55:00] [84/459] TRBA
[01:55:01] [85/459] QUST
[01:55:03] [86/459] VSHM
[01:55:04] [87/459] SDCP
[01:55:04] [88/459] SNVS
[01:55:05] [89/459] NYTO
[01:55:06] [90/459] URWC
[01:55:07] [91/459] GTWH
[01:55:08] [92/459] PFCM
[01:55:09] [93/459] KRTA
[01:55:10] [94/459] AXMC
[01:55:11] [95/459] EVMC
[01:55:12] [96/459] HGSM
[01:55:13] [97/459] ACVM
[01:55:14] [98/459] PSKL
[01:55:14] [99/459] RDMP
[01:55:15] [100/459] RHGH
[01:55:16] [101/459] OMCM
[01:55:18] [102/459] DCCP
[01:55:18] [103/459] MCPB
[01:55:19] [104/459] ALCI
[01:55:20] [105/459] BLMX
[01:55:21] [106/459] BTMV
[01:55:22] [107/459] FVPN
[01:55:23] [108/459] CMAR
[01:55:23] [109/459] CEIM
[01:55:24] [110/459] CMVA
[01:55:25] [111/459] CPIV
[01:55:26] [112/459] CNPE
[01:55:27] [113/459] COLV
[01:55:27] [114/459] DNNV
[01:55:28] [115/459] HCAD
[01:55:29] [116/459] TAKA
[01:55:30] [117/459] INVD
[01:55:31] [118/459] IRMM
[01:55:32] [119/459] INSE
[01:55:33] [120/459] MRSW
[01:55:34] [121/459] MCVD
[01:55:35] [122/459] MCSO
[01:55:36] [123/459] PEVM
[01:55:37] [124/459] PVNL
[01:55:38] [125/459] PTCV
[01:55:39] [126/459] PRTC
[01:55:40] [127/459] RCVA
[01:55:41] [128/459] MTBN
[01:55:42] [129/459] LUCP
[01:55:43] [130/459] FMPT
[01:55:43] [131/459] JLSL
[01:55:44] [132/459] SBHA
[01:55:45] [133/459] SHRC
[01:55:46] [134/459] AVPS
[01:55:46] [135/459] STPM
[01:55:47] [136/459] ATRD
[01:55:49] [137/459] VTED
[01:55:50] [138/459] ACAI
[01:55:51] [139/459] SMAE
[01:55:51] [140/459] VMAT
[01:55:52] [141/459] LKCT
[01:55:53] [142/459] JTVK
[01:55:54] [143/459] PRTY
[01:55:55] [144/459] GETT
[01:55:56] [145/459] ESAP
[01:55:57] [146/459] NCPM
[01:55:58] [147/459] PCPA
[01:55:58] [148/459] MMOM
[01:55:59] [149/459] PHUP
[01:56:00] [150/459] CCPI
[01:56:01] [151/459] CNTD
[01:56:02] [152/459] NLJR
[01:56:03] [153/459] SRNG
[01:56:04] [154/459] MHAL
[01:56:05] [155/459] PNSM
[01:56:06] [156/459] DRMY
[01:56:07] [157/459] CCMU
[01:56:09] [158/459] SCMY
[01:56:09] [159/459] PVSY
[01:56:10] [160/459] SDLM
[01:56:11] [161/459] ICCM
[01:56:12] [162/459] PYSU
[01:56:13] [163/459] GATM
[01:56:14] [164/459] WOTM
[01:56:15] [165/459] RKTS
[01:56:16] [166/459] PMTY
[01:56:17] [167/459] LYMS
[01:56:17] [168/459] TGCA
[01:56:18] [169/459] DSTA
[01:56:20] [170/459] CNGE
[01:56:21] [171/459] VSTG
[01:56:22] [172/459] GTCK
[01:56:23] [173/459] TGNT
[01:56:24] [174/459] ASLC
[01:56:25] [175/459] SSST
[01:56:26] [176/459] KBTT
[01:56:27] [177/459] HKCP
[01:56:28] [178/459] SWLC
[01:56:29] [179/459] RTND
[01:56:29] [180/459] PKKT
[01:56:30] [181/459] HSTK
[01:56:31] [182/459] SPTT
[01:56:32] [183/459] IMPM
[01:56:33] [184/459] SCMV
[01:56:34] [185/459] SPCT
[01:56:35] [186/459] JBCA
[01:56:35] [187/459] ATTR
[01:56:36] [188/459] SPMT
[01:56:37] [189/459] LCTM
[01:56:38] [190/459] SCVL
[01:56:39] [191/459] SCVT
[01:56:40] [192/459] KRIC
[01:56:40] [193/459] CTMG
[01:56:41] [194/459] ACNC
[01:56:42] [195/459] DMCK
[01:56:43] [196/459] KMTV
[01:56:44] [197/459] PFCJ
[01:56:45] [198/459] VNMD
[01:56:46] [199/459] VPCZ
[01:56:47] [200/459] SRYR
[01:56:48] [201/459] SYTR
[01:56:49] [202/459] GATR
[01:56:50] [203/459] URTR
[01:56:51] [204/459] MKSM
[01:56:52] [205/459] VSMH
[01:56:53] [206/459] SKRJ
[01:56:54] [207/459] SSJR
[01:56:54] [208/459] SVSM
[01:56:55] [209/459] RUCM
[01:56:57] [210/459] PRKN
[01:56:58] [211/459] RROH
[01:56:59] [212/459] SCTN
[01:57:00] [213/459] RTDM
[01:57:00] [214/459] ASRM
[01:57:02] [215/459] SKMD
[01:57:03] [216/459] SUTD
[01:57:04] [217/459] SADM
[01:57:05] [218/459] WCNR
[01:57:06] [219/459] CNED
[01:57:07] [220/459] MPDB
[01:57:08] [221/459] KTBH
[01:57:10] [222/459] IDRM
[01:57:10] [223/459] PJJT
[01:57:11] [224/459] PFCV
[01:57:12] [225/459] AACT
[01:57:13] [226/459] AAAD
[01:57:14] [227/459] ANES
[01:57:15] [228/459] MNCA
[01:57:16] [229/459] RMGU
[01:57:17] [230/459] DLCN
[01:57:18] [231/459] LJWT
[01:57:19] [232/459] MCBG
[01:57:19] [233/459] MYBG
[01:57:20] [234/459] GCCA
[01:57:21] [235/459] GCGA
[01:57:22] [236/459] ECGN
[01:57:23] [237/459] PRAB
[01:57:23] [238/459] PNMP
[01:57:25] [239/459] GCPT
[01:57:26] [240/459] ROYN
[01:57:27] [241/459] VATM
[01:57:27] [242/459] KSNT
[01:57:28] [243/459] ACTC
[01:57:29] [244/459] PLTD
[01:57:30] [245/459] SKMK
[01:57:31] [246/459] CMTT
[01:57:32] [247/459] SMXP
[01:57:32] [248/459] SCMX
[01:57:33] [249/459] ACXN
[01:57:34] [250/459] ASWT
[01:57:35] [251/459] VVVL
[01:57:36] [252/459] NAGO
[01:57:37] [253/459] SNCN
[01:57:38] [254/459] MCKP
[01:57:39] [255/459] SAMO
[01:57:40] [256/459] JBTV
[01:57:41] [257/459] DCVV
[01:57:42] [258/459] KMSV
[01:57:43] [259/459] KDCN
[01:57:45] [260/459] CNCP
[01:57:46] [261/459] HAMC
[01:57:46] [262/459] CCVZ
[01:57:47] [263/459] NCCK
[01:57:48] [264/459] MCHR
[01:57:49] [265/459] SCHT
[01:57:50] [266/459] ESSH
[01:57:51] [267/459] CUJC
[01:57:51] [268/459] PECP
[01:57:52] [269/459] PMMI
[01:57:53] [270/459] PCCH
[01:57:54] [271/459] PRPM
[01:57:55] [272/459] PVKL
[01:57:56] [273/459] CBSM
[01:57:57] [274/459] PVCZ
[01:57:58] [275/459] PCVV
[01:57:58] [276/459] CTMJ
[01:57:59] [277/459] RCPS
[01:58:00] [278/459] PCIT
[01:58:01] [279/459] FNCH
[01:58:02] [280/459] INZD
[01:58:03] [281/459] INPC
[01:58:04] [282/459] LCZP
[01:58:05] [283/459] SMCB
[01:58:06] [284/459] PTSB
[01:58:07] [285/459] TPSI
[01:58:08] [286/459] KHMJ
[01:58:09] [287/459] RCCJ
[01:58:10] [288/459] NCJA
[01:58:11] [289/459] NCJN
[01:58:11] [290/459] BTDP
[01:58:13] [291/459] PADY
[01:58:14] [292/459] NYBH
[01:58:15] [293/459] MTBR
[01:58:16] [294/459] KRBC
[01:58:17] [295/459] DKTI
[01:58:19] [296/459] ANAN
[01:58:20] [297/459] INBP
[01:58:20] [298/459] PATB
[01:58:21] [299/459] RGNT
[01:58:22] [300/459] CGPM
[01:58:23] [301/459] INTN
[01:58:24] [302/459] MCMP
[01:58:25] [303/459] ASRG
[01:58:26] [304/459] CXJD
[01:58:27] [305/459] SPCP
[01:58:28] [306/459] CSTP
[01:58:29] [307/459] PKVC
[01:58:30] [308/459] ESCP
[01:58:31] [309/459] CAEP
[01:58:32] [310/459] CCSP
[01:58:32] [311/459] KTPC
[01:58:33] [312/459] DACA
[01:58:34] [313/459] NVKY
[01:58:35] [314/459] PTIN
[01:58:36] [315/459] SCIN
[01:58:37] [316/459] MCTY
[01:58:38] [317/459] PCMX
[01:58:39] [318/459] INIC
[01:58:39] [319/459] MMZM
[01:58:40] [320/459] SSLP
[01:58:41] [321/459] DTDT
[01:58:43] [322/459] FFCX
[01:58:44] [323/459] RCMM
[01:58:45] [324/459] KYID
[01:58:46] [325/459] CSCI
[01:58:47] [326/459] FCMC
[01:58:47] [327/459] MMXI
[01:58:48] [328/459] ASTC
[01:58:49] [329/459] CMRA
[01:58:50] [330/459] DICI
[01:58:51] [331/459] KDIN
[01:58:51] [332/459] PRFI
[01:58:52] [333/459] SVFC
[01:58:53] [334/459] UCPL
[01:58:54] [335/459] COOC
[01:58:55] [336/459] SCAL
[01:58:56] [337/459] SVFF
[01:58:57] [338/459] VCMG
[01:58:58] [339/459] UUCT
[01:59:00] [340/459] GCSE
[01:59:01] [341/459] SUSC
[01:59:01] [342/459] MISC
[01:59:03] [343/459] RMBL
[01:59:03] [344/459] CMXN
[01:59:04] [345/459] PVBK
[01:59:06] [346/459] HHCG
[01:59:06] [347/459] SCAG
[01:59:07] [348/459] CNPR
[01:59:09] [349/459] CSER
[01:59:09] [350/459] HLWD
[01:59:11] [351/459] BOLY
[01:59:12] [352/459] SSPG
[01:59:12] [353/459] MUPX
[01:59:13] [354/459] HAMR
[01:59:14] [355/459] SDNC
[01:59:15] [356/459] RTEN
[01:59:16] [357/459] SDTD
[01:59:17] [358/459] KAWS
[01:59:18] [359/459] CMZX
[01:59:19] [360/459] DCDD
[01:59:20] [361/459] ALSN
[01:59:21] [362/459] IMXS
[01:59:22] [363/459] PVFF
[01:59:23] [364/459] PVOO
[01:59:23] [365/459] CFBS
[01:59:24] [366/459] PVER
[01:59:26] [367/459] PPNX
[01:59:27] [368/459] CNRM
[01:59:27] [369/459] PVWW
[01:59:29] [370/459] INMB
[01:59:29] [371/459] CPJR
[01:59:30] [372/459] INRZ
[01:59:31] [373/459] PMSR
[01:59:32] [374/459] GPGM
[01:59:33] [375/459] PGWB
[01:59:33] [376/459] PMBR
[01:59:34] [377/459] GPAM
[01:59:35] [378/459] INBC
[01:59:36] [379/459] PZVK
[01:59:37] [380/459] CPEB
[01:59:38] [381/459] FMLB
[01:59:39] [382/459] INBG
[01:59:40] [383/459] GPBR
[01:59:41] [384/459] PAAS
[01:59:41] [385/459] VTBR
[01:59:43] [386/459] GPMY
[01:59:44] [387/459] GYBU
[01:59:45] [388/459] INBJ
[01:59:46] [389/459] LKTH
[01:59:47] [390/459] NSBR
[01:59:47] [391/459] PDRD
[01:59:48] [392/459] VRBL
[01:59:49] [393/459] VTGB
[01:59:50] [394/459] VTSK
[01:59:51] [395/459] BKDV
[01:59:51] [396/459] SVTB
[01:59:52] [397/459] MLDT
[01:59:53] [398/459] NRBL
[01:59:54] [399/459] SLTR
[01:59:55] [400/459] VNKA
[01:59:56] [401/459] TDCA
[01:59:56] [402/459] INBM
[01:59:57] [403/459] SSNR
[01:59:58] [404/459] BHAC
[01:59:59] [405/459] SDSD
[02:00:00] [406/459] SAMP
[02:00:01] [407/459] RATK
[02:00:02] [408/459] KCBI
[02:00:03] [409/459] URBL
[02:00:04] [410/459] MKBG
[02:00:05] [411/459] ASTB
[02:00:05] [412/459] VBWT
[02:00:06] [413/459] GPSM
[02:00:08] [414/459] ROON
[02:00:09] [415/459] CHTH
[02:00:10] [416/459] SSPA
[02:00:12] [417/459] ANBL
[02:00:13] [418/459] VTBE
[02:00:14] [419/459] SVKT
[02:00:15] [420/459] SVYK
[02:00:16] [421/459] PTBK
[02:00:17] [422/459] RKTB
[02:00:18] [423/459] BALT
[02:00:19] [424/459] STSV
[02:00:20] [425/459] VCCB
[02:00:21] [426/459] SLTB
[02:00:22] [427/459] SBCR
[02:00:23] [428/459] VDCS
[02:00:24] [429/459] MDKI
[02:00:25] [430/459] SMRN
[02:00:27] [431/459] PTBC
[02:00:28] [432/459] RADI
[02:00:28] [433/459] ADCR
[02:00:29] [434/459] SDCS
[02:00:30] [435/459] SRPJ
[02:00:31] [436/459] ARTS
[02:00:32] [437/459] SRHK
[02:00:33] [438/459] SPAY
[02:00:35] [439/459] GPTB
[02:00:35] [440/459] SNNN
[02:00:36] [441/459] BALJ
[02:00:37] [442/459] TRIG
[02:00:39] [443/459] GTYT
[02:00:40] [444/459] ATGN
[02:00:40] [445/459] ANTE
[02:00:41] [446/459] BDCG
[02:00:42] [447/459] VECI
[02:00:43] [448/459] SCPR
[02:00:44] [449/459] RTEA
[02:00:45] [450/459] JSAI
[02:00:46] [451/459] VJTP
[02:00:47] [452/459] GNDS
[02:00:48] [453/459] PAXA
[02:00:49] [454/459] CGGM
[02:00:50] [455/459] ACKZ
[02:00:52] [456/459] EMCC
[02:00:53] [457/459] KLSK
[02:00:54] [458/459] AVCK
[02:00:55] [459/459] JTCK
[02:00:56] ✅ DONE | Shows=17 | Movies=1
[02:51:22] 🚀 BMS DAILY TRACKER STARTED
[02:51:22] [1/459] NECA
[02:51:22] 🧠 New identity
[02:51:23] [2/459] BJLC
[02:51:24] [3/459] BASU
[02:51:25] [4/459] RUPI
[02:51:26] [5/459] LCBK
[02:51:27] [6/459] PMAC
[02:51:28] [7/459] AMLC
[02:51:29] [8/459] LICL
[02:51:30] [9/459] UDMM
[02:51:31] [10/459] STBZ
[02:51:32] [11/459] UUBT
[02:51:33] [12/459] SJKC
[02:51:34] [13/459] TUAL
[02:51:35] [14/459] MRSE
[02:51:36] [15/459] RMRK
[02:51:37] [16/459] TTKP
[02:51:38] [17/459] KTKO
[02:51:39] [18/459] SDBK
[02:51:40] [19/459] MCPR
[02:51:41] [20/459] CHTI
[02:51:42] [21/459] GCCP
[02:51:43] [22/459] SRMY
[02:51:44] [23/459] NYST
[02:51:46] [24/459] NYAG
[02:51:48] [25/459] SBMT
[02:51:49] [26/459] INGA
[02:51:49] [27/459] WSIC
[02:51:50] [28/459] SCSS
[02:51:51] [29/459] COPG
[02:51:52] [30/459] RCGR
[02:51:53] [31/459] TCZA
[02:51:54] [32/459] CNLP
[02:51:55] [33/459] CLKN
[02:51:55] [34/459] LHDF
[02:51:56] [35/459] ELKC
[02:51:57] [36/459] VCEM
[02:51:58] [37/459] SSZA
[02:51:59] [38/459] KRMT
[02:52:00] [39/459] LCMV
[02:52:01] [40/459] AYCZ
[02:52:01] [41/459] CUMS
[02:52:02] [42/459] BOCK
[02:52:03] [43/459] PNMR
[02:52:04] [44/459] PJCP
[02:52:05] [45/459] JDDD
[02:52:06] [46/459] STMS
[02:52:07] [47/459] FLMB
[02:52:07] [48/459] PKCM
[02:52:08] [49/459] SPPR
[02:52:09] [50/459] EYLH
[02:52:10] [51/459] RJCC
[02:52:11] [52/459] MMPS
[02:52:11] [53/459] SHMX
[02:52:12] [54/459] CCNL
[02:52:13] [55/459] RCNV
[02:52:14] [56/459] MAAG
[02:52:15] [57/459] LXCM
[02:52:16] [58/459] RCNI
[02:52:17] [59/459] SNNI
[02:52:18] [60/459] LALC
[02:52:19] [61/459] SOCN
[02:52:20] [62/459] JHTP
[02:52:21] [63/459] PITP
[02:52:22] [64/459] CCKW
[02:52:22] [65/459] MCMC
[02:52:24] [66/459] DEES
[02:52:25] [67/459] SABT
[02:52:26] [68/459] VSPP
[02:52:26] [69/459] ABCT
[02:52:27] [70/459] JVTB
[02:52:28] [71/459] VCBD
[02:52:29] [72/459] RMGG
[02:52:30] [73/459] RNMH
[02:52:31] [74/459] SPGL
[02:52:32] [75/459] JTTR
[02:52:33] [76/459] SICS
[02:52:34] [77/459] SRMI
[02:52:35] [78/459] SSIJ
[02:52:36] [79/459] KFMT
[02:52:37] [80/459] VBIT
[02:52:38] [81/459] JKCT
[02:52:39] [82/459] GCGP
[02:52:39] [83/459] GDCS
[02:52:40] [84/459] TRBA
[02:52:41] [85/459] QUST
[02:52:43] [86/459] VSHM
[02:52:44] [87/459] SDCP
[02:52:44] [88/459] SNVS
[02:52:45] [89/459] NYTO
[02:52:46] [90/459] URWC
[02:52:47] [91/459] GTWH
[02:52:48] [92/459] PFCM
[02:52:48] [93/459] KRTA
[02:52:49] [94/459] AXMC
[02:52:50] [95/459] EVMC
[02:52:51] [96/459] HGSM
[02:52:52] [97/459] ACVM
[02:52:53] [98/459] PSKL
[02:52:54] [99/459] RDMP
[02:52:55] [100/459] RHGH
[02:52:55] [101/459] OMCM
[02:52:56] [102/459] DCCP
[02:52:57] [103/459] MCPB
[02:52:58] [104/459] ALCI
[02:52:59] [105/459] BLMX
[02:53:00] [106/459] BTMV
[02:53:01] [107/459] FVPN
[02:53:02] [108/459] CMAR
[02:53:02] [109/459] CEIM
[02:53:03] [110/459] CMVA
[02:53:05] [111/459] CPIV
[02:53:05] [112/459] CNPE
[02:53:06] [113/459] COLV
[02:53:07] [114/459] DNNV
[02:53:08] [115/459] HCAD
[02:53:09] [116/459] TAKA
[02:53:09] [117/459] INVD
[02:53:11] [118/459] IRMM
[02:53:12] [119/459] INSE
[02:53:12] [120/459] MRSW
[02:53:14] [121/459] MCVD
[02:53:15] [122/459] MCSO
[02:53:17] [123/459] PEVM
[02:53:17] [124/459] PVNL
[02:53:19] [125/459] PTCV
[02:53:20] [126/459] PRTC
[02:53:21] [127/459] RCVA
[02:53:22] [128/459] MTBN
[02:53:23] [129/459] LUCP
[02:53:24] [130/459] FMPT
[02:53:25] [131/459] JLSL
[02:53:25] [132/459] SBHA
[02:53:26] [133/459] SHRC
[02:53:27] [134/459] AVPS
[02:53:28] [135/459] STPM
[02:53:28] [136/459] ATRD
[02:53:29] [137/459] VTED
[02:53:30] [138/459] ACAI
[02:53:31] [139/459] SMAE
[02:53:32] [140/459] VMAT
[02:53:33] [141/459] LKCT
[02:53:34] [142/459] JTVK
[02:53:35] [143/459] PRTY
[02:53:36] [144/459] GETT
[02:53:37] [145/459] ESAP
[02:53:38] [146/459] NCPM
[02:53:39] [147/459] PCPA
[02:53:40] [148/459] MMOM
[02:53:40] [149/459] PHUP
[02:53:42] [150/459] CCPI
[02:53:43] [151/459] CNTD
[02:53:44] [152/459] NLJR
[02:53:45] [153/459] SRNG
[02:53:46] [154/459] MHAL
[02:53:47] [155/459] PNSM
[02:53:47] [156/459] DRMY
[02:53:48] [157/459] CCMU
[02:53:49] [158/459] SCMY
[02:53:50] [159/459] PVSY
[02:53:51] [160/459] SDLM
[02:53:52] [161/459] ICCM
[02:53:53] [162/459] PYSU
[02:53:54] [163/459] GATM
[02:53:55] [164/459] WOTM
[02:53:56] [165/459] RKTS
[02:53:57] [166/459] PMTY
[02:53:59] [167/459] LYMS
[02:54:00] [168/459] TGCA
[02:54:01] [169/459] DSTA
[02:54:01] [170/459] CNGE
[02:54:02] [171/459] VSTG
[02:54:03] [172/459] GTCK
[02:54:05] [173/459] TGNT
[02:54:06] [174/459] ASLC
[02:54:06] [175/459] SSST
[02:54:07] [176/459] KBTT
[02:54:08] [177/459] HKCP
[02:54:09] [178/459] SWLC
[02:54:10] [179/459] RTND
[02:54:11] [180/459] PKKT
[02:54:12] [181/459] HSTK
[02:54:13] [182/459] SPTT
[02:54:14] [183/459] IMPM
[02:54:15] [184/459] SCMV
[02:54:16] [185/459] SPCT
[02:54:17] [186/459] JBCA
[02:54:18] [187/459] ATTR
[02:54:19] [188/459] SPMT
[02:54:20] [189/459] LCTM
[02:54:21] [190/459] SCVL
[02:54:22] [191/459] SCVT
[02:54:23] [192/459] KRIC
[02:54:23] [193/459] CTMG
[02:54:24] [194/459] ACNC
[02:54:25] [195/459] DMCK
[02:54:26] [196/459] KMTV
[02:54:27] [197/459] PFCJ
[02:54:28] [198/459] VNMD
[02:54:29] [199/459] VPCZ
[02:54:30] [200/459] SRYR
[02:54:31] [201/459] SYTR
[02:54:32] [202/459] GATR
[02:54:33] [203/459] URTR
[02:54:34] [204/459] MKSM
[02:54:34] [205/459] VSMH
[02:54:35] [206/459] SKRJ
[02:54:36] [207/459] SSJR
[02:54:37] [208/459] SVSM
[02:54:38] [209/459] RUCM
[02:54:39] [210/459] PRKN
[02:54:40] [211/459] RROH
[02:54:41] [212/459] SCTN
[02:54:42] [213/459] RTDM
[02:54:43] [214/459] ASRM
[02:54:44] [215/459] SKMD
[02:54:45] [216/459] SUTD
[02:54:45] [217/459] SADM
[02:54:46] [218/459] WCNR
[02:54:47] [219/459] CNED
[02:54:48] [220/459] MPDB
[02:54:49] [221/459] KTBH
[02:54:50] [222/459] IDRM
[02:54:51] [223/459] PJJT
[02:54:52] [224/459] PFCV
[02:54:53] [225/459] AACT
[02:54:53] [226/459] AAAD
[02:54:54] [227/459] ANES
[02:54:55] [228/459] MNCA
[02:54:55] [229/459] RMGU
[02:54:56] [230/459] DLCN
[02:54:57] [231/459] LJWT
[02:54:58] [232/459] MCBG
[02:54:59] [233/459] MYBG
[02:55:00] [234/459] GCCA
[02:55:01] [235/459] GCGA
[02:55:02] [236/459] ECGN
[02:55:03] [237/459] PRAB
[02:55:03] [238/459] PNMP
[02:55:04] [239/459] GCPT
[02:55:05] [240/459] ROYN
[02:55:06] [241/459] VATM
[02:55:07] [242/459] KSNT
[02:55:08] [243/459] ACTC
[02:55:09] [244/459] PLTD
[02:55:09] [245/459] SKMK
[02:55:10] [246/459] CMTT
[02:55:11] [247/459] SMXP
[02:55:12] [248/459] SCMX
[02:55:13] [249/459] ACXN
[02:55:14] [250/459] ASWT
[02:55:15] [251/459] VVVL
[02:55:15] [252/459] NAGO
[02:55:16] [253/459] SNCN
[02:55:17] [254/459] MCKP
[02:55:18] [255/459] SAMO
[02:55:19] [256/459] JBTV
[02:55:19] [257/459] DCVV
[02:55:20] [258/459] KMSV
[02:55:21] [259/459] KDCN
[02:55:22] [260/459] CNCP
[02:55:23] [261/459] HAMC
[02:55:24] [262/459] CCVZ
[02:55:25] [263/459] NCCK
[02:55:27] [264/459] MCHR
[02:55:28] [265/459] SCHT
[02:55:29] [266/459] ESSH
[02:55:30] [267/459] CUJC
[02:55:31] [268/459] PECP
[02:55:32] [269/459] PMMI
[02:55:33] [270/459] PCCH
[02:55:34] [271/459] PRPM
[02:55:35] [272/459] PVKL
[02:55:36] [273/459] CBSM
[02:55:38] [274/459] PVCZ
[02:55:38] [275/459] PCVV
[02:55:40] [276/459] CTMJ
[02:55:41] [277/459] RCPS
[02:55:41] [278/459] PCIT
[02:55:42] [279/459] FNCH
[02:55:43] [280/459] INZD
[02:55:44] [281/459] INPC
[02:55:44] [282/459] LCZP
[02:55:46] [283/459] SMCB
[02:55:47] [284/459] PTSB
[02:55:48] [285/459] TPSI
[02:55:49] [286/459] KHMJ
[02:55:50] [287/459] RCCJ
[02:55:51] [288/459] NCJA
[02:55:52] [289/459] NCJN
[02:55:52] [290/459] BTDP
[02:55:53] [291/459] PADY
[02:55:54] [292/459] NYBH
[02:55:55] [293/459] MTBR
[02:55:56] [294/459] KRBC
[02:55:57] [295/459] DKTI
[02:55:58] [296/459] ANAN
[02:55:59] [297/459] INBP
[02:56:00] [298/459] PATB
[02:56:00] [299/459] RGNT
[02:56:01] [300/459] CGPM
[02:56:02] [301/459] INTN
[02:56:03] [302/459] MCMP
[02:56:03] [303/459] ASRG
[02:56:04] [304/459] CXJD
[02:56:05] [305/459] SPCP
[02:56:06] [306/459] CSTP
[02:56:07] [307/459] PKVC
[02:56:08] [308/459] ESCP
[02:56:09] [309/459] CAEP
[02:56:10] [310/459] CCSP
[02:56:11] [311/459] KTPC
[02:56:11] [312/459] DACA
[02:56:12] [313/459] NVKY
[02:56:13] [314/459] PTIN
[02:56:14] [315/459] SCIN
[02:56:15] [316/459] MCTY
[02:56:16] [317/459] PCMX
[02:56:17] [318/459] INIC
[02:56:18] [319/459] MMZM
[02:56:19] [320/459] SSLP
[02:56:20] [321/459] DTDT
[02:56:21] [322/459] FFCX
[02:56:21] [323/459] RCMM
[02:56:22] [324/459] KYID
[02:56:23] [325/459] CSCI
[02:56:24] [326/459] FCMC
[02:56:24] [327/459] MMXI
[02:56:25] [328/459] ASTC
[02:56:26] [329/459] CMRA
[02:56:27] [330/459] DICI
[02:56:28] [331/459] KDIN
[02:56:28] [332/459] PRFI
[02:56:29] [333/459] SVFC
[02:56:30] [334/459] UCPL
[02:56:32] [335/459] COOC
[02:56:33] [336/459] SCAL
[02:56:34] [337/459] SVFF
[02:56:35] [338/459] VCMG
[02:56:35] [339/459] UUCT
[02:56:37] [340/459] GCSE
[02:56:38] [341/459] SUSC
[02:56:39] [342/459] MISC
[02:56:40] [343/459] RMBL
[02:56:41] [344/459] CMXN
[02:56:42] [345/459] PVBK
[02:56:42] [346/459] HHCG
[02:56:43] [347/459] SCAG
[02:56:44] [348/459] CNPR
[02:56:45] [349/459] CSER
[02:56:46] [350/459] HLWD
[02:56:47] [351/459] BOLY
[02:56:47] [352/459] SSPG
[02:56:48] [353/459] MUPX
[02:56:49] [354/459] HAMR
[02:56:50] [355/459] SDNC
[02:56:52] [356/459] RTEN
[02:56:53] [357/459] SDTD
[02:56:53] [358/459] KAWS
[02:56:54] [359/459] CMZX
[02:56:55] [360/459] DCDD
[02:56:56] [361/459] ALSN
[02:56:57] [362/459] IMXS
[02:56:59] [363/459] PVFF
[02:57:00] [364/459] PVOO
[02:57:01] [365/459] CFBS
[02:57:02] [366/459] PVER
[02:57:03] [367/459] PPNX
[02:57:04] [368/459] CNRM
[02:57:05] [369/459] PVWW
[02:57:06] [370/459] INMB
[02:57:06] [371/459] CPJR
[02:57:08] [372/459] INRZ
[02:57:09] [373/459] PMSR
[02:57:10] [374/459] GPGM
[02:57:11] [375/459] PGWB
[02:57:12] [376/459] PMBR
[02:57:13] [377/459] GPAM
[02:57:14] [378/459] INBC
[02:57:14] [379/459] PZVK
[02:57:16] [380/459] CPEB
[02:57:17] [381/459] FMLB
[02:57:17] [382/459] INBG
[02:57:18] [383/459] GPBR
[02:57:19] [384/459] PAAS
[02:57:20] [385/459] VTBR
[02:57:21] [386/459] GPMY
[02:57:21] [387/459] GYBU
[02:57:23] [388/459] INBJ
[02:57:24] [389/459] LKTH
[02:57:25] [390/459] NSBR
[02:57:26] [391/459] PDRD
[02:57:27] [392/459] VRBL
[02:57:28] [393/459] VTGB
[02:57:29] [394/459] VTSK
[02:57:30] [395/459] BKDV
[02:57:30] [396/459] SVTB
[02:57:31] [397/459] MLDT
[02:57:32] [398/459] NRBL
[02:57:33] [399/459] SLTR
[02:57:34] [400/459] VNKA
[02:57:35] [401/459] TDCA
[02:57:36] [402/459] INBM
[02:57:37] [403/459] SSNR
[02:57:37] [404/459] BHAC
[02:57:38] [405/459] SDSD
[02:57:40] [406/459] SAMP
[02:57:41] [407/459] RATK
[02:57:42] [408/459] KCBI
[02:57:43] [409/459] URBL
[02:57:43] [410/459] MKBG
[02:57:44] [411/459] ASTB
[02:57:45] [412/459] VBWT
[02:57:46] [413/459] GPSM
[02:57:46] [414/459] ROON
[02:57:47] [415/459] CHTH
[02:57:48] [416/459] SSPA
[02:57:49] [417/459] ANBL
[02:57:49] [418/459] VTBE
[02:57:50] [419/459] SVKT
[02:57:51] [420/459] SVYK
[02:57:52] [421/459] PTBK
[02:57:53] [422/459] RKTB
[02:57:55] [423/459] BALT
[02:57:55] [424/459] STSV
[02:57:57] [425/459] VCCB
[02:57:58] [426/459] SLTB
[02:57:59] [427/459] SBCR
[02:58:00] [428/459] VDCS
[02:58:01] [429/459] MDKI
[02:58:02] [430/459] SMRN
[02:58:03] [431/459] PTBC
[02:58:04] [432/459] RADI
[02:58:06] [433/459] ADCR
[02:58:07] [434/459] SDCS
[02:58:08] [435/459] SRPJ
[02:58:09] [436/459] ARTS
[02:58:09] [437/459] SRHK
[02:58:10] [438/459] SPAY
[02:58:11] [439/459] GPTB
[02:58:12] [440/459] SNNN
[02:58:13] [441/459] BALJ
[02:58:14] [442/459] TRIG
[02:58:15] [443/459] GTYT
[02:58:16] [444/459] ATGN
[02:58:16] [445/459] ANTE
[02:58:17] [446/459] BDCG
[02:58:18] [447/459] VECI
[02:58:19] [448/459] SCPR
[02:58:20] [449/459] RTEA
[02:58:21] [450/459] JSAI
[02:58:22] [451/459] VJTP
[02:58:23] [452/459] GNDS
[02:58:24] [453/459] PAXA
[02:58:25] [454/459] CGGM
[02:58:26] [455/459] ACKZ
[02:58:27] [456/459] EMCC
[02:58:29] [457/459] KLSK
[02:58:30] [458/459] AVCK
[02:58:31] [459/459] JTCK
[02:58:32] ✅ DONE | Shows=32 | Movies=1
[03:50:25] 🚀 BMS DAILY TRACKER STARTED
[03:50:25] [1/459] NECA
[03:50:26] 🧠 New identity
[03:50:28] [2/459] BJLC
[03:50:29] [3/459] BASU
[03:50:29] [4/459] RUPI
[03:50:30] [5/459] LCBK
[03:50:31] [6/459] PMAC
[03:50:32] [7/459] AMLC
[03:50:33] [8/459] LICL
[03:50:34] [9/459] UDMM
[03:50:35] [10/459] STBZ
[03:50:36] [11/459] UUBT
[03:50:37] [12/459] SJKC
[03:50:38] [13/459] TUAL
[03:50:38] [14/459] MRSE
[03:50:39] [15/459] RMRK
[03:50:40] [16/459] TTKP
[03:50:41] [17/459] KTKO
[03:50:42] [18/459] SDBK
[03:50:42] [19/459] MCPR
[03:50:43] [20/459] CHTI
[03:50:44] [21/459] GCCP
[03:50:46] [22/459] SRMY
[03:50:47] [23/459] NYST
[03:50:48] [24/459] NYAG
[03:50:49] [25/459] SBMT
[03:50:50] [26/459] INGA
[03:50:51] [27/459] WSIC
[03:50:52] [28/459] SCSS
[03:50:53] [29/459] COPG
[03:50:54] [30/459] RCGR
[03:50:55] [31/459] TCZA
[03:50:56] [32/459] CNLP
[03:50:57] [33/459] CLKN
[03:50:58] [34/459] LHDF
[03:50:59] [35/459] ELKC
[03:51:00] [36/459] VCEM
[03:51:01] [37/459] SSZA
[03:51:02] [38/459] KRMT
[03:51:03] [39/459] LCMV
[03:51:03] [40/459] AYCZ
[03:51:04] [41/459] CUMS
[03:51:05] [42/459] BOCK
[03:51:06] [43/459] PNMR
[03:51:07] [44/459] PJCP
[03:51:08] [45/459] JDDD
[03:51:09] [46/459] STMS
[03:51:10] [47/459] FLMB
[03:51:11] [48/459] PKCM
[03:51:12] [49/459] SPPR
[03:51:12] [50/459] EYLH
[03:51:13] [51/459] RJCC
[03:51:14] [52/459] MMPS
[03:51:15] [53/459] SHMX
[03:51:16] [54/459] CCNL
[03:51:17] [55/459] RCNV
[03:51:18] [56/459] MAAG
[03:51:19] [57/459] LXCM
[03:51:19] [58/459] RCNI
[03:51:20] [59/459] SNNI
[03:51:22] [60/459] LALC
[03:51:23] [61/459] SOCN
[03:51:24] [62/459] JHTP
[03:51:25] [63/459] PITP
[03:51:25] [64/459] CCKW
[03:51:26] [65/459] MCMC
[03:51:27] [66/459] DEES
[03:51:28] [67/459] SABT
[03:51:29] [68/459] VSPP
[03:51:30] [69/459] ABCT
[03:51:31] [70/459] JVTB
[03:51:32] [71/459] VCBD
[03:51:32] [72/459] RMGG
[03:51:33] [73/459] RNMH
[03:51:34] [74/459] SPGL
[03:51:36] [75/459] JTTR
[03:51:37] [76/459] SICS
[03:51:38] [77/459] SRMI
[03:51:38] [78/459] SSIJ
[03:51:39] [79/459] KFMT
[03:51:40] [80/459] VBIT
[03:51:41] [81/459] JKCT
[03:51:42] [82/459] GCGP
[03:51:43] [83/459] GDCS
[03:51:44] [84/459] TRBA
[03:51:44] [85/459] QUST
[03:51:45] [86/459] VSHM
[03:51:46] [87/459] SDCP
[03:51:47] [88/459] SNVS
[03:51:48] [89/459] NYTO
[03:51:49] [90/459] URWC
[03:51:50] [91/459] GTWH
[03:51:51] [92/459] PFCM
[03:51:52] [93/459] KRTA
[03:51:52] [94/459] AXMC
[03:51:53] [95/459] EVMC
[03:51:54] [96/459] HGSM
[03:51:55] [97/459] ACVM
[03:51:56] [98/459] PSKL
[03:51:58] [99/459] RDMP
[03:51:59] [100/459] RHGH
[03:52:00] [101/459] OMCM
[03:52:02] [102/459] DCCP
[03:52:03] [103/459] MCPB
[03:52:04] [104/459] ALCI
[03:52:05] [105/459] BLMX
[03:52:06] [106/459] BTMV
[03:52:07] [107/459] FVPN
[03:52:07] [108/459] CMAR
[03:52:08] [109/459] CEIM
[03:52:09] [110/459] CMVA
[03:52:10] [111/459] CPIV
[03:52:11] [112/459] CNPE
[03:52:12] [113/459] COLV
[03:52:13] [114/459] DNNV
[03:52:14] [115/459] HCAD
[03:52:15] [116/459] TAKA
[03:52:16] [117/459] INVD
[03:52:17] [118/459] IRMM
[03:52:18] [119/459] INSE
[03:52:19] [120/459] MRSW
[03:52:20] [121/459] MCVD
[03:52:21] [122/459] MCSO
[03:52:22] [123/459] PEVM
[03:52:23] [124/459] PVNL
[03:52:24] [125/459] PTCV
[03:52:25] [126/459] PRTC
[03:52:26] [127/459] RCVA
[03:52:27] [128/459] MTBN
[03:52:28] [129/459] LUCP
[03:52:29] [130/459] FMPT
[03:52:30] [131/459] JLSL
[03:52:31] [132/459] SBHA
[03:52:32] [133/459] SHRC
[03:52:33] [134/459] AVPS
[03:52:33] [135/459] STPM
[03:52:34] [136/459] ATRD
[03:52:35] [137/459] VTED
[03:52:36] [138/459] ACAI
[03:52:37] [139/459] SMAE
[03:52:38] [140/459] VMAT
[03:52:39] [141/459] LKCT
[03:52:40] [142/459] JTVK
[03:52:41] [143/459] PRTY
[03:52:42] [144/459] GETT
[03:52:43] [145/459] ESAP
[03:52:44] [146/459] NCPM
[03:52:45] [147/459] PCPA
[03:52:47] [148/459] MMOM
[03:52:48] [149/459] PHUP
[03:52:48] [150/459] CCPI
[03:52:50] [151/459] CNTD
[03:52:51] [152/459] NLJR
[03:52:52] [153/459] SRNG
[03:52:52] [154/459] MHAL
[03:52:53] [155/459] PNSM
[03:52:54] [156/459] DRMY
[03:52:55] [157/459] CCMU
[03:52:56] [158/459] SCMY
[03:52:57] [159/459] PVSY
[03:52:58] [160/459] SDLM
[03:52:59] [161/459] ICCM
[03:52:59] [162/459] PYSU
[03:53:00] [163/459] GATM
[03:53:01] [164/459] WOTM
[03:53:02] [165/459] RKTS
[03:53:03] [166/459] PMTY
[03:53:03] [167/459] LYMS
[03:53:04] [168/459] TGCA
[03:53:05] [169/459] DSTA
[03:53:06] [170/459] CNGE
[03:53:07] [171/459] VSTG
[03:53:08] [172/459] GTCK
[03:53:09] [173/459] TGNT
[03:53:09] [174/459] ASLC
[03:53:10] [175/459] SSST
[03:53:11] [176/459] KBTT
[03:53:13] [177/459] HKCP
[03:53:14] [178/459] SWLC
[03:53:15] [179/459] RTND
[03:53:16] [180/459] PKKT
[03:53:17] [181/459] HSTK
[03:53:17] [182/459] SPTT
[03:53:18] [183/459] IMPM
[03:53:19] [184/459] SCMV
[03:53:20] [185/459] SPCT
[03:53:21] [186/459] JBCA
[03:53:22] [187/459] ATTR
[03:53:23] [188/459] SPMT
[03:53:24] [189/459] LCTM
[03:53:25] [190/459] SCVL
[03:53:26] [191/459] SCVT
[03:53:27] [192/459] KRIC
[03:53:27] [193/459] CTMG
[03:53:28] [194/459] ACNC
[03:53:29] [195/459] DMCK
[03:53:30] [196/459] KMTV
[03:53:31] [197/459] PFCJ
[03:53:32] [198/459] VNMD
[03:53:33] [199/459] VPCZ
[03:53:34] [200/459] SRYR
[03:53:34] [201/459] SYTR
[03:53:35] [202/459] GATR
[03:53:36] [203/459] URTR
[03:53:37] [204/459] MKSM
[03:53:38] [205/459] VSMH
[03:53:39] [206/459] SKRJ
[03:53:40] [207/459] SSJR
[03:53:41] [208/459] SVSM
[03:53:42] [209/459] RUCM
[03:53:43] [210/459] PRKN
[03:53:44] [211/459] RROH
[03:53:45] [212/459] SCTN
[03:53:46] [213/459] RTDM
[03:53:46] [214/459] ASRM
[03:53:47] [215/459] SKMD
[03:53:48] [216/459] SUTD
[03:53:49] [217/459] SADM
[03:53:50] [218/459] WCNR
[03:53:52] [219/459] CNED
[03:53:53] [220/459] MPDB
[03:53:54] [221/459] KTBH
[03:53:55] [222/459] IDRM
[03:53:56] [223/459] PJJT
[03:53:57] [224/459] PFCV
[03:53:58] [225/459] AACT
[03:53:58] [226/459] AAAD
[03:53:59] [227/459] ANES
[03:54:00] [228/459] MNCA
[03:54:01] [229/459] RMGU
[03:54:02] [230/459] DLCN
[03:54:04] [231/459] LJWT
[03:54:06] [232/459] MCBG
[03:54:07] [233/459] MYBG
[03:54:08] [234/459] GCCA
[03:54:09] [235/459] GCGA
[03:54:10] [236/459] ECGN
[03:54:11] [237/459] PRAB
[03:54:11] [238/459] PNMP
[03:54:13] [239/459] GCPT
[03:54:14] [240/459] ROYN
[03:54:15] [241/459] VATM
[03:54:16] [242/459] KSNT
[03:54:17] [243/459] ACTC
[03:54:17] [244/459] PLTD
[03:54:18] [245/459] SKMK
[03:54:20] [246/459] CMTT
[03:54:21] [247/459] SMXP
[03:54:22] [248/459] SCMX
[03:54:23] [249/459] ACXN
[03:54:24] [250/459] ASWT
[03:54:25] [251/459] VVVL
[03:54:25] [252/459] NAGO
[03:54:26] [253/459] SNCN
[03:54:27] [254/459] MCKP
[03:54:28] [255/459] SAMO
[03:54:29] [256/459] JBTV
[03:54:30] [257/459] DCVV
[03:54:31] [258/459] KMSV
[03:54:32] [259/459] KDCN
[03:54:33] [260/459] CNCP
[03:54:34] [261/459] HAMC
[03:54:34] [262/459] CCVZ
[03:54:35] [263/459] NCCK
[03:54:36] [264/459] MCHR
[03:54:37] [265/459] SCHT
[03:54:38] [266/459] ESSH
[03:54:39] [267/459] CUJC
[03:54:41] [268/459] PECP
[03:54:42] [269/459] PMMI
[03:54:43] [270/459] PCCH
[03:54:44] [271/459] PRPM
[03:54:45] [272/459] PVKL
[03:54:46] [273/459] CBSM
[03:54:47] [274/459] PVCZ
[03:54:48] [275/459] PCVV
[03:54:49] [276/459] CTMJ
[03:54:50] [277/459] RCPS
[03:54:51] [278/459] PCIT
[03:54:52] [279/459] FNCH
[03:54:53] [280/459] INZD
[03:54:54] [281/459] INPC
[03:54:54] [282/459] LCZP
[03:54:55] [283/459] SMCB
[03:54:56] [284/459] PTSB
[03:54:57] [285/459] TPSI
[03:54:58] [286/459] KHMJ
[03:54:59] [287/459] RCCJ
[03:55:00] [288/459] NCJA
[03:55:01] [289/459] NCJN
[03:55:02] [290/459] BTDP
[03:55:03] [291/459] PADY
[03:55:04] [292/459] NYBH
[03:55:05] [293/459] MTBR
[03:55:06] [294/459] KRBC
[03:55:07] [295/459] DKTI
[03:55:08] [296/459] ANAN
[03:55:08] [297/459] INBP
[03:55:09] [298/459] PATB
[03:55:10] [299/459] RGNT
[03:55:11] [300/459] CGPM
[03:55:13] [301/459] INTN
[03:55:14] [302/459] MCMP
[03:55:14] [303/459] ASRG
[03:55:15] [304/459] CXJD
[03:55:16] [305/459] SPCP
[03:55:17] [306/459] CSTP
[03:55:18] [307/459] PKVC
[03:55:19] [308/459] ESCP
[03:55:19] [309/459] CAEP
[03:55:20] [310/459] CCSP
[03:55:21] [311/459] KTPC
[03:55:23] [312/459] DACA
[03:55:23] [313/459] NVKY
[03:55:24] [314/459] PTIN
[03:55:25] [315/459] SCIN
[03:55:26] [316/459] MCTY
[03:55:27] [317/459] PCMX
[03:55:28] [318/459] INIC
[03:55:29] [319/459] MMZM
[03:55:30] [320/459] SSLP
[03:55:31] [321/459] DTDT
[03:55:31] [322/459] FFCX
[03:55:32] [323/459] RCMM
[03:55:33] [324/459] KYID
[03:55:35] [325/459] CSCI
[03:55:36] [326/459] FCMC
[03:55:37] [327/459] MMXI
[03:55:38] [328/459] ASTC
[03:55:38] [329/459] CMRA
[03:55:39] [330/459] DICI
[03:55:40] [331/459] KDIN
[03:55:41] [332/459] PRFI
[03:55:42] [333/459] SVFC
[03:55:43] [334/459] UCPL
[03:55:43] [335/459] COOC
[03:55:44] [336/459] SCAL
[03:55:45] [337/459] SVFF
[03:55:47] [338/459] VCMG
[03:55:47] [339/459] UUCT
[03:55:48] [340/459] GCSE
[03:55:49] [341/459] SUSC
[03:55:50] [342/459] MISC
[03:55:51] [343/459] RMBL
[03:55:52] [344/459] CMXN
[03:55:54] [345/459] PVBK
[03:55:55] [346/459] HHCG
[03:55:56] [347/459] SCAG
[03:55:57] [348/459] CNPR
[03:55:58] [349/459] CSER
[03:55:58] [350/459] HLWD
[03:55:59] [351/459] BOLY
[03:56:00] [352/459] SSPG
[03:56:01] [353/459] MUPX
[03:56:02] [354/459] HAMR
[03:56:03] [355/459] SDNC
[03:56:04] [356/459] RTEN
[03:56:05] [357/459] SDTD
[03:56:06] [358/459] KAWS
[03:56:07] [359/459] CMZX
[03:56:08] [360/459] DCDD
[03:56:09] [361/459] ALSN
[03:56:10] [362/459] IMXS
[03:56:11] [363/459] PVFF
[03:56:12] [364/459] PVOO
[03:56:13] [365/459] CFBS
[03:56:14] [366/459] PVER
[03:56:14] [367/459] PPNX
[03:56:15] [368/459] CNRM
[03:56:16] [369/459] PVWW
[03:56:17] [370/459] INMB
[03:56:18] [371/459] CPJR
[03:56:19] [372/459] INRZ
[03:56:20] [373/459] PMSR
[03:56:20] [374/459] GPGM
[03:56:21] [375/459] PGWB
[03:56:22] [376/459] PMBR
[03:56:23] [377/459] GPAM
[03:56:25] [378/459] INBC
[03:56:26] [379/459] PZVK
[03:56:27] [380/459] CPEB
[03:56:28] [381/459] FMLB
[03:56:29] [382/459] INBG
[03:56:29] [383/459] GPBR
[03:56:30] [384/459] PAAS
[03:56:31] [385/459] VTBR
[03:56:32] [386/459] GPMY
[03:56:33] [387/459] GYBU
[03:56:34] [388/459] INBJ
[03:56:35] [389/459] LKTH
[03:56:36] [390/459] NSBR
[03:56:37] [391/459] PDRD
[03:56:39] [392/459] VRBL
[03:56:40] [393/459] VTGB
[03:56:41] [394/459] VTSK
[03:56:42] [395/459] BKDV
[03:56:42] [396/459] SVTB
[03:56:43] [397/459] MLDT
[03:56:44] [398/459] NRBL
[03:56:45] [399/459] SLTR
[03:56:46] [400/459] VNKA
[03:56:47] [401/459] TDCA
[03:56:48] [402/459] INBM
[03:56:49] [403/459] SSNR
[03:56:50] [404/459] BHAC
[03:56:51] [405/459] SDSD
[03:56:52] [406/459] SAMP
[03:56:53] [407/459] RATK
[03:56:54] [408/459] KCBI
[03:56:55] [409/459] URBL
[03:56:55] [410/459] MKBG
[03:56:56] [411/459] ASTB
[03:56:57] [412/459] VBWT
[03:56:58] [413/459] GPSM
[03:56:58] [414/459] ROON
[03:57:00] [415/459] CHTH
[03:57:01] [416/459] SSPA
[03:57:02] [417/459] ANBL
[03:57:03] [418/459] VTBE
[03:57:04] [419/459] SVKT
[03:57:05] [420/459] SVYK
[03:57:06] [421/459] PTBK
[03:57:07] [422/459] RKTB
[03:57:07] [423/459] BALT
[03:57:08] [424/459] STSV
[03:57:10] [425/459] VCCB
[03:57:11] [426/459] SLTB
[03:57:12] [427/459] SBCR
[03:57:14] [428/459] VDCS
[03:57:14] [429/459] MDKI
[03:57:16] [430/459] SMRN
[03:57:17] [431/459] PTBC
[03:57:18] [432/459] RADI
[03:57:19] [433/459] ADCR
[03:57:20] [434/459] SDCS
[03:57:20] [435/459] SRPJ
[03:57:22] [436/459] ARTS
[03:57:23] [437/459] SRHK
[03:57:24] [438/459] SPAY
[03:57:25] [439/459] GPTB
[03:57:25] [440/459] SNNN
[03:57:26] [441/459] BALJ
[03:57:27] [442/459] TRIG
[03:57:28] [443/459] GTYT
[03:57:29] [444/459] ATGN
[03:57:30] [445/459] ANTE
[03:57:31] [446/459] BDCG
[03:57:32] [447/459] VECI
[03:57:33] [448/459] SCPR
[03:57:34] [449/459] RTEA
[03:57:36] [450/459] JSAI
[03:57:37] [451/459] VJTP
[03:57:38] [452/459] GNDS
[03:57:39] [453/459] PAXA
[03:57:40] [454/459] CGGM
[03:57:41] [455/459] ACKZ
[03:57:42] [456/459] EMCC
[03:57:43] [457/459] KLSK
[03:57:44] [458/459] AVCK
[03:57:44] [459/459] JTCK
[03:57:45] ✅ DONE | Shows=70 | Movies=7
[04:51:09] 🚀 BMS DAILY TRACKER STARTED
[04:51:09] [1/459] NECA
[04:51:09] 🧠 New identity
[04:51:10] [2/459] BJLC
[04:51:10] [3/459] BASU
[04:51:11] [4/459] RUPI
[04:51:12] [5/459] LCBK
[04:51:12] [6/459] PMAC
[04:51:13] [7/459] AMLC
[04:51:14] [8/459] LICL
[04:51:14] [9/459] UDMM
[04:51:15] [10/459] STBZ
[04:51:15] [11/459] UUBT
[04:51:16] [12/459] SJKC
[04:51:16] [13/459] TUAL
[04:51:17] [14/459] MRSE
[04:51:18] [15/459] RMRK
[04:51:19] [16/459] TTKP
[04:51:19] [17/459] KTKO
[04:51:20] [18/459] SDBK
[04:51:20] [19/459] MCPR
[04:51:21] [20/459] CHTI
[04:51:22] [21/459] GCCP
[04:51:22] [22/459] SRMY
[04:51:23] [23/459] NYST
[04:51:23] [24/459] NYAG
[04:51:24] [25/459] SBMT
[04:51:24] [26/459] INGA
[04:51:25] [27/459] WSIC
[04:51:26] [28/459] SCSS
[04:51:26] [29/459] COPG
[04:51:27] [30/459] RCGR
[04:51:27] [31/459] TCZA
[04:51:28] [32/459] CNLP
[04:51:28] [33/459] CLKN
[04:51:29] [34/459] LHDF
[04:51:30] [35/459] ELKC
[04:51:30] [36/459] VCEM
[04:51:31] [37/459] SSZA
[04:51:31] [38/459] KRMT
[04:51:32] [39/459] LCMV
[04:51:33] [40/459] AYCZ
[04:51:33] [41/459] CUMS
[04:51:34] [42/459] BOCK
[04:51:34] [43/459] PNMR
[04:51:35] [44/459] PJCP
[04:51:36] [45/459] JDDD
[04:51:37] [46/459] STMS
[04:51:37] [47/459] FLMB
[04:51:38] [48/459] PKCM
[04:51:39] [49/459] SPPR
[04:51:39] [50/459] EYLH
[04:51:40] [51/459] RJCC
[04:51:41] [52/459] MMPS
[04:51:41] [53/459] SHMX
[04:51:42] [54/459] CCNL
[04:51:42] [55/459] RCNV
[04:51:43] [56/459] MAAG
[04:51:43] [57/459] LXCM
[04:51:44] [58/459] RCNI
[04:51:44] [59/459] SNNI
[04:51:45] [60/459] LALC
[04:51:46] [61/459] SOCN
[04:51:46] [62/459] JHTP
[04:51:47] [63/459] PITP
[04:51:47] [64/459] CCKW
[04:51:48] [65/459] MCMC
[04:51:49] [66/459] DEES
[04:51:49] [67/459] SABT
[04:51:50] [68/459] VSPP
[04:51:50] [69/459] ABCT
[04:51:51] [70/459] JVTB
[04:51:52] [71/459] VCBD
[04:51:52] [72/459] RMGG
[04:51:53] [73/459] RNMH
[04:51:53] [74/459] SPGL
[04:51:54] [75/459] JTTR
[04:51:55] [76/459] SICS
[04:51:55] [77/459] SRMI
[04:51:56] [78/459] SSIJ
[04:51:56] [79/459] KFMT
[04:51:57] [80/459] VBIT
[04:51:58] [81/459] JKCT
[04:51:58] [82/459] GCGP
[04:51:59] [83/459] GDCS
[04:51:59] [84/459] TRBA
[04:52:00] [85/459] QUST
[04:52:00] [86/459] VSHM
[04:52:01] [87/459] SDCP
[04:52:02] [88/459] SNVS
[04:52:02] [89/459] NYTO
[04:52:03] [90/459] URWC
[04:52:04] [91/459] GTWH
[04:52:04] [92/459] PFCM
[04:52:05] [93/459] KRTA
[04:52:06] [94/459] AXMC
[04:52:06] [95/459] EVMC
[04:52:07] [96/459] HGSM
[04:52:08] [97/459] ACVM
[04:52:08] [98/459] PSKL
[04:52:09] [99/459] RDMP
[04:52:09] [100/459] RHGH
[04:52:10] [101/459] OMCM
[04:52:10] [102/459] DCCP
[04:52:11] [103/459] MCPB
[04:52:12] [104/459] ALCI
[04:52:12] [105/459] BLMX
[04:52:13] [106/459] BTMV
[04:52:14] [107/459] FVPN
[04:52:14] [108/459] CMAR
[04:52:15] [109/459] CEIM
[04:52:15] [110/459] CMVA
[04:52:16] [111/459] CPIV
[04:52:16] [112/459] CNPE
[04:52:17] [113/459] COLV
[04:52:18] [114/459] DNNV
[04:52:18] [115/459] HCAD
[04:52:19] [116/459] TAKA
[04:52:19] [117/459] INVD
[04:52:20] [118/459] IRMM
[04:52:20] [119/459] INSE
[04:52:21] [120/459] MRSW
[04:52:21] [121/459] MCVD
[04:52:22] [122/459] MCSO
[04:52:23] [123/459] PEVM
[04:52:24] [124/459] PVNL
[04:52:24] [125/459] PTCV
[04:52:25] [126/459] PRTC
[04:52:25] [127/459] RCVA
[04:52:26] [128/459] MTBN
[04:52:26] [129/459] LUCP
[04:52:27] [130/459] FMPT
[04:52:27] [131/459] JLSL
[04:52:28] [132/459] SBHA
[04:52:29] [133/459] SHRC
[04:52:29] [134/459] AVPS
[04:52:30] [135/459] STPM
[04:52:30] [136/459] ATRD
[04:52:31] [137/459] VTED
[04:52:32] [138/459] ACAI
[04:52:32] [139/459] SMAE
[04:52:33] [140/459] VMAT
[04:52:34] [141/459] LKCT
[04:52:34] [142/459] JTVK
[04:52:36] [143/459] PRTY
[04:52:36] [144/459] GETT
[04:52:37] [145/459] ESAP
[04:52:38] [146/459] NCPM
[04:52:38] [147/459] PCPA
[04:52:39] [148/459] MMOM
[04:52:40] [149/459] PHUP
[04:52:40] [150/459] CCPI
[04:52:41] [151/459] CNTD
[04:52:42] [152/459] NLJR
[04:52:43] [153/459] SRNG
[04:52:43] [154/459] MHAL
[04:52:44] [155/459] PNSM
[04:52:44] [156/459] DRMY
[04:52:45] [157/459] CCMU
[04:52:45] [158/459] SCMY
[04:52:46] [159/459] PVSY
[04:52:46] [160/459] SDLM
[04:52:47] [161/459] ICCM
[04:52:47] [162/459] PYSU
[04:52:48] [163/459] GATM
[04:52:49] [164/459] WOTM
[04:52:50] [165/459] RKTS
[04:52:50] [166/459] PMTY
[04:52:51] [167/459] LYMS
[04:52:52] [168/459] TGCA
[04:52:52] [169/459] DSTA
[04:52:53] [170/459] CNGE
[04:52:53] [171/459] VSTG
[04:52:54] [172/459] GTCK
[04:52:55] [173/459] TGNT
[04:52:56] [174/459] ASLC
[04:52:56] [175/459] SSST
[04:52:57] [176/459] KBTT
[04:52:57] [177/459] HKCP
[04:52:58] [178/459] SWLC
[04:52:59] [179/459] RTND
[04:52:59] [180/459] PKKT
[04:53:00] [181/459] HSTK
[04:53:00] [182/459] SPTT
[04:53:01] [183/459] IMPM
[04:53:02] [184/459] SCMV
[04:53:02] [185/459] SPCT
[04:53:03] [186/459] JBCA
[04:53:03] [187/459] ATTR
[04:53:04] [188/459] SPMT
[04:53:05] [189/459] LCTM
[04:53:05] [190/459] SCVL
[04:53:06] [191/459] SCVT
[04:53:06] [192/459] KRIC
[04:53:07] [193/459] CTMG
[04:53:08] [194/459] ACNC
[04:53:08] [195/459] DMCK
[04:53:09] [196/459] KMTV
[04:53:09] [197/459] PFCJ
[04:53:10] [198/459] VNMD
[04:53:11] [199/459] VPCZ
[04:53:11] [200/459] SRYR
[04:53:12] [201/459] SYTR
[04:53:13] [202/459] GATR
[04:53:13] [203/459] URTR
[04:53:14] [204/459] MKSM
[04:53:15] [205/459] VSMH
[04:53:15] [206/459] SKRJ
[04:53:16] [207/459] SSJR
[04:53:16] [208/459] SVSM
[04:53:17] [209/459] RUCM
[04:53:18] [210/459] PRKN
[04:53:18] [211/459] RROH
[04:53:19] [212/459] SCTN
[04:53:20] [213/459] RTDM
[04:53:20] [214/459] ASRM
[04:53:21] [215/459] SKMD
[04:53:21] [216/459] SUTD
[04:53:22] [217/459] SADM
[04:53:23] [218/459] WCNR
[04:53:23] [219/459] CNED
[04:53:24] [220/459] MPDB
[04:53:24] [221/459] KTBH
[04:53:25] [222/459] IDRM
[04:53:25] [223/459] PJJT
[04:53:26] [224/459] PFCV
[04:53:27] [225/459] AACT
[04:53:27] [226/459] AAAD
[04:53:28] [227/459] ANES
[04:53:29] [228/459] MNCA
[04:53:29] [229/459] RMGU
[04:53:30] [230/459] DLCN
[04:53:30] [231/459] LJWT
[04:53:31] [232/459] MCBG
[04:53:31] [233/459] MYBG
[04:53:32] [234/459] GCCA
[04:53:33] [235/459] GCGA
[04:53:33] [236/459] ECGN
[04:53:34] [237/459] PRAB
[04:53:35] [238/459] PNMP
[04:53:35] [239/459] GCPT
[04:53:36] [240/459] ROYN
[04:53:36] [241/459] VATM
[04:53:37] [242/459] KSNT
[04:53:38] [243/459] ACTC
[04:53:38] [244/459] PLTD
[04:53:39] [245/459] SKMK
[04:53:39] [246/459] CMTT
[04:53:40] [247/459] SMXP
[04:53:40] [248/459] SCMX
[04:53:41] [249/459] ACXN
[04:53:41] [250/459] ASWT
[04:53:42] [251/459] VVVL
[04:53:42] [252/459] NAGO
[04:53:43] [253/459] SNCN
[04:53:43] [254/459] MCKP
[04:53:44] [255/459] SAMO
[04:53:45] [256/459] JBTV
[04:53:45] [257/459] DCVV
[04:53:46] [258/459] KMSV
[04:53:47] [259/459] KDCN
[04:53:47] [260/459] CNCP
[04:53:48] [261/459] HAMC
[04:53:48] [262/459] CCVZ
[04:53:49] [263/459] NCCK
[04:53:50] [264/459] MCHR
[04:53:50] [265/459] SCHT
[04:53:51] [266/459] ESSH
[04:53:51] [267/459] CUJC
[04:53:52] [268/459] PECP
[04:53:53] [269/459] PMMI
[04:53:53] [270/459] PCCH
[04:53:54] [271/459] PRPM
[04:53:55] [272/459] PVKL
[04:53:55] [273/459] CBSM
[04:53:56] [274/459] PVCZ
[04:53:57] [275/459] PCVV
[04:53:57] [276/459] CTMJ
[04:53:58] [277/459] RCPS
[04:53:58] [278/459] PCIT
[04:53:59] [279/459] FNCH
[04:53:59] [280/459] INZD
[04:54:00] [281/459] INPC
[04:54:00] [282/459] LCZP
[04:54:01] [283/459] SMCB
[04:54:01] [284/459] PTSB
[04:54:02] [285/459] TPSI
[04:54:02] [286/459] KHMJ
[04:54:03] [287/459] RCCJ
[04:54:04] [288/459] NCJA
[04:54:04] [289/459] NCJN
[04:54:04] [290/459] BTDP
[04:54:05] [291/459] PADY
[04:54:06] [292/459] NYBH
[04:54:06] [293/459] MTBR
[04:54:07] [294/459] KRBC
[04:54:07] [295/459] DKTI
[04:54:08] [296/459] ANAN
[04:54:09] [297/459] INBP
[04:54:09] [298/459] PATB
[04:54:10] [299/459] RGNT
[04:54:10] [300/459] CGPM
[04:54:11] [301/459] INTN
[04:54:11] [302/459] MCMP
[04:54:12] [303/459] ASRG
[04:54:13] [304/459] CXJD
[04:54:13] [305/459] SPCP
[04:54:14] [306/459] CSTP
[04:54:15] [307/459] PKVC
[04:54:15] [308/459] ESCP
[04:54:16] [309/459] CAEP
[04:54:16] [310/459] CCSP
[04:54:17] [311/459] KTPC
[04:54:18] [312/459] DACA
[04:54:18] [313/459] NVKY
[04:54:19] [314/459] PTIN
[04:54:20] [315/459] SCIN
[04:54:20] [316/459] MCTY
[04:54:21] [317/459] PCMX
[04:54:21] [318/459] INIC
[04:54:22] [319/459] MMZM
[04:54:22] [320/459] SSLP
[04:54:23] [321/459] DTDT
[04:54:23] [322/459] FFCX
[04:54:24] [323/459] RCMM
[04:54:25] [324/459] KYID
[04:54:25] [325/459] CSCI
[04:54:26] [326/459] FCMC
[04:54:27] [327/459] MMXI
[04:54:27] [328/459] ASTC
[04:54:27] [329/459] CMRA
[04:54:28] [330/459] DICI
[04:54:29] [331/459] KDIN
[04:54:29] [332/459] PRFI
[04:54:30] [333/459] SVFC
[04:54:30] [334/459] UCPL
[04:54:31] [335/459] COOC
[04:54:31] [336/459] SCAL
[04:54:32] [337/459] SVFF
[04:54:33] [338/459] VCMG
[04:54:33] [339/459] UUCT
[04:54:34] [340/459] GCSE
[04:54:34] [341/459] SUSC
[04:54:35] [342/459] MISC
[04:54:36] [343/459] RMBL
[04:54:36] [344/459] CMXN
[04:54:37] [345/459] PVBK
[04:54:37] [346/459] HHCG
[04:54:38] [347/459] SCAG
[04:54:38] [348/459] CNPR
[04:54:39] [349/459] CSER
[04:54:40] [350/459] HLWD
[04:54:40] [351/459] BOLY
[04:54:41] [352/459] SSPG
[04:54:41] [353/459] MUPX
[04:54:42] [354/459] HAMR
[04:54:43] [355/459] SDNC
[04:54:43] [356/459] RTEN
[04:54:44] [357/459] SDTD
[04:54:45] [358/459] KAWS
[04:54:45] [359/459] CMZX
[04:54:46] [360/459] DCDD
[04:54:46] [361/459] ALSN
[04:54:47] [362/459] IMXS
[04:54:48] [363/459] PVFF
[04:54:48] [364/459] PVOO
[04:54:49] [365/459] CFBS
[04:54:49] [366/459] PVER
[04:54:50] [367/459] PPNX
[04:54:51] [368/459] CNRM
[04:54:51] [369/459] PVWW
[04:54:52] [370/459] INMB
[04:54:53] [371/459] CPJR
[04:54:53] [372/459] INRZ
[04:54:54] [373/459] PMSR
[04:54:54] [374/459] GPGM
[04:54:55] [375/459] PGWB
[04:54:56] [376/459] PMBR
[04:54:56] [377/459] GPAM
[04:54:57] [378/459] INBC
[04:54:58] [379/459] PZVK
[04:54:58] [380/459] CPEB
[04:54:59] [381/459] FMLB
[04:55:00] [382/459] INBG
[04:55:00] [383/459] GPBR
[04:55:01] [384/459] PAAS
[04:55:02] [385/459] VTBR
[04:55:02] [386/459] GPMY
[04:55:03] [387/459] GYBU
[04:55:04] [388/459] INBJ
[04:55:04] [389/459] LKTH
[04:55:05] [390/459] NSBR
[04:55:05] [391/459] PDRD
[04:55:06] [392/459] VRBL
[04:55:07] [393/459] VTGB
[04:55:07] [394/459] VTSK
[04:55:08] [395/459] BKDV
[04:55:09] [396/459] SVTB
[04:55:09] [397/459] MLDT
[04:55:10] [398/459] NRBL
[04:55:11] [399/459] SLTR
[04:55:11] [400/459] VNKA
[04:55:12] [401/459] TDCA
[04:55:12] [402/459] INBM
[04:55:13] [403/459] SSNR
[04:55:13] [404/459] BHAC
[04:55:14] [405/459] SDSD
[04:55:15] [406/459] SAMP
[04:55:15] [407/459] RATK
[04:55:16] [408/459] KCBI
[04:55:16] [409/459] URBL
[04:55:17] [410/459] MKBG
[04:55:18] [411/459] ASTB
[04:55:18] [412/459] VBWT
[04:55:18] [413/459] GPSM
[04:55:19] [414/459] ROON
[04:55:20] [415/459] CHTH
[04:55:20] [416/459] SSPA
[04:55:21] [417/459] ANBL
[04:55:22] [418/459] VTBE
[04:55:22] [419/459] SVKT
[04:55:23] [420/459] SVYK
[04:55:24] [421/459] PTBK
[04:55:24] [422/459] RKTB
[04:55:25] [423/459] BALT
[04:55:25] [424/459] STSV
[04:55:26] [425/459] VCCB
[04:55:26] [426/459] SLTB
[04:55:27] [427/459] SBCR
[04:55:27] [428/459] VDCS
[04:55:28] [429/459] MDKI
[04:55:29] [430/459] SMRN
[04:55:29] [431/459] PTBC
[04:55:30] [432/459] RADI
[04:55:30] [433/459] ADCR
[04:55:31] [434/459] SDCS
[04:55:31] [435/459] SRPJ
[04:55:32] [436/459] ARTS
[04:55:33] [437/459] SRHK
[04:55:33] [438/459] SPAY
[04:55:34] [439/459] GPTB
[04:55:34] [440/459] SNNN
[04:55:35] [441/459] BALJ
[04:55:36] [442/459] TRIG
[04:55:36] [443/459] GTYT
[04:55:37] [444/459] ATGN
[04:55:37] [445/459] ANTE
[04:55:38] [446/459] BDCG
[04:55:38] [447/459] VECI
[04:55:39] [448/459] SCPR
[04:55:39] [449/459] RTEA
[04:55:40] [450/459] JSAI
[04:55:40] [451/459] VJTP
[04:55:41] [452/459] GNDS
[04:55:42] [453/459] PAXA
[04:55:42] [454/459] CGGM
[04:55:43] [455/459] ACKZ
[04:55:44] [456/459] EMCC
[04:55:44] [457/459] KLSK
[04:55:45] [458/459] AVCK
[04:55:46] [459/459] JTCK
[04:55:46] ✅ DONE | Shows=122 | Movies=8
[06:58:58] 🚀 BMS DAILY TRACKER STARTED
[06:58:58] [1/459] NECA
[06:58:58] 🧠 New identity
[06:58:59] [2/459] BJLC
[06:59:00] [3/459] BASU
[06:59:01] [4/459] RUPI
[06:59:02] [5/459] LCBK
[06:59:03] [6/459] PMAC
[06:59:04] [7/459] AMLC
[06:59:05] [8/459] LICL
[06:59:05] [9/459] UDMM
[06:59:06] [10/459] STBZ
[06:59:07] [11/459] UUBT
[06:59:08] [12/459] SJKC
[06:59:09] [13/459] TUAL
[06:59:10] [14/459] MRSE
[06:59:11] [15/459] RMRK
[06:59:12] [16/459] TTKP
[06:59:13] [17/459] KTKO
[06:59:13] [18/459] SDBK
[06:59:14] [19/459] MCPR
[06:59:16] [20/459] CHTI
[06:59:17] [21/459] GCCP
[06:59:17] [22/459] SRMY
[06:59:18] [23/459] NYST
[06:59:19] [24/459] NYAG
[06:59:20] [25/459] SBMT
[06:59:21] [26/459] INGA
[06:59:22] [27/459] WSIC
[06:59:23] [28/459] SCSS
[06:59:24] [29/459] COPG
[06:59:25] [30/459] RCGR
[06:59:25] [31/459] TCZA
[06:59:26] [32/459] CNLP
[06:59:27] [33/459] CLKN
[06:59:28] [34/459] LHDF
[06:59:29] [35/459] ELKC
[06:59:30] [36/459] VCEM
[06:59:31] [37/459] SSZA
[06:59:32] [38/459] KRMT
[06:59:33] [39/459] LCMV
[06:59:34] [40/459] AYCZ
[06:59:34] [41/459] CUMS
[06:59:36] [42/459] BOCK
[06:59:37] [43/459] PNMR
[06:59:38] [44/459] PJCP
[06:59:39] [45/459] JDDD
[06:59:40] [46/459] STMS
[06:59:41] [47/459] FLMB
[06:59:42] [48/459] PKCM
[06:59:43] [49/459] SPPR
[06:59:44] [50/459] EYLH
[06:59:45] [51/459] RJCC
[06:59:45] [52/459] MMPS
[06:59:46] [53/459] SHMX
[06:59:47] [54/459] CCNL
[06:59:49] [55/459] RCNV
[06:59:50] [56/459] MAAG
[06:59:50] [57/459] LXCM
[06:59:51] [58/459] RCNI
[06:59:52] [59/459] SNNI
[06:59:53] [60/459] LALC
[06:59:54] [61/459] SOCN
[06:59:55] [62/459] JHTP
[06:59:55] [63/459] PITP
[06:59:56] [64/459] CCKW
[06:59:57] [65/459] MCMC
[06:59:58] [66/459] DEES
[06:59:59] [67/459] SABT
[07:00:00] [68/459] VSPP
[07:00:01] [69/459] ABCT
[07:00:03] [70/459] JVTB
[07:00:03] [71/459] VCBD
[07:00:05] [72/459] RMGG
[07:00:06] [73/459] RNMH
[07:00:07] [74/459] SPGL
[07:00:07] [75/459] JTTR
[07:00:08] [76/459] SICS
[07:00:09] [77/459] SRMI
[07:00:10] [78/459] SSIJ
[07:00:11] [79/459] KFMT
[07:00:12] [80/459] VBIT
[07:00:13] [81/459] JKCT
[07:00:13] [82/459] GCGP
[07:00:15] [83/459] GDCS
[07:00:16] [84/459] TRBA
[07:00:17] [85/459] QUST
[07:00:18] [86/459] VSHM
[07:00:18] [87/459] SDCP
[07:00:19] [88/459] SNVS
[07:00:20] [89/459] NYTO
[07:00:21] [90/459] URWC
[07:00:21] [91/459] GTWH
[07:00:22] [92/459] PFCM
[07:00:23] [93/459] KRTA
[07:00:24] [94/459] AXMC
[07:00:25] [95/459] EVMC
[07:00:26] [96/459] HGSM
[07:00:27] [97/459] ACVM
[07:00:27] [98/459] PSKL
[07:00:29] [99/459] RDMP
[07:00:30] [100/459] RHGH
[07:00:31] [101/459] OMCM
[07:00:32] [102/459] DCCP
[07:00:33] [103/459] MCPB
[07:00:33] [104/459] ALCI
[07:00:34] [105/459] BLMX
[07:00:35] [106/459] BTMV
[07:00:36] [107/459] FVPN
[07:00:37] [108/459] CMAR
[07:00:38] [109/459] CEIM
[07:00:38] [110/459] CMVA
[07:00:39] [111/459] CPIV
[07:00:40] [112/459] CNPE
[07:00:41] [113/459] COLV
[07:00:42] [114/459] DNNV
[07:00:43] [115/459] HCAD
[07:00:44] [116/459] TAKA
[07:00:45] [117/459] INVD
[07:00:46] [118/459] IRMM
[07:00:46] [119/459] INSE
[07:00:47] [120/459] MRSW
[07:00:48] [121/459] MCVD
[07:00:49] [122/459] MCSO
[07:00:50] [123/459] PEVM
[07:00:51] [124/459] PVNL
[07:00:51] [125/459] PTCV
[07:00:52] [126/459] PRTC
[07:00:53] [127/459] RCVA
[07:00:54] [128/459] MTBN
[07:00:55] [129/459] LUCP
[07:00:56] [130/459] FMPT
[07:00:57] [131/459] JLSL
[07:00:58] [132/459] SBHA
[07:00:59] [133/459] SHRC
[07:01:00] [134/459] AVPS
[07:01:00] [135/459] STPM
[07:01:01] [136/459] ATRD
[07:01:02] [137/459] VTED
[07:01:03] [138/459] ACAI
[07:01:04] [139/459] SMAE
[07:01:05] [140/459] VMAT
[07:01:06] [141/459] LKCT
[07:01:07] [142/459] JTVK
[07:01:08] [143/459] PRTY
[07:01:09] [144/459] GETT
[07:01:09] [145/459] ESAP
[07:01:10] [146/459] NCPM
[07:01:11] [147/459] PCPA
[07:01:12] [148/459] MMOM
[07:01:13] [149/459] PHUP
[07:01:15] [150/459] CCPI
[07:01:15] [151/459] CNTD
[07:01:16] [152/459] NLJR
[07:01:18] [153/459] SRNG
[07:01:19] [154/459] MHAL
[07:01:20] [155/459] PNSM
[07:01:20] [156/459] DRMY
[07:01:22] [157/459] CCMU
[07:01:23] [158/459] SCMY
[07:01:24] [159/459] PVSY
[07:01:24] [160/459] SDLM
[07:01:25] [161/459] ICCM
[07:01:26] [162/459] PYSU
[07:01:27] [163/459] GATM
[07:01:28] [164/459] WOTM
[07:01:29] [165/459] RKTS
[07:01:30] [166/459] PMTY
[07:01:31] [167/459] LYMS
[07:01:31] [168/459] TGCA
[07:01:32] [169/459] DSTA
[07:01:33] [170/459] CNGE
[07:01:34] [171/459] VSTG
[07:01:35] [172/459] GTCK
[07:01:36] [173/459] TGNT
[07:01:37] [174/459] ASLC
[07:01:37] [175/459] SSST
[07:01:38] [176/459] KBTT
[07:01:39] [177/459] HKCP
[07:01:40] [178/459] SWLC
[07:01:41] [179/459] RTND
[07:01:42] [180/459] PKKT
[07:01:43] [181/459] HSTK
[07:01:43] [182/459] SPTT
[07:01:44] [183/459] IMPM
[07:01:46] [184/459] SCMV
[07:01:47] [185/459] SPCT
[07:01:48] [186/459] JBCA
[07:01:49] [187/459] ATTR
[07:01:50] [188/459] SPMT
[07:01:51] [189/459] LCTM
[07:01:52] [190/459] SCVL
[07:01:53] [191/459] SCVT
[07:01:54] [192/459] KRIC
[07:01:55] [193/459] CTMG
[07:01:56] [194/459] ACNC
[07:01:58] [195/459] DMCK
[07:01:58] [196/459] KMTV
[07:01:59] [197/459] PFCJ
[07:02:00] [198/459] VNMD
[07:02:01] [199/459] VPCZ
[07:02:02] [200/459] SRYR
[07:02:03] [201/459] SYTR
[07:02:04] [202/459] GATR
[07:02:05] [203/459] URTR
[07:02:06] [204/459] MKSM
[07:02:07] [205/459] VSMH
[07:02:08] [206/459] SKRJ
[07:02:09] [207/459] SSJR
[07:02:10] [208/459] SVSM
[07:02:11] [209/459] RUCM
[07:02:12] [210/459] PRKN
[07:02:13] [211/459] RROH
[07:02:13] [212/459] SCTN
[07:02:15] [213/459] RTDM
[07:02:16] [214/459] ASRM
[07:02:17] [215/459] SKMD
[07:02:18] [216/459] SUTD
[07:02:18] [217/459] SADM
[07:02:19] [218/459] WCNR
[07:02:20] [219/459] CNED
[07:02:21] [220/459] MPDB
[07:02:22] [221/459] KTBH
[07:02:22] [222/459] IDRM
[07:02:23] [223/459] PJJT
[07:02:24] [224/459] PFCV
[07:02:25] [225/459] AACT
[07:02:25] [226/459] AAAD
[07:02:26] [227/459] ANES
[07:02:28] [228/459] MNCA
[07:02:29] [229/459] RMGU
[07:02:30] [230/459] DLCN
[07:02:31] [231/459] LJWT
[07:02:32] [232/459] MCBG
[07:02:33] [233/459] MYBG
[07:02:34] [234/459] GCCA
[07:02:34] [235/459] GCGA
[07:02:36] [236/459] ECGN
[07:02:37] [237/459] PRAB
[07:02:38] [238/459] PNMP
[07:02:39] [239/459] GCPT
[07:02:39] [240/459] ROYN
[07:02:40] [241/459] VATM
[07:02:41] [242/459] KSNT
[07:02:42] [243/459] ACTC
[07:02:43] [244/459] PLTD
[07:02:44] [245/459] SKMK
[07:02:45] [246/459] CMTT
[07:02:46] [247/459] SMXP
[07:02:47] [248/459] SCMX
[07:02:47] [249/459] ACXN
[07:02:48] [250/459] ASWT
[07:02:49] [251/459] VVVL
[07:02:50] [252/459] NAGO
[07:02:51] [253/459] SNCN
[07:02:53] [254/459] MCKP
[07:02:53] [255/459] SAMO
[07:02:54] [256/459] JBTV
[07:02:55] [257/459] DCVV
[07:02:56] [258/459] KMSV
[07:02:56] [259/459] KDCN
[07:02:57] [260/459] CNCP
[07:02:58] [261/459] HAMC
[07:02:59] [262/459] CCVZ
[07:03:00] [263/459] NCCK
[07:03:01] [264/459] MCHR
[07:03:01] [265/459] SCHT
[07:03:02] [266/459] ESSH
[07:03:03] [267/459] CUJC
[07:03:04] [268/459] PECP
[07:03:05] [269/459] PMMI
[07:03:06] [270/459] PCCH
[07:03:06] [271/459] PRPM
[07:03:07] [272/459] PVKL
[07:03:08] [273/459] CBSM
[07:03:09] [274/459] PVCZ
[07:03:10] [275/459] PCVV
[07:03:11] [276/459] CTMJ
[07:03:12] [277/459] RCPS
[07:03:13] [278/459] PCIT
[07:03:14] [279/459] FNCH
[07:03:15] [280/459] INZD
[07:03:16] [281/459] INPC
[07:03:17] [282/459] LCZP
[07:03:18] [283/459] SMCB
[07:03:20] [284/459] PTSB
[07:03:20] [285/459] TPSI
[07:03:21] [286/459] KHMJ
[07:03:22] [287/459] RCCJ
[07:03:23] [288/459] NCJA
[07:03:24] [289/459] NCJN
[07:03:25] [290/459] BTDP
[07:03:26] [291/459] PADY
[07:03:26] [292/459] NYBH
[07:03:27] [293/459] MTBR
[07:03:29] [294/459] KRBC
[07:03:30] [295/459] DKTI
[07:03:31] [296/459] ANAN
[07:03:32] [297/459] INBP
[07:03:34] [298/459] PATB
[07:03:35] [299/459] RGNT
[07:03:36] [300/459] CGPM
[07:03:36] [301/459] INTN
[07:03:37] [302/459] MCMP
[07:03:38] [303/459] ASRG
[07:03:39] [304/459] CXJD
[07:03:40] [305/459] SPCP
[07:03:41] [306/459] CSTP
[07:03:42] [307/459] PKVC
[07:03:43] [308/459] ESCP
[07:03:43] [309/459] CAEP
[07:03:44] [310/459] CCSP
[07:03:45] [311/459] KTPC
[07:03:46] [312/459] DACA
[07:03:48] [313/459] NVKY
[07:03:49] [314/459] PTIN
[07:03:49] [315/459] SCIN
[07:03:50] [316/459] MCTY
[07:03:51] [317/459] PCMX
[07:03:52] [318/459] INIC
[07:03:53] [319/459] MMZM
[07:03:53] [320/459] SSLP
[07:03:54] [321/459] DTDT
[07:03:55] [322/459] FFCX
[07:03:56] [323/459] RCMM
[07:03:57] [324/459] KYID
[07:03:58] [325/459] CSCI
[07:03:59] [326/459] FCMC
[07:04:00] [327/459] MMXI
[07:04:01] [328/459] ASTC
[07:04:01] [329/459] CMRA
[07:04:03] [330/459] DICI
[07:04:05] [331/459] KDIN
[07:04:05] [332/459] PRFI
[07:04:06] [333/459] SVFC
[07:04:07] [334/459] UCPL
[07:04:08] [335/459] COOC
[07:04:09] [336/459] SCAL
[07:04:10] [337/459] SVFF
[07:04:11] [338/459] VCMG
[07:04:12] [339/459] UUCT
[07:04:14] [340/459] GCSE
[07:04:15] [341/459] SUSC
[07:04:16] [342/459] MISC
[07:04:17] [343/459] RMBL
[07:04:18] [344/459] CMXN
[07:04:19] [345/459] PVBK
[07:04:20] [346/459] HHCG
[07:04:20] [347/459] SCAG
[07:04:21] [348/459] CNPR
[07:04:22] [349/459] CSER
[07:04:24] [350/459] HLWD
[07:04:25] [351/459] BOLY
[07:04:25] [352/459] SSPG
[07:04:26] [353/459] MUPX
[07:04:27] [354/459] HAMR
[07:04:27] [355/459] SDNC
[07:04:28] [356/459] RTEN
[07:04:29] [357/459] SDTD
[07:04:30] [358/459] KAWS
[07:04:31] [359/459] CMZX
[07:04:32] [360/459] DCDD
[07:04:33] [361/459] ALSN
[07:04:33] [362/459] IMXS
[07:04:34] [363/459] PVFF
[07:04:35] [364/459] PVOO
[07:04:36] [365/459] CFBS
[07:04:37] [366/459] PVER
[07:04:38] [367/459] PPNX
[07:04:39] [368/459] CNRM
[07:04:40] [369/459] PVWW
[07:04:41] [370/459] INMB
[07:04:42] [371/459] CPJR
[07:04:43] [372/459] INRZ
[07:04:44] [373/459] PMSR
[07:04:45] [374/459] GPGM
[07:04:46] [375/459] PGWB
[07:04:47] [376/459] PMBR
[07:04:48] [377/459] GPAM
[07:04:49] [378/459] INBC
[07:04:50] [379/459] PZVK
[07:04:51] [380/459] CPEB
[07:04:51] [381/459] FMLB
[07:04:52] [382/459] INBG
[07:04:53] [383/459] GPBR
[07:04:54] [384/459] PAAS
[07:04:55] [385/459] VTBR
[07:04:56] [386/459] GPMY
[07:04:58] [387/459] GYBU
[07:04:58] [388/459] INBJ
[07:04:59] [389/459] LKTH
[07:05:00] [390/459] NSBR
[07:05:01] [391/459] PDRD
[07:05:02] [392/459] VRBL
[07:05:02] [393/459] VTGB
[07:05:03] [394/459] VTSK
[07:05:04] [395/459] BKDV
[07:05:05] [396/459] SVTB
[07:05:06] [397/459] MLDT
[07:05:07] [398/459] NRBL
[07:05:08] [399/459] SLTR
[07:05:09] [400/459] VNKA
[07:05:10] [401/459] TDCA
[07:05:11] [402/459] INBM
[07:05:12] [403/459] SSNR
[07:05:12] [404/459] BHAC
[07:05:13] [405/459] SDSD
[07:05:14] [406/459] SAMP
[07:05:15] [407/459] RATK
[07:05:16] [408/459] KCBI
[07:05:17] [409/459] URBL
[07:05:18] [410/459] MKBG
[07:05:20] [411/459] ASTB
[07:05:20] [412/459] VBWT
[07:05:21] [413/459] GPSM
[07:05:22] [414/459] ROON
[07:05:24] [415/459] CHTH
[07:05:24] [416/459] SSPA
[07:05:25] [417/459] ANBL
[07:05:26] [418/459] VTBE
[07:05:27] [419/459] SVKT
[07:05:28] [420/459] SVYK
[07:05:29] [421/459] PTBK
[07:05:30] [422/459] RKTB
[07:05:31] [423/459] BALT
[07:05:32] [424/459] STSV
[07:05:33] [425/459] VCCB
[07:05:34] [426/459] SLTB
[07:05:35] [427/459] SBCR
[07:05:36] [428/459] VDCS
[07:05:37] [429/459] MDKI
[07:05:38] [430/459] SMRN
[07:05:39] [431/459] PTBC
[07:05:40] [432/459] RADI
[07:05:42] [433/459] ADCR
[07:05:42] [434/459] SDCS
[07:05:43] [435/459] SRPJ
[07:05:44] [436/459] ARTS
[07:05:45] [437/459] SRHK
[07:05:47] [438/459] SPAY
[07:05:47] [439/459] GPTB
[07:05:48] [440/459] SNNN
[07:05:49] [441/459] BALJ
[07:05:51] [442/459] TRIG
[07:05:52] [443/459] GTYT
[07:05:52] [444/459] ATGN
[07:05:53] [445/459] ANTE
[07:05:54] [446/459] BDCG
[07:05:55] [447/459] VECI
[07:05:57] [448/459] SCPR
[07:05:57] [449/459] RTEA
[07:05:58] [450/459] JSAI
[07:05:59] [451/459] VJTP
[07:06:00] [452/459] GNDS
[07:06:01] [453/459] PAXA
[07:06:02] [454/459] CGGM
[07:06:02] [455/459] ACKZ
[07:06:03] [456/459] EMCC
[07:06:04] [457/459] KLSK
[07:06:05] [458/459] AVCK
[07:06:06] [459/459] JTCK
[07:06:07] ✅ DONE | Shows=543 | Movies=32
[08:59:29] 🚀 BMS DAILY TRACKER STARTED
[08:59:29] [1/459] NECA
[08:59:29] 🧠 New identity
[08:59:31] [2/459] BJLC
[08:59:31] [3/459] BASU
[08:59:32] [4/459] RUPI
[08:59:33] [5/459] LCBK
[08:59:34] [6/459] PMAC
[08:59:35] [7/459] AMLC
[08:59:36] [8/459] LICL
[08:59:37] [9/459] UDMM
[08:59:38] [10/459] STBZ
[08:59:39] [11/459] UUBT
[08:59:40] [12/459] SJKC
[08:59:41] [13/459] TUAL
[08:59:42] [14/459] MRSE
[08:59:43] [15/459] RMRK
[08:59:44] [16/459] TTKP
[08:59:44] [17/459] KTKO
[08:59:45] [18/459] SDBK
[08:59:46] [19/459] MCPR
[08:59:47] [20/459] CHTI
[08:59:48] [21/459] GCCP
[08:59:49] [22/459] SRMY
[08:59:51] [23/459] NYST
[08:59:52] [24/459] NYAG
[08:59:53] [25/459] SBMT
[08:59:54] [26/459] INGA
[08:59:54] [27/459] WSIC
[08:59:55] [28/459] SCSS
[08:59:56] [29/459] COPG
[08:59:57] [30/459] RCGR
[08:59:58] [31/459] TCZA
[08:59:59] [32/459] CNLP
[08:59:59] [33/459] CLKN
[09:00:00] [34/459] LHDF
[09:00:01] [35/459] ELKC
[09:00:02] [36/459] VCEM
[09:00:03] [37/459] SSZA
[09:00:04] [38/459] KRMT
[09:00:05] [39/459] LCMV
[09:00:06] [40/459] AYCZ
[09:00:07] [41/459] CUMS
[09:00:07] [42/459] BOCK
[09:00:08] [43/459] PNMR
[09:00:09] [44/459] PJCP
[09:00:10] [45/459] JDDD
[09:00:11] [46/459] STMS
[09:00:12] [47/459] FLMB
[09:00:13] [48/459] PKCM
[09:00:14] [49/459] SPPR
[09:00:15] [50/459] EYLH
[09:00:16] [51/459] RJCC
[09:00:17] [52/459] MMPS
[09:00:18] [53/459] SHMX
[09:00:18] [54/459] CCNL
[09:00:19] [55/459] RCNV
[09:00:20] [56/459] MAAG
[09:00:22] [57/459] LXCM
[09:00:22] [58/459] RCNI
[09:00:23] [59/459] SNNI
[09:00:24] [60/459] LALC
[09:00:25] [61/459] SOCN
[09:00:26] [62/459] JHTP
[09:00:27] [63/459] PITP
[09:00:28] [64/459] CCKW
[09:00:29] [65/459] MCMC
[09:00:30] [66/459] DEES
[09:00:31] [67/459] SABT
[09:00:32] [68/459] VSPP
[09:00:33] [69/459] ABCT
[09:00:34] [70/459] JVTB
[09:00:35] [71/459] VCBD
[09:00:35] [72/459] RMGG
[09:00:36] [73/459] RNMH
[09:00:37] [74/459] SPGL
[09:00:38] [75/459] JTTR
[09:00:38] [76/459] SICS
[09:00:39] [77/459] SRMI
[09:00:40] [78/459] SSIJ
[09:00:40] [79/459] KFMT
[09:00:41] [80/459] VBIT
[09:00:42] [81/459] JKCT
[09:00:43] [82/459] GCGP
[09:00:44] [83/459] GDCS
[09:00:45] [84/459] TRBA
[09:00:46] [85/459] QUST
[09:00:47] [86/459] VSHM
[09:00:47] [87/459] SDCP
[09:00:48] [88/459] SNVS
[09:00:49] [89/459] NYTO
[09:00:50] [90/459] URWC
[09:00:51] [91/459] GTWH
[09:00:51] [92/459] PFCM
[09:00:52] [93/459] KRTA
[09:00:53] [94/459] AXMC
[09:00:54] [95/459] EVMC
[09:00:54] [96/459] HGSM
[09:00:55] [97/459] ACVM
[09:00:56] [98/459] PSKL
[09:00:57] [99/459] RDMP
[09:00:58] [100/459] RHGH
[09:00:59] [101/459] OMCM
[09:00:59] [102/459] DCCP
[09:01:00] [103/459] MCPB
[09:01:02] [104/459] ALCI
[09:01:02] [105/459] BLMX
[09:01:03] [106/459] BTMV
[09:01:04] [107/459] FVPN
[09:01:05] [108/459] CMAR
[09:01:06] [109/459] CEIM
[09:01:07] [110/459] CMVA
[09:01:07] [111/459] CPIV
[09:01:08] [112/459] CNPE
[09:01:09] [113/459] COLV
[09:01:10] [114/459] DNNV
[09:01:11] [115/459] HCAD
[09:01:11] [116/459] TAKA
[09:01:12] [117/459] INVD
[09:01:13] [118/459] IRMM
[09:01:14] [119/459] INSE
[09:01:15] [120/459] MRSW
[09:01:16] [121/459] MCVD
[09:01:16] [122/459] MCSO
[09:01:17] [123/459] PEVM
[09:01:18] [124/459] PVNL
[09:01:20] [125/459] PTCV
[09:01:20] [126/459] PRTC
[09:01:21] [127/459] RCVA
[09:01:22] [128/459] MTBN
[09:01:23] [129/459] LUCP
[09:01:24] [130/459] FMPT
[09:01:24] [131/459] JLSL
[09:01:25] [132/459] SBHA
[09:01:26] [133/459] SHRC
[09:01:27] [134/459] AVPS
[09:01:28] [135/459] STPM
[09:01:29] [136/459] ATRD
[09:01:30] [137/459] VTED
[09:01:31] [138/459] ACAI
[09:01:32] [139/459] SMAE
[09:01:33] [140/459] VMAT
[09:01:33] [141/459] LKCT
[09:01:34] [142/459] JTVK
[09:01:35] [143/459] PRTY
[09:01:36] [144/459] GETT
[09:01:37] [145/459] ESAP
[09:01:38] [146/459] NCPM
[09:01:39] [147/459] PCPA
[09:01:40] [148/459] MMOM
[09:01:40] [149/459] PHUP
[09:01:41] [150/459] CCPI
[09:01:42] [151/459] CNTD
[09:01:43] [152/459] NLJR
[09:01:44] [153/459] SRNG
[09:01:45] [154/459] MHAL
[09:01:46] [155/459] PNSM
[09:01:48] [156/459] DRMY
[09:01:48] [157/459] CCMU
[09:01:49] [158/459] SCMY
[09:01:50] [159/459] PVSY
[09:01:51] [160/459] SDLM
[09:01:52] [161/459] ICCM
[09:01:53] [162/459] PYSU
[09:01:54] [163/459] GATM
[09:01:55] [164/459] WOTM
[09:01:56] [165/459] RKTS
[09:01:57] [166/459] PMTY
[09:01:58] [167/459] LYMS
[09:01:58] [168/459] TGCA
[09:01:59] [169/459] DSTA
[09:02:00] [170/459] CNGE
[09:02:01] [171/459] VSTG
[09:02:02] [172/459] GTCK
[09:02:02] [173/459] TGNT
[09:02:03] [174/459] ASLC
[09:02:04] [175/459] SSST
[09:02:05] [176/459] KBTT
[09:02:07] [177/459] HKCP
[09:02:08] [178/459] SWLC
[09:02:09] [179/459] RTND
[09:02:10] [180/459] PKKT
[09:02:11] [181/459] HSTK
[09:02:11] [182/459] SPTT
[09:02:12] [183/459] IMPM
[09:02:13] [184/459] SCMV
[09:02:14] [185/459] SPCT
[09:02:14] [186/459] JBCA
[09:02:15] [187/459] ATTR
[09:02:16] [188/459] SPMT
[09:02:17] [189/459] LCTM
[09:02:18] [190/459] SCVL
[09:02:19] [191/459] SCVT
[09:02:20] [192/459] KRIC
[09:02:21] [193/459] CTMG
[09:02:22] [194/459] ACNC
[09:02:23] [195/459] DMCK
[09:02:24] [196/459] KMTV
[09:02:25] [197/459] PFCJ
[09:02:26] [198/459] VNMD
[09:02:28] [199/459] VPCZ
[09:02:28] [200/459] SRYR
[09:02:29] [201/459] SYTR
[09:02:30] [202/459] GATR
[09:02:31] [203/459] URTR
[09:02:32] [204/459] MKSM
[09:02:33] [205/459] VSMH
[09:02:33] [206/459] SKRJ
[09:02:34] [207/459] SSJR
[09:02:35] [208/459] SVSM
[09:02:36] [209/459] RUCM
[09:02:37] [210/459] PRKN
[09:02:38] [211/459] RROH
[09:02:39] [212/459] SCTN
[09:02:40] [213/459] RTDM
[09:02:41] [214/459] ASRM
[09:02:41] [215/459] SKMD
[09:02:42] [216/459] SUTD
[09:02:43] [217/459] SADM
[09:02:44] [218/459] WCNR
[09:02:44] [219/459] CNED
[09:02:45] [220/459] MPDB
[09:02:47] [221/459] KTBH
[09:02:48] [222/459] IDRM
[09:02:49] [223/459] PJJT
[09:02:50] [224/459] PFCV
[09:02:51] [225/459] AACT
[09:02:52] [226/459] AAAD
[09:02:54] [227/459] ANES
[09:02:54] [228/459] MNCA
[09:02:55] [229/459] RMGU
[09:02:55] [230/459] DLCN
[09:02:56] [231/459] LJWT
[09:02:57] [232/459] MCBG
[09:02:58] [233/459] MYBG
[09:02:58] [234/459] GCCA
[09:02:59] [235/459] GCGA
[09:03:00] [236/459] ECGN
[09:03:01] [237/459] PRAB
[09:03:01] [238/459] PNMP
[09:03:02] [239/459] GCPT
[09:03:03] [240/459] ROYN
[09:03:04] [241/459] VATM
[09:03:04] [242/459] KSNT
[09:03:05] [243/459] ACTC
[09:03:07] [244/459] PLTD
[09:03:07] [245/459] SKMK
[09:03:08] [246/459] CMTT
[09:03:09] [247/459] SMXP
[09:03:09] [248/459] SCMX
[09:03:10] [249/459] ACXN
[09:03:11] [250/459] ASWT
[09:03:12] [251/459] VVVL
[09:03:13] [252/459] NAGO
[09:03:14] [253/459] SNCN
[09:03:15] [254/459] MCKP
[09:03:16] [255/459] SAMO
[09:03:16] [256/459] JBTV
[09:03:17] [257/459] DCVV
[09:03:18] [258/459] KMSV
[09:03:19] [259/459] KDCN
[09:03:20] [260/459] CNCP
[09:03:20] [261/459] HAMC
[09:03:21] [262/459] CCVZ
[09:03:22] [263/459] NCCK
[09:03:23] [264/459] MCHR
[09:03:24] [265/459] SCHT
[09:03:25] [266/459] ESSH
[09:03:26] [267/459] CUJC
[09:03:26] [268/459] PECP
[09:03:28] [269/459] PMMI
[09:03:28] [270/459] PCCH
[09:03:29] [271/459] PRPM
[09:03:30] [272/459] PVKL
[09:03:30] [273/459] CBSM
[09:03:31] [274/459] PVCZ
[09:03:32] [275/459] PCVV
[09:03:33] [276/459] CTMJ
[09:03:33] [277/459] RCPS
[09:03:34] [278/459] PCIT
[09:03:35] [279/459] FNCH
[09:03:36] [280/459] INZD
[09:03:37] [281/459] INPC
[09:03:38] [282/459] LCZP
[09:03:39] [283/459] SMCB
[09:03:39] [284/459] PTSB
[09:03:41] [285/459] TPSI
[09:03:42] [286/459] KHMJ
[09:03:42] [287/459] RCCJ
[09:03:43] [288/459] NCJA
[09:03:44] [289/459] NCJN
[09:03:45] [290/459] BTDP
[09:03:46] [291/459] PADY
[09:03:47] [292/459] NYBH
[09:03:47] [293/459] MTBR
[09:03:48] [294/459] KRBC
[09:03:49] [295/459] DKTI
[09:03:50] [296/459] ANAN
[09:03:50] [297/459] INBP
[09:03:51] [298/459] PATB
[09:03:52] [299/459] RGNT
[09:03:53] [300/459] CGPM
[09:03:53] [301/459] INTN
[09:03:54] [302/459] MCMP
[09:03:55] [303/459] ASRG
[09:03:56] [304/459] CXJD
[09:03:56] [305/459] SPCP
[09:03:57] [306/459] CSTP
[09:03:58] [307/459] PKVC
[09:03:59] [308/459] ESCP
[09:04:00] [309/459] CAEP
[09:04:01] [310/459] CCSP
[09:04:01] [311/459] KTPC
[09:04:02] [312/459] DACA
[09:04:03] [313/459] NVKY
[09:04:04] [314/459] PTIN
[09:04:05] [315/459] SCIN
[09:04:06] [316/459] MCTY
[09:04:06] [317/459] PCMX
[09:04:07] [318/459] INIC
[09:04:08] [319/459] MMZM
[09:04:09] [320/459] SSLP
[09:04:09] [321/459] DTDT
[09:04:10] [322/459] FFCX
[09:04:11] [323/459] RCMM
[09:04:12] [324/459] KYID
[09:04:13] [325/459] CSCI
[09:04:14] [326/459] FCMC
[09:04:15] [327/459] MMXI
[09:04:16] [328/459] ASTC
[09:04:16] [329/459] CMRA
[09:04:17] [330/459] DICI
[09:04:18] [331/459] KDIN
[09:04:19] [332/459] PRFI
[09:04:20] [333/459] SVFC
[09:04:20] [334/459] UCPL
[09:04:21] [335/459] COOC
[09:04:22] [336/459] SCAL
[09:04:23] [337/459] SVFF
[09:04:24] [338/459] VCMG
[09:04:24] [339/459] UUCT
[09:04:25] [340/459] GCSE
[09:04:26] [341/459] SUSC
[09:04:28] [342/459] MISC
[09:04:29] [343/459] RMBL
[09:04:30] [344/459] CMXN
[09:04:31] [345/459] PVBK
[09:04:32] [346/459] HHCG
[09:04:33] [347/459] SCAG
[09:04:34] [348/459] CNPR
[09:04:34] [349/459] CSER
[09:04:35] [350/459] HLWD
[09:04:36] [351/459] BOLY
[09:04:36] [352/459] SSPG
[09:04:37] [353/459] MUPX
[09:04:38] [354/459] HAMR
[09:04:39] [355/459] SDNC
[09:04:40] [356/459] RTEN
[09:04:41] [357/459] SDTD
[09:04:41] [358/459] KAWS
[09:04:42] [359/459] CMZX
[09:04:43] [360/459] DCDD
[09:04:44] [361/459] ALSN
[09:04:45] [362/459] IMXS
[09:04:45] [363/459] PVFF
[09:04:46] [364/459] PVOO
[09:04:48] [365/459] CFBS
[09:04:48] [366/459] PVER
[09:04:49] [367/459] PPNX
[09:04:50] [368/459] CNRM
[09:04:50] [369/459] PVWW
[09:04:51] [370/459] INMB
[09:04:52] [371/459] CPJR
[09:04:53] [372/459] INRZ
[09:04:53] [373/459] PMSR
[09:04:54] [374/459] GPGM
[09:04:56] [375/459] PGWB
[09:04:56] [376/459] PMBR
[09:04:57] [377/459] GPAM
[09:04:58] [378/459] INBC
[09:04:59] [379/459] PZVK
[09:05:00] [380/459] CPEB
[09:05:00] [381/459] FMLB
[09:05:01] [382/459] INBG
[09:05:02] [383/459] GPBR
[09:05:04] [384/459] PAAS
[09:05:04] [385/459] VTBR
[09:05:05] [386/459] GPMY
[09:05:06] [387/459] GYBU
[09:05:06] [388/459] INBJ
[09:05:07] [389/459] LKTH
[09:05:08] [390/459] NSBR
[09:05:09] [391/459] PDRD
[09:05:10] [392/459] VRBL
[09:05:11] [393/459] VTGB
[09:05:11] [394/459] VTSK
[09:05:12] [395/459] BKDV
[09:05:13] [396/459] SVTB
[09:05:14] [397/459] MLDT
[09:05:15] [398/459] NRBL
[09:05:15] [399/459] SLTR
[09:05:16] [400/459] VNKA
[09:05:17] [401/459] TDCA
[09:05:18] [402/459] INBM
[09:05:19] [403/459] SSNR
[09:05:20] [404/459] BHAC
[09:05:21] [405/459] SDSD
[09:05:22] [406/459] SAMP
[09:05:23] [407/459] RATK
[09:05:24] [408/459] KCBI
[09:05:25] [409/459] URBL
[09:05:25] [410/459] MKBG
[09:05:26] [411/459] ASTB
[09:05:27] [412/459] VBWT
[09:05:28] [413/459] GPSM
[09:05:29] [414/459] ROON
[09:05:30] [415/459] CHTH
[09:05:30] [416/459] SSPA
[09:05:31] [417/459] ANBL
[09:05:32] [418/459] VTBE
[09:05:33] [419/459] SVKT
[09:05:34] [420/459] SVYK
[09:05:34] [421/459] PTBK
[09:05:35] [422/459] RKTB
[09:05:36] [423/459] BALT
[09:05:37] [424/459] STSV
[09:05:38] [425/459] VCCB
[09:05:39] [426/459] SLTB
[09:05:40] [427/459] SBCR
[09:05:41] [428/459] VDCS
[09:05:42] [429/459] MDKI
[09:05:42] [430/459] SMRN
[09:05:43] [431/459] PTBC
[09:05:44] [432/459] RADI
[09:05:45] [433/459] ADCR
[09:05:46] [434/459] SDCS
[09:05:46] [435/459] SRPJ
[09:05:47] [436/459] ARTS
[09:05:48] [437/459] SRHK
[09:05:49] [438/459] SPAY
[09:05:50] [439/459] GPTB
[09:05:51] [440/459] SNNN
[09:05:52] [441/459] BALJ
[09:05:52] [442/459] TRIG
[09:05:53] [443/459] GTYT
[09:05:54] [444/459] ATGN
[09:05:55] [445/459] ANTE
[09:05:56] [446/459] BDCG
[09:05:56] [447/459] VECI
[09:05:57] [448/459] SCPR
[09:05:58] [449/459] RTEA
[09:05:59] [450/459] JSAI
[09:06:00] [451/459] VJTP
[09:06:00] [452/459] GNDS
[09:06:01] [453/459] PAXA
[09:06:03] [454/459] CGGM
[09:06:03] [455/459] ACKZ
[09:06:04] [456/459] EMCC
[09:06:05] [457/459] KLSK
[09:06:06] [458/459] AVCK
[09:06:06] [459/459] JTCK
[09:06:07] ✅ DONE | Shows=1099 | Movies=54
