[00:49:03] 🚀 BMS DAILY TRACKER STARTED
[00:49:03] [1/324] GCTA
[00:49:03] 🧠 New identity
[00:49:05] [2/324] TOPN
[00:49:06] [3/324] MCUS
[00:49:06] [4/324] SHRL
[00:49:07] [5/324] UPTP
[00:49:08] [6/324] TMMP
[00:49:09] [7/324] DNRP
[00:49:09] [8/324] SRLT
[00:49:10] [9/324] RCNS
[00:49:11] [10/324] DCBH
[00:49:12] [11/324] NAGJ
[00:49:13] [12/324] JVRC
[00:49:14] [13/324] KRJG
[00:49:15] [14/324] SRTJ
[00:49:16] [15/324] CMXM
[00:49:17] [16/324] STMI
[00:49:18] [17/324] SLST
[00:49:19] [18/324] DTCN
[00:49:20] [19/324] STYN
[00:49:20] [20/324] SZVR
[00:49:21] [21/324] SRKO
[00:49:22] [22/324] JTGT
[00:49:23] [23/324] SVFD
[00:49:24] [24/324] SISD
[00:49:25] [25/324] ABDD
[00:49:26] [26/324] DRCA
[00:49:27] [27/324] AVCS
[00:49:28] [28/324] MVKH
[00:49:28] [29/324] ACPR
[00:49:30] [30/324] STIP
[00:49:31] [31/324] MTRA
[00:49:32] [32/324] RMKH
[00:49:32] [33/324] NKRL
[00:49:34] [34/324] PCWN
[00:49:35] [35/324] BLMT
[00:49:36] [36/324] GDPG
[00:49:37] [37/324] SRMX
[00:49:37] [38/324] JACP
[00:49:38] [39/324] CPSH
[00:49:39] [40/324] MCCD
[00:49:40] [41/324] ECGH
[00:49:41] [42/324] MKCK
[00:49:42] [43/324] SRMM
[00:49:43] [44/324] SKYR
[00:49:43] [45/324] PCKC
[00:49:45] [46/324] JCMA
[00:49:45] [47/324] BSMP
[00:49:46] [48/324] VSPA
[00:49:47] [49/324] DJYA
[00:49:48] [50/324] DIMP
[00:49:49] [51/324] FXDR
[00:49:50] [52/324] SSRC
[00:49:51] [53/324] STHP
[00:49:52] [54/324] CPPD
[00:49:53] [55/324] FCLK
[00:49:54] [56/324] SCPP
[00:49:55] [57/324] DCMJ
[00:49:56] [58/324] RCCR
[00:49:56] [59/324] INMT
[00:49:57] [60/324] LXTK
[00:49:58] [61/324] SRYK
[00:49:59] [62/324] SGDK
[00:50:00] [63/324] PPKA
[00:50:01] [64/324] SPKA
[00:50:01] [65/324] CGHH
[00:50:02] [66/324] DCJN
[00:50:03] [67/324] SRKV
[00:50:04] [68/324] SAJC
[00:50:05] [69/324] SUSR
[00:50:06] [70/324] STYG
[00:50:07] [71/324] NTKP
[00:50:08] [72/324] AKTG
[00:50:08] [73/324] CGCM
[00:50:09] [74/324] TULC
[00:50:10] [75/324] NYYZ
[00:50:11] [76/324] NYBW
[00:50:12] [77/324] MACB
[00:50:13] [78/324] SLVT
[00:50:14] [79/324] SANA
[00:50:16] [80/324] ACMR
[00:50:17] [81/324] CPKN
[00:50:18] [82/324] DLGK
[00:50:19] [83/324] CWCK
[00:50:19] [84/324] FDDH
[00:50:20] [85/324] MMMD
[00:50:21] [86/324] CMEH
[00:50:22] [87/324] GGGV
[00:50:23] [88/324] SPJL
[00:50:24] [89/324] RCCD
[00:50:25] [90/324] STTZ
[00:50:26] [91/324] BTCF
[00:50:27] [92/324] TSTZ
[00:50:28] [93/324] IPMM
[00:50:29] [94/324] PMPW
[00:50:30] [95/324] PCMZ
[00:50:31] [96/324] ESEM
[00:50:31] [97/324] PIPO
[00:50:32] [98/324] MATK
[00:50:33] [99/324] PGHM
[00:50:35] [100/324] CTSR
[00:50:35] [101/324] CYKR
[00:50:36] [102/324] MSCM
[00:50:37] [103/324] RFNP
[00:50:38] [104/324] PDCP
[00:50:39] [105/324] NPSE
[00:50:39] [106/324] MKML
[00:50:40] [107/324] FTDP
[00:50:41] [108/324] MMXA
[00:50:43] [109/324] CEPO
[00:50:43] [110/324] CMVP
[00:50:44] [111/324] SGTH
[00:50:45] [112/324] SAYN
[00:50:46] [113/324] URVS
[00:50:47] [114/324] VJTN
[00:50:48] [115/324] BBYK
[00:50:49] [116/324] SHBO
[00:50:50] [117/324] VCMR
[00:50:51] [118/324] MACT
[00:50:52] [119/324] JMNP
[00:50:53] [120/324] VICS
[00:50:54] [121/324] VCDA
[00:50:55] [122/324] GCMM
[00:50:56] [123/324] INVS
[00:50:57] [124/324] SCGM
[00:50:58] [125/324] PCDA
[00:50:59] [126/324] KDCT
[00:50:59] [127/324] JACS
[00:51:01] [128/324] GMMC
[00:51:02] [129/324] AICM
[00:51:03] [130/324] TJCM
[00:51:04] [131/324] RMTI
[00:51:05] [132/324] SHAC
[00:51:06] [133/324] APJC
[00:51:06] [134/324] GCTG
[00:51:07] [135/324] SSMC
[00:51:08] [136/324] THRM
[00:51:09] [137/324] RBCT
[00:51:10] [138/324] DIKT
[00:51:11] [139/324] MIDL
[00:51:12] [140/324] VCSN
[00:51:12] [141/324] SKTG
[00:51:13] [142/324] SMWC
[00:51:14] [143/324] MNKH
[00:51:15] [144/324] PIAT
[00:51:16] [145/324] LTTP
[00:51:17] [146/324] PTPU
[00:51:18] [147/324] ACMG
[00:51:19] [148/324] SHMM
[00:51:19] [149/324] MCMN
[00:51:20] [150/324] GLDC
[00:51:21] [151/324] HOUT
[00:51:23] [152/324] SVRP
[00:51:24] [153/324] PVDN
[00:51:25] [154/324] SCPY
[00:51:26] [155/324] DTPY
[00:51:27] [156/324] GKCS
[00:51:28] [157/324] NCAM
[00:51:29] [158/324] BSRM
[00:51:30] [159/324] RCLC
[00:51:31] [160/324] SKKD
[00:51:31] [161/324] ACHU
[00:51:33] [162/324] RSCF
[00:51:34] [163/324] IMSH
[00:51:35] [164/324] MACX
[00:51:35] [165/324] HMMW
[00:51:36] [166/324] JTCP
[00:51:37] [167/324] SREN
[00:51:38] [168/324] PJRR
[00:51:39] [169/324] INAC
[00:51:39] [170/324] BMCA
[00:51:40] [171/324] SHCB
[00:51:41] [172/324] GABA
[00:51:42] [173/324] SBCT
[00:51:43] [174/324] GCMA
[00:51:44] [175/324] MYTK
[00:51:44] [176/324] INZS
[00:51:45] [177/324] RMIK
[00:51:47] [178/324] NYCH
[00:51:48] [179/324] RAVE
[00:51:49] [180/324] PSXM
[00:51:50] [181/324] MCGP
[00:51:51] [182/324] PDDK
[00:51:51] [183/324] SPCK
[00:51:52] [184/324] MCRL
[00:51:53] [185/324] MHKT
[00:51:55] [186/324] ANRR
[00:51:56] [187/324] SAPK
[00:51:57] [188/324] NCUK
[00:51:57] [189/324] JUGA
[00:51:58] [190/324] DBSC
[00:51:59] [191/324] LALK
[00:52:00] [192/324] GUCK
[00:52:00] [193/324] STSG
[00:52:01] [194/324] PPPZ
[00:52:02] [195/324] CNCY
[00:52:03] [196/324] MTAR
[00:52:04] [197/324] VNKD
[00:52:05] [198/324] KMAJ
[00:52:05] [199/324] ACXK
[00:52:06] [200/324] UTKC
[00:52:07] [201/324] PBLK
[00:52:08] [202/324] ACBX
[00:52:09] [203/324] PTGM
[00:52:10] [204/324] BTDA
[00:52:11] [205/324] PJMB
[00:52:11] [206/324] TPDA
[00:52:12] [207/324] AMOE
[00:52:13] [208/324] PRHT
[00:52:15] [209/324] PRTA
[00:52:15] [210/324] STAM
[00:52:16] [211/324] MSAA
[00:52:17] [212/324] SDLU
[00:52:18] [213/324] RCHH
[00:52:18] [214/324] KANT
[00:52:19] [215/324] FCRT
[00:52:20] [216/324] DNKM
[00:52:21] [217/324] RYCP
[00:52:22] [218/324] MYRP
[00:52:23] [219/324] PPAK
[00:52:25] [220/324] NVPK
[00:52:25] [221/324] PRMC
[00:52:26] [222/324] JBCS
[00:52:27] [223/324] GXCK
[00:52:28] [224/324] USKO
[00:52:29] [225/324] GTEM
[00:52:29] [226/324] SMBU
[00:52:30] [227/324] VETC
[00:52:31] [228/324] LCDA
[00:52:32] [229/324] MTVT
[00:52:34] [230/324] PYCP
[00:52:35] [231/324] PNSC
[00:52:36] [232/324] PPCC
[00:52:37] [233/324] TGRT
[00:52:38] [234/324] JYOT
[00:52:39] [235/324] SRCZ
[00:52:40] [236/324] SJTE
[00:52:40] [237/324] DESC
[00:52:41] [238/324] JHVN
[00:52:42] [239/324] IPSG
[00:52:43] [240/324] IPCM
[00:52:44] [241/324] PDRS
[00:52:45] [242/324] ANCV
[00:52:46] [243/324] CMVV
[00:52:46] [244/324] SHYP
[00:52:47] [245/324] DNCS
[00:52:48] [246/324] GAJK
[00:52:49] [247/324] AKTN
[00:52:50] [248/324] KAYA
[00:52:51] [249/324] SBRC
[00:52:51] [250/324] CHTP
[00:52:52] [251/324] SHRT
[00:52:54] [252/324] BCKU
[00:52:54] [253/324] FCPS
[00:52:55] [254/324] ARDD
[00:52:56] [255/324] CPCM
[00:52:57] [256/324] CGSM
[00:52:58] [257/324] PSMP
[00:52:58] [258/324] SDAL
[00:53:00] [259/324] RTNB
[00:53:00] [260/324] LMCR
[00:53:01] [261/324] CIMA
[00:53:02] [262/324] RNAS
[00:53:04] [263/324] LITH
[00:53:04] [264/324] PBOX
[00:53:05] [265/324] FRTS
[00:53:06] [266/324] RKIC
[00:53:07] [267/324] PTAI
[00:53:08] [268/324] GCIC
[00:53:09] [269/324] FNAS
[00:53:09] [270/324] SCAR
[00:53:10] [271/324] MTCA
[00:53:11] [272/324] SCTS
[00:53:12] [273/324] SYCS
[00:53:14] [274/324] RDMS
[00:53:14] [275/324] KAMP
[00:53:15] [276/324] ERSD
[00:53:16] [277/324] MJMJ
[00:53:17] [278/324] SRCJ
[00:53:18] [279/324] SCXE
[00:53:19] [280/324] SVFR
[00:53:20] [281/324] BHCS
[00:53:21] [282/324] IMCC
[00:53:22] [283/324] PCBO
[00:53:23] [284/324] PRVN
[00:53:23] [285/324] AUPM
[00:53:24] [286/324] INBW
[00:53:25] [287/324] SVCW
[00:53:26] [288/324] RKCF
[00:53:27] [289/324] UVBH
[00:53:28] [290/324] DNCY
[00:53:29] [291/324] ABCN
[00:53:30] [292/324] PRUR
[00:53:30] [293/324] PFMR
[00:53:31] [294/324] RKCN
[00:53:32] [295/324] CFEA
[00:53:33] [296/324] SDBG
[00:53:35] [297/324] SNAR
[00:53:35] [298/324] YISI
[00:53:36] [299/324] JCFF
[00:53:37] [300/324] VTRK
[00:53:38] [301/324] PCLZ
[00:53:39] [302/324] DIMY
[00:53:40] [303/324] BBTS
[00:53:41] [304/324] GATH
[00:53:42] [305/324] GTMN
[00:53:43] [306/324] VTMH
[00:53:44] [307/324] CCKP
[00:53:45] [308/324] GPKA
[00:53:46] [309/324] MHCL
[00:53:47] [310/324] ATCL
[00:53:48] [311/324] SBCK
[00:53:49] [312/324] AMMR
[00:53:50] [313/324] MADC
[00:53:51] [314/324] TMMA
[00:53:52] [315/324] CACC
[00:53:52] [316/324] CHAL
[00:53:53] [317/324] DURG
[00:53:55] [318/324] GMKU
[00:53:56] [319/324] GECA
[00:53:57] [320/324] KYRR
[00:53:57] [321/324] KSDE
[00:53:58] [322/324] LMCI
[00:53:59] [323/324] NKCP
[00:54:00] [324/324] BGTC
[00:54:00] ✅ DONE | Shows=1 | Movies=1
[01:53:43] 🚀 BMS DAILY TRACKER STARTED
[01:53:43] [1/324] GCTA
[01:53:43] 🧠 New identity
[01:53:45] [2/324] TOPN
[01:53:46] [3/324] MCUS
[01:53:47] [4/324] SHRL
[01:53:47] [5/324] UPTP
[01:53:48] [6/324] TMMP
[01:53:49] [7/324] DNRP
[01:53:51] [8/324] SRLT
[01:53:52] [9/324] RCNS
[01:53:52] [10/324] DCBH
[01:53:53] [11/324] NAGJ
[01:53:54] [12/324] JVRC
[01:53:55] [13/324] KRJG
[01:53:56] [14/324] SRTJ
[01:53:57] [15/324] CMXM
[01:53:58] [16/324] STMI
[01:53:59] [17/324] SLST
[01:54:00] [18/324] DTCN
[01:54:00] [19/324] STYN
[01:54:01] [20/324] SZVR
[01:54:02] [21/324] SRKO
[01:54:03] [22/324] JTGT
[01:54:04] [23/324] SVFD
[01:54:05] [24/324] SISD
[01:54:05] [25/324] ABDD
[01:54:06] [26/324] DRCA
[01:54:07] [27/324] AVCS
[01:54:08] [28/324] MVKH
[01:54:09] [29/324] ACPR
[01:54:10] [30/324] STIP
[01:54:11] [31/324] MTRA
[01:54:11] [32/324] RMKH
[01:54:13] [33/324] NKRL
[01:54:14] [34/324] PCWN
[01:54:15] [35/324] BLMT
[01:54:16] [36/324] GDPG
[01:54:17] [37/324] SRMX
[01:54:18] [38/324] JACP
[01:54:19] [39/324] CPSH
[01:54:20] [40/324] MCCD
[01:54:21] [41/324] ECGH
[01:54:22] [42/324] MKCK
[01:54:23] [43/324] SRMM
[01:54:24] [44/324] SKYR
[01:54:24] [45/324] PCKC
[01:54:26] [46/324] JCMA
[01:54:27] [47/324] BSMP
[01:54:28] [48/324] VSPA
[01:54:29] [49/324] DJYA
[01:54:30] [50/324] DIMP
[01:54:31] [51/324] FXDR
[01:54:32] [52/324] SSRC
[01:54:33] [53/324] STHP
[01:54:34] [54/324] CPPD
[01:54:35] [55/324] FCLK
[01:54:36] [56/324] SCPP
[01:54:36] [57/324] DCMJ
[01:54:37] [58/324] RCCR
[01:54:38] [59/324] INMT
[01:54:39] [60/324] LXTK
[01:54:40] [61/324] SRYK
[01:54:40] [62/324] SGDK
[01:54:41] [63/324] PPKA
[01:54:42] [64/324] SPKA
[01:54:43] [65/324] CGHH
[01:54:44] [66/324] DCJN
[01:54:45] [67/324] SRKV
[01:54:46] [68/324] SAJC
[01:54:46] [69/324] SUSR
[01:54:47] [70/324] STYG
[01:54:48] [71/324] NTKP
[01:54:49] [72/324] AKTG
[01:54:50] [73/324] CGCM
[01:54:51] [74/324] TULC
[01:54:52] [75/324] NYYZ
[01:54:53] [76/324] NYBW
[01:54:53] [77/324] MACB
[01:54:54] [78/324] SLVT
[01:54:55] [79/324] SANA
[01:54:56] [80/324] ACMR
[01:54:57] [81/324] CPKN
[01:54:58] [82/324] DLGK
[01:54:58] [83/324] CWCK
[01:54:59] [84/324] FDDH
[01:55:00] [85/324] MMMD
[01:55:01] [86/324] CMEH
[01:55:02] [87/324] GGGV
[01:55:03] [88/324] SPJL
[01:55:04] [89/324] RCCD
[01:55:04] [90/324] STTZ
[01:55:06] [91/324] BTCF
[01:55:07] [92/324] TSTZ
[01:55:07] [93/324] IPMM
[01:55:08] [94/324] PMPW
[01:55:09] [95/324] PCMZ
[01:55:10] [96/324] ESEM
[01:55:11] [97/324] PIPO
[01:55:12] [98/324] MATK
[01:55:13] [99/324] PGHM
[01:55:14] [100/324] CTSR
[01:55:15] [101/324] CYKR
[01:55:16] [102/324] MSCM
[01:55:17] [103/324] RFNP
[01:55:17] [104/324] PDCP
[01:55:18] [105/324] NPSE
[01:55:19] [106/324] MKML
[01:55:20] [107/324] FTDP
[01:55:21] [108/324] MMXA
[01:55:21] [109/324] CEPO
[01:55:22] [110/324] CMVP
[01:55:23] [111/324] SGTH
[01:55:25] [112/324] SAYN
[01:55:25] [113/324] URVS
[01:55:26] [114/324] VJTN
[01:55:27] [115/324] BBYK
[01:55:28] [116/324] SHBO
[01:55:29] [117/324] VCMR
[01:55:30] [118/324] MACT
[01:55:31] [119/324] JMNP
[01:55:32] [120/324] VICS
[01:55:33] [121/324] VCDA
[01:55:34] [122/324] GCMM
[01:55:35] [123/324] INVS
[01:55:36] [124/324] SCGM
[01:55:37] [125/324] PCDA
[01:55:39] [126/324] KDCT
[01:55:39] [127/324] JACS
[01:55:40] [128/324] GMMC
[01:55:41] [129/324] AICM
[01:55:42] [130/324] TJCM
[01:55:43] [131/324] RMTI
[01:55:43] [132/324] SHAC
[01:55:44] [133/324] APJC
[01:55:45] [134/324] GCTG
[01:55:47] [135/324] SSMC
[01:55:47] [136/324] THRM
[01:55:49] [137/324] RBCT
[01:55:50] [138/324] DIKT
[01:55:52] [139/324] MIDL
[01:55:52] [140/324] VCSN
[01:55:53] [141/324] SKTG
[01:55:54] [142/324] SMWC
[01:55:55] [143/324] MNKH
[01:55:56] [144/324] PIAT
[01:55:57] [145/324] LTTP
[01:55:58] [146/324] PTPU
[01:55:58] [147/324] ACMG
[01:55:59] [148/324] SHMM
[01:56:01] [149/324] MCMN
[01:56:02] [150/324] GLDC
[01:56:03] [151/324] HOUT
[01:56:04] [152/324] SVRP
[01:56:05] [153/324] PVDN
[01:56:06] [154/324] SCPY
[01:56:07] [155/324] DTPY
[01:56:08] [156/324] GKCS
[01:56:09] [157/324] NCAM
[01:56:09] [158/324] BSRM
[01:56:10] [159/324] RCLC
[01:56:11] [160/324] SKKD
[01:56:12] [161/324] ACHU
[01:56:13] [162/324] RSCF
[01:56:14] [163/324] IMSH
[01:56:15] [164/324] MACX
[01:56:16] [165/324] HMMW
[01:56:16] [166/324] JTCP
[01:56:17] [167/324] SREN
[01:56:18] [168/324] PJRR
[01:56:19] [169/324] INAC
[01:56:20] [170/324] BMCA
[01:56:21] [171/324] SHCB
[01:56:22] [172/324] GABA
[01:56:23] [173/324] SBCT
[01:56:23] [174/324] GCMA
[01:56:24] [175/324] MYTK
[01:56:25] [176/324] INZS
[01:56:27] [177/324] RMIK
[01:56:27] [178/324] NYCH
[01:56:28] [179/324] RAVE
[01:56:29] [180/324] PSXM
[01:56:31] [181/324] MCGP
[01:56:31] [182/324] PDDK
[01:56:32] [183/324] SPCK
[01:56:33] [184/324] MCRL
[01:56:34] [185/324] MHKT
[01:56:35] [186/324] ANRR
[01:56:36] [187/324] SAPK
[01:56:37] [188/324] NCUK
[01:56:37] [189/324] JUGA
[01:56:38] [190/324] DBSC
[01:56:39] [191/324] LALK
[01:56:40] [192/324] GUCK
[01:56:41] [193/324] STSG
[01:56:42] [194/324] PPPZ
[01:56:42] [195/324] CNCY
[01:56:43] [196/324] MTAR
[01:56:44] [197/324] VNKD
[01:56:45] [198/324] KMAJ
[01:56:46] [199/324] ACXK
[01:56:48] [200/324] UTKC
[01:56:49] [201/324] PBLK
[01:56:50] [202/324] ACBX
[01:56:51] [203/324] PTGM
[01:56:52] [204/324] BTDA
[01:56:52] [205/324] PJMB
[01:56:53] [206/324] TPDA
[01:56:54] [207/324] AMOE
[01:56:55] [208/324] PRHT
[01:56:56] [209/324] PRTA
[01:56:58] [210/324] STAM
[01:56:58] [211/324] MSAA
[01:56:59] [212/324] SDLU
[01:57:00] [213/324] RCHH
[01:57:01] [214/324] KANT
[01:57:02] [215/324] FCRT
[01:57:03] [216/324] DNKM
[01:57:04] [217/324] RYCP
[01:57:05] [218/324] MYRP
[01:57:05] [219/324] PPAK
[01:57:06] [220/324] NVPK
[01:57:07] [221/324] PRMC
[01:57:08] [222/324] JBCS
[01:57:09] [223/324] GXCK
[01:57:10] [224/324] USKO
[01:57:11] [225/324] GTEM
[01:57:12] [226/324] SMBU
[01:57:12] [227/324] VETC
[01:57:13] [228/324] LCDA
[01:57:14] [229/324] MTVT
[01:57:15] [230/324] PYCP
[01:57:16] [231/324] PNSC
[01:57:17] [232/324] PPCC
[01:57:17] [233/324] TGRT
[01:57:18] [234/324] JYOT
[01:57:19] [235/324] SRCZ
[01:57:20] [236/324] SJTE
[01:57:21] [237/324] DESC
[01:57:21] [238/324] JHVN
[01:57:22] [239/324] IPSG
[01:57:23] [240/324] IPCM
[01:57:24] [241/324] PDRS
[01:57:25] [242/324] ANCV
[01:57:26] [243/324] CMVV
[01:57:27] [244/324] SHYP
[01:57:28] [245/324] DNCS
[01:57:28] [246/324] GAJK
[01:57:29] [247/324] AKTN
[01:57:30] [248/324] KAYA
[01:57:31] [249/324] SBRC
[01:57:32] [250/324] CHTP
[01:57:32] [251/324] SHRT
[01:57:33] [252/324] BCKU
[01:57:34] [253/324] FCPS
[01:57:36] [254/324] ARDD
[01:57:36] [255/324] CPCM
[01:57:37] [256/324] CGSM
[01:57:38] [257/324] PSMP
[01:57:39] [258/324] SDAL
[01:57:40] [259/324] RTNB
[01:57:41] [260/324] LMCR
[01:57:41] [261/324] CIMA
[01:57:42] [262/324] RNAS
[01:57:43] [263/324] LITH
[01:57:43] [264/324] PBOX
[01:57:44] [265/324] FRTS
[01:57:46] [266/324] RKIC
[01:57:47] [267/324] PTAI
[01:57:48] [268/324] GCIC
[01:57:48] [269/324] FNAS
[01:57:49] [270/324] SCAR
[01:57:50] [271/324] MTCA
[01:57:51] [272/324] SCTS
[01:57:52] [273/324] SYCS
[01:57:54] [274/324] RDMS
[01:57:54] [275/324] KAMP
[01:57:55] [276/324] ERSD
[01:57:56] [277/324] MJMJ
[01:57:57] [278/324] SRCJ
[01:57:58] [279/324] SCXE
[01:57:59] [280/324] SVFR
[01:58:00] [281/324] BHCS
[01:58:00] [282/324] IMCC
[01:58:01] [283/324] PCBO
[01:58:02] [284/324] PRVN
[01:58:03] [285/324] AUPM
[01:58:04] [286/324] INBW
[01:58:04] [287/324] SVCW
[01:58:05] [288/324] RKCF
[01:58:06] [289/324] UVBH
[01:58:07] [290/324] DNCY
[01:58:08] [291/324] ABCN
[01:58:08] [292/324] PRUR
[01:58:10] [293/324] PFMR
[01:58:11] [294/324] RKCN
[01:58:11] [295/324] CFEA
[01:58:12] [296/324] SDBG
[01:58:13] [297/324] SNAR
[01:58:14] [298/324] YISI
[01:58:16] [299/324] JCFF
[01:58:17] [300/324] VTRK
[01:58:18] [301/324] PCLZ
[01:58:18] [302/324] DIMY
[01:58:19] [303/324] BBTS
[01:58:20] [304/324] GATH
[01:58:21] [305/324] GTMN
[01:58:22] [306/324] VTMH
[01:58:23] [307/324] CCKP
[01:58:24] [308/324] GPKA
[01:58:25] [309/324] MHCL
[01:58:26] [310/324] ATCL
[01:58:26] [311/324] SBCK
[01:58:27] [312/324] AMMR
[01:58:28] [313/324] MADC
[01:58:29] [314/324] TMMA
[01:58:30] [315/324] CACC
[01:58:31] [316/324] CHAL
[01:58:32] [317/324] DURG
[01:58:33] [318/324] GMKU
[01:58:35] [319/324] GECA
[01:58:35] [320/324] KYRR
[01:58:36] [321/324] KSDE
[01:58:37] [322/324] LMCI
[01:58:37] [323/324] NKCP
[01:58:38] [324/324] BGTC
[01:58:39] ✅ DONE | Shows=4 | Movies=1
[02:51:14] 🚀 BMS DAILY TRACKER STARTED
[02:51:14] [1/324] GCTA
[02:51:14] 🧠 New identity
[02:51:15] [2/324] TOPN
[02:51:16] [3/324] MCUS
[02:51:16] [4/324] SHRL
[02:51:17] [5/324] UPTP
[02:51:18] [6/324] TMMP
[02:51:18] [7/324] DNRP
[02:51:19] [8/324] SRLT
[02:51:20] [9/324] RCNS
[02:51:21] [10/324] DCBH
[02:51:21] [11/324] NAGJ
[02:51:22] [12/324] JVRC
[02:51:22] [13/324] KRJG
[02:51:23] [14/324] SRTJ
[02:51:23] [15/324] CMXM
[02:51:24] [16/324] STMI
[02:51:25] [17/324] SLST
[02:51:25] [18/324] DTCN
[02:51:26] [19/324] STYN
[02:51:26] [20/324] SZVR
[02:51:27] [21/324] SRKO
[02:51:28] [22/324] JTGT
[02:51:28] [23/324] SVFD
[02:51:29] [24/324] SISD
[02:51:30] [25/324] ABDD
[02:51:30] [26/324] DRCA
[02:51:31] [27/324] AVCS
[02:51:32] [28/324] MVKH
[02:51:32] [29/324] ACPR
[02:51:33] [30/324] STIP
[02:51:34] [31/324] MTRA
[02:51:34] [32/324] RMKH
[02:51:35] [33/324] NKRL
[02:51:36] [34/324] PCWN
[02:51:36] [35/324] BLMT
[02:51:37] [36/324] GDPG
[02:51:37] [37/324] SRMX
[02:51:38] [38/324] JACP
[02:51:38] [39/324] CPSH
[02:51:39] [40/324] MCCD
[02:51:39] [41/324] ECGH
[02:51:40] [42/324] MKCK
[02:51:41] [43/324] SRMM
[02:51:41] [44/324] SKYR
[02:51:42] [45/324] PCKC
[02:51:43] [46/324] JCMA
[02:51:43] [47/324] BSMP
[02:51:44] [48/324] VSPA
[02:51:44] [49/324] DJYA
[02:51:45] [50/324] DIMP
[02:51:46] [51/324] FXDR
[02:51:46] [52/324] SSRC
[02:51:47] [53/324] STHP
[02:51:47] [54/324] CPPD
[02:51:48] [55/324] FCLK
[02:51:49] [56/324] SCPP
[02:51:49] [57/324] DCMJ
[02:51:50] [58/324] RCCR
[02:51:50] [59/324] INMT
[02:51:51] [60/324] LXTK
[02:51:51] [61/324] SRYK
[02:51:52] [62/324] SGDK
[02:51:52] [63/324] PPKA
[02:51:53] [64/324] SPKA
[02:51:54] [65/324] CGHH
[02:51:54] [66/324] DCJN
[02:51:55] [67/324] SRKV
[02:51:56] [68/324] SAJC
[02:51:56] [69/324] SUSR
[02:51:57] [70/324] STYG
[02:51:57] [71/324] NTKP
[02:51:58] [72/324] AKTG
[02:51:58] [73/324] CGCM
[02:51:59] [74/324] TULC
[02:52:00] [75/324] NYYZ
[02:52:00] [76/324] NYBW
[02:52:01] [77/324] MACB
[02:52:01] [78/324] SLVT
[02:52:02] [79/324] SANA
[02:52:03] [80/324] ACMR
[02:52:03] [81/324] CPKN
[02:52:04] [82/324] DLGK
[02:52:04] [83/324] CWCK
[02:52:05] [84/324] FDDH
[02:52:05] [85/324] MMMD
[02:52:06] [86/324] CMEH
[02:52:07] [87/324] GGGV
[02:52:07] [88/324] SPJL
[02:52:08] [89/324] RCCD
[02:52:09] [90/324] STTZ
[02:52:09] [91/324] BTCF
[02:52:10] [92/324] TSTZ
[02:52:10] [93/324] IPMM
[02:52:11] [94/324] PMPW
[02:52:12] [95/324] PCMZ
[02:52:12] [96/324] ESEM
[02:52:13] [97/324] PIPO
[02:52:13] [98/324] MATK
[02:52:14] [99/324] PGHM
[02:52:14] [100/324] CTSR
[02:52:15] [101/324] CYKR
[02:52:16] [102/324] MSCM
[02:52:16] [103/324] RFNP
[02:52:17] [104/324] PDCP
[02:52:17] [105/324] NPSE
[02:52:18] [106/324] MKML
[02:52:19] [107/324] FTDP
[02:52:19] [108/324] MMXA
[02:52:20] [109/324] CEPO
[02:52:20] [110/324] CMVP
[02:52:21] [111/324] SGTH
[02:52:22] [112/324] SAYN
[02:52:23] [113/324] URVS
[02:52:23] [114/324] VJTN
[02:52:24] [115/324] BBYK
[02:52:24] [116/324] SHBO
[02:52:25] [117/324] VCMR
[02:52:26] [118/324] MACT
[02:52:26] [119/324] JMNP
[02:52:27] [120/324] VICS
[02:52:27] [121/324] VCDA
[02:52:28] [122/324] GCMM
[02:52:29] [123/324] INVS
[02:52:29] [124/324] SCGM
[02:52:30] [125/324] PCDA
[02:52:30] [126/324] KDCT
[02:52:31] [127/324] JACS
[02:52:31] [128/324] GMMC
[02:52:32] [129/324] AICM
[02:52:33] [130/324] TJCM
[02:52:33] [131/324] RMTI
[02:52:34] [132/324] SHAC
[02:52:34] [133/324] APJC
[02:52:35] [134/324] GCTG
[02:52:35] [135/324] SSMC
[02:52:36] [136/324] THRM
[02:52:36] [137/324] RBCT
[02:52:37] [138/324] DIKT
[02:52:38] [139/324] MIDL
[02:52:38] [140/324] VCSN
[02:52:39] [141/324] SKTG
[02:52:39] [142/324] SMWC
[02:52:40] [143/324] MNKH
[02:52:40] [144/324] PIAT
[02:52:41] [145/324] LTTP
[02:52:41] [146/324] PTPU
[02:52:42] [147/324] ACMG
[02:52:43] [148/324] SHMM
[02:52:43] [149/324] MCMN
[02:52:44] [150/324] GLDC
[02:52:44] [151/324] HOUT
[02:52:45] [152/324] SVRP
[02:52:46] [153/324] PVDN
[02:52:46] [154/324] SCPY
[02:52:47] [155/324] DTPY
[02:52:47] [156/324] GKCS
[02:52:48] [157/324] NCAM
[02:52:49] [158/324] BSRM
[02:52:50] [159/324] RCLC
[02:52:50] [160/324] SKKD
[02:52:51] [161/324] ACHU
[02:52:51] [162/324] RSCF
[02:52:52] [163/324] IMSH
[02:52:52] [164/324] MACX
[02:52:53] [165/324] HMMW
[02:52:54] [166/324] JTCP
[02:52:54] [167/324] SREN
[02:52:55] [168/324] PJRR
[02:52:55] [169/324] INAC
[02:52:56] [170/324] BMCA
[02:52:57] [171/324] SHCB
[02:52:57] [172/324] GABA
[02:52:58] [173/324] SBCT
[02:52:58] [174/324] GCMA
[02:52:59] [175/324] MYTK
[02:53:00] [176/324] INZS
[02:53:00] [177/324] RMIK
[02:53:01] [178/324] NYCH
[02:53:01] [179/324] RAVE
[02:53:02] [180/324] PSXM
[02:53:03] [181/324] MCGP
[02:53:04] [182/324] PDDK
[02:53:04] [183/324] SPCK
[02:53:05] [184/324] MCRL
[02:53:05] [185/324] MHKT
[02:53:06] [186/324] ANRR
[02:53:07] [187/324] SAPK
[02:53:07] [188/324] NCUK
[02:53:08] [189/324] JUGA
[02:53:08] [190/324] DBSC
[02:53:09] [191/324] LALK
[02:53:10] [192/324] GUCK
[02:53:10] [193/324] STSG
[02:53:11] [194/324] PPPZ
[02:53:11] [195/324] CNCY
[02:53:12] [196/324] MTAR
[02:53:13] [197/324] VNKD
[02:53:13] [198/324] KMAJ
[02:53:14] [199/324] ACXK
[02:53:14] [200/324] UTKC
[02:53:15] [201/324] PBLK
[02:53:15] [202/324] ACBX
[02:53:16] [203/324] PTGM
[02:53:17] [204/324] BTDA
[02:53:17] [205/324] PJMB
[02:53:18] [206/324] TPDA
[02:53:18] [207/324] AMOE
[02:53:19] [208/324] PRHT
[02:53:19] [209/324] PRTA
[02:53:20] [210/324] STAM
[02:53:21] [211/324] MSAA
[02:53:21] [212/324] SDLU
[02:53:22] [213/324] RCHH
[02:53:22] [214/324] KANT
[02:53:23] [215/324] FCRT
[02:53:24] [216/324] DNKM
[02:53:24] [217/324] RYCP
[02:53:25] [218/324] MYRP
[02:53:25] [219/324] PPAK
[02:53:26] [220/324] NVPK
[02:53:26] [221/324] PRMC
[02:53:27] [222/324] JBCS
[02:53:28] [223/324] GXCK
[02:53:28] [224/324] USKO
[02:53:29] [225/324] GTEM
[02:53:30] [226/324] SMBU
[02:53:30] [227/324] VETC
[02:53:31] [228/324] LCDA
[02:53:31] [229/324] MTVT
[02:53:32] [230/324] PYCP
[02:53:32] [231/324] PNSC
[02:53:33] [232/324] PPCC
[02:53:34] [233/324] TGRT
[02:53:34] [234/324] JYOT
[02:53:35] [235/324] SRCZ
[02:53:35] [236/324] SJTE
[02:53:35] [237/324] DESC
[02:53:36] [238/324] JHVN
[02:53:36] [239/324] IPSG
[02:53:37] [240/324] IPCM
[02:53:38] [241/324] PDRS
[02:53:39] [242/324] ANCV
[02:53:39] [243/324] CMVV
[02:53:40] [244/324] SHYP
[02:53:41] [245/324] DNCS
[02:53:41] [246/324] GAJK
[02:53:42] [247/324] AKTN
[02:53:43] [248/324] KAYA
[02:53:43] [249/324] SBRC
[02:53:44] [250/324] CHTP
[02:53:45] [251/324] SHRT
[02:53:45] [252/324] BCKU
[02:53:46] [253/324] FCPS
[02:53:46] [254/324] ARDD
[02:53:47] [255/324] CPCM
[02:53:47] [256/324] CGSM
[02:53:48] [257/324] PSMP
[02:53:49] [258/324] SDAL
[02:53:49] [259/324] RTNB
[02:53:50] [260/324] LMCR
[02:53:51] [261/324] CIMA
[02:53:51] [262/324] RNAS
[02:53:52] [263/324] LITH
[02:53:52] [264/324] PBOX
[02:53:53] [265/324] FRTS
[02:53:54] [266/324] RKIC
[02:53:54] [267/324] PTAI
[02:53:54] [268/324] GCIC
[02:53:55] [269/324] FNAS
[02:53:56] [270/324] SCAR
[02:53:56] [271/324] MTCA
[02:53:57] [272/324] SCTS
[02:53:57] [273/324] SYCS
[02:53:58] [274/324] RDMS
[02:53:58] [275/324] KAMP
[02:53:59] [276/324] ERSD
[02:54:00] [277/324] MJMJ
[02:54:00] [278/324] SRCJ
[02:54:01] [279/324] SCXE
[02:54:01] [280/324] SVFR
[02:54:02] [281/324] BHCS
[02:54:02] [282/324] IMCC
[02:54:03] [283/324] PCBO
[02:54:04] [284/324] PRVN
[02:54:04] [285/324] AUPM
[02:54:05] [286/324] INBW
[02:54:05] [287/324] SVCW
[02:54:06] [288/324] RKCF
[02:54:06] [289/324] UVBH
[02:54:07] [290/324] DNCY
[02:54:08] [291/324] ABCN
[02:54:08] [292/324] PRUR
[02:54:09] [293/324] PFMR
[02:54:09] [294/324] RKCN
[02:54:10] [295/324] CFEA
[02:54:11] [296/324] SDBG
[02:54:11] [297/324] SNAR
[02:54:12] [298/324] YISI
[02:54:13] [299/324] JCFF
[02:54:13] [300/324] VTRK
[02:54:14] [301/324] PCLZ
[02:54:14] [302/324] DIMY
[02:54:15] [303/324] BBTS
[02:54:15] [304/324] GATH
[02:54:16] [305/324] GTMN
[02:54:17] [306/324] VTMH
[02:54:17] [307/324] CCKP
[02:54:18] [308/324] GPKA
[02:54:18] [309/324] MHCL
[02:54:19] [310/324] ATCL
[02:54:20] [311/324] SBCK
[02:54:20] [312/324] AMMR
[02:54:21] [313/324] MADC
[02:54:21] [314/324] TMMA
[02:54:22] [315/324] CACC
[02:54:22] [316/324] CHAL
[02:54:23] [317/324] DURG
[02:54:23] [318/324] GMKU
[02:54:24] [319/324] GECA
[02:54:24] [320/324] KYRR
[02:54:25] [321/324] KSDE
[02:54:26] [322/324] LMCI
[02:54:26] [323/324] NKCP
[02:54:27] [324/324] BGTC
[02:54:27] ✅ DONE | Shows=4 | Movies=1
[03:50:44] 🚀 BMS DAILY TRACKER STARTED
[03:50:44] [1/324] GCTA
[03:50:44] 🧠 New identity
[03:50:44] 🔄 Identity reset
[03:50:44] ❌ GCTA | RuntimeError
[03:50:44] [2/324] TOPN
[03:50:44] 🧠 New identity
[03:50:44] 🔄 Identity reset
[03:50:44] ❌ TOPN | RuntimeError
[03:50:45] [3/324] MCUS
[03:50:45] 🧠 New identity
[03:50:45] 🔄 Identity reset
[03:50:45] ❌ MCUS | RuntimeError
[03:50:46] [4/324] SHRL
[03:50:46] 🧠 New identity
[03:50:47] [5/324] UPTP
[03:50:48] [6/324] TMMP
[03:50:49] [7/324] DNRP
[03:50:49] [8/324] SRLT
[03:50:50] [9/324] RCNS
[03:50:51] [10/324] DCBH
[03:50:52] [11/324] NAGJ
[03:50:53] [12/324] JVRC
[03:50:55] [13/324] KRJG
[03:50:56] [14/324] SRTJ
[03:50:57] [15/324] CMXM
[03:50:57] [16/324] STMI
[03:50:58] [17/324] SLST
[03:50:59] [18/324] DTCN
[03:51:00] [19/324] STYN
[03:51:01] [20/324] SZVR
[03:51:02] [21/324] SRKO
[03:51:03] [22/324] JTGT
[03:51:03] [23/324] SVFD
[03:51:04] [24/324] SISD
[03:51:05] [25/324] ABDD
[03:51:06] [26/324] DRCA
[03:51:08] [27/324] AVCS
[03:51:09] [28/324] MVKH
[03:51:10] [29/324] ACPR
[03:51:11] [30/324] STIP
[03:51:11] [31/324] MTRA
[03:51:12] [32/324] RMKH
[03:51:13] [33/324] NKRL
[03:51:14] [34/324] PCWN
[03:51:15] [35/324] BLMT
[03:51:16] [36/324] GDPG
[03:51:16] [37/324] SRMX
[03:51:17] [38/324] JACP
[03:51:18] [39/324] CPSH
[03:51:19] [40/324] MCCD
[03:51:20] [41/324] ECGH
[03:51:21] [42/324] MKCK
[03:51:21] [43/324] SRMM
[03:51:22] [44/324] SKYR
[03:51:23] [45/324] PCKC
[03:51:24] [46/324] JCMA
[03:51:25] [47/324] BSMP
[03:51:26] [48/324] VSPA
[03:51:26] [49/324] DJYA
[03:51:28] [50/324] DIMP
[03:51:29] [51/324] FXDR
[03:51:30] [52/324] SSRC
[03:51:31] [53/324] STHP
[03:51:32] [54/324] CPPD
[03:51:33] [55/324] FCLK
[03:51:34] [56/324] SCPP
[03:51:35] [57/324] DCMJ
[03:51:36] [58/324] RCCR
[03:51:37] [59/324] INMT
[03:51:38] [60/324] LXTK
[03:51:40] [61/324] SRYK
[03:51:41] [62/324] SGDK
[03:51:42] [63/324] PPKA
[03:51:43] [64/324] SPKA
[03:51:43] [65/324] CGHH
[03:51:45] [66/324] DCJN
[03:51:46] [67/324] SRKV
[03:51:47] [68/324] SAJC
[03:51:48] [69/324] SUSR
[03:51:49] [70/324] STYG
[03:51:50] [71/324] NTKP
[03:51:51] [72/324] AKTG
[03:51:52] [73/324] CGCM
[03:51:53] [74/324] TULC
[03:51:54] [75/324] NYYZ
[03:51:55] [76/324] NYBW
[03:51:55] [77/324] MACB
[03:51:56] [78/324] SLVT
[03:51:57] [79/324] SANA
[03:51:58] [80/324] ACMR
[03:51:59] [81/324] CPKN
[03:51:59] [82/324] DLGK
[03:52:00] [83/324] CWCK
[03:52:01] [84/324] FDDH
[03:52:02] [85/324] MMMD
[03:52:03] [86/324] CMEH
[03:52:04] [87/324] GGGV
[03:52:05] [88/324] SPJL
[03:52:06] [89/324] RCCD
[03:52:07] [90/324] STTZ
[03:52:08] [91/324] BTCF
[03:52:09] [92/324] TSTZ
[03:52:10] [93/324] IPMM
[03:52:10] [94/324] PMPW
[03:52:11] [95/324] PCMZ
[03:52:12] [96/324] ESEM
[03:52:13] [97/324] PIPO
[03:52:14] [98/324] MATK
[03:52:16] [99/324] PGHM
[03:52:16] [100/324] CTSR
[03:52:17] [101/324] CYKR
[03:52:18] [102/324] MSCM
[03:52:19] [103/324] RFNP
[03:52:20] [104/324] PDCP
[03:52:20] [105/324] NPSE
[03:52:21] [106/324] MKML
[03:52:23] [107/324] FTDP
[03:52:24] [108/324] MMXA
[03:52:24] [109/324] CEPO
[03:52:25] [110/324] CMVP
[03:52:26] [111/324] SGTH
[03:52:27] [112/324] SAYN
[03:52:27] [113/324] URVS
[03:52:28] [114/324] VJTN
[03:52:29] [115/324] BBYK
[03:52:31] [116/324] SHBO
[03:52:32] [117/324] VCMR
[03:52:33] [118/324] MACT
[03:52:34] [119/324] JMNP
[03:52:35] [120/324] VICS
[03:52:36] [121/324] VCDA
[03:52:37] [122/324] GCMM
[03:52:38] [123/324] INVS
[03:52:39] [124/324] SCGM
[03:52:40] [125/324] PCDA
[03:52:41] [126/324] KDCT
[03:52:41] [127/324] JACS
[03:52:42] [128/324] GMMC
[03:52:43] [129/324] AICM
[03:52:44] [130/324] TJCM
[03:52:45] [131/324] RMTI
[03:52:46] [132/324] SHAC
[03:52:47] [133/324] APJC
[03:52:47] [134/324] GCTG
[03:52:48] [135/324] SSMC
[03:52:49] [136/324] THRM
[03:52:50] [137/324] RBCT
[03:52:51] [138/324] DIKT
[03:52:52] [139/324] MIDL
[03:52:53] [140/324] VCSN
[03:52:54] [141/324] SKTG
[03:52:55] [142/324] SMWC
[03:52:56] [143/324] MNKH
[03:52:57] [144/324] PIAT
[03:52:57] [145/324] LTTP
[03:52:58] [146/324] PTPU
[03:52:59] [147/324] ACMG
[03:53:00] [148/324] SHMM
[03:53:01] [149/324] MCMN
[03:53:02] [150/324] GLDC
[03:53:03] [151/324] HOUT
[03:53:03] [152/324] SVRP
[03:53:04] [153/324] PVDN
[03:53:05] [154/324] SCPY
[03:53:06] [155/324] DTPY
[03:53:07] [156/324] GKCS
[03:53:08] [157/324] NCAM
[03:53:08] [158/324] BSRM
[03:53:09] [159/324] RCLC
[03:53:10] [160/324] SKKD
[03:53:11] [161/324] ACHU
[03:53:12] [162/324] RSCF
[03:53:13] [163/324] IMSH
[03:53:14] [164/324] MACX
[03:53:15] [165/324] HMMW
[03:53:16] [166/324] JTCP
[03:53:16] [167/324] SREN
[03:53:18] [168/324] PJRR
[03:53:19] [169/324] INAC
[03:53:20] [170/324] BMCA
[03:53:21] [171/324] SHCB
[03:53:22] [172/324] GABA
[03:53:22] [173/324] SBCT
[03:53:23] [174/324] GCMA
[03:53:24] [175/324] MYTK
[03:53:25] [176/324] INZS
[03:53:26] [177/324] RMIK
[03:53:27] [178/324] NYCH
[03:53:27] [179/324] RAVE
[03:53:28] [180/324] PSXM
[03:53:29] [181/324] MCGP
[03:53:30] [182/324] PDDK
[03:53:31] [183/324] SPCK
[03:53:32] [184/324] MCRL
[03:53:32] [185/324] MHKT
[03:53:33] [186/324] ANRR
[03:53:34] [187/324] SAPK
[03:53:35] [188/324] NCUK
[03:53:36] [189/324] JUGA
[03:53:38] [190/324] DBSC
[03:53:38] [191/324] LALK
[03:53:39] [192/324] GUCK
[03:53:40] [193/324] STSG
[03:53:41] [194/324] PPPZ
[03:53:42] [195/324] CNCY
[03:53:43] [196/324] MTAR
[03:53:44] [197/324] VNKD
[03:53:45] [198/324] KMAJ
[03:53:45] [199/324] ACXK
[03:53:46] [200/324] UTKC
[03:53:47] [201/324] PBLK
[03:53:48] [202/324] ACBX
[03:53:48] [203/324] PTGM
[03:53:49] [204/324] BTDA
[03:53:50] [205/324] PJMB
[03:53:51] [206/324] TPDA
[03:53:52] [207/324] AMOE
[03:53:53] [208/324] PRHT
[03:53:54] [209/324] PRTA
[03:53:55] [210/324] STAM
[03:53:55] [211/324] MSAA
[03:53:56] [212/324] SDLU
[03:53:58] [213/324] RCHH
[03:53:59] [214/324] KANT
[03:54:00] [215/324] FCRT
[03:54:01] [216/324] DNKM
[03:54:02] [217/324] RYCP
[03:54:03] [218/324] MYRP
[03:54:04] [219/324] PPAK
[03:54:04] [220/324] NVPK
[03:54:05] [221/324] PRMC
[03:54:06] [222/324] JBCS
[03:54:07] [223/324] GXCK
[03:54:09] [224/324] USKO
[03:54:10] [225/324] GTEM
[03:54:11] [226/324] SMBU
[03:54:12] [227/324] VETC
[03:54:12] [228/324] LCDA
[03:54:13] [229/324] MTVT
[03:54:14] [230/324] PYCP
[03:54:15] [231/324] PNSC
[03:54:16] [232/324] PPCC
[03:54:16] [233/324] TGRT
[03:54:17] [234/324] JYOT
[03:54:18] [235/324] SRCZ
[03:54:19] [236/324] SJTE
[03:54:20] [237/324] DESC
[03:54:21] [238/324] JHVN
[03:54:21] [239/324] IPSG
[03:54:22] [240/324] IPCM
[03:54:23] [241/324] PDRS
[03:54:24] [242/324] ANCV
[03:54:25] [243/324] CMVV
[03:54:27] [244/324] SHYP
[03:54:27] [245/324] DNCS
[03:54:28] [246/324] GAJK
[03:54:29] [247/324] AKTN
[03:54:30] [248/324] KAYA
[03:54:31] [249/324] SBRC
[03:54:33] [250/324] CHTP
[03:54:34] [251/324] SHRT
[03:54:35] [252/324] BCKU
[03:54:36] [253/324] FCPS
[03:54:37] [254/324] ARDD
[03:54:38] [255/324] CPCM
[03:54:39] [256/324] CGSM
[03:54:40] [257/324] PSMP
[03:54:41] [258/324] SDAL
[03:54:42] [259/324] RTNB
[03:54:43] [260/324] LMCR
[03:54:45] [261/324] CIMA
[03:54:45] [262/324] RNAS
[03:54:46] [263/324] LITH
[03:54:47] [264/324] PBOX
[03:54:48] [265/324] FRTS
[03:54:49] [266/324] RKIC
[03:54:50] [267/324] PTAI
[03:54:51] [268/324] GCIC
[03:54:51] [269/324] FNAS
[03:54:52] [270/324] SCAR
[03:54:53] [271/324] MTCA
[03:54:54] [272/324] SCTS
[03:54:55] [273/324] SYCS
[03:54:56] [274/324] RDMS
[03:54:56] [275/324] KAMP
[03:54:57] [276/324] ERSD
[03:54:58] [277/324] MJMJ
[03:54:59] [278/324] SRCJ
[03:54:59] [279/324] SCXE
[03:55:00] [280/324] SVFR
[03:55:01] [281/324] BHCS
[03:55:02] [282/324] IMCC
[03:55:03] [283/324] PCBO
[03:55:04] [284/324] PRVN
[03:55:04] [285/324] AUPM
[03:55:05] [286/324] INBW
[03:55:06] [287/324] SVCW
[03:55:07] [288/324] RKCF
[03:55:07] [289/324] UVBH
[03:55:08] [290/324] DNCY
[03:55:09] [291/324] ABCN
[03:55:10] [292/324] PRUR
[03:55:11] [293/324] PFMR
[03:55:12] [294/324] RKCN
[03:55:13] [295/324] CFEA
[03:55:13] [296/324] SDBG
[03:55:14] [297/324] SNAR
[03:55:15] [298/324] YISI
[03:55:16] [299/324] JCFF
[03:55:17] [300/324] VTRK
[03:55:17] [301/324] PCLZ
[03:55:18] [302/324] DIMY
[03:55:19] [303/324] BBTS
[03:55:20] [304/324] GATH
[03:55:21] [305/324] GTMN
[03:55:22] [306/324] VTMH
[03:55:23] [307/324] CCKP
[03:55:23] [308/324] GPKA
[03:55:24] [309/324] MHCL
[03:55:26] [310/324] ATCL
[03:55:27] [311/324] SBCK
[03:55:28] [312/324] AMMR
[03:55:28] [313/324] MADC
[03:55:29] [314/324] TMMA
[03:55:30] [315/324] CACC
[03:55:31] [316/324] CHAL
[03:55:32] [317/324] DURG
[03:55:33] [318/324] GMKU
[03:55:34] [319/324] GECA
[03:55:35] [320/324] KYRR
[03:55:36] [321/324] KSDE
[03:55:37] [322/324] LMCI
[03:55:38] [323/324] NKCP
[03:55:39] [324/324] BGTC
[03:55:41] ✅ DONE | Shows=13 | Movies=1
[04:49:40] 🚀 BMS DAILY TRACKER STARTED
[04:49:40] [1/324] GCTA
[04:49:40] 🧠 New identity
[04:49:40] [2/324] TOPN
[04:49:41] [3/324] MCUS
[04:49:42] [4/324] SHRL
[04:49:42] [5/324] UPTP
[04:49:43] [6/324] TMMP
[04:49:43] [7/324] DNRP
[04:49:44] [8/324] SRLT
[04:49:45] [9/324] RCNS
[04:49:45] [10/324] DCBH
[04:49:46] [11/324] NAGJ
[04:49:46] [12/324] JVRC
[04:49:47] [13/324] KRJG
[04:49:48] [14/324] SRTJ
[04:49:48] [15/324] CMXM
[04:49:49] [16/324] STMI
[04:49:50] [17/324] SLST
[04:49:50] [18/324] DTCN
[04:49:51] [19/324] STYN
[04:49:51] [20/324] SZVR
[04:49:52] [21/324] SRKO
[04:49:52] [22/324] JTGT
[04:49:53] [23/324] SVFD
[04:49:54] [24/324] SISD
[04:49:55] [25/324] ABDD
[04:49:55] [26/324] DRCA
[04:49:56] [27/324] AVCS
[04:49:56] [28/324] MVKH
[04:49:57] [29/324] ACPR
[04:49:58] [30/324] STIP
[04:49:58] [31/324] MTRA
[04:49:59] [32/324] RMKH
[04:50:00] [33/324] NKRL
[04:50:00] [34/324] PCWN
[04:50:01] [35/324] BLMT
[04:50:02] [36/324] GDPG
[04:50:02] [37/324] SRMX
[04:50:03] [38/324] JACP
[04:50:04] [39/324] CPSH
[04:50:04] [40/324] MCCD
[04:50:05] [41/324] ECGH
[04:50:05] [42/324] MKCK
[04:50:06] [43/324] SRMM
[04:50:07] [44/324] SKYR
[04:50:07] [45/324] PCKC
[04:50:08] [46/324] JCMA
[04:50:09] [47/324] BSMP
[04:50:10] [48/324] VSPA
[04:50:10] [49/324] DJYA
[04:50:11] [50/324] DIMP
[04:50:11] [51/324] FXDR
[04:50:12] [52/324] SSRC
[04:50:13] [53/324] STHP
[04:50:13] [54/324] CPPD
[04:50:14] [55/324] FCLK
[04:50:14] [56/324] SCPP
[04:50:15] [57/324] DCMJ
[04:50:16] [58/324] RCCR
[04:50:16] [59/324] INMT
[04:50:17] [60/324] LXTK
[04:50:18] [61/324] SRYK
[04:50:18] [62/324] SGDK
[04:50:19] [63/324] PPKA
[04:50:20] [64/324] SPKA
[04:50:20] [65/324] CGHH
[04:50:21] [66/324] DCJN
[04:50:21] [67/324] SRKV
[04:50:22] [68/324] SAJC
[04:50:23] [69/324] SUSR
[04:50:23] [70/324] STYG
[04:50:24] [71/324] NTKP
[04:50:25] [72/324] AKTG
[04:50:25] [73/324] CGCM
[04:50:26] [74/324] TULC
[04:50:26] [75/324] NYYZ
[04:50:27] [76/324] NYBW
[04:50:28] [77/324] MACB
[04:50:28] [78/324] SLVT
[04:50:29] [79/324] SANA
[04:50:29] [80/324] ACMR
[04:50:30] [81/324] CPKN
[04:50:31] [82/324] DLGK
[04:50:31] [83/324] CWCK
[04:50:32] [84/324] FDDH
[04:50:32] [85/324] MMMD
[04:50:33] [86/324] CMEH
[04:50:34] [87/324] GGGV
[04:50:35] [88/324] SPJL
[04:50:35] [89/324] RCCD
[04:50:36] [90/324] STTZ
[04:50:36] [91/324] BTCF
[04:50:37] [92/324] TSTZ
[04:50:37] [93/324] IPMM
[04:50:38] [94/324] PMPW
[04:50:39] [95/324] PCMZ
[04:50:40] [96/324] ESEM
[04:50:40] [97/324] PIPO
[04:50:41] [98/324] MATK
[04:50:41] [99/324] PGHM
[04:50:42] [100/324] CTSR
[04:50:43] [101/324] CYKR
[04:50:43] [102/324] MSCM
[04:50:44] [103/324] RFNP
[04:50:44] [104/324] PDCP
[04:50:45] [105/324] NPSE
[04:50:46] [106/324] MKML
[04:50:46] [107/324] FTDP
[04:50:47] [108/324] MMXA
[04:50:48] [109/324] CEPO
[04:50:48] [110/324] CMVP
[04:50:49] [111/324] SGTH
[04:50:50] [112/324] SAYN
[04:50:51] [113/324] URVS
[04:50:51] [114/324] VJTN
[04:50:52] [115/324] BBYK
[04:50:53] [116/324] SHBO
[04:50:53] [117/324] VCMR
[04:50:54] [118/324] MACT
[04:50:55] [119/324] JMNP
[04:50:55] [120/324] VICS
[04:50:56] [121/324] VCDA
[04:50:57] [122/324] GCMM
[04:50:57] [123/324] INVS
[04:50:58] [124/324] SCGM
[04:50:58] [125/324] PCDA
[04:50:59] [126/324] KDCT
[04:50:59] [127/324] JACS
[04:51:00] [128/324] GMMC
[04:51:00] [129/324] AICM
[04:51:01] [130/324] TJCM
[04:51:01] [131/324] RMTI
[04:51:02] [132/324] SHAC
[04:51:03] [133/324] APJC
[04:51:03] [134/324] GCTG
[04:51:04] [135/324] SSMC
[04:51:04] [136/324] THRM
[04:51:05] [137/324] RBCT
[04:51:06] [138/324] DIKT
[04:51:06] [139/324] MIDL
[04:51:07] [140/324] VCSN
[04:51:08] [141/324] SKTG
[04:51:08] [142/324] SMWC
[04:51:09] [143/324] MNKH
[04:51:09] [144/324] PIAT
[04:51:10] [145/324] LTTP
[04:51:10] [146/324] PTPU
[04:51:11] [147/324] ACMG
[04:51:12] [148/324] SHMM
[04:51:12] [149/324] MCMN
[04:51:13] [150/324] GLDC
[04:51:13] [151/324] HOUT
[04:51:14] [152/324] SVRP
[04:51:14] [153/324] PVDN
[04:51:15] [154/324] SCPY
[04:51:16] [155/324] DTPY
[04:51:16] [156/324] GKCS
[04:51:17] [157/324] NCAM
[04:51:18] [158/324] BSRM
[04:51:18] [159/324] RCLC
[04:51:19] [160/324] SKKD
[04:51:19] [161/324] ACHU
[04:51:20] [162/324] RSCF
[04:51:21] [163/324] IMSH
[04:51:21] [164/324] MACX
[04:51:22] [165/324] HMMW
[04:51:23] [166/324] JTCP
[04:51:23] [167/324] SREN
[04:51:24] [168/324] PJRR
[04:51:25] [169/324] INAC
[04:51:25] [170/324] BMCA
[04:51:26] [171/324] SHCB
[04:51:26] [172/324] GABA
[04:51:27] [173/324] SBCT
[04:51:27] [174/324] GCMA
[04:51:28] [175/324] MYTK
[04:51:28] [176/324] INZS
[04:51:29] [177/324] RMIK
[04:51:29] [178/324] NYCH
[04:51:30] [179/324] RAVE
[04:51:31] [180/324] PSXM
[04:51:31] [181/324] MCGP
[04:51:32] [182/324] PDDK
[04:51:33] [183/324] SPCK
[04:51:33] [184/324] MCRL
[04:51:34] [185/324] MHKT
[04:51:35] [186/324] ANRR
[04:51:35] [187/324] SAPK
[04:51:36] [188/324] NCUK
[04:51:37] [189/324] JUGA
[04:51:37] [190/324] DBSC
[04:51:38] [191/324] LALK
[04:51:39] [192/324] GUCK
[04:51:39] [193/324] STSG
[04:51:40] [194/324] PPPZ
[04:51:41] [195/324] CNCY
[04:51:41] [196/324] MTAR
[04:51:42] [197/324] VNKD
[04:51:42] [198/324] KMAJ
[04:51:43] [199/324] ACXK
[04:51:43] [200/324] UTKC
[04:51:44] [201/324] PBLK
[04:51:45] [202/324] ACBX
[04:51:45] [203/324] PTGM
[04:51:46] [204/324] BTDA
[04:51:46] [205/324] PJMB
[04:51:47] [206/324] TPDA
[04:51:48] [207/324] AMOE
[04:51:48] [208/324] PRHT
[04:51:49] [209/324] PRTA
[04:51:50] [210/324] STAM
[04:51:50] [211/324] MSAA
[04:51:51] [212/324] SDLU
[04:51:51] [213/324] RCHH
[04:51:52] [214/324] KANT
[04:51:53] [215/324] FCRT
[04:51:53] [216/324] DNKM
[04:51:54] [217/324] RYCP
[04:51:54] [218/324] MYRP
[04:51:55] [219/324] PPAK
[04:51:55] [220/324] NVPK
[04:51:56] [221/324] PRMC
[04:51:57] [222/324] JBCS
[04:51:57] [223/324] GXCK
[04:51:58] [224/324] USKO
[04:51:59] [225/324] GTEM
[04:52:00] [226/324] SMBU
[04:52:00] [227/324] VETC
[04:52:01] [228/324] LCDA
[04:52:01] [229/324] MTVT
[04:52:02] [230/324] PYCP
[04:52:02] [231/324] PNSC
[04:52:03] [232/324] PPCC
[04:52:04] [233/324] TGRT
[04:52:04] [234/324] JYOT
[04:52:05] [235/324] SRCZ
[04:52:06] [236/324] SJTE
[04:52:06] [237/324] DESC
[04:52:07] [238/324] JHVN
[04:52:07] [239/324] IPSG
[04:52:08] [240/324] IPCM
[04:52:09] [241/324] PDRS
[04:52:09] [242/324] ANCV
[04:52:10] [243/324] CMVV
[04:52:11] [244/324] SHYP
[04:52:11] [245/324] DNCS
[04:52:12] [246/324] GAJK
[04:52:13] [247/324] AKTN
[04:52:13] [248/324] KAYA
[04:52:14] [249/324] SBRC
[04:52:14] [250/324] CHTP
[04:52:15] [251/324] SHRT
[04:52:15] [252/324] BCKU
[04:52:16] [253/324] FCPS
[04:52:17] [254/324] ARDD
[04:52:17] [255/324] CPCM
[04:52:18] [256/324] CGSM
[04:52:19] [257/324] PSMP
[04:52:19] [258/324] SDAL
[04:52:20] [259/324] RTNB
[04:52:21] [260/324] LMCR
[04:52:21] [261/324] CIMA
[04:52:22] [262/324] RNAS
[04:52:23] [263/324] LITH
[04:52:23] [264/324] PBOX
[04:52:24] [265/324] FRTS
[04:52:25] [266/324] RKIC
[04:52:25] [267/324] PTAI
[04:52:26] [268/324] GCIC
[04:52:27] [269/324] FNAS
[04:52:27] [270/324] SCAR
[04:52:28] [271/324] MTCA
[04:52:29] [272/324] SCTS
[04:52:30] [273/324] SYCS
[04:52:30] [274/324] RDMS
[04:52:31] [275/324] KAMP
[04:52:32] [276/324] ERSD
[04:52:32] [277/324] MJMJ
[04:52:33] [278/324] SRCJ
[04:52:33] [279/324] SCXE
[04:52:34] [280/324] SVFR
[04:52:34] [281/324] BHCS
[04:52:35] [282/324] IMCC
[04:52:35] [283/324] PCBO
[04:52:36] [284/324] PRVN
[04:52:36] [285/324] AUPM
[04:52:37] [286/324] INBW
[04:52:38] [287/324] SVCW
[04:52:38] [288/324] RKCF
[04:52:39] [289/324] UVBH
[04:52:39] [290/324] DNCY
[04:52:40] [291/324] ABCN
[04:52:41] [292/324] PRUR
[04:52:41] [293/324] PFMR
[04:52:42] [294/324] RKCN
[04:52:42] [295/324] CFEA
[04:52:43] [296/324] SDBG
[04:52:44] [297/324] SNAR
[04:52:44] [298/324] YISI
[04:52:45] [299/324] JCFF
[04:52:45] [300/324] VTRK
[04:52:46] [301/324] PCLZ
[04:52:46] [302/324] DIMY
[04:52:47] [303/324] BBTS
[04:52:48] [304/324] GATH
[04:52:48] [305/324] GTMN
[04:52:49] [306/324] VTMH
[04:52:49] [307/324] CCKP
[04:52:50] [308/324] GPKA
[04:52:51] [309/324] MHCL
[04:52:51] [310/324] ATCL
[04:52:52] [311/324] SBCK
[04:52:52] [312/324] AMMR
[04:52:53] [313/324] MADC
[04:52:54] [314/324] TMMA
[04:52:54] [315/324] CACC
[04:52:55] [316/324] CHAL
[04:52:55] [317/324] DURG
[04:52:56] [318/324] GMKU
[04:52:56] [319/324] GECA
[04:52:57] [320/324] KYRR
[04:52:57] [321/324] KSDE
[04:52:58] [322/324] LMCI
[04:52:59] [323/324] NKCP
[04:52:59] [324/324] BGTC
[04:53:00] ✅ DONE | Shows=40 | Movies=4
