[00:49:03] 🚀 BMS DAILY TRACKER STARTED
[00:49:03] [1/445] TGMR
[00:49:03] 🧠 New identity
[00:49:04] [2/445] CXKR
[00:49:05] [3/445] SROP
[00:49:06] [4/445] GTSV
[00:49:07] [5/445] SNTY
[00:49:08] [6/445] SMYY
[00:49:09] [7/445] CNCS
[00:49:09] [8/445] CSTM
[00:49:10] [9/445] NUCD
[00:49:11] [10/445] SHCZ
[00:49:12] [11/445] NJCT
[00:49:13] [12/445] COPC
[00:49:14] [13/445] STVV
[00:49:16] [14/445] SKRN
[00:49:16] [15/445] APPZ
[00:49:17] [16/445] YMGN
[00:49:18] [17/445] SVTU
[00:49:19] [18/445] GTAD
[00:49:20] [19/445] PSUS
[00:49:21] [20/445] SMCD
[00:49:22] [21/445] CMCM
[00:49:23] [22/445] SYCT
[00:49:24] [23/445] STLY
[00:49:25] [24/445] CMHU
[00:49:26] [25/445] CMSA
[00:49:27] [26/445] CLCU
[00:49:28] [27/445] PPNT
[00:49:28] [28/445] JTAB
[00:49:29] [29/445] BUUC
[00:49:30] [30/445] BSVK
[00:49:31] [31/445] VVVQ
[00:49:32] [32/445] TKMU
[00:49:33] [33/445] ESYL
[00:49:34] [34/445] ACHP
[00:49:34] [35/445] BTKD
[00:49:35] [36/445] DESA
[00:49:36] [37/445] GBCT
[00:49:37] [38/445] BLLD
[00:49:38] [39/445] SKNT
[00:49:39] [40/445] SSTE
[00:49:40] [41/445] VJMR
[00:49:41] [42/445] NTPU
[00:49:42] [43/445] RDKN
[00:49:43] [44/445] ADGC
[00:49:44] [45/445] VRBP
[00:49:45] [46/445] NMNA
[00:49:46] [47/445] CMMX
[00:49:47] [48/445] PTKO
[00:49:48] [49/445] RBML
[00:49:49] [50/445] SAIC
[00:49:50] [51/445] SVTJ
[00:49:50] [52/445] MRTE
[00:49:52] [53/445] RBTP
[00:49:53] [54/445] NLPS
[00:49:53] [55/445] GTNA
[00:49:55] [56/445] DGGC
[00:49:56] [57/445] SMCR
[00:49:57] [58/445] SCGD
[00:49:58] [59/445] SRRJ
[00:49:58] [60/445] CNRY
[00:49:59] [61/445] KTDI
[00:50:00] [62/445] SNJL
[00:50:01] [63/445] RKMD
[00:50:02] [64/445] SMDC
[00:50:03] [65/445] TADG
[00:50:04] [66/445] MCGS
[00:50:04] [67/445] PETK
[00:50:05] [68/445] CHAG
[00:50:06] [69/445] KSTL
[00:50:07] [70/445] AADS
[00:50:08] [71/445] NTHZ
[00:50:09] [72/445] HCKI
[00:50:10] [73/445] SSEF
[00:50:11] [74/445] MCGX
[00:50:12] [75/445] ERRA
[00:50:13] [76/445] SDTW
[00:50:14] [77/445] RMPK
[00:50:14] [78/445] PTHK
[00:50:15] [79/445] PXCS
[00:50:16] [80/445] SVLU
[00:50:17] [81/445] STAH
[00:50:18] [82/445] JRGF
[00:50:19] [83/445] CDOK
[00:50:20] [84/445] CMSG
[00:50:21] [85/445] APTD
[00:50:22] [86/445] KMPG
[00:50:23] [87/445] MUTJ
[00:50:23] [88/445] VCCI
[00:50:24] [89/445] URBE
[00:50:25] [90/445] TCTS
[00:50:26] [91/445] STSN
[00:50:27] [92/445] AKCH
[00:50:28] [93/445] APSC
[00:50:29] [94/445] VLTB
[00:50:30] [95/445] SANU
[00:50:30] [96/445] AXAM
[00:50:31] [97/445] MGMG
[00:50:32] [98/445] HTBY
[00:50:33] [99/445] MMZS
[00:50:34] [100/445] SUDR
[00:50:35] [101/445] CCAD
[00:50:35] [102/445] SKKC
[00:50:36] [103/445] RMCD
[00:50:37] [104/445] SBCQ
[00:50:39] [105/445] DCCT
[00:50:40] [106/445] VTKP
[00:50:41] [107/445] MLAM
[00:50:42] [108/445] SAVT
[00:50:43] [109/445] GEPL
[00:50:44] [110/445] AMCD
[00:50:45] [111/445] CCXR
[00:50:46] [112/445] GRNG
[00:50:48] [113/445] EBCA
[00:50:48] [114/445] CNVG
[00:50:49] [115/445] MWSS
[00:50:50] [116/445] VBOR
[00:50:51] [117/445] NEEB
[00:50:52] [118/445] SUTH
[00:50:53] [119/445] ANDB
[00:50:54] [120/445] MMXS
[00:50:55] [121/445] CNPD
[00:50:56] [122/445] SDCE
[00:50:57] [123/445] DHCB
[00:50:58] [124/445] ODEN
[00:50:59] [125/445] TNTC
[00:51:00] [126/445] VBKM
[00:51:01] [127/445] RZYM
[00:51:02] [128/445] JEMC
[00:51:03] [129/445] CMAU
[00:51:04] [130/445] SIVP
[00:51:05] [131/445] ATAG
[00:51:06] [132/445] CHTM
[00:51:07] [133/445] AAEE
[00:51:08] [134/445] IWPM
[00:51:09] [135/445] KCMW
[00:51:10] [136/445] MCTD
[00:51:10] [137/445] SPWR
[00:51:11] [138/445] SDPO
[00:51:12] [139/445] PCSK
[00:51:13] [140/445] ACHV
[00:51:14] [141/445] SVLA
[00:51:15] [142/445] PICT
[00:51:15] [143/445] BXDR
[00:51:16] [144/445] SPWA
[00:51:17] [145/445] MCKO
[00:51:18] [146/445] RTHK
[00:51:19] [147/445] CCMF
[00:51:20] [148/445] MRGB
[00:51:21] [149/445] CPLC
[00:51:22] [150/445] RACD
[00:51:22] [151/445] ATKT
[00:51:23] [152/445] SARN
[00:51:24] [153/445] KKUI
[00:51:25] [154/445] RGCM
[00:51:27] [155/445] BRVP
[00:51:27] [156/445] HRSR
[00:51:28] [157/445] GKGM
[00:51:29] [158/445] TTCD
[00:51:30] [159/445] PTTI
[00:51:31] [160/445] MPTT
[00:51:32] [161/445] CVTT
[00:51:33] [162/445] PCXD
[00:51:34] [163/445] GCDC
[00:51:35] [164/445] CCCF
[00:51:36] [165/445] MRAD
[00:51:37] [166/445] CPLK
[00:51:38] [167/445] SATB
[00:51:39] [168/445] SNVG
[00:51:39] [169/445] JMBA
[00:51:40] [170/445] TEJA
[00:51:41] [171/445] STYO
[00:51:42] [172/445] JTBP
[00:51:43] [173/445] KRGD
[00:51:44] [174/445] SLJJ
[00:51:44] [175/445] SPTJ
[00:51:45] [176/445] SWJG
[00:51:46] [177/445] LKRT
[00:51:47] [178/445] KCKA
[00:51:48] [179/445] SNCR
[00:51:49] [180/445] SMKL
[00:51:50] [181/445] GCFA
[00:51:51] [182/445] DDCK
[00:51:51] [183/445] NCHJ
[00:51:53] [184/445] RDMA
[00:51:54] [185/445] SVSV
[00:51:55] [186/445] SCJG
[00:51:56] [187/445] VKLP
[00:51:57] [188/445] NWCC
[00:51:58] [189/445] VKNS
[00:51:58] [190/445] SDDP
[00:51:59] [191/445] ACSI
[00:52:00] [192/445] SATG
[00:52:01] [193/445] SCMW
[00:52:02] [194/445] LKTK
[00:52:03] [195/445] VCKV
[00:52:03] [196/445] KKPE
[00:52:04] [197/445] KIGH
[00:52:05] [198/445] SRPM
[00:52:06] [199/445] SCAH
[00:52:06] [200/445] MUTA
[00:52:07] [201/445] SEPU
[00:52:08] [202/445] INOA
[00:52:09] [203/445] BASK
[00:52:10] [204/445] NECB
[00:52:11] [205/445] GTTG
[00:52:12] [206/445] ASSA
[00:52:12] [207/445] ANCL
[00:52:13] [208/445] GCTI
[00:52:14] [209/445] RCTS
[00:52:15] [210/445] ACNL
[00:52:16] [211/445] MYCT
[00:52:17] [212/445] NMHT
[00:52:17] [213/445] MDIT
[00:52:18] [214/445] LATG
[00:52:19] [215/445] SMTY
[00:52:20] [216/445] CVCT
[00:52:20] [217/445] RAMB
[00:52:21] [218/445] TGMS
[00:52:22] [219/445] BHEL
[00:52:23] [220/445] SHCT
[00:52:24] [221/445] SVCT
[00:52:26] [222/445] MRIY
[00:52:26] [223/445] SARO
[00:52:27] [224/445] STCT
[00:52:28] [225/445] JKKC
[00:52:30] [226/445] PLTT
[00:52:31] [227/445] SRNT
[00:52:32] [228/445] YAST
[00:52:32] [229/445] PERL
[00:52:33] [230/445] CICM
[00:52:34] [231/445] MMTR
[00:52:35] [232/445] ABTK
[00:52:36] [233/445] ATYY
[00:52:37] [234/445] ASTK
[00:52:38] [235/445] VVCK
[00:52:39] [236/445] ATKY
[00:52:41] [237/445] GWEK
[00:52:42] [238/445] SVFH
[00:52:43] [239/445] SLTA
[00:52:44] [240/445] AASH
[00:52:45] [241/445] ACXB
[00:52:46] [242/445] SMTX
[00:52:47] [243/445] AZDH
[00:52:48] [244/445] CMMH
[00:52:49] [245/445] SCSZ
[00:52:50] [246/445] SCKP
[00:52:50] [247/445] NXTM
[00:52:51] [248/445] NWCS
[00:52:52] [249/445] CXMH
[00:52:53] [250/445] PCMA
[00:52:54] [251/445] SGCM
[00:52:55] [252/445] SDTU
[00:52:56] [253/445] MMVI
[00:52:56] [254/445] JKCM
[00:52:57] [255/445] VCMM
[00:52:58] [256/445] SYEE
[00:52:59] [257/445] VASD
[00:53:00] [258/445] BDRB
[00:53:01] [259/445] LASM
[00:53:02] [260/445] DCRL
[00:53:03] [261/445] DVPM
[00:53:04] [262/445] SBMJ
[00:53:04] [263/445] CBMU
[00:53:05] [264/445] IUBS
[00:53:06] [265/445] INAP
[00:53:07] [266/445] SRRC
[00:53:08] [267/445] SAGR
[00:53:08] [268/445] CPMJ
[00:53:09] [269/445] ATJL
[00:53:10] [270/445] NNTD
[00:53:11] [271/445] JHCJ
[00:53:11] [272/445] CMMP
[00:53:12] [273/445] RSDR
[00:53:14] [274/445] AMTI
[00:53:15] [275/445] NYSG
[00:53:16] [276/445] AVSG
[00:53:17] [277/445] SYTP
[00:53:18] [278/445] LARC
[00:53:19] [279/445] RJTP
[00:53:19] [280/445] LAKC
[00:53:20] [281/445] MCXE
[00:53:21] [282/445] CCZC
[00:53:22] [283/445] AVCH
[00:53:23] [284/445] CMBE
[00:53:24] [285/445] MRRC
[00:53:25] [286/445] PCPY
[00:53:26] [287/445] SRMH
[00:53:26] [288/445] SVGS
[00:53:27] [289/445] PCSE
[00:53:28] [290/445] SVFT
[00:53:29] [291/445] TNZP
[00:53:30] [292/445] ICTP
[00:53:31] [293/445] ACTZ
[00:53:31] [294/445] GTUR
[00:53:32] [295/445] MAFC
[00:53:34] [296/445] MINL
[00:53:35] [297/445] MRCL
[00:53:35] [298/445] RCRP
[00:53:37] [299/445] RFFG
[00:53:38] [300/445] RMAS
[00:53:39] [301/445] INVR
[00:53:39] [302/445] RMAR
[00:53:40] [303/445] CNIS
[00:53:41] [304/445] RHRJ
[00:53:42] [305/445] INXR
[00:53:43] [306/445] VALT
[00:53:44] [307/445] LCSH
[00:53:45] [308/445] CMVS
[00:53:45] [309/445] CNMS
[00:53:46] [310/445] ROOG
[00:53:47] [311/445] ISRM
[00:53:49] [312/445] RCRM
[00:53:50] [313/445] ACJA
[00:53:51] [314/445] RCVS
[00:53:52] [315/445] CPUS
[00:53:54] [316/445] TGCS
[00:53:55] [317/445] RKCJ
[00:53:56] [318/445] MKSB
[00:53:57] [319/445] TCSJ
[00:53:57] [320/445] RMGP
[00:53:58] [321/445] CLLP
[00:53:59] [322/445] RCMV
[00:54:00] [323/445] CCKS
[00:54:01] [324/445] RSRP
[00:54:01] [325/445] APLP
[00:54:02] [326/445] CNVS
[00:54:03] [327/445] RMVY
[00:54:04] [328/445] PGBD
[00:54:05] [329/445] KLMS
[00:54:06] [330/445] RUST
[00:54:07] [331/445] MASM
[00:54:08] [332/445] BACS
[00:54:10] [333/445] BWST
[00:54:11] [334/445] RRFH
[00:54:12] [335/445] SJTM
[00:54:14] [336/445] BEMR
[00:54:15] [337/445] MCGR
[00:54:15] [338/445] SDSK
[00:54:16] [339/445] VBOL
[00:54:17] [340/445] RMGM
[00:54:18] [341/445] NOPL
[00:54:18] [342/445] MKJK
[00:54:19] [343/445] CVRN
[00:54:20] [344/445] MMEN
[00:54:21] [345/445] AMNG
[00:54:22] [346/445] INTM
[00:54:23] [347/445] SLCZ
[00:54:24] [348/445] AMJN
[00:54:25] [349/445] ACJN
[00:54:25] [350/445] AMKN
[00:54:26] [351/445] BTCN
[00:54:28] [352/445] AMBT
[00:54:29] [353/445] PACN
[00:54:30] [354/445] LCNS
[00:54:31] [355/445] PPKC
[00:54:32] [356/445] JYYN
[00:54:33] [357/445] JTNR
[00:54:33] [358/445] GTEE
[00:54:34] [359/445] SRNM
[00:54:35] [360/445] SDTC
[00:54:36] [361/445] VPCA
[00:54:37] [362/445] VLRA
[00:54:38] [363/445] SHKR
[00:54:38] [364/445] SBKD
[00:54:39] [365/445] SAAD
[00:54:41] [366/445] JTGN
[00:54:43] [367/445] SLAM
[00:54:43] [368/445] VTPM
[00:54:45] [369/445] ANPT
[00:54:46] [370/445] PUNB
[00:54:47] [371/445] CPKT
[00:54:48] [372/445] CNWE
[00:54:49] [373/445] ECPP
[00:54:50] [374/445] CPAR
[00:54:52] [375/445] ESBW
[00:54:53] [376/445] PKPU
[00:54:54] [377/445] CPRP
[00:54:55] [378/445] RAHU
[00:54:55] [379/445] RHMN
[00:54:56] [380/445] FMJP
[00:54:57] [381/445] CTMP
[00:54:58] [382/445] INPN
[00:54:59] [383/445] STTG
[00:54:59] [384/445] CTRD
[00:55:00] [385/445] PUVB
[00:55:01] [386/445] ESVP
[00:55:02] [387/445] CPFT
[00:55:03] [388/445] LCPC
[00:55:04] [389/445] VBCT
[00:55:04] [390/445] FSCW
[00:55:05] [391/445] VCMP
[00:55:06] [392/445] ASHC
[00:55:07] [393/445] VLCX
[00:55:08] [394/445] SHEV
[00:55:09] [395/445] APCO
[00:55:09] [396/445] SILC
[00:55:11] [397/445] SNMR
[00:55:12] [398/445] KYBO
[00:55:13] [399/445] SATK
[00:55:13] [400/445] SSCS
[00:55:15] [401/445] CLSB
[00:55:16] [402/445] KMJR
[00:55:17] [403/445] FSCK
[00:55:18] [404/445] NNKA
[00:55:19] [405/445] CLMK
[00:55:20] [406/445] DMPZ
[00:55:21] [407/445] INQM
[00:55:22] [408/445] CAML
[00:55:22] [409/445] INRK
[00:55:23] [410/445] IMKN
[00:55:24] [411/445] SVNR
[00:55:25] [412/445] INSL
[00:55:26] [413/445] MSMA
[00:55:27] [414/445] MCKK
[00:55:28] [415/445] FCHP
[00:55:28] [416/445] SFCR
[00:55:29] [417/445] NACK
[00:55:30] [418/445] PVAK
[00:55:31] [419/445] INER
[00:55:32] [420/445] RDBK
[00:55:33] [421/445] SVFN
[00:55:33] [422/445] IFRM
[00:55:34] [423/445] ATCK
[00:55:35] [424/445] ASKO
[00:55:36] [425/445] STKT
[00:55:37] [426/445] SVFB
[00:55:38] [427/445] INKS
[00:55:38] [428/445] PCRA
[00:55:39] [429/445] ATJA
[00:55:40] [430/445] IMJN
[00:55:41] [431/445] INHD
[00:55:41] [432/445] BARA
[00:55:42] [433/445] MCSL
[00:55:43] [434/445] RTOY
[00:55:44] [435/445] MENO
[00:55:45] [436/445] PUDM
[00:55:46] [437/445] PRCN
[00:55:47] [438/445] JMJR
[00:55:48] [439/445] SSGK
[00:55:50] [440/445] SSRL
[00:55:50] [441/445] JYKL
[00:55:51] [442/445] ACNB
[00:55:52] [443/445] SONP
[00:55:53] [444/445] EMCI
[00:55:53] [445/445] MRJH
[00:55:54] ✅ DONE | Shows=5 | Movies=1
