[10:03:31] 🚀 SCRIPT STARTED
[10:03:31] [1/445] TGMR
[10:03:31] 🧠 New identity created
[10:03:32] [2/445] CXKR
[10:03:33] [3/445] SROP
[10:03:34] [4/445] GTSV
[10:03:36] [5/445] SNTY
[10:03:36] [6/445] SMYY
[10:03:38] [7/445] CNCS
[10:03:39] [8/445] CSTM
[10:03:40] [9/445] NUCD
[10:03:41] [10/445] SHCZ
[10:03:42] [11/445] NJCT
[10:03:42] [12/445] COPC
[10:03:44] [13/445] STVV
[10:03:45] [14/445] SKRN
[10:03:46] [15/445] APPZ
[10:03:47] [16/445] YMGN
[10:03:48] [17/445] SVTU
[10:03:48] [18/445] GTAD
[10:03:49] [19/445] PSUS
[10:03:50] [20/445] SMCD
[10:03:51] [21/445] CMCM
[10:03:52] [22/445] SYCT
[10:03:53] [23/445] STLY
[10:03:53] [24/445] CMHU
[10:03:55] [25/445] CMSA
[10:03:56] [26/445] CLCU
[10:03:57] [27/445] PPNT
[10:03:58] [28/445] JTAB
[10:03:59] [29/445] BUUC
[10:04:00] [30/445] BSVK
[10:04:01] [31/445] VVVQ
[10:04:02] [32/445] TKMU
[10:04:03] [33/445] ESYL
[10:04:04] [34/445] ACHP
[10:04:05] [35/445] BTKD
[10:04:05] [36/445] DESA
[10:04:06] [37/445] GBCT
[10:04:07] [38/445] BLLD
[10:04:08] [39/445] SKNT
[10:04:09] [40/445] SSTE
[10:04:09] [41/445] VJMR
[10:04:10] [42/445] NTPU
[10:04:11] [43/445] RDKN
[10:04:12] [44/445] ADGC
[10:04:13] [45/445] VRBP
[10:04:14] [46/445] NMNA
[10:04:15] [47/445] CMMX
[10:04:16] [48/445] PTKO
[10:04:16] [49/445] RBML
[10:04:18] [50/445] SAIC
[10:04:18] [51/445] SVTJ
[10:04:19] [52/445] MRTE
[10:04:20] [53/445] RBTP
[10:04:21] [54/445] NLPS
[10:04:22] [55/445] GTNA
[10:04:22] [56/445] DGGC
[10:04:23] [57/445] SMCR
[10:04:24] [58/445] SCGD
[10:04:25] [59/445] SRRJ
[10:04:26] [60/445] CNRY
[10:04:27] [61/445] KTDI
[10:04:28] [62/445] SNJL
[10:04:28] [63/445] RKMD
[10:04:29] [64/445] SMDC
[10:04:30] [65/445] TADG
[10:04:31] [66/445] MCGS
[10:04:31] [67/445] PETK
[10:04:32] [68/445] CHAG
[10:04:33] [69/445] KSTL
[10:04:34] [70/445] AADS
[10:04:35] [71/445] NTHZ
[10:04:36] [72/445] HCKI
[10:04:37] [73/445] SSEF
[10:04:38] [74/445] MCGX
[10:04:39] [75/445] ERRA
[10:04:40] [76/445] SDTW
[10:04:41] [77/445] RMPK
[10:04:42] [78/445] PTHK
[10:04:43] [79/445] PXCS
[10:04:43] [80/445] SVLU
[10:04:44] [81/445] STAH
[10:04:45] [82/445] JRGF
[10:04:46] [83/445] CDOK
[10:04:47] [84/445] CMSG
[10:04:48] [85/445] APTD
[10:04:49] [86/445] KMPG
[10:04:50] [87/445] MUTJ
[10:04:51] [88/445] VCCI
[10:04:51] [89/445] URBE
[10:04:53] [90/445] TCTS
[10:04:54] [91/445] STSN
[10:04:55] [92/445] AKCH
[10:04:55] [93/445] APSC
[10:04:56] [94/445] VLTB
[10:04:57] [95/445] SANU
[10:04:58] [96/445] AXAM
[10:04:58] [97/445] MGMG
[10:04:59] [98/445] HTBY
[10:05:00] [99/445] MMZS
[10:05:01] [100/445] SUDR
[10:05:02] [101/445] CCAD
[10:05:03] [102/445] SKKC
[10:05:04] [103/445] RMCD
[10:05:05] [104/445] SBCQ
[10:05:05] [105/445] DCCT
[10:05:07] [106/445] VTKP
[10:05:07] [107/445] MLAM
[10:05:08] [108/445] SAVT
[10:05:09] [109/445] GEPL
[10:05:11] [110/445] AMCD
[10:05:11] [111/445] CCXR
[10:05:13] [112/445] GRNG
[10:05:14] [113/445] EBCA
[10:05:15] [114/445] CNVG
[10:05:16] [115/445] MWSS
[10:05:17] [116/445] VBOR
[10:05:17] [117/445] NEEB
[10:05:18] [118/445] SUTH
[10:05:19] [119/445] ANDB
[10:05:20] [120/445] MMXS
[10:05:20] [121/445] CNPD
[10:05:21] [122/445] SDCE
[10:05:23] [123/445] DHCB
[10:05:24] [124/445] ODEN
[10:05:25] [125/445] TNTC
[10:05:26] [126/445] VBKM
[10:05:27] [127/445] RZYM
[10:05:28] [128/445] JEMC
[10:05:29] [129/445] CMAU
[10:05:30] [130/445] SIVP
[10:05:30] [131/445] ATAG
[10:05:31] [132/445] CHTM
[10:05:32] [133/445] AAEE
[10:05:33] [134/445] IWPM
[10:05:34] [135/445] KCMW
[10:05:35] [136/445] MCTD
[10:05:35] [137/445] SPWR
[10:05:36] [138/445] SDPO
[10:05:37] [139/445] PCSK
[10:05:37] [140/445] ACHV
[10:05:38] [141/445] SVLA
[10:05:39] [142/445] PICT
[10:05:40] [143/445] BXDR
[10:05:41] [144/445] SPWA
[10:05:42] [145/445] MCKO
[10:05:43] [146/445] RTHK
[10:05:44] [147/445] CCMF
[10:05:45] [148/445] MRGB
[10:05:45] [149/445] CPLC
[10:05:46] [150/445] RACD
[10:05:47] [151/445] ATKT
[10:05:49] [152/445] SARN
[10:05:49] [153/445] KKUI
[10:05:50] [154/445] RGCM
[10:05:51] [155/445] BRVP
[10:05:52] [156/445] HRSR
[10:05:52] [157/445] GKGM
[10:05:53] [158/445] TTCD
[10:05:54] [159/445] PTTI
[10:05:55] [160/445] MPTT
[10:05:55] [161/445] CVTT
[10:05:56] [162/445] PCXD
[10:05:57] [163/445] GCDC
[10:05:58] [164/445] CCCF
[10:05:58] [165/445] MRAD
[10:05:59] [166/445] CPLK
[10:06:00] [167/445] SATB
[10:06:01] [168/445] SNVG
[10:06:02] [169/445] JMBA
[10:06:03] [170/445] TEJA
[10:06:04] [171/445] STYO
[10:06:05] [172/445] JTBP
[10:06:05] [173/445] KRGD
[10:06:06] [174/445] SLJJ
[10:06:07] [175/445] SPTJ
[10:06:08] [176/445] SWJG
[10:06:09] [177/445] LKRT
[10:06:10] [178/445] KCKA
[10:06:10] [179/445] SNCR
[10:06:11] [180/445] SMKL
[10:06:12] [181/445] GCFA
[10:06:13] [182/445] DDCK
[10:06:14] [183/445] NCHJ
[10:06:15] [184/445] RDMA
[10:06:16] [185/445] SVSV
[10:06:17] [186/445] SCJG
[10:06:18] [187/445] VKLP
[10:06:19] [188/445] NWCC
[10:06:19] [189/445] VKNS
[10:06:20] [190/445] SDDP
[10:06:21] [191/445] ACSI
[10:06:22] [192/445] SATG
[10:06:22] [193/445] SCMW
[10:06:23] [194/445] LKTK
[10:06:24] [195/445] VCKV
[10:06:25] [196/445] KKPE
[10:06:26] [197/445] KIGH
[10:06:27] [198/445] SRPM
[10:06:28] [199/445] SCAH
[10:06:29] [200/445] MUTA
[10:06:30] [201/445] SEPU
[10:06:31] [202/445] INOA
[10:06:32] [203/445] BASK
[10:06:33] [204/445] NECB
[10:06:34] [205/445] GTTG
[10:06:34] [206/445] ASSA
[10:06:35] [207/445] ANCL
[10:06:36] [208/445] GCTI
[10:06:37] [209/445] RCTS
[10:06:38] [210/445] ACNL
[10:06:38] [211/445] MYCT
[10:06:39] [212/445] NMHT
[10:06:41] [213/445] MDIT
[10:06:42] [214/445] LATG
[10:06:43] [215/445] SMTY
[10:06:44] [216/445] CVCT
[10:06:45] [217/445] RAMB
[10:06:46] [218/445] TGMS
[10:06:46] [219/445] BHEL
[10:06:48] [220/445] SHCT
[10:06:49] [221/445] SVCT
[10:06:50] [222/445] MRIY
[10:06:51] [223/445] SARO
[10:06:51] [224/445] STCT
[10:06:52] [225/445] JKKC
[10:06:54] [226/445] PLTT
[10:06:55] [227/445] SRNT
[10:06:55] [228/445] YAST
[10:06:56] [229/445] PERL
[10:06:57] [230/445] CICM
[10:06:58] [231/445] MMTR
[10:06:59] [232/445] ABTK
[10:07:00] [233/445] ATYY
[10:07:00] [234/445] ASTK
[10:07:01] [235/445] VVCK
[10:07:02] [236/445] ATKY
[10:07:03] [237/445] GWEK
[10:07:04] [238/445] SVFH
[10:07:04] [239/445] SLTA
[10:07:05] [240/445] AASH
[10:07:06] [241/445] ACXB
[10:07:08] [242/445] SMTX
[10:07:08] [243/445] AZDH
[10:07:09] [244/445] CMMH
[10:07:10] [245/445] SCSZ
[10:07:11] [246/445] SCKP
[10:07:12] [247/445] NXTM
[10:07:13] [248/445] NWCS
[10:07:14] [249/445] CXMH
[10:07:15] [250/445] PCMA
[10:07:16] [251/445] SGCM
[10:07:17] [252/445] SDTU
[10:07:17] [253/445] MMVI
[10:07:18] [254/445] JKCM
[10:07:19] [255/445] VCMM
[10:07:20] [256/445] SYEE
[10:07:21] [257/445] VASD
[10:07:22] [258/445] BDRB
[10:07:23] [259/445] LASM
[10:07:24] [260/445] DCRL
[10:07:25] [261/445] DVPM
[10:07:26] [262/445] SBMJ
[10:07:27] [263/445] CBMU
[10:07:27] [264/445] IUBS
[10:07:28] [265/445] INAP
[10:07:29] [266/445] SRRC
[10:07:30] [267/445] SAGR
[10:07:31] [268/445] CPMJ
[10:07:32] [269/445] ATJL
[10:07:32] [270/445] NNTD
[10:07:33] [271/445] JHCJ
[10:07:34] [272/445] CMMP
[10:07:36] [273/445] RSDR
[10:07:36] [274/445] AMTI
[10:07:38] [275/445] NYSG
[10:07:39] [276/445] AVSG
[10:07:40] [277/445] SYTP
[10:07:40] [278/445] LARC
[10:07:41] [279/445] RJTP
[10:07:42] [280/445] LAKC
[10:07:43] [281/445] MCXE
[10:07:43] [282/445] CCZC
[10:07:44] [283/445] AVCH
[10:07:45] [284/445] CMBE
[10:07:46] [285/445] MRRC
[10:07:47] [286/445] PCPY
[10:07:48] [287/445] SRMH
[10:07:49] [288/445] SVGS
[10:07:51] [289/445] PCSE
[10:07:51] [290/445] SVFT
[10:07:52] [291/445] TNZP
[10:07:54] [292/445] ICTP
[10:07:55] [293/445] ACTZ
[10:07:55] [294/445] GTUR
[10:07:56] [295/445] MAFC
[10:07:57] [296/445] MINL
[10:07:57] [297/445] MRCL
[10:07:58] [298/445] RCRP
[10:07:59] [299/445] RFFG
[10:08:00] [300/445] RMAS
[10:08:00] [301/445] INVR
[10:08:01] [302/445] RMAR
[10:08:02] [303/445] CNIS
[10:08:03] [304/445] RHRJ
[10:08:04] [305/445] INXR
[10:08:05] [306/445] VALT
[10:08:06] [307/445] LCSH
[10:08:06] [308/445] CMVS
[10:08:07] [309/445] CNMS
[10:08:08] [310/445] ROOG
[10:08:09] [311/445] ISRM
[10:08:10] [312/445] RCRM
[10:08:11] [313/445] ACJA
[10:08:12] [314/445] RCVS
[10:08:13] [315/445] CPUS
[10:08:13] [316/445] TGCS
[10:08:14] [317/445] RKCJ
[10:08:15] [318/445] MKSB
[10:08:16] [319/445] TCSJ
[10:08:17] [320/445] RMGP
[10:08:18] [321/445] CLLP
[10:08:19] [322/445] RCMV
[10:08:20] [323/445] CCKS
[10:08:21] [324/445] RSRP
[10:08:22] [325/445] APLP
[10:08:22] [326/445] CNVS
[10:08:24] [327/445] RMVY
[10:08:25] [328/445] PGBD
[10:08:26] [329/445] KLMS
[10:08:27] [330/445] RUST
[10:08:27] [331/445] MASM
[10:08:28] [332/445] BACS
[10:08:29] [333/445] BWST
[10:08:30] [334/445] RRFH
[10:08:31] [335/445] SJTM
[10:08:31] [336/445] BEMR
[10:08:32] [337/445] MCGR
[10:08:33] [338/445] SDSK
[10:08:34] [339/445] VBOL
[10:08:35] [340/445] RMGM
[10:08:36] [341/445] NOPL
[10:08:36] [342/445] MKJK
[10:08:37] [343/445] CVRN
[10:08:38] [344/445] MMEN
[10:08:38] [345/445] AMNG
[10:08:39] [346/445] INTM
[10:08:40] [347/445] SLCZ
[10:08:41] [348/445] AMJN
[10:08:42] [349/445] ACJN
[10:08:43] [350/445] AMKN
[10:08:43] [351/445] BTCN
[10:08:44] [352/445] AMBT
[10:08:45] [353/445] PACN
[10:08:46] [354/445] LCNS
[10:08:47] [355/445] PPKC
[10:08:48] [356/445] JYYN
[10:08:49] [357/445] JTNR
[10:08:50] [358/445] GTEE
[10:08:50] [359/445] SRNM
[10:08:51] [360/445] SDTC
[10:08:52] [361/445] VPCA
[10:08:53] [362/445] VLRA
[10:08:53] [363/445] SHKR
[10:08:54] [364/445] SBKD
[10:08:55] [365/445] SAAD
[10:08:56] [366/445] JTGN
[10:08:57] [367/445] SLAM
[10:08:59] [368/445] VTPM
[10:08:59] [369/445] ANPT
[10:09:00] [370/445] PUNB
[10:09:01] [371/445] CPKT
[10:09:02] [372/445] CNWE
[10:09:03] [373/445] ECPP
[10:09:04] [374/445] CPAR
[10:09:05] [375/445] ESBW
[10:09:06] [376/445] PKPU
[10:09:07] [377/445] CPRP
[10:09:08] [378/445] RAHU
[10:09:09] [379/445] RHMN
[10:09:10] [380/445] FMJP
[10:09:11] [381/445] CTMP
[10:09:12] [382/445] INPN
[10:09:12] [383/445] STTG
[10:09:13] [384/445] CTRD
[10:09:14] [385/445] PUVB
[10:09:15] [386/445] ESVP
[10:09:16] [387/445] CPFT
[10:09:17] [388/445] LCPC
[10:09:17] [389/445] VBCT
[10:09:18] [390/445] FSCW
[10:09:19] [391/445] VCMP
[10:09:20] [392/445] ASHC
[10:09:21] [393/445] VLCX
[10:09:22] [394/445] SHEV
[10:09:23] [395/445] APCO
[10:09:23] [396/445] SILC
[10:09:24] [397/445] SNMR
[10:09:25] [398/445] KYBO
[10:09:26] [399/445] SATK
[10:09:27] [400/445] SSCS
[10:09:28] [401/445] CLSB
[10:09:29] [402/445] KMJR
[10:09:29] [403/445] FSCK
[10:09:30] [404/445] NNKA
[10:09:31] [405/445] CLMK
[10:09:32] [406/445] DMPZ
[10:09:33] [407/445] INQM
[10:09:34] [408/445] CAML
[10:09:34] [409/445] INRK
[10:09:35] [410/445] IMKN
[10:09:36] [411/445] SVNR
[10:09:38] [412/445] INSL
[10:09:39] [413/445] MSMA
[10:09:39] [414/445] MCKK
[10:09:40] [415/445] FCHP
[10:09:41] [416/445] SFCR
[10:09:42] [417/445] NACK
[10:09:42] [418/445] PVAK
[10:09:43] [419/445] INER
[10:09:44] [420/445] RDBK
[10:09:45] [421/445] SVFN
[10:09:46] [422/445] IFRM
[10:09:46] [423/445] ATCK
[10:09:47] [424/445] ASKO
[10:09:48] [425/445] STKT
[10:09:49] [426/445] SVFB
[10:09:50] [427/445] INKS
[10:09:50] [428/445] PCRA
[10:09:51] [429/445] ATJA
[10:09:52] [430/445] IMJN
[10:09:53] [431/445] INHD
[10:09:53] [432/445] BARA
[10:09:54] [433/445] MCSL
[10:09:55] [434/445] RTOY
[10:09:56] [435/445] MENO
[10:09:57] [436/445] PUDM
[10:09:57] [437/445] PRCN
[10:09:58] [438/445] JMJR
[10:09:59] [439/445] SSGK
[10:10:00] [440/445] SSRL
[10:10:01] [441/445] JYKL
[10:10:02] [442/445] ACNB
[10:10:03] [443/445] SONP
[10:10:04] [444/445] EMCI
[10:10:04] [445/445] MRJH
[10:10:05] 🧹 Deduping shows
[10:10:05] ✅ DONE | Shows=74 | Movies=5
