[10:03:28] 🚀 SCRIPT STARTED
[10:03:28] [1/459] NECA
[10:03:28] 🧠 New identity created
[10:03:29] [2/459] BJLC
[10:03:30] [3/459] BASU
[10:03:30] [4/459] RUPI
[10:03:31] [5/459] LCBK
[10:03:32] [6/459] PMAC
[10:03:33] [7/459] AMLC
[10:03:34] [8/459] LICL
[10:03:35] [9/459] UDMM
[10:03:36] [10/459] STBZ
[10:03:37] [11/459] UUBT
[10:03:38] [12/459] SJKC
[10:03:39] [13/459] TUAL
[10:03:40] [14/459] MRSE
[10:03:40] [15/459] RMRK
[10:03:41] [16/459] TTKP
[10:03:42] [17/459] KTKO
[10:03:43] [18/459] SDBK
[10:03:44] [19/459] MCPR
[10:03:45] [20/459] CHTI
[10:03:46] [21/459] GCCP
[10:03:48] [22/459] SRMY
[10:03:48] [23/459] NYST
[10:03:49] [24/459] NYAG
[10:03:50] [25/459] SBMT
[10:03:51] [26/459] INGA
[10:03:52] [27/459] WSIC
[10:03:53] [28/459] SCSS
[10:03:54] [29/459] COPG
[10:03:55] [30/459] RCGR
[10:03:56] [31/459] TCZA
[10:03:56] [32/459] CNLP
[10:03:57] [33/459] CLKN
[10:03:58] [34/459] LHDF
[10:03:59] [35/459] ELKC
[10:04:00] [36/459] VCEM
[10:04:02] [37/459] SSZA
[10:04:02] [38/459] KRMT
[10:04:03] [39/459] LCMV
[10:04:04] [40/459] AYCZ
[10:04:06] [41/459] CUMS
[10:04:07] [42/459] BOCK
[10:04:07] [43/459] PNMR
[10:04:08] [44/459] PJCP
[10:04:09] [45/459] JDDD
[10:04:11] [46/459] STMS
[10:04:12] [47/459] FLMB
[10:04:13] [48/459] PKCM
[10:04:14] [49/459] SPPR
[10:04:15] [50/459] EYLH
[10:04:16] [51/459] RJCC
[10:04:17] [52/459] MMPS
[10:04:17] [53/459] SHMX
[10:04:18] [54/459] CCNL
[10:04:19] [55/459] RCNV
[10:04:20] [56/459] MAAG
[10:04:21] [57/459] LXCM
[10:04:22] [58/459] RCNI
[10:04:22] [59/459] SNNI
[10:04:23] [60/459] LALC
[10:04:24] [61/459] SOCN
[10:04:25] [62/459] JHTP
[10:04:26] [63/459] PITP
[10:04:26] [64/459] CCKW
[10:04:27] [65/459] MCMC
[10:04:28] [66/459] DEES
[10:04:29] [67/459] SABT
[10:04:30] [68/459] VSPP
[10:04:31] [69/459] ABCT
[10:04:32] [70/459] JVTB
[10:04:33] [71/459] VCBD
[10:04:34] [72/459] RMGG
[10:04:35] [73/459] RNMH
[10:04:36] [74/459] SPGL
[10:04:36] [75/459] JTTR
[10:04:38] [76/459] SICS
[10:04:39] [77/459] SRMI
[10:04:40] [78/459] SSIJ
[10:04:41] [79/459] KFMT
[10:04:41] [80/459] VBIT
[10:04:42] [81/459] JKCT
[10:04:43] [82/459] GCGP
[10:04:44] [83/459] GDCS
[10:04:45] [84/459] TRBA
[10:04:46] [85/459] QUST
[10:04:47] [86/459] VSHM
[10:04:48] [87/459] SDCP
[10:04:49] [88/459] SNVS
[10:04:49] [89/459] NYTO
[10:04:50] [90/459] URWC
[10:04:51] [91/459] GTWH
[10:04:52] [92/459] PFCM
[10:04:53] [93/459] KRTA
[10:04:54] [94/459] AXMC
[10:04:55] [95/459] EVMC
[10:04:55] [96/459] HGSM
[10:04:56] [97/459] ACVM
[10:04:58] [98/459] PSKL
[10:04:59] [99/459] RDMP
[10:04:59] [100/459] RHGH
[10:05:00] [101/459] OMCM
[10:05:02] [102/459] DCCP
[10:05:02] [103/459] MCPB
[10:05:03] [104/459] ALCI
[10:05:04] [105/459] BLMX
[10:05:05] [106/459] BTMV
[10:05:06] [107/459] FVPN
[10:05:07] [108/459] CMAR
[10:05:08] [109/459] CEIM
[10:05:08] [110/459] CMVA
[10:05:09] [111/459] CPIV
[10:05:10] [112/459] CNPE
[10:05:11] [113/459] COLV
[10:05:12] [114/459] DNNV
[10:05:13] [115/459] HCAD
[10:05:14] [116/459] TAKA
[10:05:15] [117/459] INVD
[10:05:17] [118/459] IRMM
[10:05:17] [119/459] INSE
[10:05:18] [120/459] MRSW
[10:05:19] [121/459] MCVD
[10:05:20] [122/459] MCSO
[10:05:21] [123/459] PEVM
[10:05:22] [124/459] PVNL
[10:05:23] [125/459] PTCV
[10:05:24] [126/459] PRTC
[10:05:25] [127/459] RCVA
[10:05:26] [128/459] MTBN
[10:05:27] [129/459] LUCP
[10:05:28] [130/459] FMPT
[10:05:29] [131/459] JLSL
[10:05:29] [132/459] SBHA
[10:05:30] [133/459] SHRC
[10:05:31] [134/459] AVPS
[10:05:32] [135/459] STPM
[10:05:33] [136/459] ATRD
[10:05:33] [137/459] VTED
[10:05:34] [138/459] ACAI
[10:05:35] [139/459] SMAE
[10:05:35] [140/459] VMAT
[10:05:36] [141/459] LKCT
[10:05:37] [142/459] JTVK
[10:05:38] [143/459] PRTY
[10:05:39] [144/459] GETT
[10:05:40] [145/459] ESAP
[10:05:41] [146/459] NCPM
[10:05:42] [147/459] PCPA
[10:05:42] [148/459] MMOM
[10:05:43] [149/459] PHUP
[10:05:44] [150/459] CCPI
[10:05:46] [151/459] CNTD
[10:05:46] [152/459] NLJR
[10:05:47] [153/459] SRNG
[10:05:48] [154/459] MHAL
[10:05:49] [155/459] PNSM
[10:05:50] [156/459] DRMY
[10:05:51] [157/459] CCMU
[10:05:52] [158/459] SCMY
[10:05:53] [159/459] PVSY
[10:05:54] [160/459] SDLM
[10:05:55] [161/459] ICCM
[10:05:55] [162/459] PYSU
[10:05:56] [163/459] GATM
[10:05:58] [164/459] WOTM
[10:05:58] [165/459] RKTS
[10:05:59] [166/459] PMTY
[10:06:00] [167/459] LYMS
[10:06:01] [168/459] TGCA
[10:06:02] [169/459] DSTA
[10:06:03] [170/459] CNGE
[10:06:04] [171/459] VSTG
[10:06:05] [172/459] GTCK
[10:06:05] [173/459] TGNT
[10:06:06] [174/459] ASLC
[10:06:07] [175/459] SSST
[10:06:08] [176/459] KBTT
[10:06:09] [177/459] HKCP
[10:06:10] [178/459] SWLC
[10:06:11] [179/459] RTND
[10:06:12] [180/459] PKKT
[10:06:13] [181/459] HSTK
[10:06:13] [182/459] SPTT
[10:06:14] [183/459] IMPM
[10:06:16] [184/459] SCMV
[10:06:17] [185/459] SPCT
[10:06:18] [186/459] JBCA
[10:06:19] [187/459] ATTR
[10:06:19] [188/459] SPMT
[10:06:20] [189/459] LCTM
[10:06:21] [190/459] SCVL
[10:06:22] [191/459] SCVT
[10:06:23] [192/459] KRIC
[10:06:23] [193/459] CTMG
[10:06:24] [194/459] ACNC
[10:06:25] [195/459] DMCK
[10:06:26] [196/459] KMTV
[10:06:27] [197/459] PFCJ
[10:06:28] [198/459] VNMD
[10:06:29] [199/459] VPCZ
[10:06:30] [200/459] SRYR
[10:06:31] [201/459] SYTR
[10:06:32] [202/459] GATR
[10:06:32] [203/459] URTR
[10:06:33] [204/459] MKSM
[10:06:34] [205/459] VSMH
[10:06:35] [206/459] SKRJ
[10:06:36] [207/459] SSJR
[10:06:36] [208/459] SVSM
[10:06:37] [209/459] RUCM
[10:06:38] [210/459] PRKN
[10:06:39] [211/459] RROH
[10:06:40] [212/459] SCTN
[10:06:40] [213/459] RTDM
[10:06:42] [214/459] ASRM
[10:06:43] [215/459] SKMD
[10:06:44] [216/459] SUTD
[10:06:45] [217/459] SADM
[10:06:45] [218/459] WCNR
[10:06:46] [219/459] CNED
[10:06:47] [220/459] MPDB
[10:06:48] [221/459] KTBH
[10:06:49] [222/459] IDRM
[10:06:50] [223/459] PJJT
[10:06:51] [224/459] PFCV
[10:06:52] [225/459] AACT
[10:06:53] [226/459] AAAD
[10:06:53] [227/459] ANES
[10:06:54] [228/459] MNCA
[10:06:55] [229/459] RMGU
[10:06:56] [230/459] DLCN
[10:06:57] [231/459] LJWT
[10:06:58] [232/459] MCBG
[10:06:58] [233/459] MYBG
[10:06:59] [234/459] GCCA
[10:07:00] [235/459] GCGA
[10:07:01] [236/459] ECGN
[10:07:02] [237/459] PRAB
[10:07:03] [238/459] PNMP
[10:07:04] [239/459] GCPT
[10:07:05] [240/459] ROYN
[10:07:07] [241/459] VATM
[10:07:08] [242/459] KSNT
[10:07:08] [243/459] ACTC
[10:07:09] [244/459] PLTD
[10:07:10] [245/459] SKMK
[10:07:11] [246/459] CMTT
[10:07:13] [247/459] SMXP
[10:07:13] [248/459] SCMX
[10:07:14] [249/459] ACXN
[10:07:15] [250/459] ASWT
[10:07:16] [251/459] VVVL
[10:07:16] [252/459] NAGO
[10:07:17] [253/459] SNCN
[10:07:18] [254/459] MCKP
[10:07:19] [255/459] SAMO
[10:07:20] [256/459] JBTV
[10:07:21] [257/459] DCVV
[10:07:22] [258/459] KMSV
[10:07:23] [259/459] KDCN
[10:07:23] [260/459] CNCP
[10:07:24] [261/459] HAMC
[10:07:25] [262/459] CCVZ
[10:07:27] [263/459] NCCK
[10:07:27] [264/459] MCHR
[10:07:28] [265/459] SCHT
[10:07:29] [266/459] ESSH
[10:07:30] [267/459] CUJC
[10:07:31] [268/459] PECP
[10:07:31] [269/459] PMMI
[10:07:32] [270/459] PCCH
[10:07:33] [271/459] PRPM
[10:07:34] [272/459] PVKL
[10:07:34] [273/459] CBSM
[10:07:35] [274/459] PVCZ
[10:07:37] [275/459] PCVV
[10:07:37] [276/459] CTMJ
[10:07:38] [277/459] RCPS
[10:07:39] [278/459] PCIT
[10:07:40] [279/459] FNCH
[10:07:40] [280/459] INZD
[10:07:41] [281/459] INPC
[10:07:42] [282/459] LCZP
[10:07:43] [283/459] SMCB
[10:07:44] [284/459] PTSB
[10:07:45] [285/459] TPSI
[10:07:46] [286/459] KHMJ
[10:07:47] [287/459] RCCJ
[10:07:47] [288/459] NCJA
[10:07:49] [289/459] NCJN
[10:07:50] [290/459] BTDP
[10:07:51] [291/459] PADY
[10:07:52] [292/459] NYBH
[10:07:52] [293/459] MTBR
[10:07:53] [294/459] KRBC
[10:07:55] [295/459] DKTI
[10:07:56] [296/459] ANAN
[10:07:56] [297/459] INBP
[10:07:57] [298/459] PATB
[10:07:58] [299/459] RGNT
[10:07:59] [300/459] CGPM
[10:08:00] [301/459] INTN
[10:08:00] [302/459] MCMP
[10:08:01] [303/459] ASRG
[10:08:02] [304/459] CXJD
[10:08:03] [305/459] SPCP
[10:08:04] [306/459] CSTP
[10:08:04] [307/459] PKVC
[10:08:05] [308/459] ESCP
[10:08:06] [309/459] CAEP
[10:08:07] [310/459] CCSP
[10:08:08] [311/459] KTPC
[10:08:09] [312/459] DACA
[10:08:10] [313/459] NVKY
[10:08:11] [314/459] PTIN
[10:08:12] [315/459] SCIN
[10:08:13] [316/459] MCTY
[10:08:14] [317/459] PCMX
[10:08:15] [318/459] INIC
[10:08:17] [319/459] MMZM
[10:08:18] [320/459] SSLP
[10:08:18] [321/459] DTDT
[10:08:19] [322/459] FFCX
[10:08:20] [323/459] RCMM
[10:08:21] [324/459] KYID
[10:08:22] [325/459] CSCI
[10:08:22] [326/459] FCMC
[10:08:23] [327/459] MMXI
[10:08:24] [328/459] ASTC
[10:08:25] [329/459] CMRA
[10:08:26] [330/459] DICI
[10:08:26] [331/459] KDIN
[10:08:27] [332/459] PRFI
[10:08:28] [333/459] SVFC
[10:08:29] [334/459] UCPL
[10:08:30] [335/459] COOC
[10:08:30] [336/459] SCAL
[10:08:31] [337/459] SVFF
[10:08:32] [338/459] VCMG
[10:08:33] [339/459] UUCT
[10:08:34] [340/459] GCSE
[10:08:35] [341/459] SUSC
[10:08:36] [342/459] MISC
[10:08:36] [343/459] RMBL
[10:08:37] [344/459] CMXN
[10:08:38] [345/459] PVBK
[10:08:39] [346/459] HHCG
[10:08:40] [347/459] SCAG
[10:08:41] [348/459] CNPR
[10:08:41] [349/459] CSER
[10:08:42] [350/459] HLWD
[10:08:43] [351/459] BOLY
[10:08:44] [352/459] SSPG
[10:08:45] [353/459] MUPX
[10:08:45] [354/459] HAMR
[10:08:46] [355/459] SDNC
[10:08:47] [356/459] RTEN
[10:08:48] [357/459] SDTD
[10:08:49] [358/459] KAWS
[10:08:50] [359/459] CMZX
[10:08:51] [360/459] DCDD
[10:08:52] [361/459] ALSN
[10:08:53] [362/459] IMXS
[10:08:54] [363/459] PVFF
[10:08:55] [364/459] PVOO
[10:08:56] [365/459] CFBS
[10:08:56] [366/459] PVER
[10:08:57] [367/459] PPNX
[10:08:58] [368/459] CNRM
[10:08:59] [369/459] PVWW
[10:08:59] [370/459] INMB
[10:09:00] [371/459] CPJR
[10:09:01] [372/459] INRZ
[10:09:02] [373/459] PMSR
[10:09:02] [374/459] GPGM
[10:09:03] [375/459] PGWB
[10:09:04] [376/459] PMBR
[10:09:05] [377/459] GPAM
[10:09:06] [378/459] INBC
[10:09:07] [379/459] PZVK
[10:09:07] [380/459] CPEB
[10:09:08] [381/459] FMLB
[10:09:09] [382/459] INBG
[10:09:10] [383/459] GPBR
[10:09:11] [384/459] PAAS
[10:09:11] [385/459] VTBR
[10:09:12] [386/459] GPMY
[10:09:13] [387/459] GYBU
[10:09:14] [388/459] INBJ
[10:09:15] [389/459] LKTH
[10:09:16] [390/459] NSBR
[10:09:17] [391/459] PDRD
[10:09:18] [392/459] VRBL
[10:09:19] [393/459] VTGB
[10:09:20] [394/459] VTSK
[10:09:20] [395/459] BKDV
[10:09:21] [396/459] SVTB
[10:09:22] [397/459] MLDT
[10:09:23] [398/459] NRBL
[10:09:23] [399/459] SLTR
[10:09:24] [400/459] VNKA
[10:09:25] [401/459] TDCA
[10:09:27] [402/459] INBM
[10:09:27] [403/459] SSNR
[10:09:28] [404/459] BHAC
[10:09:29] [405/459] SDSD
[10:09:30] [406/459] SAMP
[10:09:31] [407/459] RATK
[10:09:32] [408/459] KCBI
[10:09:33] [409/459] URBL
[10:09:33] [410/459] MKBG
[10:09:34] [411/459] ASTB
[10:09:35] [412/459] VBWT
[10:09:36] [413/459] GPSM
[10:09:36] [414/459] ROON
[10:09:37] [415/459] CHTH
[10:09:38] [416/459] SSPA
[10:09:39] [417/459] ANBL
[10:09:40] [418/459] VTBE
[10:09:40] [419/459] SVKT
[10:09:41] [420/459] SVYK
[10:09:42] [421/459] PTBK
[10:09:43] [422/459] RKTB
[10:09:44] [423/459] BALT
[10:09:45] [424/459] STSV
[10:09:46] [425/459] VCCB
[10:09:47] [426/459] SLTB
[10:09:48] [427/459] SBCR
[10:09:49] [428/459] VDCS
[10:09:50] [429/459] MDKI
[10:09:51] [430/459] SMRN
[10:09:52] [431/459] PTBC
[10:09:52] [432/459] RADI
[10:09:53] [433/459] ADCR
[10:09:54] [434/459] SDCS
[10:09:55] [435/459] SRPJ
[10:09:56] [436/459] ARTS
[10:09:57] [437/459] SRHK
[10:09:57] [438/459] SPAY
[10:09:58] [439/459] GPTB
[10:09:59] [440/459] SNNN
[10:10:00] [441/459] BALJ
[10:10:00] [442/459] TRIG
[10:10:01] [443/459] GTYT
[10:10:02] [444/459] ATGN
[10:10:03] [445/459] ANTE
[10:10:05] [446/459] BDCG
[10:10:06] [447/459] VECI
[10:10:08] [448/459] SCPR
[10:10:09] [449/459] RTEA
[10:10:10] [450/459] JSAI
[10:10:11] [451/459] VJTP
[10:10:11] [452/459] GNDS
[10:10:12] [453/459] PAXA
[10:10:13] [454/459] CGGM
[10:10:14] [455/459] ACKZ
[10:10:14] [456/459] EMCC
[10:10:15] [457/459] KLSK
[10:10:16] [458/459] AVCK
[10:10:17] [459/459] JTCK
[10:10:18] 🧹 Deduping shows
[10:10:18] ✅ DONE | Shows=121 | Movies=2
[16:46:47] 🚀 SCRIPT STARTED
[16:46:47] [1/459] NECA
[16:46:47] 🧠 New identity created
[16:46:48] [2/459] BJLC
[16:46:49] [3/459] BASU
[16:46:50] [4/459] RUPI
[16:46:51] [5/459] LCBK
[16:46:51] [6/459] PMAC
[16:46:52] [7/459] AMLC
[16:46:53] [8/459] LICL
[16:46:54] [9/459] UDMM
[16:46:55] [10/459] STBZ
[16:46:56] [11/459] UUBT
[16:46:57] [12/459] SJKC
[16:46:58] [13/459] TUAL
[16:46:59] [14/459] MRSE
[16:47:00] [15/459] RMRK
[16:47:00] [16/459] TTKP
[16:47:02] [17/459] KTKO
[16:47:02] [18/459] SDBK
[16:47:03] [19/459] MCPR
[16:47:04] [20/459] CHTI
[16:47:05] [21/459] GCCP
[16:47:06] [22/459] SRMY
[16:47:06] [23/459] NYST
[16:47:07] [24/459] NYAG
[16:47:08] [25/459] SBMT
[16:47:09] [26/459] INGA
[16:47:10] [27/459] WSIC
[16:47:11] [28/459] SCSS
[16:47:12] [29/459] COPG
[16:47:13] [30/459] RCGR
[16:47:13] [31/459] TCZA
[16:47:14] [32/459] CNLP
[16:47:15] [33/459] CLKN
[16:47:16] [34/459] LHDF
[16:47:16] [35/459] ELKC
[16:47:17] [36/459] VCEM
[16:47:18] [37/459] SSZA
[16:47:19] [38/459] KRMT
[16:47:20] [39/459] LCMV
[16:47:20] [40/459] AYCZ
[16:47:21] [41/459] CUMS
[16:47:22] [42/459] BOCK
[16:47:23] [43/459] PNMR
[16:47:24] [44/459] PJCP
[16:47:25] [45/459] JDDD
[16:47:26] [46/459] STMS
[16:47:27] [47/459] FLMB
[16:47:27] [48/459] PKCM
[16:47:28] [49/459] SPPR
[16:47:30] [50/459] EYLH
[16:47:30] [51/459] RJCC
[16:47:31] [52/459] MMPS
[16:47:32] [53/459] SHMX
[16:47:33] [54/459] CCNL
[16:47:33] [55/459] RCNV
[16:47:34] [56/459] MAAG
[16:47:35] [57/459] LXCM
[16:47:35] [58/459] RCNI
[16:47:36] [59/459] SNNI
[16:47:37] [60/459] LALC
[16:47:38] [61/459] SOCN
[16:47:39] [62/459] JHTP
[16:47:40] [63/459] PITP
[16:47:41] [64/459] CCKW
[16:47:41] [65/459] MCMC
[16:47:42] [66/459] DEES
[16:47:43] [67/459] SABT
[16:47:44] [68/459] VSPP
[16:47:44] [69/459] ABCT
[16:47:45] [70/459] JVTB
[16:47:46] [71/459] VCBD
[16:47:47] [72/459] RMGG
[16:47:48] [73/459] RNMH
[16:47:49] [74/459] SPGL
[16:47:49] [75/459] JTTR
[16:47:50] [76/459] SICS
[16:47:51] [77/459] SRMI
[16:47:52] [78/459] SSIJ
[16:47:53] [79/459] KFMT
[16:47:53] [80/459] VBIT
[16:47:54] [81/459] JKCT
[16:47:55] [82/459] GCGP
[16:47:56] [83/459] GDCS
[16:47:57] [84/459] TRBA
[16:47:57] [85/459] QUST
[16:47:58] [86/459] VSHM
[16:47:59] [87/459] SDCP
[16:48:01] [88/459] SNVS
[16:48:01] [89/459] NYTO
[16:48:02] [90/459] URWC
[16:48:03] [91/459] GTWH
[16:48:04] [92/459] PFCM
[16:48:05] [93/459] KRTA
[16:48:06] [94/459] AXMC
[16:48:07] [95/459] EVMC
[16:48:07] [96/459] HGSM
[16:48:08] [97/459] ACVM
[16:48:09] [98/459] PSKL
[16:48:10] [99/459] RDMP
[16:48:11] [100/459] RHGH
[16:48:12] [101/459] OMCM
[16:48:12] [102/459] DCCP
[16:48:13] [103/459] MCPB
[16:48:14] [104/459] ALCI
[16:48:15] [105/459] BLMX
[16:48:16] [106/459] BTMV
[16:48:16] [107/459] FVPN
[16:48:17] [108/459] CMAR
[16:48:18] [109/459] CEIM
[16:48:19] [110/459] CMVA
[16:48:20] [111/459] CPIV
[16:48:21] [112/459] CNPE
[16:48:22] [113/459] COLV
[16:48:23] [114/459] DNNV
[16:48:24] [115/459] HCAD
[16:48:25] [116/459] TAKA
[16:48:26] [117/459] INVD
[16:48:26] [118/459] IRMM
[16:48:27] [119/459] INSE
[16:48:28] [120/459] MRSW
[16:48:29] [121/459] MCVD
[16:48:29] [122/459] MCSO
[16:48:31] [123/459] PEVM
[16:48:32] [124/459] PVNL
[16:48:33] [125/459] PTCV
[16:48:33] [126/459] PRTC
[16:48:34] [127/459] RCVA
[16:48:35] [128/459] MTBN
[16:48:36] [129/459] LUCP
[16:48:37] [130/459] FMPT
[16:48:37] [131/459] JLSL
[16:48:38] [132/459] SBHA
[16:48:39] [133/459] SHRC
[16:48:40] [134/459] AVPS
[16:48:41] [135/459] STPM
[16:48:41] [136/459] ATRD
[16:48:42] [137/459] VTED
[16:48:43] [138/459] ACAI
[16:48:44] [139/459] SMAE
[16:48:45] [140/459] VMAT
[16:48:45] [141/459] LKCT
[16:48:46] [142/459] JTVK
[16:48:47] [143/459] PRTY
[16:48:48] [144/459] GETT
[16:48:49] [145/459] ESAP
[16:48:50] [146/459] NCPM
[16:48:51] [147/459] PCPA
[16:48:52] [148/459] MMOM
[16:48:52] [149/459] PHUP
[16:48:53] [150/459] CCPI
[16:48:54] [151/459] CNTD
[16:48:55] [152/459] NLJR
[16:48:56] [153/459] SRNG
[16:48:57] [154/459] MHAL
[16:48:58] [155/459] PNSM
[16:48:59] [156/459] DRMY
[16:49:00] [157/459] CCMU
[16:49:01] [158/459] SCMY
[16:49:02] [159/459] PVSY
[16:49:02] [160/459] SDLM
[16:49:03] [161/459] ICCM
[16:49:04] [162/459] PYSU
[16:49:05] [163/459] GATM
[16:49:07] [164/459] WOTM
[16:49:08] [165/459] RKTS
[16:49:09] [166/459] PMTY
[16:49:10] [167/459] LYMS
[16:49:10] [168/459] TGCA
[16:49:11] [169/459] DSTA
[16:49:12] [170/459] CNGE
[16:49:13] [171/459] VSTG
[16:49:14] [172/459] GTCK
[16:49:14] [173/459] TGNT
[16:49:15] [174/459] ASLC
[16:49:16] [175/459] SSST
[16:49:17] [176/459] KBTT
[16:49:18] [177/459] HKCP
[16:49:19] [178/459] SWLC
[16:49:20] [179/459] RTND
[16:49:21] [180/459] PKKT
[16:49:22] [181/459] HSTK
[16:49:23] [182/459] SPTT
[16:49:24] [183/459] IMPM
[16:49:25] [184/459] SCMV
[16:49:25] [185/459] SPCT
[16:49:26] [186/459] JBCA
[16:49:27] [187/459] ATTR
[16:49:28] [188/459] SPMT
[16:49:29] [189/459] LCTM
[16:49:30] [190/459] SCVL
[16:49:30] [191/459] SCVT
[16:49:31] [192/459] KRIC
[16:49:32] [193/459] CTMG
[16:49:33] [194/459] ACNC
[16:49:33] [195/459] DMCK
[16:49:34] [196/459] KMTV
[16:49:35] [197/459] PFCJ
[16:49:36] [198/459] VNMD
[16:49:36] [199/459] VPCZ
[16:49:37] [200/459] SRYR
[16:49:38] [201/459] SYTR
[16:49:39] [202/459] GATR
[16:49:39] [203/459] URTR
[16:49:40] [204/459] MKSM
[16:49:41] [205/459] VSMH
[16:49:42] [206/459] SKRJ
[16:49:43] [207/459] SSJR
[16:49:44] [208/459] SVSM
[16:49:46] [209/459] RUCM
[16:49:47] [210/459] PRKN
[16:49:47] [211/459] RROH
[16:49:48] [212/459] SCTN
[16:49:49] [213/459] RTDM
[16:49:50] [214/459] ASRM
[16:49:50] [215/459] SKMD
[16:49:51] [216/459] SUTD
[16:49:52] [217/459] SADM
[16:49:53] [218/459] WCNR
[16:49:54] [219/459] CNED
[16:49:55] [220/459] MPDB
[16:49:56] [221/459] KTBH
[16:49:56] [222/459] IDRM
[16:49:57] [223/459] PJJT
[16:49:58] [224/459] PFCV
[16:49:59] [225/459] AACT
[16:49:59] [226/459] AAAD
[16:50:00] [227/459] ANES
[16:50:01] [228/459] MNCA
[16:50:02] [229/459] RMGU
[16:50:03] [230/459] DLCN
[16:50:04] [231/459] LJWT
[16:50:04] [232/459] MCBG
[16:50:05] [233/459] MYBG
[16:50:06] [234/459] GCCA
[16:50:07] [235/459] GCGA
[16:50:07] [236/459] ECGN
[16:50:09] [237/459] PRAB
[16:50:09] [238/459] PNMP
[16:50:10] [239/459] GCPT
[16:50:11] [240/459] ROYN
[16:50:12] [241/459] VATM
[16:50:13] [242/459] KSNT
[16:50:14] [243/459] ACTC
[16:50:14] [244/459] PLTD
[16:50:16] [245/459] SKMK
[16:50:16] [246/459] CMTT
[16:50:18] [247/459] SMXP
[16:50:19] [248/459] SCMX
[16:50:20] [249/459] ACXN
[16:50:21] [250/459] ASWT
[16:50:21] [251/459] VVVL
[16:50:22] [252/459] NAGO
[16:50:23] [253/459] SNCN
[16:50:24] [254/459] MCKP
[16:50:25] [255/459] SAMO
[16:50:26] [256/459] JBTV
[16:50:27] [257/459] DCVV
[16:50:28] [258/459] KMSV
[16:50:29] [259/459] KDCN
[16:50:30] [260/459] CNCP
[16:50:31] [261/459] HAMC
[16:50:31] [262/459] CCVZ
[16:50:32] [263/459] NCCK
[16:50:33] [264/459] MCHR
[16:50:34] [265/459] SCHT
[16:50:34] [266/459] ESSH
[16:50:35] [267/459] CUJC
[16:50:36] [268/459] PECP
[16:50:37] [269/459] PMMI
[16:50:38] [270/459] PCCH
[16:50:39] [271/459] PRPM
[16:50:40] [272/459] PVKL
[16:50:41] [273/459] CBSM
[16:50:41] [274/459] PVCZ
[16:50:43] [275/459] PCVV
[16:50:44] [276/459] CTMJ
[16:50:45] [277/459] RCPS
[16:50:46] [278/459] PCIT
[16:50:47] [279/459] FNCH
[16:50:48] [280/459] INZD
[16:50:48] [281/459] INPC
[16:50:49] [282/459] LCZP
[16:50:50] [283/459] SMCB
[16:50:51] [284/459] PTSB
[16:50:51] [285/459] TPSI
[16:50:52] [286/459] KHMJ
[16:50:53] [287/459] RCCJ
[16:50:54] [288/459] NCJA
[16:50:55] [289/459] NCJN
[16:50:56] [290/459] BTDP
[16:50:56] [291/459] PADY
[16:50:57] [292/459] NYBH
[16:50:58] [293/459] MTBR
[16:50:59] [294/459] KRBC
[16:51:00] [295/459] DKTI
[16:51:01] [296/459] ANAN
[16:51:02] [297/459] INBP
[16:51:03] [298/459] PATB
[16:51:04] [299/459] RGNT
[16:51:04] [300/459] CGPM
[16:51:05] [301/459] INTN
[16:51:06] [302/459] MCMP
[16:51:06] [303/459] ASRG
[16:51:07] [304/459] CXJD
[16:51:08] [305/459] SPCP
[16:51:09] [306/459] CSTP
[16:51:10] [307/459] PKVC
[16:51:11] [308/459] ESCP
[16:51:12] [309/459] CAEP
[16:51:13] [310/459] CCSP
[16:51:14] [311/459] KTPC
[16:51:15] [312/459] DACA
[16:51:16] [313/459] NVKY
[16:51:16] [314/459] PTIN
[16:51:17] [315/459] SCIN
[16:51:18] [316/459] MCTY
[16:51:18] [317/459] PCMX
[16:51:20] [318/459] INIC
[16:51:21] [319/459] MMZM
[16:51:22] [320/459] SSLP
[16:51:23] [321/459] DTDT
[16:51:24] [322/459] FFCX
[16:51:25] [323/459] RCMM
[16:51:26] [324/459] KYID
[16:51:27] [325/459] CSCI
[16:51:28] [326/459] FCMC
[16:51:29] [327/459] MMXI
[16:51:29] [328/459] ASTC
[16:51:30] [329/459] CMRA
[16:51:31] [330/459] DICI
[16:51:32] [331/459] KDIN
[16:51:33] [332/459] PRFI
[16:51:33] [333/459] SVFC
[16:51:34] [334/459] UCPL
[16:51:35] [335/459] COOC
[16:51:36] [336/459] SCAL
[16:51:37] [337/459] SVFF
[16:51:38] [338/459] VCMG
[16:51:39] [339/459] UUCT
[16:51:39] [340/459] GCSE
[16:51:40] [341/459] SUSC
[16:51:41] [342/459] MISC
[16:51:42] [343/459] RMBL
[16:51:43] [344/459] CMXN
[16:51:44] [345/459] PVBK
[16:51:45] [346/459] HHCG
[16:51:46] [347/459] SCAG
[16:51:47] [348/459] CNPR
[16:51:49] [349/459] CSER
[16:51:49] [350/459] HLWD
[16:51:51] [351/459] BOLY
[16:51:52] [352/459] SSPG
[16:51:53] [353/459] MUPX
[16:51:54] [354/459] HAMR
[16:51:54] [355/459] SDNC
[16:51:56] [356/459] RTEN
[16:51:56] [357/459] SDTD
[16:51:57] [358/459] KAWS
[16:51:58] [359/459] CMZX
[16:51:59] [360/459] DCDD
[16:51:59] [361/459] ALSN
[16:52:00] [362/459] IMXS
[16:52:01] [363/459] PVFF
[16:52:02] [364/459] PVOO
[16:52:03] [365/459] CFBS
[16:52:03] [366/459] PVER
[16:52:04] [367/459] PPNX
[16:52:05] [368/459] CNRM
[16:52:06] [369/459] PVWW
[16:52:07] [370/459] INMB
[16:52:08] [371/459] CPJR
[16:52:09] [372/459] INRZ
[16:52:10] [373/459] PMSR
[16:52:10] [374/459] GPGM
[16:52:11] [375/459] PGWB
[16:52:12] [376/459] PMBR
[16:52:13] [377/459] GPAM
[16:52:14] [378/459] INBC
[16:52:15] [379/459] PZVK
[16:52:16] [380/459] CPEB
[16:52:17] [381/459] FMLB
[16:52:17] [382/459] INBG
[16:52:18] [383/459] GPBR
[16:52:19] [384/459] PAAS
[16:52:20] [385/459] VTBR
[16:52:21] [386/459] GPMY
[16:52:22] [387/459] GYBU
[16:52:23] [388/459] INBJ
[16:52:25] [389/459] LKTH
[16:52:25] [390/459] NSBR
[16:52:26] [391/459] PDRD
[16:52:27] [392/459] VRBL
[16:52:28] [393/459] VTGB
[16:52:29] [394/459] VTSK
[16:52:30] [395/459] BKDV
[16:52:30] [396/459] SVTB
[16:52:31] [397/459] MLDT
[16:52:32] [398/459] NRBL
[16:52:34] [399/459] SLTR
[16:52:35] [400/459] VNKA
[16:52:36] [401/459] TDCA
[16:52:36] [402/459] INBM
[16:52:37] [403/459] SSNR
[16:52:38] [404/459] BHAC
[16:52:39] [405/459] SDSD
[16:52:39] [406/459] SAMP
[16:52:40] [407/459] RATK
[16:52:41] [408/459] KCBI
[16:52:42] [409/459] URBL
[16:52:42] [410/459] MKBG
[16:52:43] [411/459] ASTB
[16:52:44] [412/459] VBWT
[16:52:45] [413/459] GPSM
[16:52:46] [414/459] ROON
[16:52:47] [415/459] CHTH
[16:52:48] [416/459] SSPA
[16:52:49] [417/459] ANBL
[16:52:50] [418/459] VTBE
[16:52:50] [419/459] SVKT
[16:52:51] [420/459] SVYK
[16:52:52] [421/459] PTBK
[16:52:53] [422/459] RKTB
[16:52:54] [423/459] BALT
[16:52:54] [424/459] STSV
[16:52:55] [425/459] VCCB
[16:52:56] [426/459] SLTB
[16:52:57] [427/459] SBCR
[16:52:58] [428/459] VDCS
[16:52:59] [429/459] MDKI
[16:53:00] [430/459] SMRN
[16:53:01] [431/459] PTBC
[16:53:01] [432/459] RADI
[16:53:02] [433/459] ADCR
[16:53:03] [434/459] SDCS
[16:53:04] [435/459] SRPJ
[16:53:05] [436/459] ARTS
[16:53:06] [437/459] SRHK
[16:53:07] [438/459] SPAY
[16:53:08] [439/459] GPTB
[16:53:08] [440/459] SNNN
[16:53:09] [441/459] BALJ
[16:53:10] [442/459] TRIG
[16:53:11] [443/459] GTYT
[16:53:12] [444/459] ATGN
[16:53:12] [445/459] ANTE
[16:53:13] [446/459] BDCG
[16:53:14] [447/459] VECI
[16:53:15] [448/459] SCPR
[16:53:17] [449/459] RTEA
[16:53:18] [450/459] JSAI
[16:53:18] [451/459] VJTP
[16:53:19] [452/459] GNDS
[16:53:20] [453/459] PAXA
[16:53:21] [454/459] CGGM
[16:53:21] [455/459] ACKZ
[16:53:22] [456/459] EMCC
[16:53:23] [457/459] KLSK
[16:53:24] [458/459] AVCK
[16:53:24] [459/459] JTCK
[16:53:26] 🧹 Deduping shows
[16:53:26] ✅ DONE | Shows=157 | Movies=6
