[10:03:29] 🚀 SCRIPT STARTED
[10:03:29] [1/459] MBDC
[10:03:29] 🧠 New identity created
[10:03:30] [2/459] CHKM
[10:03:31] [3/459] JTKZ
[10:03:32] [4/459] CMCT
[10:03:32] [5/459] ASHO
[10:03:34] [6/459] ECDG
[10:03:35] [7/459] SPAT
[10:03:36] [8/459] HILC
[10:03:37] [9/459] SPPH
[10:03:37] [10/459] SBHN
[10:03:38] [11/459] RRCA
[10:03:39] [12/459] APAA
[10:03:40] [13/459] RAME
[10:03:41] [14/459] TMMS
[10:03:42] [15/459] BATK
[10:03:43] [16/459] LKOP
[10:03:44] [17/459] AMTT
[10:03:45] [18/459] PTGK
[10:03:46] [19/459] ANRS
[10:03:47] [20/459] VWBW
[10:03:48] [21/459] SVFG
[10:03:48] [22/459] STAT
[10:03:49] [23/459] GDCV
[10:03:50] [24/459] VEBI
[10:03:51] [25/459] VDSS
[10:03:52] [26/459] NTHV
[10:03:53] [27/459] AOCH
[10:03:54] [28/459] KASR
[10:03:55] [29/459] AYCS
[10:03:55] [30/459] SHAI
[10:03:56] [31/459] SKPE
[10:03:57] [32/459] SBTA
[10:03:59] [33/459] RTTD
[10:04:00] [34/459] CCJD
[10:04:01] [35/459] RSJJ
[10:04:02] [36/459] RKND
[10:04:02] [37/459] SVTX
[10:04:03] [38/459] BAKM
[10:04:04] [39/459] SVDC
[10:04:05] [40/459] MNCV
[10:04:06] [41/459] SJGC
[10:04:07] [42/459] MTPK
[10:04:08] [43/459] GATP
[10:04:09] [44/459] ABTS
[10:04:10] [45/459] ABDE
[10:04:10] [46/459] RCNM
[10:04:11] [47/459] KTHV
[10:04:12] [48/459] MDGJ
[10:04:13] [49/459] SMLM
[10:04:14] [50/459] JTMA
[10:04:15] [51/459] ACKP
[10:04:17] [52/459] SRTA
[10:04:17] [53/459] STAY
[10:04:18] [54/459] MAVO
[10:04:20] [55/459] APTS
[10:04:21] [56/459] OMEA
[10:04:21] [57/459] TTFD
[10:04:22] [58/459] MJCU
[10:04:23] [59/459] CXTE
[10:04:24] [60/459] CTPX
[10:04:25] [61/459] ASSL
[10:04:25] [62/459] CMVB
[10:04:26] [63/459] VPUR
[10:04:28] [64/459] JJDA
[10:04:28] [65/459] INBL
[10:04:29] [66/459] BIKB
[10:04:30] [67/459] NTBB
[10:04:31] [68/459] GLOB
[10:04:32] [69/459] SNTB
[10:04:34] [70/459] CHGV
[10:04:35] [71/459] SSBZ
[10:04:36] [72/459] PRDB
[10:04:36] [73/459] ISMT
[10:04:37] [74/459] MCSD
[10:04:38] [75/459] JBTT
[10:04:40] [76/459] GEKR
[10:04:41] [77/459] PVUN
[10:04:42] [78/459] NRTB
[10:04:42] [79/459] PRAA
[10:04:43] [80/459] PCBL
[10:04:44] [81/459] PTCM
[10:04:45] [82/459] KHNN
[10:04:46] [83/459] OMJE
[10:04:47] [84/459] STGN
[10:04:47] [85/459] RPMS
[10:04:48] [86/459] NWAD
[10:04:49] [87/459] BLCK
[10:04:50] [88/459] SVAA
[10:04:52] [89/459] URVM
[10:04:53] [90/459] ANTM
[10:04:54] [91/459] VJYM
[10:04:55] [92/459] MAZZ
[10:04:55] [93/459] CSHM
[10:04:56] [94/459] WGMH
[10:04:58] [95/459] SALN
[10:04:59] [96/459] BRTP
[10:04:59] [97/459] SVTA
[10:05:00] [98/459] SBTP
[10:05:01] [99/459] VLSS
[10:05:02] [100/459] SRJA
[10:05:03] [101/459] ANCG
[10:05:04] [102/459] CGGC
[10:05:05] [103/459] CRJA
[10:05:05] [104/459] USCR
[10:05:06] [105/459] MMEF
[10:05:07] [106/459] JCRJ
[10:05:08] [107/459] ADCM
[10:05:09] [108/459] BMYK
[10:05:09] [109/459] KICS
[10:05:10] [110/459] MBBT
[10:05:11] [111/459] MACK
[10:05:12] [112/459] CLDR
[10:05:13] [113/459] JYCR
[10:05:14] [114/459] DCRP
[10:05:15] [115/459] RAHT
[10:05:16] [116/459] CSSM
[10:05:18] [117/459] ATPK
[10:05:18] [118/459] KLRT
[10:05:19] [119/459] SRDD
[10:05:20] [120/459] CKMC
[10:05:21] [121/459] KRVM
[10:05:22] [122/459] AKCP
[10:05:22] [123/459] CNCV
[10:05:23] [124/459] PACT
[10:05:24] [125/459] NATP
[10:05:25] [126/459] PCPK
[10:05:25] [127/459] SMHO
[10:05:26] [128/459] CWTK
[10:05:27] [129/459] RVKZ
[10:05:28] [130/459] ASPD
[10:05:29] [131/459] VTKZ
[10:05:30] [132/459] LCSO
[10:05:30] [133/459] PRDY
[10:05:31] [134/459] RCAP
[10:05:32] [135/459] RGAR
[10:05:32] [136/459] RCAC
[10:05:33] [137/459] PMOD
[10:05:34] [138/459] PVCN
[10:05:35] [139/459] SCRZ
[10:05:36] [140/459] PVPC
[10:05:37] [141/459] STID
[10:05:37] [142/459] NEDD
[10:05:38] [143/459] BNBA
[10:05:39] [144/459] NTCD
[10:05:40] [145/459] OCDE
[10:05:41] [146/459] CCDU
[10:05:42] [147/459] CRXH
[10:05:43] [148/459] VLVT
[10:05:43] [149/459] CICI
[10:05:44] [150/459] SUCB
[10:05:46] [151/459] TCBP
[10:05:47] [152/459] SCCY
[10:05:48] [153/459] LXCY
[10:05:48] [154/459] NCMD
[10:05:49] [155/459] PHCS
[10:05:50] [156/459] DUXR
[10:05:51] [157/459] VNKS
[10:05:51] [158/459] SEDP
[10:05:53] [159/459] SVEN
[10:05:54] [160/459] SRKM
[10:05:55] [161/459] JTLT
[10:05:56] [162/459] SVSS
[10:05:56] [163/459] AMDE
[10:05:57] [164/459] WVRN
[10:05:58] [165/459] ISMG
[10:05:59] [166/459] WVKS
[10:06:01] [167/459] USCG
[10:06:02] [168/459] IOTG
[10:06:03] [169/459] RRJM
[10:06:04] [170/459] EDMP
[10:06:04] [171/459] SCGZ
[10:06:05] [172/459] GMGX
[10:06:06] [173/459] OMTP
[10:06:08] [174/459] MITD
[10:06:09] [175/459] SMMD
[10:06:10] [176/459] STML
[10:06:11] [177/459] MCFS
[10:06:12] [178/459] FPKA
[10:06:13] [179/459] OMLR
[10:06:14] [180/459] KKSC
[10:06:14] [181/459] RVMA
[10:06:16] [182/459] SCLL
[10:06:17] [183/459] SCDK
[10:06:17] [184/459] SXMI
[10:06:18] [185/459] SHDN
[10:06:19] [186/459] PAAD
[10:06:20] [187/459] UUCB
[10:06:22] [188/459] JHOL
[10:06:23] [189/459] SGWT
[10:06:23] [190/459] SRII
[10:06:24] [191/459] SGCK
[10:06:25] [192/459] SVVB
[10:06:26] [193/459] DMHA
[10:06:27] [194/459] PPNL
[10:06:28] [195/459] CPNL
[10:06:29] [196/459] WVLD
[10:06:30] [197/459] PSLV
[10:06:31] [198/459] VTTL
[10:06:31] [199/459] NPAD
[10:06:32] [200/459] PVCS
[10:06:33] [201/459] MCHL
[10:06:34] [202/459] PPLL
[10:06:35] [203/459] MALO
[10:06:36] [204/459] SWBH
[10:06:36] [205/459] PUGB
[10:06:37] [206/459] INBB
[10:06:38] [207/459] INNS
[10:06:39] [208/459] MCPT
[10:06:40] [209/459] SCMI
[10:06:42] [210/459] OCON
[10:06:43] [211/459] SCSM
[10:06:43] [212/459] RJVN
[10:06:44] [213/459] AMDK
[10:06:45] [214/459] ISMR
[10:06:46] [215/459] SMTD
[10:06:47] [216/459] VTDD
[10:06:48] [217/459] PDDZ
[10:06:48] [218/459] PCCK
[10:06:49] [219/459] INAM
[10:06:50] [220/459] FNKT
[10:06:51] [221/459] GDKA
[10:06:52] [222/459] MAYU
[10:06:53] [223/459] TCGU
[10:06:54] [224/459] KDCA
[10:06:55] [225/459] DOMY
[10:06:56] [226/459] PDDD
[10:06:57] [227/459] BJTS
[10:06:58] [228/459] VTCA
[10:06:59] [229/459] SBTM
[10:06:59] [230/459] SEET
[10:07:00] [231/459] SSTJ
[10:07:01] [232/459] SVNT
[10:07:02] [233/459] PPPR
[10:07:03] [234/459] PVYS
[10:07:04] [235/459] IOSE
[10:07:05] [236/459] ACTV
[10:07:05] [237/459] APVE
[10:07:06] [238/459] TCCL
[10:07:07] [239/459] SCMO
[10:07:09] [240/459] SAUM
[10:07:10] [241/459] KCJS
[10:07:10] [242/459] NJCJ
[10:07:11] [243/459] NECF
[10:07:12] [244/459] CCGW
[10:07:13] [245/459] CCMG
[10:07:13] [246/459] NYRG
[10:07:14] [247/459] NCSQ
[10:07:15] [248/459] GRCG
[10:07:16] [249/459] CCBT
[10:07:17] [250/459] ACGA
[10:07:18] [251/459] INAG
[10:07:19] [252/459] FUCG
[10:07:20] [253/459] AICF
[10:07:21] [254/459] GRGA
[10:07:22] [255/459] GDCN
[10:07:23] [256/459] RRCG
[10:07:23] [257/459] SDCH
[10:07:24] [258/459] WVJM
[10:07:25] [259/459] JCCZ
[10:07:26] [260/459] CNCL
[10:07:27] [261/459] TMLV
[10:07:28] [262/459] MEMB
[10:07:29] [263/459] SGTD
[10:07:30] [264/459] CONX
[10:07:30] [265/459] CCMH
[10:07:31] [266/459] ACMC
[10:07:32] [267/459] DTPD
[10:07:33] [268/459] POJA
[10:07:34] [269/459] FNBH
[10:07:34] [270/459] CGCB
[10:07:35] [271/459] RACN
[10:07:36] [272/459] JTSM
[10:07:38] [273/459] SCDN
[10:07:38] [274/459] AACK
[10:07:39] [275/459] RMCE
[10:07:40] [276/459] BSGB
[10:07:41] [277/459] MRCB
[10:07:42] [278/459] SRVR
[10:07:43] [279/459] VTKK
[10:07:43] [280/459] AMST
[10:07:44] [281/459] APCY
[10:07:45] [282/459] LMHO
[10:07:47] [283/459] MTZH
[10:07:47] [284/459] AMZB
[10:07:48] [285/459] SUVT
[10:07:49] [286/459] RCIP
[10:07:50] [287/459] KESR
[10:07:51] [288/459] SNKC
[10:07:52] [289/459] SCED
[10:07:53] [290/459] DVCA
[10:07:53] [291/459] VCDT
[10:07:54] [292/459] RRDI
[10:07:55] [293/459] DFCH
[10:07:56] [294/459] INSC
[10:07:57] [295/459] RGTR
[10:07:57] [296/459] FMOT
[10:07:58] [297/459] SCPM
[10:07:59] [298/459] GCDT
[10:08:00] [299/459] BRKT
[10:08:01] [300/459] DEMP
[10:08:01] [301/459] SRLC
[10:08:02] [302/459] KSTT
[10:08:03] [303/459] SMMT
[10:08:04] [304/459] SILM
[10:08:05] [305/459] JCVM
[10:08:06] [306/459] KCSV
[10:08:08] [307/459] MHLK
[10:08:09] [308/459] SLVL
[10:08:10] [309/459] RJKP
[10:08:11] [310/459] BBPC
[10:08:12] [311/459] MXCB
[10:08:13] [312/459] TCPK
[10:08:14] [313/459] RTBR
[10:08:15] [314/459] GAUT
[10:08:16] [315/459] DVCF
[10:08:17] [316/459] JTSB
[10:08:18] [317/459] SBLS
[10:08:19] [318/459] UDAY
[10:08:19] [319/459] PTNP
[10:08:20] [320/459] DMKT
[10:08:21] [321/459] NTDT
[10:08:22] [322/459] SHDJ
[10:08:23] [323/459] OTNC
[10:08:24] [324/459] RNTW
[10:08:24] [325/459] GCMI
[10:08:25] [326/459] CRCM
[10:08:26] [327/459] NNCZ
[10:08:27] [328/459] OEMO
[10:08:28] [329/459] PVJM
[10:08:29] [330/459] CPJI
[10:08:30] [331/459] RMCJ
[10:08:31] [332/459] CNWJ
[10:08:32] [333/459] EPJM
[10:08:33] [334/459] FNJJ
[10:08:34] [335/459] GCMJ
[10:08:35] [336/459] INPS
[10:08:35] [337/459] BICJ
[10:08:36] [338/459] ISTJ
[10:08:37] [339/459] INJC
[10:08:39] [340/459] GLXJ
[10:08:40] [341/459] INEM
[10:08:41] [342/459] JTMN
[10:08:41] [343/459] FRCJ
[10:08:42] [344/459] DDJP
[10:08:44] [345/459] INJV
[10:08:45] [346/459] GOLC
[10:08:45] [347/459] KOCI
[10:08:46] [348/459] FSTD
[10:08:47] [349/459] PACJ
[10:08:48] [350/459] GMCN
[10:08:49] [351/459] MMDJ
[10:08:50] [352/459] GODH
[10:08:50] [353/459] SKYN
[10:08:51] [354/459] NCTH
[10:08:52] [355/459] SKVZ
[10:08:53] [356/459] SVML
[10:08:53] [357/459] ACVZ
[10:08:54] [358/459] SURA
[10:08:55] [359/459] RTRB
[10:08:56] [360/459] LLCT
[10:08:57] [361/459] ATTS
[10:08:58] [362/459] JYCM
[10:08:59] [363/459] CTKR
[10:09:00] [364/459] LCKR
[10:09:00] [365/459] NYCV
[10:09:01] [366/459] NYOH
[10:09:02] [367/459] NOVX
[10:09:03] [368/459] MRGK
[10:09:04] [369/459] MOON
[10:09:06] [370/459] SBUC
[10:09:07] [371/459] GSVA
[10:09:08] [372/459] VIAK
[10:09:10] [373/459] SMVZ
[10:09:10] [374/459] MATE
[10:09:11] [375/459] RDCN
[10:09:12] [376/459] ASBL
[10:09:13] [377/459] ASVS
[10:09:14] [378/459] ASSR
[10:09:14] [379/459] SSKN
[10:09:15] [380/459] DRPV
[10:09:16] [381/459] MRHT
[10:09:17] [382/459] BSCN
[10:09:18] [383/459] RKNX
[10:09:19] [384/459] MSMC
[10:09:20] [385/459] MSCJ
[10:09:20] [386/459] BTBJ
[10:09:21] [387/459] MJCC
[10:09:22] [388/459] IOMM
[10:09:24] [389/459] ADGR
[10:09:24] [390/459] MYCP
[10:09:25] [391/459] IGCM
[10:09:26] [392/459] PGRK
[10:09:27] [393/459] VPGO
[10:09:28] [394/459] KOMS
[10:09:28] [395/459] URGG
[10:09:29] [396/459] GOST
[10:09:30] [397/459] LACT
[10:09:31] [398/459] BWCM
[10:09:32] [399/459] NCCW
[10:09:33] [400/459] SKYC
[10:09:34] [401/459] CCPM
[10:09:35] [402/459] VCBT
[10:09:36] [403/459] SDKR
[10:09:38] [404/459] CTYB
[10:09:38] [405/459] SHCX
[10:09:39] [406/459] RCUN
[10:09:40] [407/459] CNRA
[10:09:41] [408/459] RFCA
[10:09:42] [409/459] RDCU
[10:09:43] [410/459] SARK
[10:09:44] [411/459] SPPP
[10:09:44] [412/459] ADMB
[10:09:45] [413/459] JYOE
[10:09:46] [414/459] SRMD
[10:09:47] [415/459] RJDH
[10:09:48] [416/459] SSTD
[10:09:49] [417/459] AACV
[10:09:50] [418/459] PPVD
[10:09:51] [419/459] STCP
[10:09:52] [420/459] ANJR
[10:09:53] [421/459] ANLS
[10:09:54] [422/459] BIJO
[10:09:55] [423/459] AVAB
[10:09:55] [424/459] SPMD
[10:09:56] [425/459] SVJL
[10:09:57] [426/459] SDDJ
[10:09:58] [427/459] SLTU
[10:09:59] [428/459] SAKA
[10:10:01] [429/459] PMAM
[10:10:02] [430/459] FNAM
[10:10:03] [431/459] ACAM
[10:10:04] [432/459] SCMM
[10:10:05] [433/459] PMAK
[10:10:05] [434/459] NYSA
[10:10:06] [435/459] FCPA
[10:10:07] [436/459] GDAN
[10:10:08] [437/459] RSCA
[10:10:09] [438/459] DMAN
[10:10:10] [439/459] DZCM
[10:10:11] [440/459] NSGL
[10:10:12] [441/459] CCPP
[10:10:12] [442/459] PSMG
[10:10:13] [443/459] GSER
[10:10:14] [444/459] FCCT
[10:10:15] [445/459] FCTB
[10:10:16] [446/459] LCNK
[10:10:16] [447/459] SKTY
[10:10:17] [448/459] INAA
[10:10:18] [449/459] RCWN
[10:10:19] [450/459] VAIS
[10:10:20] [451/459] CVMN
[10:10:20] [452/459] INTS
[10:10:21] [453/459] FRGS
[10:10:22] [454/459] DTCK
[10:10:23] [455/459] MCMH
[10:10:24] [456/459] ECRR
[10:10:25] [457/459] RLLP
[10:10:27] [458/459] CCSN
[10:10:28] [459/459] CCBA
[10:10:29] 🧹 Deduping shows
[10:10:29] ✅ DONE | Shows=122 | Movies=10
[16:43:46] 🚀 SCRIPT STARTED
[16:43:46] [1/459] MBDC
[16:43:46] 🧠 New identity created
[16:43:47] [2/459] CHKM
[16:43:47] [3/459] JTKZ
[16:43:48] [4/459] CMCT
[16:43:49] [5/459] ASHO
[16:43:50] [6/459] ECDG
[16:43:51] [7/459] SPAT
[16:43:52] [8/459] HILC
[16:43:52] [9/459] SPPH
[16:43:53] [10/459] SBHN
[16:43:54] [11/459] RRCA
[16:43:55] [12/459] APAA
[16:43:56] [13/459] RAME
[16:43:57] [14/459] TMMS
[16:43:58] [15/459] BATK
[16:43:58] [16/459] LKOP
[16:43:59] [17/459] AMTT
[16:44:00] [18/459] PTGK
[16:44:01] [19/459] ANRS
[16:44:02] [20/459] VWBW
[16:44:03] [21/459] SVFG
[16:44:03] [22/459] STAT
[16:44:04] [23/459] GDCV
[16:44:05] [24/459] VEBI
[16:44:06] [25/459] VDSS
[16:44:07] [26/459] NTHV
[16:44:08] [27/459] AOCH
[16:44:09] [28/459] KASR
[16:44:10] [29/459] AYCS
[16:44:11] [30/459] SHAI
[16:44:11] [31/459] SKPE
[16:44:12] [32/459] SBTA
[16:44:13] [33/459] RTTD
[16:44:14] [34/459] CCJD
[16:44:14] [35/459] RSJJ
[16:44:15] [36/459] RKND
[16:44:16] [37/459] SVTX
[16:44:17] [38/459] BAKM
[16:44:18] [39/459] SVDC
[16:44:18] [40/459] MNCV
[16:44:19] [41/459] SJGC
[16:44:20] [42/459] MTPK
[16:44:21] [43/459] GATP
[16:44:23] [44/459] ABTS
[16:44:24] [45/459] ABDE
[16:44:25] [46/459] RCNM
[16:44:26] [47/459] KTHV
[16:44:27] [48/459] MDGJ
[16:44:28] [49/459] SMLM
[16:44:29] [50/459] JTMA
[16:44:30] [51/459] ACKP
[16:44:31] [52/459] SRTA
[16:44:32] [53/459] STAY
[16:44:33] [54/459] MAVO
[16:44:33] [55/459] APTS
[16:44:34] [56/459] OMEA
[16:44:35] [57/459] TTFD
[16:44:36] [58/459] MJCU
[16:44:37] [59/459] CXTE
[16:44:37] [60/459] CTPX
[16:44:38] [61/459] ASSL
[16:44:39] [62/459] CMVB
[16:44:40] [63/459] VPUR
[16:44:41] [64/459] JJDA
[16:44:41] [65/459] INBL
[16:44:42] [66/459] BIKB
[16:44:43] [67/459] NTBB
[16:44:44] [68/459] GLOB
[16:44:44] [69/459] SNTB
[16:44:45] [70/459] CHGV
[16:44:46] [71/459] SSBZ
[16:44:47] [72/459] PRDB
[16:44:47] [73/459] ISMT
[16:44:48] [74/459] MCSD
[16:44:49] [75/459] JBTT
[16:44:50] [76/459] GEKR
[16:44:51] [77/459] PVUN
[16:44:52] [78/459] NRTB
[16:44:53] [79/459] PRAA
[16:44:54] [80/459] PCBL
[16:44:55] [81/459] PTCM
[16:44:56] [82/459] KHNN
[16:44:57] [83/459] OMJE
[16:44:58] [84/459] STGN
[16:44:59] [85/459] RPMS
[16:45:00] [86/459] NWAD
[16:45:01] [87/459] BLCK
[16:45:02] [88/459] SVAA
[16:45:03] [89/459] URVM
[16:45:03] [90/459] ANTM
[16:45:04] [91/459] VJYM
[16:45:05] [92/459] MAZZ
[16:45:06] [93/459] CSHM
[16:45:07] [94/459] WGMH
[16:45:08] [95/459] SALN
[16:45:09] [96/459] BRTP
[16:45:09] [97/459] SVTA
[16:45:10] [98/459] SBTP
[16:45:11] [99/459] VLSS
[16:45:12] [100/459] SRJA
[16:45:13] [101/459] ANCG
[16:45:13] [102/459] CGGC
[16:45:14] [103/459] CRJA
[16:45:15] [104/459] USCR
[16:45:16] [105/459] MMEF
[16:45:17] [106/459] JCRJ
[16:45:18] [107/459] ADCM
[16:45:19] [108/459] BMYK
[16:45:21] [109/459] KICS
[16:45:21] [110/459] MBBT
[16:45:22] [111/459] MACK
[16:45:23] [112/459] CLDR
[16:45:24] [113/459] JYCR
[16:45:25] [114/459] DCRP
[16:45:26] [115/459] RAHT
[16:45:27] [116/459] CSSM
[16:45:28] [117/459] ATPK
[16:45:29] [118/459] KLRT
[16:45:30] [119/459] SRDD
[16:45:31] [120/459] CKMC
[16:45:32] [121/459] KRVM
[16:45:33] [122/459] AKCP
[16:45:33] [123/459] CNCV
[16:45:34] [124/459] PACT
[16:45:35] [125/459] NATP
[16:45:36] [126/459] PCPK
[16:45:37] [127/459] SMHO
[16:45:38] [128/459] CWTK
[16:45:38] [129/459] RVKZ
[16:45:39] [130/459] ASPD
[16:45:40] [131/459] VTKZ
[16:45:41] [132/459] LCSO
[16:45:42] [133/459] PRDY
[16:45:42] [134/459] RCAP
[16:45:44] [135/459] RGAR
[16:45:45] [136/459] RCAC
[16:45:45] [137/459] PMOD
[16:45:46] [138/459] PVCN
[16:45:47] [139/459] SCRZ
[16:45:48] [140/459] PVPC
[16:45:49] [141/459] STID
[16:45:50] [142/459] NEDD
[16:45:51] [143/459] BNBA
[16:45:52] [144/459] NTCD
[16:45:53] [145/459] OCDE
[16:45:53] [146/459] CCDU
[16:45:55] [147/459] CRXH
[16:45:56] [148/459] VLVT
[16:45:57] [149/459] CICI
[16:45:58] [150/459] SUCB
[16:45:58] [151/459] TCBP
[16:46:00] [152/459] SCCY
[16:46:01] [153/459] LXCY
[16:46:02] [154/459] NCMD
[16:46:03] [155/459] PHCS
[16:46:03] [156/459] DUXR
[16:46:04] [157/459] VNKS
[16:46:05] [158/459] SEDP
[16:46:06] [159/459] SVEN
[16:46:08] [160/459] SRKM
[16:46:09] [161/459] JTLT
[16:46:10] [162/459] SVSS
[16:46:11] [163/459] AMDE
[16:46:12] [164/459] WVRN
[16:46:12] [165/459] ISMG
[16:46:13] [166/459] WVKS
[16:46:14] [167/459] USCG
[16:46:15] [168/459] IOTG
[16:46:16] [169/459] RRJM
[16:46:17] [170/459] EDMP
[16:46:17] [171/459] SCGZ
[16:46:18] [172/459] GMGX
[16:46:19] [173/459] OMTP
[16:46:20] [174/459] MITD
[16:46:21] [175/459] SMMD
[16:46:22] [176/459] STML
[16:46:23] [177/459] MCFS
[16:46:24] [178/459] FPKA
[16:46:25] [179/459] OMLR
[16:46:26] [180/459] KKSC
[16:46:27] [181/459] RVMA
[16:46:27] [182/459] SCLL
[16:46:28] [183/459] SCDK
[16:46:29] [184/459] SXMI
[16:46:30] [185/459] SHDN
[16:46:31] [186/459] PAAD
[16:46:32] [187/459] UUCB
[16:46:33] [188/459] JHOL
[16:46:34] [189/459] SGWT
[16:46:35] [190/459] SRII
[16:46:36] [191/459] SGCK
[16:46:37] [192/459] SVVB
[16:46:37] [193/459] DMHA
[16:46:38] [194/459] PPNL
[16:46:39] [195/459] CPNL
[16:46:40] [196/459] WVLD
[16:46:41] [197/459] PSLV
[16:46:42] [198/459] VTTL
[16:46:43] [199/459] NPAD
[16:46:44] [200/459] PVCS
[16:46:45] [201/459] MCHL
[16:46:46] [202/459] PPLL
[16:46:47] [203/459] MALO
[16:46:48] [204/459] SWBH
[16:46:48] [205/459] PUGB
[16:46:49] [206/459] INBB
[16:46:50] [207/459] INNS
[16:46:51] [208/459] MCPT
[16:46:51] [209/459] SCMI
[16:46:53] [210/459] OCON
[16:46:54] [211/459] SCSM
[16:46:55] [212/459] RJVN
[16:46:55] [213/459] AMDK
[16:46:56] [214/459] ISMR
[16:46:57] [215/459] SMTD
[16:46:58] [216/459] VTDD
[16:46:58] [217/459] PDDZ
[16:46:59] [218/459] PCCK
[16:47:00] [219/459] INAM
[16:47:01] [220/459] FNKT
[16:47:02] [221/459] GDKA
[16:47:03] [222/459] MAYU
[16:47:04] [223/459] TCGU
[16:47:05] [224/459] KDCA
[16:47:05] [225/459] DOMY
[16:47:06] [226/459] PDDD
[16:47:07] [227/459] BJTS
[16:47:08] [228/459] VTCA
[16:47:09] [229/459] SBTM
[16:47:09] [230/459] SEET
[16:47:10] [231/459] SSTJ
[16:47:11] [232/459] SVNT
[16:47:12] [233/459] PPPR
[16:47:14] [234/459] PVYS
[16:47:15] [235/459] IOSE
[16:47:15] [236/459] ACTV
[16:47:16] [237/459] APVE
[16:47:17] [238/459] TCCL
[16:47:18] [239/459] SCMO
[16:47:20] [240/459] SAUM
[16:47:20] [241/459] KCJS
[16:47:21] [242/459] NJCJ
[16:47:22] [243/459] NECF
[16:47:23] [244/459] CCGW
[16:47:23] [245/459] CCMG
[16:47:24] [246/459] NYRG
[16:47:25] [247/459] NCSQ
[16:47:26] [248/459] GRCG
[16:47:27] [249/459] CCBT
[16:47:28] [250/459] ACGA
[16:47:29] [251/459] INAG
[16:47:30] [252/459] FUCG
[16:47:31] [253/459] AICF
[16:47:32] [254/459] GRGA
[16:47:33] [255/459] GDCN
[16:47:33] [256/459] RRCG
[16:47:34] [257/459] SDCH
[16:47:35] [258/459] WVJM
[16:47:36] [259/459] JCCZ
[16:47:37] [260/459] CNCL
[16:47:38] [261/459] TMLV
[16:47:39] [262/459] MEMB
[16:47:40] [263/459] SGTD
[16:47:41] [264/459] CONX
[16:47:41] [265/459] CCMH
[16:47:42] [266/459] ACMC
[16:47:43] [267/459] DTPD
[16:47:44] [268/459] POJA
[16:47:45] [269/459] FNBH
[16:47:46] [270/459] CGCB
[16:47:46] [271/459] RACN
[16:47:47] [272/459] JTSM
[16:47:48] [273/459] SCDN
[16:47:49] [274/459] AACK
[16:47:50] [275/459] RMCE
[16:47:50] [276/459] BSGB
[16:47:51] [277/459] MRCB
[16:47:52] [278/459] SRVR
[16:47:53] [279/459] VTKK
[16:47:54] [280/459] AMST
[16:47:56] [281/459] APCY
[16:47:56] [282/459] LMHO
[16:47:57] [283/459] MTZH
[16:47:58] [284/459] AMZB
[16:47:59] [285/459] SUVT
[16:48:00] [286/459] RCIP
[16:48:01] [287/459] KESR
[16:48:01] [288/459] SNKC
[16:48:02] [289/459] SCED
[16:48:03] [290/459] DVCA
[16:48:05] [291/459] VCDT
[16:48:06] [292/459] RRDI
[16:48:06] [293/459] DFCH
[16:48:07] [294/459] INSC
[16:48:08] [295/459] RGTR
[16:48:09] [296/459] FMOT
[16:48:10] [297/459] SCPM
[16:48:11] [298/459] GCDT
[16:48:12] [299/459] BRKT
[16:48:12] [300/459] DEMP
[16:48:13] [301/459] SRLC
[16:48:14] [302/459] KSTT
[16:48:15] [303/459] SMMT
[16:48:16] [304/459] SILM
[16:48:16] [305/459] JCVM
[16:48:17] [306/459] KCSV
[16:48:18] [307/459] MHLK
[16:48:20] [308/459] SLVL
[16:48:21] [309/459] RJKP
[16:48:21] [310/459] BBPC
[16:48:22] [311/459] MXCB
[16:48:23] [312/459] TCPK
[16:48:24] [313/459] RTBR
[16:48:24] [314/459] GAUT
[16:48:25] [315/459] DVCF
[16:48:26] [316/459] JTSB
[16:48:27] [317/459] SBLS
[16:48:28] [318/459] UDAY
[16:48:28] [319/459] PTNP
[16:48:29] [320/459] DMKT
[16:48:30] [321/459] NTDT
[16:48:31] [322/459] SHDJ
[16:48:32] [323/459] OTNC
[16:48:33] [324/459] RNTW
[16:48:34] [325/459] GCMI
[16:48:35] [326/459] CRCM
[16:48:35] [327/459] NNCZ
[16:48:36] [328/459] OEMO
[16:48:37] [329/459] PVJM
[16:48:38] [330/459] CPJI
[16:48:39] [331/459] RMCJ
[16:48:39] [332/459] CNWJ
[16:48:41] [333/459] EPJM
[16:48:42] [334/459] FNJJ
[16:48:43] [335/459] GCMJ
[16:48:43] [336/459] INPS
[16:48:44] [337/459] BICJ
[16:48:45] [338/459] ISTJ
[16:48:46] [339/459] INJC
[16:48:47] [340/459] GLXJ
[16:48:48] [341/459] INEM
[16:48:49] [342/459] JTMN
[16:48:50] [343/459] FRCJ
[16:48:51] [344/459] DDJP
[16:48:52] [345/459] INJV
[16:48:53] [346/459] GOLC
[16:48:54] [347/459] KOCI
[16:48:55] [348/459] FSTD
[16:48:55] [349/459] PACJ
[16:48:56] [350/459] GMCN
[16:48:57] [351/459] MMDJ
[16:48:58] [352/459] GODH
[16:48:59] [353/459] SKYN
[16:49:01] [354/459] NCTH
[16:49:02] [355/459] SKVZ
[16:49:03] [356/459] SVML
[16:49:03] [357/459] ACVZ
[16:49:04] [358/459] SURA
[16:49:05] [359/459] RTRB
[16:49:06] [360/459] LLCT
[16:49:07] [361/459] ATTS
[16:49:07] [362/459] JYCM
[16:49:08] [363/459] CTKR
[16:49:09] [364/459] LCKR
[16:49:10] [365/459] NYCV
[16:49:11] [366/459] NYOH
[16:49:12] [367/459] NOVX
[16:49:13] [368/459] MRGK
[16:49:13] [369/459] MOON
[16:49:14] [370/459] SBUC
[16:49:16] [371/459] GSVA
[16:49:17] [372/459] VIAK
[16:49:18] [373/459] SMVZ
[16:49:19] [374/459] MATE
[16:49:20] [375/459] RDCN
[16:49:20] [376/459] ASBL
[16:49:22] [377/459] ASVS
[16:49:23] [378/459] ASSR
[16:49:24] [379/459] SSKN
[16:49:25] [380/459] DRPV
[16:49:26] [381/459] MRHT
[16:49:27] [382/459] BSCN
[16:49:29] [383/459] RKNX
[16:49:29] [384/459] MSMC
[16:49:30] [385/459] MSCJ
[16:49:31] [386/459] BTBJ
[16:49:32] [387/459] MJCC
[16:49:33] [388/459] IOMM
[16:49:34] [389/459] ADGR
[16:49:35] [390/459] MYCP
[16:49:36] [391/459] IGCM
[16:49:36] [392/459] PGRK
[16:49:37] [393/459] VPGO
[16:49:38] [394/459] KOMS
[16:49:39] [395/459] URGG
[16:49:40] [396/459] GOST
[16:49:40] [397/459] LACT
[16:49:41] [398/459] BWCM
[16:49:42] [399/459] NCCW
[16:49:43] [400/459] SKYC
[16:49:44] [401/459] CCPM
[16:49:45] [402/459] VCBT
[16:49:46] [403/459] SDKR
[16:49:47] [404/459] CTYB
[16:49:48] [405/459] SHCX
[16:49:48] [406/459] RCUN
[16:49:49] [407/459] CNRA
[16:49:50] [408/459] RFCA
[16:49:51] [409/459] RDCU
[16:49:52] [410/459] SARK
[16:49:54] [411/459] SPPP
[16:49:55] [412/459] ADMB
[16:49:56] [413/459] JYOE
[16:49:56] [414/459] SRMD
[16:49:57] [415/459] RJDH
[16:49:58] [416/459] SSTD
[16:49:59] [417/459] AACV
[16:50:00] [418/459] PPVD
[16:50:01] [419/459] STCP
[16:50:02] [420/459] ANJR
[16:50:02] [421/459] ANLS
[16:50:03] [422/459] BIJO
[16:50:04] [423/459] AVAB
[16:50:05] [424/459] SPMD
[16:50:06] [425/459] SVJL
[16:50:07] [426/459] SDDJ
[16:50:07] [427/459] SLTU
[16:50:08] [428/459] SAKA
[16:50:09] [429/459] PMAM
[16:50:10] [430/459] FNAM
[16:50:10] [431/459] ACAM
[16:50:11] [432/459] SCMM
[16:50:12] [433/459] PMAK
[16:50:13] [434/459] NYSA
[16:50:14] [435/459] FCPA
[16:50:15] [436/459] GDAN
[16:50:16] [437/459] RSCA
[16:50:16] [438/459] DMAN
[16:50:17] [439/459] DZCM
[16:50:18] [440/459] NSGL
[16:50:19] [441/459] CCPP
[16:50:19] [442/459] PSMG
[16:50:20] [443/459] GSER
[16:50:22] [444/459] FCCT
[16:50:23] [445/459] FCTB
[16:50:23] [446/459] LCNK
[16:50:24] [447/459] SKTY
[16:50:25] [448/459] INAA
[16:50:26] [449/459] RCWN
[16:50:27] [450/459] VAIS
[16:50:28] [451/459] CVMN
[16:50:28] [452/459] INTS
[16:50:29] [453/459] FRGS
[16:50:30] [454/459] DTCK
[16:50:31] [455/459] MCMH
[16:50:32] [456/459] ECRR
[16:50:33] [457/459] RLLP
[16:50:34] [458/459] CCSN
[16:50:34] [459/459] CCBA
[16:50:35] 🧹 Deduping shows
[16:50:35] ✅ DONE | Shows=132 | Movies=11
