[10:03:29] 🚀 SCRIPT STARTED
[10:03:29] [1/459] FNDB
[10:03:29] 🧠 New identity created
[10:03:30] [2/459] AMBH
[10:03:31] [3/459] PRHN
[10:03:32] [4/459] ACPM
[10:03:33] [5/459] PVFS
[10:03:33] [6/459] AACN
[10:03:35] [7/459] ACAS
[10:03:36] [8/459] CTNR
[10:03:36] [9/459] MMAH
[10:03:37] [10/459] CPMH
[10:03:38] [11/459] IGMH
[10:03:39] [12/459] ABCS
[10:03:40] [13/459] CMMA
[10:03:41] [14/459] GPRH
[10:03:42] [15/459] PNNG
[10:03:43] [16/459] AMCA
[10:03:45] [17/459] ISTN
[10:03:46] [18/459] PIIC
[10:03:47] [19/459] AHMH
[10:03:48] [20/459] ASHN
[10:03:49] [21/459] INHY
[10:03:49] [22/459] SRMO
[10:03:51] [23/459] PIMH
[10:03:52] [24/459] PVTS
[10:03:52] [25/459] MMCA
[10:03:53] [26/459] AKYJ
[10:03:54] [27/459] BRKH
[10:03:55] [28/459] MAHM
[10:03:56] [29/459] CPHY
[10:03:57] [30/459] PVTP
[10:03:58] [31/459] SMMR
[10:03:59] [32/459] PVHM
[10:04:00] [33/459] SNDY
[10:04:01] [34/459] GOKU
[10:04:01] [35/459] ACEV
[10:04:02] [36/459] PVUM
[10:04:03] [37/459] VSWA
[10:04:04] [38/459] IPRS
[10:04:05] [39/459] ASGN
[10:04:05] [40/459] BKMV
[10:04:06] [41/459] PVYH
[10:04:07] [42/459] INKM
[10:04:08] [43/459] ARJU
[10:04:09] [44/459] JJPP
[10:04:10] [45/459] SSRM
[10:04:11] [46/459] HMHD
[10:04:12] [47/459] SNKH
[10:04:12] [48/459] ACHI
[10:04:13] [49/459] MRAA
[10:04:14] [50/459] INMH
[10:04:15] [51/459] ARMH
[10:04:15] [52/459] DVRR
[10:04:16] [53/459] SUDA
[10:04:17] [54/459] MCSS
[10:04:18] [55/459] VRKC
[10:04:19] [56/459] PRCX
[10:04:20] [57/459] ASJY
[10:04:21] [58/459] MTHY
[10:04:22] [59/459] SRCM
[10:04:23] [60/459] TVHY
[10:04:25] [61/459] STHD
[10:04:26] [62/459] CPCL
[10:04:27] [63/459] PSMJ
[10:04:28] [64/459] MRGT
[10:04:29] [65/459] ARYH
[10:04:30] [66/459] VTRB
[10:04:31] [67/459] SCHC
[10:04:32] [68/459] MRRG
[10:04:33] [69/459] SPCB
[10:04:33] [70/459] AMCM
[10:04:34] [71/459] IVNM
[10:04:35] [72/459] TRHY
[10:04:36] [73/459] PTTH
[10:04:37] [74/459] RKMH
[10:04:37] [75/459] PRCS
[10:04:38] [76/459] VAJA
[10:04:39] [77/459] BJNG
[10:04:41] [78/459] SCVM
[10:04:41] [79/459] GNHB
[10:04:42] [80/459] TLUR
[10:04:44] [81/459] UKCC
[10:04:46] [82/459] SRKR
[10:04:47] [83/459] RMKN
[10:04:48] [84/459] SLRT
[10:04:49] [85/459] LKMT
[10:04:50] [86/459] SSRJ
[10:04:50] [87/459] SPHT
[10:04:51] [88/459] ANTT
[10:04:52] [89/459] SRCH
[10:04:53] [90/459] SRCA
[10:04:53] [91/459] ARTH
[10:04:55] [92/459] MCBH
[10:04:56] [93/459] SNIB
[10:04:57] [94/459] SART
[10:04:57] [95/459] SKTA
[10:04:58] [96/459] YAKT
[10:04:59] [97/459] MLCK
[10:05:00] [98/459] ANTS
[10:05:00] [99/459] DGCA
[10:05:01] [100/459] SGMP
[10:05:02] [101/459] ASWN
[10:05:03] [102/459] KFVU
[10:05:04] [103/459] POOR
[10:05:05] [104/459] GKDN
[10:05:05] [105/459] EOSE
[10:05:06] [106/459] GTTT
[10:05:07] [107/459] ARRO
[10:05:08] [108/459] CMMK
[10:05:09] [109/459] MSCN
[10:05:10] [110/459] GDKH
[10:05:12] [111/459] DLMT
[10:05:12] [112/459] PVMF
[10:05:13] [113/459] CPCK
[10:05:14] [114/459] VMHE
[10:05:15] [115/459] PVLC
[10:05:16] [116/459] PCVB
[10:05:17] [117/459] SNYK
[10:05:17] [118/459] KTEK
[10:05:19] [119/459] PCNM
[10:05:20] [120/459] NTTR
[10:05:20] [121/459] CPSK
[10:05:21] [122/459] JMMA
[10:05:22] [123/459] GCFK
[10:05:23] [124/459] MYCA
[10:05:24] [125/459] KSNP
[10:05:25] [126/459] PMCE
[10:05:26] [127/459] SCKI
[10:05:27] [128/459] FSMA
[10:05:28] [129/459] CETA
[10:05:29] [130/459] MCIK
[10:05:29] [131/459] MYCR
[10:05:30] [132/459] EVMP
[10:05:31] [133/459] SSGT
[10:05:32] [134/459] KCTK
[10:05:33] [135/459] ZTKC
[10:05:34] [136/459] MMTA
[10:05:35] [137/459] MAJT
[10:05:36] [138/459] ACPK
[10:05:37] [139/459] JMAX
[10:05:38] [140/459] SETK
[10:05:39] [141/459] CAIS
[10:05:40] [142/459] AGCD
[10:05:40] [143/459] URCL
[10:05:41] [144/459] VTDS
[10:05:43] [145/459] JCNM
[10:05:44] [146/459] KCAM
[10:05:45] [147/459] ADCU
[10:05:46] [148/459] GXYN
[10:05:46] [149/459] SMJG
[10:05:48] [150/459] EYCJ
[10:05:49] [151/459] CCEJ
[10:05:49] [152/459] MARS
[10:05:50] [153/459] CPVJ
[10:05:51] [154/459] INVP
[10:05:52] [155/459] CPOV
[10:05:53] [156/459] VIJK
[10:05:53] [157/459] LAIM
[10:05:55] [158/459] STHV
[10:05:56] [159/459] SVLJ
[10:05:57] [160/459] ATVJ
[10:05:58] [161/459] JTSC
[10:05:59] [162/459] RMTV
[10:05:59] [163/459] MGGG
[10:06:00] [164/459] SWTH
[10:06:01] [165/459] INVJ
[10:06:02] [166/459] PRSV
[10:06:03] [167/459] JATV
[10:06:03] [168/459] RCVD
[10:06:04] [169/459] BDMA
[10:06:05] [170/459] BLJI
[10:06:06] [171/459] SWOT
[10:06:07] [172/459] SWRN
[10:06:07] [173/459] TVRA
[10:06:08] [174/459] VCSV
[10:06:09] [175/459] NVRN
[10:06:11] [176/459] SIKC
[10:06:11] [177/459] VAKR
[10:06:12] [178/459] SYLN
[10:06:13] [179/459] KLJL
[10:06:15] [180/459] LKMY
[10:06:15] [181/459] VSLY
[10:06:16] [182/459] CIKO
[10:06:17] [183/459] GPBG
[10:06:18] [184/459] CECM
[10:06:19] [185/459] SLKB
[10:06:20] [186/459] MTBO
[10:06:21] [187/459] SSHB
[10:06:22] [188/459] VPCS
[10:06:23] [189/459] RCSR
[10:06:24] [190/459] RJRM
[10:06:25] [191/459] KPPB
[10:06:26] [192/459] SEDC
[10:06:27] [193/459] SCAI
[10:06:28] [194/459] RMTR
[10:06:29] [195/459] ASST
[10:06:30] [196/459] GCAK
[10:06:31] [197/459] ANNK
[10:06:32] [198/459] KDDF
[10:06:33] [199/459] NRDP
[10:06:34] [200/459] PLAK
[10:06:35] [201/459] GCMC
[10:06:36] [202/459] ALPY
[10:06:36] [203/459] SICE
[10:06:37] [204/459] SISR
[10:06:38] [205/459] SRPZ
[10:06:39] [206/459] SRSW
[10:06:40] [207/459] SUYA
[10:06:41] [208/459] AMMT
[10:06:42] [209/459] BHCU
[10:06:43] [210/459] KLPA
[10:06:44] [211/459] NVKH
[10:06:45] [212/459] JMRC
[10:06:46] [213/459] KTTT
[10:06:47] [214/459] MAGH
[10:06:48] [215/459] MMMX
[10:06:48] [216/459] SALJ
[10:06:49] [217/459] GTJA
[10:06:50] [218/459] MAHT
[10:06:51] [219/459] SSNN
[10:06:52] [220/459] ARRP
[10:06:53] [221/459] ATNS
[10:06:54] [222/459] SKDT
[10:06:55] [223/459] ACAT
[10:06:55] [224/459] APRC
[10:06:57] [225/459] SWAG
[10:06:58] [226/459] SDPT
[10:06:59] [227/459] STPS
[10:07:00] [228/459] WWCZ
[10:07:00] [229/459] LLCH
[10:07:01] [230/459] MZHA
[10:07:02] [231/459] CRJG
[10:07:03] [232/459] JGTK
[10:07:04] [233/459] KCSR
[10:07:04] [234/459] CHTL
[10:07:05] [235/459] EDSR
[10:07:06] [236/459] CSWO
[10:07:07] [237/459] CPVM
[10:07:08] [238/459] MXBY
[10:07:09] [239/459] FMMA
[10:07:10] [240/459] POVI
[10:07:11] [241/459] MTHB
[10:07:11] [242/459] INRC
[10:07:12] [243/459] PIPP
[10:07:13] [244/459] BMXC
[10:07:13] [245/459] PCMM
[10:07:14] [246/459] PMKM
[10:07:15] [247/459] GATY
[10:07:16] [248/459] IMCM
[10:07:16] [249/459] POPE
[10:07:17] [250/459] MTCR
[10:07:18] [251/459] PVAE
[10:07:19] [252/459] PVMI
[10:07:20] [253/459] CPNM
[10:07:20] [254/459] FMRL
[10:07:21] [255/459] MCIW
[10:07:22] [256/459] MXBO
[10:07:23] [257/459] FMKY
[10:07:24] [258/459] FMDA
[10:07:25] [259/459] THAB
[10:07:26] [260/459] PRCW
[10:07:27] [261/459] PITI
[10:07:28] [262/459] MCFF
[10:07:28] [263/459] PDDV
[10:07:29] [264/459] MCRM
[10:07:30] [265/459] KKMB
[10:07:31] [266/459] INKO
[10:07:32] [267/459] PLXP
[10:07:33] [268/459] MMHA
[10:07:34] [269/459] FMVS
[10:07:35] [270/459] POLM
[10:07:36] [271/459] STER
[10:07:37] [272/459] PVWJ
[10:07:38] [273/459] IMJW
[10:07:39] [274/459] FNAN
[10:07:40] [275/459] CAGL
[10:07:41] [276/459] IPBG
[10:07:41] [277/459] SMFV
[10:07:42] [278/459] MMMR
[10:07:43] [279/459] MMWM
[10:07:44] [280/459] FNCM
[10:07:45] [281/459] MDVA
[10:07:46] [282/459] MMET
[10:07:47] [283/459] MIDO
[10:07:48] [284/459] INNP
[10:07:48] [285/459] MIFU
[10:07:49] [286/459] MMSZ
[10:07:50] [287/459] BMXA
[10:07:51] [288/459] MCAA
[10:07:52] [289/459] SCVP
[10:07:53] [290/459] PLUS
[10:07:54] [291/459] MUCK
[10:07:54] [292/459] MTMA
[10:07:56] [293/459] HPVR
[10:07:57] [294/459] PMPK
[10:07:58] [295/459] MAJB
[10:07:59] [296/459] CTRR
[10:08:00] [297/459] MCTG
[10:08:00] [298/459] MACE
[10:08:01] [299/459] AAAS
[10:08:02] [300/459] CPVV
[10:08:03] [301/459] RCHG
[10:08:04] [302/459] MCNE
[10:08:05] [303/459] EMNC
[10:08:05] [304/459] MCAN
[10:08:06] [305/459] TCDM
[10:08:07] [306/459] IRGT
[10:08:08] [307/459] GCMG
[10:08:08] [308/459] MXSN
[10:08:09] [309/459] MXCK
[10:08:10] [310/459] MCRC
[10:08:11] [311/459] RSMI
[10:08:12] [312/459] WAML
[10:08:13] [313/459] MTSC
[10:08:14] [314/459] FMDR
[10:08:14] [315/459] LEPV
[10:08:15] [316/459] MTGD
[10:08:16] [317/459] IMOB
[10:08:17] [318/459] CLMM
[10:08:18] [319/459] PZCD
[10:08:18] [320/459] GOCS
[10:08:19] [321/459] KCMA
[10:08:20] [322/459] CCMP
[10:08:21] [323/459] MTSU
[10:08:21] [324/459] SNGL
[10:08:22] [325/459] MMMC
[10:08:23] [326/459] MMAA
[10:08:24] [327/459] GCDM
[10:08:25] [328/459] KTMV
[10:08:26] [329/459] AETE
[10:08:27] [330/459] OMCS
[10:08:28] [331/459] GDCD
[10:08:29] [332/459] NYMD
[10:08:30] [333/459] RNCV
[10:08:30] [334/459] KKMT
[10:08:31] [335/459] GDTH
[10:08:32] [336/459] KMMV
[10:08:33] [337/459] NHCG
[10:08:34] [338/459] PJDW
[10:08:35] [339/459] MMCV
[10:08:37] [340/459] FQSA
[10:08:37] [341/459] KURL
[10:08:38] [342/459] NNNX
[10:08:39] [343/459] AMAU
[10:08:40] [344/459] VVVM
[10:08:41] [345/459] VECU
[10:08:42] [346/459] WCVR
[10:08:43] [347/459] MTGG
[10:08:43] [348/459] SGTG
[10:08:45] [349/459] MNTG
[10:08:45] [350/459] JDDG
[10:08:46] [351/459] MBTK
[10:08:47] [352/459] SGCD
[10:08:48] [353/459] MCTC
[10:08:49] [354/459] JTPC
[10:08:50] [355/459] SDKT
[10:08:50] [356/459] KRCC
[10:08:51] [357/459] RMMD
[10:08:52] [358/459] AAME
[10:08:53] [359/459] TMWC
[10:08:54] [360/459] NRWY
[10:08:54] [361/459] CITD
[10:08:55] [362/459] VERD
[10:08:56] [363/459] MKSK
[10:08:57] [364/459] STSM
[10:08:58] [365/459] MJDG
[10:08:59] [366/459] RKPM
[10:08:59] [367/459] SSCE
[10:09:01] [368/459] VMAE
[10:09:01] [369/459] SBRU
[10:09:02] [370/459] AMBC
[10:09:03] [371/459] AMLU
[10:09:04] [372/459] INVZ
[10:09:04] [373/459] LGTV
[10:09:05] [374/459] SVAD
[10:09:06] [375/459] SMSA
[10:09:07] [376/459] SPCZ
[10:09:08] [377/459] GTCX
[10:09:09] [378/459] SCSL
[10:09:09] [379/459] SAHU
[10:09:11] [380/459] NCDA
[10:09:12] [381/459] SCCG
[10:09:12] [382/459] VKTL
[10:09:13] [383/459] PUUJ
[10:09:14] [384/459] STEJ
[10:09:15] [385/459] RJAL
[10:09:16] [386/459] ACJC
[10:09:17] [387/459] VTHC
[10:09:18] [388/459] ARVB
[10:09:19] [389/459] AUBB
[10:09:20] [390/459] GDBR
[10:09:22] [391/459] PVND
[10:09:23] [392/459] BGRJ
[10:09:24] [393/459] RJMM
[10:09:24] [394/459] MCSA
[10:09:25] [395/459] BODA
[10:09:26] [396/459] JAGG
[10:09:27] [397/459] SCGA
[10:09:28] [398/459] LRCM
[10:09:29] [399/459] CPCN
[10:09:30] [400/459] SSTF
[10:09:31] [401/459] SRXP
[10:09:32] [402/459] CNFX
[10:09:33] [403/459] ANDI
[10:09:34] [404/459] SYEW
[10:09:35] [405/459] RCRE
[10:09:36] [406/459] SCRW
[10:09:37] [407/459] MBKR
[10:09:38] [408/459] ASNT
[10:09:38] [409/459] JTMT
[10:09:39] [410/459] SHAY
[10:09:40] [411/459] VRTH
[10:09:41] [412/459] SPTI
[10:09:41] [413/459] DPTD
[10:09:42] [414/459] TGSN
[10:09:43] [415/459] RCWV
[10:09:44] [416/459] OCUR
[10:09:45] [417/459] KSTC
[10:09:46] [418/459] SANI
[10:09:47] [419/459] MLCA
[10:09:48] [420/459] EGCA
[10:09:49] [421/459] SYSN
[10:09:49] [422/459] PKTA
[10:09:50] [423/459] PRCC
[10:09:51] [424/459] KSTR
[10:09:52] [425/459] SNTP
[10:09:53] [426/459] RCHA
[10:09:54] [427/459] SEEA
[10:09:54] [428/459] ALAT
[10:09:55] [429/459] AATV
[10:09:56] [430/459] RJTE
[10:09:57] [431/459] AAPP
[10:09:58] [432/459] PMMH
[10:09:58] [433/459] INRJ
[10:09:59] [434/459] SARB
[10:10:00] [435/459] PCJL
[10:10:01] [436/459] PFJJ
[10:10:02] [437/459] GRDC
[10:10:02] [438/459] BCBA
[10:10:04] [439/459] VIXL
[10:10:05] [440/459] CSTL
[10:10:06] [441/459] MTDK
[10:10:07] [442/459] TDAC
[10:10:08] [443/459] GTDN
[10:10:08] [444/459] TTDE
[10:10:10] [445/459] ASTS
[10:10:11] [446/459] CPNS
[10:10:12] [447/459] PVVW
[10:10:13] [448/459] USEB
[10:10:14] [449/459] DTYN
[10:10:14] [450/459] PVLE
[10:10:15] [451/459] CIPS
[10:10:16] [452/459] PAEG
[10:10:17] [453/459] PTCW
[10:10:18] [454/459] G3SR
[10:10:19] [455/459] PGND
[10:10:20] [456/459] INVM
[10:10:21] [457/459] SPIA
[10:10:22] [458/459] PCSN
[10:10:23] [459/459] PPGV
[10:10:24] 🧹 Deduping shows
[10:10:24] ✅ DONE | Shows=38 | Movies=6
