[00:46:12] 🚀 BMS DAILY TRACKER STARTED
[00:46:12] [1/296] CDCA
[00:46:12] 🧠 New identity
[00:46:12] [2/296] MNSR
[00:46:13] [3/296] CSSL
[00:46:13] [4/296] BGGM
[00:46:14] [5/296] MANT
[00:46:14] [6/296] SOOY
[00:46:15] [7/296] VPPK
[00:46:16] [8/296] MYHJ
[00:46:16] [9/296] KSCK
[00:46:17] [10/296] KATK
[00:46:18] [11/296] RTRT
[00:46:18] [12/296] SSTT
[00:46:19] [13/296] SSTV
[00:46:20] [14/296] LACM
[00:46:20] [15/296] SGMG
[00:46:21] [16/296] KACX
[00:46:21] [17/296] GVCP
[00:46:22] [18/296] CSNC
[00:46:23] [19/296] SXCB
[00:46:23] [20/296] BAHS
[00:46:24] [21/296] PCBI
[00:46:24] [22/296] PSSM
[00:46:25] [23/296] RCOK
[00:46:25] [24/296] SCPF
[00:46:26] [25/296] SSAS
[00:46:26] [26/296] EVMM
[00:46:27] [27/296] SYCB
[00:46:27] [28/296] GCKI
[00:46:28] [29/296] IAET
[00:46:28] [30/296] DDTD
[00:46:29] [31/296] GMDH
[00:46:30] [32/296] STLE
[00:46:30] [33/296] JTRA
[00:46:31] [34/296] RPPA
[00:46:31] [35/296] ARUT
[00:46:32] [36/296] JTVM
[00:46:32] [37/296] SWRH
[00:46:33] [38/296] DCPC
[00:46:33] [39/296] RAPR
[00:46:34] [40/296] GCRT
[00:46:35] [41/296] ATUN
[00:46:35] [42/296] LTRM
[00:46:36] [43/296] TASR
[00:46:36] [44/296] RLLC
[00:46:37] [45/296] MABI
[00:46:38] [46/296] SVHB
[00:46:38] [47/296] NVTB
[00:46:39] [48/296] KCKG
[00:46:39] [49/296] SSRN
[00:46:40] [50/296] VDDC
[00:46:40] [51/296] GKTK
[00:46:41] [52/296] YFSN
[00:46:42] [53/296] GCSG
[00:46:42] [54/296] ESSM
[00:46:43] [55/296] KRIH
[00:46:44] [56/296] GCDS
[00:46:44] [57/296] CCSH
[00:46:45] [58/296] ACSK
[00:46:45] [59/296] APRK
[00:46:46] [60/296] ADKM
[00:46:47] [61/296] SRDM
[00:46:47] [62/296] RMOG
[00:46:48] [63/296] SJMY
[00:46:48] [64/296] PGGC
[00:46:49] [65/296] INGM
[00:46:49] [66/296] LSCB
[00:46:50] [67/296] STAD
[00:46:50] [68/296] MCCR
[00:46:51] [69/296] ABCC
[00:46:52] [70/296] RKCC
[00:46:52] [71/296] RTCR
[00:46:53] [72/296] GGBC
[00:46:54] [73/296] GCSD
[00:46:54] [74/296] LPTY
[00:46:55] [75/296] MCFD
[00:46:56] [76/296] HENN
[00:46:56] [77/296] SMKU
[00:46:57] [78/296] TNZC
[00:46:57] [79/296] DRCD
[00:46:58] [80/296] DLCD
[00:46:59] [81/296] RCDA
[00:46:59] [82/296] COSM
[00:47:00] [83/296] MCMJ
[00:47:00] [84/296] CSTR
[00:47:01] [85/296] CVDK
[00:47:02] [86/296] INRR
[00:47:02] [87/296] RJRT
[00:47:03] [88/296] IRMR
[00:47:03] [89/296] SRCF
[00:47:04] [90/296] GRCR
[00:47:04] [91/296] SURC
[00:47:05] [92/296] NMNH
[00:47:05] [93/296] SVBL
[00:47:06] [94/296] KACI
[00:47:06] [95/296] TDGO
[00:47:07] [96/296] KTBR
[00:47:08] [97/296] PMAD
[00:47:08] [98/296] CCPN
[00:47:09] [99/296] SBTK
[00:47:10] [100/296] LMDK
[00:47:10] [101/296] PGDA
[00:47:11] [102/296] SRML
[00:47:11] [103/296] EVCK
[00:47:12] [104/296] RTTK
[00:47:12] [105/296] SRTU
[00:47:13] [106/296] VRSA
[00:47:13] [107/296] VARS
[00:47:14] [108/296] DSCZ
[00:47:15] [109/296] GAGA
[00:47:15] [110/296] SARV
[00:47:16] [111/296] SEEG
[00:47:16] [112/296] GLCA
[00:47:17] [113/296] APAS
[00:47:17] [114/296] VCIA
[00:47:18] [115/296] SJTA
[00:47:19] [116/296] SABM
[00:47:19] [117/296] PPAG
[00:47:20] [118/296] RVCA
[00:47:20] [119/296] CCIA
[00:47:21] [120/296] HTAG
[00:47:21] [121/296] SMBI
[00:47:22] [122/296] MCJR
[00:47:23] [123/296] CCJR
[00:47:23] [124/296] SINF
[00:47:24] [125/296] CPLX
[00:47:24] [126/296] KKTJ
[00:47:25] [127/296] GDBW
[00:47:26] [128/296] CSUB
[00:47:26] [129/296] DABA
[00:47:27] [130/296] TITR
[00:47:27] [131/296] NYCR
[00:47:28] [132/296] RTRY
[00:47:28] [133/296] JTJL
[00:47:29] [134/296] SJCP
[00:47:29] [135/296] KCCA
[00:47:30] [136/296] MLPG
[00:47:31] [137/296] VRCK
[00:47:31] [138/296] SRIN
[00:47:32] [139/296] CXMK
[00:47:32] [140/296] SKAD
[00:47:33] [141/296] AVTR
[00:47:34] [142/296] PTAJ
[00:47:34] [143/296] SCNK
[00:47:34] [144/296] STTI
[00:47:35] [145/296] KACR
[00:47:36] [146/296] SSDX
[00:47:36] [147/296] VRTJ
[00:47:37] [148/296] RAJD
[00:47:37] [149/296] SCIP
[00:47:38] [150/296] RJSL
[00:47:39] [151/296] ARRS
[00:47:39] [152/296] ASMS
[00:47:40] [153/296] RDTS
[00:47:40] [154/296] DVMY
[00:47:41] [155/296] RASA
[00:47:41] [156/296] INOM
[00:47:42] [157/296] SPRS
[00:47:43] [158/296] SGCS
[00:47:43] [159/296] SALM
[00:47:44] [160/296] PKHC
[00:47:44] [161/296] RCSV
[00:47:45] [162/296] CPKC
[00:47:46] [163/296] AACD
[00:47:46] [164/296] GGCV
[00:47:47] [165/296] SMKD
[00:47:47] [166/296] NBCH
[00:47:48] [167/296] AMCB
[00:47:49] [168/296] OPCN
[00:47:49] [169/296] DCIN
[00:47:50] [170/296] INGW
[00:47:50] [171/296] PKKW
[00:47:51] [172/296] FNGW
[00:47:51] [173/296] GCGD
[00:47:52] [174/296] MSTW
[00:47:52] [175/296] KCCG
[00:47:53] [176/296] MRSS
[00:47:53] [177/296] CLCF
[00:47:54] [178/296] EETS
[00:47:54] [179/296] AATR
[00:47:55] [180/296] CMMN
[00:47:56] [181/296] SCCJ
[00:47:56] [182/296] CDTK
[00:47:57] [183/296] AICP
[00:47:57] [184/296] FNBP
[00:47:58] [185/296] CBPB
[00:47:58] [186/296] CPAS
[00:47:59] [187/296] MAPM
[00:48:00] [188/296] PASD
[00:48:00] [189/296] JCMN
[00:48:01] [190/296] MALB
[00:48:01] [191/296] SACG
[00:48:02] [192/296] DDRX
[00:48:02] [193/296] DDXB
[00:48:03] [194/296] RAMC
[00:48:03] [195/296] SANC
[00:48:04] [196/296] BCBP
[00:48:05] [197/296] ALPC
[00:48:05] [198/296] RBAC
[00:48:06] [199/296] RAJL
[00:48:06] [200/296] MPDX
[00:48:07] [201/296] MUSC
[00:48:08] [202/296] VKMK
[00:48:08] [203/296] SKCG
[00:48:08] [204/296] ANCN
[00:48:09] [205/296] MMCJ
[00:48:09] [206/296] DCAK
[00:48:10] [207/296] SCKG
[00:48:11] [208/296] LMCK
[00:48:11] [209/296] CKKX
[00:48:12] [210/296] ANKU
[00:48:12] [211/296] CSMD
[00:48:13] [212/296] MKMP
[00:48:14] [213/296] SVBG
[00:48:14] [214/296] ROOP
[00:48:15] [215/296] GDMT
[00:48:15] [216/296] FPPF
[00:48:16] [217/296] SFUU
[00:48:17] [218/296] ANCB
[00:48:17] [219/296] SMMC
[00:48:18] [220/296] UGKT
[00:48:18] [221/296] JVRM
[00:48:19] [222/296] BATG
[00:48:19] [223/296] RATE
[00:48:20] [224/296] SKME
[00:48:20] [225/296] LMTP
[00:48:21] [226/296] TCBD
[00:48:21] [227/296] ESBD
[00:48:22] [228/296] GDCU
[00:48:23] [229/296] SNKT
[00:48:23] [230/296] SRNK
[00:48:24] [231/296] SMED
[00:48:24] [232/296] CSQS
[00:48:25] [233/296] ALCS
[00:48:25] [234/296] KCKN
[00:48:26] [235/296] VCCL
[00:48:26] [236/296] MCDA
[00:48:27] [237/296] SHMI
[00:48:28] [238/296] SKHA
[00:48:28] [239/296] SVFK
[00:48:28] [240/296] INVB
[00:48:29] [241/296] MELD
[00:48:30] [242/296] JTYS
[00:48:30] [243/296] INCM
[00:48:31] [244/296] MCDV
[00:48:31] [245/296] KSGK
[00:48:32] [246/296] ICMG
[00:48:32] [247/296] CSCV
[00:48:33] [248/296] STMD
[00:48:33] [249/296] STTR
[00:48:34] [250/296] INVC
[00:48:34] [251/296] JTBL
[00:48:35] [252/296] SRVV
[00:48:35] [253/296] MAVC
[00:48:36] [254/296] SRPP
[00:48:37] [255/296] JGDM
[00:48:37] [256/296] MBSJ
[00:48:38] [257/296] SSLL
[00:48:38] [258/296] SLKP
[00:48:39] [259/296] NSRV
[00:48:39] [260/296] UTDV
[00:48:40] [261/296] KICM
[00:48:40] [262/296] KCMD
[00:48:41] [263/296] TTPP
[00:48:41] [264/296] KMPV
[00:48:42] [265/296] SKTV
[00:48:42] [266/296] STCV
[00:48:43] [267/296] SRDA
[00:48:44] [268/296] JTSX
[00:48:44] [269/296] STBV
[00:48:45] [270/296] APVZ
[00:48:45] [271/296] GSTV
[00:48:46] [272/296] NMVS
[00:48:47] [273/296] SKRT
[00:48:47] [274/296] RMDV
[00:48:48] [275/296] RATG
[00:48:48] [276/296] SJYV
[00:48:49] [277/296] NDGP
[00:48:49] [278/296] SNDG
[00:48:50] [279/296] INSR
[00:48:50] [280/296] INSO
[00:48:51] [281/296] CCSI
[00:48:51] [282/296] RASM
[00:48:52] [283/296] NEWC
[00:48:52] [284/296] VSHL
[00:48:53] [285/296] BISW
[00:48:54] [286/296] GCNG
[00:48:54] [287/296] CWSC
[00:48:55] [288/296] SKAN
[00:48:55] [289/296] SEHP
[00:48:56] [290/296] CCOA
[00:48:57] [291/296] MCAJ
[00:48:57] [292/296] ACDE
[00:48:58] [293/296] AACM
[00:48:58] [294/296] JJCK
[00:48:59] [295/296] RCMO
[00:48:59] [296/296] GDAW
[00:49:00] ✅ DONE | Shows=0 | Movies=0
