[00:46:14] 🚀 BMS DAILY TRACKER STARTED
[00:46:14] [1/459] MBDC
[00:46:14] 🧠 New identity
[00:46:15] [2/459] CHKM
[00:46:16] [3/459] JTKZ
[00:46:17] [4/459] CMCT
[00:46:18] [5/459] ASHO
[00:46:19] [6/459] ECDG
[00:46:20] [7/459] SPAT
[00:46:21] [8/459] HILC
[00:46:21] [9/459] SPPH
[00:46:23] [10/459] SBHN
[00:46:24] [11/459] RRCA
[00:46:25] [12/459] APAA
[00:46:26] [13/459] RAME
[00:46:27] [14/459] TMMS
[00:46:27] [15/459] BATK
[00:46:28] [16/459] LKOP
[00:46:29] [17/459] AMTT
[00:46:30] [18/459] PTGK
[00:46:31] [19/459] ANRS
[00:46:32] [20/459] VWBW
[00:46:33] [21/459] SVFG
[00:46:34] [22/459] STAT
[00:46:35] [23/459] GDCV
[00:46:35] [24/459] VEBI
[00:46:37] [25/459] VDSS
[00:46:38] [26/459] NTHV
[00:46:38] [27/459] AOCH
[00:46:40] [28/459] KASR
[00:46:40] [29/459] AYCS
[00:46:41] [30/459] SHAI
[00:46:42] [31/459] SKPE
[00:46:43] [32/459] SBTA
[00:46:44] [33/459] RTTD
[00:46:45] [34/459] CCJD
[00:46:46] [35/459] RSJJ
[00:46:47] [36/459] RKND
[00:46:48] [37/459] SVTX
[00:46:49] [38/459] BAKM
[00:46:50] [39/459] SVDC
[00:46:50] [40/459] MNCV
[00:46:51] [41/459] SJGC
[00:46:52] [42/459] MTPK
[00:46:53] [43/459] GATP
[00:46:54] [44/459] ABTS
[00:46:55] [45/459] ABDE
[00:46:55] [46/459] RCNM
[00:46:57] [47/459] KTHV
[00:46:58] [48/459] MDGJ
[00:46:59] [49/459] SMLM
[00:46:59] [50/459] JTMA
[00:47:01] [51/459] ACKP
[00:47:02] [52/459] SRTA
[00:47:02] [53/459] STAY
[00:47:03] [54/459] MAVO
[00:47:04] [55/459] APTS
[00:47:05] [56/459] OMEA
[00:47:06] [57/459] TTFD
[00:47:07] [58/459] MJCU
[00:47:08] [59/459] CXTE
[00:47:09] [60/459] CTPX
[00:47:11] [61/459] ASSL
[00:47:11] [62/459] CMVB
[00:47:12] [63/459] VPUR
[00:47:13] [64/459] JJDA
[00:47:14] [65/459] INBL
[00:47:16] [66/459] BIKB
[00:47:17] [67/459] NTBB
[00:47:18] [68/459] GLOB
[00:47:19] [69/459] SNTB
[00:47:20] [70/459] CHGV
[00:47:21] [71/459] SSBZ
[00:47:22] [72/459] PRDB
[00:47:23] [73/459] ISMT
[00:47:24] [74/459] MCSD
[00:47:25] [75/459] JBTT
[00:47:26] [76/459] GEKR
[00:47:27] [77/459] PVUN
[00:47:28] [78/459] NRTB
[00:47:29] [79/459] PRAA
[00:47:30] [80/459] PCBL
[00:47:31] [81/459] PTCM
[00:47:32] [82/459] KHNN
[00:47:33] [83/459] OMJE
[00:47:34] [84/459] STGN
[00:47:35] [85/459] RPMS
[00:47:35] [86/459] NWAD
[00:47:36] [87/459] BLCK
[00:47:38] [88/459] SVAA
[00:47:39] [89/459] URVM
[00:47:40] [90/459] ANTM
[00:47:41] [91/459] VJYM
[00:47:42] [92/459] MAZZ
[00:47:43] [93/459] CSHM
[00:47:44] [94/459] WGMH
[00:47:45] [95/459] SALN
[00:47:45] [96/459] BRTP
[00:47:47] [97/459] SVTA
[00:47:47] [98/459] SBTP
[00:47:48] [99/459] VLSS
[00:47:49] [100/459] SRJA
[00:47:50] [101/459] ANCG
[00:47:53] [102/459] CGGC
[00:47:54] [103/459] CRJA
[00:47:55] [104/459] USCR
[00:47:56] [105/459] MMEF
[00:47:57] [106/459] JCRJ
[00:47:58] [107/459] ADCM
[00:47:59] [108/459] BMYK
[00:48:00] [109/459] KICS
[00:48:01] [110/459] MBBT
[00:48:02] [111/459] MACK
[00:48:03] [112/459] CLDR
[00:48:04] [113/459] JYCR
[00:48:05] [114/459] DCRP
[00:48:06] [115/459] RAHT
[00:48:07] [116/459] CSSM
[00:48:07] [117/459] ATPK
[00:48:09] [118/459] KLRT
[00:48:09] [119/459] SRDD
[00:48:10] [120/459] CKMC
[00:48:11] [121/459] KRVM
[00:48:12] [122/459] AKCP
[00:48:12] [123/459] CNCV
[00:48:14] [124/459] PACT
[00:48:15] [125/459] NATP
[00:48:16] [126/459] PCPK
[00:48:17] [127/459] SMHO
[00:48:18] [128/459] CWTK
[00:48:19] [129/459] RVKZ
[00:48:20] [130/459] ASPD
[00:48:21] [131/459] VTKZ
[00:48:21] [132/459] LCSO
[00:48:23] [133/459] PRDY
[00:48:23] [134/459] RCAP
[00:48:24] [135/459] RGAR
[00:48:25] [136/459] RCAC
[00:48:26] [137/459] PMOD
[00:48:27] [138/459] PVCN
[00:48:28] [139/459] SCRZ
[00:48:29] [140/459] PVPC
[00:48:30] [141/459] STID
[00:48:31] [142/459] NEDD
[00:48:33] [143/459] BNBA
[00:48:34] [144/459] NTCD
[00:48:35] [145/459] OCDE
[00:48:36] [146/459] CCDU
[00:48:37] [147/459] CRXH
[00:48:38] [148/459] VLVT
[00:48:39] [149/459] CICI
[00:48:40] [150/459] SUCB
[00:48:41] [151/459] TCBP
[00:48:42] [152/459] SCCY
[00:48:43] [153/459] LXCY
[00:48:44] [154/459] NCMD
[00:48:45] [155/459] PHCS
[00:48:46] [156/459] DUXR
[00:48:47] [157/459] VNKS
[00:48:48] [158/459] SEDP
[00:48:49] [159/459] SVEN
[00:48:49] [160/459] SRKM
[00:48:50] [161/459] JTLT
[00:48:51] [162/459] SVSS
[00:48:52] [163/459] AMDE
[00:48:53] [164/459] WVRN
[00:48:54] [165/459] ISMG
[00:48:55] [166/459] WVKS
[00:48:56] [167/459] USCG
[00:48:57] [168/459] IOTG
[00:48:58] [169/459] RRJM
[00:48:59] [170/459] EDMP
[00:49:00] [171/459] SCGZ
[00:49:02] [172/459] GMGX
[00:49:03] [173/459] OMTP
[00:49:04] [174/459] MITD
[00:49:05] [175/459] SMMD
[00:49:06] [176/459] STML
[00:49:07] [177/459] MCFS
[00:49:08] [178/459] FPKA
[00:49:09] [179/459] OMLR
[00:49:10] [180/459] KKSC
[00:49:10] [181/459] RVMA
[00:49:12] [182/459] SCLL
[00:49:12] [183/459] SCDK
[00:49:14] [184/459] SXMI
[00:49:14] [185/459] SHDN
[00:49:15] [186/459] PAAD
[00:49:16] [187/459] UUCB
[00:49:17] [188/459] JHOL
[00:49:18] [189/459] SGWT
[00:49:19] [190/459] SRII
[00:49:20] [191/459] SGCK
[00:49:20] [192/459] SVVB
[00:49:21] [193/459] DMHA
[00:49:22] [194/459] PPNL
[00:49:23] [195/459] CPNL
[00:49:24] [196/459] WVLD
[00:49:25] [197/459] PSLV
[00:49:26] [198/459] VTTL
[00:49:27] [199/459] NPAD
[00:49:28] [200/459] PVCS
[00:49:29] [201/459] MCHL
[00:49:29] [202/459] PPLL
[00:49:30] [203/459] MALO
[00:49:31] [204/459] SWBH
[00:49:32] [205/459] PUGB
[00:49:33] [206/459] INBB
[00:49:34] [207/459] INNS
[00:49:35] [208/459] MCPT
[00:49:36] [209/459] SCMI
[00:49:36] [210/459] OCON
[00:49:37] [211/459] SCSM
[00:49:38] [212/459] RJVN
[00:49:39] [213/459] AMDK
[00:49:40] [214/459] ISMR
[00:49:40] [215/459] SMTD
[00:49:41] [216/459] VTDD
[00:49:42] [217/459] PDDZ
[00:49:43] [218/459] PCCK
[00:49:44] [219/459] INAM
[00:49:47] [220/459] FNKT
[00:49:48] [221/459] GDKA
[00:49:49] [222/459] MAYU
[00:49:50] [223/459] TCGU
[00:49:51] [224/459] KDCA
[00:49:52] [225/459] DOMY
[00:49:53] [226/459] PDDD
[00:49:54] [227/459] BJTS
[00:49:55] [228/459] VTCA
[00:49:56] [229/459] SBTM
[00:49:57] [230/459] SEET
[00:49:58] [231/459] SSTJ
[00:49:59] [232/459] SVNT
[00:50:00] [233/459] PPPR
[00:50:01] [234/459] PVYS
[00:50:02] [235/459] IOSE
[00:50:03] [236/459] ACTV
[00:50:04] [237/459] APVE
[00:50:05] [238/459] TCCL
[00:50:06] [239/459] SCMO
[00:50:07] [240/459] SAUM
[00:50:08] [241/459] KCJS
[00:50:09] [242/459] NJCJ
[00:50:10] [243/459] NECF
[00:50:11] [244/459] CCGW
[00:50:12] [245/459] CCMG
[00:50:14] [246/459] NYRG
[00:50:15] [247/459] NCSQ
[00:50:16] [248/459] GRCG
[00:50:17] [249/459] CCBT
[00:50:18] [250/459] ACGA
[00:50:19] [251/459] INAG
[00:50:20] [252/459] FUCG
[00:50:21] [253/459] AICF
[00:50:22] [254/459] GRGA
[00:50:23] [255/459] GDCN
[00:50:23] [256/459] RRCG
[00:50:24] [257/459] SDCH
[00:50:25] [258/459] WVJM
[00:50:26] [259/459] JCCZ
[00:50:27] [260/459] CNCL
[00:50:28] [261/459] TMLV
[00:50:29] [262/459] MEMB
[00:50:30] [263/459] SGTD
[00:50:31] [264/459] CONX
[00:50:32] [265/459] CCMH
[00:50:33] [266/459] ACMC
[00:50:33] [267/459] DTPD
[00:50:34] [268/459] POJA
[00:50:35] [269/459] FNBH
[00:50:36] [270/459] CGCB
[00:50:37] [271/459] RACN
[00:50:38] [272/459] JTSM
[00:50:39] [273/459] SCDN
[00:50:40] [274/459] AACK
[00:50:41] [275/459] RMCE
[00:50:42] [276/459] BSGB
[00:50:43] [277/459] MRCB
[00:50:44] [278/459] SRVR
[00:50:45] [279/459] VTKK
[00:50:47] [280/459] AMST
[00:50:47] [281/459] APCY
[00:50:48] [282/459] LMHO
[00:50:49] [283/459] MTZH
[00:50:51] [284/459] AMZB
[00:50:52] [285/459] SUVT
[00:50:53] [286/459] RCIP
[00:50:53] [287/459] KESR
[00:50:54] [288/459] SNKC
[00:50:55] [289/459] SCED
[00:50:56] [290/459] DVCA
[00:50:57] [291/459] VCDT
[00:50:58] [292/459] RRDI
[00:50:59] [293/459] DFCH
[00:51:00] [294/459] INSC
[00:51:01] [295/459] RGTR
[00:51:02] [296/459] FMOT
[00:51:03] [297/459] SCPM
[00:51:05] [298/459] GCDT
[00:51:06] [299/459] BRKT
[00:51:07] [300/459] DEMP
[00:51:08] [301/459] SRLC
[00:51:09] [302/459] KSTT
[00:51:10] [303/459] SMMT
[00:51:11] [304/459] SILM
[00:51:12] [305/459] JCVM
[00:51:13] [306/459] KCSV
[00:51:14] [307/459] MHLK
[00:51:16] [308/459] SLVL
[00:51:17] [309/459] RJKP
[00:51:18] [310/459] BBPC
[00:51:18] [311/459] MXCB
[00:51:19] [312/459] TCPK
[00:51:20] [313/459] RTBR
[00:51:21] [314/459] GAUT
[00:51:22] [315/459] DVCF
[00:51:23] [316/459] JTSB
[00:51:24] [317/459] SBLS
[00:51:25] [318/459] UDAY
[00:51:26] [319/459] PTNP
[00:51:27] [320/459] DMKT
[00:51:28] [321/459] NTDT
[00:51:29] [322/459] SHDJ
[00:51:30] [323/459] OTNC
[00:51:30] [324/459] RNTW
[00:51:31] [325/459] GCMI
[00:51:32] [326/459] CRCM
[00:51:33] [327/459] NNCZ
[00:51:34] [328/459] OEMO
[00:51:36] [329/459] PVJM
[00:51:36] [330/459] CPJI
[00:51:37] [331/459] RMCJ
[00:51:38] [332/459] CNWJ
[00:51:39] [333/459] EPJM
[00:51:40] [334/459] FNJJ
[00:51:41] [335/459] GCMJ
[00:51:42] [336/459] INPS
[00:51:43] [337/459] BICJ
[00:51:44] [338/459] ISTJ
[00:51:45] [339/459] INJC
[00:51:46] [340/459] GLXJ
[00:51:47] [341/459] INEM
[00:51:48] [342/459] JTMN
[00:51:49] [343/459] FRCJ
[00:51:52] [344/459] DDJP
[00:51:53] [345/459] INJV
[00:51:54] [346/459] GOLC
[00:51:55] [347/459] KOCI
[00:51:56] [348/459] FSTD
[00:51:57] [349/459] PACJ
[00:51:58] [350/459] GMCN
[00:51:59] [351/459] MMDJ
[00:52:00] [352/459] GODH
[00:52:00] [353/459] SKYN
[00:52:01] [354/459] NCTH
[00:52:02] [355/459] SKVZ
[00:52:03] [356/459] SVML
[00:52:04] [357/459] ACVZ
[00:52:05] [358/459] SURA
[00:52:06] [359/459] RTRB
[00:52:07] [360/459] LLCT
[00:52:08] [361/459] ATTS
[00:52:09] [362/459] JYCM
[00:52:10] [363/459] CTKR
[00:52:11] [364/459] LCKR
[00:52:12] [365/459] NYCV
[00:52:13] [366/459] NYOH
[00:52:14] [367/459] NOVX
[00:52:15] [368/459] MRGK
[00:52:16] [369/459] MOON
[00:52:17] [370/459] SBUC
[00:52:18] [371/459] GSVA
[00:52:19] [372/459] VIAK
[00:52:20] [373/459] SMVZ
[00:52:21] [374/459] MATE
[00:52:22] [375/459] RDCN
[00:52:23] [376/459] ASBL
[00:52:24] [377/459] ASVS
[00:52:25] [378/459] ASSR
[00:52:25] [379/459] SSKN
[00:52:26] [380/459] DRPV
[00:52:27] [381/459] MRHT
[00:52:28] [382/459] BSCN
[00:52:29] [383/459] RKNX
[00:52:30] [384/459] MSMC
[00:52:31] [385/459] MSCJ
[00:52:32] [386/459] BTBJ
[00:52:33] [387/459] MJCC
[00:52:34] [388/459] IOMM
[00:52:35] [389/459] ADGR
[00:52:36] [390/459] MYCP
[00:52:37] [391/459] IGCM
[00:52:38] [392/459] PGRK
[00:52:40] [393/459] VPGO
[00:52:41] [394/459] KOMS
[00:52:42] [395/459] URGG
[00:52:42] [396/459] GOST
[00:52:43] [397/459] LACT
[00:52:44] [398/459] BWCM
[00:52:46] [399/459] NCCW
[00:52:47] [400/459] SKYC
[00:52:48] [401/459] CCPM
[00:52:49] [402/459] VCBT
[00:52:50] [403/459] SDKR
[00:52:51] [404/459] CTYB
[00:52:52] [405/459] SHCX
[00:52:53] [406/459] RCUN
[00:52:53] [407/459] CNRA
[00:52:54] [408/459] RFCA
[00:52:55] [409/459] RDCU
[00:52:56] [410/459] SARK
[00:52:57] [411/459] SPPP
[00:52:58] [412/459] ADMB
[00:52:59] [413/459] JYOE
[00:52:59] [414/459] SRMD
[00:53:00] [415/459] RJDH
[00:53:01] [416/459] SSTD
[00:53:02] [417/459] AACV
[00:53:03] [418/459] PPVD
[00:53:04] [419/459] STCP
[00:53:04] [420/459] ANJR
[00:53:05] [421/459] ANLS
[00:53:06] [422/459] BIJO
[00:53:07] [423/459] AVAB
[00:53:08] [424/459] SPMD
[00:53:09] [425/459] SVJL
[00:53:10] [426/459] SDDJ
[00:53:11] [427/459] SLTU
[00:53:12] [428/459] SAKA
[00:53:13] [429/459] PMAM
[00:53:14] [430/459] FNAM
[00:53:15] [431/459] ACAM
[00:53:16] [432/459] SCMM
[00:53:17] [433/459] PMAK
[00:53:18] [434/459] NYSA
[00:53:19] [435/459] FCPA
[00:53:20] [436/459] GDAN
[00:53:21] [437/459] RSCA
[00:53:22] [438/459] DMAN
[00:53:23] [439/459] DZCM
[00:53:24] [440/459] NSGL
[00:53:25] [441/459] CCPP
[00:53:26] [442/459] PSMG
[00:53:26] [443/459] GSER
[00:53:27] [444/459] FCCT
[00:53:28] [445/459] FCTB
[00:53:29] [446/459] LCNK
[00:53:30] [447/459] SKTY
[00:53:31] [448/459] INAA
[00:53:32] [449/459] RCWN
[00:53:33] [450/459] VAIS
[00:53:34] [451/459] CVMN
[00:53:35] [452/459] INTS
[00:53:36] [453/459] FRGS
[00:53:37] [454/459] DTCK
[00:53:38] [455/459] MCMH
[00:53:39] [456/459] ECRR
[00:53:40] [457/459] RLLP
[00:53:41] [458/459] CCSN
[00:53:41] [459/459] CCBA
[00:53:42] ✅ DONE | Shows=0 | Movies=0
