[00:46:15] 🚀 BMS DAILY TRACKER STARTED
[00:46:15] [1/459] FNDB
[00:46:15] 🧠 New identity
[00:46:16] [2/459] AMBH
[00:46:17] [3/459] PRHN
[00:46:17] [4/459] ACPM
[00:46:18] [5/459] PVFS
[00:46:19] [6/459] AACN
[00:46:20] [7/459] ACAS
[00:46:21] [8/459] CTNR
[00:46:22] [9/459] MMAH
[00:46:23] [10/459] CPMH
[00:46:24] [11/459] IGMH
[00:46:25] [12/459] ABCS
[00:46:26] [13/459] CMMA
[00:46:27] [14/459] GPRH
[00:46:28] [15/459] PNNG
[00:46:29] [16/459] AMCA
[00:46:30] [17/459] ISTN
[00:46:31] [18/459] PIIC
[00:46:32] [19/459] AHMH
[00:46:33] [20/459] ASHN
[00:46:34] [21/459] INHY
[00:46:35] [22/459] SRMO
[00:46:36] [23/459] PIMH
[00:46:37] [24/459] PVTS
[00:46:38] [25/459] MMCA
[00:46:38] [26/459] AKYJ
[00:46:39] [27/459] BRKH
[00:46:40] [28/459] MAHM
[00:46:41] [29/459] CPHY
[00:46:42] [30/459] PVTP
[00:46:44] [31/459] SMMR
[00:46:44] [32/459] PVHM
[00:46:45] [33/459] SNDY
[00:46:46] [34/459] GOKU
[00:46:47] [35/459] ACEV
[00:46:48] [36/459] PVUM
[00:46:49] [37/459] VSWA
[00:46:50] [38/459] IPRS
[00:46:51] [39/459] ASGN
[00:46:52] [40/459] BKMV
[00:46:53] [41/459] PVYH
[00:46:54] [42/459] INKM
[00:46:55] [43/459] ARJU
[00:46:56] [44/459] JJPP
[00:46:57] [45/459] SSRM
[00:46:58] [46/459] HMHD
[00:46:59] [47/459] SNKH
[00:47:00] [48/459] ACHI
[00:47:01] [49/459] MRAA
[00:47:02] [50/459] INMH
[00:47:03] [51/459] ARMH
[00:47:04] [52/459] DVRR
[00:47:05] [53/459] SUDA
[00:47:06] [54/459] MCSS
[00:47:07] [55/459] VRKC
[00:47:08] [56/459] PRCX
[00:47:10] [57/459] ASJY
[00:47:11] [58/459] MTHY
[00:47:12] [59/459] SRCM
[00:47:13] [60/459] TVHY
[00:47:14] [61/459] STHD
[00:47:14] [62/459] CPCL
[00:47:15] [63/459] PSMJ
[00:47:17] [64/459] MRGT
[00:47:18] [65/459] ARYH
[00:47:19] [66/459] VTRB
[00:47:20] [67/459] SCHC
[00:47:21] [68/459] MRRG
[00:47:22] [69/459] SPCB
[00:47:23] [70/459] AMCM
[00:47:24] [71/459] IVNM
[00:47:25] [72/459] TRHY
[00:47:26] [73/459] PTTH
[00:47:27] [74/459] RKMH
[00:47:28] [75/459] PRCS
[00:47:29] [76/459] VAJA
[00:47:30] [77/459] BJNG
[00:47:31] [78/459] SCVM
[00:47:32] [79/459] GNHB
[00:47:33] [80/459] TLUR
[00:47:34] [81/459] UKCC
[00:47:35] [82/459] SRKR
[00:47:36] [83/459] RMKN
[00:47:37] [84/459] SLRT
[00:47:38] [85/459] LKMT
[00:47:39] [86/459] SSRJ
[00:47:39] [87/459] SPHT
[00:47:40] [88/459] ANTT
[00:47:41] [89/459] SRCH
[00:47:42] [90/459] SRCA
[00:47:43] [91/459] ARTH
[00:47:44] [92/459] MCBH
[00:47:45] [93/459] SNIB
[00:47:46] [94/459] SART
[00:47:47] [95/459] SKTA
[00:47:48] [96/459] YAKT
[00:47:49] [97/459] MLCK
[00:47:50] [98/459] ANTS
[00:47:51] [99/459] DGCA
[00:47:52] [100/459] SGMP
[00:47:53] [101/459] ASWN
[00:47:54] [102/459] KFVU
[00:47:55] [103/459] POOR
[00:47:56] [104/459] GKDN
[00:47:56] [105/459] EOSE
[00:47:57] [106/459] GTTT
[00:47:58] [107/459] ARRO
[00:47:59] [108/459] CMMK
[00:48:00] [109/459] MSCN
[00:48:02] [110/459] GDKH
[00:48:03] [111/459] DLMT
[00:48:04] [112/459] PVMF
[00:48:05] [113/459] CPCK
[00:48:05] [114/459] VMHE
[00:48:06] [115/459] PVLC
[00:48:08] [116/459] PCVB
[00:48:09] [117/459] SNYK
[00:48:10] [118/459] KTEK
[00:48:11] [119/459] PCNM
[00:48:12] [120/459] NTTR
[00:48:13] [121/459] CPSK
[00:48:14] [122/459] JMMA
[00:48:15] [123/459] GCFK
[00:48:16] [124/459] MYCA
[00:48:16] [125/459] KSNP
[00:48:18] [126/459] PMCE
[00:48:19] [127/459] SCKI
[00:48:20] [128/459] FSMA
[00:48:21] [129/459] CETA
[00:48:22] [130/459] MCIK
[00:48:22] [131/459] MYCR
[00:48:23] [132/459] EVMP
[00:48:24] [133/459] SSGT
[00:48:25] [134/459] KCTK
[00:48:26] [135/459] ZTKC
[00:48:27] [136/459] MMTA
[00:48:28] [137/459] MAJT
[00:48:29] [138/459] ACPK
[00:48:29] [139/459] JMAX
[00:48:30] [140/459] SETK
[00:48:32] [141/459] CAIS
[00:48:33] [142/459] AGCD
[00:48:33] [143/459] URCL
[00:48:35] [144/459] VTDS
[00:48:36] [145/459] JCNM
[00:48:37] [146/459] KCAM
[00:48:38] [147/459] ADCU
[00:48:40] [148/459] GXYN
[00:48:41] [149/459] SMJG
[00:48:42] [150/459] EYCJ
[00:48:43] [151/459] CCEJ
[00:48:43] [152/459] MARS
[00:48:44] [153/459] CPVJ
[00:48:45] [154/459] INVP
[00:48:46] [155/459] CPOV
[00:48:47] [156/459] VIJK
[00:48:48] [157/459] LAIM
[00:48:49] [158/459] STHV
[00:48:50] [159/459] SVLJ
[00:48:51] [160/459] ATVJ
[00:48:52] [161/459] JTSC
[00:48:55] [162/459] RMTV
[00:48:55] [163/459] MGGG
[00:48:56] [164/459] SWTH
[00:48:57] [165/459] INVJ
[00:48:58] [166/459] PRSV
[00:48:59] [167/459] JATV
[00:49:00] [168/459] RCVD
[00:49:01] [169/459] BDMA
[00:49:02] [170/459] BLJI
[00:49:03] [171/459] SWOT
[00:49:04] [172/459] SWRN
[00:49:05] [173/459] TVRA
[00:49:06] [174/459] VCSV
[00:49:07] [175/459] NVRN
[00:49:07] [176/459] SIKC
[00:49:08] [177/459] VAKR
[00:49:09] [178/459] SYLN
[00:49:10] [179/459] KLJL
[00:49:11] [180/459] LKMY
[00:49:12] [181/459] VSLY
[00:49:13] [182/459] CIKO
[00:49:14] [183/459] GPBG
[00:49:15] [184/459] CECM
[00:49:16] [185/459] SLKB
[00:49:17] [186/459] MTBO
[00:49:18] [187/459] SSHB
[00:49:19] [188/459] VPCS
[00:49:20] [189/459] RCSR
[00:49:21] [190/459] RJRM
[00:49:22] [191/459] KPPB
[00:49:23] [192/459] SEDC
[00:49:24] [193/459] SCAI
[00:49:25] [194/459] RMTR
[00:49:26] [195/459] ASST
[00:49:27] [196/459] GCAK
[00:49:27] [197/459] ANNK
[00:49:28] [198/459] KDDF
[00:49:29] [199/459] NRDP
[00:49:30] [200/459] PLAK
[00:49:31] [201/459] GCMC
[00:49:32] [202/459] ALPY
[00:49:33] [203/459] SICE
[00:49:35] [204/459] SISR
[00:49:36] [205/459] SRPZ
[00:49:36] [206/459] SRSW
[00:49:37] [207/459] SUYA
[00:49:40] [208/459] AMMT
[00:49:41] [209/459] BHCU
[00:49:42] [210/459] KLPA
[00:49:43] [211/459] NVKH
[00:49:44] [212/459] JMRC
[00:49:45] [213/459] KTTT
[00:49:46] [214/459] MAGH
[00:49:48] [215/459] MMMX
[00:49:48] [216/459] SALJ
[00:49:50] [217/459] GTJA
[00:49:50] [218/459] MAHT
[00:49:52] [219/459] SSNN
[00:49:53] [220/459] ARRP
[00:49:54] [221/459] ATNS
[00:49:55] [222/459] SKDT
[00:49:56] [223/459] ACAT
[00:49:57] [224/459] APRC
[00:49:57] [225/459] SWAG
[00:49:58] [226/459] SDPT
[00:49:59] [227/459] STPS
[00:50:00] [228/459] WWCZ
[00:50:01] [229/459] LLCH
[00:50:02] [230/459] MZHA
[00:50:03] [231/459] CRJG
[00:50:04] [232/459] JGTK
[00:50:05] [233/459] KCSR
[00:50:06] [234/459] CHTL
[00:50:07] [235/459] EDSR
[00:50:08] [236/459] CSWO
[00:50:09] [237/459] CPVM
[00:50:10] [238/459] MXBY
[00:50:12] [239/459] FMMA
[00:50:13] [240/459] POVI
[00:50:14] [241/459] MTHB
[00:50:15] [242/459] INRC
[00:50:16] [243/459] PIPP
[00:50:17] [244/459] BMXC
[00:50:18] [245/459] PCMM
[00:50:19] [246/459] PMKM
[00:50:19] [247/459] GATY
[00:50:20] [248/459] IMCM
[00:50:21] [249/459] POPE
[00:50:22] [250/459] MTCR
[00:50:23] [251/459] PVAE
[00:50:24] [252/459] PVMI
[00:50:25] [253/459] CPNM
[00:50:26] [254/459] FMRL
[00:50:27] [255/459] MCIW
[00:50:28] [256/459] MXBO
[00:50:29] [257/459] FMKY
[00:50:30] [258/459] FMDA
[00:50:31] [259/459] THAB
[00:50:33] [260/459] PRCW
[00:50:34] [261/459] PITI
[00:50:34] [262/459] MCFF
[00:50:35] [263/459] PDDV
[00:50:36] [264/459] MCRM
[00:50:37] [265/459] KKMB
[00:50:38] [266/459] INKO
[00:50:39] [267/459] PLXP
[00:50:40] [268/459] MMHA
[00:50:41] [269/459] FMVS
[00:50:42] [270/459] POLM
[00:50:43] [271/459] STER
[00:50:43] [272/459] PVWJ
[00:50:45] [273/459] IMJW
[00:50:46] [274/459] FNAN
[00:50:47] [275/459] CAGL
[00:50:47] [276/459] IPBG
[00:50:48] [277/459] SMFV
[00:50:49] [278/459] MMMR
[00:50:50] [279/459] MMWM
[00:50:50] [280/459] FNCM
[00:50:51] [281/459] MDVA
[00:50:52] [282/459] MMET
[00:50:53] [283/459] MIDO
[00:50:54] [284/459] INNP
[00:50:55] [285/459] MIFU
[00:50:56] [286/459] MMSZ
[00:50:57] [287/459] BMXA
[00:50:58] [288/459] MCAA
[00:50:59] [289/459] SCVP
[00:51:00] [290/459] PLUS
[00:51:01] [291/459] MUCK
[00:51:02] [292/459] MTMA
[00:51:03] [293/459] HPVR
[00:51:04] [294/459] PMPK
[00:51:05] [295/459] MAJB
[00:51:06] [296/459] CTRR
[00:51:07] [297/459] MCTG
[00:51:08] [298/459] MACE
[00:51:09] [299/459] AAAS
[00:51:09] [300/459] CPVV
[00:51:10] [301/459] RCHG
[00:51:11] [302/459] MCNE
[00:51:12] [303/459] EMNC
[00:51:13] [304/459] MCAN
[00:51:14] [305/459] TCDM
[00:51:15] [306/459] IRGT
[00:51:16] [307/459] GCMG
[00:51:17] [308/459] MXSN
[00:51:18] [309/459] MXCK
[00:51:19] [310/459] MCRC
[00:51:20] [311/459] RSMI
[00:51:21] [312/459] WAML
[00:51:21] [313/459] MTSC
[00:51:22] [314/459] FMDR
[00:51:23] [315/459] LEPV
[00:51:24] [316/459] MTGD
[00:51:25] [317/459] IMOB
[00:51:26] [318/459] CLMM
[00:51:27] [319/459] PZCD
[00:51:28] [320/459] GOCS
[00:51:29] [321/459] KCMA
[00:51:29] [322/459] CCMP
[00:51:30] [323/459] MTSU
[00:51:32] [324/459] SNGL
[00:51:33] [325/459] MMMC
[00:51:35] [326/459] MMAA
[00:51:35] [327/459] GCDM
[00:51:36] [328/459] KTMV
[00:51:37] [329/459] AETE
[00:51:38] [330/459] OMCS
[00:51:39] [331/459] GDCD
[00:51:40] [332/459] NYMD
[00:51:41] [333/459] RNCV
[00:51:42] [334/459] KKMT
[00:51:43] [335/459] GDTH
[00:51:44] [336/459] KMMV
[00:51:45] [337/459] NHCG
[00:51:46] [338/459] PJDW
[00:51:47] [339/459] MMCV
[00:51:48] [340/459] FQSA
[00:51:49] [341/459] KURL
[00:51:52] [342/459] NNNX
[00:51:53] [343/459] AMAU
[00:51:54] [344/459] VVVM
[00:51:54] [345/459] VECU
[00:51:55] [346/459] WCVR
[00:51:56] [347/459] MTGG
[00:51:57] [348/459] SGTG
[00:51:58] [349/459] MNTG
[00:52:00] [350/459] JDDG
[00:52:01] [351/459] MBTK
[00:52:02] [352/459] SGCD
[00:52:03] [353/459] MCTC
[00:52:04] [354/459] JTPC
[00:52:05] [355/459] SDKT
[00:52:06] [356/459] KRCC
[00:52:07] [357/459] RMMD
[00:52:07] [358/459] AAME
[00:52:09] [359/459] TMWC
[00:52:09] [360/459] NRWY
[00:52:10] [361/459] CITD
[00:52:11] [362/459] VERD
[00:52:12] [363/459] MKSK
[00:52:13] [364/459] STSM
[00:52:14] [365/459] MJDG
[00:52:15] [366/459] RKPM
[00:52:17] [367/459] SSCE
[00:52:17] [368/459] VMAE
[00:52:18] [369/459] SBRU
[00:52:19] [370/459] AMBC
[00:52:20] [371/459] AMLU
[00:52:21] [372/459] INVZ
[00:52:22] [373/459] LGTV
[00:52:23] [374/459] SVAD
[00:52:24] [375/459] SMSA
[00:52:25] [376/459] SPCZ
[00:52:26] [377/459] GTCX
[00:52:28] [378/459] SCSL
[00:52:28] [379/459] SAHU
[00:52:29] [380/459] NCDA
[00:52:30] [381/459] SCCG
[00:52:31] [382/459] VKTL
[00:52:33] [383/459] PUUJ
[00:52:34] [384/459] STEJ
[00:52:34] [385/459] RJAL
[00:52:35] [386/459] ACJC
[00:52:36] [387/459] VTHC
[00:52:38] [388/459] ARVB
[00:52:39] [389/459] AUBB
[00:52:40] [390/459] GDBR
[00:52:41] [391/459] PVND
[00:52:42] [392/459] BGRJ
[00:52:43] [393/459] RJMM
[00:52:44] [394/459] MCSA
[00:52:44] [395/459] BODA
[00:52:45] [396/459] JAGG
[00:52:46] [397/459] SCGA
[00:52:47] [398/459] LRCM
[00:52:48] [399/459] CPCN
[00:52:49] [400/459] SSTF
[00:52:50] [401/459] SRXP
[00:52:51] [402/459] CNFX
[00:52:52] [403/459] ANDI
[00:52:53] [404/459] SYEW
[00:52:54] [405/459] RCRE
[00:52:55] [406/459] SCRW
[00:52:56] [407/459] MBKR
[00:52:57] [408/459] ASNT
[00:52:58] [409/459] JTMT
[00:52:59] [410/459] SHAY
[00:53:00] [411/459] VRTH
[00:53:01] [412/459] SPTI
[00:53:02] [413/459] DPTD
[00:53:03] [414/459] TGSN
[00:53:04] [415/459] RCWV
[00:53:05] [416/459] OCUR
[00:53:06] [417/459] KSTC
[00:53:07] [418/459] SANI
[00:53:08] [419/459] MLCA
[00:53:09] [420/459] EGCA
[00:53:10] [421/459] SYSN
[00:53:11] [422/459] PKTA
[00:53:12] [423/459] PRCC
[00:53:13] [424/459] KSTR
[00:53:13] [425/459] SNTP
[00:53:14] [426/459] RCHA
[00:53:15] [427/459] SEEA
[00:53:16] [428/459] ALAT
[00:53:17] [429/459] AATV
[00:53:17] [430/459] RJTE
[00:53:18] [431/459] AAPP
[00:53:19] [432/459] PMMH
[00:53:20] [433/459] INRJ
[00:53:21] [434/459] SARB
[00:53:22] [435/459] PCJL
[00:53:23] [436/459] PFJJ
[00:53:24] [437/459] GRDC
[00:53:25] [438/459] BCBA
[00:53:26] [439/459] VIXL
[00:53:27] [440/459] CSTL
[00:53:28] [441/459] MTDK
[00:53:29] [442/459] TDAC
[00:53:30] [443/459] GTDN
[00:53:31] [444/459] TTDE
[00:53:32] [445/459] ASTS
[00:53:33] [446/459] CPNS
[00:53:34] [447/459] PVVW
[00:53:35] [448/459] USEB
[00:53:36] [449/459] DTYN
[00:53:38] [450/459] PVLE
[00:53:39] [451/459] CIPS
[00:53:40] [452/459] PAEG
[00:53:41] [453/459] PTCW
[00:53:42] [454/459] G3SR
[00:53:43] [455/459] PGND
[00:53:44] [456/459] INVM
[00:53:44] [457/459] SPIA
[00:53:46] [458/459] PCSN
[00:53:47] [459/459] PPGV
[00:53:47] ✅ DONE | Shows=0 | Movies=0
