[00:00:56] 🚀 BMS DAILY TRACKER STARTED
[00:00:56] [1/296] CDCA
[00:00:56] 🧠 New identity
[00:00:57] [2/296] MNSR
[00:00:58] [3/296] CSSL
[00:00:59] [4/296] BGGM
[00:01:00] [5/296] MANT
[00:01:01] [6/296] SOOY
[00:01:02] [7/296] VPPK
[00:01:03] [8/296] MYHJ
[00:01:05] [9/296] KSCK
[00:01:06] [10/296] KATK
[00:01:07] [11/296] RTRT
[00:01:08] [12/296] SSTT
[00:01:09] [13/296] SSTV
[00:01:09] [14/296] LACM
[00:01:10] [15/296] SGMG
[00:01:11] [16/296] KACX
[00:01:12] [17/296] GVCP
[00:01:13] [18/296] CSNC
[00:01:14] [19/296] SXCB
[00:01:15] [20/296] BAHS
[00:01:15] [21/296] PCBI
[00:01:16] [22/296] PSSM
[00:01:17] [23/296] RCOK
[00:01:18] [24/296] SCPF
[00:01:19] [25/296] SSAS
[00:01:20] [26/296] EVMM
[00:01:21] [27/296] SYCB
[00:01:22] [28/296] GCKI
[00:01:23] [29/296] IAET
[00:01:24] [30/296] DDTD
[00:01:25] [31/296] GMDH
[00:01:26] [32/296] STLE
[00:01:27] [33/296] JTRA
[00:01:28] [34/296] RPPA
[00:01:28] [35/296] ARUT
[00:01:29] [36/296] JTVM
[00:01:30] [37/296] SWRH
[00:01:31] [38/296] DCPC
[00:01:32] [39/296] RAPR
[00:01:33] [40/296] GCRT
[00:01:33] [41/296] ATUN
[00:01:34] [42/296] LTRM
[00:01:35] [43/296] TASR
[00:01:36] [44/296] RLLC
[00:01:37] [45/296] MABI
[00:01:38] [46/296] SVHB
[00:01:38] [47/296] NVTB
[00:01:39] [48/296] KCKG
[00:01:40] [49/296] SSRN
[00:01:41] [50/296] VDDC
[00:01:42] [51/296] GKTK
[00:01:44] [52/296] YFSN
[00:01:45] [53/296] GCSG
[00:01:46] [54/296] ESSM
[00:01:48] [55/296] KRIH
[00:01:49] [56/296] GCDS
[00:01:49] [57/296] CCSH
[00:01:51] [58/296] ACSK
[00:01:52] [59/296] APRK
[00:01:53] [60/296] ADKM
[00:01:54] [61/296] SRDM
[00:01:55] [62/296] RMOG
[00:01:56] [63/296] SJMY
[00:01:57] [64/296] PGGC
[00:01:58] [65/296] INGM
[00:01:59] [66/296] LSCB
[00:02:00] [67/296] STAD
[00:02:01] [68/296] MCCR
[00:02:02] [69/296] ABCC
[00:02:03] [70/296] RKCC
[00:02:04] [71/296] RTCR
[00:02:05] [72/296] GGBC
[00:02:06] [73/296] GCSD
[00:02:07] [74/296] LPTY
[00:02:08] [75/296] MCFD
[00:02:09] [76/296] HENN
[00:02:11] [77/296] SMKU
[00:02:11] [78/296] TNZC
[00:02:12] [79/296] DRCD
[00:02:13] [80/296] DLCD
[00:02:14] [81/296] RCDA
[00:02:15] [82/296] COSM
[00:02:16] [83/296] MCMJ
[00:02:17] [84/296] CSTR
[00:02:18] [85/296] CVDK
[00:02:19] [86/296] INRR
[00:02:20] [87/296] RJRT
[00:02:21] [88/296] IRMR
[00:02:21] [89/296] SRCF
[00:02:22] [90/296] GRCR
[00:02:23] [91/296] SURC
[00:02:24] [92/296] NMNH
[00:02:25] [93/296] SVBL
[00:02:26] [94/296] KACI
[00:02:27] [95/296] TDGO
[00:02:28] [96/296] KTBR
[00:02:29] [97/296] PMAD
[00:02:30] [98/296] CCPN
[00:02:31] [99/296] SBTK
[00:02:32] [100/296] LMDK
[00:02:32] [101/296] PGDA
[00:02:33] [102/296] SRML
[00:02:34] [103/296] EVCK
[00:02:35] [104/296] RTTK
[00:02:36] [105/296] SRTU
[00:02:36] [106/296] VRSA
[00:02:37] [107/296] VARS
[00:02:38] [108/296] DSCZ
[00:02:39] [109/296] GAGA
[00:02:40] [110/296] SARV
[00:02:41] [111/296] SEEG
[00:02:42] [112/296] GLCA
[00:02:43] [113/296] APAS
[00:02:43] [114/296] VCIA
[00:02:44] [115/296] SJTA
[00:02:45] [116/296] SABM
[00:02:46] [117/296] PPAG
[00:02:47] [118/296] RVCA
[00:02:48] [119/296] CCIA
[00:02:49] [120/296] HTAG
[00:02:50] [121/296] SMBI
[00:02:50] [122/296] MCJR
[00:02:51] [123/296] CCJR
[00:02:52] [124/296] SINF
[00:02:53] [125/296] CPLX
[00:02:54] [126/296] KKTJ
[00:02:55] [127/296] GDBW
[00:02:56] [128/296] CSUB
[00:02:57] [129/296] DABA
[00:02:57] [130/296] TITR
[00:02:58] [131/296] NYCR
[00:02:59] [132/296] RTRY
[00:02:59] [133/296] JTJL
[00:03:00] [134/296] SJCP
[00:03:01] [135/296] KCCA
[00:03:02] [136/296] MLPG
[00:03:03] [137/296] VRCK
[00:03:04] [138/296] SRIN
[00:03:04] [139/296] CXMK
[00:03:05] [140/296] SKAD
[00:03:06] [141/296] AVTR
[00:03:07] [142/296] PTAJ
[00:03:08] [143/296] SCNK
[00:03:09] [144/296] STTI
[00:03:10] [145/296] KACR
[00:03:11] [146/296] SSDX
[00:03:12] [147/296] VRTJ
[00:03:13] [148/296] RAJD
[00:03:14] [149/296] SCIP
[00:03:14] [150/296] RJSL
[00:03:15] [151/296] ARRS
[00:03:16] [152/296] ASMS
[00:03:18] [153/296] RDTS
[00:03:18] [154/296] DVMY
[00:03:19] [155/296] RASA
[00:03:20] [156/296] INOM
[00:03:21] [157/296] SPRS
[00:03:22] [158/296] SGCS
[00:03:23] [159/296] SALM
[00:03:24] [160/296] PKHC
[00:03:25] [161/296] RCSV
[00:03:27] [162/296] CPKC
[00:03:28] [163/296] AACD
[00:03:30] [164/296] GGCV
[00:03:30] [165/296] SMKD
[00:03:31] [166/296] NBCH
[00:03:32] [167/296] AMCB
[00:03:33] [168/296] OPCN
[00:03:34] [169/296] DCIN
[00:03:35] [170/296] INGW
[00:03:36] [171/296] PKKW
[00:03:37] [172/296] FNGW
[00:03:38] [173/296] GCGD
[00:03:38] [174/296] MSTW
[00:03:39] [175/296] KCCG
[00:03:40] [176/296] MRSS
[00:03:41] [177/296] CLCF
[00:03:42] [178/296] EETS
[00:03:43] [179/296] AATR
[00:03:43] [180/296] CMMN
[00:03:44] [181/296] SCCJ
[00:03:45] [182/296] CDTK
[00:03:46] [183/296] AICP
[00:03:47] [184/296] FNBP
[00:03:48] [185/296] CBPB
[00:03:49] [186/296] CPAS
[00:03:50] [187/296] MAPM
[00:03:51] [188/296] PASD
[00:03:52] [189/296] JCMN
[00:03:53] [190/296] MALB
[00:03:54] [191/296] SACG
[00:03:55] [192/296] DDRX
[00:03:56] [193/296] DDXB
[00:03:57] [194/296] RAMC
[00:03:57] [195/296] SANC
[00:03:58] [196/296] BCBP
[00:03:59] [197/296] ALPC
[00:04:00] [198/296] RBAC
[00:04:01] [199/296] RAJL
[00:04:02] [200/296] MPDX
[00:04:03] [201/296] MUSC
[00:04:04] [202/296] VKMK
[00:04:05] [203/296] SKCG
[00:04:06] [204/296] ANCN
[00:04:07] [205/296] MMCJ
[00:04:07] [206/296] DCAK
[00:04:08] [207/296] SCKG
[00:04:09] [208/296] LMCK
[00:04:10] [209/296] CKKX
[00:04:11] [210/296] ANKU
[00:04:12] [211/296] CSMD
[00:04:13] [212/296] MKMP
[00:04:14] [213/296] SVBG
[00:04:14] [214/296] ROOP
[00:04:15] [215/296] GDMT
[00:04:16] [216/296] FPPF
[00:04:17] [217/296] SFUU
[00:04:18] [218/296] ANCB
[00:04:19] [219/296] SMMC
[00:04:19] [220/296] UGKT
[00:04:20] [221/296] JVRM
[00:04:22] [222/296] BATG
[00:04:23] [223/296] RATE
[00:04:23] [224/296] SKME
[00:04:24] [225/296] LMTP
[00:04:25] [226/296] TCBD
[00:04:26] [227/296] ESBD
[00:04:27] [228/296] GDCU
[00:04:28] [229/296] SNKT
[00:04:29] [230/296] SRNK
[00:04:30] [231/296] SMED
[00:04:31] [232/296] CSQS
[00:04:32] [233/296] ALCS
[00:04:32] [234/296] KCKN
[00:04:33] [235/296] VCCL
[00:04:34] [236/296] MCDA
[00:04:36] [237/296] SHMI
[00:04:37] [238/296] SKHA
[00:04:37] [239/296] SVFK
[00:04:38] [240/296] INVB
[00:04:39] [241/296] MELD
[00:04:40] [242/296] JTYS
[00:04:41] [243/296] INCM
[00:04:42] [244/296] MCDV
[00:04:43] [245/296] KSGK
[00:04:44] [246/296] ICMG
[00:04:44] [247/296] CSCV
[00:04:45] [248/296] STMD
[00:04:46] [249/296] STTR
[00:04:47] [250/296] INVC
[00:04:48] [251/296] JTBL
[00:04:49] [252/296] SRVV
[00:04:50] [253/296] MAVC
[00:04:51] [254/296] SRPP
[00:04:52] [255/296] JGDM
[00:04:53] [256/296] MBSJ
[00:04:54] [257/296] SSLL
[00:04:55] [258/296] SLKP
[00:04:56] [259/296] NSRV
[00:04:56] [260/296] UTDV
[00:04:57] [261/296] KICM
[00:04:58] [262/296] KCMD
[00:04:59] [263/296] TTPP
[00:05:00] [264/296] KMPV
[00:05:01] [265/296] SKTV
[00:05:02] [266/296] STCV
[00:05:03] [267/296] SRDA
[00:05:04] [268/296] JTSX
[00:05:05] [269/296] STBV
[00:05:06] [270/296] APVZ
[00:05:06] [271/296] GSTV
[00:05:08] [272/296] NMVS
[00:05:09] [273/296] SKRT
[00:05:10] [274/296] RMDV
[00:05:11] [275/296] RATG
[00:05:12] [276/296] SJYV
[00:05:13] [277/296] NDGP
[00:05:14] [278/296] SNDG
[00:05:14] [279/296] INSR
[00:05:15] [280/296] INSO
[00:05:16] [281/296] CCSI
[00:05:17] [282/296] RASM
[00:05:18] [283/296] NEWC
[00:05:19] [284/296] VSHL
[00:05:20] [285/296] BISW
[00:05:21] [286/296] GCNG
[00:05:22] [287/296] CWSC
[00:05:22] [288/296] SKAN
[00:05:23] [289/296] SEHP
[00:05:24] [290/296] CCOA
[00:05:25] [291/296] MCAJ
[00:05:26] [292/296] ACDE
[00:05:27] [293/296] AACM
[00:05:28] [294/296] JJCK
[00:05:30] [295/296] RCMO
[00:05:31] [296/296] GDAW
[00:05:32] ✅ DONE | Shows=0 | Movies=0
[00:52:57] 🚀 BMS DAILY TRACKER STARTED
[00:52:57] [1/296] CDCA
[00:52:57] 🧠 New identity
[00:52:58] [2/296] MNSR
[00:52:59] [3/296] CSSL
[00:53:00] [4/296] BGGM
[00:53:01] [5/296] MANT
[00:53:02] [6/296] SOOY
[00:53:03] [7/296] VPPK
[00:53:03] [8/296] MYHJ
[00:53:05] [9/296] KSCK
[00:53:06] [10/296] KATK
[00:53:07] [11/296] RTRT
[00:53:08] [12/296] SSTT
[00:53:08] [13/296] SSTV
[00:53:10] [14/296] LACM
[00:53:11] [15/296] SGMG
[00:53:12] [16/296] KACX
[00:53:12] [17/296] GVCP
[00:53:14] [18/296] CSNC
[00:53:15] [19/296] SXCB
[00:53:16] [20/296] BAHS
[00:53:17] [21/296] PCBI
[00:53:18] [22/296] PSSM
[00:53:19] [23/296] RCOK
[00:53:20] [24/296] SCPF
[00:53:20] [25/296] SSAS
[00:53:21] [26/296] EVMM
[00:53:22] [27/296] SYCB
[00:53:24] [28/296] GCKI
[00:53:24] [29/296] IAET
[00:53:25] [30/296] DDTD
[00:53:26] [31/296] GMDH
[00:53:27] [32/296] STLE
[00:53:28] [33/296] JTRA
[00:53:29] [34/296] RPPA
[00:53:30] [35/296] ARUT
[00:53:31] [36/296] JTVM
[00:53:32] [37/296] SWRH
[00:53:33] [38/296] DCPC
[00:53:34] [39/296] RAPR
[00:53:34] [40/296] GCRT
[00:53:35] [41/296] ATUN
[00:53:36] [42/296] LTRM
[00:53:37] [43/296] TASR
[00:53:38] [44/296] RLLC
[00:53:39] [45/296] MABI
[00:53:39] [46/296] SVHB
[00:53:40] [47/296] NVTB
[00:53:41] [48/296] KCKG
[00:53:42] [49/296] SSRN
[00:53:43] [50/296] VDDC
[00:53:44] [51/296] GKTK
[00:53:45] [52/296] YFSN
[00:53:46] [53/296] GCSG
[00:53:46] [54/296] ESSM
[00:53:47] [55/296] KRIH
[00:53:48] [56/296] GCDS
[00:53:49] [57/296] CCSH
[00:53:50] [58/296] ACSK
[00:53:51] [59/296] APRK
[00:53:52] [60/296] ADKM
[00:53:53] [61/296] SRDM
[00:53:53] [62/296] RMOG
[00:53:54] [63/296] SJMY
[00:53:55] [64/296] PGGC
[00:53:57] [65/296] INGM
[00:53:57] [66/296] LSCB
[00:53:58] [67/296] STAD
[00:54:00] [68/296] MCCR
[00:54:00] [69/296] ABCC
[00:54:01] [70/296] RKCC
[00:54:02] [71/296] RTCR
[00:54:03] [72/296] GGBC
[00:54:04] [73/296] GCSD
[00:54:05] [74/296] LPTY
[00:54:06] [75/296] MCFD
[00:54:06] [76/296] HENN
[00:54:07] [77/296] SMKU
[00:54:09] [78/296] TNZC
[00:54:10] [79/296] DRCD
[00:54:11] [80/296] DLCD
[00:54:11] [81/296] RCDA
[00:54:12] [82/296] COSM
[00:54:13] [83/296] MCMJ
[00:54:14] [84/296] CSTR
[00:54:15] [85/296] CVDK
[00:54:16] [86/296] INRR
[00:54:17] [87/296] RJRT
[00:54:18] [88/296] IRMR
[00:54:19] [89/296] SRCF
[00:54:20] [90/296] GRCR
[00:54:21] [91/296] SURC
[00:54:22] [92/296] NMNH
[00:54:23] [93/296] SVBL
[00:54:24] [94/296] KACI
[00:54:25] [95/296] TDGO
[00:54:26] [96/296] KTBR
[00:54:27] [97/296] PMAD
[00:54:28] [98/296] CCPN
[00:54:28] [99/296] SBTK
[00:54:29] [100/296] LMDK
[00:54:30] [101/296] PGDA
[00:54:31] [102/296] SRML
[00:54:32] [103/296] EVCK
[00:54:33] [104/296] RTTK
[00:54:34] [105/296] SRTU
[00:54:35] [106/296] VRSA
[00:54:36] [107/296] VARS
[00:54:37] [108/296] DSCZ
[00:54:38] [109/296] GAGA
[00:54:39] [110/296] SARV
[00:54:41] [111/296] SEEG
[00:54:41] [112/296] GLCA
[00:54:42] [113/296] APAS
[00:54:44] [114/296] VCIA
[00:54:45] [115/296] SJTA
[00:54:46] [116/296] SABM
[00:54:46] [117/296] PPAG
[00:54:47] [118/296] RVCA
[00:54:48] [119/296] CCIA
[00:54:49] [120/296] HTAG
[00:54:50] [121/296] SMBI
[00:54:50] [122/296] MCJR
[00:54:51] [123/296] CCJR
[00:54:53] [124/296] SINF
[00:54:54] [125/296] CPLX
[00:54:55] [126/296] KKTJ
[00:54:56] [127/296] GDBW
[00:54:57] [128/296] CSUB
[00:54:58] [129/296] DABA
[00:54:58] [130/296] TITR
[00:54:59] [131/296] NYCR
[00:55:00] [132/296] RTRY
[00:55:01] [133/296] JTJL
[00:55:02] [134/296] SJCP
[00:55:03] [135/296] KCCA
[00:55:03] [136/296] MLPG
[00:55:04] [137/296] VRCK
[00:55:05] [138/296] SRIN
[00:55:06] [139/296] CXMK
[00:55:07] [140/296] SKAD
[00:55:08] [141/296] AVTR
[00:55:08] [142/296] PTAJ
[00:55:09] [143/296] SCNK
[00:55:10] [144/296] STTI
[00:55:11] [145/296] KACR
[00:55:12] [146/296] SSDX
[00:55:12] [147/296] VRTJ
[00:55:13] [148/296] RAJD
[00:55:14] [149/296] SCIP
[00:55:15] [150/296] RJSL
[00:55:16] [151/296] ARRS
[00:55:17] [152/296] ASMS
[00:55:17] [153/296] RDTS
[00:55:18] [154/296] DVMY
[00:55:19] [155/296] RASA
[00:55:20] [156/296] INOM
[00:55:21] [157/296] SPRS
[00:55:22] [158/296] SGCS
[00:55:23] [159/296] SALM
[00:55:24] [160/296] PKHC
[00:55:25] [161/296] RCSV
[00:55:26] [162/296] CPKC
[00:55:26] [163/296] AACD
[00:55:27] [164/296] GGCV
[00:55:28] [165/296] SMKD
[00:55:30] [166/296] NBCH
[00:55:31] [167/296] AMCB
[00:55:31] [168/296] OPCN
[00:55:32] [169/296] DCIN
[00:55:33] [170/296] INGW
[00:55:34] [171/296] PKKW
[00:55:35] [172/296] FNGW
[00:55:36] [173/296] GCGD
[00:55:37] [174/296] MSTW
[00:55:38] [175/296] KCCG
[00:55:39] [176/296] MRSS
[00:55:40] [177/296] CLCF
[00:55:41] [178/296] EETS
[00:55:42] [179/296] AATR
[00:55:43] [180/296] CMMN
[00:55:44] [181/296] SCCJ
[00:55:45] [182/296] CDTK
[00:55:46] [183/296] AICP
[00:55:47] [184/296] FNBP
[00:55:48] [185/296] CBPB
[00:55:48] [186/296] CPAS
[00:55:49] [187/296] MAPM
[00:55:50] [188/296] PASD
[00:55:50] [189/296] JCMN
[00:55:51] [190/296] MALB
[00:55:52] [191/296] SACG
[00:55:53] [192/296] DDRX
[00:55:54] [193/296] DDXB
[00:55:55] [194/296] RAMC
[00:55:56] [195/296] SANC
[00:55:57] [196/296] BCBP
[00:55:58] [197/296] ALPC
[00:55:59] [198/296] RBAC
[00:55:59] [199/296] RAJL
[00:56:00] [200/296] MPDX
[00:56:01] [201/296] MUSC
[00:56:02] [202/296] VKMK
[00:56:03] [203/296] SKCG
[00:56:04] [204/296] ANCN
[00:56:04] [205/296] MMCJ
[00:56:05] [206/296] DCAK
[00:56:06] [207/296] SCKG
[00:56:07] [208/296] LMCK
[00:56:08] [209/296] CKKX
[00:56:09] [210/296] ANKU
[00:56:10] [211/296] CSMD
[00:56:11] [212/296] MKMP
[00:56:12] [213/296] SVBG
[00:56:12] [214/296] ROOP
[00:56:13] [215/296] GDMT
[00:56:14] [216/296] FPPF
[00:56:16] [217/296] SFUU
[00:56:16] [218/296] ANCB
[00:56:17] [219/296] SMMC
[00:56:17] [220/296] UGKT
[00:56:18] [221/296] JVRM
[00:56:19] [222/296] BATG
[00:56:20] [223/296] RATE
[00:56:21] [224/296] SKME
[00:56:23] [225/296] LMTP
[00:56:23] [226/296] TCBD
[00:56:24] [227/296] ESBD
[00:56:25] [228/296] GDCU
[00:56:25] [229/296] SNKT
[00:56:26] [230/296] SRNK
[00:56:27] [231/296] SMED
[00:56:28] [232/296] CSQS
[00:56:29] [233/296] ALCS
[00:56:30] [234/296] KCKN
[00:56:31] [235/296] VCCL
[00:56:31] [236/296] MCDA
[00:56:32] [237/296] SHMI
[00:56:33] [238/296] SKHA
[00:56:34] [239/296] SVFK
[00:56:35] [240/296] INVB
[00:56:36] [241/296] MELD
[00:56:36] [242/296] JTYS
[00:56:37] [243/296] INCM
[00:56:38] [244/296] MCDV
[00:56:39] [245/296] KSGK
[00:56:40] [246/296] ICMG
[00:56:40] [247/296] CSCV
[00:56:41] [248/296] STMD
[00:56:42] [249/296] STTR
[00:56:43] [250/296] INVC
[00:56:43] [251/296] JTBL
[00:56:44] [252/296] SRVV
[00:56:45] [253/296] MAVC
[00:56:46] [254/296] SRPP
[00:56:47] [255/296] JGDM
[00:56:48] [256/296] MBSJ
[00:56:48] [257/296] SSLL
[00:56:49] [258/296] SLKP
[00:56:50] [259/296] NSRV
[00:56:50] [260/296] UTDV
[00:56:51] [261/296] KICM
[00:56:52] [262/296] KCMD
[00:56:53] [263/296] TTPP
[00:56:53] [264/296] KMPV
[00:56:54] [265/296] SKTV
[00:56:55] [266/296] STCV
[00:56:56] [267/296] SRDA
[00:56:57] [268/296] JTSX
[00:56:58] [269/296] STBV
[00:56:58] [270/296] APVZ
[00:56:59] [271/296] GSTV
[00:57:00] [272/296] NMVS
[00:57:01] [273/296] SKRT
[00:57:02] [274/296] RMDV
[00:57:03] [275/296] RATG
[00:57:04] [276/296] SJYV
[00:57:04] [277/296] NDGP
[00:57:05] [278/296] SNDG
[00:57:07] [279/296] INSR
[00:57:07] [280/296] INSO
[00:57:08] [281/296] CCSI
[00:57:08] [282/296] RASM
[00:57:09] [283/296] NEWC
[00:57:10] [284/296] VSHL
[00:57:11] [285/296] BISW
[00:57:12] [286/296] GCNG
[00:57:14] [287/296] CWSC
[00:57:14] [288/296] SKAN
[00:57:15] [289/296] SEHP
[00:57:16] [290/296] CCOA
[00:57:17] [291/296] MCAJ
[00:57:18] [292/296] ACDE
[00:57:19] [293/296] AACM
[00:57:19] [294/296] JJCK
[00:57:20] [295/296] RCMO
[00:57:22] [296/296] GDAW
[00:57:23] ✅ DONE | Shows=0 | Movies=0
[01:56:03] 🚀 BMS DAILY TRACKER STARTED
[01:56:03] [1/296] CDCA
[01:56:03] 🧠 New identity
[01:56:04] [2/296] MNSR
[01:56:05] [3/296] CSSL
[01:56:06] [4/296] BGGM
[01:56:07] [5/296] MANT
[01:56:08] [6/296] SOOY
[01:56:09] [7/296] VPPK
[01:56:09] [8/296] MYHJ
[01:56:10] [9/296] KSCK
[01:56:11] [10/296] KATK
[01:56:12] [11/296] RTRT
[01:56:13] [12/296] SSTT
[01:56:14] [13/296] SSTV
[01:56:15] [14/296] LACM
[01:56:16] [15/296] SGMG
[01:56:17] [16/296] KACX
[01:56:18] [17/296] GVCP
[01:56:19] [18/296] CSNC
[01:56:20] [19/296] SXCB
[01:56:20] [20/296] BAHS
[01:56:21] [21/296] PCBI
[01:56:23] [22/296] PSSM
[01:56:24] [23/296] RCOK
[01:56:25] [24/296] SCPF
[01:56:25] [25/296] SSAS
[01:56:26] [26/296] EVMM
[01:56:27] [27/296] SYCB
[01:56:29] [28/296] GCKI
[01:56:29] [29/296] IAET
[01:56:30] [30/296] DDTD
[01:56:31] [31/296] GMDH
[01:56:32] [32/296] STLE
[01:56:33] [33/296] JTRA
[01:56:34] [34/296] RPPA
[01:56:35] [35/296] ARUT
[01:56:36] [36/296] JTVM
[01:56:37] [37/296] SWRH
[01:56:38] [38/296] DCPC
[01:56:39] [39/296] RAPR
[01:56:39] [40/296] GCRT
[01:56:40] [41/296] ATUN
[01:56:41] [42/296] LTRM
[01:56:42] [43/296] TASR
[01:56:43] [44/296] RLLC
[01:56:44] [45/296] MABI
[01:56:45] [46/296] SVHB
[01:56:46] [47/296] NVTB
[01:56:47] [48/296] KCKG
[01:56:48] [49/296] SSRN
[01:56:50] [50/296] VDDC
[01:56:51] [51/296] GKTK
[01:56:51] [52/296] YFSN
[01:56:52] [53/296] GCSG
[01:56:53] [54/296] ESSM
[01:56:54] [55/296] KRIH
[01:56:55] [56/296] GCDS
[01:56:56] [57/296] CCSH
[01:56:56] [58/296] ACSK
[01:56:57] [59/296] APRK
[01:56:58] [60/296] ADKM
[01:56:59] [61/296] SRDM
[01:57:00] [62/296] RMOG
[01:57:01] [63/296] SJMY
[01:57:01] [64/296] PGGC
[01:57:02] [65/296] INGM
[01:57:03] [66/296] LSCB
[01:57:04] [67/296] STAD
[01:57:04] [68/296] MCCR
[01:57:05] [69/296] ABCC
[01:57:06] [70/296] RKCC
[01:57:07] [71/296] RTCR
[01:57:08] [72/296] GGBC
[01:57:09] [73/296] GCSD
[01:57:10] [74/296] LPTY
[01:57:11] [75/296] MCFD
[01:57:12] [76/296] HENN
[01:57:13] [77/296] SMKU
[01:57:14] [78/296] TNZC
[01:57:15] [79/296] DRCD
[01:57:16] [80/296] DLCD
[01:57:18] [81/296] RCDA
[01:57:19] [82/296] COSM
[01:57:20] [83/296] MCMJ
[01:57:21] [84/296] CSTR
[01:57:22] [85/296] CVDK
[01:57:22] [86/296] INRR
[01:57:23] [87/296] RJRT
[01:57:25] [88/296] IRMR
[01:57:26] [89/296] SRCF
[01:57:28] [90/296] GRCR
[01:57:28] [91/296] SURC
[01:57:29] [92/296] NMNH
[01:57:31] [93/296] SVBL
[01:57:32] [94/296] KACI
[01:57:33] [95/296] TDGO
[01:57:34] [96/296] KTBR
[01:57:35] [97/296] PMAD
[01:57:36] [98/296] CCPN
[01:57:37] [99/296] SBTK
[01:57:37] [100/296] LMDK
[01:57:38] [101/296] PGDA
[01:57:39] [102/296] SRML
[01:57:40] [103/296] EVCK
[01:57:41] [104/296] RTTK
[01:57:42] [105/296] SRTU
[01:57:43] [106/296] VRSA
[01:57:44] [107/296] VARS
[01:57:45] [108/296] DSCZ
[01:57:46] [109/296] GAGA
[01:57:47] [110/296] SARV
[01:57:48] [111/296] SEEG
[01:57:49] [112/296] GLCA
[01:57:50] [113/296] APAS
[01:57:52] [114/296] VCIA
[01:57:52] [115/296] SJTA
[01:57:53] [116/296] SABM
[01:57:54] [117/296] PPAG
[01:57:55] [118/296] RVCA
[01:57:56] [119/296] CCIA
[01:57:57] [120/296] HTAG
[01:57:58] [121/296] SMBI
[01:57:59] [122/296] MCJR
[01:58:00] [123/296] CCJR
[01:58:00] [124/296] SINF
[01:58:01] [125/296] CPLX
[01:58:02] [126/296] KKTJ
[01:58:03] [127/296] GDBW
[01:58:04] [128/296] CSUB
[01:58:05] [129/296] DABA
[01:58:06] [130/296] TITR
[01:58:06] [131/296] NYCR
[01:58:07] [132/296] RTRY
[01:58:09] [133/296] JTJL
[01:58:10] [134/296] SJCP
[01:58:12] [135/296] KCCA
[01:58:13] [136/296] MLPG
[01:58:14] [137/296] VRCK
[01:58:15] [138/296] SRIN
[01:58:16] [139/296] CXMK
[01:58:17] [140/296] SKAD
[01:58:18] [141/296] AVTR
[01:58:19] [142/296] PTAJ
[01:58:20] [143/296] SCNK
[01:58:21] [144/296] STTI
[01:58:21] [145/296] KACR
[01:58:22] [146/296] SSDX
[01:58:23] [147/296] VRTJ
[01:58:24] [148/296] RAJD
[01:58:25] [149/296] SCIP
[01:58:27] [150/296] RJSL
[01:58:27] [151/296] ARRS
[01:58:28] [152/296] ASMS
[01:58:29] [153/296] RDTS
[01:58:29] [154/296] DVMY
[01:58:30] [155/296] RASA
[01:58:31] [156/296] INOM
[01:58:32] [157/296] SPRS
[01:58:33] [158/296] SGCS
[01:58:34] [159/296] SALM
[01:58:35] [160/296] PKHC
[01:58:36] [161/296] RCSV
[01:58:37] [162/296] CPKC
[01:58:38] [163/296] AACD
[01:58:38] [164/296] GGCV
[01:58:40] [165/296] SMKD
[01:58:41] [166/296] NBCH
[01:58:42] [167/296] AMCB
[01:58:42] [168/296] OPCN
[01:58:43] [169/296] DCIN
[01:58:44] [170/296] INGW
[01:58:45] [171/296] PKKW
[01:58:46] [172/296] FNGW
[01:58:47] [173/296] GCGD
[01:58:47] [174/296] MSTW
[01:58:48] [175/296] KCCG
[01:58:49] [176/296] MRSS
[01:58:50] [177/296] CLCF
[01:58:51] [178/296] EETS
[01:58:51] [179/296] AATR
[01:58:52] [180/296] CMMN
[01:58:53] [181/296] SCCJ
[01:58:54] [182/296] CDTK
[01:58:55] [183/296] AICP
[01:58:56] [184/296] FNBP
[01:58:56] [185/296] CBPB
[01:58:57] [186/296] CPAS
[01:58:58] [187/296] MAPM
[01:58:59] [188/296] PASD
[01:59:00] [189/296] JCMN
[01:59:01] [190/296] MALB
[01:59:02] [191/296] SACG
[01:59:03] [192/296] DDRX
[01:59:04] [193/296] DDXB
[01:59:04] [194/296] RAMC
[01:59:05] [195/296] SANC
[01:59:06] [196/296] BCBP
[01:59:07] [197/296] ALPC
[01:59:08] [198/296] RBAC
[01:59:09] [199/296] RAJL
[01:59:09] [200/296] MPDX
[01:59:10] [201/296] MUSC
[01:59:11] [202/296] VKMK
[01:59:12] [203/296] SKCG
[01:59:12] [204/296] ANCN
[01:59:13] [205/296] MMCJ
[01:59:14] [206/296] DCAK
[01:59:15] [207/296] SCKG
[01:59:17] [208/296] LMCK
[01:59:17] [209/296] CKKX
[01:59:18] [210/296] ANKU
[01:59:19] [211/296] CSMD
[01:59:20] [212/296] MKMP
[01:59:21] [213/296] SVBG
[01:59:22] [214/296] ROOP
[01:59:23] [215/296] GDMT
[01:59:24] [216/296] FPPF
[01:59:25] [217/296] SFUU
[01:59:25] [218/296] ANCB
[01:59:27] [219/296] SMMC
[01:59:27] [220/296] UGKT
[01:59:28] [221/296] JVRM
[01:59:29] [222/296] BATG
[01:59:30] [223/296] RATE
[01:59:31] [224/296] SKME
[01:59:32] [225/296] LMTP
[01:59:32] [226/296] TCBD
[01:59:33] [227/296] ESBD
[01:59:34] [228/296] GDCU
[01:59:35] [229/296] SNKT
[01:59:36] [230/296] SRNK
[01:59:37] [231/296] SMED
[01:59:38] [232/296] CSQS
[01:59:39] [233/296] ALCS
[01:59:39] [234/296] KCKN
[01:59:40] [235/296] VCCL
[01:59:41] [236/296] MCDA
[01:59:42] [237/296] SHMI
[01:59:43] [238/296] SKHA
[01:59:43] [239/296] SVFK
[01:59:44] [240/296] INVB
[01:59:46] [241/296] MELD
[01:59:46] [242/296] JTYS
[01:59:47] [243/296] INCM
[01:59:48] [244/296] MCDV
[01:59:50] [245/296] KSGK
[01:59:50] [246/296] ICMG
[01:59:52] [247/296] CSCV
[01:59:52] [248/296] STMD
[01:59:53] [249/296] STTR
[01:59:54] [250/296] INVC
[01:59:54] [251/296] JTBL
[01:59:55] [252/296] SRVV
[01:59:56] [253/296] MAVC
[01:59:57] [254/296] SRPP
[01:59:58] [255/296] JGDM
[01:59:58] [256/296] MBSJ
[01:59:59] [257/296] SSLL
[02:00:00] [258/296] SLKP
[02:00:02] [259/296] NSRV
[02:00:02] [260/296] UTDV
[02:00:03] [261/296] KICM
[02:00:04] [262/296] KCMD
[02:00:05] [263/296] TTPP
[02:00:06] [264/296] KMPV
[02:00:07] [265/296] SKTV
[02:00:08] [266/296] STCV
[02:00:08] [267/296] SRDA
[02:00:09] [268/296] JTSX
[02:00:10] [269/296] STBV
[02:00:11] [270/296] APVZ
[02:00:12] [271/296] GSTV
[02:00:12] [272/296] NMVS
[02:00:13] [273/296] SKRT
[02:00:14] [274/296] RMDV
[02:00:15] [275/296] RATG
[02:00:16] [276/296] SJYV
[02:00:17] [277/296] NDGP
[02:00:18] [278/296] SNDG
[02:00:18] [279/296] INSR
[02:00:19] [280/296] INSO
[02:00:20] [281/296] CCSI
[02:00:21] [282/296] RASM
[02:00:22] [283/296] NEWC
[02:00:23] [284/296] VSHL
[02:00:23] [285/296] BISW
[02:00:24] [286/296] GCNG
[02:00:25] [287/296] CWSC
[02:00:26] [288/296] SKAN
[02:00:27] [289/296] SEHP
[02:00:27] [290/296] CCOA
[02:00:29] [291/296] MCAJ
[02:00:30] [292/296] ACDE
[02:00:31] [293/296] AACM
[02:00:32] [294/296] JJCK
[02:00:33] [295/296] RCMO
[02:00:33] [296/296] GDAW
[02:00:34] ✅ DONE | Shows=0 | Movies=0
[02:53:11] 🚀 BMS DAILY TRACKER STARTED
[02:53:11] [1/296] CDCA
[02:53:11] 🧠 New identity
[02:53:12] [2/296] MNSR
[02:53:12] [3/296] CSSL
[02:53:13] [4/296] BGGM
[02:53:14] [5/296] MANT
[02:53:15] [6/296] SOOY
[02:53:16] [7/296] VPPK
[02:53:17] [8/296] MYHJ
[02:53:18] [9/296] KSCK
[02:53:19] [10/296] KATK
[02:53:20] [11/296] RTRT
[02:53:21] [12/296] SSTT
[02:53:21] [13/296] SSTV
[02:53:22] [14/296] LACM
[02:53:24] [15/296] SGMG
[02:53:25] [16/296] KACX
[02:53:26] [17/296] GVCP
[02:53:27] [18/296] CSNC
[02:53:27] [19/296] SXCB
[02:53:29] [20/296] BAHS
[02:53:30] [21/296] PCBI
[02:53:31] [22/296] PSSM
[02:53:32] [23/296] RCOK
[02:53:32] [24/296] SCPF
[02:53:33] [25/296] SSAS
[02:53:34] [26/296] EVMM
[02:53:35] [27/296] SYCB
[02:53:36] [28/296] GCKI
[02:53:37] [29/296] IAET
[02:53:38] [30/296] DDTD
[02:53:39] [31/296] GMDH
[02:53:40] [32/296] STLE
[02:53:40] [33/296] JTRA
[02:53:41] [34/296] RPPA
[02:53:42] [35/296] ARUT
[02:53:43] [36/296] JTVM
[02:53:44] [37/296] SWRH
[02:53:45] [38/296] DCPC
[02:53:46] [39/296] RAPR
[02:53:47] [40/296] GCRT
[02:53:48] [41/296] ATUN
[02:53:49] [42/296] LTRM
[02:53:50] [43/296] TASR
[02:53:51] [44/296] RLLC
[02:53:52] [45/296] MABI
[02:53:53] [46/296] SVHB
[02:53:54] [47/296] NVTB
[02:53:55] [48/296] KCKG
[02:53:56] [49/296] SSRN
[02:53:57] [50/296] VDDC
[02:53:58] [51/296] GKTK
[02:53:59] [52/296] YFSN
[02:54:00] [53/296] GCSG
[02:54:01] [54/296] ESSM
[02:54:02] [55/296] KRIH
[02:54:03] [56/296] GCDS
[02:54:04] [57/296] CCSH
[02:54:04] [58/296] ACSK
[02:54:05] [59/296] APRK
[02:54:06] [60/296] ADKM
[02:54:07] [61/296] SRDM
[02:54:08] [62/296] RMOG
[02:54:09] [63/296] SJMY
[02:54:10] [64/296] PGGC
[02:54:11] [65/296] INGM
[02:54:11] [66/296] LSCB
[02:54:12] [67/296] STAD
[02:54:13] [68/296] MCCR
[02:54:15] [69/296] ABCC
[02:54:16] [70/296] RKCC
[02:54:17] [71/296] RTCR
[02:54:18] [72/296] GGBC
[02:54:19] [73/296] GCSD
[02:54:20] [74/296] LPTY
[02:54:21] [75/296] MCFD
[02:54:22] [76/296] HENN
[02:54:23] [77/296] SMKU
[02:54:24] [78/296] TNZC
[02:54:25] [79/296] DRCD
[02:54:26] [80/296] DLCD
[02:54:27] [81/296] RCDA
[02:54:28] [82/296] COSM
[02:54:29] [83/296] MCMJ
[02:54:30] [84/296] CSTR
[02:54:31] [85/296] CVDK
[02:54:32] [86/296] INRR
[02:54:32] [87/296] RJRT
[02:54:33] [88/296] IRMR
[02:54:35] [89/296] SRCF
[02:54:36] [90/296] GRCR
[02:54:36] [91/296] SURC
[02:54:37] [92/296] NMNH
[02:54:38] [93/296] SVBL
[02:54:39] [94/296] KACI
[02:54:40] [95/296] TDGO
[02:54:41] [96/296] KTBR
[02:54:42] [97/296] PMAD
[02:54:44] [98/296] CCPN
[02:54:45] [99/296] SBTK
[02:54:46] [100/296] LMDK
[02:54:47] [101/296] PGDA
[02:54:48] [102/296] SRML
[02:54:49] [103/296] EVCK
[02:54:50] [104/296] RTTK
[02:54:51] [105/296] SRTU
[02:54:52] [106/296] VRSA
[02:54:52] [107/296] VARS
[02:54:53] [108/296] DSCZ
[02:54:55] [109/296] GAGA
[02:54:57] [110/296] SARV
[02:54:57] [111/296] SEEG
[02:54:58] [112/296] GLCA
[02:54:59] [113/296] APAS
[02:55:00] [114/296] VCIA
[02:55:01] [115/296] SJTA
[02:55:02] [116/296] SABM
[02:55:03] [117/296] PPAG
[02:55:04] [118/296] RVCA
[02:55:05] [119/296] CCIA
[02:55:06] [120/296] HTAG
[02:55:07] [121/296] SMBI
[02:55:07] [122/296] MCJR
[02:55:08] [123/296] CCJR
[02:55:09] [124/296] SINF
[02:55:10] [125/296] CPLX
[02:55:12] [126/296] KKTJ
[02:55:13] [127/296] GDBW
[02:55:14] [128/296] CSUB
[02:55:15] [129/296] DABA
[02:55:16] [130/296] TITR
[02:55:17] [131/296] NYCR
[02:55:18] [132/296] RTRY
[02:55:19] [133/296] JTJL
[02:55:20] [134/296] SJCP
[02:55:21] [135/296] KCCA
[02:55:22] [136/296] MLPG
[02:55:23] [137/296] VRCK
[02:55:24] [138/296] SRIN
[02:55:24] [139/296] CXMK
[02:55:25] [140/296] SKAD
[02:55:26] [141/296] AVTR
[02:55:27] [142/296] PTAJ
[02:55:28] [143/296] SCNK
[02:55:29] [144/296] STTI
[02:55:30] [145/296] KACR
[02:55:31] [146/296] SSDX
[02:55:32] [147/296] VRTJ
[02:55:33] [148/296] RAJD
[02:55:34] [149/296] SCIP
[02:55:35] [150/296] RJSL
[02:55:36] [151/296] ARRS
[02:55:37] [152/296] ASMS
[02:55:38] [153/296] RDTS
[02:55:38] [154/296] DVMY
[02:55:39] [155/296] RASA
[02:55:40] [156/296] INOM
[02:55:41] [157/296] SPRS
[02:55:42] [158/296] SGCS
[02:55:43] [159/296] SALM
[02:55:44] [160/296] PKHC
[02:55:45] [161/296] RCSV
[02:55:45] [162/296] CPKC
[02:55:46] [163/296] AACD
[02:55:47] [164/296] GGCV
[02:55:48] [165/296] SMKD
[02:55:48] [166/296] NBCH
[02:55:49] [167/296] AMCB
[02:55:50] [168/296] OPCN
[02:55:52] [169/296] DCIN
[02:55:53] [170/296] INGW
[02:55:53] [171/296] PKKW
[02:55:54] [172/296] FNGW
[02:55:55] [173/296] GCGD
[02:55:56] [174/296] MSTW
[02:55:57] [175/296] KCCG
[02:55:58] [176/296] MRSS
[02:55:59] [177/296] CLCF
[02:55:59] [178/296] EETS
[02:56:00] [179/296] AATR
[02:56:02] [180/296] CMMN
[02:56:02] [181/296] SCCJ
[02:56:03] [182/296] CDTK
[02:56:04] [183/296] AICP
[02:56:05] [184/296] FNBP
[02:56:06] [185/296] CBPB
[02:56:07] [186/296] CPAS
[02:56:07] [187/296] MAPM
[02:56:08] [188/296] PASD
[02:56:09] [189/296] JCMN
[02:56:10] [190/296] MALB
[02:56:10] [191/296] SACG
[02:56:11] [192/296] DDRX
[02:56:12] [193/296] DDXB
[02:56:14] [194/296] RAMC
[02:56:14] [195/296] SANC
[02:56:15] [196/296] BCBP
[02:56:16] [197/296] ALPC
[02:56:17] [198/296] RBAC
[02:56:18] [199/296] RAJL
[02:56:19] [200/296] MPDX
[02:56:20] [201/296] MUSC
[02:56:21] [202/296] VKMK
[02:56:22] [203/296] SKCG
[02:56:23] [204/296] ANCN
[02:56:24] [205/296] MMCJ
[02:56:24] [206/296] DCAK
[02:56:25] [207/296] SCKG
[02:56:26] [208/296] LMCK
[02:56:27] [209/296] CKKX
[02:56:29] [210/296] ANKU
[02:56:29] [211/296] CSMD
[02:56:30] [212/296] MKMP
[02:56:31] [213/296] SVBG
[02:56:32] [214/296] ROOP
[02:56:33] [215/296] GDMT
[02:56:33] [216/296] FPPF
[02:56:34] [217/296] SFUU
[02:56:35] [218/296] ANCB
[02:56:36] [219/296] SMMC
[02:56:38] [220/296] UGKT
[02:56:39] [221/296] JVRM
[02:56:40] [222/296] BATG
[02:56:41] [223/296] RATE
[02:56:42] [224/296] SKME
[02:56:43] [225/296] LMTP
[02:56:43] [226/296] TCBD
[02:56:44] [227/296] ESBD
[02:56:45] [228/296] GDCU
[02:56:47] [229/296] SNKT
[02:56:47] [230/296] SRNK
[02:56:48] [231/296] SMED
[02:56:49] [232/296] CSQS
[02:56:50] [233/296] ALCS
[02:56:51] [234/296] KCKN
[02:56:52] [235/296] VCCL
[02:56:52] [236/296] MCDA
[02:56:54] [237/296] SHMI
[02:56:55] [238/296] SKHA
[02:56:56] [239/296] SVFK
[02:56:56] [240/296] INVB
[02:56:57] [241/296] MELD
[02:56:58] [242/296] JTYS
[02:56:59] [243/296] INCM
[02:57:00] [244/296] MCDV
[02:57:01] [245/296] KSGK
[02:57:02] [246/296] ICMG
[02:57:03] [247/296] CSCV
[02:57:03] [248/296] STMD
[02:57:04] [249/296] STTR
[02:57:05] [250/296] INVC
[02:57:06] [251/296] JTBL
[02:57:07] [252/296] SRVV
[02:57:08] [253/296] MAVC
[02:57:09] [254/296] SRPP
[02:57:10] [255/296] JGDM
[02:57:11] [256/296] MBSJ
[02:57:12] [257/296] SSLL
[02:57:13] [258/296] SLKP
[02:57:15] [259/296] NSRV
[02:57:16] [260/296] UTDV
[02:57:17] [261/296] KICM
[02:57:18] [262/296] KCMD
[02:57:19] [263/296] TTPP
[02:57:20] [264/296] KMPV
[02:57:20] [265/296] SKTV
[02:57:21] [266/296] STCV
[02:57:23] [267/296] SRDA
[02:57:23] [268/296] JTSX
[02:57:24] [269/296] STBV
[02:57:25] [270/296] APVZ
[02:57:26] [271/296] GSTV
[02:57:27] [272/296] NMVS
[02:57:28] [273/296] SKRT
[02:57:29] [274/296] RMDV
[02:57:30] [275/296] RATG
[02:57:31] [276/296] SJYV
[02:57:31] [277/296] NDGP
[02:57:33] [278/296] SNDG
[02:57:33] [279/296] INSR
[02:57:34] [280/296] INSO
[02:57:35] [281/296] CCSI
[02:57:36] [282/296] RASM
[02:57:37] [283/296] NEWC
[02:57:38] [284/296] VSHL
[02:57:39] [285/296] BISW
[02:57:40] [286/296] GCNG
[02:57:41] [287/296] CWSC
[02:57:42] [288/296] SKAN
[02:57:43] [289/296] SEHP
[02:57:44] [290/296] CCOA
[02:57:45] [291/296] MCAJ
[02:57:46] [292/296] ACDE
[02:57:47] [293/296] AACM
[02:57:48] [294/296] JJCK
[02:57:48] [295/296] RCMO
[02:57:50] [296/296] GDAW
[02:57:51] ✅ DONE | Shows=0 | Movies=0
