[00:00:54] 🚀 BMS DAILY TRACKER STARTED
[00:00:54] [1/459] MBDC
[00:00:54] 🧠 New identity
[00:00:55] [2/459] CHKM
[00:00:56] [3/459] JTKZ
[00:00:57] [4/459] CMCT
[00:00:57] [5/459] ASHO
[00:00:58] [6/459] ECDG
[00:00:59] [7/459] SPAT
[00:01:00] [8/459] HILC
[00:01:01] [9/459] SPPH
[00:01:02] [10/459] SBHN
[00:01:03] [11/459] RRCA
[00:01:04] [12/459] APAA
[00:01:05] [13/459] RAME
[00:01:06] [14/459] TMMS
[00:01:07] [15/459] BATK
[00:01:08] [16/459] LKOP
[00:01:09] [17/459] AMTT
[00:01:10] [18/459] PTGK
[00:01:11] [19/459] ANRS
[00:01:12] [20/459] VWBW
[00:01:13] [21/459] SVFG
[00:01:14] [22/459] STAT
[00:01:15] [23/459] GDCV
[00:01:16] [24/459] VEBI
[00:01:17] [25/459] VDSS
[00:01:18] [26/459] NTHV
[00:01:19] [27/459] AOCH
[00:01:20] [28/459] KASR
[00:01:21] [29/459] AYCS
[00:01:21] [30/459] SHAI
[00:01:22] [31/459] SKPE
[00:01:24] [32/459] SBTA
[00:01:25] [33/459] RTTD
[00:01:26] [34/459] CCJD
[00:01:27] [35/459] RSJJ
[00:01:29] [36/459] RKND
[00:01:29] [37/459] SVTX
[00:01:30] [38/459] BAKM
[00:01:31] [39/459] SVDC
[00:01:33] [40/459] MNCV
[00:01:33] [41/459] SJGC
[00:01:34] [42/459] MTPK
[00:01:36] [43/459] GATP
[00:01:37] [44/459] ABTS
[00:01:38] [45/459] ABDE
[00:01:39] [46/459] RCNM
[00:01:40] [47/459] KTHV
[00:01:41] [48/459] MDGJ
[00:01:42] [49/459] SMLM
[00:01:43] [50/459] JTMA
[00:01:44] [51/459] ACKP
[00:01:44] [52/459] SRTA
[00:01:46] [53/459] STAY
[00:01:47] [54/459] MAVO
[00:01:48] [55/459] APTS
[00:01:49] [56/459] OMEA
[00:01:50] [57/459] TTFD
[00:01:50] [58/459] MJCU
[00:01:51] [59/459] CXTE
[00:01:52] [60/459] CTPX
[00:01:53] [61/459] ASSL
[00:01:55] [62/459] CMVB
[00:01:56] [63/459] VPUR
[00:01:57] [64/459] JJDA
[00:01:57] [65/459] INBL
[00:01:58] [66/459] BIKB
[00:01:59] [67/459] NTBB
[00:02:00] [68/459] GLOB
[00:02:00] [69/459] SNTB
[00:02:01] [70/459] CHGV
[00:02:02] [71/459] SSBZ
[00:02:03] [72/459] PRDB
[00:02:04] [73/459] ISMT
[00:02:05] [74/459] MCSD
[00:02:07] [75/459] JBTT
[00:02:08] [76/459] GEKR
[00:02:09] [77/459] PVUN
[00:02:09] [78/459] NRTB
[00:02:10] [79/459] PRAA
[00:02:11] [80/459] PCBL
[00:02:12] [81/459] PTCM
[00:02:13] [82/459] KHNN
[00:02:14] [83/459] OMJE
[00:02:15] [84/459] STGN
[00:02:16] [85/459] RPMS
[00:02:17] [86/459] NWAD
[00:02:18] [87/459] BLCK
[00:02:19] [88/459] SVAA
[00:02:20] [89/459] URVM
[00:02:21] [90/459] ANTM
[00:02:21] [91/459] VJYM
[00:02:23] [92/459] MAZZ
[00:02:24] [93/459] CSHM
[00:02:25] [94/459] WGMH
[00:02:26] [95/459] SALN
[00:02:27] [96/459] BRTP
[00:02:28] [97/459] SVTA
[00:02:29] [98/459] SBTP
[00:02:30] [99/459] VLSS
[00:02:31] [100/459] SRJA
[00:02:32] [101/459] ANCG
[00:02:33] [102/459] CGGC
[00:02:34] [103/459] CRJA
[00:02:35] [104/459] USCR
[00:02:36] [105/459] MMEF
[00:02:37] [106/459] JCRJ
[00:02:38] [107/459] ADCM
[00:02:39] [108/459] BMYK
[00:02:40] [109/459] KICS
[00:02:41] [110/459] MBBT
[00:02:41] [111/459] MACK
[00:02:42] [112/459] CLDR
[00:02:43] [113/459] JYCR
[00:02:44] [114/459] DCRP
[00:02:45] [115/459] RAHT
[00:02:46] [116/459] CSSM
[00:02:46] [117/459] ATPK
[00:02:48] [118/459] KLRT
[00:02:49] [119/459] SRDD
[00:02:49] [120/459] CKMC
[00:02:50] [121/459] KRVM
[00:02:51] [122/459] AKCP
[00:02:52] [123/459] CNCV
[00:02:53] [124/459] PACT
[00:02:54] [125/459] NATP
[00:02:54] [126/459] PCPK
[00:02:56] [127/459] SMHO
[00:02:57] [128/459] CWTK
[00:02:58] [129/459] RVKZ
[00:02:59] [130/459] ASPD
[00:03:00] [131/459] VTKZ
[00:03:00] [132/459] LCSO
[00:03:01] [133/459] PRDY
[00:03:02] [134/459] RCAP
[00:03:03] [135/459] RGAR
[00:03:04] [136/459] RCAC
[00:03:05] [137/459] PMOD
[00:03:06] [138/459] PVCN
[00:03:06] [139/459] SCRZ
[00:03:08] [140/459] PVPC
[00:03:09] [141/459] STID
[00:03:10] [142/459] NEDD
[00:03:11] [143/459] BNBA
[00:03:12] [144/459] NTCD
[00:03:12] [145/459] OCDE
[00:03:14] [146/459] CCDU
[00:03:15] [147/459] CRXH
[00:03:15] [148/459] VLVT
[00:03:17] [149/459] CICI
[00:03:17] [150/459] SUCB
[00:03:18] [151/459] TCBP
[00:03:19] [152/459] SCCY
[00:03:20] [153/459] LXCY
[00:03:21] [154/459] NCMD
[00:03:22] [155/459] PHCS
[00:03:23] [156/459] DUXR
[00:03:25] [157/459] VNKS
[00:03:25] [158/459] SEDP
[00:03:26] [159/459] SVEN
[00:03:27] [160/459] SRKM
[00:03:28] [161/459] JTLT
[00:03:29] [162/459] SVSS
[00:03:30] [163/459] AMDE
[00:03:31] [164/459] WVRN
[00:03:32] [165/459] ISMG
[00:03:32] [166/459] WVKS
[00:03:33] [167/459] USCG
[00:03:35] [168/459] IOTG
[00:03:36] [169/459] RRJM
[00:03:37] [170/459] EDMP
[00:03:38] [171/459] SCGZ
[00:03:38] [172/459] GMGX
[00:03:39] [173/459] OMTP
[00:03:40] [174/459] MITD
[00:03:41] [175/459] SMMD
[00:03:42] [176/459] STML
[00:03:43] [177/459] MCFS
[00:03:44] [178/459] FPKA
[00:03:45] [179/459] OMLR
[00:03:45] [180/459] KKSC
[00:03:46] [181/459] RVMA
[00:03:48] [182/459] SCLL
[00:03:49] [183/459] SCDK
[00:03:49] [184/459] SXMI
[00:03:50] [185/459] SHDN
[00:03:51] [186/459] PAAD
[00:03:52] [187/459] UUCB
[00:03:53] [188/459] JHOL
[00:03:54] [189/459] SGWT
[00:03:55] [190/459] SRII
[00:03:56] [191/459] SGCK
[00:03:57] [192/459] SVVB
[00:03:58] [193/459] DMHA
[00:03:59] [194/459] PPNL
[00:03:59] [195/459] CPNL
[00:04:00] [196/459] WVLD
[00:04:01] [197/459] PSLV
[00:04:02] [198/459] VTTL
[00:04:04] [199/459] NPAD
[00:04:04] [200/459] PVCS
[00:04:05] [201/459] MCHL
[00:04:06] [202/459] PPLL
[00:04:07] [203/459] MALO
[00:04:08] [204/459] SWBH
[00:04:09] [205/459] PUGB
[00:04:10] [206/459] INBB
[00:04:10] [207/459] INNS
[00:04:11] [208/459] MCPT
[00:04:12] [209/459] SCMI
[00:04:12] [210/459] OCON
[00:04:14] [211/459] SCSM
[00:04:15] [212/459] RJVN
[00:04:16] [213/459] AMDK
[00:04:17] [214/459] ISMR
[00:04:18] [215/459] SMTD
[00:04:19] [216/459] VTDD
[00:04:20] [217/459] PDDZ
[00:04:21] [218/459] PCCK
[00:04:23] [219/459] INAM
[00:04:24] [220/459] FNKT
[00:04:25] [221/459] GDKA
[00:04:25] [222/459] MAYU
[00:04:26] [223/459] TCGU
[00:04:27] [224/459] KDCA
[00:04:28] [225/459] DOMY
[00:04:29] [226/459] PDDD
[00:04:30] [227/459] BJTS
[00:04:31] [228/459] VTCA
[00:04:32] [229/459] SBTM
[00:04:33] [230/459] SEET
[00:04:34] [231/459] SSTJ
[00:04:34] [232/459] SVNT
[00:04:36] [233/459] PPPR
[00:04:37] [234/459] PVYS
[00:04:37] [235/459] IOSE
[00:04:38] [236/459] ACTV
[00:04:39] [237/459] APVE
[00:04:40] [238/459] TCCL
[00:04:41] [239/459] SCMO
[00:04:42] [240/459] SAUM
[00:04:43] [241/459] KCJS
[00:04:44] [242/459] NJCJ
[00:04:44] [243/459] NECF
[00:04:46] [244/459] CCGW
[00:04:47] [245/459] CCMG
[00:04:47] [246/459] NYRG
[00:04:48] [247/459] NCSQ
[00:04:49] [248/459] GRCG
[00:04:49] [249/459] CCBT
[00:04:50] [250/459] ACGA
[00:04:51] [251/459] INAG
[00:04:52] [252/459] FUCG
[00:04:53] [253/459] AICF
[00:04:54] [254/459] GRGA
[00:04:55] [255/459] GDCN
[00:04:56] [256/459] RRCG
[00:04:57] [257/459] SDCH
[00:04:58] [258/459] WVJM
[00:04:59] [259/459] JCCZ
[00:05:00] [260/459] CNCL
[00:05:01] [261/459] TMLV
[00:05:02] [262/459] MEMB
[00:05:03] [263/459] SGTD
[00:05:04] [264/459] CONX
[00:05:05] [265/459] CCMH
[00:05:06] [266/459] ACMC
[00:05:06] [267/459] DTPD
[00:05:07] [268/459] POJA
[00:05:08] [269/459] FNBH
[00:05:10] [270/459] CGCB
[00:05:11] [271/459] RACN
[00:05:11] [272/459] JTSM
[00:05:12] [273/459] SCDN
[00:05:13] [274/459] AACK
[00:05:14] [275/459] RMCE
[00:05:15] [276/459] BSGB
[00:05:16] [277/459] MRCB
[00:05:17] [278/459] SRVR
[00:05:17] [279/459] VTKK
[00:05:18] [280/459] AMST
[00:05:19] [281/459] APCY
[00:05:20] [282/459] LMHO
[00:05:22] [283/459] MTZH
[00:05:23] [284/459] AMZB
[00:05:23] [285/459] SUVT
[00:05:24] [286/459] RCIP
[00:05:25] [287/459] KESR
[00:05:26] [288/459] SNKC
[00:05:27] [289/459] SCED
[00:05:28] [290/459] DVCA
[00:05:28] [291/459] VCDT
[00:05:29] [292/459] RRDI
[00:05:30] [293/459] DFCH
[00:05:31] [294/459] INSC
[00:05:32] [295/459] RGTR
[00:05:33] [296/459] FMOT
[00:05:34] [297/459] SCPM
[00:05:35] [298/459] GCDT
[00:05:36] [299/459] BRKT
[00:05:36] [300/459] DEMP
[00:05:37] [301/459] SRLC
[00:05:38] [302/459] KSTT
[00:05:39] [303/459] SMMT
[00:05:40] [304/459] SILM
[00:05:41] [305/459] JCVM
[00:05:42] [306/459] KCSV
[00:05:43] [307/459] MHLK
[00:05:44] [308/459] SLVL
[00:05:45] [309/459] RJKP
[00:05:46] [310/459] BBPC
[00:05:47] [311/459] MXCB
[00:05:48] [312/459] TCPK
[00:05:49] [313/459] RTBR
[00:05:50] [314/459] GAUT
[00:05:50] [315/459] DVCF
[00:05:51] [316/459] JTSB
[00:05:52] [317/459] SBLS
[00:05:53] [318/459] UDAY
[00:05:54] [319/459] PTNP
[00:05:55] [320/459] DMKT
[00:05:56] [321/459] NTDT
[00:05:56] [322/459] SHDJ
[00:05:57] [323/459] OTNC
[00:05:58] [324/459] RNTW
[00:05:59] [325/459] GCMI
[00:06:00] [326/459] CRCM
[00:06:01] [327/459] NNCZ
[00:06:02] [328/459] OEMO
[00:06:03] [329/459] PVJM
[00:06:04] [330/459] CPJI
[00:06:05] [331/459] RMCJ
[00:06:05] [332/459] CNWJ
[00:06:06] [333/459] EPJM
[00:06:07] [334/459] FNJJ
[00:06:08] [335/459] GCMJ
[00:06:09] [336/459] INPS
[00:06:10] [337/459] BICJ
[00:06:11] [338/459] ISTJ
[00:06:11] [339/459] INJC
[00:06:12] [340/459] GLXJ
[00:06:13] [341/459] INEM
[00:06:14] [342/459] JTMN
[00:06:15] [343/459] FRCJ
[00:06:16] [344/459] DDJP
[00:06:17] [345/459] INJV
[00:06:18] [346/459] GOLC
[00:06:19] [347/459] KOCI
[00:06:20] [348/459] FSTD
[00:06:21] [349/459] PACJ
[00:06:22] [350/459] GMCN
[00:06:23] [351/459] MMDJ
[00:06:24] [352/459] GODH
[00:06:24] [353/459] SKYN
[00:06:25] [354/459] NCTH
[00:06:26] [355/459] SKVZ
[00:06:27] [356/459] SVML
[00:06:29] [357/459] ACVZ
[00:06:30] [358/459] SURA
[00:06:31] [359/459] RTRB
[00:06:32] [360/459] LLCT
[00:06:33] [361/459] ATTS
[00:06:34] [362/459] JYCM
[00:06:35] [363/459] CTKR
[00:06:36] [364/459] LCKR
[00:06:37] [365/459] NYCV
[00:06:38] [366/459] NYOH
[00:06:39] [367/459] NOVX
[00:06:40] [368/459] MRGK
[00:06:41] [369/459] MOON
[00:06:42] [370/459] SBUC
[00:06:43] [371/459] GSVA
[00:06:44] [372/459] VIAK
[00:06:44] [373/459] SMVZ
[00:06:45] [374/459] MATE
[00:06:46] [375/459] RDCN
[00:06:47] [376/459] ASBL
[00:06:48] [377/459] ASVS
[00:06:49] [378/459] ASSR
[00:06:50] [379/459] SSKN
[00:06:51] [380/459] DRPV
[00:06:52] [381/459] MRHT
[00:06:53] [382/459] BSCN
[00:06:54] [383/459] RKNX
[00:06:54] [384/459] MSMC
[00:06:55] [385/459] MSCJ
[00:06:56] [386/459] BTBJ
[00:06:58] [387/459] MJCC
[00:06:59] [388/459] IOMM
[00:07:00] [389/459] ADGR
[00:07:00] [390/459] MYCP
[00:07:01] [391/459] IGCM
[00:07:03] [392/459] PGRK
[00:07:04] [393/459] VPGO
[00:07:05] [394/459] KOMS
[00:07:06] [395/459] URGG
[00:07:06] [396/459] GOST
[00:07:07] [397/459] LACT
[00:07:08] [398/459] BWCM
[00:07:09] [399/459] NCCW
[00:07:10] [400/459] SKYC
[00:07:11] [401/459] CCPM
[00:07:12] [402/459] VCBT
[00:07:12] [403/459] SDKR
[00:07:13] [404/459] CTYB
[00:07:14] [405/459] SHCX
[00:07:15] [406/459] RCUN
[00:07:16] [407/459] CNRA
[00:07:17] [408/459] RFCA
[00:07:18] [409/459] RDCU
[00:07:19] [410/459] SARK
[00:07:20] [411/459] SPPP
[00:07:21] [412/459] ADMB
[00:07:23] [413/459] JYOE
[00:07:23] [414/459] SRMD
[00:07:24] [415/459] RJDH
[00:07:25] [416/459] SSTD
[00:07:26] [417/459] AACV
[00:07:27] [418/459] PPVD
[00:07:28] [419/459] STCP
[00:07:29] [420/459] ANJR
[00:07:30] [421/459] ANLS
[00:07:31] [422/459] BIJO
[00:07:32] [423/459] AVAB
[00:07:33] [424/459] SPMD
[00:07:34] [425/459] SVJL
[00:07:35] [426/459] SDDJ
[00:07:35] [427/459] SLTU
[00:07:36] [428/459] SAKA
[00:07:37] [429/459] PMAM
[00:07:38] [430/459] FNAM
[00:07:39] [431/459] ACAM
[00:07:40] [432/459] SCMM
[00:07:41] [433/459] PMAK
[00:07:42] [434/459] NYSA
[00:07:43] [435/459] FCPA
[00:07:43] [436/459] GDAN
[00:07:45] [437/459] RSCA
[00:07:45] [438/459] DMAN
[00:07:46] [439/459] DZCM
[00:07:47] [440/459] NSGL
[00:07:48] [441/459] CCPP
[00:07:49] [442/459] PSMG
[00:07:49] [443/459] GSER
[00:07:50] [444/459] FCCT
[00:07:52] [445/459] FCTB
[00:07:53] [446/459] LCNK
[00:07:54] [447/459] SKTY
[00:07:55] [448/459] INAA
[00:07:55] [449/459] RCWN
[00:07:56] [450/459] VAIS
[00:07:57] [451/459] CVMN
[00:07:59] [452/459] INTS
[00:08:00] [453/459] FRGS
[00:08:01] [454/459] DTCK
[00:08:02] [455/459] MCMH
[00:08:03] [456/459] ECRR
[00:08:04] [457/459] RLLP
[00:08:04] [458/459] CCSN
[00:08:05] [459/459] CCBA
[00:08:06] ✅ DONE | Shows=1 | Movies=1
[00:50:29] 🚀 BMS DAILY TRACKER STARTED
[00:50:29] [1/459] MBDC
[00:50:29] 🧠 New identity
[00:50:30] [2/459] CHKM
[00:50:31] [3/459] JTKZ
[00:50:32] [4/459] CMCT
[00:50:33] [5/459] ASHO
[00:50:34] [6/459] ECDG
[00:50:34] [7/459] SPAT
[00:50:35] [8/459] HILC
[00:50:36] [9/459] SPPH
[00:50:37] [10/459] SBHN
[00:50:38] [11/459] RRCA
[00:50:39] [12/459] APAA
[00:50:39] [13/459] RAME
[00:50:40] [14/459] TMMS
[00:50:41] [15/459] BATK
[00:50:42] [16/459] LKOP
[00:50:43] [17/459] AMTT
[00:50:44] [18/459] PTGK
[00:50:45] [19/459] ANRS
[00:50:46] [20/459] VWBW
[00:50:47] [21/459] SVFG
[00:50:48] [22/459] STAT
[00:50:48] [23/459] GDCV
[00:50:49] [24/459] VEBI
[00:50:50] [25/459] VDSS
[00:50:51] [26/459] NTHV
[00:50:52] [27/459] AOCH
[00:50:53] [28/459] KASR
[00:50:53] [29/459] AYCS
[00:50:54] [30/459] SHAI
[00:50:55] [31/459] SKPE
[00:50:56] [32/459] SBTA
[00:50:56] [33/459] RTTD
[00:50:57] [34/459] CCJD
[00:50:58] [35/459] RSJJ
[00:50:59] [36/459] RKND
[00:51:00] [37/459] SVTX
[00:51:01] [38/459] BAKM
[00:51:02] [39/459] SVDC
[00:51:03] [40/459] MNCV
[00:51:03] [41/459] SJGC
[00:51:05] [42/459] MTPK
[00:51:06] [43/459] GATP
[00:51:07] [44/459] ABTS
[00:51:08] [45/459] ABDE
[00:51:08] [46/459] RCNM
[00:51:09] [47/459] KTHV
[00:51:10] [48/459] MDGJ
[00:51:10] [49/459] SMLM
[00:51:11] [50/459] JTMA
[00:51:12] [51/459] ACKP
[00:51:13] [52/459] SRTA
[00:51:14] [53/459] STAY
[00:51:15] [54/459] MAVO
[00:51:16] [55/459] APTS
[00:51:16] [56/459] OMEA
[00:51:17] [57/459] TTFD
[00:51:18] [58/459] MJCU
[00:51:19] [59/459] CXTE
[00:51:19] [60/459] CTPX
[00:51:20] [61/459] ASSL
[00:51:21] [62/459] CMVB
[00:51:22] [63/459] VPUR
[00:51:23] [64/459] JJDA
[00:51:24] [65/459] INBL
[00:51:25] [66/459] BIKB
[00:51:26] [67/459] NTBB
[00:51:27] [68/459] GLOB
[00:51:28] [69/459] SNTB
[00:51:29] [70/459] CHGV
[00:51:29] [71/459] SSBZ
[00:51:30] [72/459] PRDB
[00:51:31] [73/459] ISMT
[00:51:33] [74/459] MCSD
[00:51:34] [75/459] JBTT
[00:51:35] [76/459] GEKR
[00:51:36] [77/459] PVUN
[00:51:36] [78/459] NRTB
[00:51:37] [79/459] PRAA
[00:51:38] [80/459] PCBL
[00:51:39] [81/459] PTCM
[00:51:40] [82/459] KHNN
[00:51:41] [83/459] OMJE
[00:51:42] [84/459] STGN
[00:51:43] [85/459] RPMS
[00:51:44] [86/459] NWAD
[00:51:44] [87/459] BLCK
[00:51:45] [88/459] SVAA
[00:51:46] [89/459] URVM
[00:51:47] [90/459] ANTM
[00:51:48] [91/459] VJYM
[00:51:49] [92/459] MAZZ
[00:51:50] [93/459] CSHM
[00:51:50] [94/459] WGMH
[00:51:51] [95/459] SALN
[00:51:52] [96/459] BRTP
[00:51:53] [97/459] SVTA
[00:51:53] [98/459] SBTP
[00:51:54] [99/459] VLSS
[00:51:56] [100/459] SRJA
[00:51:57] [101/459] ANCG
[00:51:58] [102/459] CGGC
[00:51:59] [103/459] CRJA
[00:52:00] [104/459] USCR
[00:52:01] [105/459] MMEF
[00:52:01] [106/459] JCRJ
[00:52:02] [107/459] ADCM
[00:52:03] [108/459] BMYK
[00:52:04] [109/459] KICS
[00:52:05] [110/459] MBBT
[00:52:06] [111/459] MACK
[00:52:07] [112/459] CLDR
[00:52:07] [113/459] JYCR
[00:52:08] [114/459] DCRP
[00:52:09] [115/459] RAHT
[00:52:10] [116/459] CSSM
[00:52:12] [117/459] ATPK
[00:52:12] [118/459] KLRT
[00:52:13] [119/459] SRDD
[00:52:14] [120/459] CKMC
[00:52:15] [121/459] KRVM
[00:52:16] [122/459] AKCP
[00:52:17] [123/459] CNCV
[00:52:17] [124/459] PACT
[00:52:18] [125/459] NATP
[00:52:19] [126/459] PCPK
[00:52:20] [127/459] SMHO
[00:52:21] [128/459] CWTK
[00:52:22] [129/459] RVKZ
[00:52:22] [130/459] ASPD
[00:52:23] [131/459] VTKZ
[00:52:24] [132/459] LCSO
[00:52:24] [133/459] PRDY
[00:52:25] [134/459] RCAP
[00:52:26] [135/459] RGAR
[00:52:27] [136/459] RCAC
[00:52:28] [137/459] PMOD
[00:52:29] [138/459] PVCN
[00:52:30] [139/459] SCRZ
[00:52:31] [140/459] PVPC
[00:52:32] [141/459] STID
[00:52:33] [142/459] NEDD
[00:52:33] [143/459] BNBA
[00:52:35] [144/459] NTCD
[00:52:36] [145/459] OCDE
[00:52:37] [146/459] CCDU
[00:52:38] [147/459] CRXH
[00:52:39] [148/459] VLVT
[00:52:40] [149/459] CICI
[00:52:41] [150/459] SUCB
[00:52:42] [151/459] TCBP
[00:52:42] [152/459] SCCY
[00:52:43] [153/459] LXCY
[00:52:44] [154/459] NCMD
[00:52:45] [155/459] PHCS
[00:52:46] [156/459] DUXR
[00:52:47] [157/459] VNKS
[00:52:48] [158/459] SEDP
[00:52:48] [159/459] SVEN
[00:52:49] [160/459] SRKM
[00:52:50] [161/459] JTLT
[00:52:52] [162/459] SVSS
[00:52:52] [163/459] AMDE
[00:52:53] [164/459] WVRN
[00:52:54] [165/459] ISMG
[00:52:55] [166/459] WVKS
[00:52:56] [167/459] USCG
[00:52:57] [168/459] IOTG
[00:52:57] [169/459] RRJM
[00:52:59] [170/459] EDMP
[00:53:00] [171/459] SCGZ
[00:53:00] [172/459] GMGX
[00:53:02] [173/459] OMTP
[00:53:03] [174/459] MITD
[00:53:04] [175/459] SMMD
[00:53:05] [176/459] STML
[00:53:06] [177/459] MCFS
[00:53:07] [178/459] FPKA
[00:53:07] [179/459] OMLR
[00:53:08] [180/459] KKSC
[00:53:09] [181/459] RVMA
[00:53:09] [182/459] SCLL
[00:53:10] [183/459] SCDK
[00:53:11] [184/459] SXMI
[00:53:12] [185/459] SHDN
[00:53:13] [186/459] PAAD
[00:53:14] [187/459] UUCB
[00:53:15] [188/459] JHOL
[00:53:15] [189/459] SGWT
[00:53:16] [190/459] SRII
[00:53:17] [191/459] SGCK
[00:53:18] [192/459] SVVB
[00:53:19] [193/459] DMHA
[00:53:20] [194/459] PPNL
[00:53:21] [195/459] CPNL
[00:53:21] [196/459] WVLD
[00:53:22] [197/459] PSLV
[00:53:23] [198/459] VTTL
[00:53:24] [199/459] NPAD
[00:53:26] [200/459] PVCS
[00:53:26] [201/459] MCHL
[00:53:28] [202/459] PPLL
[00:53:29] [203/459] MALO
[00:53:30] [204/459] SWBH
[00:53:31] [205/459] PUGB
[00:53:32] [206/459] INBB
[00:53:33] [207/459] INNS
[00:53:33] [208/459] MCPT
[00:53:34] [209/459] SCMI
[00:53:35] [210/459] OCON
[00:53:36] [211/459] SCSM
[00:53:37] [212/459] RJVN
[00:53:38] [213/459] AMDK
[00:53:39] [214/459] ISMR
[00:53:40] [215/459] SMTD
[00:53:41] [216/459] VTDD
[00:53:41] [217/459] PDDZ
[00:53:42] [218/459] PCCK
[00:53:44] [219/459] INAM
[00:53:46] [220/459] FNKT
[00:53:46] [221/459] GDKA
[00:53:47] [222/459] MAYU
[00:53:48] [223/459] TCGU
[00:53:49] [224/459] KDCA
[00:53:50] [225/459] DOMY
[00:53:50] [226/459] PDDD
[00:53:51] [227/459] BJTS
[00:53:52] [228/459] VTCA
[00:53:53] [229/459] SBTM
[00:53:54] [230/459] SEET
[00:53:55] [231/459] SSTJ
[00:53:56] [232/459] SVNT
[00:53:56] [233/459] PPPR
[00:53:57] [234/459] PVYS
[00:53:58] [235/459] IOSE
[00:53:58] [236/459] ACTV
[00:54:00] [237/459] APVE
[00:54:01] [238/459] TCCL
[00:54:02] [239/459] SCMO
[00:54:02] [240/459] SAUM
[00:54:03] [241/459] KCJS
[00:54:04] [242/459] NJCJ
[00:54:05] [243/459] NECF
[00:54:06] [244/459] CCGW
[00:54:06] [245/459] CCMG
[00:54:07] [246/459] NYRG
[00:54:08] [247/459] NCSQ
[00:54:10] [248/459] GRCG
[00:54:11] [249/459] CCBT
[00:54:11] [250/459] ACGA
[00:54:12] [251/459] INAG
[00:54:13] [252/459] FUCG
[00:54:14] [253/459] AICF
[00:54:15] [254/459] GRGA
[00:54:16] [255/459] GDCN
[00:54:17] [256/459] RRCG
[00:54:18] [257/459] SDCH
[00:54:18] [258/459] WVJM
[00:54:19] [259/459] JCCZ
[00:54:20] [260/459] CNCL
[00:54:21] [261/459] TMLV
[00:54:23] [262/459] MEMB
[00:54:24] [263/459] SGTD
[00:54:25] [264/459] CONX
[00:54:26] [265/459] CCMH
[00:54:27] [266/459] ACMC
[00:54:28] [267/459] DTPD
[00:54:29] [268/459] POJA
[00:54:30] [269/459] FNBH
[00:54:31] [270/459] CGCB
[00:54:32] [271/459] RACN
[00:54:33] [272/459] JTSM
[00:54:33] [273/459] SCDN
[00:54:34] [274/459] AACK
[00:54:35] [275/459] RMCE
[00:54:36] [276/459] BSGB
[00:54:37] [277/459] MRCB
[00:54:38] [278/459] SRVR
[00:54:39] [279/459] VTKK
[00:54:39] [280/459] AMST
[00:54:41] [281/459] APCY
[00:54:42] [282/459] LMHO
[00:54:43] [283/459] MTZH
[00:54:43] [284/459] AMZB
[00:54:44] [285/459] SUVT
[00:54:45] [286/459] RCIP
[00:54:46] [287/459] KESR
[00:54:47] [288/459] SNKC
[00:54:48] [289/459] SCED
[00:54:49] [290/459] DVCA
[00:54:50] [291/459] VCDT
[00:54:51] [292/459] RRDI
[00:54:52] [293/459] DFCH
[00:54:52] [294/459] INSC
[00:54:53] [295/459] RGTR
[00:54:54] [296/459] FMOT
[00:54:55] [297/459] SCPM
[00:54:56] [298/459] GCDT
[00:54:56] [299/459] BRKT
[00:54:57] [300/459] DEMP
[00:54:58] [301/459] SRLC
[00:54:59] [302/459] KSTT
[00:55:00] [303/459] SMMT
[00:55:00] [304/459] SILM
[00:55:01] [305/459] JCVM
[00:55:02] [306/459] KCSV
[00:55:03] [307/459] MHLK
[00:55:04] [308/459] SLVL
[00:55:05] [309/459] RJKP
[00:55:06] [310/459] BBPC
[00:55:07] [311/459] MXCB
[00:55:08] [312/459] TCPK
[00:55:09] [313/459] RTBR
[00:55:09] [314/459] GAUT
[00:55:10] [315/459] DVCF
[00:55:11] [316/459] JTSB
[00:55:12] [317/459] SBLS
[00:55:13] [318/459] UDAY
[00:55:14] [319/459] PTNP
[00:55:14] [320/459] DMKT
[00:55:15] [321/459] NTDT
[00:55:16] [322/459] SHDJ
[00:55:17] [323/459] OTNC
[00:55:18] [324/459] RNTW
[00:55:18] [325/459] GCMI
[00:55:19] [326/459] CRCM
[00:55:20] [327/459] NNCZ
[00:55:21] [328/459] OEMO
[00:55:22] [329/459] PVJM
[00:55:23] [330/459] CPJI
[00:55:24] [331/459] RMCJ
[00:55:25] [332/459] CNWJ
[00:55:26] [333/459] EPJM
[00:55:26] [334/459] FNJJ
[00:55:27] [335/459] GCMJ
[00:55:28] [336/459] INPS
[00:55:29] [337/459] BICJ
[00:55:30] [338/459] ISTJ
[00:55:31] [339/459] INJC
[00:55:32] [340/459] GLXJ
[00:55:32] [341/459] INEM
[00:55:33] [342/459] JTMN
[00:55:34] [343/459] FRCJ
[00:55:35] [344/459] DDJP
[00:55:36] [345/459] INJV
[00:55:37] [346/459] GOLC
[00:55:37] [347/459] KOCI
[00:55:38] [348/459] FSTD
[00:55:39] [349/459] PACJ
[00:55:39] [350/459] GMCN
[00:55:40] [351/459] MMDJ
[00:55:41] [352/459] GODH
[00:55:42] [353/459] SKYN
[00:55:43] [354/459] NCTH
[00:55:44] [355/459] SKVZ
[00:55:44] [356/459] SVML
[00:55:45] [357/459] ACVZ
[00:55:46] [358/459] SURA
[00:55:47] [359/459] RTRB
[00:55:48] [360/459] LLCT
[00:55:48] [361/459] ATTS
[00:55:49] [362/459] JYCM
[00:55:50] [363/459] CTKR
[00:55:51] [364/459] LCKR
[00:55:52] [365/459] NYCV
[00:55:52] [366/459] NYOH
[00:55:53] [367/459] NOVX
[00:55:55] [368/459] MRGK
[00:55:56] [369/459] MOON
[00:55:57] [370/459] SBUC
[00:55:57] [371/459] GSVA
[00:55:58] [372/459] VIAK
[00:55:59] [373/459] SMVZ
[00:56:00] [374/459] MATE
[00:56:01] [375/459] RDCN
[00:56:02] [376/459] ASBL
[00:56:03] [377/459] ASVS
[00:56:04] [378/459] ASSR
[00:56:05] [379/459] SSKN
[00:56:06] [380/459] DRPV
[00:56:07] [381/459] MRHT
[00:56:08] [382/459] BSCN
[00:56:09] [383/459] RKNX
[00:56:10] [384/459] MSMC
[00:56:11] [385/459] MSCJ
[00:56:11] [386/459] BTBJ
[00:56:12] [387/459] MJCC
[00:56:13] [388/459] IOMM
[00:56:14] [389/459] ADGR
[00:56:15] [390/459] MYCP
[00:56:15] [391/459] IGCM
[00:56:16] [392/459] PGRK
[00:56:17] [393/459] VPGO
[00:56:18] [394/459] KOMS
[00:56:19] [395/459] URGG
[00:56:20] [396/459] GOST
[00:56:21] [397/459] LACT
[00:56:22] [398/459] BWCM
[00:56:23] [399/459] NCCW
[00:56:24] [400/459] SKYC
[00:56:24] [401/459] CCPM
[00:56:25] [402/459] VCBT
[00:56:26] [403/459] SDKR
[00:56:28] [404/459] CTYB
[00:56:28] [405/459] SHCX
[00:56:29] [406/459] RCUN
[00:56:30] [407/459] CNRA
[00:56:31] [408/459] RFCA
[00:56:33] [409/459] RDCU
[00:56:33] [410/459] SARK
[00:56:34] [411/459] SPPP
[00:56:36] [412/459] ADMB
[00:56:37] [413/459] JYOE
[00:56:38] [414/459] SRMD
[00:56:38] [415/459] RJDH
[00:56:39] [416/459] SSTD
[00:56:40] [417/459] AACV
[00:56:41] [418/459] PPVD
[00:56:42] [419/459] STCP
[00:56:42] [420/459] ANJR
[00:56:44] [421/459] ANLS
[00:56:45] [422/459] BIJO
[00:56:45] [423/459] AVAB
[00:56:46] [424/459] SPMD
[00:56:48] [425/459] SVJL
[00:56:49] [426/459] SDDJ
[00:56:50] [427/459] SLTU
[00:56:50] [428/459] SAKA
[00:56:51] [429/459] PMAM
[00:56:52] [430/459] FNAM
[00:56:53] [431/459] ACAM
[00:56:54] [432/459] SCMM
[00:56:54] [433/459] PMAK
[00:56:55] [434/459] NYSA
[00:56:56] [435/459] FCPA
[00:56:57] [436/459] GDAN
[00:56:57] [437/459] RSCA
[00:56:58] [438/459] DMAN
[00:56:59] [439/459] DZCM
[00:57:01] [440/459] NSGL
[00:57:01] [441/459] CCPP
[00:57:02] [442/459] PSMG
[00:57:03] [443/459] GSER
[00:57:04] [444/459] FCCT
[00:57:05] [445/459] FCTB
[00:57:06] [446/459] LCNK
[00:57:07] [447/459] SKTY
[00:57:08] [448/459] INAA
[00:57:09] [449/459] RCWN
[00:57:10] [450/459] VAIS
[00:57:10] [451/459] CVMN
[00:57:11] [452/459] INTS
[00:57:12] [453/459] FRGS
[00:57:13] [454/459] DTCK
[00:57:14] [455/459] MCMH
[00:57:15] [456/459] ECRR
[00:57:15] [457/459] RLLP
[00:57:16] [458/459] CCSN
[00:57:17] [459/459] CCBA
[00:57:18] ✅ DONE | Shows=2 | Movies=1
[01:51:18] 🚀 BMS DAILY TRACKER STARTED
[01:51:18] [1/459] MBDC
[01:51:18] 🧠 New identity
[01:51:19] [2/459] CHKM
[01:51:20] [3/459] JTKZ
[01:51:21] [4/459] CMCT
[01:51:21] [5/459] ASHO
[01:51:23] [6/459] ECDG
[01:51:24] [7/459] SPAT
[01:51:25] [8/459] HILC
[01:51:26] [9/459] SPPH
[01:51:27] [10/459] SBHN
[01:51:27] [11/459] RRCA
[01:51:28] [12/459] APAA
[01:51:29] [13/459] RAME
[01:51:30] [14/459] TMMS
[01:51:31] [15/459] BATK
[01:51:32] [16/459] LKOP
[01:51:33] [17/459] AMTT
[01:51:34] [18/459] PTGK
[01:51:35] [19/459] ANRS
[01:51:36] [20/459] VWBW
[01:51:37] [21/459] SVFG
[01:51:38] [22/459] STAT
[01:51:39] [23/459] GDCV
[01:51:40] [24/459] VEBI
[01:51:41] [25/459] VDSS
[01:51:43] [26/459] NTHV
[01:51:44] [27/459] AOCH
[01:51:45] [28/459] KASR
[01:51:46] [29/459] AYCS
[01:51:46] [30/459] SHAI
[01:51:47] [31/459] SKPE
[01:51:48] [32/459] SBTA
[01:51:49] [33/459] RTTD
[01:51:50] [34/459] CCJD
[01:51:51] [35/459] RSJJ
[01:51:51] [36/459] RKND
[01:51:52] [37/459] SVTX
[01:51:53] [38/459] BAKM
[01:51:54] [39/459] SVDC
[01:51:55] [40/459] MNCV
[01:51:56] [41/459] SJGC
[01:51:58] [42/459] MTPK
[01:51:59] [43/459] GATP
[01:52:00] [44/459] ABTS
[01:52:01] [45/459] ABDE
[01:52:02] [46/459] RCNM
[01:52:03] [47/459] KTHV
[01:52:04] [48/459] MDGJ
[01:52:04] [49/459] SMLM
[01:52:05] [50/459] JTMA
[01:52:06] [51/459] ACKP
[01:52:07] [52/459] SRTA
[01:52:08] [53/459] STAY
[01:52:09] [54/459] MAVO
[01:52:10] [55/459] APTS
[01:52:11] [56/459] OMEA
[01:52:11] [57/459] TTFD
[01:52:12] [58/459] MJCU
[01:52:13] [59/459] CXTE
[01:52:14] [60/459] CTPX
[01:52:15] [61/459] ASSL
[01:52:16] [62/459] CMVB
[01:52:17] [63/459] VPUR
[01:52:18] [64/459] JJDA
[01:52:18] [65/459] INBL
[01:52:20] [66/459] BIKB
[01:52:21] [67/459] NTBB
[01:52:22] [68/459] GLOB
[01:52:23] [69/459] SNTB
[01:52:24] [70/459] CHGV
[01:52:25] [71/459] SSBZ
[01:52:25] [72/459] PRDB
[01:52:27] [73/459] ISMT
[01:52:28] [74/459] MCSD
[01:52:29] [75/459] JBTT
[01:52:30] [76/459] GEKR
[01:52:31] [77/459] PVUN
[01:52:32] [78/459] NRTB
[01:52:33] [79/459] PRAA
[01:52:34] [80/459] PCBL
[01:52:35] [81/459] PTCM
[01:52:35] [82/459] KHNN
[01:52:36] [83/459] OMJE
[01:52:37] [84/459] STGN
[01:52:38] [85/459] RPMS
[01:52:38] [86/459] NWAD
[01:52:39] [87/459] BLCK
[01:52:40] [88/459] SVAA
[01:52:41] [89/459] URVM
[01:52:42] [90/459] ANTM
[01:52:43] [91/459] VJYM
[01:52:43] [92/459] MAZZ
[01:52:44] [93/459] CSHM
[01:52:45] [94/459] WGMH
[01:52:46] [95/459] SALN
[01:52:46] [96/459] BRTP
[01:52:47] [97/459] SVTA
[01:52:48] [98/459] SBTP
[01:52:49] [99/459] VLSS
[01:52:50] [100/459] SRJA
[01:52:51] [101/459] ANCG
[01:52:51] [102/459] CGGC
[01:52:52] [103/459] CRJA
[01:52:53] [104/459] USCR
[01:52:54] [105/459] MMEF
[01:52:55] [106/459] JCRJ
[01:52:56] [107/459] ADCM
[01:52:57] [108/459] BMYK
[01:52:58] [109/459] KICS
[01:52:58] [110/459] MBBT
[01:52:59] [111/459] MACK
[01:53:00] [112/459] CLDR
[01:53:02] [113/459] JYCR
[01:53:02] [114/459] DCRP
[01:53:03] [115/459] RAHT
[01:53:04] [116/459] CSSM
[01:53:05] [117/459] ATPK
[01:53:06] [118/459] KLRT
[01:53:06] [119/459] SRDD
[01:53:07] [120/459] CKMC
[01:53:08] [121/459] KRVM
[01:53:09] [122/459] AKCP
[01:53:09] [123/459] CNCV
[01:53:10] [124/459] PACT
[01:53:12] [125/459] NATP
[01:53:12] [126/459] PCPK
[01:53:13] [127/459] SMHO
[01:53:15] [128/459] CWTK
[01:53:16] [129/459] RVKZ
[01:53:17] [130/459] ASPD
[01:53:17] [131/459] VTKZ
[01:53:18] [132/459] LCSO
[01:53:19] [133/459] PRDY
[01:53:20] [134/459] RCAP
[01:53:21] [135/459] RGAR
[01:53:22] [136/459] RCAC
[01:53:22] [137/459] PMOD
[01:53:23] [138/459] PVCN
[01:53:24] [139/459] SCRZ
[01:53:25] [140/459] PVPC
[01:53:26] [141/459] STID
[01:53:26] [142/459] NEDD
[01:53:27] [143/459] BNBA
[01:53:28] [144/459] NTCD
[01:53:29] [145/459] OCDE
[01:53:30] [146/459] CCDU
[01:53:30] [147/459] CRXH
[01:53:31] [148/459] VLVT
[01:53:32] [149/459] CICI
[01:53:33] [150/459] SUCB
[01:53:34] [151/459] TCBP
[01:53:35] [152/459] SCCY
[01:53:35] [153/459] LXCY
[01:53:36] [154/459] NCMD
[01:53:37] [155/459] PHCS
[01:53:38] [156/459] DUXR
[01:53:39] [157/459] VNKS
[01:53:40] [158/459] SEDP
[01:53:40] [159/459] SVEN
[01:53:41] [160/459] SRKM
[01:53:42] [161/459] JTLT
[01:53:43] [162/459] SVSS
[01:53:44] [163/459] AMDE
[01:53:44] [164/459] WVRN
[01:53:45] [165/459] ISMG
[01:53:46] [166/459] WVKS
[01:53:47] [167/459] USCG
[01:53:48] [168/459] IOTG
[01:53:49] [169/459] RRJM
[01:53:49] [170/459] EDMP
[01:53:50] [171/459] SCGZ
[01:53:52] [172/459] GMGX
[01:53:53] [173/459] OMTP
[01:53:53] [174/459] MITD
[01:53:55] [175/459] SMMD
[01:53:56] [176/459] STML
[01:53:56] [177/459] MCFS
[01:53:57] [178/459] FPKA
[01:53:58] [179/459] OMLR
[01:53:59] [180/459] KKSC
[01:54:00] [181/459] RVMA
[01:54:01] [182/459] SCLL
[01:54:02] [183/459] SCDK
[01:54:03] [184/459] SXMI
[01:54:04] [185/459] SHDN
[01:54:04] [186/459] PAAD
[01:54:06] [187/459] UUCB
[01:54:07] [188/459] JHOL
[01:54:07] [189/459] SGWT
[01:54:08] [190/459] SRII
[01:54:09] [191/459] SGCK
[01:54:10] [192/459] SVVB
[01:54:11] [193/459] DMHA
[01:54:13] [194/459] PPNL
[01:54:13] [195/459] CPNL
[01:54:14] [196/459] WVLD
[01:54:15] [197/459] PSLV
[01:54:16] [198/459] VTTL
[01:54:17] [199/459] NPAD
[01:54:18] [200/459] PVCS
[01:54:19] [201/459] MCHL
[01:54:19] [202/459] PPLL
[01:54:20] [203/459] MALO
[01:54:21] [204/459] SWBH
[01:54:22] [205/459] PUGB
[01:54:23] [206/459] INBB
[01:54:24] [207/459] INNS
[01:54:24] [208/459] MCPT
[01:54:25] [209/459] SCMI
[01:54:26] [210/459] OCON
[01:54:27] [211/459] SCSM
[01:54:28] [212/459] RJVN
[01:54:29] [213/459] AMDK
[01:54:29] [214/459] ISMR
[01:54:30] [215/459] SMTD
[01:54:31] [216/459] VTDD
[01:54:32] [217/459] PDDZ
[01:54:33] [218/459] PCCK
[01:54:34] [219/459] INAM
[01:54:34] [220/459] FNKT
[01:54:35] [221/459] GDKA
[01:54:37] [222/459] MAYU
[01:54:38] [223/459] TCGU
[01:54:40] [224/459] KDCA
[01:54:40] [225/459] DOMY
[01:54:41] [226/459] PDDD
[01:54:42] [227/459] BJTS
[01:54:43] [228/459] VTCA
[01:54:44] [229/459] SBTM
[01:54:45] [230/459] SEET
[01:54:46] [231/459] SSTJ
[01:54:46] [232/459] SVNT
[01:54:47] [233/459] PPPR
[01:54:48] [234/459] PVYS
[01:54:49] [235/459] IOSE
[01:54:50] [236/459] ACTV
[01:54:52] [237/459] APVE
[01:54:52] [238/459] TCCL
[01:54:53] [239/459] SCMO
[01:54:54] [240/459] SAUM
[01:54:55] [241/459] KCJS
[01:54:56] [242/459] NJCJ
[01:54:57] [243/459] NECF
[01:54:57] [244/459] CCGW
[01:54:58] [245/459] CCMG
[01:54:59] [246/459] NYRG
[01:55:00] [247/459] NCSQ
[01:55:01] [248/459] GRCG
[01:55:01] [249/459] CCBT
[01:55:02] [250/459] ACGA
[01:55:04] [251/459] INAG
[01:55:05] [252/459] FUCG
[01:55:06] [253/459] AICF
[01:55:07] [254/459] GRGA
[01:55:08] [255/459] GDCN
[01:55:09] [256/459] RRCG
[01:55:10] [257/459] SDCH
[01:55:10] [258/459] WVJM
[01:55:11] [259/459] JCCZ
[01:55:13] [260/459] CNCL
[01:55:14] [261/459] TMLV
[01:55:15] [262/459] MEMB
[01:55:16] [263/459] SGTD
[01:55:16] [264/459] CONX
[01:55:17] [265/459] CCMH
[01:55:18] [266/459] ACMC
[01:55:19] [267/459] DTPD
[01:55:20] [268/459] POJA
[01:55:21] [269/459] FNBH
[01:55:22] [270/459] CGCB
[01:55:23] [271/459] RACN
[01:55:24] [272/459] JTSM
[01:55:24] [273/459] SCDN
[01:55:25] [274/459] AACK
[01:55:26] [275/459] RMCE
[01:55:27] [276/459] BSGB
[01:55:28] [277/459] MRCB
[01:55:29] [278/459] SRVR
[01:55:30] [279/459] VTKK
[01:55:31] [280/459] AMST
[01:55:31] [281/459] APCY
[01:55:32] [282/459] LMHO
[01:55:33] [283/459] MTZH
[01:55:34] [284/459] AMZB
[01:55:36] [285/459] SUVT
[01:55:36] [286/459] RCIP
[01:55:37] [287/459] KESR
[01:55:38] [288/459] SNKC
[01:55:39] [289/459] SCED
[01:55:40] [290/459] DVCA
[01:55:40] [291/459] VCDT
[01:55:41] [292/459] RRDI
[01:55:42] [293/459] DFCH
[01:55:43] [294/459] INSC
[01:55:45] [295/459] RGTR
[01:55:46] [296/459] FMOT
[01:55:46] [297/459] SCPM
[01:55:47] [298/459] GCDT
[01:55:48] [299/459] BRKT
[01:55:50] [300/459] DEMP
[01:55:52] [301/459] SRLC
[01:55:53] [302/459] KSTT
[01:55:53] [303/459] SMMT
[01:55:54] [304/459] SILM
[01:55:55] [305/459] JCVM
[01:55:56] [306/459] KCSV
[01:55:57] [307/459] MHLK
[01:55:58] [308/459] SLVL
[01:55:59] [309/459] RJKP
[01:56:00] [310/459] BBPC
[01:56:01] [311/459] MXCB
[01:56:02] [312/459] TCPK
[01:56:03] [313/459] RTBR
[01:56:04] [314/459] GAUT
[01:56:05] [315/459] DVCF
[01:56:06] [316/459] JTSB
[01:56:07] [317/459] SBLS
[01:56:08] [318/459] UDAY
[01:56:10] [319/459] PTNP
[01:56:11] [320/459] DMKT
[01:56:12] [321/459] NTDT
[01:56:12] [322/459] SHDJ
[01:56:14] [323/459] OTNC
[01:56:15] [324/459] RNTW
[01:56:16] [325/459] GCMI
[01:56:17] [326/459] CRCM
[01:56:17] [327/459] NNCZ
[01:56:18] [328/459] OEMO
[01:56:19] [329/459] PVJM
[01:56:20] [330/459] CPJI
[01:56:21] [331/459] RMCJ
[01:56:22] [332/459] CNWJ
[01:56:23] [333/459] EPJM
[01:56:24] [334/459] FNJJ
[01:56:25] [335/459] GCMJ
[01:56:26] [336/459] INPS
[01:56:26] [337/459] BICJ
[01:56:27] [338/459] ISTJ
[01:56:28] [339/459] INJC
[01:56:29] [340/459] GLXJ
[01:56:30] [341/459] INEM
[01:56:30] [342/459] JTMN
[01:56:31] [343/459] FRCJ
[01:56:32] [344/459] DDJP
[01:56:33] [345/459] INJV
[01:56:34] [346/459] GOLC
[01:56:35] [347/459] KOCI
[01:56:36] [348/459] FSTD
[01:56:36] [349/459] PACJ
[01:56:37] [350/459] GMCN
[01:56:38] [351/459] MMDJ
[01:56:39] [352/459] GODH
[01:56:40] [353/459] SKYN
[01:56:41] [354/459] NCTH
[01:56:41] [355/459] SKVZ
[01:56:42] [356/459] SVML
[01:56:43] [357/459] ACVZ
[01:56:44] [358/459] SURA
[01:56:45] [359/459] RTRB
[01:56:46] [360/459] LLCT
[01:56:47] [361/459] ATTS
[01:56:48] [362/459] JYCM
[01:56:49] [363/459] CTKR
[01:56:50] [364/459] LCKR
[01:56:51] [365/459] NYCV
[01:56:52] [366/459] NYOH
[01:56:53] [367/459] NOVX
[01:56:54] [368/459] MRGK
[01:56:56] [369/459] MOON
[01:56:57] [370/459] SBUC
[01:56:58] [371/459] GSVA
[01:56:59] [372/459] VIAK
[01:57:00] [373/459] SMVZ
[01:57:02] [374/459] MATE
[01:57:02] [375/459] RDCN
[01:57:03] [376/459] ASBL
[01:57:04] [377/459] ASVS
[01:57:05] [378/459] ASSR
[01:57:05] [379/459] SSKN
[01:57:06] [380/459] DRPV
[01:57:07] [381/459] MRHT
[01:57:08] [382/459] BSCN
[01:57:08] [383/459] RKNX
[01:57:09] [384/459] MSMC
[01:57:10] [385/459] MSCJ
[01:57:11] [386/459] BTBJ
[01:57:13] [387/459] MJCC
[01:57:14] [388/459] IOMM
[01:57:15] [389/459] ADGR
[01:57:15] [390/459] MYCP
[01:57:16] [391/459] IGCM
[01:57:17] [392/459] PGRK
[01:57:18] [393/459] VPGO
[01:57:19] [394/459] KOMS
[01:57:19] [395/459] URGG
[01:57:20] [396/459] GOST
[01:57:21] [397/459] LACT
[01:57:21] [398/459] BWCM
[01:57:23] [399/459] NCCW
[01:57:24] [400/459] SKYC
[01:57:25] [401/459] CCPM
[01:57:25] [402/459] VCBT
[01:57:26] [403/459] SDKR
[01:57:28] [404/459] CTYB
[01:57:29] [405/459] SHCX
[01:57:30] [406/459] RCUN
[01:57:31] [407/459] CNRA
[01:57:32] [408/459] RFCA
[01:57:32] [409/459] RDCU
[01:57:33] [410/459] SARK
[01:57:34] [411/459] SPPP
[01:57:35] [412/459] ADMB
[01:57:36] [413/459] JYOE
[01:57:37] [414/459] SRMD
[01:57:37] [415/459] RJDH
[01:57:38] [416/459] SSTD
[01:57:39] [417/459] AACV
[01:57:40] [418/459] PPVD
[01:57:41] [419/459] STCP
[01:57:42] [420/459] ANJR
[01:57:43] [421/459] ANLS
[01:57:44] [422/459] BIJO
[01:57:45] [423/459] AVAB
[01:57:47] [424/459] SPMD
[01:57:48] [425/459] SVJL
[01:57:49] [426/459] SDDJ
[01:57:50] [427/459] SLTU
[01:57:51] [428/459] SAKA
[01:57:52] [429/459] PMAM
[01:57:52] [430/459] FNAM
[01:57:53] [431/459] ACAM
[01:57:55] [432/459] SCMM
[01:57:56] [433/459] PMAK
[01:57:57] [434/459] NYSA
[01:57:58] [435/459] FCPA
[01:57:59] [436/459] GDAN
[01:58:00] [437/459] RSCA
[01:58:02] [438/459] DMAN
[01:58:03] [439/459] DZCM
[01:58:04] [440/459] NSGL
[01:58:05] [441/459] CCPP
[01:58:06] [442/459] PSMG
[01:58:07] [443/459] GSER
[01:58:08] [444/459] FCCT
[01:58:09] [445/459] FCTB
[01:58:10] [446/459] LCNK
[01:58:11] [447/459] SKTY
[01:58:12] [448/459] INAA
[01:58:13] [449/459] RCWN
[01:58:14] [450/459] VAIS
[01:58:16] [451/459] CVMN
[01:58:16] [452/459] INTS
[01:58:17] [453/459] FRGS
[01:58:18] [454/459] DTCK
[01:58:19] [455/459] MCMH
[01:58:20] [456/459] ECRR
[01:58:21] [457/459] RLLP
[01:58:22] [458/459] CCSN
[01:58:23] [459/459] CCBA
[01:58:24] ✅ DONE | Shows=2 | Movies=1
