[00:01:02] 🚀 BMS DAILY TRACKER STARTED
[00:01:02] [1/445] TGMR
[00:01:02] 🧠 New identity
[00:01:03] [2/445] CXKR
[00:01:04] [3/445] SROP
[00:01:05] [4/445] GTSV
[00:01:06] [5/445] SNTY
[00:01:07] [6/445] SMYY
[00:01:08] [7/445] CNCS
[00:01:10] [8/445] CSTM
[00:01:10] [9/445] NUCD
[00:01:12] [10/445] SHCZ
[00:01:13] [11/445] NJCT
[00:01:15] [12/445] COPC
[00:01:15] [13/445] STVV
[00:01:16] [14/445] SKRN
[00:01:17] [15/445] APPZ
[00:01:18] [16/445] YMGN
[00:01:19] [17/445] SVTU
[00:01:20] [18/445] GTAD
[00:01:21] [19/445] PSUS
[00:01:22] [20/445] SMCD
[00:01:23] [21/445] CMCM
[00:01:24] [22/445] SYCT
[00:01:25] [23/445] STLY
[00:01:26] [24/445] CMHU
[00:01:27] [25/445] CMSA
[00:01:28] [26/445] CLCU
[00:01:30] [27/445] PPNT
[00:01:31] [28/445] JTAB
[00:01:32] [29/445] BUUC
[00:01:32] [30/445] BSVK
[00:01:34] [31/445] VVVQ
[00:01:35] [32/445] TKMU
[00:01:36] [33/445] ESYL
[00:01:37] [34/445] ACHP
[00:01:38] [35/445] BTKD
[00:01:39] [36/445] DESA
[00:01:40] [37/445] GBCT
[00:01:41] [38/445] BLLD
[00:01:42] [39/445] SKNT
[00:01:43] [40/445] SSTE
[00:01:44] [41/445] VJMR
[00:01:45] [42/445] NTPU
[00:01:46] [43/445] RDKN
[00:01:47] [44/445] ADGC
[00:01:48] [45/445] VRBP
[00:01:49] [46/445] NMNA
[00:01:50] [47/445] CMMX
[00:01:51] [48/445] PTKO
[00:01:52] [49/445] RBML
[00:01:52] [50/445] SAIC
[00:01:53] [51/445] SVTJ
[00:01:54] [52/445] MRTE
[00:01:55] [53/445] RBTP
[00:01:56] [54/445] NLPS
[00:01:57] [55/445] GTNA
[00:01:58] [56/445] DGGC
[00:01:59] [57/445] SMCR
[00:02:01] [58/445] SCGD
[00:02:01] [59/445] SRRJ
[00:02:02] [60/445] CNRY
[00:02:03] [61/445] KTDI
[00:02:05] [62/445] SNJL
[00:02:05] [63/445] RKMD
[00:02:06] [64/445] SMDC
[00:02:07] [65/445] TADG
[00:02:08] [66/445] MCGS
[00:02:09] [67/445] PETK
[00:02:10] [68/445] CHAG
[00:02:10] [69/445] KSTL
[00:02:11] [70/445] AADS
[00:02:12] [71/445] NTHZ
[00:02:13] [72/445] HCKI
[00:02:14] [73/445] SSEF
[00:02:15] [74/445] MCGX
[00:02:16] [75/445] ERRA
[00:02:16] [76/445] SDTW
[00:02:17] [77/445] RMPK
[00:02:18] [78/445] PTHK
[00:02:19] [79/445] PXCS
[00:02:20] [80/445] SVLU
[00:02:21] [81/445] STAH
[00:02:22] [82/445] JRGF
[00:02:23] [83/445] CDOK
[00:02:23] [84/445] CMSG
[00:02:24] [85/445] APTD
[00:02:25] [86/445] KMPG
[00:02:26] [87/445] MUTJ
[00:02:27] [88/445] VCCI
[00:02:28] [89/445] URBE
[00:02:29] [90/445] TCTS
[00:02:30] [91/445] STSN
[00:02:31] [92/445] AKCH
[00:02:32] [93/445] APSC
[00:02:33] [94/445] VLTB
[00:02:34] [95/445] SANU
[00:02:35] [96/445] AXAM
[00:02:36] [97/445] MGMG
[00:02:37] [98/445] HTBY
[00:02:38] [99/445] MMZS
[00:02:39] [100/445] SUDR
[00:02:40] [101/445] CCAD
[00:02:41] [102/445] SKKC
[00:02:42] [103/445] RMCD
[00:02:42] [104/445] SBCQ
[00:02:43] [105/445] DCCT
[00:02:44] [106/445] VTKP
[00:02:45] [107/445] MLAM
[00:02:46] [108/445] SAVT
[00:02:47] [109/445] GEPL
[00:02:48] [110/445] AMCD
[00:02:49] [111/445] CCXR
[00:02:49] [112/445] GRNG
[00:02:50] [113/445] EBCA
[00:02:51] [114/445] CNVG
[00:02:52] [115/445] MWSS
[00:02:53] [116/445] VBOR
[00:02:54] [117/445] NEEB
[00:02:56] [118/445] SUTH
[00:02:56] [119/445] ANDB
[00:02:57] [120/445] MMXS
[00:02:58] [121/445] CNPD
[00:02:59] [122/445] SDCE
[00:03:00] [123/445] DHCB
[00:03:01] [124/445] ODEN
[00:03:02] [125/445] TNTC
[00:03:03] [126/445] VBKM
[00:03:04] [127/445] RZYM
[00:03:05] [128/445] JEMC
[00:03:06] [129/445] CMAU
[00:03:07] [130/445] SIVP
[00:03:08] [131/445] ATAG
[00:03:09] [132/445] CHTM
[00:03:10] [133/445] AAEE
[00:03:11] [134/445] IWPM
[00:03:12] [135/445] KCMW
[00:03:12] [136/445] MCTD
[00:03:13] [137/445] SPWR
[00:03:14] [138/445] SDPO
[00:03:15] [139/445] PCSK
[00:03:16] [140/445] ACHV
[00:03:17] [141/445] SVLA
[00:03:18] [142/445] PICT
[00:03:19] [143/445] BXDR
[00:03:19] [144/445] SPWA
[00:03:20] [145/445] MCKO
[00:03:21] [146/445] RTHK
[00:03:22] [147/445] CCMF
[00:03:23] [148/445] MRGB
[00:03:24] [149/445] CPLC
[00:03:25] [150/445] RACD
[00:03:26] [151/445] ATKT
[00:03:27] [152/445] SARN
[00:03:27] [153/445] KKUI
[00:03:29] [154/445] RGCM
[00:03:30] [155/445] BRVP
[00:03:31] [156/445] HRSR
[00:03:32] [157/445] GKGM
[00:03:33] [158/445] TTCD
[00:03:34] [159/445] PTTI
[00:03:35] [160/445] MPTT
[00:03:36] [161/445] CVTT
[00:03:37] [162/445] PCXD
[00:03:38] [163/445] GCDC
[00:03:38] [164/445] CCCF
[00:03:39] [165/445] MRAD
[00:03:40] [166/445] CPLK
[00:03:41] [167/445] SATB
[00:03:42] [168/445] SNVG
[00:03:43] [169/445] JMBA
[00:03:44] [170/445] TEJA
[00:03:44] [171/445] STYO
[00:03:45] [172/445] JTBP
[00:03:46] [173/445] KRGD
[00:03:47] [174/445] SLJJ
[00:03:48] [175/445] SPTJ
[00:03:49] [176/445] SWJG
[00:03:50] [177/445] LKRT
[00:03:51] [178/445] KCKA
[00:03:52] [179/445] SNCR
[00:03:53] [180/445] SMKL
[00:03:54] [181/445] GCFA
[00:03:54] [182/445] DDCK
[00:03:55] [183/445] NCHJ
[00:03:56] [184/445] RDMA
[00:03:57] [185/445] SVSV
[00:03:58] [186/445] SCJG
[00:03:59] [187/445] VKLP
[00:04:00] [188/445] NWCC
[00:04:01] [189/445] VKNS
[00:04:02] [190/445] SDDP
[00:04:02] [191/445] ACSI
[00:04:03] [192/445] SATG
[00:04:05] [193/445] SCMW
[00:04:06] [194/445] LKTK
[00:04:07] [195/445] VCKV
[00:04:08] [196/445] KKPE
[00:04:09] [197/445] KIGH
[00:04:10] [198/445] SRPM
[00:04:11] [199/445] SCAH
[00:04:12] [200/445] MUTA
[00:04:12] [201/445] SEPU
[00:04:13] [202/445] INOA
[00:04:14] [203/445] BASK
[00:04:15] [204/445] NECB
[00:04:16] [205/445] GTTG
[00:04:17] [206/445] ASSA
[00:04:18] [207/445] ANCL
[00:04:20] [208/445] GCTI
[00:04:21] [209/445] RCTS
[00:04:22] [210/445] ACNL
[00:04:23] [211/445] MYCT
[00:04:23] [212/445] NMHT
[00:04:24] [213/445] MDIT
[00:04:25] [214/445] LATG
[00:04:26] [215/445] SMTY
[00:04:27] [216/445] CVCT
[00:04:27] [217/445] RAMB
[00:04:28] [218/445] TGMS
[00:04:29] [219/445] BHEL
[00:04:30] [220/445] SHCT
[00:04:31] [221/445] SVCT
[00:04:32] [222/445] MRIY
[00:04:33] [223/445] SARO
[00:04:33] [224/445] STCT
[00:04:34] [225/445] JKKC
[00:04:35] [226/445] PLTT
[00:04:36] [227/445] SRNT
[00:04:37] [228/445] YAST
[00:04:38] [229/445] PERL
[00:04:38] [230/445] CICM
[00:04:39] [231/445] MMTR
[00:04:41] [232/445] ABTK
[00:04:42] [233/445] ATYY
[00:04:43] [234/445] ASTK
[00:04:44] [235/445] VVCK
[00:04:45] [236/445] ATKY
[00:04:46] [237/445] GWEK
[00:04:47] [238/445] SVFH
[00:04:48] [239/445] SLTA
[00:04:48] [240/445] AASH
[00:04:49] [241/445] ACXB
[00:04:50] [242/445] SMTX
[00:04:51] [243/445] AZDH
[00:04:52] [244/445] CMMH
[00:04:53] [245/445] SCSZ
[00:04:54] [246/445] SCKP
[00:04:55] [247/445] NXTM
[00:04:56] [248/445] NWCS
[00:04:57] [249/445] CXMH
[00:04:58] [250/445] PCMA
[00:04:58] [251/445] SGCM
[00:04:59] [252/445] SDTU
[00:05:01] [253/445] MMVI
[00:05:02] [254/445] JKCM
[00:05:03] [255/445] VCMM
[00:05:04] [256/445] SYEE
[00:05:05] [257/445] VASD
[00:05:06] [258/445] BDRB
[00:05:06] [259/445] LASM
[00:05:07] [260/445] DCRL
[00:05:08] [261/445] DVPM
[00:05:09] [262/445] SBMJ
[00:05:10] [263/445] CBMU
[00:05:11] [264/445] IUBS
[00:05:12] [265/445] INAP
[00:05:13] [266/445] SRRC
[00:05:13] [267/445] SAGR
[00:05:14] [268/445] CPMJ
[00:05:15] [269/445] ATJL
[00:05:16] [270/445] NNTD
[00:05:17] [271/445] JHCJ
[00:05:18] [272/445] CMMP
[00:05:19] [273/445] RSDR
[00:05:19] [274/445] AMTI
[00:05:21] [275/445] NYSG
[00:05:22] [276/445] AVSG
[00:05:23] [277/445] SYTP
[00:05:24] [278/445] LARC
[00:05:25] [279/445] RJTP
[00:05:26] [280/445] LAKC
[00:05:27] [281/445] MCXE
[00:05:27] [282/445] CCZC
[00:05:28] [283/445] AVCH
[00:05:29] [284/445] CMBE
[00:05:30] [285/445] MRRC
[00:05:31] [286/445] PCPY
[00:05:31] [287/445] SRMH
[00:05:32] [288/445] SVGS
[00:05:33] [289/445] PCSE
[00:05:34] [290/445] SVFT
[00:05:35] [291/445] TNZP
[00:05:36] [292/445] ICTP
[00:05:37] [293/445] ACTZ
[00:05:38] [294/445] GTUR
[00:05:39] [295/445] MAFC
[00:05:40] [296/445] MINL
[00:05:41] [297/445] MRCL
[00:05:42] [298/445] RCRP
[00:05:43] [299/445] RFFG
[00:05:43] [300/445] RMAS
[00:05:44] [301/445] INVR
[00:05:45] [302/445] RMAR
[00:05:46] [303/445] CNIS
[00:05:47] [304/445] RHRJ
[00:05:48] [305/445] INXR
[00:05:49] [306/445] VALT
[00:05:50] [307/445] LCSH
[00:05:51] [308/445] CMVS
[00:05:52] [309/445] CNMS
[00:05:52] [310/445] ROOG
[00:05:53] [311/445] ISRM
[00:05:54] [312/445] RCRM
[00:05:55] [313/445] ACJA
[00:05:57] [314/445] RCVS
[00:05:57] [315/445] CPUS
[00:05:58] [316/445] TGCS
[00:05:59] [317/445] RKCJ
[00:06:00] [318/445] MKSB
[00:06:01] [319/445] TCSJ
[00:06:02] [320/445] RMGP
[00:06:03] [321/445] CLLP
[00:06:03] [322/445] RCMV
[00:06:04] [323/445] CCKS
[00:06:05] [324/445] RSRP
[00:06:07] [325/445] APLP
[00:06:08] [326/445] CNVS
[00:06:09] [327/445] RMVY
[00:06:09] [328/445] PGBD
[00:06:10] [329/445] KLMS
[00:06:11] [330/445] RUST
[00:06:12] [331/445] MASM
[00:06:13] [332/445] BACS
[00:06:14] [333/445] BWST
[00:06:15] [334/445] RRFH
[00:06:16] [335/445] SJTM
[00:06:17] [336/445] BEMR
[00:06:18] [337/445] MCGR
[00:06:19] [338/445] SDSK
[00:06:19] [339/445] VBOL
[00:06:20] [340/445] RMGM
[00:06:21] [341/445] NOPL
[00:06:22] [342/445] MKJK
[00:06:23] [343/445] CVRN
[00:06:24] [344/445] MMEN
[00:06:24] [345/445] AMNG
[00:06:26] [346/445] INTM
[00:06:27] [347/445] SLCZ
[00:06:28] [348/445] AMJN
[00:06:29] [349/445] ACJN
[00:06:30] [350/445] AMKN
[00:06:31] [351/445] BTCN
[00:06:31] [352/445] AMBT
[00:06:32] [353/445] PACN
[00:06:33] [354/445] LCNS
[00:06:34] [355/445] PPKC
[00:06:35] [356/445] JYYN
[00:06:36] [357/445] JTNR
[00:06:37] [358/445] GTEE
[00:06:37] [359/445] SRNM
[00:06:39] [360/445] SDTC
[00:06:39] [361/445] VPCA
[00:06:40] [362/445] VLRA
[00:06:41] [363/445] SHKR
[00:06:42] [364/445] SBKD
[00:06:43] [365/445] SAAD
[00:06:45] [366/445] JTGN
[00:06:46] [367/445] SLAM
[00:06:47] [368/445] VTPM
[00:06:48] [369/445] ANPT
[00:06:49] [370/445] PUNB
[00:06:49] [371/445] CPKT
[00:06:51] [372/445] CNWE
[00:06:52] [373/445] ECPP
[00:06:52] [374/445] CPAR
[00:06:53] [375/445] ESBW
[00:06:55] [376/445] PKPU
[00:06:56] [377/445] CPRP
[00:06:57] [378/445] RAHU
[00:06:58] [379/445] RHMN
[00:06:59] [380/445] FMJP
[00:07:00] [381/445] CTMP
[00:07:01] [382/445] INPN
[00:07:01] [383/445] STTG
[00:07:02] [384/445] CTRD
[00:07:03] [385/445] PUVB
[00:07:04] [386/445] ESVP
[00:07:06] [387/445] CPFT
[00:07:07] [388/445] LCPC
[00:07:08] [389/445] VBCT
[00:07:08] [390/445] FSCW
[00:07:10] [391/445] VCMP
[00:07:11] [392/445] ASHC
[00:07:12] [393/445] VLCX
[00:07:13] [394/445] SHEV
[00:07:14] [395/445] APCO
[00:07:15] [396/445] SILC
[00:07:16] [397/445] SNMR
[00:07:17] [398/445] KYBO
[00:07:18] [399/445] SATK
[00:07:19] [400/445] SSCS
[00:07:20] [401/445] CLSB
[00:07:21] [402/445] KMJR
[00:07:21] [403/445] FSCK
[00:07:22] [404/445] NNKA
[00:07:23] [405/445] CLMK
[00:07:24] [406/445] DMPZ
[00:07:25] [407/445] INQM
[00:07:26] [408/445] CAML
[00:07:27] [409/445] INRK
[00:07:28] [410/445] IMKN
[00:07:28] [411/445] SVNR
[00:07:29] [412/445] INSL
[00:07:31] [413/445] MSMA
[00:07:33] [414/445] MCKK
[00:07:34] [415/445] FCHP
[00:07:35] [416/445] SFCR
[00:07:36] [417/445] NACK
[00:07:37] [418/445] PVAK
[00:07:37] [419/445] INER
[00:07:38] [420/445] RDBK
[00:07:39] [421/445] SVFN
[00:07:40] [422/445] IFRM
[00:07:41] [423/445] ATCK
[00:07:42] [424/445] ASKO
[00:07:43] [425/445] STKT
[00:07:44] [426/445] SVFB
[00:07:46] [427/445] INKS
[00:07:47] [428/445] PCRA
[00:07:48] [429/445] ATJA
[00:07:48] [430/445] IMJN
[00:07:49] [431/445] INHD
[00:07:50] [432/445] BARA
[00:07:51] [433/445] MCSL
[00:07:52] [434/445] RTOY
[00:07:53] [435/445] MENO
[00:07:54] [436/445] PUDM
[00:07:55] [437/445] PRCN
[00:07:55] [438/445] JMJR
[00:07:57] [439/445] SSGK
[00:07:58] [440/445] SSRL
[00:07:59] [441/445] JYKL
[00:08:00] [442/445] ACNB
[00:08:01] [443/445] SONP
[00:08:02] [444/445] EMCI
[00:08:02] [445/445] MRJH
[00:08:03] ✅ DONE | Shows=0 | Movies=0
[00:50:02] 🚀 BMS DAILY TRACKER STARTED
[00:50:02] [1/445] TGMR
[00:50:02] 🧠 New identity
[00:50:03] [2/445] CXKR
[00:50:04] [3/445] SROP
[00:50:05] [4/445] GTSV
[00:50:06] [5/445] SNTY
[00:50:07] [6/445] SMYY
[00:50:08] [7/445] CNCS
[00:50:08] [8/445] CSTM
[00:50:10] [9/445] NUCD
[00:50:11] [10/445] SHCZ
[00:50:11] [11/445] NJCT
[00:50:12] [12/445] COPC
[00:50:14] [13/445] STVV
[00:50:15] [14/445] SKRN
[00:50:16] [15/445] APPZ
[00:50:17] [16/445] YMGN
[00:50:19] [17/445] SVTU
[00:50:19] [18/445] GTAD
[00:50:20] [19/445] PSUS
[00:50:21] [20/445] SMCD
[00:50:22] [21/445] CMCM
[00:50:23] [22/445] SYCT
[00:50:24] [23/445] STLY
[00:50:25] [24/445] CMHU
[00:50:25] [25/445] CMSA
[00:50:26] [26/445] CLCU
[00:50:27] [27/445] PPNT
[00:50:28] [28/445] JTAB
[00:50:29] [29/445] BUUC
[00:50:30] [30/445] BSVK
[00:50:31] [31/445] VVVQ
[00:50:32] [32/445] TKMU
[00:50:33] [33/445] ESYL
[00:50:34] [34/445] ACHP
[00:50:35] [35/445] BTKD
[00:50:36] [36/445] DESA
[00:50:37] [37/445] GBCT
[00:50:38] [38/445] BLLD
[00:50:39] [39/445] SKNT
[00:50:40] [40/445] SSTE
[00:50:40] [41/445] VJMR
[00:50:41] [42/445] NTPU
[00:50:42] [43/445] RDKN
[00:50:43] [44/445] ADGC
[00:50:44] [45/445] VRBP
[00:50:45] [46/445] NMNA
[00:50:46] [47/445] CMMX
[00:50:47] [48/445] PTKO
[00:50:48] [49/445] RBML
[00:50:49] [50/445] SAIC
[00:50:50] [51/445] SVTJ
[00:50:51] [52/445] MRTE
[00:50:52] [53/445] RBTP
[00:50:53] [54/445] NLPS
[00:50:54] [55/445] GTNA
[00:50:54] [56/445] DGGC
[00:50:55] [57/445] SMCR
[00:50:56] [58/445] SCGD
[00:50:57] [59/445] SRRJ
[00:50:58] [60/445] CNRY
[00:50:59] [61/445] KTDI
[00:51:00] [62/445] SNJL
[00:51:01] [63/445] RKMD
[00:51:02] [64/445] SMDC
[00:51:03] [65/445] TADG
[00:51:04] [66/445] MCGS
[00:51:05] [67/445] PETK
[00:51:06] [68/445] CHAG
[00:51:07] [69/445] KSTL
[00:51:07] [70/445] AADS
[00:51:08] [71/445] NTHZ
[00:51:09] [72/445] HCKI
[00:51:10] [73/445] SSEF
[00:51:11] [74/445] MCGX
[00:51:12] [75/445] ERRA
[00:51:13] [76/445] SDTW
[00:51:14] [77/445] RMPK
[00:51:15] [78/445] PTHK
[00:51:16] [79/445] PXCS
[00:51:16] [80/445] SVLU
[00:51:17] [81/445] STAH
[00:51:19] [82/445] JRGF
[00:51:19] [83/445] CDOK
[00:51:20] [84/445] CMSG
[00:51:21] [85/445] APTD
[00:51:22] [86/445] KMPG
[00:51:23] [87/445] MUTJ
[00:51:24] [88/445] VCCI
[00:51:26] [89/445] URBE
[00:51:27] [90/445] TCTS
[00:51:28] [91/445] STSN
[00:51:29] [92/445] AKCH
[00:51:30] [93/445] APSC
[00:51:30] [94/445] VLTB
[00:51:32] [95/445] SANU
[00:51:33] [96/445] AXAM
[00:51:34] [97/445] MGMG
[00:51:35] [98/445] HTBY
[00:51:36] [99/445] MMZS
[00:51:36] [100/445] SUDR
[00:51:38] [101/445] CCAD
[00:51:39] [102/445] SKKC
[00:51:40] [103/445] RMCD
[00:51:41] [104/445] SBCQ
[00:51:42] [105/445] DCCT
[00:51:42] [106/445] VTKP
[00:51:43] [107/445] MLAM
[00:51:44] [108/445] SAVT
[00:51:46] [109/445] GEPL
[00:51:47] [110/445] AMCD
[00:51:47] [111/445] CCXR
[00:51:48] [112/445] GRNG
[00:51:49] [113/445] EBCA
[00:51:50] [114/445] CNVG
[00:51:51] [115/445] MWSS
[00:51:52] [116/445] VBOR
[00:51:53] [117/445] NEEB
[00:51:53] [118/445] SUTH
[00:51:55] [119/445] ANDB
[00:51:56] [120/445] MMXS
[00:51:57] [121/445] CNPD
[00:51:58] [122/445] SDCE
[00:51:59] [123/445] DHCB
[00:52:01] [124/445] ODEN
[00:52:02] [125/445] TNTC
[00:52:03] [126/445] VBKM
[00:52:04] [127/445] RZYM
[00:52:05] [128/445] JEMC
[00:52:06] [129/445] CMAU
[00:52:07] [130/445] SIVP
[00:52:08] [131/445] ATAG
[00:52:09] [132/445] CHTM
[00:52:09] [133/445] AAEE
[00:52:10] [134/445] IWPM
[00:52:11] [135/445] KCMW
[00:52:13] [136/445] MCTD
[00:52:14] [137/445] SPWR
[00:52:15] [138/445] SDPO
[00:52:16] [139/445] PCSK
[00:52:17] [140/445] ACHV
[00:52:19] [141/445] SVLA
[00:52:19] [142/445] PICT
[00:52:20] [143/445] BXDR
[00:52:21] [144/445] SPWA
[00:52:22] [145/445] MCKO
[00:52:23] [146/445] RTHK
[00:52:24] [147/445] CCMF
[00:52:25] [148/445] MRGB
[00:52:25] [149/445] CPLC
[00:52:27] [150/445] RACD
[00:52:28] [151/445] ATKT
[00:52:29] [152/445] SARN
[00:52:30] [153/445] KKUI
[00:52:31] [154/445] RGCM
[00:52:32] [155/445] BRVP
[00:52:33] [156/445] HRSR
[00:52:34] [157/445] GKGM
[00:52:35] [158/445] TTCD
[00:52:36] [159/445] PTTI
[00:52:37] [160/445] MPTT
[00:52:39] [161/445] CVTT
[00:52:40] [162/445] PCXD
[00:52:41] [163/445] GCDC
[00:52:41] [164/445] CCCF
[00:52:42] [165/445] MRAD
[00:52:43] [166/445] CPLK
[00:52:44] [167/445] SATB
[00:52:45] [168/445] SNVG
[00:52:46] [169/445] JMBA
[00:52:46] [170/445] TEJA
[00:52:47] [171/445] STYO
[00:52:48] [172/445] JTBP
[00:52:49] [173/445] KRGD
[00:52:50] [174/445] SLJJ
[00:52:51] [175/445] SPTJ
[00:52:51] [176/445] SWJG
[00:52:52] [177/445] LKRT
[00:52:53] [178/445] KCKA
[00:52:54] [179/445] SNCR
[00:52:55] [180/445] SMKL
[00:52:55] [181/445] GCFA
[00:52:56] [182/445] DDCK
[00:52:57] [183/445] NCHJ
[00:52:58] [184/445] RDMA
[00:53:00] [185/445] SVSV
[00:53:00] [186/445] SCJG
[00:53:01] [187/445] VKLP
[00:53:03] [188/445] NWCC
[00:53:04] [189/445] VKNS
[00:53:05] [190/445] SDDP
[00:53:06] [191/445] ACSI
[00:53:06] [192/445] SATG
[00:53:07] [193/445] SCMW
[00:53:08] [194/445] LKTK
[00:53:09] [195/445] VCKV
[00:53:10] [196/445] KKPE
[00:53:10] [197/445] KIGH
[00:53:11] [198/445] SRPM
[00:53:12] [199/445] SCAH
[00:53:13] [200/445] MUTA
[00:53:14] [201/445] SEPU
[00:53:15] [202/445] INOA
[00:53:16] [203/445] BASK
[00:53:17] [204/445] NECB
[00:53:18] [205/445] GTTG
[00:53:19] [206/445] ASSA
[00:53:19] [207/445] ANCL
[00:53:20] [208/445] GCTI
[00:53:21] [209/445] RCTS
[00:53:22] [210/445] ACNL
[00:53:23] [211/445] MYCT
[00:53:24] [212/445] NMHT
[00:53:25] [213/445] MDIT
[00:53:25] [214/445] LATG
[00:53:26] [215/445] SMTY
[00:53:28] [216/445] CVCT
[00:53:29] [217/445] RAMB
[00:53:30] [218/445] TGMS
[00:53:31] [219/445] BHEL
[00:53:32] [220/445] SHCT
[00:53:33] [221/445] SVCT
[00:53:33] [222/445] MRIY
[00:53:36] [223/445] SARO
[00:53:37] [224/445] STCT
[00:53:38] [225/445] JKKC
[00:53:39] [226/445] PLTT
[00:53:40] [227/445] SRNT
[00:53:41] [228/445] YAST
[00:53:42] [229/445] PERL
[00:53:43] [230/445] CICM
[00:53:44] [231/445] MMTR
[00:53:44] [232/445] ABTK
[00:53:45] [233/445] ATYY
[00:53:46] [234/445] ASTK
[00:53:47] [235/445] VVCK
[00:53:48] [236/445] ATKY
[00:53:49] [237/445] GWEK
[00:53:50] [238/445] SVFH
[00:53:51] [239/445] SLTA
[00:53:52] [240/445] AASH
[00:53:53] [241/445] ACXB
[00:53:53] [242/445] SMTX
[00:53:54] [243/445] AZDH
[00:53:55] [244/445] CMMH
[00:53:57] [245/445] SCSZ
[00:53:57] [246/445] SCKP
[00:53:58] [247/445] NXTM
[00:53:59] [248/445] NWCS
[00:54:00] [249/445] CXMH
[00:54:01] [250/445] PCMA
[00:54:02] [251/445] SGCM
[00:54:03] [252/445] SDTU
[00:54:04] [253/445] MMVI
[00:54:05] [254/445] JKCM
[00:54:07] [255/445] VCMM
[00:54:08] [256/445] SYEE
[00:54:08] [257/445] VASD
[00:54:09] [258/445] BDRB
[00:54:10] [259/445] LASM
[00:54:11] [260/445] DCRL
[00:54:12] [261/445] DVPM
[00:54:12] [262/445] SBMJ
[00:54:13] [263/445] CBMU
[00:54:14] [264/445] IUBS
[00:54:15] [265/445] INAP
[00:54:16] [266/445] SRRC
[00:54:17] [267/445] SAGR
[00:54:18] [268/445] CPMJ
[00:54:19] [269/445] ATJL
[00:54:20] [270/445] NNTD
[00:54:20] [271/445] JHCJ
[00:54:21] [272/445] CMMP
[00:54:22] [273/445] RSDR
[00:54:23] [274/445] AMTI
[00:54:24] [275/445] NYSG
[00:54:25] [276/445] AVSG
[00:54:26] [277/445] SYTP
[00:54:27] [278/445] LARC
[00:54:27] [279/445] RJTP
[00:54:29] [280/445] LAKC
[00:54:30] [281/445] MCXE
[00:54:31] [282/445] CCZC
[00:54:32] [283/445] AVCH
[00:54:33] [284/445] CMBE
[00:54:34] [285/445] MRRC
[00:54:35] [286/445] PCPY
[00:54:36] [287/445] SRMH
[00:54:37] [288/445] SVGS
[00:54:38] [289/445] PCSE
[00:54:40] [290/445] SVFT
[00:54:41] [291/445] TNZP
[00:54:42] [292/445] ICTP
[00:54:43] [293/445] ACTZ
[00:54:44] [294/445] GTUR
[00:54:45] [295/445] MAFC
[00:54:46] [296/445] MINL
[00:54:47] [297/445] MRCL
[00:54:48] [298/445] RCRP
[00:54:49] [299/445] RFFG
[00:54:49] [300/445] RMAS
[00:54:50] [301/445] INVR
[00:54:51] [302/445] RMAR
[00:54:52] [303/445] CNIS
[00:54:52] [304/445] RHRJ
[00:54:53] [305/445] INXR
[00:54:54] [306/445] VALT
[00:54:55] [307/445] LCSH
[00:54:56] [308/445] CMVS
[00:54:57] [309/445] CNMS
[00:54:58] [310/445] ROOG
[00:54:59] [311/445] ISRM
[00:55:00] [312/445] RCRM
[00:55:01] [313/445] ACJA
[00:55:02] [314/445] RCVS
[00:55:02] [315/445] CPUS
[00:55:03] [316/445] TGCS
[00:55:04] [317/445] RKCJ
[00:55:05] [318/445] MKSB
[00:55:06] [319/445] TCSJ
[00:55:06] [320/445] RMGP
[00:55:07] [321/445] CLLP
[00:55:08] [322/445] RCMV
[00:55:09] [323/445] CCKS
[00:55:09] [324/445] RSRP
[00:55:11] [325/445] APLP
[00:55:12] [326/445] CNVS
[00:55:13] [327/445] RMVY
[00:55:14] [328/445] PGBD
[00:55:14] [329/445] KLMS
[00:55:15] [330/445] RUST
[00:55:17] [331/445] MASM
[00:55:18] [332/445] BACS
[00:55:19] [333/445] BWST
[00:55:20] [334/445] RRFH
[00:55:21] [335/445] SJTM
[00:55:22] [336/445] BEMR
[00:55:23] [337/445] MCGR
[00:55:24] [338/445] SDSK
[00:55:24] [339/445] VBOL
[00:55:25] [340/445] RMGM
[00:55:26] [341/445] NOPL
[00:55:27] [342/445] MKJK
[00:55:28] [343/445] CVRN
[00:55:29] [344/445] MMEN
[00:55:30] [345/445] AMNG
[00:55:30] [346/445] INTM
[00:55:31] [347/445] SLCZ
[00:55:32] [348/445] AMJN
[00:55:33] [349/445] ACJN
[00:55:34] [350/445] AMKN
[00:55:35] [351/445] BTCN
[00:55:36] [352/445] AMBT
[00:55:37] [353/445] PACN
[00:55:39] [354/445] LCNS
[00:55:39] [355/445] PPKC
[00:55:40] [356/445] JYYN
[00:55:41] [357/445] JTNR
[00:55:42] [358/445] GTEE
[00:55:43] [359/445] SRNM
[00:55:44] [360/445] SDTC
[00:55:44] [361/445] VPCA
[00:55:45] [362/445] VLRA
[00:55:46] [363/445] SHKR
[00:55:48] [364/445] SBKD
[00:55:49] [365/445] SAAD
[00:55:49] [366/445] JTGN
[00:55:51] [367/445] SLAM
[00:55:52] [368/445] VTPM
[00:55:53] [369/445] ANPT
[00:55:54] [370/445] PUNB
[00:55:55] [371/445] CPKT
[00:55:56] [372/445] CNWE
[00:55:58] [373/445] ECPP
[00:55:58] [374/445] CPAR
[00:55:59] [375/445] ESBW
[00:56:00] [376/445] PKPU
[00:56:01] [377/445] CPRP
[00:56:02] [378/445] RAHU
[00:56:03] [379/445] RHMN
[00:56:04] [380/445] FMJP
[00:56:05] [381/445] CTMP
[00:56:06] [382/445] INPN
[00:56:07] [383/445] STTG
[00:56:07] [384/445] CTRD
[00:56:08] [385/445] PUVB
[00:56:09] [386/445] ESVP
[00:56:10] [387/445] CPFT
[00:56:11] [388/445] LCPC
[00:56:12] [389/445] VBCT
[00:56:13] [390/445] FSCW
[00:56:14] [391/445] VCMP
[00:56:15] [392/445] ASHC
[00:56:15] [393/445] VLCX
[00:56:16] [394/445] SHEV
[00:56:17] [395/445] APCO
[00:56:18] [396/445] SILC
[00:56:19] [397/445] SNMR
[00:56:20] [398/445] KYBO
[00:56:21] [399/445] SATK
[00:56:22] [400/445] SSCS
[00:56:23] [401/445] CLSB
[00:56:24] [402/445] KMJR
[00:56:25] [403/445] FSCK
[00:56:25] [404/445] NNKA
[00:56:26] [405/445] CLMK
[00:56:27] [406/445] DMPZ
[00:56:28] [407/445] INQM
[00:56:29] [408/445] CAML
[00:56:30] [409/445] INRK
[00:56:31] [410/445] IMKN
[00:56:32] [411/445] SVNR
[00:56:32] [412/445] INSL
[00:56:33] [413/445] MSMA
[00:56:34] [414/445] MCKK
[00:56:35] [415/445] FCHP
[00:56:36] [416/445] SFCR
[00:56:37] [417/445] NACK
[00:56:38] [418/445] PVAK
[00:56:38] [419/445] INER
[00:56:39] [420/445] RDBK
[00:56:40] [421/445] SVFN
[00:56:41] [422/445] IFRM
[00:56:43] [423/445] ATCK
[00:56:43] [424/445] ASKO
[00:56:44] [425/445] STKT
[00:56:45] [426/445] SVFB
[00:56:46] [427/445] INKS
[00:56:47] [428/445] PCRA
[00:56:48] [429/445] ATJA
[00:56:49] [430/445] IMJN
[00:56:50] [431/445] INHD
[00:56:51] [432/445] BARA
[00:56:52] [433/445] MCSL
[00:56:53] [434/445] RTOY
[00:56:54] [435/445] MENO
[00:56:55] [436/445] PUDM
[00:56:56] [437/445] PRCN
[00:56:57] [438/445] JMJR
[00:56:57] [439/445] SSGK
[00:56:58] [440/445] SSRL
[00:56:59] [441/445] JYKL
[00:57:00] [442/445] ACNB
[00:57:01] [443/445] SONP
[00:57:02] [444/445] EMCI
[00:57:02] [445/445] MRJH
[00:57:03] ✅ DONE | Shows=0 | Movies=0
[01:51:20] 🚀 BMS DAILY TRACKER STARTED
[01:51:20] [1/445] TGMR
[01:51:20] 🧠 New identity
[01:51:21] [2/445] CXKR
[01:51:23] [3/445] SROP
[01:51:24] [4/445] GTSV
[01:51:25] [5/445] SNTY
[01:51:26] [6/445] SMYY
[01:51:27] [7/445] CNCS
[01:51:28] [8/445] CSTM
[01:51:29] [9/445] NUCD
[01:51:29] [10/445] SHCZ
[01:51:30] [11/445] NJCT
[01:51:32] [12/445] COPC
[01:51:33] [13/445] STVV
[01:51:34] [14/445] SKRN
[01:51:34] [15/445] APPZ
[01:51:35] [16/445] YMGN
[01:51:37] [17/445] SVTU
[01:51:38] [18/445] GTAD
[01:51:39] [19/445] PSUS
[01:51:40] [20/445] SMCD
[01:51:41] [21/445] CMCM
[01:51:42] [22/445] SYCT
[01:51:43] [23/445] STLY
[01:51:44] [24/445] CMHU
[01:51:45] [25/445] CMSA
[01:51:46] [26/445] CLCU
[01:51:47] [27/445] PPNT
[01:51:48] [28/445] JTAB
[01:51:49] [29/445] BUUC
[01:51:49] [30/445] BSVK
[01:51:50] [31/445] VVVQ
[01:51:51] [32/445] TKMU
[01:51:52] [33/445] ESYL
[01:51:53] [34/445] ACHP
[01:51:54] [35/445] BTKD
[01:51:55] [36/445] DESA
[01:51:56] [37/445] GBCT
[01:51:57] [38/445] BLLD
[01:51:57] [39/445] SKNT
[01:51:59] [40/445] SSTE
[01:52:00] [41/445] VJMR
[01:52:00] [42/445] NTPU
[01:52:01] [43/445] RDKN
[01:52:03] [44/445] ADGC
[01:52:03] [45/445] VRBP
[01:52:05] [46/445] NMNA
[01:52:06] [47/445] CMMX
[01:52:06] [48/445] PTKO
[01:52:07] [49/445] RBML
[01:52:09] [50/445] SAIC
[01:52:10] [51/445] SVTJ
[01:52:11] [52/445] MRTE
[01:52:12] [53/445] RBTP
[01:52:13] [54/445] NLPS
[01:52:14] [55/445] GTNA
[01:52:15] [56/445] DGGC
[01:52:17] [57/445] SMCR
[01:52:18] [58/445] SCGD
[01:52:18] [59/445] SRRJ
[01:52:19] [60/445] CNRY
[01:52:20] [61/445] KTDI
[01:52:21] [62/445] SNJL
[01:52:22] [63/445] RKMD
[01:52:22] [64/445] SMDC
[01:52:23] [65/445] TADG
[01:52:24] [66/445] MCGS
[01:52:25] [67/445] PETK
[01:52:27] [68/445] CHAG
[01:52:27] [69/445] KSTL
[01:52:28] [70/445] AADS
[01:52:29] [71/445] NTHZ
[01:52:30] [72/445] HCKI
[01:52:31] [73/445] SSEF
[01:52:32] [74/445] MCGX
[01:52:33] [75/445] ERRA
[01:52:34] [76/445] SDTW
[01:52:35] [77/445] RMPK
[01:52:36] [78/445] PTHK
[01:52:36] [79/445] PXCS
[01:52:37] [80/445] SVLU
[01:52:38] [81/445] STAH
[01:52:39] [82/445] JRGF
[01:52:40] [83/445] CDOK
[01:52:41] [84/445] CMSG
[01:52:42] [85/445] APTD
[01:52:43] [86/445] KMPG
[01:52:44] [87/445] MUTJ
[01:52:44] [88/445] VCCI
[01:52:46] [89/445] URBE
[01:52:47] [90/445] TCTS
[01:52:48] [91/445] STSN
[01:52:49] [92/445] AKCH
[01:52:49] [93/445] APSC
[01:52:50] [94/445] VLTB
[01:52:51] [95/445] SANU
[01:52:53] [96/445] AXAM
[01:52:54] [97/445] MGMG
[01:52:55] [98/445] HTBY
[01:52:55] [99/445] MMZS
[01:52:56] [100/445] SUDR
[01:52:57] [101/445] CCAD
[01:52:58] [102/445] SKKC
[01:52:59] [103/445] RMCD
[01:53:00] [104/445] SBCQ
[01:53:00] [105/445] DCCT
[01:53:01] [106/445] VTKP
[01:53:02] [107/445] MLAM
[01:53:04] [108/445] SAVT
[01:53:05] [109/445] GEPL
[01:53:06] [110/445] AMCD
[01:53:07] [111/445] CCXR
[01:53:07] [112/445] GRNG
[01:53:08] [113/445] EBCA
[01:53:09] [114/445] CNVG
[01:53:10] [115/445] MWSS
[01:53:10] [116/445] VBOR
[01:53:11] [117/445] NEEB
[01:53:13] [118/445] SUTH
[01:53:14] [119/445] ANDB
[01:53:14] [120/445] MMXS
[01:53:15] [121/445] CNPD
[01:53:16] [122/445] SDCE
[01:53:17] [123/445] DHCB
[01:53:18] [124/445] ODEN
[01:53:19] [125/445] TNTC
[01:53:20] [126/445] VBKM
[01:53:21] [127/445] RZYM
[01:53:22] [128/445] JEMC
[01:53:23] [129/445] CMAU
[01:53:24] [130/445] SIVP
[01:53:25] [131/445] ATAG
[01:53:26] [132/445] CHTM
[01:53:27] [133/445] AAEE
[01:53:28] [134/445] IWPM
[01:53:29] [135/445] KCMW
[01:53:30] [136/445] MCTD
[01:53:31] [137/445] SPWR
[01:53:32] [138/445] SDPO
[01:53:33] [139/445] PCSK
[01:53:34] [140/445] ACHV
[01:53:35] [141/445] SVLA
[01:53:36] [142/445] PICT
[01:53:37] [143/445] BXDR
[01:53:38] [144/445] SPWA
[01:53:39] [145/445] MCKO
[01:53:40] [146/445] RTHK
[01:53:41] [147/445] CCMF
[01:53:42] [148/445] MRGB
[01:53:42] [149/445] CPLC
[01:53:44] [150/445] RACD
[01:53:45] [151/445] ATKT
[01:53:46] [152/445] SARN
[01:53:47] [153/445] KKUI
[01:53:47] [154/445] RGCM
[01:53:48] [155/445] BRVP
[01:53:49] [156/445] HRSR
[01:53:50] [157/445] GKGM
[01:53:51] [158/445] TTCD
[01:53:51] [159/445] PTTI
[01:53:52] [160/445] MPTT
[01:53:53] [161/445] CVTT
[01:53:54] [162/445] PCXD
[01:53:55] [163/445] GCDC
[01:53:56] [164/445] CCCF
[01:53:57] [165/445] MRAD
[01:53:57] [166/445] CPLK
[01:53:59] [167/445] SATB
[01:54:00] [168/445] SNVG
[01:54:00] [169/445] JMBA
[01:54:01] [170/445] TEJA
[01:54:02] [171/445] STYO
[01:54:04] [172/445] JTBP
[01:54:05] [173/445] KRGD
[01:54:06] [174/445] SLJJ
[01:54:07] [175/445] SPTJ
[01:54:08] [176/445] SWJG
[01:54:09] [177/445] LKRT
[01:54:09] [178/445] KCKA
[01:54:10] [179/445] SNCR
[01:54:11] [180/445] SMKL
[01:54:12] [181/445] GCFA
[01:54:13] [182/445] DDCK
[01:54:14] [183/445] NCHJ
[01:54:15] [184/445] RDMA
[01:54:16] [185/445] SVSV
[01:54:17] [186/445] SCJG
[01:54:18] [187/445] VKLP
[01:54:19] [188/445] NWCC
[01:54:20] [189/445] VKNS
[01:54:21] [190/445] SDDP
[01:54:22] [191/445] ACSI
[01:54:23] [192/445] SATG
[01:54:24] [193/445] SCMW
[01:54:24] [194/445] LKTK
[01:54:25] [195/445] VCKV
[01:54:26] [196/445] KKPE
[01:54:27] [197/445] KIGH
[01:54:28] [198/445] SRPM
[01:54:29] [199/445] SCAH
[01:54:29] [200/445] MUTA
[01:54:30] [201/445] SEPU
[01:54:31] [202/445] INOA
[01:54:32] [203/445] BASK
[01:54:33] [204/445] NECB
[01:54:34] [205/445] GTTG
[01:54:35] [206/445] ASSA
[01:54:36] [207/445] ANCL
[01:54:37] [208/445] GCTI
[01:54:38] [209/445] RCTS
[01:54:39] [210/445] ACNL
[01:54:40] [211/445] MYCT
[01:54:41] [212/445] NMHT
[01:54:42] [213/445] MDIT
[01:54:43] [214/445] LATG
[01:54:44] [215/445] SMTY
[01:54:44] [216/445] CVCT
[01:54:45] [217/445] RAMB
[01:54:46] [218/445] TGMS
[01:54:47] [219/445] BHEL
[01:54:48] [220/445] SHCT
[01:54:50] [221/445] SVCT
[01:54:51] [222/445] MRIY
[01:54:52] [223/445] SARO
[01:54:52] [224/445] STCT
[01:54:54] [225/445] JKKC
[01:54:55] [226/445] PLTT
[01:54:56] [227/445] SRNT
[01:54:57] [228/445] YAST
[01:54:58] [229/445] PERL
[01:54:59] [230/445] CICM
[01:55:00] [231/445] MMTR
[01:55:01] [232/445] ABTK
[01:55:01] [233/445] ATYY
[01:55:02] [234/445] ASTK
[01:55:04] [235/445] VVCK
[01:55:05] [236/445] ATKY
[01:55:06] [237/445] GWEK
[01:55:07] [238/445] SVFH
[01:55:08] [239/445] SLTA
[01:55:08] [240/445] AASH
[01:55:09] [241/445] ACXB
[01:55:10] [242/445] SMTX
[01:55:11] [243/445] AZDH
[01:55:12] [244/445] CMMH
[01:55:13] [245/445] SCSZ
[01:55:14] [246/445] SCKP
[01:55:15] [247/445] NXTM
[01:55:16] [248/445] NWCS
[01:55:16] [249/445] CXMH
[01:55:17] [250/445] PCMA
[01:55:18] [251/445] SGCM
[01:55:19] [252/445] SDTU
[01:55:21] [253/445] MMVI
[01:55:22] [254/445] JKCM
[01:55:22] [255/445] VCMM
[01:55:23] [256/445] SYEE
[01:55:24] [257/445] VASD
[01:55:25] [258/445] BDRB
[01:55:26] [259/445] LASM
[01:55:27] [260/445] DCRL
[01:55:28] [261/445] DVPM
[01:55:29] [262/445] SBMJ
[01:55:33] [263/445] CBMU
[01:55:34] [264/445] IUBS
[01:55:35] [265/445] INAP
[01:55:36] [266/445] SRRC
[01:55:37] [267/445] SAGR
[01:55:38] [268/445] CPMJ
[01:55:39] [269/445] ATJL
[01:55:40] [270/445] NNTD
[01:55:40] [271/445] JHCJ
[01:55:41] [272/445] CMMP
[01:55:42] [273/445] RSDR
[01:55:43] [274/445] AMTI
[01:55:44] [275/445] NYSG
[01:55:45] [276/445] AVSG
[01:55:46] [277/445] SYTP
[01:55:47] [278/445] LARC
[01:55:48] [279/445] RJTP
[01:55:48] [280/445] LAKC
[01:55:49] [281/445] MCXE
[01:55:50] [282/445] CCZC
[01:55:51] [283/445] AVCH
[01:55:52] [284/445] CMBE
[01:55:53] [285/445] MRRC
[01:55:54] [286/445] PCPY
[01:55:55] [287/445] SRMH
[01:55:56] [288/445] SVGS
[01:55:56] [289/445] PCSE
[01:55:57] [290/445] SVFT
[01:55:58] [291/445] TNZP
[01:55:59] [292/445] ICTP
[01:56:00] [293/445] ACTZ
[01:56:01] [294/445] GTUR
[01:56:02] [295/445] MAFC
[01:56:03] [296/445] MINL
[01:56:04] [297/445] MRCL
[01:56:05] [298/445] RCRP
[01:56:05] [299/445] RFFG
[01:56:06] [300/445] RMAS
[01:56:07] [301/445] INVR
[01:56:08] [302/445] RMAR
[01:56:09] [303/445] CNIS
[01:56:10] [304/445] RHRJ
[01:56:11] [305/445] INXR
[01:56:11] [306/445] VALT
[01:56:12] [307/445] LCSH
[01:56:13] [308/445] CMVS
[01:56:14] [309/445] CNMS
[01:56:15] [310/445] ROOG
[01:56:16] [311/445] ISRM
[01:56:17] [312/445] RCRM
[01:56:18] [313/445] ACJA
[01:56:19] [314/445] RCVS
[01:56:20] [315/445] CPUS
[01:56:21] [316/445] TGCS
[01:56:22] [317/445] RKCJ
[01:56:23] [318/445] MKSB
[01:56:23] [319/445] TCSJ
[01:56:24] [320/445] RMGP
[01:56:25] [321/445] CLLP
[01:56:26] [322/445] RCMV
[01:56:27] [323/445] CCKS
[01:56:29] [324/445] RSRP
[01:56:29] [325/445] APLP
[01:56:31] [326/445] CNVS
[01:56:32] [327/445] RMVY
[01:56:33] [328/445] PGBD
[01:56:33] [329/445] KLMS
[01:56:34] [330/445] RUST
[01:56:35] [331/445] MASM
[01:56:36] [332/445] BACS
[01:56:37] [333/445] BWST
[01:56:38] [334/445] RRFH
[01:56:39] [335/445] SJTM
[01:56:40] [336/445] BEMR
[01:56:41] [337/445] MCGR
[01:56:41] [338/445] SDSK
[01:56:42] [339/445] VBOL
[01:56:43] [340/445] RMGM
[01:56:44] [341/445] NOPL
[01:56:45] [342/445] MKJK
[01:56:46] [343/445] CVRN
[01:56:47] [344/445] MMEN
[01:56:47] [345/445] AMNG
[01:56:48] [346/445] INTM
[01:56:49] [347/445] SLCZ
[01:56:50] [348/445] AMJN
[01:56:51] [349/445] ACJN
[01:56:51] [350/445] AMKN
[01:56:52] [351/445] BTCN
[01:56:53] [352/445] AMBT
[01:56:54] [353/445] PACN
[01:56:55] [354/445] LCNS
[01:56:56] [355/445] PPKC
[01:56:57] [356/445] JYYN
[01:56:58] [357/445] JTNR
[01:56:59] [358/445] GTEE
[01:57:00] [359/445] SRNM
[01:57:01] [360/445] SDTC
[01:57:02] [361/445] VPCA
[01:57:02] [362/445] VLRA
[01:57:03] [363/445] SHKR
[01:57:04] [364/445] SBKD
[01:57:05] [365/445] SAAD
[01:57:06] [366/445] JTGN
[01:57:06] [367/445] SLAM
[01:57:07] [368/445] VTPM
[01:57:08] [369/445] ANPT
[01:57:09] [370/445] PUNB
[01:57:10] [371/445] CPKT
[01:57:11] [372/445] CNWE
[01:57:12] [373/445] ECPP
[01:57:14] [374/445] CPAR
[01:57:14] [375/445] ESBW
[01:57:15] [376/445] PKPU
[01:57:16] [377/445] CPRP
[01:57:17] [378/445] RAHU
[01:57:18] [379/445] RHMN
[01:57:19] [380/445] FMJP
[01:57:20] [381/445] CTMP
[01:57:21] [382/445] INPN
[01:57:22] [383/445] STTG
[01:57:23] [384/445] CTRD
[01:57:24] [385/445] PUVB
[01:57:25] [386/445] ESVP
[01:57:26] [387/445] CPFT
[01:57:27] [388/445] LCPC
[01:57:28] [389/445] VBCT
[01:57:29] [390/445] FSCW
[01:57:29] [391/445] VCMP
[01:57:30] [392/445] ASHC
[01:57:31] [393/445] VLCX
[01:57:32] [394/445] SHEV
[01:57:33] [395/445] APCO
[01:57:33] [396/445] SILC
[01:57:34] [397/445] SNMR
[01:57:35] [398/445] KYBO
[01:57:36] [399/445] SATK
[01:57:37] [400/445] SSCS
[01:57:38] [401/445] CLSB
[01:57:40] [402/445] KMJR
[01:57:40] [403/445] FSCK
[01:57:41] [404/445] NNKA
[01:57:42] [405/445] CLMK
[01:57:43] [406/445] DMPZ
[01:57:43] [407/445] INQM
[01:57:44] [408/445] CAML
[01:57:45] [409/445] INRK
[01:57:46] [410/445] IMKN
[01:57:47] [411/445] SVNR
[01:57:48] [412/445] INSL
[01:57:49] [413/445] MSMA
[01:57:50] [414/445] MCKK
[01:57:51] [415/445] FCHP
[01:57:52] [416/445] SFCR
[01:57:53] [417/445] NACK
[01:57:54] [418/445] PVAK
[01:57:55] [419/445] INER
[01:57:56] [420/445] RDBK
[01:57:57] [421/445] SVFN
[01:57:58] [422/445] IFRM
[01:57:59] [423/445] ATCK
[01:58:00] [424/445] ASKO
[01:58:01] [425/445] STKT
[01:58:01] [426/445] SVFB
[01:58:03] [427/445] INKS
[01:58:04] [428/445] PCRA
[01:58:04] [429/445] ATJA
[01:58:05] [430/445] IMJN
[01:58:06] [431/445] INHD
[01:58:07] [432/445] BARA
[01:58:08] [433/445] MCSL
[01:58:09] [434/445] RTOY
[01:58:09] [435/445] MENO
[01:58:10] [436/445] PUDM
[01:58:11] [437/445] PRCN
[01:58:13] [438/445] JMJR
[01:58:14] [439/445] SSGK
[01:58:15] [440/445] SSRL
[01:58:16] [441/445] JYKL
[01:58:17] [442/445] ACNB
[01:58:18] [443/445] SONP
[01:58:19] [444/445] EMCI
[01:58:20] [445/445] MRJH
[01:58:21] ✅ DONE | Shows=0 | Movies=0
[02:51:50] 🚀 BMS DAILY TRACKER STARTED
[02:51:50] [1/445] TGMR
[02:51:50] 🧠 New identity
[02:51:51] [2/445] CXKR
[02:51:51] [3/445] SROP
[02:51:52] [4/445] GTSV
[02:51:53] [5/445] SNTY
[02:51:54] [6/445] SMYY
[02:51:55] [7/445] CNCS
[02:51:56] [8/445] CSTM
[02:51:57] [9/445] NUCD
[02:51:58] [10/445] SHCZ
[02:51:58] [11/445] NJCT
[02:51:59] [12/445] COPC
[02:52:00] [13/445] STVV
[02:52:01] [14/445] SKRN
[02:52:02] [15/445] APPZ
[02:52:03] [16/445] YMGN
[02:52:04] [17/445] SVTU
[02:52:05] [18/445] GTAD
[02:52:05] [19/445] PSUS
[02:52:07] [20/445] SMCD
[02:52:08] [21/445] CMCM
[02:52:09] [22/445] SYCT
[02:52:10] [23/445] STLY
[02:52:11] [24/445] CMHU
[02:52:12] [25/445] CMSA
[02:52:13] [26/445] CLCU
[02:52:14] [27/445] PPNT
[02:52:15] [28/445] JTAB
[02:52:16] [29/445] BUUC
[02:52:17] [30/445] BSVK
[02:52:18] [31/445] VVVQ
[02:52:18] [32/445] TKMU
[02:52:19] [33/445] ESYL
[02:52:20] [34/445] ACHP
[02:52:22] [35/445] BTKD
[02:52:22] [36/445] DESA
[02:52:23] [37/445] GBCT
[02:52:24] [38/445] BLLD
[02:52:25] [39/445] SKNT
[02:52:26] [40/445] SSTE
[02:52:27] [41/445] VJMR
[02:52:28] [42/445] NTPU
[02:52:29] [43/445] RDKN
[02:52:30] [44/445] ADGC
[02:52:31] [45/445] VRBP
[02:52:32] [46/445] NMNA
[02:52:33] [47/445] CMMX
[02:52:34] [48/445] PTKO
[02:52:35] [49/445] RBML
[02:52:36] [50/445] SAIC
[02:52:37] [51/445] SVTJ
[02:52:38] [52/445] MRTE
[02:52:38] [53/445] RBTP
[02:52:39] [54/445] NLPS
[02:52:40] [55/445] GTNA
[02:52:41] [56/445] DGGC
[02:52:42] [57/445] SMCR
[02:52:43] [58/445] SCGD
[02:52:45] [59/445] SRRJ
[02:52:45] [60/445] CNRY
[02:52:46] [61/445] KTDI
[02:52:47] [62/445] SNJL
[02:52:48] [63/445] RKMD
[02:52:49] [64/445] SMDC
[02:52:50] [65/445] TADG
[02:52:51] [66/445] MCGS
[02:52:53] [67/445] PETK
[02:52:53] [68/445] CHAG
[02:52:54] [69/445] KSTL
[02:52:55] [70/445] AADS
[02:52:56] [71/445] NTHZ
[02:52:57] [72/445] HCKI
[02:52:58] [73/445] SSEF
[02:52:59] [74/445] MCGX
[02:53:00] [75/445] ERRA
[02:53:01] [76/445] SDTW
[02:53:02] [77/445] RMPK
[02:53:03] [78/445] PTHK
[02:53:04] [79/445] PXCS
[02:53:04] [80/445] SVLU
[02:53:06] [81/445] STAH
[02:53:07] [82/445] JRGF
[02:53:08] [83/445] CDOK
[02:53:09] [84/445] CMSG
[02:53:10] [85/445] APTD
[02:53:11] [86/445] KMPG
[02:53:12] [87/445] MUTJ
[02:53:13] [88/445] VCCI
[02:53:14] [89/445] URBE
[02:53:15] [90/445] TCTS
[02:53:16] [91/445] STSN
[02:53:17] [92/445] AKCH
[02:53:17] [93/445] APSC
[02:53:23] [94/445] VLTB
[02:53:24] [95/445] SANU
[02:53:25] [96/445] AXAM
[02:53:26] [97/445] MGMG
[02:53:26] [98/445] HTBY
[02:53:27] [99/445] MMZS
[02:53:28] [100/445] SUDR
[02:53:29] [101/445] CCAD
[02:53:31] [102/445] SKKC
[02:53:31] [103/445] RMCD
[02:53:32] [104/445] SBCQ
[02:53:33] [105/445] DCCT
[02:53:34] [106/445] VTKP
[02:53:35] [107/445] MLAM
[02:53:36] [108/445] SAVT
[02:53:37] [109/445] GEPL
[02:53:38] [110/445] AMCD
[02:53:39] [111/445] CCXR
[02:53:40] [112/445] GRNG
[02:53:40] [113/445] EBCA
[02:53:41] [114/445] CNVG
[02:53:42] [115/445] MWSS
[02:53:43] [116/445] VBOR
[02:53:44] [117/445] NEEB
[02:53:45] [118/445] SUTH
[02:53:46] [119/445] ANDB
[02:53:46] [120/445] MMXS
[02:53:47] [121/445] CNPD
[02:53:48] [122/445] SDCE
[02:53:49] [123/445] DHCB
[02:53:50] [124/445] ODEN
[02:53:51] [125/445] TNTC
[02:53:52] [126/445] VBKM
[02:53:53] [127/445] RZYM
[02:53:54] [128/445] JEMC
[02:53:55] [129/445] CMAU
[02:53:56] [130/445] SIVP
[02:53:57] [131/445] ATAG
[02:53:58] [132/445] CHTM
[02:53:59] [133/445] AAEE
[02:54:00] [134/445] IWPM
[02:54:00] [135/445] KCMW
[02:54:01] [136/445] MCTD
[02:54:02] [137/445] SPWR
[02:54:03] [138/445] SDPO
[02:54:04] [139/445] PCSK
[02:54:05] [140/445] ACHV
[02:54:06] [141/445] SVLA
[02:54:07] [142/445] PICT
[02:54:08] [143/445] BXDR
[02:54:08] [144/445] SPWA
[02:54:09] [145/445] MCKO
[02:54:10] [146/445] RTHK
[02:54:11] [147/445] CCMF
[02:54:12] [148/445] MRGB
[02:54:12] [149/445] CPLC
[02:54:13] [150/445] RACD
[02:54:14] [151/445] ATKT
[02:54:16] [152/445] SARN
[02:54:16] [153/445] KKUI
[02:54:17] [154/445] RGCM
[02:54:18] [155/445] BRVP
[02:54:19] [156/445] HRSR
[02:54:20] [157/445] GKGM
[02:54:20] [158/445] TTCD
[02:54:21] [159/445] PTTI
[02:54:22] [160/445] MPTT
[02:54:23] [161/445] CVTT
[02:54:24] [162/445] PCXD
[02:54:25] [163/445] GCDC
[02:54:26] [164/445] CCCF
[02:54:27] [165/445] MRAD
[02:54:28] [166/445] CPLK
[02:54:29] [167/445] SATB
[02:54:30] [168/445] SNVG
[02:54:31] [169/445] JMBA
[02:54:32] [170/445] TEJA
[02:54:33] [171/445] STYO
[02:54:33] [172/445] JTBP
[02:54:34] [173/445] KRGD
[02:54:35] [174/445] SLJJ
[02:54:36] [175/445] SPTJ
[02:54:37] [176/445] SWJG
[02:54:38] [177/445] LKRT
[02:54:39] [178/445] KCKA
[02:54:40] [179/445] SNCR
[02:54:41] [180/445] SMKL
[02:54:41] [181/445] GCFA
[02:54:42] [182/445] DDCK
[02:54:43] [183/445] NCHJ
[02:54:44] [184/445] RDMA
[02:54:45] [185/445] SVSV
[02:54:46] [186/445] SCJG
[02:54:46] [187/445] VKLP
[02:54:47] [188/445] NWCC
[02:54:48] [189/445] VKNS
[02:54:49] [190/445] SDDP
[02:54:50] [191/445] ACSI
[02:54:51] [192/445] SATG
[02:54:52] [193/445] SCMW
[02:54:53] [194/445] LKTK
[02:54:54] [195/445] VCKV
[02:54:54] [196/445] KKPE
[02:54:55] [197/445] KIGH
[02:54:57] [198/445] SRPM
[02:54:58] [199/445] SCAH
[02:54:59] [200/445] MUTA
[02:54:59] [201/445] SEPU
[02:55:00] [202/445] INOA
[02:55:01] [203/445] BASK
[02:55:03] [204/445] NECB
[02:55:03] [205/445] GTTG
[02:55:04] [206/445] ASSA
[02:55:05] [207/445] ANCL
[02:55:06] [208/445] GCTI
[02:55:07] [209/445] RCTS
[02:55:08] [210/445] ACNL
[02:55:09] [211/445] MYCT
[02:55:10] [212/445] NMHT
[02:55:11] [213/445] MDIT
[02:55:12] [214/445] LATG
[02:55:13] [215/445] SMTY
[02:55:14] [216/445] CVCT
[02:55:15] [217/445] RAMB
[02:55:16] [218/445] TGMS
[02:55:17] [219/445] BHEL
[02:55:17] [220/445] SHCT
[02:55:18] [221/445] SVCT
[02:55:19] [222/445] MRIY
[02:55:20] [223/445] SARO
[02:55:22] [224/445] STCT
[02:55:23] [225/445] JKKC
[02:55:24] [226/445] PLTT
[02:55:25] [227/445] SRNT
[02:55:26] [228/445] YAST
[02:55:27] [229/445] PERL
[02:55:28] [230/445] CICM
[02:55:29] [231/445] MMTR
[02:55:29] [232/445] ABTK
[02:55:30] [233/445] ATYY
[02:55:31] [234/445] ASTK
[02:55:32] [235/445] VVCK
[02:55:32] [236/445] ATKY
[02:55:34] [237/445] GWEK
[02:55:35] [238/445] SVFH
[02:55:36] [239/445] SLTA
[02:55:36] [240/445] AASH
[02:55:37] [241/445] ACXB
[02:55:38] [242/445] SMTX
[02:55:39] [243/445] AZDH
[02:55:40] [244/445] CMMH
[02:55:41] [245/445] SCSZ
[02:55:42] [246/445] SCKP
[02:55:43] [247/445] NXTM
[02:55:44] [248/445] NWCS
[02:55:45] [249/445] CXMH
[02:55:46] [250/445] PCMA
[02:55:47] [251/445] SGCM
[02:55:48] [252/445] SDTU
[02:55:49] [253/445] MMVI
[02:55:50] [254/445] JKCM
[02:55:51] [255/445] VCMM
[02:55:52] [256/445] SYEE
[02:55:53] [257/445] VASD
[02:55:53] [258/445] BDRB
[02:55:54] [259/445] LASM
[02:55:55] [260/445] DCRL
[02:55:56] [261/445] DVPM
[02:55:57] [262/445] SBMJ
[02:55:58] [263/445] CBMU
[02:55:59] [264/445] IUBS
[02:56:00] [265/445] INAP
[02:56:00] [266/445] SRRC
[02:56:01] [267/445] SAGR
[02:56:02] [268/445] CPMJ
[02:56:03] [269/445] ATJL
[02:56:04] [270/445] NNTD
[02:56:05] [271/445] JHCJ
[02:56:05] [272/445] CMMP
[02:56:06] [273/445] RSDR
[02:56:07] [274/445] AMTI
[02:56:08] [275/445] NYSG
[02:56:09] [276/445] AVSG
[02:56:10] [277/445] SYTP
[02:56:11] [278/445] LARC
[02:56:12] [279/445] RJTP
[02:56:13] [280/445] LAKC
[02:56:14] [281/445] MCXE
[02:56:15] [282/445] CCZC
[02:56:16] [283/445] AVCH
[02:56:16] [284/445] CMBE
[02:56:17] [285/445] MRRC
[02:56:18] [286/445] PCPY
[02:56:19] [287/445] SRMH
[02:56:20] [288/445] SVGS
[02:56:21] [289/445] PCSE
[02:56:22] [290/445] SVFT
[02:56:23] [291/445] TNZP
[02:56:24] [292/445] ICTP
[02:56:25] [293/445] ACTZ
[02:56:26] [294/445] GTUR
[02:56:27] [295/445] MAFC
[02:56:28] [296/445] MINL
[02:56:29] [297/445] MRCL
[02:56:30] [298/445] RCRP
[02:56:31] [299/445] RFFG
[02:56:32] [300/445] RMAS
[02:56:32] [301/445] INVR
[02:56:33] [302/445] RMAR
[02:56:34] [303/445] CNIS
[02:56:35] [304/445] RHRJ
[02:56:36] [305/445] INXR
[02:56:37] [306/445] VALT
[02:56:38] [307/445] LCSH
[02:56:39] [308/445] CMVS
[02:56:40] [309/445] CNMS
[02:56:41] [310/445] ROOG
[02:56:42] [311/445] ISRM
[02:56:43] [312/445] RCRM
[02:56:43] [313/445] ACJA
[02:56:44] [314/445] RCVS
[02:56:45] [315/445] CPUS
[02:56:46] [316/445] TGCS
[02:56:47] [317/445] RKCJ
[02:56:47] [318/445] MKSB
[02:56:48] [319/445] TCSJ
[02:56:49] [320/445] RMGP
[02:56:51] [321/445] CLLP
[02:56:52] [322/445] RCMV
[02:56:54] [323/445] CCKS
[02:56:55] [324/445] RSRP
[02:56:55] [325/445] APLP
[02:56:57] [326/445] CNVS
[02:56:58] [327/445] RMVY
[02:56:59] [328/445] PGBD
[02:57:00] [329/445] KLMS
[02:57:01] [330/445] RUST
[02:57:02] [331/445] MASM
[02:57:04] [332/445] BACS
[02:57:04] [333/445] BWST
[02:57:05] [334/445] RRFH
[02:57:06] [335/445] SJTM
[02:57:08] [336/445] BEMR
[02:57:09] [337/445] MCGR
[02:57:10] [338/445] SDSK
[02:57:11] [339/445] VBOL
[02:57:12] [340/445] RMGM
[02:57:13] [341/445] NOPL
[02:57:14] [342/445] MKJK
[02:57:14] [343/445] CVRN
[02:57:15] [344/445] MMEN
[02:57:16] [345/445] AMNG
[02:57:17] [346/445] INTM
[02:57:18] [347/445] SLCZ
[02:57:19] [348/445] AMJN
[02:57:20] [349/445] ACJN
[02:57:21] [350/445] AMKN
[02:57:22] [351/445] BTCN
[02:57:23] [352/445] AMBT
[02:57:24] [353/445] PACN
[02:57:25] [354/445] LCNS
[02:57:25] [355/445] PPKC
[02:57:26] [356/445] JYYN
[02:57:27] [357/445] JTNR
[02:57:28] [358/445] GTEE
[02:57:28] [359/445] SRNM
[02:57:29] [360/445] SDTC
[02:57:30] [361/445] VPCA
[02:57:31] [362/445] VLRA
[02:57:32] [363/445] SHKR
[02:57:32] [364/445] SBKD
[02:57:34] [365/445] SAAD
[02:57:34] [366/445] JTGN
[02:57:36] [367/445] SLAM
[02:57:37] [368/445] VTPM
[02:57:38] [369/445] ANPT
[02:57:39] [370/445] PUNB
[02:57:39] [371/445] CPKT
[02:57:40] [372/445] CNWE
[02:57:42] [373/445] ECPP
[02:57:43] [374/445] CPAR
[02:57:44] [375/445] ESBW
[02:57:45] [376/445] PKPU
[02:57:46] [377/445] CPRP
[02:57:47] [378/445] RAHU
[02:57:48] [379/445] RHMN
[02:57:49] [380/445] FMJP
[02:57:50] [381/445] CTMP
[02:57:51] [382/445] INPN
[02:57:51] [383/445] STTG
[02:57:52] [384/445] CTRD
[02:57:53] [385/445] PUVB
[02:57:54] [386/445] ESVP
[02:57:55] [387/445] CPFT
[02:57:56] [388/445] LCPC
[02:57:57] [389/445] VBCT
[02:57:58] [390/445] FSCW
[02:57:59] [391/445] VCMP
[02:58:00] [392/445] ASHC
[02:58:01] [393/445] VLCX
[02:58:02] [394/445] SHEV
[02:58:03] [395/445] APCO
[02:58:04] [396/445] SILC
[02:58:05] [397/445] SNMR
[02:58:06] [398/445] KYBO
[02:58:07] [399/445] SATK
[02:58:08] [400/445] SSCS
[02:58:09] [401/445] CLSB
[02:58:10] [402/445] KMJR
[02:58:10] [403/445] FSCK
[02:58:11] [404/445] NNKA
[02:58:12] [405/445] CLMK
[02:58:13] [406/445] DMPZ
[02:58:14] [407/445] INQM
[02:58:15] [408/445] CAML
[02:58:16] [409/445] INRK
[02:58:17] [410/445] IMKN
[02:58:18] [411/445] SVNR
[02:58:19] [412/445] INSL
[02:58:20] [413/445] MSMA
[02:58:20] [414/445] MCKK
[02:58:21] [415/445] FCHP
[02:58:22] [416/445] SFCR
[02:58:23] [417/445] NACK
[02:58:24] [418/445] PVAK
[02:58:25] [419/445] INER
[02:58:27] [420/445] RDBK
[02:58:28] [421/445] SVFN
[02:58:28] [422/445] IFRM
[02:58:29] [423/445] ATCK
[02:58:31] [424/445] ASKO
[02:58:32] [425/445] STKT
[02:58:33] [426/445] SVFB
[02:58:34] [427/445] INKS
[02:58:35] [428/445] PCRA
[02:58:35] [429/445] ATJA
[02:58:36] [430/445] IMJN
[02:58:38] [431/445] INHD
[02:58:39] [432/445] BARA
[02:58:39] [433/445] MCSL
[02:58:40] [434/445] RTOY
[02:58:42] [435/445] MENO
[02:58:43] [436/445] PUDM
[02:58:44] [437/445] PRCN
[02:58:45] [438/445] JMJR
[02:58:46] [439/445] SSGK
[02:58:47] [440/445] SSRL
[02:58:48] [441/445] JYKL
[02:58:49] [442/445] ACNB
[02:58:50] [443/445] SONP
[02:58:50] [444/445] EMCI
[02:58:51] [445/445] MRJH
[02:58:53] ✅ DONE | Shows=0 | Movies=0
[03:50:34] 🚀 BMS DAILY TRACKER STARTED
[03:50:34] [1/445] TGMR
[03:50:34] 🧠 New identity
[03:50:35] [2/445] CXKR
[03:50:36] [3/445] SROP
[03:50:37] [4/445] GTSV
[03:50:38] [5/445] SNTY
[03:50:38] [6/445] SMYY
[03:50:40] [7/445] CNCS
[03:50:41] [8/445] CSTM
[03:50:42] [9/445] NUCD
[03:50:43] [10/445] SHCZ
[03:50:44] [11/445] NJCT
[03:50:45] [12/445] COPC
[03:50:45] [13/445] STVV
[03:50:46] [14/445] SKRN
[03:50:47] [15/445] APPZ
[03:50:48] [16/445] YMGN
[03:50:49] [17/445] SVTU
[03:50:50] [18/445] GTAD
[03:50:51] [19/445] PSUS
[03:50:51] [20/445] SMCD
[03:50:52] [21/445] CMCM
[03:50:53] [22/445] SYCT
[03:50:54] [23/445] STLY
[03:50:55] [24/445] CMHU
[03:50:55] [25/445] CMSA
[03:50:56] [26/445] CLCU
[03:50:58] [27/445] PPNT
[03:50:59] [28/445] JTAB
[03:51:00] [29/445] BUUC
[03:51:01] [30/445] BSVK
[03:51:02] [31/445] VVVQ
[03:51:04] [32/445] TKMU
[03:51:05] [33/445] ESYL
[03:51:06] [34/445] ACHP
[03:51:06] [35/445] BTKD
[03:51:07] [36/445] DESA
[03:51:08] [37/445] GBCT
[03:51:09] [38/445] BLLD
[03:51:10] [39/445] SKNT
[03:51:11] [40/445] SSTE
[03:51:12] [41/445] VJMR
[03:51:12] [42/445] NTPU
[03:51:14] [43/445] RDKN
[03:51:15] [44/445] ADGC
[03:51:16] [45/445] VRBP
[03:51:17] [46/445] NMNA
[03:51:18] [47/445] CMMX
[03:51:18] [48/445] PTKO
[03:51:19] [49/445] RBML
[03:51:20] [50/445] SAIC
[03:51:21] [51/445] SVTJ
[03:51:21] [52/445] MRTE
[03:51:22] [53/445] RBTP
[03:51:23] [54/445] NLPS
[03:51:25] [55/445] GTNA
[03:51:26] [56/445] DGGC
[03:51:27] [57/445] SMCR
[03:51:28] [58/445] SCGD
[03:51:28] [59/445] SRRJ
[03:51:29] [60/445] CNRY
[03:51:31] [61/445] KTDI
[03:51:32] [62/445] SNJL
[03:51:32] [63/445] RKMD
[03:51:33] [64/445] SMDC
[03:51:34] [65/445] TADG
[03:51:35] [66/445] MCGS
[03:51:36] [67/445] PETK
[03:51:37] [68/445] CHAG
[03:51:37] [69/445] KSTL
[03:51:38] [70/445] AADS
[03:51:40] [71/445] NTHZ
[03:51:41] [72/445] HCKI
[03:51:42] [73/445] SSEF
[03:51:43] [74/445] MCGX
[03:51:43] [75/445] ERRA
[03:51:44] [76/445] SDTW
[03:51:45] [77/445] RMPK
[03:51:47] [78/445] PTHK
[03:51:47] [79/445] PXCS
[03:51:48] [80/445] SVLU
[03:51:49] [81/445] STAH
[03:51:50] [82/445] JRGF
[03:51:51] [83/445] CDOK
[03:51:51] [84/445] CMSG
[03:51:52] [85/445] APTD
[03:51:53] [86/445] KMPG
[03:51:54] [87/445] MUTJ
[03:51:55] [88/445] VCCI
[03:51:56] [89/445] URBE
[03:51:56] [90/445] TCTS
[03:51:57] [91/445] STSN
[03:51:58] [92/445] AKCH
[03:51:59] [93/445] APSC
[03:52:00] [94/445] VLTB
[03:52:00] [95/445] SANU
[03:52:01] [96/445] AXAM
[03:52:02] [97/445] MGMG
[03:52:03] [98/445] HTBY
[03:52:04] [99/445] MMZS
[03:52:05] [100/445] SUDR
[03:52:05] [101/445] CCAD
[03:52:06] [102/445] SKKC
[03:52:07] [103/445] RMCD
[03:52:09] [104/445] SBCQ
[03:52:09] [105/445] DCCT
[03:52:10] [106/445] VTKP
[03:52:12] [107/445] MLAM
[03:52:13] [108/445] SAVT
[03:52:14] [109/445] GEPL
[03:52:15] [110/445] AMCD
[03:52:15] [111/445] CCXR
[03:52:16] [112/445] GRNG
[03:52:17] [113/445] EBCA
[03:52:18] [114/445] CNVG
[03:52:19] [115/445] MWSS
[03:52:20] [116/445] VBOR
[03:52:21] [117/445] NEEB
[03:52:22] [118/445] SUTH
[03:52:23] [119/445] ANDB
[03:52:24] [120/445] MMXS
[03:52:25] [121/445] CNPD
[03:52:26] [122/445] SDCE
[03:52:27] [123/445] DHCB
[03:52:28] [124/445] ODEN
[03:52:29] [125/445] TNTC
[03:52:30] [126/445] VBKM
[03:52:31] [127/445] RZYM
[03:52:32] [128/445] JEMC
[03:52:34] [129/445] CMAU
[03:52:35] [130/445] SIVP
[03:52:36] [131/445] ATAG
[03:52:37] [132/445] CHTM
[03:52:38] [133/445] AAEE
[03:52:39] [134/445] IWPM
[03:52:40] [135/445] KCMW
[03:52:42] [136/445] MCTD
[03:52:43] [137/445] SPWR
[03:52:43] [138/445] SDPO
[03:52:44] [139/445] PCSK
[03:52:45] [140/445] ACHV
[03:52:46] [141/445] SVLA
[03:52:47] [142/445] PICT
[03:52:48] [143/445] BXDR
[03:52:49] [144/445] SPWA
[03:52:50] [145/445] MCKO
[03:52:51] [146/445] RTHK
[03:52:52] [147/445] CCMF
[03:52:53] [148/445] MRGB
[03:52:54] [149/445] CPLC
[03:52:55] [150/445] RACD
[03:52:56] [151/445] ATKT
[03:52:57] [152/445] SARN
[03:52:58] [153/445] KKUI
[03:52:59] [154/445] RGCM
[03:53:00] [155/445] BRVP
[03:53:01] [156/445] HRSR
[03:53:01] [157/445] GKGM
[03:53:02] [158/445] TTCD
[03:53:03] [159/445] PTTI
[03:53:04] [160/445] MPTT
[03:53:05] [161/445] CVTT
[03:53:07] [162/445] PCXD
[03:53:07] [163/445] GCDC
[03:53:08] [164/445] CCCF
[03:53:09] [165/445] MRAD
[03:53:10] [166/445] CPLK
[03:53:11] [167/445] SATB
[03:53:12] [168/445] SNVG
[03:53:13] [169/445] JMBA
[03:53:13] [170/445] TEJA
[03:53:14] [171/445] STYO
[03:53:15] [172/445] JTBP
[03:53:16] [173/445] KRGD
[03:53:17] [174/445] SLJJ
[03:53:17] [175/445] SPTJ
[03:53:18] [176/445] SWJG
[03:53:19] [177/445] LKRT
[03:53:20] [178/445] KCKA
[03:53:21] [179/445] SNCR
[03:53:22] [180/445] SMKL
[03:53:23] [181/445] GCFA
[03:53:24] [182/445] DDCK
[03:53:25] [183/445] NCHJ
[03:53:26] [184/445] RDMA
[03:53:27] [185/445] SVSV
[03:53:28] [186/445] SCJG
[03:53:29] [187/445] VKLP
[03:53:29] [188/445] NWCC
[03:53:31] [189/445] VKNS
[03:53:32] [190/445] SDDP
[03:53:33] [191/445] ACSI
[03:53:33] [192/445] SATG
[03:53:34] [193/445] SCMW
[03:53:35] [194/445] LKTK
[03:53:36] [195/445] VCKV
[03:53:37] [196/445] KKPE
[03:53:37] [197/445] KIGH
[03:53:39] [198/445] SRPM
[03:53:41] [199/445] SCAH
[03:53:42] [200/445] MUTA
[03:53:43] [201/445] SEPU
[03:53:44] [202/445] INOA
[03:53:46] [203/445] BASK
[03:53:46] [204/445] NECB
[03:53:48] [205/445] GTTG
[03:53:49] [206/445] ASSA
[03:53:50] [207/445] ANCL
[03:53:51] [208/445] GCTI
[03:53:51] [209/445] RCTS
[03:53:52] [210/445] ACNL
[03:53:54] [211/445] MYCT
[03:53:55] [212/445] NMHT
[03:53:55] [213/445] MDIT
[03:53:56] [214/445] LATG
[03:53:57] [215/445] SMTY
[03:53:58] [216/445] CVCT
[03:53:59] [217/445] RAMB
[03:53:59] [218/445] TGMS
[03:54:00] [219/445] BHEL
[03:54:01] [220/445] SHCT
[03:54:01] [221/445] SVCT
[03:54:02] [222/445] MRIY
[03:54:03] [223/445] SARO
[03:54:05] [224/445] STCT
[03:54:06] [225/445] JKKC
[03:54:06] [226/445] PLTT
[03:54:07] [227/445] SRNT
[03:54:08] [228/445] YAST
[03:54:09] [229/445] PERL
[03:54:10] [230/445] CICM
[03:54:11] [231/445] MMTR
[03:54:12] [232/445] ABTK
[03:54:13] [233/445] ATYY
[03:54:14] [234/445] ASTK
[03:54:15] [235/445] VVCK
[03:54:15] [236/445] ATKY
[03:54:16] [237/445] GWEK
[03:54:17] [238/445] SVFH
[03:54:18] [239/445] SLTA
[03:54:19] [240/445] AASH
[03:54:20] [241/445] ACXB
[03:54:20] [242/445] SMTX
[03:54:21] [243/445] AZDH
[03:54:22] [244/445] CMMH
[03:54:23] [245/445] SCSZ
[03:54:24] [246/445] SCKP
[03:54:25] [247/445] NXTM
[03:54:25] [248/445] NWCS
[03:54:26] [249/445] CXMH
[03:54:27] [250/445] PCMA
[03:54:28] [251/445] SGCM
[03:54:29] [252/445] SDTU
[03:54:29] [253/445] MMVI
[03:54:30] [254/445] JKCM
[03:54:31] [255/445] VCMM
[03:54:32] [256/445] SYEE
[03:54:33] [257/445] VASD
[03:54:34] [258/445] BDRB
[03:54:34] [259/445] LASM
[03:54:35] [260/445] DCRL
[03:54:36] [261/445] DVPM
[03:54:37] [262/445] SBMJ
[03:54:38] [263/445] CBMU
[03:54:39] [264/445] IUBS
[03:54:40] [265/445] INAP
[03:54:40] [266/445] SRRC
[03:54:41] [267/445] SAGR
[03:54:42] [268/445] CPMJ
[03:54:43] [269/445] ATJL
[03:54:44] [270/445] NNTD
[03:54:45] [271/445] JHCJ
[03:54:46] [272/445] CMMP
[03:54:47] [273/445] RSDR
[03:54:48] [274/445] AMTI
[03:54:49] [275/445] NYSG
[03:54:51] [276/445] AVSG
[03:54:51] [277/445] SYTP
[03:54:53] [278/445] LARC
[03:54:54] [279/445] RJTP
[03:54:55] [280/445] LAKC
[03:54:56] [281/445] MCXE
[03:54:56] [282/445] CCZC
[03:54:57] [283/445] AVCH
[03:54:58] [284/445] CMBE
[03:54:59] [285/445] MRRC
[03:55:00] [286/445] PCPY
[03:55:00] [287/445] SRMH
[03:55:01] [288/445] SVGS
[03:55:02] [289/445] PCSE
[03:55:03] [290/445] SVFT
[03:55:04] [291/445] TNZP
[03:55:04] [292/445] ICTP
[03:55:05] [293/445] ACTZ
[03:55:06] [294/445] GTUR
[03:55:07] [295/445] MAFC
[03:55:09] [296/445] MINL
[03:55:09] [297/445] MRCL
[03:55:10] [298/445] RCRP
[03:55:11] [299/445] RFFG
[03:55:13] [300/445] RMAS
[03:55:13] [301/445] INVR
[03:55:14] [302/445] RMAR
[03:55:15] [303/445] CNIS
[03:55:16] [304/445] RHRJ
[03:55:17] [305/445] INXR
[03:55:18] [306/445] VALT
[03:55:19] [307/445] LCSH
[03:55:19] [308/445] CMVS
[03:55:20] [309/445] CNMS
[03:55:21] [310/445] ROOG
[03:55:22] [311/445] ISRM
[03:55:23] [312/445] RCRM
[03:55:24] [313/445] ACJA
[03:55:24] [314/445] RCVS
[03:55:25] [315/445] CPUS
[03:55:26] [316/445] TGCS
[03:55:27] [317/445] RKCJ
[03:55:28] [318/445] MKSB
[03:55:29] [319/445] TCSJ
[03:55:30] [320/445] RMGP
[03:55:30] [321/445] CLLP
[03:55:32] [322/445] RCMV
[03:55:33] [323/445] CCKS
[03:55:33] [324/445] RSRP
[03:55:34] [325/445] APLP
[03:55:35] [326/445] CNVS
[03:55:36] [327/445] RMVY
[03:55:37] [328/445] PGBD
[03:55:39] [329/445] KLMS
[03:55:39] [330/445] RUST
[03:55:40] [331/445] MASM
[03:55:41] [332/445] BACS
[03:55:42] [333/445] BWST
[03:55:43] [334/445] RRFH
[03:55:45] [335/445] SJTM
[03:55:46] [336/445] BEMR
[03:55:47] [337/445] MCGR
[03:55:47] [338/445] SDSK
[03:55:48] [339/445] VBOL
[03:55:49] [340/445] RMGM
[03:55:50] [341/445] NOPL
[03:55:51] [342/445] MKJK
[03:55:52] [343/445] CVRN
[03:55:54] [344/445] MMEN
[03:55:55] [345/445] AMNG
[03:55:56] [346/445] INTM
[03:55:56] [347/445] SLCZ
[03:55:57] [348/445] AMJN
[03:55:58] [349/445] ACJN
[03:55:59] [350/445] AMKN
[03:55:59] [351/445] BTCN
[03:56:00] [352/445] AMBT
[03:56:02] [353/445] PACN
[03:56:03] [354/445] LCNS
[03:56:04] [355/445] PPKC
[03:56:05] [356/445] JYYN
[03:56:06] [357/445] JTNR
[03:56:07] [358/445] GTEE
[03:56:08] [359/445] SRNM
[03:56:09] [360/445] SDTC
[03:56:10] [361/445] VPCA
[03:56:11] [362/445] VLRA
[03:56:12] [363/445] SHKR
[03:56:12] [364/445] SBKD
[03:56:13] [365/445] SAAD
[03:56:14] [366/445] JTGN
[03:56:16] [367/445] SLAM
[03:56:17] [368/445] VTPM
[03:56:18] [369/445] ANPT
[03:56:19] [370/445] PUNB
[03:56:20] [371/445] CPKT
[03:56:22] [372/445] CNWE
[03:56:22] [373/445] ECPP
[03:56:24] [374/445] CPAR
[03:56:25] [375/445] ESBW
[03:56:26] [376/445] PKPU
[03:56:26] [377/445] CPRP
[03:56:27] [378/445] RAHU
[03:56:28] [379/445] RHMN
[03:56:29] [380/445] FMJP
[03:56:30] [381/445] CTMP
[03:56:31] [382/445] INPN
[03:56:31] [383/445] STTG
[03:56:32] [384/445] CTRD
[03:56:33] [385/445] PUVB
[03:56:34] [386/445] ESVP
[03:56:35] [387/445] CPFT
[03:56:36] [388/445] LCPC
[03:56:37] [389/445] VBCT
[03:56:38] [390/445] FSCW
[03:56:39] [391/445] VCMP
[03:56:41] [392/445] ASHC
[03:56:42] [393/445] VLCX
[03:56:43] [394/445] SHEV
[03:56:44] [395/445] APCO
[03:56:46] [396/445] SILC
[03:56:47] [397/445] SNMR
[03:56:47] [398/445] KYBO
[03:56:48] [399/445] SATK
[03:56:49] [400/445] SSCS
[03:56:50] [401/445] CLSB
[03:56:51] [402/445] KMJR
[03:56:52] [403/445] FSCK
[03:56:53] [404/445] NNKA
[03:56:53] [405/445] CLMK
[03:56:54] [406/445] DMPZ
[03:56:55] [407/445] INQM
[03:56:56] [408/445] CAML
[03:56:57] [409/445] INRK
[03:56:58] [410/445] IMKN
[03:56:59] [411/445] SVNR
[03:56:59] [412/445] INSL
[03:57:01] [413/445] MSMA
[03:57:02] [414/445] MCKK
[03:57:03] [415/445] FCHP
[03:57:05] [416/445] SFCR
[03:57:06] [417/445] NACK
[03:57:07] [418/445] PVAK
[03:57:08] [419/445] INER
[03:57:08] [420/445] RDBK
[03:57:09] [421/445] SVFN
[03:57:10] [422/445] IFRM
[03:57:11] [423/445] ATCK
[03:57:12] [424/445] ASKO
[03:57:13] [425/445] STKT
[03:57:14] [426/445] SVFB
[03:57:15] [427/445] INKS
[03:57:16] [428/445] PCRA
[03:57:18] [429/445] ATJA
[03:57:18] [430/445] IMJN
[03:57:19] [431/445] INHD
[03:57:20] [432/445] BARA
[03:57:21] [433/445] MCSL
[03:57:22] [434/445] RTOY
[03:57:22] [435/445] MENO
[03:57:23] [436/445] PUDM
[03:57:24] [437/445] PRCN
[03:57:26] [438/445] JMJR
[03:57:27] [439/445] SSGK
[03:57:28] [440/445] SSRL
[03:57:29] [441/445] JYKL
[03:57:29] [442/445] ACNB
[03:57:30] [443/445] SONP
[03:57:32] [444/445] EMCI
[03:57:33] [445/445] MRJH
[03:57:34] ✅ DONE | Shows=0 | Movies=0
[04:51:10] 🚀 BMS DAILY TRACKER STARTED
[04:51:10] [1/445] TGMR
[04:51:10] 🧠 New identity
[04:51:11] [2/445] CXKR
[04:51:12] [3/445] SROP
[04:51:13] [4/445] GTSV
[04:51:13] [5/445] SNTY
[04:51:14] [6/445] SMYY
[04:51:15] [7/445] CNCS
[04:51:17] [8/445] CSTM
[04:51:18] [9/445] NUCD
[04:51:19] [10/445] SHCZ
[04:51:20] [11/445] NJCT
[04:51:21] [12/445] COPC
[04:51:23] [13/445] STVV
[04:51:24] [14/445] SKRN
[04:51:25] [15/445] APPZ
[04:51:26] [16/445] YMGN
[04:51:27] [17/445] SVTU
[04:51:27] [18/445] GTAD
[04:51:29] [19/445] PSUS
[04:51:30] [20/445] SMCD
[04:51:32] [21/445] CMCM
[04:51:32] [22/445] SYCT
[04:51:33] [23/445] STLY
[04:51:34] [24/445] CMHU
[04:51:35] [25/445] CMSA
[04:51:36] [26/445] CLCU
[04:51:37] [27/445] PPNT
[04:51:38] [28/445] JTAB
[04:51:39] [29/445] BUUC
[04:51:40] [30/445] BSVK
[04:51:41] [31/445] VVVQ
[04:51:42] [32/445] TKMU
[04:51:43] [33/445] ESYL
[04:51:44] [34/445] ACHP
[04:51:45] [35/445] BTKD
[04:51:46] [36/445] DESA
[04:51:46] [37/445] GBCT
[04:51:47] [38/445] BLLD
[04:51:48] [39/445] SKNT
[04:51:49] [40/445] SSTE
[04:51:50] [41/445] VJMR
[04:51:51] [42/445] NTPU
[04:51:52] [43/445] RDKN
[04:51:52] [44/445] ADGC
[04:51:53] [45/445] VRBP
[04:51:54] [46/445] NMNA
[04:51:55] [47/445] CMMX
[04:51:55] [48/445] PTKO
[04:51:56] [49/445] RBML
[04:51:57] [50/445] SAIC
[04:51:58] [51/445] SVTJ
[04:51:59] [52/445] MRTE
[04:52:00] [53/445] RBTP
[04:52:01] [54/445] NLPS
[04:52:02] [55/445] GTNA
[04:52:02] [56/445] DGGC
[04:52:04] [57/445] SMCR
[04:52:05] [58/445] SCGD
[04:52:06] [59/445] SRRJ
[04:52:06] [60/445] CNRY
[04:52:07] [61/445] KTDI
[04:52:08] [62/445] SNJL
[04:52:10] [63/445] RKMD
[04:52:11] [64/445] SMDC
[04:52:12] [65/445] TADG
[04:52:13] [66/445] MCGS
[04:52:14] [67/445] PETK
[04:52:14] [68/445] CHAG
[04:52:15] [69/445] KSTL
[04:52:16] [70/445] AADS
[04:52:17] [71/445] NTHZ
[04:52:18] [72/445] HCKI
[04:52:18] [73/445] SSEF
[04:52:19] [74/445] MCGX
[04:52:20] [75/445] ERRA
[04:52:21] [76/445] SDTW
[04:52:22] [77/445] RMPK
[04:52:22] [78/445] PTHK
[04:52:23] [79/445] PXCS
[04:52:24] [80/445] SVLU
[04:52:25] [81/445] STAH
[04:52:26] [82/445] JRGF
[04:52:27] [83/445] CDOK
[04:52:27] [84/445] CMSG
[04:52:28] [85/445] APTD
[04:52:29] [86/445] KMPG
[04:52:30] [87/445] MUTJ
[04:52:31] [88/445] VCCI
[04:52:32] [89/445] URBE
[04:52:32] [90/445] TCTS
[04:52:34] [91/445] STSN
[04:52:35] [92/445] AKCH
[04:52:36] [93/445] APSC
[04:52:36] [94/445] VLTB
[04:52:37] [95/445] SANU
[04:52:38] [96/445] AXAM
[04:52:40] [97/445] MGMG
[04:52:41] [98/445] HTBY
[04:52:42] [99/445] MMZS
[04:52:43] [100/445] SUDR
[04:52:44] [101/445] CCAD
[04:52:45] [102/445] SKKC
[04:52:46] [103/445] RMCD
[04:52:47] [104/445] SBCQ
[04:52:48] [105/445] DCCT
[04:52:49] [106/445] VTKP
[04:52:49] [107/445] MLAM
[04:52:50] [108/445] SAVT
[04:52:51] [109/445] GEPL
[04:52:52] [110/445] AMCD
[04:52:53] [111/445] CCXR
[04:52:54] [112/445] GRNG
[04:52:55] [113/445] EBCA
[04:52:56] [114/445] CNVG
[04:52:57] [115/445] MWSS
[04:52:58] [116/445] VBOR
[04:52:58] [117/445] NEEB
[04:53:00] [118/445] SUTH
[04:53:00] [119/445] ANDB
[04:53:01] [120/445] MMXS
[04:53:02] [121/445] CNPD
[04:53:03] [122/445] SDCE
[04:53:04] [123/445] DHCB
[04:53:05] [124/445] ODEN
[04:53:05] [125/445] TNTC
[04:53:06] [126/445] VBKM
[04:53:07] [127/445] RZYM
[04:53:08] [128/445] JEMC
[04:53:08] [129/445] CMAU
[04:53:09] [130/445] SIVP
[04:53:10] [131/445] ATAG
[04:53:11] [132/445] CHTM
[04:53:11] [133/445] AAEE
[04:53:12] [134/445] IWPM
[04:53:13] [135/445] KCMW
[04:53:14] [136/445] MCTD
[04:53:15] [137/445] SPWR
[04:53:16] [138/445] SDPO
[04:53:17] [139/445] PCSK
[04:53:17] [140/445] ACHV
[04:53:18] [141/445] SVLA
[04:53:19] [142/445] PICT
[04:53:20] [143/445] BXDR
[04:53:21] [144/445] SPWA
[04:53:22] [145/445] MCKO
[04:53:23] [146/445] RTHK
[04:53:25] [147/445] CCMF
[04:53:25] [148/445] MRGB
[04:53:26] [149/445] CPLC
[04:53:27] [150/445] RACD
[04:53:29] [151/445] ATKT
[04:53:30] [152/445] SARN
[04:53:30] [153/445] KKUI
[04:53:31] [154/445] RGCM
[04:53:32] [155/445] BRVP
[04:53:33] [156/445] HRSR
[04:53:34] [157/445] GKGM
[04:53:34] [158/445] TTCD
[04:53:35] [159/445] PTTI
[04:53:36] [160/445] MPTT
[04:53:37] [161/445] CVTT
[04:53:38] [162/445] PCXD
[04:53:39] [163/445] GCDC
[04:53:40] [164/445] CCCF
[04:53:41] [165/445] MRAD
[04:53:41] [166/445] CPLK
[04:53:42] [167/445] SATB
[04:53:44] [168/445] SNVG
[04:53:45] [169/445] JMBA
[04:53:46] [170/445] TEJA
[04:53:48] [171/445] STYO
[04:53:49] [172/445] JTBP
[04:53:49] [173/445] KRGD
[04:53:50] [174/445] SLJJ
[04:53:51] [175/445] SPTJ
[04:53:52] [176/445] SWJG
[04:53:52] [177/445] LKRT
[04:53:53] [178/445] KCKA
[04:53:54] [179/445] SNCR
[04:53:56] [180/445] SMKL
[04:53:56] [181/445] GCFA
[04:53:57] [182/445] DDCK
[04:53:59] [183/445] NCHJ
[04:54:00] [184/445] RDMA
[04:54:01] [185/445] SVSV
[04:54:02] [186/445] SCJG
[04:54:02] [187/445] VKLP
[04:54:03] [188/445] NWCC
[04:54:04] [189/445] VKNS
[04:54:06] [190/445] SDDP
[04:54:07] [191/445] ACSI
[04:54:08] [192/445] SATG
[04:54:08] [193/445] SCMW
[04:54:09] [194/445] LKTK
[04:54:10] [195/445] VCKV
[04:54:12] [196/445] KKPE
[04:54:13] [197/445] KIGH
[04:54:13] [198/445] SRPM
[04:54:15] [199/445] SCAH
[04:54:16] [200/445] MUTA
[04:54:17] [201/445] SEPU
[04:54:18] [202/445] INOA
[04:54:18] [203/445] BASK
[04:54:19] [204/445] NECB
[04:54:20] [205/445] GTTG
[04:54:21] [206/445] ASSA
[04:54:22] [207/445] ANCL
[04:54:23] [208/445] GCTI
[04:54:24] [209/445] RCTS
[04:54:24] [210/445] ACNL
[04:54:25] [211/445] MYCT
[04:54:26] [212/445] NMHT
[04:54:27] [213/445] MDIT
[04:54:28] [214/445] LATG
[04:54:29] [215/445] SMTY
[04:54:30] [216/445] CVCT
[04:54:30] [217/445] RAMB
[04:54:32] [218/445] TGMS
[04:54:33] [219/445] BHEL
[04:54:34] [220/445] SHCT
[04:54:35] [221/445] SVCT
[04:54:36] [222/445] MRIY
[04:54:37] [223/445] SARO
[04:54:38] [224/445] STCT
[04:54:39] [225/445] JKKC
[04:54:40] [226/445] PLTT
[04:54:41] [227/445] SRNT
[04:54:42] [228/445] YAST
[04:54:43] [229/445] PERL
[04:54:44] [230/445] CICM
[04:54:45] [231/445] MMTR
[04:54:46] [232/445] ABTK
[04:54:47] [233/445] ATYY
[04:54:48] [234/445] ASTK
[04:54:49] [235/445] VVCK
[04:54:50] [236/445] ATKY
[04:54:51] [237/445] GWEK
[04:54:53] [238/445] SVFH
[04:54:54] [239/445] SLTA
[04:54:54] [240/445] AASH
[04:54:55] [241/445] ACXB
[04:54:56] [242/445] SMTX
[04:54:57] [243/445] AZDH
[04:54:58] [244/445] CMMH
[04:54:59] [245/445] SCSZ
[04:54:59] [246/445] SCKP
[04:55:00] [247/445] NXTM
[04:55:01] [248/445] NWCS
[04:55:02] [249/445] CXMH
[04:55:02] [250/445] PCMA
[04:55:03] [251/445] SGCM
[04:55:04] [252/445] SDTU
[04:55:05] [253/445] MMVI
[04:55:06] [254/445] JKCM
[04:55:07] [255/445] VCMM
[04:55:08] [256/445] SYEE
[04:55:09] [257/445] VASD
[04:55:09] [258/445] BDRB
[04:55:10] [259/445] LASM
[04:55:11] [260/445] DCRL
[04:55:13] [261/445] DVPM
[04:55:14] [262/445] SBMJ
[04:55:14] [263/445] CBMU
[04:55:15] [264/445] IUBS
[04:55:17] [265/445] INAP
[04:55:18] [266/445] SRRC
[04:55:18] [267/445] SAGR
[04:55:19] [268/445] CPMJ
[04:55:21] [269/445] ATJL
[04:55:21] [270/445] NNTD
[04:55:22] [271/445] JHCJ
[04:55:23] [272/445] CMMP
[04:55:24] [273/445] RSDR
[04:55:25] [274/445] AMTI
[04:55:26] [275/445] NYSG
[04:55:27] [276/445] AVSG
[04:55:28] [277/445] SYTP
[04:55:29] [278/445] LARC
[04:55:30] [279/445] RJTP
[04:55:31] [280/445] LAKC
[04:55:32] [281/445] MCXE
[04:55:33] [282/445] CCZC
[04:55:33] [283/445] AVCH
[04:55:34] [284/445] CMBE
[04:55:35] [285/445] MRRC
[04:55:36] [286/445] PCPY
[04:55:37] [287/445] SRMH
[04:55:38] [288/445] SVGS
[04:55:39] [289/445] PCSE
[04:55:40] [290/445] SVFT
[04:55:41] [291/445] TNZP
[04:55:42] [292/445] ICTP
[04:55:43] [293/445] ACTZ
[04:55:44] [294/445] GTUR
[04:55:44] [295/445] MAFC
[04:55:45] [296/445] MINL
[04:55:46] [297/445] MRCL
[04:55:47] [298/445] RCRP
[04:55:47] [299/445] RFFG
[04:55:48] [300/445] RMAS
[04:55:49] [301/445] INVR
[04:55:50] [302/445] RMAR
[04:55:51] [303/445] CNIS
[04:55:51] [304/445] RHRJ
[04:55:52] [305/445] INXR
[04:55:53] [306/445] VALT
[04:55:54] [307/445] LCSH
[04:55:55] [308/445] CMVS
[04:55:56] [309/445] CNMS
[04:55:57] [310/445] ROOG
[04:55:57] [311/445] ISRM
[04:55:58] [312/445] RCRM
[04:55:59] [313/445] ACJA
[04:56:00] [314/445] RCVS
[04:56:01] [315/445] CPUS
[04:56:02] [316/445] TGCS
[04:56:04] [317/445] RKCJ
[04:56:04] [318/445] MKSB
[04:56:05] [319/445] TCSJ
[04:56:06] [320/445] RMGP
[04:56:07] [321/445] CLLP
[04:56:08] [322/445] RCMV
[04:56:08] [323/445] CCKS
[04:56:09] [324/445] RSRP
[04:56:10] [325/445] APLP
[04:56:11] [326/445] CNVS
[04:56:12] [327/445] RMVY
[04:56:13] [328/445] PGBD
[04:56:14] [329/445] KLMS
[04:56:16] [330/445] RUST
[04:56:16] [331/445] MASM
[04:56:17] [332/445] BACS
[04:56:18] [333/445] BWST
[04:56:19] [334/445] RRFH
[04:56:19] [335/445] SJTM
[04:56:20] [336/445] BEMR
[04:56:22] [337/445] MCGR
[04:56:23] [338/445] SDSK
[04:56:24] [339/445] VBOL
[04:56:25] [340/445] RMGM
[04:56:25] [341/445] NOPL
[04:56:26] [342/445] MKJK
[04:56:27] [343/445] CVRN
[04:56:28] [344/445] MMEN
[04:56:29] [345/445] AMNG
[04:56:29] [346/445] INTM
[04:56:30] [347/445] SLCZ
[04:56:31] [348/445] AMJN
[04:56:32] [349/445] ACJN
[04:56:33] [350/445] AMKN
[04:56:34] [351/445] BTCN
[04:56:35] [352/445] AMBT
[04:56:36] [353/445] PACN
[04:56:37] [354/445] LCNS
[04:56:38] [355/445] PPKC
[04:56:39] [356/445] JYYN
[04:56:40] [357/445] JTNR
[04:56:40] [358/445] GTEE
[04:56:41] [359/445] SRNM
[04:56:42] [360/445] SDTC
[04:56:44] [361/445] VPCA
[04:56:44] [362/445] VLRA
[04:56:45] [363/445] SHKR
[04:56:46] [364/445] SBKD
[04:56:47] [365/445] SAAD
[04:56:48] [366/445] JTGN
[04:56:50] [367/445] SLAM
[04:56:50] [368/445] VTPM
[04:56:51] [369/445] ANPT
[04:56:52] [370/445] PUNB
[04:56:53] [371/445] CPKT
[04:56:54] [372/445] CNWE
[04:56:55] [373/445] ECPP
[04:56:56] [374/445] CPAR
[04:56:58] [375/445] ESBW
[04:56:58] [376/445] PKPU
[04:56:59] [377/445] CPRP
[04:57:00] [378/445] RAHU
[04:57:01] [379/445] RHMN
[04:57:02] [380/445] FMJP
[04:57:03] [381/445] CTMP
[04:57:03] [382/445] INPN
[04:57:04] [383/445] STTG
[04:57:05] [384/445] CTRD
[04:57:06] [385/445] PUVB
[04:57:07] [386/445] ESVP
[04:57:08] [387/445] CPFT
[04:57:08] [388/445] LCPC
[04:57:09] [389/445] VBCT
[04:57:10] [390/445] FSCW
[04:57:11] [391/445] VCMP
[04:57:12] [392/445] ASHC
[04:57:13] [393/445] VLCX
[04:57:14] [394/445] SHEV
[04:57:15] [395/445] APCO
[04:57:16] [396/445] SILC
[04:57:17] [397/445] SNMR
[04:57:18] [398/445] KYBO
[04:57:19] [399/445] SATK
[04:57:20] [400/445] SSCS
[04:57:20] [401/445] CLSB
[04:57:21] [402/445] KMJR
[04:57:22] [403/445] FSCK
[04:57:23] [404/445] NNKA
[04:57:24] [405/445] CLMK
[04:57:25] [406/445] DMPZ
[04:57:26] [407/445] INQM
[04:57:27] [408/445] CAML
[04:57:28] [409/445] INRK
[04:57:29] [410/445] IMKN
[04:57:30] [411/445] SVNR
[04:57:30] [412/445] INSL
[04:57:31] [413/445] MSMA
[04:57:32] [414/445] MCKK
[04:57:33] [415/445] FCHP
[04:57:34] [416/445] SFCR
[04:57:34] [417/445] NACK
[04:57:35] [418/445] PVAK
[04:57:36] [419/445] INER
[04:57:37] [420/445] RDBK
[04:57:38] [421/445] SVFN
[04:57:38] [422/445] IFRM
[04:57:39] [423/445] ATCK
[04:57:40] [424/445] ASKO
[04:57:41] [425/445] STKT
[04:57:42] [426/445] SVFB
[04:57:43] [427/445] INKS
[04:57:44] [428/445] PCRA
[04:57:44] [429/445] ATJA
[04:57:45] [430/445] IMJN
[04:57:46] [431/445] INHD
[04:57:46] [432/445] BARA
[04:57:47] [433/445] MCSL
[04:57:48] [434/445] RTOY
[04:57:49] [435/445] MENO
[04:57:49] [436/445] PUDM
[04:57:50] [437/445] PRCN
[04:57:51] [438/445] JMJR
[04:57:52] [439/445] SSGK
[04:57:53] [440/445] SSRL
[04:57:54] [441/445] JYKL
[04:57:54] [442/445] ACNB
[04:57:55] [443/445] SONP
[04:57:57] [444/445] EMCI
[04:57:58] [445/445] MRJH
[04:57:58] ✅ DONE | Shows=10 | Movies=2
