[00:01:01] 🚀 BMS DAILY TRACKER STARTED
[00:01:01] [1/324] GCTA
[00:01:01] 🧠 New identity
[00:01:02] [2/324] TOPN
[00:01:04] [3/324] MCUS
[00:01:04] [4/324] SHRL
[00:01:06] [5/324] UPTP
[00:01:06] [6/324] TMMP
[00:01:08] [7/324] DNRP
[00:01:08] [8/324] SRLT
[00:01:10] [9/324] RCNS
[00:01:11] [10/324] DCBH
[00:01:12] [11/324] NAGJ
[00:01:13] [12/324] JVRC
[00:01:14] [13/324] KRJG
[00:01:15] [14/324] SRTJ
[00:01:16] [15/324] CMXM
[00:01:17] [16/324] STMI
[00:01:18] [17/324] SLST
[00:01:19] [18/324] DTCN
[00:01:20] [19/324] STYN
[00:01:21] [20/324] SZVR
[00:01:22] [21/324] SRKO
[00:01:23] [22/324] JTGT
[00:01:24] [23/324] SVFD
[00:01:25] [24/324] SISD
[00:01:26] [25/324] ABDD
[00:01:26] [26/324] DRCA
[00:01:27] [27/324] AVCS
[00:01:28] [28/324] MVKH
[00:01:29] [29/324] ACPR
[00:01:30] [30/324] STIP
[00:01:31] [31/324] MTRA
[00:01:32] [32/324] RMKH
[00:01:33] [33/324] NKRL
[00:01:33] [34/324] PCWN
[00:01:34] [35/324] BLMT
[00:01:35] [36/324] GDPG
[00:01:36] [37/324] SRMX
[00:01:37] [38/324] JACP
[00:01:38] [39/324] CPSH
[00:01:40] [40/324] MCCD
[00:01:41] [41/324] ECGH
[00:01:42] [42/324] MKCK
[00:01:43] [43/324] SRMM
[00:01:43] [44/324] SKYR
[00:01:44] [45/324] PCKC
[00:01:45] [46/324] JCMA
[00:01:46] [47/324] BSMP
[00:01:47] [48/324] VSPA
[00:01:48] [49/324] DJYA
[00:01:49] [50/324] DIMP
[00:01:50] [51/324] FXDR
[00:01:51] [52/324] SSRC
[00:01:52] [53/324] STHP
[00:01:52] [54/324] CPPD
[00:01:53] [55/324] FCLK
[00:01:54] [56/324] SCPP
[00:01:55] [57/324] DCMJ
[00:01:56] [58/324] RCCR
[00:01:57] [59/324] INMT
[00:01:57] [60/324] LXTK
[00:01:58] [61/324] SRYK
[00:01:59] [62/324] SGDK
[00:02:00] [63/324] PPKA
[00:02:01] [64/324] SPKA
[00:02:02] [65/324] CGHH
[00:02:03] [66/324] DCJN
[00:02:04] [67/324] SRKV
[00:02:04] [68/324] SAJC
[00:02:06] [69/324] SUSR
[00:02:07] [70/324] STYG
[00:02:08] [71/324] NTKP
[00:02:08] [72/324] AKTG
[00:02:09] [73/324] CGCM
[00:02:10] [74/324] TULC
[00:02:11] [75/324] NYYZ
[00:02:12] [76/324] NYBW
[00:02:13] [77/324] MACB
[00:02:14] [78/324] SLVT
[00:02:15] [79/324] SANA
[00:02:16] [80/324] ACMR
[00:02:17] [81/324] CPKN
[00:02:18] [82/324] DLGK
[00:02:19] [83/324] CWCK
[00:02:20] [84/324] FDDH
[00:02:21] [85/324] MMMD
[00:02:22] [86/324] CMEH
[00:02:23] [87/324] GGGV
[00:02:23] [88/324] SPJL
[00:02:24] [89/324] RCCD
[00:02:25] [90/324] STTZ
[00:02:26] [91/324] BTCF
[00:02:27] [92/324] TSTZ
[00:02:27] [93/324] IPMM
[00:02:28] [94/324] PMPW
[00:02:29] [95/324] PCMZ
[00:02:31] [96/324] ESEM
[00:02:32] [97/324] PIPO
[00:02:33] [98/324] MATK
[00:02:34] [99/324] PGHM
[00:02:34] [100/324] CTSR
[00:02:35] [101/324] CYKR
[00:02:36] [102/324] MSCM
[00:02:37] [103/324] RFNP
[00:02:38] [104/324] PDCP
[00:02:39] [105/324] NPSE
[00:02:40] [106/324] MKML
[00:02:41] [107/324] FTDP
[00:02:42] [108/324] MMXA
[00:02:43] [109/324] CEPO
[00:02:44] [110/324] CMVP
[00:02:45] [111/324] SGTH
[00:02:46] [112/324] SAYN
[00:02:47] [113/324] URVS
[00:02:48] [114/324] VJTN
[00:02:49] [115/324] BBYK
[00:02:50] [116/324] SHBO
[00:02:51] [117/324] VCMR
[00:02:52] [118/324] MACT
[00:02:53] [119/324] JMNP
[00:02:54] [120/324] VICS
[00:02:55] [121/324] VCDA
[00:02:56] [122/324] GCMM
[00:02:57] [123/324] INVS
[00:02:57] [124/324] SCGM
[00:02:58] [125/324] PCDA
[00:02:59] [126/324] KDCT
[00:03:00] [127/324] JACS
[00:03:01] [128/324] GMMC
[00:03:02] [129/324] AICM
[00:03:03] [130/324] TJCM
[00:03:04] [131/324] RMTI
[00:03:04] [132/324] SHAC
[00:03:05] [133/324] APJC
[00:03:06] [134/324] GCTG
[00:03:07] [135/324] SSMC
[00:03:08] [136/324] THRM
[00:03:09] [137/324] RBCT
[00:03:10] [138/324] DIKT
[00:03:10] [139/324] MIDL
[00:03:11] [140/324] VCSN
[00:03:12] [141/324] SKTG
[00:03:13] [142/324] SMWC
[00:03:14] [143/324] MNKH
[00:03:15] [144/324] PIAT
[00:03:17] [145/324] LTTP
[00:03:17] [146/324] PTPU
[00:03:18] [147/324] ACMG
[00:03:19] [148/324] SHMM
[00:03:20] [149/324] MCMN
[00:03:21] [150/324] GLDC
[00:03:22] [151/324] HOUT
[00:03:23] [152/324] SVRP
[00:03:24] [153/324] PVDN
[00:03:24] [154/324] SCPY
[00:03:25] [155/324] DTPY
[00:03:26] [156/324] GKCS
[00:03:27] [157/324] NCAM
[00:03:28] [158/324] BSRM
[00:03:29] [159/324] RCLC
[00:03:30] [160/324] SKKD
[00:03:30] [161/324] ACHU
[00:03:31] [162/324] RSCF
[00:03:32] [163/324] IMSH
[00:03:33] [164/324] MACX
[00:03:34] [165/324] HMMW
[00:03:35] [166/324] JTCP
[00:03:36] [167/324] SREN
[00:03:37] [168/324] PJRR
[00:03:38] [169/324] INAC
[00:03:39] [170/324] BMCA
[00:03:39] [171/324] SHCB
[00:03:40] [172/324] GABA
[00:03:41] [173/324] SBCT
[00:03:42] [174/324] GCMA
[00:03:43] [175/324] MYTK
[00:03:44] [176/324] INZS
[00:03:44] [177/324] RMIK
[00:03:45] [178/324] NYCH
[00:03:46] [179/324] RAVE
[00:03:47] [180/324] PSXM
[00:03:48] [181/324] MCGP
[00:03:49] [182/324] PDDK
[00:03:49] [183/324] SPCK
[00:03:50] [184/324] MCRL
[00:03:51] [185/324] MHKT
[00:03:52] [186/324] ANRR
[00:03:53] [187/324] SAPK
[00:03:54] [188/324] NCUK
[00:03:55] [189/324] JUGA
[00:03:56] [190/324] DBSC
[00:03:57] [191/324] LALK
[00:03:57] [192/324] GUCK
[00:03:58] [193/324] STSG
[00:03:59] [194/324] PPPZ
[00:04:00] [195/324] CNCY
[00:04:01] [196/324] MTAR
[00:04:02] [197/324] VNKD
[00:04:03] [198/324] KMAJ
[00:04:04] [199/324] ACXK
[00:04:05] [200/324] UTKC
[00:04:07] [201/324] PBLK
[00:04:08] [202/324] ACBX
[00:04:08] [203/324] PTGM
[00:04:09] [204/324] BTDA
[00:04:11] [205/324] PJMB
[00:04:12] [206/324] TPDA
[00:04:12] [207/324] AMOE
[00:04:13] [208/324] PRHT
[00:04:14] [209/324] PRTA
[00:04:15] [210/324] STAM
[00:04:16] [211/324] MSAA
[00:04:17] [212/324] SDLU
[00:04:18] [213/324] RCHH
[00:04:19] [214/324] KANT
[00:04:20] [215/324] FCRT
[00:04:21] [216/324] DNKM
[00:04:22] [217/324] RYCP
[00:04:22] [218/324] MYRP
[00:04:23] [219/324] PPAK
[00:04:24] [220/324] NVPK
[00:04:25] [221/324] PRMC
[00:04:25] [222/324] JBCS
[00:04:26] [223/324] GXCK
[00:04:27] [224/324] USKO
[00:04:29] [225/324] GTEM
[00:04:30] [226/324] SMBU
[00:04:30] [227/324] VETC
[00:04:31] [228/324] LCDA
[00:04:32] [229/324] MTVT
[00:04:33] [230/324] PYCP
[00:04:34] [231/324] PNSC
[00:04:35] [232/324] PPCC
[00:04:35] [233/324] TGRT
[00:04:36] [234/324] JYOT
[00:04:37] [235/324] SRCZ
[00:04:39] [236/324] SJTE
[00:04:40] [237/324] DESC
[00:04:40] [238/324] JHVN
[00:04:41] [239/324] IPSG
[00:04:42] [240/324] IPCM
[00:04:43] [241/324] PDRS
[00:04:44] [242/324] ANCV
[00:04:45] [243/324] CMVV
[00:04:46] [244/324] SHYP
[00:04:47] [245/324] DNCS
[00:04:48] [246/324] GAJK
[00:04:49] [247/324] AKTN
[00:04:50] [248/324] KAYA
[00:04:51] [249/324] SBRC
[00:04:52] [250/324] CHTP
[00:04:53] [251/324] SHRT
[00:04:54] [252/324] BCKU
[00:04:54] [253/324] FCPS
[00:04:55] [254/324] ARDD
[00:04:56] [255/324] CPCM
[00:04:57] [256/324] CGSM
[00:04:58] [257/324] PSMP
[00:04:59] [258/324] SDAL
[00:04:59] [259/324] RTNB
[00:05:01] [260/324] LMCR
[00:05:02] [261/324] CIMA
[00:05:03] [262/324] RNAS
[00:05:04] [263/324] LITH
[00:05:05] [264/324] PBOX
[00:05:06] [265/324] FRTS
[00:05:07] [266/324] RKIC
[00:05:08] [267/324] PTAI
[00:05:10] [268/324] GCIC
[00:05:11] [269/324] FNAS
[00:05:12] [270/324] SCAR
[00:05:13] [271/324] MTCA
[00:05:14] [272/324] SCTS
[00:05:15] [273/324] SYCS
[00:05:16] [274/324] RDMS
[00:05:17] [275/324] KAMP
[00:05:18] [276/324] ERSD
[00:05:18] [277/324] MJMJ
[00:05:19] [278/324] SRCJ
[00:05:20] [279/324] SCXE
[00:05:21] [280/324] SVFR
[00:05:22] [281/324] BHCS
[00:05:23] [282/324] IMCC
[00:05:23] [283/324] PCBO
[00:05:24] [284/324] PRVN
[00:05:25] [285/324] AUPM
[00:05:26] [286/324] INBW
[00:05:27] [287/324] SVCW
[00:05:28] [288/324] RKCF
[00:05:29] [289/324] UVBH
[00:05:29] [290/324] DNCY
[00:05:31] [291/324] ABCN
[00:05:31] [292/324] PRUR
[00:05:32] [293/324] PFMR
[00:05:33] [294/324] RKCN
[00:05:34] [295/324] CFEA
[00:05:36] [296/324] SDBG
[00:05:37] [297/324] SNAR
[00:05:39] [298/324] YISI
[00:05:40] [299/324] JCFF
[00:05:40] [300/324] VTRK
[00:05:41] [301/324] PCLZ
[00:05:42] [302/324] DIMY
[00:05:43] [303/324] BBTS
[00:05:44] [304/324] GATH
[00:05:44] [305/324] GTMN
[00:05:45] [306/324] VTMH
[00:05:46] [307/324] CCKP
[00:05:47] [308/324] GPKA
[00:05:48] [309/324] MHCL
[00:05:49] [310/324] ATCL
[00:05:50] [311/324] SBCK
[00:05:51] [312/324] AMMR
[00:05:52] [313/324] MADC
[00:05:53] [314/324] TMMA
[00:05:53] [315/324] CACC
[00:05:54] [316/324] CHAL
[00:05:55] [317/324] DURG
[00:05:56] [318/324] GMKU
[00:05:57] [319/324] GECA
[00:05:58] [320/324] KYRR
[00:05:58] [321/324] KSDE
[00:05:59] [322/324] LMCI
[00:06:00] [323/324] NKCP
[00:06:01] [324/324] BGTC
[00:06:02] ✅ DONE | Shows=0 | Movies=0
