[00:01:04] 🚀 BMS DAILY TRACKER STARTED
[00:01:04] [1/459] NECA
[00:01:04] 🧠 New identity
[00:01:05] [2/459] BJLC
[00:01:06] [3/459] BASU
[00:01:08] [4/459] RUPI
[00:01:09] [5/459] LCBK
[00:01:09] [6/459] PMAC
[00:01:10] [7/459] AMLC
[00:01:11] [8/459] LICL
[00:01:12] [9/459] UDMM
[00:01:13] [10/459] STBZ
[00:01:14] [11/459] UUBT
[00:01:15] [12/459] SJKC
[00:01:16] [13/459] TUAL
[00:01:17] [14/459] MRSE
[00:01:17] [15/459] RMRK
[00:01:19] [16/459] TTKP
[00:01:20] [17/459] KTKO
[00:01:21] [18/459] SDBK
[00:01:22] [19/459] MCPR
[00:01:24] [20/459] CHTI
[00:01:25] [21/459] GCCP
[00:01:25] [22/459] SRMY
[00:01:26] [23/459] NYST
[00:01:27] [24/459] NYAG
[00:01:28] [25/459] SBMT
[00:01:29] [26/459] INGA
[00:01:30] [27/459] WSIC
[00:01:31] [28/459] SCSS
[00:01:32] [29/459] COPG
[00:01:33] [30/459] RCGR
[00:01:33] [31/459] TCZA
[00:01:34] [32/459] CNLP
[00:01:35] [33/459] CLKN
[00:01:36] [34/459] LHDF
[00:01:37] [35/459] ELKC
[00:01:38] [36/459] VCEM
[00:01:39] [37/459] SSZA
[00:01:40] [38/459] KRMT
[00:01:42] [39/459] LCMV
[00:01:43] [40/459] AYCZ
[00:01:43] [41/459] CUMS
[00:01:45] [42/459] BOCK
[00:01:46] [43/459] PNMR
[00:01:47] [44/459] PJCP
[00:01:48] [45/459] JDDD
[00:01:50] [46/459] STMS
[00:01:51] [47/459] FLMB
[00:01:51] [48/459] PKCM
[00:01:52] [49/459] SPPR
[00:01:53] [50/459] EYLH
[00:01:54] [51/459] RJCC
[00:01:55] [52/459] MMPS
[00:01:56] [53/459] SHMX
[00:01:57] [54/459] CCNL
[00:01:58] [55/459] RCNV
[00:01:59] [56/459] MAAG
[00:02:00] [57/459] LXCM
[00:02:01] [58/459] RCNI
[00:02:02] [59/459] SNNI
[00:02:03] [60/459] LALC
[00:02:04] [61/459] SOCN
[00:02:05] [62/459] JHTP
[00:02:05] [63/459] PITP
[00:02:06] [64/459] CCKW
[00:02:07] [65/459] MCMC
[00:02:08] [66/459] DEES
[00:02:09] [67/459] SABT
[00:02:10] [68/459] VSPP
[00:02:11] [69/459] ABCT
[00:02:13] [70/459] JVTB
[00:02:14] [71/459] VCBD
[00:02:14] [72/459] RMGG
[00:02:15] [73/459] RNMH
[00:02:16] [74/459] SPGL
[00:02:17] [75/459] JTTR
[00:02:18] [76/459] SICS
[00:02:20] [77/459] SRMI
[00:02:21] [78/459] SSIJ
[00:02:21] [79/459] KFMT
[00:02:22] [80/459] VBIT
[00:02:23] [81/459] JKCT
[00:02:24] [82/459] GCGP
[00:02:25] [83/459] GDCS
[00:02:26] [84/459] TRBA
[00:02:27] [85/459] QUST
[00:02:28] [86/459] VSHM
[00:02:29] [87/459] SDCP
[00:02:30] [88/459] SNVS
[00:02:31] [89/459] NYTO
[00:02:32] [90/459] URWC
[00:02:33] [91/459] GTWH
[00:02:33] [92/459] PFCM
[00:02:34] [93/459] KRTA
[00:02:35] [94/459] AXMC
[00:02:36] [95/459] EVMC
[00:02:37] [96/459] HGSM
[00:02:38] [97/459] ACVM
[00:02:39] [98/459] PSKL
[00:02:40] [99/459] RDMP
[00:02:40] [100/459] RHGH
[00:02:41] [101/459] OMCM
[00:02:42] [102/459] DCCP
[00:02:43] [103/459] MCPB
[00:02:44] [104/459] ALCI
[00:02:45] [105/459] BLMX
[00:02:46] [106/459] BTMV
[00:02:46] [107/459] FVPN
[00:02:47] [108/459] CMAR
[00:02:48] [109/459] CEIM
[00:02:49] [110/459] CMVA
[00:02:50] [111/459] CPIV
[00:02:51] [112/459] CNPE
[00:02:52] [113/459] COLV
[00:02:53] [114/459] DNNV
[00:02:54] [115/459] HCAD
[00:02:55] [116/459] TAKA
[00:02:56] [117/459] INVD
[00:02:58] [118/459] IRMM
[00:02:58] [119/459] INSE
[00:02:59] [120/459] MRSW
[00:03:00] [121/459] MCVD
[00:03:01] [122/459] MCSO
[00:03:02] [123/459] PEVM
[00:03:03] [124/459] PVNL
[00:03:04] [125/459] PTCV
[00:03:05] [126/459] PRTC
[00:03:07] [127/459] RCVA
[00:03:07] [128/459] MTBN
[00:03:08] [129/459] LUCP
[00:03:09] [130/459] FMPT
[00:03:10] [131/459] JLSL
[00:03:12] [132/459] SBHA
[00:03:13] [133/459] SHRC
[00:03:15] [134/459] AVPS
[00:03:16] [135/459] STPM
[00:03:18] [136/459] ATRD
[00:03:18] [137/459] VTED
[00:03:19] [138/459] ACAI
[00:03:21] [139/459] SMAE
[00:03:22] [140/459] VMAT
[00:03:23] [141/459] LKCT
[00:03:24] [142/459] JTVK
[00:03:25] [143/459] PRTY
[00:03:26] [144/459] GETT
[00:03:27] [145/459] ESAP
[00:03:28] [146/459] NCPM
[00:03:29] [147/459] PCPA
[00:03:30] [148/459] MMOM
[00:03:31] [149/459] PHUP
[00:03:32] [150/459] CCPI
[00:03:34] [151/459] CNTD
[00:03:35] [152/459] NLJR
[00:03:35] [153/459] SRNG
[00:03:37] [154/459] MHAL
[00:03:37] [155/459] PNSM
[00:03:38] [156/459] DRMY
[00:03:39] [157/459] CCMU
[00:03:40] [158/459] SCMY
[00:03:41] [159/459] PVSY
[00:03:42] [160/459] SDLM
[00:03:43] [161/459] ICCM
[00:03:44] [162/459] PYSU
[00:03:44] [163/459] GATM
[00:03:45] [164/459] WOTM
[00:03:46] [165/459] RKTS
[00:03:47] [166/459] PMTY
[00:03:48] [167/459] LYMS
[00:03:49] [168/459] TGCA
[00:03:50] [169/459] DSTA
[00:03:52] [170/459] CNGE
[00:03:53] [171/459] VSTG
[00:03:53] [172/459] GTCK
[00:03:55] [173/459] TGNT
[00:03:56] [174/459] ASLC
[00:03:57] [175/459] SSST
[00:03:58] [176/459] KBTT
[00:03:59] [177/459] HKCP
[00:04:00] [178/459] SWLC
[00:04:01] [179/459] RTND
[00:04:02] [180/459] PKKT
[00:04:03] [181/459] HSTK
[00:04:03] [182/459] SPTT
[00:04:04] [183/459] IMPM
[00:04:05] [184/459] SCMV
[00:04:06] [185/459] SPCT
[00:04:07] [186/459] JBCA
[00:04:08] [187/459] ATTR
[00:04:09] [188/459] SPMT
[00:04:10] [189/459] LCTM
[00:04:11] [190/459] SCVL
[00:04:12] [191/459] SCVT
[00:04:13] [192/459] KRIC
[00:04:14] [193/459] CTMG
[00:04:15] [194/459] ACNC
[00:04:16] [195/459] DMCK
[00:04:17] [196/459] KMTV
[00:04:17] [197/459] PFCJ
[00:04:18] [198/459] VNMD
[00:04:19] [199/459] VPCZ
[00:04:20] [200/459] SRYR
[00:04:21] [201/459] SYTR
[00:04:22] [202/459] GATR
[00:04:22] [203/459] URTR
[00:04:23] [204/459] MKSM
[00:04:24] [205/459] VSMH
[00:04:25] [206/459] SKRJ
[00:04:26] [207/459] SSJR
[00:04:27] [208/459] SVSM
[00:04:28] [209/459] RUCM
[00:04:29] [210/459] PRKN
[00:04:29] [211/459] RROH
[00:04:30] [212/459] SCTN
[00:04:31] [213/459] RTDM
[00:04:32] [214/459] ASRM
[00:04:33] [215/459] SKMD
[00:04:33] [216/459] SUTD
[00:04:34] [217/459] SADM
[00:04:35] [218/459] WCNR
[00:04:36] [219/459] CNED
[00:04:37] [220/459] MPDB
[00:04:38] [221/459] KTBH
[00:04:39] [222/459] IDRM
[00:04:41] [223/459] PJJT
[00:04:42] [224/459] PFCV
[00:04:43] [225/459] AACT
[00:04:44] [226/459] AAAD
[00:04:45] [227/459] ANES
[00:04:46] [228/459] MNCA
[00:04:47] [229/459] RMGU
[00:04:48] [230/459] DLCN
[00:04:48] [231/459] LJWT
[00:04:49] [232/459] MCBG
[00:04:50] [233/459] MYBG
[00:04:52] [234/459] GCCA
[00:04:53] [235/459] GCGA
[00:04:54] [236/459] ECGN
[00:04:55] [237/459] PRAB
[00:04:55] [238/459] PNMP
[00:04:56] [239/459] GCPT
[00:04:57] [240/459] ROYN
[00:04:58] [241/459] VATM
[00:04:59] [242/459] KSNT
[00:05:01] [243/459] ACTC
[00:05:01] [244/459] PLTD
[00:05:02] [245/459] SKMK
[00:05:03] [246/459] CMTT
[00:05:04] [247/459] SMXP
[00:05:05] [248/459] SCMX
[00:05:05] [249/459] ACXN
[00:05:06] [250/459] ASWT
[00:05:07] [251/459] VVVL
[00:05:08] [252/459] NAGO
[00:05:09] [253/459] SNCN
[00:05:10] [254/459] MCKP
[00:05:11] [255/459] SAMO
[00:05:11] [256/459] JBTV
[00:05:12] [257/459] DCVV
[00:05:13] [258/459] KMSV
[00:05:14] [259/459] KDCN
[00:05:15] [260/459] CNCP
[00:05:16] [261/459] HAMC
[00:05:16] [262/459] CCVZ
[00:05:18] [263/459] NCCK
[00:05:18] [264/459] MCHR
[00:05:19] [265/459] SCHT
[00:05:20] [266/459] ESSH
[00:05:21] [267/459] CUJC
[00:05:22] [268/459] PECP
[00:05:22] [269/459] PMMI
[00:05:23] [270/459] PCCH
[00:05:24] [271/459] PRPM
[00:05:25] [272/459] PVKL
[00:05:25] [273/459] CBSM
[00:05:26] [274/459] PVCZ
[00:05:27] [275/459] PCVV
[00:05:28] [276/459] CTMJ
[00:05:29] [277/459] RCPS
[00:05:30] [278/459] PCIT
[00:05:31] [279/459] FNCH
[00:05:32] [280/459] INZD
[00:05:33] [281/459] INPC
[00:05:34] [282/459] LCZP
[00:05:35] [283/459] SMCB
[00:05:36] [284/459] PTSB
[00:05:36] [285/459] TPSI
[00:05:37] [286/459] KHMJ
[00:05:38] [287/459] RCCJ
[00:05:39] [288/459] NCJA
[00:05:40] [289/459] NCJN
[00:05:41] [290/459] BTDP
[00:05:43] [291/459] PADY
[00:05:44] [292/459] NYBH
[00:05:45] [293/459] MTBR
[00:05:45] [294/459] KRBC
[00:05:46] [295/459] DKTI
[00:05:47] [296/459] ANAN
[00:05:49] [297/459] INBP
[00:05:50] [298/459] PATB
[00:05:50] [299/459] RGNT
[00:05:52] [300/459] CGPM
[00:05:52] [301/459] INTN
[00:05:53] [302/459] MCMP
[00:05:54] [303/459] ASRG
[00:05:55] [304/459] CXJD
[00:05:56] [305/459] SPCP
[00:05:57] [306/459] CSTP
[00:05:57] [307/459] PKVC
[00:05:58] [308/459] ESCP
[00:05:59] [309/459] CAEP
[00:06:01] [310/459] CCSP
[00:06:01] [311/459] KTPC
[00:06:02] [312/459] DACA
[00:06:03] [313/459] NVKY
[00:06:05] [314/459] PTIN
[00:06:06] [315/459] SCIN
[00:06:07] [316/459] MCTY
[00:06:08] [317/459] PCMX
[00:06:09] [318/459] INIC
[00:06:10] [319/459] MMZM
[00:06:11] [320/459] SSLP
[00:06:12] [321/459] DTDT
[00:06:13] [322/459] FFCX
[00:06:13] [323/459] RCMM
[00:06:14] [324/459] KYID
[00:06:15] [325/459] CSCI
[00:06:16] [326/459] FCMC
[00:06:17] [327/459] MMXI
[00:06:18] [328/459] ASTC
[00:06:19] [329/459] CMRA
[00:06:20] [330/459] DICI
[00:06:20] [331/459] KDIN
[00:06:21] [332/459] PRFI
[00:06:22] [333/459] SVFC
[00:06:23] [334/459] UCPL
[00:06:23] [335/459] COOC
[00:06:24] [336/459] SCAL
[00:06:25] [337/459] SVFF
[00:06:26] [338/459] VCMG
[00:06:26] [339/459] UUCT
[00:06:27] [340/459] GCSE
[00:06:28] [341/459] SUSC
[00:06:29] [342/459] MISC
[00:06:30] [343/459] RMBL
[00:06:31] [344/459] CMXN
[00:06:32] [345/459] PVBK
[00:06:33] [346/459] HHCG
[00:06:34] [347/459] SCAG
[00:06:34] [348/459] CNPR
[00:06:35] [349/459] CSER
[00:06:36] [350/459] HLWD
[00:06:37] [351/459] BOLY
[00:06:38] [352/459] SSPG
[00:06:39] [353/459] MUPX
[00:06:40] [354/459] HAMR
[00:06:41] [355/459] SDNC
[00:06:41] [356/459] RTEN
[00:06:42] [357/459] SDTD
[00:06:43] [358/459] KAWS
[00:06:45] [359/459] CMZX
[00:06:46] [360/459] DCDD
[00:06:47] [361/459] ALSN
[00:06:47] [362/459] IMXS
[00:06:48] [363/459] PVFF
[00:06:50] [364/459] PVOO
[00:06:51] [365/459] CFBS
[00:06:51] [366/459] PVER
[00:06:52] [367/459] PPNX
[00:06:54] [368/459] CNRM
[00:06:55] [369/459] PVWW
[00:06:55] [370/459] INMB
[00:06:56] [371/459] CPJR
[00:06:57] [372/459] INRZ
[00:06:59] [373/459] PMSR
[00:07:00] [374/459] GPGM
[00:07:01] [375/459] PGWB
[00:07:02] [376/459] PMBR
[00:07:04] [377/459] GPAM
[00:07:05] [378/459] INBC
[00:07:06] [379/459] PZVK
[00:07:07] [380/459] CPEB
[00:07:08] [381/459] FMLB
[00:07:08] [382/459] INBG
[00:07:09] [383/459] GPBR
[00:07:11] [384/459] PAAS
[00:07:12] [385/459] VTBR
[00:07:13] [386/459] GPMY
[00:07:14] [387/459] GYBU
[00:07:15] [388/459] INBJ
[00:07:16] [389/459] LKTH
[00:07:17] [390/459] NSBR
[00:07:18] [391/459] PDRD
[00:07:19] [392/459] VRBL
[00:07:20] [393/459] VTGB
[00:07:21] [394/459] VTSK
[00:07:21] [395/459] BKDV
[00:07:22] [396/459] SVTB
[00:07:23] [397/459] MLDT
[00:07:24] [398/459] NRBL
[00:07:26] [399/459] SLTR
[00:07:27] [400/459] VNKA
[00:07:28] [401/459] TDCA
[00:07:29] [402/459] INBM
[00:07:30] [403/459] SSNR
[00:07:31] [404/459] BHAC
[00:07:32] [405/459] SDSD
[00:07:33] [406/459] SAMP
[00:07:34] [407/459] RATK
[00:07:36] [408/459] KCBI
[00:07:37] [409/459] URBL
[00:07:39] [410/459] MKBG
[00:07:40] [411/459] ASTB
[00:07:41] [412/459] VBWT
[00:07:42] [413/459] GPSM
[00:07:43] [414/459] ROON
[00:07:44] [415/459] CHTH
[00:07:45] [416/459] SSPA
[00:07:45] [417/459] ANBL
[00:07:46] [418/459] VTBE
[00:07:47] [419/459] SVKT
[00:07:48] [420/459] SVYK
[00:07:49] [421/459] PTBK
[00:07:50] [422/459] RKTB
[00:07:51] [423/459] BALT
[00:07:52] [424/459] STSV
[00:07:53] [425/459] VCCB
[00:07:55] [426/459] SLTB
[00:07:56] [427/459] SBCR
[00:07:57] [428/459] VDCS
[00:07:58] [429/459] MDKI
[00:07:59] [430/459] SMRN
[00:07:59] [431/459] PTBC
[00:08:00] [432/459] RADI
[00:08:01] [433/459] ADCR
[00:08:02] [434/459] SDCS
[00:08:03] [435/459] SRPJ
[00:08:04] [436/459] ARTS
[00:08:04] [437/459] SRHK
[00:08:06] [438/459] SPAY
[00:08:06] [439/459] GPTB
[00:08:07] [440/459] SNNN
[00:08:08] [441/459] BALJ
[00:08:09] [442/459] TRIG
[00:08:10] [443/459] GTYT
[00:08:11] [444/459] ATGN
[00:08:12] [445/459] ANTE
[00:08:13] [446/459] BDCG
[00:08:14] [447/459] VECI
[00:08:15] [448/459] SCPR
[00:08:16] [449/459] RTEA
[00:08:16] [450/459] JSAI
[00:08:17] [451/459] VJTP
[00:08:18] [452/459] GNDS
[00:08:19] [453/459] PAXA
[00:08:20] [454/459] CGGM
[00:08:21] [455/459] ACKZ
[00:08:22] [456/459] EMCC
[00:08:23] [457/459] KLSK
[00:08:24] [458/459] AVCK
[00:08:25] [459/459] JTCK
[00:08:26] ✅ DONE | Shows=1 | Movies=1
[00:52:37] 🚀 BMS DAILY TRACKER STARTED
[00:52:37] [1/459] NECA
[00:52:37] 🧠 New identity
[00:52:38] [2/459] BJLC
[00:52:39] [3/459] BASU
[00:52:40] [4/459] RUPI
[00:52:41] [5/459] LCBK
[00:52:42] [6/459] PMAC
[00:52:43] [7/459] AMLC
[00:52:44] [8/459] LICL
[00:52:45] [9/459] UDMM
[00:52:46] [10/459] STBZ
[00:52:47] [11/459] UUBT
[00:52:48] [12/459] SJKC
[00:52:49] [13/459] TUAL
[00:52:50] [14/459] MRSE
[00:52:51] [15/459] RMRK
[00:52:52] [16/459] TTKP
[00:52:53] [17/459] KTKO
[00:52:54] [18/459] SDBK
[00:52:54] [19/459] MCPR
[00:52:55] [20/459] CHTI
[00:52:56] [21/459] GCCP
[00:52:57] [22/459] SRMY
[00:52:58] [23/459] NYST
[00:52:59] [24/459] NYAG
[00:53:00] [25/459] SBMT
[00:53:01] [26/459] INGA
[00:53:02] [27/459] WSIC
[00:53:03] [28/459] SCSS
[00:53:03] [29/459] COPG
[00:53:04] [30/459] RCGR
[00:53:05] [31/459] TCZA
[00:53:06] [32/459] CNLP
[00:53:07] [33/459] CLKN
[00:53:09] [34/459] LHDF
[00:53:10] [35/459] ELKC
[00:53:11] [36/459] VCEM
[00:53:12] [37/459] SSZA
[00:53:12] [38/459] KRMT
[00:53:13] [39/459] LCMV
[00:53:14] [40/459] AYCZ
[00:53:15] [41/459] CUMS
[00:53:16] [42/459] BOCK
[00:53:17] [43/459] PNMR
[00:53:18] [44/459] PJCP
[00:53:19] [45/459] JDDD
[00:53:20] [46/459] STMS
[00:53:21] [47/459] FLMB
[00:53:22] [48/459] PKCM
[00:53:23] [49/459] SPPR
[00:53:24] [50/459] EYLH
[00:53:25] [51/459] RJCC
[00:53:25] [52/459] MMPS
[00:53:26] [53/459] SHMX
[00:53:27] [54/459] CCNL
[00:53:28] [55/459] RCNV
[00:53:29] [56/459] MAAG
[00:53:30] [57/459] LXCM
[00:53:31] [58/459] RCNI
[00:53:31] [59/459] SNNI
[00:53:32] [60/459] LALC
[00:53:33] [61/459] SOCN
[00:53:35] [62/459] JHTP
[00:53:36] [63/459] PITP
[00:53:37] [64/459] CCKW
[00:53:38] [65/459] MCMC
[00:53:39] [66/459] DEES
[00:53:40] [67/459] SABT
[00:53:41] [68/459] VSPP
[00:53:42] [69/459] ABCT
[00:53:42] [70/459] JVTB
[00:53:43] [71/459] VCBD
[00:53:44] [72/459] RMGG
[00:53:45] [73/459] RNMH
[00:53:46] [74/459] SPGL
[00:53:47] [75/459] JTTR
[00:53:48] [76/459] SICS
[00:53:49] [77/459] SRMI
[00:53:50] [78/459] SSIJ
[00:53:51] [79/459] KFMT
[00:53:51] [80/459] VBIT
[00:53:52] [81/459] JKCT
[00:53:53] [82/459] GCGP
[00:53:53] [83/459] GDCS
[00:53:54] [84/459] TRBA
[00:53:55] [85/459] QUST
[00:53:56] [86/459] VSHM
[00:53:57] [87/459] SDCP
[00:53:58] [88/459] SNVS
[00:53:58] [89/459] NYTO
[00:53:59] [90/459] URWC
[00:54:00] [91/459] GTWH
[00:54:01] [92/459] PFCM
[00:54:02] [93/459] KRTA
[00:54:02] [94/459] AXMC
[00:54:03] [95/459] EVMC
[00:54:04] [96/459] HGSM
[00:54:05] [97/459] ACVM
[00:54:05] [98/459] PSKL
[00:54:07] [99/459] RDMP
[00:54:07] [100/459] RHGH
[00:54:08] [101/459] OMCM
[00:54:09] [102/459] DCCP
[00:54:10] [103/459] MCPB
[00:54:11] [104/459] ALCI
[00:54:12] [105/459] BLMX
[00:54:14] [106/459] BTMV
[00:54:15] [107/459] FVPN
[00:54:16] [108/459] CMAR
[00:54:18] [109/459] CEIM
[00:54:19] [110/459] CMVA
[00:54:20] [111/459] CPIV
[00:54:21] [112/459] CNPE
[00:54:22] [113/459] COLV
[00:54:23] [114/459] DNNV
[00:54:24] [115/459] HCAD
[00:54:25] [116/459] TAKA
[00:54:26] [117/459] INVD
[00:54:27] [118/459] IRMM
[00:54:28] [119/459] INSE
[00:54:28] [120/459] MRSW
[00:54:29] [121/459] MCVD
[00:54:30] [122/459] MCSO
[00:54:31] [123/459] PEVM
[00:54:32] [124/459] PVNL
[00:54:33] [125/459] PTCV
[00:54:34] [126/459] PRTC
[00:54:35] [127/459] RCVA
[00:54:36] [128/459] MTBN
[00:54:36] [129/459] LUCP
[00:54:37] [130/459] FMPT
[00:54:38] [131/459] JLSL
[00:54:39] [132/459] SBHA
[00:54:40] [133/459] SHRC
[00:54:41] [134/459] AVPS
[00:54:41] [135/459] STPM
[00:54:43] [136/459] ATRD
[00:54:44] [137/459] VTED
[00:54:45] [138/459] ACAI
[00:54:46] [139/459] SMAE
[00:54:47] [140/459] VMAT
[00:54:49] [141/459] LKCT
[00:54:50] [142/459] JTVK
[00:54:51] [143/459] PRTY
[00:54:52] [144/459] GETT
[00:54:53] [145/459] ESAP
[00:54:54] [146/459] NCPM
[00:54:54] [147/459] PCPA
[00:54:55] [148/459] MMOM
[00:54:56] [149/459] PHUP
[00:54:56] [150/459] CCPI
[00:54:57] [151/459] CNTD
[00:54:58] [152/459] NLJR
[00:55:00] [153/459] SRNG
[00:55:00] [154/459] MHAL
[00:55:01] [155/459] PNSM
[00:55:02] [156/459] DRMY
[00:55:03] [157/459] CCMU
[00:55:04] [158/459] SCMY
[00:55:05] [159/459] PVSY
[00:55:06] [160/459] SDLM
[00:55:07] [161/459] ICCM
[00:55:08] [162/459] PYSU
[00:55:09] [163/459] GATM
[00:55:10] [164/459] WOTM
[00:55:12] [165/459] RKTS
[00:55:12] [166/459] PMTY
[00:55:13] [167/459] LYMS
[00:55:14] [168/459] TGCA
[00:55:15] [169/459] DSTA
[00:55:17] [170/459] CNGE
[00:55:18] [171/459] VSTG
[00:55:18] [172/459] GTCK
[00:55:20] [173/459] TGNT
[00:55:21] [174/459] ASLC
[00:55:22] [175/459] SSST
[00:55:22] [176/459] KBTT
[00:55:23] [177/459] HKCP
[00:55:24] [178/459] SWLC
[00:55:25] [179/459] RTND
[00:55:26] [180/459] PKKT
[00:55:27] [181/459] HSTK
[00:55:28] [182/459] SPTT
[00:55:29] [183/459] IMPM
[00:55:30] [184/459] SCMV
[00:55:31] [185/459] SPCT
[00:55:32] [186/459] JBCA
[00:55:33] [187/459] ATTR
[00:55:34] [188/459] SPMT
[00:55:36] [189/459] LCTM
[00:55:37] [190/459] SCVL
[00:55:38] [191/459] SCVT
[00:55:38] [192/459] KRIC
[00:55:39] [193/459] CTMG
[00:55:40] [194/459] ACNC
[00:55:41] [195/459] DMCK
[00:55:42] [196/459] KMTV
[00:55:43] [197/459] PFCJ
[00:55:44] [198/459] VNMD
[00:55:45] [199/459] VPCZ
[00:55:46] [200/459] SRYR
[00:55:47] [201/459] SYTR
[00:55:47] [202/459] GATR
[00:55:48] [203/459] URTR
[00:55:49] [204/459] MKSM
[00:55:50] [205/459] VSMH
[00:55:51] [206/459] SKRJ
[00:55:52] [207/459] SSJR
[00:55:54] [208/459] SVSM
[00:55:55] [209/459] RUCM
[00:55:56] [210/459] PRKN
[00:55:57] [211/459] RROH
[00:55:58] [212/459] SCTN
[00:55:59] [213/459] RTDM
[00:56:00] [214/459] ASRM
[00:56:01] [215/459] SKMD
[00:56:01] [216/459] SUTD
[00:56:02] [217/459] SADM
[00:56:03] [218/459] WCNR
[00:56:04] [219/459] CNED
[00:56:05] [220/459] MPDB
[00:56:06] [221/459] KTBH
[00:56:07] [222/459] IDRM
[00:56:08] [223/459] PJJT
[00:56:09] [224/459] PFCV
[00:56:10] [225/459] AACT
[00:56:11] [226/459] AAAD
[00:56:11] [227/459] ANES
[00:56:12] [228/459] MNCA
[00:56:13] [229/459] RMGU
[00:56:14] [230/459] DLCN
[00:56:16] [231/459] LJWT
[00:56:16] [232/459] MCBG
[00:56:17] [233/459] MYBG
[00:56:18] [234/459] GCCA
[00:56:19] [235/459] GCGA
[00:56:20] [236/459] ECGN
[00:56:21] [237/459] PRAB
[00:56:22] [238/459] PNMP
[00:56:23] [239/459] GCPT
[00:56:24] [240/459] ROYN
[00:56:25] [241/459] VATM
[00:56:26] [242/459] KSNT
[00:56:27] [243/459] ACTC
[00:56:27] [244/459] PLTD
[00:56:28] [245/459] SKMK
[00:56:29] [246/459] CMTT
[00:56:30] [247/459] SMXP
[00:56:31] [248/459] SCMX
[00:56:32] [249/459] ACXN
[00:56:33] [250/459] ASWT
[00:56:33] [251/459] VVVL
[00:56:34] [252/459] NAGO
[00:56:35] [253/459] SNCN
[00:56:36] [254/459] MCKP
[00:56:37] [255/459] SAMO
[00:56:38] [256/459] JBTV
[00:56:39] [257/459] DCVV
[00:56:41] [258/459] KMSV
[00:56:42] [259/459] KDCN
[00:56:42] [260/459] CNCP
[00:56:43] [261/459] HAMC
[00:56:44] [262/459] CCVZ
[00:56:45] [263/459] NCCK
[00:56:46] [264/459] MCHR
[00:56:47] [265/459] SCHT
[00:56:47] [266/459] ESSH
[00:56:48] [267/459] CUJC
[00:56:49] [268/459] PECP
[00:56:50] [269/459] PMMI
[00:56:51] [270/459] PCCH
[00:56:52] [271/459] PRPM
[00:56:53] [272/459] PVKL
[00:56:54] [273/459] CBSM
[00:56:55] [274/459] PVCZ
[00:56:56] [275/459] PCVV
[00:56:57] [276/459] CTMJ
[00:56:58] [277/459] RCPS
[00:57:00] [278/459] PCIT
[00:57:01] [279/459] FNCH
[00:57:02] [280/459] INZD
[00:57:03] [281/459] INPC
[00:57:04] [282/459] LCZP
[00:57:05] [283/459] SMCB
[00:57:06] [284/459] PTSB
[00:57:07] [285/459] TPSI
[00:57:08] [286/459] KHMJ
[00:57:09] [287/459] RCCJ
[00:57:10] [288/459] NCJA
[00:57:10] [289/459] NCJN
[00:57:11] [290/459] BTDP
[00:57:12] [291/459] PADY
[00:57:13] [292/459] NYBH
[00:57:14] [293/459] MTBR
[00:57:15] [294/459] KRBC
[00:57:16] [295/459] DKTI
[00:57:17] [296/459] ANAN
[00:57:18] [297/459] INBP
[00:57:19] [298/459] PATB
[00:57:20] [299/459] RGNT
[00:57:21] [300/459] CGPM
[00:57:22] [301/459] INTN
[00:57:23] [302/459] MCMP
[00:57:24] [303/459] ASRG
[00:57:24] [304/459] CXJD
[00:57:25] [305/459] SPCP
[00:57:26] [306/459] CSTP
[00:57:27] [307/459] PKVC
[00:57:28] [308/459] ESCP
[00:57:29] [309/459] CAEP
[00:57:31] [310/459] CCSP
[00:57:32] [311/459] KTPC
[00:57:33] [312/459] DACA
[00:57:34] [313/459] NVKY
[00:57:34] [314/459] PTIN
[00:57:35] [315/459] SCIN
[00:57:37] [316/459] MCTY
[00:57:38] [317/459] PCMX
[00:57:38] [318/459] INIC
[00:57:39] [319/459] MMZM
[00:57:40] [320/459] SSLP
[00:57:41] [321/459] DTDT
[00:57:42] [322/459] FFCX
[00:57:43] [323/459] RCMM
[00:57:44] [324/459] KYID
[00:57:45] [325/459] CSCI
[00:57:45] [326/459] FCMC
[00:57:46] [327/459] MMXI
[00:57:47] [328/459] ASTC
[00:57:48] [329/459] CMRA
[00:57:48] [330/459] DICI
[00:57:49] [331/459] KDIN
[00:57:50] [332/459] PRFI
[00:57:52] [333/459] SVFC
[00:57:53] [334/459] UCPL
[00:57:54] [335/459] COOC
[00:57:55] [336/459] SCAL
[00:57:56] [337/459] SVFF
[00:57:57] [338/459] VCMG
[00:57:58] [339/459] UUCT
[00:57:59] [340/459] GCSE
[00:57:59] [341/459] SUSC
[00:58:00] [342/459] MISC
[00:58:01] [343/459] RMBL
[00:58:02] [344/459] CMXN
[00:58:03] [345/459] PVBK
[00:58:04] [346/459] HHCG
[00:58:05] [347/459] SCAG
[00:58:06] [348/459] CNPR
[00:58:07] [349/459] CSER
[00:58:08] [350/459] HLWD
[00:58:09] [351/459] BOLY
[00:58:10] [352/459] SSPG
[00:58:10] [353/459] MUPX
[00:58:11] [354/459] HAMR
[00:58:12] [355/459] SDNC
[00:58:13] [356/459] RTEN
[00:58:14] [357/459] SDTD
[00:58:14] [358/459] KAWS
[00:58:15] [359/459] CMZX
[00:58:16] [360/459] DCDD
[00:58:18] [361/459] ALSN
[00:58:19] [362/459] IMXS
[00:58:20] [363/459] PVFF
[00:58:20] [364/459] PVOO
[00:58:21] [365/459] CFBS
[00:58:23] [366/459] PVER
[00:58:24] [367/459] PPNX
[00:58:25] [368/459] CNRM
[00:58:25] [369/459] PVWW
[00:58:26] [370/459] INMB
[00:58:27] [371/459] CPJR
[00:58:28] [372/459] INRZ
[00:58:29] [373/459] PMSR
[00:58:29] [374/459] GPGM
[00:58:30] [375/459] PGWB
[00:58:32] [376/459] PMBR
[00:58:33] [377/459] GPAM
[00:58:34] [378/459] INBC
[00:58:35] [379/459] PZVK
[00:58:36] [380/459] CPEB
[00:58:37] [381/459] FMLB
[00:58:38] [382/459] INBG
[00:58:39] [383/459] GPBR
[00:58:39] [384/459] PAAS
[00:58:40] [385/459] VTBR
[00:58:41] [386/459] GPMY
[00:58:42] [387/459] GYBU
[00:58:43] [388/459] INBJ
[00:58:44] [389/459] LKTH
[00:58:45] [390/459] NSBR
[00:58:45] [391/459] PDRD
[00:58:46] [392/459] VRBL
[00:58:47] [393/459] VTGB
[00:58:49] [394/459] VTSK
[00:58:50] [395/459] BKDV
[00:58:51] [396/459] SVTB
[00:58:52] [397/459] MLDT
[00:58:53] [398/459] NRBL
[00:58:53] [399/459] SLTR
[00:58:54] [400/459] VNKA
[00:58:55] [401/459] TDCA
[00:58:56] [402/459] INBM
[00:58:57] [403/459] SSNR
[00:58:58] [404/459] BHAC
[00:58:59] [405/459] SDSD
[00:59:00] [406/459] SAMP
[00:59:01] [407/459] RATK
[00:59:02] [408/459] KCBI
[00:59:03] [409/459] URBL
[00:59:03] [410/459] MKBG
[00:59:05] [411/459] ASTB
[00:59:06] [412/459] VBWT
[00:59:07] [413/459] GPSM
[00:59:08] [414/459] ROON
[00:59:09] [415/459] CHTH
[00:59:10] [416/459] SSPA
[00:59:10] [417/459] ANBL
[00:59:11] [418/459] VTBE
[00:59:12] [419/459] SVKT
[00:59:13] [420/459] SVYK
[00:59:14] [421/459] PTBK
[00:59:15] [422/459] RKTB
[00:59:16] [423/459] BALT
[00:59:16] [424/459] STSV
[00:59:17] [425/459] VCCB
[00:59:18] [426/459] SLTB
[00:59:19] [427/459] SBCR
[00:59:21] [428/459] VDCS
[00:59:22] [429/459] MDKI
[00:59:23] [430/459] SMRN
[00:59:24] [431/459] PTBC
[00:59:25] [432/459] RADI
[00:59:26] [433/459] ADCR
[00:59:27] [434/459] SDCS
[00:59:28] [435/459] SRPJ
[00:59:29] [436/459] ARTS
[00:59:29] [437/459] SRHK
[00:59:31] [438/459] SPAY
[00:59:32] [439/459] GPTB
[00:59:33] [440/459] SNNN
[00:59:34] [441/459] BALJ
[00:59:35] [442/459] TRIG
[00:59:36] [443/459] GTYT
[00:59:36] [444/459] ATGN
[00:59:37] [445/459] ANTE
[00:59:38] [446/459] BDCG
[00:59:39] [447/459] VECI
[00:59:40] [448/459] SCPR
[00:59:41] [449/459] RTEA
[00:59:43] [450/459] JSAI
[00:59:44] [451/459] VJTP
[00:59:45] [452/459] GNDS
[00:59:46] [453/459] PAXA
[00:59:47] [454/459] CGGM
[00:59:48] [455/459] ACKZ
[00:59:49] [456/459] EMCC
[00:59:49] [457/459] KLSK
[00:59:51] [458/459] AVCK
[00:59:52] [459/459] JTCK
[00:59:53] ✅ DONE | Shows=1 | Movies=1
[01:51:18] 🚀 BMS DAILY TRACKER STARTED
[01:51:18] [1/459] NECA
[01:51:18] 🧠 New identity
[01:51:19] [2/459] BJLC
[01:51:20] [3/459] BASU
[01:51:21] [4/459] RUPI
[01:51:22] [5/459] LCBK
[01:51:23] [6/459] PMAC
[01:51:24] [7/459] AMLC
[01:51:25] [8/459] LICL
[01:51:26] [9/459] UDMM
[01:51:27] [10/459] STBZ
[01:51:28] [11/459] UUBT
[01:51:29] [12/459] SJKC
[01:51:29] [13/459] TUAL
[01:51:30] [14/459] MRSE
[01:51:31] [15/459] RMRK
[01:51:32] [16/459] TTKP
[01:51:33] [17/459] KTKO
[01:51:34] [18/459] SDBK
[01:51:35] [19/459] MCPR
[01:51:36] [20/459] CHTI
[01:51:37] [21/459] GCCP
[01:51:38] [22/459] SRMY
[01:51:39] [23/459] NYST
[01:51:40] [24/459] NYAG
[01:51:41] [25/459] SBMT
[01:51:41] [26/459] INGA
[01:51:42] [27/459] WSIC
[01:51:44] [28/459] SCSS
[01:51:45] [29/459] COPG
[01:51:45] [30/459] RCGR
[01:51:46] [31/459] TCZA
[01:51:47] [32/459] CNLP
[01:51:48] [33/459] CLKN
[01:51:49] [34/459] LHDF
[01:51:50] [35/459] ELKC
[01:51:51] [36/459] VCEM
[01:51:52] [37/459] SSZA
[01:51:53] [38/459] KRMT
[01:51:54] [39/459] LCMV
[01:51:55] [40/459] AYCZ
[01:51:55] [41/459] CUMS
[01:51:56] [42/459] BOCK
[01:51:57] [43/459] PNMR
[01:51:58] [44/459] PJCP
[01:51:59] [45/459] JDDD
[01:52:00] [46/459] STMS
[01:52:02] [47/459] FLMB
[01:52:02] [48/459] PKCM
[01:52:03] [49/459] SPPR
[01:52:04] [50/459] EYLH
[01:52:05] [51/459] RJCC
[01:52:05] [52/459] MMPS
[01:52:06] [53/459] SHMX
[01:52:07] [54/459] CCNL
[01:52:08] [55/459] RCNV
[01:52:09] [56/459] MAAG
[01:52:10] [57/459] LXCM
[01:52:11] [58/459] RCNI
[01:52:11] [59/459] SNNI
[01:52:12] [60/459] LALC
[01:52:13] [61/459] SOCN
[01:52:14] [62/459] JHTP
[01:52:15] [63/459] PITP
[01:52:16] [64/459] CCKW
[01:52:16] [65/459] MCMC
[01:52:17] [66/459] DEES
[01:52:18] [67/459] SABT
[01:52:19] [68/459] VSPP
[01:52:20] [69/459] ABCT
[01:52:21] [70/459] JVTB
[01:52:22] [71/459] VCBD
[01:52:22] [72/459] RMGG
[01:52:23] [73/459] RNMH
[01:52:24] [74/459] SPGL
[01:52:25] [75/459] JTTR
[01:52:26] [76/459] SICS
[01:52:26] [77/459] SRMI
[01:52:27] [78/459] SSIJ
[01:52:28] [79/459] KFMT
[01:52:29] [80/459] VBIT
[01:52:30] [81/459] JKCT
[01:52:31] [82/459] GCGP
[01:52:32] [83/459] GDCS
[01:52:32] [84/459] TRBA
[01:52:34] [85/459] QUST
[01:52:35] [86/459] VSHM
[01:52:36] [87/459] SDCP
[01:52:37] [88/459] SNVS
[01:52:38] [89/459] NYTO
[01:52:39] [90/459] URWC
[01:52:39] [91/459] GTWH
[01:52:40] [92/459] PFCM
[01:52:41] [93/459] KRTA
[01:52:42] [94/459] AXMC
[01:52:43] [95/459] EVMC
[01:52:44] [96/459] HGSM
[01:52:45] [97/459] ACVM
[01:52:46] [98/459] PSKL
[01:52:47] [99/459] RDMP
[01:52:48] [100/459] RHGH
[01:52:49] [101/459] OMCM
[01:52:49] [102/459] DCCP
[01:52:51] [103/459] MCPB
[01:52:52] [104/459] ALCI
[01:52:53] [105/459] BLMX
[01:52:54] [106/459] BTMV
[01:52:55] [107/459] FVPN
[01:52:56] [108/459] CMAR
[01:52:57] [109/459] CEIM
[01:52:58] [110/459] CMVA
[01:52:59] [111/459] CPIV
[01:53:00] [112/459] CNPE
[01:53:01] [113/459] COLV
[01:53:01] [114/459] DNNV
[01:53:02] [115/459] HCAD
[01:53:04] [116/459] TAKA
[01:53:04] [117/459] INVD
[01:53:06] [118/459] IRMM
[01:53:07] [119/459] INSE
[01:53:08] [120/459] MRSW
[01:53:08] [121/459] MCVD
[01:53:09] [122/459] MCSO
[01:53:10] [123/459] PEVM
[01:53:11] [124/459] PVNL
[01:53:12] [125/459] PTCV
[01:53:13] [126/459] PRTC
[01:53:14] [127/459] RCVA
[01:53:15] [128/459] MTBN
[01:53:16] [129/459] LUCP
[01:53:16] [130/459] FMPT
[01:53:17] [131/459] JLSL
[01:53:18] [132/459] SBHA
[01:53:19] [133/459] SHRC
[01:53:20] [134/459] AVPS
[01:53:20] [135/459] STPM
[01:53:21] [136/459] ATRD
[01:53:22] [137/459] VTED
[01:53:23] [138/459] ACAI
[01:53:24] [139/459] SMAE
[01:53:25] [140/459] VMAT
[01:53:26] [141/459] LKCT
[01:53:27] [142/459] JTVK
[01:53:28] [143/459] PRTY
[01:53:29] [144/459] GETT
[01:53:30] [145/459] ESAP
[01:53:31] [146/459] NCPM
[01:53:32] [147/459] PCPA
[01:53:33] [148/459] MMOM
[01:53:34] [149/459] PHUP
[01:53:35] [150/459] CCPI
[01:53:36] [151/459] CNTD
[01:53:37] [152/459] NLJR
[01:53:38] [153/459] SRNG
[01:53:39] [154/459] MHAL
[01:53:40] [155/459] PNSM
[01:53:41] [156/459] DRMY
[01:53:42] [157/459] CCMU
[01:53:43] [158/459] SCMY
[01:53:44] [159/459] PVSY
[01:53:45] [160/459] SDLM
[01:53:46] [161/459] ICCM
[01:53:47] [162/459] PYSU
[01:53:48] [163/459] GATM
[01:53:49] [164/459] WOTM
[01:53:50] [165/459] RKTS
[01:53:50] [166/459] PMTY
[01:53:52] [167/459] LYMS
[01:53:52] [168/459] TGCA
[01:53:53] [169/459] DSTA
[01:53:54] [170/459] CNGE
[01:53:55] [171/459] VSTG
[01:53:56] [172/459] GTCK
[01:53:56] [173/459] TGNT
[01:53:57] [174/459] ASLC
[01:53:58] [175/459] SSST
[01:53:59] [176/459] KBTT
[01:54:00] [177/459] HKCP
[01:54:01] [178/459] SWLC
[01:54:02] [179/459] RTND
[01:54:03] [180/459] PKKT
[01:54:04] [181/459] HSTK
[01:54:05] [182/459] SPTT
[01:54:06] [183/459] IMPM
[01:54:07] [184/459] SCMV
[01:54:07] [185/459] SPCT
[01:54:08] [186/459] JBCA
[01:54:09] [187/459] ATTR
[01:54:10] [188/459] SPMT
[01:54:11] [189/459] LCTM
[01:54:12] [190/459] SCVL
[01:54:12] [191/459] SCVT
[01:54:13] [192/459] KRIC
[01:54:14] [193/459] CTMG
[01:54:15] [194/459] ACNC
[01:54:16] [195/459] DMCK
[01:54:16] [196/459] KMTV
[01:54:17] [197/459] PFCJ
[01:54:18] [198/459] VNMD
[01:54:19] [199/459] VPCZ
[01:54:20] [200/459] SRYR
[01:54:21] [201/459] SYTR
[01:54:22] [202/459] GATR
[01:54:23] [203/459] URTR
[01:54:24] [204/459] MKSM
[01:54:24] [205/459] VSMH
[01:54:25] [206/459] SKRJ
[01:54:26] [207/459] SSJR
[01:54:27] [208/459] SVSM
[01:54:28] [209/459] RUCM
[01:54:29] [210/459] PRKN
[01:54:30] [211/459] RROH
[01:54:31] [212/459] SCTN
[01:54:32] [213/459] RTDM
[01:54:34] [214/459] ASRM
[01:54:35] [215/459] SKMD
[01:54:36] [216/459] SUTD
[01:54:36] [217/459] SADM
[01:54:38] [218/459] WCNR
[01:54:39] [219/459] CNED
[01:54:40] [220/459] MPDB
[01:54:41] [221/459] KTBH
[01:54:41] [222/459] IDRM
[01:54:42] [223/459] PJJT
[01:54:43] [224/459] PFCV
[01:54:44] [225/459] AACT
[01:54:45] [226/459] AAAD
[01:54:45] [227/459] ANES
[01:54:46] [228/459] MNCA
[01:54:47] [229/459] RMGU
[01:54:48] [230/459] DLCN
[01:54:49] [231/459] LJWT
[01:54:50] [232/459] MCBG
[01:54:51] [233/459] MYBG
[01:54:52] [234/459] GCCA
[01:54:53] [235/459] GCGA
[01:54:54] [236/459] ECGN
[01:54:55] [237/459] PRAB
[01:54:56] [238/459] PNMP
[01:54:57] [239/459] GCPT
[01:54:58] [240/459] ROYN
[01:54:59] [241/459] VATM
[01:54:59] [242/459] KSNT
[01:55:00] [243/459] ACTC
[01:55:01] [244/459] PLTD
[01:55:02] [245/459] SKMK
[01:55:03] [246/459] CMTT
[01:55:04] [247/459] SMXP
[01:55:05] [248/459] SCMX
[01:55:07] [249/459] ACXN
[01:55:08] [250/459] ASWT
[01:55:08] [251/459] VVVL
[01:55:09] [252/459] NAGO
[01:55:10] [253/459] SNCN
[01:55:11] [254/459] MCKP
[01:55:12] [255/459] SAMO
[01:55:13] [256/459] JBTV
[01:55:14] [257/459] DCVV
[01:55:14] [258/459] KMSV
[01:55:16] [259/459] KDCN
[01:55:17] [260/459] CNCP
[01:55:17] [261/459] HAMC
[01:55:18] [262/459] CCVZ
[01:55:19] [263/459] NCCK
[01:55:20] [264/459] MCHR
[01:55:21] [265/459] SCHT
[01:55:21] [266/459] ESSH
[01:55:22] [267/459] CUJC
[01:55:23] [268/459] PECP
[01:55:24] [269/459] PMMI
[01:55:25] [270/459] PCCH
[01:55:26] [271/459] PRPM
[01:55:27] [272/459] PVKL
[01:55:28] [273/459] CBSM
[01:55:30] [274/459] PVCZ
[01:55:31] [275/459] PCVV
[01:55:32] [276/459] CTMJ
[01:55:32] [277/459] RCPS
[01:55:34] [278/459] PCIT
[01:55:35] [279/459] FNCH
[01:55:36] [280/459] INZD
[01:55:37] [281/459] INPC
[01:55:38] [282/459] LCZP
[01:55:39] [283/459] SMCB
[01:55:40] [284/459] PTSB
[01:55:41] [285/459] TPSI
[01:55:42] [286/459] KHMJ
[01:55:43] [287/459] RCCJ
[01:55:44] [288/459] NCJA
[01:55:45] [289/459] NCJN
[01:55:45] [290/459] BTDP
[01:55:46] [291/459] PADY
[01:55:47] [292/459] NYBH
[01:55:48] [293/459] MTBR
[01:55:49] [294/459] KRBC
[01:55:50] [295/459] DKTI
[01:55:51] [296/459] ANAN
[01:55:52] [297/459] INBP
[01:55:53] [298/459] PATB
[01:55:54] [299/459] RGNT
[01:55:56] [300/459] CGPM
[01:55:57] [301/459] INTN
[01:55:58] [302/459] MCMP
[01:55:59] [303/459] ASRG
[01:56:00] [304/459] CXJD
[01:56:01] [305/459] SPCP
[01:56:01] [306/459] CSTP
[01:56:02] [307/459] PKVC
[01:56:03] [308/459] ESCP
[01:56:04] [309/459] CAEP
[01:56:04] [310/459] CCSP
[01:56:05] [311/459] KTPC
[01:56:06] [312/459] DACA
[01:56:07] [313/459] NVKY
[01:56:08] [314/459] PTIN
[01:56:09] [315/459] SCIN
[01:56:10] [316/459] MCTY
[01:56:11] [317/459] PCMX
[01:56:12] [318/459] INIC
[01:56:12] [319/459] MMZM
[01:56:13] [320/459] SSLP
[01:56:14] [321/459] DTDT
[01:56:15] [322/459] FFCX
[01:56:16] [323/459] RCMM
[01:56:17] [324/459] KYID
[01:56:18] [325/459] CSCI
[01:56:19] [326/459] FCMC
[01:56:19] [327/459] MMXI
[01:56:20] [328/459] ASTC
[01:56:21] [329/459] CMRA
[01:56:22] [330/459] DICI
[01:56:23] [331/459] KDIN
[01:56:24] [332/459] PRFI
[01:56:25] [333/459] SVFC
[01:56:26] [334/459] UCPL
[01:56:27] [335/459] COOC
[01:56:27] [336/459] SCAL
[01:56:28] [337/459] SVFF
[01:56:29] [338/459] VCMG
[01:56:30] [339/459] UUCT
[01:56:32] [340/459] GCSE
[01:56:32] [341/459] SUSC
[01:56:33] [342/459] MISC
[01:56:35] [343/459] RMBL
[01:56:35] [344/459] CMXN
[01:56:36] [345/459] PVBK
[01:56:37] [346/459] HHCG
[01:56:38] [347/459] SCAG
[01:56:39] [348/459] CNPR
[01:56:39] [349/459] CSER
[01:56:40] [350/459] HLWD
[01:56:41] [351/459] BOLY
[01:56:42] [352/459] SSPG
[01:56:43] [353/459] MUPX
[01:56:44] [354/459] HAMR
[01:56:45] [355/459] SDNC
[01:56:46] [356/459] RTEN
[01:56:47] [357/459] SDTD
[01:56:47] [358/459] KAWS
[01:56:48] [359/459] CMZX
[01:56:49] [360/459] DCDD
[01:56:50] [361/459] ALSN
[01:56:51] [362/459] IMXS
[01:56:52] [363/459] PVFF
[01:56:53] [364/459] PVOO
[01:56:53] [365/459] CFBS
[01:56:54] [366/459] PVER
[01:56:55] [367/459] PPNX
[01:56:57] [368/459] CNRM
[01:56:58] [369/459] PVWW
[01:56:59] [370/459] INMB
[01:56:59] [371/459] CPJR
[01:57:00] [372/459] INRZ
[01:57:01] [373/459] PMSR
[01:57:02] [374/459] GPGM
[01:57:03] [375/459] PGWB
[01:57:04] [376/459] PMBR
[01:57:05] [377/459] GPAM
[01:57:06] [378/459] INBC
[01:57:07] [379/459] PZVK
[01:57:08] [380/459] CPEB
[01:57:09] [381/459] FMLB
[01:57:10] [382/459] INBG
[01:57:11] [383/459] GPBR
[01:57:12] [384/459] PAAS
[01:57:13] [385/459] VTBR
[01:57:14] [386/459] GPMY
[01:57:14] [387/459] GYBU
[01:57:15] [388/459] INBJ
[01:57:16] [389/459] LKTH
[01:57:18] [390/459] NSBR
[01:57:19] [391/459] PDRD
[01:57:19] [392/459] VRBL
[01:57:20] [393/459] VTGB
[01:57:21] [394/459] VTSK
[01:57:22] [395/459] BKDV
[01:57:23] [396/459] SVTB
[01:57:24] [397/459] MLDT
[01:57:25] [398/459] NRBL
[01:57:26] [399/459] SLTR
[01:57:27] [400/459] VNKA
[01:57:28] [401/459] TDCA
[01:57:29] [402/459] INBM
[01:57:30] [403/459] SSNR
[01:57:30] [404/459] BHAC
[01:57:31] [405/459] SDSD
[01:57:32] [406/459] SAMP
[01:57:33] [407/459] RATK
[01:57:34] [408/459] KCBI
[01:57:35] [409/459] URBL
[01:57:35] [410/459] MKBG
[01:57:37] [411/459] ASTB
[01:57:38] [412/459] VBWT
[01:57:39] [413/459] GPSM
[01:57:40] [414/459] ROON
[01:57:41] [415/459] CHTH
[01:57:42] [416/459] SSPA
[01:57:42] [417/459] ANBL
[01:57:46] [418/459] VTBE
[01:57:47] [419/459] SVKT
[01:57:47] [420/459] SVYK
[01:57:48] [421/459] PTBK
[01:57:49] [422/459] RKTB
[01:57:50] [423/459] BALT
[01:57:51] [424/459] STSV
[01:57:51] [425/459] VCCB
[01:57:52] [426/459] SLTB
[01:57:53] [427/459] SBCR
[01:57:54] [428/459] VDCS
[01:57:55] [429/459] MDKI
[01:57:56] [430/459] SMRN
[01:57:57] [431/459] PTBC
[01:57:57] [432/459] RADI
[01:57:58] [433/459] ADCR
[01:57:59] [434/459] SDCS
[01:58:01] [435/459] SRPJ
[01:58:02] [436/459] ARTS
[01:58:02] [437/459] SRHK
[01:58:03] [438/459] SPAY
[01:58:04] [439/459] GPTB
[01:58:05] [440/459] SNNN
[01:58:06] [441/459] BALJ
[01:58:07] [442/459] TRIG
[01:58:07] [443/459] GTYT
[01:58:08] [444/459] ATGN
[01:58:09] [445/459] ANTE
[01:58:10] [446/459] BDCG
[01:58:11] [447/459] VECI
[01:58:11] [448/459] SCPR
[01:58:12] [449/459] RTEA
[01:58:13] [450/459] JSAI
[01:58:14] [451/459] VJTP
[01:58:15] [452/459] GNDS
[01:58:16] [453/459] PAXA
[01:58:18] [454/459] CGGM
[01:58:19] [455/459] ACKZ
[01:58:20] [456/459] EMCC
[01:58:21] [457/459] KLSK
[01:58:22] [458/459] AVCK
[01:58:23] [459/459] JTCK
[01:58:23] ✅ DONE | Shows=1 | Movies=1
