[00:04:30] 🚀 BMS DAILY TRACKER STARTED
[00:04:30] [1/459] FNDB
[00:04:30] 🧠 New identity
[00:04:31] [2/459] AMBH
[00:04:32] [3/459] PRHN
[00:04:33] [4/459] ACPM
[00:04:33] [5/459] PVFS
[00:04:34] [6/459] AACN
[00:04:35] [7/459] ACAS
[00:04:36] [8/459] CTNR
[00:04:37] [9/459] MMAH
[00:04:38] [10/459] CPMH
[00:04:40] [11/459] IGMH
[00:04:41] [12/459] ABCS
[00:04:42] [13/459] CMMA
[00:04:43] [14/459] GPRH
[00:04:45] [15/459] PNNG
[00:04:45] [16/459] AMCA
[00:04:46] [17/459] ISTN
[00:04:49] [18/459] PIIC
[00:04:50] [19/459] AHMH
[00:04:51] [20/459] ASHN
[00:04:52] [21/459] INHY
[00:04:54] [22/459] SRMO
[00:04:55] [23/459] PIMH
[00:04:56] [24/459] PVTS
[00:04:57] [25/459] MMCA
[00:04:57] [26/459] AKYJ
[00:04:58] [27/459] BRKH
[00:04:59] [28/459] MAHM
[00:05:00] [29/459] CPHY
[00:05:01] [30/459] PVTP
[00:05:02] [31/459] SMMR
[00:05:03] [32/459] PVHM
[00:05:05] [33/459] SNDY
[00:05:05] [34/459] GOKU
[00:05:06] [35/459] ACEV
[00:05:07] [36/459] PVUM
[00:05:08] [37/459] VSWA
[00:05:09] [38/459] IPRS
[00:05:10] [39/459] ASGN
[00:05:10] [40/459] BKMV
[00:05:11] [41/459] PVYH
[00:05:12] [42/459] INKM
[00:05:13] [43/459] ARJU
[00:05:14] [44/459] JJPP
[00:05:15] [45/459] SSRM
[00:05:15] [46/459] HMHD
[00:05:17] [47/459] SNKH
[00:05:19] [48/459] ACHI
[00:05:20] [49/459] MRAA
[00:05:20] [50/459] INMH
[00:05:21] [51/459] ARMH
[00:05:22] [52/459] DVRR
[00:05:23] [53/459] SUDA
[00:05:24] [54/459] MCSS
[00:05:25] [55/459] VRKC
[00:05:26] [56/459] PRCX
[00:05:27] [57/459] ASJY
[00:05:28] [58/459] MTHY
[00:05:29] [59/459] SRCM
[00:05:30] [60/459] TVHY
[00:05:30] [61/459] STHD
[00:05:31] [62/459] CPCL
[00:05:32] [63/459] PSMJ
[00:05:33] [64/459] MRGT
[00:05:34] [65/459] ARYH
[00:05:36] [66/459] VTRB
[00:05:37] [67/459] SCHC
[00:05:38] [68/459] MRRG
[00:05:38] [69/459] SPCB
[00:05:39] [70/459] AMCM
[00:05:40] [71/459] IVNM
[00:05:41] [72/459] TRHY
[00:05:41] [73/459] PTTH
[00:05:42] [74/459] RKMH
[00:05:43] [75/459] PRCS
[00:05:44] [76/459] VAJA
[00:05:44] [77/459] BJNG
[00:05:45] [78/459] SCVM
[00:05:46] [79/459] GNHB
[00:05:47] [80/459] TLUR
[00:05:48] [81/459] UKCC
[00:05:49] [82/459] SRKR
[00:05:50] [83/459] RMKN
[00:05:51] [84/459] SLRT
[00:05:52] [85/459] LKMT
[00:05:52] [86/459] SSRJ
[00:05:53] [87/459] SPHT
[00:05:54] [88/459] ANTT
[00:05:55] [89/459] SRCH
[00:05:56] [90/459] SRCA
[00:05:57] [91/459] ARTH
[00:05:58] [92/459] MCBH
[00:05:59] [93/459] SNIB
[00:06:00] [94/459] SART
[00:06:01] [95/459] SKTA
[00:06:02] [96/459] YAKT
[00:06:03] [97/459] MLCK
[00:06:03] [98/459] ANTS
[00:06:04] [99/459] DGCA
[00:06:05] [100/459] SGMP
[00:06:06] [101/459] ASWN
[00:06:07] [102/459] KFVU
[00:06:07] [103/459] POOR
[00:06:08] [104/459] GKDN
[00:06:09] [105/459] EOSE
[00:06:10] [106/459] GTTT
[00:06:11] [107/459] ARRO
[00:06:12] [108/459] CMMK
[00:06:13] [109/459] MSCN
[00:06:14] [110/459] GDKH
[00:06:15] [111/459] DLMT
[00:06:16] [112/459] PVMF
[00:06:17] [113/459] CPCK
[00:06:18] [114/459] VMHE
[00:06:18] [115/459] PVLC
[00:06:19] [116/459] PCVB
[00:06:20] [117/459] SNYK
[00:06:20] [118/459] KTEK
[00:06:21] [119/459] PCNM
[00:06:22] [120/459] NTTR
[00:06:23] [121/459] CPSK
[00:06:23] [122/459] JMMA
[00:06:24] [123/459] GCFK
[00:06:25] [124/459] MYCA
[00:06:26] [125/459] KSNP
[00:06:27] [126/459] PMCE
[00:06:28] [127/459] SCKI
[00:06:29] [128/459] FSMA
[00:06:29] [129/459] CETA
[00:06:30] [130/459] MCIK
[00:06:31] [131/459] MYCR
[00:06:32] [132/459] EVMP
[00:06:33] [133/459] SSGT
[00:06:34] [134/459] KCTK
[00:06:35] [135/459] ZTKC
[00:06:35] [136/459] MMTA
[00:06:36] [137/459] MAJT
[00:06:37] [138/459] ACPK
[00:06:38] [139/459] JMAX
[00:06:39] [140/459] SETK
[00:06:40] [141/459] CAIS
[00:06:40] [142/459] AGCD
[00:06:41] [143/459] URCL
[00:06:43] [144/459] VTDS
[00:06:44] [145/459] JCNM
[00:06:45] [146/459] KCAM
[00:06:46] [147/459] ADCU
[00:06:46] [148/459] GXYN
[00:06:47] [149/459] SMJG
[00:06:48] [150/459] EYCJ
[00:06:49] [151/459] CCEJ
[00:06:50] [152/459] MARS
[00:06:51] [153/459] CPVJ
[00:06:52] [154/459] INVP
[00:06:52] [155/459] CPOV
[00:06:53] [156/459] VIJK
[00:06:54] [157/459] LAIM
[00:06:55] [158/459] STHV
[00:06:56] [159/459] SVLJ
[00:06:57] [160/459] ATVJ
[00:06:58] [161/459] JTSC
[00:06:59] [162/459] RMTV
[00:07:00] [163/459] MGGG
[00:07:01] [164/459] SWTH
[00:07:02] [165/459] INVJ
[00:07:03] [166/459] PRSV
[00:07:03] [167/459] JATV
[00:07:05] [168/459] RCVD
[00:07:06] [169/459] BDMA
[00:07:07] [170/459] BLJI
[00:07:08] [171/459] SWOT
[00:07:09] [172/459] SWRN
[00:07:09] [173/459] TVRA
[00:07:10] [174/459] VCSV
[00:07:11] [175/459] NVRN
[00:07:12] [176/459] SIKC
[00:07:13] [177/459] VAKR
[00:07:13] [178/459] SYLN
[00:07:14] [179/459] KLJL
[00:07:15] [180/459] LKMY
[00:07:16] [181/459] VSLY
[00:07:17] [182/459] CIKO
[00:07:18] [183/459] GPBG
[00:07:19] [184/459] CECM
[00:07:19] [185/459] SLKB
[00:07:20] [186/459] MTBO
[00:07:21] [187/459] SSHB
[00:07:22] [188/459] VPCS
[00:07:23] [189/459] RCSR
[00:07:24] [190/459] RJRM
[00:07:25] [191/459] KPPB
[00:07:27] [192/459] SEDC
[00:07:27] [193/459] SCAI
[00:07:28] [194/459] RMTR
[00:07:29] [195/459] ASST
[00:07:30] [196/459] GCAK
[00:07:31] [197/459] ANNK
[00:07:32] [198/459] KDDF
[00:07:34] [199/459] NRDP
[00:07:35] [200/459] PLAK
[00:07:35] [201/459] GCMC
[00:07:36] [202/459] ALPY
[00:07:37] [203/459] SICE
[00:07:38] [204/459] SISR
[00:07:39] [205/459] SRPZ
[00:07:40] [206/459] SRSW
[00:07:40] [207/459] SUYA
[00:07:41] [208/459] AMMT
[00:07:42] [209/459] BHCU
[00:07:43] [210/459] KLPA
[00:07:44] [211/459] NVKH
[00:07:44] [212/459] JMRC
[00:07:45] [213/459] KTTT
[00:07:47] [214/459] MAGH
[00:07:49] [215/459] MMMX
[00:07:49] [216/459] SALJ
[00:07:50] [217/459] GTJA
[00:07:51] [218/459] MAHT
[00:07:52] [219/459] SSNN
[00:07:53] [220/459] ARRP
[00:07:54] [221/459] ATNS
[00:07:54] [222/459] SKDT
[00:07:55] [223/459] ACAT
[00:07:56] [224/459] APRC
[00:07:58] [225/459] SWAG
[00:07:58] [226/459] SDPT
[00:07:59] [227/459] STPS
[00:08:00] [228/459] WWCZ
[00:08:01] [229/459] LLCH
[00:08:02] [230/459] MZHA
[00:08:03] [231/459] CRJG
[00:08:03] [232/459] JGTK
[00:08:04] [233/459] KCSR
[00:08:05] [234/459] CHTL
[00:08:06] [235/459] EDSR
[00:08:06] [236/459] CSWO
[00:08:07] [237/459] CPVM
[00:08:09] [238/459] MXBY
[00:08:10] [239/459] FMMA
[00:08:12] [240/459] POVI
[00:08:13] [241/459] MTHB
[00:08:14] [242/459] INRC
[00:08:15] [243/459] PIPP
[00:08:16] [244/459] BMXC
[00:08:17] [245/459] PCMM
[00:08:17] [246/459] PMKM
[00:08:18] [247/459] GATY
[00:08:19] [248/459] IMCM
[00:08:21] [249/459] POPE
[00:08:22] [250/459] MTCR
[00:08:23] [251/459] PVAE
[00:08:24] [252/459] PVMI
[00:08:25] [253/459] CPNM
[00:08:26] [254/459] FMRL
[00:08:27] [255/459] MCIW
[00:08:28] [256/459] MXBO
[00:08:29] [257/459] FMKY
[00:08:30] [258/459] FMDA
[00:08:31] [259/459] THAB
[00:08:32] [260/459] PRCW
[00:08:33] [261/459] PITI
[00:08:33] [262/459] MCFF
[00:08:34] [263/459] PDDV
[00:08:35] [264/459] MCRM
[00:08:36] [265/459] KKMB
[00:08:37] [266/459] INKO
[00:08:37] [267/459] PLXP
[00:08:38] [268/459] MMHA
[00:08:39] [269/459] FMVS
[00:08:40] [270/459] POLM
[00:08:42] [271/459] STER
[00:08:43] [272/459] PVWJ
[00:08:43] [273/459] IMJW
[00:08:44] [274/459] FNAN
[00:08:45] [275/459] CAGL
[00:08:47] [276/459] IPBG
[00:08:47] [277/459] SMFV
[00:08:48] [278/459] MMMR
[00:08:49] [279/459] MMWM
[00:08:50] [280/459] FNCM
[00:08:51] [281/459] MDVA
[00:08:52] [282/459] MMET
[00:08:53] [283/459] MIDO
[00:08:54] [284/459] INNP
[00:08:55] [285/459] MIFU
[00:08:55] [286/459] MMSZ
[00:08:56] [287/459] BMXA
[00:08:57] [288/459] MCAA
[00:08:58] [289/459] SCVP
[00:08:58] [290/459] PLUS
[00:08:59] [291/459] MUCK
[00:09:00] [292/459] MTMA
[00:09:01] [293/459] HPVR
[00:09:02] [294/459] PMPK
[00:09:03] [295/459] MAJB
[00:09:04] [296/459] CTRR
[00:09:04] [297/459] MCTG
[00:09:05] [298/459] MACE
[00:09:06] [299/459] AAAS
[00:09:07] [300/459] CPVV
[00:09:08] [301/459] RCHG
[00:09:09] [302/459] MCNE
[00:09:09] [303/459] EMNC
[00:09:10] [304/459] MCAN
[00:09:11] [305/459] TCDM
[00:09:12] [306/459] IRGT
[00:09:12] [307/459] GCMG
[00:09:13] [308/459] MXSN
[00:09:14] [309/459] MXCK
[00:09:15] [310/459] MCRC
[00:09:16] [311/459] RSMI
[00:09:17] [312/459] WAML
[00:09:18] [313/459] MTSC
[00:09:19] [314/459] FMDR
[00:09:19] [315/459] LEPV
[00:09:20] [316/459] MTGD
[00:09:21] [317/459] IMOB
[00:09:22] [318/459] CLMM
[00:09:22] [319/459] PZCD
[00:09:23] [320/459] GOCS
[00:09:24] [321/459] KCMA
[00:09:25] [322/459] CCMP
[00:09:26] [323/459] MTSU
[00:09:28] [324/459] SNGL
[00:09:29] [325/459] MMMC
[00:09:30] [326/459] MMAA
[00:09:31] [327/459] GCDM
[00:09:33] [328/459] KTMV
[00:09:34] [329/459] AETE
[00:09:35] [330/459] OMCS
[00:09:36] [331/459] GDCD
[00:09:36] [332/459] NYMD
[00:09:37] [333/459] RNCV
[00:09:38] [334/459] KKMT
[00:09:39] [335/459] GDTH
[00:09:40] [336/459] KMMV
[00:09:41] [337/459] NHCG
[00:09:41] [338/459] PJDW
[00:09:42] [339/459] MMCV
[00:09:43] [340/459] FQSA
[00:09:44] [341/459] KURL
[00:09:45] [342/459] NNNX
[00:09:46] [343/459] AMAU
[00:09:47] [344/459] VVVM
[00:09:48] [345/459] VECU
[00:09:49] [346/459] WCVR
[00:09:50] [347/459] MTGG
[00:09:50] [348/459] SGTG
[00:09:51] [349/459] MNTG
[00:09:52] [350/459] JDDG
[00:09:53] [351/459] MBTK
[00:09:54] [352/459] SGCD
[00:09:55] [353/459] MCTC
[00:09:56] [354/459] JTPC
[00:09:57] [355/459] SDKT
[00:09:58] [356/459] KRCC
[00:09:59] [357/459] RMMD
[00:10:00] [358/459] AAME
[00:10:01] [359/459] TMWC
[00:10:02] [360/459] NRWY
[00:10:03] [361/459] CITD
[00:10:04] [362/459] VERD
[00:10:05] [363/459] MKSK
[00:10:06] [364/459] STSM
[00:10:07] [365/459] MJDG
[00:10:08] [366/459] RKPM
[00:10:09] [367/459] SSCE
[00:10:10] [368/459] VMAE
[00:10:10] [369/459] SBRU
[00:10:11] [370/459] AMBC
[00:10:12] [371/459] AMLU
[00:10:13] [372/459] INVZ
[00:10:14] [373/459] LGTV
[00:10:15] [374/459] SVAD
[00:10:15] [375/459] SMSA
[00:10:16] [376/459] SPCZ
[00:10:18] [377/459] GTCX
[00:10:19] [378/459] SCSL
[00:10:20] [379/459] SAHU
[00:10:21] [380/459] NCDA
[00:10:22] [381/459] SCCG
[00:10:23] [382/459] VKTL
[00:10:24] [383/459] PUUJ
[00:10:25] [384/459] STEJ
[00:10:27] [385/459] RJAL
[00:10:28] [386/459] ACJC
[00:10:28] [387/459] VTHC
[00:10:29] [388/459] ARVB
[00:10:30] [389/459] AUBB
[00:10:31] [390/459] GDBR
[00:10:32] [391/459] PVND
[00:10:33] [392/459] BGRJ
[00:10:34] [393/459] RJMM
[00:10:34] [394/459] MCSA
[00:10:35] [395/459] BODA
[00:10:36] [396/459] JAGG
[00:10:37] [397/459] SCGA
[00:10:37] [398/459] LRCM
[00:10:38] [399/459] CPCN
[00:10:40] [400/459] SSTF
[00:10:41] [401/459] SRXP
[00:10:42] [402/459] CNFX
[00:10:43] [403/459] ANDI
[00:10:44] [404/459] SYEW
[00:10:45] [405/459] RCRE
[00:10:45] [406/459] SCRW
[00:10:46] [407/459] MBKR
[00:10:47] [408/459] ASNT
[00:10:48] [409/459] JTMT
[00:10:49] [410/459] SHAY
[00:10:50] [411/459] VRTH
[00:10:51] [412/459] SPTI
[00:10:51] [413/459] DPTD
[00:10:52] [414/459] TGSN
[00:10:53] [415/459] RCWV
[00:10:54] [416/459] OCUR
[00:10:55] [417/459] KSTC
[00:10:56] [418/459] SANI
[00:10:57] [419/459] MLCA
[00:10:57] [420/459] EGCA
[00:10:58] [421/459] SYSN
[00:10:59] [422/459] PKTA
[00:11:00] [423/459] PRCC
[00:11:00] [424/459] KSTR
[00:11:01] [425/459] SNTP
[00:11:03] [426/459] RCHA
[00:11:04] [427/459] SEEA
[00:11:05] [428/459] ALAT
[00:11:06] [429/459] AATV
[00:11:08] [430/459] RJTE
[00:11:09] [431/459] AAPP
[00:11:10] [432/459] PMMH
[00:11:11] [433/459] INRJ
[00:11:11] [434/459] SARB
[00:11:12] [435/459] PCJL
[00:11:13] [436/459] PFJJ
[00:11:14] [437/459] GRDC
[00:11:16] [438/459] BCBA
[00:11:16] [439/459] VIXL
[00:11:17] [440/459] CSTL
[00:11:18] [441/459] MTDK
[00:11:19] [442/459] TDAC
[00:11:20] [443/459] GTDN
[00:11:21] [444/459] TTDE
[00:11:21] [445/459] ASTS
[00:11:22] [446/459] CPNS
[00:11:23] [447/459] PVVW
[00:11:24] [448/459] USEB
[00:11:25] [449/459] DTYN
[00:11:26] [450/459] PVLE
[00:11:27] [451/459] CIPS
[00:11:28] [452/459] PAEG
[00:11:29] [453/459] PTCW
[00:11:29] [454/459] G3SR
[00:11:30] [455/459] PGND
[00:11:31] [456/459] INVM
[00:11:33] [457/459] SPIA
[00:11:34] [458/459] PCSN
[00:11:35] [459/459] PPGV
[00:11:36] ✅ DONE | Shows=0 | Movies=0
[00:50:06] 🚀 BMS DAILY TRACKER STARTED
[00:50:06] [1/459] FNDB
[00:50:06] 🧠 New identity
[00:50:07] [2/459] AMBH
[00:50:08] [3/459] PRHN
[00:50:09] [4/459] ACPM
[00:50:09] [5/459] PVFS
[00:50:10] [6/459] AACN
[00:50:11] [7/459] ACAS
[00:50:12] [8/459] CTNR
[00:50:13] [9/459] MMAH
[00:50:14] [10/459] CPMH
[00:50:15] [11/459] IGMH
[00:50:16] [12/459] ABCS
[00:50:17] [13/459] CMMA
[00:50:18] [14/459] GPRH
[00:50:19] [15/459] PNNG
[00:50:19] [16/459] AMCA
[00:50:20] [17/459] ISTN
[00:50:21] [18/459] PIIC
[00:50:22] [19/459] AHMH
[00:50:23] [20/459] ASHN
[00:50:24] [21/459] INHY
[00:50:25] [22/459] SRMO
[00:50:27] [23/459] PIMH
[00:50:28] [24/459] PVTS
[00:50:29] [25/459] MMCA
[00:50:30] [26/459] AKYJ
[00:50:31] [27/459] BRKH
[00:50:32] [28/459] MAHM
[00:50:33] [29/459] CPHY
[00:50:34] [30/459] PVTP
[00:50:34] [31/459] SMMR
[00:50:35] [32/459] PVHM
[00:50:36] [33/459] SNDY
[00:50:37] [34/459] GOKU
[00:50:38] [35/459] ACEV
[00:50:39] [36/459] PVUM
[00:50:41] [37/459] VSWA
[00:50:42] [38/459] IPRS
[00:50:43] [39/459] ASGN
[00:50:44] [40/459] BKMV
[00:50:46] [41/459] PVYH
[00:50:47] [42/459] INKM
[00:50:47] [43/459] ARJU
[00:50:48] [44/459] JJPP
[00:50:49] [45/459] SSRM
[00:50:50] [46/459] HMHD
[00:50:51] [47/459] SNKH
[00:50:52] [48/459] ACHI
[00:50:53] [49/459] MRAA
[00:50:54] [50/459] INMH
[00:50:55] [51/459] ARMH
[00:50:56] [52/459] DVRR
[00:50:57] [53/459] SUDA
[00:50:58] [54/459] MCSS
[00:50:58] [55/459] VRKC
[00:50:59] [56/459] PRCX
[00:51:00] [57/459] ASJY
[00:51:01] [58/459] MTHY
[00:51:02] [59/459] SRCM
[00:51:03] [60/459] TVHY
[00:51:04] [61/459] STHD
[00:51:04] [62/459] CPCL
[00:51:05] [63/459] PSMJ
[00:51:06] [64/459] MRGT
[00:51:08] [65/459] ARYH
[00:51:09] [66/459] VTRB
[00:51:10] [67/459] SCHC
[00:51:11] [68/459] MRRG
[00:51:12] [69/459] SPCB
[00:51:12] [70/459] AMCM
[00:51:13] [71/459] IVNM
[00:51:14] [72/459] TRHY
[00:51:16] [73/459] PTTH
[00:51:17] [74/459] RKMH
[00:51:18] [75/459] PRCS
[00:51:19] [76/459] VAJA
[00:51:20] [77/459] BJNG
[00:51:21] [78/459] SCVM
[00:51:22] [79/459] GNHB
[00:51:24] [80/459] TLUR
[00:51:25] [81/459] UKCC
[00:51:25] [82/459] SRKR
[00:51:26] [83/459] RMKN
[00:51:27] [84/459] SLRT
[00:51:28] [85/459] LKMT
[00:51:29] [86/459] SSRJ
[00:51:29] [87/459] SPHT
[00:51:30] [88/459] ANTT
[00:51:32] [89/459] SRCH
[00:51:33] [90/459] SRCA
[00:51:34] [91/459] ARTH
[00:51:35] [92/459] MCBH
[00:51:35] [93/459] SNIB
[00:51:36] [94/459] SART
[00:51:37] [95/459] SKTA
[00:51:38] [96/459] YAKT
[00:51:39] [97/459] MLCK
[00:51:40] [98/459] ANTS
[00:51:42] [99/459] DGCA
[00:51:43] [100/459] SGMP
[00:51:44] [101/459] ASWN
[00:51:45] [102/459] KFVU
[00:51:47] [103/459] POOR
[00:51:48] [104/459] GKDN
[00:51:49] [105/459] EOSE
[00:51:49] [106/459] GTTT
[00:51:50] [107/459] ARRO
[00:51:51] [108/459] CMMK
[00:51:52] [109/459] MSCN
[00:51:54] [110/459] GDKH
[00:51:55] [111/459] DLMT
[00:51:56] [112/459] PVMF
[00:51:57] [113/459] CPCK
[00:51:57] [114/459] VMHE
[00:51:59] [115/459] PVLC
[00:52:00] [116/459] PCVB
[00:52:01] [117/459] SNYK
[00:52:01] [118/459] KTEK
[00:52:02] [119/459] PCNM
[00:52:03] [120/459] NTTR
[00:52:04] [121/459] CPSK
[00:52:05] [122/459] JMMA
[00:52:06] [123/459] GCFK
[00:52:07] [124/459] MYCA
[00:52:08] [125/459] KSNP
[00:52:08] [126/459] PMCE
[00:52:09] [127/459] SCKI
[00:52:10] [128/459] FSMA
[00:52:12] [129/459] CETA
[00:52:13] [130/459] MCIK
[00:52:14] [131/459] MYCR
[00:52:15] [132/459] EVMP
[00:52:16] [133/459] SSGT
[00:52:16] [134/459] KCTK
[00:52:17] [135/459] ZTKC
[00:52:18] [136/459] MMTA
[00:52:19] [137/459] MAJT
[00:52:20] [138/459] ACPK
[00:52:21] [139/459] JMAX
[00:52:21] [140/459] SETK
[00:52:22] [141/459] CAIS
[00:52:24] [142/459] AGCD
[00:52:25] [143/459] URCL
[00:52:26] [144/459] VTDS
[00:52:27] [145/459] JCNM
[00:52:28] [146/459] KCAM
[00:52:28] [147/459] ADCU
[00:52:29] [148/459] GXYN
[00:52:30] [149/459] SMJG
[00:52:31] [150/459] EYCJ
[00:52:32] [151/459] CCEJ
[00:52:33] [152/459] MARS
[00:52:33] [153/459] CPVJ
[00:52:34] [154/459] INVP
[00:52:35] [155/459] CPOV
[00:52:36] [156/459] VIJK
[00:52:37] [157/459] LAIM
[00:52:38] [158/459] STHV
[00:52:38] [159/459] SVLJ
[00:52:39] [160/459] ATVJ
[00:52:40] [161/459] JTSC
[00:52:41] [162/459] RMTV
[00:52:42] [163/459] MGGG
[00:52:43] [164/459] SWTH
[00:52:45] [165/459] INVJ
[00:52:46] [166/459] PRSV
[00:52:47] [167/459] JATV
[00:52:47] [168/459] RCVD
[00:52:48] [169/459] BDMA
[00:52:49] [170/459] BLJI
[00:52:50] [171/459] SWOT
[00:52:51] [172/459] SWRN
[00:52:52] [173/459] TVRA
[00:52:53] [174/459] VCSV
[00:52:54] [175/459] NVRN
[00:52:54] [176/459] SIKC
[00:52:56] [177/459] VAKR
[00:52:57] [178/459] SYLN
[00:52:58] [179/459] KLJL
[00:52:59] [180/459] LKMY
[00:52:59] [181/459] VSLY
[00:53:00] [182/459] CIKO
[00:53:01] [183/459] GPBG
[00:53:02] [184/459] CECM
[00:53:03] [185/459] SLKB
[00:53:04] [186/459] MTBO
[00:53:05] [187/459] SSHB
[00:53:05] [188/459] VPCS
[00:53:06] [189/459] RCSR
[00:53:07] [190/459] RJRM
[00:53:08] [191/459] KPPB
[00:53:09] [192/459] SEDC
[00:53:10] [193/459] SCAI
[00:53:11] [194/459] RMTR
[00:53:12] [195/459] ASST
[00:53:12] [196/459] GCAK
[00:53:13] [197/459] ANNK
[00:53:14] [198/459] KDDF
[00:53:16] [199/459] NRDP
[00:53:17] [200/459] PLAK
[00:53:18] [201/459] GCMC
[00:53:19] [202/459] ALPY
[00:53:20] [203/459] SICE
[00:53:21] [204/459] SISR
[00:53:21] [205/459] SRPZ
[00:53:22] [206/459] SRSW
[00:53:23] [207/459] SUYA
[00:53:24] [208/459] AMMT
[00:53:25] [209/459] BHCU
[00:53:26] [210/459] KLPA
[00:53:26] [211/459] NVKH
[00:53:27] [212/459] JMRC
[00:53:28] [213/459] KTTT
[00:53:29] [214/459] MAGH
[00:53:30] [215/459] MMMX
[00:53:30] [216/459] SALJ
[00:53:31] [217/459] GTJA
[00:53:33] [218/459] MAHT
[00:53:33] [219/459] SSNN
[00:53:35] [220/459] ARRP
[00:53:36] [221/459] ATNS
[00:53:37] [222/459] SKDT
[00:53:37] [223/459] ACAT
[00:53:38] [224/459] APRC
[00:53:39] [225/459] SWAG
[00:53:40] [226/459] SDPT
[00:53:41] [227/459] STPS
[00:53:41] [228/459] WWCZ
[00:53:42] [229/459] LLCH
[00:53:43] [230/459] MZHA
[00:53:44] [231/459] CRJG
[00:53:45] [232/459] JGTK
[00:53:46] [233/459] KCSR
[00:53:46] [234/459] CHTL
[00:53:47] [235/459] EDSR
[00:53:49] [236/459] CSWO
[00:53:50] [237/459] CPVM
[00:53:50] [238/459] MXBY
[00:53:52] [239/459] FMMA
[00:53:53] [240/459] POVI
[00:53:54] [241/459] MTHB
[00:53:55] [242/459] INRC
[00:53:57] [243/459] PIPP
[00:53:58] [244/459] BMXC
[00:53:59] [245/459] PCMM
[00:54:00] [246/459] PMKM
[00:54:01] [247/459] GATY
[00:54:02] [248/459] IMCM
[00:54:02] [249/459] POPE
[00:54:03] [250/459] MTCR
[00:54:04] [251/459] PVAE
[00:54:05] [252/459] PVMI
[00:54:06] [253/459] CPNM
[00:54:08] [254/459] FMRL
[00:54:09] [255/459] MCIW
[00:54:09] [256/459] MXBO
[00:54:10] [257/459] FMKY
[00:54:11] [258/459] FMDA
[00:54:12] [259/459] THAB
[00:54:12] [260/459] PRCW
[00:54:13] [261/459] PITI
[00:54:14] [262/459] MCFF
[00:54:16] [263/459] PDDV
[00:54:17] [264/459] MCRM
[00:54:18] [265/459] KKMB
[00:54:19] [266/459] INKO
[00:54:20] [267/459] PLXP
[00:54:21] [268/459] MMHA
[00:54:21] [269/459] FMVS
[00:54:22] [270/459] POLM
[00:54:23] [271/459] STER
[00:54:24] [272/459] PVWJ
[00:54:26] [273/459] IMJW
[00:54:26] [274/459] FNAN
[00:54:27] [275/459] CAGL
[00:54:28] [276/459] IPBG
[00:54:29] [277/459] SMFV
[00:54:29] [278/459] MMMR
[00:54:30] [279/459] MMWM
[00:54:32] [280/459] FNCM
[00:54:33] [281/459] MDVA
[00:54:34] [282/459] MMET
[00:54:35] [283/459] MIDO
[00:54:36] [284/459] INNP
[00:54:37] [285/459] MIFU
[00:54:37] [286/459] MMSZ
[00:54:38] [287/459] BMXA
[00:54:39] [288/459] MCAA
[00:54:41] [289/459] SCVP
[00:54:42] [290/459] PLUS
[00:54:43] [291/459] MUCK
[00:54:44] [292/459] MTMA
[00:54:45] [293/459] HPVR
[00:54:46] [294/459] PMPK
[00:54:46] [295/459] MAJB
[00:54:47] [296/459] CTRR
[00:54:48] [297/459] MCTG
[00:54:49] [298/459] MACE
[00:54:50] [299/459] AAAS
[00:54:51] [300/459] CPVV
[00:54:52] [301/459] RCHG
[00:54:53] [302/459] MCNE
[00:54:53] [303/459] EMNC
[00:54:54] [304/459] MCAN
[00:54:55] [305/459] TCDM
[00:54:56] [306/459] IRGT
[00:54:57] [307/459] GCMG
[00:54:58] [308/459] MXSN
[00:54:59] [309/459] MXCK
[00:54:59] [310/459] MCRC
[00:55:00] [311/459] RSMI
[00:55:01] [312/459] WAML
[00:55:02] [313/459] MTSC
[00:55:03] [314/459] FMDR
[00:55:04] [315/459] LEPV
[00:55:05] [316/459] MTGD
[00:55:06] [317/459] IMOB
[00:55:07] [318/459] CLMM
[00:55:08] [319/459] PZCD
[00:55:10] [320/459] GOCS
[00:55:11] [321/459] KCMA
[00:55:12] [322/459] CCMP
[00:55:13] [323/459] MTSU
[00:55:14] [324/459] SNGL
[00:55:15] [325/459] MMMC
[00:55:16] [326/459] MMAA
[00:55:16] [327/459] GCDM
[00:55:18] [328/459] KTMV
[00:55:18] [329/459] AETE
[00:55:19] [330/459] OMCS
[00:55:20] [331/459] GDCD
[00:55:21] [332/459] NYMD
[00:55:22] [333/459] RNCV
[00:55:22] [334/459] KKMT
[00:55:24] [335/459] GDTH
[00:55:26] [336/459] KMMV
[00:55:27] [337/459] NHCG
[00:55:27] [338/459] PJDW
[00:55:28] [339/459] MMCV
[00:55:29] [340/459] FQSA
[00:55:30] [341/459] KURL
[00:55:31] [342/459] NNNX
[00:55:32] [343/459] AMAU
[00:55:33] [344/459] VVVM
[00:55:34] [345/459] VECU
[00:55:35] [346/459] WCVR
[00:55:36] [347/459] MTGG
[00:55:37] [348/459] SGTG
[00:55:38] [349/459] MNTG
[00:55:39] [350/459] JDDG
[00:55:39] [351/459] MBTK
[00:55:40] [352/459] SGCD
[00:55:41] [353/459] MCTC
[00:55:43] [354/459] JTPC
[00:55:44] [355/459] SDKT
[00:55:45] [356/459] KRCC
[00:55:46] [357/459] RMMD
[00:55:47] [358/459] AAME
[00:55:48] [359/459] TMWC
[00:55:49] [360/459] NRWY
[00:55:50] [361/459] CITD
[00:55:51] [362/459] VERD
[00:55:51] [363/459] MKSK
[00:55:52] [364/459] STSM
[00:55:53] [365/459] MJDG
[00:55:54] [366/459] RKPM
[00:55:55] [367/459] SSCE
[00:55:55] [368/459] VMAE
[00:55:56] [369/459] SBRU
[00:55:57] [370/459] AMBC
[00:55:58] [371/459] AMLU
[00:55:59] [372/459] INVZ
[00:55:59] [373/459] LGTV
[00:56:00] [374/459] SVAD
[00:56:01] [375/459] SMSA
[00:56:02] [376/459] SPCZ
[00:56:03] [377/459] GTCX
[00:56:05] [378/459] SCSL
[00:56:05] [379/459] SAHU
[00:56:06] [380/459] NCDA
[00:56:08] [381/459] SCCG
[00:56:09] [382/459] VKTL
[00:56:10] [383/459] PUUJ
[00:56:11] [384/459] STEJ
[00:56:12] [385/459] RJAL
[00:56:13] [386/459] ACJC
[00:56:14] [387/459] VTHC
[00:56:15] [388/459] ARVB
[00:56:17] [389/459] AUBB
[00:56:18] [390/459] GDBR
[00:56:19] [391/459] PVND
[00:56:19] [392/459] BGRJ
[00:56:20] [393/459] RJMM
[00:56:21] [394/459] MCSA
[00:56:21] [395/459] BODA
[00:56:22] [396/459] JAGG
[00:56:23] [397/459] SCGA
[00:56:24] [398/459] LRCM
[00:56:25] [399/459] CPCN
[00:56:26] [400/459] SSTF
[00:56:27] [401/459] SRXP
[00:56:27] [402/459] CNFX
[00:56:28] [403/459] ANDI
[00:56:29] [404/459] SYEW
[00:56:30] [405/459] RCRE
[00:56:31] [406/459] SCRW
[00:56:32] [407/459] MBKR
[00:56:32] [408/459] ASNT
[00:56:34] [409/459] JTMT
[00:56:35] [410/459] SHAY
[00:56:36] [411/459] VRTH
[00:56:37] [412/459] SPTI
[00:56:38] [413/459] DPTD
[00:56:39] [414/459] TGSN
[00:56:40] [415/459] RCWV
[00:56:41] [416/459] OCUR
[00:56:42] [417/459] KSTC
[00:56:42] [418/459] SANI
[00:56:43] [419/459] MLCA
[00:56:44] [420/459] EGCA
[00:56:45] [421/459] SYSN
[00:56:46] [422/459] PKTA
[00:56:47] [423/459] PRCC
[00:56:48] [424/459] KSTR
[00:56:49] [425/459] SNTP
[00:56:50] [426/459] RCHA
[00:56:51] [427/459] SEEA
[00:56:52] [428/459] ALAT
[00:56:53] [429/459] AATV
[00:56:54] [430/459] RJTE
[00:56:56] [431/459] AAPP
[00:56:56] [432/459] PMMH
[00:56:58] [433/459] INRJ
[00:56:59] [434/459] SARB
[00:57:00] [435/459] PCJL
[00:57:01] [436/459] PFJJ
[00:57:02] [437/459] GRDC
[00:57:02] [438/459] BCBA
[00:57:03] [439/459] VIXL
[00:57:04] [440/459] CSTL
[00:57:05] [441/459] MTDK
[00:57:06] [442/459] TDAC
[00:57:06] [443/459] GTDN
[00:57:07] [444/459] TTDE
[00:57:08] [445/459] ASTS
[00:57:09] [446/459] CPNS
[00:57:10] [447/459] PVVW
[00:57:11] [448/459] USEB
[00:57:11] [449/459] DTYN
[00:57:12] [450/459] PVLE
[00:57:13] [451/459] CIPS
[00:57:15] [452/459] PAEG
[00:57:16] [453/459] PTCW
[00:57:18] [454/459] G3SR
[00:57:19] [455/459] PGND
[00:57:20] [456/459] INVM
[00:57:21] [457/459] SPIA
[00:57:21] [458/459] PCSN
[00:57:22] [459/459] PPGV
[00:57:24] ✅ DONE | Shows=0 | Movies=0
