[00:45:09] 🚀 BMS DAILY TRACKER STARTED
[00:45:09] [1/459] NECA
[00:45:09] 🧠 New identity
[00:45:10] [2/459] BJLC
[00:45:11] [3/459] BASU
[00:45:12] [4/459] RUPI
[00:45:13] [5/459] LCBK
[00:45:14] [6/459] PMAC
[00:45:15] [7/459] AMLC
[00:45:15] [8/459] LICL
[00:45:16] [9/459] UDMM
[00:45:17] [10/459] STBZ
[00:45:18] [11/459] UUBT
[00:45:19] [12/459] SJKC
[00:45:20] [13/459] TUAL
[00:45:21] [14/459] MRSE
[00:45:22] [15/459] RMRK
[00:45:23] [16/459] TTKP
[00:45:24] [17/459] KTKO
[00:45:25] [18/459] SDBK
[00:45:26] [19/459] MCPR
[00:45:27] [20/459] CHTI
[00:45:28] [21/459] GCCP
[00:45:29] [22/459] SRMY
[00:45:30] [23/459] NYST
[00:45:31] [24/459] NYAG
[00:45:32] [25/459] SBMT
[00:45:33] [26/459] INGA
[00:45:34] [27/459] WSIC
[00:45:35] [28/459] SCSS
[00:45:36] [29/459] COPG
[00:45:37] [30/459] RCGR
[00:45:38] [31/459] TCZA
[00:45:39] [32/459] CNLP
[00:45:40] [33/459] CLKN
[00:45:40] [34/459] LHDF
[00:45:41] [35/459] ELKC
[00:45:42] [36/459] VCEM
[00:45:44] [37/459] SSZA
[00:45:45] [38/459] KRMT
[00:45:45] [39/459] LCMV
[00:45:46] [40/459] AYCZ
[00:45:47] [41/459] CUMS
[00:45:48] [42/459] BOCK
[00:45:49] [43/459] PNMR
[00:45:49] [44/459] PJCP
[00:45:51] [45/459] JDDD
[00:45:52] [46/459] STMS
[00:45:52] [47/459] FLMB
[00:45:53] [48/459] PKCM
[00:45:54] [49/459] SPPR
[00:45:55] [50/459] EYLH
[00:45:56] [51/459] RJCC
[00:45:57] [52/459] MMPS
[00:45:58] [53/459] SHMX
[00:46:00] [54/459] CCNL
[00:46:00] [55/459] RCNV
[00:46:01] [56/459] MAAG
[00:46:02] [57/459] LXCM
[00:46:03] [58/459] RCNI
[00:46:04] [59/459] SNNI
[00:46:05] [60/459] LALC
[00:46:07] [61/459] SOCN
[00:46:07] [62/459] JHTP
[00:46:08] [63/459] PITP
[00:46:09] [64/459] CCKW
[00:46:10] [65/459] MCMC
[00:46:12] [66/459] DEES
[00:46:13] [67/459] SABT
[00:46:14] [68/459] VSPP
[00:46:15] [69/459] ABCT
[00:46:16] [70/459] JVTB
[00:46:17] [71/459] VCBD
[00:46:18] [72/459] RMGG
[00:46:19] [73/459] RNMH
[00:46:20] [74/459] SPGL
[00:46:21] [75/459] JTTR
[00:46:22] [76/459] SICS
[00:46:23] [77/459] SRMI
[00:46:24] [78/459] SSIJ
[00:46:25] [79/459] KFMT
[00:46:26] [80/459] VBIT
[00:46:27] [81/459] JKCT
[00:46:27] [82/459] GCGP
[00:46:28] [83/459] GDCS
[00:46:29] [84/459] TRBA
[00:46:30] [85/459] QUST
[00:46:31] [86/459] VSHM
[00:46:32] [87/459] SDCP
[00:46:33] [88/459] SNVS
[00:46:34] [89/459] NYTO
[00:46:34] [90/459] URWC
[00:46:35] [91/459] GTWH
[00:46:36] [92/459] PFCM
[00:46:37] [93/459] KRTA
[00:46:39] [94/459] AXMC
[00:46:39] [95/459] EVMC
[00:46:40] [96/459] HGSM
[00:46:41] [97/459] ACVM
[00:46:42] [98/459] PSKL
[00:46:44] [99/459] RDMP
[00:46:45] [100/459] RHGH
[00:46:46] [101/459] OMCM
[00:46:46] [102/459] DCCP
[00:46:47] [103/459] MCPB
[00:46:48] [104/459] ALCI
[00:46:50] [105/459] BLMX
[00:46:51] [106/459] BTMV
[00:46:53] [107/459] FVPN
[00:46:54] [108/459] CMAR
[00:46:55] [109/459] CEIM
[00:46:56] [110/459] CMVA
[00:46:56] [111/459] CPIV
[00:46:57] [112/459] CNPE
[00:46:58] [113/459] COLV
[00:46:59] [114/459] DNNV
[00:47:01] [115/459] HCAD
[00:47:01] [116/459] TAKA
[00:47:02] [117/459] INVD
[00:47:03] [118/459] IRMM
[00:47:04] [119/459] INSE
[00:47:05] [120/459] MRSW
[00:47:06] [121/459] MCVD
[00:47:07] [122/459] MCSO
[00:47:08] [123/459] PEVM
[00:47:09] [124/459] PVNL
[00:47:10] [125/459] PTCV
[00:47:11] [126/459] PRTC
[00:47:12] [127/459] RCVA
[00:47:13] [128/459] MTBN
[00:47:14] [129/459] LUCP
[00:47:15] [130/459] FMPT
[00:47:16] [131/459] JLSL
[00:47:17] [132/459] SBHA
[00:47:17] [133/459] SHRC
[00:47:18] [134/459] AVPS
[00:47:19] [135/459] STPM
[00:47:20] [136/459] ATRD
[00:47:21] [137/459] VTED
[00:47:22] [138/459] ACAI
[00:47:23] [139/459] SMAE
[00:47:24] [140/459] VMAT
[00:47:24] [141/459] LKCT
[00:47:25] [142/459] JTVK
[00:47:26] [143/459] PRTY
[00:47:27] [144/459] GETT
[00:47:28] [145/459] ESAP
[00:47:29] [146/459] NCPM
[00:47:30] [147/459] PCPA
[00:47:30] [148/459] MMOM
[00:47:31] [149/459] PHUP
[00:47:32] [150/459] CCPI
[00:47:33] [151/459] CNTD
[00:47:33] [152/459] NLJR
[00:47:34] [153/459] SRNG
[00:47:35] [154/459] MHAL
[00:47:36] [155/459] PNSM
[00:47:37] [156/459] DRMY
[00:47:38] [157/459] CCMU
[00:47:39] [158/459] SCMY
[00:47:40] [159/459] PVSY
[00:47:40] [160/459] SDLM
[00:47:41] [161/459] ICCM
[00:47:42] [162/459] PYSU
[00:47:43] [163/459] GATM
[00:47:44] [164/459] WOTM
[00:47:45] [165/459] RKTS
[00:47:46] [166/459] PMTY
[00:47:46] [167/459] LYMS
[00:47:47] [168/459] TGCA
[00:47:48] [169/459] DSTA
[00:47:49] [170/459] CNGE
[00:47:50] [171/459] VSTG
[00:47:50] [172/459] GTCK
[00:47:51] [173/459] TGNT
[00:47:52] [174/459] ASLC
[00:47:53] [175/459] SSST
[00:47:54] [176/459] KBTT
[00:47:54] [177/459] HKCP
[00:47:55] [178/459] SWLC
[00:47:56] [179/459] RTND
[00:47:57] [180/459] PKKT
[00:47:58] [181/459] HSTK
[00:47:59] [182/459] SPTT
[00:48:00] [183/459] IMPM
[00:48:01] [184/459] SCMV
[00:48:02] [185/459] SPCT
[00:48:03] [186/459] JBCA
[00:48:04] [187/459] ATTR
[00:48:04] [188/459] SPMT
[00:48:05] [189/459] LCTM
[00:48:06] [190/459] SCVL
[00:48:07] [191/459] SCVT
[00:48:08] [192/459] KRIC
[00:48:09] [193/459] CTMG
[00:48:09] [194/459] ACNC
[00:48:10] [195/459] DMCK
[00:48:11] [196/459] KMTV
[00:48:12] [197/459] PFCJ
[00:48:13] [198/459] VNMD
[00:48:14] [199/459] VPCZ
[00:48:15] [200/459] SRYR
[00:48:16] [201/459] SYTR
[00:48:17] [202/459] GATR
[00:48:18] [203/459] URTR
[00:48:18] [204/459] MKSM
[00:48:20] [205/459] VSMH
[00:48:21] [206/459] SKRJ
[00:48:22] [207/459] SSJR
[00:48:23] [208/459] SVSM
[00:48:24] [209/459] RUCM
[00:48:24] [210/459] PRKN
[00:48:25] [211/459] RROH
[00:48:26] [212/459] SCTN
[00:48:28] [213/459] RTDM
[00:48:29] [214/459] ASRM
[00:48:29] [215/459] SKMD
[00:48:30] [216/459] SUTD
[00:48:31] [217/459] SADM
[00:48:32] [218/459] WCNR
[00:48:33] [219/459] CNED
[00:48:33] [220/459] MPDB
[00:48:34] [221/459] KTBH
[00:48:35] [222/459] IDRM
[00:48:36] [223/459] PJJT
[00:48:37] [224/459] PFCV
[00:48:38] [225/459] AACT
[00:48:39] [226/459] AAAD
[00:48:39] [227/459] ANES
[00:48:40] [228/459] MNCA
[00:48:41] [229/459] RMGU
[00:48:43] [230/459] DLCN
[00:48:43] [231/459] LJWT
[00:48:45] [232/459] MCBG
[00:48:46] [233/459] MYBG
[00:48:47] [234/459] GCCA
[00:48:47] [235/459] GCGA
[00:48:48] [236/459] ECGN
[00:48:49] [237/459] PRAB
[00:48:50] [238/459] PNMP
[00:48:50] [239/459] GCPT
[00:48:51] [240/459] ROYN
[00:48:53] [241/459] VATM
[00:48:54] [242/459] KSNT
[00:48:55] [243/459] ACTC
[00:48:56] [244/459] PLTD
[00:48:57] [245/459] SKMK
[00:48:58] [246/459] CMTT
[00:48:59] [247/459] SMXP
[00:49:00] [248/459] SCMX
[00:49:01] [249/459] ACXN
[00:49:03] [250/459] ASWT
[00:49:03] [251/459] VVVL
[00:49:04] [252/459] NAGO
[00:49:05] [253/459] SNCN
[00:49:06] [254/459] MCKP
[00:49:07] [255/459] SAMO
[00:49:08] [256/459] JBTV
[00:49:09] [257/459] DCVV
[00:49:10] [258/459] KMSV
[00:49:11] [259/459] KDCN
[00:49:12] [260/459] CNCP
[00:49:13] [261/459] HAMC
[00:49:14] [262/459] CCVZ
[00:49:14] [263/459] NCCK
[00:49:15] [264/459] MCHR
[00:49:16] [265/459] SCHT
[00:49:17] [266/459] ESSH
[00:49:19] [267/459] CUJC
[00:49:19] [268/459] PECP
[00:49:20] [269/459] PMMI
[00:49:21] [270/459] PCCH
[00:49:22] [271/459] PRPM
[00:49:23] [272/459] PVKL
[00:49:23] [273/459] CBSM
[00:49:24] [274/459] PVCZ
[00:49:25] [275/459] PCVV
[00:49:26] [276/459] CTMJ
[00:49:27] [277/459] RCPS
[00:49:28] [278/459] PCIT
[00:49:28] [279/459] FNCH
[00:49:29] [280/459] INZD
[00:49:30] [281/459] INPC
[00:49:31] [282/459] LCZP
[00:49:32] [283/459] SMCB
[00:49:33] [284/459] PTSB
[00:49:34] [285/459] TPSI
[00:49:35] [286/459] KHMJ
[00:49:35] [287/459] RCCJ
[00:49:36] [288/459] NCJA
[00:49:37] [289/459] NCJN
[00:49:37] [290/459] BTDP
[00:49:38] [291/459] PADY
[00:49:39] [292/459] NYBH
[00:49:40] [293/459] MTBR
[00:49:40] [294/459] KRBC
[00:49:41] [295/459] DKTI
[00:49:42] [296/459] ANAN
[00:49:43] [297/459] INBP
[00:49:44] [298/459] PATB
[00:49:45] [299/459] RGNT
[00:49:45] [300/459] CGPM
[00:49:46] [301/459] INTN
[00:49:47] [302/459] MCMP
[00:49:48] [303/459] ASRG
[00:49:49] [304/459] CXJD
[00:49:50] [305/459] SPCP
[00:49:50] [306/459] CSTP
[00:49:51] [307/459] PKVC
[00:49:52] [308/459] ESCP
[00:49:53] [309/459] CAEP
[00:49:54] [310/459] CCSP
[00:49:55] [311/459] KTPC
[00:49:56] [312/459] DACA
[00:49:57] [313/459] NVKY
[00:49:58] [314/459] PTIN
[00:49:59] [315/459] SCIN
[00:50:00] [316/459] MCTY
[00:50:01] [317/459] PCMX
[00:50:02] [318/459] INIC
[00:50:02] [319/459] MMZM
[00:50:03] [320/459] SSLP
[00:50:04] [321/459] DTDT
[00:50:05] [322/459] FFCX
[00:50:06] [323/459] RCMM
[00:50:06] [324/459] KYID
[00:50:07] [325/459] CSCI
[00:50:08] [326/459] FCMC
[00:50:09] [327/459] MMXI
[00:50:10] [328/459] ASTC
[00:50:11] [329/459] CMRA
[00:50:12] [330/459] DICI
[00:50:13] [331/459] KDIN
[00:50:14] [332/459] PRFI
[00:50:14] [333/459] SVFC
[00:50:16] [334/459] UCPL
[00:50:17] [335/459] COOC
[00:50:18] [336/459] SCAL
[00:50:18] [337/459] SVFF
[00:50:19] [338/459] VCMG
[00:50:20] [339/459] UUCT
[00:50:21] [340/459] GCSE
[00:50:22] [341/459] SUSC
[00:50:22] [342/459] MISC
[00:50:23] [343/459] RMBL
[00:50:24] [344/459] CMXN
[00:50:25] [345/459] PVBK
[00:50:26] [346/459] HHCG
[00:50:27] [347/459] SCAG
[00:50:28] [348/459] CNPR
[00:50:28] [349/459] CSER
[00:50:29] [350/459] HLWD
[00:50:30] [351/459] BOLY
[00:50:31] [352/459] SSPG
[00:50:31] [353/459] MUPX
[00:50:32] [354/459] HAMR
[00:50:33] [355/459] SDNC
[00:50:33] [356/459] RTEN
[00:50:34] [357/459] SDTD
[00:50:36] [358/459] KAWS
[00:50:37] [359/459] CMZX
[00:50:38] [360/459] DCDD
[00:50:39] [361/459] ALSN
[00:50:40] [362/459] IMXS
[00:50:41] [363/459] PVFF
[00:50:41] [364/459] PVOO
[00:50:42] [365/459] CFBS
[00:50:43] [366/459] PVER
[00:50:45] [367/459] PPNX
[00:50:46] [368/459] CNRM
[00:50:47] [369/459] PVWW
[00:50:48] [370/459] INMB
[00:50:49] [371/459] CPJR
[00:50:50] [372/459] INRZ
[00:50:51] [373/459] PMSR
[00:50:51] [374/459] GPGM
[00:50:52] [375/459] PGWB
[00:50:53] [376/459] PMBR
[00:50:54] [377/459] GPAM
[00:50:55] [378/459] INBC
[00:50:56] [379/459] PZVK
[00:50:57] [380/459] CPEB
[00:50:57] [381/459] FMLB
[00:50:58] [382/459] INBG
[00:50:59] [383/459] GPBR
[00:51:00] [384/459] PAAS
[00:51:01] [385/459] VTBR
[00:51:02] [386/459] GPMY
[00:51:03] [387/459] GYBU
[00:51:04] [388/459] INBJ
[00:51:04] [389/459] LKTH
[00:51:05] [390/459] NSBR
[00:51:06] [391/459] PDRD
[00:51:08] [392/459] VRBL
[00:51:09] [393/459] VTGB
[00:51:10] [394/459] VTSK
[00:51:11] [395/459] BKDV
[00:51:11] [396/459] SVTB
[00:51:12] [397/459] MLDT
[00:51:13] [398/459] NRBL
[00:51:14] [399/459] SLTR
[00:51:15] [400/459] VNKA
[00:51:16] [401/459] TDCA
[00:51:17] [402/459] INBM
[00:51:17] [403/459] SSNR
[00:51:18] [404/459] BHAC
[00:51:19] [405/459] SDSD
[00:51:20] [406/459] SAMP
[00:51:21] [407/459] RATK
[00:51:21] [408/459] KCBI
[00:51:22] [409/459] URBL
[00:51:23] [410/459] MKBG
[00:51:24] [411/459] ASTB
[00:51:25] [412/459] VBWT
[00:51:26] [413/459] GPSM
[00:51:26] [414/459] ROON
[00:51:27] [415/459] CHTH
[00:51:28] [416/459] SSPA
[00:51:29] [417/459] ANBL
[00:51:30] [418/459] VTBE
[00:51:30] [419/459] SVKT
[00:51:31] [420/459] SVYK
[00:51:32] [421/459] PTBK
[00:51:33] [422/459] RKTB
[00:51:35] [423/459] BALT
[00:51:36] [424/459] STSV
[00:51:36] [425/459] VCCB
[00:51:37] [426/459] SLTB
[00:51:39] [427/459] SBCR
[00:51:40] [428/459] VDCS
[00:51:41] [429/459] MDKI
[00:51:41] [430/459] SMRN
[00:51:42] [431/459] PTBC
[00:51:43] [432/459] RADI
[00:51:44] [433/459] ADCR
[00:51:45] [434/459] SDCS
[00:51:46] [435/459] SRPJ
[00:51:46] [436/459] ARTS
[00:51:47] [437/459] SRHK
[00:51:48] [438/459] SPAY
[00:51:49] [439/459] GPTB
[00:51:50] [440/459] SNNN
[00:51:51] [441/459] BALJ
[00:51:52] [442/459] TRIG
[00:51:52] [443/459] GTYT
[00:51:53] [444/459] ATGN
[00:51:54] [445/459] ANTE
[00:51:55] [446/459] BDCG
[00:51:57] [447/459] VECI
[00:51:57] [448/459] SCPR
[00:51:58] [449/459] RTEA
[00:51:59] [450/459] JSAI
[00:52:00] [451/459] VJTP
[00:52:01] [452/459] GNDS
[00:52:02] [453/459] PAXA
[00:52:03] [454/459] CGGM
[00:52:03] [455/459] ACKZ
[00:52:04] [456/459] EMCC
[00:52:05] [457/459] KLSK
[00:52:06] [458/459] AVCK
[00:52:07] [459/459] JTCK
[00:52:07] ✅ DONE | Shows=0 | Movies=0
[01:50:31] 🚀 BMS DAILY TRACKER STARTED
[01:50:31] [1/459] NECA
[01:50:31] 🧠 New identity
[01:50:32] [2/459] BJLC
[01:50:32] [3/459] BASU
[01:50:33] [4/459] RUPI
[01:50:34] [5/459] LCBK
[01:50:34] [6/459] PMAC
[01:50:35] [7/459] AMLC
[01:50:36] [8/459] LICL
[01:50:36] [9/459] UDMM
[01:50:37] [10/459] STBZ
[01:50:38] [11/459] UUBT
[01:50:38] [12/459] SJKC
[01:50:39] [13/459] TUAL
[01:50:40] [14/459] MRSE
[01:50:40] [15/459] RMRK
[01:50:41] [16/459] TTKP
[01:50:42] [17/459] KTKO
[01:50:42] [18/459] SDBK
[01:50:43] [19/459] MCPR
[01:50:44] [20/459] CHTI
[01:50:44] [21/459] GCCP
[01:50:45] [22/459] SRMY
[01:50:46] [23/459] NYST
[01:50:46] [24/459] NYAG
[01:50:47] [25/459] SBMT
[01:50:48] [26/459] INGA
[01:50:48] [27/459] WSIC
[01:50:49] [28/459] SCSS
[01:50:49] [29/459] COPG
[01:50:50] [30/459] RCGR
[01:50:50] [31/459] TCZA
[01:50:51] [32/459] CNLP
[01:50:52] [33/459] CLKN
[01:50:52] [34/459] LHDF
[01:50:53] [35/459] ELKC
[01:50:54] [36/459] VCEM
[01:50:54] [37/459] SSZA
[01:50:55] [38/459] KRMT
[01:50:55] [39/459] LCMV
[01:50:56] [40/459] AYCZ
[01:50:57] [41/459] CUMS
[01:50:58] [42/459] BOCK
[01:50:58] [43/459] PNMR
[01:50:59] [44/459] PJCP
[01:51:00] [45/459] JDDD
[01:51:00] [46/459] STMS
[01:51:01] [47/459] FLMB
[01:51:02] [48/459] PKCM
[01:51:02] [49/459] SPPR
[01:51:03] [50/459] EYLH
[01:51:04] [51/459] RJCC
[01:51:04] [52/459] MMPS
[01:51:05] [53/459] SHMX
[01:51:06] [54/459] CCNL
[01:51:06] [55/459] RCNV
[01:51:07] [56/459] MAAG
[01:51:08] [57/459] LXCM
[01:51:08] [58/459] RCNI
[01:51:09] [59/459] SNNI
[01:51:10] [60/459] LALC
[01:51:10] [61/459] SOCN
[01:51:11] [62/459] JHTP
[01:51:12] [63/459] PITP
[01:51:12] [64/459] CCKW
[01:51:13] [65/459] MCMC
[01:51:14] [66/459] DEES
[01:51:15] [67/459] SABT
[01:51:15] [68/459] VSPP
[01:51:16] [69/459] ABCT
[01:51:16] [70/459] JVTB
[01:51:17] [71/459] VCBD
[01:51:18] [72/459] RMGG
[01:51:18] [73/459] RNMH
[01:51:19] [74/459] SPGL
[01:51:19] [75/459] JTTR
[01:51:20] [76/459] SICS
[01:51:20] [77/459] SRMI
[01:51:21] [78/459] SSIJ
[01:51:22] [79/459] KFMT
[01:51:22] [80/459] VBIT
[01:51:23] [81/459] JKCT
[01:51:24] [82/459] GCGP
[01:51:24] [83/459] GDCS
[01:51:25] [84/459] TRBA
[01:51:25] [85/459] QUST
[01:51:26] [86/459] VSHM
[01:51:26] [87/459] SDCP
[01:51:27] [88/459] SNVS
[01:51:28] [89/459] NYTO
[01:51:28] [90/459] URWC
[01:51:29] [91/459] GTWH
[01:51:29] [92/459] PFCM
[01:51:30] [93/459] KRTA
[01:51:31] [94/459] AXMC
[01:51:31] [95/459] EVMC
[01:51:32] [96/459] HGSM
[01:51:32] [97/459] ACVM
[01:51:33] [98/459] PSKL
[01:51:34] [99/459] RDMP
[01:51:34] [100/459] RHGH
[01:51:35] [101/459] OMCM
[01:51:36] [102/459] DCCP
[01:51:37] [103/459] MCPB
[01:51:37] [104/459] ALCI
[01:51:38] [105/459] BLMX
[01:51:39] [106/459] BTMV
[01:51:39] [107/459] FVPN
[01:51:40] [108/459] CMAR
[01:51:41] [109/459] CEIM
[01:51:41] [110/459] CMVA
[01:51:42] [111/459] CPIV
[01:51:42] [112/459] CNPE
[01:51:43] [113/459] COLV
[01:51:44] [114/459] DNNV
[01:51:44] [115/459] HCAD
[01:51:45] [116/459] TAKA
[01:51:46] [117/459] INVD
[01:51:46] [118/459] IRMM
[01:51:47] [119/459] INSE
[01:51:48] [120/459] MRSW
[01:51:48] [121/459] MCVD
[01:51:49] [122/459] MCSO
[01:51:50] [123/459] PEVM
[01:51:50] [124/459] PVNL
[01:51:51] [125/459] PTCV
[01:51:52] [126/459] PRTC
[01:51:52] [127/459] RCVA
[01:51:53] [128/459] MTBN
[01:51:54] [129/459] LUCP
[01:51:54] [130/459] FMPT
[01:51:55] [131/459] JLSL
[01:51:56] [132/459] SBHA
[01:51:56] [133/459] SHRC
[01:51:57] [134/459] AVPS
[01:51:57] [135/459] STPM
[01:51:58] [136/459] ATRD
[01:51:59] [137/459] VTED
[01:51:59] [138/459] ACAI
[01:52:00] [139/459] SMAE
[01:52:00] [140/459] VMAT
[01:52:01] [141/459] LKCT
[01:52:01] [142/459] JTVK
[01:52:02] [143/459] PRTY
[01:52:02] [144/459] GETT
[01:52:03] [145/459] ESAP
[01:52:03] [146/459] NCPM
[01:52:04] [147/459] PCPA
[01:52:04] [148/459] MMOM
[01:52:05] [149/459] PHUP
[01:52:06] [150/459] CCPI
[01:52:06] [151/459] CNTD
[01:52:07] [152/459] NLJR
[01:52:08] [153/459] SRNG
[01:52:08] [154/459] MHAL
[01:52:09] [155/459] PNSM
[01:52:10] [156/459] DRMY
[01:52:10] [157/459] CCMU
[01:52:11] [158/459] SCMY
[01:52:11] [159/459] PVSY
[01:52:12] [160/459] SDLM
[01:52:13] [161/459] ICCM
[01:52:13] [162/459] PYSU
[01:52:14] [163/459] GATM
[01:52:14] [164/459] WOTM
[01:52:15] [165/459] RKTS
[01:52:16] [166/459] PMTY
[01:52:16] [167/459] LYMS
[01:52:17] [168/459] TGCA
[01:52:18] [169/459] DSTA
[01:52:18] [170/459] CNGE
[01:52:19] [171/459] VSTG
[01:52:20] [172/459] GTCK
[01:52:20] [173/459] TGNT
[01:52:21] [174/459] ASLC
[01:52:21] [175/459] SSST
[01:52:22] [176/459] KBTT
[01:52:22] [177/459] HKCP
[01:52:23] [178/459] SWLC
[01:52:24] [179/459] RTND
[01:52:24] [180/459] PKKT
[01:52:25] [181/459] HSTK
[01:52:25] [182/459] SPTT
[01:52:26] [183/459] IMPM
[01:52:27] [184/459] SCMV
[01:52:28] [185/459] SPCT
[01:52:28] [186/459] JBCA
[01:52:29] [187/459] ATTR
[01:52:29] [188/459] SPMT
[01:52:30] [189/459] LCTM
[01:52:31] [190/459] SCVL
[01:52:31] [191/459] SCVT
[01:52:32] [192/459] KRIC
[01:52:32] [193/459] CTMG
[01:52:33] [194/459] ACNC
[01:52:33] [195/459] DMCK
[01:52:34] [196/459] KMTV
[01:52:34] [197/459] PFCJ
[01:52:35] [198/459] VNMD
[01:52:35] [199/459] VPCZ
[01:52:36] [200/459] SRYR
[01:52:36] [201/459] SYTR
[01:52:37] [202/459] GATR
[01:52:38] [203/459] URTR
[01:52:38] [204/459] MKSM
[01:52:39] [205/459] VSMH
[01:52:39] [206/459] SKRJ
[01:52:40] [207/459] SSJR
[01:52:41] [208/459] SVSM
[01:52:41] [209/459] RUCM
[01:52:42] [210/459] PRKN
[01:52:43] [211/459] RROH
[01:52:43] [212/459] SCTN
[01:52:44] [213/459] RTDM
[01:52:44] [214/459] ASRM
[01:52:45] [215/459] SKMD
[01:52:46] [216/459] SUTD
[01:52:46] [217/459] SADM
[01:52:47] [218/459] WCNR
[01:52:47] [219/459] CNED
[01:52:48] [220/459] MPDB
[01:52:49] [221/459] KTBH
[01:52:49] [222/459] IDRM
[01:52:50] [223/459] PJJT
[01:52:50] [224/459] PFCV
[01:52:51] [225/459] AACT
[01:52:51] [226/459] AAAD
[01:52:52] [227/459] ANES
[01:52:52] [228/459] MNCA
[01:52:53] [229/459] RMGU
[01:52:53] [230/459] DLCN
[01:52:54] [231/459] LJWT
[01:52:55] [232/459] MCBG
[01:52:55] [233/459] MYBG
[01:52:56] [234/459] GCCA
[01:52:57] [235/459] GCGA
[01:52:58] [236/459] ECGN
[01:52:58] [237/459] PRAB
[01:52:59] [238/459] PNMP
[01:52:59] [239/459] GCPT
[01:53:00] [240/459] ROYN
[01:53:01] [241/459] VATM
[01:53:01] [242/459] KSNT
[01:53:02] [243/459] ACTC
[01:53:02] [244/459] PLTD
[01:53:03] [245/459] SKMK
[01:53:04] [246/459] CMTT
[01:53:05] [247/459] SMXP
[01:53:05] [248/459] SCMX
[01:53:06] [249/459] ACXN
[01:53:07] [250/459] ASWT
[01:53:07] [251/459] VVVL
[01:53:08] [252/459] NAGO
[01:53:09] [253/459] SNCN
[01:53:09] [254/459] MCKP
[01:53:10] [255/459] SAMO
[01:53:10] [256/459] JBTV
[01:53:11] [257/459] DCVV
[01:53:11] [258/459] KMSV
[01:53:12] [259/459] KDCN
[01:53:12] [260/459] CNCP
[01:53:13] [261/459] HAMC
[01:53:14] [262/459] CCVZ
[01:53:14] [263/459] NCCK
[01:53:15] [264/459] MCHR
[01:53:16] [265/459] SCHT
[01:53:16] [266/459] ESSH
[01:53:17] [267/459] CUJC
[01:53:18] [268/459] PECP
[01:53:18] [269/459] PMMI
[01:53:19] [270/459] PCCH
[01:53:19] [271/459] PRPM
[01:53:20] [272/459] PVKL
[01:53:20] [273/459] CBSM
[01:53:21] [274/459] PVCZ
[01:53:21] [275/459] PCVV
[01:53:22] [276/459] CTMJ
[01:53:23] [277/459] RCPS
[01:53:23] [278/459] PCIT
[01:53:24] [279/459] FNCH
[01:53:25] [280/459] INZD
[01:53:25] [281/459] INPC
[01:53:26] [282/459] LCZP
[01:53:26] [283/459] SMCB
[01:53:27] [284/459] PTSB
[01:53:28] [285/459] TPSI
[01:53:28] [286/459] KHMJ
[01:53:29] [287/459] RCCJ
[01:53:29] [288/459] NCJA
[01:53:30] [289/459] NCJN
[01:53:31] [290/459] BTDP
[01:53:31] [291/459] PADY
[01:53:32] [292/459] NYBH
[01:53:32] [293/459] MTBR
[01:53:33] [294/459] KRBC
[01:53:34] [295/459] DKTI
[01:53:34] [296/459] ANAN
[01:53:35] [297/459] INBP
[01:53:36] [298/459] PATB
[01:53:36] [299/459] RGNT
[01:53:37] [300/459] CGPM
[01:53:38] [301/459] INTN
[01:53:38] [302/459] MCMP
[01:53:39] [303/459] ASRG
[01:53:39] [304/459] CXJD
[01:53:40] [305/459] SPCP
[01:53:41] [306/459] CSTP
[01:53:41] [307/459] PKVC
[01:53:42] [308/459] ESCP
[01:53:42] [309/459] CAEP
[01:53:43] [310/459] CCSP
[01:53:43] [311/459] KTPC
[01:53:44] [312/459] DACA
[01:53:44] [313/459] NVKY
[01:53:45] [314/459] PTIN
[01:53:46] [315/459] SCIN
[01:53:46] [316/459] MCTY
[01:53:47] [317/459] PCMX
[01:53:48] [318/459] INIC
[01:53:48] [319/459] MMZM
[01:53:49] [320/459] SSLP
[01:53:50] [321/459] DTDT
[01:53:50] [322/459] FFCX
[01:53:51] [323/459] RCMM
[01:53:51] [324/459] KYID
[01:53:52] [325/459] CSCI
[01:53:52] [326/459] FCMC
[01:53:53] [327/459] MMXI
[01:53:54] [328/459] ASTC
[01:53:54] [329/459] CMRA
[01:53:55] [330/459] DICI
[01:53:56] [331/459] KDIN
[01:53:56] [332/459] PRFI
[01:53:57] [333/459] SVFC
[01:53:57] [334/459] UCPL
[01:53:58] [335/459] COOC
[01:53:58] [336/459] SCAL
[01:53:59] [337/459] SVFF
[01:54:00] [338/459] VCMG
[01:54:00] [339/459] UUCT
[01:54:01] [340/459] GCSE
[01:54:01] [341/459] SUSC
[01:54:02] [342/459] MISC
[01:54:02] [343/459] RMBL
[01:54:03] [344/459] CMXN
[01:54:04] [345/459] PVBK
[01:54:04] [346/459] HHCG
[01:54:05] [347/459] SCAG
[01:54:06] [348/459] CNPR
[01:54:06] [349/459] CSER
[01:54:07] [350/459] HLWD
[01:54:07] [351/459] BOLY
[01:54:08] [352/459] SSPG
[01:54:08] [353/459] MUPX
[01:54:09] [354/459] HAMR
[01:54:10] [355/459] SDNC
[01:54:10] [356/459] RTEN
[01:54:11] [357/459] SDTD
[01:54:11] [358/459] KAWS
[01:54:12] [359/459] CMZX
[01:54:12] [360/459] DCDD
[01:54:13] [361/459] ALSN
[01:54:13] [362/459] IMXS
[01:54:14] [363/459] PVFF
[01:54:15] [364/459] PVOO
[01:54:15] [365/459] CFBS
[01:54:16] [366/459] PVER
[01:54:16] [367/459] PPNX
[01:54:17] [368/459] CNRM
[01:54:18] [369/459] PVWW
[01:54:18] [370/459] INMB
[01:54:19] [371/459] CPJR
[01:54:20] [372/459] INRZ
[01:54:20] [373/459] PMSR
[01:54:21] [374/459] GPGM
[01:54:21] [375/459] PGWB
[01:54:22] [376/459] PMBR
[01:54:22] [377/459] GPAM
[01:54:23] [378/459] INBC
[01:54:24] [379/459] PZVK
[01:54:25] [380/459] CPEB
[01:54:25] [381/459] FMLB
[01:54:26] [382/459] INBG
[01:54:27] [383/459] GPBR
[01:54:28] [384/459] PAAS
[01:54:28] [385/459] VTBR
[01:54:29] [386/459] GPMY
[01:54:29] [387/459] GYBU
[01:54:30] [388/459] INBJ
[01:54:30] [389/459] LKTH
[01:54:31] [390/459] NSBR
[01:54:31] [391/459] PDRD
[01:54:32] [392/459] VRBL
[01:54:33] [393/459] VTGB
[01:54:33] [394/459] VTSK
[01:54:34] [395/459] BKDV
[01:54:35] [396/459] SVTB
[01:54:35] [397/459] MLDT
[01:54:36] [398/459] NRBL
[01:54:36] [399/459] SLTR
[01:54:37] [400/459] VNKA
[01:54:38] [401/459] TDCA
[01:54:38] [402/459] INBM
[01:54:39] [403/459] SSNR
[01:54:40] [404/459] BHAC
[01:54:40] [405/459] SDSD
[01:54:41] [406/459] SAMP
[01:54:42] [407/459] RATK
[01:54:42] [408/459] KCBI
[01:54:43] [409/459] URBL
[01:54:44] [410/459] MKBG
[01:54:44] [411/459] ASTB
[01:54:45] [412/459] VBWT
[01:54:46] [413/459] GPSM
[01:54:46] [414/459] ROON
[01:54:47] [415/459] CHTH
[01:54:48] [416/459] SSPA
[01:54:48] [417/459] ANBL
[01:54:49] [418/459] VTBE
[01:54:49] [419/459] SVKT
[01:54:50] [420/459] SVYK
[01:54:50] [421/459] PTBK
[01:54:51] [422/459] RKTB
[01:54:52] [423/459] BALT
[01:54:53] [424/459] STSV
[01:54:53] [425/459] VCCB
[01:54:54] [426/459] SLTB
[01:54:54] [427/459] SBCR
[01:54:55] [428/459] VDCS
[01:54:56] [429/459] MDKI
[01:54:56] [430/459] SMRN
[01:54:57] [431/459] PTBC
[01:54:57] [432/459] RADI
[01:54:58] [433/459] ADCR
[01:54:58] [434/459] SDCS
[01:54:59] [435/459] SRPJ
[01:54:59] [436/459] ARTS
[01:55:00] [437/459] SRHK
[01:55:01] [438/459] SPAY
[01:55:01] [439/459] GPTB
[01:55:02] [440/459] SNNN
[01:55:03] [441/459] BALJ
[01:55:03] [442/459] TRIG
[01:55:04] [443/459] GTYT
[01:55:04] [444/459] ATGN
[01:55:05] [445/459] ANTE
[01:55:06] [446/459] BDCG
[01:55:06] [447/459] VECI
[01:55:07] [448/459] SCPR
[01:55:07] [449/459] RTEA
[01:55:08] [450/459] JSAI
[01:55:09] [451/459] VJTP
[01:55:09] [452/459] GNDS
[01:55:10] [453/459] PAXA
[01:55:10] [454/459] CGGM
[01:55:11] [455/459] ACKZ
[01:55:12] [456/459] EMCC
[01:55:12] [457/459] KLSK
[01:55:13] [458/459] AVCK
[01:55:14] [459/459] JTCK
[01:55:14] ✅ DONE | Shows=0 | Movies=0
[02:49:28] 🚀 BMS DAILY TRACKER STARTED
[02:49:28] [1/459] NECA
[02:49:28] 🧠 New identity
[02:49:29] [2/459] BJLC
[02:49:30] [3/459] BASU
[02:49:30] [4/459] RUPI
[02:49:31] [5/459] LCBK
[02:49:31] [6/459] PMAC
[02:49:32] [7/459] AMLC
[02:49:33] [8/459] LICL
[02:49:33] [9/459] UDMM
[02:49:34] [10/459] STBZ
[02:49:35] [11/459] UUBT
[02:49:35] [12/459] SJKC
[02:49:36] [13/459] TUAL
[02:49:37] [14/459] MRSE
[02:49:37] [15/459] RMRK
[02:49:38] [16/459] TTKP
[02:49:38] [17/459] KTKO
[02:49:39] [18/459] SDBK
[02:49:40] [19/459] MCPR
[02:49:40] [20/459] CHTI
[02:49:41] [21/459] GCCP
[02:49:42] [22/459] SRMY
[02:49:42] [23/459] NYST
[02:49:43] [24/459] NYAG
[02:49:43] [25/459] SBMT
[02:49:44] [26/459] INGA
[02:49:45] [27/459] WSIC
[02:49:46] [28/459] SCSS
[02:49:46] [29/459] COPG
[02:49:47] [30/459] RCGR
[02:49:48] [31/459] TCZA
[02:49:48] [32/459] CNLP
[02:49:49] [33/459] CLKN
[02:49:49] [34/459] LHDF
[02:49:50] [35/459] ELKC
[02:49:50] [36/459] VCEM
[02:49:51] [37/459] SSZA
[02:49:52] [38/459] KRMT
[02:49:52] [39/459] LCMV
[02:49:53] [40/459] AYCZ
[02:49:53] [41/459] CUMS
[02:49:54] [42/459] BOCK
[02:49:54] [43/459] PNMR
[02:49:55] [44/459] PJCP
[02:49:56] [45/459] JDDD
[02:49:56] [46/459] STMS
[02:49:57] [47/459] FLMB
[02:49:57] [48/459] PKCM
[02:49:58] [49/459] SPPR
[02:49:59] [50/459] EYLH
[02:49:59] [51/459] RJCC
[02:50:00] [52/459] MMPS
[02:50:00] [53/459] SHMX
[02:50:01] [54/459] CCNL
[02:50:02] [55/459] RCNV
[02:50:03] [56/459] MAAG
[02:50:03] [57/459] LXCM
[02:50:04] [58/459] RCNI
[02:50:04] [59/459] SNNI
[02:50:05] [60/459] LALC
[02:50:06] [61/459] SOCN
[02:50:07] [62/459] JHTP
[02:50:07] [63/459] PITP
[02:50:08] [64/459] CCKW
[02:50:09] [65/459] MCMC
[02:50:09] [66/459] DEES
[02:50:10] [67/459] SABT
[02:50:10] [68/459] VSPP
[02:50:11] [69/459] ABCT
[02:50:12] [70/459] JVTB
[02:50:12] [71/459] VCBD
[02:50:13] [72/459] RMGG
[02:50:14] [73/459] RNMH
[02:50:14] [74/459] SPGL
[02:50:15] [75/459] JTTR
[02:50:16] [76/459] SICS
[02:50:16] [77/459] SRMI
[02:50:17] [78/459] SSIJ
[02:50:18] [79/459] KFMT
[02:50:18] [80/459] VBIT
[02:50:19] [81/459] JKCT
[02:50:19] [82/459] GCGP
[02:50:20] [83/459] GDCS
[02:50:21] [84/459] TRBA
[02:50:21] [85/459] QUST
[02:50:22] [86/459] VSHM
[02:50:23] [87/459] SDCP
[02:50:23] [88/459] SNVS
[02:50:24] [89/459] NYTO
[02:50:25] [90/459] URWC
[02:50:25] [91/459] GTWH
[02:50:26] [92/459] PFCM
[02:50:26] [93/459] KRTA
[02:50:27] [94/459] AXMC
[02:50:28] [95/459] EVMC
[02:50:28] [96/459] HGSM
[02:50:29] [97/459] ACVM
[02:50:29] [98/459] PSKL
[02:50:30] [99/459] RDMP
[02:50:30] [100/459] RHGH
[02:50:31] [101/459] OMCM
[02:50:32] [102/459] DCCP
[02:50:32] [103/459] MCPB
[02:50:33] [104/459] ALCI
[02:50:33] [105/459] BLMX
[02:50:34] [106/459] BTMV
[02:50:34] [107/459] FVPN
[02:50:35] [108/459] CMAR
[02:50:36] [109/459] CEIM
[02:50:36] [110/459] CMVA
[02:50:37] [111/459] CPIV
[02:50:38] [112/459] CNPE
[02:50:38] [113/459] COLV
[02:50:39] [114/459] DNNV
[02:50:40] [115/459] HCAD
[02:50:40] [116/459] TAKA
[02:50:41] [117/459] INVD
[02:50:42] [118/459] IRMM
[02:50:43] [119/459] INSE
[02:50:43] [120/459] MRSW
[02:50:44] [121/459] MCVD
[02:50:45] [122/459] MCSO
[02:50:45] [123/459] PEVM
[02:50:46] [124/459] PVNL
[02:50:46] [125/459] PTCV
[02:50:47] [126/459] PRTC
[02:50:48] [127/459] RCVA
[02:50:48] [128/459] MTBN
[02:50:49] [129/459] LUCP
[02:50:49] [130/459] FMPT
[02:50:50] [131/459] JLSL
[02:50:50] [132/459] SBHA
[02:50:51] [133/459] SHRC
[02:50:52] [134/459] AVPS
[02:50:52] [135/459] STPM
[02:50:53] [136/459] ATRD
[02:50:53] [137/459] VTED
[02:50:54] [138/459] ACAI
[02:50:54] [139/459] SMAE
[02:50:55] [140/459] VMAT
[02:50:56] [141/459] LKCT
[02:50:56] [142/459] JTVK
[02:50:57] [143/459] PRTY
[02:50:57] [144/459] GETT
[02:50:58] [145/459] ESAP
[02:50:59] [146/459] NCPM
[02:50:59] [147/459] PCPA
[02:51:00] [148/459] MMOM
[02:51:01] [149/459] PHUP
[02:51:01] [150/459] CCPI
[02:51:02] [151/459] CNTD
[02:51:02] [152/459] NLJR
[02:51:03] [153/459] SRNG
[02:51:04] [154/459] MHAL
[02:51:04] [155/459] PNSM
[02:51:05] [156/459] DRMY
[02:51:06] [157/459] CCMU
[02:51:06] [158/459] SCMY
[02:51:07] [159/459] PVSY
[02:51:07] [160/459] SDLM
[02:51:08] [161/459] ICCM
[02:51:09] [162/459] PYSU
[02:51:09] [163/459] GATM
[02:51:10] [164/459] WOTM
[02:51:10] [165/459] RKTS
[02:51:11] [166/459] PMTY
[02:51:12] [167/459] LYMS
[02:51:12] [168/459] TGCA
[02:51:13] [169/459] DSTA
[02:51:13] [170/459] CNGE
[02:51:14] [171/459] VSTG
[02:51:15] [172/459] GTCK
[02:51:15] [173/459] TGNT
[02:51:16] [174/459] ASLC
[02:51:17] [175/459] SSST
[02:51:17] [176/459] KBTT
[02:51:18] [177/459] HKCP
[02:51:18] [178/459] SWLC
[02:51:19] [179/459] RTND
[02:51:20] [180/459] PKKT
[02:51:20] [181/459] HSTK
[02:51:21] [182/459] SPTT
[02:51:22] [183/459] IMPM
[02:51:22] [184/459] SCMV
[02:51:23] [185/459] SPCT
[02:51:24] [186/459] JBCA
[02:51:24] [187/459] ATTR
[02:51:25] [188/459] SPMT
[02:51:25] [189/459] LCTM
[02:51:26] [190/459] SCVL
[02:51:27] [191/459] SCVT
[02:51:27] [192/459] KRIC
[02:51:28] [193/459] CTMG
[02:51:29] [194/459] ACNC
[02:51:29] [195/459] DMCK
[02:51:30] [196/459] KMTV
[02:51:31] [197/459] PFCJ
[02:51:31] [198/459] VNMD
[02:51:32] [199/459] VPCZ
[02:51:32] [200/459] SRYR
[02:51:33] [201/459] SYTR
[02:51:33] [202/459] GATR
[02:51:34] [203/459] URTR
[02:51:35] [204/459] MKSM
[02:51:35] [205/459] VSMH
[02:51:36] [206/459] SKRJ
[02:51:37] [207/459] SSJR
[02:51:37] [208/459] SVSM
[02:51:38] [209/459] RUCM
[02:51:38] [210/459] PRKN
[02:51:39] [211/459] RROH
[02:51:40] [212/459] SCTN
[02:51:40] [213/459] RTDM
[02:51:41] [214/459] ASRM
[02:51:42] [215/459] SKMD
[02:51:42] [216/459] SUTD
[02:51:43] [217/459] SADM
[02:51:44] [218/459] WCNR
[02:51:44] [219/459] CNED
[02:51:45] [220/459] MPDB
[02:51:45] [221/459] KTBH
[02:51:46] [222/459] IDRM
[02:51:46] [223/459] PJJT
[02:51:47] [224/459] PFCV
[02:51:47] [225/459] AACT
[02:51:48] [226/459] AAAD
[02:51:49] [227/459] ANES
[02:51:49] [228/459] MNCA
[02:51:50] [229/459] RMGU
[02:51:51] [230/459] DLCN
[02:51:51] [231/459] LJWT
[02:51:52] [232/459] MCBG
[02:51:53] [233/459] MYBG
[02:51:53] [234/459] GCCA
[02:51:54] [235/459] GCGA
[02:51:54] [236/459] ECGN
[02:51:55] [237/459] PRAB
[02:51:56] [238/459] PNMP
[02:51:56] [239/459] GCPT
[02:51:57] [240/459] ROYN
[02:51:58] [241/459] VATM
[02:51:58] [242/459] KSNT
[02:51:59] [243/459] ACTC
[02:51:59] [244/459] PLTD
[02:52:00] [245/459] SKMK
[02:52:01] [246/459] CMTT
[02:52:01] [247/459] SMXP
[02:52:02] [248/459] SCMX
[02:52:03] [249/459] ACXN
[02:52:03] [250/459] ASWT
[02:52:04] [251/459] VVVL
[02:52:04] [252/459] NAGO
[02:52:05] [253/459] SNCN
[02:52:05] [254/459] MCKP
[02:52:06] [255/459] SAMO
[02:52:07] [256/459] JBTV
[02:52:07] [257/459] DCVV
[02:52:08] [258/459] KMSV
[02:52:08] [259/459] KDCN
[02:52:09] [260/459] CNCP
[02:52:10] [261/459] HAMC
[02:52:10] [262/459] CCVZ
[02:52:11] [263/459] NCCK
[02:52:12] [264/459] MCHR
[02:52:12] [265/459] SCHT
[02:52:13] [266/459] ESSH
[02:52:13] [267/459] CUJC
[02:52:14] [268/459] PECP
[02:52:14] [269/459] PMMI
[02:52:15] [270/459] PCCH
[02:52:16] [271/459] PRPM
[02:52:16] [272/459] PVKL
[02:52:17] [273/459] CBSM
[02:52:17] [274/459] PVCZ
[02:52:18] [275/459] PCVV
[02:52:19] [276/459] CTMJ
[02:52:19] [277/459] RCPS
[02:52:20] [278/459] PCIT
[02:52:21] [279/459] FNCH
[02:52:21] [280/459] INZD
[02:52:22] [281/459] INPC
[02:52:22] [282/459] LCZP
[02:52:23] [283/459] SMCB
[02:52:24] [284/459] PTSB
[02:52:24] [285/459] TPSI
[02:52:25] [286/459] KHMJ
[02:52:26] [287/459] RCCJ
[02:52:26] [288/459] NCJA
[02:52:27] [289/459] NCJN
[02:52:27] [290/459] BTDP
[02:52:28] [291/459] PADY
[02:52:28] [292/459] NYBH
[02:52:29] [293/459] MTBR
[02:52:29] [294/459] KRBC
[02:52:30] [295/459] DKTI
[02:52:31] [296/459] ANAN
[02:52:31] [297/459] INBP
[02:52:32] [298/459] PATB
[02:52:33] [299/459] RGNT
[02:52:33] [300/459] CGPM
[02:52:34] [301/459] INTN
[02:52:35] [302/459] MCMP
[02:52:35] [303/459] ASRG
[02:52:36] [304/459] CXJD
[02:52:36] [305/459] SPCP
[02:52:37] [306/459] CSTP
[02:52:37] [307/459] PKVC
[02:52:38] [308/459] ESCP
[02:52:38] [309/459] CAEP
[02:52:39] [310/459] CCSP
[02:52:39] [311/459] KTPC
[02:52:40] [312/459] DACA
[02:52:40] [313/459] NVKY
[02:52:41] [314/459] PTIN
[02:52:41] [315/459] SCIN
[02:52:42] [316/459] MCTY
[02:52:43] [317/459] PCMX
[02:52:44] [318/459] INIC
[02:52:44] [319/459] MMZM
[02:52:45] [320/459] SSLP
[02:52:45] [321/459] DTDT
[02:52:46] [322/459] FFCX
[02:52:46] [323/459] RCMM
[02:52:47] [324/459] KYID
[02:52:47] [325/459] CSCI
[02:52:48] [326/459] FCMC
[02:52:48] [327/459] MMXI
[02:52:49] [328/459] ASTC
[02:52:50] [329/459] CMRA
[02:52:50] [330/459] DICI
[02:52:51] [331/459] KDIN
[02:52:51] [332/459] PRFI
[02:52:52] [333/459] SVFC
[02:52:53] [334/459] UCPL
[02:52:53] [335/459] COOC
[02:52:54] [336/459] SCAL
[02:52:54] [337/459] SVFF
[02:52:55] [338/459] VCMG
[02:52:55] [339/459] UUCT
[02:52:56] [340/459] GCSE
[02:52:57] [341/459] SUSC
[02:52:57] [342/459] MISC
[02:52:58] [343/459] RMBL
[02:52:59] [344/459] CMXN
[02:52:59] [345/459] PVBK
[02:53:00] [346/459] HHCG
[02:53:01] [347/459] SCAG
[02:53:01] [348/459] CNPR
[02:53:02] [349/459] CSER
[02:53:03] [350/459] HLWD
[02:53:03] [351/459] BOLY
[02:53:04] [352/459] SSPG
[02:53:04] [353/459] MUPX
[02:53:05] [354/459] HAMR
[02:53:06] [355/459] SDNC
[02:53:06] [356/459] RTEN
[02:53:06] [357/459] SDTD
[02:53:07] [358/459] KAWS
[02:53:07] [359/459] CMZX
[02:53:08] [360/459] DCDD
[02:53:09] [361/459] ALSN
[02:53:09] [362/459] IMXS
[02:53:10] [363/459] PVFF
[02:53:11] [364/459] PVOO
[02:53:12] [365/459] CFBS
[02:53:12] [366/459] PVER
[02:53:13] [367/459] PPNX
[02:53:14] [368/459] CNRM
[02:53:14] [369/459] PVWW
[02:53:15] [370/459] INMB
[02:53:15] [371/459] CPJR
[02:53:16] [372/459] INRZ
[02:53:17] [373/459] PMSR
[02:53:17] [374/459] GPGM
[02:53:18] [375/459] PGWB
[02:53:18] [376/459] PMBR
[02:53:19] [377/459] GPAM
[02:53:19] [378/459] INBC
[02:53:20] [379/459] PZVK
[02:53:21] [380/459] CPEB
[02:53:21] [381/459] FMLB
[02:53:22] [382/459] INBG
[02:53:22] [383/459] GPBR
[02:53:23] [384/459] PAAS
[02:53:23] [385/459] VTBR
[02:53:24] [386/459] GPMY
[02:53:25] [387/459] GYBU
[02:53:26] [388/459] INBJ
[02:53:26] [389/459] LKTH
[02:53:27] [390/459] NSBR
[02:53:27] [391/459] PDRD
[02:53:28] [392/459] VRBL
[02:53:29] [393/459] VTGB
[02:53:29] [394/459] VTSK
[02:53:30] [395/459] BKDV
[02:53:30] [396/459] SVTB
[02:53:31] [397/459] MLDT
[02:53:32] [398/459] NRBL
[02:53:32] [399/459] SLTR
[02:53:33] [400/459] VNKA
[02:53:34] [401/459] TDCA
[02:53:35] [402/459] INBM
[02:53:35] [403/459] SSNR
[02:53:36] [404/459] BHAC
[02:53:36] [405/459] SDSD
[02:53:37] [406/459] SAMP
[02:53:37] [407/459] RATK
[02:53:38] [408/459] KCBI
[02:53:39] [409/459] URBL
[02:53:39] [410/459] MKBG
[02:53:40] [411/459] ASTB
[02:53:41] [412/459] VBWT
[02:53:41] [413/459] GPSM
[02:53:42] [414/459] ROON
[02:53:43] [415/459] CHTH
[02:53:43] [416/459] SSPA
[02:53:44] [417/459] ANBL
[02:53:45] [418/459] VTBE
[02:53:45] [419/459] SVKT
[02:53:46] [420/459] SVYK
[02:53:46] [421/459] PTBK
[02:53:47] [422/459] RKTB
[02:53:48] [423/459] BALT
[02:53:48] [424/459] STSV
[02:53:49] [425/459] VCCB
[02:53:50] [426/459] SLTB
[02:53:50] [427/459] SBCR
[02:53:51] [428/459] VDCS
[02:53:52] [429/459] MDKI
[02:53:52] [430/459] SMRN
[02:53:53] [431/459] PTBC
[02:53:53] [432/459] RADI
[02:53:54] [433/459] ADCR
[02:53:54] [434/459] SDCS
[02:53:55] [435/459] SRPJ
[02:53:56] [436/459] ARTS
[02:53:56] [437/459] SRHK
[02:53:57] [438/459] SPAY
[02:53:57] [439/459] GPTB
[02:53:58] [440/459] SNNN
[02:53:58] [441/459] BALJ
[02:53:59] [442/459] TRIG
[02:53:59] [443/459] GTYT
[02:54:00] [444/459] ATGN
[02:54:01] [445/459] ANTE
[02:54:01] [446/459] BDCG
[02:54:02] [447/459] VECI
[02:54:03] [448/459] SCPR
[02:54:03] [449/459] RTEA
[02:54:04] [450/459] JSAI
[02:54:04] [451/459] VJTP
[02:54:05] [452/459] GNDS
[02:54:06] [453/459] PAXA
[02:54:06] [454/459] CGGM
[02:54:07] [455/459] ACKZ
[02:54:07] [456/459] EMCC
[02:54:08] [457/459] KLSK
[02:54:09] [458/459] AVCK
[02:54:09] [459/459] JTCK
[02:54:10] ✅ DONE | Shows=0 | Movies=0
[03:49:18] 🚀 BMS DAILY TRACKER STARTED
[03:49:18] [1/459] NECA
[03:49:18] 🧠 New identity
[03:49:19] [2/459] BJLC
[03:49:19] [3/459] BASU
[03:49:20] [4/459] RUPI
[03:49:21] [5/459] LCBK
[03:49:21] [6/459] PMAC
[03:49:22] [7/459] AMLC
[03:49:22] [8/459] LICL
[03:49:23] [9/459] UDMM
[03:49:23] [10/459] STBZ
[03:49:24] [11/459] UUBT
[03:49:25] [12/459] SJKC
[03:49:26] [13/459] TUAL
[03:49:26] [14/459] MRSE
[03:49:27] [15/459] RMRK
[03:49:27] [16/459] TTKP
[03:49:28] [17/459] KTKO
[03:49:29] [18/459] SDBK
[03:49:29] [19/459] MCPR
[03:49:29] [20/459] CHTI
[03:49:30] [21/459] GCCP
[03:49:31] [22/459] SRMY
[03:49:31] [23/459] NYST
[03:49:32] [24/459] NYAG
[03:49:32] [25/459] SBMT
[03:49:33] [26/459] INGA
[03:49:34] [27/459] WSIC
[03:49:34] [28/459] SCSS
[03:49:35] [29/459] COPG
[03:49:36] [30/459] RCGR
[03:49:36] [31/459] TCZA
[03:49:37] [32/459] CNLP
[03:49:37] [33/459] CLKN
[03:49:38] [34/459] LHDF
[03:49:38] [35/459] ELKC
[03:49:39] [36/459] VCEM
[03:49:40] [37/459] SSZA
[03:49:40] [38/459] KRMT
[03:49:41] [39/459] LCMV
[03:49:41] [40/459] AYCZ
[03:49:42] [41/459] CUMS
[03:49:42] [42/459] BOCK
[03:49:43] [43/459] PNMR
[03:49:43] [44/459] PJCP
[03:49:44] [45/459] JDDD
[03:49:45] [46/459] STMS
[03:49:46] [47/459] FLMB
[03:49:46] [48/459] PKCM
[03:49:47] [49/459] SPPR
[03:49:47] [50/459] EYLH
[03:49:48] [51/459] RJCC
[03:49:49] [52/459] MMPS
[03:49:49] [53/459] SHMX
[03:49:50] [54/459] CCNL
[03:49:50] [55/459] RCNV
[03:49:51] [56/459] MAAG
[03:49:52] [57/459] LXCM
[03:49:52] [58/459] RCNI
[03:49:53] [59/459] SNNI
[03:49:53] [60/459] LALC
[03:49:54] [61/459] SOCN
[03:49:54] [62/459] JHTP
[03:49:55] [63/459] PITP
[03:49:56] [64/459] CCKW
[03:49:57] [65/459] MCMC
[03:49:57] [66/459] DEES
[03:49:58] [67/459] SABT
[03:49:58] [68/459] VSPP
[03:49:59] [69/459] ABCT
[03:49:59] [70/459] JVTB
[03:50:00] [71/459] VCBD
[03:50:01] [72/459] RMGG
[03:50:01] [73/459] RNMH
[03:50:02] [74/459] SPGL
[03:50:02] [75/459] JTTR
[03:50:03] [76/459] SICS
[03:50:03] [77/459] SRMI
[03:50:04] [78/459] SSIJ
[03:50:04] [79/459] KFMT
[03:50:05] [80/459] VBIT
[03:50:05] [81/459] JKCT
[03:50:06] [82/459] GCGP
[03:50:07] [83/459] GDCS
[03:50:07] [84/459] TRBA
[03:50:08] [85/459] QUST
[03:50:08] [86/459] VSHM
[03:50:09] [87/459] SDCP
[03:50:09] [88/459] SNVS
[03:50:10] [89/459] NYTO
[03:50:10] [90/459] URWC
[03:50:11] [91/459] GTWH
[03:50:12] [92/459] PFCM
[03:50:12] [93/459] KRTA
[03:50:13] [94/459] AXMC
[03:50:13] [95/459] EVMC
[03:50:14] [96/459] HGSM
[03:50:15] [97/459] ACVM
[03:50:15] [98/459] PSKL
[03:50:16] [99/459] RDMP
[03:50:17] [100/459] RHGH
[03:50:17] [101/459] OMCM
[03:50:18] [102/459] DCCP
[03:50:18] [103/459] MCPB
[03:50:19] [104/459] ALCI
[03:50:20] [105/459] BLMX
[03:50:20] [106/459] BTMV
[03:50:21] [107/459] FVPN
[03:50:21] [108/459] CMAR
[03:50:22] [109/459] CEIM
[03:50:23] [110/459] CMVA
[03:50:23] [111/459] CPIV
[03:50:24] [112/459] CNPE
[03:50:24] [113/459] COLV
[03:50:25] [114/459] DNNV
[03:50:26] [115/459] HCAD
[03:50:26] [116/459] TAKA
[03:50:26] [117/459] INVD
[03:50:27] [118/459] IRMM
[03:50:28] [119/459] INSE
[03:50:28] [120/459] MRSW
[03:50:29] [121/459] MCVD
[03:50:29] [122/459] MCSO
[03:50:30] [123/459] PEVM
[03:50:30] [124/459] PVNL
[03:50:31] [125/459] PTCV
[03:50:31] [126/459] PRTC
[03:50:32] [127/459] RCVA
[03:50:32] [128/459] MTBN
[03:50:33] [129/459] LUCP
[03:50:33] [130/459] FMPT
[03:50:34] [131/459] JLSL
[03:50:35] [132/459] SBHA
[03:50:35] [133/459] SHRC
[03:50:36] [134/459] AVPS
[03:50:36] [135/459] STPM
[03:50:37] [136/459] ATRD
[03:50:37] [137/459] VTED
[03:50:38] [138/459] ACAI
[03:50:38] [139/459] SMAE
[03:50:39] [140/459] VMAT
[03:50:39] [141/459] LKCT
[03:50:40] [142/459] JTVK
[03:50:41] [143/459] PRTY
[03:50:41] [144/459] GETT
[03:50:42] [145/459] ESAP
[03:50:42] [146/459] NCPM
[03:50:43] [147/459] PCPA
[03:50:44] [148/459] MMOM
[03:50:44] [149/459] PHUP
[03:50:45] [150/459] CCPI
[03:50:45] [151/459] CNTD
[03:50:46] [152/459] NLJR
[03:50:47] [153/459] SRNG
[03:50:47] [154/459] MHAL
[03:50:48] [155/459] PNSM
[03:50:49] [156/459] DRMY
[03:50:49] [157/459] CCMU
[03:50:50] [158/459] SCMY
[03:50:50] [159/459] PVSY
[03:50:51] [160/459] SDLM
[03:50:51] [161/459] ICCM
[03:50:52] [162/459] PYSU
[03:50:52] [163/459] GATM
[03:50:53] [164/459] WOTM
[03:50:54] [165/459] RKTS
[03:50:54] [166/459] PMTY
[03:50:55] [167/459] LYMS
[03:50:55] [168/459] TGCA
[03:50:56] [169/459] DSTA
[03:50:56] [170/459] CNGE
[03:50:57] [171/459] VSTG
[03:50:58] [172/459] GTCK
[03:50:58] [173/459] TGNT
[03:50:59] [174/459] ASLC
[03:50:59] [175/459] SSST
[03:51:00] [176/459] KBTT
[03:51:00] [177/459] HKCP
[03:51:01] [178/459] SWLC
[03:51:01] [179/459] RTND
[03:51:02] [180/459] PKKT
[03:51:03] [181/459] HSTK
[03:51:03] [182/459] SPTT
[03:51:04] [183/459] IMPM
[03:51:04] [184/459] SCMV
[03:51:05] [185/459] SPCT
[03:51:05] [186/459] JBCA
[03:51:06] [187/459] ATTR
[03:51:07] [188/459] SPMT
[03:51:08] [189/459] LCTM
[03:51:08] [190/459] SCVL
[03:51:09] [191/459] SCVT
[03:51:09] [192/459] KRIC
[03:51:10] [193/459] CTMG
[03:51:10] [194/459] ACNC
[03:51:11] [195/459] DMCK
[03:51:11] [196/459] KMTV
[03:51:12] [197/459] PFCJ
[03:51:13] [198/459] VNMD
[03:51:13] [199/459] VPCZ
[03:51:14] [200/459] SRYR
[03:51:14] [201/459] SYTR
[03:51:15] [202/459] GATR
[03:51:16] [203/459] URTR
[03:51:16] [204/459] MKSM
[03:51:17] [205/459] VSMH
[03:51:17] [206/459] SKRJ
[03:51:18] [207/459] SSJR
[03:51:18] [208/459] SVSM
[03:51:19] [209/459] RUCM
[03:51:20] [210/459] PRKN
[03:51:20] [211/459] RROH
[03:51:21] [212/459] SCTN
[03:51:21] [213/459] RTDM
[03:51:22] [214/459] ASRM
[03:51:22] [215/459] SKMD
[03:51:23] [216/459] SUTD
[03:51:24] [217/459] SADM
[03:51:24] [218/459] WCNR
[03:51:25] [219/459] CNED
[03:51:25] [220/459] MPDB
[03:51:26] [221/459] KTBH
[03:51:27] [222/459] IDRM
[03:51:27] [223/459] PJJT
[03:51:28] [224/459] PFCV
[03:51:29] [225/459] AACT
[03:51:29] [226/459] AAAD
[03:51:30] [227/459] ANES
[03:51:30] [228/459] MNCA
[03:51:31] [229/459] RMGU
[03:51:31] [230/459] DLCN
[03:51:32] [231/459] LJWT
[03:51:33] [232/459] MCBG
[03:51:33] [233/459] MYBG
[03:51:34] [234/459] GCCA
[03:51:34] [235/459] GCGA
[03:51:35] [236/459] ECGN
[03:51:35] [237/459] PRAB
[03:51:36] [238/459] PNMP
[03:51:37] [239/459] GCPT
[03:51:37] [240/459] ROYN
[03:51:38] [241/459] VATM
[03:51:38] [242/459] KSNT
[03:51:39] [243/459] ACTC
[03:51:39] [244/459] PLTD
[03:51:40] [245/459] SKMK
[03:51:41] [246/459] CMTT
[03:51:41] [247/459] SMXP
[03:51:42] [248/459] SCMX
[03:51:42] [249/459] ACXN
[03:51:43] [250/459] ASWT
[03:51:43] [251/459] VVVL
[03:51:44] [252/459] NAGO
[03:51:45] [253/459] SNCN
[03:51:45] [254/459] MCKP
[03:51:46] [255/459] SAMO
[03:51:47] [256/459] JBTV
[03:51:47] [257/459] DCVV
[03:51:48] [258/459] KMSV
[03:51:48] [259/459] KDCN
[03:51:49] [260/459] CNCP
[03:51:49] [261/459] HAMC
[03:51:50] [262/459] CCVZ
[03:51:51] [263/459] NCCK
[03:51:52] [264/459] MCHR
[03:51:52] [265/459] SCHT
[03:51:53] [266/459] ESSH
[03:51:53] [267/459] CUJC
[03:51:54] [268/459] PECP
[03:51:54] [269/459] PMMI
[03:51:55] [270/459] PCCH
[03:51:55] [271/459] PRPM
[03:51:56] [272/459] PVKL
[03:51:57] [273/459] CBSM
[03:51:57] [274/459] PVCZ
[03:51:58] [275/459] PCVV
[03:51:58] [276/459] CTMJ
[03:51:59] [277/459] RCPS
[03:52:00] [278/459] PCIT
[03:52:00] [279/459] FNCH
[03:52:01] [280/459] INZD
[03:52:01] [281/459] INPC
[03:52:02] [282/459] LCZP
[03:52:02] [283/459] SMCB
[03:52:03] [284/459] PTSB
[03:52:03] [285/459] TPSI
[03:52:04] [286/459] KHMJ
[03:52:04] [287/459] RCCJ
[03:52:05] [288/459] NCJA
[03:52:05] [289/459] NCJN
[03:52:06] [290/459] BTDP
[03:52:06] [291/459] PADY
[03:52:07] [292/459] NYBH
[03:52:08] [293/459] MTBR
[03:52:08] [294/459] KRBC
[03:52:08] [295/459] DKTI
[03:52:09] [296/459] ANAN
[03:52:10] [297/459] INBP
[03:52:11] [298/459] PATB
[03:52:11] [299/459] RGNT
[03:52:12] [300/459] CGPM
[03:52:12] [301/459] INTN
[03:52:13] [302/459] MCMP
[03:52:13] [303/459] ASRG
[03:52:14] [304/459] CXJD
[03:52:14] [305/459] SPCP
[03:52:15] [306/459] CSTP
[03:52:16] [307/459] PKVC
[03:52:16] [308/459] ESCP
[03:52:17] [309/459] CAEP
[03:52:17] [310/459] CCSP
[03:52:18] [311/459] KTPC
[03:52:18] [312/459] DACA
[03:52:19] [313/459] NVKY
[03:52:20] [314/459] PTIN
[03:52:21] [315/459] SCIN
[03:52:21] [316/459] MCTY
[03:52:22] [317/459] PCMX
[03:52:23] [318/459] INIC
[03:52:23] [319/459] MMZM
[03:52:24] [320/459] SSLP
[03:52:24] [321/459] DTDT
[03:52:25] [322/459] FFCX
[03:52:26] [323/459] RCMM
[03:52:26] [324/459] KYID
[03:52:27] [325/459] CSCI
[03:52:27] [326/459] FCMC
[03:52:28] [327/459] MMXI
[03:52:29] [328/459] ASTC
[03:52:29] [329/459] CMRA
[03:52:30] [330/459] DICI
[03:52:30] [331/459] KDIN
[03:52:31] [332/459] PRFI
[03:52:31] [333/459] SVFC
[03:52:32] [334/459] UCPL
[03:52:33] [335/459] COOC
[03:52:33] [336/459] SCAL
[03:52:34] [337/459] SVFF
[03:52:34] [338/459] VCMG
[03:52:35] [339/459] UUCT
[03:52:35] [340/459] GCSE
[03:52:36] [341/459] SUSC
[03:52:37] [342/459] MISC
[03:52:37] [343/459] RMBL
[03:52:38] [344/459] CMXN
[03:52:38] [345/459] PVBK
[03:52:39] [346/459] HHCG
[03:52:39] [347/459] SCAG
[03:52:40] [348/459] CNPR
[03:52:40] [349/459] CSER
[03:52:41] [350/459] HLWD
[03:52:41] [351/459] BOLY
[03:52:42] [352/459] SSPG
[03:52:42] [353/459] MUPX
[03:52:43] [354/459] HAMR
[03:52:44] [355/459] SDNC
[03:52:44] [356/459] RTEN
[03:52:45] [357/459] SDTD
[03:52:45] [358/459] KAWS
[03:52:46] [359/459] CMZX
[03:52:46] [360/459] DCDD
[03:52:47] [361/459] ALSN
[03:52:48] [362/459] IMXS
[03:52:48] [363/459] PVFF
[03:52:48] [364/459] PVOO
[03:52:49] [365/459] CFBS
[03:52:50] [366/459] PVER
[03:52:50] [367/459] PPNX
[03:52:51] [368/459] CNRM
[03:52:51] [369/459] PVWW
[03:52:52] [370/459] INMB
[03:52:52] [371/459] CPJR
[03:52:53] [372/459] INRZ
[03:52:53] [373/459] PMSR
[03:52:54] [374/459] GPGM
[03:52:55] [375/459] PGWB
[03:52:55] [376/459] PMBR
[03:52:56] [377/459] GPAM
[03:52:57] [378/459] INBC
[03:52:57] [379/459] PZVK
[03:52:58] [380/459] CPEB
[03:52:58] [381/459] FMLB
[03:52:59] [382/459] INBG
[03:52:59] [383/459] GPBR
[03:53:00] [384/459] PAAS
[03:53:00] [385/459] VTBR
[03:53:01] [386/459] GPMY
[03:53:02] [387/459] GYBU
[03:53:02] [388/459] INBJ
[03:53:03] [389/459] LKTH
[03:53:03] [390/459] NSBR
[03:53:04] [391/459] PDRD
[03:53:04] [392/459] VRBL
[03:53:05] [393/459] VTGB
[03:53:06] [394/459] VTSK
[03:53:06] [395/459] BKDV
[03:53:07] [396/459] SVTB
[03:53:07] [397/459] MLDT
[03:53:08] [398/459] NRBL
[03:53:08] [399/459] SLTR
[03:53:09] [400/459] VNKA
[03:53:09] [401/459] TDCA
[03:53:10] [402/459] INBM
[03:53:10] [403/459] SSNR
[03:53:11] [404/459] BHAC
[03:53:11] [405/459] SDSD
[03:53:12] [406/459] SAMP
[03:53:12] [407/459] RATK
[03:53:13] [408/459] KCBI
[03:53:14] [409/459] URBL
[03:53:14] [410/459] MKBG
[03:53:15] [411/459] ASTB
[03:53:15] [412/459] VBWT
[03:53:16] [413/459] GPSM
[03:53:16] [414/459] ROON
[03:53:17] [415/459] CHTH
[03:53:17] [416/459] SSPA
[03:53:18] [417/459] ANBL
[03:53:19] [418/459] VTBE
[03:53:19] [419/459] SVKT
[03:53:20] [420/459] SVYK
[03:53:20] [421/459] PTBK
[03:53:21] [422/459] RKTB
[03:53:22] [423/459] BALT
[03:53:22] [424/459] STSV
[03:53:23] [425/459] VCCB
[03:53:24] [426/459] SLTB
[03:53:24] [427/459] SBCR
[03:53:25] [428/459] VDCS
[03:53:25] [429/459] MDKI
[03:53:26] [430/459] SMRN
[03:53:26] [431/459] PTBC
[03:53:26] [432/459] RADI
[03:53:27] [433/459] ADCR
[03:53:28] [434/459] SDCS
[03:53:28] [435/459] SRPJ
[03:53:29] [436/459] ARTS
[03:53:29] [437/459] SRHK
[03:53:30] [438/459] SPAY
[03:53:31] [439/459] GPTB
[03:53:31] [440/459] SNNN
[03:53:32] [441/459] BALJ
[03:53:32] [442/459] TRIG
[03:53:33] [443/459] GTYT
[03:53:34] [444/459] ATGN
[03:53:34] [445/459] ANTE
[03:53:35] [446/459] BDCG
[03:53:35] [447/459] VECI
[03:53:36] [448/459] SCPR
[03:53:36] [449/459] RTEA
[03:53:37] [450/459] JSAI
[03:53:38] [451/459] VJTP
[03:53:38] [452/459] GNDS
[03:53:39] [453/459] PAXA
[03:53:39] [454/459] CGGM
[03:53:40] [455/459] ACKZ
[03:53:40] [456/459] EMCC
[03:53:41] [457/459] KLSK
[03:53:42] [458/459] AVCK
[03:53:43] [459/459] JTCK
[03:53:43] ✅ DONE | Shows=7 | Movies=3
[04:49:32] 🚀 BMS DAILY TRACKER STARTED
[04:49:32] [1/459] NECA
[04:49:32] 🧠 New identity
[04:49:32] [2/459] BJLC
[04:49:33] [3/459] BASU
[04:49:34] [4/459] RUPI
[04:49:34] [5/459] LCBK
[04:49:35] [6/459] PMAC
[04:49:36] [7/459] AMLC
[04:49:36] [8/459] LICL
[04:49:37] [9/459] UDMM
[04:49:38] [10/459] STBZ
[04:49:38] [11/459] UUBT
[04:49:39] [12/459] SJKC
[04:49:39] [13/459] TUAL
[04:49:40] [14/459] MRSE
[04:49:40] [15/459] RMRK
[04:49:41] [16/459] TTKP
[04:49:41] [17/459] KTKO
[04:49:42] [18/459] SDBK
[04:49:43] [19/459] MCPR
[04:49:43] [20/459] CHTI
[04:49:44] [21/459] GCCP
[04:49:44] [22/459] SRMY
[04:49:45] [23/459] NYST
[04:49:45] [24/459] NYAG
[04:49:46] [25/459] SBMT
[04:49:47] [26/459] INGA
[04:49:47] [27/459] WSIC
[04:49:48] [28/459] SCSS
[04:49:49] [29/459] COPG
[04:49:49] [30/459] RCGR
[04:49:50] [31/459] TCZA
[04:49:50] [32/459] CNLP
[04:49:51] [33/459] CLKN
[04:49:51] [34/459] LHDF
[04:49:52] [35/459] ELKC
[04:49:53] [36/459] VCEM
[04:49:53] [37/459] SSZA
[04:49:54] [38/459] KRMT
[04:49:54] [39/459] LCMV
[04:49:55] [40/459] AYCZ
[04:49:55] [41/459] CUMS
[04:49:56] [42/459] BOCK
[04:49:56] [43/459] PNMR
[04:49:57] [44/459] PJCP
[04:49:58] [45/459] JDDD
[04:49:58] [46/459] STMS
[04:49:59] [47/459] FLMB
[04:49:59] [48/459] PKCM
[04:50:00] [49/459] SPPR
[04:50:00] [50/459] EYLH
[04:50:01] [51/459] RJCC
[04:50:02] [52/459] MMPS
[04:50:02] [53/459] SHMX
[04:50:03] [54/459] CCNL
[04:50:03] [55/459] RCNV
[04:50:04] [56/459] MAAG
[04:50:05] [57/459] LXCM
[04:50:05] [58/459] RCNI
[04:50:06] [59/459] SNNI
[04:50:06] [60/459] LALC
[04:50:07] [61/459] SOCN
[04:50:08] [62/459] JHTP
[04:50:08] [63/459] PITP
[04:50:09] [64/459] CCKW
[04:50:10] [65/459] MCMC
[04:50:10] [66/459] DEES
[04:50:11] [67/459] SABT
[04:50:11] [68/459] VSPP
[04:50:12] [69/459] ABCT
[04:50:12] [70/459] JVTB
[04:50:13] [71/459] VCBD
[04:50:13] [72/459] RMGG
[04:50:14] [73/459] RNMH
[04:50:15] [74/459] SPGL
[04:50:16] [75/459] JTTR
[04:50:16] [76/459] SICS
[04:50:17] [77/459] SRMI
[04:50:17] [78/459] SSIJ
[04:50:18] [79/459] KFMT
[04:50:18] [80/459] VBIT
[04:50:19] [81/459] JKCT
[04:50:19] [82/459] GCGP
[04:50:20] [83/459] GDCS
[04:50:20] [84/459] TRBA
[04:50:21] [85/459] QUST
[04:50:21] [86/459] VSHM
[04:50:22] [87/459] SDCP
[04:50:23] [88/459] SNVS
[04:50:23] [89/459] NYTO
[04:50:24] [90/459] URWC
[04:50:24] [91/459] GTWH
[04:50:25] [92/459] PFCM
[04:50:26] [93/459] KRTA
[04:50:26] [94/459] AXMC
[04:50:27] [95/459] EVMC
[04:50:27] [96/459] HGSM
[04:50:28] [97/459] ACVM
[04:50:29] [98/459] PSKL
[04:50:29] [99/459] RDMP
[04:50:30] [100/459] RHGH
[04:50:31] [101/459] OMCM
[04:50:31] [102/459] DCCP
[04:50:32] [103/459] MCPB
[04:50:32] [104/459] ALCI
[04:50:33] [105/459] BLMX
[04:50:33] [106/459] BTMV
[04:50:34] [107/459] FVPN
[04:50:34] [108/459] CMAR
[04:50:35] [109/459] CEIM
[04:50:36] [110/459] CMVA
[04:50:36] [111/459] CPIV
[04:50:37] [112/459] CNPE
[04:50:37] [113/459] COLV
[04:50:37] [114/459] DNNV
[04:50:38] [115/459] HCAD
[04:50:39] [116/459] TAKA
[04:50:39] [117/459] INVD
[04:50:40] [118/459] IRMM
[04:50:40] [119/459] INSE
[04:50:41] [120/459] MRSW
[04:50:42] [121/459] MCVD
[04:50:42] [122/459] MCSO
[04:50:43] [123/459] PEVM
[04:50:43] [124/459] PVNL
[04:50:44] [125/459] PTCV
[04:50:45] [126/459] PRTC
[04:50:45] [127/459] RCVA
[04:50:46] [128/459] MTBN
[04:50:46] [129/459] LUCP
[04:50:47] [130/459] FMPT
[04:50:47] [131/459] JLSL
[04:50:48] [132/459] SBHA
[04:50:48] [133/459] SHRC
[04:50:49] [134/459] AVPS
[04:50:50] [135/459] STPM
[04:50:50] [136/459] ATRD
[04:50:51] [137/459] VTED
[04:50:51] [138/459] ACAI
[04:50:52] [139/459] SMAE
[04:50:52] [140/459] VMAT
[04:50:53] [141/459] LKCT
[04:50:54] [142/459] JTVK
[04:50:54] [143/459] PRTY
[04:50:55] [144/459] GETT
[04:50:55] [145/459] ESAP
[04:50:56] [146/459] NCPM
[04:50:56] [147/459] PCPA
[04:50:57] [148/459] MMOM
[04:50:58] [149/459] PHUP
[04:50:58] [150/459] CCPI
[04:50:59] [151/459] CNTD
[04:50:59] [152/459] NLJR
[04:51:00] [153/459] SRNG
[04:51:01] [154/459] MHAL
[04:51:01] [155/459] PNSM
[04:51:02] [156/459] DRMY
[04:51:02] [157/459] CCMU
[04:51:03] [158/459] SCMY
[04:51:03] [159/459] PVSY
[04:51:04] [160/459] SDLM
[04:51:04] [161/459] ICCM
[04:51:05] [162/459] PYSU
[04:51:05] [163/459] GATM
[04:51:06] [164/459] WOTM
[04:51:06] [165/459] RKTS
[04:51:07] [166/459] PMTY
[04:51:07] [167/459] LYMS
[04:51:08] [168/459] TGCA
[04:51:09] [169/459] DSTA
[04:51:09] [170/459] CNGE
[04:51:10] [171/459] VSTG
[04:51:10] [172/459] GTCK
[04:51:11] [173/459] TGNT
[04:51:11] [174/459] ASLC
[04:51:12] [175/459] SSST
[04:51:13] [176/459] KBTT
[04:51:13] [177/459] HKCP
[04:51:14] [178/459] SWLC
[04:51:15] [179/459] RTND
[04:51:15] [180/459] PKKT
[04:51:16] [181/459] HSTK
[04:51:16] [182/459] SPTT
[04:51:17] [183/459] IMPM
[04:51:18] [184/459] SCMV
[04:51:18] [185/459] SPCT
[04:51:19] [186/459] JBCA
[04:51:20] [187/459] ATTR
[04:51:20] [188/459] SPMT
[04:51:21] [189/459] LCTM
[04:51:21] [190/459] SCVL
[04:51:22] [191/459] SCVT
[04:51:22] [192/459] KRIC
[04:51:23] [193/459] CTMG
[04:51:23] [194/459] ACNC
[04:51:24] [195/459] DMCK
[04:51:24] [196/459] KMTV
[04:51:25] [197/459] PFCJ
[04:51:26] [198/459] VNMD
[04:51:26] [199/459] VPCZ
[04:51:27] [200/459] SRYR
[04:51:27] [201/459] SYTR
[04:51:28] [202/459] GATR
[04:51:28] [203/459] URTR
[04:51:29] [204/459] MKSM
[04:51:30] [205/459] VSMH
[04:51:30] [206/459] SKRJ
[04:51:31] [207/459] SSJR
[04:51:32] [208/459] SVSM
[04:51:32] [209/459] RUCM
[04:51:32] [210/459] PRKN
[04:51:33] [211/459] RROH
[04:51:33] [212/459] SCTN
[04:51:34] [213/459] RTDM
[04:51:35] [214/459] ASRM
[04:51:35] [215/459] SKMD
[04:51:36] [216/459] SUTD
[04:51:36] [217/459] SADM
[04:51:37] [218/459] WCNR
[04:51:37] [219/459] CNED
[04:51:38] [220/459] MPDB
[04:51:38] [221/459] KTBH
[04:51:39] [222/459] IDRM
[04:51:39] [223/459] PJJT
[04:51:40] [224/459] PFCV
[04:51:40] [225/459] AACT
[04:51:41] [226/459] AAAD
[04:51:41] [227/459] ANES
[04:51:42] [228/459] MNCA
[04:51:42] [229/459] RMGU
[04:51:43] [230/459] DLCN
[04:51:43] [231/459] LJWT
[04:51:44] [232/459] MCBG
[04:51:45] [233/459] MYBG
[04:51:45] [234/459] GCCA
[04:51:46] [235/459] GCGA
[04:51:47] [236/459] ECGN
[04:51:47] [237/459] PRAB
[04:51:48] [238/459] PNMP
[04:51:49] [239/459] GCPT
[04:51:49] [240/459] ROYN
[04:51:50] [241/459] VATM
[04:51:50] [242/459] KSNT
[04:51:51] [243/459] ACTC
[04:51:51] [244/459] PLTD
[04:51:52] [245/459] SKMK
[04:51:52] [246/459] CMTT
[04:51:53] [247/459] SMXP
[04:51:54] [248/459] SCMX
[04:51:54] [249/459] ACXN
[04:51:55] [250/459] ASWT
[04:51:55] [251/459] VVVL
[04:51:56] [252/459] NAGO
[04:51:57] [253/459] SNCN
[04:51:57] [254/459] MCKP
[04:51:58] [255/459] SAMO
[04:51:59] [256/459] JBTV
[04:51:59] [257/459] DCVV
[04:52:00] [258/459] KMSV
[04:52:01] [259/459] KDCN
[04:52:01] [260/459] CNCP
[04:52:02] [261/459] HAMC
[04:52:02] [262/459] CCVZ
[04:52:03] [263/459] NCCK
[04:52:03] [264/459] MCHR
[04:52:04] [265/459] SCHT
[04:52:05] [266/459] ESSH
[04:52:05] [267/459] CUJC
[04:52:06] [268/459] PECP
[04:52:07] [269/459] PMMI
[04:52:07] [270/459] PCCH
[04:52:08] [271/459] PRPM
[04:52:08] [272/459] PVKL
[04:52:09] [273/459] CBSM
[04:52:10] [274/459] PVCZ
[04:52:10] [275/459] PCVV
[04:52:11] [276/459] CTMJ
[04:52:11] [277/459] RCPS
[04:52:12] [278/459] PCIT
[04:52:12] [279/459] FNCH
[04:52:13] [280/459] INZD
[04:52:13] [281/459] INPC
[04:52:14] [282/459] LCZP
[04:52:14] [283/459] SMCB
[04:52:15] [284/459] PTSB
[04:52:15] [285/459] TPSI
[04:52:15] [286/459] KHMJ
[04:52:16] [287/459] RCCJ
[04:52:17] [288/459] NCJA
[04:52:17] [289/459] NCJN
[04:52:18] [290/459] BTDP
[04:52:19] [291/459] PADY
[04:52:19] [292/459] NYBH
[04:52:20] [293/459] MTBR
[04:52:20] [294/459] KRBC
[04:52:21] [295/459] DKTI
[04:52:21] [296/459] ANAN
[04:52:22] [297/459] INBP
[04:52:23] [298/459] PATB
[04:52:23] [299/459] RGNT
[04:52:24] [300/459] CGPM
[04:52:24] [301/459] INTN
[04:52:25] [302/459] MCMP
[04:52:26] [303/459] ASRG
[04:52:26] [304/459] CXJD
[04:52:27] [305/459] SPCP
[04:52:27] [306/459] CSTP
[04:52:28] [307/459] PKVC
[04:52:29] [308/459] ESCP
[04:52:29] [309/459] CAEP
[04:52:30] [310/459] CCSP
[04:52:30] [311/459] KTPC
[04:52:31] [312/459] DACA
[04:52:32] [313/459] NVKY
[04:52:32] [314/459] PTIN
[04:52:33] [315/459] SCIN
[04:52:33] [316/459] MCTY
[04:52:34] [317/459] PCMX
[04:52:35] [318/459] INIC
[04:52:35] [319/459] MMZM
[04:52:36] [320/459] SSLP
[04:52:36] [321/459] DTDT
[04:52:37] [322/459] FFCX
[04:52:37] [323/459] RCMM
[04:52:38] [324/459] KYID
[04:52:39] [325/459] CSCI
[04:52:39] [326/459] FCMC
[04:52:40] [327/459] MMXI
[04:52:40] [328/459] ASTC
[04:52:41] [329/459] CMRA
[04:52:41] [330/459] DICI
[04:52:42] [331/459] KDIN
[04:52:43] [332/459] PRFI
[04:52:43] [333/459] SVFC
[04:52:44] [334/459] UCPL
[04:52:44] [335/459] COOC
[04:52:45] [336/459] SCAL
[04:52:45] [337/459] SVFF
[04:52:46] [338/459] VCMG
[04:52:46] [339/459] UUCT
[04:52:47] [340/459] GCSE
[04:52:47] [341/459] SUSC
[04:52:48] [342/459] MISC
[04:52:49] [343/459] RMBL
[04:52:49] [344/459] CMXN
[04:52:50] [345/459] PVBK
[04:52:50] [346/459] HHCG
[04:52:51] [347/459] SCAG
[04:52:52] [348/459] CNPR
[04:52:52] [349/459] CSER
[04:52:53] [350/459] HLWD
[04:52:53] [351/459] BOLY
[04:52:54] [352/459] SSPG
[04:52:54] [353/459] MUPX
[04:52:55] [354/459] HAMR
[04:52:55] [355/459] SDNC
[04:52:56] [356/459] RTEN
[04:52:57] [357/459] SDTD
[04:52:57] [358/459] KAWS
[04:52:58] [359/459] CMZX
[04:52:58] [360/459] DCDD
[04:52:59] [361/459] ALSN
[04:53:00] [362/459] IMXS
[04:53:00] [363/459] PVFF
[04:53:01] [364/459] PVOO
[04:53:02] [365/459] CFBS
[04:53:02] [366/459] PVER
[04:53:03] [367/459] PPNX
[04:53:03] [368/459] CNRM
[04:53:04] [369/459] PVWW
[04:53:05] [370/459] INMB
[04:53:05] [371/459] CPJR
[04:53:06] [372/459] INRZ
[04:53:06] [373/459] PMSR
[04:53:07] [374/459] GPGM
[04:53:08] [375/459] PGWB
[04:53:08] [376/459] PMBR
[04:53:09] [377/459] GPAM
[04:53:09] [378/459] INBC
[04:53:10] [379/459] PZVK
[04:53:11] [380/459] CPEB
[04:53:11] [381/459] FMLB
[04:53:12] [382/459] INBG
[04:53:13] [383/459] GPBR
[04:53:13] [384/459] PAAS
[04:53:14] [385/459] VTBR
[04:53:14] [386/459] GPMY
[04:53:15] [387/459] GYBU
[04:53:15] [388/459] INBJ
[04:53:16] [389/459] LKTH
[04:53:16] [390/459] NSBR
[04:53:17] [391/459] PDRD
[04:53:17] [392/459] VRBL
[04:53:18] [393/459] VTGB
[04:53:19] [394/459] VTSK
[04:53:19] [395/459] BKDV
[04:53:20] [396/459] SVTB
[04:53:21] [397/459] MLDT
[04:53:21] [398/459] NRBL
[04:53:22] [399/459] SLTR
[04:53:22] [400/459] VNKA
[04:53:23] [401/459] TDCA
[04:53:23] [402/459] INBM
[04:53:24] [403/459] SSNR
[04:53:25] [404/459] BHAC
[04:53:25] [405/459] SDSD
[04:53:26] [406/459] SAMP
[04:53:26] [407/459] RATK
[04:53:27] [408/459] KCBI
[04:53:27] [409/459] URBL
[04:53:28] [410/459] MKBG
[04:53:28] [411/459] ASTB
[04:53:29] [412/459] VBWT
[04:53:30] [413/459] GPSM
[04:53:30] [414/459] ROON
[04:53:31] [415/459] CHTH
[04:53:31] [416/459] SSPA
[04:53:32] [417/459] ANBL
[04:53:33] [418/459] VTBE
[04:53:33] [419/459] SVKT
[04:53:34] [420/459] SVYK
[04:53:34] [421/459] PTBK
[04:53:35] [422/459] RKTB
[04:53:35] [423/459] BALT
[04:53:36] [424/459] STSV
[04:53:37] [425/459] VCCB
[04:53:37] [426/459] SLTB
[04:53:38] [427/459] SBCR
[04:53:38] [428/459] VDCS
[04:53:39] [429/459] MDKI
[04:53:39] [430/459] SMRN
[04:53:40] [431/459] PTBC
[04:53:40] [432/459] RADI
[04:53:41] [433/459] ADCR
[04:53:41] [434/459] SDCS
[04:53:42] [435/459] SRPJ
[04:53:43] [436/459] ARTS
[04:53:43] [437/459] SRHK
[04:53:44] [438/459] SPAY
[04:53:44] [439/459] GPTB
[04:53:45] [440/459] SNNN
[04:53:45] [441/459] BALJ
[04:53:46] [442/459] TRIG
[04:53:46] [443/459] GTYT
[04:53:47] [444/459] ATGN
[04:53:47] [445/459] ANTE
[04:53:47] [446/459] BDCG
[04:53:48] [447/459] VECI
[04:53:48] [448/459] SCPR
[04:53:49] [449/459] RTEA
[04:53:49] [450/459] JSAI
[04:53:50] [451/459] VJTP
[04:53:51] [452/459] GNDS
[04:53:51] [453/459] PAXA
[04:53:52] [454/459] CGGM
[04:53:52] [455/459] ACKZ
[04:53:53] [456/459] EMCC
[04:53:53] [457/459] KLSK
[04:53:54] [458/459] AVCK
[04:53:55] [459/459] JTCK
[04:53:55] ✅ DONE | Shows=19 | Movies=8
