[10:11:49] 🚀 SCRIPT STARTED
[10:11:49] [1/445] TGMR
[10:11:49] 🧠 New identity created
[10:11:50] [2/445] CXKR
[10:11:51] [3/445] SROP
[10:11:53] [4/445] GTSV
[10:11:54] [5/445] SNTY
[10:11:55] [6/445] SMYY
[10:11:56] [7/445] CNCS
[10:11:57] [8/445] CSTM
[10:11:59] [9/445] NUCD
[10:11:59] [10/445] SHCZ
[10:12:00] [11/445] NJCT
[10:12:01] [12/445] COPC
[10:12:02] [13/445] STVV
[10:12:03] [14/445] SKRN
[10:12:04] [15/445] APPZ
[10:12:05] [16/445] YMGN
[10:12:05] [17/445] SVTU
[10:12:06] [18/445] GTAD
[10:12:07] [19/445] PSUS
[10:12:08] [20/445] SMCD
[10:12:09] [21/445] CMCM
[10:12:10] [22/445] SYCT
[10:12:11] [23/445] STLY
[10:12:13] [24/445] CMHU
[10:12:14] [25/445] CMSA
[10:12:15] [26/445] CLCU
[10:12:16] [27/445] PPNT
[10:12:17] [28/445] JTAB
[10:12:18] [29/445] BUUC
[10:12:19] [30/445] BSVK
[10:12:20] [31/445] VVVQ
[10:12:20] [32/445] TKMU
[10:12:22] [33/445] ESYL
[10:12:23] [34/445] ACHP
[10:12:24] [35/445] BTKD
[10:12:25] [36/445] DESA
[10:12:26] [37/445] GBCT
[10:12:27] [38/445] BLLD
[10:12:27] [39/445] SKNT
[10:12:28] [40/445] SSTE
[10:12:29] [41/445] VJMR
[10:12:31] [42/445] NTPU
[10:12:31] [43/445] RDKN
[10:12:32] [44/445] ADGC
[10:12:33] [45/445] VRBP
[10:12:34] [46/445] NMNA
[10:12:35] [47/445] CMMX
[10:12:35] [48/445] PTKO
[10:12:37] [49/445] RBML
[10:12:38] [50/445] SAIC
[10:12:39] [51/445] SVTJ
[10:12:40] [52/445] MRTE
[10:12:41] [53/445] RBTP
[10:12:41] [54/445] NLPS
[10:12:42] [55/445] GTNA
[10:12:43] [56/445] DGGC
[10:12:44] [57/445] SMCR
[10:12:45] [58/445] SCGD
[10:12:45] [59/445] SRRJ
[10:12:46] [60/445] CNRY
[10:12:47] [61/445] KTDI
[10:12:48] [62/445] SNJL
[10:12:49] [63/445] RKMD
[10:12:50] [64/445] SMDC
[10:12:50] [65/445] TADG
[10:12:52] [66/445] MCGS
[10:12:53] [67/445] PETK
[10:12:54] [68/445] CHAG
[10:12:55] [69/445] KSTL
[10:12:56] [70/445] AADS
[10:12:56] [71/445] NTHZ
[10:12:57] [72/445] HCKI
[10:12:58] [73/445] SSEF
[10:12:59] [74/445] MCGX
[10:13:00] [75/445] ERRA
[10:13:01] [76/445] SDTW
[10:13:02] [77/445] RMPK
[10:13:03] [78/445] PTHK
[10:13:04] [79/445] PXCS
[10:13:04] [80/445] SVLU
[10:13:05] [81/445] STAH
[10:13:06] [82/445] JRGF
[10:13:07] [83/445] CDOK
[10:13:08] [84/445] CMSG
[10:13:09] [85/445] APTD
[10:13:09] [86/445] KMPG
[10:13:10] [87/445] MUTJ
[10:13:11] [88/445] VCCI
[10:13:12] [89/445] URBE
[10:13:13] [90/445] TCTS
[10:13:14] [91/445] STSN
[10:13:14] [92/445] AKCH
[10:13:16] [93/445] APSC
[10:13:17] [94/445] VLTB
[10:13:18] [95/445] SANU
[10:13:18] [96/445] AXAM
[10:13:19] [97/445] MGMG
[10:13:20] [98/445] HTBY
[10:13:21] [99/445] MMZS
[10:13:23] [100/445] SUDR
[10:13:24] [101/445] CCAD
[10:13:24] [102/445] SKKC
[10:13:25] [103/445] RMCD
[10:13:26] [104/445] SBCQ
[10:13:27] [105/445] DCCT
[10:13:28] [106/445] VTKP
[10:13:28] [107/445] MLAM
[10:13:29] [108/445] SAVT
[10:13:30] [109/445] GEPL
[10:13:32] [110/445] AMCD
[10:13:33] [111/445] CCXR
[10:13:34] [112/445] GRNG
[10:13:35] [113/445] EBCA
[10:13:35] [114/445] CNVG
[10:13:37] [115/445] MWSS
[10:13:38] [116/445] VBOR
[10:13:39] [117/445] NEEB
[10:13:39] [118/445] SUTH
[10:13:40] [119/445] ANDB
[10:13:41] [120/445] MMXS
[10:13:42] [121/445] CNPD
[10:13:43] [122/445] SDCE
[10:13:44] [123/445] DHCB
[10:13:44] [124/445] ODEN
[10:13:45] [125/445] TNTC
[10:13:46] [126/445] VBKM
[10:13:47] [127/445] RZYM
[10:13:48] [128/445] JEMC
[10:13:49] [129/445] CMAU
[10:13:50] [130/445] SIVP
[10:13:51] [131/445] ATAG
[10:13:52] [132/445] CHTM
[10:13:53] [133/445] AAEE
[10:13:54] [134/445] IWPM
[10:13:54] [135/445] KCMW
[10:13:55] [136/445] MCTD
[10:13:56] [137/445] SPWR
[10:13:57] [138/445] SDPO
[10:13:58] [139/445] PCSK
[10:13:59] [140/445] ACHV
[10:14:00] [141/445] SVLA
[10:14:01] [142/445] PICT
[10:14:02] [143/445] BXDR
[10:14:03] [144/445] SPWA
[10:14:04] [145/445] MCKO
[10:14:05] [146/445] RTHK
[10:14:05] [147/445] CCMF
[10:14:06] [148/445] MRGB
[10:14:07] [149/445] CPLC
[10:14:08] [150/445] RACD
[10:14:09] [151/445] ATKT
[10:14:10] [152/445] SARN
[10:14:11] [153/445] KKUI
[10:14:12] [154/445] RGCM
[10:14:13] [155/445] BRVP
[10:14:13] [156/445] HRSR
[10:14:15] [157/445] GKGM
[10:14:16] [158/445] TTCD
[10:14:16] [159/445] PTTI
[10:14:17] [160/445] MPTT
[10:14:18] [161/445] CVTT
[10:14:19] [162/445] PCXD
[10:14:20] [163/445] GCDC
[10:14:21] [164/445] CCCF
[10:14:22] [165/445] MRAD
[10:14:23] [166/445] CPLK
[10:14:23] [167/445] SATB
[10:14:24] [168/445] SNVG
[10:14:25] [169/445] JMBA
[10:14:26] [170/445] TEJA
[10:14:27] [171/445] STYO
[10:14:27] [172/445] JTBP
[10:14:28] [173/445] KRGD
[10:14:29] [174/445] SLJJ
[10:14:30] [175/445] SPTJ
[10:14:31] [176/445] SWJG
[10:14:32] [177/445] LKRT
[10:14:33] [178/445] KCKA
[10:14:34] [179/445] SNCR
[10:14:35] [180/445] SMKL
[10:14:35] [181/445] GCFA
[10:14:36] [182/445] DDCK
[10:14:37] [183/445] NCHJ
[10:14:38] [184/445] RDMA
[10:14:39] [185/445] SVSV
[10:14:40] [186/445] SCJG
[10:14:41] [187/445] VKLP
[10:14:41] [188/445] NWCC
[10:14:42] [189/445] VKNS
[10:14:44] [190/445] SDDP
[10:14:45] [191/445] ACSI
[10:14:46] [192/445] SATG
[10:14:47] [193/445] SCMW
[10:14:48] [194/445] LKTK
[10:14:49] [195/445] VCKV
[10:14:50] [196/445] KKPE
[10:14:50] [197/445] KIGH
[10:14:51] [198/445] SRPM
[10:14:52] [199/445] SCAH
[10:14:53] [200/445] MUTA
[10:14:54] [201/445] SEPU
[10:14:55] [202/445] INOA
[10:14:56] [203/445] BASK
[10:14:57] [204/445] NECB
[10:14:58] [205/445] GTTG
[10:14:59] [206/445] ASSA
[10:15:00] [207/445] ANCL
[10:15:01] [208/445] GCTI
[10:15:01] [209/445] RCTS
[10:15:02] [210/445] ACNL
[10:15:03] [211/445] MYCT
[10:15:04] [212/445] NMHT
[10:15:05] [213/445] MDIT
[10:15:06] [214/445] LATG
[10:15:07] [215/445] SMTY
[10:15:08] [216/445] CVCT
[10:15:09] [217/445] RAMB
[10:15:09] [218/445] TGMS
[10:15:10] [219/445] BHEL
[10:15:11] [220/445] SHCT
[10:15:12] [221/445] SVCT
[10:15:13] [222/445] MRIY
[10:15:14] [223/445] SARO
[10:15:15] [224/445] STCT
[10:15:15] [225/445] JKKC
[10:15:16] [226/445] PLTT
[10:15:17] [227/445] SRNT
[10:15:18] [228/445] YAST
[10:15:19] [229/445] PERL
[10:15:20] [230/445] CICM
[10:15:20] [231/445] MMTR
[10:15:21] [232/445] ABTK
[10:15:22] [233/445] ATYY
[10:15:23] [234/445] ASTK
[10:15:24] [235/445] VVCK
[10:15:25] [236/445] ATKY
[10:15:26] [237/445] GWEK
[10:15:26] [238/445] SVFH
[10:15:27] [239/445] SLTA
[10:15:28] [240/445] AASH
[10:15:29] [241/445] ACXB
[10:15:30] [242/445] SMTX
[10:15:31] [243/445] AZDH
[10:15:31] [244/445] CMMH
[10:15:32] [245/445] SCSZ
[10:15:33] [246/445] SCKP
[10:15:34] [247/445] NXTM
[10:15:35] [248/445] NWCS
[10:15:36] [249/445] CXMH
[10:15:37] [250/445] PCMA
[10:15:38] [251/445] SGCM
[10:15:38] [252/445] SDTU
[10:15:39] [253/445] MMVI
[10:15:41] [254/445] JKCM
[10:15:42] [255/445] VCMM
[10:15:43] [256/445] SYEE
[10:15:44] [257/445] VASD
[10:15:44] [258/445] BDRB
[10:15:45] [259/445] LASM
[10:15:46] [260/445] DCRL
[10:15:47] [261/445] DVPM
[10:15:48] [262/445] SBMJ
[10:15:48] [263/445] CBMU
[10:15:49] [264/445] IUBS
[10:15:50] [265/445] INAP
[10:15:51] [266/445] SRRC
[10:15:52] [267/445] SAGR
[10:15:52] [268/445] CPMJ
[10:15:53] [269/445] ATJL
[10:15:54] [270/445] NNTD
[10:15:55] [271/445] JHCJ
[10:15:56] [272/445] CMMP
[10:15:57] [273/445] RSDR
[10:15:58] [274/445] AMTI
[10:15:59] [275/445] NYSG
[10:16:00] [276/445] AVSG
[10:16:01] [277/445] SYTP
[10:16:02] [278/445] LARC
[10:16:02] [279/445] RJTP
[10:16:03] [280/445] LAKC
[10:16:04] [281/445] MCXE
[10:16:05] [282/445] CCZC
[10:16:06] [283/445] AVCH
[10:16:07] [284/445] CMBE
[10:16:08] [285/445] MRRC
[10:16:08] [286/445] PCPY
[10:16:09] [287/445] SRMH
[10:16:11] [288/445] SVGS
[10:16:11] [289/445] PCSE
[10:16:13] [290/445] SVFT
[10:16:14] [291/445] TNZP
[10:16:15] [292/445] ICTP
[10:16:15] [293/445] ACTZ
[10:16:16] [294/445] GTUR
[10:16:17] [295/445] MAFC
[10:16:18] [296/445] MINL
[10:16:18] [297/445] MRCL
[10:16:20] [298/445] RCRP
[10:16:21] [299/445] RFFG
[10:16:22] [300/445] RMAS
[10:16:22] [301/445] INVR
[10:16:24] [302/445] RMAR
[10:16:26] [303/445] CNIS
[10:16:26] [304/445] RHRJ
[10:16:27] [305/445] INXR
[10:16:28] [306/445] VALT
[10:16:29] [307/445] LCSH
[10:16:29] [308/445] CMVS
[10:16:30] [309/445] CNMS
[10:16:31] [310/445] ROOG
[10:16:32] [311/445] ISRM
[10:16:33] [312/445] RCRM
[10:16:34] [313/445] ACJA
[10:16:35] [314/445] RCVS
[10:16:35] [315/445] CPUS
[10:16:36] [316/445] TGCS
[10:16:37] [317/445] RKCJ
[10:16:38] [318/445] MKSB
[10:16:39] [319/445] TCSJ
[10:16:40] [320/445] RMGP
[10:16:41] [321/445] CLLP
[10:16:42] [322/445] RCMV
[10:16:43] [323/445] CCKS
[10:16:44] [324/445] RSRP
[10:16:44] [325/445] APLP
[10:16:46] [326/445] CNVS
[10:16:47] [327/445] RMVY
[10:16:48] [328/445] PGBD
[10:16:49] [329/445] KLMS
[10:16:50] [330/445] RUST
[10:16:51] [331/445] MASM
[10:16:51] [332/445] BACS
[10:16:52] [333/445] BWST
[10:16:53] [334/445] RRFH
[10:16:54] [335/445] SJTM
[10:16:55] [336/445] BEMR
[10:16:55] [337/445] MCGR
[10:16:56] [338/445] SDSK
[10:16:57] [339/445] VBOL
[10:16:58] [340/445] RMGM
[10:17:00] [341/445] NOPL
[10:17:00] [342/445] MKJK
[10:17:01] [343/445] CVRN
[10:17:02] [344/445] MMEN
[10:17:03] [345/445] AMNG
[10:17:03] [346/445] INTM
[10:17:04] [347/445] SLCZ
[10:17:05] [348/445] AMJN
[10:17:06] [349/445] ACJN
[10:17:07] [350/445] AMKN
[10:17:08] [351/445] BTCN
[10:17:09] [352/445] AMBT
[10:17:10] [353/445] PACN
[10:17:11] [354/445] LCNS
[10:17:12] [355/445] PPKC
[10:17:13] [356/445] JYYN
[10:17:14] [357/445] JTNR
[10:17:14] [358/445] GTEE
[10:17:15] [359/445] SRNM
[10:17:16] [360/445] SDTC
[10:17:17] [361/445] VPCA
[10:17:18] [362/445] VLRA
[10:17:18] [363/445] SHKR
[10:17:19] [364/445] SBKD
[10:17:20] [365/445] SAAD
[10:17:21] [366/445] JTGN
[10:17:22] [367/445] SLAM
[10:17:22] [368/445] VTPM
[10:17:23] [369/445] ANPT
[10:17:24] [370/445] PUNB
[10:17:25] [371/445] CPKT
[10:17:26] [372/445] CNWE
[10:17:27] [373/445] ECPP
[10:17:28] [374/445] CPAR
[10:17:29] [375/445] ESBW
[10:17:29] [376/445] PKPU
[10:17:30] [377/445] CPRP
[10:17:32] [378/445] RAHU
[10:17:32] [379/445] RHMN
[10:17:33] [380/445] FMJP
[10:17:34] [381/445] CTMP
[10:17:35] [382/445] INPN
[10:17:36] [383/445] STTG
[10:17:36] [384/445] CTRD
[10:17:37] [385/445] PUVB
[10:17:38] [386/445] ESVP
[10:17:39] [387/445] CPFT
[10:17:40] [388/445] LCPC
[10:17:41] [389/445] VBCT
[10:17:42] [390/445] FSCW
[10:17:43] [391/445] VCMP
[10:17:44] [392/445] ASHC
[10:17:45] [393/445] VLCX
[10:17:46] [394/445] SHEV
[10:17:46] [395/445] APCO
[10:17:47] [396/445] SILC
[10:17:48] [397/445] SNMR
[10:17:49] [398/445] KYBO
[10:17:50] [399/445] SATK
[10:17:51] [400/445] SSCS
[10:17:51] [401/445] CLSB
[10:17:53] [402/445] KMJR
[10:17:54] [403/445] FSCK
[10:17:54] [404/445] NNKA
[10:17:55] [405/445] CLMK
[10:17:56] [406/445] DMPZ
[10:17:57] [407/445] INQM
[10:17:58] [408/445] CAML
[10:17:59] [409/445] INRK
[10:18:00] [410/445] IMKN
[10:18:01] [411/445] SVNR
[10:18:01] [412/445] INSL
[10:18:02] [413/445] MSMA
[10:18:03] [414/445] MCKK
[10:18:04] [415/445] FCHP
[10:18:04] [416/445] SFCR
[10:18:05] [417/445] NACK
[10:18:06] [418/445] PVAK
[10:18:07] [419/445] INER
[10:18:08] [420/445] RDBK
[10:18:08] [421/445] SVFN
[10:18:09] [422/445] IFRM
[10:18:10] [423/445] ATCK
[10:18:11] [424/445] ASKO
[10:18:12] [425/445] STKT
[10:18:13] [426/445] SVFB
[10:18:13] [427/445] INKS
[10:18:15] [428/445] PCRA
[10:18:16] [429/445] ATJA
[10:18:17] [430/445] IMJN
[10:18:18] [431/445] INHD
[10:18:18] [432/445] BARA
[10:18:19] [433/445] MCSL
[10:18:20] [434/445] RTOY
[10:18:21] [435/445] MENO
[10:18:21] [436/445] PUDM
[10:18:22] [437/445] PRCN
[10:18:23] [438/445] JMJR
[10:18:24] [439/445] SSGK
[10:18:26] [440/445] SSRL
[10:18:26] [441/445] JYKL
[10:18:28] [442/445] ACNB
[10:18:29] [443/445] SONP
[10:18:29] [444/445] EMCI
[10:18:30] [445/445] MRJH
[10:18:31] 🧹 Deduping shows
[10:18:31] ✅ DONE | Shows=40 | Movies=5
