[10:11:46] 🚀 SCRIPT STARTED
[10:11:46] [1/459] NECA
[10:11:46] 🧠 New identity created
[10:11:47] [2/459] BJLC
[10:11:49] [3/459] BASU
[10:11:50] [4/459] RUPI
[10:11:50] [5/459] LCBK
[10:11:52] [6/459] PMAC
[10:11:53] [7/459] AMLC
[10:11:54] [8/459] LICL
[10:11:56] [9/459] UDMM
[10:11:57] [10/459] STBZ
[10:11:58] [11/459] UUBT
[10:11:59] [12/459] SJKC
[10:12:00] [13/459] TUAL
[10:12:00] [14/459] MRSE
[10:12:01] [15/459] RMRK
[10:12:03] [16/459] TTKP
[10:12:03] [17/459] KTKO
[10:12:04] [18/459] SDBK
[10:12:06] [19/459] MCPR
[10:12:06] [20/459] CHTI
[10:12:07] [21/459] GCCP
[10:12:08] [22/459] SRMY
[10:12:09] [23/459] NYST
[10:12:10] [24/459] NYAG
[10:12:11] [25/459] SBMT
[10:12:12] [26/459] INGA
[10:12:13] [27/459] WSIC
[10:12:13] [28/459] SCSS
[10:12:14] [29/459] COPG
[10:12:15] [30/459] RCGR
[10:12:16] [31/459] TCZA
[10:12:17] [32/459] CNLP
[10:12:18] [33/459] CLKN
[10:12:20] [34/459] LHDF
[10:12:21] [35/459] ELKC
[10:12:22] [36/459] VCEM
[10:12:23] [37/459] SSZA
[10:12:25] [38/459] KRMT
[10:12:26] [39/459] LCMV
[10:12:27] [40/459] AYCZ
[10:12:29] [41/459] CUMS
[10:12:30] [42/459] BOCK
[10:12:31] [43/459] PNMR
[10:12:32] [44/459] PJCP
[10:12:33] [45/459] JDDD
[10:12:34] [46/459] STMS
[10:12:34] [47/459] FLMB
[10:12:35] [48/459] PKCM
[10:12:36] [49/459] SPPR
[10:12:38] [50/459] EYLH
[10:12:39] [51/459] RJCC
[10:12:40] [52/459] MMPS
[10:12:40] [53/459] SHMX
[10:12:41] [54/459] CCNL
[10:12:42] [55/459] RCNV
[10:12:43] [56/459] MAAG
[10:12:44] [57/459] LXCM
[10:12:45] [58/459] RCNI
[10:12:46] [59/459] SNNI
[10:12:47] [60/459] LALC
[10:12:47] [61/459] SOCN
[10:12:49] [62/459] JHTP
[10:12:50] [63/459] PITP
[10:12:51] [64/459] CCKW
[10:12:52] [65/459] MCMC
[10:12:53] [66/459] DEES
[10:12:54] [67/459] SABT
[10:12:55] [68/459] VSPP
[10:12:56] [69/459] ABCT
[10:12:57] [70/459] JVTB
[10:12:58] [71/459] VCBD
[10:12:59] [72/459] RMGG
[10:13:00] [73/459] RNMH
[10:13:01] [74/459] SPGL
[10:13:02] [75/459] JTTR
[10:13:03] [76/459] SICS
[10:13:04] [77/459] SRMI
[10:13:04] [78/459] SSIJ
[10:13:05] [79/459] KFMT
[10:13:06] [80/459] VBIT
[10:13:08] [81/459] JKCT
[10:13:08] [82/459] GCGP
[10:13:09] [83/459] GDCS
[10:13:10] [84/459] TRBA
[10:13:11] [85/459] QUST
[10:13:12] [86/459] VSHM
[10:13:13] [87/459] SDCP
[10:13:14] [88/459] SNVS
[10:13:16] [89/459] NYTO
[10:13:16] [90/459] URWC
[10:13:17] [91/459] GTWH
[10:13:18] [92/459] PFCM
[10:13:19] [93/459] KRTA
[10:13:20] [94/459] AXMC
[10:13:21] [95/459] EVMC
[10:13:22] [96/459] HGSM
[10:13:23] [97/459] ACVM
[10:13:23] [98/459] PSKL
[10:13:24] [99/459] RDMP
[10:13:25] [100/459] RHGH
[10:13:26] [101/459] OMCM
[10:13:27] [102/459] DCCP
[10:13:29] [103/459] MCPB
[10:13:30] [104/459] ALCI
[10:13:31] [105/459] BLMX
[10:13:32] [106/459] BTMV
[10:13:33] [107/459] FVPN
[10:13:33] [108/459] CMAR
[10:13:34] [109/459] CEIM
[10:13:35] [110/459] CMVA
[10:13:37] [111/459] CPIV
[10:13:37] [112/459] CNPE
[10:13:38] [113/459] COLV
[10:13:39] [114/459] DNNV
[10:13:40] [115/459] HCAD
[10:13:41] [116/459] TAKA
[10:13:41] [117/459] INVD
[10:13:42] [118/459] IRMM
[10:13:43] [119/459] INSE
[10:13:44] [120/459] MRSW
[10:13:45] [121/459] MCVD
[10:13:46] [122/459] MCSO
[10:13:47] [123/459] PEVM
[10:13:48] [124/459] PVNL
[10:13:49] [125/459] PTCV
[10:13:50] [126/459] PRTC
[10:13:51] [127/459] RCVA
[10:13:52] [128/459] MTBN
[10:13:53] [129/459] LUCP
[10:13:54] [130/459] FMPT
[10:13:56] [131/459] JLSL
[10:13:57] [132/459] SBHA
[10:13:58] [133/459] SHRC
[10:13:58] [134/459] AVPS
[10:13:59] [135/459] STPM
[10:14:01] [136/459] ATRD
[10:14:02] [137/459] VTED
[10:14:02] [138/459] ACAI
[10:14:04] [139/459] SMAE
[10:14:05] [140/459] VMAT
[10:14:05] [141/459] LKCT
[10:14:06] [142/459] JTVK
[10:14:07] [143/459] PRTY
[10:14:08] [144/459] GETT
[10:14:09] [145/459] ESAP
[10:14:09] [146/459] NCPM
[10:14:10] [147/459] PCPA
[10:14:11] [148/459] MMOM
[10:14:13] [149/459] PHUP
[10:14:13] [150/459] CCPI
[10:14:14] [151/459] CNTD
[10:14:15] [152/459] NLJR
[10:14:15] [153/459] SRNG
[10:14:16] [154/459] MHAL
[10:14:18] [155/459] PNSM
[10:14:19] [156/459] DRMY
[10:14:20] [157/459] CCMU
[10:14:21] [158/459] SCMY
[10:14:22] [159/459] PVSY
[10:14:23] [160/459] SDLM
[10:14:23] [161/459] ICCM
[10:14:24] [162/459] PYSU
[10:14:25] [163/459] GATM
[10:14:26] [164/459] WOTM
[10:14:27] [165/459] RKTS
[10:14:28] [166/459] PMTY
[10:14:29] [167/459] LYMS
[10:14:30] [168/459] TGCA
[10:14:31] [169/459] DSTA
[10:14:31] [170/459] CNGE
[10:14:32] [171/459] VSTG
[10:14:33] [172/459] GTCK
[10:14:33] [173/459] TGNT
[10:14:34] [174/459] ASLC
[10:14:35] [175/459] SSST
[10:14:36] [176/459] KBTT
[10:14:37] [177/459] HKCP
[10:14:38] [178/459] SWLC
[10:14:39] [179/459] RTND
[10:14:40] [180/459] PKKT
[10:14:41] [181/459] HSTK
[10:14:42] [182/459] SPTT
[10:14:43] [183/459] IMPM
[10:14:44] [184/459] SCMV
[10:14:45] [185/459] SPCT
[10:14:46] [186/459] JBCA
[10:14:47] [187/459] ATTR
[10:14:48] [188/459] SPMT
[10:14:48] [189/459] LCTM
[10:14:50] [190/459] SCVL
[10:14:50] [191/459] SCVT
[10:14:51] [192/459] KRIC
[10:14:52] [193/459] CTMG
[10:14:53] [194/459] ACNC
[10:14:54] [195/459] DMCK
[10:14:55] [196/459] KMTV
[10:14:55] [197/459] PFCJ
[10:14:56] [198/459] VNMD
[10:14:57] [199/459] VPCZ
[10:14:58] [200/459] SRYR
[10:14:59] [201/459] SYTR
[10:15:00] [202/459] GATR
[10:15:00] [203/459] URTR
[10:15:01] [204/459] MKSM
[10:15:02] [205/459] VSMH
[10:15:03] [206/459] SKRJ
[10:15:05] [207/459] SSJR
[10:15:05] [208/459] SVSM
[10:15:07] [209/459] RUCM
[10:15:08] [210/459] PRKN
[10:15:09] [211/459] RROH
[10:15:09] [212/459] SCTN
[10:15:10] [213/459] RTDM
[10:15:11] [214/459] ASRM
[10:15:12] [215/459] SKMD
[10:15:13] [216/459] SUTD
[10:15:15] [217/459] SADM
[10:15:16] [218/459] WCNR
[10:15:17] [219/459] CNED
[10:15:18] [220/459] MPDB
[10:15:19] [221/459] KTBH
[10:15:19] [222/459] IDRM
[10:15:20] [223/459] PJJT
[10:15:21] [224/459] PFCV
[10:15:22] [225/459] AACT
[10:15:23] [226/459] AAAD
[10:15:24] [227/459] ANES
[10:15:25] [228/459] MNCA
[10:15:26] [229/459] RMGU
[10:15:27] [230/459] DLCN
[10:15:28] [231/459] LJWT
[10:15:29] [232/459] MCBG
[10:15:30] [233/459] MYBG
[10:15:31] [234/459] GCCA
[10:15:32] [235/459] GCGA
[10:15:33] [236/459] ECGN
[10:15:34] [237/459] PRAB
[10:15:35] [238/459] PNMP
[10:15:36] [239/459] GCPT
[10:15:37] [240/459] ROYN
[10:15:37] [241/459] VATM
[10:15:38] [242/459] KSNT
[10:15:40] [243/459] ACTC
[10:15:40] [244/459] PLTD
[10:15:41] [245/459] SKMK
[10:15:42] [246/459] CMTT
[10:15:43] [247/459] SMXP
[10:15:45] [248/459] SCMX
[10:15:45] [249/459] ACXN
[10:15:46] [250/459] ASWT
[10:15:47] [251/459] VVVL
[10:15:48] [252/459] NAGO
[10:15:48] [253/459] SNCN
[10:15:49] [254/459] MCKP
[10:15:51] [255/459] SAMO
[10:15:51] [256/459] JBTV
[10:15:52] [257/459] DCVV
[10:15:53] [258/459] KMSV
[10:15:54] [259/459] KDCN
[10:15:55] [260/459] CNCP
[10:15:55] [261/459] HAMC
[10:15:56] [262/459] CCVZ
[10:15:57] [263/459] NCCK
[10:15:57] [264/459] MCHR
[10:15:58] [265/459] SCHT
[10:15:58] [266/459] ESSH
[10:15:59] [267/459] CUJC
[10:15:59] [268/459] PECP
[10:16:00] [269/459] PMMI
[10:16:00] [270/459] PCCH
[10:16:01] [271/459] PRPM
[10:16:02] [272/459] PVKL
[10:16:02] [273/459] CBSM
[10:16:03] [274/459] PVCZ
[10:16:03] [275/459] PCVV
[10:16:04] [276/459] CTMJ
[10:16:05] [277/459] RCPS
[10:16:05] [278/459] PCIT
[10:16:06] [279/459] FNCH
[10:16:07] [280/459] INZD
[10:16:07] [281/459] INPC
[10:16:08] [282/459] LCZP
[10:16:08] [283/459] SMCB
[10:16:09] [284/459] PTSB
[10:16:10] [285/459] TPSI
[10:16:10] [286/459] KHMJ
[10:16:11] [287/459] RCCJ
[10:16:12] [288/459] NCJA
[10:16:12] [289/459] NCJN
[10:16:13] [290/459] BTDP
[10:16:13] [291/459] PADY
[10:16:14] [292/459] NYBH
[10:16:15] [293/459] MTBR
[10:16:15] [294/459] KRBC
[10:16:16] [295/459] DKTI
[10:16:16] [296/459] ANAN
[10:16:17] [297/459] INBP
[10:16:18] [298/459] PATB
[10:16:18] [299/459] RGNT
[10:16:19] [300/459] CGPM
[10:16:20] [301/459] INTN
[10:16:20] [302/459] MCMP
[10:16:21] [303/459] ASRG
[10:16:21] [304/459] CXJD
[10:16:22] [305/459] SPCP
[10:16:22] [306/459] CSTP
[10:16:23] [307/459] PKVC
[10:16:23] [308/459] ESCP
[10:16:24] [309/459] CAEP
[10:16:24] [310/459] CCSP
[10:16:25] [311/459] KTPC
[10:16:25] [312/459] DACA
[10:16:26] [313/459] NVKY
[10:16:27] [314/459] PTIN
[10:16:27] [315/459] SCIN
[10:16:28] [316/459] MCTY
[10:16:28] [317/459] PCMX
[10:16:29] [318/459] INIC
[10:16:29] [319/459] MMZM
[10:16:30] [320/459] SSLP
[10:16:30] [321/459] DTDT
[10:16:31] [322/459] FFCX
[10:16:31] [323/459] RCMM
[10:16:32] [324/459] KYID
[10:16:32] [325/459] CSCI
[10:16:33] [326/459] FCMC
[10:16:33] [327/459] MMXI
[10:16:34] [328/459] ASTC
[10:16:35] [329/459] CMRA
[10:16:35] [330/459] DICI
[10:16:36] [331/459] KDIN
[10:16:36] [332/459] PRFI
[10:16:37] [333/459] SVFC
[10:16:38] [334/459] UCPL
[10:16:38] [335/459] COOC
[10:16:39] [336/459] SCAL
[10:16:40] [337/459] SVFF
[10:16:40] [338/459] VCMG
[10:16:41] [339/459] UUCT
[10:16:41] [340/459] GCSE
[10:16:42] [341/459] SUSC
[10:16:43] [342/459] MISC
[10:16:43] [343/459] RMBL
[10:16:44] [344/459] CMXN
[10:16:44] [345/459] PVBK
[10:16:45] [346/459] HHCG
[10:16:45] [347/459] SCAG
[10:16:46] [348/459] CNPR
[10:16:47] [349/459] CSER
[10:16:47] [350/459] HLWD
[10:16:48] [351/459] BOLY
[10:16:48] [352/459] SSPG
[10:16:49] [353/459] MUPX
[10:16:49] [354/459] HAMR
[10:16:50] [355/459] SDNC
[10:16:51] [356/459] RTEN
[10:16:52] [357/459] SDTD
[10:16:52] [358/459] KAWS
[10:16:53] [359/459] CMZX
[10:16:53] [360/459] DCDD
[10:16:54] [361/459] ALSN
[10:16:55] [362/459] IMXS
[10:16:55] [363/459] PVFF
[10:16:56] [364/459] PVOO
[10:16:56] [365/459] CFBS
[10:16:57] [366/459] PVER
[10:16:58] [367/459] PPNX
[10:16:58] [368/459] CNRM
[10:16:58] [369/459] PVWW
[10:16:59] [370/459] INMB
[10:17:00] [371/459] CPJR
[10:17:00] [372/459] INRZ
[10:17:01] [373/459] PMSR
[10:17:02] [374/459] GPGM
[10:17:02] [375/459] PGWB
[10:17:03] [376/459] PMBR
[10:17:04] [377/459] GPAM
[10:17:04] [378/459] INBC
[10:17:05] [379/459] PZVK
[10:17:05] [380/459] CPEB
[10:17:06] [381/459] FMLB
[10:17:07] [382/459] INBG
[10:17:07] [383/459] GPBR
[10:17:08] [384/459] PAAS
[10:17:08] [385/459] VTBR
[10:17:09] [386/459] GPMY
[10:17:09] [387/459] GYBU
[10:17:10] [388/459] INBJ
[10:17:10] [389/459] LKTH
[10:17:11] [390/459] NSBR
[10:17:12] [391/459] PDRD
[10:17:12] [392/459] VRBL
[10:17:13] [393/459] VTGB
[10:17:13] [394/459] VTSK
[10:17:14] [395/459] BKDV
[10:17:15] [396/459] SVTB
[10:17:15] [397/459] MLDT
[10:17:16] [398/459] NRBL
[10:17:16] [399/459] SLTR
[10:17:17] [400/459] VNKA
[10:17:18] [401/459] TDCA
[10:17:18] [402/459] INBM
[10:17:19] [403/459] SSNR
[10:17:19] [404/459] BHAC
[10:17:20] [405/459] SDSD
[10:17:21] [406/459] SAMP
[10:17:21] [407/459] RATK
[10:17:22] [408/459] KCBI
[10:17:22] [409/459] URBL
[10:17:23] [410/459] MKBG
[10:17:23] [411/459] ASTB
[10:17:24] [412/459] VBWT
[10:17:25] [413/459] GPSM
[10:17:25] [414/459] ROON
[10:17:26] [415/459] CHTH
[10:17:27] [416/459] SSPA
[10:17:27] [417/459] ANBL
[10:17:28] [418/459] VTBE
[10:17:29] [419/459] SVKT
[10:17:29] [420/459] SVYK
[10:17:29] [421/459] PTBK
[10:17:30] [422/459] RKTB
[10:17:31] [423/459] BALT
[10:17:31] [424/459] STSV
[10:17:32] [425/459] VCCB
[10:17:32] [426/459] SLTB
[10:17:32] [427/459] SBCR
[10:17:33] [428/459] VDCS
[10:17:34] [429/459] MDKI
[10:17:34] [430/459] SMRN
[10:17:35] [431/459] PTBC
[10:17:35] [432/459] RADI
[10:17:36] [433/459] ADCR
[10:17:37] [434/459] SDCS
[10:17:37] [435/459] SRPJ
[10:17:38] [436/459] ARTS
[10:17:38] [437/459] SRHK
[10:17:39] [438/459] SPAY
[10:17:39] [439/459] GPTB
[10:17:40] [440/459] SNNN
[10:17:40] [441/459] BALJ
[10:17:41] [442/459] TRIG
[10:17:41] [443/459] GTYT
[10:17:42] [444/459] ATGN
[10:17:42] [445/459] ANTE
[10:17:43] [446/459] BDCG
[10:17:43] [447/459] VECI
[10:17:44] [448/459] SCPR
[10:17:44] [449/459] RTEA
[10:17:45] [450/459] JSAI
[10:17:46] [451/459] VJTP
[10:17:46] [452/459] GNDS
[10:17:46] [453/459] PAXA
[10:17:47] [454/459] CGGM
[10:17:48] [455/459] ACKZ
[10:17:48] [456/459] EMCC
[10:17:49] [457/459] KLSK
[10:17:49] [458/459] AVCK
[10:17:50] [459/459] JTCK
[10:17:50] 🧹 Deduping shows
[10:17:50] ✅ DONE | Shows=72 | Movies=11
