[10:11:47] 🚀 SCRIPT STARTED
[10:11:47] [1/459] MBDC
[10:11:47] 🧠 New identity created
[10:11:48] [2/459] CHKM
[10:11:50] [3/459] JTKZ
[10:11:50] [4/459] CMCT
[10:11:51] [5/459] ASHO
[10:11:52] [6/459] ECDG
[10:11:53] [7/459] SPAT
[10:11:54] [8/459] HILC
[10:11:55] [9/459] SPPH
[10:11:56] [10/459] SBHN
[10:11:57] [11/459] RRCA
[10:11:57] [12/459] APAA
[10:11:59] [13/459] RAME
[10:12:00] [14/459] TMMS
[10:12:00] [15/459] BATK
[10:12:01] [16/459] LKOP
[10:12:02] [17/459] AMTT
[10:12:04] [18/459] PTGK
[10:12:05] [19/459] ANRS
[10:12:06] [20/459] VWBW
[10:12:06] [21/459] SVFG
[10:12:07] [22/459] STAT
[10:12:09] [23/459] GDCV
[10:12:09] [24/459] VEBI
[10:12:10] [25/459] VDSS
[10:12:11] [26/459] NTHV
[10:12:12] [27/459] AOCH
[10:12:13] [28/459] KASR
[10:12:15] [29/459] AYCS
[10:12:16] [30/459] SHAI
[10:12:17] [31/459] SKPE
[10:12:17] [32/459] SBTA
[10:12:18] [33/459] RTTD
[10:12:20] [34/459] CCJD
[10:12:20] [35/459] RSJJ
[10:12:21] [36/459] RKND
[10:12:22] [37/459] SVTX
[10:12:23] [38/459] BAKM
[10:12:24] [39/459] SVDC
[10:12:25] [40/459] MNCV
[10:12:26] [41/459] SJGC
[10:12:27] [42/459] MTPK
[10:12:28] [43/459] GATP
[10:12:29] [44/459] ABTS
[10:12:30] [45/459] ABDE
[10:12:31] [46/459] RCNM
[10:12:32] [47/459] KTHV
[10:12:33] [48/459] MDGJ
[10:12:34] [49/459] SMLM
[10:12:34] [50/459] JTMA
[10:12:35] [51/459] ACKP
[10:12:36] [52/459] SRTA
[10:12:37] [53/459] STAY
[10:12:38] [54/459] MAVO
[10:12:39] [55/459] APTS
[10:12:39] [56/459] OMEA
[10:12:40] [57/459] TTFD
[10:12:41] [58/459] MJCU
[10:12:42] [59/459] CXTE
[10:12:43] [60/459] CTPX
[10:12:44] [61/459] ASSL
[10:12:45] [62/459] CMVB
[10:12:45] [63/459] VPUR
[10:12:46] [64/459] JJDA
[10:12:47] [65/459] INBL
[10:12:48] [66/459] BIKB
[10:12:49] [67/459] NTBB
[10:12:50] [68/459] GLOB
[10:12:51] [69/459] SNTB
[10:12:52] [70/459] CHGV
[10:12:53] [71/459] SSBZ
[10:12:54] [72/459] PRDB
[10:12:55] [73/459] ISMT
[10:12:56] [74/459] MCSD
[10:12:57] [75/459] JBTT
[10:12:58] [76/459] GEKR
[10:12:59] [77/459] PVUN
[10:12:59] [78/459] NRTB
[10:13:00] [79/459] PRAA
[10:13:01] [80/459] PCBL
[10:13:02] [81/459] PTCM
[10:13:02] [82/459] KHNN
[10:13:03] [83/459] OMJE
[10:13:04] [84/459] STGN
[10:13:05] [85/459] RPMS
[10:13:06] [86/459] NWAD
[10:13:07] [87/459] BLCK
[10:13:08] [88/459] SVAA
[10:13:09] [89/459] URVM
[10:13:10] [90/459] ANTM
[10:13:10] [91/459] VJYM
[10:13:11] [92/459] MAZZ
[10:13:13] [93/459] CSHM
[10:13:14] [94/459] WGMH
[10:13:14] [95/459] SALN
[10:13:16] [96/459] BRTP
[10:13:17] [97/459] SVTA
[10:13:19] [98/459] SBTP
[10:13:20] [99/459] VLSS
[10:13:20] [100/459] SRJA
[10:13:21] [101/459] ANCG
[10:13:22] [102/459] CGGC
[10:13:23] [103/459] CRJA
[10:13:23] [104/459] USCR
[10:13:25] [105/459] MMEF
[10:13:25] [106/459] JCRJ
[10:13:27] [107/459] ADCM
[10:13:28] [108/459] BMYK
[10:13:29] [109/459] KICS
[10:13:30] [110/459] MBBT
[10:13:31] [111/459] MACK
[10:13:32] [112/459] CLDR
[10:13:33] [113/459] JYCR
[10:13:34] [114/459] DCRP
[10:13:35] [115/459] RAHT
[10:13:36] [116/459] CSSM
[10:13:37] [117/459] ATPK
[10:13:37] [118/459] KLRT
[10:13:38] [119/459] SRDD
[10:13:38] [120/459] CKMC
[10:13:39] [121/459] KRVM
[10:13:40] [122/459] AKCP
[10:13:40] [123/459] CNCV
[10:13:41] [124/459] PACT
[10:13:42] [125/459] NATP
[10:13:42] [126/459] PCPK
[10:13:43] [127/459] SMHO
[10:13:43] [128/459] CWTK
[10:13:44] [129/459] RVKZ
[10:13:44] [130/459] ASPD
[10:13:45] [131/459] VTKZ
[10:13:45] [132/459] LCSO
[10:13:46] [133/459] PRDY
[10:13:47] [134/459] RCAP
[10:13:47] [135/459] RGAR
[10:13:48] [136/459] RCAC
[10:13:48] [137/459] PMOD
[10:13:49] [138/459] PVCN
[10:13:49] [139/459] SCRZ
[10:13:50] [140/459] PVPC
[10:13:50] [141/459] STID
[10:13:51] [142/459] NEDD
[10:13:51] [143/459] BNBA
[10:13:52] [144/459] NTCD
[10:13:53] [145/459] OCDE
[10:13:53] [146/459] CCDU
[10:13:54] [147/459] CRXH
[10:13:55] [148/459] VLVT
[10:13:55] [149/459] CICI
[10:13:56] [150/459] SUCB
[10:13:56] [151/459] TCBP
[10:13:57] [152/459] SCCY
[10:13:57] [153/459] LXCY
[10:13:58] [154/459] NCMD
[10:13:59] [155/459] PHCS
[10:13:59] [156/459] DUXR
[10:14:00] [157/459] VNKS
[10:14:00] [158/459] SEDP
[10:14:01] [159/459] SVEN
[10:14:01] [160/459] SRKM
[10:14:02] [161/459] JTLT
[10:14:03] [162/459] SVSS
[10:14:03] [163/459] AMDE
[10:14:04] [164/459] WVRN
[10:14:04] [165/459] ISMG
[10:14:05] [166/459] WVKS
[10:14:05] [167/459] USCG
[10:14:06] [168/459] IOTG
[10:14:06] [169/459] RRJM
[10:14:07] [170/459] EDMP
[10:14:07] [171/459] SCGZ
[10:14:08] [172/459] GMGX
[10:14:08] [173/459] OMTP
[10:14:09] [174/459] MITD
[10:14:09] [175/459] SMMD
[10:14:10] [176/459] STML
[10:14:10] [177/459] MCFS
[10:14:11] [178/459] FPKA
[10:14:12] [179/459] OMLR
[10:14:12] [180/459] KKSC
[10:14:13] [181/459] RVMA
[10:14:14] [182/459] SCLL
[10:14:14] [183/459] SCDK
[10:14:14] [184/459] SXMI
[10:14:15] [185/459] SHDN
[10:14:16] [186/459] PAAD
[10:14:16] [187/459] UUCB
[10:14:17] [188/459] JHOL
[10:14:18] [189/459] SGWT
[10:14:18] [190/459] SRII
[10:14:19] [191/459] SGCK
[10:14:19] [192/459] SVVB
[10:14:20] [193/459] DMHA
[10:14:20] [194/459] PPNL
[10:14:21] [195/459] CPNL
[10:14:22] [196/459] WVLD
[10:14:22] [197/459] PSLV
[10:14:23] [198/459] VTTL
[10:14:23] [199/459] NPAD
[10:14:24] [200/459] PVCS
[10:14:24] [201/459] MCHL
[10:14:25] [202/459] PPLL
[10:14:26] [203/459] MALO
[10:14:26] [204/459] SWBH
[10:14:27] [205/459] PUGB
[10:14:27] [206/459] INBB
[10:14:28] [207/459] INNS
[10:14:29] [208/459] MCPT
[10:14:29] [209/459] SCMI
[10:14:30] [210/459] OCON
[10:14:30] [211/459] SCSM
[10:14:31] [212/459] RJVN
[10:14:32] [213/459] AMDK
[10:14:32] [214/459] ISMR
[10:14:33] [215/459] SMTD
[10:14:34] [216/459] VTDD
[10:14:34] [217/459] PDDZ
[10:14:35] [218/459] PCCK
[10:14:35] [219/459] INAM
[10:14:36] [220/459] FNKT
[10:14:37] [221/459] GDKA
[10:14:37] [222/459] MAYU
[10:14:38] [223/459] TCGU
[10:14:38] [224/459] KDCA
[10:14:39] [225/459] DOMY
[10:14:39] [226/459] PDDD
[10:14:40] [227/459] BJTS
[10:14:40] [228/459] VTCA
[10:14:41] [229/459] SBTM
[10:14:42] [230/459] SEET
[10:14:42] [231/459] SSTJ
[10:14:43] [232/459] SVNT
[10:14:43] [233/459] PPPR
[10:14:44] [234/459] PVYS
[10:14:44] [235/459] IOSE
[10:14:45] [236/459] ACTV
[10:14:45] [237/459] APVE
[10:14:46] [238/459] TCCL
[10:14:47] [239/459] SCMO
[10:14:47] [240/459] SAUM
[10:14:48] [241/459] KCJS
[10:14:48] [242/459] NJCJ
[10:14:49] [243/459] NECF
[10:14:50] [244/459] CCGW
[10:14:50] [245/459] CCMG
[10:14:51] [246/459] NYRG
[10:14:51] [247/459] NCSQ
[10:14:52] [248/459] GRCG
[10:14:53] [249/459] CCBT
[10:14:53] [250/459] ACGA
[10:14:54] [251/459] INAG
[10:14:55] [252/459] FUCG
[10:14:55] [253/459] AICF
[10:14:56] [254/459] GRGA
[10:14:56] [255/459] GDCN
[10:14:57] [256/459] RRCG
[10:14:57] [257/459] SDCH
[10:14:58] [258/459] WVJM
[10:14:58] [259/459] JCCZ
[10:14:59] [260/459] CNCL
[10:14:59] [261/459] TMLV
[10:15:00] [262/459] MEMB
[10:15:01] [263/459] SGTD
[10:15:01] [264/459] CONX
[10:15:02] [265/459] CCMH
[10:15:02] [266/459] ACMC
[10:15:03] [267/459] DTPD
[10:15:04] [268/459] POJA
[10:15:04] [269/459] FNBH
[10:15:04] [270/459] CGCB
[10:15:05] [271/459] RACN
[10:15:06] [272/459] JTSM
[10:15:06] [273/459] SCDN
[10:15:07] [274/459] AACK
[10:15:07] [275/459] RMCE
[10:15:08] [276/459] BSGB
[10:15:09] [277/459] MRCB
[10:15:09] [278/459] SRVR
[10:15:10] [279/459] VTKK
[10:15:10] [280/459] AMST
[10:15:11] [281/459] APCY
[10:15:11] [282/459] LMHO
[10:15:12] [283/459] MTZH
[10:15:12] [284/459] AMZB
[10:15:13] [285/459] SUVT
[10:15:13] [286/459] RCIP
[10:15:14] [287/459] KESR
[10:15:15] [288/459] SNKC
[10:15:15] [289/459] SCED
[10:15:15] [290/459] DVCA
[10:15:16] [291/459] VCDT
[10:15:17] [292/459] RRDI
[10:15:17] [293/459] DFCH
[10:15:18] [294/459] INSC
[10:15:18] [295/459] RGTR
[10:15:19] [296/459] FMOT
[10:15:20] [297/459] SCPM
[10:15:20] [298/459] GCDT
[10:15:21] [299/459] BRKT
[10:15:21] [300/459] DEMP
[10:15:22] [301/459] SRLC
[10:15:22] [302/459] KSTT
[10:15:23] [303/459] SMMT
[10:15:23] [304/459] SILM
[10:15:24] [305/459] JCVM
[10:15:24] [306/459] KCSV
[10:15:25] [307/459] MHLK
[10:15:25] [308/459] SLVL
[10:15:26] [309/459] RJKP
[10:15:27] [310/459] BBPC
[10:15:27] [311/459] MXCB
[10:15:28] [312/459] TCPK
[10:15:28] [313/459] RTBR
[10:15:29] [314/459] GAUT
[10:15:30] [315/459] DVCF
[10:15:30] [316/459] JTSB
[10:15:31] [317/459] SBLS
[10:15:32] [318/459] UDAY
[10:15:32] [319/459] PTNP
[10:15:33] [320/459] DMKT
[10:15:33] [321/459] NTDT
[10:15:34] [322/459] SHDJ
[10:15:35] [323/459] OTNC
[10:15:35] [324/459] RNTW
[10:15:36] [325/459] GCMI
[10:15:36] [326/459] CRCM
[10:15:37] [327/459] NNCZ
[10:15:37] [328/459] OEMO
[10:15:38] [329/459] PVJM
[10:15:38] [330/459] CPJI
[10:15:39] [331/459] RMCJ
[10:15:39] [332/459] CNWJ
[10:15:40] [333/459] EPJM
[10:15:40] [334/459] FNJJ
[10:15:41] [335/459] GCMJ
[10:15:41] [336/459] INPS
[10:15:42] [337/459] BICJ
[10:15:43] [338/459] ISTJ
[10:15:43] [339/459] INJC
[10:15:44] [340/459] GLXJ
[10:15:44] [341/459] INEM
[10:15:45] [342/459] JTMN
[10:15:46] [343/459] FRCJ
[10:15:46] [344/459] DDJP
[10:15:47] [345/459] INJV
[10:15:47] [346/459] GOLC
[10:15:48] [347/459] KOCI
[10:15:49] [348/459] FSTD
[10:15:49] [349/459] PACJ
[10:15:50] [350/459] GMCN
[10:15:50] [351/459] MMDJ
[10:15:51] [352/459] GODH
[10:15:51] [353/459] SKYN
[10:15:52] [354/459] NCTH
[10:15:53] [355/459] SKVZ
[10:15:53] [356/459] SVML
[10:15:54] [357/459] ACVZ
[10:15:54] [358/459] SURA
[10:15:55] [359/459] RTRB
[10:15:55] [360/459] LLCT
[10:15:56] [361/459] ATTS
[10:15:57] [362/459] JYCM
[10:15:57] [363/459] CTKR
[10:15:57] [364/459] LCKR
[10:15:58] [365/459] NYCV
[10:15:59] [366/459] NYOH
[10:15:59] [367/459] NOVX
[10:16:00] [368/459] MRGK
[10:16:00] [369/459] MOON
[10:16:01] [370/459] SBUC
[10:16:01] [371/459] GSVA
[10:16:01] [372/459] VIAK
[10:16:02] [373/459] SMVZ
[10:16:03] [374/459] MATE
[10:16:03] [375/459] RDCN
[10:16:04] [376/459] ASBL
[10:16:04] [377/459] ASVS
[10:16:05] [378/459] ASSR
[10:16:05] [379/459] SSKN
[10:16:06] [380/459] DRPV
[10:16:06] [381/459] MRHT
[10:16:07] [382/459] BSCN
[10:16:08] [383/459] RKNX
[10:16:08] [384/459] MSMC
[10:16:09] [385/459] MSCJ
[10:16:09] [386/459] BTBJ
[10:16:10] [387/459] MJCC
[10:16:10] [388/459] IOMM
[10:16:11] [389/459] ADGR
[10:16:11] [390/459] MYCP
[10:16:12] [391/459] IGCM
[10:16:12] [392/459] PGRK
[10:16:13] [393/459] VPGO
[10:16:14] [394/459] KOMS
[10:16:14] [395/459] URGG
[10:16:15] [396/459] GOST
[10:16:15] [397/459] LACT
[10:16:16] [398/459] BWCM
[10:16:16] [399/459] NCCW
[10:16:17] [400/459] SKYC
[10:16:18] [401/459] CCPM
[10:16:18] [402/459] VCBT
[10:16:19] [403/459] SDKR
[10:16:19] [404/459] CTYB
[10:16:20] [405/459] SHCX
[10:16:20] [406/459] RCUN
[10:16:21] [407/459] CNRA
[10:16:21] [408/459] RFCA
[10:16:22] [409/459] RDCU
[10:16:22] [410/459] SARK
[10:16:23] [411/459] SPPP
[10:16:24] [412/459] ADMB
[10:16:24] [413/459] JYOE
[10:16:25] [414/459] SRMD
[10:16:25] [415/459] RJDH
[10:16:26] [416/459] SSTD
[10:16:27] [417/459] AACV
[10:16:27] [418/459] PPVD
[10:16:28] [419/459] STCP
[10:16:29] [420/459] ANJR
[10:16:29] [421/459] ANLS
[10:16:30] [422/459] BIJO
[10:16:30] [423/459] AVAB
[10:16:31] [424/459] SPMD
[10:16:31] [425/459] SVJL
[10:16:32] [426/459] SDDJ
[10:16:33] [427/459] SLTU
[10:16:33] [428/459] SAKA
[10:16:34] [429/459] PMAM
[10:16:34] [430/459] FNAM
[10:16:35] [431/459] ACAM
[10:16:36] [432/459] SCMM
[10:16:36] [433/459] PMAK
[10:16:37] [434/459] NYSA
[10:16:37] [435/459] FCPA
[10:16:38] [436/459] GDAN
[10:16:38] [437/459] RSCA
[10:16:39] [438/459] DMAN
[10:16:40] [439/459] DZCM
[10:16:40] [440/459] NSGL
[10:16:41] [441/459] CCPP
[10:16:41] [442/459] PSMG
[10:16:42] [443/459] GSER
[10:16:42] [444/459] FCCT
[10:16:43] [445/459] FCTB
[10:16:43] [446/459] LCNK
[10:16:44] [447/459] SKTY
[10:16:45] [448/459] INAA
[10:16:45] [449/459] RCWN
[10:16:46] [450/459] VAIS
[10:16:46] [451/459] CVMN
[10:16:47] [452/459] INTS
[10:16:48] [453/459] FRGS
[10:16:48] [454/459] DTCK
[10:16:49] [455/459] MCMH
[10:16:49] [456/459] ECRR
[10:16:50] [457/459] RLLP
[10:16:50] [458/459] CCSN
[10:16:51] [459/459] CCBA
[10:16:51] 🧹 Deduping shows
[10:16:51] ✅ DONE | Shows=160 | Movies=21
[16:45:48] 🚀 SCRIPT STARTED
[16:45:48] [1/459] MBDC
[16:45:48] 🧠 New identity created
[16:45:50] [2/459] CHKM
[16:45:50] [3/459] JTKZ
[16:45:51] [4/459] CMCT
[16:45:53] [5/459] ASHO
[16:45:53] [6/459] ECDG
[16:45:54] [7/459] SPAT
[16:45:55] [8/459] HILC
[16:45:56] [9/459] SPPH
[16:45:57] [10/459] SBHN
[16:45:57] [11/459] RRCA
[16:45:58] [12/459] APAA
[16:45:59] [13/459] RAME
[16:46:00] [14/459] TMMS
[16:46:00] [15/459] BATK
[16:46:01] [16/459] LKOP
[16:46:02] [17/459] AMTT
[16:46:03] [18/459] PTGK
[16:46:04] [19/459] ANRS
[16:46:05] [20/459] VWBW
[16:46:06] [21/459] SVFG
[16:46:07] [22/459] STAT
[16:46:07] [23/459] GDCV
[16:46:08] [24/459] VEBI
[16:46:09] [25/459] VDSS
[16:46:10] [26/459] NTHV
[16:46:10] [27/459] AOCH
[16:46:12] [28/459] KASR
[16:46:13] [29/459] AYCS
[16:46:15] [30/459] SHAI
[16:46:15] [31/459] SKPE
[16:46:17] [32/459] SBTA
[16:46:18] [33/459] RTTD
[16:46:19] [34/459] CCJD
[16:46:20] [35/459] RSJJ
[16:46:21] [36/459] RKND
[16:46:22] [37/459] SVTX
[16:46:22] [38/459] BAKM
[16:46:23] [39/459] SVDC
[16:46:25] [40/459] MNCV
[16:46:26] [41/459] SJGC
[16:46:27] [42/459] MTPK
[16:46:28] [43/459] GATP
[16:46:29] [44/459] ABTS
[16:46:30] [45/459] ABDE
[16:46:31] [46/459] RCNM
[16:46:31] [47/459] KTHV
[16:46:32] [48/459] MDGJ
[16:46:33] [49/459] SMLM
[16:46:34] [50/459] JTMA
[16:46:35] [51/459] ACKP
[16:46:36] [52/459] SRTA
[16:46:37] [53/459] STAY
[16:46:38] [54/459] MAVO
[16:46:39] [55/459] APTS
[16:46:40] [56/459] OMEA
[16:46:42] [57/459] TTFD
[16:46:43] [58/459] MJCU
[16:46:44] [59/459] CXTE
[16:46:44] [60/459] CTPX
[16:46:45] [61/459] ASSL
[16:46:46] [62/459] CMVB
[16:46:47] [63/459] VPUR
[16:46:48] [64/459] JJDA
[16:46:49] [65/459] INBL
[16:46:50] [66/459] BIKB
[16:46:51] [67/459] NTBB
[16:46:52] [68/459] GLOB
[16:46:53] [69/459] SNTB
[16:46:54] [70/459] CHGV
[16:46:55] [71/459] SSBZ
[16:46:57] [72/459] PRDB
[16:46:57] [73/459] ISMT
[16:46:58] [74/459] MCSD
[16:46:59] [75/459] JBTT
[16:47:00] [76/459] GEKR
[16:47:00] [77/459] PVUN
[16:47:01] [78/459] NRTB
[16:47:02] [79/459] PRAA
[16:47:03] [80/459] PCBL
[16:47:04] [81/459] PTCM
[16:47:05] [82/459] KHNN
[16:47:05] [83/459] OMJE
[16:47:06] [84/459] STGN
[16:47:08] [85/459] RPMS
[16:47:08] [86/459] NWAD
[16:47:09] [87/459] BLCK
[16:47:11] [88/459] SVAA
[16:47:11] [89/459] URVM
[16:47:12] [90/459] ANTM
[16:47:13] [91/459] VJYM
[16:47:14] [92/459] MAZZ
[16:47:15] [93/459] CSHM
[16:47:16] [94/459] WGMH
[16:47:17] [95/459] SALN
[16:47:18] [96/459] BRTP
[16:47:18] [97/459] SVTA
[16:47:20] [98/459] SBTP
[16:47:21] [99/459] VLSS
[16:47:22] [100/459] SRJA
[16:47:23] [101/459] ANCG
[16:47:24] [102/459] CGGC
[16:47:25] [103/459] CRJA
[16:47:26] [104/459] USCR
[16:47:28] [105/459] MMEF
[16:47:28] [106/459] JCRJ
[16:47:29] [107/459] ADCM
[16:47:31] [108/459] BMYK
[16:47:32] [109/459] KICS
[16:47:32] [110/459] MBBT
[16:47:33] [111/459] MACK
[16:47:34] [112/459] CLDR
[16:47:34] [113/459] JYCR
[16:47:35] [114/459] DCRP
[16:47:37] [115/459] RAHT
[16:47:38] [116/459] CSSM
[16:47:39] [117/459] ATPK
[16:47:40] [118/459] KLRT
[16:47:41] [119/459] SRDD
[16:47:42] [120/459] CKMC
[16:47:43] [121/459] KRVM
[16:47:44] [122/459] AKCP
[16:47:45] [123/459] CNCV
[16:47:46] [124/459] PACT
[16:47:46] [125/459] NATP
[16:47:47] [126/459] PCPK
[16:47:48] [127/459] SMHO
[16:47:50] [128/459] CWTK
[16:47:50] [129/459] RVKZ
[16:47:51] [130/459] ASPD
[16:47:52] [131/459] VTKZ
[16:47:53] [132/459] LCSO
[16:47:54] [133/459] PRDY
[16:47:55] [134/459] RCAP
[16:47:56] [135/459] RGAR
[16:47:57] [136/459] RCAC
[16:47:59] [137/459] PMOD
[16:48:00] [138/459] PVCN
[16:48:00] [139/459] SCRZ
[16:48:01] [140/459] PVPC
[16:48:02] [141/459] STID
[16:48:03] [142/459] NEDD
[16:48:04] [143/459] BNBA
[16:48:04] [144/459] NTCD
[16:48:06] [145/459] OCDE
[16:48:07] [146/459] CCDU
[16:48:08] [147/459] CRXH
[16:48:09] [148/459] VLVT
[16:48:10] [149/459] CICI
[16:48:10] [150/459] SUCB
[16:48:11] [151/459] TCBP
[16:48:12] [152/459] SCCY
[16:48:14] [153/459] LXCY
[16:48:14] [154/459] NCMD
[16:48:16] [155/459] PHCS
[16:48:17] [156/459] DUXR
[16:48:17] [157/459] VNKS
[16:48:19] [158/459] SEDP
[16:48:20] [159/459] SVEN
[16:48:21] [160/459] SRKM
[16:48:21] [161/459] JTLT
[16:48:22] [162/459] SVSS
[16:48:23] [163/459] AMDE
[16:48:24] [164/459] WVRN
[16:48:25] [165/459] ISMG
[16:48:26] [166/459] WVKS
[16:48:27] [167/459] USCG
[16:48:28] [168/459] IOTG
[16:48:29] [169/459] RRJM
[16:48:30] [170/459] EDMP
[16:48:31] [171/459] SCGZ
[16:48:32] [172/459] GMGX
[16:48:33] [173/459] OMTP
[16:48:33] [174/459] MITD
[16:48:34] [175/459] SMMD
[16:48:35] [176/459] STML
[16:48:36] [177/459] MCFS
[16:48:37] [178/459] FPKA
[16:48:38] [179/459] OMLR
[16:48:39] [180/459] KKSC
[16:48:40] [181/459] RVMA
[16:48:41] [182/459] SCLL
[16:48:42] [183/459] SCDK
[16:48:43] [184/459] SXMI
[16:48:43] [185/459] SHDN
[16:48:44] [186/459] PAAD
[16:48:45] [187/459] UUCB
[16:48:45] [188/459] JHOL
[16:48:47] [189/459] SGWT
[16:48:48] [190/459] SRII
[16:48:48] [191/459] SGCK
[16:48:50] [192/459] SVVB
[16:48:51] [193/459] DMHA
[16:48:51] [194/459] PPNL
[16:48:53] [195/459] CPNL
[16:48:54] [196/459] WVLD
[16:48:54] [197/459] PSLV
[16:48:55] [198/459] VTTL
[16:48:56] [199/459] NPAD
[16:48:57] [200/459] PVCS
[16:48:58] [201/459] MCHL
[16:48:58] [202/459] PPLL
[16:49:00] [203/459] MALO
[16:49:01] [204/459] SWBH
[16:49:02] [205/459] PUGB
[16:49:02] [206/459] INBB
[16:49:03] [207/459] INNS
[16:49:04] [208/459] MCPT
[16:49:05] [209/459] SCMI
[16:49:05] [210/459] OCON
[16:49:06] [211/459] SCSM
[16:49:07] [212/459] RJVN
[16:49:08] [213/459] AMDK
[16:49:09] [214/459] ISMR
[16:49:09] [215/459] SMTD
[16:49:10] [216/459] VTDD
[16:49:11] [217/459] PDDZ
[16:49:12] [218/459] PCCK
[16:49:13] [219/459] INAM
[16:49:14] [220/459] FNKT
[16:49:15] [221/459] GDKA
[16:49:16] [222/459] MAYU
[16:49:17] [223/459] TCGU
[16:49:18] [224/459] KDCA
[16:49:18] [225/459] DOMY
[16:49:19] [226/459] PDDD
[16:49:20] [227/459] BJTS
[16:49:21] [228/459] VTCA
[16:49:22] [229/459] SBTM
[16:49:22] [230/459] SEET
[16:49:23] [231/459] SSTJ
[16:49:24] [232/459] SVNT
[16:49:25] [233/459] PPPR
[16:49:26] [234/459] PVYS
[16:49:27] [235/459] IOSE
[16:49:27] [236/459] ACTV
[16:49:29] [237/459] APVE
[16:49:30] [238/459] TCCL
[16:49:31] [239/459] SCMO
[16:49:32] [240/459] SAUM
[16:49:32] [241/459] KCJS
[16:49:33] [242/459] NJCJ
[16:49:34] [243/459] NECF
[16:49:35] [244/459] CCGW
[16:49:36] [245/459] CCMG
[16:49:37] [246/459] NYRG
[16:49:38] [247/459] NCSQ
[16:49:39] [248/459] GRCG
[16:49:41] [249/459] CCBT
[16:49:41] [250/459] ACGA
[16:49:42] [251/459] INAG
[16:49:44] [252/459] FUCG
[16:49:45] [253/459] AICF
[16:49:45] [254/459] GRGA
[16:49:46] [255/459] GDCN
[16:49:48] [256/459] RRCG
[16:49:49] [257/459] SDCH
[16:49:49] [258/459] WVJM
[16:49:50] [259/459] JCCZ
[16:49:51] [260/459] CNCL
[16:49:51] [261/459] TMLV
[16:49:52] [262/459] MEMB
[16:49:53] [263/459] SGTD
[16:49:54] [264/459] CONX
[16:49:54] [265/459] CCMH
[16:49:55] [266/459] ACMC
[16:49:56] [267/459] DTPD
[16:49:57] [268/459] POJA
[16:49:58] [269/459] FNBH
[16:49:59] [270/459] CGCB
[16:50:00] [271/459] RACN
[16:50:00] [272/459] JTSM
[16:50:01] [273/459] SCDN
[16:50:02] [274/459] AACK
[16:50:03] [275/459] RMCE
[16:50:03] [276/459] BSGB
[16:50:05] [277/459] MRCB
[16:50:05] [278/459] SRVR
[16:50:06] [279/459] VTKK
[16:50:07] [280/459] AMST
[16:50:07] [281/459] APCY
[16:50:08] [282/459] LMHO
[16:50:09] [283/459] MTZH
[16:50:10] [284/459] AMZB
[16:50:10] [285/459] SUVT
[16:50:11] [286/459] RCIP
[16:50:12] [287/459] KESR
[16:50:13] [288/459] SNKC
[16:50:14] [289/459] SCED
[16:50:14] [290/459] DVCA
[16:50:15] [291/459] VCDT
[16:50:16] [292/459] RRDI
[16:50:17] [293/459] DFCH
[16:50:18] [294/459] INSC
[16:50:18] [295/459] RGTR
[16:50:19] [296/459] FMOT
[16:50:20] [297/459] SCPM
[16:50:21] [298/459] GCDT
[16:50:22] [299/459] BRKT
[16:50:23] [300/459] DEMP
[16:50:25] [301/459] SRLC
[16:50:26] [302/459] KSTT
[16:50:26] [303/459] SMMT
[16:50:27] [304/459] SILM
[16:50:29] [305/459] JCVM
[16:50:30] [306/459] KCSV
[16:50:31] [307/459] MHLK
[16:50:31] [308/459] SLVL
[16:50:33] [309/459] RJKP
[16:50:34] [310/459] BBPC
[16:50:34] [311/459] MXCB
[16:50:35] [312/459] TCPK
[16:50:36] [313/459] RTBR
[16:50:37] [314/459] GAUT
[16:50:39] [315/459] DVCF
[16:50:39] [316/459] JTSB
[16:50:40] [317/459] SBLS
[16:50:41] [318/459] UDAY
[16:50:42] [319/459] PTNP
[16:50:43] [320/459] DMKT
[16:50:43] [321/459] NTDT
[16:50:44] [322/459] SHDJ
[16:50:45] [323/459] OTNC
[16:50:46] [324/459] RNTW
[16:50:47] [325/459] GCMI
[16:50:48] [326/459] CRCM
[16:50:50] [327/459] NNCZ
[16:50:51] [328/459] OEMO
[16:50:51] [329/459] PVJM
[16:50:52] [330/459] CPJI
[16:50:53] [331/459] RMCJ
[16:50:55] [332/459] CNWJ
[16:50:56] [333/459] EPJM
[16:50:56] [334/459] FNJJ
[16:50:57] [335/459] GCMJ
[16:50:58] [336/459] INPS
[16:50:59] [337/459] BICJ
[16:51:00] [338/459] ISTJ
[16:51:00] [339/459] INJC
[16:51:01] [340/459] GLXJ
[16:51:02] [341/459] INEM
[16:51:03] [342/459] JTMN
[16:51:04] [343/459] FRCJ
[16:51:05] [344/459] DDJP
[16:51:06] [345/459] INJV
[16:51:07] [346/459] GOLC
[16:51:07] [347/459] KOCI
[16:51:08] [348/459] FSTD
[16:51:09] [349/459] PACJ
[16:51:10] [350/459] GMCN
[16:51:11] [351/459] MMDJ
[16:51:12] [352/459] GODH
[16:51:13] [353/459] SKYN
[16:51:14] [354/459] NCTH
[16:51:15] [355/459] SKVZ
[16:51:16] [356/459] SVML
[16:51:17] [357/459] ACVZ
[16:51:18] [358/459] SURA
[16:51:18] [359/459] RTRB
[16:51:19] [360/459] LLCT
[16:51:21] [361/459] ATTS
[16:51:22] [362/459] JYCM
[16:51:22] [363/459] CTKR
[16:51:23] [364/459] LCKR
[16:51:24] [365/459] NYCV
[16:51:26] [366/459] NYOH
[16:51:26] [367/459] NOVX
[16:51:27] [368/459] MRGK
[16:51:28] [369/459] MOON
[16:51:29] [370/459] SBUC
[16:51:30] [371/459] GSVA
[16:51:31] [372/459] VIAK
[16:51:32] [373/459] SMVZ
[16:51:33] [374/459] MATE
[16:51:34] [375/459] RDCN
[16:51:35] [376/459] ASBL
[16:51:36] [377/459] ASVS
[16:51:37] [378/459] ASSR
[16:51:38] [379/459] SSKN
[16:51:39] [380/459] DRPV
[16:51:40] [381/459] MRHT
[16:51:41] [382/459] BSCN
[16:51:42] [383/459] RKNX
[16:51:44] [384/459] MSMC
[16:51:45] [385/459] MSCJ
[16:51:46] [386/459] BTBJ
[16:51:47] [387/459] MJCC
[16:51:48] [388/459] IOMM
[16:51:49] [389/459] ADGR
[16:51:50] [390/459] MYCP
[16:51:51] [391/459] IGCM
[16:51:52] [392/459] PGRK
[16:51:53] [393/459] VPGO
[16:51:54] [394/459] KOMS
[16:51:55] [395/459] URGG
[16:51:55] [396/459] GOST
[16:51:56] [397/459] LACT
[16:51:57] [398/459] BWCM
[16:51:58] [399/459] NCCW
[16:51:59] [400/459] SKYC
[16:51:59] [401/459] CCPM
[16:52:01] [402/459] VCBT
[16:52:01] [403/459] SDKR
[16:52:02] [404/459] CTYB
[16:52:03] [405/459] SHCX
[16:52:04] [406/459] RCUN
[16:52:05] [407/459] CNRA
[16:52:06] [408/459] RFCA
[16:52:07] [409/459] RDCU
[16:52:08] [410/459] SARK
[16:52:08] [411/459] SPPP
[16:52:10] [412/459] ADMB
[16:52:11] [413/459] JYOE
[16:52:12] [414/459] SRMD
[16:52:12] [415/459] RJDH
[16:52:13] [416/459] SSTD
[16:52:14] [417/459] AACV
[16:52:15] [418/459] PPVD
[16:52:15] [419/459] STCP
[16:52:16] [420/459] ANJR
[16:52:17] [421/459] ANLS
[16:52:18] [422/459] BIJO
[16:52:19] [423/459] AVAB
[16:52:19] [424/459] SPMD
[16:52:20] [425/459] SVJL
[16:52:21] [426/459] SDDJ
[16:52:22] [427/459] SLTU
[16:52:23] [428/459] SAKA
[16:52:24] [429/459] PMAM
[16:52:25] [430/459] FNAM
[16:52:26] [431/459] ACAM
[16:52:27] [432/459] SCMM
[16:52:28] [433/459] PMAK
[16:52:29] [434/459] NYSA
[16:52:30] [435/459] FCPA
[16:52:32] [436/459] GDAN
[16:52:33] [437/459] RSCA
[16:52:34] [438/459] DMAN
[16:52:34] [439/459] DZCM
[16:52:35] [440/459] NSGL
[16:52:37] [441/459] CCPP
[16:52:38] [442/459] PSMG
[16:52:39] [443/459] GSER
[16:52:39] [444/459] FCCT
[16:52:40] [445/459] FCTB
[16:52:41] [446/459] LCNK
[16:52:42] [447/459] SKTY
[16:52:43] [448/459] INAA
[16:52:44] [449/459] RCWN
[16:52:45] [450/459] VAIS
[16:52:46] [451/459] CVMN
[16:52:47] [452/459] INTS
[16:52:48] [453/459] FRGS
[16:52:48] [454/459] DTCK
[16:52:50] [455/459] MCMH
[16:52:51] [456/459] ECRR
[16:52:52] [457/459] RLLP
[16:52:52] [458/459] CCSN
[16:52:53] [459/459] CCBA
[16:52:54] 🧹 Deduping shows
[16:52:54] ✅ DONE | Shows=228 | Movies=32
[04:43:23] 🚀 SCRIPT STARTED
[04:43:23] [1/459] MBDC
[04:43:23] 🧠 New identity created
[04:43:24] [2/459] CHKM
[04:43:25] [3/459] JTKZ
[04:43:26] [4/459] CMCT
[04:43:26] [5/459] ASHO
[04:43:27] [6/459] ECDG
[04:43:28] [7/459] SPAT
[04:43:29] [8/459] HILC
[04:43:30] [9/459] SPPH
[04:43:31] [10/459] SBHN
[04:43:32] [11/459] RRCA
[04:43:33] [12/459] APAA
[04:43:34] [13/459] RAME
[04:43:35] [14/459] TMMS
[04:43:36] [15/459] BATK
[04:43:37] [16/459] LKOP
[04:43:38] [17/459] AMTT
[04:43:39] [18/459] PTGK
[04:43:40] [19/459] ANRS
[04:43:41] [20/459] VWBW
[04:43:42] [21/459] SVFG
[04:43:43] [22/459] STAT
[04:43:44] [23/459] GDCV
[04:43:45] [24/459] VEBI
[04:43:46] [25/459] VDSS
[04:43:47] [26/459] NTHV
[04:43:48] [27/459] AOCH
[04:43:49] [28/459] KASR
[04:43:50] [29/459] AYCS
[04:43:52] [30/459] SHAI
[04:43:53] [31/459] SKPE
[04:43:54] [32/459] SBTA
[04:43:55] [33/459] RTTD
[04:43:56] [34/459] CCJD
[04:43:57] [35/459] RSJJ
[04:43:58] [36/459] RKND
[04:43:58] [37/459] SVTX
[04:43:59] [38/459] BAKM
[04:44:00] [39/459] SVDC
[04:44:01] [40/459] MNCV
[04:44:02] [41/459] SJGC
[04:44:03] [42/459] MTPK
[04:44:04] [43/459] GATP
[04:44:04] [44/459] ABTS
[04:44:05] [45/459] ABDE
[04:44:06] [46/459] RCNM
[04:44:07] [47/459] KTHV
[04:44:08] [48/459] MDGJ
[04:44:09] [49/459] SMLM
[04:44:10] [50/459] JTMA
[04:44:11] [51/459] ACKP
[04:44:12] [52/459] SRTA
[04:44:12] [53/459] STAY
[04:44:13] [54/459] MAVO
[04:44:15] [55/459] APTS
[04:44:16] [56/459] OMEA
[04:44:17] [57/459] TTFD
[04:44:18] [58/459] MJCU
[04:44:19] [59/459] CXTE
[04:44:20] [60/459] CTPX
[04:44:21] [61/459] ASSL
[04:44:21] [62/459] CMVB
[04:44:22] [63/459] VPUR
[04:44:23] [64/459] JJDA
[04:44:24] [65/459] INBL
[04:44:25] [66/459] BIKB
[04:44:26] [67/459] NTBB
[04:44:27] [68/459] GLOB
[04:44:27] [69/459] SNTB
[04:44:28] [70/459] CHGV
[04:44:29] [71/459] SSBZ
[04:44:30] [72/459] PRDB
[04:44:31] [73/459] ISMT
[04:44:31] [74/459] MCSD
[04:44:32] [75/459] JBTT
[04:44:33] [76/459] GEKR
[04:44:34] [77/459] PVUN
[04:44:35] [78/459] NRTB
[04:44:37] [79/459] PRAA
[04:44:37] [80/459] PCBL
[04:44:38] [81/459] PTCM
[04:44:39] [82/459] KHNN
[04:44:40] [83/459] OMJE
[04:44:41] [84/459] STGN
[04:44:42] [85/459] RPMS
[04:44:42] [86/459] NWAD
[04:44:43] [87/459] BLCK
[04:44:44] [88/459] SVAA
[04:44:45] [89/459] URVM
[04:44:47] [90/459] ANTM
[04:44:48] [91/459] VJYM
[04:44:49] [92/459] MAZZ
[04:44:50] [93/459] CSHM
[04:44:51] [94/459] WGMH
[04:44:52] [95/459] SALN
[04:44:53] [96/459] BRTP
[04:44:54] [97/459] SVTA
[04:44:54] [98/459] SBTP
[04:44:55] [99/459] VLSS
[04:44:56] [100/459] SRJA
[04:44:57] [101/459] ANCG
[04:44:58] [102/459] CGGC
[04:44:59] [103/459] CRJA
[04:45:00] [104/459] USCR
[04:45:01] [105/459] MMEF
[04:45:02] [106/459] JCRJ
[04:45:03] [107/459] ADCM
[04:45:04] [108/459] BMYK
[04:45:05] [109/459] KICS
[04:45:05] [110/459] MBBT
[04:45:06] [111/459] MACK
[04:45:07] [112/459] CLDR
[04:45:08] [113/459] JYCR
[04:45:10] [114/459] DCRP
[04:45:10] [115/459] RAHT
[04:45:11] [116/459] CSSM
[04:45:12] [117/459] ATPK
[04:45:13] [118/459] KLRT
[04:45:13] [119/459] SRDD
[04:45:14] [120/459] CKMC
[04:45:15] [121/459] KRVM
[04:45:16] [122/459] AKCP
[04:45:16] [123/459] CNCV
[04:45:17] [124/459] PACT
[04:45:18] [125/459] NATP
[04:45:19] [126/459] PCPK
[04:45:20] [127/459] SMHO
[04:45:21] [128/459] CWTK
[04:45:22] [129/459] RVKZ
[04:45:24] [130/459] ASPD
[04:45:24] [131/459] VTKZ
[04:45:26] [132/459] LCSO
[04:45:27] [133/459] PRDY
[04:45:28] [134/459] RCAP
[04:45:28] [135/459] RGAR
[04:45:29] [136/459] RCAC
[04:45:30] [137/459] PMOD
[04:45:30] [138/459] PVCN
[04:45:31] [139/459] SCRZ
[04:45:32] [140/459] PVPC
[04:45:34] [141/459] STID
[04:45:35] [142/459] NEDD
[04:45:36] [143/459] BNBA
[04:45:37] [144/459] NTCD
[04:45:37] [145/459] OCDE
[04:45:38] [146/459] CCDU
[04:45:39] [147/459] CRXH
[04:45:39] [148/459] VLVT
[04:45:41] [149/459] CICI
[04:45:43] [150/459] SUCB
[04:45:44] [151/459] TCBP
[04:45:45] [152/459] SCCY
[04:45:45] [153/459] LXCY
[04:45:46] [154/459] NCMD
[04:45:47] [155/459] PHCS
[04:45:48] [156/459] DUXR
[04:45:49] [157/459] VNKS
[04:45:50] [158/459] SEDP
[04:45:51] [159/459] SVEN
[04:45:52] [160/459] SRKM
[04:45:53] [161/459] JTLT
[04:45:54] [162/459] SVSS
[04:45:55] [163/459] AMDE
[04:45:55] [164/459] WVRN
[04:45:56] [165/459] ISMG
[04:45:58] [166/459] WVKS
[04:45:59] [167/459] USCG
[04:45:59] [168/459] IOTG
[04:46:00] [169/459] RRJM
[04:46:01] [170/459] EDMP
[04:46:02] [171/459] SCGZ
[04:46:03] [172/459] GMGX
[04:46:04] [173/459] OMTP
[04:46:05] [174/459] MITD
[04:46:06] [175/459] SMMD
[04:46:06] [176/459] STML
[04:46:07] [177/459] MCFS
[04:46:08] [178/459] FPKA
[04:46:09] [179/459] OMLR
[04:46:10] [180/459] KKSC
[04:46:11] [181/459] RVMA
[04:46:11] [182/459] SCLL
[04:46:12] [183/459] SCDK
[04:46:13] [184/459] SXMI
[04:46:13] [185/459] SHDN
[04:46:14] [186/459] PAAD
[04:46:15] [187/459] UUCB
[04:46:16] [188/459] JHOL
[04:46:18] [189/459] SGWT
[04:46:18] [190/459] SRII
[04:46:19] [191/459] SGCK
[04:46:20] [192/459] SVVB
[04:46:21] [193/459] DMHA
[04:46:22] [194/459] PPNL
[04:46:23] [195/459] CPNL
[04:46:23] [196/459] WVLD
[04:46:24] [197/459] PSLV
[04:46:25] [198/459] VTTL
[04:46:27] [199/459] NPAD
[04:46:27] [200/459] PVCS
[04:46:28] [201/459] MCHL
[04:46:29] [202/459] PPLL
[04:46:30] [203/459] MALO
[04:46:31] [204/459] SWBH
[04:46:32] [205/459] PUGB
[04:46:33] [206/459] INBB
[04:46:34] [207/459] INNS
[04:46:34] [208/459] MCPT
[04:46:35] [209/459] SCMI
[04:46:36] [210/459] OCON
[04:46:37] [211/459] SCSM
[04:46:38] [212/459] RJVN
[04:46:38] [213/459] AMDK
[04:46:39] [214/459] ISMR
[04:46:40] [215/459] SMTD
[04:46:41] [216/459] VTDD
[04:46:42] [217/459] PDDZ
[04:46:42] [218/459] PCCK
[04:46:43] [219/459] INAM
[04:46:44] [220/459] FNKT
[04:46:45] [221/459] GDKA
[04:46:46] [222/459] MAYU
[04:46:47] [223/459] TCGU
[04:46:48] [224/459] KDCA
[04:46:48] [225/459] DOMY
[04:46:50] [226/459] PDDD
[04:46:51] [227/459] BJTS
[04:46:52] [228/459] VTCA
[04:46:52] [229/459] SBTM
[04:46:53] [230/459] SEET
[04:46:54] [231/459] SSTJ
[04:46:55] [232/459] SVNT
[04:46:56] [233/459] PPPR
[04:46:57] [234/459] PVYS
[04:46:57] [235/459] IOSE
[04:46:59] [236/459] ACTV
[04:47:00] [237/459] APVE
[04:47:01] [238/459] TCCL
[04:47:02] [239/459] SCMO
[04:47:03] [240/459] SAUM
[04:47:05] [241/459] KCJS
[04:47:06] [242/459] NJCJ
[04:47:06] [243/459] NECF
[04:47:08] [244/459] CCGW
[04:47:09] [245/459] CCMG
[04:47:10] [246/459] NYRG
[04:47:11] [247/459] NCSQ
[04:47:13] [248/459] GRCG
[04:47:15] [249/459] CCBT
[04:47:15] [250/459] ACGA
[04:47:16] [251/459] INAG
[04:47:17] [252/459] FUCG
[04:47:19] [253/459] AICF
[04:47:20] [254/459] GRGA
[04:47:21] [255/459] GDCN
[04:47:21] [256/459] RRCG
[04:47:22] [257/459] SDCH
[04:47:23] [258/459] WVJM
[04:47:24] [259/459] JCCZ
[04:47:25] [260/459] CNCL
[04:47:25] [261/459] TMLV
[04:47:26] [262/459] MEMB
[04:47:27] [263/459] SGTD
[04:47:28] [264/459] CONX
[04:47:29] [265/459] CCMH
[04:47:30] [266/459] ACMC
[04:47:31] [267/459] DTPD
[04:47:31] [268/459] POJA
[04:47:32] [269/459] FNBH
[04:47:33] [270/459] CGCB
[04:47:34] [271/459] RACN
[04:47:35] [272/459] JTSM
[04:47:36] [273/459] SCDN
[04:47:37] [274/459] AACK
[04:47:37] [275/459] RMCE
[04:47:38] [276/459] BSGB
[04:47:40] [277/459] MRCB
[04:47:41] [278/459] SRVR
[04:47:41] [279/459] VTKK
[04:47:42] [280/459] AMST
[04:47:43] [281/459] APCY
[04:47:44] [282/459] LMHO
[04:47:45] [283/459] MTZH
[04:47:45] [284/459] AMZB
[04:47:46] [285/459] SUVT
[04:47:47] [286/459] RCIP
[04:47:49] [287/459] KESR
[04:47:49] [288/459] SNKC
[04:47:51] [289/459] SCED
[04:47:52] [290/459] DVCA
[04:47:53] [291/459] VCDT
[04:47:54] [292/459] RRDI
[04:47:55] [293/459] DFCH
[04:47:56] [294/459] INSC
[04:47:57] [295/459] RGTR
[04:47:58] [296/459] FMOT
[04:47:59] [297/459] SCPM
[04:47:59] [298/459] GCDT
[04:48:00] [299/459] BRKT
[04:48:01] [300/459] DEMP
[04:48:02] [301/459] SRLC
[04:48:03] [302/459] KSTT
[04:48:03] [303/459] SMMT
[04:48:05] [304/459] SILM
[04:48:06] [305/459] JCVM
[04:48:07] [306/459] KCSV
[04:48:08] [307/459] MHLK
[04:48:08] [308/459] SLVL
[04:48:09] [309/459] RJKP
[04:48:10] [310/459] BBPC
[04:48:11] [311/459] MXCB
[04:48:12] [312/459] TCPK
[04:48:13] [313/459] RTBR
[04:48:14] [314/459] GAUT
[04:48:15] [315/459] DVCF
[04:48:16] [316/459] JTSB
[04:48:17] [317/459] SBLS
[04:48:18] [318/459] UDAY
[04:48:19] [319/459] PTNP
[04:48:19] [320/459] DMKT
[04:48:20] [321/459] NTDT
[04:48:21] [322/459] SHDJ
[04:48:23] [323/459] OTNC
[04:48:24] [324/459] RNTW
[04:48:25] [325/459] GCMI
[04:48:25] [326/459] CRCM
[04:48:26] [327/459] NNCZ
[04:48:27] [328/459] OEMO
[04:48:28] [329/459] PVJM
[04:48:28] [330/459] CPJI
[04:48:29] [331/459] RMCJ
[04:48:30] [332/459] CNWJ
[04:48:31] [333/459] EPJM
[04:48:32] [334/459] FNJJ
[04:48:33] [335/459] GCMJ
[04:48:34] [336/459] INPS
[04:48:36] [337/459] BICJ
[04:48:36] [338/459] ISTJ
[04:48:37] [339/459] INJC
[04:48:39] [340/459] GLXJ
[04:48:40] [341/459] INEM
[04:48:41] [342/459] JTMN
[04:48:42] [343/459] FRCJ
[04:48:43] [344/459] DDJP
[04:48:43] [345/459] INJV
[04:48:44] [346/459] GOLC
[04:48:45] [347/459] KOCI
[04:48:46] [348/459] FSTD
[04:48:47] [349/459] PACJ
[04:48:48] [350/459] GMCN
[04:48:49] [351/459] MMDJ
[04:48:50] [352/459] GODH
[04:48:51] [353/459] SKYN
[04:48:51] [354/459] NCTH
[04:48:52] [355/459] SKVZ
[04:48:53] [356/459] SVML
[04:48:54] [357/459] ACVZ
[04:48:55] [358/459] SURA
[04:48:56] [359/459] RTRB
[04:48:57] [360/459] LLCT
[04:48:58] [361/459] ATTS
[04:48:59] [362/459] JYCM
[04:49:00] [363/459] CTKR
[04:49:01] [364/459] LCKR
[04:49:02] [365/459] NYCV
[04:49:02] [366/459] NYOH
[04:49:03] [367/459] NOVX
[04:49:04] [368/459] MRGK
[04:49:06] [369/459] MOON
[04:49:06] [370/459] SBUC
[04:49:07] [371/459] GSVA
[04:49:08] [372/459] VIAK
[04:49:10] [373/459] SMVZ
[04:49:11] [374/459] MATE
[04:49:13] [375/459] RDCN
[04:49:14] [376/459] ASBL
[04:49:15] [377/459] ASVS
[04:49:15] [378/459] ASSR
[04:49:16] [379/459] SSKN
[04:49:17] [380/459] DRPV
[04:49:18] [381/459] MRHT
[04:49:19] [382/459] BSCN
[04:49:20] [383/459] RKNX
[04:49:21] [384/459] MSMC
[04:49:21] [385/459] MSCJ
[04:49:22] [386/459] BTBJ
[04:49:23] [387/459] MJCC
[04:49:25] [388/459] IOMM
[04:49:26] [389/459] ADGR
[04:49:26] [390/459] MYCP
[04:49:27] [391/459] IGCM
[04:49:29] [392/459] PGRK
[04:49:30] [393/459] VPGO
[04:49:31] [394/459] KOMS
[04:49:32] [395/459] URGG
[04:49:32] [396/459] GOST
[04:49:34] [397/459] LACT
[04:49:35] [398/459] BWCM
[04:49:36] [399/459] NCCW
[04:49:37] [400/459] SKYC
[04:49:38] [401/459] CCPM
[04:49:39] [402/459] VCBT
[04:49:40] [403/459] SDKR
[04:49:40] [404/459] CTYB
[04:49:41] [405/459] SHCX
[04:49:42] [406/459] RCUN
[04:49:43] [407/459] CNRA
[04:49:44] [408/459] RFCA
[04:49:45] [409/459] RDCU
[04:49:45] [410/459] SARK
[04:49:46] [411/459] SPPP
[04:49:47] [412/459] ADMB
[04:49:48] [413/459] JYOE
[04:49:49] [414/459] SRMD
[04:49:50] [415/459] RJDH
[04:49:50] [416/459] SSTD
[04:49:52] [417/459] AACV
[04:49:53] [418/459] PPVD
[04:49:54] [419/459] STCP
[04:49:55] [420/459] ANJR
[04:49:56] [421/459] ANLS
[04:49:57] [422/459] BIJO
[04:49:58] [423/459] AVAB
[04:49:58] [424/459] SPMD
[04:50:00] [425/459] SVJL
[04:50:01] [426/459] SDDJ
[04:50:02] [427/459] SLTU
[04:50:03] [428/459] SAKA
[04:50:04] [429/459] PMAM
[04:50:05] [430/459] FNAM
[04:50:05] [431/459] ACAM
[04:50:07] [432/459] SCMM
[04:50:08] [433/459] PMAK
[04:50:09] [434/459] NYSA
[04:50:09] [435/459] FCPA
[04:50:10] [436/459] GDAN
[04:50:11] [437/459] RSCA
[04:50:12] [438/459] DMAN
[04:50:14] [439/459] DZCM
[04:50:15] [440/459] NSGL
[04:50:16] [441/459] CCPP
[04:50:17] [442/459] PSMG
[04:50:17] [443/459] GSER
[04:50:18] [444/459] FCCT
[04:50:19] [445/459] FCTB
[04:50:20] [446/459] LCNK
[04:50:21] [447/459] SKTY
[04:50:23] [448/459] INAA
[04:50:24] [449/459] RCWN
[04:50:24] [450/459] VAIS
[04:50:25] [451/459] CVMN
[04:50:26] [452/459] INTS
[04:50:27] [453/459] FRGS
[04:50:28] [454/459] DTCK
[04:50:29] [455/459] MCMH
[04:50:29] [456/459] ECRR
[04:50:30] [457/459] RLLP
[04:50:31] [458/459] CCSN
[04:50:32] [459/459] CCBA
[04:50:33] 🧹 Deduping shows
[04:50:33] ✅ DONE | Shows=311 | Movies=41
[11:52:54] 🚀 SCRIPT STARTED
[11:52:54] [1/459] MBDC
[11:52:54] 🧠 New identity created
[11:52:55] [2/459] CHKM
[11:52:55] [3/459] JTKZ
[11:52:56] [4/459] CMCT
[11:52:57] [5/459] ASHO
[11:52:58] [6/459] ECDG
[11:52:59] [7/459] SPAT
[11:53:00] [8/459] HILC
[11:53:01] [9/459] SPPH
[11:53:02] [10/459] SBHN
[11:53:03] [11/459] RRCA
[11:53:03] [12/459] APAA
[11:53:04] [13/459] RAME
[11:53:05] [14/459] TMMS
[11:53:06] [15/459] BATK
[11:53:06] [16/459] LKOP
[11:53:07] [17/459] AMTT
[11:53:08] [18/459] PTGK
[11:53:09] [19/459] ANRS
[11:53:10] [20/459] VWBW
[11:53:11] [21/459] SVFG
[11:53:12] [22/459] STAT
[11:53:13] [23/459] GDCV
[11:53:14] [24/459] VEBI
[11:53:15] [25/459] VDSS
[11:53:16] [26/459] NTHV
[11:53:17] [27/459] AOCH
[11:53:17] [28/459] KASR
[11:53:19] [29/459] AYCS
[11:53:20] [30/459] SHAI
[11:53:20] [31/459] SKPE
[11:53:21] [32/459] SBTA
[11:53:22] [33/459] RTTD
[11:53:23] [34/459] CCJD
[11:53:23] [35/459] RSJJ
[11:53:24] [36/459] RKND
[11:53:25] [37/459] SVTX
[11:53:26] [38/459] BAKM
[11:53:27] [39/459] SVDC
[11:53:28] [40/459] MNCV
[11:53:29] [41/459] SJGC
[11:53:30] [42/459] MTPK
[11:53:30] [43/459] GATP
[11:53:31] [44/459] ABTS
[11:53:32] [45/459] ABDE
[11:53:34] [46/459] RCNM
[11:53:35] [47/459] KTHV
[11:53:37] [48/459] MDGJ
[11:53:38] [49/459] SMLM
[11:53:39] [50/459] JTMA
[11:53:40] [51/459] ACKP
[11:53:41] [52/459] SRTA
[11:53:42] [53/459] STAY
[11:53:43] [54/459] MAVO
[11:53:44] [55/459] APTS
[11:53:44] [56/459] OMEA
[11:53:45] [57/459] TTFD
[11:53:47] [58/459] MJCU
[11:53:47] [59/459] CXTE
[11:53:48] [60/459] CTPX
[11:53:50] [61/459] ASSL
[11:53:50] [62/459] CMVB
[11:53:51] [63/459] VPUR
[11:53:52] [64/459] JJDA
[11:53:54] [65/459] INBL
[11:53:54] [66/459] BIKB
[11:53:55] [67/459] NTBB
[11:53:56] [68/459] GLOB
[11:53:58] [69/459] SNTB
[11:53:59] [70/459] CHGV
[11:54:00] [71/459] SSBZ
[11:54:02] [72/459] PRDB
[11:54:03] [73/459] ISMT
[11:54:03] [74/459] MCSD
[11:54:05] [75/459] JBTT
[11:54:06] [76/459] GEKR
[11:54:07] [77/459] PVUN
[11:54:07] [78/459] NRTB
[11:54:08] [79/459] PRAA
[11:54:10] [80/459] PCBL
[11:54:11] [81/459] PTCM
[11:54:11] [82/459] KHNN
[11:54:12] [83/459] OMJE
[11:54:13] [84/459] STGN
[11:54:14] [85/459] RPMS
[11:54:15] [86/459] NWAD
[11:54:15] [87/459] BLCK
[11:54:16] [88/459] SVAA
[11:54:17] [89/459] URVM
[11:54:18] [90/459] ANTM
[11:54:19] [91/459] VJYM
[11:54:20] [92/459] MAZZ
[11:54:21] [93/459] CSHM
[11:54:21] [94/459] WGMH
[11:54:22] [95/459] SALN
[11:54:23] [96/459] BRTP
[11:54:24] [97/459] SVTA
[11:54:25] [98/459] SBTP
[11:54:26] [99/459] VLSS
[11:54:27] [100/459] SRJA
[11:54:28] [101/459] ANCG
[11:54:29] [102/459] CGGC
[11:54:30] [103/459] CRJA
[11:54:31] [104/459] USCR
[11:54:32] [105/459] MMEF
[11:54:33] [106/459] JCRJ
[11:54:34] [107/459] ADCM
[11:54:35] [108/459] BMYK
[11:54:35] [109/459] KICS
[11:54:37] [110/459] MBBT
[11:54:38] [111/459] MACK
[11:54:38] [112/459] CLDR
[11:54:39] [113/459] JYCR
[11:54:40] [114/459] DCRP
[11:54:41] [115/459] RAHT
[11:54:42] [116/459] CSSM
[11:54:43] [117/459] ATPK
[11:54:44] [118/459] KLRT
[11:54:44] [119/459] SRDD
[11:54:45] [120/459] CKMC
[11:54:46] [121/459] KRVM
[11:54:47] [122/459] AKCP
[11:54:48] [123/459] CNCV
[11:54:49] [124/459] PACT
[11:54:49] [125/459] NATP
[11:54:50] [126/459] PCPK
[11:54:51] [127/459] SMHO
[11:54:52] [128/459] CWTK
[11:54:53] [129/459] RVKZ
[11:54:54] [130/459] ASPD
[11:54:55] [131/459] VTKZ
[11:54:56] [132/459] LCSO
[11:54:57] [133/459] PRDY
[11:54:58] [134/459] RCAP
[11:54:59] [135/459] RGAR
[11:54:59] [136/459] RCAC
[11:55:00] [137/459] PMOD
[11:55:01] [138/459] PVCN
[11:55:02] [139/459] SCRZ
[11:55:03] [140/459] PVPC
[11:55:04] [141/459] STID
[11:55:05] [142/459] NEDD
[11:55:06] [143/459] BNBA
[11:55:07] [144/459] NTCD
[11:55:07] [145/459] OCDE
[11:55:08] [146/459] CCDU
[11:55:09] [147/459] CRXH
[11:55:10] [148/459] VLVT
[11:55:10] [149/459] CICI
[11:55:11] [150/459] SUCB
[11:55:13] [151/459] TCBP
[11:55:13] [152/459] SCCY
[11:55:14] [153/459] LXCY
[11:55:15] [154/459] NCMD
[11:55:15] [155/459] PHCS
[11:55:16] [156/459] DUXR
[11:55:18] [157/459] VNKS
[11:55:19] [158/459] SEDP
[11:55:19] [159/459] SVEN
[11:55:20] [160/459] SRKM
[11:55:21] [161/459] JTLT
[11:55:22] [162/459] SVSS
[11:55:23] [163/459] AMDE
[11:55:23] [164/459] WVRN
[11:55:24] [165/459] ISMG
[11:55:25] [166/459] WVKS
[11:55:26] [167/459] USCG
[11:55:27] [168/459] IOTG
[11:55:27] [169/459] RRJM
[11:55:28] [170/459] EDMP
[11:55:29] [171/459] SCGZ
[11:55:30] [172/459] GMGX
[11:55:31] [173/459] OMTP
[11:55:31] [174/459] MITD
[11:55:32] [175/459] SMMD
[11:55:33] [176/459] STML
[11:55:34] [177/459] MCFS
[11:55:34] [178/459] FPKA
[11:55:35] [179/459] OMLR
[11:55:36] [180/459] KKSC
[11:55:37] [181/459] RVMA
[11:55:38] [182/459] SCLL
[11:55:38] [183/459] SCDK
[11:55:39] [184/459] SXMI
[11:55:40] [185/459] SHDN
[11:55:41] [186/459] PAAD
[11:55:42] [187/459] UUCB
[11:55:43] [188/459] JHOL
[11:55:44] [189/459] SGWT
[11:55:45] [190/459] SRII
[11:55:45] [191/459] SGCK
[11:55:46] [192/459] SVVB
[11:55:47] [193/459] DMHA
[11:55:48] [194/459] PPNL
[11:55:49] [195/459] CPNL
[11:55:50] [196/459] WVLD
[11:55:51] [197/459] PSLV
[11:55:52] [198/459] VTTL
[11:55:53] [199/459] NPAD
[11:55:54] [200/459] PVCS
[11:55:55] [201/459] MCHL
[11:55:55] [202/459] PPLL
[11:55:56] [203/459] MALO
[11:55:57] [204/459] SWBH
[11:55:58] [205/459] PUGB
[11:55:58] [206/459] INBB
[11:55:59] [207/459] INNS
[11:56:00] [208/459] MCPT
[11:56:02] [209/459] SCMI
[11:56:02] [210/459] OCON
[11:56:03] [211/459] SCSM
[11:56:04] [212/459] RJVN
[11:56:05] [213/459] AMDK
[11:56:06] [214/459] ISMR
[11:56:06] [215/459] SMTD
[11:56:07] [216/459] VTDD
[11:56:09] [217/459] PDDZ
[11:56:10] [218/459] PCCK
[11:56:12] [219/459] INAM
[11:56:13] [220/459] FNKT
[11:56:14] [221/459] GDKA
[11:56:14] [222/459] MAYU
[11:56:15] [223/459] TCGU
[11:56:16] [224/459] KDCA
[11:56:17] [225/459] DOMY
[11:56:18] [226/459] PDDD
[11:56:19] [227/459] BJTS
[11:56:20] [228/459] VTCA
[11:56:21] [229/459] SBTM
[11:56:22] [230/459] SEET
[11:56:23] [231/459] SSTJ
[11:56:24] [232/459] SVNT
[11:56:24] [233/459] PPPR
[11:56:25] [234/459] PVYS
[11:56:26] [235/459] IOSE
[11:56:26] [236/459] ACTV
[11:56:27] [237/459] APVE
[11:56:28] [238/459] TCCL
[11:56:29] [239/459] SCMO
[11:56:30] [240/459] SAUM
[11:56:30] [241/459] KCJS
[11:56:31] [242/459] NJCJ
[11:56:32] [243/459] NECF
[11:56:32] [244/459] CCGW
[11:56:33] [245/459] CCMG
[11:56:35] [246/459] NYRG
[11:56:36] [247/459] NCSQ
[11:56:37] [248/459] GRCG
[11:56:38] [249/459] CCBT
[11:56:39] [250/459] ACGA
[11:56:39] [251/459] INAG
[11:56:40] [252/459] FUCG
[11:56:41] [253/459] AICF
[11:56:42] [254/459] GRGA
[11:56:42] [255/459] GDCN
[11:56:43] [256/459] RRCG
[11:56:45] [257/459] SDCH
[11:56:45] [258/459] WVJM
[11:56:46] [259/459] JCCZ
[11:56:47] [260/459] CNCL
[11:56:48] [261/459] TMLV
[11:56:49] [262/459] MEMB
[11:56:50] [263/459] SGTD
[11:56:51] [264/459] CONX
[11:56:52] [265/459] CCMH
[11:56:53] [266/459] ACMC
[11:56:53] [267/459] DTPD
[11:56:54] [268/459] POJA
[11:56:55] [269/459] FNBH
[11:56:56] [270/459] CGCB
[11:56:56] [271/459] RACN
[11:56:58] [272/459] JTSM
[11:56:59] [273/459] SCDN
[11:57:00] [274/459] AACK
[11:57:00] [275/459] RMCE
[11:57:01] [276/459] BSGB
[11:57:02] [277/459] MRCB
[11:57:03] [278/459] SRVR
[11:57:05] [279/459] VTKK
[11:57:05] [280/459] AMST
[11:57:06] [281/459] APCY
[11:57:07] [282/459] LMHO
[11:57:08] [283/459] MTZH
[11:57:09] [284/459] AMZB
[11:57:09] [285/459] SUVT
[11:57:10] [286/459] RCIP
[11:57:11] [287/459] KESR
[11:57:12] [288/459] SNKC
[11:57:14] [289/459] SCED
[11:57:15] [290/459] DVCA
[11:57:16] [291/459] VCDT
[11:57:16] [292/459] RRDI
[11:57:17] [293/459] DFCH
[11:57:18] [294/459] INSC
[11:57:19] [295/459] RGTR
[11:57:20] [296/459] FMOT
[11:57:21] [297/459] SCPM
[11:57:21] [298/459] GCDT
[11:57:22] [299/459] BRKT
[11:57:23] [300/459] DEMP
[11:57:24] [301/459] SRLC
[11:57:25] [302/459] KSTT
[11:57:26] [303/459] SMMT
[11:57:27] [304/459] SILM
[11:57:28] [305/459] JCVM
[11:57:29] [306/459] KCSV
[11:57:29] [307/459] MHLK
[11:57:30] [308/459] SLVL
[11:57:31] [309/459] RJKP
[11:57:32] [310/459] BBPC
[11:57:33] [311/459] MXCB
[11:57:35] [312/459] TCPK
[11:57:36] [313/459] RTBR
[11:57:37] [314/459] GAUT
[11:57:37] [315/459] DVCF
[11:57:38] [316/459] JTSB
[11:57:39] [317/459] SBLS
[11:57:40] [318/459] UDAY
[11:57:41] [319/459] PTNP
[11:57:41] [320/459] DMKT
[11:57:42] [321/459] NTDT
[11:57:43] [322/459] SHDJ
[11:57:44] [323/459] OTNC
[11:57:44] [324/459] RNTW
[11:57:45] [325/459] GCMI
[11:57:46] [326/459] CRCM
[11:57:47] [327/459] NNCZ
[11:57:48] [328/459] OEMO
[11:57:49] [329/459] PVJM
[11:57:50] [330/459] CPJI
[11:57:51] [331/459] RMCJ
[11:57:52] [332/459] CNWJ
[11:57:52] [333/459] EPJM
[11:57:53] [334/459] FNJJ
[11:57:55] [335/459] GCMJ
[11:57:55] [336/459] INPS
[11:57:56] [337/459] BICJ
[11:57:57] [338/459] ISTJ
[11:57:58] [339/459] INJC
[11:57:59] [340/459] GLXJ
[11:58:00] [341/459] INEM
[11:58:01] [342/459] JTMN
[11:58:02] [343/459] FRCJ
[11:58:03] [344/459] DDJP
[11:58:04] [345/459] INJV
[11:58:04] [346/459] GOLC
[11:58:05] [347/459] KOCI
[11:58:06] [348/459] FSTD
[11:58:07] [349/459] PACJ
[11:58:08] [350/459] GMCN
[11:58:09] [351/459] MMDJ
[11:58:10] [352/459] GODH
[11:58:11] [353/459] SKYN
[11:58:12] [354/459] NCTH
[11:58:12] [355/459] SKVZ
[11:58:13] [356/459] SVML
[11:58:14] [357/459] ACVZ
[11:58:15] [358/459] SURA
[11:58:15] [359/459] RTRB
[11:58:16] [360/459] LLCT
[11:58:17] [361/459] ATTS
[11:58:18] [362/459] JYCM
[11:58:19] [363/459] CTKR
[11:58:19] [364/459] LCKR
[11:58:20] [365/459] NYCV
[11:58:21] [366/459] NYOH
[11:58:22] [367/459] NOVX
[11:58:23] [368/459] MRGK
[11:58:24] [369/459] MOON
[11:58:25] [370/459] SBUC
[11:58:26] [371/459] GSVA
[11:58:27] [372/459] VIAK
[11:58:27] [373/459] SMVZ
[11:58:28] [374/459] MATE
[11:58:29] [375/459] RDCN
[11:58:30] [376/459] ASBL
[11:58:30] [377/459] ASVS
[11:58:32] [378/459] ASSR
[11:58:33] [379/459] SSKN
[11:58:34] [380/459] DRPV
[11:58:34] [381/459] MRHT
[11:58:36] [382/459] BSCN
[11:58:37] [383/459] RKNX
[11:58:38] [384/459] MSMC
[11:58:40] [385/459] MSCJ
[11:58:40] [386/459] BTBJ
[11:58:41] [387/459] MJCC
[11:58:42] [388/459] IOMM
[11:58:43] [389/459] ADGR
[11:58:44] [390/459] MYCP
[11:58:45] [391/459] IGCM
[11:58:46] [392/459] PGRK
[11:58:47] [393/459] VPGO
[11:58:48] [394/459] KOMS
[11:58:49] [395/459] URGG
[11:58:50] [396/459] GOST
[11:58:51] [397/459] LACT
[11:58:52] [398/459] BWCM
[11:58:53] [399/459] NCCW
[11:58:54] [400/459] SKYC
[11:58:55] [401/459] CCPM
[11:58:57] [402/459] VCBT
[11:58:58] [403/459] SDKR
[11:58:59] [404/459] CTYB
[11:58:59] [405/459] SHCX
[11:59:00] [406/459] RCUN
[11:59:01] [407/459] CNRA
[11:59:02] [408/459] RFCA
[11:59:02] [409/459] RDCU
[11:59:03] [410/459] SARK
[11:59:04] [411/459] SPPP
[11:59:05] [412/459] ADMB
[11:59:05] [413/459] JYOE
[11:59:06] [414/459] SRMD
[11:59:07] [415/459] RJDH
[11:59:08] [416/459] SSTD
[11:59:09] [417/459] AACV
[11:59:10] [418/459] PPVD
[11:59:11] [419/459] STCP
[11:59:13] [420/459] ANJR
[11:59:14] [421/459] ANLS
[11:59:15] [422/459] BIJO
[11:59:16] [423/459] AVAB
[11:59:17] [424/459] SPMD
[11:59:18] [425/459] SVJL
[11:59:19] [426/459] SDDJ
[11:59:20] [427/459] SLTU
[11:59:21] [428/459] SAKA
[11:59:22] [429/459] PMAM
[11:59:23] [430/459] FNAM
[11:59:24] [431/459] ACAM
[11:59:24] [432/459] SCMM
[11:59:25] [433/459] PMAK
[11:59:26] [434/459] NYSA
[11:59:27] [435/459] FCPA
[11:59:28] [436/459] GDAN
[11:59:29] [437/459] RSCA
[11:59:30] [438/459] DMAN
[11:59:31] [439/459] DZCM
[11:59:31] [440/459] NSGL
[11:59:32] [441/459] CCPP
[11:59:33] [442/459] PSMG
[11:59:34] [443/459] GSER
[11:59:35] [444/459] FCCT
[11:59:36] [445/459] FCTB
[11:59:36] [446/459] LCNK
[11:59:38] [447/459] SKTY
[11:59:39] [448/459] INAA
[11:59:40] [449/459] RCWN
[11:59:41] [450/459] VAIS
[11:59:42] [451/459] CVMN
[11:59:43] [452/459] INTS
[11:59:43] [453/459] FRGS
[11:59:44] [454/459] DTCK
[11:59:45] [455/459] MCMH
[11:59:46] [456/459] ECRR
[11:59:47] [457/459] RLLP
[11:59:48] [458/459] CCSN
[11:59:49] [459/459] CCBA
[11:59:50] 🧹 Deduping shows
[11:59:50] ✅ DONE | Shows=385 | Movies=44
