[10:13:11] 🚀 SCRIPT STARTED
[10:13:11] [1/459] FNDB
[10:13:11] 🧠 New identity created
[10:13:11] [2/459] AMBH
[10:13:12] [3/459] PRHN
[10:13:13] [4/459] ACPM
[10:13:14] [5/459] PVFS
[10:13:16] [6/459] AACN
[10:13:16] [7/459] ACAS
[10:13:17] [8/459] CTNR
[10:13:18] [9/459] MMAH
[10:13:19] [10/459] CPMH
[10:13:20] [11/459] IGMH
[10:13:21] [12/459] ABCS
[10:13:22] [13/459] CMMA
[10:13:23] [14/459] GPRH
[10:13:23] [15/459] PNNG
[10:13:24] [16/459] AMCA
[10:13:25] [17/459] ISTN
[10:13:26] [18/459] PIIC
[10:13:27] [19/459] AHMH
[10:13:29] [20/459] ASHN
[10:13:30] [21/459] INHY
[10:13:30] [22/459] SRMO
[10:13:31] [23/459] PIMH
[10:13:32] [24/459] PVTS
[10:13:33] [25/459] MMCA
[10:13:34] [26/459] AKYJ
[10:13:35] [27/459] BRKH
[10:13:36] [28/459] MAHM
[10:13:37] [29/459] CPHY
[10:13:38] [30/459] PVTP
[10:13:39] [31/459] SMMR
[10:13:40] [32/459] PVHM
[10:13:41] [33/459] SNDY
[10:13:41] [34/459] GOKU
[10:13:42] [35/459] ACEV
[10:13:43] [36/459] PVUM
[10:13:44] [37/459] VSWA
[10:13:45] [38/459] IPRS
[10:13:46] [39/459] ASGN
[10:13:46] [40/459] BKMV
[10:13:47] [41/459] PVYH
[10:13:48] [42/459] INKM
[10:13:49] [43/459] ARJU
[10:13:50] [44/459] JJPP
[10:13:51] [45/459] SSRM
[10:13:51] [46/459] HMHD
[10:13:52] [47/459] SNKH
[10:13:53] [48/459] ACHI
[10:13:54] [49/459] MRAA
[10:13:55] [50/459] INMH
[10:13:57] [51/459] ARMH
[10:13:57] [52/459] DVRR
[10:13:58] [53/459] SUDA
[10:14:00] [54/459] MCSS
[10:14:01] [55/459] VRKC
[10:14:01] [56/459] PRCX
[10:14:02] [57/459] ASJY
[10:14:03] [58/459] MTHY
[10:14:04] [59/459] SRCM
[10:14:05] [60/459] TVHY
[10:14:06] [61/459] STHD
[10:14:06] [62/459] CPCL
[10:14:07] [63/459] PSMJ
[10:14:08] [64/459] MRGT
[10:14:09] [65/459] ARYH
[10:14:10] [66/459] VTRB
[10:14:10] [67/459] SCHC
[10:14:12] [68/459] MRRG
[10:14:13] [69/459] SPCB
[10:14:14] [70/459] AMCM
[10:14:15] [71/459] IVNM
[10:14:16] [72/459] TRHY
[10:14:17] [73/459] PTTH
[10:14:18] [74/459] RKMH
[10:14:19] [75/459] PRCS
[10:14:20] [76/459] VAJA
[10:14:21] [77/459] BJNG
[10:14:21] [78/459] SCVM
[10:14:23] [79/459] GNHB
[10:14:24] [80/459] TLUR
[10:14:24] [81/459] UKCC
[10:14:26] [82/459] SRKR
[10:14:27] [83/459] RMKN
[10:14:28] [84/459] SLRT
[10:14:28] [85/459] LKMT
[10:14:29] [86/459] SSRJ
[10:14:30] [87/459] SPHT
[10:14:31] [88/459] ANTT
[10:14:32] [89/459] SRCH
[10:14:33] [90/459] SRCA
[10:14:34] [91/459] ARTH
[10:14:35] [92/459] MCBH
[10:14:36] [93/459] SNIB
[10:14:36] [94/459] SART
[10:14:38] [95/459] SKTA
[10:14:39] [96/459] YAKT
[10:14:40] [97/459] MLCK
[10:14:41] [98/459] ANTS
[10:14:43] [99/459] DGCA
[10:14:43] [100/459] SGMP
[10:14:44] [101/459] ASWN
[10:14:45] [102/459] KFVU
[10:14:46] [103/459] POOR
[10:14:47] [104/459] GKDN
[10:14:48] [105/459] EOSE
[10:14:48] [106/459] GTTT
[10:14:49] [107/459] ARRO
[10:14:50] [108/459] CMMK
[10:14:51] [109/459] MSCN
[10:14:52] [110/459] GDKH
[10:14:53] [111/459] DLMT
[10:14:54] [112/459] PVMF
[10:14:54] [113/459] CPCK
[10:14:55] [114/459] VMHE
[10:14:56] [115/459] PVLC
[10:14:58] [116/459] PCVB
[10:14:59] [117/459] SNYK
[10:15:00] [118/459] KTEK
[10:15:01] [119/459] PCNM
[10:15:02] [120/459] NTTR
[10:15:03] [121/459] CPSK
[10:15:04] [122/459] JMMA
[10:15:05] [123/459] GCFK
[10:15:06] [124/459] MYCA
[10:15:07] [125/459] KSNP
[10:15:08] [126/459] PMCE
[10:15:09] [127/459] SCKI
[10:15:11] [128/459] FSMA
[10:15:12] [129/459] CETA
[10:15:13] [130/459] MCIK
[10:15:13] [131/459] MYCR
[10:15:14] [132/459] EVMP
[10:15:15] [133/459] SSGT
[10:15:16] [134/459] KCTK
[10:15:17] [135/459] ZTKC
[10:15:17] [136/459] MMTA
[10:15:19] [137/459] MAJT
[10:15:20] [138/459] ACPK
[10:15:21] [139/459] JMAX
[10:15:21] [140/459] SETK
[10:15:23] [141/459] CAIS
[10:15:25] [142/459] AGCD
[10:15:25] [143/459] URCL
[10:15:26] [144/459] VTDS
[10:15:27] [145/459] JCNM
[10:15:28] [146/459] KCAM
[10:15:29] [147/459] ADCU
[10:15:30] [148/459] GXYN
[10:15:31] [149/459] SMJG
[10:15:32] [150/459] EYCJ
[10:15:33] [151/459] CCEJ
[10:15:33] [152/459] MARS
[10:15:34] [153/459] CPVJ
[10:15:36] [154/459] INVP
[10:15:37] [155/459] CPOV
[10:15:37] [156/459] VIJK
[10:15:39] [157/459] LAIM
[10:15:41] [158/459] STHV
[10:15:41] [159/459] SVLJ
[10:15:42] [160/459] ATVJ
[10:15:43] [161/459] JTSC
[10:15:45] [162/459] RMTV
[10:15:46] [163/459] MGGG
[10:15:47] [164/459] SWTH
[10:15:48] [165/459] INVJ
[10:15:49] [166/459] PRSV
[10:15:50] [167/459] JATV
[10:15:51] [168/459] RCVD
[10:15:52] [169/459] BDMA
[10:15:53] [170/459] BLJI
[10:15:54] [171/459] SWOT
[10:15:54] [172/459] SWRN
[10:15:55] [173/459] TVRA
[10:15:56] [174/459] VCSV
[10:15:57] [175/459] NVRN
[10:15:58] [176/459] SIKC
[10:15:59] [177/459] VAKR
[10:16:00] [178/459] SYLN
[10:16:01] [179/459] KLJL
[10:16:01] [180/459] LKMY
[10:16:02] [181/459] VSLY
[10:16:03] [182/459] CIKO
[10:16:04] [183/459] GPBG
[10:16:04] [184/459] CECM
[10:16:05] [185/459] SLKB
[10:16:06] [186/459] MTBO
[10:16:07] [187/459] SSHB
[10:16:08] [188/459] VPCS
[10:16:09] [189/459] RCSR
[10:16:09] [190/459] RJRM
[10:16:10] [191/459] KPPB
[10:16:11] [192/459] SEDC
[10:16:12] [193/459] SCAI
[10:16:14] [194/459] RMTR
[10:16:15] [195/459] ASST
[10:16:16] [196/459] GCAK
[10:16:17] [197/459] ANNK
[10:16:17] [198/459] KDDF
[10:16:18] [199/459] NRDP
[10:16:19] [200/459] PLAK
[10:16:20] [201/459] GCMC
[10:16:21] [202/459] ALPY
[10:16:22] [203/459] SICE
[10:16:23] [204/459] SISR
[10:16:24] [205/459] SRPZ
[10:16:24] [206/459] SRSW
[10:16:25] [207/459] SUYA
[10:16:26] [208/459] AMMT
[10:16:27] [209/459] BHCU
[10:16:27] [210/459] KLPA
[10:16:29] [211/459] NVKH
[10:16:30] [212/459] JMRC
[10:16:31] [213/459] KTTT
[10:16:32] [214/459] MAGH
[10:16:33] [215/459] MMMX
[10:16:34] [216/459] SALJ
[10:16:35] [217/459] GTJA
[10:16:36] [218/459] MAHT
[10:16:37] [219/459] SSNN
[10:16:38] [220/459] ARRP
[10:16:39] [221/459] ATNS
[10:16:40] [222/459] SKDT
[10:16:41] [223/459] ACAT
[10:16:42] [224/459] APRC
[10:16:43] [225/459] SWAG
[10:16:43] [226/459] SDPT
[10:16:44] [227/459] STPS
[10:16:45] [228/459] WWCZ
[10:16:46] [229/459] LLCH
[10:16:47] [230/459] MZHA
[10:16:48] [231/459] CRJG
[10:16:48] [232/459] JGTK
[10:16:49] [233/459] KCSR
[10:16:50] [234/459] CHTL
[10:16:51] [235/459] EDSR
[10:16:52] [236/459] CSWO
[10:16:53] [237/459] CPVM
[10:16:53] [238/459] MXBY
[10:16:54] [239/459] FMMA
[10:16:55] [240/459] POVI
[10:16:56] [241/459] MTHB
[10:16:57] [242/459] INRC
[10:16:58] [243/459] PIPP
[10:16:59] [244/459] BMXC
[10:17:00] [245/459] PCMM
[10:17:01] [246/459] PMKM
[10:17:02] [247/459] GATY
[10:17:03] [248/459] IMCM
[10:17:04] [249/459] POPE
[10:17:05] [250/459] MTCR
[10:17:06] [251/459] PVAE
[10:17:07] [252/459] PVMI
[10:17:08] [253/459] CPNM
[10:17:09] [254/459] FMRL
[10:17:10] [255/459] MCIW
[10:17:11] [256/459] MXBO
[10:17:12] [257/459] FMKY
[10:17:14] [258/459] FMDA
[10:17:15] [259/459] THAB
[10:17:15] [260/459] PRCW
[10:17:16] [261/459] PITI
[10:17:17] [262/459] MCFF
[10:17:18] [263/459] PDDV
[10:17:19] [264/459] MCRM
[10:17:20] [265/459] KKMB
[10:17:20] [266/459] INKO
[10:17:21] [267/459] PLXP
[10:17:22] [268/459] MMHA
[10:17:23] [269/459] FMVS
[10:17:25] [270/459] POLM
[10:17:26] [271/459] STER
[10:17:26] [272/459] PVWJ
[10:17:27] [273/459] IMJW
[10:17:28] [274/459] FNAN
[10:17:30] [275/459] CAGL
[10:17:30] [276/459] IPBG
[10:17:31] [277/459] SMFV
[10:17:32] [278/459] MMMR
[10:17:33] [279/459] MMWM
[10:17:34] [280/459] FNCM
[10:17:35] [281/459] MDVA
[10:17:37] [282/459] MMET
[10:17:38] [283/459] MIDO
[10:17:39] [284/459] INNP
[10:17:39] [285/459] MIFU
[10:17:40] [286/459] MMSZ
[10:17:41] [287/459] BMXA
[10:17:42] [288/459] MCAA
[10:17:43] [289/459] SCVP
[10:17:45] [290/459] PLUS
[10:17:45] [291/459] MUCK
[10:17:46] [292/459] MTMA
[10:17:47] [293/459] HPVR
[10:17:48] [294/459] PMPK
[10:17:49] [295/459] MAJB
[10:17:51] [296/459] CTRR
[10:17:52] [297/459] MCTG
[10:17:53] [298/459] MACE
[10:17:54] [299/459] AAAS
[10:17:55] [300/459] CPVV
[10:17:55] [301/459] RCHG
[10:17:56] [302/459] MCNE
[10:17:57] [303/459] EMNC
[10:17:58] [304/459] MCAN
[10:17:59] [305/459] TCDM
[10:18:00] [306/459] IRGT
[10:18:01] [307/459] GCMG
[10:18:02] [308/459] MXSN
[10:18:03] [309/459] MXCK
[10:18:03] [310/459] MCRC
[10:18:04] [311/459] RSMI
[10:18:05] [312/459] WAML
[10:18:06] [313/459] MTSC
[10:18:07] [314/459] FMDR
[10:18:08] [315/459] LEPV
[10:18:09] [316/459] MTGD
[10:18:10] [317/459] IMOB
[10:18:11] [318/459] CLMM
[10:18:12] [319/459] PZCD
[10:18:12] [320/459] GOCS
[10:18:13] [321/459] KCMA
[10:18:14] [322/459] CCMP
[10:18:15] [323/459] MTSU
[10:18:15] [324/459] SNGL
[10:18:16] [325/459] MMMC
[10:18:18] [326/459] MMAA
[10:18:19] [327/459] GCDM
[10:18:20] [328/459] KTMV
[10:18:20] [329/459] AETE
[10:18:21] [330/459] OMCS
[10:18:22] [331/459] GDCD
[10:18:23] [332/459] NYMD
[10:18:24] [333/459] RNCV
[10:18:25] [334/459] KKMT
[10:18:25] [335/459] GDTH
[10:18:26] [336/459] KMMV
[10:18:27] [337/459] NHCG
[10:18:28] [338/459] PJDW
[10:18:29] [339/459] MMCV
[10:18:30] [340/459] FQSA
[10:18:31] [341/459] KURL
[10:18:32] [342/459] NNNX
[10:18:33] [343/459] AMAU
[10:18:34] [344/459] VVVM
[10:18:35] [345/459] VECU
[10:18:36] [346/459] WCVR
[10:18:37] [347/459] MTGG
[10:18:38] [348/459] SGTG
[10:18:38] [349/459] MNTG
[10:18:39] [350/459] JDDG
[10:18:40] [351/459] MBTK
[10:18:41] [352/459] SGCD
[10:18:42] [353/459] MCTC
[10:18:43] [354/459] JTPC
[10:18:44] [355/459] SDKT
[10:18:45] [356/459] KRCC
[10:18:46] [357/459] RMMD
[10:18:47] [358/459] AAME
[10:18:48] [359/459] TMWC
[10:18:49] [360/459] NRWY
[10:18:50] [361/459] CITD
[10:18:51] [362/459] VERD
[10:18:51] [363/459] MKSK
[10:18:52] [364/459] STSM
[10:18:53] [365/459] MJDG
[10:18:54] [366/459] RKPM
[10:18:55] [367/459] SSCE
[10:18:56] [368/459] VMAE
[10:18:57] [369/459] SBRU
[10:18:58] [370/459] AMBC
[10:19:00] [371/459] AMLU
[10:19:01] [372/459] INVZ
[10:19:02] [373/459] LGTV
[10:19:03] [374/459] SVAD
[10:19:04] [375/459] SMSA
[10:19:05] [376/459] SPCZ
[10:19:06] [377/459] GTCX
[10:19:06] [378/459] SCSL
[10:19:07] [379/459] SAHU
[10:19:08] [380/459] NCDA
[10:19:09] [381/459] SCCG
[10:19:11] [382/459] VKTL
[10:19:11] [383/459] PUUJ
[10:19:12] [384/459] STEJ
[10:19:13] [385/459] RJAL
[10:19:14] [386/459] ACJC
[10:19:15] [387/459] VTHC
[10:19:16] [388/459] ARVB
[10:19:17] [389/459] AUBB
[10:19:18] [390/459] GDBR
[10:19:19] [391/459] PVND
[10:19:19] [392/459] BGRJ
[10:19:20] [393/459] RJMM
[10:19:21] [394/459] MCSA
[10:19:22] [395/459] BODA
[10:19:23] [396/459] JAGG
[10:19:24] [397/459] SCGA
[10:19:25] [398/459] LRCM
[10:19:26] [399/459] CPCN
[10:19:27] [400/459] SSTF
[10:19:28] [401/459] SRXP
[10:19:30] [402/459] CNFX
[10:19:31] [403/459] ANDI
[10:19:32] [404/459] SYEW
[10:19:32] [405/459] RCRE
[10:19:33] [406/459] SCRW
[10:19:34] [407/459] MBKR
[10:19:35] [408/459] ASNT
[10:19:36] [409/459] JTMT
[10:19:36] [410/459] SHAY
[10:19:37] [411/459] VRTH
[10:19:39] [412/459] SPTI
[10:19:40] [413/459] DPTD
[10:19:41] [414/459] TGSN
[10:19:41] [415/459] RCWV
[10:19:42] [416/459] OCUR
[10:19:43] [417/459] KSTC
[10:19:45] [418/459] SANI
[10:19:45] [419/459] MLCA
[10:19:46] [420/459] EGCA
[10:19:47] [421/459] SYSN
[10:19:48] [422/459] PKTA
[10:19:49] [423/459] PRCC
[10:19:50] [424/459] KSTR
[10:19:51] [425/459] SNTP
[10:19:52] [426/459] RCHA
[10:19:54] [427/459] SEEA
[10:19:54] [428/459] ALAT
[10:19:55] [429/459] AATV
[10:19:56] [430/459] RJTE
[10:19:57] [431/459] AAPP
[10:19:58] [432/459] PMMH
[10:19:59] [433/459] INRJ
[10:20:00] [434/459] SARB
[10:20:00] [435/459] PCJL
[10:20:02] [436/459] PFJJ
[10:20:04] [437/459] GRDC
[10:20:05] [438/459] BCBA
[10:20:06] [439/459] VIXL
[10:20:07] [440/459] CSTL
[10:20:07] [441/459] MTDK
[10:20:08] [442/459] TDAC
[10:20:09] [443/459] GTDN
[10:20:10] [444/459] TTDE
[10:20:11] [445/459] ASTS
[10:20:11] [446/459] CPNS
[10:20:12] [447/459] PVVW
[10:20:13] [448/459] USEB
[10:20:14] [449/459] DTYN
[10:20:15] [450/459] PVLE
[10:20:16] [451/459] CIPS
[10:20:17] [452/459] PAEG
[10:20:18] [453/459] PTCW
[10:20:19] [454/459] G3SR
[10:20:20] [455/459] PGND
[10:20:21] [456/459] INVM
[10:20:22] [457/459] SPIA
[10:20:23] [458/459] PCSN
[10:20:24] [459/459] PPGV
[10:20:25] 🧹 Deduping shows
[10:20:25] ✅ DONE | Shows=91 | Movies=13
