[10:11:46] 🚀 SCRIPT STARTED
[10:11:46] [1/296] CDCA
[10:11:46] 🧠 New identity created
[10:11:47] [2/296] MNSR
[10:11:48] [3/296] CSSL
[10:11:49] [4/296] BGGM
[10:11:50] [5/296] MANT
[10:11:51] [6/296] SOOY
[10:11:52] [7/296] VPPK
[10:11:53] [8/296] MYHJ
[10:11:54] [9/296] KSCK
[10:11:55] [10/296] KATK
[10:11:56] [11/296] RTRT
[10:11:57] [12/296] SSTT
[10:11:58] [13/296] SSTV
[10:11:58] [14/296] LACM
[10:11:59] [15/296] SGMG
[10:12:00] [16/296] KACX
[10:12:01] [17/296] GVCP
[10:12:03] [18/296] CSNC
[10:12:03] [19/296] SXCB
[10:12:04] [20/296] BAHS
[10:12:06] [21/296] PCBI
[10:12:07] [22/296] PSSM
[10:12:08] [23/296] RCOK
[10:12:08] [24/296] SCPF
[10:12:09] [25/296] SSAS
[10:12:10] [26/296] EVMM
[10:12:11] [27/296] SYCB
[10:12:12] [28/296] GCKI
[10:12:13] [29/296] IAET
[10:12:14] [30/296] DDTD
[10:12:15] [31/296] GMDH
[10:12:16] [32/296] STLE
[10:12:16] [33/296] JTRA
[10:12:17] [34/296] RPPA
[10:12:18] [35/296] ARUT
[10:12:19] [36/296] JTVM
[10:12:20] [37/296] SWRH
[10:12:21] [38/296] DCPC
[10:12:21] [39/296] RAPR
[10:12:23] [40/296] GCRT
[10:12:24] [41/296] ATUN
[10:12:25] [42/296] LTRM
[10:12:25] [43/296] TASR
[10:12:27] [44/296] RLLC
[10:12:28] [45/296] MABI
[10:12:29] [46/296] SVHB
[10:12:30] [47/296] NVTB
[10:12:30] [48/296] KCKG
[10:12:31] [49/296] SSRN
[10:12:33] [50/296] VDDC
[10:12:33] [51/296] GKTK
[10:12:34] [52/296] YFSN
[10:12:35] [53/296] GCSG
[10:12:37] [54/296] ESSM
[10:12:37] [55/296] KRIH
[10:12:38] [56/296] GCDS
[10:12:39] [57/296] CCSH
[10:12:40] [58/296] ACSK
[10:12:41] [59/296] APRK
[10:12:42] [60/296] ADKM
[10:12:43] [61/296] SRDM
[10:12:43] [62/296] RMOG
[10:12:44] [63/296] SJMY
[10:12:45] [64/296] PGGC
[10:12:46] [65/296] INGM
[10:12:47] [66/296] LSCB
[10:12:48] [67/296] STAD
[10:12:49] [68/296] MCCR
[10:12:49] [69/296] ABCC
[10:12:50] [70/296] RKCC
[10:12:51] [71/296] RTCR
[10:12:52] [72/296] GGBC
[10:12:53] [73/296] GCSD
[10:12:54] [74/296] LPTY
[10:12:55] [75/296] MCFD
[10:12:56] [76/296] HENN
[10:12:57] [77/296] SMKU
[10:12:58] [78/296] TNZC
[10:12:58] [79/296] DRCD
[10:12:59] [80/296] DLCD
[10:13:00] [81/296] RCDA
[10:13:01] [82/296] COSM
[10:13:02] [83/296] MCMJ
[10:13:03] [84/296] CSTR
[10:13:04] [85/296] CVDK
[10:13:05] [86/296] INRR
[10:13:06] [87/296] RJRT
[10:13:07] [88/296] IRMR
[10:13:09] [89/296] SRCF
[10:13:09] [90/296] GRCR
[10:13:11] [91/296] SURC
[10:13:12] [92/296] NMNH
[10:13:13] [93/296] SVBL
[10:13:14] [94/296] KACI
[10:13:14] [95/296] TDGO
[10:13:15] [96/296] KTBR
[10:13:16] [97/296] PMAD
[10:13:18] [98/296] CCPN
[10:13:19] [99/296] SBTK
[10:13:20] [100/296] LMDK
[10:13:21] [101/296] PGDA
[10:13:22] [102/296] SRML
[10:13:23] [103/296] EVCK
[10:13:24] [104/296] RTTK
[10:13:25] [105/296] SRTU
[10:13:25] [106/296] VRSA
[10:13:26] [107/296] VARS
[10:13:27] [108/296] DSCZ
[10:13:28] [109/296] GAGA
[10:13:29] [110/296] SARV
[10:13:30] [111/296] SEEG
[10:13:30] [112/296] GLCA
[10:13:31] [113/296] APAS
[10:13:32] [114/296] VCIA
[10:13:33] [115/296] SJTA
[10:13:34] [116/296] SABM
[10:13:35] [117/296] PPAG
[10:13:36] [118/296] RVCA
[10:13:38] [119/296] CCIA
[10:13:38] [120/296] HTAG
[10:13:40] [121/296] SMBI
[10:13:41] [122/296] MCJR
[10:13:42] [123/296] CCJR
[10:13:43] [124/296] SINF
[10:13:44] [125/296] CPLX
[10:13:45] [126/296] KKTJ
[10:13:46] [127/296] GDBW
[10:13:47] [128/296] CSUB
[10:13:48] [129/296] DABA
[10:13:49] [130/296] TITR
[10:13:51] [131/296] NYCR
[10:13:52] [132/296] RTRY
[10:13:53] [133/296] JTJL
[10:13:54] [134/296] SJCP
[10:13:55] [135/296] KCCA
[10:13:56] [136/296] MLPG
[10:13:56] [137/296] VRCK
[10:13:57] [138/296] SRIN
[10:13:58] [139/296] CXMK
[10:13:59] [140/296] SKAD
[10:14:00] [141/296] AVTR
[10:14:01] [142/296] PTAJ
[10:14:02] [143/296] SCNK
[10:14:03] [144/296] STTI
[10:14:04] [145/296] KACR
[10:14:04] [146/296] SSDX
[10:14:06] [147/296] VRTJ
[10:14:07] [148/296] RAJD
[10:14:08] [149/296] SCIP
[10:14:08] [150/296] RJSL
[10:14:09] [151/296] ARRS
[10:14:10] [152/296] ASMS
[10:14:11] [153/296] RDTS
[10:14:12] [154/296] DVMY
[10:14:12] [155/296] RASA
[10:14:13] [156/296] INOM
[10:14:14] [157/296] SPRS
[10:14:15] [158/296] SGCS
[10:14:16] [159/296] SALM
[10:14:17] [160/296] PKHC
[10:14:18] [161/296] RCSV
[10:14:19] [162/296] CPKC
[10:14:20] [163/296] AACD
[10:14:21] [164/296] GGCV
[10:14:22] [165/296] SMKD
[10:14:23] [166/296] NBCH
[10:14:24] [167/296] AMCB
[10:14:25] [168/296] OPCN
[10:14:26] [169/296] DCIN
[10:14:27] [170/296] INGW
[10:14:28] [171/296] PKKW
[10:14:29] [172/296] FNGW
[10:14:29] [173/296] GCGD
[10:14:30] [174/296] MSTW
[10:14:31] [175/296] KCCG
[10:14:32] [176/296] MRSS
[10:14:34] [177/296] CLCF
[10:14:35] [178/296] EETS
[10:14:35] [179/296] AATR
[10:14:37] [180/296] CMMN
[10:14:37] [181/296] SCCJ
[10:14:39] [182/296] CDTK
[10:14:40] [183/296] AICP
[10:14:41] [184/296] FNBP
[10:14:41] [185/296] CBPB
[10:14:42] [186/296] CPAS
[10:14:43] [187/296] MAPM
[10:14:43] [188/296] PASD
[10:14:45] [189/296] JCMN
[10:14:46] [190/296] MALB
[10:14:47] [191/296] SACG
[10:14:49] [192/296] DDRX
[10:14:50] [193/296] DDXB
[10:14:51] [194/296] RAMC
[10:14:52] [195/296] SANC
[10:14:53] [196/296] BCBP
[10:14:54] [197/296] ALPC
[10:14:55] [198/296] RBAC
[10:14:56] [199/296] RAJL
[10:14:57] [200/296] MPDX
[10:14:58] [201/296] MUSC
[10:14:58] [202/296] VKMK
[10:15:00] [203/296] SKCG
[10:15:02] [204/296] ANCN
[10:15:02] [205/296] MMCJ
[10:15:03] [206/296] DCAK
[10:15:04] [207/296] SCKG
[10:15:05] [208/296] LMCK
[10:15:05] [209/296] CKKX
[10:15:06] [210/296] ANKU
[10:15:07] [211/296] CSMD
[10:15:09] [212/296] MKMP
[10:15:09] [213/296] SVBG
[10:15:10] [214/296] ROOP
[10:15:11] [215/296] GDMT
[10:15:11] [216/296] FPPF
[10:15:12] [217/296] SFUU
[10:15:13] [218/296] ANCB
[10:15:14] [219/296] SMMC
[10:15:15] [220/296] UGKT
[10:15:16] [221/296] JVRM
[10:15:17] [222/296] BATG
[10:15:18] [223/296] RATE
[10:15:18] [224/296] SKME
[10:15:20] [225/296] LMTP
[10:15:21] [226/296] TCBD
[10:15:22] [227/296] ESBD
[10:15:23] [228/296] GDCU
[10:15:24] [229/296] SNKT
[10:15:25] [230/296] SRNK
[10:15:26] [231/296] SMED
[10:15:28] [232/296] CSQS
[10:15:29] [233/296] ALCS
[10:15:30] [234/296] KCKN
[10:15:30] [235/296] VCCL
[10:15:32] [236/296] MCDA
[10:15:33] [237/296] SHMI
[10:15:34] [238/296] SKHA
[10:15:35] [239/296] SVFK
[10:15:36] [240/296] INVB
[10:15:38] [241/296] MELD
[10:15:38] [242/296] JTYS
[10:15:40] [243/296] INCM
[10:15:41] [244/296] MCDV
[10:15:41] [245/296] KSGK
[10:15:42] [246/296] ICMG
[10:15:43] [247/296] CSCV
[10:15:44] [248/296] STMD
[10:15:45] [249/296] STTR
[10:15:46] [250/296] INVC
[10:15:47] [251/296] JTBL
[10:15:47] [252/296] SRVV
[10:15:49] [253/296] MAVC
[10:15:50] [254/296] SRPP
[10:15:51] [255/296] JGDM
[10:15:52] [256/296] MBSJ
[10:15:53] [257/296] SSLL
[10:15:54] [258/296] SLKP
[10:15:55] [259/296] NSRV
[10:15:56] [260/296] UTDV
[10:15:57] [261/296] KICM
[10:15:58] [262/296] KCMD
[10:15:59] [263/296] TTPP
[10:15:59] [264/296] KMPV
[10:16:01] [265/296] SKTV
[10:16:02] [266/296] STCV
[10:16:04] [267/296] SRDA
[10:16:05] [268/296] JTSX
[10:16:07] [269/296] STBV
[10:16:08] [270/296] APVZ
[10:16:09] [271/296] GSTV
[10:16:10] [272/296] NMVS
[10:16:11] [273/296] SKRT
[10:16:12] [274/296] RMDV
[10:16:13] [275/296] RATG
[10:16:14] [276/296] SJYV
[10:16:14] [277/296] NDGP
[10:16:15] [278/296] SNDG
[10:16:16] [279/296] INSR
[10:16:17] [280/296] INSO
[10:16:18] [281/296] CCSI
[10:16:19] [282/296] RASM
[10:16:21] [283/296] NEWC
[10:16:22] [284/296] VSHL
[10:16:22] [285/296] BISW
[10:16:23] [286/296] GCNG
[10:16:24] [287/296] CWSC
[10:16:25] [288/296] SKAN
[10:16:25] [289/296] SEHP
[10:16:26] [290/296] CCOA
[10:16:28] [291/296] MCAJ
[10:16:29] [292/296] ACDE
[10:16:30] [293/296] AACM
[10:16:31] [294/296] JJCK
[10:16:32] [295/296] RCMO
[10:16:33] [296/296] GDAW
[10:16:34] 🧹 Deduping shows
[10:16:34] ✅ DONE | Shows=72 | Movies=9
