[10:11:53] 🚀 SCRIPT STARTED
[10:11:53] [1/324] GCTA
[10:11:53] 🧠 New identity created
[10:11:54] [2/324] TOPN
[10:11:55] [3/324] MCUS
[10:11:56] [4/324] SHRL
[10:11:57] [5/324] UPTP
[10:11:58] [6/324] TMMP
[10:11:59] [7/324] DNRP
[10:12:00] [8/324] SRLT
[10:12:01] [9/324] RCNS
[10:12:02] [10/324] DCBH
[10:12:02] [11/324] NAGJ
[10:12:03] [12/324] JVRC
[10:12:04] [13/324] KRJG
[10:12:05] [14/324] SRTJ
[10:12:06] [15/324] CMXM
[10:12:07] [16/324] STMI
[10:12:07] [17/324] SLST
[10:12:09] [18/324] DTCN
[10:12:10] [19/324] STYN
[10:12:11] [20/324] SZVR
[10:12:12] [21/324] SRKO
[10:12:13] [22/324] JTGT
[10:12:15] [23/324] SVFD
[10:12:16] [24/324] SISD
[10:12:17] [25/324] ABDD
[10:12:18] [26/324] DRCA
[10:12:19] [27/324] AVCS
[10:12:20] [28/324] MVKH
[10:12:21] [29/324] ACPR
[10:12:22] [30/324] STIP
[10:12:23] [31/324] MTRA
[10:12:24] [32/324] RMKH
[10:12:25] [33/324] NKRL
[10:12:26] [34/324] PCWN
[10:12:27] [35/324] BLMT
[10:12:28] [36/324] GDPG
[10:12:28] [37/324] SRMX
[10:12:30] [38/324] JACP
[10:12:31] [39/324] CPSH
[10:12:32] [40/324] MCCD
[10:12:33] [41/324] ECGH
[10:12:34] [42/324] MKCK
[10:12:35] [43/324] SRMM
[10:12:36] [44/324] SKYR
[10:12:37] [45/324] PCKC
[10:12:37] [46/324] JCMA
[10:12:38] [47/324] BSMP
[10:12:40] [48/324] VSPA
[10:12:41] [49/324] DJYA
[10:12:42] [50/324] DIMP
[10:12:42] [51/324] FXDR
[10:12:44] [52/324] SSRC
[10:12:45] [53/324] STHP
[10:12:45] [54/324] CPPD
[10:12:46] [55/324] FCLK
[10:12:47] [56/324] SCPP
[10:12:48] [57/324] DCMJ
[10:12:49] [58/324] RCCR
[10:12:50] [59/324] INMT
[10:12:51] [60/324] LXTK
[10:12:52] [61/324] SRYK
[10:12:52] [62/324] SGDK
[10:12:53] [63/324] PPKA
[10:12:54] [64/324] SPKA
[10:12:55] [65/324] CGHH
[10:12:56] [66/324] DCJN
[10:12:57] [67/324] SRKV
[10:12:58] [68/324] SAJC
[10:12:59] [69/324] SUSR
[10:12:59] [70/324] STYG
[10:13:00] [71/324] NTKP
[10:13:01] [72/324] AKTG
[10:13:02] [73/324] CGCM
[10:13:02] [74/324] TULC
[10:13:04] [75/324] NYYZ
[10:13:05] [76/324] NYBW
[10:13:06] [77/324] MACB
[10:13:06] [78/324] SLVT
[10:13:07] [79/324] SANA
[10:13:08] [80/324] ACMR
[10:13:09] [81/324] CPKN
[10:13:10] [82/324] DLGK
[10:13:10] [83/324] CWCK
[10:13:12] [84/324] FDDH
[10:13:13] [85/324] MMMD
[10:13:14] [86/324] CMEH
[10:13:15] [87/324] GGGV
[10:13:15] [88/324] SPJL
[10:13:16] [89/324] RCCD
[10:13:17] [90/324] STTZ
[10:13:17] [91/324] BTCF
[10:13:18] [92/324] TSTZ
[10:13:18] [93/324] IPMM
[10:13:19] [94/324] PMPW
[10:13:20] [95/324] PCMZ
[10:13:20] [96/324] ESEM
[10:13:20] [97/324] PIPO
[10:13:21] [98/324] MATK
[10:13:21] [99/324] PGHM
[10:13:22] [100/324] CTSR
[10:13:22] [101/324] CYKR
[10:13:23] [102/324] MSCM
[10:13:24] [103/324] RFNP
[10:13:24] [104/324] PDCP
[10:13:25] [105/324] NPSE
[10:13:25] [106/324] MKML
[10:13:26] [107/324] FTDP
[10:13:26] [108/324] MMXA
[10:13:27] [109/324] CEPO
[10:13:28] [110/324] CMVP
[10:13:28] [111/324] SGTH
[10:13:29] [112/324] SAYN
[10:13:30] [113/324] URVS
[10:13:30] [114/324] VJTN
[10:13:31] [115/324] BBYK
[10:13:31] [116/324] SHBO
[10:13:32] [117/324] VCMR
[10:13:32] [118/324] MACT
[10:13:33] [119/324] JMNP
[10:13:33] [120/324] VICS
[10:13:34] [121/324] VCDA
[10:13:35] [122/324] GCMM
[10:13:35] [123/324] INVS
[10:13:36] [124/324] SCGM
[10:13:36] [125/324] PCDA
[10:13:37] [126/324] KDCT
[10:13:37] [127/324] JACS
[10:13:38] [128/324] GMMC
[10:13:38] [129/324] AICM
[10:13:39] [130/324] TJCM
[10:13:39] [131/324] RMTI
[10:13:40] [132/324] SHAC
[10:13:40] [133/324] APJC
[10:13:41] [134/324] GCTG
[10:13:42] [135/324] SSMC
[10:13:42] [136/324] THRM
[10:13:43] [137/324] RBCT
[10:13:43] [138/324] DIKT
[10:13:44] [139/324] MIDL
[10:13:45] [140/324] VCSN
[10:13:45] [141/324] SKTG
[10:13:46] [142/324] SMWC
[10:13:46] [143/324] MNKH
[10:13:47] [144/324] PIAT
[10:13:47] [145/324] LTTP
[10:13:48] [146/324] PTPU
[10:13:49] [147/324] ACMG
[10:13:50] [148/324] SHMM
[10:13:50] [149/324] MCMN
[10:13:51] [150/324] GLDC
[10:13:51] [151/324] HOUT
[10:13:52] [152/324] SVRP
[10:13:53] [153/324] PVDN
[10:13:53] [154/324] SCPY
[10:13:54] [155/324] DTPY
[10:13:54] [156/324] GKCS
[10:13:55] [157/324] NCAM
[10:13:55] [158/324] BSRM
[10:13:56] [159/324] RCLC
[10:13:56] [160/324] SKKD
[10:13:57] [161/324] ACHU
[10:13:58] [162/324] RSCF
[10:13:58] [163/324] IMSH
[10:13:59] [164/324] MACX
[10:13:59] [165/324] HMMW
[10:14:00] [166/324] JTCP
[10:14:01] [167/324] SREN
[10:14:01] [168/324] PJRR
[10:14:02] [169/324] INAC
[10:14:02] [170/324] BMCA
[10:14:03] [171/324] SHCB
[10:14:03] [172/324] GABA
[10:14:04] [173/324] SBCT
[10:14:05] [174/324] GCMA
[10:14:05] [175/324] MYTK
[10:14:06] [176/324] INZS
[10:14:06] [177/324] RMIK
[10:14:07] [178/324] NYCH
[10:14:07] [179/324] RAVE
[10:14:08] [180/324] PSXM
[10:14:08] [181/324] MCGP
[10:14:09] [182/324] PDDK
[10:14:09] [183/324] SPCK
[10:14:10] [184/324] MCRL
[10:14:10] [185/324] MHKT
[10:14:11] [186/324] ANRR
[10:14:11] [187/324] SAPK
[10:14:12] [188/324] NCUK
[10:14:12] [189/324] JUGA
[10:14:13] [190/324] DBSC
[10:14:14] [191/324] LALK
[10:14:14] [192/324] GUCK
[10:14:15] [193/324] STSG
[10:14:15] [194/324] PPPZ
[10:14:16] [195/324] CNCY
[10:14:17] [196/324] MTAR
[10:14:17] [197/324] VNKD
[10:14:18] [198/324] KMAJ
[10:14:18] [199/324] ACXK
[10:14:19] [200/324] UTKC
[10:14:20] [201/324] PBLK
[10:14:20] [202/324] ACBX
[10:14:21] [203/324] PTGM
[10:14:21] [204/324] BTDA
[10:14:22] [205/324] PJMB
[10:14:22] [206/324] TPDA
[10:14:23] [207/324] AMOE
[10:14:24] [208/324] PRHT
[10:14:24] [209/324] PRTA
[10:14:25] [210/324] STAM
[10:14:26] [211/324] MSAA
[10:14:26] [212/324] SDLU
[10:14:27] [213/324] RCHH
[10:14:27] [214/324] KANT
[10:14:27] [215/324] FCRT
[10:14:28] [216/324] DNKM
[10:14:29] [217/324] RYCP
[10:14:29] [218/324] MYRP
[10:14:30] [219/324] PPAK
[10:14:30] [220/324] NVPK
[10:14:31] [221/324] PRMC
[10:14:31] [222/324] JBCS
[10:14:32] [223/324] GXCK
[10:14:32] [224/324] USKO
[10:14:33] [225/324] GTEM
[10:14:33] [226/324] SMBU
[10:14:34] [227/324] VETC
[10:14:35] [228/324] LCDA
[10:14:35] [229/324] MTVT
[10:14:36] [230/324] PYCP
[10:14:37] [231/324] PNSC
[10:14:37] [232/324] PPCC
[10:14:38] [233/324] TGRT
[10:14:38] [234/324] JYOT
[10:14:39] [235/324] SRCZ
[10:14:39] [236/324] SJTE
[10:14:40] [237/324] DESC
[10:14:40] [238/324] JHVN
[10:14:41] [239/324] IPSG
[10:14:41] [240/324] IPCM
[10:14:42] [241/324] PDRS
[10:14:42] [242/324] ANCV
[10:14:43] [243/324] CMVV
[10:14:43] [244/324] SHYP
[10:14:44] [245/324] DNCS
[10:14:45] [246/324] GAJK
[10:14:45] [247/324] AKTN
[10:14:46] [248/324] KAYA
[10:14:46] [249/324] SBRC
[10:14:47] [250/324] CHTP
[10:14:47] [251/324] SHRT
[10:14:48] [252/324] BCKU
[10:14:49] [253/324] FCPS
[10:14:49] [254/324] ARDD
[10:14:50] [255/324] CPCM
[10:14:50] [256/324] CGSM
[10:14:51] [257/324] PSMP
[10:14:51] [258/324] SDAL
[10:14:52] [259/324] RTNB
[10:14:53] [260/324] LMCR
[10:14:53] [261/324] CIMA
[10:14:54] [262/324] RNAS
[10:14:54] [263/324] LITH
[10:14:55] [264/324] PBOX
[10:14:56] [265/324] FRTS
[10:14:56] [266/324] RKIC
[10:14:57] [267/324] PTAI
[10:14:57] [268/324] GCIC
[10:14:58] [269/324] FNAS
[10:14:58] [270/324] SCAR
[10:14:58] [271/324] MTCA
[10:14:59] [272/324] SCTS
[10:15:00] [273/324] SYCS
[10:15:00] [274/324] RDMS
[10:15:01] [275/324] KAMP
[10:15:01] [276/324] ERSD
[10:15:02] [277/324] MJMJ
[10:15:03] [278/324] SRCJ
[10:15:03] [279/324] SCXE
[10:15:03] [280/324] SVFR
[10:15:04] [281/324] BHCS
[10:15:05] [282/324] IMCC
[10:15:05] [283/324] PCBO
[10:15:06] [284/324] PRVN
[10:15:06] [285/324] AUPM
[10:15:07] [286/324] INBW
[10:15:07] [287/324] SVCW
[10:15:08] [288/324] RKCF
[10:15:09] [289/324] UVBH
[10:15:09] [290/324] DNCY
[10:15:10] [291/324] ABCN
[10:15:10] [292/324] PRUR
[10:15:11] [293/324] PFMR
[10:15:11] [294/324] RKCN
[10:15:12] [295/324] CFEA
[10:15:12] [296/324] SDBG
[10:15:13] [297/324] SNAR
[10:15:13] [298/324] YISI
[10:15:14] [299/324] JCFF
[10:15:14] [300/324] VTRK
[10:15:15] [301/324] PCLZ
[10:15:16] [302/324] DIMY
[10:15:16] [303/324] BBTS
[10:15:17] [304/324] GATH
[10:15:17] [305/324] GTMN
[10:15:18] [306/324] VTMH
[10:15:18] [307/324] CCKP
[10:15:19] [308/324] GPKA
[10:15:19] [309/324] MHCL
[10:15:20] [310/324] ATCL
[10:15:20] [311/324] SBCK
[10:15:21] [312/324] AMMR
[10:15:22] [313/324] MADC
[10:15:22] [314/324] TMMA
[10:15:23] [315/324] CACC
[10:15:23] [316/324] CHAL
[10:15:24] [317/324] DURG
[10:15:24] [318/324] GMKU
[10:15:24] [319/324] GECA
[10:15:25] [320/324] KYRR
[10:15:26] [321/324] KSDE
[10:15:26] [322/324] LMCI
[10:15:27] [323/324] NKCP
[10:15:28] [324/324] BGTC
[10:15:28] 🧹 Deduping shows
[10:15:28] ✅ DONE | Shows=101 | Movies=8
[16:45:49] 🚀 SCRIPT STARTED
[16:45:49] [1/324] GCTA
[16:45:49] 🧠 New identity created
[16:45:50] [2/324] TOPN
[16:45:51] [3/324] MCUS
[16:45:51] [4/324] SHRL
[16:45:52] [5/324] UPTP
[16:45:53] [6/324] TMMP
[16:45:54] [7/324] DNRP
[16:45:55] [8/324] SRLT
[16:45:56] [9/324] RCNS
[16:45:56] [10/324] DCBH
[16:45:57] [11/324] NAGJ
[16:45:58] [12/324] JVRC
[16:45:59] [13/324] KRJG
[16:46:00] [14/324] SRTJ
[16:46:01] [15/324] CMXM
[16:46:02] [16/324] STMI
[16:46:02] [17/324] SLST
[16:46:03] [18/324] DTCN
[16:46:04] [19/324] STYN
[16:46:05] [20/324] SZVR
[16:46:06] [21/324] SRKO
[16:46:07] [22/324] JTGT
[16:46:08] [23/324] SVFD
[16:46:09] [24/324] SISD
[16:46:10] [25/324] ABDD
[16:46:11] [26/324] DRCA
[16:46:11] [27/324] AVCS
[16:46:12] [28/324] MVKH
[16:46:14] [29/324] ACPR
[16:46:15] [30/324] STIP
[16:46:15] [31/324] MTRA
[16:46:16] [32/324] RMKH
[16:46:17] [33/324] NKRL
[16:46:18] [34/324] PCWN
[16:46:18] [35/324] BLMT
[16:46:19] [36/324] GDPG
[16:46:21] [37/324] SRMX
[16:46:21] [38/324] JACP
[16:46:22] [39/324] CPSH
[16:46:24] [40/324] MCCD
[16:46:25] [41/324] ECGH
[16:46:26] [42/324] MKCK
[16:46:27] [43/324] SRMM
[16:46:28] [44/324] SKYR
[16:46:29] [45/324] PCKC
[16:46:30] [46/324] JCMA
[16:46:31] [47/324] BSMP
[16:46:31] [48/324] VSPA
[16:46:32] [49/324] DJYA
[16:46:33] [50/324] DIMP
[16:46:34] [51/324] FXDR
[16:46:35] [52/324] SSRC
[16:46:36] [53/324] STHP
[16:46:37] [54/324] CPPD
[16:46:38] [55/324] FCLK
[16:46:39] [56/324] SCPP
[16:46:40] [57/324] DCMJ
[16:46:41] [58/324] RCCR
[16:46:42] [59/324] INMT
[16:46:42] [60/324] LXTK
[16:46:43] [61/324] SRYK
[16:46:44] [62/324] SGDK
[16:46:45] [63/324] PPKA
[16:46:45] [64/324] SPKA
[16:46:46] [65/324] CGHH
[16:46:47] [66/324] DCJN
[16:46:48] [67/324] SRKV
[16:46:49] [68/324] SAJC
[16:46:50] [69/324] SUSR
[16:46:50] [70/324] STYG
[16:46:52] [71/324] NTKP
[16:46:52] [72/324] AKTG
[16:46:53] [73/324] CGCM
[16:46:54] [74/324] TULC
[16:46:55] [75/324] NYYZ
[16:46:55] [76/324] NYBW
[16:46:56] [77/324] MACB
[16:46:57] [78/324] SLVT
[16:46:58] [79/324] SANA
[16:46:58] [80/324] ACMR
[16:46:59] [81/324] CPKN
[16:47:01] [82/324] DLGK
[16:47:01] [83/324] CWCK
[16:47:02] [84/324] FDDH
[16:47:03] [85/324] MMMD
[16:47:04] [86/324] CMEH
[16:47:05] [87/324] GGGV
[16:47:06] [88/324] SPJL
[16:47:07] [89/324] RCCD
[16:47:07] [90/324] STTZ
[16:47:08] [91/324] BTCF
[16:47:09] [92/324] TSTZ
[16:47:10] [93/324] IPMM
[16:47:11] [94/324] PMPW
[16:47:12] [95/324] PCMZ
[16:47:13] [96/324] ESEM
[16:47:14] [97/324] PIPO
[16:47:15] [98/324] MATK
[16:47:15] [99/324] PGHM
[16:47:16] [100/324] CTSR
[16:47:17] [101/324] CYKR
[16:47:18] [102/324] MSCM
[16:47:19] [103/324] RFNP
[16:47:20] [104/324] PDCP
[16:47:20] [105/324] NPSE
[16:47:21] [106/324] MKML
[16:47:22] [107/324] FTDP
[16:47:23] [108/324] MMXA
[16:47:25] [109/324] CEPO
[16:47:26] [110/324] CMVP
[16:47:27] [111/324] SGTH
[16:47:28] [112/324] SAYN
[16:47:29] [113/324] URVS
[16:47:30] [114/324] VJTN
[16:47:30] [115/324] BBYK
[16:47:31] [116/324] SHBO
[16:47:32] [117/324] VCMR
[16:47:33] [118/324] MACT
[16:47:34] [119/324] JMNP
[16:47:35] [120/324] VICS
[16:47:36] [121/324] VCDA
[16:47:37] [122/324] GCMM
[16:47:38] [123/324] INVS
[16:47:39] [124/324] SCGM
[16:47:40] [125/324] PCDA
[16:47:42] [126/324] KDCT
[16:47:42] [127/324] JACS
[16:47:43] [128/324] GMMC
[16:47:45] [129/324] AICM
[16:47:46] [130/324] TJCM
[16:47:47] [131/324] RMTI
[16:47:48] [132/324] SHAC
[16:47:49] [133/324] APJC
[16:47:50] [134/324] GCTG
[16:47:51] [135/324] SSMC
[16:47:51] [136/324] THRM
[16:47:52] [137/324] RBCT
[16:47:53] [138/324] DIKT
[16:47:54] [139/324] MIDL
[16:47:56] [140/324] VCSN
[16:47:57] [141/324] SKTG
[16:47:58] [142/324] SMWC
[16:47:59] [143/324] MNKH
[16:48:00] [144/324] PIAT
[16:48:00] [145/324] LTTP
[16:48:01] [146/324] PTPU
[16:48:02] [147/324] ACMG
[16:48:03] [148/324] SHMM
[16:48:04] [149/324] MCMN
[16:48:04] [150/324] GLDC
[16:48:05] [151/324] HOUT
[16:48:06] [152/324] SVRP
[16:48:07] [153/324] PVDN
[16:48:08] [154/324] SCPY
[16:48:08] [155/324] DTPY
[16:48:09] [156/324] GKCS
[16:48:10] [157/324] NCAM
[16:48:12] [158/324] BSRM
[16:48:12] [159/324] RCLC
[16:48:13] [160/324] SKKD
[16:48:14] [161/324] ACHU
[16:48:15] [162/324] RSCF
[16:48:16] [163/324] IMSH
[16:48:17] [164/324] MACX
[16:48:19] [165/324] HMMW
[16:48:20] [166/324] JTCP
[16:48:21] [167/324] SREN
[16:48:21] [168/324] PJRR
[16:48:22] [169/324] INAC
[16:48:23] [170/324] BMCA
[16:48:24] [171/324] SHCB
[16:48:25] [172/324] GABA
[16:48:26] [173/324] SBCT
[16:48:26] [174/324] GCMA
[16:48:27] [175/324] MYTK
[16:48:28] [176/324] INZS
[16:48:29] [177/324] RMIK
[16:48:30] [178/324] NYCH
[16:48:31] [179/324] RAVE
[16:48:32] [180/324] PSXM
[16:48:33] [181/324] MCGP
[16:48:34] [182/324] PDDK
[16:48:35] [183/324] SPCK
[16:48:35] [184/324] MCRL
[16:48:36] [185/324] MHKT
[16:48:37] [186/324] ANRR
[16:48:37] [187/324] SAPK
[16:48:38] [188/324] NCUK
[16:48:39] [189/324] JUGA
[16:48:39] [190/324] DBSC
[16:48:40] [191/324] LALK
[16:48:41] [192/324] GUCK
[16:48:42] [193/324] STSG
[16:48:42] [194/324] PPPZ
[16:48:43] [195/324] CNCY
[16:48:44] [196/324] MTAR
[16:48:45] [197/324] VNKD
[16:48:46] [198/324] KMAJ
[16:48:46] [199/324] ACXK
[16:48:47] [200/324] UTKC
[16:48:48] [201/324] PBLK
[16:48:49] [202/324] ACBX
[16:48:50] [203/324] PTGM
[16:48:51] [204/324] BTDA
[16:48:52] [205/324] PJMB
[16:48:53] [206/324] TPDA
[16:48:54] [207/324] AMOE
[16:48:55] [208/324] PRHT
[16:48:56] [209/324] PRTA
[16:48:57] [210/324] STAM
[16:48:58] [211/324] MSAA
[16:48:59] [212/324] SDLU
[16:49:00] [213/324] RCHH
[16:49:01] [214/324] KANT
[16:49:02] [215/324] FCRT
[16:49:03] [216/324] DNKM
[16:49:04] [217/324] RYCP
[16:49:06] [218/324] MYRP
[16:49:07] [219/324] PPAK
[16:49:08] [220/324] NVPK
[16:49:09] [221/324] PRMC
[16:49:10] [222/324] JBCS
[16:49:11] [223/324] GXCK
[16:49:12] [224/324] USKO
[16:49:13] [225/324] GTEM
[16:49:14] [226/324] SMBU
[16:49:15] [227/324] VETC
[16:49:16] [228/324] LCDA
[16:49:17] [229/324] MTVT
[16:49:18] [230/324] PYCP
[16:49:18] [231/324] PNSC
[16:49:19] [232/324] PPCC
[16:49:20] [233/324] TGRT
[16:49:21] [234/324] JYOT
[16:49:22] [235/324] SRCZ
[16:49:23] [236/324] SJTE
[16:49:24] [237/324] DESC
[16:49:25] [238/324] JHVN
[16:49:26] [239/324] IPSG
[16:49:27] [240/324] IPCM
[16:49:28] [241/324] PDRS
[16:49:29] [242/324] ANCV
[16:49:29] [243/324] CMVV
[16:49:30] [244/324] SHYP
[16:49:32] [245/324] DNCS
[16:49:32] [246/324] GAJK
[16:49:33] [247/324] AKTN
[16:49:34] [248/324] KAYA
[16:49:35] [249/324] SBRC
[16:49:35] [250/324] CHTP
[16:49:36] [251/324] SHRT
[16:49:37] [252/324] BCKU
[16:49:38] [253/324] FCPS
[16:49:39] [254/324] ARDD
[16:49:40] [255/324] CPCM
[16:49:40] [256/324] CGSM
[16:49:42] [257/324] PSMP
[16:49:43] [258/324] SDAL
[16:49:44] [259/324] RTNB
[16:49:44] [260/324] LMCR
[16:49:45] [261/324] CIMA
[16:49:46] [262/324] RNAS
[16:49:47] [263/324] LITH
[16:49:48] [264/324] PBOX
[16:49:49] [265/324] FRTS
[16:49:49] [266/324] RKIC
[16:49:50] [267/324] PTAI
[16:49:51] [268/324] GCIC
[16:49:53] [269/324] FNAS
[16:49:53] [270/324] SCAR
[16:49:54] [271/324] MTCA
[16:49:55] [272/324] SCTS
[16:49:56] [273/324] SYCS
[16:49:57] [274/324] RDMS
[16:49:58] [275/324] KAMP
[16:50:00] [276/324] ERSD
[16:50:00] [277/324] MJMJ
[16:50:01] [278/324] SRCJ
[16:50:02] [279/324] SCXE
[16:50:03] [280/324] SVFR
[16:50:04] [281/324] BHCS
[16:50:05] [282/324] IMCC
[16:50:06] [283/324] PCBO
[16:50:06] [284/324] PRVN
[16:50:08] [285/324] AUPM
[16:50:09] [286/324] INBW
[16:50:10] [287/324] SVCW
[16:50:10] [288/324] RKCF
[16:50:12] [289/324] UVBH
[16:50:12] [290/324] DNCY
[16:50:14] [291/324] ABCN
[16:50:15] [292/324] PRUR
[16:50:16] [293/324] PFMR
[16:50:17] [294/324] RKCN
[16:50:18] [295/324] CFEA
[16:50:19] [296/324] SDBG
[16:50:19] [297/324] SNAR
[16:50:20] [298/324] YISI
[16:50:22] [299/324] JCFF
[16:50:23] [300/324] VTRK
[16:50:23] [301/324] PCLZ
[16:50:24] [302/324] DIMY
[16:50:25] [303/324] BBTS
[16:50:26] [304/324] GATH
[16:50:27] [305/324] GTMN
[16:50:28] [306/324] VTMH
[16:50:29] [307/324] CCKP
[16:50:29] [308/324] GPKA
[16:50:30] [309/324] MHCL
[16:50:31] [310/324] ATCL
[16:50:32] [311/324] SBCK
[16:50:33] [312/324] AMMR
[16:50:33] [313/324] MADC
[16:50:34] [314/324] TMMA
[16:50:35] [315/324] CACC
[16:50:36] [316/324] CHAL
[16:50:37] [317/324] DURG
[16:50:38] [318/324] GMKU
[16:50:39] [319/324] GECA
[16:50:39] [320/324] KYRR
[16:50:40] [321/324] KSDE
[16:50:41] [322/324] LMCI
[16:50:42] [323/324] NKCP
[16:50:43] [324/324] BGTC
[16:50:44] 🧹 Deduping shows
[16:50:44] ✅ DONE | Shows=141 | Movies=16
[04:43:21] 🚀 SCRIPT STARTED
[04:43:21] [1/324] GCTA
[04:43:21] 🧠 New identity created
[04:43:23] [2/324] TOPN
[04:43:24] [3/324] MCUS
[04:43:24] [4/324] SHRL
[04:43:25] [5/324] UPTP
[04:43:25] [6/324] TMMP
[04:43:26] [7/324] DNRP
[04:43:27] [8/324] SRLT
[04:43:28] [9/324] RCNS
[04:43:28] [10/324] DCBH
[04:43:29] [11/324] NAGJ
[04:43:30] [12/324] JVRC
[04:43:30] [13/324] KRJG
[04:43:31] [14/324] SRTJ
[04:43:32] [15/324] CMXM
[04:43:32] [16/324] STMI
[04:43:33] [17/324] SLST
[04:43:34] [18/324] DTCN
[04:43:34] [19/324] STYN
[04:43:35] [20/324] SZVR
[04:43:36] [21/324] SRKO
[04:43:37] [22/324] JTGT
[04:43:37] [23/324] SVFD
[04:43:38] [24/324] SISD
[04:43:38] [25/324] ABDD
[04:43:39] [26/324] DRCA
[04:43:40] [27/324] AVCS
[04:43:40] [28/324] MVKH
[04:43:41] [29/324] ACPR
[04:43:42] [30/324] STIP
[04:43:42] [31/324] MTRA
[04:43:44] [32/324] RMKH
[04:43:45] [33/324] NKRL
[04:43:45] [34/324] PCWN
[04:43:45] [35/324] BLMT
[04:43:46] [36/324] GDPG
[04:43:47] [37/324] SRMX
[04:43:47] [38/324] JACP
[04:43:48] [39/324] CPSH
[04:43:48] [40/324] MCCD
[04:43:49] [41/324] ECGH
[04:43:50] [42/324] MKCK
[04:43:50] [43/324] SRMM
[04:43:51] [44/324] SKYR
[04:43:52] [45/324] PCKC
[04:43:52] [46/324] JCMA
[04:43:54] [47/324] BSMP
[04:43:54] [48/324] VSPA
[04:43:56] [49/324] DJYA
[04:43:56] [50/324] DIMP
[04:43:57] [51/324] FXDR
[04:43:58] [52/324] SSRC
[04:43:58] [53/324] STHP
[04:43:59] [54/324] CPPD
[04:44:00] [55/324] FCLK
[04:44:00] [56/324] SCPP
[04:44:01] [57/324] DCMJ
[04:44:02] [58/324] RCCR
[04:44:02] [59/324] INMT
[04:44:03] [60/324] LXTK
[04:44:03] [61/324] SRYK
[04:44:04] [62/324] SGDK
[04:44:05] [63/324] PPKA
[04:44:06] [64/324] SPKA
[04:44:07] [65/324] CGHH
[04:44:07] [66/324] DCJN
[04:44:08] [67/324] SRKV
[04:44:09] [68/324] SAJC
[04:44:09] [69/324] SUSR
[04:44:10] [70/324] STYG
[04:44:11] [71/324] NTKP
[04:44:11] [72/324] AKTG
[04:44:12] [73/324] CGCM
[04:44:13] [74/324] TULC
[04:44:14] [75/324] NYYZ
[04:44:14] [76/324] NYBW
[04:44:15] [77/324] MACB
[04:44:16] [78/324] SLVT
[04:44:16] [79/324] SANA
[04:44:17] [80/324] ACMR
[04:44:18] [81/324] CPKN
[04:44:18] [82/324] DLGK
[04:44:19] [83/324] CWCK
[04:44:20] [84/324] FDDH
[04:44:20] [85/324] MMMD
[04:44:21] [86/324] CMEH
[04:44:21] [87/324] GGGV
[04:44:22] [88/324] SPJL
[04:44:22] [89/324] RCCD
[04:44:23] [90/324] STTZ
[04:44:24] [91/324] BTCF
[04:44:25] [92/324] TSTZ
[04:44:26] [93/324] IPMM
[04:44:26] [94/324] PMPW
[04:44:27] [95/324] PCMZ
[04:44:27] [96/324] ESEM
[04:44:28] [97/324] PIPO
[04:44:29] [98/324] MATK
[04:44:29] [99/324] PGHM
[04:44:30] [100/324] CTSR
[04:44:31] [101/324] CYKR
[04:44:31] [102/324] MSCM
[04:44:32] [103/324] RFNP
[04:44:33] [104/324] PDCP
[04:44:33] [105/324] NPSE
[04:44:34] [106/324] MKML
[04:44:34] [107/324] FTDP
[04:44:35] [108/324] MMXA
[04:44:36] [109/324] CEPO
[04:44:36] [110/324] CMVP
[04:44:37] [111/324] SGTH
[04:44:37] [112/324] SAYN
[04:44:38] [113/324] URVS
[04:44:39] [114/324] VJTN
[04:44:39] [115/324] BBYK
[04:44:40] [116/324] SHBO
[04:44:40] [117/324] VCMR
[04:44:41] [118/324] MACT
[04:44:41] [119/324] JMNP
[04:44:42] [120/324] VICS
[04:44:42] [121/324] VCDA
[04:44:43] [122/324] GCMM
[04:44:44] [123/324] INVS
[04:44:44] [124/324] SCGM
[04:44:45] [125/324] PCDA
[04:44:46] [126/324] KDCT
[04:44:46] [127/324] JACS
[04:44:47] [128/324] GMMC
[04:44:48] [129/324] AICM
[04:44:48] [130/324] TJCM
[04:44:49] [131/324] RMTI
[04:44:50] [132/324] SHAC
[04:44:50] [133/324] APJC
[04:44:51] [134/324] GCTG
[04:44:52] [135/324] SSMC
[04:44:52] [136/324] THRM
[04:44:53] [137/324] RBCT
[04:44:53] [138/324] DIKT
[04:44:54] [139/324] MIDL
[04:44:54] [140/324] VCSN
[04:44:55] [141/324] SKTG
[04:44:56] [142/324] SMWC
[04:44:56] [143/324] MNKH
[04:44:57] [144/324] PIAT
[04:44:57] [145/324] LTTP
[04:44:58] [146/324] PTPU
[04:44:59] [147/324] ACMG
[04:44:59] [148/324] SHMM
[04:45:00] [149/324] MCMN
[04:45:01] [150/324] GLDC
[04:45:01] [151/324] HOUT
[04:45:02] [152/324] SVRP
[04:45:02] [153/324] PVDN
[04:45:03] [154/324] SCPY
[04:45:03] [155/324] DTPY
[04:45:04] [156/324] GKCS
[04:45:05] [157/324] NCAM
[04:45:05] [158/324] BSRM
[04:45:06] [159/324] RCLC
[04:45:07] [160/324] SKKD
[04:45:07] [161/324] ACHU
[04:45:08] [162/324] RSCF
[04:45:08] [163/324] IMSH
[04:45:09] [164/324] MACX
[04:45:09] [165/324] HMMW
[04:45:10] [166/324] JTCP
[04:45:11] [167/324] SREN
[04:45:11] [168/324] PJRR
[04:45:12] [169/324] INAC
[04:45:13] [170/324] BMCA
[04:45:13] [171/324] SHCB
[04:45:14] [172/324] GABA
[04:45:15] [173/324] SBCT
[04:45:15] [174/324] GCMA
[04:45:16] [175/324] MYTK
[04:45:16] [176/324] INZS
[04:45:17] [177/324] RMIK
[04:45:18] [178/324] NYCH
[04:45:18] [179/324] RAVE
[04:45:19] [180/324] PSXM
[04:45:19] [181/324] MCGP
[04:45:20] [182/324] PDDK
[04:45:20] [183/324] SPCK
[04:45:21] [184/324] MCRL
[04:45:22] [185/324] MHKT
[04:45:22] [186/324] ANRR
[04:45:23] [187/324] SAPK
[04:45:23] [188/324] NCUK
[04:45:24] [189/324] JUGA
[04:45:24] [190/324] DBSC
[04:45:25] [191/324] LALK
[04:45:26] [192/324] GUCK
[04:45:26] [193/324] STSG
[04:45:27] [194/324] PPPZ
[04:45:27] [195/324] CNCY
[04:45:28] [196/324] MTAR
[04:45:29] [197/324] VNKD
[04:45:29] [198/324] KMAJ
[04:45:30] [199/324] ACXK
[04:45:31] [200/324] UTKC
[04:45:31] [201/324] PBLK
[04:45:32] [202/324] ACBX
[04:45:33] [203/324] PTGM
[04:45:33] [204/324] BTDA
[04:45:34] [205/324] PJMB
[04:45:35] [206/324] TPDA
[04:45:35] [207/324] AMOE
[04:45:36] [208/324] PRHT
[04:45:37] [209/324] PRTA
[04:45:37] [210/324] STAM
[04:45:38] [211/324] MSAA
[04:45:38] [212/324] SDLU
[04:45:39] [213/324] RCHH
[04:45:40] [214/324] KANT
[04:45:41] [215/324] FCRT
[04:45:41] [216/324] DNKM
[04:45:42] [217/324] RYCP
[04:45:42] [218/324] MYRP
[04:45:43] [219/324] PPAK
[04:45:44] [220/324] NVPK
[04:45:45] [221/324] PRMC
[04:45:45] [222/324] JBCS
[04:45:46] [223/324] GXCK
[04:45:47] [224/324] USKO
[04:45:47] [225/324] GTEM
[04:45:48] [226/324] SMBU
[04:45:49] [227/324] VETC
[04:45:49] [228/324] LCDA
[04:45:50] [229/324] MTVT
[04:45:51] [230/324] PYCP
[04:45:51] [231/324] PNSC
[04:45:52] [232/324] PPCC
[04:45:52] [233/324] TGRT
[04:45:53] [234/324] JYOT
[04:45:54] [235/324] SRCZ
[04:45:54] [236/324] SJTE
[04:45:55] [237/324] DESC
[04:45:56] [238/324] JHVN
[04:45:56] [239/324] IPSG
[04:45:57] [240/324] IPCM
[04:45:57] [241/324] PDRS
[04:45:58] [242/324] ANCV
[04:45:58] [243/324] CMVV
[04:45:59] [244/324] SHYP
[04:46:00] [245/324] DNCS
[04:46:00] [246/324] GAJK
[04:46:01] [247/324] AKTN
[04:46:02] [248/324] KAYA
[04:46:02] [249/324] SBRC
[04:46:03] [250/324] CHTP
[04:46:03] [251/324] SHRT
[04:46:04] [252/324] BCKU
[04:46:05] [253/324] FCPS
[04:46:05] [254/324] ARDD
[04:46:06] [255/324] CPCM
[04:46:07] [256/324] CGSM
[04:46:07] [257/324] PSMP
[04:46:08] [258/324] SDAL
[04:46:09] [259/324] RTNB
[04:46:09] [260/324] LMCR
[04:46:10] [261/324] CIMA
[04:46:10] [262/324] RNAS
[04:46:11] [263/324] LITH
[04:46:12] [264/324] PBOX
[04:46:12] [265/324] FRTS
[04:46:13] [266/324] RKIC
[04:46:14] [267/324] PTAI
[04:46:14] [268/324] GCIC
[04:46:15] [269/324] FNAS
[04:46:15] [270/324] SCAR
[04:46:16] [271/324] MTCA
[04:46:16] [272/324] SCTS
[04:46:17] [273/324] SYCS
[04:46:17] [274/324] RDMS
[04:46:18] [275/324] KAMP
[04:46:18] [276/324] ERSD
[04:46:19] [277/324] MJMJ
[04:46:19] [278/324] SRCJ
[04:46:20] [279/324] SCXE
[04:46:21] [280/324] SVFR
[04:46:21] [281/324] BHCS
[04:46:22] [282/324] IMCC
[04:46:23] [283/324] PCBO
[04:46:23] [284/324] PRVN
[04:46:24] [285/324] AUPM
[04:46:25] [286/324] INBW
[04:46:25] [287/324] SVCW
[04:46:26] [288/324] RKCF
[04:46:26] [289/324] UVBH
[04:46:27] [290/324] DNCY
[04:46:28] [291/324] ABCN
[04:46:28] [292/324] PRUR
[04:46:29] [293/324] PFMR
[04:46:30] [294/324] RKCN
[04:46:30] [295/324] CFEA
[04:46:31] [296/324] SDBG
[04:46:31] [297/324] SNAR
[04:46:32] [298/324] YISI
[04:46:33] [299/324] JCFF
[04:46:33] [300/324] VTRK
[04:46:34] [301/324] PCLZ
[04:46:35] [302/324] DIMY
[04:46:35] [303/324] BBTS
[04:46:36] [304/324] GATH
[04:46:37] [305/324] GTMN
[04:46:37] [306/324] VTMH
[04:46:38] [307/324] CCKP
[04:46:39] [308/324] GPKA
[04:46:39] [309/324] MHCL
[04:46:40] [310/324] ATCL
[04:46:40] [311/324] SBCK
[04:46:41] [312/324] AMMR
[04:46:41] [313/324] MADC
[04:46:42] [314/324] TMMA
[04:46:43] [315/324] CACC
[04:46:44] [316/324] CHAL
[04:46:44] [317/324] DURG
[04:46:45] [318/324] GMKU
[04:46:45] [319/324] GECA
[04:46:46] [320/324] KYRR
[04:46:47] [321/324] KSDE
[04:46:47] [322/324] LMCI
[04:46:48] [323/324] NKCP
[04:46:48] [324/324] BGTC
[04:46:49] 🧹 Deduping shows
[04:46:49] ✅ DONE | Shows=199 | Movies=24
