[00:45:01] 🚀 BMS DAILY TRACKER STARTED
[00:45:01] [1/296] CDCA
[00:45:01] 🧠 New identity
[00:45:02] [2/296] MNSR
[00:45:03] [3/296] CSSL
[00:45:04] [4/296] BGGM
[00:45:05] [5/296] MANT
[00:45:06] [6/296] SOOY
[00:45:07] [7/296] VPPK
[00:45:08] [8/296] MYHJ
[00:45:09] [9/296] KSCK
[00:45:10] [10/296] KATK
[00:45:10] [11/296] RTRT
[00:45:11] [12/296] SSTT
[00:45:12] [13/296] SSTV
[00:45:13] [14/296] LACM
[00:45:14] [15/296] SGMG
[00:45:15] [16/296] KACX
[00:45:15] [17/296] GVCP
[00:45:16] [18/296] CSNC
[00:45:17] [19/296] SXCB
[00:45:18] [20/296] BAHS
[00:45:19] [21/296] PCBI
[00:45:19] [22/296] PSSM
[00:45:20] [23/296] RCOK
[00:45:22] [24/296] SCPF
[00:45:24] [25/296] SSAS
[00:45:25] [26/296] EVMM
[00:45:26] [27/296] SYCB
[00:45:27] [28/296] GCKI
[00:45:28] [29/296] IAET
[00:45:29] [30/296] DDTD
[00:45:30] [31/296] GMDH
[00:45:31] [32/296] STLE
[00:45:32] [33/296] JTRA
[00:45:33] [34/296] RPPA
[00:45:33] [35/296] ARUT
[00:45:34] [36/296] JTVM
[00:45:35] [37/296] SWRH
[00:45:36] [38/296] DCPC
[00:45:37] [39/296] RAPR
[00:45:38] [40/296] GCRT
[00:45:39] [41/296] ATUN
[00:45:39] [42/296] LTRM
[00:45:40] [43/296] TASR
[00:45:41] [44/296] RLLC
[00:45:42] [45/296] MABI
[00:45:43] [46/296] SVHB
[00:45:43] [47/296] NVTB
[00:45:44] [48/296] KCKG
[00:45:45] [49/296] SSRN
[00:45:46] [50/296] VDDC
[00:45:47] [51/296] GKTK
[00:45:48] [52/296] YFSN
[00:45:49] [53/296] GCSG
[00:45:50] [54/296] ESSM
[00:45:50] [55/296] KRIH
[00:45:52] [56/296] GCDS
[00:45:53] [57/296] CCSH
[00:45:53] [58/296] ACSK
[00:45:54] [59/296] APRK
[00:45:55] [60/296] ADKM
[00:45:56] [61/296] SRDM
[00:45:57] [62/296] RMOG
[00:45:58] [63/296] SJMY
[00:45:58] [64/296] PGGC
[00:45:59] [65/296] INGM
[00:46:00] [66/296] LSCB
[00:46:01] [67/296] STAD
[00:46:02] [68/296] MCCR
[00:46:03] [69/296] ABCC
[00:46:03] [70/296] RKCC
[00:46:05] [71/296] RTCR
[00:46:05] [72/296] GGBC
[00:46:06] [73/296] GCSD
[00:46:07] [74/296] LPTY
[00:46:08] [75/296] MCFD
[00:46:10] [76/296] HENN
[00:46:10] [77/296] SMKU
[00:46:11] [78/296] TNZC
[00:46:12] [79/296] DRCD
[00:46:13] [80/296] DLCD
[00:46:14] [81/296] RCDA
[00:46:14] [82/296] COSM
[00:46:15] [83/296] MCMJ
[00:46:16] [84/296] CSTR
[00:46:17] [85/296] CVDK
[00:46:18] [86/296] INRR
[00:46:19] [87/296] RJRT
[00:46:20] [88/296] IRMR
[00:46:21] [89/296] SRCF
[00:46:21] [90/296] GRCR
[00:46:22] [91/296] SURC
[00:46:23] [92/296] NMNH
[00:46:24] [93/296] SVBL
[00:46:25] [94/296] KACI
[00:46:26] [95/296] TDGO
[00:46:26] [96/296] KTBR
[00:46:27] [97/296] PMAD
[00:46:28] [98/296] CCPN
[00:46:29] [99/296] SBTK
[00:46:29] [100/296] LMDK
[00:46:30] [101/296] PGDA
[00:46:31] [102/296] SRML
[00:46:32] [103/296] EVCK
[00:46:33] [104/296] RTTK
[00:46:34] [105/296] SRTU
[00:46:35] [106/296] VRSA
[00:46:36] [107/296] VARS
[00:46:36] [108/296] DSCZ
[00:46:38] [109/296] GAGA
[00:46:39] [110/296] SARV
[00:46:39] [111/296] SEEG
[00:46:40] [112/296] GLCA
[00:46:41] [113/296] APAS
[00:46:42] [114/296] VCIA
[00:46:43] [115/296] SJTA
[00:46:43] [116/296] SABM
[00:46:44] [117/296] PPAG
[00:46:45] [118/296] RVCA
[00:46:46] [119/296] CCIA
[00:46:47] [120/296] HTAG
[00:46:47] [121/296] SMBI
[00:46:48] [122/296] MCJR
[00:46:49] [123/296] CCJR
[00:46:50] [124/296] SINF
[00:46:50] [125/296] CPLX
[00:46:51] [126/296] KKTJ
[00:46:52] [127/296] GDBW
[00:46:53] [128/296] CSUB
[00:46:54] [129/296] DABA
[00:46:56] [130/296] TITR
[00:46:57] [131/296] NYCR
[00:46:57] [132/296] RTRY
[00:46:58] [133/296] JTJL
[00:47:00] [134/296] SJCP
[00:47:01] [135/296] KCCA
[00:47:01] [136/296] MLPG
[00:47:02] [137/296] VRCK
[00:47:03] [138/296] SRIN
[00:47:04] [139/296] CXMK
[00:47:05] [140/296] SKAD
[00:47:06] [141/296] AVTR
[00:47:07] [142/296] PTAJ
[00:47:08] [143/296] SCNK
[00:47:09] [144/296] STTI
[00:47:09] [145/296] KACR
[00:47:10] [146/296] SSDX
[00:47:11] [147/296] VRTJ
[00:47:12] [148/296] RAJD
[00:47:13] [149/296] SCIP
[00:47:14] [150/296] RJSL
[00:47:15] [151/296] ARRS
[00:47:16] [152/296] ASMS
[00:47:17] [153/296] RDTS
[00:47:18] [154/296] DVMY
[00:47:19] [155/296] RASA
[00:47:20] [156/296] INOM
[00:47:21] [157/296] SPRS
[00:47:21] [158/296] SGCS
[00:47:22] [159/296] SALM
[00:47:23] [160/296] PKHC
[00:47:24] [161/296] RCSV
[00:47:26] [162/296] CPKC
[00:47:27] [163/296] AACD
[00:47:27] [164/296] GGCV
[00:47:28] [165/296] SMKD
[00:47:29] [166/296] NBCH
[00:47:30] [167/296] AMCB
[00:47:31] [168/296] OPCN
[00:47:32] [169/296] DCIN
[00:47:33] [170/296] INGW
[00:47:34] [171/296] PKKW
[00:47:35] [172/296] FNGW
[00:47:36] [173/296] GCGD
[00:47:37] [174/296] MSTW
[00:47:38] [175/296] KCCG
[00:47:38] [176/296] MRSS
[00:47:39] [177/296] CLCF
[00:47:40] [178/296] EETS
[00:47:41] [179/296] AATR
[00:47:42] [180/296] CMMN
[00:47:43] [181/296] SCCJ
[00:47:44] [182/296] CDTK
[00:47:45] [183/296] AICP
[00:47:46] [184/296] FNBP
[00:47:46] [185/296] CBPB
[00:47:47] [186/296] CPAS
[00:47:49] [187/296] MAPM
[00:47:50] [188/296] PASD
[00:47:51] [189/296] JCMN
[00:47:51] [190/296] MALB
[00:47:52] [191/296] SACG
[00:47:53] [192/296] DDRX
[00:47:54] [193/296] DDXB
[00:47:55] [194/296] RAMC
[00:47:56] [195/296] SANC
[00:47:57] [196/296] BCBP
[00:47:58] [197/296] ALPC
[00:47:58] [198/296] RBAC
[00:47:59] [199/296] RAJL
[00:48:00] [200/296] MPDX
[00:48:01] [201/296] MUSC
[00:48:02] [202/296] VKMK
[00:48:02] [203/296] SKCG
[00:48:03] [204/296] ANCN
[00:48:04] [205/296] MMCJ
[00:48:05] [206/296] DCAK
[00:48:06] [207/296] SCKG
[00:48:07] [208/296] LMCK
[00:48:08] [209/296] CKKX
[00:48:08] [210/296] ANKU
[00:48:09] [211/296] CSMD
[00:48:10] [212/296] MKMP
[00:48:11] [213/296] SVBG
[00:48:12] [214/296] ROOP
[00:48:13] [215/296] GDMT
[00:48:14] [216/296] FPPF
[00:48:15] [217/296] SFUU
[00:48:16] [218/296] ANCB
[00:48:17] [219/296] SMMC
[00:48:18] [220/296] UGKT
[00:48:19] [221/296] JVRM
[00:48:19] [222/296] BATG
[00:48:20] [223/296] RATE
[00:48:21] [224/296] SKME
[00:48:22] [225/296] LMTP
[00:48:23] [226/296] TCBD
[00:48:23] [227/296] ESBD
[00:48:24] [228/296] GDCU
[00:48:25] [229/296] SNKT
[00:48:26] [230/296] SRNK
[00:48:28] [231/296] SMED
[00:48:29] [232/296] CSQS
[00:48:30] [233/296] ALCS
[00:48:30] [234/296] KCKN
[00:48:31] [235/296] VCCL
[00:48:32] [236/296] MCDA
[00:48:33] [237/296] SHMI
[00:48:34] [238/296] SKHA
[00:48:34] [239/296] SVFK
[00:48:35] [240/296] INVB
[00:48:36] [241/296] MELD
[00:48:37] [242/296] JTYS
[00:48:38] [243/296] INCM
[00:48:38] [244/296] MCDV
[00:48:39] [245/296] KSGK
[00:48:40] [246/296] ICMG
[00:48:41] [247/296] CSCV
[00:48:42] [248/296] STMD
[00:48:43] [249/296] STTR
[00:48:43] [250/296] INVC
[00:48:44] [251/296] JTBL
[00:48:45] [252/296] SRVV
[00:48:46] [253/296] MAVC
[00:48:47] [254/296] SRPP
[00:48:47] [255/296] JGDM
[00:48:48] [256/296] MBSJ
[00:48:49] [257/296] SSLL
[00:48:50] [258/296] SLKP
[00:48:52] [259/296] NSRV
[00:48:52] [260/296] UTDV
[00:48:53] [261/296] KICM
[00:48:54] [262/296] KCMD
[00:48:56] [263/296] TTPP
[00:48:56] [264/296] KMPV
[00:48:57] [265/296] SKTV
[00:48:58] [266/296] STCV
[00:48:59] [267/296] SRDA
[00:49:01] [268/296] JTSX
[00:49:02] [269/296] STBV
[00:49:03] [270/296] APVZ
[00:49:03] [271/296] GSTV
[00:49:04] [272/296] NMVS
[00:49:05] [273/296] SKRT
[00:49:06] [274/296] RMDV
[00:49:07] [275/296] RATG
[00:49:08] [276/296] SJYV
[00:49:10] [277/296] NDGP
[00:49:10] [278/296] SNDG
[00:49:11] [279/296] INSR
[00:49:12] [280/296] INSO
[00:49:14] [281/296] CCSI
[00:49:14] [282/296] RASM
[00:49:15] [283/296] NEWC
[00:49:16] [284/296] VSHL
[00:49:17] [285/296] BISW
[00:49:18] [286/296] GCNG
[00:49:18] [287/296] CWSC
[00:49:19] [288/296] SKAN
[00:49:20] [289/296] SEHP
[00:49:21] [290/296] CCOA
[00:49:21] [291/296] MCAJ
[00:49:22] [292/296] ACDE
[00:49:23] [293/296] AACM
[00:49:24] [294/296] JJCK
[00:49:25] [295/296] RCMO
[00:49:26] [296/296] GDAW
[00:49:27] ✅ DONE | Shows=0 | Movies=0
