[00:44:54] 🚀 BMS DAILY TRACKER STARTED
[00:44:54] [1/445] TGMR
[00:44:54] 🧠 New identity
[00:44:55] [2/445] CXKR
[00:44:56] [3/445] SROP
[00:44:57] [4/445] GTSV
[00:44:58] [5/445] SNTY
[00:44:59] [6/445] SMYY
[00:45:00] [7/445] CNCS
[00:45:01] [8/445] CSTM
[00:45:02] [9/445] NUCD
[00:45:03] [10/445] SHCZ
[00:45:03] [11/445] NJCT
[00:45:04] [12/445] COPC
[00:45:06] [13/445] STVV
[00:45:07] [14/445] SKRN
[00:45:08] [15/445] APPZ
[00:45:09] [16/445] YMGN
[00:45:10] [17/445] SVTU
[00:45:11] [18/445] GTAD
[00:45:13] [19/445] PSUS
[00:45:14] [20/445] SMCD
[00:45:15] [21/445] CMCM
[00:45:16] [22/445] SYCT
[00:45:17] [23/445] STLY
[00:45:18] [24/445] CMHU
[00:45:19] [25/445] CMSA
[00:45:20] [26/445] CLCU
[00:45:21] [27/445] PPNT
[00:45:22] [28/445] JTAB
[00:45:23] [29/445] BUUC
[00:45:24] [30/445] BSVK
[00:45:26] [31/445] VVVQ
[00:45:26] [32/445] TKMU
[00:45:27] [33/445] ESYL
[00:45:28] [34/445] ACHP
[00:45:30] [35/445] BTKD
[00:45:31] [36/445] DESA
[00:45:33] [37/445] GBCT
[00:45:33] [38/445] BLLD
[00:45:34] [39/445] SKNT
[00:45:35] [40/445] SSTE
[00:45:36] [41/445] VJMR
[00:45:36] [42/445] NTPU
[00:45:37] [43/445] RDKN
[00:45:38] [44/445] ADGC
[00:45:39] [45/445] VRBP
[00:45:40] [46/445] NMNA
[00:45:40] [47/445] CMMX
[00:45:41] [48/445] PTKO
[00:45:42] [49/445] RBML
[00:45:43] [50/445] SAIC
[00:45:44] [51/445] SVTJ
[00:45:45] [52/445] MRTE
[00:45:46] [53/445] RBTP
[00:45:48] [54/445] NLPS
[00:45:49] [55/445] GTNA
[00:45:50] [56/445] DGGC
[00:45:51] [57/445] SMCR
[00:45:51] [58/445] SCGD
[00:45:52] [59/445] SRRJ
[00:45:53] [60/445] CNRY
[00:45:54] [61/445] KTDI
[00:45:55] [62/445] SNJL
[00:45:56] [63/445] RKMD
[00:45:57] [64/445] SMDC
[00:45:57] [65/445] TADG
[00:45:58] [66/445] MCGS
[00:45:59] [67/445] PETK
[00:46:00] [68/445] CHAG
[00:46:01] [69/445] KSTL
[00:46:02] [70/445] AADS
[00:46:03] [71/445] NTHZ
[00:46:04] [72/445] HCKI
[00:46:05] [73/445] SSEF
[00:46:05] [74/445] MCGX
[00:46:07] [75/445] ERRA
[00:46:08] [76/445] SDTW
[00:46:09] [77/445] RMPK
[00:46:10] [78/445] PTHK
[00:46:11] [79/445] PXCS
[00:46:12] [80/445] SVLU
[00:46:12] [81/445] STAH
[00:46:13] [82/445] JRGF
[00:46:14] [83/445] CDOK
[00:46:16] [84/445] CMSG
[00:46:16] [85/445] APTD
[00:46:17] [86/445] KMPG
[00:46:19] [87/445] MUTJ
[00:46:20] [88/445] VCCI
[00:46:20] [89/445] URBE
[00:46:21] [90/445] TCTS
[00:46:22] [91/445] STSN
[00:46:23] [92/445] AKCH
[00:46:24] [93/445] APSC
[00:46:24] [94/445] VLTB
[00:46:25] [95/445] SANU
[00:46:26] [96/445] AXAM
[00:46:28] [97/445] MGMG
[00:46:29] [98/445] HTBY
[00:46:31] [99/445] MMZS
[00:46:32] [100/445] SUDR
[00:46:33] [101/445] CCAD
[00:46:34] [102/445] SKKC
[00:46:35] [103/445] RMCD
[00:46:35] [104/445] SBCQ
[00:46:36] [105/445] DCCT
[00:46:37] [106/445] VTKP
[00:46:39] [107/445] MLAM
[00:46:40] [108/445] SAVT
[00:46:41] [109/445] GEPL
[00:46:42] [110/445] AMCD
[00:46:42] [111/445] CCXR
[00:46:43] [112/445] GRNG
[00:46:44] [113/445] EBCA
[00:46:45] [114/445] CNVG
[00:46:46] [115/445] MWSS
[00:46:47] [116/445] VBOR
[00:46:48] [117/445] NEEB
[00:46:49] [118/445] SUTH
[00:46:49] [119/445] ANDB
[00:46:51] [120/445] MMXS
[00:46:52] [121/445] CNPD
[00:46:52] [122/445] SDCE
[00:46:54] [123/445] DHCB
[00:46:55] [124/445] ODEN
[00:46:55] [125/445] TNTC
[00:46:57] [126/445] VBKM
[00:46:58] [127/445] RZYM
[00:46:59] [128/445] JEMC
[00:47:00] [129/445] CMAU
[00:47:01] [130/445] SIVP
[00:47:02] [131/445] ATAG
[00:47:03] [132/445] CHTM
[00:47:03] [133/445] AAEE
[00:47:04] [134/445] IWPM
[00:47:05] [135/445] KCMW
[00:47:06] [136/445] MCTD
[00:47:07] [137/445] SPWR
[00:47:09] [138/445] SDPO
[00:47:10] [139/445] PCSK
[00:47:11] [140/445] ACHV
[00:47:12] [141/445] SVLA
[00:47:12] [142/445] PICT
[00:47:13] [143/445] BXDR
[00:47:14] [144/445] SPWA
[00:47:16] [145/445] MCKO
[00:47:16] [146/445] RTHK
[00:47:17] [147/445] CCMF
[00:47:18] [148/445] MRGB
[00:47:19] [149/445] CPLC
[00:47:20] [150/445] RACD
[00:47:20] [151/445] ATKT
[00:47:21] [152/445] SARN
[00:47:22] [153/445] KKUI
[00:47:23] [154/445] RGCM
[00:47:24] [155/445] BRVP
[00:47:25] [156/445] HRSR
[00:47:26] [157/445] GKGM
[00:47:27] [158/445] TTCD
[00:47:28] [159/445] PTTI
[00:47:29] [160/445] MPTT
[00:47:30] [161/445] CVTT
[00:47:30] [162/445] PCXD
[00:47:31] [163/445] GCDC
[00:47:32] [164/445] CCCF
[00:47:33] [165/445] MRAD
[00:47:34] [166/445] CPLK
[00:47:35] [167/445] SATB
[00:47:36] [168/445] SNVG
[00:47:37] [169/445] JMBA
[00:47:38] [170/445] TEJA
[00:47:39] [171/445] STYO
[00:47:41] [172/445] JTBP
[00:47:41] [173/445] KRGD
[00:47:42] [174/445] SLJJ
[00:47:43] [175/445] SPTJ
[00:47:44] [176/445] SWJG
[00:47:45] [177/445] LKRT
[00:47:46] [178/445] KCKA
[00:47:47] [179/445] SNCR
[00:47:49] [180/445] SMKL
[00:47:50] [181/445] GCFA
[00:47:50] [182/445] DDCK
[00:47:51] [183/445] NCHJ
[00:47:52] [184/445] RDMA
[00:47:53] [185/445] SVSV
[00:47:54] [186/445] SCJG
[00:47:55] [187/445] VKLP
[00:47:56] [188/445] NWCC
[00:47:57] [189/445] VKNS
[00:47:58] [190/445] SDDP
[00:47:59] [191/445] ACSI
[00:48:00] [192/445] SATG
[00:48:01] [193/445] SCMW
[00:48:02] [194/445] LKTK
[00:48:02] [195/445] VCKV
[00:48:03] [196/445] KKPE
[00:48:05] [197/445] KIGH
[00:48:06] [198/445] SRPM
[00:48:06] [199/445] SCAH
[00:48:08] [200/445] MUTA
[00:48:09] [201/445] SEPU
[00:48:10] [202/445] INOA
[00:48:10] [203/445] BASK
[00:48:11] [204/445] NECB
[00:48:12] [205/445] GTTG
[00:48:13] [206/445] ASSA
[00:48:13] [207/445] ANCL
[00:48:14] [208/445] GCTI
[00:48:15] [209/445] RCTS
[00:48:16] [210/445] ACNL
[00:48:17] [211/445] MYCT
[00:48:17] [212/445] NMHT
[00:48:18] [213/445] MDIT
[00:48:19] [214/445] LATG
[00:48:20] [215/445] SMTY
[00:48:22] [216/445] CVCT
[00:48:23] [217/445] RAMB
[00:48:23] [218/445] TGMS
[00:48:25] [219/445] BHEL
[00:48:26] [220/445] SHCT
[00:48:26] [221/445] SVCT
[00:48:27] [222/445] MRIY
[00:48:28] [223/445] SARO
[00:48:29] [224/445] STCT
[00:48:30] [225/445] JKKC
[00:48:30] [226/445] PLTT
[00:48:31] [227/445] SRNT
[00:48:32] [228/445] YAST
[00:48:32] [229/445] PERL
[00:48:33] [230/445] CICM
[00:48:34] [231/445] MMTR
[00:48:35] [232/445] ABTK
[00:48:36] [233/445] ATYY
[00:48:37] [234/445] ASTK
[00:48:38] [235/445] VVCK
[00:48:39] [236/445] ATKY
[00:48:40] [237/445] GWEK
[00:48:41] [238/445] SVFH
[00:48:42] [239/445] SLTA
[00:48:43] [240/445] AASH
[00:48:45] [241/445] ACXB
[00:48:46] [242/445] SMTX
[00:48:46] [243/445] AZDH
[00:48:47] [244/445] CMMH
[00:48:48] [245/445] SCSZ
[00:48:49] [246/445] SCKP
[00:48:50] [247/445] NXTM
[00:48:51] [248/445] NWCS
[00:48:52] [249/445] CXMH
[00:48:53] [250/445] PCMA
[00:48:53] [251/445] SGCM
[00:48:54] [252/445] SDTU
[00:48:56] [253/445] MMVI
[00:48:56] [254/445] JKCM
[00:48:57] [255/445] VCMM
[00:48:58] [256/445] SYEE
[00:48:59] [257/445] VASD
[00:48:59] [258/445] BDRB
[00:49:00] [259/445] LASM
[00:49:01] [260/445] DCRL
[00:49:02] [261/445] DVPM
[00:49:03] [262/445] SBMJ
[00:49:04] [263/445] CBMU
[00:49:05] [264/445] IUBS
[00:49:06] [265/445] INAP
[00:49:07] [266/445] SRRC
[00:49:08] [267/445] SAGR
[00:49:09] [268/445] CPMJ
[00:49:10] [269/445] ATJL
[00:49:11] [270/445] NNTD
[00:49:12] [271/445] JHCJ
[00:49:14] [272/445] CMMP
[00:49:14] [273/445] RSDR
[00:49:15] [274/445] AMTI
[00:49:17] [275/445] NYSG
[00:49:18] [276/445] AVSG
[00:49:19] [277/445] SYTP
[00:49:20] [278/445] LARC
[00:49:21] [279/445] RJTP
[00:49:22] [280/445] LAKC
[00:49:23] [281/445] MCXE
[00:49:24] [282/445] CCZC
[00:49:25] [283/445] AVCH
[00:49:26] [284/445] CMBE
[00:49:27] [285/445] MRRC
[00:49:28] [286/445] PCPY
[00:49:29] [287/445] SRMH
[00:49:30] [288/445] SVGS
[00:49:31] [289/445] PCSE
[00:49:32] [290/445] SVFT
[00:49:33] [291/445] TNZP
[00:49:33] [292/445] ICTP
[00:49:34] [293/445] ACTZ
[00:49:35] [294/445] GTUR
[00:49:36] [295/445] MAFC
[00:49:37] [296/445] MINL
[00:49:38] [297/445] MRCL
[00:49:38] [298/445] RCRP
[00:49:39] [299/445] RFFG
[00:49:41] [300/445] RMAS
[00:49:42] [301/445] INVR
[00:49:42] [302/445] RMAR
[00:49:43] [303/445] CNIS
[00:49:44] [304/445] RHRJ
[00:49:45] [305/445] INXR
[00:49:46] [306/445] VALT
[00:49:48] [307/445] LCSH
[00:49:49] [308/445] CMVS
[00:49:50] [309/445] CNMS
[00:49:51] [310/445] ROOG
[00:49:52] [311/445] ISRM
[00:49:52] [312/445] RCRM
[00:49:54] [313/445] ACJA
[00:49:55] [314/445] RCVS
[00:49:56] [315/445] CPUS
[00:49:57] [316/445] TGCS
[00:49:58] [317/445] RKCJ
[00:49:58] [318/445] MKSB
[00:49:59] [319/445] TCSJ
[00:50:00] [320/445] RMGP
[00:50:01] [321/445] CLLP
[00:50:03] [322/445] RCMV
[00:50:03] [323/445] CCKS
[00:50:04] [324/445] RSRP
[00:50:05] [325/445] APLP
[00:50:06] [326/445] CNVS
[00:50:07] [327/445] RMVY
[00:50:09] [328/445] PGBD
[00:50:09] [329/445] KLMS
[00:50:10] [330/445] RUST
[00:50:11] [331/445] MASM
[00:50:12] [332/445] BACS
[00:50:13] [333/445] BWST
[00:50:13] [334/445] RRFH
[00:50:14] [335/445] SJTM
[00:50:15] [336/445] BEMR
[00:50:16] [337/445] MCGR
[00:50:18] [338/445] SDSK
[00:50:18] [339/445] VBOL
[00:50:19] [340/445] RMGM
[00:50:20] [341/445] NOPL
[00:50:21] [342/445] MKJK
[00:50:22] [343/445] CVRN
[00:50:23] [344/445] MMEN
[00:50:24] [345/445] AMNG
[00:50:25] [346/445] INTM
[00:50:26] [347/445] SLCZ
[00:50:27] [348/445] AMJN
[00:50:28] [349/445] ACJN
[00:50:29] [350/445] AMKN
[00:50:30] [351/445] BTCN
[00:50:31] [352/445] AMBT
[00:50:32] [353/445] PACN
[00:50:34] [354/445] LCNS
[00:50:35] [355/445] PPKC
[00:50:36] [356/445] JYYN
[00:50:37] [357/445] JTNR
[00:50:38] [358/445] GTEE
[00:50:39] [359/445] SRNM
[00:50:39] [360/445] SDTC
[00:50:40] [361/445] VPCA
[00:50:41] [362/445] VLRA
[00:50:42] [363/445] SHKR
[00:50:43] [364/445] SBKD
[00:50:45] [365/445] SAAD
[00:50:46] [366/445] JTGN
[00:50:46] [367/445] SLAM
[00:50:47] [368/445] VTPM
[00:50:48] [369/445] ANPT
[00:50:49] [370/445] PUNB
[00:50:50] [371/445] CPKT
[00:50:51] [372/445] CNWE
[00:50:51] [373/445] ECPP
[00:50:53] [374/445] CPAR
[00:50:54] [375/445] ESBW
[00:50:54] [376/445] PKPU
[00:50:55] [377/445] CPRP
[00:50:56] [378/445] RAHU
[00:50:57] [379/445] RHMN
[00:50:58] [380/445] FMJP
[00:50:58] [381/445] CTMP
[00:50:59] [382/445] INPN
[00:51:00] [383/445] STTG
[00:51:01] [384/445] CTRD
[00:51:03] [385/445] PUVB
[00:51:03] [386/445] ESVP
[00:51:04] [387/445] CPFT
[00:51:05] [388/445] LCPC
[00:51:06] [389/445] VBCT
[00:51:07] [390/445] FSCW
[00:51:07] [391/445] VCMP
[00:51:08] [392/445] ASHC
[00:51:09] [393/445] VLCX
[00:51:10] [394/445] SHEV
[00:51:11] [395/445] APCO
[00:51:11] [396/445] SILC
[00:51:12] [397/445] SNMR
[00:51:13] [398/445] KYBO
[00:51:14] [399/445] SATK
[00:51:16] [400/445] SSCS
[00:51:16] [401/445] CLSB
[00:51:17] [402/445] KMJR
[00:51:18] [403/445] FSCK
[00:51:19] [404/445] NNKA
[00:51:20] [405/445] CLMK
[00:51:20] [406/445] DMPZ
[00:51:21] [407/445] INQM
[00:51:22] [408/445] CAML
[00:51:23] [409/445] INRK
[00:51:25] [410/445] IMKN
[00:51:26] [411/445] SVNR
[00:51:27] [412/445] INSL
[00:51:27] [413/445] MSMA
[00:51:28] [414/445] MCKK
[00:51:29] [415/445] FCHP
[00:51:30] [416/445] SFCR
[00:51:31] [417/445] NACK
[00:51:32] [418/445] PVAK
[00:51:34] [419/445] INER
[00:51:35] [420/445] RDBK
[00:51:36] [421/445] SVFN
[00:51:37] [422/445] IFRM
[00:51:39] [423/445] ATCK
[00:51:39] [424/445] ASKO
[00:51:40] [425/445] STKT
[00:51:41] [426/445] SVFB
[00:51:42] [427/445] INKS
[00:51:43] [428/445] PCRA
[00:51:44] [429/445] ATJA
[00:51:45] [430/445] IMJN
[00:51:46] [431/445] INHD
[00:51:47] [432/445] BARA
[00:51:49] [433/445] MCSL
[00:51:50] [434/445] RTOY
[00:51:51] [435/445] MENO
[00:51:52] [436/445] PUDM
[00:51:53] [437/445] PRCN
[00:51:53] [438/445] JMJR
[00:51:54] [439/445] SSGK
[00:51:55] [440/445] SSRL
[00:51:56] [441/445] JYKL
[00:51:56] [442/445] ACNB
[00:51:57] [443/445] SONP
[00:51:58] [444/445] EMCI
[00:51:59] [445/445] MRJH
[00:52:00] ✅ DONE | Shows=0 | Movies=0
[01:50:55] 🚀 BMS DAILY TRACKER STARTED
[01:50:55] [1/445] TGMR
[01:50:55] 🧠 New identity
[01:50:56] [2/445] CXKR
[01:50:57] [3/445] SROP
[01:50:58] [4/445] GTSV
[01:51:00] [5/445] SNTY
[01:51:01] [6/445] SMYY
[01:51:02] [7/445] CNCS
[01:51:03] [8/445] CSTM
[01:51:04] [9/445] NUCD
[01:51:05] [10/445] SHCZ
[01:51:06] [11/445] NJCT
[01:51:07] [12/445] COPC
[01:51:09] [13/445] STVV
[01:51:09] [14/445] SKRN
[01:51:10] [15/445] APPZ
[01:51:12] [16/445] YMGN
[01:51:13] [17/445] SVTU
[01:51:13] [18/445] GTAD
[01:51:14] [19/445] PSUS
[01:51:15] [20/445] SMCD
[01:51:17] [21/445] CMCM
[01:51:18] [22/445] SYCT
[01:51:18] [23/445] STLY
[01:51:19] [24/445] CMHU
[01:51:20] [25/445] CMSA
[01:51:22] [26/445] CLCU
[01:51:23] [27/445] PPNT
[01:51:24] [28/445] JTAB
[01:51:26] [29/445] BUUC
[01:51:26] [30/445] BSVK
[01:51:27] [31/445] VVVQ
[01:51:29] [32/445] TKMU
[01:51:29] [33/445] ESYL
[01:51:30] [34/445] ACHP
[01:51:31] [35/445] BTKD
[01:51:32] [36/445] DESA
[01:51:33] [37/445] GBCT
[01:51:34] [38/445] BLLD
[01:51:35] [39/445] SKNT
[01:51:36] [40/445] SSTE
[01:51:37] [41/445] VJMR
[01:51:38] [42/445] NTPU
[01:51:39] [43/445] RDKN
[01:51:40] [44/445] ADGC
[01:51:41] [45/445] VRBP
[01:51:42] [46/445] NMNA
[01:51:42] [47/445] CMMX
[01:51:43] [48/445] PTKO
[01:51:44] [49/445] RBML
[01:51:45] [50/445] SAIC
[01:51:46] [51/445] SVTJ
[01:51:47] [52/445] MRTE
[01:51:48] [53/445] RBTP
[01:51:49] [54/445] NLPS
[01:51:50] [55/445] GTNA
[01:51:50] [56/445] DGGC
[01:51:51] [57/445] SMCR
[01:51:52] [58/445] SCGD
[01:51:53] [59/445] SRRJ
[01:51:54] [60/445] CNRY
[01:51:55] [61/445] KTDI
[01:51:55] [62/445] SNJL
[01:51:56] [63/445] RKMD
[01:51:57] [64/445] SMDC
[01:51:58] [65/445] TADG
[01:51:59] [66/445] MCGS
[01:52:00] [67/445] PETK
[01:52:01] [68/445] CHAG
[01:52:02] [69/445] KSTL
[01:52:04] [70/445] AADS
[01:52:05] [71/445] NTHZ
[01:52:06] [72/445] HCKI
[01:52:07] [73/445] SSEF
[01:52:07] [74/445] MCGX
[01:52:09] [75/445] ERRA
[01:52:10] [76/445] SDTW
[01:52:11] [77/445] RMPK
[01:52:12] [78/445] PTHK
[01:52:13] [79/445] PXCS
[01:52:13] [80/445] SVLU
[01:52:14] [81/445] STAH
[01:52:15] [82/445] JRGF
[01:52:16] [83/445] CDOK
[01:52:17] [84/445] CMSG
[01:52:18] [85/445] APTD
[01:52:19] [86/445] KMPG
[01:52:20] [87/445] MUTJ
[01:52:21] [88/445] VCCI
[01:52:22] [89/445] URBE
[01:52:23] [90/445] TCTS
[01:52:24] [91/445] STSN
[01:52:25] [92/445] AKCH
[01:52:26] [93/445] APSC
[01:52:27] [94/445] VLTB
[01:52:28] [95/445] SANU
[01:52:29] [96/445] AXAM
[01:52:29] [97/445] MGMG
[01:52:30] [98/445] HTBY
[01:52:32] [99/445] MMZS
[01:52:32] [100/445] SUDR
[01:52:34] [101/445] CCAD
[01:52:35] [102/445] SKKC
[01:52:35] [103/445] RMCD
[01:52:36] [104/445] SBCQ
[01:52:37] [105/445] DCCT
[01:52:38] [106/445] VTKP
[01:52:39] [107/445] MLAM
[01:52:40] [108/445] SAVT
[01:52:41] [109/445] GEPL
[01:52:42] [110/445] AMCD
[01:52:43] [111/445] CCXR
[01:52:43] [112/445] GRNG
[01:52:44] [113/445] EBCA
[01:52:45] [114/445] CNVG
[01:52:46] [115/445] MWSS
[01:52:46] [116/445] VBOR
[01:52:47] [117/445] NEEB
[01:52:48] [118/445] SUTH
[01:52:49] [119/445] ANDB
[01:52:50] [120/445] MMXS
[01:52:51] [121/445] CNPD
[01:52:52] [122/445] SDCE
[01:52:53] [123/445] DHCB
[01:52:54] [124/445] ODEN
[01:52:55] [125/445] TNTC
[01:52:56] [126/445] VBKM
[01:52:57] [127/445] RZYM
[01:52:58] [128/445] JEMC
[01:52:59] [129/445] CMAU
[01:53:00] [130/445] SIVP
[01:53:01] [131/445] ATAG
[01:53:02] [132/445] CHTM
[01:53:02] [133/445] AAEE
[01:53:03] [134/445] IWPM
[01:53:04] [135/445] KCMW
[01:53:05] [136/445] MCTD
[01:53:06] [137/445] SPWR
[01:53:06] [138/445] SDPO
[01:53:07] [139/445] PCSK
[01:53:08] [140/445] ACHV
[01:53:09] [141/445] SVLA
[01:53:10] [142/445] PICT
[01:53:11] [143/445] BXDR
[01:53:12] [144/445] SPWA
[01:53:13] [145/445] MCKO
[01:53:15] [146/445] RTHK
[01:53:15] [147/445] CCMF
[01:53:17] [148/445] MRGB
[01:53:18] [149/445] CPLC
[01:53:19] [150/445] RACD
[01:53:20] [151/445] ATKT
[01:53:21] [152/445] SARN
[01:53:21] [153/445] KKUI
[01:53:23] [154/445] RGCM
[01:53:24] [155/445] BRVP
[01:53:25] [156/445] HRSR
[01:53:25] [157/445] GKGM
[01:53:27] [158/445] TTCD
[01:53:28] [159/445] PTTI
[01:53:29] [160/445] MPTT
[01:53:30] [161/445] CVTT
[01:53:31] [162/445] PCXD
[01:53:31] [163/445] GCDC
[01:53:32] [164/445] CCCF
[01:53:33] [165/445] MRAD
[01:53:34] [166/445] CPLK
[01:53:35] [167/445] SATB
[01:53:36] [168/445] SNVG
[01:53:37] [169/445] JMBA
[01:53:38] [170/445] TEJA
[01:53:39] [171/445] STYO
[01:53:41] [172/445] JTBP
[01:53:42] [173/445] KRGD
[01:53:43] [174/445] SLJJ
[01:53:43] [175/445] SPTJ
[01:53:44] [176/445] SWJG
[01:53:45] [177/445] LKRT
[01:53:46] [178/445] KCKA
[01:53:47] [179/445] SNCR
[01:53:48] [180/445] SMKL
[01:53:50] [181/445] GCFA
[01:53:51] [182/445] DDCK
[01:53:51] [183/445] NCHJ
[01:53:52] [184/445] RDMA
[01:53:53] [185/445] SVSV
[01:53:54] [186/445] SCJG
[01:53:55] [187/445] VKLP
[01:53:56] [188/445] NWCC
[01:53:57] [189/445] VKNS
[01:53:58] [190/445] SDDP
[01:53:58] [191/445] ACSI
[01:53:59] [192/445] SATG
[01:54:00] [193/445] SCMW
[01:54:01] [194/445] LKTK
[01:54:02] [195/445] VCKV
[01:54:03] [196/445] KKPE
[01:54:04] [197/445] KIGH
[01:54:05] [198/445] SRPM
[01:54:06] [199/445] SCAH
[01:54:07] [200/445] MUTA
[01:54:08] [201/445] SEPU
[01:54:08] [202/445] INOA
[01:54:10] [203/445] BASK
[01:54:11] [204/445] NECB
[01:54:12] [205/445] GTTG
[01:54:13] [206/445] ASSA
[01:54:14] [207/445] ANCL
[01:54:15] [208/445] GCTI
[01:54:16] [209/445] RCTS
[01:54:17] [210/445] ACNL
[01:54:17] [211/445] MYCT
[01:54:18] [212/445] NMHT
[01:54:20] [213/445] MDIT
[01:54:21] [214/445] LATG
[01:54:22] [215/445] SMTY
[01:54:23] [216/445] CVCT
[01:54:24] [217/445] RAMB
[01:54:25] [218/445] TGMS
[01:54:26] [219/445] BHEL
[01:54:27] [220/445] SHCT
[01:54:28] [221/445] SVCT
[01:54:29] [222/445] MRIY
[01:54:30] [223/445] SARO
[01:54:31] [224/445] STCT
[01:54:32] [225/445] JKKC
[01:54:33] [226/445] PLTT
[01:54:34] [227/445] SRNT
[01:54:35] [228/445] YAST
[01:54:35] [229/445] PERL
[01:54:36] [230/445] CICM
[01:54:37] [231/445] MMTR
[01:54:38] [232/445] ABTK
[01:54:39] [233/445] ATYY
[01:54:40] [234/445] ASTK
[01:54:40] [235/445] VVCK
[01:54:41] [236/445] ATKY
[01:54:42] [237/445] GWEK
[01:54:43] [238/445] SVFH
[01:54:44] [239/445] SLTA
[01:54:45] [240/445] AASH
[01:54:46] [241/445] ACXB
[01:54:47] [242/445] SMTX
[01:54:48] [243/445] AZDH
[01:54:50] [244/445] CMMH
[01:54:51] [245/445] SCSZ
[01:54:52] [246/445] SCKP
[01:54:53] [247/445] NXTM
[01:54:53] [248/445] NWCS
[01:54:54] [249/445] CXMH
[01:54:55] [250/445] PCMA
[01:54:56] [251/445] SGCM
[01:54:57] [252/445] SDTU
[01:54:58] [253/445] MMVI
[01:54:59] [254/445] JKCM
[01:55:00] [255/445] VCMM
[01:55:01] [256/445] SYEE
[01:55:02] [257/445] VASD
[01:55:03] [258/445] BDRB
[01:55:04] [259/445] LASM
[01:55:05] [260/445] DCRL
[01:55:06] [261/445] DVPM
[01:55:07] [262/445] SBMJ
[01:55:07] [263/445] CBMU
[01:55:08] [264/445] IUBS
[01:55:09] [265/445] INAP
[01:55:10] [266/445] SRRC
[01:55:10] [267/445] SAGR
[01:55:11] [268/445] CPMJ
[01:55:12] [269/445] ATJL
[01:55:13] [270/445] NNTD
[01:55:14] [271/445] JHCJ
[01:55:15] [272/445] CMMP
[01:55:16] [273/445] RSDR
[01:55:17] [274/445] AMTI
[01:55:18] [275/445] NYSG
[01:55:19] [276/445] AVSG
[01:55:21] [277/445] SYTP
[01:55:22] [278/445] LARC
[01:55:23] [279/445] RJTP
[01:55:24] [280/445] LAKC
[01:55:24] [281/445] MCXE
[01:55:25] [282/445] CCZC
[01:55:26] [283/445] AVCH
[01:55:27] [284/445] CMBE
[01:55:28] [285/445] MRRC
[01:55:28] [286/445] PCPY
[01:55:29] [287/445] SRMH
[01:55:30] [288/445] SVGS
[01:55:31] [289/445] PCSE
[01:55:32] [290/445] SVFT
[01:55:33] [291/445] TNZP
[01:55:34] [292/445] ICTP
[01:55:34] [293/445] ACTZ
[01:55:35] [294/445] GTUR
[01:55:36] [295/445] MAFC
[01:55:37] [296/445] MINL
[01:55:38] [297/445] MRCL
[01:55:39] [298/445] RCRP
[01:55:40] [299/445] RFFG
[01:55:40] [300/445] RMAS
[01:55:41] [301/445] INVR
[01:55:42] [302/445] RMAR
[01:55:43] [303/445] CNIS
[01:55:45] [304/445] RHRJ
[01:55:45] [305/445] INXR
[01:55:46] [306/445] VALT
[01:55:47] [307/445] LCSH
[01:55:48] [308/445] CMVS
[01:55:48] [309/445] CNMS
[01:55:49] [310/445] ROOG
[01:55:51] [311/445] ISRM
[01:55:51] [312/445] RCRM
[01:55:52] [313/445] ACJA
[01:55:54] [314/445] RCVS
[01:55:55] [315/445] CPUS
[01:55:56] [316/445] TGCS
[01:55:57] [317/445] RKCJ
[01:55:58] [318/445] MKSB
[01:55:59] [319/445] TCSJ
[01:55:59] [320/445] RMGP
[01:56:00] [321/445] CLLP
[01:56:01] [322/445] RCMV
[01:56:02] [323/445] CCKS
[01:56:03] [324/445] RSRP
[01:56:04] [325/445] APLP
[01:56:05] [326/445] CNVS
[01:56:06] [327/445] RMVY
[01:56:07] [328/445] PGBD
[01:56:08] [329/445] KLMS
[01:56:09] [330/445] RUST
[01:56:10] [331/445] MASM
[01:56:11] [332/445] BACS
[01:56:12] [333/445] BWST
[01:56:13] [334/445] RRFH
[01:56:14] [335/445] SJTM
[01:56:14] [336/445] BEMR
[01:56:15] [337/445] MCGR
[01:56:16] [338/445] SDSK
[01:56:17] [339/445] VBOL
[01:56:18] [340/445] RMGM
[01:56:19] [341/445] NOPL
[01:56:20] [342/445] MKJK
[01:56:21] [343/445] CVRN
[01:56:22] [344/445] MMEN
[01:56:22] [345/445] AMNG
[01:56:23] [346/445] INTM
[01:56:24] [347/445] SLCZ
[01:56:25] [348/445] AMJN
[01:56:27] [349/445] ACJN
[01:56:28] [350/445] AMKN
[01:56:29] [351/445] BTCN
[01:56:30] [352/445] AMBT
[01:56:30] [353/445] PACN
[01:56:31] [354/445] LCNS
[01:56:32] [355/445] PPKC
[01:56:33] [356/445] JYYN
[01:56:34] [357/445] JTNR
[01:56:35] [358/445] GTEE
[01:56:36] [359/445] SRNM
[01:56:37] [360/445] SDTC
[01:56:37] [361/445] VPCA
[01:56:38] [362/445] VLRA
[01:56:39] [363/445] SHKR
[01:56:41] [364/445] SBKD
[01:56:41] [365/445] SAAD
[01:56:42] [366/445] JTGN
[01:56:43] [367/445] SLAM
[01:56:44] [368/445] VTPM
[01:56:45] [369/445] ANPT
[01:56:46] [370/445] PUNB
[01:56:46] [371/445] CPKT
[01:56:47] [372/445] CNWE
[01:56:48] [373/445] ECPP
[01:56:49] [374/445] CPAR
[01:56:50] [375/445] ESBW
[01:56:51] [376/445] PKPU
[01:56:52] [377/445] CPRP
[01:56:53] [378/445] RAHU
[01:56:54] [379/445] RHMN
[01:56:55] [380/445] FMJP
[01:56:56] [381/445] CTMP
[01:56:57] [382/445] INPN
[01:56:59] [383/445] STTG
[01:56:59] [384/445] CTRD
[01:57:01] [385/445] PUVB
[01:57:01] [386/445] ESVP
[01:57:02] [387/445] CPFT
[01:57:03] [388/445] LCPC
[01:57:04] [389/445] VBCT
[01:57:05] [390/445] FSCW
[01:57:06] [391/445] VCMP
[01:57:07] [392/445] ASHC
[01:57:08] [393/445] VLCX
[01:57:09] [394/445] SHEV
[01:57:10] [395/445] APCO
[01:57:11] [396/445] SILC
[01:57:11] [397/445] SNMR
[01:57:12] [398/445] KYBO
[01:57:13] [399/445] SATK
[01:57:14] [400/445] SSCS
[01:57:15] [401/445] CLSB
[01:57:16] [402/445] KMJR
[01:57:17] [403/445] FSCK
[01:57:18] [404/445] NNKA
[01:57:19] [405/445] CLMK
[01:57:20] [406/445] DMPZ
[01:57:21] [407/445] INQM
[01:57:22] [408/445] CAML
[01:57:23] [409/445] INRK
[01:57:24] [410/445] IMKN
[01:57:25] [411/445] SVNR
[01:57:26] [412/445] INSL
[01:57:26] [413/445] MSMA
[01:57:27] [414/445] MCKK
[01:57:28] [415/445] FCHP
[01:57:29] [416/445] SFCR
[01:57:30] [417/445] NACK
[01:57:30] [418/445] PVAK
[01:57:31] [419/445] INER
[01:57:32] [420/445] RDBK
[01:57:33] [421/445] SVFN
[01:57:34] [422/445] IFRM
[01:57:35] [423/445] ATCK
[01:57:35] [424/445] ASKO
[01:57:36] [425/445] STKT
[01:57:38] [426/445] SVFB
[01:57:38] [427/445] INKS
[01:57:39] [428/445] PCRA
[01:57:40] [429/445] ATJA
[01:57:41] [430/445] IMJN
[01:57:42] [431/445] INHD
[01:57:43] [432/445] BARA
[01:57:44] [433/445] MCSL
[01:57:45] [434/445] RTOY
[01:57:46] [435/445] MENO
[01:57:47] [436/445] PUDM
[01:57:48] [437/445] PRCN
[01:57:49] [438/445] JMJR
[01:57:50] [439/445] SSGK
[01:57:51] [440/445] SSRL
[01:57:52] [441/445] JYKL
[01:57:53] [442/445] ACNB
[01:57:54] [443/445] SONP
[01:57:54] [444/445] EMCI
[01:57:55] [445/445] MRJH
[01:57:57] ✅ DONE | Shows=0 | Movies=0
