[00:45:00] 🚀 BMS DAILY TRACKER STARTED
[00:45:00] [1/459] NECA
[00:45:00] 🧠 New identity
[00:45:01] [2/459] BJLC
[00:45:02] [3/459] BASU
[00:45:02] [4/459] RUPI
[00:45:03] [5/459] LCBK
[00:45:04] [6/459] PMAC
[00:45:05] [7/459] AMLC
[00:45:06] [8/459] LICL
[00:45:06] [9/459] UDMM
[00:45:08] [10/459] STBZ
[00:45:09] [11/459] UUBT
[00:45:09] [12/459] SJKC
[00:45:10] [13/459] TUAL
[00:45:11] [14/459] MRSE
[00:45:12] [15/459] RMRK
[00:45:13] [16/459] TTKP
[00:45:14] [17/459] KTKO
[00:45:15] [18/459] SDBK
[00:45:15] [19/459] MCPR
[00:45:16] [20/459] CHTI
[00:45:17] [21/459] GCCP
[00:45:18] [22/459] SRMY
[00:45:19] [23/459] NYST
[00:45:19] [24/459] NYAG
[00:45:20] [25/459] SBMT
[00:45:21] [26/459] INGA
[00:45:22] [27/459] WSIC
[00:45:23] [28/459] SCSS
[00:45:24] [29/459] COPG
[00:45:24] [30/459] RCGR
[00:45:25] [31/459] TCZA
[00:45:26] [32/459] CNLP
[00:45:27] [33/459] CLKN
[00:45:28] [34/459] LHDF
[00:45:29] [35/459] ELKC
[00:45:30] [36/459] VCEM
[00:45:31] [37/459] SSZA
[00:45:32] [38/459] KRMT
[00:45:33] [39/459] LCMV
[00:45:34] [40/459] AYCZ
[00:45:35] [41/459] CUMS
[00:45:36] [42/459] BOCK
[00:45:38] [43/459] PNMR
[00:45:39] [44/459] PJCP
[00:45:40] [45/459] JDDD
[00:45:41] [46/459] STMS
[00:45:41] [47/459] FLMB
[00:45:42] [48/459] PKCM
[00:45:43] [49/459] SPPR
[00:45:44] [50/459] EYLH
[00:45:45] [51/459] RJCC
[00:45:46] [52/459] MMPS
[00:45:47] [53/459] SHMX
[00:45:48] [54/459] CCNL
[00:45:49] [55/459] RCNV
[00:45:50] [56/459] MAAG
[00:45:51] [57/459] LXCM
[00:45:52] [58/459] RCNI
[00:45:52] [59/459] SNNI
[00:45:53] [60/459] LALC
[00:45:54] [61/459] SOCN
[00:45:56] [62/459] JHTP
[00:45:57] [63/459] PITP
[00:45:58] [64/459] CCKW
[00:45:59] [65/459] MCMC
[00:46:00] [66/459] DEES
[00:46:00] [67/459] SABT
[00:46:02] [68/459] VSPP
[00:46:02] [69/459] ABCT
[00:46:03] [70/459] JVTB
[00:46:04] [71/459] VCBD
[00:46:05] [72/459] RMGG
[00:46:06] [73/459] RNMH
[00:46:07] [74/459] SPGL
[00:46:07] [75/459] JTTR
[00:46:08] [76/459] SICS
[00:46:09] [77/459] SRMI
[00:46:10] [78/459] SSIJ
[00:46:11] [79/459] KFMT
[00:46:12] [80/459] VBIT
[00:46:13] [81/459] JKCT
[00:46:14] [82/459] GCGP
[00:46:14] [83/459] GDCS
[00:46:15] [84/459] TRBA
[00:46:16] [85/459] QUST
[00:46:17] [86/459] VSHM
[00:46:17] [87/459] SDCP
[00:46:18] [88/459] SNVS
[00:46:19] [89/459] NYTO
[00:46:20] [90/459] URWC
[00:46:21] [91/459] GTWH
[00:46:22] [92/459] PFCM
[00:46:22] [93/459] KRTA
[00:46:23] [94/459] AXMC
[00:46:25] [95/459] EVMC
[00:46:26] [96/459] HGSM
[00:46:26] [97/459] ACVM
[00:46:27] [98/459] PSKL
[00:46:28] [99/459] RDMP
[00:46:29] [100/459] RHGH
[00:46:30] [101/459] OMCM
[00:46:31] [102/459] DCCP
[00:46:32] [103/459] MCPB
[00:46:32] [104/459] ALCI
[00:46:33] [105/459] BLMX
[00:46:34] [106/459] BTMV
[00:46:35] [107/459] FVPN
[00:46:36] [108/459] CMAR
[00:46:37] [109/459] CEIM
[00:46:38] [110/459] CMVA
[00:46:39] [111/459] CPIV
[00:46:40] [112/459] CNPE
[00:46:41] [113/459] COLV
[00:46:41] [114/459] DNNV
[00:46:42] [115/459] HCAD
[00:46:43] [116/459] TAKA
[00:46:44] [117/459] INVD
[00:46:45] [118/459] IRMM
[00:46:45] [119/459] INSE
[00:46:46] [120/459] MRSW
[00:46:47] [121/459] MCVD
[00:46:48] [122/459] MCSO
[00:46:49] [123/459] PEVM
[00:46:50] [124/459] PVNL
[00:46:50] [125/459] PTCV
[00:46:51] [126/459] PRTC
[00:46:53] [127/459] RCVA
[00:46:54] [128/459] MTBN
[00:46:55] [129/459] LUCP
[00:46:55] [130/459] FMPT
[00:46:56] [131/459] JLSL
[00:46:57] [132/459] SBHA
[00:46:58] [133/459] SHRC
[00:46:58] [134/459] AVPS
[00:46:59] [135/459] STPM
[00:47:00] [136/459] ATRD
[00:47:01] [137/459] VTED
[00:47:02] [138/459] ACAI
[00:47:03] [139/459] SMAE
[00:47:04] [140/459] VMAT
[00:47:05] [141/459] LKCT
[00:47:05] [142/459] JTVK
[00:47:06] [143/459] PRTY
[00:47:07] [144/459] GETT
[00:47:08] [145/459] ESAP
[00:47:10] [146/459] NCPM
[00:47:10] [147/459] PCPA
[00:47:12] [148/459] MMOM
[00:47:13] [149/459] PHUP
[00:47:14] [150/459] CCPI
[00:47:14] [151/459] CNTD
[00:47:16] [152/459] NLJR
[00:47:17] [153/459] SRNG
[00:47:17] [154/459] MHAL
[00:47:19] [155/459] PNSM
[00:47:19] [156/459] DRMY
[00:47:21] [157/459] CCMU
[00:47:21] [158/459] SCMY
[00:47:23] [159/459] PVSY
[00:47:25] [160/459] SDLM
[00:47:27] [161/459] ICCM
[00:47:28] [162/459] PYSU
[00:47:28] [163/459] GATM
[00:47:29] [164/459] WOTM
[00:47:30] [165/459] RKTS
[00:47:31] [166/459] PMTY
[00:47:32] [167/459] LYMS
[00:47:33] [168/459] TGCA
[00:47:34] [169/459] DSTA
[00:47:35] [170/459] CNGE
[00:47:36] [171/459] VSTG
[00:47:37] [172/459] GTCK
[00:47:38] [173/459] TGNT
[00:47:39] [174/459] ASLC
[00:47:39] [175/459] SSST
[00:47:40] [176/459] KBTT
[00:47:41] [177/459] HKCP
[00:47:42] [178/459] SWLC
[00:47:43] [179/459] RTND
[00:47:44] [180/459] PKKT
[00:47:44] [181/459] HSTK
[00:47:45] [182/459] SPTT
[00:47:46] [183/459] IMPM
[00:47:47] [184/459] SCMV
[00:47:48] [185/459] SPCT
[00:47:48] [186/459] JBCA
[00:47:49] [187/459] ATTR
[00:47:50] [188/459] SPMT
[00:47:51] [189/459] LCTM
[00:47:52] [190/459] SCVL
[00:47:53] [191/459] SCVT
[00:47:54] [192/459] KRIC
[00:47:54] [193/459] CTMG
[00:47:55] [194/459] ACNC
[00:47:56] [195/459] DMCK
[00:47:58] [196/459] KMTV
[00:47:59] [197/459] PFCJ
[00:48:00] [198/459] VNMD
[00:48:00] [199/459] VPCZ
[00:48:01] [200/459] SRYR
[00:48:02] [201/459] SYTR
[00:48:03] [202/459] GATR
[00:48:04] [203/459] URTR
[00:48:05] [204/459] MKSM
[00:48:06] [205/459] VSMH
[00:48:06] [206/459] SKRJ
[00:48:07] [207/459] SSJR
[00:48:09] [208/459] SVSM
[00:48:10] [209/459] RUCM
[00:48:12] [210/459] PRKN
[00:48:13] [211/459] RROH
[00:48:14] [212/459] SCTN
[00:48:15] [213/459] RTDM
[00:48:16] [214/459] ASRM
[00:48:17] [215/459] SKMD
[00:48:18] [216/459] SUTD
[00:48:19] [217/459] SADM
[00:48:20] [218/459] WCNR
[00:48:20] [219/459] CNED
[00:48:22] [220/459] MPDB
[00:48:23] [221/459] KTBH
[00:48:24] [222/459] IDRM
[00:48:25] [223/459] PJJT
[00:48:26] [224/459] PFCV
[00:48:27] [225/459] AACT
[00:48:28] [226/459] AAAD
[00:48:30] [227/459] ANES
[00:48:30] [228/459] MNCA
[00:48:31] [229/459] RMGU
[00:48:32] [230/459] DLCN
[00:48:33] [231/459] LJWT
[00:48:34] [232/459] MCBG
[00:48:35] [233/459] MYBG
[00:48:36] [234/459] GCCA
[00:48:37] [235/459] GCGA
[00:48:39] [236/459] ECGN
[00:48:40] [237/459] PRAB
[00:48:41] [238/459] PNMP
[00:48:41] [239/459] GCPT
[00:48:42] [240/459] ROYN
[00:48:43] [241/459] VATM
[00:48:44] [242/459] KSNT
[00:48:44] [243/459] ACTC
[00:48:45] [244/459] PLTD
[00:48:46] [245/459] SKMK
[00:48:47] [246/459] CMTT
[00:48:48] [247/459] SMXP
[00:48:49] [248/459] SCMX
[00:48:50] [249/459] ACXN
[00:48:50] [250/459] ASWT
[00:48:51] [251/459] VVVL
[00:48:52] [252/459] NAGO
[00:48:53] [253/459] SNCN
[00:48:54] [254/459] MCKP
[00:48:55] [255/459] SAMO
[00:48:56] [256/459] JBTV
[00:48:57] [257/459] DCVV
[00:48:58] [258/459] KMSV
[00:48:58] [259/459] KDCN
[00:48:59] [260/459] CNCP
[00:49:00] [261/459] HAMC
[00:49:01] [262/459] CCVZ
[00:49:02] [263/459] NCCK
[00:49:02] [264/459] MCHR
[00:49:04] [265/459] SCHT
[00:49:05] [266/459] ESSH
[00:49:06] [267/459] CUJC
[00:49:07] [268/459] PECP
[00:49:07] [269/459] PMMI
[00:49:08] [270/459] PCCH
[00:49:10] [271/459] PRPM
[00:49:11] [272/459] PVKL
[00:49:12] [273/459] CBSM
[00:49:13] [274/459] PVCZ
[00:49:15] [275/459] PCVV
[00:49:16] [276/459] CTMJ
[00:49:17] [277/459] RCPS
[00:49:18] [278/459] PCIT
[00:49:19] [279/459] FNCH
[00:49:20] [280/459] INZD
[00:49:21] [281/459] INPC
[00:49:22] [282/459] LCZP
[00:49:23] [283/459] SMCB
[00:49:24] [284/459] PTSB
[00:49:25] [285/459] TPSI
[00:49:26] [286/459] KHMJ
[00:49:27] [287/459] RCCJ
[00:49:28] [288/459] NCJA
[00:49:29] [289/459] NCJN
[00:49:30] [290/459] BTDP
[00:49:31] [291/459] PADY
[00:49:32] [292/459] NYBH
[00:49:34] [293/459] MTBR
[00:49:35] [294/459] KRBC
[00:49:36] [295/459] DKTI
[00:49:37] [296/459] ANAN
[00:49:38] [297/459] INBP
[00:49:40] [298/459] PATB
[00:49:41] [299/459] RGNT
[00:49:41] [300/459] CGPM
[00:49:42] [301/459] INTN
[00:49:43] [302/459] MCMP
[00:49:44] [303/459] ASRG
[00:49:45] [304/459] CXJD
[00:49:46] [305/459] SPCP
[00:49:47] [306/459] CSTP
[00:49:48] [307/459] PKVC
[00:49:49] [308/459] ESCP
[00:49:49] [309/459] CAEP
[00:49:51] [310/459] CCSP
[00:49:53] [311/459] KTPC
[00:49:53] [312/459] DACA
[00:49:54] [313/459] NVKY
[00:49:56] [314/459] PTIN
[00:49:57] [315/459] SCIN
[00:49:58] [316/459] MCTY
[00:49:59] [317/459] PCMX
[00:49:59] [318/459] INIC
[00:50:00] [319/459] MMZM
[00:50:02] [320/459] SSLP
[00:50:03] [321/459] DTDT
[00:50:04] [322/459] FFCX
[00:50:05] [323/459] RCMM
[00:50:06] [324/459] KYID
[00:50:07] [325/459] CSCI
[00:50:08] [326/459] FCMC
[00:50:09] [327/459] MMXI
[00:50:10] [328/459] ASTC
[00:50:12] [329/459] CMRA
[00:50:13] [330/459] DICI
[00:50:13] [331/459] KDIN
[00:50:14] [332/459] PRFI
[00:50:15] [333/459] SVFC
[00:50:16] [334/459] UCPL
[00:50:17] [335/459] COOC
[00:50:17] [336/459] SCAL
[00:50:18] [337/459] SVFF
[00:50:19] [338/459] VCMG
[00:50:20] [339/459] UUCT
[00:50:21] [340/459] GCSE
[00:50:22] [341/459] SUSC
[00:50:23] [342/459] MISC
[00:50:23] [343/459] RMBL
[00:50:24] [344/459] CMXN
[00:50:26] [345/459] PVBK
[00:50:26] [346/459] HHCG
[00:50:27] [347/459] SCAG
[00:50:28] [348/459] CNPR
[00:50:29] [349/459] CSER
[00:50:30] [350/459] HLWD
[00:50:31] [351/459] BOLY
[00:50:32] [352/459] SSPG
[00:50:33] [353/459] MUPX
[00:50:34] [354/459] HAMR
[00:50:35] [355/459] SDNC
[00:50:36] [356/459] RTEN
[00:50:37] [357/459] SDTD
[00:50:37] [358/459] KAWS
[00:50:38] [359/459] CMZX
[00:50:39] [360/459] DCDD
[00:50:40] [361/459] ALSN
[00:50:41] [362/459] IMXS
[00:50:42] [363/459] PVFF
[00:50:42] [364/459] PVOO
[00:50:43] [365/459] CFBS
[00:50:44] [366/459] PVER
[00:50:45] [367/459] PPNX
[00:50:46] [368/459] CNRM
[00:50:47] [369/459] PVWW
[00:50:48] [370/459] INMB
[00:50:49] [371/459] CPJR
[00:50:50] [372/459] INRZ
[00:50:51] [373/459] PMSR
[00:50:52] [374/459] GPGM
[00:50:53] [375/459] PGWB
[00:50:54] [376/459] PMBR
[00:50:55] [377/459] GPAM
[00:50:56] [378/459] INBC
[00:50:56] [379/459] PZVK
[00:50:57] [380/459] CPEB
[00:50:58] [381/459] FMLB
[00:50:59] [382/459] INBG
[00:51:00] [383/459] GPBR
[00:51:01] [384/459] PAAS
[00:51:02] [385/459] VTBR
[00:51:02] [386/459] GPMY
[00:51:03] [387/459] GYBU
[00:51:04] [388/459] INBJ
[00:51:05] [389/459] LKTH
[00:51:05] [390/459] NSBR
[00:51:06] [391/459] PDRD
[00:51:07] [392/459] VRBL
[00:51:08] [393/459] VTGB
[00:51:09] [394/459] VTSK
[00:51:09] [395/459] BKDV
[00:51:10] [396/459] SVTB
[00:51:11] [397/459] MLDT
[00:51:12] [398/459] NRBL
[00:51:13] [399/459] SLTR
[00:51:13] [400/459] VNKA
[00:51:14] [401/459] TDCA
[00:51:16] [402/459] INBM
[00:51:17] [403/459] SSNR
[00:51:17] [404/459] BHAC
[00:51:18] [405/459] SDSD
[00:51:19] [406/459] SAMP
[00:51:20] [407/459] RATK
[00:51:21] [408/459] KCBI
[00:51:22] [409/459] URBL
[00:51:22] [410/459] MKBG
[00:51:23] [411/459] ASTB
[00:51:24] [412/459] VBWT
[00:51:26] [413/459] GPSM
[00:51:27] [414/459] ROON
[00:51:28] [415/459] CHTH
[00:51:28] [416/459] SSPA
[00:51:29] [417/459] ANBL
[00:51:30] [418/459] VTBE
[00:51:31] [419/459] SVKT
[00:51:33] [420/459] SVYK
[00:51:34] [421/459] PTBK
[00:51:34] [422/459] RKTB
[00:51:36] [423/459] BALT
[00:51:37] [424/459] STSV
[00:51:37] [425/459] VCCB
[00:51:38] [426/459] SLTB
[00:51:39] [427/459] SBCR
[00:51:40] [428/459] VDCS
[00:51:41] [429/459] MDKI
[00:51:42] [430/459] SMRN
[00:51:43] [431/459] PTBC
[00:51:44] [432/459] RADI
[00:51:44] [433/459] ADCR
[00:51:46] [434/459] SDCS
[00:51:48] [435/459] SRPJ
[00:51:49] [436/459] ARTS
[00:51:50] [437/459] SRHK
[00:51:51] [438/459] SPAY
[00:51:52] [439/459] GPTB
[00:51:53] [440/459] SNNN
[00:51:54] [441/459] BALJ
[00:51:54] [442/459] TRIG
[00:51:55] [443/459] GTYT
[00:51:56] [444/459] ATGN
[00:51:57] [445/459] ANTE
[00:51:58] [446/459] BDCG
[00:51:59] [447/459] VECI
[00:51:59] [448/459] SCPR
[00:52:00] [449/459] RTEA
[00:52:01] [450/459] JSAI
[00:52:02] [451/459] VJTP
[00:52:03] [452/459] GNDS
[00:52:04] [453/459] PAXA
[00:52:05] [454/459] CGGM
[00:52:06] [455/459] ACKZ
[00:52:07] [456/459] EMCC
[00:52:08] [457/459] KLSK
[00:52:09] [458/459] AVCK
[00:52:09] [459/459] JTCK
[00:52:10] ✅ DONE | Shows=1 | Movies=1
