[00:44:55] 🚀 BMS DAILY TRACKER STARTED
[00:44:55] [1/324] GCTA
[00:44:55] 🧠 New identity
[00:44:56] [2/324] TOPN
[00:44:57] [3/324] MCUS
[00:44:58] [4/324] SHRL
[00:44:59] [5/324] UPTP
[00:45:00] [6/324] TMMP
[00:45:01] [7/324] DNRP
[00:45:02] [8/324] SRLT
[00:45:03] [9/324] RCNS
[00:45:04] [10/324] DCBH
[00:45:05] [11/324] NAGJ
[00:45:05] [12/324] JVRC
[00:45:06] [13/324] KRJG
[00:45:07] [14/324] SRTJ
[00:45:08] [15/324] CMXM
[00:45:09] [16/324] STMI
[00:45:10] [17/324] SLST
[00:45:11] [18/324] DTCN
[00:45:12] [19/324] STYN
[00:45:13] [20/324] SZVR
[00:45:14] [21/324] SRKO
[00:45:14] [22/324] JTGT
[00:45:15] [23/324] SVFD
[00:45:16] [24/324] SISD
[00:45:17] [25/324] ABDD
[00:45:17] [26/324] DRCA
[00:45:18] [27/324] AVCS
[00:45:19] [28/324] MVKH
[00:45:20] [29/324] ACPR
[00:45:21] [30/324] STIP
[00:45:22] [31/324] MTRA
[00:45:23] [32/324] RMKH
[00:45:24] [33/324] NKRL
[00:45:25] [34/324] PCWN
[00:45:26] [35/324] BLMT
[00:45:27] [36/324] GDPG
[00:45:29] [37/324] SRMX
[00:45:29] [38/324] JACP
[00:45:30] [39/324] CPSH
[00:45:31] [40/324] MCCD
[00:45:32] [41/324] ECGH
[00:45:33] [42/324] MKCK
[00:45:34] [43/324] SRMM
[00:45:35] [44/324] SKYR
[00:45:36] [45/324] PCKC
[00:45:37] [46/324] JCMA
[00:45:38] [47/324] BSMP
[00:45:39] [48/324] VSPA
[00:45:40] [49/324] DJYA
[00:45:41] [50/324] DIMP
[00:45:41] [51/324] FXDR
[00:45:42] [52/324] SSRC
[00:45:43] [53/324] STHP
[00:45:44] [54/324] CPPD
[00:45:45] [55/324] FCLK
[00:45:46] [56/324] SCPP
[00:45:47] [57/324] DCMJ
[00:45:48] [58/324] RCCR
[00:45:49] [59/324] INMT
[00:45:50] [60/324] LXTK
[00:45:51] [61/324] SRYK
[00:45:52] [62/324] SGDK
[00:45:53] [63/324] PPKA
[00:45:54] [64/324] SPKA
[00:45:55] [65/324] CGHH
[00:45:56] [66/324] DCJN
[00:45:57] [67/324] SRKV
[00:45:57] [68/324] SAJC
[00:45:58] [69/324] SUSR
[00:45:59] [70/324] STYG
[00:46:00] [71/324] NTKP
[00:46:00] [72/324] AKTG
[00:46:02] [73/324] CGCM
[00:46:03] [74/324] TULC
[00:46:03] [75/324] NYYZ
[00:46:04] [76/324] NYBW
[00:46:05] [77/324] MACB
[00:46:06] [78/324] SLVT
[00:46:08] [79/324] SANA
[00:46:09] [80/324] ACMR
[00:46:09] [81/324] CPKN
[00:46:11] [82/324] DLGK
[00:46:12] [83/324] CWCK
[00:46:14] [84/324] FDDH
[00:46:14] [85/324] MMMD
[00:46:15] [86/324] CMEH
[00:46:17] [87/324] GGGV
[00:46:18] [88/324] SPJL
[00:46:18] [89/324] RCCD
[00:46:19] [90/324] STTZ
[00:46:20] [91/324] BTCF
[00:46:21] [92/324] TSTZ
[00:46:22] [93/324] IPMM
[00:46:23] [94/324] PMPW
[00:46:23] [95/324] PCMZ
[00:46:24] [96/324] ESEM
[00:46:25] [97/324] PIPO
[00:46:26] [98/324] MATK
[00:46:27] [99/324] PGHM
[00:46:27] [100/324] CTSR
[00:46:28] [101/324] CYKR
[00:46:29] [102/324] MSCM
[00:46:30] [103/324] RFNP
[00:46:31] [104/324] PDCP
[00:46:31] [105/324] NPSE
[00:46:32] [106/324] MKML
[00:46:33] [107/324] FTDP
[00:46:34] [108/324] MMXA
[00:46:35] [109/324] CEPO
[00:46:37] [110/324] CMVP
[00:46:37] [111/324] SGTH
[00:46:38] [112/324] SAYN
[00:46:39] [113/324] URVS
[00:46:40] [114/324] VJTN
[00:46:41] [115/324] BBYK
[00:46:42] [116/324] SHBO
[00:46:43] [117/324] VCMR
[00:46:44] [118/324] MACT
[00:46:44] [119/324] JMNP
[00:46:45] [120/324] VICS
[00:46:46] [121/324] VCDA
[00:46:47] [122/324] GCMM
[00:46:48] [123/324] INVS
[00:46:49] [124/324] SCGM
[00:46:50] [125/324] PCDA
[00:46:50] [126/324] KDCT
[00:46:52] [127/324] JACS
[00:46:53] [128/324] GMMC
[00:46:54] [129/324] AICM
[00:46:55] [130/324] TJCM
[00:46:56] [131/324] RMTI
[00:46:57] [132/324] SHAC
[00:46:58] [133/324] APJC
[00:47:00] [134/324] GCTG
[00:47:00] [135/324] SSMC
[00:47:01] [136/324] THRM
[00:47:02] [137/324] RBCT
[00:47:03] [138/324] DIKT
[00:47:04] [139/324] MIDL
[00:47:05] [140/324] VCSN
[00:47:05] [141/324] SKTG
[00:47:07] [142/324] SMWC
[00:47:08] [143/324] MNKH
[00:47:09] [144/324] PIAT
[00:47:10] [145/324] LTTP
[00:47:11] [146/324] PTPU
[00:47:11] [147/324] ACMG
[00:47:12] [148/324] SHMM
[00:47:13] [149/324] MCMN
[00:47:14] [150/324] GLDC
[00:47:15] [151/324] HOUT
[00:47:16] [152/324] SVRP
[00:47:16] [153/324] PVDN
[00:47:17] [154/324] SCPY
[00:47:18] [155/324] DTPY
[00:47:19] [156/324] GKCS
[00:47:20] [157/324] NCAM
[00:47:21] [158/324] BSRM
[00:47:21] [159/324] RCLC
[00:47:22] [160/324] SKKD
[00:47:23] [161/324] ACHU
[00:47:24] [162/324] RSCF
[00:47:25] [163/324] IMSH
[00:47:26] [164/324] MACX
[00:47:27] [165/324] HMMW
[00:47:27] [166/324] JTCP
[00:47:28] [167/324] SREN
[00:47:29] [168/324] PJRR
[00:47:29] [169/324] INAC
[00:47:30] [170/324] BMCA
[00:47:31] [171/324] SHCB
[00:47:32] [172/324] GABA
[00:47:33] [173/324] SBCT
[00:47:34] [174/324] GCMA
[00:47:34] [175/324] MYTK
[00:47:35] [176/324] INZS
[00:47:36] [177/324] RMIK
[00:47:37] [178/324] NYCH
[00:47:37] [179/324] RAVE
[00:47:38] [180/324] PSXM
[00:47:39] [181/324] MCGP
[00:47:40] [182/324] PDDK
[00:47:41] [183/324] SPCK
[00:47:42] [184/324] MCRL
[00:47:42] [185/324] MHKT
[00:47:43] [186/324] ANRR
[00:47:44] [187/324] SAPK
[00:47:45] [188/324] NCUK
[00:47:47] [189/324] JUGA
[00:47:49] [190/324] DBSC
[00:47:50] [191/324] LALK
[00:47:50] [192/324] GUCK
[00:47:51] [193/324] STSG
[00:47:52] [194/324] PPPZ
[00:47:53] [195/324] CNCY
[00:47:54] [196/324] MTAR
[00:47:55] [197/324] VNKD
[00:47:56] [198/324] KMAJ
[00:47:58] [199/324] ACXK
[00:47:59] [200/324] UTKC
[00:48:00] [201/324] PBLK
[00:48:01] [202/324] ACBX
[00:48:02] [203/324] PTGM
[00:48:03] [204/324] BTDA
[00:48:04] [205/324] PJMB
[00:48:05] [206/324] TPDA
[00:48:06] [207/324] AMOE
[00:48:07] [208/324] PRHT
[00:48:07] [209/324] PRTA
[00:48:08] [210/324] STAM
[00:48:09] [211/324] MSAA
[00:48:10] [212/324] SDLU
[00:48:11] [213/324] RCHH
[00:48:12] [214/324] KANT
[00:48:12] [215/324] FCRT
[00:48:13] [216/324] DNKM
[00:48:14] [217/324] RYCP
[00:48:15] [218/324] MYRP
[00:48:15] [219/324] PPAK
[00:48:16] [220/324] NVPK
[00:48:17] [221/324] PRMC
[00:48:19] [222/324] JBCS
[00:48:20] [223/324] GXCK
[00:48:21] [224/324] USKO
[00:48:22] [225/324] GTEM
[00:48:23] [226/324] SMBU
[00:48:23] [227/324] VETC
[00:48:25] [228/324] LCDA
[00:48:26] [229/324] MTVT
[00:48:27] [230/324] PYCP
[00:48:28] [231/324] PNSC
[00:48:29] [232/324] PPCC
[00:48:30] [233/324] TGRT
[00:48:31] [234/324] JYOT
[00:48:32] [235/324] SRCZ
[00:48:32] [236/324] SJTE
[00:48:33] [237/324] DESC
[00:48:34] [238/324] JHVN
[00:48:35] [239/324] IPSG
[00:48:35] [240/324] IPCM
[00:48:37] [241/324] PDRS
[00:48:38] [242/324] ANCV
[00:48:39] [243/324] CMVV
[00:48:39] [244/324] SHYP
[00:48:40] [245/324] DNCS
[00:48:41] [246/324] GAJK
[00:48:42] [247/324] AKTN
[00:48:43] [248/324] KAYA
[00:48:43] [249/324] SBRC
[00:48:44] [250/324] CHTP
[00:48:45] [251/324] SHRT
[00:48:47] [252/324] BCKU
[00:48:47] [253/324] FCPS
[00:48:48] [254/324] ARDD
[00:48:49] [255/324] CPCM
[00:48:50] [256/324] CGSM
[00:48:51] [257/324] PSMP
[00:48:52] [258/324] SDAL
[00:48:53] [259/324] RTNB
[00:48:54] [260/324] LMCR
[00:48:55] [261/324] CIMA
[00:48:56] [262/324] RNAS
[00:48:56] [263/324] LITH
[00:48:57] [264/324] PBOX
[00:48:59] [265/324] FRTS
[00:49:00] [266/324] RKIC
[00:49:01] [267/324] PTAI
[00:49:02] [268/324] GCIC
[00:49:03] [269/324] FNAS
[00:49:04] [270/324] SCAR
[00:49:05] [271/324] MTCA
[00:49:06] [272/324] SCTS
[00:49:06] [273/324] SYCS
[00:49:07] [274/324] RDMS
[00:49:08] [275/324] KAMP
[00:49:09] [276/324] ERSD
[00:49:10] [277/324] MJMJ
[00:49:11] [278/324] SRCJ
[00:49:12] [279/324] SCXE
[00:49:13] [280/324] SVFR
[00:49:14] [281/324] BHCS
[00:49:15] [282/324] IMCC
[00:49:15] [283/324] PCBO
[00:49:16] [284/324] PRVN
[00:49:18] [285/324] AUPM
[00:49:19] [286/324] INBW
[00:49:20] [287/324] SVCW
[00:49:21] [288/324] RKCF
[00:49:22] [289/324] UVBH
[00:49:22] [290/324] DNCY
[00:49:23] [291/324] ABCN
[00:49:24] [292/324] PRUR
[00:49:25] [293/324] PFMR
[00:49:26] [294/324] RKCN
[00:49:28] [295/324] CFEA
[00:49:28] [296/324] SDBG
[00:49:29] [297/324] SNAR
[00:49:30] [298/324] YISI
[00:49:31] [299/324] JCFF
[00:49:32] [300/324] VTRK
[00:49:32] [301/324] PCLZ
[00:49:33] [302/324] DIMY
[00:49:34] [303/324] BBTS
[00:49:35] [304/324] GATH
[00:49:36] [305/324] GTMN
[00:49:36] [306/324] VTMH
[00:49:37] [307/324] CCKP
[00:49:38] [308/324] GPKA
[00:49:39] [309/324] MHCL
[00:49:39] [310/324] ATCL
[00:49:40] [311/324] SBCK
[00:49:41] [312/324] AMMR
[00:49:42] [313/324] MADC
[00:49:43] [314/324] TMMA
[00:49:44] [315/324] CACC
[00:49:45] [316/324] CHAL
[00:49:46] [317/324] DURG
[00:49:47] [318/324] GMKU
[00:49:47] [319/324] GECA
[00:49:48] [320/324] KYRR
[00:49:50] [321/324] KSDE
[00:49:51] [322/324] LMCI
[00:49:52] [323/324] NKCP
[00:49:53] [324/324] BGTC
[00:49:54] ✅ DONE | Shows=0 | Movies=0
[01:50:54] 🚀 BMS DAILY TRACKER STARTED
[01:50:54] [1/324] GCTA
[01:50:54] 🧠 New identity
[01:50:55] [2/324] TOPN
[01:50:56] [3/324] MCUS
[01:50:57] [4/324] SHRL
[01:50:58] [5/324] UPTP
[01:50:59] [6/324] TMMP
[01:51:00] [7/324] DNRP
[01:51:01] [8/324] SRLT
[01:51:02] [9/324] RCNS
[01:51:02] [10/324] DCBH
[01:51:03] [11/324] NAGJ
[01:51:04] [12/324] JVRC
[01:51:05] [13/324] KRJG
[01:51:06] [14/324] SRTJ
[01:51:07] [15/324] CMXM
[01:51:08] [16/324] STMI
[01:51:08] [17/324] SLST
[01:51:09] [18/324] DTCN
[01:51:10] [19/324] STYN
[01:51:11] [20/324] SZVR
[01:51:11] [21/324] SRKO
[01:51:12] [22/324] JTGT
[01:51:13] [23/324] SVFD
[01:51:15] [24/324] SISD
[01:51:16] [25/324] ABDD
[01:51:17] [26/324] DRCA
[01:51:17] [27/324] AVCS
[01:51:18] [28/324] MVKH
[01:51:19] [29/324] ACPR
[01:51:20] [30/324] STIP
[01:51:22] [31/324] MTRA
[01:51:23] [32/324] RMKH
[01:51:24] [33/324] NKRL
[01:51:25] [34/324] PCWN
[01:51:26] [35/324] BLMT
[01:51:27] [36/324] GDPG
[01:51:27] [37/324] SRMX
[01:51:29] [38/324] JACP
[01:51:30] [39/324] CPSH
[01:51:30] [40/324] MCCD
[01:51:31] [41/324] ECGH
[01:51:33] [42/324] MKCK
[01:51:34] [43/324] SRMM
[01:51:34] [44/324] SKYR
[01:51:35] [45/324] PCKC
[01:51:36] [46/324] JCMA
[01:51:37] [47/324] BSMP
[01:51:38] [48/324] VSPA
[01:51:38] [49/324] DJYA
[01:51:39] [50/324] DIMP
[01:51:40] [51/324] FXDR
[01:51:41] [52/324] SSRC
[01:51:42] [53/324] STHP
[01:51:43] [54/324] CPPD
[01:51:44] [55/324] FCLK
[01:51:44] [56/324] SCPP
[01:51:46] [57/324] DCMJ
[01:51:47] [58/324] RCCR
[01:51:47] [59/324] INMT
[01:51:48] [60/324] LXTK
[01:51:49] [61/324] SRYK
[01:51:50] [62/324] SGDK
[01:51:52] [63/324] PPKA
[01:51:52] [64/324] SPKA
[01:51:53] [65/324] CGHH
[01:51:54] [66/324] DCJN
[01:51:55] [67/324] SRKV
[01:51:56] [68/324] SAJC
[01:51:57] [69/324] SUSR
[01:51:58] [70/324] STYG
[01:51:58] [71/324] NTKP
[01:51:59] [72/324] AKTG
[01:52:00] [73/324] CGCM
[01:52:01] [74/324] TULC
[01:52:02] [75/324] NYYZ
[01:52:03] [76/324] NYBW
[01:52:04] [77/324] MACB
[01:52:04] [78/324] SLVT
[01:52:05] [79/324] SANA
[01:52:06] [80/324] ACMR
[01:52:06] [81/324] CPKN
[01:52:07] [82/324] DLGK
[01:52:08] [83/324] CWCK
[01:52:10] [84/324] FDDH
[01:52:10] [85/324] MMMD
[01:52:11] [86/324] CMEH
[01:52:12] [87/324] GGGV
[01:52:13] [88/324] SPJL
[01:52:14] [89/324] RCCD
[01:52:15] [90/324] STTZ
[01:52:15] [91/324] BTCF
[01:52:16] [92/324] TSTZ
[01:52:17] [93/324] IPMM
[01:52:18] [94/324] PMPW
[01:52:19] [95/324] PCMZ
[01:52:20] [96/324] ESEM
[01:52:20] [97/324] PIPO
[01:52:21] [98/324] MATK
[01:52:22] [99/324] PGHM
[01:52:23] [100/324] CTSR
[01:52:24] [101/324] CYKR
[01:52:25] [102/324] MSCM
[01:52:26] [103/324] RFNP
[01:52:26] [104/324] PDCP
[01:52:27] [105/324] NPSE
[01:52:28] [106/324] MKML
[01:52:29] [107/324] FTDP
[01:52:29] [108/324] MMXA
[01:52:30] [109/324] CEPO
[01:52:31] [110/324] CMVP
[01:52:32] [111/324] SGTH
[01:52:33] [112/324] SAYN
[01:52:34] [113/324] URVS
[01:52:35] [114/324] VJTN
[01:52:35] [115/324] BBYK
[01:52:36] [116/324] SHBO
[01:52:37] [117/324] VCMR
[01:52:39] [118/324] MACT
[01:52:40] [119/324] JMNP
[01:52:41] [120/324] VICS
[01:52:42] [121/324] VCDA
[01:52:43] [122/324] GCMM
[01:52:44] [123/324] INVS
[01:52:45] [124/324] SCGM
[01:52:46] [125/324] PCDA
[01:52:47] [126/324] KDCT
[01:52:49] [127/324] JACS
[01:52:50] [128/324] GMMC
[01:52:51] [129/324] AICM
[01:52:52] [130/324] TJCM
[01:52:53] [131/324] RMTI
[01:52:54] [132/324] SHAC
[01:52:55] [133/324] APJC
[01:52:55] [134/324] GCTG
[01:52:56] [135/324] SSMC
[01:52:57] [136/324] THRM
[01:52:58] [137/324] RBCT
[01:52:59] [138/324] DIKT
[01:53:00] [139/324] MIDL
[01:53:00] [140/324] VCSN
[01:53:01] [141/324] SKTG
[01:53:02] [142/324] SMWC
[01:53:04] [143/324] MNKH
[01:53:04] [144/324] PIAT
[01:53:05] [145/324] LTTP
[01:53:06] [146/324] PTPU
[01:53:07] [147/324] ACMG
[01:53:08] [148/324] SHMM
[01:53:09] [149/324] MCMN
[01:53:10] [150/324] GLDC
[01:53:11] [151/324] HOUT
[01:53:12] [152/324] SVRP
[01:53:13] [153/324] PVDN
[01:53:13] [154/324] SCPY
[01:53:14] [155/324] DTPY
[01:53:15] [156/324] GKCS
[01:53:17] [157/324] NCAM
[01:53:18] [158/324] BSRM
[01:53:19] [159/324] RCLC
[01:53:20] [160/324] SKKD
[01:53:22] [161/324] ACHU
[01:53:23] [162/324] RSCF
[01:53:24] [163/324] IMSH
[01:53:24] [164/324] MACX
[01:53:26] [165/324] HMMW
[01:53:27] [166/324] JTCP
[01:53:28] [167/324] SREN
[01:53:29] [168/324] PJRR
[01:53:30] [169/324] INAC
[01:53:31] [170/324] BMCA
[01:53:32] [171/324] SHCB
[01:53:33] [172/324] GABA
[01:53:35] [173/324] SBCT
[01:53:36] [174/324] GCMA
[01:53:37] [175/324] MYTK
[01:53:38] [176/324] INZS
[01:53:39] [177/324] RMIK
[01:53:40] [178/324] NYCH
[01:53:41] [179/324] RAVE
[01:53:47] [180/324] PSXM
[01:53:47] [181/324] MCGP
[01:53:48] [182/324] PDDK
[01:53:49] [183/324] SPCK
[01:53:50] [184/324] MCRL
[01:53:51] [185/324] MHKT
[01:53:51] [186/324] ANRR
[01:53:52] [187/324] SAPK
[01:53:53] [188/324] NCUK
[01:53:54] [189/324] JUGA
[01:53:55] [190/324] DBSC
[01:53:55] [191/324] LALK
[01:53:57] [192/324] GUCK
[01:53:58] [193/324] STSG
[01:53:59] [194/324] PPPZ
[01:53:59] [195/324] CNCY
[01:54:00] [196/324] MTAR
[01:54:02] [197/324] VNKD
[01:54:03] [198/324] KMAJ
[01:54:03] [199/324] ACXK
[01:54:04] [200/324] UTKC
[01:54:05] [201/324] PBLK
[01:54:06] [202/324] ACBX
[01:54:07] [203/324] PTGM
[01:54:08] [204/324] BTDA
[01:54:09] [205/324] PJMB
[01:54:10] [206/324] TPDA
[01:54:11] [207/324] AMOE
[01:54:12] [208/324] PRHT
[01:54:13] [209/324] PRTA
[01:54:13] [210/324] STAM
[01:54:14] [211/324] MSAA
[01:54:15] [212/324] SDLU
[01:54:16] [213/324] RCHH
[01:54:17] [214/324] KANT
[01:54:18] [215/324] FCRT
[01:54:19] [216/324] DNKM
[01:54:20] [217/324] RYCP
[01:54:21] [218/324] MYRP
[01:54:21] [219/324] PPAK
[01:54:22] [220/324] NVPK
[01:54:23] [221/324] PRMC
[01:54:24] [222/324] JBCS
[01:54:25] [223/324] GXCK
[01:54:26] [224/324] USKO
[01:54:27] [225/324] GTEM
[01:54:28] [226/324] SMBU
[01:54:29] [227/324] VETC
[01:54:30] [228/324] LCDA
[01:54:31] [229/324] MTVT
[01:54:32] [230/324] PYCP
[01:54:33] [231/324] PNSC
[01:54:34] [232/324] PPCC
[01:54:35] [233/324] TGRT
[01:54:37] [234/324] JYOT
[01:54:38] [235/324] SRCZ
[01:54:39] [236/324] SJTE
[01:54:39] [237/324] DESC
[01:54:41] [238/324] JHVN
[01:54:41] [239/324] IPSG
[01:54:42] [240/324] IPCM
[01:54:43] [241/324] PDRS
[01:54:44] [242/324] ANCV
[01:54:45] [243/324] CMVV
[01:54:46] [244/324] SHYP
[01:54:47] [245/324] DNCS
[01:54:48] [246/324] GAJK
[01:54:49] [247/324] AKTN
[01:54:50] [248/324] KAYA
[01:54:51] [249/324] SBRC
[01:54:52] [250/324] CHTP
[01:54:53] [251/324] SHRT
[01:54:54] [252/324] BCKU
[01:54:56] [253/324] FCPS
[01:54:57] [254/324] ARDD
[01:54:57] [255/324] CPCM
[01:54:59] [256/324] CGSM
[01:54:59] [257/324] PSMP
[01:55:11] 🔄 Identity reset
[01:55:11] ❌ PSMP | ReadTimeout
[01:55:12] [258/324] SDAL
[01:55:12] 🧠 New identity
[01:55:13] [259/324] RTNB
[01:55:14] [260/324] LMCR
[01:55:14] [261/324] CIMA
[01:55:15] [262/324] RNAS
[01:55:17] [263/324] LITH
[01:55:18] [264/324] PBOX
[01:55:18] [265/324] FRTS
[01:55:20] [266/324] RKIC
[01:55:21] [267/324] PTAI
[01:55:22] [268/324] GCIC
[01:55:22] [269/324] FNAS
[01:55:23] [270/324] SCAR
[01:55:24] [271/324] MTCA
[01:55:25] [272/324] SCTS
[01:55:26] [273/324] SYCS
[01:55:26] [274/324] RDMS
[01:55:27] [275/324] KAMP
[01:55:29] [276/324] ERSD
[01:55:30] [277/324] MJMJ
[01:55:31] [278/324] SRCJ
[01:55:32] [279/324] SCXE
[01:55:33] [280/324] SVFR
[01:55:34] [281/324] BHCS
[01:55:35] [282/324] IMCC
[01:55:36] [283/324] PCBO
[01:55:38] [284/324] PRVN
[01:55:39] [285/324] AUPM
[01:55:40] [286/324] INBW
[01:55:40] [287/324] SVCW
[01:55:41] [288/324] RKCF
[01:55:42] [289/324] UVBH
[01:55:43] [290/324] DNCY
[01:55:44] [291/324] ABCN
[01:55:45] [292/324] PRUR
[01:55:46] [293/324] PFMR
[01:55:47] [294/324] RKCN
[01:55:48] [295/324] CFEA
[01:55:48] [296/324] SDBG
[01:55:49] [297/324] SNAR
[01:55:50] [298/324] YISI
[01:55:51] [299/324] JCFF
[01:55:52] [300/324] VTRK
[01:55:53] [301/324] PCLZ
[01:55:54] [302/324] DIMY
[01:55:56] [303/324] BBTS
[01:55:57] [304/324] GATH
[01:55:57] [305/324] GTMN
[01:55:58] [306/324] VTMH
[01:55:59] [307/324] CCKP
[01:56:00] [308/324] GPKA
[01:56:01] [309/324] MHCL
[01:56:02] [310/324] ATCL
[01:56:03] [311/324] SBCK
[01:56:04] [312/324] AMMR
[01:56:05] [313/324] MADC
[01:56:06] [314/324] TMMA
[01:56:07] [315/324] CACC
[01:56:07] [316/324] CHAL
[01:56:09] [317/324] DURG
[01:56:10] [318/324] GMKU
[01:56:11] [319/324] GECA
[01:56:12] [320/324] KYRR
[01:56:14] [321/324] KSDE
[01:56:14] [322/324] LMCI
[01:56:15] [323/324] NKCP
[01:56:17] [324/324] BGTC
[01:56:18] ✅ DONE | Shows=0 | Movies=0
