[00:45:13] 🚀 BMS DAILY TRACKER STARTED
[00:45:13] [1/324] GCTA
[00:45:13] 🧠 New identity
[00:45:14] [2/324] TOPN
[00:45:14] [3/324] MCUS
[00:45:15] [4/324] SHRL
[00:45:16] [5/324] UPTP
[00:45:17] [6/324] TMMP
[00:45:18] [7/324] DNRP
[00:45:19] [8/324] SRLT
[00:45:20] [9/324] RCNS
[00:45:21] [10/324] DCBH
[00:45:22] [11/324] NAGJ
[00:45:23] [12/324] JVRC
[00:45:24] [13/324] KRJG
[00:45:25] [14/324] SRTJ
[00:45:25] [15/324] CMXM
[00:45:27] [16/324] STMI
[00:45:28] [17/324] SLST
[00:45:29] [18/324] DTCN
[00:45:31] [19/324] STYN
[00:45:32] [20/324] SZVR
[00:45:33] [21/324] SRKO
[00:45:34] [22/324] JTGT
[00:45:36] [23/324] SVFD
[00:45:37] [24/324] SISD
[00:45:38] [25/324] ABDD
[00:45:39] [26/324] DRCA
[00:45:39] [27/324] AVCS
[00:45:40] [28/324] MVKH
[00:45:42] [29/324] ACPR
[00:45:43] [30/324] STIP
[00:45:45] [31/324] MTRA
[00:45:45] [32/324] RMKH
[00:45:46] [33/324] NKRL
[00:45:47] [34/324] PCWN
[00:45:49] [35/324] BLMT
[00:45:50] [36/324] GDPG
[00:45:50] [37/324] SRMX
[00:45:52] [38/324] JACP
[00:45:53] [39/324] CPSH
[00:45:55] [40/324] MCCD
[00:45:55] [41/324] ECGH
[00:45:57] [42/324] MKCK
[00:45:58] [43/324] SRMM
[00:45:59] [44/324] SKYR
[00:46:00] [45/324] PCKC
[00:46:01] [46/324] JCMA
[00:46:01] [47/324] BSMP
[00:46:02] [48/324] VSPA
[00:46:03] [49/324] DJYA
[00:46:05] [50/324] DIMP
[00:46:05] [51/324] FXDR
[00:46:07] [52/324] SSRC
[00:46:08] [53/324] STHP
[00:46:09] [54/324] CPPD
[00:46:09] [55/324] FCLK
[00:46:10] [56/324] SCPP
[00:46:11] [57/324] DCMJ
[00:46:12] [58/324] RCCR
[00:46:13] [59/324] INMT
[00:46:14] [60/324] LXTK
[00:46:15] [61/324] SRYK
[00:46:16] [62/324] SGDK
[00:46:18] [63/324] PPKA
[00:46:18] [64/324] SPKA
[00:46:19] [65/324] CGHH
[00:46:20] [66/324] DCJN
[00:46:21] [67/324] SRKV
[00:46:22] [68/324] SAJC
[00:46:23] [69/324] SUSR
[00:46:23] [70/324] STYG
[00:46:24] [71/324] NTKP
[00:46:25] [72/324] AKTG
[00:46:26] [73/324] CGCM
[00:46:27] [74/324] TULC
[00:46:28] [75/324] NYYZ
[00:46:29] [76/324] NYBW
[00:46:31] [77/324] MACB
[00:46:33] [78/324] SLVT
[00:46:34] [79/324] SANA
[00:46:35] [80/324] ACMR
[00:46:36] [81/324] CPKN
[00:46:38] [82/324] DLGK
[00:46:39] [83/324] CWCK
[00:46:39] [84/324] FDDH
[00:46:40] [85/324] MMMD
[00:46:41] [86/324] CMEH
[00:46:42] [87/324] GGGV
[00:46:43] [88/324] SPJL
[00:46:43] [89/324] RCCD
[00:46:44] [90/324] STTZ
[00:46:45] [91/324] BTCF
[00:46:46] [92/324] TSTZ
[00:46:47] [93/324] IPMM
[00:46:48] [94/324] PMPW
[00:46:50] [95/324] PCMZ
[00:46:51] [96/324] ESEM
[00:46:52] [97/324] PIPO
[00:46:53] [98/324] MATK
[00:46:54] [99/324] PGHM
[00:46:55] [100/324] CTSR
[00:46:57] [101/324] CYKR
[00:46:59] [102/324] MSCM
[00:47:00] [103/324] RFNP
[00:47:01] [104/324] PDCP
[00:47:01] [105/324] NPSE
[00:47:03] [106/324] MKML
[00:47:04] [107/324] FTDP
[00:47:06] [108/324] MMXA
[00:47:07] [109/324] CEPO
[00:47:08] [110/324] CMVP
[00:47:09] [111/324] SGTH
[00:47:10] [112/324] SAYN
[00:47:11] [113/324] URVS
[00:47:12] [114/324] VJTN
[00:47:13] [115/324] BBYK
[00:47:14] [116/324] SHBO
[00:47:15] [117/324] VCMR
[00:47:17] [118/324] MACT
[00:47:17] [119/324] JMNP
[00:47:19] [120/324] VICS
[00:47:20] [121/324] VCDA
[00:47:21] [122/324] GCMM
[00:47:22] [123/324] INVS
[00:47:23] [124/324] SCGM
[00:47:24] [125/324] PCDA
[00:47:26] [126/324] KDCT
[00:47:27] [127/324] JACS
[00:47:28] [128/324] GMMC
[00:47:29] [129/324] AICM
[00:47:30] [130/324] TJCM
[00:47:31] [131/324] RMTI
[00:47:32] [132/324] SHAC
[00:47:33] [133/324] APJC
[00:47:34] [134/324] GCTG
[00:47:36] [135/324] SSMC
[00:47:38] [136/324] THRM
[00:47:38] [137/324] RBCT
[00:47:39] [138/324] DIKT
[00:47:40] [139/324] MIDL
[00:47:42] [140/324] VCSN
[00:47:43] [141/324] SKTG
[00:47:44] [142/324] SMWC
[00:47:45] [143/324] MNKH
[00:47:46] [144/324] PIAT
[00:47:47] [145/324] LTTP
[00:47:47] [146/324] PTPU
[00:47:48] [147/324] ACMG
[00:47:50] [148/324] SHMM
[00:47:51] [149/324] MCMN
[00:47:52] [150/324] GLDC
[00:47:53] [151/324] HOUT
[00:47:54] [152/324] SVRP
[00:47:56] [153/324] PVDN
[00:47:57] [154/324] SCPY
[00:47:58] [155/324] DTPY
[00:47:58] [156/324] GKCS
[00:47:59] [157/324] NCAM
[00:48:00] [158/324] BSRM
[00:48:01] [159/324] RCLC
[00:48:01] [160/324] SKKD
[00:48:02] [161/324] ACHU
[00:48:03] [162/324] RSCF
[00:48:05] [163/324] IMSH
[00:48:06] [164/324] MACX
[00:48:07] [165/324] HMMW
[00:48:07] [166/324] JTCP
[00:48:09] [167/324] SREN
[00:48:10] [168/324] PJRR
[00:48:11] [169/324] INAC
[00:48:12] [170/324] BMCA
[00:48:13] [171/324] SHCB
[00:48:14] [172/324] GABA
[00:48:15] [173/324] SBCT
[00:48:17] [174/324] GCMA
[00:48:17] [175/324] MYTK
[00:48:19] [176/324] INZS
[00:48:20] [177/324] RMIK
[00:48:20] [178/324] NYCH
[00:48:21] [179/324] RAVE
[00:48:22] [180/324] PSXM
[00:48:23] [181/324] MCGP
[00:48:24] [182/324] PDDK
[00:48:25] [183/324] SPCK
[00:48:25] [184/324] MCRL
[00:48:27] [185/324] MHKT
[00:48:28] [186/324] ANRR
[00:48:29] [187/324] SAPK
[00:48:30] [188/324] NCUK
[00:48:31] [189/324] JUGA
[00:48:32] [190/324] DBSC
[00:48:33] [191/324] LALK
[00:48:34] [192/324] GUCK
[00:48:35] [193/324] STSG
[00:48:37] [194/324] PPPZ
[00:48:37] [195/324] CNCY
[00:48:39] [196/324] MTAR
[00:48:40] [197/324] VNKD
[00:48:41] [198/324] KMAJ
[00:48:43] [199/324] ACXK
[00:48:44] [200/324] UTKC
[00:48:45] [201/324] PBLK
[00:48:46] [202/324] ACBX
[00:48:47] [203/324] PTGM
[00:48:48] [204/324] BTDA
[00:48:50] [205/324] PJMB
[00:48:51] [206/324] TPDA
[00:48:52] [207/324] AMOE
[00:48:52] [208/324] PRHT
[00:48:53] [209/324] PRTA
[00:48:55] [210/324] STAM
[00:48:56] [211/324] MSAA
[00:48:56] [212/324] SDLU
[00:48:58] [213/324] RCHH
[00:48:59] [214/324] KANT
[00:49:00] [215/324] FCRT
[00:49:01] [216/324] DNKM
[00:49:02] [217/324] RYCP
[00:49:02] [218/324] MYRP
[00:49:03] [219/324] PPAK
[00:49:04] [220/324] NVPK
[00:49:06] [221/324] PRMC
[00:49:07] [222/324] JBCS
[00:49:08] [223/324] GXCK
[00:49:09] [224/324] USKO
[00:49:10] [225/324] GTEM
[00:49:12] [226/324] SMBU
[00:49:12] [227/324] VETC
[00:49:13] [228/324] LCDA
[00:49:14] [229/324] MTVT
[00:49:15] [230/324] PYCP
[00:49:16] [231/324] PNSC
[00:49:16] [232/324] PPCC
[00:49:17] [233/324] TGRT
[00:49:18] [234/324] JYOT
[00:49:19] [235/324] SRCZ
[00:49:20] [236/324] SJTE
[00:49:21] [237/324] DESC
[00:49:22] [238/324] JHVN
[00:49:23] [239/324] IPSG
[00:49:24] [240/324] IPCM
[00:49:25] [241/324] PDRS
[00:49:26] [242/324] ANCV
[00:49:27] [243/324] CMVV
[00:49:27] [244/324] SHYP
[00:49:28] [245/324] DNCS
[00:49:29] [246/324] GAJK
[00:49:30] [247/324] AKTN
[00:49:30] [248/324] KAYA
[00:49:32] [249/324] SBRC
[00:49:33] [250/324] CHTP
[00:49:34] [251/324] SHRT
[00:49:35] [252/324] BCKU
[00:49:36] [253/324] FCPS
[00:49:38] [254/324] ARDD
[00:49:38] [255/324] CPCM
[00:49:39] [256/324] CGSM
[00:49:40] [257/324] PSMP
[00:49:41] [258/324] SDAL
[00:49:42] [259/324] RTNB
[00:49:43] [260/324] LMCR
[00:49:44] [261/324] CIMA
[00:49:45] [262/324] RNAS
[00:49:47] [263/324] LITH
[00:49:48] [264/324] PBOX
[00:49:49] [265/324] FRTS
[00:49:51] [266/324] RKIC
[00:49:52] [267/324] PTAI
[00:49:53] [268/324] GCIC
[00:49:54] [269/324] FNAS
[00:49:54] [270/324] SCAR
[00:49:55] [271/324] MTCA
[00:49:57] [272/324] SCTS
[00:49:58] [273/324] SYCS
[00:49:58] [274/324] RDMS
[00:49:59] [275/324] KAMP
[00:50:01] [276/324] ERSD
[00:50:02] [277/324] MJMJ
[00:50:03] [278/324] SRCJ
[00:50:03] [279/324] SCXE
[00:50:04] [280/324] SVFR
[00:50:05] [281/324] BHCS
[00:50:07] [282/324] IMCC
[00:50:07] [283/324] PCBO
[00:50:08] [284/324] PRVN
[00:50:10] [285/324] AUPM
[00:50:10] [286/324] INBW
[00:50:11] [287/324] SVCW
[00:50:12] [288/324] RKCF
[00:50:13] [289/324] UVBH
[00:50:15] [290/324] DNCY
[00:50:16] [291/324] ABCN
[00:50:17] [292/324] PRUR
[00:50:17] [293/324] PFMR
[00:50:18] [294/324] RKCN
[00:50:19] [295/324] CFEA
[00:50:21] [296/324] SDBG
[00:50:22] [297/324] SNAR
[00:50:23] [298/324] YISI
[00:50:23] [299/324] JCFF
[00:50:24] [300/324] VTRK
[00:50:25] [301/324] PCLZ
[00:50:26] [302/324] DIMY
[00:50:26] [303/324] BBTS
[00:50:27] [304/324] GATH
[00:50:28] [305/324] GTMN
[00:50:29] [306/324] VTMH
[00:50:30] [307/324] CCKP
[00:50:31] [308/324] GPKA
[00:50:32] [309/324] MHCL
[00:50:32] [310/324] ATCL
[00:50:33] [311/324] SBCK
[00:50:35] [312/324] AMMR
[00:50:36] [313/324] MADC
[00:50:36] [314/324] TMMA
[00:50:38] [315/324] CACC
[00:50:39] [316/324] CHAL
[00:50:41] [317/324] DURG
[00:50:42] [318/324] GMKU
[00:50:42] [319/324] GECA
[00:50:44] [320/324] KYRR
[00:50:46] [321/324] KSDE
[00:50:46] [322/324] LMCI
[00:50:48] [323/324] NKCP
[00:50:49] [324/324] BGTC
[00:50:51] ✅ DONE | Shows=0 | Movies=0
[01:51:54] 🚀 BMS DAILY TRACKER STARTED
[01:51:54] [1/324] GCTA
[01:51:54] 🧠 New identity
[01:51:55] [2/324] TOPN
[01:51:56] [3/324] MCUS
[01:51:57] [4/324] SHRL
[01:51:58] [5/324] UPTP
[01:51:59] [6/324] TMMP
[01:52:01] [7/324] DNRP
[01:52:01] [8/324] SRLT
[01:52:02] [9/324] RCNS
[01:52:03] [10/324] DCBH
[01:52:05] [11/324] NAGJ
[01:52:06] [12/324] JVRC
[01:52:07] [13/324] KRJG
[01:52:07] [14/324] SRTJ
[01:52:08] [15/324] CMXM
[01:52:10] [16/324] STMI
[01:52:11] [17/324] SLST
[01:52:12] [18/324] DTCN
[01:52:13] [19/324] STYN
[01:52:13] [20/324] SZVR
[01:52:14] [21/324] SRKO
[01:52:16] [22/324] JTGT
[01:52:17] [23/324] SVFD
[01:52:18] [24/324] SISD
[01:52:19] [25/324] ABDD
[01:52:20] [26/324] DRCA
[01:52:21] [27/324] AVCS
[01:52:22] [28/324] MVKH
[01:52:23] [29/324] ACPR
[01:52:23] [30/324] STIP
[01:52:24] [31/324] MTRA
[01:52:25] [32/324] RMKH
[01:52:26] [33/324] NKRL
[01:52:27] [34/324] PCWN
[01:52:27] [35/324] BLMT
[01:52:28] [36/324] GDPG
[01:52:29] [37/324] SRMX
[01:52:30] [38/324] JACP
[01:52:31] [39/324] CPSH
[01:52:31] [40/324] MCCD
[01:52:32] [41/324] ECGH
[01:52:33] [42/324] MKCK
[01:52:34] [43/324] SRMM
[01:52:35] [44/324] SKYR
[01:52:36] [45/324] PCKC
[01:52:36] [46/324] JCMA
[01:52:37] [47/324] BSMP
[01:52:38] [48/324] VSPA
[01:52:39] [49/324] DJYA
[01:52:40] [50/324] DIMP
[01:52:41] [51/324] FXDR
[01:52:42] [52/324] SSRC
[01:52:43] [53/324] STHP
[01:52:44] [54/324] CPPD
[01:52:45] [55/324] FCLK
[01:52:45] [56/324] SCPP
[01:52:47] [57/324] DCMJ
[01:52:48] [58/324] RCCR
[01:52:49] [59/324] INMT
[01:52:50] [60/324] LXTK
[01:52:50] [61/324] SRYK
[01:52:51] [62/324] SGDK
[01:52:53] [63/324] PPKA
[01:52:54] [64/324] SPKA
[01:52:55] [65/324] CGHH
[01:52:57] [66/324] DCJN
[01:52:59] [67/324] SRKV
[01:52:59] [68/324] SAJC
[01:53:01] [69/324] SUSR
[01:53:02] [70/324] STYG
[01:53:03] [71/324] NTKP
[01:53:04] [72/324] AKTG
[01:53:04] [73/324] CGCM
[01:53:05] [74/324] TULC
[01:53:06] [75/324] NYYZ
[01:53:07] [76/324] NYBW
[01:53:08] [77/324] MACB
[01:53:08] [78/324] SLVT
[01:53:10] [79/324] SANA
[01:53:10] [80/324] ACMR
[01:53:11] [81/324] CPKN
[01:53:13] [82/324] DLGK
[01:53:14] [83/324] CWCK
[01:53:15] [84/324] FDDH
[01:53:16] [85/324] MMMD
[01:53:17] [86/324] CMEH
[01:53:18] [87/324] GGGV
[01:53:18] [88/324] SPJL
[01:53:19] [89/324] RCCD
[01:53:20] [90/324] STTZ
[01:53:22] [91/324] BTCF
[01:53:22] [92/324] TSTZ
[01:53:24] [93/324] IPMM
[01:53:25] [94/324] PMPW
[01:53:26] [95/324] PCMZ
[01:53:27] [96/324] ESEM
[01:53:28] [97/324] PIPO
[01:53:29] [98/324] MATK
[01:53:30] [99/324] PGHM
[01:53:31] [100/324] CTSR
[01:53:31] [101/324] CYKR
[01:53:33] [102/324] MSCM
[01:53:35] [103/324] RFNP
[01:53:36] [104/324] PDCP
[01:53:38] [105/324] NPSE
[01:53:39] [106/324] MKML
[01:53:40] [107/324] FTDP
[01:53:40] [108/324] MMXA
[01:53:42] [109/324] CEPO
[01:53:43] [110/324] CMVP
[01:53:44] [111/324] SGTH
[01:53:46] [112/324] SAYN
[01:53:47] [113/324] URVS
[01:53:48] [114/324] VJTN
[01:53:48] [115/324] BBYK
[01:53:50] [116/324] SHBO
[01:53:51] [117/324] VCMR
[01:53:52] [118/324] MACT
[01:53:53] [119/324] JMNP
[01:53:54] [120/324] VICS
[01:53:55] [121/324] VCDA
[01:53:56] [122/324] GCMM
[01:53:57] [123/324] INVS
[01:53:57] [124/324] SCGM
[01:53:58] [125/324] PCDA
[01:53:59] [126/324] KDCT
[01:54:00] [127/324] JACS
[01:54:01] [128/324] GMMC
[01:54:01] [129/324] AICM
[01:54:02] [130/324] TJCM
[01:54:03] [131/324] RMTI
[01:54:04] [132/324] SHAC
[01:54:05] [133/324] APJC
[01:54:06] [134/324] GCTG
[01:54:07] [135/324] SSMC
[01:54:09] [136/324] THRM
[01:54:10] [137/324] RBCT
[01:54:11] [138/324] DIKT
[01:54:12] [139/324] MIDL
[01:54:13] [140/324] VCSN
[01:54:14] [141/324] SKTG
[01:54:15] [142/324] SMWC
[01:54:16] [143/324] MNKH
[01:54:17] [144/324] PIAT
[01:54:18] [145/324] LTTP
[01:54:19] [146/324] PTPU
[01:54:19] [147/324] ACMG
[01:54:20] [148/324] SHMM
[01:54:21] [149/324] MCMN
[01:54:22] [150/324] GLDC
[01:54:24] [151/324] HOUT
[01:54:25] [152/324] SVRP
[01:54:25] [153/324] PVDN
[01:54:26] [154/324] SCPY
[01:54:28] [155/324] DTPY
[01:54:29] [156/324] GKCS
[01:54:30] [157/324] NCAM
[01:54:31] [158/324] BSRM
[01:54:32] [159/324] RCLC
[01:54:32] [160/324] SKKD
[01:54:33] [161/324] ACHU
[01:54:34] [162/324] RSCF
[01:54:36] [163/324] IMSH
[01:54:37] [164/324] MACX
[01:54:39] [165/324] HMMW
[01:54:39] [166/324] JTCP
[01:54:41] [167/324] SREN
[01:54:42] [168/324] PJRR
[01:54:43] [169/324] INAC
[01:54:44] [170/324] BMCA
[01:54:46] [171/324] SHCB
[01:54:47] [172/324] GABA
[01:54:48] [173/324] SBCT
[01:54:50] [174/324] GCMA
[01:54:51] [175/324] MYTK
[01:54:53] [176/324] INZS
[01:54:53] [177/324] RMIK
[01:54:54] [178/324] NYCH
[01:54:55] [179/324] RAVE
[01:54:56] [180/324] PSXM
[01:54:56] [181/324] MCGP
[01:54:57] [182/324] PDDK
[01:54:58] [183/324] SPCK
[01:54:59] [184/324] MCRL
[01:55:00] [185/324] MHKT
[01:55:01] [186/324] ANRR
[01:55:02] [187/324] SAPK
[01:55:03] [188/324] NCUK
[01:55:03] [189/324] JUGA
[01:55:04] [190/324] DBSC
[01:55:05] [191/324] LALK
[01:55:06] [192/324] GUCK
[01:55:08] [193/324] STSG
[01:55:09] [194/324] PPPZ
[01:55:10] [195/324] CNCY
[01:55:11] [196/324] MTAR
[01:55:12] [197/324] VNKD
[01:55:13] [198/324] KMAJ
[01:55:14] [199/324] ACXK
[01:55:15] [200/324] UTKC
[01:55:16] [201/324] PBLK
[01:55:17] [202/324] ACBX
[01:55:18] [203/324] PTGM
[01:55:19] [204/324] BTDA
[01:55:20] [205/324] PJMB
[01:55:21] [206/324] TPDA
[01:55:22] [207/324] AMOE
[01:55:23] [208/324] PRHT
[01:55:24] [209/324] PRTA
[01:55:25] [210/324] STAM
[01:55:26] [211/324] MSAA
[01:55:27] [212/324] SDLU
[01:55:28] [213/324] RCHH
[01:55:29] [214/324] KANT
[01:55:30] [215/324] FCRT
[01:55:31] [216/324] DNKM
[01:55:32] [217/324] RYCP
[01:55:33] [218/324] MYRP
[01:55:33] [219/324] PPAK
[01:55:34] [220/324] NVPK
[01:55:35] [221/324] PRMC
[01:55:37] [222/324] JBCS
[01:55:38] [223/324] GXCK
[01:55:39] [224/324] USKO
[01:55:40] [225/324] GTEM
[01:55:41] [226/324] SMBU
[01:55:42] [227/324] VETC
[01:55:43] [228/324] LCDA
[01:55:43] [229/324] MTVT
[01:55:44] [230/324] PYCP
[01:55:45] [231/324] PNSC
[01:55:46] [232/324] PPCC
[01:55:47] [233/324] TGRT
[01:55:48] [234/324] JYOT
[01:55:48] [235/324] SRCZ
[01:55:50] [236/324] SJTE
[01:55:51] [237/324] DESC
[01:55:52] [238/324] JHVN
[01:55:53] [239/324] IPSG
[01:55:54] [240/324] IPCM
[01:55:54] [241/324] PDRS
[01:55:55] [242/324] ANCV
[01:55:57] [243/324] CMVV
[01:55:58] [244/324] SHYP
[01:55:59] [245/324] DNCS
[01:55:59] [246/324] GAJK
[01:56:01] [247/324] AKTN
[01:56:02] [248/324] KAYA
[01:56:04] [249/324] SBRC
[01:56:05] [250/324] CHTP
[01:56:05] [251/324] SHRT
[01:56:06] [252/324] BCKU
[01:56:08] [253/324] FCPS
[01:56:09] [254/324] ARDD
[01:56:10] [255/324] CPCM
[01:56:11] [256/324] CGSM
[01:56:12] [257/324] PSMP
[01:56:13] [258/324] SDAL
[01:56:14] [259/324] RTNB
[01:56:16] [260/324] LMCR
[01:56:17] [261/324] CIMA
[01:56:19] [262/324] RNAS
[01:56:20] [263/324] LITH
[01:56:21] [264/324] PBOX
[01:56:22] [265/324] FRTS
[01:56:23] [266/324] RKIC
[01:56:24] [267/324] PTAI
[01:56:25] [268/324] GCIC
[01:56:26] [269/324] FNAS
[01:56:27] [270/324] SCAR
[01:56:27] [271/324] MTCA
[01:56:28] [272/324] SCTS
[01:56:29] [273/324] SYCS
[01:56:30] [274/324] RDMS
[01:56:32] [275/324] KAMP
[01:56:33] [276/324] ERSD
[01:56:34] [277/324] MJMJ
[01:56:35] [278/324] SRCJ
[01:56:36] [279/324] SCXE
[01:56:38] [280/324] SVFR
[01:56:38] [281/324] BHCS
[01:56:40] [282/324] IMCC
[01:56:41] [283/324] PCBO
[01:56:43] [284/324] PRVN
[01:56:44] [285/324] AUPM
[01:56:45] [286/324] INBW
[01:56:45] [287/324] SVCW
[01:56:46] [288/324] RKCF
[01:56:47] [289/324] UVBH
[01:56:49] [290/324] DNCY
[01:56:50] [291/324] ABCN
[01:56:51] [292/324] PRUR
[01:56:51] [293/324] PFMR
[01:56:52] [294/324] RKCN
[01:56:53] [295/324] CFEA
[01:56:54] [296/324] SDBG
[01:56:55] [297/324] SNAR
[01:56:55] [298/324] YISI
[01:56:56] [299/324] JCFF
[01:56:57] [300/324] VTRK
[01:56:58] [301/324] PCLZ
[01:56:58] [302/324] DIMY
[01:56:59] [303/324] BBTS
[01:57:01] [304/324] GATH
[01:57:02] [305/324] GTMN
[01:57:03] [306/324] VTMH
[01:57:04] [307/324] CCKP
[01:57:05] [308/324] GPKA
[01:57:06] [309/324] MHCL
[01:57:07] [310/324] ATCL
[01:57:08] [311/324] SBCK
[01:57:09] [312/324] AMMR
[01:57:09] [313/324] MADC
[01:57:10] [314/324] TMMA
[01:57:12] [315/324] CACC
[01:57:13] [316/324] CHAL
[01:57:13] [317/324] DURG
[01:57:14] [318/324] GMKU
[01:57:15] [319/324] GECA
[01:57:16] [320/324] KYRR
[01:57:17] [321/324] KSDE
[01:57:19] [322/324] LMCI
[01:57:20] [323/324] NKCP
[01:57:20] [324/324] BGTC
[01:57:21] ✅ DONE | Shows=0 | Movies=0
