[00:45:14] 🚀 BMS DAILY TRACKER STARTED
[00:45:14] [1/459] FNDB
[00:45:14] 🧠 New identity
[00:45:15] [2/459] AMBH
[00:45:17] [3/459] PRHN
[00:45:17] [4/459] ACPM
[00:45:18] [5/459] PVFS
[00:45:20] [6/459] AACN
[00:45:21] [7/459] ACAS
[00:45:22] [8/459] CTNR
[00:45:24] [9/459] MMAH
[00:45:25] [10/459] CPMH
[00:45:26] [11/459] IGMH
[00:45:26] [12/459] ABCS
[00:45:28] [13/459] CMMA
[00:45:29] [14/459] GPRH
[00:45:30] [15/459] PNNG
[00:45:31] [16/459] AMCA
[00:45:33] [17/459] ISTN
[00:45:33] [18/459] PIIC
[00:45:34] [19/459] AHMH
[00:45:36] [20/459] ASHN
[00:45:37] [21/459] INHY
[00:45:38] [22/459] SRMO
[00:45:39] [23/459] PIMH
[00:45:40] [24/459] PVTS
[00:45:41] [25/459] MMCA
[00:45:42] [26/459] AKYJ
[00:45:43] [27/459] BRKH
[00:45:45] [28/459] MAHM
[00:45:46] [29/459] CPHY
[00:45:48] [30/459] PVTP
[00:45:49] [31/459] SMMR
[00:45:49] [32/459] PVHM
[00:45:50] [33/459] SNDY
[00:45:51] [34/459] GOKU
[00:45:52] [35/459] ACEV
[00:45:53] [36/459] PVUM
[00:45:54] [37/459] VSWA
[00:45:56] [38/459] IPRS
[00:45:58] [39/459] ASGN
[00:45:59] [40/459] BKMV
[00:46:00] [41/459] PVYH
[00:46:00] [42/459] INKM
[00:46:02] [43/459] ARJU
[00:46:03] [44/459] JJPP
[00:46:04] [45/459] SSRM
[00:46:05] [46/459] HMHD
[00:46:06] [47/459] SNKH
[00:46:07] [48/459] ACHI
[00:46:08] [49/459] MRAA
[00:46:09] [50/459] INMH
[00:46:10] [51/459] ARMH
[00:46:11] [52/459] DVRR
[00:46:12] [53/459] SUDA
[00:46:13] [54/459] MCSS
[00:46:14] [55/459] VRKC
[00:46:15] [56/459] PRCX
[00:46:16] [57/459] ASJY
[00:46:17] [58/459] MTHY
[00:46:17] [59/459] SRCM
[00:46:18] [60/459] TVHY
[00:46:20] [61/459] STHD
[00:46:22] [62/459] CPCL
[00:46:22] [63/459] PSMJ
[00:46:24] [64/459] MRGT
[00:46:25] [65/459] ARYH
[00:46:26] [66/459] VTRB
[00:46:27] [67/459] SCHC
[00:46:27] [68/459] MRRG
[00:46:28] [69/459] SPCB
[00:46:30] [70/459] AMCM
[00:46:31] [71/459] IVNM
[00:46:32] [72/459] TRHY
[00:46:33] [73/459] PTTH
[00:46:34] [74/459] RKMH
[00:46:36] [75/459] PRCS
[00:46:38] [76/459] VAJA
[00:46:38] [77/459] BJNG
[00:46:39] [78/459] SCVM
[00:46:40] [79/459] GNHB
[00:46:41] [80/459] TLUR
[00:46:43] [81/459] UKCC
[00:46:44] [82/459] SRKR
[00:46:45] [83/459] RMKN
[00:46:47] [84/459] SLRT
[00:46:49] [85/459] LKMT
[00:46:49] [86/459] SSRJ
[00:46:50] [87/459] SPHT
[00:46:51] [88/459] ANTT
[00:46:52] [89/459] SRCH
[00:46:53] [90/459] SRCA
[00:46:55] [91/459] ARTH
[00:46:55] [92/459] MCBH
[00:46:57] [93/459] SNIB
[00:46:57] [94/459] SART
[00:46:58] [95/459] SKTA
[00:47:00] [96/459] YAKT
[00:47:01] [97/459] MLCK
[00:47:02] [98/459] ANTS
[00:47:02] [99/459] DGCA
[00:47:03] [100/459] SGMP
[00:47:04] [101/459] ASWN
[00:47:05] [102/459] KFVU
[00:47:06] [103/459] POOR
[00:47:08] [104/459] GKDN
[00:47:09] [105/459] EOSE
[00:47:10] [106/459] GTTT
[00:47:11] [107/459] ARRO
[00:47:12] [108/459] CMMK
[00:47:13] [109/459] MSCN
[00:47:14] [110/459] GDKH
[00:47:15] [111/459] DLMT
[00:47:16] [112/459] PVMF
[00:47:17] [113/459] CPCK
[00:47:18] [114/459] VMHE
[00:47:19] [115/459] PVLC
[00:47:19] [116/459] PCVB
[00:47:20] [117/459] SNYK
[00:47:21] [118/459] KTEK
[00:47:22] [119/459] PCNM
[00:47:23] [120/459] NTTR
[00:47:24] [121/459] CPSK
[00:47:25] [122/459] JMMA
[00:47:26] [123/459] GCFK
[00:47:26] [124/459] MYCA
[00:47:28] [125/459] KSNP
[00:47:29] [126/459] PMCE
[00:47:30] [127/459] SCKI
[00:47:32] [128/459] FSMA
[00:47:33] [129/459] CETA
[00:47:35] [130/459] MCIK
[00:47:36] [131/459] MYCR
[00:47:37] [132/459] EVMP
[00:47:39] [133/459] SSGT
[00:47:39] [134/459] KCTK
[00:47:41] [135/459] ZTKC
[00:47:42] [136/459] MMTA
[00:47:43] [137/459] MAJT
[00:47:44] [138/459] ACPK
[00:47:45] [139/459] JMAX
[00:47:45] [140/459] SETK
[00:47:46] [141/459] CAIS
[00:47:47] [142/459] AGCD
[00:47:49] [143/459] URCL
[00:47:50] [144/459] VTDS
[00:47:51] [145/459] JCNM
[00:47:51] [146/459] KCAM
[00:47:52] [147/459] ADCU
[00:47:53] [148/459] GXYN
[00:47:55] [149/459] SMJG
[00:47:56] [150/459] EYCJ
[00:47:57] [151/459] CCEJ
[00:47:58] [152/459] MARS
[00:47:58] [153/459] CPVJ
[00:48:00] [154/459] INVP
[00:48:02] [155/459] CPOV
[00:48:03] [156/459] VIJK
[00:48:03] [157/459] LAIM
[00:48:05] [158/459] STHV
[00:48:07] [159/459] SVLJ
[00:48:08] [160/459] ATVJ
[00:48:08] [161/459] JTSC
[00:48:09] [162/459] RMTV
[00:48:10] [163/459] MGGG
[00:48:11] [164/459] SWTH
[00:48:12] [165/459] INVJ
[00:48:13] [166/459] PRSV
[00:48:15] [167/459] JATV
[00:48:15] [168/459] RCVD
[00:48:16] [169/459] BDMA
[00:48:17] [170/459] BLJI
[00:48:18] [171/459] SWOT
[00:48:20] [172/459] SWRN
[00:48:20] [173/459] TVRA
[00:48:21] [174/459] VCSV
[00:48:22] [175/459] NVRN
[00:48:23] [176/459] SIKC
[00:48:25] [177/459] VAKR
[00:48:26] [178/459] SYLN
[00:48:26] [179/459] KLJL
[00:48:27] [180/459] LKMY
[00:48:28] [181/459] VSLY
[00:48:29] [182/459] CIKO
[00:48:30] [183/459] GPBG
[00:48:31] [184/459] CECM
[00:48:32] [185/459] SLKB
[00:48:33] [186/459] MTBO
[00:48:35] [187/459] SSHB
[00:48:37] [188/459] VPCS
[00:48:38] [189/459] RCSR
[00:48:39] [190/459] RJRM
[00:48:40] [191/459] KPPB
[00:48:41] [192/459] SEDC
[00:48:42] [193/459] SCAI
[00:48:43] [194/459] RMTR
[00:48:44] [195/459] ASST
[00:48:46] [196/459] GCAK
[00:48:47] [197/459] ANNK
[00:48:48] [198/459] KDDF
[00:48:49] [199/459] NRDP
[00:48:51] [200/459] PLAK
[00:48:52] [201/459] GCMC
[00:48:53] [202/459] ALPY
[00:48:55] [203/459] SICE
[00:48:56] [204/459] SISR
[00:48:57] [205/459] SRPZ
[00:48:57] [206/459] SRSW
[00:48:59] [207/459] SUYA
[00:49:00] [208/459] AMMT
[00:49:02] [209/459] BHCU
[00:49:02] [210/459] KLPA
[00:49:03] [211/459] NVKH
[00:49:04] [212/459] JMRC
[00:49:05] [213/459] KTTT
[00:49:06] [214/459] MAGH
[00:49:07] [215/459] MMMX
[00:49:08] [216/459] SALJ
[00:49:09] [217/459] GTJA
[00:49:10] [218/459] MAHT
[00:49:11] [219/459] SSNN
[00:49:11] [220/459] ARRP
[00:49:13] [221/459] ATNS
[00:49:14] [222/459] SKDT
[00:49:16] [223/459] ACAT
[00:49:17] [224/459] APRC
[00:49:19] [225/459] SWAG
[00:49:20] [226/459] SDPT
[00:49:21] [227/459] STPS
[00:49:22] [228/459] WWCZ
[00:49:22] [229/459] LLCH
[00:49:23] [230/459] MZHA
[00:49:24] [231/459] CRJG
[00:49:25] [232/459] JGTK
[00:49:26] [233/459] KCSR
[00:49:27] [234/459] CHTL
[00:49:28] [235/459] EDSR
[00:49:29] [236/459] CSWO
[00:49:30] [237/459] CPVM
[00:49:31] [238/459] MXBY
[00:49:32] [239/459] FMMA
[00:49:33] [240/459] POVI
[00:49:34] [241/459] MTHB
[00:49:35] [242/459] INRC
[00:49:36] [243/459] PIPP
[00:49:37] [244/459] BMXC
[00:49:38] [245/459] PCMM
[00:49:39] [246/459] PMKM
[00:49:40] [247/459] GATY
[00:49:42] [248/459] IMCM
[00:49:44] [249/459] POPE
[00:49:46] [250/459] MTCR
[00:49:47] [251/459] PVAE
[00:49:48] [252/459] PVMI
[00:49:50] [253/459] CPNM
[00:49:51] [254/459] FMRL
[00:49:52] [255/459] MCIW
[00:49:53] [256/459] MXBO
[00:49:54] [257/459] FMKY
[00:49:55] [258/459] FMDA
[00:49:56] [259/459] THAB
[00:49:57] [260/459] PRCW
[00:49:57] [261/459] PITI
[00:49:58] [262/459] MCFF
[00:50:00] [263/459] PDDV
[00:50:02] [264/459] MCRM
[00:50:03] [265/459] KKMB
[00:50:04] [266/459] INKO
[00:50:06] [267/459] PLXP
[00:50:08] [268/459] MMHA
[00:50:09] [269/459] FMVS
[00:50:10] [270/459] POLM
[00:50:11] [271/459] STER
[00:50:12] [272/459] PVWJ
[00:50:13] [273/459] IMJW
[00:50:14] [274/459] FNAN
[00:50:16] [275/459] CAGL
[00:50:17] [276/459] IPBG
[00:50:18] [277/459] SMFV
[00:50:18] [278/459] MMMR
[00:50:19] [279/459] MMWM
[00:50:20] [280/459] FNCM
[00:50:21] [281/459] MDVA
[00:50:22] [282/459] MMET
[00:50:23] [283/459] MIDO
[00:50:24] [284/459] INNP
[00:50:24] [285/459] MIFU
[00:50:25] [286/459] MMSZ
[00:50:26] [287/459] BMXA
[00:50:27] [288/459] MCAA
[00:50:28] [289/459] SCVP
[00:50:29] [290/459] PLUS
[00:50:29] [291/459] MUCK
[00:50:30] [292/459] MTMA
[00:50:31] [293/459] HPVR
[00:50:33] [294/459] PMPK
[00:50:33] [295/459] MAJB
[00:50:34] [296/459] CTRR
[00:50:35] [297/459] MCTG
[00:50:36] [298/459] MACE
[00:50:36] [299/459] AAAS
[00:50:37] [300/459] CPVV
[00:50:38] [301/459] RCHG
[00:50:39] [302/459] MCNE
[00:50:40] [303/459] EMNC
[00:50:41] [304/459] MCAN
[00:50:42] [305/459] TCDM
[00:50:43] [306/459] IRGT
[00:50:45] [307/459] GCMG
[00:50:46] [308/459] MXSN
[00:50:46] [309/459] MXCK
[00:50:47] [310/459] MCRC
[00:50:48] [311/459] RSMI
[00:50:49] [312/459] WAML
[00:50:50] [313/459] MTSC
[00:50:51] [314/459] FMDR
[00:50:52] [315/459] LEPV
[00:50:53] [316/459] MTGD
[00:50:54] [317/459] IMOB
[00:50:55] [318/459] CLMM
[00:50:56] [319/459] PZCD
[00:50:57] [320/459] GOCS
[00:50:58] [321/459] KCMA
[00:51:00] [322/459] CCMP
[00:51:01] [323/459] MTSU
[00:51:02] [324/459] SNGL
[00:51:03] [325/459] MMMC
[00:51:05] [326/459] MMAA
[00:51:06] [327/459] GCDM
[00:51:06] [328/459] KTMV
[00:51:07] [329/459] AETE
[00:51:08] [330/459] OMCS
[00:51:08] [331/459] GDCD
[00:51:09] [332/459] NYMD
[00:51:11] [333/459] RNCV
[00:51:11] [334/459] KKMT
[00:51:12] [335/459] GDTH
[00:51:13] [336/459] KMMV
[00:51:14] [337/459] NHCG
[00:51:15] [338/459] PJDW
[00:51:16] [339/459] MMCV
[00:51:17] [340/459] FQSA
[00:51:17] [341/459] KURL
[00:51:18] [342/459] NNNX
[00:51:20] [343/459] AMAU
[00:51:21] [344/459] VVVM
[00:51:21] [345/459] VECU
[00:51:22] [346/459] WCVR
[00:51:23] [347/459] MTGG
[00:51:23] [348/459] SGTG
[00:51:25] [349/459] MNTG
[00:51:26] [350/459] JDDG
[00:51:28] [351/459] MBTK
[00:51:28] [352/459] SGCD
[00:51:29] [353/459] MCTC
[00:51:31] [354/459] JTPC
[00:51:32] [355/459] SDKT
[00:51:33] [356/459] KRCC
[00:51:34] [357/459] RMMD
[00:51:35] [358/459] AAME
[00:51:37] [359/459] TMWC
[00:51:37] [360/459] NRWY
[00:51:38] [361/459] CITD
[00:51:39] [362/459] VERD
[00:51:40] [363/459] MKSK
[00:51:41] [364/459] STSM
[00:51:43] [365/459] MJDG
[00:51:43] [366/459] RKPM
[00:51:44] [367/459] SSCE
[00:51:45] [368/459] VMAE
[00:51:47] [369/459] SBRU
[00:51:48] [370/459] AMBC
[00:51:48] [371/459] AMLU
[00:51:49] [372/459] INVZ
[00:51:50] [373/459] LGTV
[00:51:51] [374/459] SVAD
[00:51:53] [375/459] SMSA
[00:51:53] [376/459] SPCZ
[00:51:54] [377/459] GTCX
[00:51:55] [378/459] SCSL
[00:51:56] [379/459] SAHU
[00:51:56] [380/459] NCDA
[00:51:57] [381/459] SCCG
[00:51:58] [382/459] VKTL
[00:51:59] [383/459] PUUJ
[00:52:00] [384/459] STEJ
[00:52:01] [385/459] RJAL
[00:52:03] [386/459] ACJC
[00:52:03] [387/459] VTHC
[00:52:04] [388/459] ARVB
[00:52:06] [389/459] AUBB
[00:52:07] [390/459] GDBR
[00:52:08] [391/459] PVND
[00:52:09] [392/459] BGRJ
[00:52:09] [393/459] RJMM
[00:52:11] [394/459] MCSA
[00:52:12] [395/459] BODA
[00:52:12] [396/459] JAGG
[00:52:13] [397/459] SCGA
[00:52:14] [398/459] LRCM
[00:52:16] [399/459] CPCN
[00:52:16] [400/459] SSTF
[00:52:17] [401/459] SRXP
[00:52:17] [402/459] CNFX
[00:52:18] [403/459] ANDI
[00:52:19] [404/459] SYEW
[00:52:20] [405/459] RCRE
[00:52:21] [406/459] SCRW
[00:52:21] [407/459] MBKR
[00:52:22] [408/459] ASNT
[00:52:23] [409/459] JTMT
[00:52:24] [410/459] SHAY
[00:52:25] [411/459] VRTH
[00:52:25] [412/459] SPTI
[00:52:26] [413/459] DPTD
[00:52:27] [414/459] TGSN
[00:52:28] [415/459] RCWV
[00:52:29] [416/459] OCUR
[00:52:30] [417/459] KSTC
[00:52:30] [418/459] SANI
[00:52:31] [419/459] MLCA
[00:52:32] [420/459] EGCA
[00:52:34] [421/459] SYSN
[00:52:35] [422/459] PKTA
[00:52:37] [423/459] PRCC
[00:52:38] [424/459] KSTR
[00:52:39] [425/459] SNTP
[00:52:40] [426/459] RCHA
[00:52:42] [427/459] SEEA
[00:52:43] [428/459] ALAT
[00:52:44] [429/459] AATV
[00:52:45] [430/459] RJTE
[00:52:46] [431/459] AAPP
[00:52:47] [432/459] PMMH
[00:52:48] [433/459] INRJ
[00:52:49] [434/459] SARB
[00:52:50] [435/459] PCJL
[00:52:51] [436/459] PFJJ
[00:52:53] [437/459] GRDC
[00:52:54] [438/459] BCBA
[00:52:55] [439/459] VIXL
[00:52:55] [440/459] CSTL
[00:52:56] [441/459] MTDK
[00:52:57] [442/459] TDAC
[00:52:57] [443/459] GTDN
[00:52:59] [444/459] TTDE
[00:53:00] [445/459] ASTS
[00:53:01] [446/459] CPNS
[00:53:01] [447/459] PVVW
[00:53:02] [448/459] USEB
[00:53:03] [449/459] DTYN
[00:53:04] [450/459] PVLE
[00:53:05] [451/459] CIPS
[00:53:06] [452/459] PAEG
[00:53:07] [453/459] PTCW
[00:53:08] [454/459] G3SR
[00:53:09] [455/459] PGND
[00:53:10] [456/459] INVM
[00:53:11] [457/459] SPIA
[00:53:12] [458/459] PCSN
[00:53:12] [459/459] PPGV
[00:53:14] ✅ DONE | Shows=0 | Movies=0
[01:52:04] 🚀 BMS DAILY TRACKER STARTED
[01:52:04] [1/459] FNDB
[01:52:04] 🧠 New identity
[01:52:05] [2/459] AMBH
[01:52:06] [3/459] PRHN
[01:52:06] [4/459] ACPM
[01:52:07] [5/459] PVFS
[01:52:08] [6/459] AACN
[01:52:08] [7/459] ACAS
[01:52:09] [8/459] CTNR
[01:52:10] [9/459] MMAH
[01:52:11] [10/459] CPMH
[01:52:11] [11/459] IGMH
[01:52:12] [12/459] ABCS
[01:52:13] [13/459] CMMA
[01:52:14] [14/459] GPRH
[01:52:14] [15/459] PNNG
[01:52:15] [16/459] AMCA
[01:52:16] [17/459] ISTN
[01:52:16] [18/459] PIIC
[01:52:17] [19/459] AHMH
[01:52:18] [20/459] ASHN
[01:52:18] [21/459] INHY
[01:52:19] [22/459] SRMO
[01:52:19] [23/459] PIMH
[01:52:20] [24/459] PVTS
[01:52:21] [25/459] MMCA
[01:52:21] [26/459] AKYJ
[01:52:22] [27/459] BRKH
[01:52:23] [28/459] MAHM
[01:52:24] [29/459] CPHY
[01:52:24] [30/459] PVTP
[01:52:25] [31/459] SMMR
[01:52:25] [32/459] PVHM
[01:52:26] [33/459] SNDY
[01:52:27] [34/459] GOKU
[01:52:27] [35/459] ACEV
[01:52:28] [36/459] PVUM
[01:52:29] [37/459] VSWA
[01:52:29] [38/459] IPRS
[01:52:30] [39/459] ASGN
[01:52:31] [40/459] BKMV
[01:52:31] [41/459] PVYH
[01:52:32] [42/459] INKM
[01:52:32] [43/459] ARJU
[01:52:33] [44/459] JJPP
[01:52:33] [45/459] SSRM
[01:52:34] [46/459] HMHD
[01:52:35] [47/459] SNKH
[01:52:35] [48/459] ACHI
[01:52:36] [49/459] MRAA
[01:52:37] [50/459] INMH
[01:52:37] [51/459] ARMH
[01:52:38] [52/459] DVRR
[01:52:38] [53/459] SUDA
[01:52:39] [54/459] MCSS
[01:52:40] [55/459] VRKC
[01:52:40] [56/459] PRCX
[01:52:41] [57/459] ASJY
[01:52:41] [58/459] MTHY
[01:52:42] [59/459] SRCM
[01:52:42] [60/459] TVHY
[01:52:43] [61/459] STHD
[01:52:44] [62/459] CPCL
[01:52:45] [63/459] PSMJ
[01:52:45] [64/459] MRGT
[01:52:46] [65/459] ARYH
[01:52:46] [66/459] VTRB
[01:52:47] [67/459] SCHC
[01:52:48] [68/459] MRRG
[01:52:49] [69/459] SPCB
[01:52:49] [70/459] AMCM
[01:52:50] [71/459] IVNM
[01:52:51] [72/459] TRHY
[01:52:51] [73/459] PTTH
[01:52:52] [74/459] RKMH
[01:52:53] [75/459] PRCS
[01:52:53] [76/459] VAJA
[01:52:54] [77/459] BJNG
[01:52:55] [78/459] SCVM
[01:52:55] [79/459] GNHB
[01:52:56] [80/459] TLUR
[01:52:56] [81/459] UKCC
[01:52:57] [82/459] SRKR
[01:52:58] [83/459] RMKN
[01:52:58] [84/459] SLRT
[01:52:59] [85/459] LKMT
[01:53:00] [86/459] SSRJ
[01:53:00] [87/459] SPHT
[01:53:01] [88/459] ANTT
[01:53:01] [89/459] SRCH
[01:53:02] [90/459] SRCA
[01:53:02] [91/459] ARTH
[01:53:03] [92/459] MCBH
[01:53:04] [93/459] SNIB
[01:53:04] [94/459] SART
[01:53:05] [95/459] SKTA
[01:53:06] [96/459] YAKT
[01:53:06] [97/459] MLCK
[01:53:07] [98/459] ANTS
[01:53:08] [99/459] DGCA
[01:53:08] [100/459] SGMP
[01:53:09] [101/459] ASWN
[01:53:09] [102/459] KFVU
[01:53:10] [103/459] POOR
[01:53:11] [104/459] GKDN
[01:53:11] [105/459] EOSE
[01:53:12] [106/459] GTTT
[01:53:12] [107/459] ARRO
[01:53:13] [108/459] CMMK
[01:53:14] [109/459] MSCN
[01:53:14] [110/459] GDKH
[01:53:15] [111/459] DLMT
[01:53:16] [112/459] PVMF
[01:53:16] [113/459] CPCK
[01:53:17] [114/459] VMHE
[01:53:18] [115/459] PVLC
[01:53:18] [116/459] PCVB
[01:53:19] [117/459] SNYK
[01:53:19] [118/459] KTEK
[01:53:20] [119/459] PCNM
[01:53:21] [120/459] NTTR
[01:53:21] [121/459] CPSK
[01:53:22] [122/459] JMMA
[01:53:23] [123/459] GCFK
[01:53:23] [124/459] MYCA
[01:53:24] [125/459] KSNP
[01:53:24] [126/459] PMCE
[01:53:25] [127/459] SCKI
[01:53:25] [128/459] FSMA
[01:53:26] [129/459] CETA
[01:53:26] [130/459] MCIK
[01:53:27] [131/459] MYCR
[01:53:28] [132/459] EVMP
[01:53:28] [133/459] SSGT
[01:53:29] [134/459] KCTK
[01:53:30] [135/459] ZTKC
[01:53:30] [136/459] MMTA
[01:53:31] [137/459] MAJT
[01:53:32] [138/459] ACPK
[01:53:32] [139/459] JMAX
[01:53:33] [140/459] SETK
[01:53:34] [141/459] CAIS
[01:53:34] [142/459] AGCD
[01:53:35] [143/459] URCL
[01:53:36] [144/459] VTDS
[01:53:36] [145/459] JCNM
[01:53:37] [146/459] KCAM
[01:53:37] [147/459] ADCU
[01:53:38] [148/459] GXYN
[01:53:38] [149/459] SMJG
[01:53:39] [150/459] EYCJ
[01:53:40] [151/459] CCEJ
[01:53:40] [152/459] MARS
[01:53:41] [153/459] CPVJ
[01:53:42] [154/459] INVP
[01:53:43] [155/459] CPOV
[01:53:43] [156/459] VIJK
[01:53:44] [157/459] LAIM
[01:53:45] [158/459] STHV
[01:53:45] [159/459] SVLJ
[01:53:46] [160/459] ATVJ
[01:53:47] [161/459] JTSC
[01:53:47] [162/459] RMTV
[01:53:48] [163/459] MGGG
[01:53:48] [164/459] SWTH
[01:53:49] [165/459] INVJ
[01:53:50] [166/459] PRSV
[01:53:50] [167/459] JATV
[01:53:51] [168/459] RCVD
[01:53:52] [169/459] BDMA
[01:53:52] [170/459] BLJI
[01:53:53] [171/459] SWOT
[01:53:53] [172/459] SWRN
[01:53:54] [173/459] TVRA
[01:53:55] [174/459] VCSV
[01:53:55] [175/459] NVRN
[01:53:56] [176/459] SIKC
[01:53:57] [177/459] VAKR
[01:53:57] [178/459] SYLN
[01:53:58] [179/459] KLJL
[01:53:58] [180/459] LKMY
[01:53:59] [181/459] VSLY
[01:53:59] [182/459] CIKO
[01:54:00] [183/459] GPBG
[01:54:00] [184/459] CECM
[01:54:01] [185/459] SLKB
[01:54:01] [186/459] MTBO
[01:54:02] [187/459] SSHB
[01:54:03] [188/459] VPCS
[01:54:04] [189/459] RCSR
[01:54:04] [190/459] RJRM
[01:54:05] [191/459] KPPB
[01:54:05] [192/459] SEDC
[01:54:05] [193/459] SCAI
[01:54:06] [194/459] RMTR
[01:54:07] [195/459] ASST
[01:54:07] [196/459] GCAK
[01:54:08] [197/459] ANNK
[01:54:08] [198/459] KDDF
[01:54:09] [199/459] NRDP
[01:54:10] [200/459] PLAK
[01:54:10] [201/459] GCMC
[01:54:11] [202/459] ALPY
[01:54:12] [203/459] SICE
[01:54:12] [204/459] SISR
[01:54:13] [205/459] SRPZ
[01:54:13] [206/459] SRSW
[01:54:14] [207/459] SUYA
[01:54:14] [208/459] AMMT
[01:54:15] [209/459] BHCU
[01:54:15] [210/459] KLPA
[01:54:16] [211/459] NVKH
[01:54:17] [212/459] JMRC
[01:54:17] [213/459] KTTT
[01:54:18] [214/459] MAGH
[01:54:18] [215/459] MMMX
[01:54:19] [216/459] SALJ
[01:54:20] [217/459] GTJA
[01:54:21] [218/459] MAHT
[01:54:21] [219/459] SSNN
[01:54:22] [220/459] ARRP
[01:54:22] [221/459] ATNS
[01:54:23] [222/459] SKDT
[01:54:24] [223/459] ACAT
[01:54:24] [224/459] APRC
[01:54:25] [225/459] SWAG
[01:54:25] [226/459] SDPT
[01:54:26] [227/459] STPS
[01:54:27] [228/459] WWCZ
[01:54:27] [229/459] LLCH
[01:54:28] [230/459] MZHA
[01:54:29] [231/459] CRJG
[01:54:29] [232/459] JGTK
[01:54:30] [233/459] KCSR
[01:54:31] [234/459] CHTL
[01:54:31] [235/459] EDSR
[01:54:32] [236/459] CSWO
[01:54:32] [237/459] CPVM
[01:54:33] [238/459] MXBY
[01:54:34] [239/459] FMMA
[01:54:34] [240/459] POVI
[01:54:35] [241/459] MTHB
[01:54:35] [242/459] INRC
[01:54:36] [243/459] PIPP
[01:54:37] [244/459] BMXC
[01:54:37] [245/459] PCMM
[01:54:38] [246/459] PMKM
[01:54:39] [247/459] GATY
[01:54:39] [248/459] IMCM
[01:54:40] [249/459] POPE
[01:54:41] [250/459] MTCR
[01:54:41] [251/459] PVAE
[01:54:42] [252/459] PVMI
[01:54:42] [253/459] CPNM
[01:54:43] [254/459] FMRL
[01:54:44] [255/459] MCIW
[01:54:44] [256/459] MXBO
[01:54:45] [257/459] FMKY
[01:54:45] [258/459] FMDA
[01:54:46] [259/459] THAB
[01:54:47] [260/459] PRCW
[01:54:47] [261/459] PITI
[01:54:47] [262/459] MCFF
[01:54:48] [263/459] PDDV
[01:54:49] [264/459] MCRM
[01:54:49] [265/459] KKMB
[01:54:50] [266/459] INKO
[01:54:50] [267/459] PLXP
[01:54:51] [268/459] MMHA
[01:54:52] [269/459] FMVS
[01:54:52] [270/459] POLM
[01:54:53] [271/459] STER
[01:54:54] [272/459] PVWJ
[01:54:54] [273/459] IMJW
[01:54:55] [274/459] FNAN
[01:54:55] [275/459] CAGL
[01:54:56] [276/459] IPBG
[01:54:56] [277/459] SMFV
[01:54:57] [278/459] MMMR
[01:54:58] [279/459] MMWM
[01:54:58] [280/459] FNCM
[01:54:59] [281/459] MDVA
[01:55:00] [282/459] MMET
[01:55:00] [283/459] MIDO
[01:55:01] [284/459] INNP
[01:55:01] [285/459] MIFU
[01:55:02] [286/459] MMSZ
[01:55:03] [287/459] BMXA
[01:55:03] [288/459] MCAA
[01:55:04] [289/459] SCVP
[01:55:04] [290/459] PLUS
[01:55:05] [291/459] MUCK
[01:55:06] [292/459] MTMA
[01:55:06] [293/459] HPVR
[01:55:07] [294/459] PMPK
[01:55:07] [295/459] MAJB
[01:55:08] [296/459] CTRR
[01:55:08] [297/459] MCTG
[01:55:09] [298/459] MACE
[01:55:10] [299/459] AAAS
[01:55:10] [300/459] CPVV
[01:55:11] [301/459] RCHG
[01:55:12] [302/459] MCNE
[01:55:12] [303/459] EMNC
[01:55:13] [304/459] MCAN
[01:55:14] [305/459] TCDM
[01:55:14] [306/459] IRGT
[01:55:15] [307/459] GCMG
[01:55:16] [308/459] MXSN
[01:55:16] [309/459] MXCK
[01:55:17] [310/459] MCRC
[01:55:18] [311/459] RSMI
[01:55:18] [312/459] WAML
[01:55:19] [313/459] MTSC
[01:55:19] [314/459] FMDR
[01:55:20] [315/459] LEPV
[01:55:21] [316/459] MTGD
[01:55:21] [317/459] IMOB
[01:55:22] [318/459] CLMM
[01:55:22] [319/459] PZCD
[01:55:23] [320/459] GOCS
[01:55:23] [321/459] KCMA
[01:55:24] [322/459] CCMP
[01:55:25] [323/459] MTSU
[01:55:25] [324/459] SNGL
[01:55:26] [325/459] MMMC
[01:55:26] [326/459] MMAA
[01:55:27] [327/459] GCDM
[01:55:28] [328/459] KTMV
[01:55:28] [329/459] AETE
[01:55:29] [330/459] OMCS
[01:55:30] [331/459] GDCD
[01:55:30] [332/459] NYMD
[01:55:31] [333/459] RNCV
[01:55:32] [334/459] KKMT
[01:55:32] [335/459] GDTH
[01:55:33] [336/459] KMMV
[01:55:33] [337/459] NHCG
[01:55:34] [338/459] PJDW
[01:55:35] [339/459] MMCV
[01:55:35] [340/459] FQSA
[01:55:36] [341/459] KURL
[01:55:36] [342/459] NNNX
[01:55:37] [343/459] AMAU
[01:55:37] [344/459] VVVM
[01:55:38] [345/459] VECU
[01:55:39] [346/459] WCVR
[01:55:39] [347/459] MTGG
[01:55:40] [348/459] SGTG
[01:55:41] [349/459] MNTG
[01:55:41] [350/459] JDDG
[01:55:42] [351/459] MBTK
[01:55:43] [352/459] SGCD
[01:55:43] [353/459] MCTC
[01:55:44] [354/459] JTPC
[01:55:44] [355/459] SDKT
[01:55:45] [356/459] KRCC
[01:55:45] [357/459] RMMD
[01:55:46] [358/459] AAME
[01:55:47] [359/459] TMWC
[01:55:47] [360/459] NRWY
[01:55:48] [361/459] CITD
[01:55:48] [362/459] VERD
[01:55:49] [363/459] MKSK
[01:55:49] [364/459] STSM
[01:55:50] [365/459] MJDG
[01:55:51] [366/459] RKPM
[01:55:51] [367/459] SSCE
[01:55:52] [368/459] VMAE
[01:55:53] [369/459] SBRU
[01:55:53] [370/459] AMBC
[01:55:54] [371/459] AMLU
[01:55:55] [372/459] INVZ
[01:55:55] [373/459] LGTV
[01:55:56] [374/459] SVAD
[01:55:57] [375/459] SMSA
[01:55:57] [376/459] SPCZ
[01:55:58] [377/459] GTCX
[01:55:58] [378/459] SCSL
[01:55:59] [379/459] SAHU
[01:56:00] [380/459] NCDA
[01:56:00] [381/459] SCCG
[01:56:01] [382/459] VKTL
[01:56:02] [383/459] PUUJ
[01:56:02] [384/459] STEJ
[01:56:03] [385/459] RJAL
[01:56:03] [386/459] ACJC
[01:56:04] [387/459] VTHC
[01:56:04] [388/459] ARVB
[01:56:05] [389/459] AUBB
[01:56:05] [390/459] GDBR
[01:56:06] [391/459] PVND
[01:56:07] [392/459] BGRJ
[01:56:07] [393/459] RJMM
[01:56:08] [394/459] MCSA
[01:56:08] [395/459] BODA
[01:56:09] [396/459] JAGG
[01:56:09] [397/459] SCGA
[01:56:10] [398/459] LRCM
[01:56:11] [399/459] CPCN
[01:56:11] [400/459] SSTF
[01:56:12] [401/459] SRXP
[01:56:13] [402/459] CNFX
[01:56:13] [403/459] ANDI
[01:56:14] [404/459] SYEW
[01:56:14] [405/459] RCRE
[01:56:15] [406/459] SCRW
[01:56:16] [407/459] MBKR
[01:56:16] [408/459] ASNT
[01:56:17] [409/459] JTMT
[01:56:17] [410/459] SHAY
[01:56:18] [411/459] VRTH
[01:56:19] [412/459] SPTI
[01:56:19] [413/459] DPTD
[01:56:20] [414/459] TGSN
[01:56:20] [415/459] RCWV
[01:56:21] [416/459] OCUR
[01:56:22] [417/459] KSTC
[01:56:22] [418/459] SANI
[01:56:23] [419/459] MLCA
[01:56:23] [420/459] EGCA
[01:56:24] [421/459] SYSN
[01:56:24] [422/459] PKTA
[01:56:25] [423/459] PRCC
[01:56:26] [424/459] KSTR
[01:56:26] [425/459] SNTP
[01:56:27] [426/459] RCHA
[01:56:28] [427/459] SEEA
[01:56:28] [428/459] ALAT
[01:56:29] [429/459] AATV
[01:56:30] [430/459] RJTE
[01:56:30] [431/459] AAPP
[01:56:31] [432/459] PMMH
[01:56:31] [433/459] INRJ
[01:56:32] [434/459] SARB
[01:56:32] [435/459] PCJL
[01:56:33] [436/459] PFJJ
[01:56:34] [437/459] GRDC
[01:56:34] [438/459] BCBA
[01:56:35] [439/459] VIXL
[01:56:35] [440/459] CSTL
[01:56:36] [441/459] MTDK
[01:56:37] [442/459] TDAC
[01:56:37] [443/459] GTDN
[01:56:38] [444/459] TTDE
[01:56:38] [445/459] ASTS
[01:56:39] [446/459] CPNS
[01:56:40] [447/459] PVVW
[01:56:40] [448/459] USEB
[01:56:41] [449/459] DTYN
[01:56:41] [450/459] PVLE
[01:56:42] [451/459] CIPS
[01:56:42] [452/459] PAEG
[01:56:43] [453/459] PTCW
[01:56:44] [454/459] G3SR
[01:56:44] [455/459] PGND
[01:56:45] [456/459] INVM
[01:56:45] [457/459] SPIA
[01:56:46] [458/459] PCSN
[01:56:47] [459/459] PPGV
[01:56:47] ✅ DONE | Shows=0 | Movies=0
[02:47:41] 🚀 BMS DAILY TRACKER STARTED
[02:47:41] [1/459] FNDB
[02:47:41] 🧠 New identity
[02:47:41] [2/459] AMBH
[02:47:42] [3/459] PRHN
[02:47:43] [4/459] ACPM
[02:47:43] [5/459] PVFS
[02:47:44] [6/459] AACN
[02:47:44] [7/459] ACAS
[02:47:45] [8/459] CTNR
[02:47:46] [9/459] MMAH
[02:47:46] [10/459] CPMH
[02:47:47] [11/459] IGMH
[02:47:47] [12/459] ABCS
[02:47:48] [13/459] CMMA
[02:47:49] [14/459] GPRH
[02:47:49] [15/459] PNNG
[02:47:50] [16/459] AMCA
[02:47:51] [17/459] ISTN
[02:47:51] [18/459] PIIC
[02:47:52] [19/459] AHMH
[02:47:53] [20/459] ASHN
[02:47:53] [21/459] INHY
[02:47:54] [22/459] SRMO
[02:47:54] [23/459] PIMH
[02:47:55] [24/459] PVTS
[02:47:55] [25/459] MMCA
[02:47:56] [26/459] AKYJ
[02:47:57] [27/459] BRKH
[02:47:57] [28/459] MAHM
[02:47:58] [29/459] CPHY
[02:47:59] [30/459] PVTP
[02:47:59] [31/459] SMMR
[02:48:00] [32/459] PVHM
[02:48:00] [33/459] SNDY
[02:48:01] [34/459] GOKU
[02:48:01] [35/459] ACEV
[02:48:02] [36/459] PVUM
[02:48:02] [37/459] VSWA
[02:48:03] [38/459] IPRS
[02:48:04] [39/459] ASGN
[02:48:04] [40/459] BKMV
[02:48:05] [41/459] PVYH
[02:48:06] [42/459] INKM
[02:48:06] [43/459] ARJU
[02:48:07] [44/459] JJPP
[02:48:07] [45/459] SSRM
[02:48:08] [46/459] HMHD
[02:48:08] [47/459] SNKH
[02:48:09] [48/459] ACHI
[02:48:09] [49/459] MRAA
[02:48:10] [50/459] INMH
[02:48:10] [51/459] ARMH
[02:48:11] [52/459] DVRR
[02:48:12] [53/459] SUDA
[02:48:12] [54/459] MCSS
[02:48:13] [55/459] VRKC
[02:48:14] [56/459] PRCX
[02:48:14] [57/459] ASJY
[02:48:15] [58/459] MTHY
[02:48:15] [59/459] SRCM
[02:48:16] [60/459] TVHY
[02:48:17] [61/459] STHD
[02:48:17] [62/459] CPCL
[02:48:18] [63/459] PSMJ
[02:48:18] [64/459] MRGT
[02:48:19] [65/459] ARYH
[02:48:19] [66/459] VTRB
[02:48:20] [67/459] SCHC
[02:48:21] [68/459] MRRG
[02:48:22] [69/459] SPCB
[02:48:22] [70/459] AMCM
[02:48:23] [71/459] IVNM
[02:48:24] [72/459] TRHY
[02:48:24] [73/459] PTTH
[02:48:25] [74/459] RKMH
[02:48:25] [75/459] PRCS
[02:48:26] [76/459] VAJA
[02:48:26] [77/459] BJNG
[02:48:27] [78/459] SCVM
[02:48:28] [79/459] GNHB
[02:48:28] [80/459] TLUR
[02:48:29] [81/459] UKCC
[02:48:29] [82/459] SRKR
[02:48:30] [83/459] RMKN
[02:48:31] [84/459] SLRT
[02:48:31] [85/459] LKMT
[02:48:32] [86/459] SSRJ
[02:48:32] [87/459] SPHT
[02:48:33] [88/459] ANTT
[02:48:33] [89/459] SRCH
[02:48:34] [90/459] SRCA
[02:48:34] [91/459] ARTH
[02:48:35] [92/459] MCBH
[02:48:35] [93/459] SNIB
[02:48:36] [94/459] SART
[02:48:36] [95/459] SKTA
[02:48:37] [96/459] YAKT
[02:48:38] [97/459] MLCK
[02:48:38] [98/459] ANTS
[02:48:39] [99/459] DGCA
[02:48:40] [100/459] SGMP
[02:48:40] [101/459] ASWN
[02:48:40] [102/459] KFVU
[02:48:41] [103/459] POOR
[02:48:42] [104/459] GKDN
[02:48:42] [105/459] EOSE
[02:48:43] [106/459] GTTT
[02:48:43] [107/459] ARRO
[02:48:44] [108/459] CMMK
[02:48:44] [109/459] MSCN
[02:48:45] [110/459] GDKH
[02:48:45] [111/459] DLMT
[02:48:46] [112/459] PVMF
[02:48:46] [113/459] CPCK
[02:48:47] [114/459] VMHE
[02:48:47] [115/459] PVLC
[02:48:48] [116/459] PCVB
[02:48:48] [117/459] SNYK
[02:48:49] [118/459] KTEK
[02:48:50] [119/459] PCNM
[02:48:51] [120/459] NTTR
[02:48:51] [121/459] CPSK
[02:48:52] [122/459] JMMA
[02:48:52] [123/459] GCFK
[02:48:53] [124/459] MYCA
[02:48:54] [125/459] KSNP
[02:48:55] [126/459] PMCE
[02:48:55] [127/459] SCKI
[02:48:56] [128/459] FSMA
[02:48:56] [129/459] CETA
[02:48:57] [130/459] MCIK
[02:48:58] [131/459] MYCR
[02:48:58] [132/459] EVMP
[02:48:58] [133/459] SSGT
[02:48:59] [134/459] KCTK
[02:49:00] [135/459] ZTKC
[02:49:00] [136/459] MMTA
[02:49:00] [137/459] MAJT
[02:49:01] [138/459] ACPK
[02:49:02] [139/459] JMAX
[02:49:03] [140/459] SETK
[02:49:03] [141/459] CAIS
[02:49:04] [142/459] AGCD
[02:49:04] [143/459] URCL
[02:49:05] [144/459] VTDS
[02:49:05] [145/459] JCNM
[02:49:06] [146/459] KCAM
[02:49:06] [147/459] ADCU
[02:49:07] [148/459] GXYN
[02:49:07] [149/459] SMJG
[02:49:08] [150/459] EYCJ
[02:49:09] [151/459] CCEJ
[02:49:09] [152/459] MARS
[02:49:10] [153/459] CPVJ
[02:49:11] [154/459] INVP
[02:49:11] [155/459] CPOV
[02:49:12] [156/459] VIJK
[02:49:12] [157/459] LAIM
[02:49:13] [158/459] STHV
[02:49:14] [159/459] SVLJ
[02:49:14] [160/459] ATVJ
[02:49:15] [161/459] JTSC
[02:49:15] [162/459] RMTV
[02:49:16] [163/459] MGGG
[02:49:17] [164/459] SWTH
[02:49:17] [165/459] INVJ
[02:49:18] [166/459] PRSV
[02:49:18] [167/459] JATV
[02:49:19] [168/459] RCVD
[02:49:20] [169/459] BDMA
[02:49:20] [170/459] BLJI
[02:49:21] [171/459] SWOT
[02:49:21] [172/459] SWRN
[02:49:22] [173/459] TVRA
[02:49:23] [174/459] VCSV
[02:49:23] [175/459] NVRN
[02:49:24] [176/459] SIKC
[02:49:25] [177/459] VAKR
[02:49:25] [178/459] SYLN
[02:49:26] [179/459] KLJL
[02:49:27] [180/459] LKMY
[02:49:27] [181/459] VSLY
[02:49:28] [182/459] CIKO
[02:49:28] [183/459] GPBG
[02:49:29] [184/459] CECM
[02:49:29] [185/459] SLKB
[02:49:30] [186/459] MTBO
[02:49:30] [187/459] SSHB
[02:49:31] [188/459] VPCS
[02:49:32] [189/459] RCSR
[02:49:32] [190/459] RJRM
[02:49:33] [191/459] KPPB
[02:49:33] [192/459] SEDC
[02:49:34] [193/459] SCAI
[02:49:35] [194/459] RMTR
[02:49:35] [195/459] ASST
[02:49:36] [196/459] GCAK
[02:49:36] [197/459] ANNK
[02:49:37] [198/459] KDDF
[02:49:38] [199/459] NRDP
[02:49:38] [200/459] PLAK
[02:49:39] [201/459] GCMC
[02:49:39] [202/459] ALPY
[02:49:40] [203/459] SICE
[02:49:41] [204/459] SISR
[02:49:41] [205/459] SRPZ
[02:49:42] [206/459] SRSW
[02:49:42] [207/459] SUYA
[02:49:43] [208/459] AMMT
[02:49:43] [209/459] BHCU
[02:49:44] [210/459] KLPA
[02:49:44] [211/459] NVKH
[02:49:45] [212/459] JMRC
[02:49:46] [213/459] KTTT
[02:49:46] [214/459] MAGH
[02:49:47] [215/459] MMMX
[02:49:47] [216/459] SALJ
[02:49:48] [217/459] GTJA
[02:49:48] [218/459] MAHT
[02:49:49] [219/459] SSNN
[02:49:50] [220/459] ARRP
[02:49:50] [221/459] ATNS
[02:49:51] [222/459] SKDT
[02:49:51] [223/459] ACAT
[02:49:52] [224/459] APRC
[02:49:52] [225/459] SWAG
[02:49:53] [226/459] SDPT
[02:49:53] [227/459] STPS
[02:49:53] [228/459] WWCZ
[02:49:54] [229/459] LLCH
[02:49:54] [230/459] MZHA
[02:49:55] [231/459] CRJG
[02:49:55] [232/459] JGTK
[02:49:56] [233/459] KCSR
[02:49:57] [234/459] CHTL
[02:49:58] [235/459] EDSR
[02:49:58] [236/459] CSWO
[02:49:59] [237/459] CPVM
[02:49:59] [238/459] MXBY
[02:50:00] [239/459] FMMA
[02:50:01] [240/459] POVI
[02:50:01] [241/459] MTHB
[02:50:02] [242/459] INRC
[02:50:02] [243/459] PIPP
[02:50:03] [244/459] BMXC
[02:50:04] [245/459] PCMM
[02:50:04] [246/459] PMKM
[02:50:05] [247/459] GATY
[02:50:05] [248/459] IMCM
[02:50:06] [249/459] POPE
[02:50:06] [250/459] MTCR
[02:50:07] [251/459] PVAE
[02:50:07] [252/459] PVMI
[02:50:08] [253/459] CPNM
[02:50:08] [254/459] FMRL
[02:50:09] [255/459] MCIW
[02:50:09] [256/459] MXBO
[02:50:10] [257/459] FMKY
[02:50:10] [258/459] FMDA
[02:50:11] [259/459] THAB
[02:50:12] [260/459] PRCW
[02:50:12] [261/459] PITI
[02:50:13] [262/459] MCFF
[02:50:13] [263/459] PDDV
[02:50:14] [264/459] MCRM
[02:50:15] [265/459] KKMB
[02:50:15] [266/459] INKO
[02:50:16] [267/459] PLXP
[02:50:16] [268/459] MMHA
[02:50:17] [269/459] FMVS
[02:50:18] [270/459] POLM
[02:50:18] [271/459] STER
[02:50:19] [272/459] PVWJ
[02:50:20] [273/459] IMJW
[02:50:20] [274/459] FNAN
[02:50:21] [275/459] CAGL
[02:50:21] [276/459] IPBG
[02:50:22] [277/459] SMFV
[02:50:23] [278/459] MMMR
[02:50:23] [279/459] MMWM
[02:50:24] [280/459] FNCM
[02:50:25] [281/459] MDVA
[02:50:25] [282/459] MMET
[02:50:26] [283/459] MIDO
[02:50:26] [284/459] INNP
[02:50:27] [285/459] MIFU
[02:50:27] [286/459] MMSZ
[02:50:28] [287/459] BMXA
[02:50:28] [288/459] MCAA
[02:50:29] [289/459] SCVP
[02:50:30] [290/459] PLUS
[02:50:30] [291/459] MUCK
[02:50:31] [292/459] MTMA
[02:50:31] [293/459] HPVR
[02:50:32] [294/459] PMPK
[02:50:33] [295/459] MAJB
[02:50:34] [296/459] CTRR
[02:50:34] [297/459] MCTG
[02:50:35] [298/459] MACE
[02:50:35] [299/459] AAAS
[02:50:36] [300/459] CPVV
[02:50:37] [301/459] RCHG
[02:50:37] [302/459] MCNE
[02:50:38] [303/459] EMNC
[02:50:39] [304/459] MCAN
[02:50:39] [305/459] TCDM
[02:50:40] [306/459] IRGT
[02:50:40] [307/459] GCMG
[02:50:41] [308/459] MXSN
[02:50:41] [309/459] MXCK
[02:50:42] [310/459] MCRC
[02:50:43] [311/459] RSMI
[02:50:43] [312/459] WAML
[02:50:44] [313/459] MTSC
[02:50:44] [314/459] FMDR
[02:50:45] [315/459] LEPV
[02:50:45] [316/459] MTGD
[02:50:46] [317/459] IMOB
[02:50:46] [318/459] CLMM
[02:50:47] [319/459] PZCD
[02:50:47] [320/459] GOCS
[02:50:48] [321/459] KCMA
[02:50:49] [322/459] CCMP
[02:50:50] [323/459] MTSU
[02:50:50] [324/459] SNGL
[02:50:51] [325/459] MMMC
[02:50:51] [326/459] MMAA
[02:50:52] [327/459] GCDM
[02:50:52] [328/459] KTMV
[02:50:53] [329/459] AETE
[02:50:53] [330/459] OMCS
[02:50:54] [331/459] GDCD
[02:50:54] [332/459] NYMD
[02:50:55] [333/459] RNCV
[02:50:56] [334/459] KKMT
[02:50:56] [335/459] GDTH
[02:50:57] [336/459] KMMV
[02:50:58] [337/459] NHCG
[02:50:58] [338/459] PJDW
[02:50:59] [339/459] MMCV
[02:50:59] [340/459] FQSA
[02:51:00] [341/459] KURL
[02:51:01] [342/459] NNNX
[02:51:01] [343/459] AMAU
[02:51:02] [344/459] VVVM
[02:51:02] [345/459] VECU
[02:51:03] [346/459] WCVR
[02:51:03] [347/459] MTGG
[02:51:04] [348/459] SGTG
[02:51:04] [349/459] MNTG
[02:51:05] [350/459] JDDG
[02:51:05] [351/459] MBTK
[02:51:06] [352/459] SGCD
[02:51:07] [353/459] MCTC
[02:51:07] [354/459] JTPC
[02:51:08] [355/459] SDKT
[02:51:09] [356/459] KRCC
[02:51:09] [357/459] RMMD
[02:51:10] [358/459] AAME
[02:51:10] [359/459] TMWC
[02:51:11] [360/459] NRWY
[02:51:11] [361/459] CITD
[02:51:12] [362/459] VERD
[02:51:12] [363/459] MKSK
[02:51:13] [364/459] STSM
[02:51:14] [365/459] MJDG
[02:51:14] [366/459] RKPM
[02:51:15] [367/459] SSCE
[02:51:16] [368/459] VMAE
[02:51:16] [369/459] SBRU
[02:51:17] [370/459] AMBC
[02:51:18] [371/459] AMLU
[02:51:18] [372/459] INVZ
[02:51:19] [373/459] LGTV
[02:51:19] [374/459] SVAD
[02:51:20] [375/459] SMSA
[02:51:20] [376/459] SPCZ
[02:51:21] [377/459] GTCX
[02:51:21] [378/459] SCSL
[02:51:22] [379/459] SAHU
[02:51:22] [380/459] NCDA
[02:51:23] [381/459] SCCG
[02:51:23] [382/459] VKTL
[02:51:24] [383/459] PUUJ
[02:51:24] [384/459] STEJ
[02:51:25] [385/459] RJAL
[02:51:26] [386/459] ACJC
[02:51:26] [387/459] VTHC
[02:51:27] [388/459] ARVB
[02:51:27] [389/459] AUBB
[02:51:28] [390/459] GDBR
[02:51:28] [391/459] PVND
[02:51:29] [392/459] BGRJ
[02:51:29] [393/459] RJMM
[02:51:30] [394/459] MCSA
[02:51:30] [395/459] BODA
[02:51:31] [396/459] JAGG
[02:51:32] [397/459] SCGA
[02:51:32] [398/459] LRCM
[02:51:33] [399/459] CPCN
[02:51:33] [400/459] SSTF
[02:51:34] [401/459] SRXP
[02:51:34] [402/459] CNFX
[02:51:35] [403/459] ANDI
[02:51:36] [404/459] SYEW
[02:51:36] [405/459] RCRE
[02:51:37] [406/459] SCRW
[02:51:37] [407/459] MBKR
[02:51:38] [408/459] ASNT
[02:51:38] [409/459] JTMT
[02:51:39] [410/459] SHAY
[02:51:39] [411/459] VRTH
[02:51:40] [412/459] SPTI
[02:51:41] [413/459] DPTD
[02:51:41] [414/459] TGSN
[02:51:42] [415/459] RCWV
[02:51:42] [416/459] OCUR
[02:51:43] [417/459] KSTC
[02:51:44] [418/459] SANI
[02:51:44] [419/459] MLCA
[02:51:45] [420/459] EGCA
[02:51:46] [421/459] SYSN
[02:51:46] [422/459] PKTA
[02:51:47] [423/459] PRCC
[02:51:47] [424/459] KSTR
[02:51:48] [425/459] SNTP
[02:51:49] [426/459] RCHA
[02:51:49] [427/459] SEEA
[02:51:50] [428/459] ALAT
[02:51:50] [429/459] AATV
[02:51:51] [430/459] RJTE
[02:51:51] [431/459] AAPP
[02:51:52] [432/459] PMMH
[02:51:52] [433/459] INRJ
[02:51:53] [434/459] SARB
[02:51:53] [435/459] PCJL
[02:51:54] [436/459] PFJJ
[02:51:54] [437/459] GRDC
[02:51:55] [438/459] BCBA
[02:51:55] [439/459] VIXL
[02:51:56] [440/459] CSTL
[02:51:56] [441/459] MTDK
[02:51:57] [442/459] TDAC
[02:51:57] [443/459] GTDN
[02:51:58] [444/459] TTDE
[02:51:58] [445/459] ASTS
[02:51:59] [446/459] CPNS
[02:51:59] [447/459] PVVW
[02:52:00] [448/459] USEB
[02:52:01] [449/459] DTYN
[02:52:01] [450/459] PVLE
[02:52:02] [451/459] CIPS
[02:52:02] [452/459] PAEG
[02:52:03] [453/459] PTCW
[02:52:04] [454/459] G3SR
[02:52:04] [455/459] PGND
[02:52:05] [456/459] INVM
[02:52:05] [457/459] SPIA
[02:52:06] [458/459] PCSN
[02:52:07] [459/459] PPGV
[02:52:07] ✅ DONE | Shows=0 | Movies=0
