[00:45:09] 🚀 BMS DAILY TRACKER STARTED
[00:45:09] [1/445] TGMR
[00:45:09] 🧠 New identity
[00:45:10] [2/445] CXKR
[00:45:10] [3/445] SROP
[00:45:11] [4/445] GTSV
[00:45:12] [5/445] SNTY
[00:45:12] [6/445] SMYY
[00:45:13] [7/445] CNCS
[00:45:14] [8/445] CSTM
[00:45:15] [9/445] NUCD
[00:45:15] [10/445] SHCZ
[00:45:16] [11/445] NJCT
[00:45:16] [12/445] COPC
[00:45:17] [13/445] STVV
[00:45:18] [14/445] SKRN
[00:45:18] [15/445] APPZ
[00:45:19] [16/445] YMGN
[00:45:19] [17/445] SVTU
[00:45:20] [18/445] GTAD
[00:45:21] [19/445] PSUS
[00:45:21] [20/445] SMCD
[00:45:22] [21/445] CMCM
[00:45:23] [22/445] SYCT
[00:45:23] [23/445] STLY
[00:45:24] [24/445] CMHU
[00:45:24] [25/445] CMSA
[00:45:25] [26/445] CLCU
[00:45:25] [27/445] PPNT
[00:45:26] [28/445] JTAB
[00:45:27] [29/445] BUUC
[00:45:27] [30/445] BSVK
[00:45:28] [31/445] VVVQ
[00:45:28] [32/445] TKMU
[00:45:29] [33/445] ESYL
[00:45:30] [34/445] ACHP
[00:45:30] [35/445] BTKD
[00:45:31] [36/445] DESA
[00:45:31] [37/445] GBCT
[00:45:32] [38/445] BLLD
[00:45:32] [39/445] SKNT
[00:45:33] [40/445] SSTE
[00:45:34] [41/445] VJMR
[00:45:35] [42/445] NTPU
[00:45:35] [43/445] RDKN
[00:45:36] [44/445] ADGC
[00:45:36] [45/445] VRBP
[00:45:37] [46/445] NMNA
[00:45:38] [47/445] CMMX
[00:45:38] [48/445] PTKO
[00:45:39] [49/445] RBML
[00:45:39] [50/445] SAIC
[00:45:40] [51/445] SVTJ
[00:45:41] [52/445] MRTE
[00:45:41] [53/445] RBTP
[00:45:42] [54/445] NLPS
[00:45:42] [55/445] GTNA
[00:45:43] [56/445] DGGC
[00:45:43] [57/445] SMCR
[00:45:44] [58/445] SCGD
[00:45:45] [59/445] SRRJ
[00:45:46] [60/445] CNRY
[00:45:46] [61/445] KTDI
[00:45:47] [62/445] SNJL
[00:45:47] [63/445] RKMD
[00:45:48] [64/445] SMDC
[00:45:48] [65/445] TADG
[00:45:49] [66/445] MCGS
[00:45:49] [67/445] PETK
[00:45:50] [68/445] CHAG
[00:45:51] [69/445] KSTL
[00:45:51] [70/445] AADS
[00:45:52] [71/445] NTHZ
[00:45:52] [72/445] HCKI
[00:45:53] [73/445] SSEF
[00:45:53] [74/445] MCGX
[00:45:54] [75/445] ERRA
[00:45:55] [76/445] SDTW
[00:45:55] [77/445] RMPK
[00:45:56] [78/445] PTHK
[00:45:57] [79/445] PXCS
[00:45:57] [80/445] SVLU
[00:45:58] [81/445] STAH
[00:45:58] [82/445] JRGF
[00:45:59] [83/445] CDOK
[00:46:00] [84/445] CMSG
[00:46:00] [85/445] APTD
[00:46:01] [86/445] KMPG
[00:46:01] [87/445] MUTJ
[00:46:02] [88/445] VCCI
[00:46:02] [89/445] URBE
[00:46:03] [90/445] TCTS
[00:46:04] [91/445] STSN
[00:46:04] [92/445] AKCH
[00:46:05] [93/445] APSC
[00:46:05] [94/445] VLTB
[00:46:06] [95/445] SANU
[00:46:07] [96/445] AXAM
[00:46:07] [97/445] MGMG
[00:46:08] [98/445] HTBY
[00:46:08] [99/445] MMZS
[00:46:09] [100/445] SUDR
[00:46:10] [101/445] CCAD
[00:46:10] [102/445] SKKC
[00:46:11] [103/445] RMCD
[00:46:11] [104/445] SBCQ
[00:46:12] [105/445] DCCT
[00:46:13] [106/445] VTKP
[00:46:13] [107/445] MLAM
[00:46:14] [108/445] SAVT
[00:46:14] [109/445] GEPL
[00:46:15] [110/445] AMCD
[00:46:15] [111/445] CCXR
[00:46:16] [112/445] GRNG
[00:46:17] [113/445] EBCA
[00:46:17] [114/445] CNVG
[00:46:18] [115/445] MWSS
[00:46:18] [116/445] VBOR
[00:46:19] [117/445] NEEB
[00:46:19] [118/445] SUTH
[00:46:20] [119/445] ANDB
[00:46:20] [120/445] MMXS
[00:46:21] [121/445] CNPD
[00:46:22] [122/445] SDCE
[00:46:22] [123/445] DHCB
[00:46:23] [124/445] ODEN
[00:46:23] [125/445] TNTC
[00:46:24] [126/445] VBKM
[00:46:25] [127/445] RZYM
[00:46:25] [128/445] JEMC
[00:46:26] [129/445] CMAU
[00:46:26] [130/445] SIVP
[00:46:27] [131/445] ATAG
[00:46:27] [132/445] CHTM
[00:46:28] [133/445] AAEE
[00:46:29] [134/445] IWPM
[00:46:29] [135/445] KCMW
[00:46:30] [136/445] MCTD
[00:46:30] [137/445] SPWR
[00:46:31] [138/445] SDPO
[00:46:32] [139/445] PCSK
[00:46:32] [140/445] ACHV
[00:46:33] [141/445] SVLA
[00:46:34] [142/445] PICT
[00:46:34] [143/445] BXDR
[00:46:35] [144/445] SPWA
[00:46:35] [145/445] MCKO
[00:46:36] [146/445] RTHK
[00:46:37] [147/445] CCMF
[00:46:37] [148/445] MRGB
[00:46:38] [149/445] CPLC
[00:46:38] [150/445] RACD
[00:46:39] [151/445] ATKT
[00:46:40] [152/445] SARN
[00:46:40] [153/445] KKUI
[00:46:41] [154/445] RGCM
[00:46:41] [155/445] BRVP
[00:46:42] [156/445] HRSR
[00:46:43] [157/445] GKGM
[00:46:43] [158/445] TTCD
[00:46:44] [159/445] PTTI
[00:46:44] [160/445] MPTT
[00:46:45] [161/445] CVTT
[00:46:45] [162/445] PCXD
[00:46:46] [163/445] GCDC
[00:46:47] [164/445] CCCF
[00:46:47] [165/445] MRAD
[00:46:48] [166/445] CPLK
[00:46:49] [167/445] SATB
[00:46:49] [168/445] SNVG
[00:46:50] [169/445] JMBA
[00:46:50] [170/445] TEJA
[00:46:51] [171/445] STYO
[00:46:51] [172/445] JTBP
[00:46:52] [173/445] KRGD
[00:46:53] [174/445] SLJJ
[00:46:53] [175/445] SPTJ
[00:46:54] [176/445] SWJG
[00:46:54] [177/445] LKRT
[00:46:55] [178/445] KCKA
[00:46:56] [179/445] SNCR
[00:46:56] [180/445] SMKL
[00:46:57] [181/445] GCFA
[00:46:58] [182/445] DDCK
[00:46:58] [183/445] NCHJ
[00:46:59] [184/445] RDMA
[00:47:00] [185/445] SVSV
[00:47:00] [186/445] SCJG
[00:47:01] [187/445] VKLP
[00:47:02] [188/445] NWCC
[00:47:02] [189/445] VKNS
[00:47:03] [190/445] SDDP
[00:47:03] [191/445] ACSI
[00:47:04] [192/445] SATG
[00:47:05] [193/445] SCMW
[00:47:05] [194/445] LKTK
[00:47:06] [195/445] VCKV
[00:47:06] [196/445] KKPE
[00:47:07] [197/445] KIGH
[00:47:07] [198/445] SRPM
[00:47:08] [199/445] SCAH
[00:47:08] [200/445] MUTA
[00:47:09] [201/445] SEPU
[00:47:10] [202/445] INOA
[00:47:10] [203/445] BASK
[00:47:11] [204/445] NECB
[00:47:11] [205/445] GTTG
[00:47:12] [206/445] ASSA
[00:47:13] [207/445] ANCL
[00:47:13] [208/445] GCTI
[00:47:14] [209/445] RCTS
[00:47:14] [210/445] ACNL
[00:47:15] [211/445] MYCT
[00:47:15] [212/445] NMHT
[00:47:16] [213/445] MDIT
[00:47:16] [214/445] LATG
[00:47:17] [215/445] SMTY
[00:47:18] [216/445] CVCT
[00:47:18] [217/445] RAMB
[00:47:19] [218/445] TGMS
[00:47:20] [219/445] BHEL
[00:47:20] [220/445] SHCT
[00:47:21] [221/445] SVCT
[00:47:21] [222/445] MRIY
[00:47:22] [223/445] SARO
[00:47:23] [224/445] STCT
[00:47:23] [225/445] JKKC
[00:47:24] [226/445] PLTT
[00:47:25] [227/445] SRNT
[00:47:25] [228/445] YAST
[00:47:26] [229/445] PERL
[00:47:26] [230/445] CICM
[00:47:27] [231/445] MMTR
[00:47:28] [232/445] ABTK
[00:47:28] [233/445] ATYY
[00:47:29] [234/445] ASTK
[00:47:29] [235/445] VVCK
[00:47:30] [236/445] ATKY
[00:47:31] [237/445] GWEK
[00:47:31] [238/445] SVFH
[00:47:32] [239/445] SLTA
[00:47:32] [240/445] AASH
[00:47:33] [241/445] ACXB
[00:47:34] [242/445] SMTX
[00:47:34] [243/445] AZDH
[00:47:35] [244/445] CMMH
[00:47:35] [245/445] SCSZ
[00:47:36] [246/445] SCKP
[00:47:36] [247/445] NXTM
[00:47:37] [248/445] NWCS
[00:47:37] [249/445] CXMH
[00:47:38] [250/445] PCMA
[00:47:38] [251/445] SGCM
[00:47:39] [252/445] SDTU
[00:47:39] [253/445] MMVI
[00:47:40] [254/445] JKCM
[00:47:41] [255/445] VCMM
[00:47:41] [256/445] SYEE
[00:47:42] [257/445] VASD
[00:47:43] [258/445] BDRB
[00:47:43] [259/445] LASM
[00:47:44] [260/445] DCRL
[00:47:44] [261/445] DVPM
[00:47:45] [262/445] SBMJ
[00:47:46] [263/445] CBMU
[00:47:46] [264/445] IUBS
[00:47:47] [265/445] INAP
[00:47:47] [266/445] SRRC
[00:47:48] [267/445] SAGR
[00:47:49] [268/445] CPMJ
[00:47:49] [269/445] ATJL
[00:47:50] [270/445] NNTD
[00:47:51] [271/445] JHCJ
[00:47:51] [272/445] CMMP
[00:47:52] [273/445] RSDR
[00:47:52] [274/445] AMTI
[00:47:53] [275/445] NYSG
[00:47:53] [276/445] AVSG
[00:47:54] [277/445] SYTP
[00:47:55] [278/445] LARC
[00:47:55] [279/445] RJTP
[00:47:56] [280/445] LAKC
[00:47:56] [281/445] MCXE
[00:47:57] [282/445] CCZC
[00:47:58] [283/445] AVCH
[00:47:58] [284/445] CMBE
[00:47:59] [285/445] MRRC
[00:47:59] [286/445] PCPY
[00:48:00] [287/445] SRMH
[00:48:01] [288/445] SVGS
[00:48:01] [289/445] PCSE
[00:48:01] [290/445] SVFT
[00:48:02] [291/445] TNZP
[00:48:03] [292/445] ICTP
[00:48:03] [293/445] ACTZ
[00:48:04] [294/445] GTUR
[00:48:05] [295/445] MAFC
[00:48:05] [296/445] MINL
[00:48:06] [297/445] MRCL
[00:48:06] [298/445] RCRP
[00:48:07] [299/445] RFFG
[00:48:07] [300/445] RMAS
[00:48:08] [301/445] INVR
[00:48:09] [302/445] RMAR
[00:48:09] [303/445] CNIS
[00:48:10] [304/445] RHRJ
[00:48:10] [305/445] INXR
[00:48:11] [306/445] VALT
[00:48:11] [307/445] LCSH
[00:48:12] [308/445] CMVS
[00:48:13] [309/445] CNMS
[00:48:13] [310/445] ROOG
[00:48:14] [311/445] ISRM
[00:48:15] [312/445] RCRM
[00:48:15] [313/445] ACJA
[00:48:16] [314/445] RCVS
[00:48:16] [315/445] CPUS
[00:48:17] [316/445] TGCS
[00:48:17] [317/445] RKCJ
[00:48:18] [318/445] MKSB
[00:48:19] [319/445] TCSJ
[00:48:19] [320/445] RMGP
[00:48:20] [321/445] CLLP
[00:48:21] [322/445] RCMV
[00:48:21] [323/445] CCKS
[00:48:22] [324/445] RSRP
[00:48:22] [325/445] APLP
[00:48:23] [326/445] CNVS
[00:48:24] [327/445] RMVY
[00:48:24] [328/445] PGBD
[00:48:25] [329/445] KLMS
[00:48:26] [330/445] RUST
[00:48:26] [331/445] MASM
[00:48:27] [332/445] BACS
[00:48:27] [333/445] BWST
[00:48:28] [334/445] RRFH
[00:48:28] [335/445] SJTM
[00:48:29] [336/445] BEMR
[00:48:30] [337/445] MCGR
[00:48:30] [338/445] SDSK
[00:48:31] [339/445] VBOL
[00:48:32] [340/445] RMGM
[00:48:32] [341/445] NOPL
[00:48:33] [342/445] MKJK
[00:48:34] [343/445] CVRN
[00:48:34] [344/445] MMEN
[00:48:35] [345/445] AMNG
[00:48:35] [346/445] INTM
[00:48:36] [347/445] SLCZ
[00:48:37] [348/445] AMJN
[00:48:37] [349/445] ACJN
[00:48:38] [350/445] AMKN
[00:48:38] [351/445] BTCN
[00:48:39] [352/445] AMBT
[00:48:40] [353/445] PACN
[00:48:40] [354/445] LCNS
[00:48:41] [355/445] PPKC
[00:48:42] [356/445] JYYN
[00:48:42] [357/445] JTNR
[00:48:43] [358/445] GTEE
[00:48:44] [359/445] SRNM
[00:48:44] [360/445] SDTC
[00:48:45] [361/445] VPCA
[00:48:45] [362/445] VLRA
[00:48:46] [363/445] SHKR
[00:48:46] [364/445] SBKD
[00:48:47] [365/445] SAAD
[00:48:47] [366/445] JTGN
[00:48:48] [367/445] SLAM
[00:48:48] [368/445] VTPM
[00:48:49] [369/445] ANPT
[00:48:49] [370/445] PUNB
[00:48:50] [371/445] CPKT
[00:48:51] [372/445] CNWE
[00:48:51] [373/445] ECPP
[00:48:52] [374/445] CPAR
[00:48:52] [375/445] ESBW
[00:48:53] [376/445] PKPU
[00:48:53] [377/445] CPRP
[00:48:54] [378/445] RAHU
[00:48:54] [379/445] RHMN
[00:48:55] [380/445] FMJP
[00:48:56] [381/445] CTMP
[00:48:56] [382/445] INPN
[00:48:57] [383/445] STTG
[00:48:58] [384/445] CTRD
[00:48:58] [385/445] PUVB
[00:48:59] [386/445] ESVP
[00:49:00] [387/445] CPFT
[00:49:00] [388/445] LCPC
[00:49:01] [389/445] VBCT
[00:49:02] [390/445] FSCW
[00:49:02] [391/445] VCMP
[00:49:03] [392/445] ASHC
[00:49:03] [393/445] VLCX
[00:49:04] [394/445] SHEV
[00:49:04] [395/445] APCO
[00:49:05] [396/445] SILC
[00:49:05] [397/445] SNMR
[00:49:06] [398/445] KYBO
[00:49:07] [399/445] SATK
[00:49:07] [400/445] SSCS
[00:49:08] [401/445] CLSB
[00:49:09] [402/445] KMJR
[00:49:09] [403/445] FSCK
[00:49:10] [404/445] NNKA
[00:49:10] [405/445] CLMK
[00:49:11] [406/445] DMPZ
[00:49:12] [407/445] INQM
[00:49:12] [408/445] CAML
[00:49:13] [409/445] INRK
[00:49:14] [410/445] IMKN
[00:49:14] [411/445] SVNR
[00:49:15] [412/445] INSL
[00:49:15] [413/445] MSMA
[00:49:16] [414/445] MCKK
[00:49:17] [415/445] FCHP
[00:49:18] [416/445] SFCR
[00:49:18] [417/445] NACK
[00:49:19] [418/445] PVAK
[00:49:20] [419/445] INER
[00:49:20] [420/445] RDBK
[00:49:21] [421/445] SVFN
[00:49:21] [422/445] IFRM
[00:49:22] [423/445] ATCK
[00:49:22] [424/445] ASKO
[00:49:23] [425/445] STKT
[00:49:23] [426/445] SVFB
[00:49:24] [427/445] INKS
[00:49:25] [428/445] PCRA
[00:49:25] [429/445] ATJA
[00:49:26] [430/445] IMJN
[00:49:26] [431/445] INHD
[00:49:27] [432/445] BARA
[00:49:28] [433/445] MCSL
[00:49:28] [434/445] RTOY
[00:49:29] [435/445] MENO
[00:49:30] [436/445] PUDM
[00:49:31] [437/445] PRCN
[00:49:31] [438/445] JMJR
[00:49:32] [439/445] SSGK
[00:49:32] [440/445] SSRL
[00:49:33] [441/445] JYKL
[00:49:34] [442/445] ACNB
[00:49:34] [443/445] SONP
[00:49:35] [444/445] EMCI
[00:49:35] [445/445] MRJH
[00:49:36] ✅ DONE | Shows=0 | Movies=0
