[00:45:25] 🚀 BMS DAILY TRACKER STARTED
[00:45:25] [1/459] NECA
[00:45:25] 🧠 New identity
[00:45:27] [2/459] BJLC
[00:45:29] [3/459] BASU
[00:45:29] [4/459] RUPI
[00:45:30] [5/459] LCBK
[00:45:31] [6/459] PMAC
[00:45:32] [7/459] AMLC
[00:45:33] [8/459] LICL
[00:45:34] [9/459] UDMM
[00:45:35] [10/459] STBZ
[00:45:36] [11/459] UUBT
[00:45:37] [12/459] SJKC
[00:45:38] [13/459] TUAL
[00:45:39] [14/459] MRSE
[00:45:40] [15/459] RMRK
[00:45:41] [16/459] TTKP
[00:45:42] [17/459] KTKO
[00:45:43] [18/459] SDBK
[00:45:44] [19/459] MCPR
[00:45:45] [20/459] CHTI
[00:45:45] [21/459] GCCP
[00:45:47] [22/459] SRMY
[00:45:48] [23/459] NYST
[00:45:50] [24/459] NYAG
[00:45:51] [25/459] SBMT
[00:45:51] [26/459] INGA
[00:45:52] [27/459] WSIC
[00:45:53] [28/459] SCSS
[00:45:55] [29/459] COPG
[00:45:55] [30/459] RCGR
[00:45:56] [31/459] TCZA
[00:45:57] [32/459] CNLP
[00:45:58] [33/459] CLKN
[00:45:59] [34/459] LHDF
[00:46:01] [35/459] ELKC
[00:46:02] [36/459] VCEM
[00:46:04] [37/459] SSZA
[00:46:05] [38/459] KRMT
[00:46:06] [39/459] LCMV
[00:46:07] [40/459] AYCZ
[00:46:07] [41/459] CUMS
[00:46:08] [42/459] BOCK
[00:46:09] [43/459] PNMR
[00:46:11] [44/459] PJCP
[00:46:11] [45/459] JDDD
[00:46:12] [46/459] STMS
[00:46:13] [47/459] FLMB
[00:46:14] [48/459] PKCM
[00:46:16] [49/459] SPPR
[00:46:18] [50/459] EYLH
[00:46:19] [51/459] RJCC
[00:46:21] [52/459] MMPS
[00:46:22] [53/459] SHMX
[00:46:23] [54/459] CCNL
[00:46:24] [55/459] RCNV
[00:46:25] [56/459] MAAG
[00:46:26] [57/459] LXCM
[00:46:27] [58/459] RCNI
[00:46:28] [59/459] SNNI
[00:46:29] [60/459] LALC
[00:46:30] [61/459] SOCN
[00:46:31] [62/459] JHTP
[00:46:33] [63/459] PITP
[00:46:34] [64/459] CCKW
[00:46:36] [65/459] MCMC
[00:46:37] [66/459] DEES
[00:46:37] [67/459] SABT
[00:46:39] [68/459] VSPP
[00:46:40] [69/459] ABCT
[00:46:40] [70/459] JVTB
[00:46:42] [71/459] VCBD
[00:46:43] [72/459] RMGG
[00:46:43] [73/459] RNMH
[00:46:44] [74/459] SPGL
[00:46:45] [75/459] JTTR
[00:46:46] [76/459] SICS
[00:46:48] [77/459] SRMI
[00:46:48] [78/459] SSIJ
[00:46:49] [79/459] KFMT
[00:46:50] [80/459] VBIT
[00:46:51] [81/459] JKCT
[00:46:52] [82/459] GCGP
[00:46:53] [83/459] GDCS
[00:46:53] [84/459] TRBA
[00:46:54] [85/459] QUST
[00:46:55] [86/459] VSHM
[00:46:56] [87/459] SDCP
[00:46:58] [88/459] SNVS
[00:46:59] [89/459] NYTO
[00:47:00] [90/459] URWC
[00:47:02] [91/459] GTWH
[00:47:04] [92/459] PFCM
[00:47:05] [93/459] KRTA
[00:47:07] [94/459] AXMC
[00:47:08] [95/459] EVMC
[00:47:09] [96/459] HGSM
[00:47:10] [97/459] ACVM
[00:47:11] [98/459] PSKL
[00:47:11] [99/459] RDMP
[00:47:12] [100/459] RHGH
[00:47:13] [101/459] OMCM
[00:47:15] [102/459] DCCP
[00:47:16] [103/459] MCPB
[00:47:16] [104/459] ALCI
[00:47:18] [105/459] BLMX
[00:47:19] [106/459] BTMV
[00:47:20] [107/459] FVPN
[00:47:21] [108/459] CMAR
[00:47:22] [109/459] CEIM
[00:47:23] [110/459] CMVA
[00:47:24] [111/459] CPIV
[00:47:25] [112/459] CNPE
[00:47:26] [113/459] COLV
[00:47:27] [114/459] DNNV
[00:47:28] [115/459] HCAD
[00:47:30] [116/459] TAKA
[00:47:31] [117/459] INVD
[00:47:31] [118/459] IRMM
[00:47:32] [119/459] INSE
[00:47:33] [120/459] MRSW
[00:47:34] [121/459] MCVD
[00:47:35] [122/459] MCSO
[00:47:36] [123/459] PEVM
[00:47:37] [124/459] PVNL
[00:47:38] [125/459] PTCV
[00:47:39] [126/459] PRTC
[00:47:40] [127/459] RCVA
[00:47:41] [128/459] MTBN
[00:47:42] [129/459] LUCP
[00:47:42] [130/459] FMPT
[00:47:44] [131/459] JLSL
[00:47:45] [132/459] SBHA
[00:47:46] [133/459] SHRC
[00:47:47] [134/459] AVPS
[00:47:48] [135/459] STPM
[00:47:48] [136/459] ATRD
[00:47:49] [137/459] VTED
[00:47:50] [138/459] ACAI
[00:47:52] [139/459] SMAE
[00:47:53] [140/459] VMAT
[00:47:54] [141/459] LKCT
[00:47:55] [142/459] JTVK
[00:47:56] [143/459] PRTY
[00:47:57] [144/459] GETT
[00:47:58] [145/459] ESAP
[00:47:59] [146/459] NCPM
[00:47:59] [147/459] PCPA
[00:48:00] [148/459] MMOM
[00:48:01] [149/459] PHUP
[00:48:02] [150/459] CCPI
[00:48:02] [151/459] CNTD
[00:48:03] [152/459] NLJR
[00:48:04] [153/459] SRNG
[00:48:05] [154/459] MHAL
[00:48:06] [155/459] PNSM
[00:48:07] [156/459] DRMY
[00:48:08] [157/459] CCMU
[00:48:09] [158/459] SCMY
[00:48:10] [159/459] PVSY
[00:48:11] [160/459] SDLM
[00:48:12] [161/459] ICCM
[00:48:13] [162/459] PYSU
[00:48:14] [163/459] GATM
[00:48:16] [164/459] WOTM
[00:48:17] [165/459] RKTS
[00:48:18] [166/459] PMTY
[00:48:18] [167/459] LYMS
[00:48:20] [168/459] TGCA
[00:48:21] [169/459] DSTA
[00:48:22] [170/459] CNGE
[00:48:22] [171/459] VSTG
[00:48:23] [172/459] GTCK
[00:48:25] [173/459] TGNT
[00:48:26] [174/459] ASLC
[00:48:27] [175/459] SSST
[00:48:28] [176/459] KBTT
[00:48:29] [177/459] HKCP
[00:48:30] [178/459] SWLC
[00:48:31] [179/459] RTND
[00:48:31] [180/459] PKKT
[00:48:32] [181/459] HSTK
[00:48:34] [182/459] SPTT
[00:48:35] [183/459] IMPM
[00:48:36] [184/459] SCMV
[00:48:37] [185/459] SPCT
[00:48:38] [186/459] JBCA
[00:48:39] [187/459] ATTR
[00:48:40] [188/459] SPMT
[00:48:41] [189/459] LCTM
[00:48:43] [190/459] SCVL
[00:48:44] [191/459] SCVT
[00:48:46] [192/459] KRIC
[00:48:46] [193/459] CTMG
[00:48:47] [194/459] ACNC
[00:48:48] [195/459] DMCK
[00:48:50] [196/459] KMTV
[00:48:50] [197/459] PFCJ
[00:48:52] [198/459] VNMD
[00:48:53] [199/459] VPCZ
[00:48:53] [200/459] SRYR
[00:48:54] [201/459] SYTR
[00:48:55] [202/459] GATR
[00:48:56] [203/459] URTR
[00:48:57] [204/459] MKSM
[00:48:58] [205/459] VSMH
[00:48:59] [206/459] SKRJ
[00:49:00] [207/459] SSJR
[00:49:01] [208/459] SVSM
[00:49:02] [209/459] RUCM
[00:49:03] [210/459] PRKN
[00:49:05] [211/459] RROH
[00:49:07] [212/459] SCTN
[00:49:09] [213/459] RTDM
[00:49:10] [214/459] ASRM
[00:49:11] [215/459] SKMD
[00:49:11] [216/459] SUTD
[00:49:12] [217/459] SADM
[00:49:13] [218/459] WCNR
[00:49:14] [219/459] CNED
[00:49:15] [220/459] MPDB
[00:49:15] [221/459] KTBH
[00:49:16] [222/459] IDRM
[00:49:18] [223/459] PJJT
[00:49:20] [224/459] PFCV
[00:49:21] [225/459] AACT
[00:49:21] [226/459] AAAD
[00:49:22] [227/459] ANES
[00:49:23] [228/459] MNCA
[00:49:25] [229/459] RMGU
[00:49:26] [230/459] DLCN
[00:49:27] [231/459] LJWT
[00:49:28] [232/459] MCBG
[00:49:29] [233/459] MYBG
[00:49:30] [234/459] GCCA
[00:49:31] [235/459] GCGA
[00:49:32] [236/459] ECGN
[00:49:33] [237/459] PRAB
[00:49:34] [238/459] PNMP
[00:49:34] [239/459] GCPT
[00:49:35] [240/459] ROYN
[00:49:37] [241/459] VATM
[00:49:38] [242/459] KSNT
[00:49:40] [243/459] ACTC
[00:49:40] [244/459] PLTD
[00:49:41] [245/459] SKMK
[00:49:42] [246/459] CMTT
[00:49:43] [247/459] SMXP
[00:49:44] [248/459] SCMX
[00:49:45] [249/459] ACXN
[00:49:46] [250/459] ASWT
[00:49:46] [251/459] VVVL
[00:49:47] [252/459] NAGO
[00:49:49] [253/459] SNCN
[00:49:49] [254/459] MCKP
[00:49:50] [255/459] SAMO
[00:49:51] [256/459] JBTV
[00:49:52] [257/459] DCVV
[00:49:53] [258/459] KMSV
[00:49:54] [259/459] KDCN
[00:49:54] [260/459] CNCP
[00:49:55] [261/459] HAMC
[00:49:56] [262/459] CCVZ
[00:49:58] [263/459] NCCK
[00:49:58] [264/459] MCHR
[00:49:59] [265/459] SCHT
[00:50:00] [266/459] ESSH
[00:50:01] [267/459] CUJC
[00:50:02] [268/459] PECP
[00:50:02] [269/459] PMMI
[00:50:04] [270/459] PCCH
[00:50:06] [271/459] PRPM
[00:50:07] [272/459] PVKL
[00:50:08] [273/459] CBSM
[00:50:10] [274/459] PVCZ
[00:50:11] [275/459] PCVV
[00:50:12] [276/459] CTMJ
[00:50:13] [277/459] RCPS
[00:50:14] [278/459] PCIT
[00:50:16] [279/459] FNCH
[00:50:16] [280/459] INZD
[00:50:18] [281/459] INPC
[00:50:19] [282/459] LCZP
[00:50:20] [283/459] SMCB
[00:50:21] [284/459] PTSB
[00:50:22] [285/459] TPSI
[00:50:23] [286/459] KHMJ
[00:50:24] [287/459] RCCJ
[00:50:25] [288/459] NCJA
[00:50:26] [289/459] NCJN
[00:50:27] [290/459] BTDP
[00:50:28] [291/459] PADY
[00:50:28] [292/459] NYBH
[00:50:29] [293/459] MTBR
[00:50:30] [294/459] KRBC
[00:50:32] [295/459] DKTI
[00:50:32] [296/459] ANAN
[00:50:33] [297/459] INBP
[00:50:33] [298/459] PATB
[00:50:34] [299/459] RGNT
[00:50:35] [300/459] CGPM
[00:50:36] [301/459] INTN
[00:50:37] [302/459] MCMP
[00:50:37] [303/459] ASRG
[00:50:39] [304/459] CXJD
[00:50:40] [305/459] SPCP
[00:50:41] [306/459] CSTP
[00:50:42] [307/459] PKVC
[00:50:43] [308/459] ESCP
[00:50:44] [309/459] CAEP
[00:50:45] [310/459] CCSP
[00:50:45] [311/459] KTPC
[00:50:46] [312/459] DACA
[00:50:47] [313/459] NVKY
[00:50:49] [314/459] PTIN
[00:50:49] [315/459] SCIN
[00:50:51] [316/459] MCTY
[00:50:52] [317/459] PCMX
[00:50:53] [318/459] INIC
[00:50:54] [319/459] MMZM
[00:50:56] [320/459] SSLP
[00:50:56] [321/459] DTDT
[00:50:57] [322/459] FFCX
[00:50:58] [323/459] RCMM
[00:51:00] [324/459] KYID
[00:51:00] [325/459] CSCI
[00:51:02] [326/459] FCMC
[00:51:04] [327/459] MMXI
[00:51:04] [328/459] ASTC
[00:51:06] [329/459] CMRA
[00:51:06] [330/459] DICI
[00:51:07] [331/459] KDIN
[00:51:08] [332/459] PRFI
[00:51:10] [333/459] SVFC
[00:51:11] [334/459] UCPL
[00:51:11] [335/459] COOC
[00:51:12] [336/459] SCAL
[00:51:13] [337/459] SVFF
[00:51:14] [338/459] VCMG
[00:51:15] [339/459] UUCT
[00:51:16] [340/459] GCSE
[00:51:18] [341/459] SUSC
[00:51:19] [342/459] MISC
[00:51:20] [343/459] RMBL
[00:51:21] [344/459] CMXN
[00:51:22] [345/459] PVBK
[00:51:23] [346/459] HHCG
[00:51:25] [347/459] SCAG
[00:51:26] [348/459] CNPR
[00:51:27] [349/459] CSER
[00:51:28] [350/459] HLWD
[00:51:29] [351/459] BOLY
[00:51:31] [352/459] SSPG
[00:51:31] [353/459] MUPX
[00:51:32] [354/459] HAMR
[00:51:33] [355/459] SDNC
[00:51:34] [356/459] RTEN
[00:51:34] [357/459] SDTD
[00:51:35] [358/459] KAWS
[00:51:37] [359/459] CMZX
[00:51:37] [360/459] DCDD
[00:51:38] [361/459] ALSN
[00:51:40] [362/459] IMXS
[00:51:41] [363/459] PVFF
[00:51:42] [364/459] PVOO
[00:51:42] [365/459] CFBS
[00:51:43] [366/459] PVER
[00:51:45] [367/459] PPNX
[00:51:46] [368/459] CNRM
[00:51:47] [369/459] PVWW
[00:51:48] [370/459] INMB
[00:51:49] [371/459] CPJR
[00:51:50] [372/459] INRZ
[00:51:50] [373/459] PMSR
[00:51:51] [374/459] GPGM
[00:51:52] [375/459] PGWB
[00:51:53] [376/459] PMBR
[00:51:53] [377/459] GPAM
[00:51:54] [378/459] INBC
[00:51:55] [379/459] PZVK
[00:51:57] [380/459] CPEB
[00:51:57] [381/459] FMLB
[00:51:58] [382/459] INBG
[00:51:59] [383/459] GPBR
[00:52:00] [384/459] PAAS
[00:52:01] [385/459] VTBR
[00:52:01] [386/459] GPMY
[00:52:02] [387/459] GYBU
[00:52:03] [388/459] INBJ
[00:52:05] [389/459] LKTH
[00:52:05] [390/459] NSBR
[00:52:06] [391/459] PDRD
[00:52:07] [392/459] VRBL
[00:52:08] [393/459] VTGB
[00:52:10] [394/459] VTSK
[00:52:10] [395/459] BKDV
[00:52:12] [396/459] SVTB
[00:52:12] [397/459] MLDT
[00:52:13] [398/459] NRBL
[00:52:15] [399/459] SLTR
[00:52:16] [400/459] VNKA
[00:52:16] [401/459] TDCA
[00:52:17] [402/459] INBM
[00:52:19] [403/459] SSNR
[00:52:20] [404/459] BHAC
[00:52:21] [405/459] SDSD
[00:52:23] [406/459] SAMP
[00:52:23] [407/459] RATK
[00:52:24] [408/459] KCBI
[00:52:25] [409/459] URBL
[00:52:25] [410/459] MKBG
[00:52:26] [411/459] ASTB
[00:52:27] [412/459] VBWT
[00:52:28] [413/459] GPSM
[00:52:29] [414/459] ROON
[00:52:30] [415/459] CHTH
[00:52:31] [416/459] SSPA
[00:52:31] [417/459] ANBL
[00:52:33] [418/459] VTBE
[00:52:35] [419/459] SVKT
[00:52:35] [420/459] SVYK
[00:52:37] [421/459] PTBK
[00:52:38] [422/459] RKTB
[00:52:38] [423/459] BALT
[00:52:40] [424/459] STSV
[00:52:41] [425/459] VCCB
[00:52:41] [426/459] SLTB
[00:52:42] [427/459] SBCR
[00:52:43] [428/459] VDCS
[00:52:44] [429/459] MDKI
[00:52:44] [430/459] SMRN
[00:52:46] [431/459] PTBC
[00:52:47] [432/459] RADI
[00:52:48] [433/459] ADCR
[00:52:49] [434/459] SDCS
[00:52:50] [435/459] SRPJ
[00:52:51] [436/459] ARTS
[00:52:52] [437/459] SRHK
[00:52:53] [438/459] SPAY
[00:52:54] [439/459] GPTB
[00:52:54] [440/459] SNNN
[00:52:55] [441/459] BALJ
[00:52:56] [442/459] TRIG
[00:52:57] [443/459] GTYT
[00:52:58] [444/459] ATGN
[00:52:58] [445/459] ANTE
[00:52:59] [446/459] BDCG
[00:53:00] [447/459] VECI
[00:53:01] [448/459] SCPR
[00:53:03] [449/459] RTEA
[00:53:04] [450/459] JSAI
[00:53:04] [451/459] VJTP
[00:53:05] [452/459] GNDS
[00:53:06] [453/459] PAXA
[00:53:07] [454/459] CGGM
[00:53:09] [455/459] ACKZ
[00:53:09] [456/459] EMCC
[00:53:10] [457/459] KLSK
[00:53:12] [458/459] AVCK
[00:53:13] [459/459] JTCK
[00:53:14] ✅ DONE | Shows=0 | Movies=0
