[00:43:28] 🚀 BMS DAILY TRACKER STARTED
[00:43:28] [1/459] FNDB
[00:43:28] 🧠 New identity
[00:43:28] [2/459] AMBH
[00:43:29] [3/459] PRHN
[00:43:29] [4/459] ACPM
[00:43:30] [5/459] PVFS
[00:43:31] [6/459] AACN
[00:43:31] [7/459] ACAS
[00:43:32] [8/459] CTNR
[00:43:33] [9/459] MMAH
[00:43:33] [10/459] CPMH
[00:43:34] [11/459] IGMH
[00:43:34] [12/459] ABCS
[00:43:35] [13/459] CMMA
[00:43:35] [14/459] GPRH
[00:43:36] [15/459] PNNG
[00:43:36] [16/459] AMCA
[00:43:37] [17/459] ISTN
[00:43:37] [18/459] PIIC
[00:43:38] [19/459] AHMH
[00:43:38] [20/459] ASHN
[00:43:39] [21/459] INHY
[00:43:40] [22/459] SRMO
[00:43:40] [23/459] PIMH
[00:43:41] [24/459] PVTS
[00:43:41] [25/459] MMCA
[00:43:42] [26/459] AKYJ
[00:43:42] [27/459] BRKH
[00:43:43] [28/459] MAHM
[00:43:43] [29/459] CPHY
[00:43:44] [30/459] PVTP
[00:43:45] [31/459] SMMR
[00:43:45] [32/459] PVHM
[00:43:46] [33/459] SNDY
[00:43:47] [34/459] GOKU
[00:43:47] [35/459] ACEV
[00:43:48] [36/459] PVUM
[00:43:48] [37/459] VSWA
[00:43:49] [38/459] IPRS
[00:43:50] [39/459] ASGN
[00:43:50] [40/459] BKMV
[00:43:51] [41/459] PVYH
[00:43:51] [42/459] INKM
[00:43:52] [43/459] ARJU
[00:43:52] [44/459] JJPP
[00:43:52] [45/459] SSRM
[00:43:53] [46/459] HMHD
[00:43:54] [47/459] SNKH
[00:43:54] [48/459] ACHI
[00:43:55] [49/459] MRAA
[00:43:55] [50/459] INMH
[00:43:56] [51/459] ARMH
[00:43:56] [52/459] DVRR
[00:43:57] [53/459] SUDA
[00:43:57] [54/459] MCSS
[00:43:58] [55/459] VRKC
[00:43:59] [56/459] PRCX
[00:43:59] [57/459] ASJY
[00:44:00] [58/459] MTHY
[00:44:00] [59/459] SRCM
[00:44:01] [60/459] TVHY
[00:44:01] [61/459] STHD
[00:44:02] [62/459] CPCL
[00:44:02] [63/459] PSMJ
[00:44:03] [64/459] MRGT
[00:44:04] [65/459] ARYH
[00:44:04] [66/459] VTRB
[00:44:05] [67/459] SCHC
[00:44:05] [68/459] MRRG
[00:44:06] [69/459] SPCB
[00:44:07] [70/459] AMCM
[00:44:07] [71/459] IVNM
[00:44:08] [72/459] TRHY
[00:44:08] [73/459] PTTH
[00:44:09] [74/459] RKMH
[00:44:09] [75/459] PRCS
[00:44:10] [76/459] VAJA
[00:44:11] [77/459] BJNG
[00:44:11] [78/459] SCVM
[00:44:12] [79/459] GNHB
[00:44:12] [80/459] TLUR
[00:44:13] [81/459] UKCC
[00:44:13] [82/459] SRKR
[00:44:14] [83/459] RMKN
[00:44:15] [84/459] SLRT
[00:44:15] [85/459] LKMT
[00:44:16] [86/459] SSRJ
[00:44:16] [87/459] SPHT
[00:44:17] [88/459] ANTT
[00:44:17] [89/459] SRCH
[00:44:18] [90/459] SRCA
[00:44:18] [91/459] ARTH
[00:44:19] [92/459] MCBH
[00:44:19] [93/459] SNIB
[00:44:20] [94/459] SART
[00:44:21] [95/459] SKTA
[00:44:21] [96/459] YAKT
[00:44:22] [97/459] MLCK
[00:44:22] [98/459] ANTS
[00:44:23] [99/459] DGCA
[00:44:23] [100/459] SGMP
[00:44:24] [101/459] ASWN
[00:44:24] [102/459] KFVU
[00:44:25] [103/459] POOR
[00:44:25] [104/459] GKDN
[00:44:26] [105/459] EOSE
[00:44:26] [106/459] GTTT
[00:44:27] [107/459] ARRO
[00:44:27] [108/459] CMMK
[00:44:28] [109/459] MSCN
[00:44:28] [110/459] GDKH
[00:44:29] [111/459] DLMT
[00:44:30] [112/459] PVMF
[00:44:30] [113/459] CPCK
[00:44:31] [114/459] VMHE
[00:44:31] [115/459] PVLC
[00:44:32] [116/459] PCVB
[00:44:33] [117/459] SNYK
[00:44:33] [118/459] KTEK
[00:44:34] [119/459] PCNM
[00:44:34] [120/459] NTTR
[00:44:35] [121/459] CPSK
[00:44:35] [122/459] JMMA
[00:44:36] [123/459] GCFK
[00:44:36] [124/459] MYCA
[00:44:37] [125/459] KSNP
[00:44:38] [126/459] PMCE
[00:44:38] [127/459] SCKI
[00:44:39] [128/459] FSMA
[00:44:39] [129/459] CETA
[00:44:40] [130/459] MCIK
[00:44:40] [131/459] MYCR
[00:44:41] [132/459] EVMP
[00:44:41] [133/459] SSGT
[00:44:42] [134/459] KCTK
[00:44:43] [135/459] ZTKC
[00:44:43] [136/459] MMTA
[00:44:44] [137/459] MAJT
[00:44:44] [138/459] ACPK
[00:44:45] [139/459] JMAX
[00:44:46] [140/459] SETK
[00:44:46] [141/459] CAIS
[00:44:47] [142/459] AGCD
[00:44:47] [143/459] URCL
[00:44:48] [144/459] VTDS
[00:44:49] [145/459] JCNM
[00:44:49] [146/459] KCAM
[00:44:50] [147/459] ADCU
[00:44:50] [148/459] GXYN
[00:44:51] [149/459] SMJG
[00:44:51] [150/459] EYCJ
[00:44:52] [151/459] CCEJ
[00:44:52] [152/459] MARS
[00:44:53] [153/459] CPVJ
[00:44:53] [154/459] INVP
[00:44:54] [155/459] CPOV
[00:44:54] [156/459] VIJK
[00:44:55] [157/459] LAIM
[00:44:55] [158/459] STHV
[00:44:56] [159/459] SVLJ
[00:44:57] [160/459] ATVJ
[00:44:57] [161/459] JTSC
[00:44:58] [162/459] RMTV
[00:44:58] [163/459] MGGG
[00:44:59] [164/459] SWTH
[00:44:59] [165/459] INVJ
[00:45:00] [166/459] PRSV
[00:45:00] [167/459] JATV
[00:45:01] [168/459] RCVD
[00:45:01] [169/459] BDMA
[00:45:02] [170/459] BLJI
[00:45:03] [171/459] SWOT
[00:45:03] [172/459] SWRN
[00:45:04] [173/459] TVRA
[00:45:04] [174/459] VCSV
[00:45:05] [175/459] NVRN
[00:45:05] [176/459] SIKC
[00:45:06] [177/459] VAKR
[00:45:06] [178/459] SYLN
[00:45:07] [179/459] KLJL
[00:45:07] [180/459] LKMY
[00:45:08] [181/459] VSLY
[00:45:08] [182/459] CIKO
[00:45:09] [183/459] GPBG
[00:45:10] [184/459] CECM
[00:45:10] [185/459] SLKB
[00:45:11] [186/459] MTBO
[00:45:12] [187/459] SSHB
[00:45:12] [188/459] VPCS
[00:45:13] [189/459] RCSR
[00:45:13] [190/459] RJRM
[00:45:14] [191/459] KPPB
[00:45:14] [192/459] SEDC
[00:45:15] [193/459] SCAI
[00:45:15] [194/459] RMTR
[00:45:16] [195/459] ASST
[00:45:16] [196/459] GCAK
[00:45:17] [197/459] ANNK
[00:45:17] [198/459] KDDF
[00:45:18] [199/459] NRDP
[00:45:18] [200/459] PLAK
[00:45:19] [201/459] GCMC
[00:45:19] [202/459] ALPY
[00:45:19] [203/459] SICE
[00:45:20] [204/459] SISR
[00:45:21] [205/459] SRPZ
[00:45:21] [206/459] SRSW
[00:45:21] [207/459] SUYA
[00:45:22] [208/459] AMMT
[00:45:23] [209/459] BHCU
[00:45:23] [210/459] KLPA
[00:45:24] [211/459] NVKH
[00:45:24] [212/459] JMRC
[00:45:25] [213/459] KTTT
[00:45:26] [214/459] MAGH
[00:45:26] [215/459] MMMX
[00:45:27] [216/459] SALJ
[00:45:27] [217/459] GTJA
[00:45:28] [218/459] MAHT
[00:45:29] [219/459] SSNN
[00:45:29] [220/459] ARRP
[00:45:30] [221/459] ATNS
[00:45:30] [222/459] SKDT
[00:45:31] [223/459] ACAT
[00:45:31] [224/459] APRC
[00:45:32] [225/459] SWAG
[00:45:32] [226/459] SDPT
[00:45:33] [227/459] STPS
[00:45:33] [228/459] WWCZ
[00:45:34] [229/459] LLCH
[00:45:34] [230/459] MZHA
[00:45:35] [231/459] CRJG
[00:45:35] [232/459] JGTK
[00:45:36] [233/459] KCSR
[00:45:37] [234/459] CHTL
[00:45:37] [235/459] EDSR
[00:45:38] [236/459] CSWO
[00:45:38] [237/459] CPVM
[00:45:39] [238/459] MXBY
[00:45:40] [239/459] FMMA
[00:45:40] [240/459] POVI
[00:45:41] [241/459] MTHB
[00:45:41] [242/459] INRC
[00:45:42] [243/459] PIPP
[00:45:42] [244/459] BMXC
[00:45:43] [245/459] PCMM
[00:45:43] [246/459] PMKM
[00:45:44] [247/459] GATY
[00:45:44] [248/459] IMCM
[00:45:45] [249/459] POPE
[00:45:46] [250/459] MTCR
[00:45:46] [251/459] PVAE
[00:45:47] [252/459] PVMI
[00:45:47] [253/459] CPNM
[00:45:48] [254/459] FMRL
[00:45:48] [255/459] MCIW
[00:45:49] [256/459] MXBO
[00:45:49] [257/459] FMKY
[00:45:50] [258/459] FMDA
[00:45:51] [259/459] THAB
[00:45:51] [260/459] PRCW
[00:45:52] [261/459] PITI
[00:45:52] [262/459] MCFF
[00:45:53] [263/459] PDDV
[00:45:53] [264/459] MCRM
[00:45:54] [265/459] KKMB
[00:45:54] [266/459] INKO
[00:45:55] [267/459] PLXP
[00:45:55] [268/459] MMHA
[00:45:56] [269/459] FMVS
[00:45:56] [270/459] POLM
[00:45:57] [271/459] STER
[00:45:58] [272/459] PVWJ
[00:45:58] [273/459] IMJW
[00:45:59] [274/459] FNAN
[00:45:59] [275/459] CAGL
[00:46:00] [276/459] IPBG
[00:46:00] [277/459] SMFV
[00:46:01] [278/459] MMMR
[00:46:02] [279/459] MMWM
[00:46:02] [280/459] FNCM
[00:46:03] [281/459] MDVA
[00:46:03] [282/459] MMET
[00:46:04] [283/459] MIDO
[00:46:05] [284/459] INNP
[00:46:05] [285/459] MIFU
[00:46:05] [286/459] MMSZ
[00:46:06] [287/459] BMXA
[00:46:07] [288/459] MCAA
[00:46:07] [289/459] SCVP
[00:46:08] [290/459] PLUS
[00:46:08] [291/459] MUCK
[00:46:09] [292/459] MTMA
[00:46:09] [293/459] HPVR
[00:46:10] [294/459] PMPK
[00:46:10] [295/459] MAJB
[00:46:11] [296/459] CTRR
[00:46:12] [297/459] MCTG
[00:46:12] [298/459] MACE
[00:46:12] [299/459] AAAS
[00:46:13] [300/459] CPVV
[00:46:14] [301/459] RCHG
[00:46:14] [302/459] MCNE
[00:46:15] [303/459] EMNC
[00:46:15] [304/459] MCAN
[00:46:15] [305/459] TCDM
[00:46:16] [306/459] IRGT
[00:46:17] [307/459] GCMG
[00:46:17] [308/459] MXSN
[00:46:18] [309/459] MXCK
[00:46:18] [310/459] MCRC
[00:46:19] [311/459] RSMI
[00:46:19] [312/459] WAML
[00:46:20] [313/459] MTSC
[00:46:20] [314/459] FMDR
[00:46:21] [315/459] LEPV
[00:46:21] [316/459] MTGD
[00:46:22] [317/459] IMOB
[00:46:22] [318/459] CLMM
[00:46:23] [319/459] PZCD
[00:46:24] [320/459] GOCS
[00:46:24] [321/459] KCMA
[00:46:25] [322/459] CCMP
[00:46:25] [323/459] MTSU
[00:46:26] [324/459] SNGL
[00:46:27] [325/459] MMMC
[00:46:27] [326/459] MMAA
[00:46:28] [327/459] GCDM
[00:46:29] [328/459] KTMV
[00:46:29] [329/459] AETE
[00:46:30] [330/459] OMCS
[00:46:30] [331/459] GDCD
[00:46:31] [332/459] NYMD
[00:46:32] [333/459] RNCV
[00:46:32] [334/459] KKMT
[00:46:33] [335/459] GDTH
[00:46:33] [336/459] KMMV
[00:46:34] [337/459] NHCG
[00:46:34] [338/459] PJDW
[00:46:35] [339/459] MMCV
[00:46:35] [340/459] FQSA
[00:46:36] [341/459] KURL
[00:46:36] [342/459] NNNX
[00:46:37] [343/459] AMAU
[00:46:37] [344/459] VVVM
[00:46:38] [345/459] VECU
[00:46:38] [346/459] WCVR
[00:46:39] [347/459] MTGG
[00:46:40] [348/459] SGTG
[00:46:40] [349/459] MNTG
[00:46:41] [350/459] JDDG
[00:46:41] [351/459] MBTK
[00:46:42] [352/459] SGCD
[00:46:42] [353/459] MCTC
[00:46:43] [354/459] JTPC
[00:46:44] [355/459] SDKT
[00:46:44] [356/459] KRCC
[00:46:45] [357/459] RMMD
[00:46:45] [358/459] AAME
[00:46:46] [359/459] TMWC
[00:46:46] [360/459] NRWY
[00:46:47] [361/459] CITD
[00:46:48] [362/459] VERD
[00:46:48] [363/459] MKSK
[00:46:49] [364/459] STSM
[00:46:50] [365/459] MJDG
[00:46:50] [366/459] RKPM
[00:46:51] [367/459] SSCE
[00:46:51] [368/459] VMAE
[00:46:52] [369/459] SBRU
[00:46:53] [370/459] AMBC
[00:46:53] [371/459] AMLU
[00:46:54] [372/459] INVZ
[00:46:55] [373/459] LGTV
[00:46:55] [374/459] SVAD
[00:46:56] [375/459] SMSA
[00:46:56] [376/459] SPCZ
[00:46:57] [377/459] GTCX
[00:46:58] [378/459] SCSL
[00:46:58] [379/459] SAHU
[00:46:59] [380/459] NCDA
[00:46:59] [381/459] SCCG
[00:47:00] [382/459] VKTL
[00:47:00] [383/459] PUUJ
[00:47:01] [384/459] STEJ
[00:47:01] [385/459] RJAL
[00:47:02] [386/459] ACJC
[00:47:03] [387/459] VTHC
[00:47:03] [388/459] ARVB
[00:47:04] [389/459] AUBB
[00:47:04] [390/459] GDBR
[00:47:05] [391/459] PVND
[00:47:06] [392/459] BGRJ
[00:47:06] [393/459] RJMM
[00:47:07] [394/459] MCSA
[00:47:07] [395/459] BODA
[00:47:08] [396/459] JAGG
[00:47:08] [397/459] SCGA
[00:47:09] [398/459] LRCM
[00:47:09] [399/459] CPCN
[00:47:10] [400/459] SSTF
[00:47:10] [401/459] SRXP
[00:47:11] [402/459] CNFX
[00:47:12] [403/459] ANDI
[00:47:12] [404/459] SYEW
[00:47:13] [405/459] RCRE
[00:47:13] [406/459] SCRW
[00:47:14] [407/459] MBKR
[00:47:14] [408/459] ASNT
[00:47:15] [409/459] JTMT
[00:47:15] [410/459] SHAY
[00:47:16] [411/459] VRTH
[00:47:16] [412/459] SPTI
[00:47:17] [413/459] DPTD
[00:47:17] [414/459] TGSN
[00:47:18] [415/459] RCWV
[00:47:18] [416/459] OCUR
[00:47:19] [417/459] KSTC
[00:47:20] [418/459] SANI
[00:47:20] [419/459] MLCA
[00:47:21] [420/459] EGCA
[00:47:21] [421/459] SYSN
[00:47:22] [422/459] PKTA
[00:47:22] [423/459] PRCC
[00:47:23] [424/459] KSTR
[00:47:23] [425/459] SNTP
[00:47:24] [426/459] RCHA
[00:47:24] [427/459] SEEA
[00:47:25] [428/459] ALAT
[00:47:25] [429/459] AATV
[00:47:26] [430/459] RJTE
[00:47:26] [431/459] AAPP
[00:47:27] [432/459] PMMH
[00:47:28] [433/459] INRJ
[00:47:28] [434/459] SARB
[00:47:29] [435/459] PCJL
[00:47:30] [436/459] PFJJ
[00:47:30] [437/459] GRDC
[00:47:31] [438/459] BCBA
[00:47:31] [439/459] VIXL
[00:47:32] [440/459] CSTL
[00:47:32] [441/459] MTDK
[00:47:33] [442/459] TDAC
[00:47:34] [443/459] GTDN
[00:47:35] [444/459] TTDE
[00:47:35] [445/459] ASTS
[00:47:35] [446/459] CPNS
[00:47:36] [447/459] PVVW
[00:47:37] [448/459] USEB
[00:47:37] [449/459] DTYN
[00:47:38] [450/459] PVLE
[00:47:38] [451/459] CIPS
[00:47:39] [452/459] PAEG
[00:47:39] [453/459] PTCW
[00:47:40] [454/459] G3SR
[00:47:40] [455/459] PGND
[00:47:41] [456/459] INVM
[00:47:41] [457/459] SPIA
[00:47:42] [458/459] PCSN
[00:47:42] [459/459] PPGV
[00:47:43] ✅ DONE | Shows=0 | Movies=0
[01:51:00] 🚀 BMS DAILY TRACKER STARTED
[01:51:00] [1/459] FNDB
[01:51:00] 🧠 New identity
[01:51:00] [2/459] AMBH
[01:51:01] [3/459] PRHN
[01:51:02] [4/459] ACPM
[01:51:03] [5/459] PVFS
[01:51:04] [6/459] AACN
[01:51:05] [7/459] ACAS
[01:51:06] [8/459] CTNR
[01:51:07] [9/459] MMAH
[01:51:08] [10/459] CPMH
[01:51:09] [11/459] IGMH
[01:51:10] [12/459] ABCS
[01:51:12] [13/459] CMMA
[01:51:13] [14/459] GPRH
[01:51:13] [15/459] PNNG
[01:51:14] [16/459] AMCA
[01:51:15] [17/459] ISTN
[01:51:17] [18/459] PIIC
[01:51:18] [19/459] AHMH
[01:51:19] [20/459] ASHN
[01:51:20] [21/459] INHY
[01:51:21] [22/459] SRMO
[01:51:22] [23/459] PIMH
[01:51:23] [24/459] PVTS
[01:51:25] [25/459] MMCA
[01:51:26] [26/459] AKYJ
[01:51:27] [27/459] BRKH
[01:51:28] [28/459] MAHM
[01:51:28] [29/459] CPHY
[01:51:29] [30/459] PVTP
[01:51:30] [31/459] SMMR
[01:51:31] [32/459] PVHM
[01:51:32] [33/459] SNDY
[01:51:33] [34/459] GOKU
[01:51:33] [35/459] ACEV
[01:51:34] [36/459] PVUM
[01:51:35] [37/459] VSWA
[01:51:36] [38/459] IPRS
[01:51:37] [39/459] ASGN
[01:51:38] [40/459] BKMV
[01:51:39] [41/459] PVYH
[01:51:40] [42/459] INKM
[01:51:40] [43/459] ARJU
[01:51:42] [44/459] JJPP
[01:51:43] [45/459] SSRM
[01:51:44] [46/459] HMHD
[01:51:45] [47/459] SNKH
[01:51:46] [48/459] ACHI
[01:51:48] [49/459] MRAA
[01:51:49] [50/459] INMH
[01:51:50] [51/459] ARMH
[01:51:50] [52/459] DVRR
[01:51:51] [53/459] SUDA
[01:51:52] [54/459] MCSS
[01:51:53] [55/459] VRKC
[01:51:53] [56/459] PRCX
[01:51:54] [57/459] ASJY
[01:51:55] [58/459] MTHY
[01:51:56] [59/459] SRCM
[01:51:57] [60/459] TVHY
[01:51:58] [61/459] STHD
[01:51:59] [62/459] CPCL
[01:51:59] [63/459] PSMJ
[01:52:01] [64/459] MRGT
[01:52:02] [65/459] ARYH
[01:52:03] [66/459] VTRB
[01:52:04] [67/459] SCHC
[01:52:04] [68/459] MRRG
[01:52:05] [69/459] SPCB
[01:52:06] [70/459] AMCM
[01:52:07] [71/459] IVNM
[01:52:08] [72/459] TRHY
[01:52:08] [73/459] PTTH
[01:52:09] [74/459] RKMH
[01:52:10] [75/459] PRCS
[01:52:11] [76/459] VAJA
[01:52:12] [77/459] BJNG
[01:52:13] [78/459] SCVM
[01:52:13] [79/459] GNHB
[01:52:14] [80/459] TLUR
[01:52:16] [81/459] UKCC
[01:52:17] [82/459] SRKR
[01:52:18] [83/459] RMKN
[01:52:19] [84/459] SLRT
[01:52:20] [85/459] LKMT
[01:52:21] [86/459] SSRJ
[01:52:22] [87/459] SPHT
[01:52:23] [88/459] ANTT
[01:52:24] [89/459] SRCH
[01:52:25] [90/459] SRCA
[01:52:26] [91/459] ARTH
[01:52:26] [92/459] MCBH
[01:52:27] [93/459] SNIB
[01:52:28] [94/459] SART
[01:52:29] [95/459] SKTA
[01:52:31] [96/459] YAKT
[01:52:31] [97/459] MLCK
[01:52:32] [98/459] ANTS
[01:52:33] [99/459] DGCA
[01:52:34] [100/459] SGMP
[01:52:35] [101/459] ASWN
[01:52:36] [102/459] KFVU
[01:52:36] [103/459] POOR
[01:52:37] [104/459] GKDN
[01:52:38] [105/459] EOSE
[01:52:39] [106/459] GTTT
[01:52:39] [107/459] ARRO
[01:52:40] [108/459] CMMK
[01:52:41] [109/459] MSCN
[01:52:43] [110/459] GDKH
[01:52:44] [111/459] DLMT
[01:52:44] [112/459] PVMF
[01:52:46] [113/459] CPCK
[01:52:47] [114/459] VMHE
[01:52:47] [115/459] PVLC
[01:52:49] [116/459] PCVB
[01:52:50] [117/459] SNYK
[01:52:51] [118/459] KTEK
[01:52:51] [119/459] PCNM
[01:52:52] [120/459] NTTR
[01:52:53] [121/459] CPSK
[01:52:54] [122/459] JMMA
[01:52:54] [123/459] GCFK
[01:52:55] [124/459] MYCA
[01:52:56] [125/459] KSNP
[01:52:57] [126/459] PMCE
[01:52:58] [127/459] SCKI
[01:52:59] [128/459] FSMA
[01:53:01] [129/459] CETA
[01:53:02] [130/459] MCIK
[01:53:03] [131/459] MYCR
[01:53:04] [132/459] EVMP
[01:53:04] [133/459] SSGT
[01:53:05] [134/459] KCTK
[01:53:06] [135/459] ZTKC
[01:53:07] [136/459] MMTA
[01:53:08] [137/459] MAJT
[01:53:09] [138/459] ACPK
[01:53:09] [139/459] JMAX
[01:53:11] [140/459] SETK
[01:53:12] [141/459] CAIS
[01:53:13] [142/459] AGCD
[01:53:14] [143/459] URCL
[01:53:14] [144/459] VTDS
[01:53:15] [145/459] JCNM
[01:53:16] [146/459] KCAM
[01:53:17] [147/459] ADCU
[01:53:18] [148/459] GXYN
[01:53:18] [149/459] SMJG
[01:53:19] [150/459] EYCJ
[01:53:20] [151/459] CCEJ
[01:53:21] [152/459] MARS
[01:53:22] [153/459] CPVJ
[01:53:23] [154/459] INVP
[01:53:24] [155/459] CPOV
[01:53:25] [156/459] VIJK
[01:53:26] [157/459] LAIM
[01:53:27] [158/459] STHV
[01:53:28] [159/459] SVLJ
[01:53:28] [160/459] ATVJ
[01:53:29] [161/459] JTSC
[01:53:30] [162/459] RMTV
[01:53:31] [163/459] MGGG
[01:53:32] [164/459] SWTH
[01:53:33] [165/459] INVJ
[01:53:33] [166/459] PRSV
[01:53:34] [167/459] JATV
[01:53:35] [168/459] RCVD
[01:53:36] [169/459] BDMA
[01:53:37] [170/459] BLJI
[01:53:37] [171/459] SWOT
[01:53:38] [172/459] SWRN
[01:53:39] [173/459] TVRA
[01:53:40] [174/459] VCSV
[01:53:40] [175/459] NVRN
[01:53:41] [176/459] SIKC
[01:53:43] [177/459] VAKR
[01:53:44] [178/459] SYLN
[01:53:45] [179/459] KLJL
[01:53:45] [180/459] LKMY
[01:53:46] [181/459] VSLY
[01:53:47] [182/459] CIKO
[01:53:48] [183/459] GPBG
[01:53:49] [184/459] CECM
[01:53:49] [185/459] SLKB
[01:53:50] [186/459] MTBO
[01:53:51] [187/459] SSHB
[01:53:52] [188/459] VPCS
[01:53:53] [189/459] RCSR
[01:53:53] [190/459] RJRM
[01:53:54] [191/459] KPPB
[01:53:55] [192/459] SEDC
[01:53:56] [193/459] SCAI
[01:53:57] [194/459] RMTR
[01:53:58] [195/459] ASST
[01:53:59] [196/459] GCAK
[01:53:59] [197/459] ANNK
[01:54:00] [198/459] KDDF
[01:54:01] [199/459] NRDP
[01:54:02] [200/459] PLAK
[01:54:03] [201/459] GCMC
[01:54:04] [202/459] ALPY
[01:54:04] [203/459] SICE
[01:54:05] [204/459] SISR
[01:54:06] [205/459] SRPZ
[01:54:07] [206/459] SRSW
[01:54:08] [207/459] SUYA
[01:54:10] [208/459] AMMT
[01:54:11] [209/459] BHCU
[01:54:11] [210/459] KLPA
[01:54:13] [211/459] NVKH
[01:54:14] [212/459] JMRC
[01:54:15] [213/459] KTTT
[01:54:15] [214/459] MAGH
[01:54:17] [215/459] MMMX
[01:54:18] [216/459] SALJ
[01:54:19] [217/459] GTJA
[01:54:20] [218/459] MAHT
[01:54:21] [219/459] SSNN
[01:54:22] [220/459] ARRP
[01:54:23] [221/459] ATNS
[01:54:24] [222/459] SKDT
[01:54:24] [223/459] ACAT
[01:54:25] [224/459] APRC
[01:54:26] [225/459] SWAG
[01:54:27] [226/459] SDPT
[01:54:28] [227/459] STPS
[01:54:29] [228/459] WWCZ
[01:54:29] [229/459] LLCH
[01:54:31] [230/459] MZHA
[01:54:32] [231/459] CRJG
[01:54:32] [232/459] JGTK
[01:54:33] [233/459] KCSR
[01:54:34] [234/459] CHTL
[01:54:35] [235/459] EDSR
[01:54:36] [236/459] CSWO
[01:54:37] [237/459] CPVM
[01:54:38] [238/459] MXBY
[01:54:39] [239/459] FMMA
[01:54:40] [240/459] POVI
[01:54:41] [241/459] MTHB
[01:54:42] [242/459] INRC
[01:54:43] [243/459] PIPP
[01:54:44] [244/459] BMXC
[01:54:44] [245/459] PCMM
[01:54:45] [246/459] PMKM
[01:54:46] [247/459] GATY
[01:54:48] [248/459] IMCM
[01:54:49] [249/459] POPE
[01:54:50] [250/459] MTCR
[01:54:51] [251/459] PVAE
[01:54:52] [252/459] PVMI
[01:54:53] [253/459] CPNM
[01:54:54] [254/459] FMRL
[01:54:56] [255/459] MCIW
[01:54:56] [256/459] MXBO
[01:54:57] [257/459] FMKY
[01:54:58] [258/459] FMDA
[01:54:59] [259/459] THAB
[01:55:00] [260/459] PRCW
[01:55:01] [261/459] PITI
[01:55:01] [262/459] MCFF
[01:55:02] [263/459] PDDV
[01:55:03] [264/459] MCRM
[01:55:03] [265/459] KKMB
[01:55:04] [266/459] INKO
[01:55:06] [267/459] PLXP
[01:55:07] [268/459] MMHA
[01:55:08] [269/459] FMVS
[01:55:10] [270/459] POLM
[01:55:11] [271/459] STER
[01:55:11] [272/459] PVWJ
[01:55:13] [273/459] IMJW
[01:55:14] [274/459] FNAN
[01:55:14] [275/459] CAGL
[01:55:15] [276/459] IPBG
[01:55:16] [277/459] SMFV
[01:55:17] [278/459] MMMR
[01:55:18] [279/459] MMWM
[01:55:19] [280/459] FNCM
[01:55:20] [281/459] MDVA
[01:55:21] [282/459] MMET
[01:55:23] [283/459] MIDO
[01:55:24] [284/459] INNP
[01:55:25] [285/459] MIFU
[01:55:27] [286/459] MMSZ
[01:55:29] [287/459] BMXA
[01:55:30] [288/459] MCAA
[01:55:30] [289/459] SCVP
[01:55:31] [290/459] PLUS
[01:55:32] [291/459] MUCK
[01:55:33] [292/459] MTMA
[01:55:34] [293/459] HPVR
[01:55:35] [294/459] PMPK
[01:55:37] [295/459] MAJB
[01:55:38] [296/459] CTRR
[01:55:38] [297/459] MCTG
[01:55:39] [298/459] MACE
[01:55:40] [299/459] AAAS
[01:55:41] [300/459] CPVV
[01:55:41] [301/459] RCHG
[01:55:42] [302/459] MCNE
[01:55:44] [303/459] EMNC
[01:55:44] [304/459] MCAN
[01:55:45] [305/459] TCDM
[01:55:46] [306/459] IRGT
[01:55:47] [307/459] GCMG
[01:55:48] [308/459] MXSN
[01:55:49] [309/459] MXCK
[01:55:50] [310/459] MCRC
[01:55:51] [311/459] RSMI
[01:55:51] [312/459] WAML
[01:55:52] [313/459] MTSC
[01:55:53] [314/459] FMDR
[01:55:54] [315/459] LEPV
[01:55:54] [316/459] MTGD
[01:55:56] [317/459] IMOB
[01:55:57] [318/459] CLMM
[01:55:57] [319/459] PZCD
[01:55:58] [320/459] GOCS
[01:55:59] [321/459] KCMA
[01:56:00] [322/459] CCMP
[01:56:01] [323/459] MTSU
[01:56:02] [324/459] SNGL
[01:56:03] [325/459] MMMC
[01:56:03] [326/459] MMAA
[01:56:04] [327/459] GCDM
[01:56:05] [328/459] KTMV
[01:56:06] [329/459] AETE
[01:56:06] [330/459] OMCS
[01:56:08] [331/459] GDCD
[01:56:09] [332/459] NYMD
[01:56:09] [333/459] RNCV
[01:56:10] [334/459] KKMT
[01:56:12] [335/459] GDTH
[01:56:12] [336/459] KMMV
[01:56:13] [337/459] NHCG
[01:56:14] [338/459] PJDW
[01:56:15] [339/459] MMCV
[01:56:16] [340/459] FQSA
[01:56:17] [341/459] KURL
[01:56:18] [342/459] NNNX
[01:56:19] [343/459] AMAU
[01:56:19] [344/459] VVVM
[01:56:20] [345/459] VECU
[01:56:21] [346/459] WCVR
[01:56:22] [347/459] MTGG
[01:56:22] [348/459] SGTG
[01:56:23] [349/459] MNTG
[01:56:24] [350/459] JDDG
[01:56:25] [351/459] MBTK
[01:56:26] [352/459] SGCD
[01:56:27] [353/459] MCTC
[01:56:28] [354/459] JTPC
[01:56:28] [355/459] SDKT
[01:56:29] [356/459] KRCC
[01:56:30] [357/459] RMMD
[01:56:31] [358/459] AAME
[01:56:32] [359/459] TMWC
[01:56:32] [360/459] NRWY
[01:56:33] [361/459] CITD
[01:56:34] [362/459] VERD
[01:56:35] [363/459] MKSK
[01:56:36] [364/459] STSM
[01:56:37] [365/459] MJDG
[01:56:38] [366/459] RKPM
[01:56:39] [367/459] SSCE
[01:56:40] [368/459] VMAE
[01:56:41] [369/459] SBRU
[01:56:42] [370/459] AMBC
[01:56:43] [371/459] AMLU
[01:56:43] [372/459] INVZ
[01:56:44] [373/459] LGTV
[01:56:45] [374/459] SVAD
[01:56:46] [375/459] SMSA
[01:56:47] [376/459] SPCZ
[01:56:48] [377/459] GTCX
[01:56:49] [378/459] SCSL
[01:56:49] [379/459] SAHU
[01:56:50] [380/459] NCDA
[01:56:51] [381/459] SCCG
[01:56:52] [382/459] VKTL
[01:56:53] [383/459] PUUJ
[01:56:53] [384/459] STEJ
[01:56:54] [385/459] RJAL
[01:56:55] [386/459] ACJC
[01:56:56] [387/459] VTHC
[01:56:57] [388/459] ARVB
[01:56:58] [389/459] AUBB
[01:56:59] [390/459] GDBR
[01:56:59] [391/459] PVND
[01:57:00] [392/459] BGRJ
[01:57:01] [393/459] RJMM
[01:57:02] [394/459] MCSA
[01:57:03] [395/459] BODA
[01:57:03] [396/459] JAGG
[01:57:04] [397/459] SCGA
[01:57:05] [398/459] LRCM
[01:57:06] [399/459] CPCN
[01:57:06] [400/459] SSTF
[01:57:07] [401/459] SRXP
[01:57:08] [402/459] CNFX
[01:57:08] [403/459] ANDI
[01:57:09] [404/459] SYEW
[01:57:11] [405/459] RCRE
[01:57:11] [406/459] SCRW
[01:57:12] [407/459] MBKR
[01:57:13] [408/459] ASNT
[01:57:14] [409/459] JTMT
[01:57:15] [410/459] SHAY
[01:57:16] [411/459] VRTH
[01:57:17] [412/459] SPTI
[01:57:18] [413/459] DPTD
[01:57:20] [414/459] TGSN
[01:57:21] [415/459] RCWV
[01:57:22] [416/459] OCUR
[01:57:23] [417/459] KSTC
[01:57:24] [418/459] SANI
[01:57:25] [419/459] MLCA
[01:57:26] [420/459] EGCA
[01:57:27] [421/459] SYSN
[01:57:28] [422/459] PKTA
[01:57:29] [423/459] PRCC
[01:57:30] [424/459] KSTR
[01:57:30] [425/459] SNTP
[01:57:32] [426/459] RCHA
[01:57:33] [427/459] SEEA
[01:57:33] [428/459] ALAT
[01:57:34] [429/459] AATV
[01:57:35] [430/459] RJTE
[01:57:37] [431/459] AAPP
[01:57:38] [432/459] PMMH
[01:57:39] [433/459] INRJ
[01:57:40] [434/459] SARB
[01:57:40] [435/459] PCJL
[01:57:41] [436/459] PFJJ
[01:57:43] [437/459] GRDC
[01:57:43] [438/459] BCBA
[01:57:44] [439/459] VIXL
[01:57:45] [440/459] CSTL
[01:57:46] [441/459] MTDK
[01:57:47] [442/459] TDAC
[01:57:48] [443/459] GTDN
[01:57:49] [444/459] TTDE
[01:57:50] [445/459] ASTS
[01:57:51] [446/459] CPNS
[01:57:52] [447/459] PVVW
[01:57:52] [448/459] USEB
[01:57:53] [449/459] DTYN
[01:57:55] [450/459] PVLE
[01:57:56] [451/459] CIPS
[01:57:57] [452/459] PAEG
[01:57:57] [453/459] PTCW
[01:57:58] [454/459] G3SR
[01:57:59] [455/459] PGND
[01:58:00] [456/459] INVM
[01:58:01] [457/459] SPIA
[01:58:02] [458/459] PCSN
[01:58:03] [459/459] PPGV
[01:58:03] ✅ DONE | Shows=0 | Movies=0
