[00:44:03] 🚀 BMS DAILY TRACKER STARTED
[00:44:03] [1/324] GCTA
[00:44:03] 🧠 New identity
[00:44:04] [2/324] TOPN
[00:44:04] [3/324] MCUS
[00:44:05] [4/324] SHRL
[00:44:07] [5/324] UPTP
[00:44:08] [6/324] TMMP
[00:44:08] [7/324] DNRP
[00:44:09] [8/324] SRLT
[00:44:10] [9/324] RCNS
[00:44:11] [10/324] DCBH
[00:44:12] [11/324] NAGJ
[00:44:12] [12/324] JVRC
[00:44:13] [13/324] KRJG
[00:44:14] [14/324] SRTJ
[00:44:15] [15/324] CMXM
[00:44:16] [16/324] STMI
[00:44:17] [17/324] SLST
[00:44:18] [18/324] DTCN
[00:44:19] [19/324] STYN
[00:44:20] [20/324] SZVR
[00:44:21] [21/324] SRKO
[00:44:21] [22/324] JTGT
[00:44:23] [23/324] SVFD
[00:44:24] [24/324] SISD
[00:44:24] [25/324] ABDD
[00:44:25] [26/324] DRCA
[00:44:26] [27/324] AVCS
[00:44:27] [28/324] MVKH
[00:44:28] [29/324] ACPR
[00:44:29] [30/324] STIP
[00:44:30] [31/324] MTRA
[00:44:30] [32/324] RMKH
[00:44:32] [33/324] NKRL
[00:44:33] [34/324] PCWN
[00:44:34] [35/324] BLMT
[00:44:34] [36/324] GDPG
[00:44:35] [37/324] SRMX
[00:44:36] [38/324] JACP
[00:44:37] [39/324] CPSH
[00:44:38] [40/324] MCCD
[00:44:39] [41/324] ECGH
[00:44:40] [42/324] MKCK
[00:44:40] [43/324] SRMM
[00:44:41] [44/324] SKYR
[00:44:42] [45/324] PCKC
[00:44:43] [46/324] JCMA
[00:44:44] [47/324] BSMP
[00:44:45] [48/324] VSPA
[00:44:46] [49/324] DJYA
[00:44:47] [50/324] DIMP
[00:44:47] [51/324] FXDR
[00:44:48] [52/324] SSRC
[00:44:49] [53/324] STHP
[00:44:49] [54/324] CPPD
[00:44:50] [55/324] FCLK
[00:44:51] [56/324] SCPP
[00:44:52] [57/324] DCMJ
[00:44:52] [58/324] RCCR
[00:44:53] [59/324] INMT
[00:44:54] [60/324] LXTK
[00:44:55] [61/324] SRYK
[00:44:56] [62/324] SGDK
[00:44:57] [63/324] PPKA
[00:44:57] [64/324] SPKA
[00:44:58] [65/324] CGHH
[00:44:59] [66/324] DCJN
[00:45:00] [67/324] SRKV
[00:45:01] [68/324] SAJC
[00:45:02] [69/324] SUSR
[00:45:03] [70/324] STYG
[00:45:04] [71/324] NTKP
[00:45:04] [72/324] AKTG
[00:45:05] [73/324] CGCM
[00:45:07] [74/324] TULC
[00:45:08] [75/324] NYYZ
[00:45:09] [76/324] NYBW
[00:45:10] [77/324] MACB
[00:45:10] [78/324] SLVT
[00:45:12] [79/324] SANA
[00:45:13] [80/324] ACMR
[00:45:14] [81/324] CPKN
[00:45:15] [82/324] DLGK
[00:45:16] [83/324] CWCK
[00:45:17] [84/324] FDDH
[00:45:18] [85/324] MMMD
[00:45:18] [86/324] CMEH
[00:45:19] [87/324] GGGV
[00:45:20] [88/324] SPJL
[00:45:21] [89/324] RCCD
[00:45:22] [90/324] STTZ
[00:45:23] [91/324] BTCF
[00:45:23] [92/324] TSTZ
[00:45:24] [93/324] IPMM
[00:45:25] [94/324] PMPW
[00:45:26] [95/324] PCMZ
[00:45:27] [96/324] ESEM
[00:45:28] [97/324] PIPO
[00:45:29] [98/324] MATK
[00:45:30] [99/324] PGHM
[00:45:30] [100/324] CTSR
[00:45:31] [101/324] CYKR
[00:45:32] [102/324] MSCM
[00:45:33] [103/324] RFNP
[00:45:34] [104/324] PDCP
[00:45:35] [105/324] NPSE
[00:45:36] [106/324] MKML
[00:45:37] [107/324] FTDP
[00:45:38] [108/324] MMXA
[00:45:39] [109/324] CEPO
[00:45:41] [110/324] CMVP
[00:45:42] [111/324] SGTH
[00:45:43] [112/324] SAYN
[00:45:44] [113/324] URVS
[00:45:45] [114/324] VJTN
[00:45:45] [115/324] BBYK
[00:45:46] [116/324] SHBO
[00:45:47] [117/324] VCMR
[00:45:48] [118/324] MACT
[00:45:49] [119/324] JMNP
[00:45:50] [120/324] VICS
[00:45:51] [121/324] VCDA
[00:45:52] [122/324] GCMM
[00:45:53] [123/324] INVS
[00:45:54] [124/324] SCGM
[00:45:56] [125/324] PCDA
[00:45:56] [126/324] KDCT
[00:45:57] [127/324] JACS
[00:45:58] [128/324] GMMC
[00:45:59] [129/324] AICM
[00:46:00] [130/324] TJCM
[00:46:01] [131/324] RMTI
[00:46:01] [132/324] SHAC
[00:46:02] [133/324] APJC
[00:46:03] [134/324] GCTG
[00:46:04] [135/324] SSMC
[00:46:05] [136/324] THRM
[00:46:05] [137/324] RBCT
[00:46:07] [138/324] DIKT
[00:46:08] [139/324] MIDL
[00:46:09] [140/324] VCSN
[00:46:09] [141/324] SKTG
[00:46:10] [142/324] SMWC
[00:46:11] [143/324] MNKH
[00:46:12] [144/324] PIAT
[00:46:13] [145/324] LTTP
[00:46:14] [146/324] PTPU
[00:46:14] [147/324] ACMG
[00:46:15] [148/324] SHMM
[00:46:16] [149/324] MCMN
[00:46:17] [150/324] GLDC
[00:46:18] [151/324] HOUT
[00:46:19] [152/324] SVRP
[00:46:20] [153/324] PVDN
[00:46:20] [154/324] SCPY
[00:46:21] [155/324] DTPY
[00:46:23] [156/324] GKCS
[00:46:25] [157/324] NCAM
[00:46:25] [158/324] BSRM
[00:46:27] [159/324] RCLC
[00:46:28] [160/324] SKKD
[00:46:30] [161/324] ACHU
[00:46:31] [162/324] RSCF
[00:46:32] [163/324] IMSH
[00:46:32] [164/324] MACX
[00:46:33] [165/324] HMMW
[00:46:34] [166/324] JTCP
[00:46:35] [167/324] SREN
[00:46:35] [168/324] PJRR
[00:46:36] [169/324] INAC
[00:46:37] [170/324] BMCA
[00:46:38] [171/324] SHCB
[00:46:39] [172/324] GABA
[00:46:39] [173/324] SBCT
[00:46:40] [174/324] GCMA
[00:46:41] [175/324] MYTK
[00:46:42] [176/324] INZS
[00:46:43] [177/324] RMIK
[00:46:44] [178/324] NYCH
[00:46:45] [179/324] RAVE
[00:46:46] [180/324] PSXM
[00:46:46] [181/324] MCGP
[00:46:47] [182/324] PDDK
[00:46:48] [183/324] SPCK
[00:46:49] [184/324] MCRL
[00:46:50] [185/324] MHKT
[00:46:51] [186/324] ANRR
[00:46:52] [187/324] SAPK
[00:46:52] [188/324] NCUK
[00:46:53] [189/324] JUGA
[00:46:54] [190/324] DBSC
[00:46:55] [191/324] LALK
[00:46:56] [192/324] GUCK
[00:46:56] [193/324] STSG
[00:46:57] [194/324] PPPZ
[00:46:58] [195/324] CNCY
[00:46:59] [196/324] MTAR
[00:47:00] [197/324] VNKD
[00:47:01] [198/324] KMAJ
[00:47:02] [199/324] ACXK
[00:47:03] [200/324] UTKC
[00:47:04] [201/324] PBLK
[00:47:05] [202/324] ACBX
[00:47:06] [203/324] PTGM
[00:47:07] [204/324] BTDA
[00:47:08] [205/324] PJMB
[00:47:08] [206/324] TPDA
[00:47:09] [207/324] AMOE
[00:47:10] [208/324] PRHT
[00:47:11] [209/324] PRTA
[00:47:12] [210/324] STAM
[00:47:12] [211/324] MSAA
[00:47:13] [212/324] SDLU
[00:47:14] [213/324] RCHH
[00:47:15] [214/324] KANT
[00:47:16] [215/324] FCRT
[00:47:16] [216/324] DNKM
[00:47:17] [217/324] RYCP
[00:47:18] [218/324] MYRP
[00:47:19] [219/324] PPAK
[00:47:20] [220/324] NVPK
[00:47:21] [221/324] PRMC
[00:47:22] [222/324] JBCS
[00:47:23] [223/324] GXCK
[00:47:24] [224/324] USKO
[00:47:24] [225/324] GTEM
[00:47:25] [226/324] SMBU
[00:47:26] [227/324] VETC
[00:47:27] [228/324] LCDA
[00:47:28] [229/324] MTVT
[00:47:28] [230/324] PYCP
[00:47:29] [231/324] PNSC
[00:47:30] [232/324] PPCC
[00:47:31] [233/324] TGRT
[00:47:32] [234/324] JYOT
[00:47:32] [235/324] SRCZ
[00:47:33] [236/324] SJTE
[00:47:34] [237/324] DESC
[00:47:35] [238/324] JHVN
[00:47:36] [239/324] IPSG
[00:47:36] [240/324] IPCM
[00:47:37] [241/324] PDRS
[00:47:38] [242/324] ANCV
[00:47:39] [243/324] CMVV
[00:47:40] [244/324] SHYP
[00:47:40] [245/324] DNCS
[00:47:41] [246/324] GAJK
[00:47:42] [247/324] AKTN
[00:47:43] [248/324] KAYA
[00:47:43] [249/324] SBRC
[00:47:44] [250/324] CHTP
[00:47:45] [251/324] SHRT
[00:47:46] [252/324] BCKU
[00:47:46] [253/324] FCPS
[00:47:47] [254/324] ARDD
[00:47:48] [255/324] CPCM
[00:47:49] [256/324] CGSM
[00:47:50] [257/324] PSMP
[00:47:50] [258/324] SDAL
[00:47:51] [259/324] RTNB
[00:47:52] [260/324] LMCR
[00:47:53] [261/324] CIMA
[00:47:54] [262/324] RNAS
[00:47:54] [263/324] LITH
[00:47:55] [264/324] PBOX
[00:47:56] [265/324] FRTS
[00:47:57] [266/324] RKIC
[00:47:59] [267/324] PTAI
[00:48:00] [268/324] GCIC
[00:48:02] [269/324] FNAS
[00:48:02] [270/324] SCAR
[00:48:03] [271/324] MTCA
[00:48:04] [272/324] SCTS
[00:48:05] [273/324] SYCS
[00:48:06] [274/324] RDMS
[00:48:07] [275/324] KAMP
[00:48:08] [276/324] ERSD
[00:48:09] [277/324] MJMJ
[00:48:10] [278/324] SRCJ
[00:48:11] [279/324] SCXE
[00:48:12] [280/324] SVFR
[00:48:13] [281/324] BHCS
[00:48:14] [282/324] IMCC
[00:48:15] [283/324] PCBO
[00:48:16] [284/324] PRVN
[00:48:17] [285/324] AUPM
[00:48:18] [286/324] INBW
[00:48:19] [287/324] SVCW
[00:48:20] [288/324] RKCF
[00:48:20] [289/324] UVBH
[00:48:21] [290/324] DNCY
[00:48:23] [291/324] ABCN
[00:48:24] [292/324] PRUR
[00:48:25] [293/324] PFMR
[00:48:25] [294/324] RKCN
[00:48:26] [295/324] CFEA
[00:48:27] [296/324] SDBG
[00:48:28] [297/324] SNAR
[00:48:29] [298/324] YISI
[00:48:30] [299/324] JCFF
[00:48:31] [300/324] VTRK
[00:48:32] [301/324] PCLZ
[00:48:32] [302/324] DIMY
[00:48:34] [303/324] BBTS
[00:48:35] [304/324] GATH
[00:48:36] [305/324] GTMN
[00:48:36] [306/324] VTMH
[00:48:37] [307/324] CCKP
[00:48:38] [308/324] GPKA
[00:48:39] [309/324] MHCL
[00:48:39] [310/324] ATCL
[00:48:40] [311/324] SBCK
[00:48:41] [312/324] AMMR
[00:48:42] [313/324] MADC
[00:48:43] [314/324] TMMA
[00:48:44] [315/324] CACC
[00:48:45] [316/324] CHAL
[00:48:45] [317/324] DURG
[00:48:46] [318/324] GMKU
[00:48:47] [319/324] GECA
[00:48:47] [320/324] KYRR
[00:48:48] [321/324] KSDE
[00:48:49] [322/324] LMCI
[00:48:50] [323/324] NKCP
[00:48:51] [324/324] BGTC
[00:48:52] ✅ DONE | Shows=0 | Movies=0
[01:52:05] 🚀 BMS DAILY TRACKER STARTED
[01:52:05] [1/324] GCTA
[01:52:05] 🧠 New identity
[01:52:06] [2/324] TOPN
[01:52:07] [3/324] MCUS
[01:52:08] [4/324] SHRL
[01:52:09] [5/324] UPTP
[01:52:10] [6/324] TMMP
[01:52:11] [7/324] DNRP
[01:52:13] [8/324] SRLT
[01:52:13] [9/324] RCNS
[01:52:14] [10/324] DCBH
[01:52:16] [11/324] NAGJ
[01:52:17] [12/324] JVRC
[01:52:17] [13/324] KRJG
[01:52:18] [14/324] SRTJ
[01:52:19] [15/324] CMXM
[01:52:20] [16/324] STMI
[01:52:21] [17/324] SLST
[01:52:21] [18/324] DTCN
[01:52:22] [19/324] STYN
[01:52:24] [20/324] SZVR
[01:52:25] [21/324] SRKO
[01:52:25] [22/324] JTGT
[01:52:26] [23/324] SVFD
[01:52:27] [24/324] SISD
[01:52:28] [25/324] ABDD
[01:52:29] [26/324] DRCA
[01:52:29] [27/324] AVCS
[01:52:30] [28/324] MVKH
[01:52:31] [29/324] ACPR
[01:52:32] [30/324] STIP
[01:52:33] [31/324] MTRA
[01:52:33] [32/324] RMKH
[01:52:35] [33/324] NKRL
[01:52:36] [34/324] PCWN
[01:52:37] [35/324] BLMT
[01:52:38] [36/324] GDPG
[01:52:39] [37/324] SRMX
[01:52:40] [38/324] JACP
[01:52:41] [39/324] CPSH
[01:52:42] [40/324] MCCD
[01:52:42] [41/324] ECGH
[01:52:43] [42/324] MKCK
[01:52:44] [43/324] SRMM
[01:52:45] [44/324] SKYR
[01:52:46] [45/324] PCKC
[01:52:47] [46/324] JCMA
[01:52:48] [47/324] BSMP
[01:52:49] [48/324] VSPA
[01:52:49] [49/324] DJYA
[01:52:50] [50/324] DIMP
[01:52:51] [51/324] FXDR
[01:52:52] [52/324] SSRC
[01:52:53] [53/324] STHP
[01:52:54] [54/324] CPPD
[01:52:55] [55/324] FCLK
[01:52:56] [56/324] SCPP
[01:52:57] [57/324] DCMJ
[01:52:59] [58/324] RCCR
[01:53:01] [59/324] INMT
[01:53:01] [60/324] LXTK
[01:53:02] [61/324] SRYK
[01:53:03] [62/324] SGDK
[01:53:04] [63/324] PPKA
[01:53:05] [64/324] SPKA
[01:53:06] [65/324] CGHH
[01:53:07] [66/324] DCJN
[01:53:08] [67/324] SRKV
[01:53:09] [68/324] SAJC
[01:53:10] [69/324] SUSR
[01:53:11] [70/324] STYG
[01:53:11] [71/324] NTKP
[01:53:12] [72/324] AKTG
[01:53:13] [73/324] CGCM
[01:53:14] [74/324] TULC
[01:53:15] [75/324] NYYZ
[01:53:16] [76/324] NYBW
[01:53:17] [77/324] MACB
[01:53:18] [78/324] SLVT
[01:53:19] [79/324] SANA
[01:53:21] [80/324] ACMR
[01:53:22] [81/324] CPKN
[01:53:22] [82/324] DLGK
[01:53:23] [83/324] CWCK
[01:53:24] [84/324] FDDH
[01:53:25] [85/324] MMMD
[01:53:26] [86/324] CMEH
[01:53:26] [87/324] GGGV
[01:53:27] [88/324] SPJL
[01:53:28] [89/324] RCCD
[01:53:29] [90/324] STTZ
[01:53:30] [91/324] BTCF
[01:53:31] [92/324] TSTZ
[01:53:32] [93/324] IPMM
[01:53:32] [94/324] PMPW
[01:53:33] [95/324] PCMZ
[01:53:34] [96/324] ESEM
[01:53:35] [97/324] PIPO
[01:53:36] [98/324] MATK
[01:53:36] [99/324] PGHM
[01:53:37] [100/324] CTSR
[01:53:38] [101/324] CYKR
[01:53:39] [102/324] MSCM
[01:53:40] [103/324] RFNP
[01:53:41] [104/324] PDCP
[01:53:42] [105/324] NPSE
[01:53:42] [106/324] MKML
[01:53:43] [107/324] FTDP
[01:53:44] [108/324] MMXA
[01:53:45] [109/324] CEPO
[01:53:45] [110/324] CMVP
[01:53:46] [111/324] SGTH
[01:53:47] [112/324] SAYN
[01:53:48] [113/324] URVS
[01:53:48] [114/324] VJTN
[01:53:49] [115/324] BBYK
[01:53:50] [116/324] SHBO
[01:53:51] [117/324] VCMR
[01:53:52] [118/324] MACT
[01:53:53] [119/324] JMNP
[01:53:54] [120/324] VICS
[01:53:55] [121/324] VCDA
[01:53:57] [122/324] GCMM
[01:53:58] [123/324] INVS
[01:53:59] [124/324] SCGM
[01:53:59] [125/324] PCDA
[01:54:00] [126/324] KDCT
[01:54:01] [127/324] JACS
[01:54:02] [128/324] GMMC
[01:54:03] [129/324] AICM
[01:54:04] [130/324] TJCM
[01:54:05] [131/324] RMTI
[01:54:06] [132/324] SHAC
[01:54:07] [133/324] APJC
[01:54:08] [134/324] GCTG
[01:54:09] [135/324] SSMC
[01:54:10] [136/324] THRM
[01:54:10] [137/324] RBCT
[01:54:11] [138/324] DIKT
[01:54:12] [139/324] MIDL
[01:54:14] [140/324] VCSN
[01:54:14] [141/324] SKTG
[01:54:15] [142/324] SMWC
[01:54:16] [143/324] MNKH
[01:54:17] [144/324] PIAT
[01:54:18] [145/324] LTTP
[01:54:19] [146/324] PTPU
[01:54:20] [147/324] ACMG
[01:54:20] [148/324] SHMM
[01:54:22] [149/324] MCMN
[01:54:23] [150/324] GLDC
[01:54:24] [151/324] HOUT
[01:54:25] [152/324] SVRP
[01:54:26] [153/324] PVDN
[01:54:27] [154/324] SCPY
[01:54:28] [155/324] DTPY
[01:54:29] [156/324] GKCS
[01:54:29] [157/324] NCAM
[01:54:30] [158/324] BSRM
[01:54:31] [159/324] RCLC
[01:54:32] [160/324] SKKD
[01:54:33] [161/324] ACHU
[01:54:34] [162/324] RSCF
[01:54:35] [163/324] IMSH
[01:54:36] [164/324] MACX
[01:54:38] [165/324] HMMW
[01:54:39] [166/324] JTCP
[01:54:39] [167/324] SREN
[01:54:40] [168/324] PJRR
[01:54:41] [169/324] INAC
[01:54:41] [170/324] BMCA
[01:54:42] [171/324] SHCB
[01:54:43] [172/324] GABA
[01:54:44] [173/324] SBCT
[01:54:44] [174/324] GCMA
[01:54:46] [175/324] MYTK
[01:54:47] [176/324] INZS
[01:54:48] [177/324] RMIK
[01:54:49] [178/324] NYCH
[01:54:49] [179/324] RAVE
[01:54:51] [180/324] PSXM
[01:54:52] [181/324] MCGP
[01:54:53] [182/324] PDDK
[01:54:54] [183/324] SPCK
[01:54:55] [184/324] MCRL
[01:54:55] [185/324] MHKT
[01:54:56] [186/324] ANRR
[01:54:57] [187/324] SAPK
[01:54:58] [188/324] NCUK
[01:54:59] [189/324] JUGA
[01:54:59] [190/324] DBSC
[01:55:00] [191/324] LALK
[01:55:01] [192/324] GUCK
[01:55:02] [193/324] STSG
[01:55:03] [194/324] PPPZ
[01:55:04] [195/324] CNCY
[01:55:05] [196/324] MTAR
[01:55:06] [197/324] VNKD
[01:55:08] [198/324] KMAJ
[01:55:09] [199/324] ACXK
[01:55:10] [200/324] UTKC
[01:55:11] [201/324] PBLK
[01:55:12] [202/324] ACBX
[01:55:13] [203/324] PTGM
[01:55:15] [204/324] BTDA
[01:55:16] [205/324] PJMB
[01:55:17] [206/324] TPDA
[01:55:19] [207/324] AMOE
[01:55:19] [208/324] PRHT
[01:55:20] [209/324] PRTA
[01:55:21] [210/324] STAM
[01:55:22] [211/324] MSAA
[01:55:23] [212/324] SDLU
[01:55:24] [213/324] RCHH
[01:55:25] [214/324] KANT
[01:55:25] [215/324] FCRT
[01:55:26] [216/324] DNKM
[01:55:27] [217/324] RYCP
[01:55:28] [218/324] MYRP
[01:55:29] [219/324] PPAK
[01:55:29] [220/324] NVPK
[01:55:30] [221/324] PRMC
[01:55:31] [222/324] JBCS
[01:55:32] [223/324] GXCK
[01:55:33] [224/324] USKO
[01:55:34] [225/324] GTEM
[01:55:34] [226/324] SMBU
[01:55:36] [227/324] VETC
[01:55:37] [228/324] LCDA
[01:55:37] [229/324] MTVT
[01:55:38] [230/324] PYCP
[01:55:40] [231/324] PNSC
[01:55:41] [232/324] PPCC
[01:55:42] [233/324] TGRT
[01:55:43] [234/324] JYOT
[01:55:44] [235/324] SRCZ
[01:55:45] [236/324] SJTE
[01:55:46] [237/324] DESC
[01:55:47] [238/324] JHVN
[01:55:48] [239/324] IPSG
[01:55:49] [240/324] IPCM
[01:55:50] [241/324] PDRS
[01:55:51] [242/324] ANCV
[01:55:52] [243/324] CMVV
[01:55:53] [244/324] SHYP
[01:55:54] [245/324] DNCS
[01:55:55] [246/324] GAJK
[01:55:55] [247/324] AKTN
[01:55:57] [248/324] KAYA
[01:55:58] [249/324] SBRC
[01:55:59] [250/324] CHTP
[01:56:01] [251/324] SHRT
[01:56:02] [252/324] BCKU
[01:56:02] [253/324] FCPS
[01:56:03] [254/324] ARDD
[01:56:04] [255/324] CPCM
[01:56:05] [256/324] CGSM
[01:56:06] [257/324] PSMP
[01:56:07] [258/324] SDAL
[01:56:08] [259/324] RTNB
[01:56:08] [260/324] LMCR
[01:56:09] [261/324] CIMA
[01:56:10] [262/324] RNAS
[01:56:11] [263/324] LITH
[01:56:13] [264/324] PBOX
[01:56:14] [265/324] FRTS
[01:56:15] [266/324] RKIC
[01:56:15] [267/324] PTAI
[01:56:16] [268/324] GCIC
[01:56:17] [269/324] FNAS
[01:56:18] [270/324] SCAR
[01:56:19] [271/324] MTCA
[01:56:19] [272/324] SCTS
[01:56:20] [273/324] SYCS
[01:56:21] [274/324] RDMS
[01:56:22] [275/324] KAMP
[01:56:23] [276/324] ERSD
[01:56:24] [277/324] MJMJ
[01:56:24] [278/324] SRCJ
[01:56:25] [279/324] SCXE
[01:56:26] [280/324] SVFR
[01:56:27] [281/324] BHCS
[01:56:28] [282/324] IMCC
[01:56:28] [283/324] PCBO
[01:56:29] [284/324] PRVN
[01:56:30] [285/324] AUPM
[01:56:31] [286/324] INBW
[01:56:32] [287/324] SVCW
[01:56:32] [288/324] RKCF
[01:56:33] [289/324] UVBH
[01:56:34] [290/324] DNCY
[01:56:35] [291/324] ABCN
[01:56:36] [292/324] PRUR
[01:56:36] [293/324] PFMR
[01:56:37] [294/324] RKCN
[01:56:38] [295/324] CFEA
[01:56:39] [296/324] SDBG
[01:56:40] [297/324] SNAR
[01:56:40] [298/324] YISI
[01:56:41] [299/324] JCFF
[01:56:42] [300/324] VTRK
[01:56:44] [301/324] PCLZ
[01:56:45] [302/324] DIMY
[01:56:46] [303/324] BBTS
[01:56:47] [304/324] GATH
[01:56:49] [305/324] GTMN
[01:56:50] [306/324] VTMH
[01:56:50] [307/324] CCKP
[01:56:51] [308/324] GPKA
[01:56:52] [309/324] MHCL
[01:56:53] [310/324] ATCL
[01:56:54] [311/324] SBCK
[01:56:55] [312/324] AMMR
[01:56:56] [313/324] MADC
[01:56:56] [314/324] TMMA
[01:56:57] [315/324] CACC
[01:56:58] [316/324] CHAL
[01:56:59] [317/324] DURG
[01:57:00] [318/324] GMKU
[01:57:01] [319/324] GECA
[01:57:01] [320/324] KYRR
[01:57:02] [321/324] KSDE
[01:57:03] [322/324] LMCI
[01:57:04] [323/324] NKCP
[01:57:05] [324/324] BGTC
[01:57:05] ✅ DONE | Shows=0 | Movies=0
