[00:43:41] 🚀 BMS DAILY TRACKER STARTED
[00:43:41] [1/296] CDCA
[00:43:41] 🧠 New identity
[00:43:42] [2/296] MNSR
[00:43:43] [3/296] CSSL
[00:43:44] [4/296] BGGM
[00:43:45] [5/296] MANT
[00:43:46] [6/296] SOOY
[00:43:48] [7/296] VPPK
[00:43:49] [8/296] MYHJ
[00:43:51] [9/296] KSCK
[00:43:51] [10/296] KATK
[00:43:52] [11/296] RTRT
[00:43:53] [12/296] SSTT
[00:43:54] [13/296] SSTV
[00:43:54] [14/296] LACM
[00:43:55] [15/296] SGMG
[00:43:56] [16/296] KACX
[00:43:57] [17/296] GVCP
[00:43:58] [18/296] CSNC
[00:43:59] [19/296] SXCB
[00:43:59] [20/296] BAHS
[00:44:00] [21/296] PCBI
[00:44:01] [22/296] PSSM
[00:44:02] [23/296] RCOK
[00:44:02] [24/296] SCPF
[00:44:03] [25/296] SSAS
[00:44:04] [26/296] EVMM
[00:44:05] [27/296] SYCB
[00:44:06] [28/296] GCKI
[00:44:07] [29/296] IAET
[00:44:08] [30/296] DDTD
[00:44:09] [31/296] GMDH
[00:44:10] [32/296] STLE
[00:44:11] [33/296] JTRA
[00:44:12] [34/296] RPPA
[00:44:12] [35/296] ARUT
[00:44:13] [36/296] JTVM
[00:44:14] [37/296] SWRH
[00:44:15] [38/296] DCPC
[00:44:16] [39/296] RAPR
[00:44:17] [40/296] GCRT
[00:44:18] [41/296] ATUN
[00:44:19] [42/296] LTRM
[00:44:19] [43/296] TASR
[00:44:20] [44/296] RLLC
[00:44:21] [45/296] MABI
[00:44:22] [46/296] SVHB
[00:44:23] [47/296] NVTB
[00:44:25] [48/296] KCKG
[00:44:26] [49/296] SSRN
[00:44:26] [50/296] VDDC
[00:44:27] [51/296] GKTK
[00:44:28] [52/296] YFSN
[00:44:29] [53/296] GCSG
[00:44:30] [54/296] ESSM
[00:44:31] [55/296] KRIH
[00:44:32] [56/296] GCDS
[00:44:33] [57/296] CCSH
[00:44:33] [58/296] ACSK
[00:44:34] [59/296] APRK
[00:44:35] [60/296] ADKM
[00:44:36] [61/296] SRDM
[00:44:37] [62/296] RMOG
[00:44:39] [63/296] SJMY
[00:44:40] [64/296] PGGC
[00:44:41] [65/296] INGM
[00:44:41] [66/296] LSCB
[00:44:42] [67/296] STAD
[00:44:43] [68/296] MCCR
[00:44:43] [69/296] ABCC
[00:44:44] [70/296] RKCC
[00:44:45] [71/296] RTCR
[00:44:46] [72/296] GGBC
[00:44:47] [73/296] GCSD
[00:44:48] [74/296] LPTY
[00:44:49] [75/296] MCFD
[00:44:49] [76/296] HENN
[00:44:50] [77/296] SMKU
[00:44:51] [78/296] TNZC
[00:44:52] [79/296] DRCD
[00:44:53] [80/296] DLCD
[00:44:54] [81/296] RCDA
[00:44:55] [82/296] COSM
[00:44:56] [83/296] MCMJ
[00:44:57] [84/296] CSTR
[00:44:58] [85/296] CVDK
[00:44:58] [86/296] INRR
[00:44:59] [87/296] RJRT
[00:45:00] [88/296] IRMR
[00:45:01] [89/296] SRCF
[00:45:02] [90/296] GRCR
[00:45:03] [91/296] SURC
[00:45:04] [92/296] NMNH
[00:45:05] [93/296] SVBL
[00:45:06] [94/296] KACI
[00:45:07] [95/296] TDGO
[00:45:08] [96/296] KTBR
[00:45:09] [97/296] PMAD
[00:45:10] [98/296] CCPN
[00:45:11] [99/296] SBTK
[00:45:12] [100/296] LMDK
[00:45:14] [101/296] PGDA
[00:45:15] [102/296] SRML
[00:45:16] [103/296] EVCK
[00:45:17] [104/296] RTTK
[00:45:18] [105/296] SRTU
[00:45:19] [106/296] VRSA
[00:45:20] [107/296] VARS
[00:45:20] [108/296] DSCZ
[00:45:21] [109/296] GAGA
[00:45:22] [110/296] SARV
[00:45:23] [111/296] SEEG
[00:45:24] [112/296] GLCA
[00:45:24] [113/296] APAS
[00:45:25] [114/296] VCIA
[00:45:26] [115/296] SJTA
[00:45:27] [116/296] SABM
[00:45:28] [117/296] PPAG
[00:45:29] [118/296] RVCA
[00:45:29] [119/296] CCIA
[00:45:30] [120/296] HTAG
[00:45:31] [121/296] SMBI
[00:45:32] [122/296] MCJR
[00:45:33] [123/296] CCJR
[00:45:34] [124/296] SINF
[00:45:35] [125/296] CPLX
[00:45:36] [126/296] KKTJ
[00:45:37] [127/296] GDBW
[00:45:37] [128/296] CSUB
[00:45:38] [129/296] DABA
[00:45:39] [130/296] TITR
[00:45:40] [131/296] NYCR
[00:45:42] [132/296] RTRY
[00:45:42] [133/296] JTJL
[00:45:43] [134/296] SJCP
[00:45:44] [135/296] KCCA
[00:45:45] [136/296] MLPG
[00:45:46] [137/296] VRCK
[00:45:46] [138/296] SRIN
[00:45:47] [139/296] CXMK
[00:45:48] [140/296] SKAD
[00:45:49] [141/296] AVTR
[00:45:50] [142/296] PTAJ
[00:45:51] [143/296] SCNK
[00:45:52] [144/296] STTI
[00:45:53] [145/296] KACR
[00:45:53] [146/296] SSDX
[00:45:54] [147/296] VRTJ
[00:45:55] [148/296] RAJD
[00:45:56] [149/296] SCIP
[00:45:58] [150/296] RJSL
[00:45:58] [151/296] ARRS
[00:45:59] [152/296] ASMS
[00:46:00] [153/296] RDTS
[00:46:01] [154/296] DVMY
[00:46:02] [155/296] RASA
[00:46:03] [156/296] INOM
[00:46:04] [157/296] SPRS
[00:46:05] [158/296] SGCS
[00:46:06] [159/296] SALM
[00:46:06] [160/296] PKHC
[00:46:07] [161/296] RCSV
[00:46:08] [162/296] CPKC
[00:46:09] [163/296] AACD
[00:46:10] [164/296] GGCV
[00:46:11] [165/296] SMKD
[00:46:12] [166/296] NBCH
[00:46:12] [167/296] AMCB
[00:46:13] [168/296] OPCN
[00:46:14] [169/296] DCIN
[00:46:15] [170/296] INGW
[00:46:16] [171/296] PKKW
[00:46:16] [172/296] FNGW
[00:46:17] [173/296] GCGD
[00:46:18] [174/296] MSTW
[00:46:19] [175/296] KCCG
[00:46:20] [176/296] MRSS
[00:46:21] [177/296] CLCF
[00:46:22] [178/296] EETS
[00:46:23] [179/296] AATR
[00:46:24] [180/296] CMMN
[00:46:25] [181/296] SCCJ
[00:46:26] [182/296] CDTK
[00:46:27] [183/296] AICP
[00:46:28] [184/296] FNBP
[00:46:29] [185/296] CBPB
[00:46:30] [186/296] CPAS
[00:46:31] [187/296] MAPM
[00:46:32] [188/296] PASD
[00:46:33] [189/296] JCMN
[00:46:34] [190/296] MALB
[00:46:34] [191/296] SACG
[00:46:35] [192/296] DDRX
[00:46:36] [193/296] DDXB
[00:46:37] [194/296] RAMC
[00:46:38] [195/296] SANC
[00:46:39] [196/296] BCBP
[00:46:40] [197/296] ALPC
[00:46:41] [198/296] RBAC
[00:46:42] [199/296] RAJL
[00:46:42] [200/296] MPDX
[00:46:43] [201/296] MUSC
[00:46:44] [202/296] VKMK
[00:46:45] [203/296] SKCG
[00:46:46] [204/296] ANCN
[00:46:47] [205/296] MMCJ
[00:46:48] [206/296] DCAK
[00:46:49] [207/296] SCKG
[00:46:50] [208/296] LMCK
[00:46:50] [209/296] CKKX
[00:46:51] [210/296] ANKU
[00:46:52] [211/296] CSMD
[00:46:53] [212/296] MKMP
[00:46:54] [213/296] SVBG
[00:46:54] [214/296] ROOP
[00:46:55] [215/296] GDMT
[00:46:56] [216/296] FPPF
[00:46:57] [217/296] SFUU
[00:46:58] [218/296] ANCB
[00:46:59] [219/296] SMMC
[00:47:00] [220/296] UGKT
[00:47:01] [221/296] JVRM
[00:47:02] [222/296] BATG
[00:47:02] [223/296] RATE
[00:47:03] [224/296] SKME
[00:47:04] [225/296] LMTP
[00:47:05] [226/296] TCBD
[00:47:06] [227/296] ESBD
[00:47:07] [228/296] GDCU
[00:47:08] [229/296] SNKT
[00:47:09] [230/296] SRNK
[00:47:10] [231/296] SMED
[00:47:10] [232/296] CSQS
[00:47:11] [233/296] ALCS
[00:47:13] [234/296] KCKN
[00:47:14] [235/296] VCCL
[00:47:15] [236/296] MCDA
[00:47:15] [237/296] SHMI
[00:47:16] [238/296] SKHA
[00:47:17] [239/296] SVFK
[00:47:18] [240/296] INVB
[00:47:20] [241/296] MELD
[00:47:21] [242/296] JTYS
[00:47:22] [243/296] INCM
[00:47:22] [244/296] MCDV
[00:47:23] [245/296] KSGK
[00:47:25] [246/296] ICMG
[00:47:26] [247/296] CSCV
[00:47:27] [248/296] STMD
[00:47:28] [249/296] STTR
[00:47:29] [250/296] INVC
[00:47:30] [251/296] JTBL
[00:47:31] [252/296] SRVV
[00:47:32] [253/296] MAVC
[00:47:33] [254/296] SRPP
[00:47:34] [255/296] JGDM
[00:47:35] [256/296] MBSJ
[00:47:36] [257/296] SSLL
[00:47:37] [258/296] SLKP
[00:47:38] [259/296] NSRV
[00:47:39] [260/296] UTDV
[00:47:40] [261/296] KICM
[00:47:40] [262/296] KCMD
[00:47:41] [263/296] TTPP
[00:47:42] [264/296] KMPV
[00:47:43] [265/296] SKTV
[00:47:44] [266/296] STCV
[00:47:45] [267/296] SRDA
[00:47:46] [268/296] JTSX
[00:47:47] [269/296] STBV
[00:47:48] [270/296] APVZ
[00:47:49] [271/296] GSTV
[00:47:50] [272/296] NMVS
[00:47:50] [273/296] SKRT
[00:47:51] [274/296] RMDV
[00:47:52] [275/296] RATG
[00:47:53] [276/296] SJYV
[00:47:53] [277/296] NDGP
[00:47:54] [278/296] SNDG
[00:47:55] [279/296] INSR
[00:47:56] [280/296] INSO
[00:47:57] [281/296] CCSI
[00:47:58] [282/296] RASM
[00:47:59] [283/296] NEWC
[00:48:01] [284/296] VSHL
[00:48:01] [285/296] BISW
[00:48:02] [286/296] GCNG
[00:48:03] [287/296] CWSC
[00:48:04] [288/296] SKAN
[00:48:05] [289/296] SEHP
[00:48:06] [290/296] CCOA
[00:48:07] [291/296] MCAJ
[00:48:08] [292/296] ACDE
[00:48:09] [293/296] AACM
[00:48:10] [294/296] JJCK
[00:48:11] [295/296] RCMO
[00:48:12] [296/296] GDAW
[00:48:13] ✅ DONE | Shows=0 | Movies=0
