[00:43:32] 🚀 BMS DAILY TRACKER STARTED
[00:43:32] [1/459] MBDC
[00:43:32] 🧠 New identity
[00:43:33] [2/459] CHKM
[00:43:34] [3/459] JTKZ
[00:43:35] [4/459] CMCT
[00:43:35] [5/459] ASHO
[00:43:36] [6/459] ECDG
[00:43:37] [7/459] SPAT
[00:43:37] [8/459] HILC
[00:43:38] [9/459] SPPH
[00:43:38] [10/459] SBHN
[00:43:39] [11/459] RRCA
[00:43:40] [12/459] APAA
[00:43:40] [13/459] RAME
[00:43:41] [14/459] TMMS
[00:43:42] [15/459] BATK
[00:43:42] [16/459] LKOP
[00:43:43] [17/459] AMTT
[00:43:44] [18/459] PTGK
[00:43:44] [19/459] ANRS
[00:43:45] [20/459] VWBW
[00:43:45] [21/459] SVFG
[00:43:46] [22/459] STAT
[00:43:47] [23/459] GDCV
[00:43:48] [24/459] VEBI
[00:43:48] [25/459] VDSS
[00:43:49] [26/459] NTHV
[00:43:50] [27/459] AOCH
[00:43:50] [28/459] KASR
[00:43:51] [29/459] AYCS
[00:43:51] [30/459] SHAI
[00:43:52] [31/459] SKPE
[00:43:53] [32/459] SBTA
[00:43:53] [33/459] RTTD
[00:43:54] [34/459] CCJD
[00:43:55] [35/459] RSJJ
[00:43:56] [36/459] RKND
[00:43:56] [37/459] SVTX
[00:43:57] [38/459] BAKM
[00:43:57] [39/459] SVDC
[00:43:58] [40/459] MNCV
[00:43:59] [41/459] SJGC
[00:43:59] [42/459] MTPK
[00:44:00] [43/459] GATP
[00:44:01] [44/459] ABTS
[00:44:01] [45/459] ABDE
[00:44:02] [46/459] RCNM
[00:44:02] [47/459] KTHV
[00:44:03] [48/459] MDGJ
[00:44:04] [49/459] SMLM
[00:44:04] [50/459] JTMA
[00:44:05] [51/459] ACKP
[00:44:06] [52/459] SRTA
[00:44:06] [53/459] STAY
[00:44:07] [54/459] MAVO
[00:44:08] [55/459] APTS
[00:44:08] [56/459] OMEA
[00:44:09] [57/459] TTFD
[00:44:09] [58/459] MJCU
[00:44:10] [59/459] CXTE
[00:44:11] [60/459] CTPX
[00:44:12] [61/459] ASSL
[00:44:12] [62/459] CMVB
[00:44:13] [63/459] VPUR
[00:44:13] [64/459] JJDA
[00:44:14] [65/459] INBL
[00:44:14] [66/459] BIKB
[00:44:15] [67/459] NTBB
[00:44:16] [68/459] GLOB
[00:44:16] [69/459] SNTB
[00:44:17] [70/459] CHGV
[00:44:17] [71/459] SSBZ
[00:44:18] [72/459] PRDB
[00:44:19] [73/459] ISMT
[00:44:19] [74/459] MCSD
[00:44:20] [75/459] JBTT
[00:44:21] [76/459] GEKR
[00:44:21] [77/459] PVUN
[00:44:22] [78/459] NRTB
[00:44:22] [79/459] PRAA
[00:44:23] [80/459] PCBL
[00:44:24] [81/459] PTCM
[00:44:24] [82/459] KHNN
[00:44:25] [83/459] OMJE
[00:44:25] [84/459] STGN
[00:44:26] [85/459] RPMS
[00:44:27] [86/459] NWAD
[00:44:27] [87/459] BLCK
[00:44:28] [88/459] SVAA
[00:44:29] [89/459] URVM
[00:44:29] [90/459] ANTM
[00:44:30] [91/459] VJYM
[00:44:31] [92/459] MAZZ
[00:44:31] [93/459] CSHM
[00:44:32] [94/459] WGMH
[00:44:33] [95/459] SALN
[00:44:33] [96/459] BRTP
[00:44:34] [97/459] SVTA
[00:44:35] [98/459] SBTP
[00:44:35] [99/459] VLSS
[00:44:36] [100/459] SRJA
[00:44:36] [101/459] ANCG
[00:44:37] [102/459] CGGC
[00:44:38] [103/459] CRJA
[00:44:38] [104/459] USCR
[00:44:39] [105/459] MMEF
[00:44:40] [106/459] JCRJ
[00:44:40] [107/459] ADCM
[00:44:41] [108/459] BMYK
[00:44:41] [109/459] KICS
[00:44:42] [110/459] MBBT
[00:44:43] [111/459] MACK
[00:44:44] [112/459] CLDR
[00:44:44] [113/459] JYCR
[00:44:44] [114/459] DCRP
[00:44:45] [115/459] RAHT
[00:44:45] [116/459] CSSM
[00:44:46] [117/459] ATPK
[00:44:47] [118/459] KLRT
[00:44:48] [119/459] SRDD
[00:44:48] [120/459] CKMC
[00:44:49] [121/459] KRVM
[00:44:50] [122/459] AKCP
[00:44:50] [123/459] CNCV
[00:44:51] [124/459] PACT
[00:44:52] [125/459] NATP
[00:44:52] [126/459] PCPK
[00:44:53] [127/459] SMHO
[00:44:54] [128/459] CWTK
[00:44:54] [129/459] RVKZ
[00:44:55] [130/459] ASPD
[00:44:56] [131/459] VTKZ
[00:44:56] [132/459] LCSO
[00:44:57] [133/459] PRDY
[00:44:58] [134/459] RCAP
[00:44:58] [135/459] RGAR
[00:44:59] [136/459] RCAC
[00:45:00] [137/459] PMOD
[00:45:00] [138/459] PVCN
[00:45:01] [139/459] SCRZ
[00:45:02] [140/459] PVPC
[00:45:03] [141/459] STID
[00:45:03] [142/459] NEDD
[00:45:04] [143/459] BNBA
[00:45:04] [144/459] NTCD
[00:45:05] [145/459] OCDE
[00:45:05] [146/459] CCDU
[00:45:06] [147/459] CRXH
[00:45:06] [148/459] VLVT
[00:45:07] [149/459] CICI
[00:45:08] [150/459] SUCB
[00:45:08] [151/459] TCBP
[00:45:09] [152/459] SCCY
[00:45:09] [153/459] LXCY
[00:45:10] [154/459] NCMD
[00:45:10] [155/459] PHCS
[00:45:11] [156/459] DUXR
[00:45:12] [157/459] VNKS
[00:45:12] [158/459] SEDP
[00:45:13] [159/459] SVEN
[00:45:14] [160/459] SRKM
[00:45:14] [161/459] JTLT
[00:45:15] [162/459] SVSS
[00:45:16] [163/459] AMDE
[00:45:16] [164/459] WVRN
[00:45:17] [165/459] ISMG
[00:45:18] [166/459] WVKS
[00:45:18] [167/459] USCG
[00:45:19] [168/459] IOTG
[00:45:19] [169/459] RRJM
[00:45:20] [170/459] EDMP
[00:45:21] [171/459] SCGZ
[00:45:21] [172/459] GMGX
[00:45:22] [173/459] OMTP
[00:45:23] [174/459] MITD
[00:45:23] [175/459] SMMD
[00:45:24] [176/459] STML
[00:45:24] [177/459] MCFS
[00:45:25] [178/459] FPKA
[00:45:26] [179/459] OMLR
[00:45:26] [180/459] KKSC
[00:45:27] [181/459] RVMA
[00:45:27] [182/459] SCLL
[00:45:28] [183/459] SCDK
[00:45:29] [184/459] SXMI
[00:45:29] [185/459] SHDN
[00:45:30] [186/459] PAAD
[00:45:31] [187/459] UUCB
[00:45:32] [188/459] JHOL
[00:45:32] [189/459] SGWT
[00:45:33] [190/459] SRII
[00:45:34] [191/459] SGCK
[00:45:34] [192/459] SVVB
[00:45:35] [193/459] DMHA
[00:45:35] [194/459] PPNL
[00:45:36] [195/459] CPNL
[00:45:36] [196/459] WVLD
[00:45:37] [197/459] PSLV
[00:45:38] [198/459] VTTL
[00:45:38] [199/459] NPAD
[00:45:39] [200/459] PVCS
[00:45:40] [201/459] MCHL
[00:45:40] [202/459] PPLL
[00:45:41] [203/459] MALO
[00:45:41] [204/459] SWBH
[00:45:42] [205/459] PUGB
[00:45:42] [206/459] INBB
[00:45:43] [207/459] INNS
[00:45:43] [208/459] MCPT
[00:45:44] [209/459] SCMI
[00:45:45] [210/459] OCON
[00:45:45] [211/459] SCSM
[00:45:46] [212/459] RJVN
[00:45:46] [213/459] AMDK
[00:45:47] [214/459] ISMR
[00:45:48] [215/459] SMTD
[00:45:48] [216/459] VTDD
[00:45:49] [217/459] PDDZ
[00:45:50] [218/459] PCCK
[00:45:50] [219/459] INAM
[00:45:51] [220/459] FNKT
[00:45:51] [221/459] GDKA
[00:45:52] [222/459] MAYU
[00:45:52] [223/459] TCGU
[00:45:53] [224/459] KDCA
[00:45:53] [225/459] DOMY
[00:45:54] [226/459] PDDD
[00:45:55] [227/459] BJTS
[00:45:55] [228/459] VTCA
[00:45:56] [229/459] SBTM
[00:45:57] [230/459] SEET
[00:45:57] [231/459] SSTJ
[00:45:58] [232/459] SVNT
[00:45:59] [233/459] PPPR
[00:45:59] [234/459] PVYS
[00:46:00] [235/459] IOSE
[00:46:01] [236/459] ACTV
[00:46:01] [237/459] APVE
[00:46:02] [238/459] TCCL
[00:46:03] [239/459] SCMO
[00:46:03] [240/459] SAUM
[00:46:04] [241/459] KCJS
[00:46:04] [242/459] NJCJ
[00:46:05] [243/459] NECF
[00:46:06] [244/459] CCGW
[00:46:06] [245/459] CCMG
[00:46:07] [246/459] NYRG
[00:46:08] [247/459] NCSQ
[00:46:08] [248/459] GRCG
[00:46:09] [249/459] CCBT
[00:46:09] [250/459] ACGA
[00:46:10] [251/459] INAG
[00:46:11] [252/459] FUCG
[00:46:11] [253/459] AICF
[00:46:12] [254/459] GRGA
[00:46:13] [255/459] GDCN
[00:46:13] [256/459] RRCG
[00:46:14] [257/459] SDCH
[00:46:15] [258/459] WVJM
[00:46:15] [259/459] JCCZ
[00:46:16] [260/459] CNCL
[00:46:17] [261/459] TMLV
[00:46:17] [262/459] MEMB
[00:46:18] [263/459] SGTD
[00:46:18] [264/459] CONX
[00:46:19] [265/459] CCMH
[00:46:19] [266/459] ACMC
[00:46:20] [267/459] DTPD
[00:46:21] [268/459] POJA
[00:46:21] [269/459] FNBH
[00:46:22] [270/459] CGCB
[00:46:23] [271/459] RACN
[00:46:23] [272/459] JTSM
[00:46:24] [273/459] SCDN
[00:46:25] [274/459] AACK
[00:46:25] [275/459] RMCE
[00:46:26] [276/459] BSGB
[00:46:27] [277/459] MRCB
[00:46:27] [278/459] SRVR
[00:46:27] [279/459] VTKK
[00:46:28] [280/459] AMST
[00:46:28] [281/459] APCY
[00:46:29] [282/459] LMHO
[00:46:29] [283/459] MTZH
[00:46:30] [284/459] AMZB
[00:46:31] [285/459] SUVT
[00:46:31] [286/459] RCIP
[00:46:32] [287/459] KESR
[00:46:33] [288/459] SNKC
[00:46:33] [289/459] SCED
[00:46:34] [290/459] DVCA
[00:46:34] [291/459] VCDT
[00:46:35] [292/459] RRDI
[00:46:36] [293/459] DFCH
[00:46:36] [294/459] INSC
[00:46:37] [295/459] RGTR
[00:46:37] [296/459] FMOT
[00:46:38] [297/459] SCPM
[00:46:38] [298/459] GCDT
[00:46:39] [299/459] BRKT
[00:46:40] [300/459] DEMP
[00:46:40] [301/459] SRLC
[00:46:41] [302/459] KSTT
[00:46:42] [303/459] SMMT
[00:46:42] [304/459] SILM
[00:46:43] [305/459] JCVM
[00:46:44] [306/459] KCSV
[00:46:44] [307/459] MHLK
[00:46:45] [308/459] SLVL
[00:46:46] [309/459] RJKP
[00:46:46] [310/459] BBPC
[00:46:47] [311/459] MXCB
[00:46:48] [312/459] TCPK
[00:46:48] [313/459] RTBR
[00:46:49] [314/459] GAUT
[00:46:49] [315/459] DVCF
[00:46:50] [316/459] JTSB
[00:46:51] [317/459] SBLS
[00:46:51] [318/459] UDAY
[00:46:52] [319/459] PTNP
[00:46:52] [320/459] DMKT
[00:46:53] [321/459] NTDT
[00:46:54] [322/459] SHDJ
[00:46:54] [323/459] OTNC
[00:46:55] [324/459] RNTW
[00:46:55] [325/459] GCMI
[00:46:56] [326/459] CRCM
[00:46:57] [327/459] NNCZ
[00:46:58] [328/459] OEMO
[00:46:58] [329/459] PVJM
[00:46:59] [330/459] CPJI
[00:46:59] [331/459] RMCJ
[00:47:00] [332/459] CNWJ
[00:47:01] [333/459] EPJM
[00:47:01] [334/459] FNJJ
[00:47:02] [335/459] GCMJ
[00:47:03] [336/459] INPS
[00:47:03] [337/459] BICJ
[00:47:04] [338/459] ISTJ
[00:47:04] [339/459] INJC
[00:47:05] [340/459] GLXJ
[00:47:06] [341/459] INEM
[00:47:06] [342/459] JTMN
[00:47:07] [343/459] FRCJ
[00:47:07] [344/459] DDJP
[00:47:08] [345/459] INJV
[00:47:08] [346/459] GOLC
[00:47:09] [347/459] KOCI
[00:47:10] [348/459] FSTD
[00:47:10] [349/459] PACJ
[00:47:11] [350/459] GMCN
[00:47:11] [351/459] MMDJ
[00:47:12] [352/459] GODH
[00:47:12] [353/459] SKYN
[00:47:13] [354/459] NCTH
[00:47:14] [355/459] SKVZ
[00:47:14] [356/459] SVML
[00:47:15] [357/459] ACVZ
[00:47:15] [358/459] SURA
[00:47:16] [359/459] RTRB
[00:47:17] [360/459] LLCT
[00:47:17] [361/459] ATTS
[00:47:18] [362/459] JYCM
[00:47:19] [363/459] CTKR
[00:47:19] [364/459] LCKR
[00:47:20] [365/459] NYCV
[00:47:20] [366/459] NYOH
[00:47:21] [367/459] NOVX
[00:47:21] [368/459] MRGK
[00:47:22] [369/459] MOON
[00:47:22] [370/459] SBUC
[00:47:23] [371/459] GSVA
[00:47:24] [372/459] VIAK
[00:47:24] [373/459] SMVZ
[00:47:25] [374/459] MATE
[00:47:25] [375/459] RDCN
[00:47:26] [376/459] ASBL
[00:47:27] [377/459] ASVS
[00:47:27] [378/459] ASSR
[00:47:28] [379/459] SSKN
[00:47:29] [380/459] DRPV
[00:47:30] [381/459] MRHT
[00:47:30] [382/459] BSCN
[00:47:31] [383/459] RKNX
[00:47:32] [384/459] MSMC
[00:47:32] [385/459] MSCJ
[00:47:33] [386/459] BTBJ
[00:47:34] [387/459] MJCC
[00:47:34] [388/459] IOMM
[00:47:35] [389/459] ADGR
[00:47:36] [390/459] MYCP
[00:47:36] [391/459] IGCM
[00:47:37] [392/459] PGRK
[00:47:37] [393/459] VPGO
[00:47:38] [394/459] KOMS
[00:47:38] [395/459] URGG
[00:47:39] [396/459] GOST
[00:47:40] [397/459] LACT
[00:47:40] [398/459] BWCM
[00:47:41] [399/459] NCCW
[00:47:41] [400/459] SKYC
[00:47:42] [401/459] CCPM
[00:47:42] [402/459] VCBT
[00:47:43] [403/459] SDKR
[00:47:44] [404/459] CTYB
[00:47:44] [405/459] SHCX
[00:47:45] [406/459] RCUN
[00:47:46] [407/459] CNRA
[00:47:46] [408/459] RFCA
[00:47:47] [409/459] RDCU
[00:47:47] [410/459] SARK
[00:47:48] [411/459] SPPP
[00:47:49] [412/459] ADMB
[00:47:49] [413/459] JYOE
[00:47:50] [414/459] SRMD
[00:47:51] [415/459] RJDH
[00:47:51] [416/459] SSTD
[00:47:52] [417/459] AACV
[00:47:53] [418/459] PPVD
[00:47:53] [419/459] STCP
[00:47:54] [420/459] ANJR
[00:47:54] [421/459] ANLS
[00:47:55] [422/459] BIJO
[00:47:55] [423/459] AVAB
[00:47:56] [424/459] SPMD
[00:47:56] [425/459] SVJL
[00:47:57] [426/459] SDDJ
[00:47:57] [427/459] SLTU
[00:47:58] [428/459] SAKA
[00:47:59] [429/459] PMAM
[00:47:59] [430/459] FNAM
[00:48:00] [431/459] ACAM
[00:48:01] [432/459] SCMM
[00:48:01] [433/459] PMAK
[00:48:02] [434/459] NYSA
[00:48:03] [435/459] FCPA
[00:48:03] [436/459] GDAN
[00:48:04] [437/459] RSCA
[00:48:04] [438/459] DMAN
[00:48:05] [439/459] DZCM
[00:48:06] [440/459] NSGL
[00:48:06] [441/459] CCPP
[00:48:07] [442/459] PSMG
[00:48:08] [443/459] GSER
[00:48:08] [444/459] FCCT
[00:48:09] [445/459] FCTB
[00:48:10] [446/459] LCNK
[00:48:10] [447/459] SKTY
[00:48:11] [448/459] INAA
[00:48:12] [449/459] RCWN
[00:48:12] [450/459] VAIS
[00:48:13] [451/459] CVMN
[00:48:14] [452/459] INTS
[00:48:14] [453/459] FRGS
[00:48:15] [454/459] DTCK
[00:48:16] [455/459] MCMH
[00:48:16] [456/459] ECRR
[00:48:17] [457/459] RLLP
[00:48:18] [458/459] CCSN
[00:48:18] [459/459] CCBA
[00:48:19] ✅ DONE | Shows=0 | Movies=0
[01:51:03] 🚀 BMS DAILY TRACKER STARTED
[01:51:03] [1/459] MBDC
[01:51:03] 🧠 New identity
[01:51:04] [2/459] CHKM
[01:51:05] [3/459] JTKZ
[01:51:05] [4/459] CMCT
[01:51:06] [5/459] ASHO
[01:51:07] [6/459] ECDG
[01:51:08] [7/459] SPAT
[01:51:09] [8/459] HILC
[01:51:09] [9/459] SPPH
[01:51:10] [10/459] SBHN
[01:51:11] [11/459] RRCA
[01:51:12] [12/459] APAA
[01:51:13] [13/459] RAME
[01:51:14] [14/459] TMMS
[01:51:14] [15/459] BATK
[01:51:15] [16/459] LKOP
[01:51:16] [17/459] AMTT
[01:51:17] [18/459] PTGK
[01:51:18] [19/459] ANRS
[01:51:19] [20/459] VWBW
[01:51:19] [21/459] SVFG
[01:51:20] [22/459] STAT
[01:51:21] [23/459] GDCV
[01:51:22] [24/459] VEBI
[01:51:23] [25/459] VDSS
[01:51:24] [26/459] NTHV
[01:51:24] [27/459] AOCH
[01:51:26] [28/459] KASR
[01:51:28] [29/459] AYCS
[01:51:28] [30/459] SHAI
[01:51:29] [31/459] SKPE
[01:51:30] [32/459] SBTA
[01:51:32] [33/459] RTTD
[01:51:33] [34/459] CCJD
[01:51:33] [35/459] RSJJ
[01:51:34] [36/459] RKND
[01:51:36] [37/459] SVTX
[01:51:36] [38/459] BAKM
[01:51:37] [39/459] SVDC
[01:51:38] [40/459] MNCV
[01:51:39] [41/459] SJGC
[01:51:40] [42/459] MTPK
[01:51:41] [43/459] GATP
[01:51:41] [44/459] ABTS
[01:51:42] [45/459] ABDE
[01:51:43] [46/459] RCNM
[01:51:44] [47/459] KTHV
[01:51:45] [48/459] MDGJ
[01:51:45] [49/459] SMLM
[01:51:46] [50/459] JTMA
[01:51:47] [51/459] ACKP
[01:51:48] [52/459] SRTA
[01:51:49] [53/459] STAY
[01:51:50] [54/459] MAVO
[01:51:50] [55/459] APTS
[01:51:51] [56/459] OMEA
[01:51:52] [57/459] TTFD
[01:51:53] [58/459] MJCU
[01:51:54] [59/459] CXTE
[01:51:55] [60/459] CTPX
[01:51:56] [61/459] ASSL
[01:51:57] [62/459] CMVB
[01:51:59] [63/459] VPUR
[01:52:00] [64/459] JJDA
[01:52:01] [65/459] INBL
[01:52:02] [66/459] BIKB
[01:52:03] [67/459] NTBB
[01:52:04] [68/459] GLOB
[01:52:04] [69/459] SNTB
[01:52:05] [70/459] CHGV
[01:52:06] [71/459] SSBZ
[01:52:07] [72/459] PRDB
[01:52:08] [73/459] ISMT
[01:52:09] [74/459] MCSD
[01:52:10] [75/459] JBTT
[01:52:11] [76/459] GEKR
[01:52:12] [77/459] PVUN
[01:52:13] [78/459] NRTB
[01:52:14] [79/459] PRAA
[01:52:15] [80/459] PCBL
[01:52:16] [81/459] PTCM
[01:52:17] [82/459] KHNN
[01:52:18] [83/459] OMJE
[01:52:19] [84/459] STGN
[01:52:20] [85/459] RPMS
[01:52:21] [86/459] NWAD
[01:52:21] [87/459] BLCK
[01:52:22] [88/459] SVAA
[01:52:24] [89/459] URVM
[01:52:25] [90/459] ANTM
[01:52:25] [91/459] VJYM
[01:52:26] [92/459] MAZZ
[01:52:27] [93/459] CSHM
[01:52:28] [94/459] WGMH
[01:52:29] [95/459] SALN
[01:52:30] [96/459] BRTP
[01:52:31] [97/459] SVTA
[01:52:32] [98/459] SBTP
[01:52:33] [99/459] VLSS
[01:52:33] [100/459] SRJA
[01:52:34] [101/459] ANCG
[01:52:35] [102/459] CGGC
[01:52:36] [103/459] CRJA
[01:52:37] [104/459] USCR
[01:52:37] [105/459] MMEF
[01:52:38] [106/459] JCRJ
[01:52:39] [107/459] ADCM
[01:52:40] [108/459] BMYK
[01:52:41] [109/459] KICS
[01:52:42] [110/459] MBBT
[01:52:43] [111/459] MACK
[01:52:44] [112/459] CLDR
[01:52:45] [113/459] JYCR
[01:52:46] [114/459] DCRP
[01:52:47] [115/459] RAHT
[01:52:48] [116/459] CSSM
[01:52:49] [117/459] ATPK
[01:52:50] [118/459] KLRT
[01:52:51] [119/459] SRDD
[01:52:51] [120/459] CKMC
[01:52:52] [121/459] KRVM
[01:52:53] [122/459] AKCP
[01:52:54] [123/459] CNCV
[01:52:55] [124/459] PACT
[01:52:56] [125/459] NATP
[01:52:57] [126/459] PCPK
[01:52:58] [127/459] SMHO
[01:52:58] [128/459] CWTK
[01:53:00] [129/459] RVKZ
[01:53:01] [130/459] ASPD
[01:53:02] [131/459] VTKZ
[01:53:03] [132/459] LCSO
[01:53:03] [133/459] PRDY
[01:53:04] [134/459] RCAP
[01:53:05] [135/459] RGAR
[01:53:06] [136/459] RCAC
[01:53:07] [137/459] PMOD
[01:53:08] [138/459] PVCN
[01:53:09] [139/459] SCRZ
[01:53:10] [140/459] PVPC
[01:53:11] [141/459] STID
[01:53:11] [142/459] NEDD
[01:53:12] [143/459] BNBA
[01:53:13] [144/459] NTCD
[01:53:15] [145/459] OCDE
[01:53:15] [146/459] CCDU
[01:53:16] [147/459] CRXH
[01:53:17] [148/459] VLVT
[01:53:18] [149/459] CICI
[01:53:19] [150/459] SUCB
[01:53:20] [151/459] TCBP
[01:53:21] [152/459] SCCY
[01:53:21] [153/459] LXCY
[01:53:22] [154/459] NCMD
[01:53:23] [155/459] PHCS
[01:53:24] [156/459] DUXR
[01:53:25] [157/459] VNKS
[01:53:26] [158/459] SEDP
[01:53:26] [159/459] SVEN
[01:53:27] [160/459] SRKM
[01:53:28] [161/459] JTLT
[01:53:29] [162/459] SVSS
[01:53:30] [163/459] AMDE
[01:53:31] [164/459] WVRN
[01:53:32] [165/459] ISMG
[01:53:33] [166/459] WVKS
[01:53:34] [167/459] USCG
[01:53:35] [168/459] IOTG
[01:53:36] [169/459] RRJM
[01:53:37] [170/459] EDMP
[01:53:38] [171/459] SCGZ
[01:53:39] [172/459] GMGX
[01:53:39] [173/459] OMTP
[01:53:40] [174/459] MITD
[01:53:41] [175/459] SMMD
[01:53:42] [176/459] STML
[01:53:43] [177/459] MCFS
[01:53:44] [178/459] FPKA
[01:53:44] [179/459] OMLR
[01:53:46] [180/459] KKSC
[01:53:47] [181/459] RVMA
[01:53:47] [182/459] SCLL
[01:53:48] [183/459] SCDK
[01:53:49] [184/459] SXMI
[01:53:50] [185/459] SHDN
[01:53:51] [186/459] PAAD
[01:53:52] [187/459] UUCB
[01:53:53] [188/459] JHOL
[01:53:54] [189/459] SGWT
[01:53:54] [190/459] SRII
[01:53:55] [191/459] SGCK
[01:53:56] [192/459] SVVB
[01:53:57] [193/459] DMHA
[01:53:57] [194/459] PPNL
[01:53:58] [195/459] CPNL
[01:53:59] [196/459] WVLD
[01:54:00] [197/459] PSLV
[01:54:01] [198/459] VTTL
[01:54:02] [199/459] NPAD
[01:54:03] [200/459] PVCS
[01:54:04] [201/459] MCHL
[01:54:06] [202/459] PPLL
[01:54:06] [203/459] MALO
[01:54:07] [204/459] SWBH
[01:54:08] [205/459] PUGB
[01:54:09] [206/459] INBB
[01:54:10] [207/459] INNS
[01:54:10] [208/459] MCPT
[01:54:11] [209/459] SCMI
[01:54:12] [210/459] OCON
[01:54:13] [211/459] SCSM
[01:54:14] [212/459] RJVN
[01:54:16] [213/459] AMDK
[01:54:16] [214/459] ISMR
[01:54:17] [215/459] SMTD
[01:54:18] [216/459] VTDD
[01:54:19] [217/459] PDDZ
[01:54:20] [218/459] PCCK
[01:54:21] [219/459] INAM
[01:54:21] [220/459] FNKT
[01:54:22] [221/459] GDKA
[01:54:23] [222/459] MAYU
[01:54:24] [223/459] TCGU
[01:54:25] [224/459] KDCA
[01:54:27] [225/459] DOMY
[01:54:28] [226/459] PDDD
[01:54:29] [227/459] BJTS
[01:54:30] [228/459] VTCA
[01:54:30] [229/459] SBTM
[01:54:31] [230/459] SEET
[01:54:32] [231/459] SSTJ
[01:54:33] [232/459] SVNT
[01:54:34] [233/459] PPPR
[01:54:35] [234/459] PVYS
[01:54:36] [235/459] IOSE
[01:54:37] [236/459] ACTV
[01:54:37] [237/459] APVE
[01:54:39] [238/459] TCCL
[01:54:40] [239/459] SCMO
[01:54:41] [240/459] SAUM
[01:54:42] [241/459] KCJS
[01:54:43] [242/459] NJCJ
[01:54:43] [243/459] NECF
[01:54:44] [244/459] CCGW
[01:54:45] [245/459] CCMG
[01:54:46] [246/459] NYRG
[01:54:47] [247/459] NCSQ
[01:54:48] [248/459] GRCG
[01:54:48] [249/459] CCBT
[01:54:49] [250/459] ACGA
[01:54:50] [251/459] INAG
[01:54:51] [252/459] FUCG
[01:54:52] [253/459] AICF
[01:54:53] [254/459] GRGA
[01:54:54] [255/459] GDCN
[01:54:54] [256/459] RRCG
[01:54:55] [257/459] SDCH
[01:54:56] [258/459] WVJM
[01:54:57] [259/459] JCCZ
[01:54:58] [260/459] CNCL
[01:54:59] [261/459] TMLV
[01:55:00] [262/459] MEMB
[01:55:01] [263/459] SGTD
[01:55:02] [264/459] CONX
[01:55:02] [265/459] CCMH
[01:55:03] [266/459] ACMC
[01:55:04] [267/459] DTPD
[01:55:04] [268/459] POJA
[01:55:05] [269/459] FNBH
[01:55:06] [270/459] CGCB
[01:55:07] [271/459] RACN
[01:55:08] [272/459] JTSM
[01:55:09] [273/459] SCDN
[01:55:10] [274/459] AACK
[01:55:11] [275/459] RMCE
[01:55:12] [276/459] BSGB
[01:55:13] [277/459] MRCB
[01:55:14] [278/459] SRVR
[01:55:15] [279/459] VTKK
[01:55:16] [280/459] AMST
[01:55:17] [281/459] APCY
[01:55:19] [282/459] LMHO
[01:55:20] [283/459] MTZH
[01:55:21] [284/459] AMZB
[01:55:21] [285/459] SUVT
[01:55:23] [286/459] RCIP
[01:55:24] [287/459] KESR
[01:55:24] [288/459] SNKC
[01:55:25] [289/459] SCED
[01:55:27] [290/459] DVCA
[01:55:28] [291/459] VCDT
[01:55:29] [292/459] RRDI
[01:55:30] [293/459] DFCH
[01:55:30] [294/459] INSC
[01:55:31] [295/459] RGTR
[01:55:32] [296/459] FMOT
[01:55:33] [297/459] SCPM
[01:55:34] [298/459] GCDT
[01:55:34] [299/459] BRKT
[01:55:35] [300/459] DEMP
[01:55:36] [301/459] SRLC
[01:55:38] [302/459] KSTT
[01:55:39] [303/459] SMMT
[01:55:39] [304/459] SILM
[01:55:40] [305/459] JCVM
[01:55:41] [306/459] KCSV
[01:55:42] [307/459] MHLK
[01:55:43] [308/459] SLVL
[01:55:45] [309/459] RJKP
[01:55:45] [310/459] BBPC
[01:55:46] [311/459] MXCB
[01:55:47] [312/459] TCPK
[01:55:48] [313/459] RTBR
[01:55:49] [314/459] GAUT
[01:55:50] [315/459] DVCF
[01:55:51] [316/459] JTSB
[01:55:52] [317/459] SBLS
[01:55:53] [318/459] UDAY
[01:55:54] [319/459] PTNP
[01:55:55] [320/459] DMKT
[01:55:56] [321/459] NTDT
[01:55:56] [322/459] SHDJ
[01:55:57] [323/459] OTNC
[01:55:58] [324/459] RNTW
[01:55:59] [325/459] GCMI
[01:55:59] [326/459] CRCM
[01:56:01] [327/459] NNCZ
[01:56:02] [328/459] OEMO
[01:56:03] [329/459] PVJM
[01:56:04] [330/459] CPJI
[01:56:05] [331/459] RMCJ
[01:56:06] [332/459] CNWJ
[01:56:06] [333/459] EPJM
[01:56:07] [334/459] FNJJ
[01:56:08] [335/459] GCMJ
[01:56:09] [336/459] INPS
[01:56:10] [337/459] BICJ
[01:56:11] [338/459] ISTJ
[01:56:12] [339/459] INJC
[01:56:13] [340/459] GLXJ
[01:56:14] [341/459] INEM
[01:56:15] [342/459] JTMN
[01:56:16] [343/459] FRCJ
[01:56:17] [344/459] DDJP
[01:56:18] [345/459] INJV
[01:56:19] [346/459] GOLC
[01:56:20] [347/459] KOCI
[01:56:21] [348/459] FSTD
[01:56:22] [349/459] PACJ
[01:56:23] [350/459] GMCN
[01:56:24] [351/459] MMDJ
[01:56:24] [352/459] GODH
[01:56:26] [353/459] SKYN
[01:56:27] [354/459] NCTH
[01:56:28] [355/459] SKVZ
[01:56:29] [356/459] SVML
[01:56:30] [357/459] ACVZ
[01:56:30] [358/459] SURA
[01:56:31] [359/459] RTRB
[01:56:32] [360/459] LLCT
[01:56:33] [361/459] ATTS
[01:56:34] [362/459] JYCM
[01:56:35] [363/459] CTKR
[01:56:36] [364/459] LCKR
[01:56:36] [365/459] NYCV
[01:56:37] [366/459] NYOH
[01:56:38] [367/459] NOVX
[01:56:39] [368/459] MRGK
[01:56:40] [369/459] MOON
[01:56:42] [370/459] SBUC
[01:56:42] [371/459] GSVA
[01:56:43] [372/459] VIAK
[01:56:44] [373/459] SMVZ
[01:56:45] [374/459] MATE
[01:56:45] [375/459] RDCN
[01:56:46] [376/459] ASBL
[01:56:47] [377/459] ASVS
[01:56:49] [378/459] ASSR
[01:56:49] [379/459] SSKN
[01:56:50] [380/459] DRPV
[01:56:51] [381/459] MRHT
[01:56:52] [382/459] BSCN
[01:56:52] [383/459] RKNX
[01:56:53] [384/459] MSMC
[01:56:54] [385/459] MSCJ
[01:56:55] [386/459] BTBJ
[01:56:56] [387/459] MJCC
[01:56:56] [388/459] IOMM
[01:56:57] [389/459] ADGR
[01:56:58] [390/459] MYCP
[01:56:59] [391/459] IGCM
[01:57:00] [392/459] PGRK
[01:57:01] [393/459] VPGO
[01:57:02] [394/459] KOMS
[01:57:03] [395/459] URGG
[01:57:04] [396/459] GOST
[01:57:05] [397/459] LACT
[01:57:06] [398/459] BWCM
[01:57:07] [399/459] NCCW
[01:57:08] [400/459] SKYC
[01:57:08] [401/459] CCPM
[01:57:09] [402/459] VCBT
[01:57:10] [403/459] SDKR
[01:57:11] [404/459] CTYB
[01:57:11] [405/459] SHCX
[01:57:13] [406/459] RCUN
[01:57:14] [407/459] CNRA
[01:57:15] [408/459] RFCA
[01:57:15] [409/459] RDCU
[01:57:16] [410/459] SARK
[01:57:17] [411/459] SPPP
[01:57:18] [412/459] ADMB
[01:57:19] [413/459] JYOE
[01:57:19] [414/459] SRMD
[01:57:20] [415/459] RJDH
[01:57:22] [416/459] SSTD
[01:57:23] [417/459] AACV
[01:57:23] [418/459] PPVD
[01:57:24] [419/459] STCP
[01:57:25] [420/459] ANJR
[01:57:26] [421/459] ANLS
[01:57:27] [422/459] BIJO
[01:57:28] [423/459] AVAB
[01:57:28] [424/459] SPMD
[01:57:29] [425/459] SVJL
[01:57:30] [426/459] SDDJ
[01:57:31] [427/459] SLTU
[01:57:31] [428/459] SAKA
[01:57:33] [429/459] PMAM
[01:57:33] [430/459] FNAM
[01:57:34] [431/459] ACAM
[01:57:35] [432/459] SCMM
[01:57:36] [433/459] PMAK
[01:57:37] [434/459] NYSA
[01:57:38] [435/459] FCPA
[01:57:39] [436/459] GDAN
[01:57:39] [437/459] RSCA
[01:57:40] [438/459] DMAN
[01:57:41] [439/459] DZCM
[01:57:43] [440/459] NSGL
[01:57:44] [441/459] CCPP
[01:57:45] [442/459] PSMG
[01:57:46] [443/459] GSER
[01:57:46] [444/459] FCCT
[01:57:47] [445/459] FCTB
[01:57:48] [446/459] LCNK
[01:57:49] [447/459] SKTY
[01:57:50] [448/459] INAA
[01:57:51] [449/459] RCWN
[01:57:51] [450/459] VAIS
[01:57:53] [451/459] CVMN
[01:57:54] [452/459] INTS
[01:57:55] [453/459] FRGS
[01:57:56] [454/459] DTCK
[01:57:57] [455/459] MCMH
[01:57:58] [456/459] ECRR
[01:57:58] [457/459] RLLP
[01:57:59] [458/459] CCSN
[01:58:01] [459/459] CCBA
[01:58:02] ✅ DONE | Shows=0 | Movies=0
[02:47:35] 🚀 BMS DAILY TRACKER STARTED
[02:47:35] [1/459] MBDC
[02:47:35] 🧠 New identity
[02:47:36] [2/459] CHKM
[02:47:36] [3/459] JTKZ
[02:47:37] [4/459] CMCT
[02:47:38] [5/459] ASHO
[02:47:38] [6/459] ECDG
[02:47:39] [7/459] SPAT
[02:47:39] [8/459] HILC
[02:47:40] [9/459] SPPH
[02:47:40] [10/459] SBHN
[02:47:41] [11/459] RRCA
[02:47:42] [12/459] APAA
[02:47:42] [13/459] RAME
[02:47:43] [14/459] TMMS
[02:47:43] [15/459] BATK
[02:47:44] [16/459] LKOP
[02:47:44] [17/459] AMTT
[02:47:45] [18/459] PTGK
[02:47:45] [19/459] ANRS
[02:47:46] [20/459] VWBW
[02:47:46] [21/459] SVFG
[02:47:47] [22/459] STAT
[02:47:48] [23/459] GDCV
[02:47:48] [24/459] VEBI
[02:47:49] [25/459] VDSS
[02:47:49] [26/459] NTHV
[02:47:50] [27/459] AOCH
[02:47:51] [28/459] KASR
[02:47:52] [29/459] AYCS
[02:47:52] [30/459] SHAI
[02:47:53] [31/459] SKPE
[02:47:54] [32/459] SBTA
[02:47:54] [33/459] RTTD
[02:47:55] [34/459] CCJD
[02:47:56] [35/459] RSJJ
[02:47:56] [36/459] RKND
[02:47:57] [37/459] SVTX
[02:47:57] [38/459] BAKM
[02:47:58] [39/459] SVDC
[02:47:58] [40/459] MNCV
[02:47:59] [41/459] SJGC
[02:48:00] [42/459] MTPK
[02:48:00] [43/459] GATP
[02:48:01] [44/459] ABTS
[02:48:01] [45/459] ABDE
[02:48:02] [46/459] RCNM
[02:48:02] [47/459] KTHV
[02:48:03] [48/459] MDGJ
[02:48:03] [49/459] SMLM
[02:48:04] [50/459] JTMA
[02:48:04] [51/459] ACKP
[02:48:05] [52/459] SRTA
[02:48:06] [53/459] STAY
[02:48:06] [54/459] MAVO
[02:48:07] [55/459] APTS
[02:48:08] [56/459] OMEA
[02:48:08] [57/459] TTFD
[02:48:09] [58/459] MJCU
[02:48:09] [59/459] CXTE
[02:48:10] [60/459] CTPX
[02:48:11] [61/459] ASSL
[02:48:11] [62/459] CMVB
[02:48:12] [63/459] VPUR
[02:48:13] [64/459] JJDA
[02:48:13] [65/459] INBL
[02:48:14] [66/459] BIKB
[02:48:14] [67/459] NTBB
[02:48:15] [68/459] GLOB
[02:48:16] [69/459] SNTB
[02:48:16] [70/459] CHGV
[02:48:17] [71/459] SSBZ
[02:48:17] [72/459] PRDB
[02:48:18] [73/459] ISMT
[02:48:18] [74/459] MCSD
[02:48:19] [75/459] JBTT
[02:48:20] [76/459] GEKR
[02:48:20] [77/459] PVUN
[02:48:20] [78/459] NRTB
[02:48:21] [79/459] PRAA
[02:48:22] [80/459] PCBL
[02:48:22] [81/459] PTCM
[02:48:23] [82/459] KHNN
[02:48:24] [83/459] OMJE
[02:48:24] [84/459] STGN
[02:48:25] [85/459] RPMS
[02:48:26] [86/459] NWAD
[02:48:26] [87/459] BLCK
[02:48:27] [88/459] SVAA
[02:48:27] [89/459] URVM
[02:48:28] [90/459] ANTM
[02:48:29] [91/459] VJYM
[02:48:29] [92/459] MAZZ
[02:48:30] [93/459] CSHM
[02:48:31] [94/459] WGMH
[02:48:31] [95/459] SALN
[02:48:32] [96/459] BRTP
[02:48:32] [97/459] SVTA
[02:48:33] [98/459] SBTP
[02:48:33] [99/459] VLSS
[02:48:34] [100/459] SRJA
[02:48:35] [101/459] ANCG
[02:48:35] [102/459] CGGC
[02:48:36] [103/459] CRJA
[02:48:37] [104/459] USCR
[02:48:37] [105/459] MMEF
[02:48:38] [106/459] JCRJ
[02:48:38] [107/459] ADCM
[02:48:39] [108/459] BMYK
[02:48:39] [109/459] KICS
[02:48:40] [110/459] MBBT
[02:48:40] [111/459] MACK
[02:48:41] [112/459] CLDR
[02:48:41] [113/459] JYCR
[02:48:42] [114/459] DCRP
[02:48:43] [115/459] RAHT
[02:48:43] [116/459] CSSM
[02:48:44] [117/459] ATPK
[02:48:44] [118/459] KLRT
[02:48:45] [119/459] SRDD
[02:48:46] [120/459] CKMC
[02:48:46] [121/459] KRVM
[02:48:46] [122/459] AKCP
[02:48:47] [123/459] CNCV
[02:48:48] [124/459] PACT
[02:48:48] [125/459] NATP
[02:48:49] [126/459] PCPK
[02:48:50] [127/459] SMHO
[02:48:50] [128/459] CWTK
[02:48:51] [129/459] RVKZ
[02:48:51] [130/459] ASPD
[02:48:52] [131/459] VTKZ
[02:48:52] [132/459] LCSO
[02:48:53] [133/459] PRDY
[02:48:54] [134/459] RCAP
[02:48:54] [135/459] RGAR
[02:48:55] [136/459] RCAC
[02:48:56] [137/459] PMOD
[02:48:56] [138/459] PVCN
[02:48:57] [139/459] SCRZ
[02:48:57] [140/459] PVPC
[02:48:58] [141/459] STID
[02:48:59] [142/459] NEDD
[02:48:59] [143/459] BNBA
[02:48:59] [144/459] NTCD
[02:49:00] [145/459] OCDE
[02:49:01] [146/459] CCDU
[02:49:01] [147/459] CRXH
[02:49:02] [148/459] VLVT
[02:49:02] [149/459] CICI
[02:49:03] [150/459] SUCB
[02:49:04] [151/459] TCBP
[02:49:04] [152/459] SCCY
[02:49:05] [153/459] LXCY
[02:49:06] [154/459] NCMD
[02:49:06] [155/459] PHCS
[02:49:07] [156/459] DUXR
[02:49:07] [157/459] VNKS
[02:49:08] [158/459] SEDP
[02:49:08] [159/459] SVEN
[02:49:09] [160/459] SRKM
[02:49:09] [161/459] JTLT
[02:49:10] [162/459] SVSS
[02:49:10] [163/459] AMDE
[02:49:11] [164/459] WVRN
[02:49:11] [165/459] ISMG
[02:49:12] [166/459] WVKS
[02:49:13] [167/459] USCG
[02:49:13] [168/459] IOTG
[02:49:14] [169/459] RRJM
[02:49:14] [170/459] EDMP
[02:49:15] [171/459] SCGZ
[02:49:16] [172/459] GMGX
[02:49:16] [173/459] OMTP
[02:49:17] [174/459] MITD
[02:49:17] [175/459] SMMD
[02:49:18] [176/459] STML
[02:49:19] [177/459] MCFS
[02:49:19] [178/459] FPKA
[02:49:20] [179/459] OMLR
[02:49:21] [180/459] KKSC
[02:49:21] [181/459] RVMA
[02:49:22] [182/459] SCLL
[02:49:23] [183/459] SCDK
[02:49:23] [184/459] SXMI
[02:49:24] [185/459] SHDN
[02:49:24] [186/459] PAAD
[02:49:25] [187/459] UUCB
[02:49:26] [188/459] JHOL
[02:49:26] [189/459] SGWT
[02:49:27] [190/459] SRII
[02:49:28] [191/459] SGCK
[02:49:28] [192/459] SVVB
[02:49:29] [193/459] DMHA
[02:49:29] [194/459] PPNL
[02:49:30] [195/459] CPNL
[02:49:30] [196/459] WVLD
[02:49:31] [197/459] PSLV
[02:49:31] [198/459] VTTL
[02:49:31] [199/459] NPAD
[02:49:32] [200/459] PVCS
[02:49:32] [201/459] MCHL
[02:49:33] [202/459] PPLL
[02:49:34] [203/459] MALO
[02:49:34] [204/459] SWBH
[02:49:35] [205/459] PUGB
[02:49:36] [206/459] INBB
[02:49:36] [207/459] INNS
[02:49:37] [208/459] MCPT
[02:49:37] [209/459] SCMI
[02:49:38] [210/459] OCON
[02:49:38] [211/459] SCSM
[02:49:39] [212/459] RJVN
[02:49:40] [213/459] AMDK
[02:49:40] [214/459] ISMR
[02:49:41] [215/459] SMTD
[02:49:42] [216/459] VTDD
[02:49:42] [217/459] PDDZ
[02:49:43] [218/459] PCCK
[02:49:43] [219/459] INAM
[02:49:44] [220/459] FNKT
[02:49:44] [221/459] GDKA
[02:49:45] [222/459] MAYU
[02:49:45] [223/459] TCGU
[02:49:46] [224/459] KDCA
[02:49:46] [225/459] DOMY
[02:49:47] [226/459] PDDD
[02:49:48] [227/459] BJTS
[02:49:48] [228/459] VTCA
[02:49:49] [229/459] SBTM
[02:49:49] [230/459] SEET
[02:49:50] [231/459] SSTJ
[02:49:50] [232/459] SVNT
[02:49:51] [233/459] PPPR
[02:49:52] [234/459] PVYS
[02:49:52] [235/459] IOSE
[02:49:53] [236/459] ACTV
[02:49:53] [237/459] APVE
[02:49:54] [238/459] TCCL
[02:49:54] [239/459] SCMO
[02:49:55] [240/459] SAUM
[02:49:55] [241/459] KCJS
[02:49:56] [242/459] NJCJ
[02:49:56] [243/459] NECF
[02:49:57] [244/459] CCGW
[02:49:57] [245/459] CCMG
[02:49:58] [246/459] NYRG
[02:49:59] [247/459] NCSQ
[02:49:59] [248/459] GRCG
[02:50:00] [249/459] CCBT
[02:50:01] [250/459] ACGA
[02:50:01] [251/459] INAG
[02:50:02] [252/459] FUCG
[02:50:02] [253/459] AICF
[02:50:03] [254/459] GRGA
[02:50:03] [255/459] GDCN
[02:50:04] [256/459] RRCG
[02:50:05] [257/459] SDCH
[02:50:05] [258/459] WVJM
[02:50:06] [259/459] JCCZ
[02:50:07] [260/459] CNCL
[02:50:07] [261/459] TMLV
[02:50:08] [262/459] MEMB
[02:50:08] [263/459] SGTD
[02:50:09] [264/459] CONX
[02:50:10] [265/459] CCMH
[02:50:10] [266/459] ACMC
[02:50:11] [267/459] DTPD
[02:50:11] [268/459] POJA
[02:50:12] [269/459] FNBH
[02:50:13] [270/459] CGCB
[02:50:13] [271/459] RACN
[02:50:14] [272/459] JTSM
[02:50:14] [273/459] SCDN
[02:50:14] [274/459] AACK
[02:50:15] [275/459] RMCE
[02:50:16] [276/459] BSGB
[02:50:16] [277/459] MRCB
[02:50:17] [278/459] SRVR
[02:50:17] [279/459] VTKK
[02:50:18] [280/459] AMST
[02:50:19] [281/459] APCY
[02:50:19] [282/459] LMHO
[02:50:20] [283/459] MTZH
[02:50:21] [284/459] AMZB
[02:50:21] [285/459] SUVT
[02:50:22] [286/459] RCIP
[02:50:22] [287/459] KESR
[02:50:23] [288/459] SNKC
[02:50:23] [289/459] SCED
[02:50:24] [290/459] DVCA
[02:50:25] [291/459] VCDT
[02:50:25] [292/459] RRDI
[02:50:26] [293/459] DFCH
[02:50:27] [294/459] INSC
[02:50:27] [295/459] RGTR
[02:50:28] [296/459] FMOT
[02:50:28] [297/459] SCPM
[02:50:29] [298/459] GCDT
[02:50:30] [299/459] BRKT
[02:50:31] [300/459] DEMP
[02:50:31] [301/459] SRLC
[02:50:32] [302/459] KSTT
[02:50:32] [303/459] SMMT
[02:50:33] [304/459] SILM
[02:50:33] [305/459] JCVM
[02:50:34] [306/459] KCSV
[02:50:35] [307/459] MHLK
[02:50:35] [308/459] SLVL
[02:50:36] [309/459] RJKP
[02:50:36] [310/459] BBPC
[02:50:37] [311/459] MXCB
[02:50:38] [312/459] TCPK
[02:50:38] [313/459] RTBR
[02:50:39] [314/459] GAUT
[02:50:40] [315/459] DVCF
[02:50:40] [316/459] JTSB
[02:50:41] [317/459] SBLS
[02:50:41] [318/459] UDAY
[02:50:42] [319/459] PTNP
[02:50:43] [320/459] DMKT
[02:50:43] [321/459] NTDT
[02:50:44] [322/459] SHDJ
[02:50:44] [323/459] OTNC
[02:50:45] [324/459] RNTW
[02:50:46] [325/459] GCMI
[02:50:46] [326/459] CRCM
[02:50:47] [327/459] NNCZ
[02:50:47] [328/459] OEMO
[02:50:48] [329/459] PVJM
[02:50:48] [330/459] CPJI
[02:50:49] [331/459] RMCJ
[02:50:49] [332/459] CNWJ
[02:50:50] [333/459] EPJM
[02:50:51] [334/459] FNJJ
[02:50:51] [335/459] GCMJ
[02:50:52] [336/459] INPS
[02:50:53] [337/459] BICJ
[02:50:53] [338/459] ISTJ
[02:50:54] [339/459] INJC
[02:50:55] [340/459] GLXJ
[02:50:55] [341/459] INEM
[02:50:56] [342/459] JTMN
[02:50:56] [343/459] FRCJ
[02:50:57] [344/459] DDJP
[02:50:58] [345/459] INJV
[02:50:58] [346/459] GOLC
[02:50:59] [347/459] KOCI
[02:50:59] [348/459] FSTD
[02:51:00] [349/459] PACJ
[02:51:00] [350/459] GMCN
[02:51:01] [351/459] MMDJ
[02:51:02] [352/459] GODH
[02:51:02] [353/459] SKYN
[02:51:03] [354/459] NCTH
[02:51:03] [355/459] SKVZ
[02:51:04] [356/459] SVML
[02:51:05] [357/459] ACVZ
[02:51:05] [358/459] SURA
[02:51:06] [359/459] RTRB
[02:51:06] [360/459] LLCT
[02:51:07] [361/459] ATTS
[02:51:08] [362/459] JYCM
[02:51:08] [363/459] CTKR
[02:51:09] [364/459] LCKR
[02:51:09] [365/459] NYCV
[02:51:10] [366/459] NYOH
[02:51:10] [367/459] NOVX
[02:51:11] [368/459] MRGK
[02:51:12] [369/459] MOON
[02:51:12] [370/459] SBUC
[02:51:13] [371/459] GSVA
[02:51:13] [372/459] VIAK
[02:51:14] [373/459] SMVZ
[02:51:14] [374/459] MATE
[02:51:15] [375/459] RDCN
[02:51:15] [376/459] ASBL
[02:51:16] [377/459] ASVS
[02:51:16] [378/459] ASSR
[02:51:17] [379/459] SSKN
[02:51:17] [380/459] DRPV
[02:51:18] [381/459] MRHT
[02:51:18] [382/459] BSCN
[02:51:19] [383/459] RKNX
[02:51:19] [384/459] MSMC
[02:51:20] [385/459] MSCJ
[02:51:21] [386/459] BTBJ
[02:51:21] [387/459] MJCC
[02:51:22] [388/459] IOMM
[02:51:22] [389/459] ADGR
[02:51:23] [390/459] MYCP
[02:51:23] [391/459] IGCM
[02:51:24] [392/459] PGRK
[02:51:24] [393/459] VPGO
[02:51:25] [394/459] KOMS
[02:51:25] [395/459] URGG
[02:51:26] [396/459] GOST
[02:51:26] [397/459] LACT
[02:51:27] [398/459] BWCM
[02:51:28] [399/459] NCCW
[02:51:28] [400/459] SKYC
[02:51:29] [401/459] CCPM
[02:51:29] [402/459] VCBT
[02:51:30] [403/459] SDKR
[02:51:30] [404/459] CTYB
[02:51:31] [405/459] SHCX
[02:51:31] [406/459] RCUN
[02:51:32] [407/459] CNRA
[02:51:32] [408/459] RFCA
[02:51:33] [409/459] RDCU
[02:51:34] [410/459] SARK
[02:51:34] [411/459] SPPP
[02:51:35] [412/459] ADMB
[02:51:35] [413/459] JYOE
[02:51:36] [414/459] SRMD
[02:51:37] [415/459] RJDH
[02:51:37] [416/459] SSTD
[02:51:38] [417/459] AACV
[02:51:39] [418/459] PPVD
[02:51:39] [419/459] STCP
[02:51:40] [420/459] ANJR
[02:51:41] [421/459] ANLS
[02:51:41] [422/459] BIJO
[02:51:42] [423/459] AVAB
[02:51:42] [424/459] SPMD
[02:51:43] [425/459] SVJL
[02:51:43] [426/459] SDDJ
[02:51:44] [427/459] SLTU
[02:51:44] [428/459] SAKA
[02:51:45] [429/459] PMAM
[02:51:46] [430/459] FNAM
[02:51:46] [431/459] ACAM
[02:51:47] [432/459] SCMM
[02:51:48] [433/459] PMAK
[02:51:48] [434/459] NYSA
[02:51:49] [435/459] FCPA
[02:51:49] [436/459] GDAN
[02:51:50] [437/459] RSCA
[02:51:50] [438/459] DMAN
[02:51:51] [439/459] DZCM
[02:51:52] [440/459] NSGL
[02:51:52] [441/459] CCPP
[02:51:53] [442/459] PSMG
[02:51:53] [443/459] GSER
[02:51:54] [444/459] FCCT
[02:51:55] [445/459] FCTB
[02:51:55] [446/459] LCNK
[02:51:56] [447/459] SKTY
[02:51:56] [448/459] INAA
[02:51:57] [449/459] RCWN
[02:51:57] [450/459] VAIS
[02:51:58] [451/459] CVMN
[02:51:59] [452/459] INTS
[02:51:59] [453/459] FRGS
[02:51:59] [454/459] DTCK
[02:52:00] [455/459] MCMH
[02:52:00] [456/459] ECRR
[02:52:01] [457/459] RLLP
[02:52:02] [458/459] CCSN
[02:52:02] [459/459] CCBA
[02:52:03] ✅ DONE | Shows=0 | Movies=0
[03:49:03] 🚀 BMS DAILY TRACKER STARTED
[03:49:03] [1/459] MBDC
[03:49:03] 🧠 New identity
[03:49:03] [2/459] CHKM
[03:49:04] [3/459] JTKZ
[03:49:05] [4/459] CMCT
[03:49:06] [5/459] ASHO
[03:49:06] [6/459] ECDG
[03:49:07] [7/459] SPAT
[03:49:08] [8/459] HILC
[03:49:08] [9/459] SPPH
[03:49:09] [10/459] SBHN
[03:49:09] [11/459] RRCA
[03:49:10] [12/459] APAA
[03:49:10] [13/459] RAME
[03:49:11] [14/459] TMMS
[03:49:12] [15/459] BATK
[03:49:12] [16/459] LKOP
[03:49:13] [17/459] AMTT
[03:49:13] [18/459] PTGK
[03:49:14] [19/459] ANRS
[03:49:15] [20/459] VWBW
[03:49:15] [21/459] SVFG
[03:49:16] [22/459] STAT
[03:49:16] [23/459] GDCV
[03:49:17] [24/459] VEBI
[03:49:18] [25/459] VDSS
[03:49:18] [26/459] NTHV
[03:49:19] [27/459] AOCH
[03:49:20] [28/459] KASR
[03:49:20] [29/459] AYCS
[03:49:21] [30/459] SHAI
[03:49:21] [31/459] SKPE
[03:49:22] [32/459] SBTA
[03:49:23] [33/459] RTTD
[03:49:23] [34/459] CCJD
[03:49:24] [35/459] RSJJ
[03:49:24] [36/459] RKND
[03:49:25] [37/459] SVTX
[03:49:26] [38/459] BAKM
[03:49:26] [39/459] SVDC
[03:49:27] [40/459] MNCV
[03:49:27] [41/459] SJGC
[03:49:28] [42/459] MTPK
[03:49:29] [43/459] GATP
[03:49:30] [44/459] ABTS
[03:49:30] [45/459] ABDE
[03:49:31] [46/459] RCNM
[03:49:32] [47/459] KTHV
[03:49:32] [48/459] MDGJ
[03:49:33] [49/459] SMLM
[03:49:33] [50/459] JTMA
[03:49:34] [51/459] ACKP
[03:49:35] [52/459] SRTA
[03:49:35] [53/459] STAY
[03:49:36] [54/459] MAVO
[03:49:36] [55/459] APTS
[03:49:37] [56/459] OMEA
[03:49:38] [57/459] TTFD
[03:49:38] [58/459] MJCU
[03:49:39] [59/459] CXTE
[03:49:39] [60/459] CTPX
[03:49:40] [61/459] ASSL
[03:49:41] [62/459] CMVB
[03:49:41] [63/459] VPUR
[03:49:42] [64/459] JJDA
[03:49:43] [65/459] INBL
[03:49:43] [66/459] BIKB
[03:49:44] [67/459] NTBB
[03:49:44] [68/459] GLOB
[03:49:45] [69/459] SNTB
[03:49:46] [70/459] CHGV
[03:49:46] [71/459] SSBZ
[03:49:47] [72/459] PRDB
[03:49:47] [73/459] ISMT
[03:49:48] [74/459] MCSD
[03:49:49] [75/459] JBTT
[03:49:49] [76/459] GEKR
[03:49:50] [77/459] PVUN
[03:49:50] [78/459] NRTB
[03:49:51] [79/459] PRAA
[03:49:51] [80/459] PCBL
[03:49:52] [81/459] PTCM
[03:49:53] [82/459] KHNN
[03:49:53] [83/459] OMJE
[03:49:53] [84/459] STGN
[03:49:54] [85/459] RPMS
[03:49:55] [86/459] NWAD
[03:49:55] [87/459] BLCK
[03:49:56] [88/459] SVAA
[03:49:57] [89/459] URVM
[03:49:57] [90/459] ANTM
[03:49:58] [91/459] VJYM
[03:49:58] [92/459] MAZZ
[03:49:59] [93/459] CSHM
[03:50:00] [94/459] WGMH
[03:50:00] [95/459] SALN
[03:50:00] [96/459] BRTP
[03:50:01] [97/459] SVTA
[03:50:02] [98/459] SBTP
[03:50:02] [99/459] VLSS
[03:50:03] [100/459] SRJA
[03:50:04] [101/459] ANCG
[03:50:04] [102/459] CGGC
[03:50:05] [103/459] CRJA
[03:50:05] [104/459] USCR
[03:50:06] [105/459] MMEF
[03:50:06] [106/459] JCRJ
[03:50:07] [107/459] ADCM
[03:50:07] [108/459] BMYK
[03:50:08] [109/459] KICS
[03:50:08] [110/459] MBBT
[03:50:09] [111/459] MACK
[03:50:10] [112/459] CLDR
[03:50:10] [113/459] JYCR
[03:50:11] [114/459] DCRP
[03:50:11] [115/459] RAHT
[03:50:12] [116/459] CSSM
[03:50:13] [117/459] ATPK
[03:50:13] [118/459] KLRT
[03:50:14] [119/459] SRDD
[03:50:14] [120/459] CKMC
[03:50:15] [121/459] KRVM
[03:50:16] [122/459] AKCP
[03:50:16] [123/459] CNCV
[03:50:17] [124/459] PACT
[03:50:18] [125/459] NATP
[03:50:18] [126/459] PCPK
[03:50:19] [127/459] SMHO
[03:50:20] [128/459] CWTK
[03:50:20] [129/459] RVKZ
[03:50:21] [130/459] ASPD
[03:50:21] [131/459] VTKZ
[03:50:22] [132/459] LCSO
[03:50:23] [133/459] PRDY
[03:50:23] [134/459] RCAP
[03:50:24] [135/459] RGAR
[03:50:24] [136/459] RCAC
[03:50:25] [137/459] PMOD
[03:50:25] [138/459] PVCN
[03:50:26] [139/459] SCRZ
[03:50:26] [140/459] PVPC
[03:50:27] [141/459] STID
[03:50:27] [142/459] NEDD
[03:50:28] [143/459] BNBA
[03:50:28] [144/459] NTCD
[03:50:29] [145/459] OCDE
[03:50:30] [146/459] CCDU
[03:50:30] [147/459] CRXH
[03:50:31] [148/459] VLVT
[03:50:32] [149/459] CICI
[03:50:32] [150/459] SUCB
[03:50:33] [151/459] TCBP
[03:50:33] [152/459] SCCY
[03:50:34] [153/459] LXCY
[03:50:34] [154/459] NCMD
[03:50:35] [155/459] PHCS
[03:50:36] [156/459] DUXR
[03:50:37] [157/459] VNKS
[03:50:37] [158/459] SEDP
[03:50:38] [159/459] SVEN
[03:50:38] [160/459] SRKM
[03:50:39] [161/459] JTLT
[03:50:39] [162/459] SVSS
[03:50:40] [163/459] AMDE
[03:50:40] [164/459] WVRN
[03:50:41] [165/459] ISMG
[03:50:42] [166/459] WVKS
[03:50:42] [167/459] USCG
[03:50:43] [168/459] IOTG
[03:50:44] [169/459] RRJM
[03:50:44] [170/459] EDMP
[03:50:45] [171/459] SCGZ
[03:50:45] [172/459] GMGX
[03:50:46] [173/459] OMTP
[03:50:46] [174/459] MITD
[03:50:47] [175/459] SMMD
[03:50:48] [176/459] STML
[03:50:48] [177/459] MCFS
[03:50:49] [178/459] FPKA
[03:50:49] [179/459] OMLR
[03:50:50] [180/459] KKSC
[03:50:51] [181/459] RVMA
[03:50:51] [182/459] SCLL
[03:50:52] [183/459] SCDK
[03:50:52] [184/459] SXMI
[03:50:53] [185/459] SHDN
[03:50:54] [186/459] PAAD
[03:50:54] [187/459] UUCB
[03:50:55] [188/459] JHOL
[03:50:56] [189/459] SGWT
[03:50:56] [190/459] SRII
[03:50:57] [191/459] SGCK
[03:50:57] [192/459] SVVB
[03:50:58] [193/459] DMHA
[03:50:59] [194/459] PPNL
[03:50:59] [195/459] CPNL
[03:51:00] [196/459] WVLD
[03:51:01] [197/459] PSLV
[03:51:02] [198/459] VTTL
[03:51:02] [199/459] NPAD
[03:51:03] [200/459] PVCS
[03:51:04] [201/459] MCHL
[03:51:04] [202/459] PPLL
[03:51:05] [203/459] MALO
[03:51:05] [204/459] SWBH
[03:51:06] [205/459] PUGB
[03:51:07] [206/459] INBB
[03:51:07] [207/459] INNS
[03:51:08] [208/459] MCPT
[03:51:09] [209/459] SCMI
[03:51:09] [210/459] OCON
[03:51:10] [211/459] SCSM
[03:51:10] [212/459] RJVN
[03:51:11] [213/459] AMDK
[03:51:12] [214/459] ISMR
[03:51:12] [215/459] SMTD
[03:51:13] [216/459] VTDD
[03:51:13] [217/459] PDDZ
[03:51:14] [218/459] PCCK
[03:51:14] [219/459] INAM
[03:51:15] [220/459] FNKT
[03:51:15] [221/459] GDKA
[03:51:16] [222/459] MAYU
[03:51:17] [223/459] TCGU
[03:51:17] [224/459] KDCA
[03:51:18] [225/459] DOMY
[03:51:19] [226/459] PDDD
[03:51:19] [227/459] BJTS
[03:51:20] [228/459] VTCA
[03:51:21] [229/459] SBTM
[03:51:21] [230/459] SEET
[03:51:22] [231/459] SSTJ
[03:51:23] [232/459] SVNT
[03:51:23] [233/459] PPPR
[03:51:24] [234/459] PVYS
[03:51:24] [235/459] IOSE
[03:51:25] [236/459] ACTV
[03:51:25] [237/459] APVE
[03:51:26] [238/459] TCCL
[03:51:26] [239/459] SCMO
[03:51:27] [240/459] SAUM
[03:51:28] [241/459] KCJS
[03:51:28] [242/459] NJCJ
[03:51:29] [243/459] NECF
[03:51:30] [244/459] CCGW
[03:51:31] [245/459] CCMG
[03:51:31] [246/459] NYRG
[03:51:32] [247/459] NCSQ
[03:51:33] [248/459] GRCG
[03:51:33] [249/459] CCBT
[03:51:34] [250/459] ACGA
[03:51:34] [251/459] INAG
[03:51:35] [252/459] FUCG
[03:51:36] [253/459] AICF
[03:51:36] [254/459] GRGA
[03:51:37] [255/459] GDCN
[03:51:38] [256/459] RRCG
[03:51:38] [257/459] SDCH
[03:51:39] [258/459] WVJM
[03:51:39] [259/459] JCCZ
[03:51:40] [260/459] CNCL
[03:51:40] [261/459] TMLV
[03:51:41] [262/459] MEMB
[03:51:42] [263/459] SGTD
[03:51:43] [264/459] CONX
[03:51:43] [265/459] CCMH
[03:51:44] [266/459] ACMC
[03:51:45] [267/459] DTPD
[03:51:45] [268/459] POJA
[03:51:46] [269/459] FNBH
[03:51:46] [270/459] CGCB
[03:51:47] [271/459] RACN
[03:51:48] [272/459] JTSM
[03:51:48] [273/459] SCDN
[03:51:49] [274/459] AACK
[03:51:49] [275/459] RMCE
[03:51:50] [276/459] BSGB
[03:51:51] [277/459] MRCB
[03:51:51] [278/459] SRVR
[03:51:52] [279/459] VTKK
[03:51:52] [280/459] AMST
[03:51:53] [281/459] APCY
[03:51:54] [282/459] LMHO
[03:51:54] [283/459] MTZH
[03:51:55] [284/459] AMZB
[03:51:55] [285/459] SUVT
[03:51:56] [286/459] RCIP
[03:51:56] [287/459] KESR
[03:51:57] [288/459] SNKC
[03:51:58] [289/459] SCED
[03:51:58] [290/459] DVCA
[03:51:59] [291/459] VCDT
[03:51:59] [292/459] RRDI
[03:52:00] [293/459] DFCH
[03:52:00] [294/459] INSC
[03:52:01] [295/459] RGTR
[03:52:02] [296/459] FMOT
[03:52:02] [297/459] SCPM
[03:52:03] [298/459] GCDT
[03:52:03] [299/459] BRKT
[03:52:04] [300/459] DEMP
[03:52:05] [301/459] SRLC
[03:52:05] [302/459] KSTT
[03:52:06] [303/459] SMMT
[03:52:07] [304/459] SILM
[03:52:07] [305/459] JCVM
[03:52:08] [306/459] KCSV
[03:52:08] [307/459] MHLK
[03:52:09] [308/459] SLVL
[03:52:09] [309/459] RJKP
[03:52:10] [310/459] BBPC
[03:52:11] [311/459] MXCB
[03:52:11] [312/459] TCPK
[03:52:12] [313/459] RTBR
[03:52:12] [314/459] GAUT
[03:52:13] [315/459] DVCF
[03:52:13] [316/459] JTSB
[03:52:14] [317/459] SBLS
[03:52:15] [318/459] UDAY
[03:52:15] [319/459] PTNP
[03:52:16] [320/459] DMKT
[03:52:17] [321/459] NTDT
[03:52:17] [322/459] SHDJ
[03:52:18] [323/459] OTNC
[03:52:18] [324/459] RNTW
[03:52:19] [325/459] GCMI
[03:52:19] [326/459] CRCM
[03:52:20] [327/459] NNCZ
[03:52:20] [328/459] OEMO
[03:52:21] [329/459] PVJM
[03:52:22] [330/459] CPJI
[03:52:22] [331/459] RMCJ
[03:52:23] [332/459] CNWJ
[03:52:23] [333/459] EPJM
[03:52:24] [334/459] FNJJ
[03:52:24] [335/459] GCMJ
[03:52:25] [336/459] INPS
[03:52:26] [337/459] BICJ
[03:52:26] [338/459] ISTJ
[03:52:27] [339/459] INJC
[03:52:27] [340/459] GLXJ
[03:52:28] [341/459] INEM
[03:52:28] [342/459] JTMN
[03:52:29] [343/459] FRCJ
[03:52:29] [344/459] DDJP
[03:52:30] [345/459] INJV
[03:52:31] [346/459] GOLC
[03:52:32] [347/459] KOCI
[03:52:32] [348/459] FSTD
[03:52:33] [349/459] PACJ
[03:52:33] [350/459] GMCN
[03:52:34] [351/459] MMDJ
[03:52:35] [352/459] GODH
[03:52:35] [353/459] SKYN
[03:52:36] [354/459] NCTH
[03:52:37] [355/459] SKVZ
[03:52:37] [356/459] SVML
[03:52:38] [357/459] ACVZ
[03:52:39] [358/459] SURA
[03:52:40] [359/459] RTRB
[03:52:40] [360/459] LLCT
[03:52:41] [361/459] ATTS
[03:52:41] [362/459] JYCM
[03:52:42] [363/459] CTKR
[03:52:43] [364/459] LCKR
[03:52:43] [365/459] NYCV
[03:52:44] [366/459] NYOH
[03:52:45] [367/459] NOVX
[03:52:45] [368/459] MRGK
[03:52:46] [369/459] MOON
[03:52:46] [370/459] SBUC
[03:52:47] [371/459] GSVA
[03:52:48] [372/459] VIAK
[03:52:48] [373/459] SMVZ
[03:52:49] [374/459] MATE
[03:52:49] [375/459] RDCN
[03:52:50] [376/459] ASBL
[03:52:50] [377/459] ASVS
[03:52:51] [378/459] ASSR
[03:52:52] [379/459] SSKN
[03:52:52] [380/459] DRPV
[03:52:53] [381/459] MRHT
[03:52:53] [382/459] BSCN
[03:52:54] [383/459] RKNX
[03:52:54] [384/459] MSMC
[03:52:55] [385/459] MSCJ
[03:52:56] [386/459] BTBJ
[03:52:56] [387/459] MJCC
[03:52:57] [388/459] IOMM
[03:52:58] [389/459] ADGR
[03:52:58] [390/459] MYCP
[03:52:59] [391/459] IGCM
[03:53:00] [392/459] PGRK
[03:53:00] [393/459] VPGO
[03:53:01] [394/459] KOMS
[03:53:01] [395/459] URGG
[03:53:02] [396/459] GOST
[03:53:03] [397/459] LACT
[03:53:03] [398/459] BWCM
[03:53:04] [399/459] NCCW
[03:53:05] [400/459] SKYC
[03:53:05] [401/459] CCPM
[03:53:06] [402/459] VCBT
[03:53:06] [403/459] SDKR
[03:53:07] [404/459] CTYB
[03:53:08] [405/459] SHCX
[03:53:09] [406/459] RCUN
[03:53:09] [407/459] CNRA
[03:53:10] [408/459] RFCA
[03:53:10] [409/459] RDCU
[03:53:11] [410/459] SARK
[03:53:12] [411/459] SPPP
[03:53:12] [412/459] ADMB
[03:53:13] [413/459] JYOE
[03:53:13] [414/459] SRMD
[03:53:14] [415/459] RJDH
[03:53:14] [416/459] SSTD
[03:53:15] [417/459] AACV
[03:53:16] [418/459] PPVD
[03:53:16] [419/459] STCP
[03:53:17] [420/459] ANJR
[03:53:18] [421/459] ANLS
[03:53:18] [422/459] BIJO
[03:53:19] [423/459] AVAB
[03:53:19] [424/459] SPMD
[03:53:20] [425/459] SVJL
[03:53:20] [426/459] SDDJ
[03:53:21] [427/459] SLTU
[03:53:22] [428/459] SAKA
[03:53:22] [429/459] PMAM
[03:53:23] [430/459] FNAM
[03:53:24] [431/459] ACAM
[03:53:24] [432/459] SCMM
[03:53:25] [433/459] PMAK
[03:53:25] [434/459] NYSA
[03:53:26] [435/459] FCPA
[03:53:27] [436/459] GDAN
[03:53:28] [437/459] RSCA
[03:53:28] [438/459] DMAN
[03:53:29] [439/459] DZCM
[03:53:29] [440/459] NSGL
[03:53:30] [441/459] CCPP
[03:53:31] [442/459] PSMG
[03:53:31] [443/459] GSER
[03:53:32] [444/459] FCCT
[03:53:32] [445/459] FCTB
[03:53:33] [446/459] LCNK
[03:53:34] [447/459] SKTY
[03:53:34] [448/459] INAA
[03:53:35] [449/459] RCWN
[03:53:35] [450/459] VAIS
[03:53:36] [451/459] CVMN
[03:53:37] [452/459] INTS
[03:53:37] [453/459] FRGS
[03:53:38] [454/459] DTCK
[03:53:38] [455/459] MCMH
[03:53:39] [456/459] ECRR
[03:53:39] [457/459] RLLP
[03:53:40] [458/459] CCSN
[03:53:41] [459/459] CCBA
[03:53:41] ✅ DONE | Shows=0 | Movies=0
[04:51:04] 🚀 BMS DAILY TRACKER STARTED
[04:51:04] [1/459] MBDC
[04:51:04] 🧠 New identity
[04:51:05] [2/459] CHKM
[04:51:06] [3/459] JTKZ
[04:51:06] [4/459] CMCT
[04:51:07] [5/459] ASHO
[04:51:07] [6/459] ECDG
[04:51:08] [7/459] SPAT
[04:51:09] [8/459] HILC
[04:51:09] [9/459] SPPH
[04:51:10] [10/459] SBHN
[04:51:10] [11/459] RRCA
[04:51:11] [12/459] APAA
[04:51:11] [13/459] RAME
[04:51:12] [14/459] TMMS
[04:51:13] [15/459] BATK
[04:51:13] [16/459] LKOP
[04:51:14] [17/459] AMTT
[04:51:14] [18/459] PTGK
[04:51:15] [19/459] ANRS
[04:51:15] [20/459] VWBW
[04:51:16] [21/459] SVFG
[04:51:17] [22/459] STAT
[04:51:17] [23/459] GDCV
[04:51:18] [24/459] VEBI
[04:51:18] [25/459] VDSS
[04:51:19] [26/459] NTHV
[04:51:20] [27/459] AOCH
[04:51:20] [28/459] KASR
[04:51:21] [29/459] AYCS
[04:51:21] [30/459] SHAI
[04:51:22] [31/459] SKPE
[04:51:22] [32/459] SBTA
[04:51:23] [33/459] RTTD
[04:51:24] [34/459] CCJD
[04:51:24] [35/459] RSJJ
[04:51:24] [36/459] RKND
[04:51:25] [37/459] SVTX
[04:51:26] [38/459] BAKM
[04:51:26] [39/459] SVDC
[04:51:27] [40/459] MNCV
[04:51:28] [41/459] SJGC
[04:51:28] [42/459] MTPK
[04:51:29] [43/459] GATP
[04:51:30] [44/459] ABTS
[04:51:30] [45/459] ABDE
[04:51:31] [46/459] RCNM
[04:51:31] [47/459] KTHV
[04:51:32] [48/459] MDGJ
[04:51:33] [49/459] SMLM
[04:51:33] [50/459] JTMA
[04:51:34] [51/459] ACKP
[04:51:34] [52/459] SRTA
[04:51:35] [53/459] STAY
[04:51:35] [54/459] MAVO
[04:51:36] [55/459] APTS
[04:51:36] [56/459] OMEA
[04:51:37] [57/459] TTFD
[04:51:38] [58/459] MJCU
[04:51:38] [59/459] CXTE
[04:51:39] [60/459] CTPX
[04:51:40] [61/459] ASSL
[04:51:40] [62/459] CMVB
[04:51:41] [63/459] VPUR
[04:51:41] [64/459] JJDA
[04:51:42] [65/459] INBL
[04:51:43] [66/459] BIKB
[04:51:44] [67/459] NTBB
[04:51:44] [68/459] GLOB
[04:51:45] [69/459] SNTB
[04:51:45] [70/459] CHGV
[04:51:46] [71/459] SSBZ
[04:51:47] [72/459] PRDB
[04:51:47] [73/459] ISMT
[04:51:48] [74/459] MCSD
[04:51:49] [75/459] JBTT
[04:51:49] [76/459] GEKR
[04:51:50] [77/459] PVUN
[04:51:51] [78/459] NRTB
[04:51:51] [79/459] PRAA
[04:51:52] [80/459] PCBL
[04:51:52] [81/459] PTCM
[04:51:53] [82/459] KHNN
[04:51:53] [83/459] OMJE
[04:51:54] [84/459] STGN
[04:51:55] [85/459] RPMS
[04:51:56] [86/459] NWAD
[04:51:56] [87/459] BLCK
[04:51:57] [88/459] SVAA
[04:51:57] [89/459] URVM
[04:51:58] [90/459] ANTM
[04:51:58] [91/459] VJYM
[04:51:59] [92/459] MAZZ
[04:51:59] [93/459] CSHM
[04:52:00] [94/459] WGMH
[04:52:01] [95/459] SALN
[04:52:01] [96/459] BRTP
[04:52:02] [97/459] SVTA
[04:52:02] [98/459] SBTP
[04:52:03] [99/459] VLSS
[04:52:04] [100/459] SRJA
[04:52:04] [101/459] ANCG
[04:52:05] [102/459] CGGC
[04:52:06] [103/459] CRJA
[04:52:06] [104/459] USCR
[04:52:07] [105/459] MMEF
[04:52:07] [106/459] JCRJ
[04:52:08] [107/459] ADCM
[04:52:08] [108/459] BMYK
[04:52:09] [109/459] KICS
[04:52:09] [110/459] MBBT
[04:52:10] [111/459] MACK
[04:52:11] [112/459] CLDR
[04:52:11] [113/459] JYCR
[04:52:12] [114/459] DCRP
[04:52:12] [115/459] RAHT
[04:52:13] [116/459] CSSM
[04:52:14] [117/459] ATPK
[04:52:14] [118/459] KLRT
[04:52:15] [119/459] SRDD
[04:52:15] [120/459] CKMC
[04:52:16] [121/459] KRVM
[04:52:17] [122/459] AKCP
[04:52:17] [123/459] CNCV
[04:52:18] [124/459] PACT
[04:52:18] [125/459] NATP
[04:52:19] [126/459] PCPK
[04:52:19] [127/459] SMHO
[04:52:20] [128/459] CWTK
[04:52:21] [129/459] RVKZ
[04:52:21] [130/459] ASPD
[04:52:21] [131/459] VTKZ
[04:52:22] [132/459] LCSO
[04:52:23] [133/459] PRDY
[04:52:23] [134/459] RCAP
[04:52:24] [135/459] RGAR
[04:52:24] [136/459] RCAC
[04:52:25] [137/459] PMOD
[04:52:26] [138/459] PVCN
[04:52:26] [139/459] SCRZ
[04:52:27] [140/459] PVPC
[04:52:27] [141/459] STID
[04:52:28] [142/459] NEDD
[04:52:29] [143/459] BNBA
[04:52:29] [144/459] NTCD
[04:52:29] [145/459] OCDE
[04:52:30] [146/459] CCDU
[04:52:31] [147/459] CRXH
[04:52:31] [148/459] VLVT
[04:52:32] [149/459] CICI
[04:52:32] [150/459] SUCB
[04:52:33] [151/459] TCBP
[04:52:33] [152/459] SCCY
[04:52:34] [153/459] LXCY
[04:52:35] [154/459] NCMD
[04:52:35] [155/459] PHCS
[04:52:36] [156/459] DUXR
[04:52:36] [157/459] VNKS
[04:52:37] [158/459] SEDP
[04:52:37] [159/459] SVEN
[04:52:38] [160/459] SRKM
[04:52:38] [161/459] JTLT
[04:52:39] [162/459] SVSS
[04:52:39] [163/459] AMDE
[04:52:40] [164/459] WVRN
[04:52:40] [165/459] ISMG
[04:52:41] [166/459] WVKS
[04:52:41] [167/459] USCG
[04:52:42] [168/459] IOTG
[04:52:42] [169/459] RRJM
[04:52:43] [170/459] EDMP
[04:52:44] [171/459] SCGZ
[04:52:44] [172/459] GMGX
[04:52:45] [173/459] OMTP
[04:52:45] [174/459] MITD
[04:52:46] [175/459] SMMD
[04:52:47] [176/459] STML
[04:52:47] [177/459] MCFS
[04:52:48] [178/459] FPKA
[04:52:48] [179/459] OMLR
[04:52:49] [180/459] KKSC
[04:52:49] [181/459] RVMA
[04:52:50] [182/459] SCLL
[04:52:50] [183/459] SCDK
[04:52:51] [184/459] SXMI
[04:52:51] [185/459] SHDN
[04:52:52] [186/459] PAAD
[04:52:53] [187/459] UUCB
[04:52:53] [188/459] JHOL
[04:52:54] [189/459] SGWT
[04:52:54] [190/459] SRII
[04:52:55] [191/459] SGCK
[04:52:55] [192/459] SVVB
[04:52:56] [193/459] DMHA
[04:52:57] [194/459] PPNL
[04:52:57] [195/459] CPNL
[04:52:58] [196/459] WVLD
[04:52:58] [197/459] PSLV
[04:52:59] [198/459] VTTL
[04:52:59] [199/459] NPAD
[04:53:00] [200/459] PVCS
[04:53:00] [201/459] MCHL
[04:53:01] [202/459] PPLL
[04:53:01] [203/459] MALO
[04:53:02] [204/459] SWBH
[04:53:03] [205/459] PUGB
[04:53:03] [206/459] INBB
[04:53:04] [207/459] INNS
[04:53:04] [208/459] MCPT
[04:53:05] [209/459] SCMI
[04:53:05] [210/459] OCON
[04:53:06] [211/459] SCSM
[04:53:07] [212/459] RJVN
[04:53:07] [213/459] AMDK
[04:53:07] [214/459] ISMR
[04:53:08] [215/459] SMTD
[04:53:09] [216/459] VTDD
[04:53:09] [217/459] PDDZ
[04:53:10] [218/459] PCCK
[04:53:11] [219/459] INAM
[04:53:11] [220/459] FNKT
[04:53:12] [221/459] GDKA
[04:53:12] [222/459] MAYU
[04:53:13] [223/459] TCGU
[04:53:14] [224/459] KDCA
[04:53:14] [225/459] DOMY
[04:53:15] [226/459] PDDD
[04:53:15] [227/459] BJTS
[04:53:16] [228/459] VTCA
[04:53:16] [229/459] SBTM
[04:53:17] [230/459] SEET
[04:53:17] [231/459] SSTJ
[04:53:18] [232/459] SVNT
[04:53:18] [233/459] PPPR
[04:53:19] [234/459] PVYS
[04:53:20] [235/459] IOSE
[04:53:20] [236/459] ACTV
[04:53:21] [237/459] APVE
[04:53:21] [238/459] TCCL
[04:53:22] [239/459] SCMO
[04:53:23] [240/459] SAUM
[04:53:23] [241/459] KCJS
[04:53:24] [242/459] NJCJ
[04:53:24] [243/459] NECF
[04:53:25] [244/459] CCGW
[04:53:26] [245/459] CCMG
[04:53:26] [246/459] NYRG
[04:53:27] [247/459] NCSQ
[04:53:27] [248/459] GRCG
[04:53:28] [249/459] CCBT
[04:53:29] [250/459] ACGA
[04:53:29] [251/459] INAG
[04:53:30] [252/459] FUCG
[04:53:30] [253/459] AICF
[04:53:31] [254/459] GRGA
[04:53:31] [255/459] GDCN
[04:53:32] [256/459] RRCG
[04:53:32] [257/459] SDCH
[04:53:33] [258/459] WVJM
[04:53:34] [259/459] JCCZ
[04:53:34] [260/459] CNCL
[04:53:35] [261/459] TMLV
[04:53:35] [262/459] MEMB
[04:53:36] [263/459] SGTD
[04:53:37] [264/459] CONX
[04:53:37] [265/459] CCMH
[04:53:38] [266/459] ACMC
[04:53:38] [267/459] DTPD
[04:53:39] [268/459] POJA
[04:53:39] [269/459] FNBH
[04:53:40] [270/459] CGCB
[04:53:40] [271/459] RACN
[04:53:41] [272/459] JTSM
[04:53:41] [273/459] SCDN
[04:53:42] [274/459] AACK
[04:53:42] [275/459] RMCE
[04:53:43] [276/459] BSGB
[04:53:43] [277/459] MRCB
[04:53:44] [278/459] SRVR
[04:53:45] [279/459] VTKK
[04:53:45] [280/459] AMST
[04:53:46] [281/459] APCY
[04:53:46] [282/459] LMHO
[04:53:47] [283/459] MTZH
[04:53:47] [284/459] AMZB
[04:53:48] [285/459] SUVT
[04:53:48] [286/459] RCIP
[04:53:49] [287/459] KESR
[04:53:49] [288/459] SNKC
[04:53:50] [289/459] SCED
[04:53:51] [290/459] DVCA
[04:53:51] [291/459] VCDT
[04:53:52] [292/459] RRDI
[04:53:52] [293/459] DFCH
[04:53:53] [294/459] INSC
[04:53:54] [295/459] RGTR
[04:53:54] [296/459] FMOT
[04:53:55] [297/459] SCPM
[04:53:56] [298/459] GCDT
[04:53:56] [299/459] BRKT
[04:53:57] [300/459] DEMP
[04:53:57] [301/459] SRLC
[04:53:58] [302/459] KSTT
[04:53:58] [303/459] SMMT
[04:53:59] [304/459] SILM
[04:53:59] [305/459] JCVM
[04:54:00] [306/459] KCSV
[04:54:00] [307/459] MHLK
[04:54:01] [308/459] SLVL
[04:54:02] [309/459] RJKP
[04:54:02] [310/459] BBPC
[04:54:03] [311/459] MXCB
[04:54:03] [312/459] TCPK
[04:54:04] [313/459] RTBR
[04:54:05] [314/459] GAUT
[04:54:05] [315/459] DVCF
[04:54:06] [316/459] JTSB
[04:54:06] [317/459] SBLS
[04:54:07] [318/459] UDAY
[04:54:07] [319/459] PTNP
[04:54:08] [320/459] DMKT
[04:54:08] [321/459] NTDT
[04:54:09] [322/459] SHDJ
[04:54:10] [323/459] OTNC
[04:54:10] [324/459] RNTW
[04:54:11] [325/459] GCMI
[04:54:11] [326/459] CRCM
[04:54:12] [327/459] NNCZ
[04:54:13] [328/459] OEMO
[04:54:14] [329/459] PVJM
[04:54:14] [330/459] CPJI
[04:54:15] [331/459] RMCJ
[04:54:15] [332/459] CNWJ
[04:54:16] [333/459] EPJM
[04:54:17] [334/459] FNJJ
[04:54:17] [335/459] GCMJ
[04:54:18] [336/459] INPS
[04:54:18] [337/459] BICJ
[04:54:19] [338/459] ISTJ
[04:54:20] [339/459] INJC
[04:54:20] [340/459] GLXJ
[04:54:21] [341/459] INEM
[04:54:21] [342/459] JTMN
[04:54:22] [343/459] FRCJ
[04:54:23] [344/459] DDJP
[04:54:23] [345/459] INJV
[04:54:24] [346/459] GOLC
[04:54:25] [347/459] KOCI
[04:54:25] [348/459] FSTD
[04:54:26] [349/459] PACJ
[04:54:27] [350/459] GMCN
[04:54:27] [351/459] MMDJ
[04:54:28] [352/459] GODH
[04:54:29] [353/459] SKYN
[04:54:29] [354/459] NCTH
[04:54:30] [355/459] SKVZ
[04:54:30] [356/459] SVML
[04:54:31] [357/459] ACVZ
[04:54:31] [358/459] SURA
[04:54:32] [359/459] RTRB
[04:54:32] [360/459] LLCT
[04:54:33] [361/459] ATTS
[04:54:33] [362/459] JYCM
[04:54:34] [363/459] CTKR
[04:54:34] [364/459] LCKR
[04:54:35] [365/459] NYCV
[04:54:35] [366/459] NYOH
[04:54:36] [367/459] NOVX
[04:54:37] [368/459] MRGK
[04:54:37] [369/459] MOON
[04:54:38] [370/459] SBUC
[04:54:38] [371/459] GSVA
[04:54:39] [372/459] VIAK
[04:54:40] [373/459] SMVZ
[04:54:40] [374/459] MATE
[04:54:41] [375/459] RDCN
[04:54:41] [376/459] ASBL
[04:54:41] [377/459] ASVS
[04:54:42] [378/459] ASSR
[04:54:43] [379/459] SSKN
[04:54:43] [380/459] DRPV
[04:54:44] [381/459] MRHT
[04:54:44] [382/459] BSCN
[04:54:45] [383/459] RKNX
[04:54:45] [384/459] MSMC
[04:54:46] [385/459] MSCJ
[04:54:46] [386/459] BTBJ
[04:54:47] [387/459] MJCC
[04:54:47] [388/459] IOMM
[04:54:48] [389/459] ADGR
[04:54:48] [390/459] MYCP
[04:54:49] [391/459] IGCM
[04:54:49] [392/459] PGRK
[04:54:50] [393/459] VPGO
[04:54:51] [394/459] KOMS
[04:54:51] [395/459] URGG
[04:54:52] [396/459] GOST
[04:54:52] [397/459] LACT
[04:54:53] [398/459] BWCM
[04:54:53] [399/459] NCCW
[04:54:54] [400/459] SKYC
[04:54:54] [401/459] CCPM
[04:54:55] [402/459] VCBT
[04:54:55] [403/459] SDKR
[04:54:56] [404/459] CTYB
[04:54:56] [405/459] SHCX
[04:54:57] [406/459] RCUN
[04:54:57] [407/459] CNRA
[04:54:58] [408/459] RFCA
[04:54:59] [409/459] RDCU
[04:54:59] [410/459] SARK
[04:55:00] [411/459] SPPP
[04:55:01] [412/459] ADMB
[04:55:01] [413/459] JYOE
[04:55:02] [414/459] SRMD
[04:55:02] [415/459] RJDH
[04:55:03] [416/459] SSTD
[04:55:03] [417/459] AACV
[04:55:04] [418/459] PPVD
[04:55:04] [419/459] STCP
[04:55:05] [420/459] ANJR
[04:55:05] [421/459] ANLS
[04:55:06] [422/459] BIJO
[04:55:06] [423/459] AVAB
[04:55:07] [424/459] SPMD
[04:55:08] [425/459] SVJL
[04:55:08] [426/459] SDDJ
[04:55:09] [427/459] SLTU
[04:55:10] [428/459] SAKA
[04:55:10] [429/459] PMAM
[04:55:11] [430/459] FNAM
[04:55:11] [431/459] ACAM
[04:55:12] [432/459] SCMM
[04:55:12] [433/459] PMAK
[04:55:13] [434/459] NYSA
[04:55:14] [435/459] FCPA
[04:55:14] [436/459] GDAN
[04:55:15] [437/459] RSCA
[04:55:15] [438/459] DMAN
[04:55:16] [439/459] DZCM
[04:55:17] [440/459] NSGL
[04:55:17] [441/459] CCPP
[04:55:18] [442/459] PSMG
[04:55:18] [443/459] GSER
[04:55:19] [444/459] FCCT
[04:55:19] [445/459] FCTB
[04:55:20] [446/459] LCNK
[04:55:20] [447/459] SKTY
[04:55:21] [448/459] INAA
[04:55:22] [449/459] RCWN
[04:55:22] [450/459] VAIS
[04:55:23] [451/459] CVMN
[04:55:23] [452/459] INTS
[04:55:24] [453/459] FRGS
[04:55:25] [454/459] DTCK
[04:55:25] [455/459] MCMH
[04:55:26] [456/459] ECRR
[04:55:26] [457/459] RLLP
[04:55:27] [458/459] CCSN
[04:55:28] [459/459] CCBA
[04:55:28] ✅ DONE | Shows=0 | Movies=0
