[00:44:29] 🚀 BMS DAILY TRACKER STARTED
[00:44:29] [1/324] GCTA
[00:44:29] 🧠 New identity
[00:44:30] [2/324] TOPN
[00:44:31] [3/324] MCUS
[00:44:31] [4/324] SHRL
[00:44:32] [5/324] UPTP
[00:44:33] [6/324] TMMP
[00:44:34] [7/324] DNRP
[00:44:36] [8/324] SRLT
[00:44:37] [9/324] RCNS
[00:44:37] [10/324] DCBH
[00:44:38] [11/324] NAGJ
[00:44:39] [12/324] JVRC
[00:44:40] [13/324] KRJG
[00:44:41] [14/324] SRTJ
[00:44:42] [15/324] CMXM
[00:44:44] [16/324] STMI
[00:44:44] [17/324] SLST
[00:44:45] [18/324] DTCN
[00:44:46] [19/324] STYN
[00:44:47] [20/324] SZVR
[00:44:48] [21/324] SRKO
[00:44:49] [22/324] JTGT
[00:44:50] [23/324] SVFD
[00:44:51] [24/324] SISD
[00:44:52] [25/324] ABDD
[00:44:53] [26/324] DRCA
[00:44:54] [27/324] AVCS
[00:44:55] [28/324] MVKH
[00:44:56] [29/324] ACPR
[00:44:57] [30/324] STIP
[00:44:58] [31/324] MTRA
[00:44:59] [32/324] RMKH
[00:44:59] [33/324] NKRL
[00:45:00] [34/324] PCWN
[00:45:01] [35/324] BLMT
[00:45:02] [36/324] GDPG
[00:45:03] [37/324] SRMX
[00:45:04] [38/324] JACP
[00:45:05] [39/324] CPSH
[00:45:06] [40/324] MCCD
[00:45:06] [41/324] ECGH
[00:45:07] [42/324] MKCK
[00:45:08] [43/324] SRMM
[00:45:09] [44/324] SKYR
[00:45:10] [45/324] PCKC
[00:45:11] [46/324] JCMA
[00:45:11] [47/324] BSMP
[00:45:12] [48/324] VSPA
[00:45:13] [49/324] DJYA
[00:45:14] [50/324] DIMP
[00:45:15] [51/324] FXDR
[00:45:16] [52/324] SSRC
[00:45:17] [53/324] STHP
[00:45:18] [54/324] CPPD
[00:45:19] [55/324] FCLK
[00:45:20] [56/324] SCPP
[00:45:21] [57/324] DCMJ
[00:45:22] [58/324] RCCR
[00:45:23] [59/324] INMT
[00:45:25] [60/324] LXTK
[00:45:26] [61/324] SRYK
[00:45:27] [62/324] SGDK
[00:45:27] [63/324] PPKA
[00:45:28] [64/324] SPKA
[00:45:29] [65/324] CGHH
[00:45:30] [66/324] DCJN
[00:45:31] [67/324] SRKV
[00:45:32] [68/324] SAJC
[00:45:33] [69/324] SUSR
[00:45:34] [70/324] STYG
[00:45:35] [71/324] NTKP
[00:45:36] [72/324] AKTG
[00:45:36] [73/324] CGCM
[00:45:38] [74/324] TULC
[00:45:39] [75/324] NYYZ
[00:45:40] [76/324] NYBW
[00:45:40] [77/324] MACB
[00:45:41] [78/324] SLVT
[00:45:43] [79/324] SANA
[00:45:44] [80/324] ACMR
[00:45:45] [81/324] CPKN
[00:45:46] [82/324] DLGK
[00:45:47] [83/324] CWCK
[00:45:47] [84/324] FDDH
[00:45:48] [85/324] MMMD
[00:45:49] [86/324] CMEH
[00:45:50] [87/324] GGGV
[00:45:51] [88/324] SPJL
[00:45:52] [89/324] RCCD
[00:45:53] [90/324] STTZ
[00:45:54] [91/324] BTCF
[00:45:54] [92/324] TSTZ
[00:45:55] [93/324] IPMM
[00:45:56] [94/324] PMPW
[00:45:57] [95/324] PCMZ
[00:45:58] [96/324] ESEM
[00:45:59] [97/324] PIPO
[00:46:00] [98/324] MATK
[00:46:01] [99/324] PGHM
[00:46:02] [100/324] CTSR
[00:46:03] [101/324] CYKR
[00:46:04] [102/324] MSCM
[00:46:05] [103/324] RFNP
[00:46:05] [104/324] PDCP
[00:46:06] [105/324] NPSE
[00:46:07] [106/324] MKML
[00:46:08] [107/324] FTDP
[00:46:09] [108/324] MMXA
[00:46:10] [109/324] CEPO
[00:46:11] [110/324] CMVP
[00:46:12] [111/324] SGTH
[00:46:12] [112/324] SAYN
[00:46:13] [113/324] URVS
[00:46:14] [114/324] VJTN
[00:46:15] [115/324] BBYK
[00:46:16] [116/324] SHBO
[00:46:17] [117/324] VCMR
[00:46:18] [118/324] MACT
[00:46:19] [119/324] JMNP
[00:46:20] [120/324] VICS
[00:46:21] [121/324] VCDA
[00:46:22] [122/324] GCMM
[00:46:22] [123/324] INVS
[00:46:23] [124/324] SCGM
[00:46:24] [125/324] PCDA
[00:46:25] [126/324] KDCT
[00:46:26] [127/324] JACS
[00:46:26] [128/324] GMMC
[00:46:28] [129/324] AICM
[00:46:29] [130/324] TJCM
[00:46:30] [131/324] RMTI
[00:46:31] [132/324] SHAC
[00:46:32] [133/324] APJC
[00:46:33] [134/324] GCTG
[00:46:34] [135/324] SSMC
[00:46:35] [136/324] THRM
[00:46:36] [137/324] RBCT
[00:46:36] [138/324] DIKT
[00:46:37] [139/324] MIDL
[00:46:38] [140/324] VCSN
[00:46:38] [141/324] SKTG
[00:46:39] [142/324] SMWC
[00:46:40] [143/324] MNKH
[00:46:41] [144/324] PIAT
[00:46:41] [145/324] LTTP
[00:46:42] [146/324] PTPU
[00:46:43] [147/324] ACMG
[00:46:44] [148/324] SHMM
[00:46:45] [149/324] MCMN
[00:46:46] [150/324] GLDC
[00:46:47] [151/324] HOUT
[00:46:48] [152/324] SVRP
[00:46:48] [153/324] PVDN
[00:46:49] [154/324] SCPY
[00:46:50] [155/324] DTPY
[00:46:51] [156/324] GKCS
[00:46:52] [157/324] NCAM
[00:46:53] [158/324] BSRM
[00:46:54] [159/324] RCLC
[00:46:55] [160/324] SKKD
[00:46:56] [161/324] ACHU
[00:46:56] [162/324] RSCF
[00:46:57] [163/324] IMSH
[00:46:58] [164/324] MACX
[00:46:58] [165/324] HMMW
[00:46:59] [166/324] JTCP
[00:47:00] [167/324] SREN
[00:47:01] [168/324] PJRR
[00:47:02] [169/324] INAC
[00:47:03] [170/324] BMCA
[00:47:04] [171/324] SHCB
[00:47:05] [172/324] GABA
[00:47:06] [173/324] SBCT
[00:47:07] [174/324] GCMA
[00:47:08] [175/324] MYTK
[00:47:09] [176/324] INZS
[00:47:10] [177/324] RMIK
[00:47:11] [178/324] NYCH
[00:47:12] [179/324] RAVE
[00:47:13] [180/324] PSXM
[00:47:13] [181/324] MCGP
[00:47:14] [182/324] PDDK
[00:47:15] [183/324] SPCK
[00:47:16] [184/324] MCRL
[00:47:17] [185/324] MHKT
[00:47:18] [186/324] ANRR
[00:47:18] [187/324] SAPK
[00:47:19] [188/324] NCUK
[00:47:20] [189/324] JUGA
[00:47:21] [190/324] DBSC
[00:47:22] [191/324] LALK
[00:47:23] [192/324] GUCK
[00:47:24] [193/324] STSG
[00:47:25] [194/324] PPPZ
[00:47:26] [195/324] CNCY
[00:47:27] [196/324] MTAR
[00:47:28] [197/324] VNKD
[00:47:29] [198/324] KMAJ
[00:47:30] [199/324] ACXK
[00:47:32] [200/324] UTKC
[00:47:33] [201/324] PBLK
[00:47:33] [202/324] ACBX
[00:47:34] [203/324] PTGM
[00:47:36] [204/324] BTDA
[00:47:37] [205/324] PJMB
[00:47:38] [206/324] TPDA
[00:47:39] [207/324] AMOE
[00:47:40] [208/324] PRHT
[00:47:41] [209/324] PRTA
[00:47:42] [210/324] STAM
[00:47:43] [211/324] MSAA
[00:47:44] [212/324] SDLU
[00:47:45] [213/324] RCHH
[00:47:47] [214/324] KANT
[00:47:47] [215/324] FCRT
[00:47:48] [216/324] DNKM
[00:47:49] [217/324] RYCP
[00:47:50] [218/324] MYRP
[00:47:51] [219/324] PPAK
[00:47:51] [220/324] NVPK
[00:47:52] [221/324] PRMC
[00:47:53] [222/324] JBCS
[00:47:54] [223/324] GXCK
[00:47:55] [224/324] USKO
[00:47:56] [225/324] GTEM
[00:47:57] [226/324] SMBU
[00:47:57] [227/324] VETC
[00:47:58] [228/324] LCDA
[00:47:59] [229/324] MTVT
[00:48:00] [230/324] PYCP
[00:48:01] [231/324] PNSC
[00:48:02] [232/324] PPCC
[00:48:03] [233/324] TGRT
[00:48:04] [234/324] JYOT
[00:48:05] [235/324] SRCZ
[00:48:06] [236/324] SJTE
[00:48:07] [237/324] DESC
[00:48:08] [238/324] JHVN
[00:48:09] [239/324] IPSG
[00:48:10] [240/324] IPCM
[00:48:11] [241/324] PDRS
[00:48:12] [242/324] ANCV
[00:48:13] [243/324] CMVV
[00:48:14] [244/324] SHYP
[00:48:14] [245/324] DNCS
[00:48:15] [246/324] GAJK
[00:48:16] [247/324] AKTN
[00:48:17] [248/324] KAYA
[00:48:18] [249/324] SBRC
[00:48:19] [250/324] CHTP
[00:48:20] [251/324] SHRT
[00:48:20] [252/324] BCKU
[00:48:21] [253/324] FCPS
[00:48:22] [254/324] ARDD
[00:48:22] [255/324] CPCM
[00:48:24] [256/324] CGSM
[00:48:25] [257/324] PSMP
[00:48:26] [258/324] SDAL
[00:48:26] [259/324] RTNB
[00:48:27] [260/324] LMCR
[00:48:28] [261/324] CIMA
[00:48:29] [262/324] RNAS
[00:48:30] [263/324] LITH
[00:48:31] [264/324] PBOX
[00:48:32] [265/324] FRTS
[00:48:32] [266/324] RKIC
[00:48:33] [267/324] PTAI
[00:48:34] [268/324] GCIC
[00:48:36] [269/324] FNAS
[00:48:36] [270/324] SCAR
[00:48:37] [271/324] MTCA
[00:48:38] [272/324] SCTS
[00:48:39] [273/324] SYCS
[00:48:40] [274/324] RDMS
[00:48:40] [275/324] KAMP
[00:48:41] [276/324] ERSD
[00:48:42] [277/324] MJMJ
[00:48:43] [278/324] SRCJ
[00:48:44] [279/324] SCXE
[00:48:45] [280/324] SVFR
[00:48:46] [281/324] BHCS
[00:48:46] [282/324] IMCC
[00:48:47] [283/324] PCBO
[00:48:48] [284/324] PRVN
[00:48:49] [285/324] AUPM
[00:48:50] [286/324] INBW
[00:48:51] [287/324] SVCW
[00:48:52] [288/324] RKCF
[00:48:53] [289/324] UVBH
[00:48:54] [290/324] DNCY
[00:48:55] [291/324] ABCN
[00:48:55] [292/324] PRUR
[00:48:57] [293/324] PFMR
[00:48:58] [294/324] RKCN
[00:48:59] [295/324] CFEA
[00:48:59] [296/324] SDBG
[00:49:00] [297/324] SNAR
[00:49:01] [298/324] YISI
[00:49:02] [299/324] JCFF
[00:49:02] [300/324] VTRK
[00:49:03] [301/324] PCLZ
[00:49:04] [302/324] DIMY
[00:49:05] [303/324] BBTS
[00:49:06] [304/324] GATH
[00:49:07] [305/324] GTMN
[00:49:08] [306/324] VTMH
[00:49:09] [307/324] CCKP
[00:49:10] [308/324] GPKA
[00:49:11] [309/324] MHCL
[00:49:13] [310/324] ATCL
[00:49:13] [311/324] SBCK
[00:49:14] [312/324] AMMR
[00:49:15] [313/324] MADC
[00:49:16] [314/324] TMMA
[00:49:18] [315/324] CACC
[00:49:18] [316/324] CHAL
[00:49:19] [317/324] DURG
[00:49:20] [318/324] GMKU
[00:49:21] [319/324] GECA
[00:49:22] [320/324] KYRR
[00:49:23] [321/324] KSDE
[00:49:24] [322/324] LMCI
[00:49:24] [323/324] NKCP
[00:49:25] [324/324] BGTC
[00:49:26] ✅ DONE | Shows=0 | Movies=0
[01:51:03] 🚀 BMS DAILY TRACKER STARTED
[01:51:03] [1/324] GCTA
[01:51:03] 🧠 New identity
[01:51:04] [2/324] TOPN
[01:51:05] [3/324] MCUS
[01:51:07] [4/324] SHRL
[01:51:07] [5/324] UPTP
[01:51:08] [6/324] TMMP
[01:51:09] [7/324] DNRP
[01:51:10] [8/324] SRLT
[01:51:11] [9/324] RCNS
[01:51:12] [10/324] DCBH
[01:51:13] [11/324] NAGJ
[01:51:14] [12/324] JVRC
[01:51:15] [13/324] KRJG
[01:51:16] [14/324] SRTJ
[01:51:17] [15/324] CMXM
[01:51:18] [16/324] STMI
[01:51:19] [17/324] SLST
[01:51:20] [18/324] DTCN
[01:51:21] [19/324] STYN
[01:51:22] [20/324] SZVR
[01:51:23] [21/324] SRKO
[01:51:24] [22/324] JTGT
[01:51:25] [23/324] SVFD
[01:51:26] [24/324] SISD
[01:51:27] [25/324] ABDD
[01:51:28] [26/324] DRCA
[01:51:28] [27/324] AVCS
[01:51:29] [28/324] MVKH
[01:51:30] [29/324] ACPR
[01:51:31] [30/324] STIP
[01:51:32] [31/324] MTRA
[01:51:33] [32/324] RMKH
[01:51:34] [33/324] NKRL
[01:51:35] [34/324] PCWN
[01:51:36] [35/324] BLMT
[01:51:37] [36/324] GDPG
[01:51:38] [37/324] SRMX
[01:51:39] [38/324] JACP
[01:51:40] [39/324] CPSH
[01:51:41] [40/324] MCCD
[01:51:42] [41/324] ECGH
[01:51:43] [42/324] MKCK
[01:51:44] [43/324] SRMM
[01:51:44] [44/324] SKYR
[01:51:45] [45/324] PCKC
[01:51:46] [46/324] JCMA
[01:51:47] [47/324] BSMP
[01:51:48] [48/324] VSPA
[01:51:49] [49/324] DJYA
[01:51:49] [50/324] DIMP
[01:51:51] [51/324] FXDR
[01:51:51] [52/324] SSRC
[01:51:53] [53/324] STHP
[01:51:54] [54/324] CPPD
[01:51:55] [55/324] FCLK
[01:51:57] [56/324] SCPP
[01:51:57] [57/324] DCMJ
[01:51:58] [58/324] RCCR
[01:51:59] [59/324] INMT
[01:51:59] [60/324] LXTK
[01:52:00] [61/324] SRYK
[01:52:01] [62/324] SGDK
[01:52:02] [63/324] PPKA
[01:52:02] [64/324] SPKA
[01:52:03] [65/324] CGHH
[01:52:05] [66/324] DCJN
[01:52:07] [67/324] SRKV
[01:52:07] [68/324] SAJC
[01:52:08] [69/324] SUSR
[01:52:09] [70/324] STYG
[01:52:10] [71/324] NTKP
[01:52:11] [72/324] AKTG
[01:52:12] [73/324] CGCM
[01:52:12] [74/324] TULC
[01:52:13] [75/324] NYYZ
[01:52:14] [76/324] NYBW
[01:52:15] [77/324] MACB
[01:52:15] [78/324] SLVT
[01:52:16] [79/324] SANA
[01:52:18] [80/324] ACMR
[01:52:19] [81/324] CPKN
[01:52:20] [82/324] DLGK
[01:52:20] [83/324] CWCK
[01:52:21] [84/324] FDDH
[01:52:22] [85/324] MMMD
[01:52:23] [86/324] CMEH
[01:52:24] [87/324] GGGV
[01:52:25] [88/324] SPJL
[01:52:25] [89/324] RCCD
[01:52:26] [90/324] STTZ
[01:52:27] [91/324] BTCF
[01:52:28] [92/324] TSTZ
[01:52:29] [93/324] IPMM
[01:52:30] [94/324] PMPW
[01:52:30] [95/324] PCMZ
[01:52:31] [96/324] ESEM
[01:52:32] [97/324] PIPO
[01:52:33] [98/324] MATK
[01:52:34] [99/324] PGHM
[01:52:35] [100/324] CTSR
[01:52:36] [101/324] CYKR
[01:52:36] [102/324] MSCM
[01:52:37] [103/324] RFNP
[01:52:38] [104/324] PDCP
[01:52:39] [105/324] NPSE
[01:52:40] [106/324] MKML
[01:52:40] [107/324] FTDP
[01:52:42] [108/324] MMXA
[01:52:43] [109/324] CEPO
[01:52:44] [110/324] CMVP
[01:52:44] [111/324] SGTH
[01:52:45] [112/324] SAYN
[01:52:46] [113/324] URVS
[01:52:46] [114/324] VJTN
[01:52:47] [115/324] BBYK
[01:52:48] [116/324] SHBO
[01:52:49] [117/324] VCMR
[01:52:50] [118/324] MACT
[01:52:51] [119/324] JMNP
[01:52:52] [120/324] VICS
[01:52:52] [121/324] VCDA
[01:52:53] [122/324] GCMM
[01:52:54] [123/324] INVS
[01:52:55] [124/324] SCGM
[01:52:56] [125/324] PCDA
[01:52:57] [126/324] KDCT
[01:52:58] [127/324] JACS
[01:52:58] [128/324] GMMC
[01:53:00] [129/324] AICM
[01:53:00] [130/324] TJCM
[01:53:02] [131/324] RMTI
[01:53:02] [132/324] SHAC
[01:53:03] [133/324] APJC
[01:53:04] [134/324] GCTG
[01:53:05] [135/324] SSMC
[01:53:05] [136/324] THRM
[01:53:07] [137/324] RBCT
[01:53:08] [138/324] DIKT
[01:53:09] [139/324] MIDL
[01:53:09] [140/324] VCSN
[01:53:11] [141/324] SKTG
[01:53:12] [142/324] SMWC
[01:53:13] [143/324] MNKH
[01:53:14] [144/324] PIAT
[01:53:14] [145/324] LTTP
[01:53:16] [146/324] PTPU
[01:53:17] [147/324] ACMG
[01:53:18] [148/324] SHMM
[01:53:19] [149/324] MCMN
[01:53:20] [150/324] GLDC
[01:53:21] [151/324] HOUT
[01:53:22] [152/324] SVRP
[01:53:23] [153/324] PVDN
[01:53:23] [154/324] SCPY
[01:53:24] [155/324] DTPY
[01:53:25] [156/324] GKCS
[01:53:26] [157/324] NCAM
[01:53:27] [158/324] BSRM
[01:53:28] [159/324] RCLC
[01:53:29] [160/324] SKKD
[01:53:30] [161/324] ACHU
[01:53:30] [162/324] RSCF
[01:53:31] [163/324] IMSH
[01:53:33] [164/324] MACX
[01:53:33] [165/324] HMMW
[01:53:34] [166/324] JTCP
[01:53:35] [167/324] SREN
[01:53:36] [168/324] PJRR
[01:53:37] [169/324] INAC
[01:53:38] [170/324] BMCA
[01:53:39] [171/324] SHCB
[01:53:39] [172/324] GABA
[01:53:40] [173/324] SBCT
[01:53:42] [174/324] GCMA
[01:53:43] [175/324] MYTK
[01:53:43] [176/324] INZS
[01:53:44] [177/324] RMIK
[01:53:45] [178/324] NYCH
[01:53:46] [179/324] RAVE
[01:53:47] [180/324] PSXM
[01:53:48] [181/324] MCGP
[01:53:49] [182/324] PDDK
[01:53:49] [183/324] SPCK
[01:53:50] [184/324] MCRL
[01:53:52] [185/324] MHKT
[01:53:53] [186/324] ANRR
[01:53:54] [187/324] SAPK
[01:53:55] [188/324] NCUK
[01:53:56] [189/324] JUGA
[01:53:57] [190/324] DBSC
[01:53:57] [191/324] LALK
[01:53:59] [192/324] GUCK
[01:54:00] [193/324] STSG
[01:54:01] [194/324] PPPZ
[01:54:02] [195/324] CNCY
[01:54:03] [196/324] MTAR
[01:54:04] [197/324] VNKD
[01:54:05] [198/324] KMAJ
[01:54:06] [199/324] ACXK
[01:54:06] [200/324] UTKC
[01:54:07] [201/324] PBLK
[01:54:08] [202/324] ACBX
[01:54:09] [203/324] PTGM
[01:54:10] [204/324] BTDA
[01:54:11] [205/324] PJMB
[01:54:12] [206/324] TPDA
[01:54:13] [207/324] AMOE
[01:54:14] [208/324] PRHT
[01:54:14] [209/324] PRTA
[01:54:15] [210/324] STAM
[01:54:16] [211/324] MSAA
[01:54:17] [212/324] SDLU
[01:54:18] [213/324] RCHH
[01:54:19] [214/324] KANT
[01:54:20] [215/324] FCRT
[01:54:20] [216/324] DNKM
[01:54:21] [217/324] RYCP
[01:54:22] [218/324] MYRP
[01:54:23] [219/324] PPAK
[01:54:24] [220/324] NVPK
[01:54:25] [221/324] PRMC
[01:54:26] [222/324] JBCS
[01:54:27] [223/324] GXCK
[01:54:29] [224/324] USKO
[01:54:30] [225/324] GTEM
[01:54:31] [226/324] SMBU
[01:54:32] [227/324] VETC
[01:54:32] [228/324] LCDA
[01:54:34] [229/324] MTVT
[01:54:35] [230/324] PYCP
[01:54:35] [231/324] PNSC
[01:54:36] [232/324] PPCC
[01:54:37] [233/324] TGRT
[01:54:38] [234/324] JYOT
[01:54:39] [235/324] SRCZ
[01:54:40] [236/324] SJTE
[01:54:41] [237/324] DESC
[01:54:41] [238/324] JHVN
[01:54:42] [239/324] IPSG
[01:54:44] [240/324] IPCM
[01:54:44] [241/324] PDRS
[01:54:46] [242/324] ANCV
[01:54:47] [243/324] CMVV
[01:54:47] [244/324] SHYP
[01:54:48] [245/324] DNCS
[01:54:49] [246/324] GAJK
[01:54:50] [247/324] AKTN
[01:54:51] [248/324] KAYA
[01:54:52] [249/324] SBRC
[01:54:53] [250/324] CHTP
[01:54:54] [251/324] SHRT
[01:54:55] [252/324] BCKU
[01:54:56] [253/324] FCPS
[01:54:57] [254/324] ARDD
[01:54:58] [255/324] CPCM
[01:54:58] [256/324] CGSM
[01:54:59] [257/324] PSMP
[01:55:00] [258/324] SDAL
[01:55:01] [259/324] RTNB
[01:55:01] [260/324] LMCR
[01:55:02] [261/324] CIMA
[01:55:03] [262/324] RNAS
[01:55:04] [263/324] LITH
[01:55:04] [264/324] PBOX
[01:55:05] [265/324] FRTS
[01:55:06] [266/324] RKIC
[01:55:07] [267/324] PTAI
[01:55:08] [268/324] GCIC
[01:55:08] [269/324] FNAS
[01:55:09] [270/324] SCAR
[01:55:10] [271/324] MTCA
[01:55:11] [272/324] SCTS
[01:55:12] [273/324] SYCS
[01:55:13] [274/324] RDMS
[01:55:14] [275/324] KAMP
[01:55:14] [276/324] ERSD
[01:55:15] [277/324] MJMJ
[01:55:17] [278/324] SRCJ
[01:55:18] [279/324] SCXE
[01:55:18] [280/324] SVFR
[01:55:19] [281/324] BHCS
[01:55:20] [282/324] IMCC
[01:55:22] [283/324] PCBO
[01:55:23] [284/324] PRVN
[01:55:23] [285/324] AUPM
[01:55:24] [286/324] INBW
[01:55:25] [287/324] SVCW
[01:55:26] [288/324] RKCF
[01:55:27] [289/324] UVBH
[01:55:28] [290/324] DNCY
[01:55:29] [291/324] ABCN
[01:55:29] [292/324] PRUR
[01:55:30] [293/324] PFMR
[01:55:31] [294/324] RKCN
[01:55:32] [295/324] CFEA
[01:55:33] [296/324] SDBG
[01:55:33] [297/324] SNAR
[01:55:34] [298/324] YISI
[01:55:35] [299/324] JCFF
[01:55:36] [300/324] VTRK
[01:55:37] [301/324] PCLZ
[01:55:37] [302/324] DIMY
[01:55:38] [303/324] BBTS
[01:55:39] [304/324] GATH
[01:55:40] [305/324] GTMN
[01:55:41] [306/324] VTMH
[01:55:42] [307/324] CCKP
[01:55:42] [308/324] GPKA
[01:55:43] [309/324] MHCL
[01:55:44] [310/324] ATCL
[01:55:45] [311/324] SBCK
[01:55:46] [312/324] AMMR
[01:55:47] [313/324] MADC
[01:55:48] [314/324] TMMA
[01:55:49] [315/324] CACC
[01:55:50] [316/324] CHAL
[01:55:51] [317/324] DURG
[01:55:52] [318/324] GMKU
[01:55:52] [319/324] GECA
[01:55:53] [320/324] KYRR
[01:55:54] [321/324] KSDE
[01:55:54] [322/324] LMCI
[01:55:55] [323/324] NKCP
[01:55:57] [324/324] BGTC
[01:55:58] ✅ DONE | Shows=0 | Movies=0
