[00:44:32] 🚀 BMS DAILY TRACKER STARTED
[00:44:32] [1/445] TGMR
[00:44:32] 🧠 New identity
[00:44:33] [2/445] CXKR
[00:44:35] [3/445] SROP
[00:44:36] [4/445] GTSV
[00:44:36] [5/445] SNTY
[00:44:37] [6/445] SMYY
[00:44:38] [7/445] CNCS
[00:44:39] [8/445] CSTM
[00:44:40] [9/445] NUCD
[00:44:41] [10/445] SHCZ
[00:44:42] [11/445] NJCT
[00:44:43] [12/445] COPC
[00:44:44] [13/445] STVV
[00:44:45] [14/445] SKRN
[00:44:46] [15/445] APPZ
[00:44:47] [16/445] YMGN
[00:44:47] [17/445] SVTU
[00:44:48] [18/445] GTAD
[00:44:49] [19/445] PSUS
[00:44:50] [20/445] SMCD
[00:44:51] [21/445] CMCM
[00:44:52] [22/445] SYCT
[00:44:52] [23/445] STLY
[00:44:53] [24/445] CMHU
[00:44:54] [25/445] CMSA
[00:44:55] [26/445] CLCU
[00:44:56] [27/445] PPNT
[00:44:57] [28/445] JTAB
[00:44:58] [29/445] BUUC
[00:44:59] [30/445] BSVK
[00:44:59] [31/445] VVVQ
[00:45:00] [32/445] TKMU
[00:45:01] [33/445] ESYL
[00:45:01] [34/445] ACHP
[00:45:03] [35/445] BTKD
[00:45:04] [36/445] DESA
[00:45:05] [37/445] GBCT
[00:45:06] [38/445] BLLD
[00:45:07] [39/445] SKNT
[00:45:08] [40/445] SSTE
[00:45:09] [41/445] VJMR
[00:45:09] [42/445] NTPU
[00:45:10] [43/445] RDKN
[00:45:11] [44/445] ADGC
[00:45:12] [45/445] VRBP
[00:45:13] [46/445] NMNA
[00:45:13] [47/445] CMMX
[00:45:14] [48/445] PTKO
[00:45:15] [49/445] RBML
[00:45:16] [50/445] SAIC
[00:45:18] [51/445] SVTJ
[00:45:19] [52/445] MRTE
[00:45:19] [53/445] RBTP
[00:45:20] [54/445] NLPS
[00:45:21] [55/445] GTNA
[00:45:22] [56/445] DGGC
[00:45:23] [57/445] SMCR
[00:45:24] [58/445] SCGD
[00:45:25] [59/445] SRRJ
[00:45:25] [60/445] CNRY
[00:45:27] [61/445] KTDI
[00:45:28] [62/445] SNJL
[00:45:29] [63/445] RKMD
[00:45:30] [64/445] SMDC
[00:45:31] [65/445] TADG
[00:45:32] [66/445] MCGS
[00:45:34] [67/445] PETK
[00:45:34] [68/445] CHAG
[00:45:35] [69/445] KSTL
[00:45:36] [70/445] AADS
[00:45:37] [71/445] NTHZ
[00:45:38] [72/445] HCKI
[00:45:39] [73/445] SSEF
[00:45:40] [74/445] MCGX
[00:45:40] [75/445] ERRA
[00:45:41] [76/445] SDTW
[00:45:42] [77/445] RMPK
[00:45:43] [78/445] PTHK
[00:45:44] [79/445] PXCS
[00:45:45] [80/445] SVLU
[00:45:46] [81/445] STAH
[00:45:46] [82/445] JRGF
[00:45:47] [83/445] CDOK
[00:45:48] [84/445] CMSG
[00:45:49] [85/445] APTD
[00:45:50] [86/445] KMPG
[00:45:51] [87/445] MUTJ
[00:45:51] [88/445] VCCI
[00:45:52] [89/445] URBE
[00:45:53] [90/445] TCTS
[00:45:54] [91/445] STSN
[00:45:55] [92/445] AKCH
[00:45:55] [93/445] APSC
[00:45:56] [94/445] VLTB
[00:45:57] [95/445] SANU
[00:45:58] [96/445] AXAM
[00:45:58] [97/445] MGMG
[00:46:00] [98/445] HTBY
[00:46:01] [99/445] MMZS
[00:46:01] [100/445] SUDR
[00:46:02] [101/445] CCAD
[00:46:03] [102/445] SKKC
[00:46:04] [103/445] RMCD
[00:46:05] [104/445] SBCQ
[00:46:06] [105/445] DCCT
[00:46:06] [106/445] VTKP
[00:46:07] [107/445] MLAM
[00:46:08] [108/445] SAVT
[00:46:09] [109/445] GEPL
[00:46:10] [110/445] AMCD
[00:46:11] [111/445] CCXR
[00:46:11] [112/445] GRNG
[00:46:12] [113/445] EBCA
[00:46:13] [114/445] CNVG
[00:46:14] [115/445] MWSS
[00:46:15] [116/445] VBOR
[00:46:15] [117/445] NEEB
[00:46:16] [118/445] SUTH
[00:46:17] [119/445] ANDB
[00:46:18] [120/445] MMXS
[00:46:19] [121/445] CNPD
[00:46:20] [122/445] SDCE
[00:46:21] [123/445] DHCB
[00:46:21] [124/445] ODEN
[00:46:22] [125/445] TNTC
[00:46:23] [126/445] VBKM
[00:46:24] [127/445] RZYM
[00:46:25] [128/445] JEMC
[00:46:26] [129/445] CMAU
[00:46:27] [130/445] SIVP
[00:46:27] [131/445] ATAG
[00:46:28] [132/445] CHTM
[00:46:29] [133/445] AAEE
[00:46:30] [134/445] IWPM
[00:46:30] [135/445] KCMW
[00:46:31] [136/445] MCTD
[00:46:32] [137/445] SPWR
[00:46:33] [138/445] SDPO
[00:46:34] [139/445] PCSK
[00:46:35] [140/445] ACHV
[00:46:36] [141/445] SVLA
[00:46:37] [142/445] PICT
[00:46:38] [143/445] BXDR
[00:46:39] [144/445] SPWA
[00:46:39] [145/445] MCKO
[00:46:40] [146/445] RTHK
[00:46:41] [147/445] CCMF
[00:46:42] [148/445] MRGB
[00:46:43] [149/445] CPLC
[00:46:44] [150/445] RACD
[00:46:45] [151/445] ATKT
[00:46:46] [152/445] SARN
[00:46:47] [153/445] KKUI
[00:46:47] [154/445] RGCM
[00:46:48] [155/445] BRVP
[00:46:49] [156/445] HRSR
[00:46:50] [157/445] GKGM
[00:46:51] [158/445] TTCD
[00:46:52] [159/445] PTTI
[00:46:53] [160/445] MPTT
[00:46:54] [161/445] CVTT
[00:46:55] [162/445] PCXD
[00:46:56] [163/445] GCDC
[00:46:57] [164/445] CCCF
[00:46:57] [165/445] MRAD
[00:46:59] [166/445] CPLK
[00:47:00] [167/445] SATB
[00:47:01] [168/445] SNVG
[00:47:02] [169/445] JMBA
[00:47:03] [170/445] TEJA
[00:47:03] [171/445] STYO
[00:47:04] [172/445] JTBP
[00:47:06] [173/445] KRGD
[00:47:06] [174/445] SLJJ
[00:47:07] [175/445] SPTJ
[00:47:09] [176/445] SWJG
[00:47:10] [177/445] LKRT
[00:47:10] [178/445] KCKA
[00:47:11] [179/445] SNCR
[00:47:12] [180/445] SMKL
[00:47:13] [181/445] GCFA
[00:47:14] [182/445] DDCK
[00:47:14] [183/445] NCHJ
[00:47:15] [184/445] RDMA
[00:47:16] [185/445] SVSV
[00:47:17] [186/445] SCJG
[00:47:18] [187/445] VKLP
[00:47:19] [188/445] NWCC
[00:47:20] [189/445] VKNS
[00:47:21] [190/445] SDDP
[00:47:22] [191/445] ACSI
[00:47:22] [192/445] SATG
[00:47:24] [193/445] SCMW
[00:47:25] [194/445] LKTK
[00:47:26] [195/445] VCKV
[00:47:28] [196/445] KKPE
[00:47:28] [197/445] KIGH
[00:47:29] [198/445] SRPM
[00:47:30] [199/445] SCAH
[00:47:31] [200/445] MUTA
[00:47:32] [201/445] SEPU
[00:47:32] [202/445] INOA
[00:47:33] [203/445] BASK
[00:47:34] [204/445] NECB
[00:47:35] [205/445] GTTG
[00:47:36] [206/445] ASSA
[00:47:37] [207/445] ANCL
[00:47:38] [208/445] GCTI
[00:47:39] [209/445] RCTS
[00:47:41] [210/445] ACNL
[00:47:42] [211/445] MYCT
[00:47:42] [212/445] NMHT
[00:47:43] [213/445] MDIT
[00:47:44] [214/445] LATG
[00:47:46] [215/445] SMTY
[00:47:46] [216/445] CVCT
[00:47:47] [217/445] RAMB
[00:47:48] [218/445] TGMS
[00:47:49] [219/445] BHEL
[00:47:49] [220/445] SHCT
[00:47:50] [221/445] SVCT
[00:47:51] [222/445] MRIY
[00:47:52] [223/445] SARO
[00:47:53] [224/445] STCT
[00:47:54] [225/445] JKKC
[00:47:55] [226/445] PLTT
[00:47:56] [227/445] SRNT
[00:47:56] [228/445] YAST
[00:47:57] [229/445] PERL
[00:47:58] [230/445] CICM
[00:47:59] [231/445] MMTR
[00:48:00] [232/445] ABTK
[00:48:01] [233/445] ATYY
[00:48:01] [234/445] ASTK
[00:48:02] [235/445] VVCK
[00:48:03] [236/445] ATKY
[00:48:05] [237/445] GWEK
[00:48:06] [238/445] SVFH
[00:48:07] [239/445] SLTA
[00:48:08] [240/445] AASH
[00:48:08] [241/445] ACXB
[00:48:09] [242/445] SMTX
[00:48:10] [243/445] AZDH
[00:48:11] [244/445] CMMH
[00:48:11] [245/445] SCSZ
[00:48:12] [246/445] SCKP
[00:48:13] [247/445] NXTM
[00:48:14] [248/445] NWCS
[00:48:15] [249/445] CXMH
[00:48:15] [250/445] PCMA
[00:48:16] [251/445] SGCM
[00:48:17] [252/445] SDTU
[00:48:18] [253/445] MMVI
[00:48:19] [254/445] JKCM
[00:48:19] [255/445] VCMM
[00:48:20] [256/445] SYEE
[00:48:21] [257/445] VASD
[00:48:22] [258/445] BDRB
[00:48:23] [259/445] LASM
[00:48:24] [260/445] DCRL
[00:48:25] [261/445] DVPM
[00:48:25] [262/445] SBMJ
[00:48:26] [263/445] CBMU
[00:48:27] [264/445] IUBS
[00:48:28] [265/445] INAP
[00:48:29] [266/445] SRRC
[00:48:30] [267/445] SAGR
[00:48:31] [268/445] CPMJ
[00:48:32] [269/445] ATJL
[00:48:33] [270/445] NNTD
[00:48:34] [271/445] JHCJ
[00:48:35] [272/445] CMMP
[00:48:36] [273/445] RSDR
[00:48:37] [274/445] AMTI
[00:48:37] [275/445] NYSG
[00:48:38] [276/445] AVSG
[00:48:39] [277/445] SYTP
[00:48:40] [278/445] LARC
[00:48:40] [279/445] RJTP
[00:48:41] [280/445] LAKC
[00:48:42] [281/445] MCXE
[00:48:43] [282/445] CCZC
[00:48:43] [283/445] AVCH
[00:48:44] [284/445] CMBE
[00:48:45] [285/445] MRRC
[00:48:46] [286/445] PCPY
[00:48:47] [287/445] SRMH
[00:48:47] [288/445] SVGS
[00:48:48] [289/445] PCSE
[00:48:49] [290/445] SVFT
[00:48:50] [291/445] TNZP
[00:48:50] [292/445] ICTP
[00:48:51] [293/445] ACTZ
[00:48:53] [294/445] GTUR
[00:48:54] [295/445] MAFC
[00:48:54] [296/445] MINL
[00:48:55] [297/445] MRCL
[00:48:56] [298/445] RCRP
[00:48:57] [299/445] RFFG
[00:48:57] [300/445] RMAS
[00:48:58] [301/445] INVR
[00:48:59] [302/445] RMAR
[00:49:00] [303/445] CNIS
[00:49:01] [304/445] RHRJ
[00:49:01] [305/445] INXR
[00:49:02] [306/445] VALT
[00:49:03] [307/445] LCSH
[00:49:04] [308/445] CMVS
[00:49:05] [309/445] CNMS
[00:49:06] [310/445] ROOG
[00:49:07] [311/445] ISRM
[00:49:08] [312/445] RCRM
[00:49:09] [313/445] ACJA
[00:49:10] [314/445] RCVS
[00:49:11] [315/445] CPUS
[00:49:11] [316/445] TGCS
[00:49:13] [317/445] RKCJ
[00:49:14] [318/445] MKSB
[00:49:14] [319/445] TCSJ
[00:49:15] [320/445] RMGP
[00:49:16] [321/445] CLLP
[00:49:17] [322/445] RCMV
[00:49:18] [323/445] CCKS
[00:49:18] [324/445] RSRP
[00:49:19] [325/445] APLP
[00:49:20] [326/445] CNVS
[00:49:21] [327/445] RMVY
[00:49:22] [328/445] PGBD
[00:49:23] [329/445] KLMS
[00:49:24] [330/445] RUST
[00:49:25] [331/445] MASM
[00:49:26] [332/445] BACS
[00:49:27] [333/445] BWST
[00:49:29] [334/445] RRFH
[00:49:30] [335/445] SJTM
[00:49:31] [336/445] BEMR
[00:49:32] [337/445] MCGR
[00:49:32] [338/445] SDSK
[00:49:33] [339/445] VBOL
[00:49:34] [340/445] RMGM
[00:49:36] [341/445] NOPL
[00:49:37] [342/445] MKJK
[00:49:38] [343/445] CVRN
[00:49:39] [344/445] MMEN
[00:49:40] [345/445] AMNG
[00:49:41] [346/445] INTM
[00:49:41] [347/445] SLCZ
[00:49:42] [348/445] AMJN
[00:49:43] [349/445] ACJN
[00:49:44] [350/445] AMKN
[00:49:45] [351/445] BTCN
[00:49:46] [352/445] AMBT
[00:49:47] [353/445] PACN
[00:49:47] [354/445] LCNS
[00:49:48] [355/445] PPKC
[00:49:49] [356/445] JYYN
[00:49:50] [357/445] JTNR
[00:49:50] [358/445] GTEE
[00:49:51] [359/445] SRNM
[00:49:52] [360/445] SDTC
[00:49:53] [361/445] VPCA
[00:49:54] [362/445] VLRA
[00:49:54] [363/445] SHKR
[00:49:55] [364/445] SBKD
[00:49:56] [365/445] SAAD
[00:49:57] [366/445] JTGN
[00:49:58] [367/445] SLAM
[00:49:59] [368/445] VTPM
[00:50:00] [369/445] ANPT
[00:50:00] [370/445] PUNB
[00:50:01] [371/445] CPKT
[00:50:02] [372/445] CNWE
[00:50:03] [373/445] ECPP
[00:50:04] [374/445] CPAR
[00:50:05] [375/445] ESBW
[00:50:05] [376/445] PKPU
[00:50:06] [377/445] CPRP
[00:50:07] [378/445] RAHU
[00:50:08] [379/445] RHMN
[00:50:09] [380/445] FMJP
[00:50:10] [381/445] CTMP
[00:50:11] [382/445] INPN
[00:50:11] [383/445] STTG
[00:50:13] [384/445] CTRD
[00:50:14] [385/445] PUVB
[00:50:15] [386/445] ESVP
[00:50:16] [387/445] CPFT
[00:50:16] [388/445] LCPC
[00:50:17] [389/445] VBCT
[00:50:18] [390/445] FSCW
[00:50:19] [391/445] VCMP
[00:50:20] [392/445] ASHC
[00:50:20] [393/445] VLCX
[00:50:22] [394/445] SHEV
[00:50:23] [395/445] APCO
[00:50:24] [396/445] SILC
[00:50:25] [397/445] SNMR
[00:50:25] [398/445] KYBO
[00:50:26] [399/445] SATK
[00:50:28] [400/445] SSCS
[00:50:29] [401/445] CLSB
[00:50:30] [402/445] KMJR
[00:50:31] [403/445] FSCK
[00:50:32] [404/445] NNKA
[00:50:32] [405/445] CLMK
[00:50:33] [406/445] DMPZ
[00:50:34] [407/445] INQM
[00:50:36] [408/445] CAML
[00:50:36] [409/445] INRK
[00:50:37] [410/445] IMKN
[00:50:38] [411/445] SVNR
[00:50:39] [412/445] INSL
[00:50:39] [413/445] MSMA
[00:50:40] [414/445] MCKK
[00:50:41] [415/445] FCHP
[00:50:42] [416/445] SFCR
[00:50:43] [417/445] NACK
[00:50:44] [418/445] PVAK
[00:50:45] [419/445] INER
[00:50:46] [420/445] RDBK
[00:50:47] [421/445] SVFN
[00:50:48] [422/445] IFRM
[00:50:49] [423/445] ATCK
[00:50:49] [424/445] ASKO
[00:50:50] [425/445] STKT
[00:50:51] [426/445] SVFB
[00:50:52] [427/445] INKS
[00:50:53] [428/445] PCRA
[00:50:53] [429/445] ATJA
[00:50:54] [430/445] IMJN
[00:50:55] [431/445] INHD
[00:50:56] [432/445] BARA
[00:50:57] [433/445] MCSL
[00:50:58] [434/445] RTOY
[00:50:58] [435/445] MENO
[00:50:59] [436/445] PUDM
[00:51:00] [437/445] PRCN
[00:51:01] [438/445] JMJR
[00:51:02] [439/445] SSGK
[00:51:02] [440/445] SSRL
[00:51:03] [441/445] JYKL
[00:51:04] [442/445] ACNB
[00:51:05] [443/445] SONP
[00:51:06] [444/445] EMCI
[00:51:07] [445/445] MRJH
[00:51:08] ✅ DONE | Shows=0 | Movies=0
[01:51:01] 🚀 BMS DAILY TRACKER STARTED
[01:51:01] [1/445] TGMR
[01:51:01] 🧠 New identity
[01:51:02] [2/445] CXKR
[01:51:04] [3/445] SROP
[01:51:05] [4/445] GTSV
[01:51:06] [5/445] SNTY
[01:51:07] [6/445] SMYY
[01:51:07] [7/445] CNCS
[01:51:08] [8/445] CSTM
[01:51:09] [9/445] NUCD
[01:51:10] [10/445] SHCZ
[01:51:11] [11/445] NJCT
[01:51:12] [12/445] COPC
[01:51:13] [13/445] STVV
[01:51:14] [14/445] SKRN
[01:51:15] [15/445] APPZ
[01:51:15] [16/445] YMGN
[01:51:16] [17/445] SVTU
[01:51:17] [18/445] GTAD
[01:51:18] [19/445] PSUS
[01:51:19] [20/445] SMCD
[01:51:20] [21/445] CMCM
[01:51:21] [22/445] SYCT
[01:51:22] [23/445] STLY
[01:51:23] [24/445] CMHU
[01:51:24] [25/445] CMSA
[01:51:25] [26/445] CLCU
[01:51:26] [27/445] PPNT
[01:51:27] [28/445] JTAB
[01:51:28] [29/445] BUUC
[01:51:29] [30/445] BSVK
[01:51:29] [31/445] VVVQ
[01:51:30] [32/445] TKMU
[01:51:31] [33/445] ESYL
[01:51:32] [34/445] ACHP
[01:51:33] [35/445] BTKD
[01:51:34] [36/445] DESA
[01:51:35] [37/445] GBCT
[01:51:36] [38/445] BLLD
[01:51:37] [39/445] SKNT
[01:51:37] [40/445] SSTE
[01:51:38] [41/445] VJMR
[01:51:39] [42/445] NTPU
[01:51:40] [43/445] RDKN
[01:51:41] [44/445] ADGC
[01:51:42] [45/445] VRBP
[01:51:43] [46/445] NMNA
[01:51:43] [47/445] CMMX
[01:51:45] [48/445] PTKO
[01:51:45] [49/445] RBML
[01:51:46] [50/445] SAIC
[01:51:48] [51/445] SVTJ
[01:51:49] [52/445] MRTE
[01:51:50] [53/445] RBTP
[01:51:51] [54/445] NLPS
[01:51:52] [55/445] GTNA
[01:51:52] [56/445] DGGC
[01:51:54] [57/445] SMCR
[01:51:54] [58/445] SCGD
[01:51:55] [59/445] SRRJ
[01:51:56] [60/445] CNRY
[01:51:57] [61/445] KTDI
[01:51:58] [62/445] SNJL
[01:51:59] [63/445] RKMD
[01:52:00] [64/445] SMDC
[01:52:01] [65/445] TADG
[01:52:02] [66/445] MCGS
[01:52:03] [67/445] PETK
[01:52:04] [68/445] CHAG
[01:52:05] [69/445] KSTL
[01:52:06] [70/445] AADS
[01:52:07] [71/445] NTHZ
[01:52:08] [72/445] HCKI
[01:52:09] [73/445] SSEF
[01:52:10] [74/445] MCGX
[01:52:11] [75/445] ERRA
[01:52:12] [76/445] SDTW
[01:52:13] [77/445] RMPK
[01:52:14] [78/445] PTHK
[01:52:15] [79/445] PXCS
[01:52:15] [80/445] SVLU
[01:52:16] [81/445] STAH
[01:52:17] [82/445] JRGF
[01:52:18] [83/445] CDOK
[01:52:19] [84/445] CMSG
[01:52:19] [85/445] APTD
[01:52:20] [86/445] KMPG
[01:52:21] [87/445] MUTJ
[01:52:22] [88/445] VCCI
[01:52:23] [89/445] URBE
[01:52:24] [90/445] TCTS
[01:52:25] [91/445] STSN
[01:52:26] [92/445] AKCH
[01:52:26] [93/445] APSC
[01:52:27] [94/445] VLTB
[01:52:29] [95/445] SANU
[01:52:29] [96/445] AXAM
[01:52:30] [97/445] MGMG
[01:52:31] [98/445] HTBY
[01:52:32] [99/445] MMZS
[01:52:33] [100/445] SUDR
[01:52:33] [101/445] CCAD
[01:52:34] [102/445] SKKC
[01:52:36] [103/445] RMCD
[01:52:37] [104/445] SBCQ
[01:52:38] [105/445] DCCT
[01:52:39] [106/445] VTKP
[01:52:39] [107/445] MLAM
[01:52:40] [108/445] SAVT
[01:52:41] [109/445] GEPL
[01:52:43] [110/445] AMCD
[01:52:44] [111/445] CCXR
[01:52:45] [112/445] GRNG
[01:52:46] [113/445] EBCA
[01:52:47] [114/445] CNVG
[01:52:48] [115/445] MWSS
[01:52:49] [116/445] VBOR
[01:52:50] [117/445] NEEB
[01:52:51] [118/445] SUTH
[01:52:52] [119/445] ANDB
[01:52:54] [120/445] MMXS
[01:52:55] [121/445] CNPD
[01:52:56] [122/445] SDCE
[01:52:57] [123/445] DHCB
[01:52:57] [124/445] ODEN
[01:52:58] [125/445] TNTC
[01:52:59] [126/445] VBKM
[01:53:01] [127/445] RZYM
[01:53:01] [128/445] JEMC
[01:53:02] [129/445] CMAU
[01:53:03] [130/445] SIVP
[01:53:04] [131/445] ATAG
[01:53:05] [132/445] CHTM
[01:53:05] [133/445] AAEE
[01:53:06] [134/445] IWPM
[01:53:07] [135/445] KCMW
[01:53:08] [136/445] MCTD
[01:53:09] [137/445] SPWR
[01:53:10] [138/445] SDPO
[01:53:11] [139/445] PCSK
[01:53:12] [140/445] ACHV
[01:53:13] [141/445] SVLA
[01:53:13] [142/445] PICT
[01:53:14] [143/445] BXDR
[01:53:15] [144/445] SPWA
[01:53:16] [145/445] MCKO
[01:53:17] [146/445] RTHK
[01:53:18] [147/445] CCMF
[01:53:18] [148/445] MRGB
[01:53:19] [149/445] CPLC
[01:53:20] [150/445] RACD
[01:53:21] [151/445] ATKT
[01:53:22] [152/445] SARN
[01:53:22] [153/445] KKUI
[01:53:23] [154/445] RGCM
[01:53:24] [155/445] BRVP
[01:53:25] [156/445] HRSR
[01:53:26] [157/445] GKGM
[01:53:27] [158/445] TTCD
[01:53:28] [159/445] PTTI
[01:53:29] [160/445] MPTT
[01:53:30] [161/445] CVTT
[01:53:31] [162/445] PCXD
[01:53:32] [163/445] GCDC
[01:53:32] [164/445] CCCF
[01:53:34] [165/445] MRAD
[01:53:35] [166/445] CPLK
[01:53:35] [167/445] SATB
[01:53:36] [168/445] SNVG
[01:53:37] [169/445] JMBA
[01:53:38] [170/445] TEJA
[01:53:39] [171/445] STYO
[01:53:40] [172/445] JTBP
[01:53:41] [173/445] KRGD
[01:53:42] [174/445] SLJJ
[01:53:44] [175/445] SPTJ
[01:53:44] [176/445] SWJG
[01:53:45] [177/445] LKRT
[01:53:46] [178/445] KCKA
[01:53:47] [179/445] SNCR
[01:53:47] [180/445] SMKL
[01:53:48] [181/445] GCFA
[01:53:49] [182/445] DDCK
[01:53:50] [183/445] NCHJ
[01:53:50] [184/445] RDMA
[01:53:51] [185/445] SVSV
[01:53:53] [186/445] SCJG
[01:53:54] [187/445] VKLP
[01:53:54] [188/445] NWCC
[01:53:55] [189/445] VKNS
[01:53:56] [190/445] SDDP
[01:53:57] [191/445] ACSI
[01:53:58] [192/445] SATG
[01:53:59] [193/445] SCMW
[01:54:00] [194/445] LKTK
[01:54:01] [195/445] VCKV
[01:54:01] [196/445] KKPE
[01:54:03] [197/445] KIGH
[01:54:04] [198/445] SRPM
[01:54:05] [199/445] SCAH
[01:54:06] [200/445] MUTA
[01:54:07] [201/445] SEPU
[01:54:08] [202/445] INOA
[01:54:09] [203/445] BASK
[01:54:09] [204/445] NECB
[01:54:10] [205/445] GTTG
[01:54:11] [206/445] ASSA
[01:54:12] [207/445] ANCL
[01:54:13] [208/445] GCTI
[01:54:13] [209/445] RCTS
[01:54:14] [210/445] ACNL
[01:54:15] [211/445] MYCT
[01:54:16] [212/445] NMHT
[01:54:17] [213/445] MDIT
[01:54:18] [214/445] LATG
[01:54:19] [215/445] SMTY
[01:54:20] [216/445] CVCT
[01:54:21] [217/445] RAMB
[01:54:21] [218/445] TGMS
[01:54:22] [219/445] BHEL
[01:54:23] [220/445] SHCT
[01:54:24] [221/445] SVCT
[01:54:24] [222/445] MRIY
[01:54:25] [223/445] SARO
[01:54:26] [224/445] STCT
[01:54:28] [225/445] JKKC
[01:54:29] [226/445] PLTT
[01:54:29] [227/445] SRNT
[01:54:30] [228/445] YAST
[01:54:31] [229/445] PERL
[01:54:33] [230/445] CICM
[01:54:34] [231/445] MMTR
[01:54:35] [232/445] ABTK
[01:54:35] [233/445] ATYY
[01:54:36] [234/445] ASTK
[01:54:37] [235/445] VVCK
[01:54:38] [236/445] ATKY
[01:54:39] [237/445] GWEK
[01:54:40] [238/445] SVFH
[01:54:40] [239/445] SLTA
[01:54:41] [240/445] AASH
[01:54:42] [241/445] ACXB
[01:54:43] [242/445] SMTX
[01:54:44] [243/445] AZDH
[01:54:45] [244/445] CMMH
[01:54:46] [245/445] SCSZ
[01:54:46] [246/445] SCKP
[01:54:47] [247/445] NXTM
[01:54:48] [248/445] NWCS
[01:54:49] [249/445] CXMH
[01:54:50] [250/445] PCMA
[01:54:50] [251/445] SGCM
[01:54:51] [252/445] SDTU
[01:54:52] [253/445] MMVI
[01:54:53] [254/445] JKCM
[01:54:53] [255/445] VCMM
[01:54:54] [256/445] SYEE
[01:54:55] [257/445] VASD
[01:54:56] [258/445] BDRB
[01:54:57] [259/445] LASM
[01:54:58] [260/445] DCRL
[01:54:59] [261/445] DVPM
[01:54:59] [262/445] SBMJ
[01:55:00] [263/445] CBMU
[01:55:01] [264/445] IUBS
[01:55:02] [265/445] INAP
[01:55:03] [266/445] SRRC
[01:55:04] [267/445] SAGR
[01:55:04] [268/445] CPMJ
[01:55:05] [269/445] ATJL
[01:55:07] [270/445] NNTD
[01:55:08] [271/445] JHCJ
[01:55:09] [272/445] CMMP
[01:55:09] [273/445] RSDR
[01:55:10] [274/445] AMTI
[01:55:11] [275/445] NYSG
[01:55:12] [276/445] AVSG
[01:55:13] [277/445] SYTP
[01:55:14] [278/445] LARC
[01:55:14] [279/445] RJTP
[01:55:15] [280/445] LAKC
[01:55:16] [281/445] MCXE
[01:55:17] [282/445] CCZC
[01:55:17] [283/445] AVCH
[01:55:19] [284/445] CMBE
[01:55:20] [285/445] MRRC
[01:55:20] [286/445] PCPY
[01:55:21] [287/445] SRMH
[01:55:22] [288/445] SVGS
[01:55:23] [289/445] PCSE
[01:55:24] [290/445] SVFT
[01:55:25] [291/445] TNZP
[01:55:26] [292/445] ICTP
[01:55:27] [293/445] ACTZ
[01:55:28] [294/445] GTUR
[01:55:28] [295/445] MAFC
[01:55:30] [296/445] MINL
[01:55:31] [297/445] MRCL
[01:55:32] [298/445] RCRP
[01:55:33] [299/445] RFFG
[01:55:34] [300/445] RMAS
[01:55:34] [301/445] INVR
[01:55:36] [302/445] RMAR
[01:55:37] [303/445] CNIS
[01:55:38] [304/445] RHRJ
[01:55:39] [305/445] INXR
[01:55:39] [306/445] VALT
[01:55:40] [307/445] LCSH
[01:55:41] [308/445] CMVS
[01:55:42] [309/445] CNMS
[01:55:43] [310/445] ROOG
[01:55:44] [311/445] ISRM
[01:55:44] [312/445] RCRM
[01:55:45] [313/445] ACJA
[01:55:47] [314/445] RCVS
[01:55:47] [315/445] CPUS
[01:55:49] [316/445] TGCS
[01:55:50] [317/445] RKCJ
[01:55:50] [318/445] MKSB
[01:55:51] [319/445] TCSJ
[01:55:52] [320/445] RMGP
[01:55:53] [321/445] CLLP
[01:55:54] [322/445] RCMV
[01:55:56] [323/445] CCKS
[01:55:56] [324/445] RSRP
[01:55:57] [325/445] APLP
[01:55:58] [326/445] CNVS
[01:55:59] [327/445] RMVY
[01:56:00] [328/445] PGBD
[01:56:00] [329/445] KLMS
[01:56:01] [330/445] RUST
[01:56:02] [331/445] MASM
[01:56:03] [332/445] BACS
[01:56:04] [333/445] BWST
[01:56:05] [334/445] RRFH
[01:56:05] [335/445] SJTM
[01:56:06] [336/445] BEMR
[01:56:07] [337/445] MCGR
[01:56:08] [338/445] SDSK
[01:56:09] [339/445] VBOL
[01:56:10] [340/445] RMGM
[01:56:10] [341/445] NOPL
[01:56:11] [342/445] MKJK
[01:56:12] [343/445] CVRN
[01:56:13] [344/445] MMEN
[01:56:14] [345/445] AMNG
[01:56:15] [346/445] INTM
[01:56:16] [347/445] SLCZ
[01:56:16] [348/445] AMJN
[01:56:17] [349/445] ACJN
[01:56:18] [350/445] AMKN
[01:56:19] [351/445] BTCN
[01:56:20] [352/445] AMBT
[01:56:21] [353/445] PACN
[01:56:22] [354/445] LCNS
[01:56:22] [355/445] PPKC
[01:56:23] [356/445] JYYN
[01:56:24] [357/445] JTNR
[01:56:24] [358/445] GTEE
[01:56:25] [359/445] SRNM
[01:56:26] [360/445] SDTC
[01:56:27] [361/445] VPCA
[01:56:28] [362/445] VLRA
[01:56:29] [363/445] SHKR
[01:56:29] [364/445] SBKD
[01:56:30] [365/445] SAAD
[01:56:31] [366/445] JTGN
[01:56:32] [367/445] SLAM
[01:56:33] [368/445] VTPM
[01:56:34] [369/445] ANPT
[01:56:34] [370/445] PUNB
[01:56:36] [371/445] CPKT
[01:56:37] [372/445] CNWE
[01:56:37] [373/445] ECPP
[01:56:38] [374/445] CPAR
[01:56:39] [375/445] ESBW
[01:56:39] [376/445] PKPU
[01:56:40] [377/445] CPRP
[01:56:41] [378/445] RAHU
[01:56:42] [379/445] RHMN
[01:56:43] [380/445] FMJP
[01:56:44] [381/445] CTMP
[01:56:45] [382/445] INPN
[01:56:46] [383/445] STTG
[01:56:47] [384/445] CTRD
[01:56:48] [385/445] PUVB
[01:56:50] [386/445] ESVP
[01:56:51] [387/445] CPFT
[01:56:51] [388/445] LCPC
[01:56:52] [389/445] VBCT
[01:56:53] [390/445] FSCW
[01:56:54] [391/445] VCMP
[01:56:55] [392/445] ASHC
[01:56:57] [393/445] VLCX
[01:56:57] [394/445] SHEV
[01:56:58] [395/445] APCO
[01:56:59] [396/445] SILC
[01:57:00] [397/445] SNMR
[01:57:01] [398/445] KYBO
[01:57:01] [399/445] SATK
[01:57:02] [400/445] SSCS
[01:57:03] [401/445] CLSB
[01:57:04] [402/445] KMJR
[01:57:05] [403/445] FSCK
[01:57:05] [404/445] NNKA
[01:57:06] [405/445] CLMK
[01:57:07] [406/445] DMPZ
[01:57:08] [407/445] INQM
[01:57:09] [408/445] CAML
[01:57:10] [409/445] INRK
[01:57:10] [410/445] IMKN
[01:57:11] [411/445] SVNR
[01:57:12] [412/445] INSL
[01:57:13] [413/445] MSMA
[01:57:14] [414/445] MCKK
[01:57:15] [415/445] FCHP
[01:57:16] [416/445] SFCR
[01:57:16] [417/445] NACK
[01:57:18] [418/445] PVAK
[01:57:19] [419/445] INER
[01:57:20] [420/445] RDBK
[01:57:21] [421/445] SVFN
[01:57:23] [422/445] IFRM
[01:57:24] [423/445] ATCK
[01:57:25] [424/445] ASKO
[01:57:25] [425/445] STKT
[01:57:27] [426/445] SVFB
[01:57:28] [427/445] INKS
[01:57:29] [428/445] PCRA
[01:57:30] [429/445] ATJA
[01:57:30] [430/445] IMJN
[01:57:31] [431/445] INHD
[01:57:32] [432/445] BARA
[01:57:33] [433/445] MCSL
[01:57:34] [434/445] RTOY
[01:57:35] [435/445] MENO
[01:57:36] [436/445] PUDM
[01:57:37] [437/445] PRCN
[01:57:39] [438/445] JMJR
[01:57:39] [439/445] SSGK
[01:57:40] [440/445] SSRL
[01:57:41] [441/445] JYKL
[01:57:42] [442/445] ACNB
[01:57:43] [443/445] SONP
[01:57:44] [444/445] EMCI
[01:57:45] [445/445] MRJH
[01:57:46] ✅ DONE | Shows=0 | Movies=0
[02:48:00] 🚀 BMS DAILY TRACKER STARTED
[02:48:00] [1/445] TGMR
[02:48:00] 🧠 New identity
[02:48:00] [2/445] CXKR
[02:48:01] [3/445] SROP
[02:48:02] [4/445] GTSV
[02:48:02] [5/445] SNTY
[02:48:03] [6/445] SMYY
[02:48:04] [7/445] CNCS
[02:48:04] [8/445] CSTM
[02:48:05] [9/445] NUCD
[02:48:06] [10/445] SHCZ
[02:48:06] [11/445] NJCT
[02:48:07] [12/445] COPC
[02:48:07] [13/445] STVV
[02:48:08] [14/445] SKRN
[02:48:08] [15/445] APPZ
[02:48:09] [16/445] YMGN
[02:48:10] [17/445] SVTU
[02:48:10] [18/445] GTAD
[02:48:11] [19/445] PSUS
[02:48:12] [20/445] SMCD
[02:48:12] [21/445] CMCM
[02:48:13] [22/445] SYCT
[02:48:13] [23/445] STLY
[02:48:14] [24/445] CMHU
[02:48:14] [25/445] CMSA
[02:48:15] [26/445] CLCU
[02:48:16] [27/445] PPNT
[02:48:16] [28/445] JTAB
[02:48:17] [29/445] BUUC
[02:48:17] [30/445] BSVK
[02:48:18] [31/445] VVVQ
[02:48:19] [32/445] TKMU
[02:48:19] [33/445] ESYL
[02:48:20] [34/445] ACHP
[02:48:20] [35/445] BTKD
[02:48:21] [36/445] DESA
[02:48:22] [37/445] GBCT
[02:48:22] [38/445] BLLD
[02:48:23] [39/445] SKNT
[02:48:24] [40/445] SSTE
[02:48:24] [41/445] VJMR
[02:48:25] [42/445] NTPU
[02:48:25] [43/445] RDKN
[02:48:26] [44/445] ADGC
[02:48:26] [45/445] VRBP
[02:48:27] [46/445] NMNA
[02:48:27] [47/445] CMMX
[02:48:28] [48/445] PTKO
[02:48:28] [49/445] RBML
[02:48:29] [50/445] SAIC
[02:48:30] [51/445] SVTJ
[02:48:30] [52/445] MRTE
[02:48:31] [53/445] RBTP
[02:48:31] [54/445] NLPS
[02:48:32] [55/445] GTNA
[02:48:32] [56/445] DGGC
[02:48:33] [57/445] SMCR
[02:48:33] [58/445] SCGD
[02:48:34] [59/445] SRRJ
[02:48:35] [60/445] CNRY
[02:48:35] [61/445] KTDI
[02:48:36] [62/445] SNJL
[02:48:36] [63/445] RKMD
[02:48:37] [64/445] SMDC
[02:48:38] [65/445] TADG
[02:48:38] [66/445] MCGS
[02:48:39] [67/445] PETK
[02:48:39] [68/445] CHAG
[02:48:40] [69/445] KSTL
[02:48:41] [70/445] AADS
[02:48:41] [71/445] NTHZ
[02:48:42] [72/445] HCKI
[02:48:43] [73/445] SSEF
[02:48:43] [74/445] MCGX
[02:48:44] [75/445] ERRA
[02:48:44] [76/445] SDTW
[02:48:45] [77/445] RMPK
[02:48:46] [78/445] PTHK
[02:48:47] [79/445] PXCS
[02:48:47] [80/445] SVLU
[02:48:48] [81/445] STAH
[02:48:48] [82/445] JRGF
[02:48:49] [83/445] CDOK
[02:48:50] [84/445] CMSG
[02:48:50] [85/445] APTD
[02:48:51] [86/445] KMPG
[02:48:51] [87/445] MUTJ
[02:48:52] [88/445] VCCI
[02:48:53] [89/445] URBE
[02:48:53] [90/445] TCTS
[02:48:54] [91/445] STSN
[02:48:54] [92/445] AKCH
[02:48:55] [93/445] APSC
[02:48:55] [94/445] VLTB
[02:48:56] [95/445] SANU
[02:48:56] [96/445] AXAM
[02:48:57] [97/445] MGMG
[02:48:57] [98/445] HTBY
[02:48:58] [99/445] MMZS
[02:48:59] [100/445] SUDR
[02:48:59] [101/445] CCAD
[02:49:00] [102/445] SKKC
[02:49:00] [103/445] RMCD
[02:49:01] [104/445] SBCQ
[02:49:02] [105/445] DCCT
[02:49:02] [106/445] VTKP
[02:49:02] [107/445] MLAM
[02:49:03] [108/445] SAVT
[02:49:03] [109/445] GEPL
[02:49:04] [110/445] AMCD
[02:49:04] [111/445] CCXR
[02:49:05] [112/445] GRNG
[02:49:06] [113/445] EBCA
[02:49:06] [114/445] CNVG
[02:49:07] [115/445] MWSS
[02:49:07] [116/445] VBOR
[02:49:08] [117/445] NEEB
[02:49:08] [118/445] SUTH
[02:49:09] [119/445] ANDB
[02:49:10] [120/445] MMXS
[02:49:10] [121/445] CNPD
[02:49:11] [122/445] SDCE
[02:49:11] [123/445] DHCB
[02:49:12] [124/445] ODEN
[02:49:12] [125/445] TNTC
[02:49:13] [126/445] VBKM
[02:49:14] [127/445] RZYM
[02:49:14] [128/445] JEMC
[02:49:15] [129/445] CMAU
[02:49:15] [130/445] SIVP
[02:49:16] [131/445] ATAG
[02:49:17] [132/445] CHTM
[02:49:17] [133/445] AAEE
[02:49:18] [134/445] IWPM
[02:49:18] [135/445] KCMW
[02:49:19] [136/445] MCTD
[02:49:19] [137/445] SPWR
[02:49:20] [138/445] SDPO
[02:49:20] [139/445] PCSK
[02:49:21] [140/445] ACHV
[02:49:22] [141/445] SVLA
[02:49:22] [142/445] PICT
[02:49:23] [143/445] BXDR
[02:49:23] [144/445] SPWA
[02:49:24] [145/445] MCKO
[02:49:25] [146/445] RTHK
[02:49:25] [147/445] CCMF
[02:49:26] [148/445] MRGB
[02:49:26] [149/445] CPLC
[02:49:27] [150/445] RACD
[02:49:28] [151/445] ATKT
[02:49:28] [152/445] SARN
[02:49:29] [153/445] KKUI
[02:49:29] [154/445] RGCM
[02:49:30] [155/445] BRVP
[02:49:30] [156/445] HRSR
[02:49:31] [157/445] GKGM
[02:49:32] [158/445] TTCD
[02:49:32] [159/445] PTTI
[02:49:33] [160/445] MPTT
[02:49:33] [161/445] CVTT
[02:49:34] [162/445] PCXD
[02:49:34] [163/445] GCDC
[02:49:35] [164/445] CCCF
[02:49:35] [165/445] MRAD
[02:49:36] [166/445] CPLK
[02:49:36] [167/445] SATB
[02:49:37] [168/445] SNVG
[02:49:37] [169/445] JMBA
[02:49:38] [170/445] TEJA
[02:49:38] [171/445] STYO
[02:49:39] [172/445] JTBP
[02:49:39] [173/445] KRGD
[02:49:40] [174/445] SLJJ
[02:49:41] [175/445] SPTJ
[02:49:41] [176/445] SWJG
[02:49:42] [177/445] LKRT
[02:49:43] [178/445] KCKA
[02:49:43] [179/445] SNCR
[02:49:44] [180/445] SMKL
[02:49:44] [181/445] GCFA
[02:49:45] [182/445] DDCK
[02:49:45] [183/445] NCHJ
[02:49:46] [184/445] RDMA
[02:49:46] [185/445] SVSV
[02:49:47] [186/445] SCJG
[02:49:47] [187/445] VKLP
[02:49:47] [188/445] NWCC
[02:49:48] [189/445] VKNS
[02:49:49] [190/445] SDDP
[02:49:49] [191/445] ACSI
[02:49:50] [192/445] SATG
[02:49:50] [193/445] SCMW
[02:49:51] [194/445] LKTK
[02:49:52] [195/445] VCKV
[02:49:52] [196/445] KKPE
[02:49:53] [197/445] KIGH
[02:49:53] [198/445] SRPM
[02:49:54] [199/445] SCAH
[02:49:54] [200/445] MUTA
[02:49:55] [201/445] SEPU
[02:49:56] [202/445] INOA
[02:49:56] [203/445] BASK
[02:49:57] [204/445] NECB
[02:49:57] [205/445] GTTG
[02:49:58] [206/445] ASSA
[02:49:58] [207/445] ANCL
[02:49:59] [208/445] GCTI
[02:50:00] [209/445] RCTS
[02:50:00] [210/445] ACNL
[02:50:01] [211/445] MYCT
[02:50:02] [212/445] NMHT
[02:50:02] [213/445] MDIT
[02:50:03] [214/445] LATG
[02:50:04] [215/445] SMTY
[02:50:04] [216/445] CVCT
[02:50:05] [217/445] RAMB
[02:50:05] [218/445] TGMS
[02:50:06] [219/445] BHEL
[02:50:06] [220/445] SHCT
[02:50:07] [221/445] SVCT
[02:50:08] [222/445] MRIY
[02:50:08] [223/445] SARO
[02:50:09] [224/445] STCT
[02:50:09] [225/445] JKKC
[02:50:10] [226/445] PLTT
[02:50:10] [227/445] SRNT
[02:50:11] [228/445] YAST
[02:50:12] [229/445] PERL
[02:50:12] [230/445] CICM
[02:50:13] [231/445] MMTR
[02:50:13] [232/445] ABTK
[02:50:14] [233/445] ATYY
[02:50:14] [234/445] ASTK
[02:50:15] [235/445] VVCK
[02:50:16] [236/445] ATKY
[02:50:16] [237/445] GWEK
[02:50:17] [238/445] SVFH
[02:50:17] [239/445] SLTA
[02:50:18] [240/445] AASH
[02:50:18] [241/445] ACXB
[02:50:19] [242/445] SMTX
[02:50:19] [243/445] AZDH
[02:50:20] [244/445] CMMH
[02:50:20] [245/445] SCSZ
[02:50:21] [246/445] SCKP
[02:50:21] [247/445] NXTM
[02:50:22] [248/445] NWCS
[02:50:23] [249/445] CXMH
[02:50:23] [250/445] PCMA
[02:50:24] [251/445] SGCM
[02:50:24] [252/445] SDTU
[02:50:25] [253/445] MMVI
[02:50:25] [254/445] JKCM
[02:50:26] [255/445] VCMM
[02:50:26] [256/445] SYEE
[02:50:27] [257/445] VASD
[02:50:28] [258/445] BDRB
[02:50:28] [259/445] LASM
[02:50:29] [260/445] DCRL
[02:50:30] [261/445] DVPM
[02:50:30] [262/445] SBMJ
[02:50:31] [263/445] CBMU
[02:50:31] [264/445] IUBS
[02:50:32] [265/445] INAP
[02:50:33] [266/445] SRRC
[02:50:33] [267/445] SAGR
[02:50:34] [268/445] CPMJ
[02:50:34] [269/445] ATJL
[02:50:35] [270/445] NNTD
[02:50:35] [271/445] JHCJ
[02:50:36] [272/445] CMMP
[02:50:36] [273/445] RSDR
[02:50:37] [274/445] AMTI
[02:50:37] [275/445] NYSG
[02:50:38] [276/445] AVSG
[02:50:38] [277/445] SYTP
[02:50:39] [278/445] LARC
[02:50:40] [279/445] RJTP
[02:50:40] [280/445] LAKC
[02:50:41] [281/445] MCXE
[02:50:41] [282/445] CCZC
[02:50:42] [283/445] AVCH
[02:50:42] [284/445] CMBE
[02:50:43] [285/445] MRRC
[02:50:43] [286/445] PCPY
[02:50:44] [287/445] SRMH
[02:50:44] [288/445] SVGS
[02:50:45] [289/445] PCSE
[02:50:46] [290/445] SVFT
[02:50:46] [291/445] TNZP
[02:50:47] [292/445] ICTP
[02:50:47] [293/445] ACTZ
[02:50:48] [294/445] GTUR
[02:50:48] [295/445] MAFC
[02:50:49] [296/445] MINL
[02:50:50] [297/445] MRCL
[02:50:50] [298/445] RCRP
[02:50:51] [299/445] RFFG
[02:50:51] [300/445] RMAS
[02:50:52] [301/445] INVR
[02:50:52] [302/445] RMAR
[02:50:53] [303/445] CNIS
[02:50:53] [304/445] RHRJ
[02:50:54] [305/445] INXR
[02:50:55] [306/445] VALT
[02:50:55] [307/445] LCSH
[02:50:56] [308/445] CMVS
[02:50:56] [309/445] CNMS
[02:50:56] [310/445] ROOG
[02:50:57] [311/445] ISRM
[02:50:58] [312/445] RCRM
[02:50:58] [313/445] ACJA
[02:50:59] [314/445] RCVS
[02:50:59] [315/445] CPUS
[02:51:00] [316/445] TGCS
[02:51:00] [317/445] RKCJ
[02:51:01] [318/445] MKSB
[02:51:02] [319/445] TCSJ
[02:51:02] [320/445] RMGP
[02:51:03] [321/445] CLLP
[02:51:04] [322/445] RCMV
[02:51:04] [323/445] CCKS
[02:51:05] [324/445] RSRP
[02:51:05] [325/445] APLP
[02:51:06] [326/445] CNVS
[02:51:06] [327/445] RMVY
[02:51:07] [328/445] PGBD
[02:51:07] [329/445] KLMS
[02:51:08] [330/445] RUST
[02:51:09] [331/445] MASM
[02:51:09] [332/445] BACS
[02:51:10] [333/445] BWST
[02:51:10] [334/445] RRFH
[02:51:11] [335/445] SJTM
[02:51:12] [336/445] BEMR
[02:51:12] [337/445] MCGR
[02:51:13] [338/445] SDSK
[02:51:14] [339/445] VBOL
[02:51:14] [340/445] RMGM
[02:51:15] [341/445] NOPL
[02:51:15] [342/445] MKJK
[02:51:16] [343/445] CVRN
[02:51:16] [344/445] MMEN
[02:51:17] [345/445] AMNG
[02:51:17] [346/445] INTM
[02:51:18] [347/445] SLCZ
[02:51:18] [348/445] AMJN
[02:51:19] [349/445] ACJN
[02:51:20] [350/445] AMKN
[02:51:20] [351/445] BTCN
[02:51:21] [352/445] AMBT
[02:51:21] [353/445] PACN
[02:51:22] [354/445] LCNS
[02:51:22] [355/445] PPKC
[02:51:23] [356/445] JYYN
[02:51:23] [357/445] JTNR
[02:51:24] [358/445] GTEE
[02:51:24] [359/445] SRNM
[02:51:25] [360/445] SDTC
[02:51:25] [361/445] VPCA
[02:51:26] [362/445] VLRA
[02:51:26] [363/445] SHKR
[02:51:27] [364/445] SBKD
[02:51:28] [365/445] SAAD
[02:51:28] [366/445] JTGN
[02:51:29] [367/445] SLAM
[02:51:29] [368/445] VTPM
[02:51:30] [369/445] ANPT
[02:51:30] [370/445] PUNB
[02:51:31] [371/445] CPKT
[02:51:32] [372/445] CNWE
[02:51:32] [373/445] ECPP
[02:51:33] [374/445] CPAR
[02:51:33] [375/445] ESBW
[02:51:34] [376/445] PKPU
[02:51:34] [377/445] CPRP
[02:51:35] [378/445] RAHU
[02:51:36] [379/445] RHMN
[02:51:36] [380/445] FMJP
[02:51:36] [381/445] CTMP
[02:51:37] [382/445] INPN
[02:51:37] [383/445] STTG
[02:51:38] [384/445] CTRD
[02:51:38] [385/445] PUVB
[02:51:39] [386/445] ESVP
[02:51:40] [387/445] CPFT
[02:51:40] [388/445] LCPC
[02:51:40] [389/445] VBCT
[02:51:41] [390/445] FSCW
[02:51:42] [391/445] VCMP
[02:51:42] [392/445] ASHC
[02:51:43] [393/445] VLCX
[02:51:43] [394/445] SHEV
[02:51:44] [395/445] APCO
[02:51:45] [396/445] SILC
[02:51:45] [397/445] SNMR
[02:51:46] [398/445] KYBO
[02:51:46] [399/445] SATK
[02:51:47] [400/445] SSCS
[02:51:47] [401/445] CLSB
[02:51:48] [402/445] KMJR
[02:51:48] [403/445] FSCK
[02:51:49] [404/445] NNKA
[02:51:49] [405/445] CLMK
[02:51:50] [406/445] DMPZ
[02:51:50] [407/445] INQM
[02:51:51] [408/445] CAML
[02:51:52] [409/445] INRK
[02:51:52] [410/445] IMKN
[02:51:53] [411/445] SVNR
[02:51:53] [412/445] INSL
[02:51:54] [413/445] MSMA
[02:51:54] [414/445] MCKK
[02:51:55] [415/445] FCHP
[02:51:56] [416/445] SFCR
[02:51:56] [417/445] NACK
[02:51:57] [418/445] PVAK
[02:51:58] [419/445] INER
[02:51:58] [420/445] RDBK
[02:51:59] [421/445] SVFN
[02:52:00] [422/445] IFRM
[02:52:00] [423/445] ATCK
[02:52:01] [424/445] ASKO
[02:52:01] [425/445] STKT
[02:52:02] [426/445] SVFB
[02:52:02] [427/445] INKS
[02:52:03] [428/445] PCRA
[02:52:04] [429/445] ATJA
[02:52:04] [430/445] IMJN
[02:52:04] [431/445] INHD
[02:52:05] [432/445] BARA
[02:52:06] [433/445] MCSL
[02:52:06] [434/445] RTOY
[02:52:07] [435/445] MENO
[02:52:07] [436/445] PUDM
[02:52:08] [437/445] PRCN
[02:52:09] [438/445] JMJR
[02:52:09] [439/445] SSGK
[02:52:10] [440/445] SSRL
[02:52:10] [441/445] JYKL
[02:52:11] [442/445] ACNB
[02:52:11] [443/445] SONP
[02:52:12] [444/445] EMCI
[02:52:13] [445/445] MRJH
[02:52:13] ✅ DONE | Shows=0 | Movies=0
[03:48:28] 🚀 BMS DAILY TRACKER STARTED
[03:48:28] [1/445] TGMR
[03:48:28] 🧠 New identity
[03:48:29] [2/445] CXKR
[03:48:29] [3/445] SROP
[03:48:30] [4/445] GTSV
[03:48:30] [5/445] SNTY
[03:48:31] [6/445] SMYY
[03:48:32] [7/445] CNCS
[03:48:32] [8/445] CSTM
[03:48:33] [9/445] NUCD
[03:48:34] [10/445] SHCZ
[03:48:34] [11/445] NJCT
[03:48:35] [12/445] COPC
[03:48:35] [13/445] STVV
[03:48:36] [14/445] SKRN
[03:48:37] [15/445] APPZ
[03:48:37] [16/445] YMGN
[03:48:38] [17/445] SVTU
[03:48:38] [18/445] GTAD
[03:48:39] [19/445] PSUS
[03:48:39] [20/445] SMCD
[03:48:40] [21/445] CMCM
[03:48:41] [22/445] SYCT
[03:48:41] [23/445] STLY
[03:48:42] [24/445] CMHU
[03:48:42] [25/445] CMSA
[03:48:43] [26/445] CLCU
[03:48:44] [27/445] PPNT
[03:48:44] [28/445] JTAB
[03:48:45] [29/445] BUUC
[03:48:45] [30/445] BSVK
[03:48:46] [31/445] VVVQ
[03:48:46] [32/445] TKMU
[03:48:47] [33/445] ESYL
[03:48:47] [34/445] ACHP
[03:48:48] [35/445] BTKD
[03:48:48] [36/445] DESA
[03:48:49] [37/445] GBCT
[03:48:49] [38/445] BLLD
[03:48:50] [39/445] SKNT
[03:48:51] [40/445] SSTE
[03:48:51] [41/445] VJMR
[03:48:51] [42/445] NTPU
[03:48:52] [43/445] RDKN
[03:48:53] [44/445] ADGC
[03:48:53] [45/445] VRBP
[03:48:54] [46/445] NMNA
[03:48:54] [47/445] CMMX
[03:48:55] [48/445] PTKO
[03:48:56] [49/445] RBML
[03:48:56] [50/445] SAIC
[03:48:57] [51/445] SVTJ
[03:48:57] [52/445] MRTE
[03:48:58] [53/445] RBTP
[03:48:58] [54/445] NLPS
[03:48:59] [55/445] GTNA
[03:49:00] [56/445] DGGC
[03:49:00] [57/445] SMCR
[03:49:01] [58/445] SCGD
[03:49:02] [59/445] SRRJ
[03:49:02] [60/445] CNRY
[03:49:03] [61/445] KTDI
[03:49:04] [62/445] SNJL
[03:49:04] [63/445] RKMD
[03:49:05] [64/445] SMDC
[03:49:05] [65/445] TADG
[03:49:06] [66/445] MCGS
[03:49:07] [67/445] PETK
[03:49:07] [68/445] CHAG
[03:49:08] [69/445] KSTL
[03:49:09] [70/445] AADS
[03:49:09] [71/445] NTHZ
[03:49:10] [72/445] HCKI
[03:49:11] [73/445] SSEF
[03:49:11] [74/445] MCGX
[03:49:12] [75/445] ERRA
[03:49:12] [76/445] SDTW
[03:49:13] [77/445] RMPK
[03:49:14] [78/445] PTHK
[03:49:14] [79/445] PXCS
[03:49:15] [80/445] SVLU
[03:49:16] [81/445] STAH
[03:49:16] [82/445] JRGF
[03:49:17] [83/445] CDOK
[03:49:18] [84/445] CMSG
[03:49:18] [85/445] APTD
[03:49:19] [86/445] KMPG
[03:49:19] [87/445] MUTJ
[03:49:20] [88/445] VCCI
[03:49:20] [89/445] URBE
[03:49:21] [90/445] TCTS
[03:49:22] [91/445] STSN
[03:49:22] [92/445] AKCH
[03:49:23] [93/445] APSC
[03:49:23] [94/445] VLTB
[03:49:24] [95/445] SANU
[03:49:25] [96/445] AXAM
[03:49:25] [97/445] MGMG
[03:49:25] [98/445] HTBY
[03:49:26] [99/445] MMZS
[03:49:26] [100/445] SUDR
[03:49:27] [101/445] CCAD
[03:49:27] [102/445] SKKC
[03:49:28] [103/445] RMCD
[03:49:28] [104/445] SBCQ
[03:49:29] [105/445] DCCT
[03:49:30] [106/445] VTKP
[03:49:30] [107/445] MLAM
[03:49:30] [108/445] SAVT
[03:49:31] [109/445] GEPL
[03:49:32] [110/445] AMCD
[03:49:32] [111/445] CCXR
[03:49:33] [112/445] GRNG
[03:49:33] [113/445] EBCA
[03:49:34] [114/445] CNVG
[03:49:35] [115/445] MWSS
[03:49:35] [116/445] VBOR
[03:49:36] [117/445] NEEB
[03:49:36] [118/445] SUTH
[03:49:37] [119/445] ANDB
[03:49:37] [120/445] MMXS
[03:49:38] [121/445] CNPD
[03:49:39] [122/445] SDCE
[03:49:39] [123/445] DHCB
[03:49:40] [124/445] ODEN
[03:49:40] [125/445] TNTC
[03:49:41] [126/445] VBKM
[03:49:41] [127/445] RZYM
[03:49:42] [128/445] JEMC
[03:49:43] [129/445] CMAU
[03:49:43] [130/445] SIVP
[03:49:44] [131/445] ATAG
[03:49:44] [132/445] CHTM
[03:49:45] [133/445] AAEE
[03:49:46] [134/445] IWPM
[03:49:46] [135/445] KCMW
[03:49:47] [136/445] MCTD
[03:49:47] [137/445] SPWR
[03:49:48] [138/445] SDPO
[03:49:48] [139/445] PCSK
[03:49:49] [140/445] ACHV
[03:49:49] [141/445] SVLA
[03:49:50] [142/445] PICT
[03:49:50] [143/445] BXDR
[03:49:51] [144/445] SPWA
[03:49:51] [145/445] MCKO
[03:49:52] [146/445] RTHK
[03:49:53] [147/445] CCMF
[03:49:53] [148/445] MRGB
[03:49:54] [149/445] CPLC
[03:49:54] [150/445] RACD
[03:49:55] [151/445] ATKT
[03:49:56] [152/445] SARN
[03:49:56] [153/445] KKUI
[03:49:56] [154/445] RGCM
[03:49:57] [155/445] BRVP
[03:49:58] [156/445] HRSR
[03:49:58] [157/445] GKGM
[03:49:59] [158/445] TTCD
[03:49:59] [159/445] PTTI
[03:50:00] [160/445] MPTT
[03:50:00] [161/445] CVTT
[03:50:01] [162/445] PCXD
[03:50:01] [163/445] GCDC
[03:50:02] [164/445] CCCF
[03:50:02] [165/445] MRAD
[03:50:03] [166/445] CPLK
[03:50:03] [167/445] SATB
[03:50:04] [168/445] SNVG
[03:50:05] [169/445] JMBA
[03:50:05] [170/445] TEJA
[03:50:06] [171/445] STYO
[03:50:06] [172/445] JTBP
[03:50:06] [173/445] KRGD
[03:50:07] [174/445] SLJJ
[03:50:08] [175/445] SPTJ
[03:50:08] [176/445] SWJG
[03:50:09] [177/445] LKRT
[03:50:09] [178/445] KCKA
[03:50:10] [179/445] SNCR
[03:50:10] [180/445] SMKL
[03:50:11] [181/445] GCFA
[03:50:12] [182/445] DDCK
[03:50:12] [183/445] NCHJ
[03:50:13] [184/445] RDMA
[03:50:13] [185/445] SVSV
[03:50:14] [186/445] SCJG
[03:50:14] [187/445] VKLP
[03:50:15] [188/445] NWCC
[03:50:15] [189/445] VKNS
[03:50:16] [190/445] SDDP
[03:50:17] [191/445] ACSI
[03:50:17] [192/445] SATG
[03:50:18] [193/445] SCMW
[03:50:18] [194/445] LKTK
[03:50:19] [195/445] VCKV
[03:50:19] [196/445] KKPE
[03:50:20] [197/445] KIGH
[03:50:21] [198/445] SRPM
[03:50:21] [199/445] SCAH
[03:50:22] [200/445] MUTA
[03:50:23] [201/445] SEPU
[03:50:23] [202/445] INOA
[03:50:24] [203/445] BASK
[03:50:24] [204/445] NECB
[03:50:25] [205/445] GTTG
[03:50:25] [206/445] ASSA
[03:50:26] [207/445] ANCL
[03:50:27] [208/445] GCTI
[03:50:28] [209/445] RCTS
[03:50:28] [210/445] ACNL
[03:50:28] [211/445] MYCT
[03:50:29] [212/445] NMHT
[03:50:30] [213/445] MDIT
[03:50:30] [214/445] LATG
[03:50:31] [215/445] SMTY
[03:50:31] [216/445] CVCT
[03:50:32] [217/445] RAMB
[03:50:33] [218/445] TGMS
[03:50:33] [219/445] BHEL
[03:50:34] [220/445] SHCT
[03:50:34] [221/445] SVCT
[03:50:35] [222/445] MRIY
[03:50:35] [223/445] SARO
[03:50:36] [224/445] STCT
[03:50:36] [225/445] JKKC
[03:50:37] [226/445] PLTT
[03:50:37] [227/445] SRNT
[03:50:38] [228/445] YAST
[03:50:38] [229/445] PERL
[03:50:39] [230/445] CICM
[03:50:40] [231/445] MMTR
[03:50:40] [232/445] ABTK
[03:50:41] [233/445] ATYY
[03:50:41] [234/445] ASTK
[03:50:42] [235/445] VVCK
[03:50:43] [236/445] ATKY
[03:50:43] [237/445] GWEK
[03:50:44] [238/445] SVFH
[03:50:45] [239/445] SLTA
[03:50:45] [240/445] AASH
[03:50:46] [241/445] ACXB
[03:50:46] [242/445] SMTX
[03:50:47] [243/445] AZDH
[03:50:48] [244/445] CMMH
[03:50:48] [245/445] SCSZ
[03:50:49] [246/445] SCKP
[03:50:49] [247/445] NXTM
[03:50:50] [248/445] NWCS
[03:50:51] [249/445] CXMH
[03:50:51] [250/445] PCMA
[03:50:52] [251/445] SGCM
[03:50:53] [252/445] SDTU
[03:50:53] [253/445] MMVI
[03:50:54] [254/445] JKCM
[03:50:54] [255/445] VCMM
[03:50:55] [256/445] SYEE
[03:50:56] [257/445] VASD
[03:50:56] [258/445] BDRB
[03:50:57] [259/445] LASM
[03:50:57] [260/445] DCRL
[03:50:58] [261/445] DVPM
[03:50:58] [262/445] SBMJ
[03:50:59] [263/445] CBMU
[03:51:00] [264/445] IUBS
[03:51:00] [265/445] INAP
[03:51:01] [266/445] SRRC
[03:51:01] [267/445] SAGR
[03:51:02] [268/445] CPMJ
[03:51:02] [269/445] ATJL
[03:51:03] [270/445] NNTD
[03:51:03] [271/445] JHCJ
[03:51:04] [272/445] CMMP
[03:51:05] [273/445] RSDR
[03:51:05] [274/445] AMTI
[03:51:06] [275/445] NYSG
[03:51:07] [276/445] AVSG
[03:51:07] [277/445] SYTP
[03:51:08] [278/445] LARC
[03:51:08] [279/445] RJTP
[03:51:09] [280/445] LAKC
[03:51:09] [281/445] MCXE
[03:51:10] [282/445] CCZC
[03:51:11] [283/445] AVCH
[03:51:11] [284/445] CMBE
[03:51:12] [285/445] MRRC
[03:51:13] [286/445] PCPY
[03:51:13] [287/445] SRMH
[03:51:14] [288/445] SVGS
[03:51:14] [289/445] PCSE
[03:51:15] [290/445] SVFT
[03:51:15] [291/445] TNZP
[03:51:16] [292/445] ICTP
[03:51:16] [293/445] ACTZ
[03:51:17] [294/445] GTUR
[03:51:18] [295/445] MAFC
[03:51:18] [296/445] MINL
[03:51:19] [297/445] MRCL
[03:51:20] [298/445] RCRP
[03:51:20] [299/445] RFFG
[03:51:21] [300/445] RMAS
[03:51:21] [301/445] INVR
[03:51:22] [302/445] RMAR
[03:51:22] [303/445] CNIS
[03:51:23] [304/445] RHRJ
[03:51:24] [305/445] INXR
[03:51:24] [306/445] VALT
[03:51:24] [307/445] LCSH
[03:51:25] [308/445] CMVS
[03:51:26] [309/445] CNMS
[03:51:26] [310/445] ROOG
[03:51:27] [311/445] ISRM
[03:51:28] [312/445] RCRM
[03:51:28] [313/445] ACJA
[03:51:29] [314/445] RCVS
[03:51:29] [315/445] CPUS
[03:51:30] [316/445] TGCS
[03:51:31] [317/445] RKCJ
[03:51:31] [318/445] MKSB
[03:51:32] [319/445] TCSJ
[03:51:32] [320/445] RMGP
[03:51:33] [321/445] CLLP
[03:51:33] [322/445] RCMV
[03:51:34] [323/445] CCKS
[03:51:34] [324/445] RSRP
[03:51:35] [325/445] APLP
[03:51:35] [326/445] CNVS
[03:51:36] [327/445] RMVY
[03:51:37] [328/445] PGBD
[03:51:37] [329/445] KLMS
[03:51:38] [330/445] RUST
[03:51:38] [331/445] MASM
[03:51:39] [332/445] BACS
[03:51:39] [333/445] BWST
[03:51:40] [334/445] RRFH
[03:51:40] [335/445] SJTM
[03:51:41] [336/445] BEMR
[03:51:42] [337/445] MCGR
[03:51:42] [338/445] SDSK
[03:51:43] [339/445] VBOL
[03:51:44] [340/445] RMGM
[03:51:44] [341/445] NOPL
[03:51:45] [342/445] MKJK
[03:51:45] [343/445] CVRN
[03:51:46] [344/445] MMEN
[03:51:47] [345/445] AMNG
[03:51:47] [346/445] INTM
[03:51:48] [347/445] SLCZ
[03:51:48] [348/445] AMJN
[03:51:49] [349/445] ACJN
[03:51:49] [350/445] AMKN
[03:51:50] [351/445] BTCN
[03:51:50] [352/445] AMBT
[03:51:51] [353/445] PACN
[03:51:52] [354/445] LCNS
[03:51:52] [355/445] PPKC
[03:51:53] [356/445] JYYN
[03:51:53] [357/445] JTNR
[03:51:54] [358/445] GTEE
[03:51:54] [359/445] SRNM
[03:51:55] [360/445] SDTC
[03:51:55] [361/445] VPCA
[03:51:56] [362/445] VLRA
[03:51:57] [363/445] SHKR
[03:51:58] [364/445] SBKD
[03:51:58] [365/445] SAAD
[03:51:59] [366/445] JTGN
[03:51:59] [367/445] SLAM
[03:52:00] [368/445] VTPM
[03:52:00] [369/445] ANPT
[03:52:01] [370/445] PUNB
[03:52:01] [371/445] CPKT
[03:52:02] [372/445] CNWE
[03:52:02] [373/445] ECPP
[03:52:03] [374/445] CPAR
[03:52:03] [375/445] ESBW
[03:52:04] [376/445] PKPU
[03:52:04] [377/445] CPRP
[03:52:05] [378/445] RAHU
[03:52:06] [379/445] RHMN
[03:52:06] [380/445] FMJP
[03:52:07] [381/445] CTMP
[03:52:07] [382/445] INPN
[03:52:08] [383/445] STTG
[03:52:09] [384/445] CTRD
[03:52:10] [385/445] PUVB
[03:52:10] [386/445] ESVP
[03:52:11] [387/445] CPFT
[03:52:11] [388/445] LCPC
[03:52:12] [389/445] VBCT
[03:52:12] [390/445] FSCW
[03:52:13] [391/445] VCMP
[03:52:13] [392/445] ASHC
[03:52:14] [393/445] VLCX
[03:52:14] [394/445] SHEV
[03:52:15] [395/445] APCO
[03:52:16] [396/445] SILC
[03:52:16] [397/445] SNMR
[03:52:17] [398/445] KYBO
[03:52:17] [399/445] SATK
[03:52:18] [400/445] SSCS
[03:52:18] [401/445] CLSB
[03:52:19] [402/445] KMJR
[03:52:20] [403/445] FSCK
[03:52:20] [404/445] NNKA
[03:52:21] [405/445] CLMK
[03:52:22] [406/445] DMPZ
[03:52:22] [407/445] INQM
[03:52:23] [408/445] CAML
[03:52:23] [409/445] INRK
[03:52:24] [410/445] IMKN
[03:52:24] [411/445] SVNR
[03:52:25] [412/445] INSL
[03:52:25] [413/445] MSMA
[03:52:26] [414/445] MCKK
[03:52:27] [415/445] FCHP
[03:52:27] [416/445] SFCR
[03:52:27] [417/445] NACK
[03:52:28] [418/445] PVAK
[03:52:29] [419/445] INER
[03:52:29] [420/445] RDBK
[03:52:30] [421/445] SVFN
[03:52:30] [422/445] IFRM
[03:52:31] [423/445] ATCK
[03:52:31] [424/445] ASKO
[03:52:32] [425/445] STKT
[03:52:32] [426/445] SVFB
[03:52:33] [427/445] INKS
[03:52:33] [428/445] PCRA
[03:52:34] [429/445] ATJA
[03:52:34] [430/445] IMJN
[03:52:35] [431/445] INHD
[03:52:36] [432/445] BARA
[03:52:36] [433/445] MCSL
[03:52:37] [434/445] RTOY
[03:52:37] [435/445] MENO
[03:52:38] [436/445] PUDM
[03:52:38] [437/445] PRCN
[03:52:39] [438/445] JMJR
[03:52:39] [439/445] SSGK
[03:52:40] [440/445] SSRL
[03:52:40] [441/445] JYKL
[03:52:41] [442/445] ACNB
[03:52:41] [443/445] SONP
[03:52:42] [444/445] EMCI
[03:52:43] [445/445] MRJH
[03:52:43] ✅ DONE | Shows=0 | Movies=0
[04:51:01] 🚀 BMS DAILY TRACKER STARTED
[04:51:01] [1/445] TGMR
[04:51:01] 🧠 New identity
[04:51:01] [2/445] CXKR
[04:51:02] [3/445] SROP
[04:51:02] [4/445] GTSV
[04:51:03] [5/445] SNTY
[04:51:03] [6/445] SMYY
[04:51:04] [7/445] CNCS
[04:51:04] [8/445] CSTM
[04:51:05] [9/445] NUCD
[04:51:06] [10/445] SHCZ
[04:51:06] [11/445] NJCT
[04:51:07] [12/445] COPC
[04:51:07] [13/445] STVV
[04:51:08] [14/445] SKRN
[04:51:08] [15/445] APPZ
[04:51:09] [16/445] YMGN
[04:51:09] [17/445] SVTU
[04:51:10] [18/445] GTAD
[04:51:11] [19/445] PSUS
[04:51:11] [20/445] SMCD
[04:51:12] [21/445] CMCM
[04:51:13] [22/445] SYCT
[04:51:13] [23/445] STLY
[04:51:14] [24/445] CMHU
[04:51:14] [25/445] CMSA
[04:51:15] [26/445] CLCU
[04:51:16] [27/445] PPNT
[04:51:17] [28/445] JTAB
[04:51:17] [29/445] BUUC
[04:51:18] [30/445] BSVK
[04:51:18] [31/445] VVVQ
[04:51:19] [32/445] TKMU
[04:51:19] [33/445] ESYL
[04:51:20] [34/445] ACHP
[04:51:20] [35/445] BTKD
[04:51:21] [36/445] DESA
[04:51:22] [37/445] GBCT
[04:51:22] [38/445] BLLD
[04:51:23] [39/445] SKNT
[04:51:23] [40/445] SSTE
[04:51:24] [41/445] VJMR
[04:51:25] [42/445] NTPU
[04:51:25] [43/445] RDKN
[04:51:26] [44/445] ADGC
[04:51:26] [45/445] VRBP
[04:51:27] [46/445] NMNA
[04:51:27] [47/445] CMMX
[04:51:28] [48/445] PTKO
[04:51:28] [49/445] RBML
[04:51:29] [50/445] SAIC
[04:51:29] [51/445] SVTJ
[04:51:30] [52/445] MRTE
[04:51:30] [53/445] RBTP
[04:51:31] [54/445] NLPS
[04:51:31] [55/445] GTNA
[04:51:32] [56/445] DGGC
[04:51:33] [57/445] SMCR
[04:51:33] [58/445] SCGD
[04:51:34] [59/445] SRRJ
[04:51:35] [60/445] CNRY
[04:51:35] [61/445] KTDI
[04:51:36] [62/445] SNJL
[04:51:36] [63/445] RKMD
[04:51:37] [64/445] SMDC
[04:51:37] [65/445] TADG
[04:51:38] [66/445] MCGS
[04:51:38] [67/445] PETK
[04:51:39] [68/445] CHAG
[04:51:40] [69/445] KSTL
[04:51:40] [70/445] AADS
[04:51:41] [71/445] NTHZ
[04:51:41] [72/445] HCKI
[04:51:42] [73/445] SSEF
[04:51:42] [74/445] MCGX
[04:51:43] [75/445] ERRA
[04:51:43] [76/445] SDTW
[04:51:44] [77/445] RMPK
[04:51:45] [78/445] PTHK
[04:51:45] [79/445] PXCS
[04:51:46] [80/445] SVLU
[04:51:46] [81/445] STAH
[04:51:47] [82/445] JRGF
[04:51:47] [83/445] CDOK
[04:51:48] [84/445] CMSG
[04:51:48] [85/445] APTD
[04:51:49] [86/445] KMPG
[04:51:49] [87/445] MUTJ
[04:51:50] [88/445] VCCI
[04:51:50] [89/445] URBE
[04:51:51] [90/445] TCTS
[04:51:52] [91/445] STSN
[04:51:52] [92/445] AKCH
[04:51:52] [93/445] APSC
[04:51:53] [94/445] VLTB
[04:51:53] [95/445] SANU
[04:51:54] [96/445] AXAM
[04:51:54] [97/445] MGMG
[04:51:55] [98/445] HTBY
[04:51:56] [99/445] MMZS
[04:51:56] [100/445] SUDR
[04:51:56] [101/445] CCAD
[04:51:57] [102/445] SKKC
[04:51:58] [103/445] RMCD
[04:51:58] [104/445] SBCQ
[04:51:59] [105/445] DCCT
[04:51:59] [106/445] VTKP
[04:52:00] [107/445] MLAM
[04:52:01] [108/445] SAVT
[04:52:01] [109/445] GEPL
[04:52:02] [110/445] AMCD
[04:52:03] [111/445] CCXR
[04:52:03] [112/445] GRNG
[04:52:04] [113/445] EBCA
[04:52:04] [114/445] CNVG
[04:52:05] [115/445] MWSS
[04:52:05] [116/445] VBOR
[04:52:06] [117/445] NEEB
[04:52:07] [118/445] SUTH
[04:52:07] [119/445] ANDB
[04:52:08] [120/445] MMXS
[04:52:08] [121/445] CNPD
[04:52:09] [122/445] SDCE
[04:52:09] [123/445] DHCB
[04:52:10] [124/445] ODEN
[04:52:11] [125/445] TNTC
[04:52:11] [126/445] VBKM
[04:52:12] [127/445] RZYM
[04:52:12] [128/445] JEMC
[04:52:13] [129/445] CMAU
[04:52:14] [130/445] SIVP
[04:52:14] [131/445] ATAG
[04:52:15] [132/445] CHTM
[04:52:15] [133/445] AAEE
[04:52:16] [134/445] IWPM
[04:52:16] [135/445] KCMW
[04:52:17] [136/445] MCTD
[04:52:17] [137/445] SPWR
[04:52:18] [138/445] SDPO
[04:52:19] [139/445] PCSK
[04:52:19] [140/445] ACHV
[04:52:20] [141/445] SVLA
[04:52:20] [142/445] PICT
[04:52:21] [143/445] BXDR
[04:52:21] [144/445] SPWA
[04:52:22] [145/445] MCKO
[04:52:22] [146/445] RTHK
[04:52:23] [147/445] CCMF
[04:52:24] [148/445] MRGB
[04:52:25] [149/445] CPLC
[04:52:25] [150/445] RACD
[04:52:26] [151/445] ATKT
[04:52:26] [152/445] SARN
[04:52:27] [153/445] KKUI
[04:52:27] [154/445] RGCM
[04:52:28] [155/445] BRVP
[04:52:29] [156/445] HRSR
[04:52:29] [157/445] GKGM
[04:52:30] [158/445] TTCD
[04:52:30] [159/445] PTTI
[04:52:31] [160/445] MPTT
[04:52:32] [161/445] CVTT
[04:52:32] [162/445] PCXD
[04:52:33] [163/445] GCDC
[04:52:33] [164/445] CCCF
[04:52:34] [165/445] MRAD
[04:52:34] [166/445] CPLK
[04:52:35] [167/445] SATB
[04:52:35] [168/445] SNVG
[04:52:36] [169/445] JMBA
[04:52:36] [170/445] TEJA
[04:52:37] [171/445] STYO
[04:52:37] [172/445] JTBP
[04:52:38] [173/445] KRGD
[04:52:39] [174/445] SLJJ
[04:52:39] [175/445] SPTJ
[04:52:40] [176/445] SWJG
[04:52:40] [177/445] LKRT
[04:52:41] [178/445] KCKA
[04:52:41] [179/445] SNCR
[04:52:42] [180/445] SMKL
[04:52:42] [181/445] GCFA
[04:52:43] [182/445] DDCK
[04:52:43] [183/445] NCHJ
[04:52:44] [184/445] RDMA
[04:52:44] [185/445] SVSV
[04:52:45] [186/445] SCJG
[04:52:46] [187/445] VKLP
[04:52:46] [188/445] NWCC
[04:52:47] [189/445] VKNS
[04:52:47] [190/445] SDDP
[04:52:48] [191/445] ACSI
[04:52:48] [192/445] SATG
[04:52:49] [193/445] SCMW
[04:52:49] [194/445] LKTK
[04:52:50] [195/445] VCKV
[04:52:51] [196/445] KKPE
[04:52:51] [197/445] KIGH
[04:52:52] [198/445] SRPM
[04:52:52] [199/445] SCAH
[04:52:53] [200/445] MUTA
[04:52:53] [201/445] SEPU
[04:52:54] [202/445] INOA
[04:52:54] [203/445] BASK
[04:52:55] [204/445] NECB
[04:52:56] [205/445] GTTG
[04:52:56] [206/445] ASSA
[04:52:57] [207/445] ANCL
[04:52:57] [208/445] GCTI
[04:52:58] [209/445] RCTS
[04:52:58] [210/445] ACNL
[04:52:59] [211/445] MYCT
[04:52:59] [212/445] NMHT
[04:53:00] [213/445] MDIT
[04:53:01] [214/445] LATG
[04:53:01] [215/445] SMTY
[04:53:02] [216/445] CVCT
[04:53:02] [217/445] RAMB
[04:53:03] [218/445] TGMS
[04:53:03] [219/445] BHEL
[04:53:04] [220/445] SHCT
[04:53:04] [221/445] SVCT
[04:53:05] [222/445] MRIY
[04:53:05] [223/445] SARO
[04:53:06] [224/445] STCT
[04:53:06] [225/445] JKKC
[04:53:07] [226/445] PLTT
[04:53:07] [227/445] SRNT
[04:53:08] [228/445] YAST
[04:53:09] [229/445] PERL
[04:53:09] [230/445] CICM
[04:53:10] [231/445] MMTR
[04:53:10] [232/445] ABTK
[04:53:11] [233/445] ATYY
[04:53:11] [234/445] ASTK
[04:53:12] [235/445] VVCK
[04:53:13] [236/445] ATKY
[04:53:13] [237/445] GWEK
[04:53:14] [238/445] SVFH
[04:53:14] [239/445] SLTA
[04:53:15] [240/445] AASH
[04:53:16] [241/445] ACXB
[04:53:16] [242/445] SMTX
[04:53:17] [243/445] AZDH
[04:53:17] [244/445] CMMH
[04:53:18] [245/445] SCSZ
[04:53:18] [246/445] SCKP
[04:53:19] [247/445] NXTM
[04:53:19] [248/445] NWCS
[04:53:20] [249/445] CXMH
[04:53:20] [250/445] PCMA
[04:53:21] [251/445] SGCM
[04:53:21] [252/445] SDTU
[04:53:22] [253/445] MMVI
[04:53:23] [254/445] JKCM
[04:53:23] [255/445] VCMM
[04:53:24] [256/445] SYEE
[04:53:24] [257/445] VASD
[04:53:25] [258/445] BDRB
[04:53:26] [259/445] LASM
[04:53:26] [260/445] DCRL
[04:53:27] [261/445] DVPM
[04:53:27] [262/445] SBMJ
[04:53:28] [263/445] CBMU
[04:53:28] [264/445] IUBS
[04:53:29] [265/445] INAP
[04:53:29] [266/445] SRRC
[04:53:30] [267/445] SAGR
[04:53:30] [268/445] CPMJ
[04:53:31] [269/445] ATJL
[04:53:31] [270/445] NNTD
[04:53:32] [271/445] JHCJ
[04:53:33] [272/445] CMMP
[04:53:33] [273/445] RSDR
[04:53:34] [274/445] AMTI
[04:53:35] [275/445] NYSG
[04:53:35] [276/445] AVSG
[04:53:36] [277/445] SYTP
[04:53:36] [278/445] LARC
[04:53:37] [279/445] RJTP
[04:53:37] [280/445] LAKC
[04:53:38] [281/445] MCXE
[04:53:38] [282/445] CCZC
[04:53:39] [283/445] AVCH
[04:53:40] [284/445] CMBE
[04:53:40] [285/445] MRRC
[04:53:41] [286/445] PCPY
[04:53:41] [287/445] SRMH
[04:53:42] [288/445] SVGS
[04:53:42] [289/445] PCSE
[04:53:43] [290/445] SVFT
[04:53:43] [291/445] TNZP
[04:53:44] [292/445] ICTP
[04:53:44] [293/445] ACTZ
[04:53:45] [294/445] GTUR
[04:53:45] [295/445] MAFC
[04:53:46] [296/445] MINL
[04:53:47] [297/445] MRCL
[04:53:47] [298/445] RCRP
[04:53:48] [299/445] RFFG
[04:53:49] [300/445] RMAS
[04:53:49] [301/445] INVR
[04:53:50] [302/445] RMAR
[04:53:50] [303/445] CNIS
[04:53:51] [304/445] RHRJ
[04:53:51] [305/445] INXR
[04:53:52] [306/445] VALT
[04:53:53] [307/445] LCSH
[04:53:53] [308/445] CMVS
[04:53:54] [309/445] CNMS
[04:53:54] [310/445] ROOG
[04:53:54] [311/445] ISRM
[04:53:55] [312/445] RCRM
[04:53:56] [313/445] ACJA
[04:53:56] [314/445] RCVS
[04:53:57] [315/445] CPUS
[04:53:57] [316/445] TGCS
[04:53:58] [317/445] RKCJ
[04:53:58] [318/445] MKSB
[04:53:59] [319/445] TCSJ
[04:54:00] [320/445] RMGP
[04:54:00] [321/445] CLLP
[04:54:01] [322/445] RCMV
[04:54:01] [323/445] CCKS
[04:54:02] [324/445] RSRP
[04:54:02] [325/445] APLP
[04:54:03] [326/445] CNVS
[04:54:03] [327/445] RMVY
[04:54:04] [328/445] PGBD
[04:54:04] [329/445] KLMS
[04:54:05] [330/445] RUST
[04:54:05] [331/445] MASM
[04:54:06] [332/445] BACS
[04:54:07] [333/445] BWST
[04:54:07] [334/445] RRFH
[04:54:07] [335/445] SJTM
[04:54:08] [336/445] BEMR
[04:54:08] [337/445] MCGR
[04:54:09] [338/445] SDSK
[04:54:10] [339/445] VBOL
[04:54:10] [340/445] RMGM
[04:54:11] [341/445] NOPL
[04:54:11] [342/445] MKJK
[04:54:12] [343/445] CVRN
[04:54:12] [344/445] MMEN
[04:54:13] [345/445] AMNG
[04:54:14] [346/445] INTM
[04:54:14] [347/445] SLCZ
[04:54:15] [348/445] AMJN
[04:54:16] [349/445] ACJN
[04:54:16] [350/445] AMKN
[04:54:16] [351/445] BTCN
[04:54:17] [352/445] AMBT
[04:54:17] [353/445] PACN
[04:54:18] [354/445] LCNS
[04:54:19] [355/445] PPKC
[04:54:19] [356/445] JYYN
[04:54:20] [357/445] JTNR
[04:54:20] [358/445] GTEE
[04:54:21] [359/445] SRNM
[04:54:21] [360/445] SDTC
[04:54:22] [361/445] VPCA
[04:54:22] [362/445] VLRA
[04:54:23] [363/445] SHKR
[04:54:24] [364/445] SBKD
[04:54:24] [365/445] SAAD
[04:54:24] [366/445] JTGN
[04:54:25] [367/445] SLAM
[04:54:25] [368/445] VTPM
[04:54:26] [369/445] ANPT
[04:54:27] [370/445] PUNB
[04:54:27] [371/445] CPKT
[04:54:28] [372/445] CNWE
[04:54:29] [373/445] ECPP
[04:54:29] [374/445] CPAR
[04:54:30] [375/445] ESBW
[04:54:31] [376/445] PKPU
[04:54:31] [377/445] CPRP
[04:54:31] [378/445] RAHU
[04:54:32] [379/445] RHMN
[04:54:33] [380/445] FMJP
[04:54:33] [381/445] CTMP
[04:54:34] [382/445] INPN
[04:54:34] [383/445] STTG
[04:54:35] [384/445] CTRD
[04:54:35] [385/445] PUVB
[04:54:36] [386/445] ESVP
[04:54:36] [387/445] CPFT
[04:54:37] [388/445] LCPC
[04:54:37] [389/445] VBCT
[04:54:38] [390/445] FSCW
[04:54:38] [391/445] VCMP
[04:54:39] [392/445] ASHC
[04:54:39] [393/445] VLCX
[04:54:40] [394/445] SHEV
[04:54:40] [395/445] APCO
[04:54:41] [396/445] SILC
[04:54:42] [397/445] SNMR
[04:54:42] [398/445] KYBO
[04:54:43] [399/445] SATK
[04:54:44] [400/445] SSCS
[04:54:44] [401/445] CLSB
[04:54:45] [402/445] KMJR
[04:54:45] [403/445] FSCK
[04:54:46] [404/445] NNKA
[04:54:47] [405/445] CLMK
[04:54:47] [406/445] DMPZ
[04:54:48] [407/445] INQM
[04:54:48] [408/445] CAML
[04:54:49] [409/445] INRK
[04:54:50] [410/445] IMKN
[04:54:50] [411/445] SVNR
[04:54:51] [412/445] INSL
[04:54:51] [413/445] MSMA
[04:54:52] [414/445] MCKK
[04:54:52] [415/445] FCHP
[04:54:53] [416/445] SFCR
[04:54:53] [417/445] NACK
[04:54:54] [418/445] PVAK
[04:54:55] [419/445] INER
[04:54:55] [420/445] RDBK
[04:54:56] [421/445] SVFN
[04:54:57] [422/445] IFRM
[04:54:57] [423/445] ATCK
[04:54:58] [424/445] ASKO
[04:54:58] [425/445] STKT
[04:54:59] [426/445] SVFB
[04:55:00] [427/445] INKS
[04:55:00] [428/445] PCRA
[04:55:01] [429/445] ATJA
[04:55:01] [430/445] IMJN
[04:55:02] [431/445] INHD
[04:55:02] [432/445] BARA
[04:55:03] [433/445] MCSL
[04:55:03] [434/445] RTOY
[04:55:04] [435/445] MENO
[04:55:04] [436/445] PUDM
[04:55:05] [437/445] PRCN
[04:55:06] [438/445] JMJR
[04:55:06] [439/445] SSGK
[04:55:07] [440/445] SSRL
[04:55:08] [441/445] JYKL
[04:55:08] [442/445] ACNB
[04:55:09] [443/445] SONP
[04:55:09] [444/445] EMCI
[04:55:10] [445/445] MRJH
[04:55:10] ✅ DONE | Shows=4 | Movies=3
