[00:44:37] 🚀 BMS DAILY TRACKER STARTED
[00:44:37] [1/459] MBDC
[00:44:37] 🧠 New identity
[00:44:38] [2/459] CHKM
[00:44:39] [3/459] JTKZ
[00:44:40] [4/459] CMCT
[00:44:41] [5/459] ASHO
[00:44:41] [6/459] ECDG
[00:44:42] [7/459] SPAT
[00:44:43] [8/459] HILC
[00:44:44] [9/459] SPPH
[00:44:45] [10/459] SBHN
[00:44:46] [11/459] RRCA
[00:44:46] [12/459] APAA
[00:44:47] [13/459] RAME
[00:44:48] [14/459] TMMS
[00:44:49] [15/459] BATK
[00:44:50] [16/459] LKOP
[00:44:50] [17/459] AMTT
[00:44:51] [18/459] PTGK
[00:44:52] [19/459] ANRS
[00:44:53] [20/459] VWBW
[00:44:54] [21/459] SVFG
[00:44:55] [22/459] STAT
[00:44:56] [23/459] GDCV
[00:44:58] [24/459] VEBI
[00:44:59] [25/459] VDSS
[00:45:00] [26/459] NTHV
[00:45:01] [27/459] AOCH
[00:45:02] [28/459] KASR
[00:45:03] [29/459] AYCS
[00:45:04] [30/459] SHAI
[00:45:05] [31/459] SKPE
[00:45:06] [32/459] SBTA
[00:45:06] [33/459] RTTD
[00:45:08] [34/459] CCJD
[00:45:09] [35/459] RSJJ
[00:45:10] [36/459] RKND
[00:45:11] [37/459] SVTX
[00:45:12] [38/459] BAKM
[00:45:12] [39/459] SVDC
[00:45:13] [40/459] MNCV
[00:45:14] [41/459] SJGC
[00:45:15] [42/459] MTPK
[00:45:16] [43/459] GATP
[00:45:17] [44/459] ABTS
[00:45:17] [45/459] ABDE
[00:45:18] [46/459] RCNM
[00:45:19] [47/459] KTHV
[00:45:20] [48/459] MDGJ
[00:45:21] [49/459] SMLM
[00:45:22] [50/459] JTMA
[00:45:23] [51/459] ACKP
[00:45:24] [52/459] SRTA
[00:45:26] [53/459] STAY
[00:45:27] [54/459] MAVO
[00:45:28] [55/459] APTS
[00:45:29] [56/459] OMEA
[00:45:31] [57/459] TTFD
[00:45:32] [58/459] MJCU
[00:45:33] [59/459] CXTE
[00:45:34] [60/459] CTPX
[00:45:34] [61/459] ASSL
[00:45:35] [62/459] CMVB
[00:45:37] [63/459] VPUR
[00:45:39] [64/459] JJDA
[00:45:40] [65/459] INBL
[00:45:42] [66/459] BIKB
[00:45:43] [67/459] NTBB
[00:45:44] [68/459] GLOB
[00:45:44] [69/459] SNTB
[00:45:45] [70/459] CHGV
[00:45:46] [71/459] SSBZ
[00:45:47] [72/459] PRDB
[00:45:48] [73/459] ISMT
[00:45:49] [74/459] MCSD
[00:45:50] [75/459] JBTT
[00:45:51] [76/459] GEKR
[00:45:52] [77/459] PVUN
[00:45:53] [78/459] NRTB
[00:45:54] [79/459] PRAA
[00:45:54] [80/459] PCBL
[00:45:55] [81/459] PTCM
[00:45:56] [82/459] KHNN
[00:45:57] [83/459] OMJE
[00:45:58] [84/459] STGN
[00:45:58] [85/459] RPMS
[00:45:59] [86/459] NWAD
[00:46:00] [87/459] BLCK
[00:46:01] [88/459] SVAA
[00:46:02] [89/459] URVM
[00:46:03] [90/459] ANTM
[00:46:03] [91/459] VJYM
[00:46:04] [92/459] MAZZ
[00:46:05] [93/459] CSHM
[00:46:06] [94/459] WGMH
[00:46:07] [95/459] SALN
[00:46:08] [96/459] BRTP
[00:46:09] [97/459] SVTA
[00:46:09] [98/459] SBTP
[00:46:10] [99/459] VLSS
[00:46:11] [100/459] SRJA
[00:46:12] [101/459] ANCG
[00:46:13] [102/459] CGGC
[00:46:14] [103/459] CRJA
[00:46:15] [104/459] USCR
[00:46:16] [105/459] MMEF
[00:46:17] [106/459] JCRJ
[00:46:18] [107/459] ADCM
[00:46:19] [108/459] BMYK
[00:46:19] [109/459] KICS
[00:46:20] [110/459] MBBT
[00:46:21] [111/459] MACK
[00:46:22] [112/459] CLDR
[00:46:23] [113/459] JYCR
[00:46:24] [114/459] DCRP
[00:46:24] [115/459] RAHT
[00:46:25] [116/459] CSSM
[00:46:26] [117/459] ATPK
[00:46:27] [118/459] KLRT
[00:46:28] [119/459] SRDD
[00:46:28] [120/459] CKMC
[00:46:29] [121/459] KRVM
[00:46:30] [122/459] AKCP
[00:46:31] [123/459] CNCV
[00:46:32] [124/459] PACT
[00:46:33] [125/459] NATP
[00:46:34] [126/459] PCPK
[00:46:35] [127/459] SMHO
[00:46:35] [128/459] CWTK
[00:46:36] [129/459] RVKZ
[00:46:37] [130/459] ASPD
[00:46:38] [131/459] VTKZ
[00:46:39] [132/459] LCSO
[00:46:40] [133/459] PRDY
[00:46:41] [134/459] RCAP
[00:46:41] [135/459] RGAR
[00:46:42] [136/459] RCAC
[00:46:43] [137/459] PMOD
[00:46:44] [138/459] PVCN
[00:46:45] [139/459] SCRZ
[00:46:46] [140/459] PVPC
[00:46:47] [141/459] STID
[00:46:48] [142/459] NEDD
[00:46:49] [143/459] BNBA
[00:46:50] [144/459] NTCD
[00:46:51] [145/459] OCDE
[00:46:53] [146/459] CCDU
[00:46:53] [147/459] CRXH
[00:46:54] [148/459] VLVT
[00:46:56] [149/459] CICI
[00:46:57] [150/459] SUCB
[00:46:58] [151/459] TCBP
[00:47:00] [152/459] SCCY
[00:47:01] [153/459] LXCY
[00:47:02] [154/459] NCMD
[00:47:03] [155/459] PHCS
[00:47:04] [156/459] DUXR
[00:47:05] [157/459] VNKS
[00:47:05] [158/459] SEDP
[00:47:06] [159/459] SVEN
[00:47:07] [160/459] SRKM
[00:47:09] [161/459] JTLT
[00:47:09] [162/459] SVSS
[00:47:10] [163/459] AMDE
[00:47:11] [164/459] WVRN
[00:47:12] [165/459] ISMG
[00:47:13] [166/459] WVKS
[00:47:14] [167/459] USCG
[00:47:14] [168/459] IOTG
[00:47:16] [169/459] RRJM
[00:47:17] [170/459] EDMP
[00:47:18] [171/459] SCGZ
[00:47:19] [172/459] GMGX
[00:47:20] [173/459] OMTP
[00:47:21] [174/459] MITD
[00:47:21] [175/459] SMMD
[00:47:22] [176/459] STML
[00:47:23] [177/459] MCFS
[00:47:24] [178/459] FPKA
[00:47:25] [179/459] OMLR
[00:47:26] [180/459] KKSC
[00:47:26] [181/459] RVMA
[00:47:27] [182/459] SCLL
[00:47:28] [183/459] SCDK
[00:47:29] [184/459] SXMI
[00:47:30] [185/459] SHDN
[00:47:31] [186/459] PAAD
[00:47:32] [187/459] UUCB
[00:47:33] [188/459] JHOL
[00:47:34] [189/459] SGWT
[00:47:35] [190/459] SRII
[00:47:37] [191/459] SGCK
[00:47:38] [192/459] SVVB
[00:47:39] [193/459] DMHA
[00:47:39] [194/459] PPNL
[00:47:41] [195/459] CPNL
[00:47:42] [196/459] WVLD
[00:47:43] [197/459] PSLV
[00:47:43] [198/459] VTTL
[00:47:44] [199/459] NPAD
[00:47:45] [200/459] PVCS
[00:47:46] [201/459] MCHL
[00:47:47] [202/459] PPLL
[00:47:48] [203/459] MALO
[00:47:49] [204/459] SWBH
[00:47:50] [205/459] PUGB
[00:47:51] [206/459] INBB
[00:47:52] [207/459] INNS
[00:47:53] [208/459] MCPT
[00:47:53] [209/459] SCMI
[00:47:54] [210/459] OCON
[00:47:55] [211/459] SCSM
[00:47:56] [212/459] RJVN
[00:47:57] [213/459] AMDK
[00:47:58] [214/459] ISMR
[00:47:59] [215/459] SMTD
[00:47:59] [216/459] VTDD
[00:48:00] [217/459] PDDZ
[00:48:01] [218/459] PCCK
[00:48:02] [219/459] INAM
[00:48:03] [220/459] FNKT
[00:48:04] [221/459] GDKA
[00:48:04] [222/459] MAYU
[00:48:05] [223/459] TCGU
[00:48:06] [224/459] KDCA
[00:48:07] [225/459] DOMY
[00:48:08] [226/459] PDDD
[00:48:09] [227/459] BJTS
[00:48:10] [228/459] VTCA
[00:48:11] [229/459] SBTM
[00:48:12] [230/459] SEET
[00:48:14] [231/459] SSTJ
[00:48:14] [232/459] SVNT
[00:48:15] [233/459] PPPR
[00:48:16] [234/459] PVYS
[00:48:17] [235/459] IOSE
[00:48:18] [236/459] ACTV
[00:48:19] [237/459] APVE
[00:48:20] [238/459] TCCL
[00:48:21] [239/459] SCMO
[00:48:22] [240/459] SAUM
[00:48:23] [241/459] KCJS
[00:48:24] [242/459] NJCJ
[00:48:25] [243/459] NECF
[00:48:26] [244/459] CCGW
[00:48:27] [245/459] CCMG
[00:48:29] [246/459] NYRG
[00:48:30] [247/459] NCSQ
[00:48:30] [248/459] GRCG
[00:48:31] [249/459] CCBT
[00:48:32] [250/459] ACGA
[00:48:33] [251/459] INAG
[00:48:34] [252/459] FUCG
[00:48:34] [253/459] AICF
[00:48:35] [254/459] GRGA
[00:48:36] [255/459] GDCN
[00:48:37] [256/459] RRCG
[00:48:38] [257/459] SDCH
[00:48:38] [258/459] WVJM
[00:48:39] [259/459] JCCZ
[00:48:40] [260/459] CNCL
[00:48:42] [261/459] TMLV
[00:48:43] [262/459] MEMB
[00:48:44] [263/459] SGTD
[00:48:44] [264/459] CONX
[00:48:45] [265/459] CCMH
[00:48:47] [266/459] ACMC
[00:48:48] [267/459] DTPD
[00:48:49] [268/459] POJA
[00:48:50] [269/459] FNBH
[00:48:51] [270/459] CGCB
[00:48:52] [271/459] RACN
[00:48:52] [272/459] JTSM
[00:48:53] [273/459] SCDN
[00:48:54] [274/459] AACK
[00:48:55] [275/459] RMCE
[00:48:56] [276/459] BSGB
[00:48:57] [277/459] MRCB
[00:48:58] [278/459] SRVR
[00:48:59] [279/459] VTKK
[00:48:59] [280/459] AMST
[00:49:00] [281/459] APCY
[00:49:02] [282/459] LMHO
[00:49:03] [283/459] MTZH
[00:49:04] [284/459] AMZB
[00:49:05] [285/459] SUVT
[00:49:06] [286/459] RCIP
[00:49:07] [287/459] KESR
[00:49:07] [288/459] SNKC
[00:49:09] [289/459] SCED
[00:49:10] [290/459] DVCA
[00:49:11] [291/459] VCDT
[00:49:11] [292/459] RRDI
[00:49:12] [293/459] DFCH
[00:49:13] [294/459] INSC
[00:49:14] [295/459] RGTR
[00:49:15] [296/459] FMOT
[00:49:17] [297/459] SCPM
[00:49:18] [298/459] GCDT
[00:49:19] [299/459] BRKT
[00:49:19] [300/459] DEMP
[00:49:20] [301/459] SRLC
[00:49:21] [302/459] KSTT
[00:49:22] [303/459] SMMT
[00:49:22] [304/459] SILM
[00:49:23] [305/459] JCVM
[00:49:25] [306/459] KCSV
[00:49:26] [307/459] MHLK
[00:49:28] [308/459] SLVL
[00:49:29] [309/459] RJKP
[00:49:30] [310/459] BBPC
[00:49:31] [311/459] MXCB
[00:49:32] [312/459] TCPK
[00:49:33] [313/459] RTBR
[00:49:34] [314/459] GAUT
[00:49:34] [315/459] DVCF
[00:49:35] [316/459] JTSB
[00:49:36] [317/459] SBLS
[00:49:37] [318/459] UDAY
[00:49:38] [319/459] PTNP
[00:49:39] [320/459] DMKT
[00:49:40] [321/459] NTDT
[00:49:41] [322/459] SHDJ
[00:49:42] [323/459] OTNC
[00:49:43] [324/459] RNTW
[00:49:43] [325/459] GCMI
[00:49:44] [326/459] CRCM
[00:49:45] [327/459] NNCZ
[00:49:46] [328/459] OEMO
[00:49:47] [329/459] PVJM
[00:49:48] [330/459] CPJI
[00:49:48] [331/459] RMCJ
[00:49:49] [332/459] CNWJ
[00:49:50] [333/459] EPJM
[00:49:51] [334/459] FNJJ
[00:49:52] [335/459] GCMJ
[00:49:53] [336/459] INPS
[00:49:54] [337/459] BICJ
[00:49:55] [338/459] ISTJ
[00:49:56] [339/459] INJC
[00:49:58] [340/459] GLXJ
[00:49:59] [341/459] INEM
[00:50:00] [342/459] JTMN
[00:50:01] [343/459] FRCJ
[00:50:02] [344/459] DDJP
[00:50:03] [345/459] INJV
[00:50:04] [346/459] GOLC
[00:50:04] [347/459] KOCI
[00:50:05] [348/459] FSTD
[00:50:06] [349/459] PACJ
[00:50:07] [350/459] GMCN
[00:50:08] [351/459] MMDJ
[00:50:09] [352/459] GODH
[00:50:10] [353/459] SKYN
[00:50:11] [354/459] NCTH
[00:50:12] [355/459] SKVZ
[00:50:13] [356/459] SVML
[00:50:14] [357/459] ACVZ
[00:50:15] [358/459] SURA
[00:50:16] [359/459] RTRB
[00:50:17] [360/459] LLCT
[00:50:17] [361/459] ATTS
[00:50:18] [362/459] JYCM
[00:50:19] [363/459] CTKR
[00:50:20] [364/459] LCKR
[00:50:21] [365/459] NYCV
[00:50:22] [366/459] NYOH
[00:50:23] [367/459] NOVX
[00:50:23] [368/459] MRGK
[00:50:25] [369/459] MOON
[00:50:26] [370/459] SBUC
[00:50:27] [371/459] GSVA
[00:50:28] [372/459] VIAK
[00:50:28] [373/459] SMVZ
[00:50:29] [374/459] MATE
[00:50:30] [375/459] RDCN
[00:50:31] [376/459] ASBL
[00:50:32] [377/459] ASVS
[00:50:33] [378/459] ASSR
[00:50:34] [379/459] SSKN
[00:50:34] [380/459] DRPV
[00:50:35] [381/459] MRHT
[00:50:36] [382/459] BSCN
[00:50:37] [383/459] RKNX
[00:50:38] [384/459] MSMC
[00:50:39] [385/459] MSCJ
[00:50:40] [386/459] BTBJ
[00:50:41] [387/459] MJCC
[00:50:42] [388/459] IOMM
[00:50:43] [389/459] ADGR
[00:50:44] [390/459] MYCP
[00:50:45] [391/459] IGCM
[00:50:46] [392/459] PGRK
[00:50:47] [393/459] VPGO
[00:50:48] [394/459] KOMS
[00:50:49] [395/459] URGG
[00:50:50] [396/459] GOST
[00:50:51] [397/459] LACT
[00:50:51] [398/459] BWCM
[00:50:52] [399/459] NCCW
[00:50:53] [400/459] SKYC
[00:50:54] [401/459] CCPM
[00:50:55] [402/459] VCBT
[00:50:56] [403/459] SDKR
[00:50:57] [404/459] CTYB
[00:50:58] [405/459] SHCX
[00:50:58] [406/459] RCUN
[00:50:59] [407/459] CNRA
[00:51:00] [408/459] RFCA
[00:51:01] [409/459] RDCU
[00:51:02] [410/459] SARK
[00:51:03] [411/459] SPPP
[00:51:05] [412/459] ADMB
[00:51:06] [413/459] JYOE
[00:51:07] [414/459] SRMD
[00:51:08] [415/459] RJDH
[00:51:09] [416/459] SSTD
[00:51:10] [417/459] AACV
[00:51:11] [418/459] PPVD
[00:51:12] [419/459] STCP
[00:51:12] [420/459] ANJR
[00:51:13] [421/459] ANLS
[00:51:14] [422/459] BIJO
[00:51:16] [423/459] AVAB
[00:51:17] [424/459] SPMD
[00:51:18] [425/459] SVJL
[00:51:18] [426/459] SDDJ
[00:51:19] [427/459] SLTU
[00:51:20] [428/459] SAKA
[00:51:22] [429/459] PMAM
[00:51:23] [430/459] FNAM
[00:51:24] [431/459] ACAM
[00:51:24] [432/459] SCMM
[00:51:25] [433/459] PMAK
[00:51:26] [434/459] NYSA
[00:51:27] [435/459] FCPA
[00:51:28] [436/459] GDAN
[00:51:29] [437/459] RSCA
[00:51:30] [438/459] DMAN
[00:51:31] [439/459] DZCM
[00:51:32] [440/459] NSGL
[00:51:33] [441/459] CCPP
[00:51:33] [442/459] PSMG
[00:51:34] [443/459] GSER
[00:51:35] [444/459] FCCT
[00:51:36] [445/459] FCTB
[00:51:37] [446/459] LCNK
[00:51:38] [447/459] SKTY
[00:51:38] [448/459] INAA
[00:51:39] [449/459] RCWN
[00:51:40] [450/459] VAIS
[00:51:42] [451/459] CVMN
[00:51:43] [452/459] INTS
[00:51:44] [453/459] FRGS
[00:51:44] [454/459] DTCK
[00:51:45] [455/459] MCMH
[00:51:46] [456/459] ECRR
[00:51:47] [457/459] RLLP
[00:51:48] [458/459] CCSN
[00:51:49] [459/459] CCBA
[00:51:51] ✅ DONE | Shows=0 | Movies=0
