[00:44:32] 🚀 BMS DAILY TRACKER STARTED
[00:44:32] [1/459] FNDB
[00:44:32] 🧠 New identity
[00:44:33] [2/459] AMBH
[00:44:34] [3/459] PRHN
[00:44:35] [4/459] ACPM
[00:44:35] [5/459] PVFS
[00:44:37] [6/459] AACN
[00:44:38] [7/459] ACAS
[00:44:39] [8/459] CTNR
[00:44:40] [9/459] MMAH
[00:44:41] [10/459] CPMH
[00:44:42] [11/459] IGMH
[00:44:43] [12/459] ABCS
[00:44:44] [13/459] CMMA
[00:44:45] [14/459] GPRH
[00:44:46] [15/459] PNNG
[00:44:46] [16/459] AMCA
[00:44:47] [17/459] ISTN
[00:44:48] [18/459] PIIC
[00:44:49] [19/459] AHMH
[00:44:50] [20/459] ASHN
[00:44:51] [21/459] INHY
[00:44:53] [22/459] SRMO
[00:44:54] [23/459] PIMH
[00:44:55] [24/459] PVTS
[00:44:56] [25/459] MMCA
[00:44:57] [26/459] AKYJ
[00:44:58] [27/459] BRKH
[00:44:59] [28/459] MAHM
[00:45:00] [29/459] CPHY
[00:45:01] [30/459] PVTP
[00:45:02] [31/459] SMMR
[00:45:03] [32/459] PVHM
[00:45:04] [33/459] SNDY
[00:45:04] [34/459] GOKU
[00:45:05] [35/459] ACEV
[00:45:06] [36/459] PVUM
[00:45:07] [37/459] VSWA
[00:45:08] [38/459] IPRS
[00:45:09] [39/459] ASGN
[00:45:09] [40/459] BKMV
[00:45:10] [41/459] PVYH
[00:45:11] [42/459] INKM
[00:45:12] [43/459] ARJU
[00:45:13] [44/459] JJPP
[00:45:15] [45/459] SSRM
[00:45:15] [46/459] HMHD
[00:45:16] [47/459] SNKH
[00:45:17] [48/459] ACHI
[00:45:18] [49/459] MRAA
[00:45:20] [50/459] INMH
[00:45:20] [51/459] ARMH
[00:45:21] [52/459] DVRR
[00:45:22] [53/459] SUDA
[00:45:23] [54/459] MCSS
[00:45:24] [55/459] VRKC
[00:45:26] [56/459] PRCX
[00:45:27] [57/459] ASJY
[00:45:28] [58/459] MTHY
[00:45:28] [59/459] SRCM
[00:45:29] [60/459] TVHY
[00:45:30] [61/459] STHD
[00:45:31] [62/459] CPCL
[00:45:32] [63/459] PSMJ
[00:45:33] [64/459] MRGT
[00:45:34] [65/459] ARYH
[00:45:34] [66/459] VTRB
[00:45:36] [67/459] SCHC
[00:45:37] [68/459] MRRG
[00:45:38] [69/459] SPCB
[00:45:38] [70/459] AMCM
[00:45:39] [71/459] IVNM
[00:45:40] [72/459] TRHY
[00:45:41] [73/459] PTTH
[00:45:42] [74/459] RKMH
[00:45:43] [75/459] PRCS
[00:45:44] [76/459] VAJA
[00:45:45] [77/459] BJNG
[00:45:45] [78/459] SCVM
[00:45:46] [79/459] GNHB
[00:45:47] [80/459] TLUR
[00:45:48] [81/459] UKCC
[00:45:49] [82/459] SRKR
[00:45:49] [83/459] RMKN
[00:45:50] [84/459] SLRT
[00:45:51] [85/459] LKMT
[00:45:53] [86/459] SSRJ
[00:45:54] [87/459] SPHT
[00:45:54] [88/459] ANTT
[00:45:55] [89/459] SRCH
[00:45:57] [90/459] SRCA
[00:45:58] [91/459] ARTH
[00:45:59] [92/459] MCBH
[00:45:59] [93/459] SNIB
[00:46:00] [94/459] SART
[00:46:01] [95/459] SKTA
[00:46:03] [96/459] YAKT
[00:46:05] [97/459] MLCK
[00:46:06] [98/459] ANTS
[00:46:07] [99/459] DGCA
[00:46:08] [100/459] SGMP
[00:46:09] [101/459] ASWN
[00:46:09] [102/459] KFVU
[00:46:10] [103/459] POOR
[00:46:12] [104/459] GKDN
[00:46:13] [105/459] EOSE
[00:46:14] [106/459] GTTT
[00:46:15] [107/459] ARRO
[00:46:16] [108/459] CMMK
[00:46:17] [109/459] MSCN
[00:46:17] [110/459] GDKH
[00:46:18] [111/459] DLMT
[00:46:19] [112/459] PVMF
[00:46:20] [113/459] CPCK
[00:46:21] [114/459] VMHE
[00:46:22] [115/459] PVLC
[00:46:23] [116/459] PCVB
[00:46:23] [117/459] SNYK
[00:46:24] [118/459] KTEK
[00:46:25] [119/459] PCNM
[00:46:26] [120/459] NTTR
[00:46:27] [121/459] CPSK
[00:46:28] [122/459] JMMA
[00:46:29] [123/459] GCFK
[00:46:30] [124/459] MYCA
[00:46:31] [125/459] KSNP
[00:46:32] [126/459] PMCE
[00:46:32] [127/459] SCKI
[00:46:33] [128/459] FSMA
[00:46:34] [129/459] CETA
[00:46:35] [130/459] MCIK
[00:46:36] [131/459] MYCR
[00:46:37] [132/459] EVMP
[00:46:38] [133/459] SSGT
[00:46:39] [134/459] KCTK
[00:46:39] [135/459] ZTKC
[00:46:40] [136/459] MMTA
[00:46:41] [137/459] MAJT
[00:46:42] [138/459] ACPK
[00:46:43] [139/459] JMAX
[00:46:45] [140/459] SETK
[00:46:45] [141/459] CAIS
[00:46:47] [142/459] AGCD
[00:46:48] [143/459] URCL
[00:46:49] [144/459] VTDS
[00:46:51] [145/459] JCNM
[00:46:52] [146/459] KCAM
[00:46:53] [147/459] ADCU
[00:46:53] [148/459] GXYN
[00:46:54] [149/459] SMJG
[00:46:55] [150/459] EYCJ
[00:46:56] [151/459] CCEJ
[00:46:57] [152/459] MARS
[00:46:58] [153/459] CPVJ
[00:46:59] [154/459] INVP
[00:47:00] [155/459] CPOV
[00:47:01] [156/459] VIJK
[00:47:02] [157/459] LAIM
[00:47:02] [158/459] STHV
[00:47:03] [159/459] SVLJ
[00:47:04] [160/459] ATVJ
[00:47:05] [161/459] JTSC
[00:47:06] [162/459] RMTV
[00:47:07] [163/459] MGGG
[00:47:08] [164/459] SWTH
[00:47:09] [165/459] INVJ
[00:47:10] [166/459] PRSV
[00:47:11] [167/459] JATV
[00:47:12] [168/459] RCVD
[00:47:13] [169/459] BDMA
[00:47:14] [170/459] BLJI
[00:47:15] [171/459] SWOT
[00:47:16] [172/459] SWRN
[00:47:17] [173/459] TVRA
[00:47:17] [174/459] VCSV
[00:47:18] [175/459] NVRN
[00:47:19] [176/459] SIKC
[00:47:21] [177/459] VAKR
[00:47:21] [178/459] SYLN
[00:47:22] [179/459] KLJL
[00:47:23] [180/459] LKMY
[00:47:24] [181/459] VSLY
[00:47:25] [182/459] CIKO
[00:47:26] [183/459] GPBG
[00:47:27] [184/459] CECM
[00:47:28] [185/459] SLKB
[00:47:29] [186/459] MTBO
[00:47:30] [187/459] SSHB
[00:47:31] [188/459] VPCS
[00:47:32] [189/459] RCSR
[00:47:33] [190/459] RJRM
[00:47:34] [191/459] KPPB
[00:47:35] [192/459] SEDC
[00:47:36] [193/459] SCAI
[00:47:37] [194/459] RMTR
[00:47:37] [195/459] ASST
[00:47:38] [196/459] GCAK
[00:47:39] [197/459] ANNK
[00:47:40] [198/459] KDDF
[00:47:41] [199/459] NRDP
[00:47:42] [200/459] PLAK
[00:47:43] [201/459] GCMC
[00:47:44] [202/459] ALPY
[00:47:45] [203/459] SICE
[00:47:46] [204/459] SISR
[00:47:47] [205/459] SRPZ
[00:47:48] [206/459] SRSW
[00:47:49] [207/459] SUYA
[00:47:50] [208/459] AMMT
[00:47:51] [209/459] BHCU
[00:47:51] [210/459] KLPA
[00:47:52] [211/459] NVKH
[00:47:53] [212/459] JMRC
[00:47:54] [213/459] KTTT
[00:47:56] [214/459] MAGH
[00:47:56] [215/459] MMMX
[00:47:57] [216/459] SALJ
[00:47:59] [217/459] GTJA
[00:48:00] [218/459] MAHT
[00:48:01] [219/459] SSNN
[00:48:02] [220/459] ARRP
[00:48:03] [221/459] ATNS
[00:48:04] [222/459] SKDT
[00:48:05] [223/459] ACAT
[00:48:06] [224/459] APRC
[00:48:07] [225/459] SWAG
[00:48:08] [226/459] SDPT
[00:48:09] [227/459] STPS
[00:48:10] [228/459] WWCZ
[00:48:11] [229/459] LLCH
[00:48:12] [230/459] MZHA
[00:48:13] [231/459] CRJG
[00:48:13] [232/459] JGTK
[00:48:14] [233/459] KCSR
[00:48:15] [234/459] CHTL
[00:48:16] [235/459] EDSR
[00:48:17] [236/459] CSWO
[00:48:18] [237/459] CPVM
[00:48:19] [238/459] MXBY
[00:48:19] [239/459] FMMA
[00:48:20] [240/459] POVI
[00:48:21] [241/459] MTHB
[00:48:22] [242/459] INRC
[00:48:23] [243/459] PIPP
[00:48:23] [244/459] BMXC
[00:48:24] [245/459] PCMM
[00:48:25] [246/459] PMKM
[00:48:26] [247/459] GATY
[00:48:27] [248/459] IMCM
[00:48:28] [249/459] POPE
[00:48:29] [250/459] MTCR
[00:48:30] [251/459] PVAE
[00:48:31] [252/459] PVMI
[00:48:32] [253/459] CPNM
[00:48:33] [254/459] FMRL
[00:48:34] [255/459] MCIW
[00:48:35] [256/459] MXBO
[00:48:36] [257/459] FMKY
[00:48:37] [258/459] FMDA
[00:48:38] [259/459] THAB
[00:48:39] [260/459] PRCW
[00:48:39] [261/459] PITI
[00:48:40] [262/459] MCFF
[00:48:42] [263/459] PDDV
[00:48:43] [264/459] MCRM
[00:48:44] [265/459] KKMB
[00:48:45] [266/459] INKO
[00:48:45] [267/459] PLXP
[00:48:46] [268/459] MMHA
[00:48:47] [269/459] FMVS
[00:48:48] [270/459] POLM
[00:48:49] [271/459] STER
[00:48:50] [272/459] PVWJ
[00:48:51] [273/459] IMJW
[00:48:52] [274/459] FNAN
[00:48:53] [275/459] CAGL
[00:48:54] [276/459] IPBG
[00:48:55] [277/459] SMFV
[00:48:56] [278/459] MMMR
[00:48:57] [279/459] MMWM
[00:48:58] [280/459] FNCM
[00:48:59] [281/459] MDVA
[00:49:00] [282/459] MMET
[00:49:01] [283/459] MIDO
[00:49:03] [284/459] INNP
[00:49:04] [285/459] MIFU
[00:49:05] [286/459] MMSZ
[00:49:06] [287/459] BMXA
[00:49:06] [288/459] MCAA
[00:49:07] [289/459] SCVP
[00:49:08] [290/459] PLUS
[00:49:09] [291/459] MUCK
[00:49:10] [292/459] MTMA
[00:49:11] [293/459] HPVR
[00:49:12] [294/459] PMPK
[00:49:13] [295/459] MAJB
[00:49:13] [296/459] CTRR
[00:49:14] [297/459] MCTG
[00:49:15] [298/459] MACE
[00:49:16] [299/459] AAAS
[00:49:17] [300/459] CPVV
[00:49:18] [301/459] RCHG
[00:49:19] [302/459] MCNE
[00:49:20] [303/459] EMNC
[00:49:21] [304/459] MCAN
[00:49:22] [305/459] TCDM
[00:49:23] [306/459] IRGT
[00:49:24] [307/459] GCMG
[00:49:26] [308/459] MXSN
[00:49:27] [309/459] MXCK
[00:49:27] [310/459] MCRC
[00:49:28] [311/459] RSMI
[00:49:29] [312/459] WAML
[00:49:30] [313/459] MTSC
[00:49:31] [314/459] FMDR
[00:49:32] [315/459] LEPV
[00:49:33] [316/459] MTGD
[00:49:33] [317/459] IMOB
[00:49:34] [318/459] CLMM
[00:49:35] [319/459] PZCD
[00:49:37] [320/459] GOCS
[00:49:38] [321/459] KCMA
[00:49:39] [322/459] CCMP
[00:49:39] [323/459] MTSU
[00:49:40] [324/459] SNGL
[00:49:42] [325/459] MMMC
[00:49:43] [326/459] MMAA
[00:49:43] [327/459] GCDM
[00:49:44] [328/459] KTMV
[00:49:45] [329/459] AETE
[00:49:46] [330/459] OMCS
[00:49:47] [331/459] GDCD
[00:49:48] [332/459] NYMD
[00:49:48] [333/459] RNCV
[00:49:49] [334/459] KKMT
[00:49:50] [335/459] GDTH
[00:49:51] [336/459] KMMV
[00:49:51] [337/459] NHCG
[00:49:52] [338/459] PJDW
[00:49:53] [339/459] MMCV
[00:49:54] [340/459] FQSA
[00:49:55] [341/459] KURL
[00:49:56] [342/459] NNNX
[00:49:56] [343/459] AMAU
[00:49:57] [344/459] VVVM
[00:49:58] [345/459] VECU
[00:49:59] [346/459] WCVR
[00:50:00] [347/459] MTGG
[00:50:01] [348/459] SGTG
[00:50:02] [349/459] MNTG
[00:50:03] [350/459] JDDG
[00:50:03] [351/459] MBTK
[00:50:04] [352/459] SGCD
[00:50:05] [353/459] MCTC
[00:50:06] [354/459] JTPC
[00:50:07] [355/459] SDKT
[00:50:09] [356/459] KRCC
[00:50:10] [357/459] RMMD
[00:50:11] [358/459] AAME
[00:50:12] [359/459] TMWC
[00:50:13] [360/459] NRWY
[00:50:14] [361/459] CITD
[00:50:15] [362/459] VERD
[00:50:16] [363/459] MKSK
[00:50:16] [364/459] STSM
[00:50:17] [365/459] MJDG
[00:50:18] [366/459] RKPM
[00:50:20] [367/459] SSCE
[00:50:21] [368/459] VMAE
[00:50:22] [369/459] SBRU
[00:50:23] [370/459] AMBC
[00:50:23] [371/459] AMLU
[00:50:24] [372/459] INVZ
[00:50:25] [373/459] LGTV
[00:50:26] [374/459] SVAD
[00:50:27] [375/459] SMSA
[00:50:28] [376/459] SPCZ
[00:50:28] [377/459] GTCX
[00:50:29] [378/459] SCSL
[00:50:30] [379/459] SAHU
[00:50:31] [380/459] NCDA
[00:50:32] [381/459] SCCG
[00:50:33] [382/459] VKTL
[00:50:34] [383/459] PUUJ
[00:50:35] [384/459] STEJ
[00:50:36] [385/459] RJAL
[00:50:36] [386/459] ACJC
[00:50:37] [387/459] VTHC
[00:50:38] [388/459] ARVB
[00:50:39] [389/459] AUBB
[00:50:40] [390/459] GDBR
[00:50:41] [391/459] PVND
[00:50:42] [392/459] BGRJ
[00:50:43] [393/459] RJMM
[00:50:43] [394/459] MCSA
[00:50:44] [395/459] BODA
[00:50:45] [396/459] JAGG
[00:50:46] [397/459] SCGA
[00:50:47] [398/459] LRCM
[00:50:48] [399/459] CPCN
[00:50:49] [400/459] SSTF
[00:50:50] [401/459] SRXP
[00:50:51] [402/459] CNFX
[00:50:52] [403/459] ANDI
[00:50:52] [404/459] SYEW
[00:50:53] [405/459] RCRE
[00:50:54] [406/459] SCRW
[00:50:55] [407/459] MBKR
[00:50:56] [408/459] ASNT
[00:50:58] [409/459] JTMT
[00:50:59] [410/459] SHAY
[00:50:59] [411/459] VRTH
[00:51:00] [412/459] SPTI
[00:51:01] [413/459] DPTD
[00:51:02] [414/459] TGSN
[00:51:03] [415/459] RCWV
[00:51:04] [416/459] OCUR
[00:51:05] [417/459] KSTC
[00:51:06] [418/459] SANI
[00:51:06] [419/459] MLCA
[00:51:07] [420/459] EGCA
[00:51:08] [421/459] SYSN
[00:51:09] [422/459] PKTA
[00:51:10] [423/459] PRCC
[00:51:11] [424/459] KSTR
[00:51:11] [425/459] SNTP
[00:51:12] [426/459] RCHA
[00:51:13] [427/459] SEEA
[00:51:14] [428/459] ALAT
[00:51:15] [429/459] AATV
[00:51:16] [430/459] RJTE
[00:51:17] [431/459] AAPP
[00:51:18] [432/459] PMMH
[00:51:19] [433/459] INRJ
[00:51:20] [434/459] SARB
[00:51:21] [435/459] PCJL
[00:51:22] [436/459] PFJJ
[00:51:22] [437/459] GRDC
[00:51:23] [438/459] BCBA
[00:51:24] [439/459] VIXL
[00:51:25] [440/459] CSTL
[00:51:26] [441/459] MTDK
[00:51:27] [442/459] TDAC
[00:51:28] [443/459] GTDN
[00:51:29] [444/459] TTDE
[00:51:30] [445/459] ASTS
[00:51:30] [446/459] CPNS
[00:51:31] [447/459] PVVW
[00:51:32] [448/459] USEB
[00:51:33] [449/459] DTYN
[00:51:34] [450/459] PVLE
[00:51:35] [451/459] CIPS
[00:51:36] [452/459] PAEG
[00:51:37] [453/459] PTCW
[00:51:37] [454/459] G3SR
[00:51:38] [455/459] PGND
[00:51:39] [456/459] INVM
[00:51:40] [457/459] SPIA
[00:51:41] [458/459] PCSN
[00:51:42] [459/459] PPGV
[00:51:44] ✅ DONE | Shows=0 | Movies=0
[01:50:58] 🚀 BMS DAILY TRACKER STARTED
[01:50:58] [1/459] FNDB
[01:50:58] 🧠 New identity
[01:50:59] [2/459] AMBH
[01:51:00] [3/459] PRHN
[01:51:01] [4/459] ACPM
[01:51:01] [5/459] PVFS
[01:51:02] [6/459] AACN
[01:51:03] [7/459] ACAS
[01:51:04] [8/459] CTNR
[01:51:05] [9/459] MMAH
[01:51:06] [10/459] CPMH
[01:51:07] [11/459] IGMH
[01:51:08] [12/459] ABCS
[01:51:08] [13/459] CMMA
[01:51:09] [14/459] GPRH
[01:51:10] [15/459] PNNG
[01:51:11] [16/459] AMCA
[01:51:12] [17/459] ISTN
[01:51:13] [18/459] PIIC
[01:51:14] [19/459] AHMH
[01:51:14] [20/459] ASHN
[01:51:15] [21/459] INHY
[01:51:17] [22/459] SRMO
[01:51:18] [23/459] PIMH
[01:51:18] [24/459] PVTS
[01:51:19] [25/459] MMCA
[01:51:20] [26/459] AKYJ
[01:51:21] [27/459] BRKH
[01:51:22] [28/459] MAHM
[01:51:23] [29/459] CPHY
[01:51:23] [30/459] PVTP
[01:51:24] [31/459] SMMR
[01:51:25] [32/459] PVHM
[01:51:26] [33/459] SNDY
[01:51:27] [34/459] GOKU
[01:51:28] [35/459] ACEV
[01:51:28] [36/459] PVUM
[01:51:29] [37/459] VSWA
[01:51:30] [38/459] IPRS
[01:51:31] [39/459] ASGN
[01:51:32] [40/459] BKMV
[01:51:33] [41/459] PVYH
[01:51:34] [42/459] INKM
[01:51:35] [43/459] ARJU
[01:51:36] [44/459] JJPP
[01:51:37] [45/459] SSRM
[01:51:38] [46/459] HMHD
[01:51:39] [47/459] SNKH
[01:51:40] [48/459] ACHI
[01:51:41] [49/459] MRAA
[01:51:41] [50/459] INMH
[01:51:42] [51/459] ARMH
[01:51:43] [52/459] DVRR
[01:51:44] [53/459] SUDA
[01:51:45] [54/459] MCSS
[01:51:46] [55/459] VRKC
[01:51:47] [56/459] PRCX
[01:51:47] [57/459] ASJY
[01:51:49] [58/459] MTHY
[01:51:50] [59/459] SRCM
[01:51:51] [60/459] TVHY
[01:51:52] [61/459] STHD
[01:51:53] [62/459] CPCL
[01:51:54] [63/459] PSMJ
[01:51:54] [64/459] MRGT
[01:51:55] [65/459] ARYH
[01:51:56] [66/459] VTRB
[01:51:57] [67/459] SCHC
[01:51:58] [68/459] MRRG
[01:51:59] [69/459] SPCB
[01:52:00] [70/459] AMCM
[01:52:01] [71/459] IVNM
[01:52:02] [72/459] TRHY
[01:52:03] [73/459] PTTH
[01:52:04] [74/459] RKMH
[01:52:04] [75/459] PRCS
[01:52:05] [76/459] VAJA
[01:52:07] [77/459] BJNG
[01:52:08] [78/459] SCVM
[01:52:09] [79/459] GNHB
[01:52:10] [80/459] TLUR
[01:52:11] [81/459] UKCC
[01:52:12] [82/459] SRKR
[01:52:13] [83/459] RMKN
[01:52:14] [84/459] SLRT
[01:52:15] [85/459] LKMT
[01:52:16] [86/459] SSRJ
[01:52:17] [87/459] SPHT
[01:52:18] [88/459] ANTT
[01:52:18] [89/459] SRCH
[01:52:19] [90/459] SRCA
[01:52:21] [91/459] ARTH
[01:52:22] [92/459] MCBH
[01:52:23] [93/459] SNIB
[01:52:24] [94/459] SART
[01:52:24] [95/459] SKTA
[01:52:25] [96/459] YAKT
[01:52:26] [97/459] MLCK
[01:52:27] [98/459] ANTS
[01:52:28] [99/459] DGCA
[01:52:29] [100/459] SGMP
[01:52:30] [101/459] ASWN
[01:52:31] [102/459] KFVU
[01:52:31] [103/459] POOR
[01:52:32] [104/459] GKDN
[01:52:33] [105/459] EOSE
[01:52:34] [106/459] GTTT
[01:52:35] [107/459] ARRO
[01:52:35] [108/459] CMMK
[01:52:36] [109/459] MSCN
[01:52:37] [110/459] GDKH
[01:52:38] [111/459] DLMT
[01:52:38] [112/459] PVMF
[01:52:39] [113/459] CPCK
[01:52:40] [114/459] VMHE
[01:52:41] [115/459] PVLC
[01:52:42] [116/459] PCVB
[01:52:43] [117/459] SNYK
[01:52:44] [118/459] KTEK
[01:52:45] [119/459] PCNM
[01:52:46] [120/459] NTTR
[01:52:46] [121/459] CPSK
[01:52:47] [122/459] JMMA
[01:52:49] [123/459] GCFK
[01:52:50] [124/459] MYCA
[01:52:51] [125/459] KSNP
[01:52:52] [126/459] PMCE
[01:52:53] [127/459] SCKI
[01:52:54] [128/459] FSMA
[01:52:55] [129/459] CETA
[01:52:56] [130/459] MCIK
[01:52:57] [131/459] MYCR
[01:52:58] [132/459] EVMP
[01:52:59] [133/459] SSGT
[01:53:00] [134/459] KCTK
[01:53:00] [135/459] ZTKC
[01:53:01] [136/459] MMTA
[01:53:02] [137/459] MAJT
[01:53:03] [138/459] ACPK
[01:53:03] [139/459] JMAX
[01:53:04] [140/459] SETK
[01:53:05] [141/459] CAIS
[01:53:06] [142/459] AGCD
[01:53:07] [143/459] URCL
[01:53:08] [144/459] VTDS
[01:53:09] [145/459] JCNM
[01:53:10] [146/459] KCAM
[01:53:10] [147/459] ADCU
[01:53:11] [148/459] GXYN
[01:53:12] [149/459] SMJG
[01:53:13] [150/459] EYCJ
[01:53:14] [151/459] CCEJ
[01:53:15] [152/459] MARS
[01:53:16] [153/459] CPVJ
[01:53:17] [154/459] INVP
[01:53:18] [155/459] CPOV
[01:53:18] [156/459] VIJK
[01:53:19] [157/459] LAIM
[01:53:20] [158/459] STHV
[01:53:21] [159/459] SVLJ
[01:53:22] [160/459] ATVJ
[01:53:23] [161/459] JTSC
[01:53:24] [162/459] RMTV
[01:53:25] [163/459] MGGG
[01:53:26] [164/459] SWTH
[01:53:27] [165/459] INVJ
[01:53:27] [166/459] PRSV
[01:53:28] [167/459] JATV
[01:53:29] [168/459] RCVD
[01:53:30] [169/459] BDMA
[01:53:31] [170/459] BLJI
[01:53:32] [171/459] SWOT
[01:53:32] [172/459] SWRN
[01:53:33] [173/459] TVRA
[01:53:34] [174/459] VCSV
[01:53:35] [175/459] NVRN
[01:53:36] [176/459] SIKC
[01:53:37] [177/459] VAKR
[01:53:38] [178/459] SYLN
[01:53:39] [179/459] KLJL
[01:53:39] [180/459] LKMY
[01:53:40] [181/459] VSLY
[01:53:41] [182/459] CIKO
[01:53:42] [183/459] GPBG
[01:53:42] [184/459] CECM
[01:53:43] [185/459] SLKB
[01:53:45] [186/459] MTBO
[01:53:45] [187/459] SSHB
[01:53:46] [188/459] VPCS
[01:53:48] [189/459] RCSR
[01:53:48] [190/459] RJRM
[01:53:49] [191/459] KPPB
[01:53:50] [192/459] SEDC
[01:53:51] [193/459] SCAI
[01:53:52] [194/459] RMTR
[01:53:53] [195/459] ASST
[01:53:54] [196/459] GCAK
[01:53:55] [197/459] ANNK
[01:53:55] [198/459] KDDF
[01:53:56] [199/459] NRDP
[01:53:57] [200/459] PLAK
[01:53:57] [201/459] GCMC
[01:53:58] [202/459] ALPY
[01:54:00] [203/459] SICE
[01:54:00] [204/459] SISR
[01:54:01] [205/459] SRPZ
[01:54:02] [206/459] SRSW
[01:54:03] [207/459] SUYA
[01:54:04] [208/459] AMMT
[01:54:05] [209/459] BHCU
[01:54:06] [210/459] KLPA
[01:54:07] [211/459] NVKH
[01:54:07] [212/459] JMRC
[01:54:08] [213/459] KTTT
[01:54:09] [214/459] MAGH
[01:54:10] [215/459] MMMX
[01:54:11] [216/459] SALJ
[01:54:11] [217/459] GTJA
[01:54:12] [218/459] MAHT
[01:54:13] [219/459] SSNN
[01:54:14] [220/459] ARRP
[01:54:15] [221/459] ATNS
[01:54:15] [222/459] SKDT
[01:54:16] [223/459] ACAT
[01:54:17] [224/459] APRC
[01:54:18] [225/459] SWAG
[01:54:18] [226/459] SDPT
[01:54:20] [227/459] STPS
[01:54:21] [228/459] WWCZ
[01:54:21] [229/459] LLCH
[01:54:23] [230/459] MZHA
[01:54:24] [231/459] CRJG
[01:54:24] [232/459] JGTK
[01:54:26] [233/459] KCSR
[01:54:27] [234/459] CHTL
[01:54:28] [235/459] EDSR
[01:54:29] [236/459] CSWO
[01:54:29] [237/459] CPVM
[01:54:30] [238/459] MXBY
[01:54:31] [239/459] FMMA
[01:54:32] [240/459] POVI
[01:54:33] [241/459] MTHB
[01:54:34] [242/459] INRC
[01:54:35] [243/459] PIPP
[01:54:36] [244/459] BMXC
[01:54:36] [245/459] PCMM
[01:54:37] [246/459] PMKM
[01:54:38] [247/459] GATY
[01:54:39] [248/459] IMCM
[01:54:40] [249/459] POPE
[01:54:41] [250/459] MTCR
[01:54:42] [251/459] PVAE
[01:54:43] [252/459] PVMI
[01:54:43] [253/459] CPNM
[01:54:44] [254/459] FMRL
[01:54:46] [255/459] MCIW
[01:54:46] [256/459] MXBO
[01:54:47] [257/459] FMKY
[01:54:48] [258/459] FMDA
[01:54:49] [259/459] THAB
[01:54:50] [260/459] PRCW
[01:54:50] [261/459] PITI
[01:54:51] [262/459] MCFF
[01:54:52] [263/459] PDDV
[01:54:53] [264/459] MCRM
[01:54:54] [265/459] KKMB
[01:54:55] [266/459] INKO
[01:54:56] [267/459] PLXP
[01:54:57] [268/459] MMHA
[01:54:57] [269/459] FMVS
[01:54:58] [270/459] POLM
[01:54:59] [271/459] STER
[01:55:00] [272/459] PVWJ
[01:55:01] [273/459] IMJW
[01:55:02] [274/459] FNAN
[01:55:03] [275/459] CAGL
[01:55:04] [276/459] IPBG
[01:55:05] [277/459] SMFV
[01:55:06] [278/459] MMMR
[01:55:07] [279/459] MMWM
[01:55:08] [280/459] FNCM
[01:55:09] [281/459] MDVA
[01:55:09] [282/459] MMET
[01:55:10] [283/459] MIDO
[01:55:11] [284/459] INNP
[01:55:12] [285/459] MIFU
[01:55:12] [286/459] MMSZ
[01:55:13] [287/459] BMXA
[01:55:14] [288/459] MCAA
[01:55:15] [289/459] SCVP
[01:55:16] [290/459] PLUS
[01:55:17] [291/459] MUCK
[01:55:17] [292/459] MTMA
[01:55:18] [293/459] HPVR
[01:55:19] [294/459] PMPK
[01:55:20] [295/459] MAJB
[01:55:21] [296/459] CTRR
[01:55:22] [297/459] MCTG
[01:55:22] [298/459] MACE
[01:55:23] [299/459] AAAS
[01:55:24] [300/459] CPVV
[01:55:25] [301/459] RCHG
[01:55:26] [302/459] MCNE
[01:55:27] [303/459] EMNC
[01:55:28] [304/459] MCAN
[01:55:29] [305/459] TCDM
[01:55:29] [306/459] IRGT
[01:55:31] [307/459] GCMG
[01:55:32] [308/459] MXSN
[01:55:32] [309/459] MXCK
[01:55:33] [310/459] MCRC
[01:55:34] [311/459] RSMI
[01:55:35] [312/459] WAML
[01:55:35] [313/459] MTSC
[01:55:36] [314/459] FMDR
[01:55:37] [315/459] LEPV
[01:55:38] [316/459] MTGD
[01:55:39] [317/459] IMOB
[01:55:40] [318/459] CLMM
[01:55:41] [319/459] PZCD
[01:55:42] [320/459] GOCS
[01:55:42] [321/459] KCMA
[01:55:43] [322/459] CCMP
[01:55:44] [323/459] MTSU
[01:55:45] [324/459] SNGL
[01:55:45] [325/459] MMMC
[01:55:46] [326/459] MMAA
[01:55:47] [327/459] GCDM
[01:55:48] [328/459] KTMV
[01:55:49] [329/459] AETE
[01:55:50] [330/459] OMCS
[01:55:50] [331/459] GDCD
[01:55:52] [332/459] NYMD
[01:55:52] [333/459] RNCV
[01:55:53] [334/459] KKMT
[01:55:54] [335/459] GDTH
[01:55:55] [336/459] KMMV
[01:55:56] [337/459] NHCG
[01:55:57] [338/459] PJDW
[01:55:58] [339/459] MMCV
[01:55:59] [340/459] FQSA
[01:55:59] [341/459] KURL
[01:56:00] [342/459] NNNX
[01:56:01] [343/459] AMAU
[01:56:02] [344/459] VVVM
[01:56:02] [345/459] VECU
[01:56:03] [346/459] WCVR
[01:56:05] [347/459] MTGG
[01:56:05] [348/459] SGTG
[01:56:06] [349/459] MNTG
[01:56:07] [350/459] JDDG
[01:56:08] [351/459] MBTK
[01:56:08] [352/459] SGCD
[01:56:09] [353/459] MCTC
[01:56:11] [354/459] JTPC
[01:56:11] [355/459] SDKT
[01:56:12] [356/459] KRCC
[01:56:13] [357/459] RMMD
[01:56:14] [358/459] AAME
[01:56:15] [359/459] TMWC
[01:56:15] [360/459] NRWY
[01:56:16] [361/459] CITD
[01:56:17] [362/459] VERD
[01:56:18] [363/459] MKSK
[01:56:19] [364/459] STSM
[01:56:20] [365/459] MJDG
[01:56:20] [366/459] RKPM
[01:56:21] [367/459] SSCE
[01:56:22] [368/459] VMAE
[01:56:23] [369/459] SBRU
[01:56:24] [370/459] AMBC
[01:56:25] [371/459] AMLU
[01:56:26] [372/459] INVZ
[01:56:27] [373/459] LGTV
[01:56:27] [374/459] SVAD
[01:56:28] [375/459] SMSA
[01:56:29] [376/459] SPCZ
[01:56:30] [377/459] GTCX
[01:56:30] [378/459] SCSL
[01:56:31] [379/459] SAHU
[01:56:32] [380/459] NCDA
[01:56:33] [381/459] SCCG
[01:56:34] [382/459] VKTL
[01:56:35] [383/459] PUUJ
[01:56:35] [384/459] STEJ
[01:56:36] [385/459] RJAL
[01:56:37] [386/459] ACJC
[01:56:38] [387/459] VTHC
[01:56:39] [388/459] ARVB
[01:56:40] [389/459] AUBB
[01:56:41] [390/459] GDBR
[01:56:41] [391/459] PVND
[01:56:42] [392/459] BGRJ
[01:56:43] [393/459] RJMM
[01:56:44] [394/459] MCSA
[01:56:45] [395/459] BODA
[01:56:45] [396/459] JAGG
[01:56:46] [397/459] SCGA
[01:56:47] [398/459] LRCM
[01:56:48] [399/459] CPCN
[01:56:49] [400/459] SSTF
[01:56:49] [401/459] SRXP
[01:56:50] [402/459] CNFX
[01:56:52] [403/459] ANDI
[01:56:53] [404/459] SYEW
[01:56:53] [405/459] RCRE
[01:56:54] [406/459] SCRW
[01:56:55] [407/459] MBKR
[01:56:56] [408/459] ASNT
[01:56:57] [409/459] JTMT
[01:56:58] [410/459] SHAY
[01:56:58] [411/459] VRTH
[01:56:59] [412/459] SPTI
[01:57:00] [413/459] DPTD
[01:57:01] [414/459] TGSN
[01:57:01] [415/459] RCWV
[01:57:02] [416/459] OCUR
[01:57:03] [417/459] KSTC
[01:57:04] [418/459] SANI
[01:57:05] [419/459] MLCA
[01:57:06] [420/459] EGCA
[01:57:06] [421/459] SYSN
[01:57:07] [422/459] PKTA
[01:57:08] [423/459] PRCC
[01:57:09] [424/459] KSTR
[01:57:10] [425/459] SNTP
[01:57:11] [426/459] RCHA
[01:57:12] [427/459] SEEA
[01:57:12] [428/459] ALAT
[01:57:13] [429/459] AATV
[01:57:14] [430/459] RJTE
[01:57:15] [431/459] AAPP
[01:57:16] [432/459] PMMH
[01:57:17] [433/459] INRJ
[01:57:18] [434/459] SARB
[01:57:18] [435/459] PCJL
[01:57:19] [436/459] PFJJ
[01:57:20] [437/459] GRDC
[01:57:21] [438/459] BCBA
[01:57:22] [439/459] VIXL
[01:57:23] [440/459] CSTL
[01:57:24] [441/459] MTDK
[01:57:25] [442/459] TDAC
[01:57:26] [443/459] GTDN
[01:57:27] [444/459] TTDE
[01:57:28] [445/459] ASTS
[01:57:29] [446/459] CPNS
[01:57:30] [447/459] PVVW
[01:57:30] [448/459] USEB
[01:57:31] [449/459] DTYN
[01:57:32] [450/459] PVLE
[01:57:33] [451/459] CIPS
[01:57:34] [452/459] PAEG
[01:57:34] [453/459] PTCW
[01:57:35] [454/459] G3SR
[01:57:36] [455/459] PGND
[01:57:37] [456/459] INVM
[01:57:38] [457/459] SPIA
[01:57:39] [458/459] PCSN
[01:57:40] [459/459] PPGV
[01:57:41] ✅ DONE | Shows=0 | Movies=0
[02:48:20] 🚀 BMS DAILY TRACKER STARTED
[02:48:20] [1/459] FNDB
[02:48:20] 🧠 New identity
[02:48:20] [2/459] AMBH
[02:48:21] [3/459] PRHN
[02:48:22] [4/459] ACPM
[02:48:22] [5/459] PVFS
[02:48:23] [6/459] AACN
[02:48:24] [7/459] ACAS
[02:48:24] [8/459] CTNR
[02:48:25] [9/459] MMAH
[02:48:25] [10/459] CPMH
[02:48:26] [11/459] IGMH
[02:48:27] [12/459] ABCS
[02:48:27] [13/459] CMMA
[02:48:28] [14/459] GPRH
[02:48:29] [15/459] PNNG
[02:48:29] [16/459] AMCA
[02:48:30] [17/459] ISTN
[02:48:31] [18/459] PIIC
[02:48:31] [19/459] AHMH
[02:48:32] [20/459] ASHN
[02:48:32] [21/459] INHY
[02:48:33] [22/459] SRMO
[02:48:33] [23/459] PIMH
[02:48:34] [24/459] PVTS
[02:48:35] [25/459] MMCA
[02:48:36] [26/459] AKYJ
[02:48:36] [27/459] BRKH
[02:48:37] [28/459] MAHM
[02:48:37] [29/459] CPHY
[02:48:38] [30/459] PVTP
[02:48:38] [31/459] SMMR
[02:48:39] [32/459] PVHM
[02:48:40] [33/459] SNDY
[02:48:40] [34/459] GOKU
[02:48:41] [35/459] ACEV
[02:48:41] [36/459] PVUM
[02:48:42] [37/459] VSWA
[02:48:43] [38/459] IPRS
[02:48:43] [39/459] ASGN
[02:48:44] [40/459] BKMV
[02:48:44] [41/459] PVYH
[02:48:45] [42/459] INKM
[02:48:46] [43/459] ARJU
[02:48:46] [44/459] JJPP
[02:48:47] [45/459] SSRM
[02:48:47] [46/459] HMHD
[02:48:48] [47/459] SNKH
[02:48:49] [48/459] ACHI
[02:48:49] [49/459] MRAA
[02:48:50] [50/459] INMH
[02:48:50] [51/459] ARMH
[02:48:51] [52/459] DVRR
[02:48:52] [53/459] SUDA
[02:48:52] [54/459] MCSS
[02:48:53] [55/459] VRKC
[02:48:53] [56/459] PRCX
[02:48:54] [57/459] ASJY
[02:48:54] [58/459] MTHY
[02:48:55] [59/459] SRCM
[02:48:55] [60/459] TVHY
[02:48:56] [61/459] STHD
[02:48:56] [62/459] CPCL
[02:48:57] [63/459] PSMJ
[02:48:58] [64/459] MRGT
[02:48:58] [65/459] ARYH
[02:48:59] [66/459] VTRB
[02:48:59] [67/459] SCHC
[02:49:00] [68/459] MRRG
[02:49:01] [69/459] SPCB
[02:49:01] [70/459] AMCM
[02:49:02] [71/459] IVNM
[02:49:02] [72/459] TRHY
[02:49:03] [73/459] PTTH
[02:49:03] [74/459] RKMH
[02:49:04] [75/459] PRCS
[02:49:05] [76/459] VAJA
[02:49:05] [77/459] BJNG
[02:49:06] [78/459] SCVM
[02:49:06] [79/459] GNHB
[02:49:07] [80/459] TLUR
[02:49:07] [81/459] UKCC
[02:49:08] [82/459] SRKR
[02:49:09] [83/459] RMKN
[02:49:09] [84/459] SLRT
[02:49:10] [85/459] LKMT
[02:49:10] [86/459] SSRJ
[02:49:11] [87/459] SPHT
[02:49:11] [88/459] ANTT
[02:49:12] [89/459] SRCH
[02:49:12] [90/459] SRCA
[02:49:13] [91/459] ARTH
[02:49:14] [92/459] MCBH
[02:49:14] [93/459] SNIB
[02:49:15] [94/459] SART
[02:49:15] [95/459] SKTA
[02:49:16] [96/459] YAKT
[02:49:16] [97/459] MLCK
[02:49:17] [98/459] ANTS
[02:49:17] [99/459] DGCA
[02:49:18] [100/459] SGMP
[02:49:19] [101/459] ASWN
[02:49:19] [102/459] KFVU
[02:49:20] [103/459] POOR
[02:49:20] [104/459] GKDN
[02:49:21] [105/459] EOSE
[02:49:21] [106/459] GTTT
[02:49:22] [107/459] ARRO
[02:49:22] [108/459] CMMK
[02:49:23] [109/459] MSCN
[02:49:24] [110/459] GDKH
[02:49:24] [111/459] DLMT
[02:49:25] [112/459] PVMF
[02:49:25] [113/459] CPCK
[02:49:26] [114/459] VMHE
[02:49:27] [115/459] PVLC
[02:49:27] [116/459] PCVB
[02:49:28] [117/459] SNYK
[02:49:28] [118/459] KTEK
[02:49:29] [119/459] PCNM
[02:49:29] [120/459] NTTR
[02:49:30] [121/459] CPSK
[02:49:31] [122/459] JMMA
[02:49:31] [123/459] GCFK
[02:49:32] [124/459] MYCA
[02:49:33] [125/459] KSNP
[02:49:33] [126/459] PMCE
[02:49:34] [127/459] SCKI
[02:49:35] [128/459] FSMA
[02:49:35] [129/459] CETA
[02:49:36] [130/459] MCIK
[02:49:36] [131/459] MYCR
[02:49:36] [132/459] EVMP
[02:49:37] [133/459] SSGT
[02:49:38] [134/459] KCTK
[02:49:38] [135/459] ZTKC
[02:49:39] [136/459] MMTA
[02:49:39] [137/459] MAJT
[02:49:40] [138/459] ACPK
[02:49:40] [139/459] JMAX
[02:49:41] [140/459] SETK
[02:49:42] [141/459] CAIS
[02:49:42] [142/459] AGCD
[02:49:43] [143/459] URCL
[02:49:43] [144/459] VTDS
[02:49:44] [145/459] JCNM
[02:49:45] [146/459] KCAM
[02:49:45] [147/459] ADCU
[02:49:46] [148/459] GXYN
[02:49:46] [149/459] SMJG
[02:49:47] [150/459] EYCJ
[02:49:48] [151/459] CCEJ
[02:49:48] [152/459] MARS
[02:49:49] [153/459] CPVJ
[02:49:49] [154/459] INVP
[02:49:50] [155/459] CPOV
[02:49:50] [156/459] VIJK
[02:49:51] [157/459] LAIM
[02:49:52] [158/459] STHV
[02:49:52] [159/459] SVLJ
[02:49:53] [160/459] ATVJ
[02:49:53] [161/459] JTSC
[02:49:54] [162/459] RMTV
[02:49:54] [163/459] MGGG
[02:49:55] [164/459] SWTH
[02:49:56] [165/459] INVJ
[02:49:56] [166/459] PRSV
[02:49:57] [167/459] JATV
[02:49:57] [168/459] RCVD
[02:49:58] [169/459] BDMA
[02:49:58] [170/459] BLJI
[02:49:59] [171/459] SWOT
[02:49:59] [172/459] SWRN
[02:50:00] [173/459] TVRA
[02:50:01] [174/459] VCSV
[02:50:01] [175/459] NVRN
[02:50:02] [176/459] SIKC
[02:50:02] [177/459] VAKR
[02:50:03] [178/459] SYLN
[02:50:04] [179/459] KLJL
[02:50:04] [180/459] LKMY
[02:50:05] [181/459] VSLY
[02:50:06] [182/459] CIKO
[02:50:06] [183/459] GPBG
[02:50:07] [184/459] CECM
[02:50:08] [185/459] SLKB
[02:50:08] [186/459] MTBO
[02:50:09] [187/459] SSHB
[02:50:09] [188/459] VPCS
[02:50:10] [189/459] RCSR
[02:50:10] [190/459] RJRM
[02:50:11] [191/459] KPPB
[02:50:12] [192/459] SEDC
[02:50:12] [193/459] SCAI
[02:50:13] [194/459] RMTR
[02:50:13] [195/459] ASST
[02:50:14] [196/459] GCAK
[02:50:14] [197/459] ANNK
[02:50:15] [198/459] KDDF
[02:50:15] [199/459] NRDP
[02:50:16] [200/459] PLAK
[02:50:16] [201/459] GCMC
[02:50:17] [202/459] ALPY
[02:50:17] [203/459] SICE
[02:50:18] [204/459] SISR
[02:50:19] [205/459] SRPZ
[02:50:19] [206/459] SRSW
[02:50:20] [207/459] SUYA
[02:50:20] [208/459] AMMT
[02:50:21] [209/459] BHCU
[02:50:22] [210/459] KLPA
[02:50:22] [211/459] NVKH
[02:50:23] [212/459] JMRC
[02:50:24] [213/459] KTTT
[02:50:24] [214/459] MAGH
[02:50:25] [215/459] MMMX
[02:50:25] [216/459] SALJ
[02:50:26] [217/459] GTJA
[02:50:26] [218/459] MAHT
[02:50:27] [219/459] SSNN
[02:50:27] [220/459] ARRP
[02:50:28] [221/459] ATNS
[02:50:28] [222/459] SKDT
[02:50:29] [223/459] ACAT
[02:50:30] [224/459] APRC
[02:50:30] [225/459] SWAG
[02:50:31] [226/459] SDPT
[02:50:32] [227/459] STPS
[02:50:32] [228/459] WWCZ
[02:50:33] [229/459] LLCH
[02:50:33] [230/459] MZHA
[02:50:34] [231/459] CRJG
[02:50:34] [232/459] JGTK
[02:50:35] [233/459] KCSR
[02:50:35] [234/459] CHTL
[02:50:36] [235/459] EDSR
[02:50:36] [236/459] CSWO
[02:50:37] [237/459] CPVM
[02:50:37] [238/459] MXBY
[02:50:38] [239/459] FMMA
[02:50:38] [240/459] POVI
[02:50:39] [241/459] MTHB
[02:50:39] [242/459] INRC
[02:50:40] [243/459] PIPP
[02:50:40] [244/459] BMXC
[02:50:41] [245/459] PCMM
[02:50:42] [246/459] PMKM
[02:50:42] [247/459] GATY
[02:50:43] [248/459] IMCM
[02:50:44] [249/459] POPE
[02:50:44] [250/459] MTCR
[02:50:45] [251/459] PVAE
[02:50:45] [252/459] PVMI
[02:50:46] [253/459] CPNM
[02:50:46] [254/459] FMRL
[02:50:47] [255/459] MCIW
[02:50:47] [256/459] MXBO
[02:50:48] [257/459] FMKY
[02:50:48] [258/459] FMDA
[02:50:49] [259/459] THAB
[02:50:50] [260/459] PRCW
[02:50:50] [261/459] PITI
[02:50:51] [262/459] MCFF
[02:50:51] [263/459] PDDV
[02:50:52] [264/459] MCRM
[02:50:52] [265/459] KKMB
[02:50:53] [266/459] INKO
[02:50:54] [267/459] PLXP
[02:50:54] [268/459] MMHA
[02:50:55] [269/459] FMVS
[02:50:56] [270/459] POLM
[02:50:56] [271/459] STER
[02:50:57] [272/459] PVWJ
[02:50:57] [273/459] IMJW
[02:50:58] [274/459] FNAN
[02:50:58] [275/459] CAGL
[02:50:59] [276/459] IPBG
[02:50:59] [277/459] SMFV
[02:51:00] [278/459] MMMR
[02:51:00] [279/459] MMWM
[02:51:01] [280/459] FNCM
[02:51:01] [281/459] MDVA
[02:51:02] [282/459] MMET
[02:51:03] [283/459] MIDO
[02:51:03] [284/459] INNP
[02:51:04] [285/459] MIFU
[02:51:05] [286/459] MMSZ
[02:51:05] [287/459] BMXA
[02:51:06] [288/459] MCAA
[02:51:06] [289/459] SCVP
[02:51:07] [290/459] PLUS
[02:51:07] [291/459] MUCK
[02:51:08] [292/459] MTMA
[02:51:08] [293/459] HPVR
[02:51:09] [294/459] PMPK
[02:51:09] [295/459] MAJB
[02:51:10] [296/459] CTRR
[02:51:10] [297/459] MCTG
[02:51:11] [298/459] MACE
[02:51:11] [299/459] AAAS
[02:51:12] [300/459] CPVV
[02:51:12] [301/459] RCHG
[02:51:13] [302/459] MCNE
[02:51:13] [303/459] EMNC
[02:51:14] [304/459] MCAN
[02:51:15] [305/459] TCDM
[02:51:15] [306/459] IRGT
[02:51:16] [307/459] GCMG
[02:51:16] [308/459] MXSN
[02:51:17] [309/459] MXCK
[02:51:18] [310/459] MCRC
[02:51:18] [311/459] RSMI
[02:51:19] [312/459] WAML
[02:51:19] [313/459] MTSC
[02:51:20] [314/459] FMDR
[02:51:20] [315/459] LEPV
[02:51:21] [316/459] MTGD
[02:51:22] [317/459] IMOB
[02:51:22] [318/459] CLMM
[02:51:23] [319/459] PZCD
[02:51:23] [320/459] GOCS
[02:51:24] [321/459] KCMA
[02:51:25] [322/459] CCMP
[02:51:25] [323/459] MTSU
[02:51:26] [324/459] SNGL
[02:51:26] [325/459] MMMC
[02:51:27] [326/459] MMAA
[02:51:27] [327/459] GCDM
[02:51:28] [328/459] KTMV
[02:51:28] [329/459] AETE
[02:51:29] [330/459] OMCS
[02:51:29] [331/459] GDCD
[02:51:30] [332/459] NYMD
[02:51:31] [333/459] RNCV
[02:51:32] [334/459] KKMT
[02:51:32] [335/459] GDTH
[02:51:33] [336/459] KMMV
[02:51:33] [337/459] NHCG
[02:51:34] [338/459] PJDW
[02:51:35] [339/459] MMCV
[02:51:35] [340/459] FQSA
[02:51:36] [341/459] KURL
[02:51:36] [342/459] NNNX
[02:51:37] [343/459] AMAU
[02:51:37] [344/459] VVVM
[02:51:38] [345/459] VECU
[02:51:39] [346/459] WCVR
[02:51:39] [347/459] MTGG
[02:51:40] [348/459] SGTG
[02:51:41] [349/459] MNTG
[02:51:41] [350/459] JDDG
[02:51:41] [351/459] MBTK
[02:51:42] [352/459] SGCD
[02:51:42] [353/459] MCTC
[02:51:43] [354/459] JTPC
[02:51:44] [355/459] SDKT
[02:51:44] [356/459] KRCC
[02:51:45] [357/459] RMMD
[02:51:46] [358/459] AAME
[02:51:46] [359/459] TMWC
[02:51:47] [360/459] NRWY
[02:51:47] [361/459] CITD
[02:51:48] [362/459] VERD
[02:51:49] [363/459] MKSK
[02:51:49] [364/459] STSM
[02:51:50] [365/459] MJDG
[02:51:51] [366/459] RKPM
[02:51:51] [367/459] SSCE
[02:51:52] [368/459] VMAE
[02:51:53] [369/459] SBRU
[02:51:53] [370/459] AMBC
[02:51:54] [371/459] AMLU
[02:51:55] [372/459] INVZ
[02:51:55] [373/459] LGTV
[02:51:56] [374/459] SVAD
[02:51:56] [375/459] SMSA
[02:51:57] [376/459] SPCZ
[02:51:57] [377/459] GTCX
[02:51:58] [378/459] SCSL
[02:51:59] [379/459] SAHU
[02:51:59] [380/459] NCDA
[02:52:00] [381/459] SCCG
[02:52:00] [382/459] VKTL
[02:52:01] [383/459] PUUJ
[02:52:01] [384/459] STEJ
[02:52:02] [385/459] RJAL
[02:52:03] [386/459] ACJC
[02:52:03] [387/459] VTHC
[02:52:04] [388/459] ARVB
[02:52:04] [389/459] AUBB
[02:52:05] [390/459] GDBR
[02:52:05] [391/459] PVND
[02:52:06] [392/459] BGRJ
[02:52:07] [393/459] RJMM
[02:52:07] [394/459] MCSA
[02:52:07] [395/459] BODA
[02:52:08] [396/459] JAGG
[02:52:08] [397/459] SCGA
[02:52:09] [398/459] LRCM
[02:52:09] [399/459] CPCN
[02:52:10] [400/459] SSTF
[02:52:10] [401/459] SRXP
[02:52:11] [402/459] CNFX
[02:52:12] [403/459] ANDI
[02:52:12] [404/459] SYEW
[02:52:13] [405/459] RCRE
[02:52:13] [406/459] SCRW
[02:52:14] [407/459] MBKR
[02:52:14] [408/459] ASNT
[02:52:15] [409/459] JTMT
[02:52:16] [410/459] SHAY
[02:52:16] [411/459] VRTH
[02:52:17] [412/459] SPTI
[02:52:17] [413/459] DPTD
[02:52:18] [414/459] TGSN
[02:52:18] [415/459] RCWV
[02:52:19] [416/459] OCUR
[02:52:20] [417/459] KSTC
[02:52:20] [418/459] SANI
[02:52:21] [419/459] MLCA
[02:52:21] [420/459] EGCA
[02:52:22] [421/459] SYSN
[02:52:23] [422/459] PKTA
[02:52:23] [423/459] PRCC
[02:52:23] [424/459] KSTR
[02:52:24] [425/459] SNTP
[02:52:25] [426/459] RCHA
[02:52:25] [427/459] SEEA
[02:52:26] [428/459] ALAT
[02:52:26] [429/459] AATV
[02:52:27] [430/459] RJTE
[02:52:27] [431/459] AAPP
[02:52:28] [432/459] PMMH
[02:52:28] [433/459] INRJ
[02:52:29] [434/459] SARB
[02:52:30] [435/459] PCJL
[02:52:30] [436/459] PFJJ
[02:52:31] [437/459] GRDC
[02:52:31] [438/459] BCBA
[02:52:32] [439/459] VIXL
[02:52:32] [440/459] CSTL
[02:52:33] [441/459] MTDK
[02:52:34] [442/459] TDAC
[02:52:34] [443/459] GTDN
[02:52:35] [444/459] TTDE
[02:52:36] [445/459] ASTS
[02:52:36] [446/459] CPNS
[02:52:37] [447/459] PVVW
[02:52:37] [448/459] USEB
[02:52:38] [449/459] DTYN
[02:52:39] [450/459] PVLE
[02:52:39] [451/459] CIPS
[02:52:40] [452/459] PAEG
[02:52:41] [453/459] PTCW
[02:52:41] [454/459] G3SR
[02:52:42] [455/459] PGND
[02:52:42] [456/459] INVM
[02:52:43] [457/459] SPIA
[02:52:43] [458/459] PCSN
[02:52:44] [459/459] PPGV
[02:52:45] ✅ DONE | Shows=1 | Movies=1
