[00:44:34] 🚀 BMS DAILY TRACKER STARTED
[00:44:34] [1/296] CDCA
[00:44:34] 🧠 New identity
[00:44:35] [2/296] MNSR
[00:44:36] [3/296] CSSL
[00:44:37] [4/296] BGGM
[00:44:38] [5/296] MANT
[00:44:38] [6/296] SOOY
[00:44:39] [7/296] VPPK
[00:44:40] [8/296] MYHJ
[00:44:42] [9/296] KSCK
[00:44:43] [10/296] KATK
[00:44:44] [11/296] RTRT
[00:44:45] [12/296] SSTT
[00:44:45] [13/296] SSTV
[00:44:46] [14/296] LACM
[00:44:48] [15/296] SGMG
[00:44:49] [16/296] KACX
[00:44:50] [17/296] GVCP
[00:44:51] [18/296] CSNC
[00:44:53] [19/296] SXCB
[00:44:53] [20/296] BAHS
[00:44:54] [21/296] PCBI
[00:44:55] [22/296] PSSM
[00:44:56] [23/296] RCOK
[00:44:57] [24/296] SCPF
[00:44:58] [25/296] SSAS
[00:44:59] [26/296] EVMM
[00:45:00] [27/296] SYCB
[00:45:01] [28/296] GCKI
[00:45:02] [29/296] IAET
[00:45:03] [30/296] DDTD
[00:45:04] [31/296] GMDH
[00:45:04] [32/296] STLE
[00:45:05] [33/296] JTRA
[00:45:06] [34/296] RPPA
[00:45:07] [35/296] ARUT
[00:45:08] [36/296] JTVM
[00:45:09] [37/296] SWRH
[00:45:10] [38/296] DCPC
[00:45:11] [39/296] RAPR
[00:45:12] [40/296] GCRT
[00:45:14] [41/296] ATUN
[00:45:14] [42/296] LTRM
[00:45:15] [43/296] TASR
[00:45:16] [44/296] RLLC
[00:45:17] [45/296] MABI
[00:45:18] [46/296] SVHB
[00:45:19] [47/296] NVTB
[00:45:20] [48/296] KCKG
[00:45:20] [49/296] SSRN
[00:45:21] [50/296] VDDC
[00:45:23] [51/296] GKTK
[00:45:24] [52/296] YFSN
[00:45:25] [53/296] GCSG
[00:45:26] [54/296] ESSM
[00:45:27] [55/296] KRIH
[00:45:28] [56/296] GCDS
[00:45:29] [57/296] CCSH
[00:45:31] [58/296] ACSK
[00:45:31] [59/296] APRK
[00:45:32] [60/296] ADKM
[00:45:33] [61/296] SRDM
[00:45:34] [62/296] RMOG
[00:45:35] [63/296] SJMY
[00:45:36] [64/296] PGGC
[00:45:37] [65/296] INGM
[00:45:38] [66/296] LSCB
[00:45:39] [67/296] STAD
[00:45:40] [68/296] MCCR
[00:45:41] [69/296] ABCC
[00:45:43] [70/296] RKCC
[00:45:44] [71/296] RTCR
[00:45:45] [72/296] GGBC
[00:45:45] [73/296] GCSD
[00:45:46] [74/296] LPTY
[00:45:47] [75/296] MCFD
[00:45:48] [76/296] HENN
[00:45:49] [77/296] SMKU
[00:45:51] [78/296] TNZC
[00:45:52] [79/296] DRCD
[00:45:53] [80/296] DLCD
[00:45:53] [81/296] RCDA
[00:45:54] [82/296] COSM
[00:45:55] [83/296] MCMJ
[00:45:56] [84/296] CSTR
[00:45:57] [85/296] CVDK
[00:45:58] [86/296] INRR
[00:45:59] [87/296] RJRT
[00:46:00] [88/296] IRMR
[00:46:01] [89/296] SRCF
[00:46:02] [90/296] GRCR
[00:46:02] [91/296] SURC
[00:46:03] [92/296] NMNH
[00:46:04] [93/296] SVBL
[00:46:05] [94/296] KACI
[00:46:06] [95/296] TDGO
[00:46:07] [96/296] KTBR
[00:46:08] [97/296] PMAD
[00:46:09] [98/296] CCPN
[00:46:10] [99/296] SBTK
[00:46:11] [100/296] LMDK
[00:46:12] [101/296] PGDA
[00:46:13] [102/296] SRML
[00:46:14] [103/296] EVCK
[00:46:15] [104/296] RTTK
[00:46:15] [105/296] SRTU
[00:46:17] [106/296] VRSA
[00:46:18] [107/296] VARS
[00:46:18] [108/296] DSCZ
[00:46:19] [109/296] GAGA
[00:46:20] [110/296] SARV
[00:46:21] [111/296] SEEG
[00:46:22] [112/296] GLCA
[00:46:23] [113/296] APAS
[00:46:24] [114/296] VCIA
[00:46:25] [115/296] SJTA
[00:46:26] [116/296] SABM
[00:46:26] [117/296] PPAG
[00:46:27] [118/296] RVCA
[00:46:28] [119/296] CCIA
[00:46:29] [120/296] HTAG
[00:46:30] [121/296] SMBI
[00:46:31] [122/296] MCJR
[00:46:32] [123/296] CCJR
[00:46:33] [124/296] SINF
[00:46:33] [125/296] CPLX
[00:46:34] [126/296] KKTJ
[00:46:36] [127/296] GDBW
[00:46:37] [128/296] CSUB
[00:46:38] [129/296] DABA
[00:46:39] [130/296] TITR
[00:46:40] [131/296] NYCR
[00:46:42] [132/296] RTRY
[00:46:43] [133/296] JTJL
[00:46:43] [134/296] SJCP
[00:46:44] [135/296] KCCA
[00:46:45] [136/296] MLPG
[00:46:46] [137/296] VRCK
[00:46:47] [138/296] SRIN
[00:46:48] [139/296] CXMK
[00:46:49] [140/296] SKAD
[00:46:49] [141/296] AVTR
[00:46:50] [142/296] PTAJ
[00:46:51] [143/296] SCNK
[00:46:52] [144/296] STTI
[00:46:52] [145/296] KACR
[00:46:54] [146/296] SSDX
[00:46:55] [147/296] VRTJ
[00:46:56] [148/296] RAJD
[00:46:56] [149/296] SCIP
[00:46:57] [150/296] RJSL
[00:46:58] [151/296] ARRS
[00:46:59] [152/296] ASMS
[00:47:00] [153/296] RDTS
[00:47:01] [154/296] DVMY
[00:47:03] [155/296] RASA
[00:47:03] [156/296] INOM
[00:47:05] [157/296] SPRS
[00:47:07] [158/296] SGCS
[00:47:08] [159/296] SALM
[00:47:08] [160/296] PKHC
[00:47:09] [161/296] RCSV
[00:47:10] [162/296] CPKC
[00:47:11] [163/296] AACD
[00:47:12] [164/296] GGCV
[00:47:12] [165/296] SMKD
[00:47:13] [166/296] NBCH
[00:47:15] [167/296] AMCB
[00:47:15] [168/296] OPCN
[00:47:16] [169/296] DCIN
[00:47:17] [170/296] INGW
[00:47:19] [171/296] PKKW
[00:47:20] [172/296] FNGW
[00:47:21] [173/296] GCGD
[00:47:21] [174/296] MSTW
[00:47:23] [175/296] KCCG
[00:47:24] [176/296] MRSS
[00:47:25] [177/296] CLCF
[00:47:25] [178/296] EETS
[00:47:26] [179/296] AATR
[00:47:27] [180/296] CMMN
[00:47:28] [181/296] SCCJ
[00:47:29] [182/296] CDTK
[00:47:30] [183/296] AICP
[00:47:32] [184/296] FNBP
[00:47:33] [185/296] CBPB
[00:47:35] [186/296] CPAS
[00:47:35] [187/296] MAPM
[00:47:37] [188/296] PASD
[00:47:38] [189/296] JCMN
[00:47:39] [190/296] MALB
[00:47:39] [191/296] SACG
[00:47:41] [192/296] DDRX
[00:47:42] [193/296] DDXB
[00:47:43] [194/296] RAMC
[00:47:43] [195/296] SANC
[00:47:44] [196/296] BCBP
[00:47:46] [197/296] ALPC
[00:47:48] [198/296] RBAC
[00:47:48] [199/296] RAJL
[00:47:49] [200/296] MPDX
[00:47:50] [201/296] MUSC
[00:47:51] [202/296] VKMK
[00:47:52] [203/296] SKCG
[00:47:53] [204/296] ANCN
[00:47:54] [205/296] MMCJ
[00:47:54] [206/296] DCAK
[00:47:55] [207/296] SCKG
[00:47:56] [208/296] LMCK
[00:47:58] [209/296] CKKX
[00:47:59] [210/296] ANKU
[00:47:59] [211/296] CSMD
[00:48:00] [212/296] MKMP
[00:48:01] [213/296] SVBG
[00:48:03] [214/296] ROOP
[00:48:04] [215/296] GDMT
[00:48:05] [216/296] FPPF
[00:48:06] [217/296] SFUU
[00:48:06] [218/296] ANCB
[00:48:07] [219/296] SMMC
[00:48:08] [220/296] UGKT
[00:48:09] [221/296] JVRM
[00:48:10] [222/296] BATG
[00:48:12] [223/296] RATE
[00:48:13] [224/296] SKME
[00:48:13] [225/296] LMTP
[00:48:14] [226/296] TCBD
[00:48:15] [227/296] ESBD
[00:48:16] [228/296] GDCU
[00:48:18] [229/296] SNKT
[00:48:19] [230/296] SRNK
[00:48:19] [231/296] SMED
[00:48:20] [232/296] CSQS
[00:48:21] [233/296] ALCS
[00:48:22] [234/296] KCKN
[00:48:23] [235/296] VCCL
[00:48:24] [236/296] MCDA
[00:48:25] [237/296] SHMI
[00:48:26] [238/296] SKHA
[00:48:26] [239/296] SVFK
[00:48:27] [240/296] INVB
[00:48:28] [241/296] MELD
[00:48:29] [242/296] JTYS
[00:48:30] [243/296] INCM
[00:48:31] [244/296] MCDV
[00:48:32] [245/296] KSGK
[00:48:32] [246/296] ICMG
[00:48:33] [247/296] CSCV
[00:48:35] [248/296] STMD
[00:48:36] [249/296] STTR
[00:48:37] [250/296] INVC
[00:48:37] [251/296] JTBL
[00:48:38] [252/296] SRVV
[00:48:40] [253/296] MAVC
[00:48:41] [254/296] SRPP
[00:48:42] [255/296] JGDM
[00:48:44] [256/296] MBSJ
[00:48:44] [257/296] SSLL
[00:48:45] [258/296] SLKP
[00:48:46] [259/296] NSRV
[00:48:47] [260/296] UTDV
[00:48:48] [261/296] KICM
[00:48:49] [262/296] KCMD
[00:48:50] [263/296] TTPP
[00:48:50] [264/296] KMPV
[00:48:52] [265/296] SKTV
[00:48:52] [266/296] STCV
[00:48:53] [267/296] SRDA
[00:48:54] [268/296] JTSX
[00:48:55] [269/296] STBV
[00:48:56] [270/296] APVZ
[00:48:57] [271/296] GSTV
[00:48:58] [272/296] NMVS
[00:48:59] [273/296] SKRT
[00:48:59] [274/296] RMDV
[00:49:00] [275/296] RATG
[00:49:01] [276/296] SJYV
[00:49:02] [277/296] NDGP
[00:49:03] [278/296] SNDG
[00:49:04] [279/296] INSR
[00:49:04] [280/296] INSO
[00:49:05] [281/296] CCSI
[00:49:06] [282/296] RASM
[00:49:07] [283/296] NEWC
[00:49:08] [284/296] VSHL
[00:49:08] [285/296] BISW
[00:49:10] [286/296] GCNG
[00:49:11] [287/296] CWSC
[00:49:12] [288/296] SKAN
[00:49:13] [289/296] SEHP
[00:49:15] [290/296] CCOA
[00:49:16] [291/296] MCAJ
[00:49:16] [292/296] ACDE
[00:49:17] [293/296] AACM
[00:49:18] [294/296] JJCK
[00:49:19] [295/296] RCMO
[00:49:20] [296/296] GDAW
[00:49:20] ✅ DONE | Shows=0 | Movies=0
