[00:44:35] 🚀 BMS DAILY TRACKER STARTED
[00:44:35] [1/459] NECA
[00:44:35] 🧠 New identity
[00:44:36] [2/459] BJLC
[00:44:37] [3/459] BASU
[00:44:38] [4/459] RUPI
[00:44:39] [5/459] LCBK
[00:44:40] [6/459] PMAC
[00:44:41] [7/459] AMLC
[00:44:42] [8/459] LICL
[00:44:44] [9/459] UDMM
[00:44:45] [10/459] STBZ
[00:44:45] [11/459] UUBT
[00:44:46] [12/459] SJKC
[00:44:47] [13/459] TUAL
[00:44:48] [14/459] MRSE
[00:44:49] [15/459] RMRK
[00:44:50] [16/459] TTKP
[00:44:51] [17/459] KTKO
[00:44:51] [18/459] SDBK
[00:44:52] [19/459] MCPR
[00:44:53] [20/459] CHTI
[00:44:54] [21/459] GCCP
[00:44:55] [22/459] SRMY
[00:44:56] [23/459] NYST
[00:44:56] [24/459] NYAG
[00:44:57] [25/459] SBMT
[00:44:58] [26/459] INGA
[00:44:59] [27/459] WSIC
[00:45:00] [28/459] SCSS
[00:45:00] [29/459] COPG
[00:45:01] [30/459] RCGR
[00:45:02] [31/459] TCZA
[00:45:03] [32/459] CNLP
[00:45:04] [33/459] CLKN
[00:45:05] [34/459] LHDF
[00:45:06] [35/459] ELKC
[00:45:07] [36/459] VCEM
[00:45:08] [37/459] SSZA
[00:45:09] [38/459] KRMT
[00:45:10] [39/459] LCMV
[00:45:11] [40/459] AYCZ
[00:45:12] [41/459] CUMS
[00:45:13] [42/459] BOCK
[00:45:14] [43/459] PNMR
[00:45:15] [44/459] PJCP
[00:45:16] [45/459] JDDD
[00:45:17] [46/459] STMS
[00:45:18] [47/459] FLMB
[00:45:19] [48/459] PKCM
[00:45:20] [49/459] SPPR
[00:45:21] [50/459] EYLH
[00:45:21] [51/459] RJCC
[00:45:22] [52/459] MMPS
[00:45:23] [53/459] SHMX
[00:45:24] [54/459] CCNL
[00:45:25] [55/459] RCNV
[00:45:25] [56/459] MAAG
[00:45:26] [57/459] LXCM
[00:45:27] [58/459] RCNI
[00:45:28] [59/459] SNNI
[00:45:29] [60/459] LALC
[00:45:30] [61/459] SOCN
[00:45:30] [62/459] JHTP
[00:45:31] [63/459] PITP
[00:45:32] [64/459] CCKW
[00:45:33] [65/459] MCMC
[00:45:34] [66/459] DEES
[00:45:35] [67/459] SABT
[00:45:36] [68/459] VSPP
[00:45:37] [69/459] ABCT
[00:45:37] [70/459] JVTB
[00:45:38] [71/459] VCBD
[00:45:39] [72/459] RMGG
[00:45:40] [73/459] RNMH
[00:45:41] [74/459] SPGL
[00:45:42] [75/459] JTTR
[00:45:44] [76/459] SICS
[00:45:45] [77/459] SRMI
[00:45:45] [78/459] SSIJ
[00:45:46] [79/459] KFMT
[00:45:47] [80/459] VBIT
[00:45:48] [81/459] JKCT
[00:45:49] [82/459] GCGP
[00:45:50] [83/459] GDCS
[00:45:51] [84/459] TRBA
[00:45:52] [85/459] QUST
[00:45:53] [86/459] VSHM
[00:45:54] [87/459] SDCP
[00:45:54] [88/459] SNVS
[00:45:55] [89/459] NYTO
[00:45:56] [90/459] URWC
[00:45:57] [91/459] GTWH
[00:45:58] [92/459] PFCM
[00:46:00] [93/459] KRTA
[00:46:00] [94/459] AXMC
[00:46:01] [95/459] EVMC
[00:46:02] [96/459] HGSM
[00:46:03] [97/459] ACVM
[00:46:04] [98/459] PSKL
[00:46:04] [99/459] RDMP
[00:46:05] [100/459] RHGH
[00:46:06] [101/459] OMCM
[00:46:07] [102/459] DCCP
[00:46:08] [103/459] MCPB
[00:46:08] [104/459] ALCI
[00:46:09] [105/459] BLMX
[00:46:10] [106/459] BTMV
[00:46:11] [107/459] FVPN
[00:46:12] [108/459] CMAR
[00:46:13] [109/459] CEIM
[00:46:14] [110/459] CMVA
[00:46:15] [111/459] CPIV
[00:46:16] [112/459] CNPE
[00:46:16] [113/459] COLV
[00:46:17] [114/459] DNNV
[00:46:18] [115/459] HCAD
[00:46:19] [116/459] TAKA
[00:46:20] [117/459] INVD
[00:46:21] [118/459] IRMM
[00:46:21] [119/459] INSE
[00:46:22] [120/459] MRSW
[00:46:23] [121/459] MCVD
[00:46:24] [122/459] MCSO
[00:46:25] [123/459] PEVM
[00:46:26] [124/459] PVNL
[00:46:27] [125/459] PTCV
[00:46:28] [126/459] PRTC
[00:46:28] [127/459] RCVA
[00:46:29] [128/459] MTBN
[00:46:30] [129/459] LUCP
[00:46:32] [130/459] FMPT
[00:46:33] [131/459] JLSL
[00:46:34] [132/459] SBHA
[00:46:35] [133/459] SHRC
[00:46:36] [134/459] AVPS
[00:46:37] [135/459] STPM
[00:46:37] [136/459] ATRD
[00:46:38] [137/459] VTED
[00:46:39] [138/459] ACAI
[00:46:40] [139/459] SMAE
[00:46:41] [140/459] VMAT
[00:46:42] [141/459] LKCT
[00:46:43] [142/459] JTVK
[00:46:44] [143/459] PRTY
[00:46:45] [144/459] GETT
[00:46:46] [145/459] ESAP
[00:46:46] [146/459] NCPM
[00:46:47] [147/459] PCPA
[00:46:48] [148/459] MMOM
[00:46:49] [149/459] PHUP
[00:46:50] [150/459] CCPI
[00:46:51] [151/459] CNTD
[00:46:51] [152/459] NLJR
[00:46:52] [153/459] SRNG
[00:46:53] [154/459] MHAL
[00:46:54] [155/459] PNSM
[00:46:55] [156/459] DRMY
[00:46:55] [157/459] CCMU
[00:46:56] [158/459] SCMY
[00:46:57] [159/459] PVSY
[00:46:58] [160/459] SDLM
[00:46:59] [161/459] ICCM
[00:47:00] [162/459] PYSU
[00:47:01] [163/459] GATM
[00:47:02] [164/459] WOTM
[00:47:03] [165/459] RKTS
[00:47:04] [166/459] PMTY
[00:47:05] [167/459] LYMS
[00:47:06] [168/459] TGCA
[00:47:07] [169/459] DSTA
[00:47:07] [170/459] CNGE
[00:47:08] [171/459] VSTG
[00:47:09] [172/459] GTCK
[00:47:10] [173/459] TGNT
[00:47:10] [174/459] ASLC
[00:47:11] [175/459] SSST
[00:47:12] [176/459] KBTT
[00:47:13] [177/459] HKCP
[00:47:15] [178/459] SWLC
[00:47:16] [179/459] RTND
[00:47:17] [180/459] PKKT
[00:47:17] [181/459] HSTK
[00:47:18] [182/459] SPTT
[00:47:19] [183/459] IMPM
[00:47:20] [184/459] SCMV
[00:47:21] [185/459] SPCT
[00:47:22] [186/459] JBCA
[00:47:23] [187/459] ATTR
[00:47:24] [188/459] SPMT
[00:47:24] [189/459] LCTM
[00:47:25] [190/459] SCVL
[00:47:26] [191/459] SCVT
[00:47:26] [192/459] KRIC
[00:47:27] [193/459] CTMG
[00:47:28] [194/459] ACNC
[00:47:29] [195/459] DMCK
[00:47:30] [196/459] KMTV
[00:47:30] [197/459] PFCJ
[00:47:31] [198/459] VNMD
[00:47:32] [199/459] VPCZ
[00:47:33] [200/459] SRYR
[00:47:34] [201/459] SYTR
[00:47:35] [202/459] GATR
[00:47:35] [203/459] URTR
[00:47:36] [204/459] MKSM
[00:47:37] [205/459] VSMH
[00:47:38] [206/459] SKRJ
[00:47:39] [207/459] SSJR
[00:47:40] [208/459] SVSM
[00:47:41] [209/459] RUCM
[00:47:42] [210/459] PRKN
[00:47:42] [211/459] RROH
[00:47:43] [212/459] SCTN
[00:47:44] [213/459] RTDM
[00:47:45] [214/459] ASRM
[00:47:46] [215/459] SKMD
[00:47:47] [216/459] SUTD
[00:47:48] [217/459] SADM
[00:47:49] [218/459] WCNR
[00:47:49] [219/459] CNED
[00:47:50] [220/459] MPDB
[00:47:51] [221/459] KTBH
[00:47:52] [222/459] IDRM
[00:47:53] [223/459] PJJT
[00:47:54] [224/459] PFCV
[00:47:55] [225/459] AACT
[00:47:56] [226/459] AAAD
[00:47:57] [227/459] ANES
[00:47:58] [228/459] MNCA
[00:47:59] [229/459] RMGU
[00:48:00] [230/459] DLCN
[00:48:01] [231/459] LJWT
[00:48:02] [232/459] MCBG
[00:48:03] [233/459] MYBG
[00:48:04] [234/459] GCCA
[00:48:05] [235/459] GCGA
[00:48:06] [236/459] ECGN
[00:48:07] [237/459] PRAB
[00:48:07] [238/459] PNMP
[00:48:08] [239/459] GCPT
[00:48:09] [240/459] ROYN
[00:48:10] [241/459] VATM
[00:48:10] [242/459] KSNT
[00:48:11] [243/459] ACTC
[00:48:13] [244/459] PLTD
[00:48:13] [245/459] SKMK
[00:48:14] [246/459] CMTT
[00:48:15] [247/459] SMXP
[00:48:16] [248/459] SCMX
[00:48:17] [249/459] ACXN
[00:48:17] [250/459] ASWT
[00:48:18] [251/459] VVVL
[00:48:19] [252/459] NAGO
[00:48:20] [253/459] SNCN
[00:48:21] [254/459] MCKP
[00:48:21] [255/459] SAMO
[00:48:22] [256/459] JBTV
[00:48:24] [257/459] DCVV
[00:48:25] [258/459] KMSV
[00:48:26] [259/459] KDCN
[00:48:28] [260/459] CNCP
[00:48:28] [261/459] HAMC
[00:48:29] [262/459] CCVZ
[00:48:30] [263/459] NCCK
[00:48:32] [264/459] MCHR
[00:48:33] [265/459] SCHT
[00:48:33] [266/459] ESSH
[00:48:34] [267/459] CUJC
[00:48:35] [268/459] PECP
[00:48:36] [269/459] PMMI
[00:48:37] [270/459] PCCH
[00:48:37] [271/459] PRPM
[00:48:38] [272/459] PVKL
[00:48:39] [273/459] CBSM
[00:48:40] [274/459] PVCZ
[00:48:41] [275/459] PCVV
[00:48:41] [276/459] CTMJ
[00:48:42] [277/459] RCPS
[00:48:43] [278/459] PCIT
[00:48:44] [279/459] FNCH
[00:48:45] [280/459] INZD
[00:48:46] [281/459] INPC
[00:48:47] [282/459] LCZP
[00:48:48] [283/459] SMCB
[00:48:49] [284/459] PTSB
[00:48:50] [285/459] TPSI
[00:48:50] [286/459] KHMJ
[00:48:51] [287/459] RCCJ
[00:48:52] [288/459] NCJA
[00:48:53] [289/459] NCJN
[00:48:54] [290/459] BTDP
[00:48:55] [291/459] PADY
[00:48:55] [292/459] NYBH
[00:48:56] [293/459] MTBR
[00:48:57] [294/459] KRBC
[00:48:58] [295/459] DKTI
[00:48:59] [296/459] ANAN
[00:48:59] [297/459] INBP
[00:49:00] [298/459] PATB
[00:49:01] [299/459] RGNT
[00:49:02] [300/459] CGPM
[00:49:03] [301/459] INTN
[00:49:04] [302/459] MCMP
[00:49:04] [303/459] ASRG
[00:49:05] [304/459] CXJD
[00:49:06] [305/459] SPCP
[00:49:07] [306/459] CSTP
[00:49:08] [307/459] PKVC
[00:49:09] [308/459] ESCP
[00:49:09] [309/459] CAEP
[00:49:10] [310/459] CCSP
[00:49:11] [311/459] KTPC
[00:49:12] [312/459] DACA
[00:49:13] [313/459] NVKY
[00:49:14] [314/459] PTIN
[00:49:15] [315/459] SCIN
[00:49:15] [316/459] MCTY
[00:49:16] [317/459] PCMX
[00:49:17] [318/459] INIC
[00:49:18] [319/459] MMZM
[00:49:19] [320/459] SSLP
[00:49:19] [321/459] DTDT
[00:49:20] [322/459] FFCX
[00:49:21] [323/459] RCMM
[00:49:22] [324/459] KYID
[00:49:23] [325/459] CSCI
[00:49:24] [326/459] FCMC
[00:49:24] [327/459] MMXI
[00:49:25] [328/459] ASTC
[00:49:26] [329/459] CMRA
[00:49:27] [330/459] DICI
[00:49:28] [331/459] KDIN
[00:49:29] [332/459] PRFI
[00:49:30] [333/459] SVFC
[00:49:30] [334/459] UCPL
[00:49:31] [335/459] COOC
[00:49:33] [336/459] SCAL
[00:49:34] [337/459] SVFF
[00:49:35] [338/459] VCMG
[00:49:36] [339/459] UUCT
[00:49:37] [340/459] GCSE
[00:49:37] [341/459] SUSC
[00:49:38] [342/459] MISC
[00:49:39] [343/459] RMBL
[00:49:40] [344/459] CMXN
[00:49:41] [345/459] PVBK
[00:49:42] [346/459] HHCG
[00:49:43] [347/459] SCAG
[00:49:44] [348/459] CNPR
[00:49:45] [349/459] CSER
[00:49:45] [350/459] HLWD
[00:49:47] [351/459] BOLY
[00:49:48] [352/459] SSPG
[00:49:48] [353/459] MUPX
[00:49:49] [354/459] HAMR
[00:49:50] [355/459] SDNC
[00:49:51] [356/459] RTEN
[00:49:52] [357/459] SDTD
[00:49:53] [358/459] KAWS
[00:49:54] [359/459] CMZX
[00:49:55] [360/459] DCDD
[00:49:56] [361/459] ALSN
[00:49:56] [362/459] IMXS
[00:49:57] [363/459] PVFF
[00:49:58] [364/459] PVOO
[00:49:59] [365/459] CFBS
[00:50:00] [366/459] PVER
[00:50:01] [367/459] PPNX
[00:50:02] [368/459] CNRM
[00:50:03] [369/459] PVWW
[00:50:04] [370/459] INMB
[00:50:05] [371/459] CPJR
[00:50:05] [372/459] INRZ
[00:50:06] [373/459] PMSR
[00:50:08] [374/459] GPGM
[00:50:09] [375/459] PGWB
[00:50:10] [376/459] PMBR
[00:50:11] [377/459] GPAM
[00:50:12] [378/459] INBC
[00:50:12] [379/459] PZVK
[00:50:13] [380/459] CPEB
[00:50:15] [381/459] FMLB
[00:50:16] [382/459] INBG
[00:50:16] [383/459] GPBR
[00:50:17] [384/459] PAAS
[00:50:18] [385/459] VTBR
[00:50:19] [386/459] GPMY
[00:50:20] [387/459] GYBU
[00:50:21] [388/459] INBJ
[00:50:21] [389/459] LKTH
[00:50:22] [390/459] NSBR
[00:50:23] [391/459] PDRD
[00:50:24] [392/459] VRBL
[00:50:25] [393/459] VTGB
[00:50:26] [394/459] VTSK
[00:50:27] [395/459] BKDV
[00:50:28] [396/459] SVTB
[00:50:29] [397/459] MLDT
[00:50:29] [398/459] NRBL
[00:50:30] [399/459] SLTR
[00:50:32] [400/459] VNKA
[00:50:32] [401/459] TDCA
[00:50:33] [402/459] INBM
[00:50:34] [403/459] SSNR
[00:50:35] [404/459] BHAC
[00:50:36] [405/459] SDSD
[00:50:37] [406/459] SAMP
[00:50:38] [407/459] RATK
[00:50:39] [408/459] KCBI
[00:50:40] [409/459] URBL
[00:50:41] [410/459] MKBG
[00:50:42] [411/459] ASTB
[00:50:43] [412/459] VBWT
[00:50:44] [413/459] GPSM
[00:50:45] [414/459] ROON
[00:50:46] [415/459] CHTH
[00:50:47] [416/459] SSPA
[00:50:47] [417/459] ANBL
[00:50:48] [418/459] VTBE
[00:50:49] [419/459] SVKT
[00:50:50] [420/459] SVYK
[00:50:51] [421/459] PTBK
[00:50:52] [422/459] RKTB
[00:50:53] [423/459] BALT
[00:50:53] [424/459] STSV
[00:50:54] [425/459] VCCB
[00:50:55] [426/459] SLTB
[00:50:56] [427/459] SBCR
[00:50:57] [428/459] VDCS
[00:50:58] [429/459] MDKI
[00:50:59] [430/459] SMRN
[00:51:00] [431/459] PTBC
[00:51:01] [432/459] RADI
[00:51:02] [433/459] ADCR
[00:51:03] [434/459] SDCS
[00:51:04] [435/459] SRPJ
[00:51:05] [436/459] ARTS
[00:51:06] [437/459] SRHK
[00:51:06] [438/459] SPAY
[00:51:07] [439/459] GPTB
[00:51:08] [440/459] SNNN
[00:51:09] [441/459] BALJ
[00:51:10] [442/459] TRIG
[00:51:11] [443/459] GTYT
[00:51:11] [444/459] ATGN
[00:51:12] [445/459] ANTE
[00:51:13] [446/459] BDCG
[00:51:14] [447/459] VECI
[00:51:15] [448/459] SCPR
[00:51:15] [449/459] RTEA
[00:51:16] [450/459] JSAI
[00:51:17] [451/459] VJTP
[00:51:18] [452/459] GNDS
[00:51:19] [453/459] PAXA
[00:51:20] [454/459] CGGM
[00:51:21] [455/459] ACKZ
[00:51:21] [456/459] EMCC
[00:51:22] [457/459] KLSK
[00:51:24] [458/459] AVCK
[00:51:25] [459/459] JTCK
[00:51:25] ✅ DONE | Shows=0 | Movies=0
