[00:46:22] 🚀 BMS DAILY TRACKER STARTED
[00:46:22] [1/459] NECA
[00:46:22] 🧠 New identity
[00:46:23] [2/459] BJLC
[00:46:24] [3/459] BASU
[00:46:24] [4/459] RUPI
[00:46:25] [5/459] LCBK
[00:46:26] [6/459] PMAC
[00:46:27] [7/459] AMLC
[00:46:28] [8/459] LICL
[00:46:29] [9/459] UDMM
[00:46:30] [10/459] STBZ
[00:46:31] [11/459] UUBT
[00:46:32] [12/459] SJKC
[00:46:33] [13/459] TUAL
[00:46:33] [14/459] MRSE
[00:46:34] [15/459] RMRK
[00:46:35] [16/459] TTKP
[00:46:36] [17/459] KTKO
[00:46:37] [18/459] SDBK
[00:46:38] [19/459] MCPR
[00:46:39] [20/459] CHTI
[00:46:41] [21/459] GCCP
[00:46:42] [22/459] SRMY
[00:46:43] [23/459] NYST
[00:46:44] [24/459] NYAG
[00:46:45] [25/459] SBMT
[00:46:46] [26/459] INGA
[00:46:47] [27/459] WSIC
[00:46:48] [28/459] SCSS
[00:46:49] [29/459] COPG
[00:46:50] [30/459] RCGR
[00:46:51] [31/459] TCZA
[00:46:52] [32/459] CNLP
[00:46:53] [33/459] CLKN
[00:46:54] [34/459] LHDF
[00:46:55] [35/459] ELKC
[00:46:56] [36/459] VCEM
[00:46:57] [37/459] SSZA
[00:46:58] [38/459] KRMT
[00:46:58] [39/459] LCMV
[00:46:59] [40/459] AYCZ
[00:47:00] [41/459] CUMS
[00:47:01] [42/459] BOCK
[00:47:02] [43/459] PNMR
[00:47:03] [44/459] PJCP
[00:47:04] [45/459] JDDD
[00:47:05] [46/459] STMS
[00:47:06] [47/459] FLMB
[00:47:06] [48/459] PKCM
[00:47:07] [49/459] SPPR
[00:47:08] [50/459] EYLH
[00:47:10] [51/459] RJCC
[00:47:11] [52/459] MMPS
[00:47:11] [53/459] SHMX
[00:47:12] [54/459] CCNL
[00:47:13] [55/459] RCNV
[00:47:14] [56/459] MAAG
[00:47:15] [57/459] LXCM
[00:47:16] [58/459] RCNI
[00:47:17] [59/459] SNNI
[00:47:18] [60/459] LALC
[00:47:18] [61/459] SOCN
[00:47:19] [62/459] JHTP
[00:47:21] [63/459] PITP
[00:47:21] [64/459] CCKW
[00:47:22] [65/459] MCMC
[00:47:23] [66/459] DEES
[00:47:24] [67/459] SABT
[00:47:25] [68/459] VSPP
[00:47:26] [69/459] ABCT
[00:47:26] [70/459] JVTB
[00:47:27] [71/459] VCBD
[00:47:28] [72/459] RMGG
[00:47:29] [73/459] RNMH
[00:47:30] [74/459] SPGL
[00:47:31] [75/459] JTTR
[00:47:32] [76/459] SICS
[00:47:32] [77/459] SRMI
[00:47:33] [78/459] SSIJ
[00:47:34] [79/459] KFMT
[00:47:36] [80/459] VBIT
[00:47:37] [81/459] JKCT
[00:47:38] [82/459] GCGP
[00:47:38] [83/459] GDCS
[00:47:40] [84/459] TRBA
[00:47:41] [85/459] QUST
[00:47:42] [86/459] VSHM
[00:47:43] [87/459] SDCP
[00:47:44] [88/459] SNVS
[00:47:45] [89/459] NYTO
[00:47:46] [90/459] URWC
[00:47:46] [91/459] GTWH
[00:47:47] [92/459] PFCM
[00:47:48] [93/459] KRTA
[00:47:50] [94/459] AXMC
[00:47:50] [95/459] EVMC
[00:47:51] [96/459] HGSM
[00:47:52] [97/459] ACVM
[00:47:53] [98/459] PSKL
[00:47:54] [99/459] RDMP
[00:47:55] [100/459] RHGH
[00:47:56] [101/459] OMCM
[00:47:57] [102/459] DCCP
[00:47:57] [103/459] MCPB
[00:47:58] [104/459] ALCI
[00:47:59] [105/459] BLMX
[00:48:00] [106/459] BTMV
[00:48:01] [107/459] FVPN
[00:48:01] [108/459] CMAR
[00:48:03] [109/459] CEIM
[00:48:04] [110/459] CMVA
[00:48:05] [111/459] CPIV
[00:48:06] [112/459] CNPE
[00:48:07] [113/459] COLV
[00:48:08] [114/459] DNNV
[00:48:09] [115/459] HCAD
[00:48:10] [116/459] TAKA
[00:48:11] [117/459] INVD
[00:48:13] [118/459] IRMM
[00:48:14] [119/459] INSE
[00:48:14] [120/459] MRSW
[00:48:15] [121/459] MCVD
[00:48:16] [122/459] MCSO
[00:48:17] [123/459] PEVM
[00:48:18] [124/459] PVNL
[00:48:18] [125/459] PTCV
[00:48:20] [126/459] PRTC
[00:48:20] [127/459] RCVA
[00:48:21] [128/459] MTBN
[00:48:22] [129/459] LUCP
[00:48:23] [130/459] FMPT
[00:48:24] [131/459] JLSL
[00:48:25] [132/459] SBHA
[00:48:27] [133/459] SHRC
[00:48:27] [134/459] AVPS
[00:48:28] [135/459] STPM
[00:48:29] [136/459] ATRD
[00:48:30] [137/459] VTED
[00:48:31] [138/459] ACAI
[00:48:33] [139/459] SMAE
[00:48:33] [140/459] VMAT
[00:48:34] [141/459] LKCT
[00:48:35] [142/459] JTVK
[00:48:36] [143/459] PRTY
[00:48:37] [144/459] GETT
[00:48:38] [145/459] ESAP
[00:48:38] [146/459] NCPM
[00:48:39] [147/459] PCPA
[00:48:40] [148/459] MMOM
[00:48:41] [149/459] PHUP
[00:48:42] [150/459] CCPI
[00:48:43] [151/459] CNTD
[00:48:44] [152/459] NLJR
[00:48:45] [153/459] SRNG
[00:48:46] [154/459] MHAL
[00:48:47] [155/459] PNSM
[00:48:48] [156/459] DRMY
[00:48:49] [157/459] CCMU
[00:48:50] [158/459] SCMY
[00:48:51] [159/459] PVSY
[00:48:52] [160/459] SDLM
[00:48:52] [161/459] ICCM
[00:48:53] [162/459] PYSU
[00:48:54] [163/459] GATM
[00:48:55] [164/459] WOTM
[00:48:56] [165/459] RKTS
[00:48:57] [166/459] PMTY
[00:48:58] [167/459] LYMS
[00:48:59] [168/459] TGCA
[00:49:00] [169/459] DSTA
[00:49:00] [170/459] CNGE
[00:49:01] [171/459] VSTG
[00:49:02] [172/459] GTCK
[00:49:03] [173/459] TGNT
[00:49:04] [174/459] ASLC
[00:49:05] [175/459] SSST
[00:49:05] [176/459] KBTT
[00:49:06] [177/459] HKCP
[00:49:07] [178/459] SWLC
[00:49:08] [179/459] RTND
[00:49:09] [180/459] PKKT
[00:49:10] [181/459] HSTK
[00:49:11] [182/459] SPTT
[00:49:12] [183/459] IMPM
[00:49:12] [184/459] SCMV
[00:49:13] [185/459] SPCT
[00:49:14] [186/459] JBCA
[00:49:15] [187/459] ATTR
[00:49:16] [188/459] SPMT
[00:49:17] [189/459] LCTM
[00:49:18] [190/459] SCVL
[00:49:19] [191/459] SCVT
[00:49:20] [192/459] KRIC
[00:49:21] [193/459] CTMG
[00:49:21] [194/459] ACNC
[00:49:23] [195/459] DMCK
[00:49:24] [196/459] KMTV
[00:49:25] [197/459] PFCJ
[00:49:26] [198/459] VNMD
[00:49:27] [199/459] VPCZ
[00:49:27] [200/459] SRYR
[00:49:28] [201/459] SYTR
[00:49:29] [202/459] GATR
[00:49:31] [203/459] URTR
[00:49:31] [204/459] MKSM
[00:49:32] [205/459] VSMH
[00:49:33] [206/459] SKRJ
[00:49:34] [207/459] SSJR
[00:49:35] [208/459] SVSM
[00:49:36] [209/459] RUCM
[00:49:37] [210/459] PRKN
[00:49:38] [211/459] RROH
[00:49:39] [212/459] SCTN
[00:49:40] [213/459] RTDM
[00:49:41] [214/459] ASRM
[00:49:42] [215/459] SKMD
[00:49:43] [216/459] SUTD
[00:49:43] [217/459] SADM
[00:49:44] [218/459] WCNR
[00:49:45] [219/459] CNED
[00:49:46] [220/459] MPDB
[00:49:47] [221/459] KTBH
[00:49:47] [222/459] IDRM
[00:49:48] [223/459] PJJT
[00:49:49] [224/459] PFCV
[00:49:50] [225/459] AACT
[00:49:51] [226/459] AAAD
[00:49:52] [227/459] ANES
[00:49:52] [228/459] MNCA
[00:49:53] [229/459] RMGU
[00:49:54] [230/459] DLCN
[00:49:55] [231/459] LJWT
[00:49:56] [232/459] MCBG
[00:49:56] [233/459] MYBG
[00:49:57] [234/459] GCCA
[00:49:58] [235/459] GCGA
[00:49:59] [236/459] ECGN
[00:50:00] [237/459] PRAB
[00:50:01] [238/459] PNMP
[00:50:01] [239/459] GCPT
[00:50:02] [240/459] ROYN
[00:50:04] [241/459] VATM
[00:50:05] [242/459] KSNT
[00:50:05] [243/459] ACTC
[00:50:06] [244/459] PLTD
[00:50:07] [245/459] SKMK
[00:50:08] [246/459] CMTT
[00:50:09] [247/459] SMXP
[00:50:10] [248/459] SCMX
[00:50:11] [249/459] ACXN
[00:50:12] [250/459] ASWT
[00:50:13] [251/459] VVVL
[00:50:14] [252/459] NAGO
[00:50:15] [253/459] SNCN
[00:50:16] [254/459] MCKP
[00:50:17] [255/459] SAMO
[00:50:18] [256/459] JBTV
[00:50:19] [257/459] DCVV
[00:50:20] [258/459] KMSV
[00:50:21] [259/459] KDCN
[00:50:22] [260/459] CNCP
[00:50:22] [261/459] HAMC
[00:50:23] [262/459] CCVZ
[00:50:24] [263/459] NCCK
[00:50:25] [264/459] MCHR
[00:50:26] [265/459] SCHT
[00:50:27] [266/459] ESSH
[00:50:28] [267/459] CUJC
[00:50:29] [268/459] PECP
[00:50:30] [269/459] PMMI
[00:50:31] [270/459] PCCH
[00:50:32] [271/459] PRPM
[00:50:33] [272/459] PVKL
[00:50:34] [273/459] CBSM
[00:50:35] [274/459] PVCZ
[00:50:35] [275/459] PCVV
[00:50:36] [276/459] CTMJ
[00:50:37] [277/459] RCPS
[00:50:38] [278/459] PCIT
[00:50:39] [279/459] FNCH
[00:50:39] [280/459] INZD
[00:50:40] [281/459] INPC
[00:50:41] [282/459] LCZP
[00:50:42] [283/459] SMCB
[00:50:43] [284/459] PTSB
[00:50:44] [285/459] TPSI
[00:50:45] [286/459] KHMJ
[00:50:45] [287/459] RCCJ
[00:50:46] [288/459] NCJA
[00:50:47] [289/459] NCJN
[00:50:48] [290/459] BTDP
[00:50:49] [291/459] PADY
[00:50:49] [292/459] NYBH
[00:50:50] [293/459] MTBR
[00:50:51] [294/459] KRBC
[00:50:52] [295/459] DKTI
[00:50:53] [296/459] ANAN
[00:50:54] [297/459] INBP
[00:50:55] [298/459] PATB
[00:50:55] [299/459] RGNT
[00:50:56] [300/459] CGPM
[00:50:58] [301/459] INTN
[00:50:58] [302/459] MCMP
[00:50:59] [303/459] ASRG
[00:51:00] [304/459] CXJD
[00:51:01] [305/459] SPCP
[00:51:02] [306/459] CSTP
[00:51:03] [307/459] PKVC
[00:51:04] [308/459] ESCP
[00:51:05] [309/459] CAEP
[00:51:06] [310/459] CCSP
[00:51:07] [311/459] KTPC
[00:51:08] [312/459] DACA
[00:51:09] [313/459] NVKY
[00:51:10] [314/459] PTIN
[00:51:11] [315/459] SCIN
[00:51:11] [316/459] MCTY
[00:51:12] [317/459] PCMX
[00:51:13] [318/459] INIC
[00:51:14] [319/459] MMZM
[00:51:15] [320/459] SSLP
[00:51:16] [321/459] DTDT
[00:51:17] [322/459] FFCX
[00:51:17] [323/459] RCMM
[00:51:19] [324/459] KYID
[00:51:20] [325/459] CSCI
[00:51:21] [326/459] FCMC
[00:51:21] [327/459] MMXI
[00:51:22] [328/459] ASTC
[00:51:23] [329/459] CMRA
[00:51:24] [330/459] DICI
[00:51:25] [331/459] KDIN
[00:51:27] [332/459] PRFI
[00:51:27] [333/459] SVFC
[00:51:28] [334/459] UCPL
[00:51:29] [335/459] COOC
[00:51:30] [336/459] SCAL
[00:51:31] [337/459] SVFF
[00:51:32] [338/459] VCMG
[00:51:32] [339/459] UUCT
[00:51:33] [340/459] GCSE
[00:51:34] [341/459] SUSC
[00:51:35] [342/459] MISC
[00:51:35] [343/459] RMBL
[00:51:36] [344/459] CMXN
[00:51:37] [345/459] PVBK
[00:51:38] [346/459] HHCG
[00:51:39] [347/459] SCAG
[00:51:40] [348/459] CNPR
[00:51:40] [349/459] CSER
[00:51:41] [350/459] HLWD
[00:51:42] [351/459] BOLY
[00:51:43] [352/459] SSPG
[00:51:44] [353/459] MUPX
[00:51:44] [354/459] HAMR
[00:51:45] [355/459] SDNC
[00:51:46] [356/459] RTEN
[00:51:47] [357/459] SDTD
[00:51:48] [358/459] KAWS
[00:51:49] [359/459] CMZX
[00:51:50] [360/459] DCDD
[00:51:51] [361/459] ALSN
[00:51:51] [362/459] IMXS
[00:51:52] [363/459] PVFF
[00:51:53] [364/459] PVOO
[00:51:54] [365/459] CFBS
[00:51:55] [366/459] PVER
[00:51:55] [367/459] PPNX
[00:51:56] [368/459] CNRM
[00:51:57] [369/459] PVWW
[00:51:58] [370/459] INMB
[00:51:59] [371/459] CPJR
[00:52:00] [372/459] INRZ
[00:52:00] [373/459] PMSR
[00:52:01] [374/459] GPGM
[00:52:02] [375/459] PGWB
[00:52:03] [376/459] PMBR
[00:52:03] [377/459] GPAM
[00:52:04] [378/459] INBC
[00:52:05] [379/459] PZVK
[00:52:06] [380/459] CPEB
[00:52:08] [381/459] FMLB
[00:52:09] [382/459] INBG
[00:52:09] [383/459] GPBR
[00:52:10] [384/459] PAAS
[00:52:11] [385/459] VTBR
[00:52:12] [386/459] GPMY
[00:52:13] [387/459] GYBU
[00:52:13] [388/459] INBJ
[00:52:14] [389/459] LKTH
[00:52:15] [390/459] NSBR
[00:52:16] [391/459] PDRD
[00:52:17] [392/459] VRBL
[00:52:17] [393/459] VTGB
[00:52:18] [394/459] VTSK
[00:52:19] [395/459] BKDV
[00:52:19] [396/459] SVTB
[00:52:20] [397/459] MLDT
[00:52:21] [398/459] NRBL
[00:52:22] [399/459] SLTR
[00:52:22] [400/459] VNKA
[00:52:23] [401/459] TDCA
[00:52:23] [402/459] INBM
[00:52:24] [403/459] SSNR
[00:52:24] [404/459] BHAC
[00:52:25] [405/459] SDSD
[00:52:26] [406/459] SAMP
[00:52:26] [407/459] RATK
[00:52:27] [408/459] KCBI
[00:52:28] [409/459] URBL
[00:52:28] [410/459] MKBG
[00:52:29] [411/459] ASTB
[00:52:29] [412/459] VBWT
[00:52:29] [413/459] GPSM
[00:52:30] [414/459] ROON
[00:52:31] [415/459] CHTH
[00:52:31] [416/459] SSPA
[00:52:32] [417/459] ANBL
[00:52:32] [418/459] VTBE
[00:52:33] [419/459] SVKT
[00:52:33] [420/459] SVYK
[00:52:34] [421/459] PTBK
[00:52:34] [422/459] RKTB
[00:52:35] [423/459] BALT
[00:52:35] [424/459] STSV
[00:52:36] [425/459] VCCB
[00:52:37] [426/459] SLTB
[00:52:37] [427/459] SBCR
[00:52:38] [428/459] VDCS
[00:52:38] [429/459] MDKI
[00:52:39] [430/459] SMRN
[00:52:39] [431/459] PTBC
[00:52:40] [432/459] RADI
[00:52:41] [433/459] ADCR
[00:52:41] [434/459] SDCS
[00:52:42] [435/459] SRPJ
[00:52:42] [436/459] ARTS
[00:52:43] [437/459] SRHK
[00:52:43] [438/459] SPAY
[00:52:44] [439/459] GPTB
[00:52:44] [440/459] SNNN
[00:52:45] [441/459] BALJ
[00:52:45] [442/459] TRIG
[00:52:46] [443/459] GTYT
[00:52:46] [444/459] ATGN
[00:52:47] [445/459] ANTE
[00:52:47] [446/459] BDCG
[00:52:48] [447/459] VECI
[00:52:49] [448/459] SCPR
[00:52:49] [449/459] RTEA
[00:52:50] [450/459] JSAI
[00:52:50] [451/459] VJTP
[00:52:51] [452/459] GNDS
[00:52:52] [453/459] PAXA
[00:52:52] [454/459] CGGM
[00:52:53] [455/459] ACKZ
[00:52:54] [456/459] EMCC
[00:52:54] [457/459] KLSK
[00:52:55] [458/459] AVCK
[00:52:56] [459/459] JTCK
[00:52:56] ✅ DONE | Shows=0 | Movies=0
