[00:46:22] 🚀 BMS DAILY TRACKER STARTED
[00:46:22] [1/324] GCTA
[00:46:22] 🧠 New identity
[00:46:23] [2/324] TOPN
[00:46:24] [3/324] MCUS
[00:46:25] [4/324] SHRL
[00:46:26] [5/324] UPTP
[00:46:27] [6/324] TMMP
[00:46:28] [7/324] DNRP
[00:46:29] [8/324] SRLT
[00:46:30] [9/324] RCNS
[00:46:31] [10/324] DCBH
[00:46:33] [11/324] NAGJ
[00:46:34] [12/324] JVRC
[00:46:35] [13/324] KRJG
[00:46:37] [14/324] SRTJ
[00:46:38] [15/324] CMXM
[00:46:39] [16/324] STMI
[00:46:39] [17/324] SLST
[00:46:40] [18/324] DTCN
[00:46:41] [19/324] STYN
[00:46:42] [20/324] SZVR
[00:46:43] [21/324] SRKO
[00:46:43] [22/324] JTGT
[00:46:44] [23/324] SVFD
[00:46:45] [24/324] SISD
[00:46:46] [25/324] ABDD
[00:46:47] [26/324] DRCA
[00:46:47] [27/324] AVCS
[00:46:48] [28/324] MVKH
[00:46:49] [29/324] ACPR
[00:46:49] [30/324] STIP
[00:46:50] [31/324] MTRA
[00:46:50] [32/324] RMKH
[00:46:51] [33/324] NKRL
[00:46:51] [34/324] PCWN
[00:46:52] [35/324] BLMT
[00:46:53] [36/324] GDPG
[00:46:54] [37/324] SRMX
[00:46:54] [38/324] JACP
[00:46:55] [39/324] CPSH
[00:46:55] [40/324] MCCD
[00:46:56] [41/324] ECGH
[00:46:56] [42/324] MKCK
[00:46:57] [43/324] SRMM
[00:46:58] [44/324] SKYR
[00:46:58] [45/324] PCKC
[00:46:59] [46/324] JCMA
[00:46:59] [47/324] BSMP
[00:47:00] [48/324] VSPA
[00:47:00] [49/324] DJYA
[00:47:01] [50/324] DIMP
[00:47:01] [51/324] FXDR
[00:47:02] [52/324] SSRC
[00:47:02] [53/324] STHP
[00:47:03] [54/324] CPPD
[00:47:04] [55/324] FCLK
[00:47:04] [56/324] SCPP
[00:47:05] [57/324] DCMJ
[00:47:05] [58/324] RCCR
[00:47:06] [59/324] INMT
[00:47:06] [60/324] LXTK
[00:47:07] [61/324] SRYK
[00:47:08] [62/324] SGDK
[00:47:09] [63/324] PPKA
[00:47:09] [64/324] SPKA
[00:47:10] [65/324] CGHH
[00:47:10] [66/324] DCJN
[00:47:11] [67/324] SRKV
[00:47:12] [68/324] SAJC
[00:47:12] [69/324] SUSR
[00:47:13] [70/324] STYG
[00:47:13] [71/324] NTKP
[00:47:14] [72/324] AKTG
[00:47:14] [73/324] CGCM
[00:47:15] [74/324] TULC
[00:47:15] [75/324] NYYZ
[00:47:16] [76/324] NYBW
[00:47:17] [77/324] MACB
[00:47:17] [78/324] SLVT
[00:47:18] [79/324] SANA
[00:47:18] [80/324] ACMR
[00:47:19] [81/324] CPKN
[00:47:20] [82/324] DLGK
[00:47:20] [83/324] CWCK
[00:47:21] [84/324] FDDH
[00:47:22] [85/324] MMMD
[00:47:22] [86/324] CMEH
[00:47:23] [87/324] GGGV
[00:47:23] [88/324] SPJL
[00:47:24] [89/324] RCCD
[00:47:25] [90/324] STTZ
[00:47:25] [91/324] BTCF
[00:47:26] [92/324] TSTZ
[00:47:26] [93/324] IPMM
[00:47:27] [94/324] PMPW
[00:47:28] [95/324] PCMZ
[00:47:28] [96/324] ESEM
[00:47:29] [97/324] PIPO
[00:47:29] [98/324] MATK
[00:47:30] [99/324] PGHM
[00:47:30] [100/324] CTSR
[00:47:31] [101/324] CYKR
[00:47:32] [102/324] MSCM
[00:47:32] [103/324] RFNP
[00:47:33] [104/324] PDCP
[00:47:34] [105/324] NPSE
[00:47:34] [106/324] MKML
[00:47:35] [107/324] FTDP
[00:47:35] [108/324] MMXA
[00:47:36] [109/324] CEPO
[00:47:37] [110/324] CMVP
[00:47:37] [111/324] SGTH
[00:47:38] [112/324] SAYN
[00:47:38] [113/324] URVS
[00:47:39] [114/324] VJTN
[00:47:40] [115/324] BBYK
[00:47:40] [116/324] SHBO
[00:47:41] [117/324] VCMR
[00:47:41] [118/324] MACT
[00:47:42] [119/324] JMNP
[00:47:43] [120/324] VICS
[00:47:43] [121/324] VCDA
[00:47:44] [122/324] GCMM
[00:47:44] [123/324] INVS
[00:47:45] [124/324] SCGM
[00:47:46] [125/324] PCDA
[00:47:46] [126/324] KDCT
[00:47:47] [127/324] JACS
[00:47:47] [128/324] GMMC
[00:47:48] [129/324] AICM
[00:47:48] [130/324] TJCM
[00:47:49] [131/324] RMTI
[00:47:50] [132/324] SHAC
[00:47:50] [133/324] APJC
[00:47:51] [134/324] GCTG
[00:47:51] [135/324] SSMC
[00:47:52] [136/324] THRM
[00:47:52] [137/324] RBCT
[00:47:53] [138/324] DIKT
[00:47:54] [139/324] MIDL
[00:47:54] [140/324] VCSN
[00:47:55] [141/324] SKTG
[00:47:55] [142/324] SMWC
[00:47:56] [143/324] MNKH
[00:47:57] [144/324] PIAT
[00:47:57] [145/324] LTTP
[00:47:58] [146/324] PTPU
[00:47:58] [147/324] ACMG
[00:47:59] [148/324] SHMM
[00:47:59] [149/324] MCMN
[00:48:00] [150/324] GLDC
[00:48:01] [151/324] HOUT
[00:48:01] [152/324] SVRP
[00:48:02] [153/324] PVDN
[00:48:03] [154/324] SCPY
[00:48:03] [155/324] DTPY
[00:48:04] [156/324] GKCS
[00:48:04] [157/324] NCAM
[00:48:05] [158/324] BSRM
[00:48:06] [159/324] RCLC
[00:48:06] [160/324] SKKD
[00:48:07] [161/324] ACHU
[00:48:07] [162/324] RSCF
[00:48:08] [163/324] IMSH
[00:48:09] [164/324] MACX
[00:48:09] [165/324] HMMW
[00:48:10] [166/324] JTCP
[00:48:11] [167/324] SREN
[00:48:11] [168/324] PJRR
[00:48:12] [169/324] INAC
[00:48:13] [170/324] BMCA
[00:48:13] [171/324] SHCB
[00:48:14] [172/324] GABA
[00:48:14] [173/324] SBCT
[00:48:15] [174/324] GCMA
[00:48:16] [175/324] MYTK
[00:48:16] [176/324] INZS
[00:48:17] [177/324] RMIK
[00:48:18] [178/324] NYCH
[00:48:18] [179/324] RAVE
[00:48:19] [180/324] PSXM
[00:48:19] [181/324] MCGP
[00:48:20] [182/324] PDDK
[00:48:20] [183/324] SPCK
[00:48:21] [184/324] MCRL
[00:48:21] [185/324] MHKT
[00:48:22] [186/324] ANRR
[00:48:23] [187/324] SAPK
[00:48:23] [188/324] NCUK
[00:48:24] [189/324] JUGA
[00:48:24] [190/324] DBSC
[00:48:25] [191/324] LALK
[00:48:26] [192/324] GUCK
[00:48:26] [193/324] STSG
[00:48:27] [194/324] PPPZ
[00:48:27] [195/324] CNCY
[00:48:28] [196/324] MTAR
[00:48:28] [197/324] VNKD
[00:48:29] [198/324] KMAJ
[00:48:29] [199/324] ACXK
[00:48:30] [200/324] UTKC
[00:48:31] [201/324] PBLK
[00:48:31] [202/324] ACBX
[00:48:32] [203/324] PTGM
[00:48:33] [204/324] BTDA
[00:48:33] [205/324] PJMB
[00:48:34] [206/324] TPDA
[00:48:34] [207/324] AMOE
[00:48:35] [208/324] PRHT
[00:48:35] [209/324] PRTA
[00:48:36] [210/324] STAM
[00:48:37] [211/324] MSAA
[00:48:37] [212/324] SDLU
[00:48:38] [213/324] RCHH
[00:48:38] [214/324] KANT
[00:48:39] [215/324] FCRT
[00:48:39] [216/324] DNKM
[00:48:40] [217/324] RYCP
[00:48:41] [218/324] MYRP
[00:48:41] [219/324] PPAK
[00:48:42] [220/324] NVPK
[00:48:43] [221/324] PRMC
[00:48:43] [222/324] JBCS
[00:48:44] [223/324] GXCK
[00:48:44] [224/324] USKO
[00:48:45] [225/324] GTEM
[00:48:45] [226/324] SMBU
[00:48:46] [227/324] VETC
[00:48:47] [228/324] LCDA
[00:48:47] [229/324] MTVT
[00:48:48] [230/324] PYCP
[00:48:48] [231/324] PNSC
[00:48:49] [232/324] PPCC
[00:48:50] [233/324] TGRT
[00:48:50] [234/324] JYOT
[00:48:51] [235/324] SRCZ
[00:48:51] [236/324] SJTE
[00:48:52] [237/324] DESC
[00:48:53] [238/324] JHVN
[00:48:53] [239/324] IPSG
[00:48:54] [240/324] IPCM
[00:48:54] [241/324] PDRS
[00:48:55] [242/324] ANCV
[00:48:56] [243/324] CMVV
[00:48:56] [244/324] SHYP
[00:48:57] [245/324] DNCS
[00:48:58] [246/324] GAJK
[00:48:58] [247/324] AKTN
[00:48:59] [248/324] KAYA
[00:49:00] [249/324] SBRC
[00:49:00] [250/324] CHTP
[00:49:01] [251/324] SHRT
[00:49:02] [252/324] BCKU
[00:49:02] [253/324] FCPS
[00:49:03] [254/324] ARDD
[00:49:04] [255/324] CPCM
[00:49:04] [256/324] CGSM
[00:49:05] [257/324] PSMP
[00:49:06] [258/324] SDAL
[00:49:06] [259/324] RTNB
[00:49:07] [260/324] LMCR
[00:49:08] [261/324] CIMA
[00:49:08] [262/324] RNAS
[00:49:09] [263/324] LITH
[00:49:09] [264/324] PBOX
[00:49:10] [265/324] FRTS
[00:49:11] [266/324] RKIC
[00:49:11] [267/324] PTAI
[00:49:12] [268/324] GCIC
[00:49:13] [269/324] FNAS
[00:49:13] [270/324] SCAR
[00:49:14] [271/324] MTCA
[00:49:14] [272/324] SCTS
[00:49:15] [273/324] SYCS
[00:49:15] [274/324] RDMS
[00:49:16] [275/324] KAMP
[00:49:16] [276/324] ERSD
[00:49:17] [277/324] MJMJ
[00:49:18] [278/324] SRCJ
[00:49:18] [279/324] SCXE
[00:49:19] [280/324] SVFR
[00:49:20] [281/324] BHCS
[00:49:20] [282/324] IMCC
[00:49:21] [283/324] PCBO
[00:49:21] [284/324] PRVN
[00:49:22] [285/324] AUPM
[00:49:22] [286/324] INBW
[00:49:23] [287/324] SVCW
[00:49:23] [288/324] RKCF
[00:49:24] [289/324] UVBH
[00:49:24] [290/324] DNCY
[00:49:25] [291/324] ABCN
[00:49:26] [292/324] PRUR
[00:49:26] [293/324] PFMR
[00:49:27] [294/324] RKCN
[00:49:27] [295/324] CFEA
[00:49:28] [296/324] SDBG
[00:49:28] [297/324] SNAR
[00:49:29] [298/324] YISI
[00:49:30] [299/324] JCFF
[00:49:30] [300/324] VTRK
[00:49:31] [301/324] PCLZ
[00:49:31] [302/324] DIMY
[00:49:32] [303/324] BBTS
[00:49:33] [304/324] GATH
[00:49:33] [305/324] GTMN
[00:49:34] [306/324] VTMH
[00:49:35] [307/324] CCKP
[00:49:35] [308/324] GPKA
[00:49:36] [309/324] MHCL
[00:49:36] [310/324] ATCL
[00:49:37] [311/324] SBCK
[00:49:37] [312/324] AMMR
[00:49:38] [313/324] MADC
[00:49:39] [314/324] TMMA
[00:49:39] [315/324] CACC
[00:49:40] [316/324] CHAL
[00:49:41] [317/324] DURG
[00:49:41] [318/324] GMKU
[00:49:42] [319/324] GECA
[00:49:42] [320/324] KYRR
[00:49:43] [321/324] KSDE
[00:49:43] [322/324] LMCI
[00:49:44] [323/324] NKCP
[00:49:45] [324/324] BGTC
[00:49:45] ✅ DONE | Shows=0 | Movies=0
[01:52:23] 🚀 BMS DAILY TRACKER STARTED
[01:52:23] [1/324] GCTA
[01:52:23] 🧠 New identity
[01:52:24] [2/324] TOPN
[01:52:24] [3/324] MCUS
[01:52:25] [4/324] SHRL
[01:52:25] [5/324] UPTP
[01:52:26] [6/324] TMMP
[01:52:27] [7/324] DNRP
[01:52:27] [8/324] SRLT
[01:52:28] [9/324] RCNS
[01:52:29] [10/324] DCBH
[01:52:29] [11/324] NAGJ
[01:52:30] [12/324] JVRC
[01:52:30] [13/324] KRJG
[01:52:31] [14/324] SRTJ
[01:52:32] [15/324] CMXM
[01:52:33] [16/324] STMI
[01:52:33] [17/324] SLST
[01:52:34] [18/324] DTCN
[01:52:34] [19/324] STYN
[01:52:35] [20/324] SZVR
[01:52:35] [21/324] SRKO
[01:52:36] [22/324] JTGT
[01:52:36] [23/324] SVFD
[01:52:37] [24/324] SISD
[01:52:38] [25/324] ABDD
[01:52:38] [26/324] DRCA
[01:52:39] [27/324] AVCS
[01:52:39] [28/324] MVKH
[01:52:40] [29/324] ACPR
[01:52:40] [30/324] STIP
[01:52:41] [31/324] MTRA
[01:52:41] [32/324] RMKH
[01:52:42] [33/324] NKRL
[01:52:43] [34/324] PCWN
[01:52:43] [35/324] BLMT
[01:52:44] [36/324] GDPG
[01:52:45] [37/324] SRMX
[01:52:45] [38/324] JACP
[01:52:46] [39/324] CPSH
[01:52:46] [40/324] MCCD
[01:52:47] [41/324] ECGH
[01:52:48] [42/324] MKCK
[01:52:48] [43/324] SRMM
[01:52:49] [44/324] SKYR
[01:52:50] [45/324] PCKC
[01:52:50] [46/324] JCMA
[01:52:51] [47/324] BSMP
[01:52:51] [48/324] VSPA
[01:52:52] [49/324] DJYA
[01:52:52] [50/324] DIMP
[01:52:53] [51/324] FXDR
[01:52:54] [52/324] SSRC
[01:52:54] [53/324] STHP
[01:52:55] [54/324] CPPD
[01:52:55] [55/324] FCLK
[01:52:56] [56/324] SCPP
[01:52:57] [57/324] DCMJ
[01:52:57] [58/324] RCCR
[01:52:58] [59/324] INMT
[01:52:58] [60/324] LXTK
[01:52:59] [61/324] SRYK
[01:53:00] [62/324] SGDK
[01:53:00] [63/324] PPKA
[01:53:01] [64/324] SPKA
[01:53:01] [65/324] CGHH
[01:53:02] [66/324] DCJN
[01:53:02] [67/324] SRKV
[01:53:03] [68/324] SAJC
[01:53:04] [69/324] SUSR
[01:53:04] [70/324] STYG
[01:53:05] [71/324] NTKP
[01:53:05] [72/324] AKTG
[01:53:06] [73/324] CGCM
[01:53:06] [74/324] TULC
[01:53:07] [75/324] NYYZ
[01:53:07] [76/324] NYBW
[01:53:08] [77/324] MACB
[01:53:08] [78/324] SLVT
[01:53:09] [79/324] SANA
[01:53:09] [80/324] ACMR
[01:53:10] [81/324] CPKN
[01:53:11] [82/324] DLGK
[01:53:11] [83/324] CWCK
[01:53:12] [84/324] FDDH
[01:53:12] [85/324] MMMD
[01:53:13] [86/324] CMEH
[01:53:14] [87/324] GGGV
[01:53:14] [88/324] SPJL
[01:53:15] [89/324] RCCD
[01:53:16] [90/324] STTZ
[01:53:16] [91/324] BTCF
[01:53:16] [92/324] TSTZ
[01:53:17] [93/324] IPMM
[01:53:18] [94/324] PMPW
[01:53:18] [95/324] PCMZ
[01:53:18] [96/324] ESEM
[01:53:19] [97/324] PIPO
[01:53:20] [98/324] MATK
[01:53:20] [99/324] PGHM
[01:53:21] [100/324] CTSR
[01:53:21] [101/324] CYKR
[01:53:22] [102/324] MSCM
[01:53:22] [103/324] RFNP
[01:53:23] [104/324] PDCP
[01:53:23] [105/324] NPSE
[01:53:24] [106/324] MKML
[01:53:24] [107/324] FTDP
[01:53:25] [108/324] MMXA
[01:53:25] [109/324] CEPO
[01:53:26] [110/324] CMVP
[01:53:27] [111/324] SGTH
[01:53:27] [112/324] SAYN
[01:53:28] [113/324] URVS
[01:53:28] [114/324] VJTN
[01:53:29] [115/324] BBYK
[01:53:30] [116/324] SHBO
[01:53:30] [117/324] VCMR
[01:53:31] [118/324] MACT
[01:53:32] [119/324] JMNP
[01:53:32] [120/324] VICS
[01:53:33] [121/324] VCDA
[01:53:33] [122/324] GCMM
[01:53:34] [123/324] INVS
[01:53:35] [124/324] SCGM
[01:53:36] [125/324] PCDA
[01:53:36] [126/324] KDCT
[01:53:37] [127/324] JACS
[01:53:38] [128/324] GMMC
[01:53:38] [129/324] AICM
[01:53:39] [130/324] TJCM
[01:53:39] [131/324] RMTI
[01:53:40] [132/324] SHAC
[01:53:40] [133/324] APJC
[01:53:41] [134/324] GCTG
[01:53:41] [135/324] SSMC
[01:53:42] [136/324] THRM
[01:53:43] [137/324] RBCT
[01:53:43] [138/324] DIKT
[01:53:44] [139/324] MIDL
[01:53:45] [140/324] VCSN
[01:53:45] [141/324] SKTG
[01:53:46] [142/324] SMWC
[01:53:47] [143/324] MNKH
[01:53:47] [144/324] PIAT
[01:53:48] [145/324] LTTP
[01:53:48] [146/324] PTPU
[01:53:49] [147/324] ACMG
[01:53:50] [148/324] SHMM
[01:53:50] [149/324] MCMN
[01:53:51] [150/324] GLDC
[01:53:51] [151/324] HOUT
[01:53:52] [152/324] SVRP
[01:53:52] [153/324] PVDN
[01:53:53] [154/324] SCPY
[01:53:54] [155/324] DTPY
[01:53:54] [156/324] GKCS
[01:53:55] [157/324] NCAM
[01:53:55] [158/324] BSRM
[01:53:56] [159/324] RCLC
[01:53:56] [160/324] SKKD
[01:53:57] [161/324] ACHU
[01:53:57] [162/324] RSCF
[01:53:58] [163/324] IMSH
[01:53:58] [164/324] MACX
[01:53:59] [165/324] HMMW
[01:54:00] [166/324] JTCP
[01:54:01] [167/324] SREN
[01:54:01] [168/324] PJRR
[01:54:02] [169/324] INAC
[01:54:02] [170/324] BMCA
[01:54:03] [171/324] SHCB
[01:54:04] [172/324] GABA
[01:54:04] [173/324] SBCT
[01:54:04] [174/324] GCMA
[01:54:05] [175/324] MYTK
[01:54:05] [176/324] INZS
[01:54:06] [177/324] RMIK
[01:54:07] [178/324] NYCH
[01:54:07] [179/324] RAVE
[01:54:08] [180/324] PSXM
[01:54:09] [181/324] MCGP
[01:54:09] [182/324] PDDK
[01:54:10] [183/324] SPCK
[01:54:10] [184/324] MCRL
[01:54:11] [185/324] MHKT
[01:54:11] [186/324] ANRR
[01:54:12] [187/324] SAPK
[01:54:12] [188/324] NCUK
[01:54:13] [189/324] JUGA
[01:54:13] [190/324] DBSC
[01:54:14] [191/324] LALK
[01:54:15] [192/324] GUCK
[01:54:15] [193/324] STSG
[01:54:16] [194/324] PPPZ
[01:54:16] [195/324] CNCY
[01:54:17] [196/324] MTAR
[01:54:17] [197/324] VNKD
[01:54:18] [198/324] KMAJ
[01:54:18] [199/324] ACXK
[01:54:19] [200/324] UTKC
[01:54:20] [201/324] PBLK
[01:54:20] [202/324] ACBX
[01:54:21] [203/324] PTGM
[01:54:22] [204/324] BTDA
[01:54:22] [205/324] PJMB
[01:54:23] [206/324] TPDA
[01:54:23] [207/324] AMOE
[01:54:24] [208/324] PRHT
[01:54:24] [209/324] PRTA
[01:54:25] [210/324] STAM
[01:54:26] [211/324] MSAA
[01:54:26] [212/324] SDLU
[01:54:27] [213/324] RCHH
[01:54:28] [214/324] KANT
[01:54:28] [215/324] FCRT
[01:54:29] [216/324] DNKM
[01:54:29] [217/324] RYCP
[01:54:30] [218/324] MYRP
[01:54:30] [219/324] PPAK
[01:54:31] [220/324] NVPK
[01:54:31] [221/324] PRMC
[01:54:32] [222/324] JBCS
[01:54:32] [223/324] GXCK
[01:54:33] [224/324] USKO
[01:54:34] [225/324] GTEM
[01:54:34] [226/324] SMBU
[01:54:35] [227/324] VETC
[01:54:35] [228/324] LCDA
[01:54:36] [229/324] MTVT
[01:54:36] [230/324] PYCP
[01:54:37] [231/324] PNSC
[01:54:38] [232/324] PPCC
[01:54:38] [233/324] TGRT
[01:54:39] [234/324] JYOT
[01:54:40] [235/324] SRCZ
[01:54:41] [236/324] SJTE
[01:54:41] [237/324] DESC
[01:54:42] [238/324] JHVN
[01:54:42] [239/324] IPSG
[01:54:43] [240/324] IPCM
[01:54:43] [241/324] PDRS
[01:54:44] [242/324] ANCV
[01:54:45] [243/324] CMVV
[01:54:46] [244/324] SHYP
[01:54:46] [245/324] DNCS
[01:54:47] [246/324] GAJK
[01:54:47] [247/324] AKTN
[01:54:48] [248/324] KAYA
[01:54:49] [249/324] SBRC
[01:54:49] [250/324] CHTP
[01:54:50] [251/324] SHRT
[01:54:50] [252/324] BCKU
[01:54:51] [253/324] FCPS
[01:54:52] [254/324] ARDD
[01:54:52] [255/324] CPCM
[01:54:53] [256/324] CGSM
[01:54:53] [257/324] PSMP
[01:54:54] [258/324] SDAL
[01:54:54] [259/324] RTNB
[01:54:55] [260/324] LMCR
[01:54:55] [261/324] CIMA
[01:54:56] [262/324] RNAS
[01:54:57] [263/324] LITH
[01:54:57] [264/324] PBOX
[01:54:58] [265/324] FRTS
[01:54:58] [266/324] RKIC
[01:54:59] [267/324] PTAI
[01:55:00] [268/324] GCIC
[01:55:00] [269/324] FNAS
[01:55:01] [270/324] SCAR
[01:55:01] [271/324] MTCA
[01:55:02] [272/324] SCTS
[01:55:02] [273/324] SYCS
[01:55:03] [274/324] RDMS
[01:55:03] [275/324] KAMP
[01:55:04] [276/324] ERSD
[01:55:04] [277/324] MJMJ
[01:55:05] [278/324] SRCJ
[01:55:05] [279/324] SCXE
[01:55:06] [280/324] SVFR
[01:55:07] [281/324] BHCS
[01:55:07] [282/324] IMCC
[01:55:08] [283/324] PCBO
[01:55:08] [284/324] PRVN
[01:55:09] [285/324] AUPM
[01:55:09] [286/324] INBW
[01:55:10] [287/324] SVCW
[01:55:11] [288/324] RKCF
[01:55:11] [289/324] UVBH
[01:55:12] [290/324] DNCY
[01:55:12] [291/324] ABCN
[01:55:13] [292/324] PRUR
[01:55:14] [293/324] PFMR
[01:55:14] [294/324] RKCN
[01:55:15] [295/324] CFEA
[01:55:15] [296/324] SDBG
[01:55:16] [297/324] SNAR
[01:55:17] [298/324] YISI
[01:55:17] [299/324] JCFF
[01:55:18] [300/324] VTRK
[01:55:18] [301/324] PCLZ
[01:55:19] [302/324] DIMY
[01:55:19] [303/324] BBTS
[01:55:20] [304/324] GATH
[01:55:21] [305/324] GTMN
[01:55:21] [306/324] VTMH
[01:55:22] [307/324] CCKP
[01:55:22] [308/324] GPKA
[01:55:23] [309/324] MHCL
[01:55:24] [310/324] ATCL
[01:55:24] [311/324] SBCK
[01:55:25] [312/324] AMMR
[01:55:25] [313/324] MADC
[01:55:26] [314/324] TMMA
[01:55:27] [315/324] CACC
[01:55:27] [316/324] CHAL
[01:55:28] [317/324] DURG
[01:55:29] [318/324] GMKU
[01:55:29] [319/324] GECA
[01:55:30] [320/324] KYRR
[01:55:30] [321/324] KSDE
[01:55:31] [322/324] LMCI
[01:55:31] [323/324] NKCP
[01:55:32] [324/324] BGTC
[01:55:33] ✅ DONE | Shows=0 | Movies=0
[02:52:07] 🚀 BMS DAILY TRACKER STARTED
[02:52:07] [1/324] GCTA
[02:52:07] 🧠 New identity
[02:52:08] [2/324] TOPN
[02:52:09] [3/324] MCUS
[02:52:10] [4/324] SHRL
[02:52:10] [5/324] UPTP
[02:52:11] [6/324] TMMP
[02:52:12] [7/324] DNRP
[02:52:13] [8/324] SRLT
[02:52:13] [9/324] RCNS
[02:52:14] [10/324] DCBH
[02:52:14] [11/324] NAGJ
[02:52:15] [12/324] JVRC
[02:52:16] [13/324] KRJG
[02:52:16] [14/324] SRTJ
[02:52:17] [15/324] CMXM
[02:52:17] [16/324] STMI
[02:52:18] [17/324] SLST
[02:52:18] [18/324] DTCN
[02:52:19] [19/324] STYN
[02:52:20] [20/324] SZVR
[02:52:20] [21/324] SRKO
[02:52:21] [22/324] JTGT
[02:52:21] [23/324] SVFD
[02:52:22] [24/324] SISD
[02:52:22] [25/324] ABDD
[02:52:23] [26/324] DRCA
[02:52:24] [27/324] AVCS
[02:52:24] [28/324] MVKH
[02:52:25] [29/324] ACPR
[02:52:25] [30/324] STIP
[02:52:26] [31/324] MTRA
[02:52:27] [32/324] RMKH
[02:52:27] [33/324] NKRL
[02:52:28] [34/324] PCWN
[02:52:28] [35/324] BLMT
[02:52:29] [36/324] GDPG
[02:52:30] [37/324] SRMX
[02:52:30] [38/324] JACP
[02:52:31] [39/324] CPSH
[02:52:32] [40/324] MCCD
[02:52:32] [41/324] ECGH
[02:52:33] [42/324] MKCK
[02:52:34] [43/324] SRMM
[02:52:34] [44/324] SKYR
[02:52:35] [45/324] PCKC
[02:52:35] [46/324] JCMA
[02:52:36] [47/324] BSMP
[02:52:37] [48/324] VSPA
[02:52:37] [49/324] DJYA
[02:52:38] [50/324] DIMP
[02:52:38] [51/324] FXDR
[02:52:39] [52/324] SSRC
[02:52:40] [53/324] STHP
[02:52:41] [54/324] CPPD
[02:52:41] [55/324] FCLK
[02:52:42] [56/324] SCPP
[02:52:42] [57/324] DCMJ
[02:52:43] [58/324] RCCR
[02:52:44] [59/324] INMT
[02:52:44] [60/324] LXTK
[02:52:45] [61/324] SRYK
[02:52:45] [62/324] SGDK
[02:52:46] [63/324] PPKA
[02:52:47] [64/324] SPKA
[02:52:48] [65/324] CGHH
[02:52:48] [66/324] DCJN
[02:52:49] [67/324] SRKV
[02:52:49] [68/324] SAJC
[02:52:50] [69/324] SUSR
[02:52:51] [70/324] STYG
[02:52:51] [71/324] NTKP
[02:52:52] [72/324] AKTG
[02:52:52] [73/324] CGCM
[02:52:53] [74/324] TULC
[02:52:54] [75/324] NYYZ
[02:52:54] [76/324] NYBW
[02:52:55] [77/324] MACB
[02:52:56] [78/324] SLVT
[02:52:56] [79/324] SANA
[02:52:57] [80/324] ACMR
[02:52:57] [81/324] CPKN
[02:52:58] [82/324] DLGK
[02:52:58] [83/324] CWCK
[02:52:59] [84/324] FDDH
[02:52:59] [85/324] MMMD
[02:53:00] [86/324] CMEH
[02:53:00] [87/324] GGGV
[02:53:01] [88/324] SPJL
[02:53:01] [89/324] RCCD
[02:53:02] [90/324] STTZ
[02:53:03] [91/324] BTCF
[02:53:03] [92/324] TSTZ
[02:53:04] [93/324] IPMM
[02:53:04] [94/324] PMPW
[02:53:05] [95/324] PCMZ
[02:53:05] [96/324] ESEM
[02:53:06] [97/324] PIPO
[02:53:08] [98/324] MATK
[02:53:08] [99/324] PGHM
[02:53:09] [100/324] CTSR
[02:53:10] [101/324] CYKR
[02:53:10] [102/324] MSCM
[02:53:11] [103/324] RFNP
[02:53:12] [104/324] PDCP
[02:53:12] [105/324] NPSE
[02:53:13] [106/324] MKML
[02:53:13] [107/324] FTDP
[02:53:14] [108/324] MMXA
[02:53:14] [109/324] CEPO
[02:53:15] [110/324] CMVP
[02:53:16] [111/324] SGTH
[02:53:16] [112/324] SAYN
[02:53:17] [113/324] URVS
[02:53:17] [114/324] VJTN
[02:53:18] [115/324] BBYK
[02:53:19] [116/324] SHBO
[02:53:19] [117/324] VCMR
[02:53:20] [118/324] MACT
[02:53:21] [119/324] JMNP
[02:53:21] [120/324] VICS
[02:53:22] [121/324] VCDA
[02:53:22] [122/324] GCMM
[02:53:23] [123/324] INVS
[02:53:24] [124/324] SCGM
[02:53:24] [125/324] PCDA
[02:53:25] [126/324] KDCT
[02:53:25] [127/324] JACS
[02:53:26] [128/324] GMMC
[02:53:27] [129/324] AICM
[02:53:27] [130/324] TJCM
[02:53:28] [131/324] RMTI
[02:53:28] [132/324] SHAC
[02:53:29] [133/324] APJC
[02:53:29] [134/324] GCTG
[02:53:30] [135/324] SSMC
[02:53:31] [136/324] THRM
[02:53:31] [137/324] RBCT
[02:53:32] [138/324] DIKT
[02:53:33] [139/324] MIDL
[02:53:33] [140/324] VCSN
[02:53:34] [141/324] SKTG
[02:53:34] [142/324] SMWC
[02:53:35] [143/324] MNKH
[02:53:35] [144/324] PIAT
[02:53:36] [145/324] LTTP
[02:53:37] [146/324] PTPU
[02:53:37] [147/324] ACMG
[02:53:38] [148/324] SHMM
[02:53:38] [149/324] MCMN
[02:53:39] [150/324] GLDC
[02:53:40] [151/324] HOUT
[02:53:40] [152/324] SVRP
[02:53:41] [153/324] PVDN
[02:53:41] [154/324] SCPY
[02:53:42] [155/324] DTPY
[02:53:42] [156/324] GKCS
[02:53:43] [157/324] NCAM
[02:53:44] [158/324] BSRM
[02:53:44] [159/324] RCLC
[02:53:45] [160/324] SKKD
[02:53:46] [161/324] ACHU
[02:53:46] [162/324] RSCF
[02:53:47] [163/324] IMSH
[02:53:47] [164/324] MACX
[02:53:48] [165/324] HMMW
[02:53:49] [166/324] JTCP
[02:53:49] [167/324] SREN
[02:53:50] [168/324] PJRR
[02:53:50] [169/324] INAC
[02:53:51] [170/324] BMCA
[02:53:52] [171/324] SHCB
[02:53:53] [172/324] GABA
[02:53:53] [173/324] SBCT
[02:53:54] [174/324] GCMA
[02:53:54] [175/324] MYTK
[02:53:55] [176/324] INZS
[02:53:55] [177/324] RMIK
[02:53:56] [178/324] NYCH
[02:53:56] [179/324] RAVE
[02:53:57] [180/324] PSXM
[02:53:57] [181/324] MCGP
[02:53:58] [182/324] PDDK
[02:53:59] [183/324] SPCK
[02:53:59] [184/324] MCRL
[02:54:00] [185/324] MHKT
[02:54:00] [186/324] ANRR
[02:54:01] [187/324] SAPK
[02:54:01] [188/324] NCUK
[02:54:02] [189/324] JUGA
[02:54:02] [190/324] DBSC
[02:54:03] [191/324] LALK
[02:54:04] [192/324] GUCK
[02:54:04] [193/324] STSG
[02:54:05] [194/324] PPPZ
[02:54:05] [195/324] CNCY
[02:54:06] [196/324] MTAR
[02:54:07] [197/324] VNKD
[02:54:07] [198/324] KMAJ
[02:54:08] [199/324] ACXK
[02:54:08] [200/324] UTKC
[02:54:09] [201/324] PBLK
[02:54:10] [202/324] ACBX
[02:54:10] [203/324] PTGM
[02:54:11] [204/324] BTDA
[02:54:11] [205/324] PJMB
[02:54:12] [206/324] TPDA
[02:54:12] [207/324] AMOE
[02:54:13] [208/324] PRHT
[02:54:13] [209/324] PRTA
[02:54:14] [210/324] STAM
[02:54:15] [211/324] MSAA
[02:54:15] [212/324] SDLU
[02:54:16] [213/324] RCHH
[02:54:16] [214/324] KANT
[02:54:17] [215/324] FCRT
[02:54:17] [216/324] DNKM
[02:54:18] [217/324] RYCP
[02:54:19] [218/324] MYRP
[02:54:19] [219/324] PPAK
[02:54:20] [220/324] NVPK
[02:54:20] [221/324] PRMC
[02:54:21] [222/324] JBCS
[02:54:21] [223/324] GXCK
[02:54:22] [224/324] USKO
[02:54:23] [225/324] GTEM
[02:54:23] [226/324] SMBU
[02:54:24] [227/324] VETC
[02:54:24] [228/324] LCDA
[02:54:25] [229/324] MTVT
[02:54:25] [230/324] PYCP
[02:54:26] [231/324] PNSC
[02:54:27] [232/324] PPCC
[02:54:28] [233/324] TGRT
[02:54:28] [234/324] JYOT
[02:54:29] [235/324] SRCZ
[02:54:29] [236/324] SJTE
[02:54:30] [237/324] DESC
[02:54:30] [238/324] JHVN
[02:54:31] [239/324] IPSG
[02:54:32] [240/324] IPCM
[02:54:32] [241/324] PDRS
[02:54:33] [242/324] ANCV
[02:54:33] [243/324] CMVV
[02:54:34] [244/324] SHYP
[02:54:35] [245/324] DNCS
[02:54:35] [246/324] GAJK
[02:54:36] [247/324] AKTN
[02:54:36] [248/324] KAYA
[02:54:37] [249/324] SBRC
[02:54:38] [250/324] CHTP
[02:54:38] [251/324] SHRT
[02:54:39] [252/324] BCKU
[02:54:39] [253/324] FCPS
[02:54:40] [254/324] ARDD
[02:54:40] [255/324] CPCM
[02:54:41] [256/324] CGSM
[02:54:42] [257/324] PSMP
[02:54:42] [258/324] SDAL
[02:54:43] [259/324] RTNB
[02:54:43] [260/324] LMCR
[02:54:44] [261/324] CIMA
[02:54:44] [262/324] RNAS
[02:54:45] [263/324] LITH
[02:54:45] [264/324] PBOX
[02:54:46] [265/324] FRTS
[02:54:47] [266/324] RKIC
[02:54:47] [267/324] PTAI
[02:54:48] [268/324] GCIC
[02:54:49] [269/324] FNAS
[02:54:49] [270/324] SCAR
[02:54:50] [271/324] MTCA
[02:54:50] [272/324] SCTS
[02:54:51] [273/324] SYCS
[02:54:51] [274/324] RDMS
[02:54:52] [275/324] KAMP
[02:54:53] [276/324] ERSD
[02:54:53] [277/324] MJMJ
[02:54:54] [278/324] SRCJ
[02:54:54] [279/324] SCXE
[02:54:55] [280/324] SVFR
[02:54:55] [281/324] BHCS
[02:54:56] [282/324] IMCC
[02:54:56] [283/324] PCBO
[02:54:57] [284/324] PRVN
[02:54:57] [285/324] AUPM
[02:54:58] [286/324] INBW
[02:54:58] [287/324] SVCW
[02:54:59] [288/324] RKCF
[02:54:59] [289/324] UVBH
[02:55:00] [290/324] DNCY
[02:55:01] [291/324] ABCN
[02:55:01] [292/324] PRUR
[02:55:02] [293/324] PFMR
[02:55:02] [294/324] RKCN
[02:55:03] [295/324] CFEA
[02:55:03] [296/324] SDBG
[02:55:04] [297/324] SNAR
[02:55:05] [298/324] YISI
[02:55:05] [299/324] JCFF
[02:55:06] [300/324] VTRK
[02:55:07] [301/324] PCLZ
[02:55:07] [302/324] DIMY
[02:55:08] [303/324] BBTS
[02:55:08] [304/324] GATH
[02:55:09] [305/324] GTMN
[02:55:10] [306/324] VTMH
[02:55:10] [307/324] CCKP
[02:55:11] [308/324] GPKA
[02:55:12] [309/324] MHCL
[02:55:12] [310/324] ATCL
[02:55:12] [311/324] SBCK
[02:55:13] [312/324] AMMR
[02:55:14] [313/324] MADC
[02:55:14] [314/324] TMMA
[02:55:15] [315/324] CACC
[02:55:15] [316/324] CHAL
[02:55:16] [317/324] DURG
[02:55:16] [318/324] GMKU
[02:55:17] [319/324] GECA
[02:55:18] [320/324] KYRR
[02:55:18] [321/324] KSDE
[02:55:19] [322/324] LMCI
[02:55:19] [323/324] NKCP
[02:55:20] [324/324] BGTC
[02:55:21] ✅ DONE | Shows=0 | Movies=0
