[00:46:33] 🚀 BMS DAILY TRACKER STARTED
[00:46:33] [1/296] CDCA
[00:46:33] 🧠 New identity
[00:46:34] [2/296] MNSR
[00:46:35] [3/296] CSSL
[00:46:36] [4/296] BGGM
[00:46:37] [5/296] MANT
[00:46:38] [6/296] SOOY
[00:46:39] [7/296] VPPK
[00:46:40] [8/296] MYHJ
[00:46:41] [9/296] KSCK
[00:46:42] [10/296] KATK
[00:46:43] [11/296] RTRT
[00:46:44] [12/296] SSTT
[00:46:45] [13/296] SSTV
[00:46:46] [14/296] LACM
[00:46:46] [15/296] SGMG
[00:46:47] [16/296] KACX
[00:46:48] [17/296] GVCP
[00:46:49] [18/296] CSNC
[00:46:50] [19/296] SXCB
[00:46:51] [20/296] BAHS
[00:46:52] [21/296] PCBI
[00:46:53] [22/296] PSSM
[00:46:53] [23/296] RCOK
[00:46:54] [24/296] SCPF
[00:46:55] [25/296] SSAS
[00:46:56] [26/296] EVMM
[00:46:57] [27/296] SYCB
[00:46:58] [28/296] GCKI
[00:46:59] [29/296] IAET
[00:46:59] [30/296] DDTD
[00:47:00] [31/296] GMDH
[00:47:01] [32/296] STLE
[00:47:02] [33/296] JTRA
[00:47:03] [34/296] RPPA
[00:47:04] [35/296] ARUT
[00:47:05] [36/296] JTVM
[00:47:05] [37/296] SWRH
[00:47:06] [38/296] DCPC
[00:47:07] [39/296] RAPR
[00:47:08] [40/296] GCRT
[00:47:09] [41/296] ATUN
[00:47:10] [42/296] LTRM
[00:47:11] [43/296] TASR
[00:47:12] [44/296] RLLC
[00:47:12] [45/296] MABI
[00:47:13] [46/296] SVHB
[00:47:14] [47/296] NVTB
[00:47:15] [48/296] KCKG
[00:47:16] [49/296] SSRN
[00:47:17] [50/296] VDDC
[00:47:18] [51/296] GKTK
[00:47:20] [52/296] YFSN
[00:47:21] [53/296] GCSG
[00:47:22] [54/296] ESSM
[00:47:22] [55/296] KRIH
[00:47:23] [56/296] GCDS
[00:47:24] [57/296] CCSH
[00:47:25] [58/296] ACSK
[00:47:26] [59/296] APRK
[00:47:26] [60/296] ADKM
[00:47:28] [61/296] SRDM
[00:47:29] [62/296] RMOG
[00:47:30] [63/296] SJMY
[00:47:31] [64/296] PGGC
[00:47:32] [65/296] INGM
[00:47:32] [66/296] LSCB
[00:47:33] [67/296] STAD
[00:47:34] [68/296] MCCR
[00:47:35] [69/296] ABCC
[00:47:36] [70/296] RKCC
[00:47:37] [71/296] RTCR
[00:47:38] [72/296] GGBC
[00:47:39] [73/296] GCSD
[00:47:39] [74/296] LPTY
[00:47:40] [75/296] MCFD
[00:47:41] [76/296] HENN
[00:47:42] [77/296] SMKU
[00:47:43] [78/296] TNZC
[00:47:43] [79/296] DRCD
[00:47:44] [80/296] DLCD
[00:47:45] [81/296] RCDA
[00:47:46] [82/296] COSM
[00:47:47] [83/296] MCMJ
[00:47:47] [84/296] CSTR
[00:47:48] [85/296] CVDK
[00:47:49] [86/296] INRR
[00:47:50] [87/296] RJRT
[00:47:51] [88/296] IRMR
[00:47:51] [89/296] SRCF
[00:47:52] [90/296] GRCR
[00:47:53] [91/296] SURC
[00:47:54] [92/296] NMNH
[00:47:55] [93/296] SVBL
[00:47:56] [94/296] KACI
[00:47:57] [95/296] TDGO
[00:47:58] [96/296] KTBR
[00:47:59] [97/296] PMAD
[00:48:00] [98/296] CCPN
[00:48:01] [99/296] SBTK
[00:48:02] [100/296] LMDK
[00:48:02] [101/296] PGDA
[00:48:03] [102/296] SRML
[00:48:04] [103/296] EVCK
[00:48:05] [104/296] RTTK
[00:48:05] [105/296] SRTU
[00:48:06] [106/296] VRSA
[00:48:07] [107/296] VARS
[00:48:07] [108/296] DSCZ
[00:48:09] [109/296] GAGA
[00:48:10] [110/296] SARV
[00:48:11] [111/296] SEEG
[00:48:12] [112/296] GLCA
[00:48:13] [113/296] APAS
[00:48:14] [114/296] VCIA
[00:48:15] [115/296] SJTA
[00:48:15] [116/296] SABM
[00:48:16] [117/296] PPAG
[00:48:17] [118/296] RVCA
[00:48:18] [119/296] CCIA
[00:48:19] [120/296] HTAG
[00:48:20] [121/296] SMBI
[00:48:21] [122/296] MCJR
[00:48:22] [123/296] CCJR
[00:48:22] [124/296] SINF
[00:48:23] [125/296] CPLX
[00:48:25] [126/296] KKTJ
[00:48:25] [127/296] GDBW
[00:48:26] [128/296] CSUB
[00:48:27] [129/296] DABA
[00:48:28] [130/296] TITR
[00:48:28] [131/296] NYCR
[00:48:29] [132/296] RTRY
[00:48:30] [133/296] JTJL
[00:48:31] [134/296] SJCP
[00:48:31] [135/296] KCCA
[00:48:32] [136/296] MLPG
[00:48:34] [137/296] VRCK
[00:48:35] [138/296] SRIN
[00:48:36] [139/296] CXMK
[00:48:37] [140/296] SKAD
[00:48:38] [141/296] AVTR
[00:48:39] [142/296] PTAJ
[00:48:40] [143/296] SCNK
[00:48:41] [144/296] STTI
[00:48:42] [145/296] KACR
[00:48:43] [146/296] SSDX
[00:48:44] [147/296] VRTJ
[00:48:45] [148/296] RAJD
[00:48:46] [149/296] SCIP
[00:48:46] [150/296] RJSL
[00:48:47] [151/296] ARRS
[00:48:48] [152/296] ASMS
[00:48:49] [153/296] RDTS
[00:48:50] [154/296] DVMY
[00:48:50] [155/296] RASA
[00:48:51] [156/296] INOM
[00:48:52] [157/296] SPRS
[00:48:53] [158/296] SGCS
[00:48:54] [159/296] SALM
[00:48:55] [160/296] PKHC
[00:48:56] [161/296] RCSV
[00:48:57] [162/296] CPKC
[00:48:58] [163/296] AACD
[00:48:59] [164/296] GGCV
[00:48:59] [165/296] SMKD
[00:49:00] [166/296] NBCH
[00:49:01] [167/296] AMCB
[00:49:02] [168/296] OPCN
[00:49:04] [169/296] DCIN
[00:49:05] [170/296] INGW
[00:49:06] [171/296] PKKW
[00:49:07] [172/296] FNGW
[00:49:08] [173/296] GCGD
[00:49:08] [174/296] MSTW
[00:49:10] [175/296] KCCG
[00:49:11] [176/296] MRSS
[00:49:11] [177/296] CLCF
[00:49:12] [178/296] EETS
[00:49:13] [179/296] AATR
[00:49:14] [180/296] CMMN
[00:49:15] [181/296] SCCJ
[00:49:16] [182/296] CDTK
[00:49:16] [183/296] AICP
[00:49:17] [184/296] FNBP
[00:49:18] [185/296] CBPB
[00:49:19] [186/296] CPAS
[00:49:20] [187/296] MAPM
[00:49:21] [188/296] PASD
[00:49:22] [189/296] JCMN
[00:49:23] [190/296] MALB
[00:49:24] [191/296] SACG
[00:49:25] [192/296] DDRX
[00:49:26] [193/296] DDXB
[00:49:27] [194/296] RAMC
[00:49:28] [195/296] SANC
[00:49:29] [196/296] BCBP
[00:49:30] [197/296] ALPC
[00:49:31] [198/296] RBAC
[00:49:32] [199/296] RAJL
[00:49:33] [200/296] MPDX
[00:49:35] [201/296] MUSC
[00:49:36] [202/296] VKMK
[00:49:37] [203/296] SKCG
[00:49:38] [204/296] ANCN
[00:49:38] [205/296] MMCJ
[00:49:39] [206/296] DCAK
[00:49:40] [207/296] SCKG
[00:49:41] [208/296] LMCK
[00:49:42] [209/296] CKKX
[00:49:43] [210/296] ANKU
[00:49:44] [211/296] CSMD
[00:49:44] [212/296] MKMP
[00:49:45] [213/296] SVBG
[00:49:47] [214/296] ROOP
[00:49:48] [215/296] GDMT
[00:49:49] [216/296] FPPF
[00:49:49] [217/296] SFUU
[00:49:50] [218/296] ANCB
[00:49:51] [219/296] SMMC
[00:49:52] [220/296] UGKT
[00:49:53] [221/296] JVRM
[00:49:54] [222/296] BATG
[00:49:55] [223/296] RATE
[00:49:56] [224/296] SKME
[00:49:57] [225/296] LMTP
[00:49:58] [226/296] TCBD
[00:49:58] [227/296] ESBD
[00:49:59] [228/296] GDCU
[00:50:00] [229/296] SNKT
[00:50:01] [230/296] SRNK
[00:50:02] [231/296] SMED
[00:50:02] [232/296] CSQS
[00:50:03] [233/296] ALCS
[00:50:04] [234/296] KCKN
[00:50:05] [235/296] VCCL
[00:50:06] [236/296] MCDA
[00:50:07] [237/296] SHMI
[00:50:08] [238/296] SKHA
[00:50:08] [239/296] SVFK
[00:50:09] [240/296] INVB
[00:50:10] [241/296] MELD
[00:50:11] [242/296] JTYS
[00:50:12] [243/296] INCM
[00:50:13] [244/296] MCDV
[00:50:14] [245/296] KSGK
[00:50:15] [246/296] ICMG
[00:50:16] [247/296] CSCV
[00:50:17] [248/296] STMD
[00:50:17] [249/296] STTR
[00:50:18] [250/296] INVC
[00:50:19] [251/296] JTBL
[00:50:20] [252/296] SRVV
[00:50:22] [253/296] MAVC
[00:50:22] [254/296] SRPP
[00:50:23] [255/296] JGDM
[00:50:24] [256/296] MBSJ
[00:50:25] [257/296] SSLL
[00:50:25] [258/296] SLKP
[00:50:26] [259/296] NSRV
[00:50:27] [260/296] UTDV
[00:50:28] [261/296] KICM
[00:50:29] [262/296] KCMD
[00:50:30] [263/296] TTPP
[00:50:31] [264/296] KMPV
[00:50:32] [265/296] SKTV
[00:50:33] [266/296] STCV
[00:50:34] [267/296] SRDA
[00:50:34] [268/296] JTSX
[00:50:35] [269/296] STBV
[00:50:36] [270/296] APVZ
[00:50:37] [271/296] GSTV
[00:50:37] [272/296] NMVS
[00:50:39] [273/296] SKRT
[00:50:39] [274/296] RMDV
[00:50:41] [275/296] RATG
[00:50:41] [276/296] SJYV
[00:50:42] [277/296] NDGP
[00:50:43] [278/296] SNDG
[00:50:44] [279/296] INSR
[00:50:45] [280/296] INSO
[00:50:46] [281/296] CCSI
[00:50:47] [282/296] RASM
[00:50:48] [283/296] NEWC
[00:50:49] [284/296] VSHL
[00:50:50] [285/296] BISW
[00:50:50] [286/296] GCNG
[00:50:51] [287/296] CWSC
[00:50:52] [288/296] SKAN
[00:50:54] [289/296] SEHP
[00:50:55] [290/296] CCOA
[00:50:56] [291/296] MCAJ
[00:50:57] [292/296] ACDE
[00:50:58] [293/296] AACM
[00:50:59] [294/296] JJCK
[00:51:00] [295/296] RCMO
[00:51:01] [296/296] GDAW
[00:51:02] ✅ DONE | Shows=0 | Movies=0
[01:52:25] 🚀 BMS DAILY TRACKER STARTED
[01:52:25] [1/296] CDCA
[01:52:25] 🧠 New identity
[01:52:26] [2/296] MNSR
[01:52:27] [3/296] CSSL
[01:52:29] [4/296] BGGM
[01:52:29] [5/296] MANT
[01:52:30] [6/296] SOOY
[01:52:31] [7/296] VPPK
[01:52:33] [8/296] MYHJ
[01:52:34] [9/296] KSCK
[01:52:35] [10/296] KATK
[01:52:37] [11/296] RTRT
[01:52:38] [12/296] SSTT
[01:52:39] [13/296] SSTV
[01:52:40] [14/296] LACM
[01:52:41] [15/296] SGMG
[01:52:42] [16/296] KACX
[01:52:43] [17/296] GVCP
[01:52:44] [18/296] CSNC
[01:52:45] [19/296] SXCB
[01:52:46] [20/296] BAHS
[01:52:47] [21/296] PCBI
[01:52:49] [22/296] PSSM
[01:52:50] [23/296] RCOK
[01:52:51] [24/296] SCPF
[01:52:51] [25/296] SSAS
[01:52:52] [26/296] EVMM
[01:52:53] [27/296] SYCB
[01:52:54] [28/296] GCKI
[01:52:55] [29/296] IAET
[01:52:56] [30/296] DDTD
[01:52:57] [31/296] GMDH
[01:52:58] [32/296] STLE
[01:52:59] [33/296] JTRA
[01:53:00] [34/296] RPPA
[01:53:01] [35/296] ARUT
[01:53:02] [36/296] JTVM
[01:53:03] [37/296] SWRH
[01:53:03] [38/296] DCPC
[01:53:05] [39/296] RAPR
[01:53:06] [40/296] GCRT
[01:53:07] [41/296] ATUN
[01:53:07] [42/296] LTRM
[01:53:08] [43/296] TASR
[01:53:10] [44/296] RLLC
[01:53:11] [45/296] MABI
[01:53:12] [46/296] SVHB
[01:53:13] [47/296] NVTB
[01:53:13] [48/296] KCKG
[01:53:14] [49/296] SSRN
[01:53:15] [50/296] VDDC
[01:53:16] [51/296] GKTK
[01:53:17] [52/296] YFSN
[01:53:18] [53/296] GCSG
[01:53:19] [54/296] ESSM
[01:53:20] [55/296] KRIH
[01:53:22] [56/296] GCDS
[01:53:23] [57/296] CCSH
[01:53:24] [58/296] ACSK
[01:53:25] [59/296] APRK
[01:53:27] [60/296] ADKM
[01:53:28] [61/296] SRDM
[01:53:29] [62/296] RMOG
[01:53:30] [63/296] SJMY
[01:53:31] [64/296] PGGC
[01:53:32] [65/296] INGM
[01:53:34] [66/296] LSCB
[01:53:35] [67/296] STAD
[01:53:36] [68/296] MCCR
[01:53:36] [69/296] ABCC
[01:53:37] [70/296] RKCC
[01:53:39] [71/296] RTCR
[01:53:40] [72/296] GGBC
[01:53:41] [73/296] GCSD
[01:53:42] [74/296] LPTY
[01:53:43] [75/296] MCFD
[01:53:45] [76/296] HENN
[01:53:46] [77/296] SMKU
[01:53:47] [78/296] TNZC
[01:53:47] [79/296] DRCD
[01:53:48] [80/296] DLCD
[01:53:49] [81/296] RCDA
[01:53:51] [82/296] COSM
[01:53:52] [83/296] MCMJ
[01:53:53] [84/296] CSTR
[01:53:53] [85/296] CVDK
[01:53:54] [86/296] INRR
[01:53:55] [87/296] RJRT
[01:53:56] [88/296] IRMR
[01:53:57] [89/296] SRCF
[01:53:59] [90/296] GRCR
[01:53:59] [91/296] SURC
[01:54:00] [92/296] NMNH
[01:54:01] [93/296] SVBL
[01:54:02] [94/296] KACI
[01:54:03] [95/296] TDGO
[01:54:05] [96/296] KTBR
[01:54:06] [97/296] PMAD
[01:54:07] [98/296] CCPN
[01:54:09] [99/296] SBTK
[01:54:10] [100/296] LMDK
[01:54:11] [101/296] PGDA
[01:54:12] [102/296] SRML
[01:54:12] [103/296] EVCK
[01:54:13] [104/296] RTTK
[01:54:14] [105/296] SRTU
[01:54:15] [106/296] VRSA
[01:54:16] [107/296] VARS
[01:54:17] [108/296] DSCZ
[01:54:18] [109/296] GAGA
[01:54:19] [110/296] SARV
[01:54:19] [111/296] SEEG
[01:54:21] [112/296] GLCA
[01:54:21] [113/296] APAS
[01:54:23] [114/296] VCIA
[01:54:25] [115/296] SJTA
[01:54:26] [116/296] SABM
[01:54:27] [117/296] PPAG
[01:54:28] [118/296] RVCA
[01:54:29] [119/296] CCIA
[01:54:30] [120/296] HTAG
[01:54:31] [121/296] SMBI
[01:54:32] [122/296] MCJR
[01:54:33] [123/296] CCJR
[01:54:34] [124/296] SINF
[01:54:35] [125/296] CPLX
[01:54:36] [126/296] KKTJ
[01:54:37] [127/296] GDBW
[01:54:38] [128/296] CSUB
[01:54:38] [129/296] DABA
[01:54:40] [130/296] TITR
[01:54:41] [131/296] NYCR
[01:54:42] [132/296] RTRY
[01:54:42] [133/296] JTJL
[01:54:43] [134/296] SJCP
[01:54:44] [135/296] KCCA
[01:54:45] [136/296] MLPG
[01:54:47] [137/296] VRCK
[01:54:48] [138/296] SRIN
[01:54:48] [139/296] CXMK
[01:54:49] [140/296] SKAD
[01:54:50] [141/296] AVTR
[01:54:51] [142/296] PTAJ
[01:54:52] [143/296] SCNK
[01:54:52] [144/296] STTI
[01:54:53] [145/296] KACR
[01:54:55] [146/296] SSDX
[01:54:56] [147/296] VRTJ
[01:54:57] [148/296] RAJD
[01:54:58] [149/296] SCIP
[01:54:59] [150/296] RJSL
[01:55:00] [151/296] ARRS
[01:55:01] [152/296] ASMS
[01:55:03] [153/296] RDTS
[01:55:04] [154/296] DVMY
[01:55:05] [155/296] RASA
[01:55:06] [156/296] INOM
[01:55:07] [157/296] SPRS
[01:55:07] [158/296] SGCS
[01:55:08] [159/296] SALM
[01:55:09] [160/296] PKHC
[01:55:11] [161/296] RCSV
[01:55:12] [162/296] CPKC
[01:55:13] [163/296] AACD
[01:55:15] [164/296] GGCV
[01:55:17] [165/296] SMKD
[01:55:17] [166/296] NBCH
[01:55:18] [167/296] AMCB
[01:55:19] [168/296] OPCN
[01:55:20] [169/296] DCIN
[01:55:20] [170/296] INGW
[01:55:21] [171/296] PKKW
[01:55:22] [172/296] FNGW
[01:55:23] [173/296] GCGD
[01:55:24] [174/296] MSTW
[01:55:25] [175/296] KCCG
[01:55:26] [176/296] MRSS
[01:55:27] [177/296] CLCF
[01:55:29] [178/296] EETS
[01:55:30] [179/296] AATR
[01:55:30] [180/296] CMMN
[01:55:31] [181/296] SCCJ
[01:55:32] [182/296] CDTK
[01:55:33] [183/296] AICP
[01:55:34] [184/296] FNBP
[01:55:35] [185/296] CBPB
[01:55:36] [186/296] CPAS
[01:55:37] [187/296] MAPM
[01:55:38] [188/296] PASD
[01:55:40] [189/296] JCMN
[01:55:41] [190/296] MALB
[01:55:42] [191/296] SACG
[01:55:42] [192/296] DDRX
[01:55:43] [193/296] DDXB
[01:55:44] [194/296] RAMC
[01:55:45] [195/296] SANC
[01:55:47] [196/296] BCBP
[01:55:48] [197/296] ALPC
[01:55:49] [198/296] RBAC
[01:55:50] [199/296] RAJL
[01:55:50] [200/296] MPDX
[01:55:52] [201/296] MUSC
[01:55:53] [202/296] VKMK
[01:55:55] [203/296] SKCG
[01:55:56] [204/296] ANCN
[01:55:57] [205/296] MMCJ
[01:55:59] [206/296] DCAK
[01:56:00] [207/296] SCKG
[01:56:01] [208/296] LMCK
[01:56:02] [209/296] CKKX
[01:56:03] [210/296] ANKU
[01:56:04] [211/296] CSMD
[01:56:04] [212/296] MKMP
[01:56:05] [213/296] SVBG
[01:56:06] [214/296] ROOP
[01:56:08] [215/296] GDMT
[01:56:09] [216/296] FPPF
[01:56:10] [217/296] SFUU
[01:56:11] [218/296] ANCB
[01:56:11] [219/296] SMMC
[01:56:13] [220/296] UGKT
[01:56:14] [221/296] JVRM
[01:56:16] [222/296] BATG
[01:56:17] [223/296] RATE
[01:56:19] [224/296] SKME
[01:56:20] [225/296] LMTP
[01:56:21] [226/296] TCBD
[01:56:22] [227/296] ESBD
[01:56:23] [228/296] GDCU
[01:56:24] [229/296] SNKT
[01:56:25] [230/296] SRNK
[01:56:26] [231/296] SMED
[01:56:27] [232/296] CSQS
[01:56:28] [233/296] ALCS
[01:56:30] [234/296] KCKN
[01:56:31] [235/296] VCCL
[01:56:31] [236/296] MCDA
[01:56:33] [237/296] SHMI
[01:56:34] [238/296] SKHA
[01:56:35] [239/296] SVFK
[01:56:36] [240/296] INVB
[01:56:36] [241/296] MELD
[01:56:37] [242/296] JTYS
[01:56:39] [243/296] INCM
[01:56:40] [244/296] MCDV
[01:56:41] [245/296] KSGK
[01:56:42] [246/296] ICMG
[01:56:44] [247/296] CSCV
[01:56:45] [248/296] STMD
[01:56:46] [249/296] STTR
[01:56:47] [250/296] INVC
[01:56:48] [251/296] JTBL
[01:56:49] [252/296] SRVV
[01:56:51] [253/296] MAVC
[01:56:52] [254/296] SRPP
[01:56:53] [255/296] JGDM
[01:56:54] [256/296] MBSJ
[01:56:55] [257/296] SSLL
[01:56:56] [258/296] SLKP
[01:56:56] [259/296] NSRV
[01:56:57] [260/296] UTDV
[01:56:58] [261/296] KICM
[01:56:59] [262/296] KCMD
[01:57:00] [263/296] TTPP
[01:57:00] [264/296] KMPV
[01:57:01] [265/296] SKTV
[01:57:02] [266/296] STCV
[01:57:04] [267/296] SRDA
[01:57:05] [268/296] JTSX
[01:57:06] [269/296] STBV
[01:57:07] [270/296] APVZ
[01:57:08] [271/296] GSTV
[01:57:09] [272/296] NMVS
[01:57:09] [273/296] SKRT
[01:57:10] [274/296] RMDV
[01:57:11] [275/296] RATG
[01:57:12] [276/296] SJYV
[01:57:13] [277/296] NDGP
[01:57:15] [278/296] SNDG
[01:57:16] [279/296] INSR
[01:57:17] [280/296] INSO
[01:57:18] [281/296] CCSI
[01:57:19] [282/296] RASM
[01:57:21] [283/296] NEWC
[01:57:22] [284/296] VSHL
[01:57:23] [285/296] BISW
[01:57:24] [286/296] GCNG
[01:57:24] [287/296] CWSC
[01:57:25] [288/296] SKAN
[01:57:26] [289/296] SEHP
[01:57:27] [290/296] CCOA
[01:57:28] [291/296] MCAJ
[01:57:29] [292/296] ACDE
[01:57:30] [293/296] AACM
[01:57:31] [294/296] JJCK
[01:57:32] [295/296] RCMO
[01:57:33] [296/296] GDAW
[01:57:34] ✅ DONE | Shows=1 | Movies=1
