[00:46:27] 🚀 BMS DAILY TRACKER STARTED
[00:46:27] [1/459] FNDB
[00:46:27] 🧠 New identity
[00:46:28] [2/459] AMBH
[00:46:29] [3/459] PRHN
[00:46:30] [4/459] ACPM
[00:46:31] [5/459] PVFS
[00:46:32] [6/459] AACN
[00:46:32] [7/459] ACAS
[00:46:33] [8/459] CTNR
[00:46:35] [9/459] MMAH
[00:46:36] [10/459] CPMH
[00:46:38] [11/459] IGMH
[00:46:39] [12/459] ABCS
[00:46:40] [13/459] CMMA
[00:46:41] [14/459] GPRH
[00:46:42] [15/459] PNNG
[00:46:43] [16/459] AMCA
[00:46:44] [17/459] ISTN
[00:46:45] [18/459] PIIC
[00:46:47] [19/459] AHMH
[00:46:48] [20/459] ASHN
[00:46:50] [21/459] INHY
[00:46:51] [22/459] SRMO
[00:46:51] [23/459] PIMH
[00:46:52] [24/459] PVTS
[00:46:53] [25/459] MMCA
[00:46:54] [26/459] AKYJ
[00:46:55] [27/459] BRKH
[00:46:56] [28/459] MAHM
[00:46:57] [29/459] CPHY
[00:46:58] [30/459] PVTP
[00:46:59] [31/459] SMMR
[00:47:01] [32/459] PVHM
[00:47:01] [33/459] SNDY
[00:47:02] [34/459] GOKU
[00:47:03] [35/459] ACEV
[00:47:04] [36/459] PVUM
[00:47:05] [37/459] VSWA
[00:47:06] [38/459] IPRS
[00:47:08] [39/459] ASGN
[00:47:09] [40/459] BKMV
[00:47:10] [41/459] PVYH
[00:47:11] [42/459] INKM
[00:47:12] [43/459] ARJU
[00:47:13] [44/459] JJPP
[00:47:14] [45/459] SSRM
[00:47:14] [46/459] HMHD
[00:47:15] [47/459] SNKH
[00:47:16] [48/459] ACHI
[00:47:18] [49/459] MRAA
[00:47:19] [50/459] INMH
[00:47:20] [51/459] ARMH
[00:47:21] [52/459] DVRR
[00:47:21] [53/459] SUDA
[00:47:22] [54/459] MCSS
[00:47:23] [55/459] VRKC
[00:47:24] [56/459] PRCX
[00:47:25] [57/459] ASJY
[00:47:26] [58/459] MTHY
[00:47:27] [59/459] SRCM
[00:47:28] [60/459] TVHY
[00:47:29] [61/459] STHD
[00:47:30] [62/459] CPCL
[00:47:31] [63/459] PSMJ
[00:47:32] [64/459] MRGT
[00:47:33] [65/459] ARYH
[00:47:34] [66/459] VTRB
[00:47:35] [67/459] SCHC
[00:47:36] [68/459] MRRG
[00:47:37] [69/459] SPCB
[00:47:38] [70/459] AMCM
[00:47:38] [71/459] IVNM
[00:47:39] [72/459] TRHY
[00:47:40] [73/459] PTTH
[00:47:42] [74/459] RKMH
[00:47:43] [75/459] PRCS
[00:47:43] [76/459] VAJA
[00:47:44] [77/459] BJNG
[00:47:45] [78/459] SCVM
[00:47:47] [79/459] GNHB
[00:47:48] [80/459] TLUR
[00:47:49] [81/459] UKCC
[00:47:49] [82/459] SRKR
[00:47:50] [83/459] RMKN
[00:47:52] [84/459] SLRT
[00:47:53] [85/459] LKMT
[00:47:54] [86/459] SSRJ
[00:47:55] [87/459] SPHT
[00:47:56] [88/459] ANTT
[00:47:57] [89/459] SRCH
[00:47:58] [90/459] SRCA
[00:47:59] [91/459] ARTH
[00:48:01] [92/459] MCBH
[00:48:01] [93/459] SNIB
[00:48:02] [94/459] SART
[00:48:03] [95/459] SKTA
[00:48:04] [96/459] YAKT
[00:48:04] [97/459] MLCK
[00:48:05] [98/459] ANTS
[00:48:06] [99/459] DGCA
[00:48:07] [100/459] SGMP
[00:48:07] [101/459] ASWN
[00:48:09] [102/459] KFVU
[00:48:10] [103/459] POOR
[00:48:11] [104/459] GKDN
[00:48:12] [105/459] EOSE
[00:48:12] [106/459] GTTT
[00:48:14] [107/459] ARRO
[00:48:15] [108/459] CMMK
[00:48:16] [109/459] MSCN
[00:48:17] [110/459] GDKH
[00:48:17] [111/459] DLMT
[00:48:18] [112/459] PVMF
[00:48:20] [113/459] CPCK
[00:48:21] [114/459] VMHE
[00:48:22] [115/459] PVLC
[00:48:22] [116/459] PCVB
[00:48:23] [117/459] SNYK
[00:48:24] [118/459] KTEK
[00:48:25] [119/459] PCNM
[00:48:26] [120/459] NTTR
[00:48:27] [121/459] CPSK
[00:48:28] [122/459] JMMA
[00:48:29] [123/459] GCFK
[00:48:31] [124/459] MYCA
[00:48:32] [125/459] KSNP
[00:48:33] [126/459] PMCE
[00:48:34] [127/459] SCKI
[00:48:35] [128/459] FSMA
[00:48:36] [129/459] CETA
[00:48:38] [130/459] MCIK
[00:48:39] [131/459] MYCR
[00:48:40] [132/459] EVMP
[00:48:41] [133/459] SSGT
[00:48:42] [134/459] KCTK
[00:48:43] [135/459] ZTKC
[00:48:44] [136/459] MMTA
[00:48:44] [137/459] MAJT
[00:48:46] [138/459] ACPK
[00:48:47] [139/459] JMAX
[00:48:48] [140/459] SETK
[00:48:49] [141/459] CAIS
[00:48:50] [142/459] AGCD
[00:48:51] [143/459] URCL
[00:48:51] [144/459] VTDS
[00:48:53] [145/459] JCNM
[00:48:54] [146/459] KCAM
[00:48:55] [147/459] ADCU
[00:48:55] [148/459] GXYN
[00:48:56] [149/459] SMJG
[00:48:57] [150/459] EYCJ
[00:48:59] [151/459] CCEJ
[00:49:00] [152/459] MARS
[00:49:00] [153/459] CPVJ
[00:49:01] [154/459] INVP
[00:49:02] [155/459] CPOV
[00:49:03] [156/459] VIJK
[00:49:04] [157/459] LAIM
[00:49:05] [158/459] STHV
[00:49:06] [159/459] SVLJ
[00:49:07] [160/459] ATVJ
[00:49:08] [161/459] JTSC
[00:49:09] [162/459] RMTV
[00:49:10] [163/459] MGGG
[00:49:10] [164/459] SWTH
[00:49:11] [165/459] INVJ
[00:49:12] [166/459] PRSV
[00:49:13] [167/459] JATV
[00:49:14] [168/459] RCVD
[00:49:16] [169/459] BDMA
[00:49:17] [170/459] BLJI
[00:49:18] [171/459] SWOT
[00:49:19] [172/459] SWRN
[00:49:20] [173/459] TVRA
[00:49:21] [174/459] VCSV
[00:49:21] [175/459] NVRN
[00:49:22] [176/459] SIKC
[00:49:23] [177/459] VAKR
[00:49:24] [178/459] SYLN
[00:49:25] [179/459] KLJL
[00:49:26] [180/459] LKMY
[00:49:27] [181/459] VSLY
[00:49:29] [182/459] CIKO
[00:49:30] [183/459] GPBG
[00:49:30] [184/459] CECM
[00:49:31] [185/459] SLKB
[00:49:32] [186/459] MTBO
[00:49:33] [187/459] SSHB
[00:49:34] [188/459] VPCS
[00:49:35] [189/459] RCSR
[00:49:36] [190/459] RJRM
[00:49:37] [191/459] KPPB
[00:49:38] [192/459] SEDC
[00:49:39] [193/459] SCAI
[00:49:40] [194/459] RMTR
[00:49:40] [195/459] ASST
[00:49:42] [196/459] GCAK
[00:49:44] [197/459] ANNK
[00:49:44] [198/459] KDDF
[00:49:45] [199/459] NRDP
[00:49:46] [200/459] PLAK
[00:49:47] [201/459] GCMC
[00:49:48] [202/459] ALPY
[00:49:49] [203/459] SICE
[00:49:50] [204/459] SISR
[00:49:51] [205/459] SRPZ
[00:49:52] [206/459] SRSW
[00:49:52] [207/459] SUYA
[00:49:53] [208/459] AMMT
[00:49:54] [209/459] BHCU
[00:49:55] [210/459] KLPA
[00:49:56] [211/459] NVKH
[00:49:57] [212/459] JMRC
[00:49:58] [213/459] KTTT
[00:49:59] [214/459] MAGH
[00:50:00] [215/459] MMMX
[00:50:02] [216/459] SALJ
[00:50:03] [217/459] GTJA
[00:50:03] [218/459] MAHT
[00:50:04] [219/459] SSNN
[00:50:06] [220/459] ARRP
[00:50:07] [221/459] ATNS
[00:50:08] [222/459] SKDT
[00:50:10] [223/459] ACAT
[00:50:11] [224/459] APRC
[00:50:12] [225/459] SWAG
[00:50:13] [226/459] SDPT
[00:50:14] [227/459] STPS
[00:50:15] [228/459] WWCZ
[00:50:16] [229/459] LLCH
[00:50:16] [230/459] MZHA
[00:50:17] [231/459] CRJG
[00:50:18] [232/459] JGTK
[00:50:19] [233/459] KCSR
[00:50:20] [234/459] CHTL
[00:50:21] [235/459] EDSR
[00:50:23] [236/459] CSWO
[00:50:24] [237/459] CPVM
[00:50:25] [238/459] MXBY
[00:50:27] [239/459] FMMA
[00:50:27] [240/459] POVI
[00:50:28] [241/459] MTHB
[00:50:29] [242/459] INRC
[00:50:31] [243/459] PIPP
[00:50:32] [244/459] BMXC
[00:50:33] [245/459] PCMM
[00:50:33] [246/459] PMKM
[00:50:34] [247/459] GATY
[00:50:36] [248/459] IMCM
[00:50:37] [249/459] POPE
[00:50:38] [250/459] MTCR
[00:50:39] [251/459] PVAE
[00:50:40] [252/459] PVMI
[00:50:40] [253/459] CPNM
[00:50:41] [254/459] FMRL
[00:50:42] [255/459] MCIW
[00:50:44] [256/459] MXBO
[00:50:44] [257/459] FMKY
[00:50:45] [258/459] FMDA
[00:50:47] [259/459] THAB
[00:50:48] [260/459] PRCW
[00:50:49] [261/459] PITI
[00:50:49] [262/459] MCFF
[00:50:50] [263/459] PDDV
[00:50:51] [264/459] MCRM
[00:50:52] [265/459] KKMB
[00:50:52] [266/459] INKO
[00:50:53] [267/459] PLXP
[00:50:54] [268/459] MMHA
[00:50:56] [269/459] FMVS
[00:50:56] [270/459] POLM
[00:50:57] [271/459] STER
[00:50:59] [272/459] PVWJ
[00:51:00] [273/459] IMJW
[00:51:01] [274/459] FNAN
[00:51:03] [275/459] CAGL
[00:51:04] [276/459] IPBG
[00:51:04] [277/459] SMFV
[00:51:06] [278/459] MMMR
[00:51:07] [279/459] MMWM
[00:51:08] [280/459] FNCM
[00:51:09] [281/459] MDVA
[00:51:09] [282/459] MMET
[00:51:11] [283/459] MIDO
[00:51:12] [284/459] INNP
[00:51:14] [285/459] MIFU
[00:51:15] [286/459] MMSZ
[00:51:15] [287/459] BMXA
[00:51:16] [288/459] MCAA
[00:51:17] [289/459] SCVP
[00:51:18] [290/459] PLUS
[00:51:19] [291/459] MUCK
[00:51:19] [292/459] MTMA
[00:51:21] [293/459] HPVR
[00:51:22] [294/459] PMPK
[00:51:23] [295/459] MAJB
[00:51:24] [296/459] CTRR
[00:51:25] [297/459] MCTG
[00:51:26] [298/459] MACE
[00:51:27] [299/459] AAAS
[00:51:27] [300/459] CPVV
[00:51:29] [301/459] RCHG
[00:51:30] [302/459] MCNE
[00:51:31] [303/459] EMNC
[00:51:32] [304/459] MCAN
[00:51:32] [305/459] TCDM
[00:51:33] [306/459] IRGT
[00:51:35] [307/459] GCMG
[00:51:36] [308/459] MXSN
[00:51:37] [309/459] MXCK
[00:51:37] [310/459] MCRC
[00:51:38] [311/459] RSMI
[00:51:39] [312/459] WAML
[00:51:40] [313/459] MTSC
[00:51:41] [314/459] FMDR
[00:51:43] [315/459] LEPV
[00:51:43] [316/459] MTGD
[00:51:44] [317/459] IMOB
[00:51:46] [318/459] CLMM
[00:51:46] [319/459] PZCD
[00:51:47] [320/459] GOCS
[00:51:48] [321/459] KCMA
[00:51:49] [322/459] CCMP
[00:51:49] [323/459] MTSU
[00:51:50] [324/459] SNGL
[00:51:51] [325/459] MMMC
[00:51:52] [326/459] MMAA
[00:51:53] [327/459] GCDM
[00:51:53] [328/459] KTMV
[00:51:54] [329/459] AETE
[00:51:55] [330/459] OMCS
[00:51:56] [331/459] GDCD
[00:51:57] [332/459] NYMD
[00:51:58] [333/459] RNCV
[00:51:59] [334/459] KKMT
[00:52:00] [335/459] GDTH
[00:52:01] [336/459] KMMV
[00:52:02] [337/459] NHCG
[00:52:02] [338/459] PJDW
[00:52:03] [339/459] MMCV
[00:52:05] [340/459] FQSA
[00:52:06] [341/459] KURL
[00:52:07] [342/459] NNNX
[00:52:08] [343/459] AMAU
[00:52:09] [344/459] VVVM
[00:52:10] [345/459] VECU
[00:52:11] [346/459] WCVR
[00:52:11] [347/459] MTGG
[00:52:13] [348/459] SGTG
[00:52:14] [349/459] MNTG
[00:52:15] [350/459] JDDG
[00:52:17] [351/459] MBTK
[00:52:18] [352/459] SGCD
[00:52:19] [353/459] MCTC
[00:52:20] [354/459] JTPC
[00:52:21] [355/459] SDKT
[00:52:22] [356/459] KRCC
[00:52:24] [357/459] RMMD
[00:52:24] [358/459] AAME
[00:52:26] [359/459] TMWC
[00:52:28] [360/459] NRWY
[00:52:28] [361/459] CITD
[00:52:29] [362/459] VERD
[00:52:31] [363/459] MKSK
[00:52:32] [364/459] STSM
[00:52:32] [365/459] MJDG
[00:52:33] [366/459] RKPM
[00:52:34] [367/459] SSCE
[00:52:35] [368/459] VMAE
[00:52:36] [369/459] SBRU
[00:52:37] [370/459] AMBC
[00:52:38] [371/459] AMLU
[00:52:39] [372/459] INVZ
[00:52:40] [373/459] LGTV
[00:52:41] [374/459] SVAD
[00:52:42] [375/459] SMSA
[00:52:43] [376/459] SPCZ
[00:52:44] [377/459] GTCX
[00:52:44] [378/459] SCSL
[00:52:45] [379/459] SAHU
[00:52:46] [380/459] NCDA
[00:52:47] [381/459] SCCG
[00:52:48] [382/459] VKTL
[00:52:49] [383/459] PUUJ
[00:52:50] [384/459] STEJ
[00:52:50] [385/459] RJAL
[00:52:51] [386/459] ACJC
[00:52:52] [387/459] VTHC
[00:52:53] [388/459] ARVB
[00:52:54] [389/459] AUBB
[00:52:55] [390/459] GDBR
[00:52:56] [391/459] PVND
[00:52:57] [392/459] BGRJ
[00:52:57] [393/459] RJMM
[00:52:58] [394/459] MCSA
[00:52:59] [395/459] BODA
[00:53:00] [396/459] JAGG
[00:53:01] [397/459] SCGA
[00:53:02] [398/459] LRCM
[00:53:03] [399/459] CPCN
[00:53:04] [400/459] SSTF
[00:53:05] [401/459] SRXP
[00:53:06] [402/459] CNFX
[00:53:08] [403/459] ANDI
[00:53:09] [404/459] SYEW
[00:53:09] [405/459] RCRE
[00:53:11] [406/459] SCRW
[00:53:12] [407/459] MBKR
[00:53:14] [408/459] ASNT
[00:53:15] [409/459] JTMT
[00:53:16] [410/459] SHAY
[00:53:17] [411/459] VRTH
[00:53:18] [412/459] SPTI
[00:53:19] [413/459] DPTD
[00:53:20] [414/459] TGSN
[00:53:21] [415/459] RCWV
[00:53:22] [416/459] OCUR
[00:53:23] [417/459] KSTC
[00:53:23] [418/459] SANI
[00:53:24] [419/459] MLCA
[00:53:25] [420/459] EGCA
[00:53:26] [421/459] SYSN
[00:53:27] [422/459] PKTA
[00:53:27] [423/459] PRCC
[00:53:28] [424/459] KSTR
[00:53:29] [425/459] SNTP
[00:53:31] [426/459] RCHA
[00:53:32] [427/459] SEEA
[00:53:33] [428/459] ALAT
[00:53:34] [429/459] AATV
[00:53:35] [430/459] RJTE
[00:53:36] [431/459] AAPP
[00:53:38] [432/459] PMMH
[00:53:40] [433/459] INRJ
[00:53:41] [434/459] SARB
[00:53:42] [435/459] PCJL
[00:53:43] [436/459] PFJJ
[00:53:44] [437/459] GRDC
[00:53:45] [438/459] BCBA
[00:53:46] [439/459] VIXL
[00:53:47] [440/459] CSTL
[00:53:48] [441/459] MTDK
[00:53:49] [442/459] TDAC
[00:53:50] [443/459] GTDN
[00:53:51] [444/459] TTDE
[00:53:52] [445/459] ASTS
[00:53:53] [446/459] CPNS
[00:53:54] [447/459] PVVW
[00:53:55] [448/459] USEB
[00:53:56] [449/459] DTYN
[00:53:56] [450/459] PVLE
[00:53:57] [451/459] CIPS
[00:53:58] [452/459] PAEG
[00:54:00] [453/459] PTCW
[00:54:02] [454/459] G3SR
[00:54:03] [455/459] PGND
[00:54:04] [456/459] INVM
[00:54:05] [457/459] SPIA
[00:54:06] [458/459] PCSN
[00:54:08] [459/459] PPGV
[00:54:09] ✅ DONE | Shows=0 | Movies=0
