[00:00:05] 🚀 BMS DAILY TRACKER STARTED
[00:00:05] [1/324] GCTA
[00:00:06] 🧠 New identity
[00:00:06] [2/324] TOPN
[00:00:07] [3/324] MCUS
[00:00:08] [4/324] SHRL
[00:00:09] [5/324] UPTP
[00:00:10] [6/324] TMMP
[00:00:11] [7/324] DNRP
[00:00:12] [8/324] SRLT
[00:00:13] [9/324] RCNS
[00:00:14] [10/324] DCBH
[00:00:15] [11/324] NAGJ
[00:00:16] [12/324] JVRC
[00:00:16] [13/324] KRJG
[00:00:17] [14/324] SRTJ
[00:00:18] [15/324] CMXM
[00:00:19] [16/324] STMI
[00:00:19] [17/324] SLST
[00:00:21] [18/324] DTCN
[00:00:22] [19/324] STYN
[00:00:23] [20/324] SZVR
[00:00:23] [21/324] SRKO
[00:00:24] [22/324] JTGT
[00:00:25] [23/324] SVFD
[00:00:26] [24/324] SISD
[00:00:27] [25/324] ABDD
[00:00:28] [26/324] DRCA
[00:00:29] [27/324] AVCS
[00:00:30] [28/324] MVKH
[00:00:31] [29/324] ACPR
[00:00:32] [30/324] STIP
[00:00:33] [31/324] MTRA
[00:00:33] [32/324] RMKH
[00:00:34] [33/324] NKRL
[00:00:35] [34/324] PCWN
[00:00:36] [35/324] BLMT
[00:00:37] [36/324] GDPG
[00:00:38] [37/324] SRMX
[00:00:39] [38/324] JACP
[00:00:40] [39/324] CPSH
[00:00:42] [40/324] MCCD
[00:00:43] [41/324] ECGH
[00:00:44] [42/324] MKCK
[00:00:44] [43/324] SRMM
[00:00:45] [44/324] SKYR
[00:00:46] [45/324] PCKC
[00:00:47] [46/324] JCMA
[00:00:48] [47/324] BSMP
[00:00:49] [48/324] VSPA
[00:00:50] [49/324] DJYA
[00:00:50] [50/324] DIMP
[00:00:52] [51/324] FXDR
[00:00:53] [52/324] SSRC
[00:00:53] [53/324] STHP
[00:00:54] [54/324] CPPD
[00:00:55] [55/324] FCLK
[00:00:56] [56/324] SCPP
[00:00:57] [57/324] DCMJ
[00:00:58] [58/324] RCCR
[00:00:59] [59/324] INMT
[00:01:00] [60/324] LXTK
[00:01:01] [61/324] SRYK
[00:01:01] [62/324] SGDK
[00:01:02] [63/324] PPKA
[00:01:03] [64/324] SPKA
[00:01:04] [65/324] CGHH
[00:01:05] [66/324] DCJN
[00:01:06] [67/324] SRKV
[00:01:07] [68/324] SAJC
[00:01:08] [69/324] SUSR
[00:01:08] [70/324] STYG
[00:01:09] [71/324] NTKP
[00:01:10] [72/324] AKTG
[00:01:11] [73/324] CGCM
[00:01:12] [74/324] TULC
[00:01:14] [75/324] NYYZ
[00:01:15] [76/324] NYBW
[00:01:16] [77/324] MACB
[00:01:16] [78/324] SLVT
[00:01:17] [79/324] SANA
[00:01:18] [80/324] ACMR
[00:01:19] [81/324] CPKN
[00:01:20] [82/324] DLGK
[00:01:21] [83/324] CWCK
[00:01:22] [84/324] FDDH
[00:01:23] [85/324] MMMD
[00:01:23] [86/324] CMEH
[00:01:25] [87/324] GGGV
[00:01:26] [88/324] SPJL
[00:01:27] [89/324] RCCD
[00:01:27] [90/324] STTZ
[00:01:29] [91/324] BTCF
[00:01:30] [92/324] TSTZ
[00:01:31] [93/324] IPMM
[00:01:32] [94/324] PMPW
[00:01:33] [95/324] PCMZ
[00:01:34] [96/324] ESEM
[00:01:35] [97/324] PIPO
[00:01:35] [98/324] MATK
[00:01:37] [99/324] PGHM
[00:01:38] [100/324] CTSR
[00:01:39] [101/324] CYKR
[00:01:40] [102/324] MSCM
[00:01:41] [103/324] RFNP
[00:01:41] [104/324] PDCP
[00:01:42] [105/324] NPSE
[00:01:43] [106/324] MKML
[00:01:44] [107/324] FTDP
[00:01:45] [108/324] MMXA
[00:01:46] [109/324] CEPO
[00:01:47] [110/324] CMVP
[00:01:48] [111/324] SGTH
[00:01:49] [112/324] SAYN
[00:01:50] [113/324] URVS
[00:01:51] [114/324] VJTN
[00:01:52] [115/324] BBYK
[00:01:52] [116/324] SHBO
[00:01:53] [117/324] VCMR
[00:01:54] [118/324] MACT
[00:01:55] [119/324] JMNP
[00:01:56] [120/324] VICS
[00:01:56] [121/324] VCDA
[00:01:57] [122/324] GCMM
[00:01:58] [123/324] INVS
[00:01:59] [124/324] SCGM
[00:02:00] [125/324] PCDA
[00:02:01] [126/324] KDCT
[00:02:02] [127/324] JACS
[00:02:03] [128/324] GMMC
[00:02:04] [129/324] AICM
[00:02:04] [130/324] TJCM
[00:02:05] [131/324] RMTI
[00:02:06] [132/324] SHAC
[00:02:07] [133/324] APJC
[00:02:07] [134/324] GCTG
[00:02:09] [135/324] SSMC
[00:02:10] [136/324] THRM
[00:02:11] [137/324] RBCT
[00:02:11] [138/324] DIKT
[00:02:13] [139/324] MIDL
[00:02:13] [140/324] VCSN
[00:02:14] [141/324] SKTG
[00:02:15] [142/324] SMWC
[00:02:16] [143/324] MNKH
[00:02:17] [144/324] PIAT
[00:02:17] [145/324] LTTP
[00:02:18] [146/324] PTPU
[00:02:19] [147/324] ACMG
[00:02:20] [148/324] SHMM
[00:02:21] [149/324] MCMN
[00:02:22] [150/324] GLDC
[00:02:22] [151/324] HOUT
[00:02:23] [152/324] SVRP
[00:02:24] [153/324] PVDN
[00:02:25] [154/324] SCPY
[00:02:26] [155/324] DTPY
[00:02:26] [156/324] GKCS
[00:02:27] [157/324] NCAM
[00:02:28] [158/324] BSRM
[00:02:29] [159/324] RCLC
[00:02:30] [160/324] SKKD
[00:02:31] [161/324] ACHU
[00:02:32] [162/324] RSCF
[00:02:32] [163/324] IMSH
[00:02:33] [164/324] MACX
[00:02:34] [165/324] HMMW
[00:02:34] [166/324] JTCP
[00:02:35] [167/324] SREN
[00:02:36] [168/324] PJRR
[00:02:37] [169/324] INAC
[00:02:38] [170/324] BMCA
[00:02:38] [171/324] SHCB
[00:02:39] [172/324] GABA
[00:02:40] [173/324] SBCT
[00:02:41] [174/324] GCMA
[00:02:42] [175/324] MYTK
[00:02:43] [176/324] INZS
[00:02:44] [177/324] RMIK
[00:02:44] [178/324] NYCH
[00:02:45] [179/324] RAVE
[00:02:46] [180/324] PSXM
[00:02:47] [181/324] MCGP
[00:02:48] [182/324] PDDK
[00:02:48] [183/324] SPCK
[00:02:49] [184/324] MCRL
[00:02:50] [185/324] MHKT
[00:02:51] [186/324] ANRR
[00:02:51] [187/324] SAPK
[00:02:52] [188/324] NCUK
[00:02:53] [189/324] JUGA
[00:02:54] [190/324] DBSC
[00:02:54] [191/324] LALK
[00:02:55] [192/324] GUCK
[00:02:56] [193/324] STSG
[00:02:57] [194/324] PPPZ
[00:02:58] [195/324] CNCY
[00:02:59] [196/324] MTAR
[00:03:00] [197/324] VNKD
[00:03:00] [198/324] KMAJ
[00:03:02] [199/324] ACXK
[00:03:03] [200/324] UTKC
[00:03:03] [201/324] PBLK
[00:03:04] [202/324] ACBX
[00:03:05] [203/324] PTGM
[00:03:05] [204/324] BTDA
[00:03:06] [205/324] PJMB
[00:03:07] [206/324] TPDA
[00:03:08] [207/324] AMOE
[00:03:10] [208/324] PRHT
[00:03:10] [209/324] PRTA
[00:03:11] [210/324] STAM
[00:03:12] [211/324] MSAA
[00:03:12] [212/324] SDLU
[00:03:14] [213/324] RCHH
[00:03:15] [214/324] KANT
[00:03:15] [215/324] FCRT
[00:03:16] [216/324] DNKM
[00:03:17] [217/324] RYCP
[00:03:17] [218/324] MYRP
[00:03:18] [219/324] PPAK
[00:03:19] [220/324] NVPK
[00:03:20] [221/324] PRMC
[00:03:21] [222/324] JBCS
[00:03:22] [223/324] GXCK
[00:03:23] [224/324] USKO
[00:03:23] [225/324] GTEM
[00:03:24] [226/324] SMBU
[00:03:25] [227/324] VETC
[00:03:25] [228/324] LCDA
[00:03:26] [229/324] MTVT
[00:03:27] [230/324] PYCP
[00:03:28] [231/324] PNSC
[00:03:29] [232/324] PPCC
[00:03:30] [233/324] TGRT
[00:03:30] [234/324] JYOT
[00:03:31] [235/324] SRCZ
[00:03:32] [236/324] SJTE
[00:03:34] [237/324] DESC
[00:03:34] [238/324] JHVN
[00:03:35] [239/324] IPSG
[00:03:36] [240/324] IPCM
[00:03:37] [241/324] PDRS
[00:03:38] [242/324] ANCV
[00:03:38] [243/324] CMVV
[00:03:40] [244/324] SHYP
[00:03:40] [245/324] DNCS
[00:03:41] [246/324] GAJK
[00:03:42] [247/324] AKTN
[00:03:42] [248/324] KAYA
[00:03:43] [249/324] SBRC
[00:03:44] [250/324] CHTP
[00:03:44] [251/324] SHRT
[00:03:45] [252/324] BCKU
[00:03:46] [253/324] FCPS
[00:03:47] [254/324] ARDD
[00:03:47] [255/324] CPCM
[00:03:48] [256/324] CGSM
[00:03:49] [257/324] PSMP
[00:03:50] [258/324] SDAL
[00:03:51] [259/324] RTNB
[00:03:52] [260/324] LMCR
[00:03:53] [261/324] CIMA
[00:03:54] [262/324] RNAS
[00:03:55] [263/324] LITH
[00:03:55] [264/324] PBOX
[00:03:56] [265/324] FRTS
[00:03:57] [266/324] RKIC
[00:03:57] [267/324] PTAI
[00:03:58] [268/324] GCIC
[00:03:59] [269/324] FNAS
[00:04:00] [270/324] SCAR
[00:04:01] [271/324] MTCA
[00:04:02] [272/324] SCTS
[00:04:03] [273/324] SYCS
[00:04:04] [274/324] RDMS
[00:04:05] [275/324] KAMP
[00:04:05] [276/324] ERSD
[00:04:06] [277/324] MJMJ
[00:04:07] [278/324] SRCJ
[00:04:07] [279/324] SCXE
[00:04:08] [280/324] SVFR
[00:04:10] [281/324] BHCS
[00:04:11] [282/324] IMCC
[00:04:11] [283/324] PCBO
[00:04:12] [284/324] PRVN
[00:04:12] [285/324] AUPM
[00:04:13] [286/324] INBW
[00:04:14] [287/324] SVCW
[00:04:15] [288/324] RKCF
[00:04:15] [289/324] UVBH
[00:04:16] [290/324] DNCY
[00:04:17] [291/324] ABCN
[00:04:18] [292/324] PRUR
[00:04:19] [293/324] PFMR
[00:04:19] [294/324] RKCN
[00:04:20] [295/324] CFEA
[00:04:21] [296/324] SDBG
[00:04:22] [297/324] SNAR
[00:04:23] [298/324] YISI
[00:04:24] [299/324] JCFF
[00:04:24] [300/324] VTRK
[00:04:25] [301/324] PCLZ
[00:04:26] [302/324] DIMY
[00:04:27] [303/324] BBTS
[00:04:27] [304/324] GATH
[00:04:28] [305/324] GTMN
[00:04:29] [306/324] VTMH
[00:04:30] [307/324] CCKP
[00:04:31] [308/324] GPKA
[00:04:31] [309/324] MHCL
[00:04:32] [310/324] ATCL
[00:04:33] [311/324] SBCK
[00:04:34] [312/324] AMMR
[00:04:35] [313/324] MADC
[00:04:36] [314/324] TMMA
[00:04:36] [315/324] CACC
[00:04:37] [316/324] CHAL
[00:04:38] [317/324] DURG
[00:04:39] [318/324] GMKU
[00:04:40] [319/324] GECA
[00:04:41] [320/324] KYRR
[00:04:42] [321/324] KSDE
[00:04:43] [322/324] LMCI
[00:04:43] [323/324] NKCP
[00:04:44] [324/324] BGTC
[00:04:45] ✅ DONE | Shows=0 | Movies=0
[00:50:01] 🚀 BMS DAILY TRACKER STARTED
[00:50:01] [1/324] GCTA
[00:50:01] 🧠 New identity
[00:50:02] [2/324] TOPN
[00:50:03] [3/324] MCUS
[00:50:04] [4/324] SHRL
[00:50:04] [5/324] UPTP
[00:50:06] [6/324] TMMP
[00:50:07] [7/324] DNRP
[00:50:07] [8/324] SRLT
[00:50:09] [9/324] RCNS
[00:50:09] [10/324] DCBH
[00:50:10] [11/324] NAGJ
[00:50:12] [12/324] JVRC
[00:50:13] [13/324] KRJG
[00:50:14] [14/324] SRTJ
[00:50:15] [15/324] CMXM
[00:50:16] [16/324] STMI
[00:50:17] [17/324] SLST
[00:50:18] [18/324] DTCN
[00:50:19] [19/324] STYN
[00:50:20] [20/324] SZVR
[00:50:21] [21/324] SRKO
[00:50:22] [22/324] JTGT
[00:50:23] [23/324] SVFD
[00:50:24] [24/324] SISD
[00:50:25] [25/324] ABDD
[00:50:26] [26/324] DRCA
[00:50:27] [27/324] AVCS
[00:50:28] [28/324] MVKH
[00:50:29] [29/324] ACPR
[00:50:30] [30/324] STIP
[00:50:31] [31/324] MTRA
[00:50:33] [32/324] RMKH
[00:50:34] [33/324] NKRL
[00:50:35] [34/324] PCWN
[00:50:35] [35/324] BLMT
[00:50:36] [36/324] GDPG
[00:50:37] [37/324] SRMX
[00:50:38] [38/324] JACP
[00:50:39] [39/324] CPSH
[00:50:40] [40/324] MCCD
[00:50:41] [41/324] ECGH
[00:50:42] [42/324] MKCK
[00:50:43] [43/324] SRMM
[00:50:45] [44/324] SKYR
[00:50:46] [45/324] PCKC
[00:50:47] [46/324] JCMA
[00:50:48] [47/324] BSMP
[00:50:49] [48/324] VSPA
[00:50:49] [49/324] DJYA
[00:50:50] [50/324] DIMP
[00:50:52] [51/324] FXDR
[00:50:53] [52/324] SSRC
[00:50:54] [53/324] STHP
[00:50:55] [54/324] CPPD
[00:50:56] [55/324] FCLK
[00:50:56] [56/324] SCPP
[00:50:57] [57/324] DCMJ
[00:50:58] [58/324] RCCR
[00:50:59] [59/324] INMT
[00:51:00] [60/324] LXTK
[00:51:01] [61/324] SRYK
[00:51:02] [62/324] SGDK
[00:51:03] [63/324] PPKA
[00:51:03] [64/324] SPKA
[00:51:04] [65/324] CGHH
[00:51:06] [66/324] DCJN
[00:51:07] [67/324] SRKV
[00:51:08] [68/324] SAJC
[00:51:09] [69/324] SUSR
[00:51:09] [70/324] STYG
[00:51:10] [71/324] NTKP
[00:51:11] [72/324] AKTG
[00:51:12] [73/324] CGCM
[00:51:13] [74/324] TULC
[00:51:15] [75/324] NYYZ
[00:51:16] [76/324] NYBW
[00:51:17] [77/324] MACB
[00:51:18] [78/324] SLVT
[00:51:19] [79/324] SANA
[00:51:20] [80/324] ACMR
[00:51:21] [81/324] CPKN
[00:51:22] [82/324] DLGK
[00:51:22] [83/324] CWCK
[00:51:24] [84/324] FDDH
[00:51:25] [85/324] MMMD
[00:51:26] [86/324] CMEH
[00:51:27] [87/324] GGGV
[00:51:28] [88/324] SPJL
[00:51:28] [89/324] RCCD
[00:51:29] [90/324] STTZ
[00:51:30] [91/324] BTCF
[00:51:31] [92/324] TSTZ
[00:51:32] [93/324] IPMM
[00:51:33] [94/324] PMPW
[00:51:34] [95/324] PCMZ
[00:51:35] [96/324] ESEM
[00:51:36] [97/324] PIPO
[00:51:36] [98/324] MATK
[00:51:37] [99/324] PGHM
[00:51:39] [100/324] CTSR
[00:51:39] [101/324] CYKR
[00:51:40] [102/324] MSCM
[00:51:41] [103/324] RFNP
[00:51:42] [104/324] PDCP
[00:51:43] [105/324] NPSE
[00:51:44] [106/324] MKML
[00:51:45] [107/324] FTDP
[00:51:46] [108/324] MMXA
[00:51:47] [109/324] CEPO
[00:51:48] [110/324] CMVP
[00:51:48] [111/324] SGTH
[00:51:49] [112/324] SAYN
[00:51:50] [113/324] URVS
[00:51:51] [114/324] VJTN
[00:51:52] [115/324] BBYK
[00:51:53] [116/324] SHBO
[00:51:54] [117/324] VCMR
[00:51:55] [118/324] MACT
[00:51:56] [119/324] JMNP
[00:51:57] [120/324] VICS
[00:51:58] [121/324] VCDA
[00:51:59] [122/324] GCMM
[00:51:59] [123/324] INVS
[00:52:00] [124/324] SCGM
[00:52:01] [125/324] PCDA
[00:52:02] [126/324] KDCT
[00:52:03] [127/324] JACS
[00:52:04] [128/324] GMMC
[00:52:05] [129/324] AICM
[00:52:06] [130/324] TJCM
[00:52:06] [131/324] RMTI
[00:52:07] [132/324] SHAC
[00:52:08] [133/324] APJC
[00:52:09] [134/324] GCTG
[00:52:10] [135/324] SSMC
[00:52:11] [136/324] THRM
[00:52:12] [137/324] RBCT
[00:52:13] [138/324] DIKT
[00:52:14] [139/324] MIDL
[00:52:15] [140/324] VCSN
[00:52:16] [141/324] SKTG
[00:52:17] [142/324] SMWC
[00:52:18] [143/324] MNKH
[00:52:19] [144/324] PIAT
[00:52:20] [145/324] LTTP
[00:52:21] [146/324] PTPU
[00:52:22] [147/324] ACMG
[00:52:23] [148/324] SHMM
[00:52:24] [149/324] MCMN
[00:52:25] [150/324] GLDC
[00:52:26] [151/324] HOUT
[00:52:27] [152/324] SVRP
[00:52:28] [153/324] PVDN
[00:52:28] [154/324] SCPY
[00:52:29] [155/324] DTPY
[00:52:30] [156/324] GKCS
[00:52:31] [157/324] NCAM
[00:52:32] [158/324] BSRM
[00:52:33] [159/324] RCLC
[00:52:34] [160/324] SKKD
[00:52:35] [161/324] ACHU
[00:52:36] [162/324] RSCF
[00:52:37] [163/324] IMSH
[00:52:37] [164/324] MACX
[00:52:38] [165/324] HMMW
[00:52:39] [166/324] JTCP
[00:52:40] [167/324] SREN
[00:52:41] [168/324] PJRR
[00:52:42] [169/324] INAC
[00:52:43] [170/324] BMCA
[00:52:44] [171/324] SHCB
[00:52:44] [172/324] GABA
[00:52:45] [173/324] SBCT
[00:52:46] [174/324] GCMA
[00:52:47] [175/324] MYTK
[00:52:48] [176/324] INZS
[00:52:49] [177/324] RMIK
[00:52:50] [178/324] NYCH
[00:52:52] [179/324] RAVE
[00:52:53] [180/324] PSXM
[00:52:54] [181/324] MCGP
[00:52:55] [182/324] PDDK
[00:52:55] [183/324] SPCK
[00:52:56] [184/324] MCRL
[00:52:57] [185/324] MHKT
[00:52:58] [186/324] ANRR
[00:52:59] [187/324] SAPK
[00:53:01] [188/324] NCUK
[00:53:01] [189/324] JUGA
[00:53:02] [190/324] DBSC
[00:53:04] [191/324] LALK
[00:53:05] [192/324] GUCK
[00:53:06] [193/324] STSG
[00:53:07] [194/324] PPPZ
[00:53:08] [195/324] CNCY
[00:53:09] [196/324] MTAR
[00:53:10] [197/324] VNKD
[00:53:11] [198/324] KMAJ
[00:53:12] [199/324] ACXK
[00:53:13] [200/324] UTKC
[00:53:14] [201/324] PBLK
[00:53:15] [202/324] ACBX
[00:53:17] [203/324] PTGM
[00:53:18] [204/324] BTDA
[00:53:18] [205/324] PJMB
[00:53:19] [206/324] TPDA
[00:53:20] [207/324] AMOE
[00:53:21] [208/324] PRHT
[00:53:22] [209/324] PRTA
[00:53:22] [210/324] STAM
[00:53:23] [211/324] MSAA
[00:53:24] [212/324] SDLU
[00:53:25] [213/324] RCHH
[00:53:27] [214/324] KANT
[00:53:28] [215/324] FCRT
[00:53:29] [216/324] DNKM
[00:53:30] [217/324] RYCP
[00:53:31] [218/324] MYRP
[00:53:31] [219/324] PPAK
[00:53:33] [220/324] NVPK
[00:53:34] [221/324] PRMC
[00:53:35] [222/324] JBCS
[00:53:36] [223/324] GXCK
[00:53:37] [224/324] USKO
[00:53:38] [225/324] GTEM
[00:53:39] [226/324] SMBU
[00:53:40] [227/324] VETC
[00:53:40] [228/324] LCDA
[00:53:41] [229/324] MTVT
[00:53:42] [230/324] PYCP
[00:53:44] [231/324] PNSC
[00:53:45] [232/324] PPCC
[00:53:46] [233/324] TGRT
[00:53:47] [234/324] JYOT
[00:53:47] [235/324] SRCZ
[00:53:48] [236/324] SJTE
[00:53:50] [237/324] DESC
[00:53:51] [238/324] JHVN
[00:53:52] [239/324] IPSG
[00:53:53] [240/324] IPCM
[00:53:55] [241/324] PDRS
[00:53:56] [242/324] ANCV
[00:53:57] [243/324] CMVV
[00:53:58] [244/324] SHYP
[00:53:59] [245/324] DNCS
[00:54:00] [246/324] GAJK
[00:54:01] [247/324] AKTN
[00:54:01] [248/324] KAYA
[00:54:03] [249/324] SBRC
[00:54:04] [250/324] CHTP
[00:54:04] [251/324] SHRT
[00:54:05] [252/324] BCKU
[00:54:06] [253/324] FCPS
[00:54:07] [254/324] ARDD
[00:54:08] [255/324] CPCM
[00:54:09] [256/324] CGSM
[00:54:10] [257/324] PSMP
[00:54:11] [258/324] SDAL
[00:54:11] [259/324] RTNB
[00:54:12] [260/324] LMCR
[00:54:13] [261/324] CIMA
[00:54:14] [262/324] RNAS
[00:54:16] [263/324] LITH
[00:54:17] [264/324] PBOX
[00:54:17] [265/324] FRTS
[00:54:19] [266/324] RKIC
[00:54:20] [267/324] PTAI
[00:54:21] [268/324] GCIC
[00:54:22] [269/324] FNAS
[00:54:22] [270/324] SCAR
[00:54:23] [271/324] MTCA
[00:54:24] [272/324] SCTS
[00:54:25] [273/324] SYCS
[00:54:27] [274/324] RDMS
[00:54:27] [275/324] KAMP
[00:54:28] [276/324] ERSD
[00:54:30] [277/324] MJMJ
[00:54:31] [278/324] SRCJ
[00:54:31] [279/324] SCXE
[00:54:32] [280/324] SVFR
[00:54:33] [281/324] BHCS
[00:54:34] [282/324] IMCC
[00:54:35] [283/324] PCBO
[00:54:36] [284/324] PRVN
[00:54:37] [285/324] AUPM
[00:54:38] [286/324] INBW
[00:54:39] [287/324] SVCW
[00:54:40] [288/324] RKCF
[00:54:40] [289/324] UVBH
[00:54:42] [290/324] DNCY
[00:54:42] [291/324] ABCN
[00:54:43] [292/324] PRUR
[00:54:44] [293/324] PFMR
[00:54:45] [294/324] RKCN
[00:54:46] [295/324] CFEA
[00:54:47] [296/324] SDBG
[00:54:48] [297/324] SNAR
[00:54:49] [298/324] YISI
[00:54:50] [299/324] JCFF
[00:54:51] [300/324] VTRK
[00:54:52] [301/324] PCLZ
[00:54:53] [302/324] DIMY
[00:54:53] [303/324] BBTS
[00:54:54] [304/324] GATH
[00:54:55] [305/324] GTMN
[00:54:57] [306/324] VTMH
[00:54:58] [307/324] CCKP
[00:54:58] [308/324] GPKA
[00:54:59] [309/324] MHCL
[00:55:00] [310/324] ATCL
[00:55:01] [311/324] SBCK
[00:55:02] [312/324] AMMR
[00:55:03] [313/324] MADC
[00:55:04] [314/324] TMMA
[00:55:05] [315/324] CACC
[00:55:05] [316/324] CHAL
[00:55:06] [317/324] DURG
[00:55:07] [318/324] GMKU
[00:55:08] [319/324] GECA
[00:55:09] [320/324] KYRR
[00:55:10] [321/324] KSDE
[00:55:11] [322/324] LMCI
[00:55:11] [323/324] NKCP
[00:55:12] [324/324] BGTC
[00:55:13] ✅ DONE | Shows=0 | Movies=0
[01:53:35] 🚀 BMS DAILY TRACKER STARTED
[01:53:35] [1/324] GCTA
[01:53:35] 🧠 New identity
[01:53:36] [2/324] TOPN
[01:53:37] [3/324] MCUS
[01:53:37] [4/324] SHRL
[01:53:38] [5/324] UPTP
[01:53:39] [6/324] TMMP
[01:53:39] [7/324] DNRP
[01:53:40] [8/324] SRLT
[01:53:41] [9/324] RCNS
[01:53:41] [10/324] DCBH
[01:53:42] [11/324] NAGJ
[01:53:42] [12/324] JVRC
[01:53:43] [13/324] KRJG
[01:53:44] [14/324] SRTJ
[01:53:44] [15/324] CMXM
[01:53:45] [16/324] STMI
[01:53:46] [17/324] SLST
[01:53:46] [18/324] DTCN
[01:53:47] [19/324] STYN
[01:53:48] [20/324] SZVR
[01:53:48] [21/324] SRKO
[01:53:49] [22/324] JTGT
[01:53:49] [23/324] SVFD
[01:53:50] [24/324] SISD
[01:53:51] [25/324] ABDD
[01:53:51] [26/324] DRCA
[01:53:52] [27/324] AVCS
[01:53:53] [28/324] MVKH
[01:53:53] [29/324] ACPR
[01:53:54] [30/324] STIP
[01:53:55] [31/324] MTRA
[01:53:55] [32/324] RMKH
[01:53:56] [33/324] NKRL
[01:53:56] [34/324] PCWN
[01:53:57] [35/324] BLMT
[01:53:58] [36/324] GDPG
[01:53:58] [37/324] SRMX
[01:53:59] [38/324] JACP
[01:53:59] [39/324] CPSH
[01:54:00] [40/324] MCCD
[01:54:01] [41/324] ECGH
[01:54:02] [42/324] MKCK
[01:54:02] [43/324] SRMM
[01:54:03] [44/324] SKYR
[01:54:04] [45/324] PCKC
[01:54:05] [46/324] JCMA
[01:54:05] [47/324] BSMP
[01:54:06] [48/324] VSPA
[01:54:06] [49/324] DJYA
[01:54:07] [50/324] DIMP
[01:54:08] [51/324] FXDR
[01:54:09] [52/324] SSRC
[01:54:10] [53/324] STHP
[01:54:10] [54/324] CPPD
[01:54:11] [55/324] FCLK
[01:54:11] [56/324] SCPP
[01:54:12] [57/324] DCMJ
[01:54:13] [58/324] RCCR
[01:54:13] [59/324] INMT
[01:54:14] [60/324] LXTK
[01:54:15] [61/324] SRYK
[01:54:15] [62/324] SGDK
[01:54:16] [63/324] PPKA
[01:54:17] [64/324] SPKA
[01:54:17] [65/324] CGHH
[01:54:18] [66/324] DCJN
[01:54:19] [67/324] SRKV
[01:54:19] [68/324] SAJC
[01:54:20] [69/324] SUSR
[01:54:21] [70/324] STYG
[01:54:21] [71/324] NTKP
[01:54:22] [72/324] AKTG
[01:54:23] [73/324] CGCM
[01:54:24] [74/324] TULC
[01:54:24] [75/324] NYYZ
[01:54:25] [76/324] NYBW
[01:54:26] [77/324] MACB
[01:54:27] [78/324] SLVT
[01:54:27] [79/324] SANA
[01:54:28] [80/324] ACMR
[01:54:29] [81/324] CPKN
[01:54:30] [82/324] DLGK
[01:54:30] [83/324] CWCK
[01:54:31] [84/324] FDDH
[01:54:32] [85/324] MMMD
[01:54:33] [86/324] CMEH
[01:54:33] [87/324] GGGV
[01:54:34] [88/324] SPJL
[01:54:34] [89/324] RCCD
[01:54:35] [90/324] STTZ
[01:54:36] [91/324] BTCF
[01:54:37] [92/324] TSTZ
[01:54:37] [93/324] IPMM
[01:54:38] [94/324] PMPW
[01:54:38] [95/324] PCMZ
[01:54:39] [96/324] ESEM
[01:54:40] [97/324] PIPO
[01:54:40] [98/324] MATK
[01:54:41] [99/324] PGHM
[01:54:42] [100/324] CTSR
[01:54:42] [101/324] CYKR
[01:54:43] [102/324] MSCM
[01:54:43] [103/324] RFNP
[01:54:44] [104/324] PDCP
[01:54:45] [105/324] NPSE
[01:54:45] [106/324] MKML
[01:54:46] [107/324] FTDP
[01:54:46] [108/324] MMXA
[01:54:47] [109/324] CEPO
[01:54:47] [110/324] CMVP
[01:54:48] [111/324] SGTH
[01:54:49] [112/324] SAYN
[01:54:49] [113/324] URVS
[01:54:50] [114/324] VJTN
[01:54:51] [115/324] BBYK
[01:54:51] [116/324] SHBO
[01:54:52] [117/324] VCMR
[01:54:52] [118/324] MACT
[01:54:53] [119/324] JMNP
[01:54:54] [120/324] VICS
[01:54:54] [121/324] VCDA
[01:54:55] [122/324] GCMM
[01:54:55] [123/324] INVS
[01:54:56] [124/324] SCGM
[01:54:56] [125/324] PCDA
[01:54:57] [126/324] KDCT
[01:54:58] [127/324] JACS
[01:54:58] [128/324] GMMC
[01:54:59] [129/324] AICM
[01:55:00] [130/324] TJCM
[01:55:01] [131/324] RMTI
[01:55:01] [132/324] SHAC
[01:55:02] [133/324] APJC
[01:55:03] [134/324] GCTG
[01:55:04] [135/324] SSMC
[01:55:04] [136/324] THRM
[01:55:05] [137/324] RBCT
[01:55:06] [138/324] DIKT
[01:55:06] [139/324] MIDL
[01:55:07] [140/324] VCSN
[01:55:08] [141/324] SKTG
[01:55:08] [142/324] SMWC
[01:55:09] [143/324] MNKH
[01:55:10] [144/324] PIAT
[01:55:11] [145/324] LTTP
[01:55:11] [146/324] PTPU
[01:55:12] [147/324] ACMG
[01:55:12] [148/324] SHMM
[01:55:13] [149/324] MCMN
[01:55:14] [150/324] GLDC
[01:55:14] [151/324] HOUT
[01:55:15] [152/324] SVRP
[01:55:15] [153/324] PVDN
[01:55:16] [154/324] SCPY
[01:55:17] [155/324] DTPY
[01:55:17] [156/324] GKCS
[01:55:18] [157/324] NCAM
[01:55:18] [158/324] BSRM
[01:55:19] [159/324] RCLC
[01:55:20] [160/324] SKKD
[01:55:20] [161/324] ACHU
[01:55:21] [162/324] RSCF
[01:55:21] [163/324] IMSH
[01:55:22] [164/324] MACX
[01:55:23] [165/324] HMMW
[01:55:24] [166/324] JTCP
[01:55:25] [167/324] SREN
[01:55:26] [168/324] PJRR
[01:55:27] [169/324] INAC
[01:55:27] [170/324] BMCA
[01:55:28] [171/324] SHCB
[01:55:28] [172/324] GABA
[01:55:29] [173/324] SBCT
[01:55:30] [174/324] GCMA
[01:55:31] [175/324] MYTK
[01:55:31] [176/324] INZS
[01:55:32] [177/324] RMIK
[01:55:32] [178/324] NYCH
[01:55:33] [179/324] RAVE
[01:55:34] [180/324] PSXM
[01:55:34] [181/324] MCGP
[01:55:35] [182/324] PDDK
[01:55:36] [183/324] SPCK
[01:55:36] [184/324] MCRL
[01:55:37] [185/324] MHKT
[01:55:38] [186/324] ANRR
[01:55:38] [187/324] SAPK
[01:55:39] [188/324] NCUK
[01:55:40] [189/324] JUGA
[01:55:40] [190/324] DBSC
[01:55:41] [191/324] LALK
[01:55:42] [192/324] GUCK
[01:55:42] [193/324] STSG
[01:55:42] [194/324] PPPZ
[01:55:43] [195/324] CNCY
[01:55:44] [196/324] MTAR
[01:55:45] [197/324] VNKD
[01:55:45] [198/324] KMAJ
[01:55:46] [199/324] ACXK
[01:55:47] [200/324] UTKC
[01:55:48] [201/324] PBLK
[01:55:49] [202/324] ACBX
[01:55:49] [203/324] PTGM
[01:55:50] [204/324] BTDA
[01:55:50] [205/324] PJMB
[01:55:51] [206/324] TPDA
[01:55:52] [207/324] AMOE
[01:55:52] [208/324] PRHT
[01:55:53] [209/324] PRTA
[01:55:54] [210/324] STAM
[01:55:55] [211/324] MSAA
[01:55:55] [212/324] SDLU
[01:55:56] [213/324] RCHH
[01:55:57] [214/324] KANT
[01:55:58] [215/324] FCRT
[01:55:58] [216/324] DNKM
[01:55:59] [217/324] RYCP
[01:56:00] [218/324] MYRP
[01:56:00] [219/324] PPAK
[01:56:01] [220/324] NVPK
[01:56:02] [221/324] PRMC
[01:56:02] [222/324] JBCS
[01:56:03] [223/324] GXCK
[01:56:03] [224/324] USKO
[01:56:04] [225/324] GTEM
[01:56:05] [226/324] SMBU
[01:56:05] [227/324] VETC
[01:56:06] [228/324] LCDA
[01:56:06] [229/324] MTVT
[01:56:07] [230/324] PYCP
[01:56:08] [231/324] PNSC
[01:56:08] [232/324] PPCC
[01:56:09] [233/324] TGRT
[01:56:09] [234/324] JYOT
[01:56:10] [235/324] SRCZ
[01:56:11] [236/324] SJTE
[01:56:11] [237/324] DESC
[01:56:12] [238/324] JHVN
[01:56:13] [239/324] IPSG
[01:56:14] [240/324] IPCM
[01:56:15] [241/324] PDRS
[01:56:16] [242/324] ANCV
[01:56:16] [243/324] CMVV
[01:56:17] [244/324] SHYP
[01:56:18] [245/324] DNCS
[01:56:18] [246/324] GAJK
[01:56:19] [247/324] AKTN
[01:56:19] [248/324] KAYA
[01:56:20] [249/324] SBRC
[01:56:21] [250/324] CHTP
[01:56:21] [251/324] SHRT
[01:56:22] [252/324] BCKU
[01:56:23] [253/324] FCPS
[01:56:23] [254/324] ARDD
[01:56:24] [255/324] CPCM
[01:56:24] [256/324] CGSM
[01:56:25] [257/324] PSMP
[01:56:26] [258/324] SDAL
[01:56:26] [259/324] RTNB
[01:56:27] [260/324] LMCR
[01:56:27] [261/324] CIMA
[01:56:28] [262/324] RNAS
[01:56:29] [263/324] LITH
[01:56:30] [264/324] PBOX
[01:56:31] [265/324] FRTS
[01:56:31] [266/324] RKIC
[01:56:32] [267/324] PTAI
[01:56:33] [268/324] GCIC
[01:56:33] [269/324] FNAS
[01:56:34] [270/324] SCAR
[01:56:35] [271/324] MTCA
[01:56:35] [272/324] SCTS
[01:56:36] [273/324] SYCS
[01:56:37] [274/324] RDMS
[01:56:37] [275/324] KAMP
[01:56:39] [276/324] ERSD
[01:56:39] [277/324] MJMJ
[01:56:40] [278/324] SRCJ
[01:56:41] [279/324] SCXE
[01:56:41] [280/324] SVFR
[01:56:42] [281/324] BHCS
[01:56:43] [282/324] IMCC
[01:56:43] [283/324] PCBO
[01:56:44] [284/324] PRVN
[01:56:44] [285/324] AUPM
[01:56:45] [286/324] INBW
[01:56:46] [287/324] SVCW
[01:56:46] [288/324] RKCF
[01:56:46] [289/324] UVBH
[01:56:47] [290/324] DNCY
[01:56:47] [291/324] ABCN
[01:56:48] [292/324] PRUR
[01:56:49] [293/324] PFMR
[01:56:49] [294/324] RKCN
[01:56:50] [295/324] CFEA
[01:56:51] [296/324] SDBG
[01:56:51] [297/324] SNAR
[01:56:52] [298/324] YISI
[01:56:53] [299/324] JCFF
[01:56:53] [300/324] VTRK
[01:56:54] [301/324] PCLZ
[01:56:55] [302/324] DIMY
[01:56:55] [303/324] BBTS
[01:56:56] [304/324] GATH
[01:56:56] [305/324] GTMN
[01:56:57] [306/324] VTMH
[01:56:58] [307/324] CCKP
[01:56:58] [308/324] GPKA
[01:56:59] [309/324] MHCL
[01:57:00] [310/324] ATCL
[01:57:00] [311/324] SBCK
[01:57:01] [312/324] AMMR
[01:57:01] [313/324] MADC
[01:57:02] [314/324] TMMA
[01:57:02] [315/324] CACC
[01:57:03] [316/324] CHAL
[01:57:04] [317/324] DURG
[01:57:04] [318/324] GMKU
[01:57:05] [319/324] GECA
[01:57:05] [320/324] KYRR
[01:57:06] [321/324] KSDE
[01:57:07] [322/324] LMCI
[01:57:07] [323/324] NKCP
[01:57:07] [324/324] BGTC
[01:57:08] ✅ DONE | Shows=0 | Movies=0
[02:50:21] 🚀 BMS DAILY TRACKER STARTED
[02:50:21] [1/324] GCTA
[02:50:21] 🧠 New identity
[02:50:22] [2/324] TOPN
[02:50:22] [3/324] MCUS
[02:50:23] [4/324] SHRL
[02:50:24] [5/324] UPTP
[02:50:25] [6/324] TMMP
[02:50:25] [7/324] DNRP
[02:50:26] [8/324] SRLT
[02:50:27] [9/324] RCNS
[02:50:28] [10/324] DCBH
[02:50:29] [11/324] NAGJ
[02:50:29] [12/324] JVRC
[02:50:30] [13/324] KRJG
[02:50:31] [14/324] SRTJ
[02:50:31] [15/324] CMXM
[02:50:32] [16/324] STMI
[02:50:33] [17/324] SLST
[02:50:33] [18/324] DTCN
[02:50:34] [19/324] STYN
[02:50:35] [20/324] SZVR
[02:50:36] [21/324] SRKO
[02:50:36] [22/324] JTGT
[02:50:38] [23/324] SVFD
[02:50:39] [24/324] SISD
[02:50:40] [25/324] ABDD
[02:50:41] [26/324] DRCA
[02:50:42] [27/324] AVCS
[02:50:42] [28/324] MVKH
[02:50:43] [29/324] ACPR
[02:50:44] [30/324] STIP
[02:50:45] [31/324] MTRA
[02:50:45] [32/324] RMKH
[02:50:46] [33/324] NKRL
[02:50:47] [34/324] PCWN
[02:50:47] [35/324] BLMT
[02:50:48] [36/324] GDPG
[02:50:49] [37/324] SRMX
[02:50:50] [38/324] JACP
[02:50:50] [39/324] CPSH
[02:50:51] [40/324] MCCD
[02:50:52] [41/324] ECGH
[02:50:52] [42/324] MKCK
[02:50:53] [43/324] SRMM
[02:50:54] [44/324] SKYR
[02:50:55] [45/324] PCKC
[02:50:55] [46/324] JCMA
[02:50:56] [47/324] BSMP
[02:50:56] [48/324] VSPA
[02:50:57] [49/324] DJYA
[02:50:57] [50/324] DIMP
[02:50:58] [51/324] FXDR
[02:50:59] [52/324] SSRC
[02:51:00] [53/324] STHP
[02:51:00] [54/324] CPPD
[02:51:01] [55/324] FCLK
[02:51:02] [56/324] SCPP
[02:51:02] [57/324] DCMJ
[02:51:03] [58/324] RCCR
[02:51:04] [59/324] INMT
[02:51:05] [60/324] LXTK
[02:51:05] [61/324] SRYK
[02:51:06] [62/324] SGDK
[02:51:07] [63/324] PPKA
[02:51:07] [64/324] SPKA
[02:51:08] [65/324] CGHH
[02:51:08] [66/324] DCJN
[02:51:09] [67/324] SRKV
[02:51:10] [68/324] SAJC
[02:51:11] [69/324] SUSR
[02:51:12] [70/324] STYG
[02:51:13] [71/324] NTKP
[02:51:14] [72/324] AKTG
[02:51:14] [73/324] CGCM
[02:51:16] [74/324] TULC
[02:51:17] [75/324] NYYZ
[02:51:17] [76/324] NYBW
[02:51:18] [77/324] MACB
[02:51:19] [78/324] SLVT
[02:51:19] [79/324] SANA
[02:51:20] [80/324] ACMR
[02:51:21] [81/324] CPKN
[02:51:21] [82/324] DLGK
[02:51:22] [83/324] CWCK
[02:51:22] [84/324] FDDH
[02:51:23] [85/324] MMMD
[02:51:24] [86/324] CMEH
[02:51:24] [87/324] GGGV
[02:51:25] [88/324] SPJL
[02:51:25] [89/324] RCCD
[02:51:26] [90/324] STTZ
[02:51:27] [91/324] BTCF
[02:51:27] [92/324] TSTZ
[02:51:28] [93/324] IPMM
[02:51:29] [94/324] PMPW
[02:51:29] [95/324] PCMZ
[02:51:30] [96/324] ESEM
[02:51:31] [97/324] PIPO
[02:51:31] [98/324] MATK
[02:51:32] [99/324] PGHM
[02:51:33] [100/324] CTSR
[02:51:33] [101/324] CYKR
[02:51:34] [102/324] MSCM
[02:51:35] [103/324] RFNP
[02:51:35] [104/324] PDCP
[02:51:36] [105/324] NPSE
[02:51:37] [106/324] MKML
[02:51:37] [107/324] FTDP
[02:51:38] [108/324] MMXA
[02:51:39] [109/324] CEPO
[02:51:40] [110/324] CMVP
[02:51:40] [111/324] SGTH
[02:51:41] [112/324] SAYN
[02:51:41] [113/324] URVS
[02:51:42] [114/324] VJTN
[02:51:43] [115/324] BBYK
[02:51:44] [116/324] SHBO
[02:51:45] [117/324] VCMR
[02:51:45] [118/324] MACT
[02:51:46] [119/324] JMNP
[02:51:47] [120/324] VICS
[02:51:48] [121/324] VCDA
[02:51:49] [122/324] GCMM
[02:51:49] [123/324] INVS
[02:51:50] [124/324] SCGM
[02:51:51] [125/324] PCDA
[02:51:52] [126/324] KDCT
[02:51:52] [127/324] JACS
[02:51:53] [128/324] GMMC
[02:51:54] [129/324] AICM
[02:51:54] [130/324] TJCM
[02:51:55] [131/324] RMTI
[02:51:56] [132/324] SHAC
[02:51:57] [133/324] APJC
[02:51:57] [134/324] GCTG
[02:51:58] [135/324] SSMC
[02:52:00] [136/324] THRM
[02:52:00] [137/324] RBCT
[02:52:01] [138/324] DIKT
[02:52:02] [139/324] MIDL
[02:52:02] [140/324] VCSN
[02:52:03] [141/324] SKTG
[02:52:03] [142/324] SMWC
[02:52:04] [143/324] MNKH
[02:52:05] [144/324] PIAT
[02:52:05] [145/324] LTTP
[02:52:06] [146/324] PTPU
[02:52:07] [147/324] ACMG
[02:52:07] [148/324] SHMM
[02:52:08] [149/324] MCMN
[02:52:09] [150/324] GLDC
[02:52:09] [151/324] HOUT
[02:52:10] [152/324] SVRP
[02:52:11] [153/324] PVDN
[02:52:11] [154/324] SCPY
[02:52:12] [155/324] DTPY
[02:52:13] [156/324] GKCS
[02:52:13] [157/324] NCAM
[02:52:14] [158/324] BSRM
[02:52:14] [159/324] RCLC
[02:52:15] [160/324] SKKD
[02:52:16] [161/324] ACHU
[02:52:17] [162/324] RSCF
[02:52:18] [163/324] IMSH
[02:52:18] [164/324] MACX
[02:52:19] [165/324] HMMW
[02:52:20] [166/324] JTCP
[02:52:20] [167/324] SREN
[02:52:21] [168/324] PJRR
[02:52:22] [169/324] INAC
[02:52:23] [170/324] BMCA
[02:52:24] [171/324] SHCB
[02:52:24] [172/324] GABA
[02:52:25] [173/324] SBCT
[02:52:25] [174/324] GCMA
[02:52:26] [175/324] MYTK
[02:52:26] [176/324] INZS
[02:52:27] [177/324] RMIK
[02:52:28] [178/324] NYCH
[02:52:29] [179/324] RAVE
[02:52:30] [180/324] PSXM
[02:52:30] [181/324] MCGP
[02:52:32] [182/324] PDDK
[02:52:32] [183/324] SPCK
[02:52:33] [184/324] MCRL
[02:52:34] [185/324] MHKT
[02:52:34] [186/324] ANRR
[02:52:35] [187/324] SAPK
[02:52:35] [188/324] NCUK
[02:52:36] [189/324] JUGA
[02:52:37] [190/324] DBSC
[02:52:38] [191/324] LALK
[02:52:38] [192/324] GUCK
[02:52:39] [193/324] STSG
[02:52:40] [194/324] PPPZ
[02:52:41] [195/324] CNCY
[02:52:41] [196/324] MTAR
[02:52:42] [197/324] VNKD
[02:52:43] [198/324] KMAJ
[02:52:44] [199/324] ACXK
[02:52:44] [200/324] UTKC
[02:52:45] [201/324] PBLK
[02:52:46] [202/324] ACBX
[02:52:47] [203/324] PTGM
[02:52:47] [204/324] BTDA
[02:52:48] [205/324] PJMB
[02:52:49] [206/324] TPDA
[02:52:50] [207/324] AMOE
[02:52:50] [208/324] PRHT
[02:52:51] [209/324] PRTA
[02:52:52] [210/324] STAM
[02:52:53] [211/324] MSAA
[02:52:53] [212/324] SDLU
[02:52:54] [213/324] RCHH
[02:52:55] [214/324] KANT
[02:52:56] [215/324] FCRT
[02:52:56] [216/324] DNKM
[02:52:57] [217/324] RYCP
[02:52:57] [218/324] MYRP
[02:52:58] [219/324] PPAK
[02:52:59] [220/324] NVPK
[02:53:00] [221/324] PRMC
[02:53:00] [222/324] JBCS
[02:53:02] [223/324] GXCK
[02:53:02] [224/324] USKO
[02:53:03] [225/324] GTEM
[02:53:04] [226/324] SMBU
[02:53:04] [227/324] VETC
[02:53:05] [228/324] LCDA
[02:53:06] [229/324] MTVT
[02:53:06] [230/324] PYCP
[02:53:07] [231/324] PNSC
[02:53:08] [232/324] PPCC
[02:53:09] [233/324] TGRT
[02:53:09] [234/324] JYOT
[02:53:10] [235/324] SRCZ
[02:53:10] [236/324] SJTE
[02:53:11] [237/324] DESC
[02:53:12] [238/324] JHVN
[02:53:13] [239/324] IPSG
[02:53:13] [240/324] IPCM
[02:53:14] [241/324] PDRS
[02:53:15] [242/324] ANCV
[02:53:15] [243/324] CMVV
[02:53:16] [244/324] SHYP
[02:53:16] [245/324] DNCS
[02:53:17] [246/324] GAJK
[02:53:18] [247/324] AKTN
[02:53:18] [248/324] KAYA
[02:53:19] [249/324] SBRC
[02:53:19] [250/324] CHTP
[02:53:20] [251/324] SHRT
[02:53:20] [252/324] BCKU
[02:53:21] [253/324] FCPS
[02:53:22] [254/324] ARDD
[02:53:23] [255/324] CPCM
[02:53:23] [256/324] CGSM
[02:53:24] [257/324] PSMP
[02:53:25] [258/324] SDAL
[02:53:26] [259/324] RTNB
[02:53:26] [260/324] LMCR
[02:53:27] [261/324] CIMA
[02:53:28] [262/324] RNAS
[02:53:29] [263/324] LITH
[02:53:29] [264/324] PBOX
[02:53:30] [265/324] FRTS
[02:53:31] [266/324] RKIC
[02:53:31] [267/324] PTAI
[02:53:32] [268/324] GCIC
[02:53:32] [269/324] FNAS
[02:53:33] [270/324] SCAR
[02:53:33] [271/324] MTCA
[02:53:34] [272/324] SCTS
[02:53:35] [273/324] SYCS
[02:53:36] [274/324] RDMS
[02:53:36] [275/324] KAMP
[02:53:38] [276/324] ERSD
[02:53:38] [277/324] MJMJ
[02:53:39] [278/324] SRCJ
[02:53:40] [279/324] SCXE
[02:53:40] [280/324] SVFR
[02:53:41] [281/324] BHCS
[02:53:42] [282/324] IMCC
[02:53:42] [283/324] PCBO
[02:53:43] [284/324] PRVN
[02:53:43] [285/324] AUPM
[02:53:44] [286/324] INBW
[02:53:45] [287/324] SVCW
[02:53:45] [288/324] RKCF
[02:53:47] [289/324] UVBH
[02:53:47] [290/324] DNCY
[02:53:48] [291/324] ABCN
[02:53:49] [292/324] PRUR
[02:53:50] [293/324] PFMR
[02:53:51] [294/324] RKCN
[02:53:52] [295/324] CFEA
[02:53:52] [296/324] SDBG
[02:53:53] [297/324] SNAR
[02:53:54] [298/324] YISI
[02:53:54] [299/324] JCFF
[02:53:55] [300/324] VTRK
[02:53:55] [301/324] PCLZ
[02:53:56] [302/324] DIMY
[02:53:57] [303/324] BBTS
[02:53:58] [304/324] GATH
[02:53:58] [305/324] GTMN
[02:53:59] [306/324] VTMH
[02:54:00] [307/324] CCKP
[02:54:00] [308/324] GPKA
[02:54:02] [309/324] MHCL
[02:54:03] [310/324] ATCL
[02:54:03] [311/324] SBCK
[02:54:04] [312/324] AMMR
[02:54:05] [313/324] MADC
[02:54:05] [314/324] TMMA
[02:54:06] [315/324] CACC
[02:54:06] [316/324] CHAL
[02:54:07] [317/324] DURG
[02:54:07] [318/324] GMKU
[02:54:08] [319/324] GECA
[02:54:09] [320/324] KYRR
[02:54:09] [321/324] KSDE
[02:54:11] [322/324] LMCI
[02:54:11] [323/324] NKCP
[02:54:12] [324/324] BGTC
[02:54:12] ✅ DONE | Shows=0 | Movies=0
[03:51:10] 🚀 BMS DAILY TRACKER STARTED
[03:51:10] [1/324] GCTA
[03:51:10] 🧠 New identity
[03:51:12] [2/324] TOPN
[03:51:13] [3/324] MCUS
[03:51:14] [4/324] SHRL
[03:51:15] [5/324] UPTP
[03:51:16] [6/324] TMMP
[03:51:17] [7/324] DNRP
[03:51:18] [8/324] SRLT
[03:51:19] [9/324] RCNS
[03:51:20] [10/324] DCBH
[03:51:20] [11/324] NAGJ
[03:51:21] [12/324] JVRC
[03:51:22] [13/324] KRJG
[03:51:23] [14/324] SRTJ
[03:51:24] [15/324] CMXM
[03:51:25] [16/324] STMI
[03:51:26] [17/324] SLST
[03:51:27] [18/324] DTCN
[03:51:28] [19/324] STYN
[03:51:30] [20/324] SZVR
[03:51:30] [21/324] SRKO
[03:51:31] [22/324] JTGT
[03:51:32] [23/324] SVFD
[03:51:33] [24/324] SISD
[03:51:34] [25/324] ABDD
[03:51:34] [26/324] DRCA
[03:51:35] [27/324] AVCS
[03:51:36] [28/324] MVKH
[03:51:37] [29/324] ACPR
[03:51:38] [30/324] STIP
[03:51:39] [31/324] MTRA
[03:51:40] [32/324] RMKH
[03:51:41] [33/324] NKRL
[03:51:42] [34/324] PCWN
[03:51:42] [35/324] BLMT
[03:51:43] [36/324] GDPG
[03:51:44] [37/324] SRMX
[03:51:46] [38/324] JACP
[03:51:47] [39/324] CPSH
[03:51:48] [40/324] MCCD
[03:51:49] [41/324] ECGH
[03:51:51] [42/324] MKCK
[03:51:52] [43/324] SRMM
[03:51:52] [44/324] SKYR
[03:51:54] [45/324] PCKC
[03:51:55] [46/324] JCMA
[03:51:56] [47/324] BSMP
[03:51:57] [48/324] VSPA
[03:51:57] [49/324] DJYA
[03:51:58] [50/324] DIMP
[03:51:59] [51/324] FXDR
[03:52:00] [52/324] SSRC
[03:52:01] [53/324] STHP
[03:52:03] [54/324] CPPD
[03:52:04] [55/324] FCLK
[03:52:05] [56/324] SCPP
[03:52:06] [57/324] DCMJ
[03:52:07] [58/324] RCCR
[03:52:08] [59/324] INMT
[03:52:10] [60/324] LXTK
[03:52:11] [61/324] SRYK
[03:52:12] [62/324] SGDK
[03:52:12] [63/324] PPKA
[03:52:14] [64/324] SPKA
[03:52:15] [65/324] CGHH
[03:52:16] [66/324] DCJN
[03:52:17] [67/324] SRKV
[03:52:19] [68/324] SAJC
[03:52:20] [69/324] SUSR
[03:52:20] [70/324] STYG
[03:52:21] [71/324] NTKP
[03:52:22] [72/324] AKTG
[03:52:23] [73/324] CGCM
[03:52:24] [74/324] TULC
[03:52:25] [75/324] NYYZ
[03:52:26] [76/324] NYBW
[03:52:27] [77/324] MACB
[03:52:28] [78/324] SLVT
[03:52:29] [79/324] SANA
[03:52:30] [80/324] ACMR
[03:52:31] [81/324] CPKN
[03:52:32] [82/324] DLGK
[03:52:33] [83/324] CWCK
[03:52:34] [84/324] FDDH
[03:52:35] [85/324] MMMD
[03:52:36] [86/324] CMEH
[03:52:37] [87/324] GGGV
[03:52:38] [88/324] SPJL
[03:52:39] [89/324] RCCD
[03:52:39] [90/324] STTZ
[03:52:40] [91/324] BTCF
[03:52:41] [92/324] TSTZ
[03:52:42] [93/324] IPMM
[03:52:43] [94/324] PMPW
[03:52:44] [95/324] PCMZ
[03:52:46] [96/324] ESEM
[03:52:48] [97/324] PIPO
[03:52:49] [98/324] MATK
[03:52:50] [99/324] PGHM
[03:52:50] [100/324] CTSR
[03:52:51] [101/324] CYKR
[03:52:52] [102/324] MSCM
[03:52:53] [103/324] RFNP
[03:52:54] [104/324] PDCP
[03:52:55] [105/324] NPSE
[03:52:56] [106/324] MKML
[03:52:57] [107/324] FTDP
[03:52:57] [108/324] MMXA
[03:52:59] [109/324] CEPO
[03:53:00] [110/324] CMVP
[03:53:01] [111/324] SGTH
[03:53:01] [112/324] SAYN
[03:53:02] [113/324] URVS
[03:53:03] [114/324] VJTN
[03:53:05] [115/324] BBYK
[03:53:05] [116/324] SHBO
[03:53:07] [117/324] VCMR
[03:53:08] [118/324] MACT
[03:53:10] [119/324] JMNP
[03:53:11] [120/324] VICS
[03:53:11] [121/324] VCDA
[03:53:12] [122/324] GCMM
[03:53:13] [123/324] INVS
[03:53:15] [124/324] SCGM
[03:53:16] [125/324] PCDA
[03:53:17] [126/324] KDCT
[03:53:18] [127/324] JACS
[03:53:19] [128/324] GMMC
[03:53:20] [129/324] AICM
[03:53:21] [130/324] TJCM
[03:53:22] [131/324] RMTI
[03:53:23] [132/324] SHAC
[03:53:24] [133/324] APJC
[03:53:25] [134/324] GCTG
[03:53:26] [135/324] SSMC
[03:53:27] [136/324] THRM
[03:53:27] [137/324] RBCT
[03:53:28] [138/324] DIKT
[03:53:29] [139/324] MIDL
[03:53:30] [140/324] VCSN
[03:53:31] [141/324] SKTG
[03:53:32] [142/324] SMWC
[03:53:33] [143/324] MNKH
[03:53:34] [144/324] PIAT
[03:53:35] [145/324] LTTP
[03:53:35] [146/324] PTPU
[03:53:36] [147/324] ACMG
[03:53:38] [148/324] SHMM
[03:53:39] [149/324] MCMN
[03:53:40] [150/324] GLDC
[03:53:41] [151/324] HOUT
[03:53:42] [152/324] SVRP
[03:53:43] [153/324] PVDN
[03:53:44] [154/324] SCPY
[03:53:45] [155/324] DTPY
[03:53:46] [156/324] GKCS
[03:53:46] [157/324] NCAM
[03:53:47] [158/324] BSRM
[03:53:48] [159/324] RCLC
[03:53:49] [160/324] SKKD
[03:53:50] [161/324] ACHU
[03:53:51] [162/324] RSCF
[03:53:52] [163/324] IMSH
[03:53:53] [164/324] MACX
[03:53:54] [165/324] HMMW
[03:53:55] [166/324] JTCP
[03:53:56] [167/324] SREN
[03:53:57] [168/324] PJRR
[03:53:57] [169/324] INAC
[03:53:58] [170/324] BMCA
[03:53:59] [171/324] SHCB
[03:54:00] [172/324] GABA
[03:54:01] [173/324] SBCT
[03:54:02] [174/324] GCMA
[03:54:03] [175/324] MYTK
[03:54:04] [176/324] INZS
[03:54:05] [177/324] RMIK
[03:54:06] [178/324] NYCH
[03:54:07] [179/324] RAVE
[03:54:08] [180/324] PSXM
[03:54:08] [181/324] MCGP
[03:54:09] [182/324] PDDK
[03:54:10] [183/324] SPCK
[03:54:11] [184/324] MCRL
[03:54:12] [185/324] MHKT
[03:54:13] [186/324] ANRR
[03:54:14] [187/324] SAPK
[03:54:14] [188/324] NCUK
[03:54:15] [189/324] JUGA
[03:54:16] [190/324] DBSC
[03:54:17] [191/324] LALK
[03:54:18] [192/324] GUCK
[03:54:19] [193/324] STSG
[03:54:20] [194/324] PPPZ
[03:54:21] [195/324] CNCY
[03:54:21] [196/324] MTAR
[03:54:22] [197/324] VNKD
[03:54:23] [198/324] KMAJ
[03:54:24] [199/324] ACXK
[03:54:25] [200/324] UTKC
[03:54:26] [201/324] PBLK
[03:54:27] [202/324] ACBX
[03:54:28] [203/324] PTGM
[03:54:29] [204/324] BTDA
[03:54:30] [205/324] PJMB
[03:54:31] [206/324] TPDA
[03:54:31] [207/324] AMOE
[03:54:32] [208/324] PRHT
[03:54:33] [209/324] PRTA
[03:54:34] [210/324] STAM
[03:54:35] [211/324] MSAA
[03:54:36] [212/324] SDLU
[03:54:37] [213/324] RCHH
[03:54:38] [214/324] KANT
[03:54:39] [215/324] FCRT
[03:54:40] [216/324] DNKM
[03:54:42] [217/324] RYCP
[03:54:43] [218/324] MYRP
[03:54:44] [219/324] PPAK
[03:54:44] [220/324] NVPK
[03:54:45] [221/324] PRMC
[03:54:46] [222/324] JBCS
[03:54:47] [223/324] GXCK
[03:54:48] [224/324] USKO
[03:54:49] [225/324] GTEM
[03:54:50] [226/324] SMBU
[03:54:51] [227/324] VETC
[03:54:52] [228/324] LCDA
[03:54:53] [229/324] MTVT
[03:54:53] [230/324] PYCP
[03:54:54] [231/324] PNSC
[03:54:55] [232/324] PPCC
[03:54:56] [233/324] TGRT
[03:54:57] [234/324] JYOT
[03:54:58] [235/324] SRCZ
[03:54:59] [236/324] SJTE
[03:55:00] [237/324] DESC
[03:55:00] [238/324] JHVN
[03:55:01] [239/324] IPSG
[03:55:02] [240/324] IPCM
[03:55:03] [241/324] PDRS
[03:55:04] [242/324] ANCV
[03:55:05] [243/324] CMVV
[03:55:06] [244/324] SHYP
[03:55:07] [245/324] DNCS
[03:55:08] [246/324] GAJK
[03:55:09] [247/324] AKTN
[03:55:11] [248/324] KAYA
[03:55:12] [249/324] SBRC
[03:55:13] [250/324] CHTP
[03:55:14] [251/324] SHRT
[03:55:15] [252/324] BCKU
[03:55:16] [253/324] FCPS
[03:55:17] [254/324] ARDD
[03:55:17] [255/324] CPCM
[03:55:19] [256/324] CGSM
[03:55:19] [257/324] PSMP
[03:55:20] [258/324] SDAL
[03:55:21] [259/324] RTNB
[03:55:22] [260/324] LMCR
[03:55:23] [261/324] CIMA
[03:55:23] [262/324] RNAS
[03:55:24] [263/324] LITH
[03:55:25] [264/324] PBOX
[03:55:26] [265/324] FRTS
[03:55:27] [266/324] RKIC
[03:55:28] [267/324] PTAI
[03:55:29] [268/324] GCIC
[03:55:30] [269/324] FNAS
[03:55:30] [270/324] SCAR
[03:55:31] [271/324] MTCA
[03:55:32] [272/324] SCTS
[03:55:33] [273/324] SYCS
[03:55:34] [274/324] RDMS
[03:55:35] [275/324] KAMP
[03:55:36] [276/324] ERSD
[03:55:36] [277/324] MJMJ
[03:55:37] [278/324] SRCJ
[03:55:38] [279/324] SCXE
[03:55:39] [280/324] SVFR
[03:55:40] [281/324] BHCS
[03:55:41] [282/324] IMCC
[03:55:42] [283/324] PCBO
[03:55:43] [284/324] PRVN
[03:55:43] [285/324] AUPM
[03:55:44] [286/324] INBW
[03:55:45] [287/324] SVCW
[03:55:46] [288/324] RKCF
[03:55:47] [289/324] UVBH
[03:55:47] [290/324] DNCY
[03:55:48] [291/324] ABCN
[03:55:49] [292/324] PRUR
[03:55:50] [293/324] PFMR
[03:55:51] [294/324] RKCN
[03:55:52] [295/324] CFEA
[03:55:53] [296/324] SDBG
[03:55:54] [297/324] SNAR
[03:55:54] [298/324] YISI
[03:55:55] [299/324] JCFF
[03:55:56] [300/324] VTRK
[03:55:57] [301/324] PCLZ
[03:55:58] [302/324] DIMY
[03:55:59] [303/324] BBTS
[03:56:00] [304/324] GATH
[03:56:00] [305/324] GTMN
[03:56:01] [306/324] VTMH
[03:56:02] [307/324] CCKP
[03:56:03] [308/324] GPKA
[03:56:04] [309/324] MHCL
[03:56:05] [310/324] ATCL
[03:56:05] [311/324] SBCK
[03:56:06] [312/324] AMMR
[03:56:08] [313/324] MADC
[03:56:09] [314/324] TMMA
[03:56:10] [315/324] CACC
[03:56:10] [316/324] CHAL
[03:56:12] [317/324] DURG
[03:56:13] [318/324] GMKU
[03:56:14] [319/324] GECA
[03:56:15] [320/324] KYRR
[03:56:16] [321/324] KSDE
[03:56:17] [322/324] LMCI
[03:56:18] [323/324] NKCP
[03:56:19] [324/324] BGTC
[03:56:20] ✅ DONE | Shows=0 | Movies=0
[04:51:07] 🚀 BMS DAILY TRACKER STARTED
[04:51:07] [1/324] GCTA
[04:51:07] 🧠 New identity
[04:51:08] [2/324] TOPN
[04:51:09] [3/324] MCUS
[04:51:10] [4/324] SHRL
[04:51:11] [5/324] UPTP
[04:51:11] [6/324] TMMP
[04:51:12] [7/324] DNRP
[04:51:13] [8/324] SRLT
[04:51:14] [9/324] RCNS
[04:51:15] [10/324] DCBH
[04:51:16] [11/324] NAGJ
[04:51:17] [12/324] JVRC
[04:51:18] [13/324] KRJG
[04:51:19] [14/324] SRTJ
[04:51:20] [15/324] CMXM
[04:51:21] [16/324] STMI
[04:51:22] [17/324] SLST
[04:51:23] [18/324] DTCN
[04:51:24] [19/324] STYN
[04:51:25] [20/324] SZVR
[04:51:26] [21/324] SRKO
[04:51:27] [22/324] JTGT
[04:51:28] [23/324] SVFD
[04:51:29] [24/324] SISD
[04:51:30] [25/324] ABDD
[04:51:31] [26/324] DRCA
[04:51:31] [27/324] AVCS
[04:51:32] [28/324] MVKH
[04:51:34] [29/324] ACPR
[04:51:35] [30/324] STIP
[04:51:36] [31/324] MTRA
[04:51:36] [32/324] RMKH
[04:51:37] [33/324] NKRL
[04:51:38] [34/324] PCWN
[04:51:39] [35/324] BLMT
[04:51:40] [36/324] GDPG
[04:51:41] [37/324] SRMX
[04:51:41] [38/324] JACP
[04:51:42] [39/324] CPSH
[04:51:43] [40/324] MCCD
[04:51:44] [41/324] ECGH
[04:51:45] [42/324] MKCK
[04:51:46] [43/324] SRMM
[04:51:46] [44/324] SKYR
[04:51:47] [45/324] PCKC
[04:51:48] [46/324] JCMA
[04:51:49] [47/324] BSMP
[04:51:51] [48/324] VSPA
[04:51:52] [49/324] DJYA
[04:51:53] [50/324] DIMP
[04:51:54] [51/324] FXDR
[04:51:55] [52/324] SSRC
[04:51:57] [53/324] STHP
[04:51:58] [54/324] CPPD
[04:51:59] [55/324] FCLK
[04:51:59] [56/324] SCPP
[04:52:00] [57/324] DCMJ
[04:52:01] [58/324] RCCR
[04:52:02] [59/324] INMT
[04:52:03] [60/324] LXTK
[04:52:03] [61/324] SRYK
[04:52:04] [62/324] SGDK
[04:52:05] [63/324] PPKA
[04:52:06] [64/324] SPKA
[04:52:07] [65/324] CGHH
[04:52:08] [66/324] DCJN
[04:52:08] [67/324] SRKV
[04:52:09] [68/324] SAJC
[04:52:10] [69/324] SUSR
[04:52:11] [70/324] STYG
[04:52:12] [71/324] NTKP
[04:52:12] [72/324] AKTG
[04:52:13] [73/324] CGCM
[04:52:14] [74/324] TULC
[04:52:15] [75/324] NYYZ
[04:52:17] [76/324] NYBW
[04:52:18] [77/324] MACB
[04:52:19] [78/324] SLVT
[04:52:19] [79/324] SANA
[04:52:21] [80/324] ACMR
[04:52:22] [81/324] CPKN
[04:52:23] [82/324] DLGK
[04:52:24] [83/324] CWCK
[04:52:25] [84/324] FDDH
[04:52:26] [85/324] MMMD
[04:52:27] [86/324] CMEH
[04:52:27] [87/324] GGGV
[04:52:28] [88/324] SPJL
[04:52:29] [89/324] RCCD
[04:52:30] [90/324] STTZ
[04:52:31] [91/324] BTCF
[04:52:32] [92/324] TSTZ
[04:52:33] [93/324] IPMM
[04:52:34] [94/324] PMPW
[04:52:34] [95/324] PCMZ
[04:52:35] [96/324] ESEM
[04:52:36] [97/324] PIPO
[04:52:37] [98/324] MATK
[04:52:38] [99/324] PGHM
[04:52:39] [100/324] CTSR
[04:52:39] [101/324] CYKR
[04:52:40] [102/324] MSCM
[04:52:42] [103/324] RFNP
[04:52:43] [104/324] PDCP
[04:52:44] [105/324] NPSE
[04:52:45] [106/324] MKML
[04:52:46] [107/324] FTDP
[04:52:47] [108/324] MMXA
[04:52:48] [109/324] CEPO
[04:52:49] [110/324] CMVP
[04:52:50] [111/324] SGTH
[04:52:51] [112/324] SAYN
[04:52:52] [113/324] URVS
[04:52:53] [114/324] VJTN
[04:52:54] [115/324] BBYK
[04:52:55] [116/324] SHBO
[04:52:55] [117/324] VCMR
[04:52:57] [118/324] MACT
[04:52:58] [119/324] JMNP
[04:52:59] [120/324] VICS
[04:53:00] [121/324] VCDA
[04:53:01] [122/324] GCMM
[04:53:02] [123/324] INVS
[04:53:02] [124/324] SCGM
[04:53:03] [125/324] PCDA
[04:53:04] [126/324] KDCT
[04:53:06] [127/324] JACS
[04:53:07] [128/324] GMMC
[04:53:08] [129/324] AICM
[04:53:08] [130/324] TJCM
[04:53:09] [131/324] RMTI
[04:53:10] [132/324] SHAC
[04:53:11] [133/324] APJC
[04:53:12] [134/324] GCTG
[04:53:13] [135/324] SSMC
[04:53:14] [136/324] THRM
[04:53:14] [137/324] RBCT
[04:53:15] [138/324] DIKT
[04:53:16] [139/324] MIDL
[04:53:17] [140/324] VCSN
[04:53:18] [141/324] SKTG
[04:53:19] [142/324] SMWC
[04:53:20] [143/324] MNKH
[04:53:20] [144/324] PIAT
[04:53:21] [145/324] LTTP
[04:53:22] [146/324] PTPU
[04:53:23] [147/324] ACMG
[04:53:24] [148/324] SHMM
[04:53:25] [149/324] MCMN
[04:53:26] [150/324] GLDC
[04:53:26] [151/324] HOUT
[04:53:27] [152/324] SVRP
[04:53:28] [153/324] PVDN
[04:53:29] [154/324] SCPY
[04:53:30] [155/324] DTPY
[04:53:31] [156/324] GKCS
[04:53:32] [157/324] NCAM
[04:53:32] [158/324] BSRM
[04:53:33] [159/324] RCLC
[04:53:34] [160/324] SKKD
[04:53:35] [161/324] ACHU
[04:53:35] [162/324] RSCF
[04:53:36] [163/324] IMSH
[04:53:37] [164/324] MACX
[04:53:38] [165/324] HMMW
[04:53:39] [166/324] JTCP
[04:53:40] [167/324] SREN
[04:53:40] [168/324] PJRR
[04:53:42] [169/324] INAC
[04:53:43] [170/324] BMCA
[04:53:43] [171/324] SHCB
[04:53:44] [172/324] GABA
[04:53:45] [173/324] SBCT
[04:53:46] [174/324] GCMA
[04:53:47] [175/324] MYTK
[04:53:48] [176/324] INZS
[04:53:49] [177/324] RMIK
[04:53:49] [178/324] NYCH
[04:53:50] [179/324] RAVE
[04:53:51] [180/324] PSXM
[04:53:52] [181/324] MCGP
[04:53:53] [182/324] PDDK
[04:53:54] [183/324] SPCK
[04:53:55] [184/324] MCRL
[04:53:56] [185/324] MHKT
[04:53:56] [186/324] ANRR
[04:53:57] [187/324] SAPK
[04:53:58] [188/324] NCUK
[04:53:59] [189/324] JUGA
[04:54:00] [190/324] DBSC
[04:54:01] [191/324] LALK
[04:54:02] [192/324] GUCK
[04:54:03] [193/324] STSG
[04:54:03] [194/324] PPPZ
[04:54:04] [195/324] CNCY
[04:54:05] [196/324] MTAR
[04:54:06] [197/324] VNKD
[04:54:07] [198/324] KMAJ
[04:54:08] [199/324] ACXK
[04:54:09] [200/324] UTKC
[04:54:10] [201/324] PBLK
[04:54:11] [202/324] ACBX
[04:54:12] [203/324] PTGM
[04:54:13] [204/324] BTDA
[04:54:13] [205/324] PJMB
[04:54:14] [206/324] TPDA
[04:54:15] [207/324] AMOE
[04:54:16] [208/324] PRHT
[04:54:18] [209/324] PRTA
[04:54:19] [210/324] STAM
[04:54:20] [211/324] MSAA
[04:54:20] [212/324] SDLU
[04:54:21] [213/324] RCHH
[04:54:22] [214/324] KANT
[04:54:23] [215/324] FCRT
[04:54:24] [216/324] DNKM
[04:54:24] [217/324] RYCP
[04:54:25] [218/324] MYRP
[04:54:26] [219/324] PPAK
[04:54:27] [220/324] NVPK
[04:54:28] [221/324] PRMC
[04:54:29] [222/324] JBCS
[04:54:30] [223/324] GXCK
[04:54:30] [224/324] USKO
[04:54:31] [225/324] GTEM
[04:54:32] [226/324] SMBU
[04:54:33] [227/324] VETC
[04:54:34] [228/324] LCDA
[04:54:34] [229/324] MTVT
[04:54:35] [230/324] PYCP
[04:54:37] [231/324] PNSC
[04:54:38] [232/324] PPCC
[04:54:39] [233/324] TGRT
[04:54:40] [234/324] JYOT
[04:54:41] [235/324] SRCZ
[04:54:41] [236/324] SJTE
[04:54:42] [237/324] DESC
[04:54:43] [238/324] JHVN
[04:54:44] [239/324] IPSG
[04:54:45] [240/324] IPCM
[04:54:46] [241/324] PDRS
[04:54:46] [242/324] ANCV
[04:54:47] [243/324] CMVV
[04:54:48] [244/324] SHYP
[04:54:49] [245/324] DNCS
[04:54:50] [246/324] GAJK
[04:54:51] [247/324] AKTN
[04:54:52] [248/324] KAYA
[04:54:52] [249/324] SBRC
[04:54:53] [250/324] CHTP
[04:54:54] [251/324] SHRT
[04:54:55] [252/324] BCKU
[04:54:56] [253/324] FCPS
[04:54:56] [254/324] ARDD
[04:54:57] [255/324] CPCM
[04:54:58] [256/324] CGSM
[04:54:59] [257/324] PSMP
[04:55:00] [258/324] SDAL
[04:55:01] [259/324] RTNB
[04:55:02] [260/324] LMCR
[04:55:03] [261/324] CIMA
[04:55:04] [262/324] RNAS
[04:55:05] [263/324] LITH
[04:55:06] [264/324] PBOX
[04:55:07] [265/324] FRTS
[04:55:08] [266/324] RKIC
[04:55:09] [267/324] PTAI
[04:55:10] [268/324] GCIC
[04:55:11] [269/324] FNAS
[04:55:12] [270/324] SCAR
[04:55:13] [271/324] MTCA
[04:55:13] [272/324] SCTS
[04:55:15] [273/324] SYCS
[04:55:16] [274/324] RDMS
[04:55:17] [275/324] KAMP
[04:55:18] [276/324] ERSD
[04:55:19] [277/324] MJMJ
[04:55:20] [278/324] SRCJ
[04:55:21] [279/324] SCXE
[04:55:22] [280/324] SVFR
[04:55:23] [281/324] BHCS
[04:55:23] [282/324] IMCC
[04:55:24] [283/324] PCBO
[04:55:25] [284/324] PRVN
[04:55:26] [285/324] AUPM
[04:55:27] [286/324] INBW
[04:55:28] [287/324] SVCW
[04:55:29] [288/324] RKCF
[04:55:29] [289/324] UVBH
[04:55:30] [290/324] DNCY
[04:55:31] [291/324] ABCN
[04:55:32] [292/324] PRUR
[04:55:33] [293/324] PFMR
[04:55:34] [294/324] RKCN
[04:55:35] [295/324] CFEA
[04:55:36] [296/324] SDBG
[04:55:37] [297/324] SNAR
[04:55:38] [298/324] YISI
[04:55:38] [299/324] JCFF
[04:55:39] [300/324] VTRK
[04:55:40] [301/324] PCLZ
[04:55:41] [302/324] DIMY
[04:55:42] [303/324] BBTS
[04:55:43] [304/324] GATH
[04:55:43] [305/324] GTMN
[04:55:44] [306/324] VTMH
[04:55:45] [307/324] CCKP
[04:55:46] [308/324] GPKA
[04:55:48] [309/324] MHCL
[04:55:48] [310/324] ATCL
[04:55:49] [311/324] SBCK
[04:55:50] [312/324] AMMR
[04:55:51] [313/324] MADC
[04:55:52] [314/324] TMMA
[04:55:53] [315/324] CACC
[04:55:54] [316/324] CHAL
[04:55:55] [317/324] DURG
[04:55:56] [318/324] GMKU
[04:55:56] [319/324] GECA
[04:55:57] [320/324] KYRR
[04:55:58] [321/324] KSDE
[04:55:59] [322/324] LMCI
[04:56:00] [323/324] NKCP
[04:56:00] [324/324] BGTC
[04:56:01] ✅ DONE | Shows=4 | Movies=3
[07:11:31] 🚀 BMS DAILY TRACKER STARTED
[07:11:31] [1/324] GCTA
[07:11:31] 🧠 New identity
[07:11:31] [2/324] TOPN
[07:11:32] [3/324] MCUS
[07:11:33] [4/324] SHRL
[07:11:33] [5/324] UPTP
[07:11:34] [6/324] TMMP
[07:11:35] [7/324] DNRP
[07:11:36] [8/324] SRLT
[07:11:36] [9/324] RCNS
[07:11:37] [10/324] DCBH
[07:11:38] [11/324] NAGJ
[07:11:38] [12/324] JVRC
[07:11:39] [13/324] KRJG
[07:11:39] [14/324] SRTJ
[07:11:40] [15/324] CMXM
[07:11:41] [16/324] STMI
[07:11:41] [17/324] SLST
[07:11:42] [18/324] DTCN
[07:11:42] [19/324] STYN
[07:11:43] [20/324] SZVR
[07:11:44] [21/324] SRKO
[07:11:44] [22/324] JTGT
[07:11:45] [23/324] SVFD
[07:11:46] [24/324] SISD
[07:11:46] [25/324] ABDD
[07:11:47] [26/324] DRCA
[07:11:47] [27/324] AVCS
[07:11:48] [28/324] MVKH
[07:11:48] [29/324] ACPR
[07:11:49] [30/324] STIP
[07:11:49] [31/324] MTRA
[07:11:50] [32/324] RMKH
[07:11:51] [33/324] NKRL
[07:11:51] [34/324] PCWN
[07:11:52] [35/324] BLMT
[07:11:53] [36/324] GDPG
[07:11:53] [37/324] SRMX
[07:11:54] [38/324] JACP
[07:11:54] [39/324] CPSH
[07:11:55] [40/324] MCCD
[07:11:56] [41/324] ECGH
[07:11:56] [42/324] MKCK
[07:11:57] [43/324] SRMM
[07:11:57] [44/324] SKYR
[07:11:58] [45/324] PCKC
[07:11:58] [46/324] JCMA
[07:11:59] [47/324] BSMP
[07:11:59] [48/324] VSPA
[07:12:00] [49/324] DJYA
[07:12:00] [50/324] DIMP
[07:12:01] [51/324] FXDR
[07:12:02] [52/324] SSRC
[07:12:02] [53/324] STHP
[07:12:03] [54/324] CPPD
[07:12:04] [55/324] FCLK
[07:12:04] [56/324] SCPP
[07:12:04] [57/324] DCMJ
[07:12:05] [58/324] RCCR
[07:12:06] [59/324] INMT
[07:12:06] [60/324] LXTK
[07:12:07] [61/324] SRYK
[07:12:07] [62/324] SGDK
[07:12:08] [63/324] PPKA
[07:12:09] [64/324] SPKA
[07:12:09] [65/324] CGHH
[07:12:10] [66/324] DCJN
[07:12:10] [67/324] SRKV
[07:12:11] [68/324] SAJC
[07:12:12] [69/324] SUSR
[07:12:12] [70/324] STYG
[07:12:13] [71/324] NTKP
[07:12:14] [72/324] AKTG
[07:12:14] [73/324] CGCM
[07:12:15] [74/324] TULC
[07:12:16] [75/324] NYYZ
[07:12:16] [76/324] NYBW
[07:12:17] [77/324] MACB
[07:12:17] [78/324] SLVT
[07:12:18] [79/324] SANA
[07:12:18] [80/324] ACMR
[07:12:19] [81/324] CPKN
[07:12:20] [82/324] DLGK
[07:12:20] [83/324] CWCK
[07:12:21] [84/324] FDDH
[07:12:22] [85/324] MMMD
[07:12:22] [86/324] CMEH
[07:12:23] [87/324] GGGV
[07:12:24] [88/324] SPJL
[07:12:24] [89/324] RCCD
[07:12:25] [90/324] STTZ
[07:12:25] [91/324] BTCF
[07:12:26] [92/324] TSTZ
[07:12:27] [93/324] IPMM
[07:12:27] [94/324] PMPW
[07:12:28] [95/324] PCMZ
[07:12:28] [96/324] ESEM
[07:12:29] [97/324] PIPO
[07:12:29] [98/324] MATK
[07:12:30] [99/324] PGHM
[07:12:30] [100/324] CTSR
[07:12:31] [101/324] CYKR
[07:12:31] [102/324] MSCM
[07:12:32] [103/324] RFNP
[07:12:33] [104/324] PDCP
[07:12:33] [105/324] NPSE
[07:12:34] [106/324] MKML
[07:12:35] [107/324] FTDP
[07:12:35] [108/324] MMXA
[07:12:36] [109/324] CEPO
[07:12:36] [110/324] CMVP
[07:12:37] [111/324] SGTH
[07:12:38] [112/324] SAYN
[07:12:38] [113/324] URVS
[07:12:39] [114/324] VJTN
[07:12:39] [115/324] BBYK
[07:12:40] [116/324] SHBO
[07:12:40] [117/324] VCMR
[07:12:41] [118/324] MACT
[07:12:42] [119/324] JMNP
[07:12:42] [120/324] VICS
[07:12:43] [121/324] VCDA
[07:12:44] [122/324] GCMM
[07:12:44] [123/324] INVS
[07:12:45] [124/324] SCGM
[07:12:45] [125/324] PCDA
[07:12:46] [126/324] KDCT
[07:12:46] [127/324] JACS
[07:12:46] [128/324] GMMC
[07:12:47] [129/324] AICM
[07:12:48] [130/324] TJCM
[07:12:48] [131/324] RMTI
[07:12:49] [132/324] SHAC
[07:12:49] [133/324] APJC
[07:12:50] [134/324] GCTG
[07:12:50] [135/324] SSMC
[07:12:51] [136/324] THRM
[07:12:52] [137/324] RBCT
[07:12:52] [138/324] DIKT
[07:12:53] [139/324] MIDL
[07:12:54] [140/324] VCSN
[07:12:54] [141/324] SKTG
[07:12:55] [142/324] SMWC
[07:12:55] [143/324] MNKH
[07:12:56] [144/324] PIAT
[07:12:56] [145/324] LTTP
[07:12:57] [146/324] PTPU
[07:12:58] [147/324] ACMG
[07:12:58] [148/324] SHMM
[07:12:59] [149/324] MCMN
[07:13:00] [150/324] GLDC
[07:13:00] [151/324] HOUT
[07:13:01] [152/324] SVRP
[07:13:01] [153/324] PVDN
[07:13:02] [154/324] SCPY
[07:13:03] [155/324] DTPY
[07:13:03] [156/324] GKCS
[07:13:04] [157/324] NCAM
[07:13:04] [158/324] BSRM
[07:13:05] [159/324] RCLC
[07:13:05] [160/324] SKKD
[07:13:06] [161/324] ACHU
[07:13:07] [162/324] RSCF
[07:13:07] [163/324] IMSH
[07:13:07] [164/324] MACX
[07:13:08] [165/324] HMMW
[07:13:08] [166/324] JTCP
[07:13:09] [167/324] SREN
[07:13:10] [168/324] PJRR
[07:13:10] [169/324] INAC
[07:13:11] [170/324] BMCA
[07:13:11] [171/324] SHCB
[07:13:12] [172/324] GABA
[07:13:12] [173/324] SBCT
[07:13:13] [174/324] GCMA
[07:13:13] [175/324] MYTK
[07:13:14] [176/324] INZS
[07:13:15] [177/324] RMIK
[07:13:15] [178/324] NYCH
[07:13:16] [179/324] RAVE
[07:13:17] [180/324] PSXM
[07:13:17] [181/324] MCGP
[07:13:18] [182/324] PDDK
[07:13:18] [183/324] SPCK
[07:13:19] [184/324] MCRL
[07:13:20] [185/324] MHKT
[07:13:21] [186/324] ANRR
[07:13:21] [187/324] SAPK
[07:13:22] [188/324] NCUK
[07:13:22] [189/324] JUGA
[07:13:23] [190/324] DBSC
[07:13:23] [191/324] LALK
[07:13:24] [192/324] GUCK
[07:13:24] [193/324] STSG
[07:13:25] [194/324] PPPZ
[07:13:25] [195/324] CNCY
[07:13:26] [196/324] MTAR
[07:13:26] [197/324] VNKD
[07:13:27] [198/324] KMAJ
[07:13:27] [199/324] ACXK
[07:13:28] [200/324] UTKC
[07:13:29] [201/324] PBLK
[07:13:29] [202/324] ACBX
[07:13:30] [203/324] PTGM
[07:13:30] [204/324] BTDA
[07:13:31] [205/324] PJMB
[07:13:31] [206/324] TPDA
[07:13:32] [207/324] AMOE
[07:13:33] [208/324] PRHT
[07:13:33] [209/324] PRTA
[07:13:34] [210/324] STAM
[07:13:35] [211/324] MSAA
[07:13:35] [212/324] SDLU
[07:13:36] [213/324] RCHH
[07:13:36] [214/324] KANT
[07:13:37] [215/324] FCRT
[07:13:38] [216/324] DNKM
[07:13:38] [217/324] RYCP
[07:13:39] [218/324] MYRP
[07:13:39] [219/324] PPAK
[07:13:40] [220/324] NVPK
[07:13:41] [221/324] PRMC
[07:13:41] [222/324] JBCS
[07:13:42] [223/324] GXCK
[07:13:42] [224/324] USKO
[07:13:43] [225/324] GTEM
[07:13:43] [226/324] SMBU
[07:13:44] [227/324] VETC
[07:13:45] [228/324] LCDA
[07:13:45] [229/324] MTVT
[07:13:46] [230/324] PYCP
[07:13:47] [231/324] PNSC
[07:13:47] [232/324] PPCC
[07:13:48] [233/324] TGRT
[07:13:48] [234/324] JYOT
[07:13:49] [235/324] SRCZ
[07:13:49] [236/324] SJTE
[07:13:50] [237/324] DESC
[07:13:50] [238/324] JHVN
[07:13:51] [239/324] IPSG
[07:13:52] [240/324] IPCM
[07:13:52] [241/324] PDRS
[07:13:53] [242/324] ANCV
[07:13:53] [243/324] CMVV
[07:13:54] [244/324] SHYP
[07:13:55] [245/324] DNCS
[07:13:55] [246/324] GAJK
[07:13:56] [247/324] AKTN
[07:13:56] [248/324] KAYA
[07:13:57] [249/324] SBRC
[07:13:58] [250/324] CHTP
[07:13:58] [251/324] SHRT
[07:13:59] [252/324] BCKU
[07:14:00] [253/324] FCPS
[07:14:00] [254/324] ARDD
[07:14:01] [255/324] CPCM
[07:14:01] [256/324] CGSM
[07:14:02] [257/324] PSMP
[07:14:02] [258/324] SDAL
[07:14:03] [259/324] RTNB
[07:14:03] [260/324] LMCR
[07:14:04] [261/324] CIMA
[07:14:04] [262/324] RNAS
[07:14:05] [263/324] LITH
[07:14:05] [264/324] PBOX
[07:14:06] [265/324] FRTS
[07:14:07] [266/324] RKIC
[07:14:07] [267/324] PTAI
[07:14:08] [268/324] GCIC
[07:14:08] [269/324] FNAS
[07:14:09] [270/324] SCAR
[07:14:10] [271/324] MTCA
[07:14:11] [272/324] SCTS
[07:14:11] [273/324] SYCS
[07:14:12] [274/324] RDMS
[07:14:12] [275/324] KAMP
[07:14:13] [276/324] ERSD
[07:14:14] [277/324] MJMJ
[07:14:14] [278/324] SRCJ
[07:14:15] [279/324] SCXE
[07:14:15] [280/324] SVFR
[07:14:16] [281/324] BHCS
[07:14:17] [282/324] IMCC
[07:14:17] [283/324] PCBO
[07:14:18] [284/324] PRVN
[07:14:18] [285/324] AUPM
[07:14:19] [286/324] INBW
[07:14:19] [287/324] SVCW
[07:14:20] [288/324] RKCF
[07:14:21] [289/324] UVBH
[07:14:21] [290/324] DNCY
[07:14:22] [291/324] ABCN
[07:14:23] [292/324] PRUR
[07:14:23] [293/324] PFMR
[07:14:24] [294/324] RKCN
[07:14:25] [295/324] CFEA
[07:14:25] [296/324] SDBG
[07:14:26] [297/324] SNAR
[07:14:26] [298/324] YISI
[07:14:27] [299/324] JCFF
[07:14:27] [300/324] VTRK
[07:14:28] [301/324] PCLZ
[07:14:29] [302/324] DIMY
[07:14:29] [303/324] BBTS
[07:14:30] [304/324] GATH
[07:14:31] [305/324] GTMN
[07:14:31] [306/324] VTMH
[07:14:32] [307/324] CCKP
[07:14:32] [308/324] GPKA
[07:14:33] [309/324] MHCL
[07:14:33] [310/324] ATCL
[07:14:34] [311/324] SBCK
[07:14:35] [312/324] AMMR
[07:14:35] [313/324] MADC
[07:14:36] [314/324] TMMA
[07:14:37] [315/324] CACC
[07:14:37] [316/324] CHAL
[07:14:38] [317/324] DURG
[07:14:38] [318/324] GMKU
[07:14:39] [319/324] GECA
[07:14:41] [320/324] KYRR
[07:14:41] [321/324] KSDE
[07:14:42] [322/324] LMCI
[07:14:42] [323/324] NKCP
[07:14:43] [324/324] BGTC
[07:14:43] ✅ DONE | Shows=259 | Movies=32
