[00:00:12] 🚀 BMS DAILY TRACKER STARTED
[00:00:12] [1/459] FNDB
[00:00:12] 🧠 New identity
[00:00:14] [2/459] AMBH
[00:00:15] [3/459] PRHN
[00:00:15] [4/459] ACPM
[00:00:16] [5/459] PVFS
[00:00:17] [6/459] AACN
[00:00:18] [7/459] ACAS
[00:00:19] [8/459] CTNR
[00:00:20] [9/459] MMAH
[00:00:21] [10/459] CPMH
[00:00:23] [11/459] IGMH
[00:00:24] [12/459] ABCS
[00:00:25] [13/459] CMMA
[00:00:26] [14/459] GPRH
[00:00:26] [15/459] PNNG
[00:00:28] [16/459] AMCA
[00:00:28] [17/459] ISTN
[00:00:29] [18/459] PIIC
[00:00:30] [19/459] AHMH
[00:00:31] [20/459] ASHN
[00:00:32] [21/459] INHY
[00:00:34] [22/459] SRMO
[00:00:34] [23/459] PIMH
[00:00:35] [24/459] PVTS
[00:00:36] [25/459] MMCA
[00:00:37] [26/459] AKYJ
[00:00:38] [27/459] BRKH
[00:00:40] [28/459] MAHM
[00:00:40] [29/459] CPHY
[00:00:41] [30/459] PVTP
[00:00:42] [31/459] SMMR
[00:00:43] [32/459] PVHM
[00:00:44] [33/459] SNDY
[00:00:45] [34/459] GOKU
[00:00:46] [35/459] ACEV
[00:00:47] [36/459] PVUM
[00:00:48] [37/459] VSWA
[00:00:48] [38/459] IPRS
[00:00:49] [39/459] ASGN
[00:00:50] [40/459] BKMV
[00:00:51] [41/459] PVYH
[00:00:52] [42/459] INKM
[00:00:53] [43/459] ARJU
[00:00:54] [44/459] JJPP
[00:00:55] [45/459] SSRM
[00:00:56] [46/459] HMHD
[00:00:57] [47/459] SNKH
[00:00:58] [48/459] ACHI
[00:00:59] [49/459] MRAA
[00:01:00] [50/459] INMH
[00:01:01] [51/459] ARMH
[00:01:02] [52/459] DVRR
[00:01:03] [53/459] SUDA
[00:01:03] [54/459] MCSS
[00:01:05] [55/459] VRKC
[00:01:05] [56/459] PRCX
[00:01:07] [57/459] ASJY
[00:01:08] [58/459] MTHY
[00:01:09] [59/459] SRCM
[00:01:10] [60/459] TVHY
[00:01:10] [61/459] STHD
[00:01:11] [62/459] CPCL
[00:01:12] [63/459] PSMJ
[00:01:12] [64/459] MRGT
[00:01:13] [65/459] ARYH
[00:01:14] [66/459] VTRB
[00:01:15] [67/459] SCHC
[00:01:16] [68/459] MRRG
[00:01:17] [69/459] SPCB
[00:01:18] [70/459] AMCM
[00:01:19] [71/459] IVNM
[00:01:19] [72/459] TRHY
[00:01:20] [73/459] PTTH
[00:01:21] [74/459] RKMH
[00:01:22] [75/459] PRCS
[00:01:23] [76/459] VAJA
[00:01:24] [77/459] BJNG
[00:01:25] [78/459] SCVM
[00:01:26] [79/459] GNHB
[00:01:27] [80/459] TLUR
[00:01:28] [81/459] UKCC
[00:01:29] [82/459] SRKR
[00:01:29] [83/459] RMKN
[00:01:30] [84/459] SLRT
[00:01:31] [85/459] LKMT
[00:01:32] [86/459] SSRJ
[00:01:33] [87/459] SPHT
[00:01:34] [88/459] ANTT
[00:01:35] [89/459] SRCH
[00:01:36] [90/459] SRCA
[00:01:37] [91/459] ARTH
[00:01:37] [92/459] MCBH
[00:01:38] [93/459] SNIB
[00:01:39] [94/459] SART
[00:01:41] [95/459] SKTA
[00:01:42] [96/459] YAKT
[00:01:43] [97/459] MLCK
[00:01:44] [98/459] ANTS
[00:01:45] [99/459] DGCA
[00:01:46] [100/459] SGMP
[00:01:47] [101/459] ASWN
[00:01:47] [102/459] KFVU
[00:01:48] [103/459] POOR
[00:01:49] [104/459] GKDN
[00:01:50] [105/459] EOSE
[00:01:51] [106/459] GTTT
[00:01:51] [107/459] ARRO
[00:01:52] [108/459] CMMK
[00:01:53] [109/459] MSCN
[00:01:54] [110/459] GDKH
[00:01:54] [111/459] DLMT
[00:01:55] [112/459] PVMF
[00:01:56] [113/459] CPCK
[00:01:57] [114/459] VMHE
[00:01:58] [115/459] PVLC
[00:01:59] [116/459] PCVB
[00:02:00] [117/459] SNYK
[00:02:00] [118/459] KTEK
[00:02:01] [119/459] PCNM
[00:02:02] [120/459] NTTR
[00:02:04] [121/459] CPSK
[00:02:04] [122/459] JMMA
[00:02:05] [123/459] GCFK
[00:02:05] [124/459] MYCA
[00:02:06] [125/459] KSNP
[00:02:07] [126/459] PMCE
[00:02:08] [127/459] SCKI
[00:02:09] [128/459] FSMA
[00:02:09] [129/459] CETA
[00:02:10] [130/459] MCIK
[00:02:11] [131/459] MYCR
[00:02:12] [132/459] EVMP
[00:02:13] [133/459] SSGT
[00:02:14] [134/459] KCTK
[00:02:14] [135/459] ZTKC
[00:02:15] [136/459] MMTA
[00:02:16] [137/459] MAJT
[00:02:17] [138/459] ACPK
[00:02:18] [139/459] JMAX
[00:02:19] [140/459] SETK
[00:02:19] [141/459] CAIS
[00:02:20] [142/459] AGCD
[00:02:21] [143/459] URCL
[00:02:22] [144/459] VTDS
[00:02:23] [145/459] JCNM
[00:02:24] [146/459] KCAM
[00:02:24] [147/459] ADCU
[00:02:25] [148/459] GXYN
[00:02:25] [149/459] SMJG
[00:02:26] [150/459] EYCJ
[00:02:27] [151/459] CCEJ
[00:02:28] [152/459] MARS
[00:02:28] [153/459] CPVJ
[00:02:30] [154/459] INVP
[00:02:30] [155/459] CPOV
[00:02:31] [156/459] VIJK
[00:02:32] [157/459] LAIM
[00:02:33] [158/459] STHV
[00:02:34] [159/459] SVLJ
[00:02:34] [160/459] ATVJ
[00:02:35] [161/459] JTSC
[00:02:36] [162/459] RMTV
[00:02:37] [163/459] MGGG
[00:02:37] [164/459] SWTH
[00:02:38] [165/459] INVJ
[00:02:39] [166/459] PRSV
[00:02:40] [167/459] JATV
[00:02:41] [168/459] RCVD
[00:02:42] [169/459] BDMA
[00:02:43] [170/459] BLJI
[00:02:44] [171/459] SWOT
[00:02:45] [172/459] SWRN
[00:02:45] [173/459] TVRA
[00:02:47] [174/459] VCSV
[00:02:47] [175/459] NVRN
[00:02:48] [176/459] SIKC
[00:02:49] [177/459] VAKR
[00:02:50] [178/459] SYLN
[00:02:51] [179/459] KLJL
[00:02:51] [180/459] LKMY
[00:02:52] [181/459] VSLY
[00:02:53] [182/459] CIKO
[00:02:54] [183/459] GPBG
[00:02:55] [184/459] CECM
[00:02:55] [185/459] SLKB
[00:02:56] [186/459] MTBO
[00:02:57] [187/459] SSHB
[00:02:58] [188/459] VPCS
[00:02:59] [189/459] RCSR
[00:03:00] [190/459] RJRM
[00:03:01] [191/459] KPPB
[00:03:02] [192/459] SEDC
[00:03:02] [193/459] SCAI
[00:03:03] [194/459] RMTR
[00:03:04] [195/459] ASST
[00:03:05] [196/459] GCAK
[00:03:05] [197/459] ANNK
[00:03:06] [198/459] KDDF
[00:03:07] [199/459] NRDP
[00:03:08] [200/459] PLAK
[00:03:09] [201/459] GCMC
[00:03:10] [202/459] ALPY
[00:03:10] [203/459] SICE
[00:03:11] [204/459] SISR
[00:03:12] [205/459] SRPZ
[00:03:13] [206/459] SRSW
[00:03:14] [207/459] SUYA
[00:03:15] [208/459] AMMT
[00:03:15] [209/459] BHCU
[00:03:16] [210/459] KLPA
[00:03:17] [211/459] NVKH
[00:03:18] [212/459] JMRC
[00:03:18] [213/459] KTTT
[00:03:19] [214/459] MAGH
[00:03:20] [215/459] MMMX
[00:03:21] [216/459] SALJ
[00:03:22] [217/459] GTJA
[00:03:23] [218/459] MAHT
[00:03:23] [219/459] SSNN
[00:03:24] [220/459] ARRP
[00:03:25] [221/459] ATNS
[00:03:26] [222/459] SKDT
[00:03:27] [223/459] ACAT
[00:03:28] [224/459] APRC
[00:03:29] [225/459] SWAG
[00:03:29] [226/459] SDPT
[00:03:30] [227/459] STPS
[00:03:32] [228/459] WWCZ
[00:03:32] [229/459] LLCH
[00:03:33] [230/459] MZHA
[00:03:34] [231/459] CRJG
[00:03:34] [232/459] JGTK
[00:03:36] [233/459] KCSR
[00:03:37] [234/459] CHTL
[00:03:37] [235/459] EDSR
[00:03:38] [236/459] CSWO
[00:03:38] [237/459] CPVM
[00:03:39] [238/459] MXBY
[00:03:40] [239/459] FMMA
[00:03:40] [240/459] POVI
[00:03:42] [241/459] MTHB
[00:03:42] [242/459] INRC
[00:03:43] [243/459] PIPP
[00:03:44] [244/459] BMXC
[00:03:45] [245/459] PCMM
[00:03:46] [246/459] PMKM
[00:03:46] [247/459] GATY
[00:03:47] [248/459] IMCM
[00:03:48] [249/459] POPE
[00:03:49] [250/459] MTCR
[00:03:49] [251/459] PVAE
[00:03:50] [252/459] PVMI
[00:03:51] [253/459] CPNM
[00:03:51] [254/459] FMRL
[00:03:52] [255/459] MCIW
[00:03:53] [256/459] MXBO
[00:03:54] [257/459] FMKY
[00:03:55] [258/459] FMDA
[00:03:56] [259/459] THAB
[00:03:57] [260/459] PRCW
[00:03:57] [261/459] PITI
[00:03:58] [262/459] MCFF
[00:03:59] [263/459] PDDV
[00:04:00] [264/459] MCRM
[00:04:01] [265/459] KKMB
[00:04:01] [266/459] INKO
[00:04:02] [267/459] PLXP
[00:04:03] [268/459] MMHA
[00:04:04] [269/459] FMVS
[00:04:05] [270/459] POLM
[00:04:05] [271/459] STER
[00:04:06] [272/459] PVWJ
[00:04:07] [273/459] IMJW
[00:04:08] [274/459] FNAN
[00:04:09] [275/459] CAGL
[00:04:09] [276/459] IPBG
[00:04:10] [277/459] SMFV
[00:04:11] [278/459] MMMR
[00:04:12] [279/459] MMWM
[00:04:13] [280/459] FNCM
[00:04:14] [281/459] MDVA
[00:04:15] [282/459] MMET
[00:04:15] [283/459] MIDO
[00:04:16] [284/459] INNP
[00:04:17] [285/459] MIFU
[00:04:18] [286/459] MMSZ
[00:04:18] [287/459] BMXA
[00:04:19] [288/459] MCAA
[00:04:20] [289/459] SCVP
[00:04:21] [290/459] PLUS
[00:04:22] [291/459] MUCK
[00:04:23] [292/459] MTMA
[00:04:24] [293/459] HPVR
[00:04:25] [294/459] PMPK
[00:04:25] [295/459] MAJB
[00:04:26] [296/459] CTRR
[00:04:27] [297/459] MCTG
[00:04:28] [298/459] MACE
[00:04:28] [299/459] AAAS
[00:04:29] [300/459] CPVV
[00:04:29] [301/459] RCHG
[00:04:30] [302/459] MCNE
[00:04:31] [303/459] EMNC
[00:04:32] [304/459] MCAN
[00:04:33] [305/459] TCDM
[00:04:34] [306/459] IRGT
[00:04:34] [307/459] GCMG
[00:04:35] [308/459] MXSN
[00:04:36] [309/459] MXCK
[00:04:37] [310/459] MCRC
[00:04:38] [311/459] RSMI
[00:04:39] [312/459] WAML
[00:04:40] [313/459] MTSC
[00:04:40] [314/459] FMDR
[00:04:41] [315/459] LEPV
[00:04:42] [316/459] MTGD
[00:04:43] [317/459] IMOB
[00:04:43] [318/459] CLMM
[00:04:45] [319/459] PZCD
[00:04:45] [320/459] GOCS
[00:04:46] [321/459] KCMA
[00:04:47] [322/459] CCMP
[00:04:49] [323/459] MTSU
[00:04:49] [324/459] SNGL
[00:04:50] [325/459] MMMC
[00:04:51] [326/459] MMAA
[00:04:51] [327/459] GCDM
[00:04:52] [328/459] KTMV
[00:04:53] [329/459] AETE
[00:04:53] [330/459] OMCS
[00:04:54] [331/459] GDCD
[00:04:55] [332/459] NYMD
[00:04:56] [333/459] RNCV
[00:04:57] [334/459] KKMT
[00:04:58] [335/459] GDTH
[00:04:59] [336/459] KMMV
[00:04:59] [337/459] NHCG
[00:05:00] [338/459] PJDW
[00:05:01] [339/459] MMCV
[00:05:02] [340/459] FQSA
[00:05:03] [341/459] KURL
[00:05:04] [342/459] NNNX
[00:05:05] [343/459] AMAU
[00:05:06] [344/459] VVVM
[00:05:07] [345/459] VECU
[00:05:07] [346/459] WCVR
[00:05:08] [347/459] MTGG
[00:05:09] [348/459] SGTG
[00:05:09] [349/459] MNTG
[00:05:10] [350/459] JDDG
[00:05:11] [351/459] MBTK
[00:05:12] [352/459] SGCD
[00:05:13] [353/459] MCTC
[00:05:14] [354/459] JTPC
[00:05:15] [355/459] SDKT
[00:05:16] [356/459] KRCC
[00:05:16] [357/459] RMMD
[00:05:17] [358/459] AAME
[00:05:18] [359/459] TMWC
[00:05:18] [360/459] NRWY
[00:05:19] [361/459] CITD
[00:05:20] [362/459] VERD
[00:05:21] [363/459] MKSK
[00:05:22] [364/459] STSM
[00:05:22] [365/459] MJDG
[00:05:23] [366/459] RKPM
[00:05:24] [367/459] SSCE
[00:05:25] [368/459] VMAE
[00:05:26] [369/459] SBRU
[00:05:26] [370/459] AMBC
[00:05:27] [371/459] AMLU
[00:05:28] [372/459] INVZ
[00:05:29] [373/459] LGTV
[00:05:30] [374/459] SVAD
[00:05:30] [375/459] SMSA
[00:05:32] [376/459] SPCZ
[00:05:33] [377/459] GTCX
[00:05:34] [378/459] SCSL
[00:05:34] [379/459] SAHU
[00:05:35] [380/459] NCDA
[00:05:35] [381/459] SCCG
[00:05:36] [382/459] VKTL
[00:05:37] [383/459] PUUJ
[00:05:38] [384/459] STEJ
[00:05:39] [385/459] RJAL
[00:05:40] [386/459] ACJC
[00:05:40] [387/459] VTHC
[00:05:41] [388/459] ARVB
[00:05:42] [389/459] AUBB
[00:05:43] [390/459] GDBR
[00:05:43] [391/459] PVND
[00:05:44] [392/459] BGRJ
[00:05:45] [393/459] RJMM
[00:05:46] [394/459] MCSA
[00:05:47] [395/459] BODA
[00:05:48] [396/459] JAGG
[00:05:49] [397/459] SCGA
[00:05:50] [398/459] LRCM
[00:05:50] [399/459] CPCN
[00:05:51] [400/459] SSTF
[00:05:52] [401/459] SRXP
[00:05:53] [402/459] CNFX
[00:05:54] [403/459] ANDI
[00:05:54] [404/459] SYEW
[00:05:55] [405/459] RCRE
[00:05:56] [406/459] SCRW
[00:05:57] [407/459] MBKR
[00:05:58] [408/459] ASNT
[00:05:58] [409/459] JTMT
[00:05:59] [410/459] SHAY
[00:06:00] [411/459] VRTH
[00:06:01] [412/459] SPTI
[00:06:02] [413/459] DPTD
[00:06:03] [414/459] TGSN
[00:06:04] [415/459] RCWV
[00:06:04] [416/459] OCUR
[00:06:05] [417/459] KSTC
[00:06:06] [418/459] SANI
[00:06:07] [419/459] MLCA
[00:06:08] [420/459] EGCA
[00:06:08] [421/459] SYSN
[00:06:09] [422/459] PKTA
[00:06:10] [423/459] PRCC
[00:06:11] [424/459] KSTR
[00:06:12] [425/459] SNTP
[00:06:13] [426/459] RCHA
[00:06:13] [427/459] SEEA
[00:06:14] [428/459] ALAT
[00:06:15] [429/459] AATV
[00:06:16] [430/459] RJTE
[00:06:17] [431/459] AAPP
[00:06:18] [432/459] PMMH
[00:06:19] [433/459] INRJ
[00:06:20] [434/459] SARB
[00:06:21] [435/459] PCJL
[00:06:21] [436/459] PFJJ
[00:06:22] [437/459] GRDC
[00:06:23] [438/459] BCBA
[00:06:24] [439/459] VIXL
[00:06:25] [440/459] CSTL
[00:06:26] [441/459] MTDK
[00:06:27] [442/459] TDAC
[00:06:27] [443/459] GTDN
[00:06:28] [444/459] TTDE
[00:06:29] [445/459] ASTS
[00:06:30] [446/459] CPNS
[00:06:30] [447/459] PVVW
[00:06:31] [448/459] USEB
[00:06:32] [449/459] DTYN
[00:06:33] [450/459] PVLE
[00:06:34] [451/459] CIPS
[00:06:34] [452/459] PAEG
[00:06:35] [453/459] PTCW
[00:06:36] [454/459] G3SR
[00:06:37] [455/459] PGND
[00:06:38] [456/459] INVM
[00:06:39] [457/459] SPIA
[00:06:39] [458/459] PCSN
[00:06:40] [459/459] PPGV
[00:06:41] ✅ DONE | Shows=0 | Movies=0
[00:50:00] 🚀 BMS DAILY TRACKER STARTED
[00:50:00] [1/459] FNDB
[00:50:00] 🧠 New identity
[00:50:01] [2/459] AMBH
[00:50:02] [3/459] PRHN
[00:50:04] [4/459] ACPM
[00:50:05] [5/459] PVFS
[00:50:07] [6/459] AACN
[00:50:08] [7/459] ACAS
[00:50:09] [8/459] CTNR
[00:50:10] [9/459] MMAH
[00:50:11] [10/459] CPMH
[00:50:12] [11/459] IGMH
[00:50:13] [12/459] ABCS
[00:50:14] [13/459] CMMA
[00:50:15] [14/459] GPRH
[00:50:15] [15/459] PNNG
[00:50:16] [16/459] AMCA
[00:50:17] [17/459] ISTN
[00:50:18] [18/459] PIIC
[00:50:20] [19/459] AHMH
[00:50:21] [20/459] ASHN
[00:50:22] [21/459] INHY
[00:50:23] [22/459] SRMO
[00:50:24] [23/459] PIMH
[00:50:25] [24/459] PVTS
[00:50:26] [25/459] MMCA
[00:50:27] [26/459] AKYJ
[00:50:28] [27/459] BRKH
[00:50:29] [28/459] MAHM
[00:50:31] [29/459] CPHY
[00:50:32] [30/459] PVTP
[00:50:33] [31/459] SMMR
[00:50:34] [32/459] PVHM
[00:50:35] [33/459] SNDY
[00:50:37] [34/459] GOKU
[00:50:37] [35/459] ACEV
[00:50:39] [36/459] PVUM
[00:50:40] [37/459] VSWA
[00:50:41] [38/459] IPRS
[00:50:42] [39/459] ASGN
[00:50:44] [40/459] BKMV
[00:50:45] [41/459] PVYH
[00:50:46] [42/459] INKM
[00:50:47] [43/459] ARJU
[00:50:48] [44/459] JJPP
[00:50:49] [45/459] SSRM
[00:50:50] [46/459] HMHD
[00:50:51] [47/459] SNKH
[00:50:51] [48/459] ACHI
[00:50:52] [49/459] MRAA
[00:50:54] [50/459] INMH
[00:50:54] [51/459] ARMH
[00:50:55] [52/459] DVRR
[00:50:56] [53/459] SUDA
[00:50:57] [54/459] MCSS
[00:50:58] [55/459] VRKC
[00:50:59] [56/459] PRCX
[00:51:00] [57/459] ASJY
[00:51:01] [58/459] MTHY
[00:51:02] [59/459] SRCM
[00:51:03] [60/459] TVHY
[00:51:03] [61/459] STHD
[00:51:04] [62/459] CPCL
[00:51:05] [63/459] PSMJ
[00:51:06] [64/459] MRGT
[00:51:07] [65/459] ARYH
[00:51:08] [66/459] VTRB
[00:51:08] [67/459] SCHC
[00:51:09] [68/459] MRRG
[00:51:11] [69/459] SPCB
[00:51:12] [70/459] AMCM
[00:51:12] [71/459] IVNM
[00:51:14] [72/459] TRHY
[00:51:14] [73/459] PTTH
[00:51:15] [74/459] RKMH
[00:51:16] [75/459] PRCS
[00:51:17] [76/459] VAJA
[00:51:18] [77/459] BJNG
[00:51:19] [78/459] SCVM
[00:51:20] [79/459] GNHB
[00:51:21] [80/459] TLUR
[00:51:22] [81/459] UKCC
[00:51:23] [82/459] SRKR
[00:51:24] [83/459] RMKN
[00:51:24] [84/459] SLRT
[00:51:25] [85/459] LKMT
[00:51:26] [86/459] SSRJ
[00:51:27] [87/459] SPHT
[00:51:28] [88/459] ANTT
[00:51:29] [89/459] SRCH
[00:51:30] [90/459] SRCA
[00:51:31] [91/459] ARTH
[00:51:32] [92/459] MCBH
[00:51:32] [93/459] SNIB
[00:51:34] [94/459] SART
[00:51:35] [95/459] SKTA
[00:51:36] [96/459] YAKT
[00:51:36] [97/459] MLCK
[00:51:37] [98/459] ANTS
[00:51:39] [99/459] DGCA
[00:51:39] [100/459] SGMP
[00:51:40] [101/459] ASWN
[00:51:41] [102/459] KFVU
[00:51:43] [103/459] POOR
[00:51:44] [104/459] GKDN
[00:51:45] [105/459] EOSE
[00:51:45] [106/459] GTTT
[00:51:46] [107/459] ARRO
[00:51:48] [108/459] CMMK
[00:51:49] [109/459] MSCN
[00:51:50] [110/459] GDKH
[00:51:51] [111/459] DLMT
[00:51:51] [112/459] PVMF
[00:51:53] [113/459] CPCK
[00:51:54] [114/459] VMHE
[00:51:55] [115/459] PVLC
[00:51:55] [116/459] PCVB
[00:51:56] [117/459] SNYK
[00:51:57] [118/459] KTEK
[00:51:58] [119/459] PCNM
[00:51:59] [120/459] NTTR
[00:52:00] [121/459] CPSK
[00:52:00] [122/459] JMMA
[00:52:01] [123/459] GCFK
[00:52:02] [124/459] MYCA
[00:52:04] [125/459] KSNP
[00:52:05] [126/459] PMCE
[00:52:06] [127/459] SCKI
[00:52:06] [128/459] FSMA
[00:52:07] [129/459] CETA
[00:52:08] [130/459] MCIK
[00:52:10] [131/459] MYCR
[00:52:10] [132/459] EVMP
[00:52:11] [133/459] SSGT
[00:52:12] [134/459] KCTK
[00:52:13] [135/459] ZTKC
[00:52:14] [136/459] MMTA
[00:52:15] [137/459] MAJT
[00:52:16] [138/459] ACPK
[00:52:17] [139/459] JMAX
[00:52:18] [140/459] SETK
[00:52:19] [141/459] CAIS
[00:52:20] [142/459] AGCD
[00:52:21] [143/459] URCL
[00:52:22] [144/459] VTDS
[00:52:23] [145/459] JCNM
[00:52:24] [146/459] KCAM
[00:52:25] [147/459] ADCU
[00:52:25] [148/459] GXYN
[00:52:27] [149/459] SMJG
[00:52:28] [150/459] EYCJ
[00:52:29] [151/459] CCEJ
[00:52:29] [152/459] MARS
[00:52:30] [153/459] CPVJ
[00:52:31] [154/459] INVP
[00:52:32] [155/459] CPOV
[00:52:33] [156/459] VIJK
[00:52:35] [157/459] LAIM
[00:52:36] [158/459] STHV
[00:52:37] [159/459] SVLJ
[00:52:37] [160/459] ATVJ
[00:52:38] [161/459] JTSC
[00:52:39] [162/459] RMTV
[00:52:40] [163/459] MGGG
[00:52:41] [164/459] SWTH
[00:52:42] [165/459] INVJ
[00:52:43] [166/459] PRSV
[00:52:44] [167/459] JATV
[00:52:45] [168/459] RCVD
[00:52:46] [169/459] BDMA
[00:52:47] [170/459] BLJI
[00:52:48] [171/459] SWOT
[00:52:49] [172/459] SWRN
[00:52:50] [173/459] TVRA
[00:52:52] [174/459] VCSV
[00:52:53] [175/459] NVRN
[00:52:53] [176/459] SIKC
[00:52:54] [177/459] VAKR
[00:52:55] [178/459] SYLN
[00:52:56] [179/459] KLJL
[00:52:57] [180/459] LKMY
[00:52:58] [181/459] VSLY
[00:52:59] [182/459] CIKO
[00:53:00] [183/459] GPBG
[00:53:01] [184/459] CECM
[00:53:01] [185/459] SLKB
[00:53:02] [186/459] MTBO
[00:53:03] [187/459] SSHB
[00:53:04] [188/459] VPCS
[00:53:05] [189/459] RCSR
[00:53:06] [190/459] RJRM
[00:53:07] [191/459] KPPB
[00:53:08] [192/459] SEDC
[00:53:09] [193/459] SCAI
[00:53:10] [194/459] RMTR
[00:53:11] [195/459] ASST
[00:53:12] [196/459] GCAK
[00:53:13] [197/459] ANNK
[00:53:13] [198/459] KDDF
[00:53:14] [199/459] NRDP
[00:53:16] [200/459] PLAK
[00:53:17] [201/459] GCMC
[00:53:18] [202/459] ALPY
[00:53:19] [203/459] SICE
[00:53:20] [204/459] SISR
[00:53:21] [205/459] SRPZ
[00:53:22] [206/459] SRSW
[00:53:23] [207/459] SUYA
[00:53:23] [208/459] AMMT
[00:53:24] [209/459] BHCU
[00:53:25] [210/459] KLPA
[00:53:26] [211/459] NVKH
[00:53:27] [212/459] JMRC
[00:53:28] [213/459] KTTT
[00:53:29] [214/459] MAGH
[00:53:31] [215/459] MMMX
[00:53:32] [216/459] SALJ
[00:53:34] [217/459] GTJA
[00:53:34] [218/459] MAHT
[00:53:36] [219/459] SSNN
[00:53:37] [220/459] ARRP
[00:53:38] [221/459] ATNS
[00:53:39] [222/459] SKDT
[00:53:40] [223/459] ACAT
[00:53:41] [224/459] APRC
[00:53:41] [225/459] SWAG
[00:53:42] [226/459] SDPT
[00:53:43] [227/459] STPS
[00:53:44] [228/459] WWCZ
[00:53:45] [229/459] LLCH
[00:53:47] [230/459] MZHA
[00:53:48] [231/459] CRJG
[00:53:48] [232/459] JGTK
[00:53:50] [233/459] KCSR
[00:53:51] [234/459] CHTL
[00:53:51] [235/459] EDSR
[00:53:52] [236/459] CSWO
[00:53:53] [237/459] CPVM
[00:53:54] [238/459] MXBY
[00:53:55] [239/459] FMMA
[00:53:57] [240/459] POVI
[00:53:58] [241/459] MTHB
[00:53:59] [242/459] INRC
[00:54:00] [243/459] PIPP
[00:54:00] [244/459] BMXC
[00:54:01] [245/459] PCMM
[00:54:02] [246/459] PMKM
[00:54:03] [247/459] GATY
[00:54:04] [248/459] IMCM
[00:54:05] [249/459] POPE
[00:54:06] [250/459] MTCR
[00:54:07] [251/459] PVAE
[00:54:08] [252/459] PVMI
[00:54:09] [253/459] CPNM
[00:54:09] [254/459] FMRL
[00:54:10] [255/459] MCIW
[00:54:11] [256/459] MXBO
[00:54:12] [257/459] FMKY
[00:54:13] [258/459] FMDA
[00:54:13] [259/459] THAB
[00:54:14] [260/459] PRCW
[00:54:15] [261/459] PITI
[00:54:16] [262/459] MCFF
[00:54:17] [263/459] PDDV
[00:54:18] [264/459] MCRM
[00:54:19] [265/459] KKMB
[00:54:20] [266/459] INKO
[00:54:21] [267/459] PLXP
[00:54:22] [268/459] MMHA
[00:54:23] [269/459] FMVS
[00:54:24] [270/459] POLM
[00:54:25] [271/459] STER
[00:54:26] [272/459] PVWJ
[00:54:27] [273/459] IMJW
[00:54:28] [274/459] FNAN
[00:54:29] [275/459] CAGL
[00:54:30] [276/459] IPBG
[00:54:30] [277/459] SMFV
[00:54:31] [278/459] MMMR
[00:54:32] [279/459] MMWM
[00:54:33] [280/459] FNCM
[00:54:34] [281/459] MDVA
[00:54:35] [282/459] MMET
[00:54:36] [283/459] MIDO
[00:54:38] [284/459] INNP
[00:54:39] [285/459] MIFU
[00:54:39] [286/459] MMSZ
[00:54:40] [287/459] BMXA
[00:54:41] [288/459] MCAA
[00:54:43] [289/459] SCVP
[00:54:43] [290/459] PLUS
[00:54:44] [291/459] MUCK
[00:54:45] [292/459] MTMA
[00:54:47] [293/459] HPVR
[00:54:48] [294/459] PMPK
[00:54:49] [295/459] MAJB
[00:54:51] [296/459] CTRR
[00:54:52] [297/459] MCTG
[00:54:53] [298/459] MACE
[00:54:54] [299/459] AAAS
[00:54:55] [300/459] CPVV
[00:54:56] [301/459] RCHG
[00:54:57] [302/459] MCNE
[00:54:58] [303/459] EMNC
[00:54:59] [304/459] MCAN
[00:55:00] [305/459] TCDM
[00:55:00] [306/459] IRGT
[00:55:01] [307/459] GCMG
[00:55:03] [308/459] MXSN
[00:55:03] [309/459] MXCK
[00:55:04] [310/459] MCRC
[00:55:05] [311/459] RSMI
[00:55:06] [312/459] WAML
[00:55:07] [313/459] MTSC
[00:55:08] [314/459] FMDR
[00:55:10] [315/459] LEPV
[00:55:11] [316/459] MTGD
[00:55:12] [317/459] IMOB
[00:55:13] [318/459] CLMM
[00:55:14] [319/459] PZCD
[00:55:15] [320/459] GOCS
[00:55:16] [321/459] KCMA
[00:55:17] [322/459] CCMP
[00:55:17] [323/459] MTSU
[00:55:18] [324/459] SNGL
[00:55:19] [325/459] MMMC
[00:55:20] [326/459] MMAA
[00:55:21] [327/459] GCDM
[00:55:22] [328/459] KTMV
[00:55:23] [329/459] AETE
[00:55:24] [330/459] OMCS
[00:55:25] [331/459] GDCD
[00:55:26] [332/459] NYMD
[00:55:26] [333/459] RNCV
[00:55:28] [334/459] KKMT
[00:55:29] [335/459] GDTH
[00:55:30] [336/459] KMMV
[00:55:31] [337/459] NHCG
[00:55:32] [338/459] PJDW
[00:55:33] [339/459] MMCV
[00:55:33] [340/459] FQSA
[00:55:34] [341/459] KURL
[00:55:35] [342/459] NNNX
[00:55:36] [343/459] AMAU
[00:55:37] [344/459] VVVM
[00:55:38] [345/459] VECU
[00:55:39] [346/459] WCVR
[00:55:39] [347/459] MTGG
[00:55:40] [348/459] SGTG
[00:55:41] [349/459] MNTG
[00:55:42] [350/459] JDDG
[00:55:43] [351/459] MBTK
[00:55:45] [352/459] SGCD
[00:55:46] [353/459] MCTC
[00:55:47] [354/459] JTPC
[00:55:47] [355/459] SDKT
[00:55:48] [356/459] KRCC
[00:55:49] [357/459] RMMD
[00:55:50] [358/459] AAME
[00:55:51] [359/459] TMWC
[00:55:52] [360/459] NRWY
[00:55:53] [361/459] CITD
[00:55:53] [362/459] VERD
[00:55:54] [363/459] MKSK
[00:55:55] [364/459] STSM
[00:55:56] [365/459] MJDG
[00:55:57] [366/459] RKPM
[00:55:59] [367/459] SSCE
[00:56:00] [368/459] VMAE
[00:56:00] [369/459] SBRU
[00:56:01] [370/459] AMBC
[00:56:02] [371/459] AMLU
[00:56:03] [372/459] INVZ
[00:56:03] [373/459] LGTV
[00:56:04] [374/459] SVAD
[00:56:05] [375/459] SMSA
[00:56:06] [376/459] SPCZ
[00:56:08] [377/459] GTCX
[00:56:08] [378/459] SCSL
[00:56:09] [379/459] SAHU
[00:56:10] [380/459] NCDA
[00:56:11] [381/459] SCCG
[00:56:12] [382/459] VKTL
[00:56:13] [383/459] PUUJ
[00:56:14] [384/459] STEJ
[00:56:15] [385/459] RJAL
[00:56:16] [386/459] ACJC
[00:56:17] [387/459] VTHC
[00:56:18] [388/459] ARVB
[00:56:19] [389/459] AUBB
[00:56:20] [390/459] GDBR
[00:56:21] [391/459] PVND
[00:56:22] [392/459] BGRJ
[00:56:22] [393/459] RJMM
[00:56:23] [394/459] MCSA
[00:56:24] [395/459] BODA
[00:56:25] [396/459] JAGG
[00:56:26] [397/459] SCGA
[00:56:27] [398/459] LRCM
[00:56:28] [399/459] CPCN
[00:56:29] [400/459] SSTF
[00:56:30] [401/459] SRXP
[00:56:30] [402/459] CNFX
[00:56:31] [403/459] ANDI
[00:56:32] [404/459] SYEW
[00:56:33] [405/459] RCRE
[00:56:34] [406/459] SCRW
[00:56:35] [407/459] MBKR
[00:56:36] [408/459] ASNT
[00:56:37] [409/459] JTMT
[00:56:38] [410/459] SHAY
[00:56:40] [411/459] VRTH
[00:56:40] [412/459] SPTI
[00:56:41] [413/459] DPTD
[00:56:42] [414/459] TGSN
[00:56:43] [415/459] RCWV
[00:56:45] [416/459] OCUR
[00:56:46] [417/459] KSTC
[00:56:47] [418/459] SANI
[00:56:49] [419/459] MLCA
[00:56:50] [420/459] EGCA
[00:56:51] [421/459] SYSN
[00:56:52] [422/459] PKTA
[00:56:53] [423/459] PRCC
[00:56:53] [424/459] KSTR
[00:56:54] [425/459] SNTP
[00:56:55] [426/459] RCHA
[00:56:56] [427/459] SEEA
[00:56:57] [428/459] ALAT
[00:56:58] [429/459] AATV
[00:56:59] [430/459] RJTE
[00:57:00] [431/459] AAPP
[00:57:01] [432/459] PMMH
[00:57:02] [433/459] INRJ
[00:57:03] [434/459] SARB
[00:57:04] [435/459] PCJL
[00:57:05] [436/459] PFJJ
[00:57:06] [437/459] GRDC
[00:57:07] [438/459] BCBA
[00:57:08] [439/459] VIXL
[00:57:08] [440/459] CSTL
[00:57:09] [441/459] MTDK
[00:57:11] [442/459] TDAC
[00:57:12] [443/459] GTDN
[00:57:12] [444/459] TTDE
[00:57:14] [445/459] ASTS
[00:57:15] [446/459] CPNS
[00:57:16] [447/459] PVVW
[00:57:16] [448/459] USEB
[00:57:18] [449/459] DTYN
[00:57:18] [450/459] PVLE
[00:57:19] [451/459] CIPS
[00:57:20] [452/459] PAEG
[00:57:21] [453/459] PTCW
[00:57:22] [454/459] G3SR
[00:57:23] [455/459] PGND
[00:57:24] [456/459] INVM
[00:57:26] [457/459] SPIA
[00:57:26] [458/459] PCSN
[00:57:27] [459/459] PPGV
[00:57:29] ✅ DONE | Shows=0 | Movies=0
