[00:00:15] 🚀 BMS DAILY TRACKER STARTED
[00:00:15] [1/459] NECA
[00:00:15] 🧠 New identity
[00:00:16] [2/459] BJLC
[00:00:17] [3/459] BASU
[00:00:18] [4/459] RUPI
[00:00:19] [5/459] LCBK
[00:00:19] [6/459] PMAC
[00:00:20] [7/459] AMLC
[00:00:21] [8/459] LICL
[00:00:23] [9/459] UDMM
[00:00:24] [10/459] STBZ
[00:00:24] [11/459] UUBT
[00:00:25] [12/459] SJKC
[00:00:26] [13/459] TUAL
[00:00:27] [14/459] MRSE
[00:00:28] [15/459] RMRK
[00:00:29] [16/459] TTKP
[00:00:30] [17/459] KTKO
[00:00:31] [18/459] SDBK
[00:00:32] [19/459] MCPR
[00:00:33] [20/459] CHTI
[00:00:34] [21/459] GCCP
[00:00:35] [22/459] SRMY
[00:00:36] [23/459] NYST
[00:00:37] [24/459] NYAG
[00:00:38] [25/459] SBMT
[00:00:39] [26/459] INGA
[00:00:40] [27/459] WSIC
[00:00:41] [28/459] SCSS
[00:00:42] [29/459] COPG
[00:00:43] [30/459] RCGR
[00:00:44] [31/459] TCZA
[00:00:45] [32/459] CNLP
[00:00:45] [33/459] CLKN
[00:00:46] [34/459] LHDF
[00:00:47] [35/459] ELKC
[00:00:48] [36/459] VCEM
[00:00:49] [37/459] SSZA
[00:00:50] [38/459] KRMT
[00:00:51] [39/459] LCMV
[00:00:52] [40/459] AYCZ
[00:00:53] [41/459] CUMS
[00:00:53] [42/459] BOCK
[00:00:54] [43/459] PNMR
[00:00:55] [44/459] PJCP
[00:00:56] [45/459] JDDD
[00:00:57] [46/459] STMS
[00:00:58] [47/459] FLMB
[00:00:59] [48/459] PKCM
[00:01:00] [49/459] SPPR
[00:01:01] [50/459] EYLH
[00:01:02] [51/459] RJCC
[00:01:03] [52/459] MMPS
[00:01:04] [53/459] SHMX
[00:01:05] [54/459] CCNL
[00:01:06] [55/459] RCNV
[00:01:07] [56/459] MAAG
[00:01:07] [57/459] LXCM
[00:01:08] [58/459] RCNI
[00:01:09] [59/459] SNNI
[00:01:10] [60/459] LALC
[00:01:11] [61/459] SOCN
[00:01:12] [62/459] JHTP
[00:01:12] [63/459] PITP
[00:01:14] [64/459] CCKW
[00:01:15] [65/459] MCMC
[00:01:15] [66/459] DEES
[00:01:16] [67/459] SABT
[00:01:17] [68/459] VSPP
[00:01:18] [69/459] ABCT
[00:01:19] [70/459] JVTB
[00:01:20] [71/459] VCBD
[00:01:21] [72/459] RMGG
[00:01:21] [73/459] RNMH
[00:01:22] [74/459] SPGL
[00:01:23] [75/459] JTTR
[00:01:24] [76/459] SICS
[00:01:25] [77/459] SRMI
[00:01:26] [78/459] SSIJ
[00:01:26] [79/459] KFMT
[00:01:27] [80/459] VBIT
[00:01:28] [81/459] JKCT
[00:01:29] [82/459] GCGP
[00:01:30] [83/459] GDCS
[00:01:31] [84/459] TRBA
[00:01:31] [85/459] QUST
[00:01:33] [86/459] VSHM
[00:01:34] [87/459] SDCP
[00:01:35] [88/459] SNVS
[00:01:36] [89/459] NYTO
[00:01:37] [90/459] URWC
[00:01:38] [91/459] GTWH
[00:01:39] [92/459] PFCM
[00:01:40] [93/459] KRTA
[00:01:40] [94/459] AXMC
[00:01:41] [95/459] EVMC
[00:01:42] [96/459] HGSM
[00:01:43] [97/459] ACVM
[00:01:44] [98/459] PSKL
[00:01:45] [99/459] RDMP
[00:01:46] [100/459] RHGH
[00:01:47] [101/459] OMCM
[00:01:47] [102/459] DCCP
[00:01:48] [103/459] MCPB
[00:01:50] [104/459] ALCI
[00:01:50] [105/459] BLMX
[00:01:52] [106/459] BTMV
[00:01:52] [107/459] FVPN
[00:01:53] [108/459] CMAR
[00:01:53] [109/459] CEIM
[00:01:54] [110/459] CMVA
[00:01:55] [111/459] CPIV
[00:01:56] [112/459] CNPE
[00:01:57] [113/459] COLV
[00:01:58] [114/459] DNNV
[00:01:58] [115/459] HCAD
[00:01:59] [116/459] TAKA
[00:02:00] [117/459] INVD
[00:02:01] [118/459] IRMM
[00:02:02] [119/459] INSE
[00:02:02] [120/459] MRSW
[00:02:03] [121/459] MCVD
[00:02:04] [122/459] MCSO
[00:02:05] [123/459] PEVM
[00:02:06] [124/459] PVNL
[00:02:07] [125/459] PTCV
[00:02:07] [126/459] PRTC
[00:02:09] [127/459] RCVA
[00:02:09] [128/459] MTBN
[00:02:10] [129/459] LUCP
[00:02:11] [130/459] FMPT
[00:02:12] [131/459] JLSL
[00:02:13] [132/459] SBHA
[00:02:13] [133/459] SHRC
[00:02:15] [134/459] AVPS
[00:02:15] [135/459] STPM
[00:02:16] [136/459] ATRD
[00:02:17] [137/459] VTED
[00:02:18] [138/459] ACAI
[00:02:19] [139/459] SMAE
[00:02:19] [140/459] VMAT
[00:02:20] [141/459] LKCT
[00:02:21] [142/459] JTVK
[00:02:22] [143/459] PRTY
[00:02:23] [144/459] GETT
[00:02:23] [145/459] ESAP
[00:02:25] [146/459] NCPM
[00:02:25] [147/459] PCPA
[00:02:26] [148/459] MMOM
[00:02:26] [149/459] PHUP
[00:02:28] [150/459] CCPI
[00:02:29] [151/459] CNTD
[00:02:29] [152/459] NLJR
[00:02:30] [153/459] SRNG
[00:02:32] [154/459] MHAL
[00:02:32] [155/459] PNSM
[00:02:33] [156/459] DRMY
[00:02:33] [157/459] CCMU
[00:02:35] [158/459] SCMY
[00:02:35] [159/459] PVSY
[00:02:36] [160/459] SDLM
[00:02:37] [161/459] ICCM
[00:02:38] [162/459] PYSU
[00:02:39] [163/459] GATM
[00:02:39] [164/459] WOTM
[00:02:40] [165/459] RKTS
[00:02:41] [166/459] PMTY
[00:02:42] [167/459] LYMS
[00:02:42] [168/459] TGCA
[00:02:43] [169/459] DSTA
[00:02:44] [170/459] CNGE
[00:02:45] [171/459] VSTG
[00:02:46] [172/459] GTCK
[00:02:47] [173/459] TGNT
[00:02:48] [174/459] ASLC
[00:02:49] [175/459] SSST
[00:02:49] [176/459] KBTT
[00:02:50] [177/459] HKCP
[00:02:51] [178/459] SWLC
[00:02:52] [179/459] RTND
[00:02:52] [180/459] PKKT
[00:02:53] [181/459] HSTK
[00:02:54] [182/459] SPTT
[00:02:55] [183/459] IMPM
[00:02:56] [184/459] SCMV
[00:02:57] [185/459] SPCT
[00:02:57] [186/459] JBCA
[00:02:58] [187/459] ATTR
[00:03:00] [188/459] SPMT
[00:03:01] [189/459] LCTM
[00:03:01] [190/459] SCVL
[00:03:02] [191/459] SCVT
[00:03:02] [192/459] KRIC
[00:03:04] [193/459] CTMG
[00:03:04] [194/459] ACNC
[00:03:05] [195/459] DMCK
[00:03:05] [196/459] KMTV
[00:03:06] [197/459] PFCJ
[00:03:07] [198/459] VNMD
[00:03:08] [199/459] VPCZ
[00:03:09] [200/459] SRYR
[00:03:09] [201/459] SYTR
[00:03:10] [202/459] GATR
[00:03:11] [203/459] URTR
[00:03:12] [204/459] MKSM
[00:03:13] [205/459] VSMH
[00:03:13] [206/459] SKRJ
[00:03:14] [207/459] SSJR
[00:03:15] [208/459] SVSM
[00:03:16] [209/459] RUCM
[00:03:17] [210/459] PRKN
[00:03:17] [211/459] RROH
[00:03:18] [212/459] SCTN
[00:03:19] [213/459] RTDM
[00:03:21] [214/459] ASRM
[00:03:21] [215/459] SKMD
[00:03:22] [216/459] SUTD
[00:03:22] [217/459] SADM
[00:03:23] [218/459] WCNR
[00:03:24] [219/459] CNED
[00:03:25] [220/459] MPDB
[00:03:25] [221/459] KTBH
[00:03:26] [222/459] IDRM
[00:03:27] [223/459] PJJT
[00:03:28] [224/459] PFCV
[00:03:28] [225/459] AACT
[00:03:29] [226/459] AAAD
[00:03:30] [227/459] ANES
[00:03:31] [228/459] MNCA
[00:03:32] [229/459] RMGU
[00:03:32] [230/459] DLCN
[00:03:33] [231/459] LJWT
[00:03:34] [232/459] MCBG
[00:03:35] [233/459] MYBG
[00:03:36] [234/459] GCCA
[00:03:36] [235/459] GCGA
[00:03:37] [236/459] ECGN
[00:03:38] [237/459] PRAB
[00:03:39] [238/459] PNMP
[00:03:40] [239/459] GCPT
[00:03:41] [240/459] ROYN
[00:03:42] [241/459] VATM
[00:03:42] [242/459] KSNT
[00:03:43] [243/459] ACTC
[00:03:44] [244/459] PLTD
[00:03:45] [245/459] SKMK
[00:03:46] [246/459] CMTT
[00:03:47] [247/459] SMXP
[00:03:48] [248/459] SCMX
[00:03:48] [249/459] ACXN
[00:03:49] [250/459] ASWT
[00:03:49] [251/459] VVVL
[00:03:50] [252/459] NAGO
[00:03:51] [253/459] SNCN
[00:03:52] [254/459] MCKP
[00:03:53] [255/459] SAMO
[00:03:54] [256/459] JBTV
[00:03:55] [257/459] DCVV
[00:03:55] [258/459] KMSV
[00:03:56] [259/459] KDCN
[00:03:57] [260/459] CNCP
[00:03:58] [261/459] HAMC
[00:03:59] [262/459] CCVZ
[00:04:00] [263/459] NCCK
[00:04:01] [264/459] MCHR
[00:04:02] [265/459] SCHT
[00:04:02] [266/459] ESSH
[00:04:03] [267/459] CUJC
[00:04:04] [268/459] PECP
[00:04:05] [269/459] PMMI
[00:04:06] [270/459] PCCH
[00:04:07] [271/459] PRPM
[00:04:08] [272/459] PVKL
[00:04:08] [273/459] CBSM
[00:04:09] [274/459] PVCZ
[00:04:10] [275/459] PCVV
[00:04:11] [276/459] CTMJ
[00:04:11] [277/459] RCPS
[00:04:12] [278/459] PCIT
[00:04:13] [279/459] FNCH
[00:04:14] [280/459] INZD
[00:04:15] [281/459] INPC
[00:04:16] [282/459] LCZP
[00:04:16] [283/459] SMCB
[00:04:17] [284/459] PTSB
[00:04:18] [285/459] TPSI
[00:04:19] [286/459] KHMJ
[00:04:20] [287/459] RCCJ
[00:04:21] [288/459] NCJA
[00:04:22] [289/459] NCJN
[00:04:22] [290/459] BTDP
[00:04:23] [291/459] PADY
[00:04:24] [292/459] NYBH
[00:04:24] [293/459] MTBR
[00:04:26] [294/459] KRBC
[00:04:26] [295/459] DKTI
[00:04:28] [296/459] ANAN
[00:04:28] [297/459] INBP
[00:04:29] [298/459] PATB
[00:04:30] [299/459] RGNT
[00:04:31] [300/459] CGPM
[00:04:31] [301/459] INTN
[00:04:32] [302/459] MCMP
[00:04:33] [303/459] ASRG
[00:04:34] [304/459] CXJD
[00:04:35] [305/459] SPCP
[00:04:36] [306/459] CSTP
[00:04:37] [307/459] PKVC
[00:04:38] [308/459] ESCP
[00:04:39] [309/459] CAEP
[00:04:39] [310/459] CCSP
[00:04:40] [311/459] KTPC
[00:04:41] [312/459] DACA
[00:04:42] [313/459] NVKY
[00:04:43] [314/459] PTIN
[00:04:43] [315/459] SCIN
[00:04:44] [316/459] MCTY
[00:04:45] [317/459] PCMX
[00:04:46] [318/459] INIC
[00:04:47] [319/459] MMZM
[00:04:48] [320/459] SSLP
[00:04:49] [321/459] DTDT
[00:04:49] [322/459] FFCX
[00:04:50] [323/459] RCMM
[00:04:51] [324/459] KYID
[00:04:52] [325/459] CSCI
[00:04:53] [326/459] FCMC
[00:04:54] [327/459] MMXI
[00:04:55] [328/459] ASTC
[00:04:56] [329/459] CMRA
[00:04:56] [330/459] DICI
[00:04:57] [331/459] KDIN
[00:04:58] [332/459] PRFI
[00:04:59] [333/459] SVFC
[00:05:00] [334/459] UCPL
[00:05:01] [335/459] COOC
[00:05:02] [336/459] SCAL
[00:05:02] [337/459] SVFF
[00:05:03] [338/459] VCMG
[00:05:04] [339/459] UUCT
[00:05:05] [340/459] GCSE
[00:05:05] [341/459] SUSC
[00:05:06] [342/459] MISC
[00:05:08] [343/459] RMBL
[00:05:08] [344/459] CMXN
[00:05:09] [345/459] PVBK
[00:05:10] [346/459] HHCG
[00:05:11] [347/459] SCAG
[00:05:12] [348/459] CNPR
[00:05:12] [349/459] CSER
[00:05:13] [350/459] HLWD
[00:05:14] [351/459] BOLY
[00:05:15] [352/459] SSPG
[00:05:16] [353/459] MUPX
[00:05:16] [354/459] HAMR
[00:05:18] [355/459] SDNC
[00:05:19] [356/459] RTEN
[00:05:19] [357/459] SDTD
[00:05:20] [358/459] KAWS
[00:05:21] [359/459] CMZX
[00:05:22] [360/459] DCDD
[00:05:22] [361/459] ALSN
[00:05:23] [362/459] IMXS
[00:05:24] [363/459] PVFF
[00:05:25] [364/459] PVOO
[00:05:26] [365/459] CFBS
[00:05:26] [366/459] PVER
[00:05:28] [367/459] PPNX
[00:05:29] [368/459] CNRM
[00:05:29] [369/459] PVWW
[00:05:30] [370/459] INMB
[00:05:31] [371/459] CPJR
[00:05:32] [372/459] INRZ
[00:05:33] [373/459] PMSR
[00:05:33] [374/459] GPGM
[00:05:34] [375/459] PGWB
[00:05:35] [376/459] PMBR
[00:05:36] [377/459] GPAM
[00:05:36] [378/459] INBC
[00:05:37] [379/459] PZVK
[00:05:38] [380/459] CPEB
[00:05:39] [381/459] FMLB
[00:05:40] [382/459] INBG
[00:05:41] [383/459] GPBR
[00:05:42] [384/459] PAAS
[00:05:42] [385/459] VTBR
[00:05:43] [386/459] GPMY
[00:05:44] [387/459] GYBU
[00:05:45] [388/459] INBJ
[00:05:46] [389/459] LKTH
[00:05:46] [390/459] NSBR
[00:05:47] [391/459] PDRD
[00:05:48] [392/459] VRBL
[00:05:49] [393/459] VTGB
[00:05:50] [394/459] VTSK
[00:05:50] [395/459] BKDV
[00:05:51] [396/459] SVTB
[00:05:53] [397/459] MLDT
[00:05:53] [398/459] NRBL
[00:05:54] [399/459] SLTR
[00:05:54] [400/459] VNKA
[00:05:55] [401/459] TDCA
[00:05:56] [402/459] INBM
[00:05:57] [403/459] SSNR
[00:05:58] [404/459] BHAC
[00:05:58] [405/459] SDSD
[00:05:59] [406/459] SAMP
[00:06:00] [407/459] RATK
[00:06:01] [408/459] KCBI
[00:06:02] [409/459] URBL
[00:06:03] [410/459] MKBG
[00:06:04] [411/459] ASTB
[00:06:05] [412/459] VBWT
[00:06:05] [413/459] GPSM
[00:06:06] [414/459] ROON
[00:06:08] [415/459] CHTH
[00:06:09] [416/459] SSPA
[00:06:09] [417/459] ANBL
[00:06:10] [418/459] VTBE
[00:06:11] [419/459] SVKT
[00:06:12] [420/459] SVYK
[00:06:12] [421/459] PTBK
[00:06:13] [422/459] RKTB
[00:06:14] [423/459] BALT
[00:06:15] [424/459] STSV
[00:06:16] [425/459] VCCB
[00:06:17] [426/459] SLTB
[00:06:18] [427/459] SBCR
[00:06:19] [428/459] VDCS
[00:06:20] [429/459] MDKI
[00:06:20] [430/459] SMRN
[00:06:21] [431/459] PTBC
[00:06:22] [432/459] RADI
[00:06:23] [433/459] ADCR
[00:06:23] [434/459] SDCS
[00:06:24] [435/459] SRPJ
[00:06:25] [436/459] ARTS
[00:06:25] [437/459] SRHK
[00:06:26] [438/459] SPAY
[00:06:27] [439/459] GPTB
[00:06:28] [440/459] SNNN
[00:06:29] [441/459] BALJ
[00:06:30] [442/459] TRIG
[00:06:31] [443/459] GTYT
[00:06:31] [444/459] ATGN
[00:06:32] [445/459] ANTE
[00:06:33] [446/459] BDCG
[00:06:34] [447/459] VECI
[00:06:34] [448/459] SCPR
[00:06:36] [449/459] RTEA
[00:06:37] [450/459] JSAI
[00:06:37] [451/459] VJTP
[00:06:38] [452/459] GNDS
[00:06:38] [453/459] PAXA
[00:06:39] [454/459] CGGM
[00:06:40] [455/459] ACKZ
[00:06:41] [456/459] EMCC
[00:06:42] [457/459] KLSK
[00:06:42] [458/459] AVCK
[00:06:43] [459/459] JTCK
[00:06:44] ✅ DONE | Shows=0 | Movies=0
