[00:00:08] 🚀 BMS DAILY TRACKER STARTED
[00:00:08] [1/445] TGMR
[00:00:08] 🧠 New identity
[00:00:09] [2/445] CXKR
[00:00:11] [3/445] SROP
[00:00:12] [4/445] GTSV
[00:00:13] [5/445] SNTY
[00:00:13] [6/445] SMYY
[00:00:14] [7/445] CNCS
[00:00:15] [8/445] CSTM
[00:00:16] [9/445] NUCD
[00:00:17] [10/445] SHCZ
[00:00:18] [11/445] NJCT
[00:00:19] [12/445] COPC
[00:00:20] [13/445] STVV
[00:00:21] [14/445] SKRN
[00:00:22] [15/445] APPZ
[00:00:23] [16/445] YMGN
[00:00:24] [17/445] SVTU
[00:00:25] [18/445] GTAD
[00:00:26] [19/445] PSUS
[00:00:27] [20/445] SMCD
[00:00:28] [21/445] CMCM
[00:00:29] [22/445] SYCT
[00:00:29] [23/445] STLY
[00:00:30] [24/445] CMHU
[00:00:31] [25/445] CMSA
[00:00:32] [26/445] CLCU
[00:00:33] [27/445] PPNT
[00:00:34] [28/445] JTAB
[00:00:35] [29/445] BUUC
[00:00:37] [30/445] BSVK
[00:00:38] [31/445] VVVQ
[00:00:39] [32/445] TKMU
[00:00:40] [33/445] ESYL
[00:00:41] [34/445] ACHP
[00:00:42] [35/445] BTKD
[00:00:43] [36/445] DESA
[00:00:44] [37/445] GBCT
[00:00:45] [38/445] BLLD
[00:00:46] [39/445] SKNT
[00:00:47] [40/445] SSTE
[00:00:48] [41/445] VJMR
[00:00:49] [42/445] NTPU
[00:00:50] [43/445] RDKN
[00:00:51] [44/445] ADGC
[00:00:52] [45/445] VRBP
[00:00:53] [46/445] NMNA
[00:00:54] [47/445] CMMX
[00:00:55] [48/445] PTKO
[00:00:56] [49/445] RBML
[00:00:57] [50/445] SAIC
[00:00:58] [51/445] SVTJ
[00:00:59] [52/445] MRTE
[00:01:00] [53/445] RBTP
[00:01:01] [54/445] NLPS
[00:01:02] [55/445] GTNA
[00:01:04] [56/445] DGGC
[00:01:05] [57/445] SMCR
[00:01:06] [58/445] SCGD
[00:01:07] [59/445] SRRJ
[00:01:07] [60/445] CNRY
[00:01:08] [61/445] KTDI
[00:01:10] [62/445] SNJL
[00:01:11] [63/445] RKMD
[00:01:12] [64/445] SMDC
[00:01:13] [65/445] TADG
[00:01:13] [66/445] MCGS
[00:01:14] [67/445] PETK
[00:01:15] [68/445] CHAG
[00:01:16] [69/445] KSTL
[00:01:17] [70/445] AADS
[00:01:18] [71/445] NTHZ
[00:01:19] [72/445] HCKI
[00:01:20] [73/445] SSEF
[00:01:20] [74/445] MCGX
[00:01:21] [75/445] ERRA
[00:01:22] [76/445] SDTW
[00:01:23] [77/445] RMPK
[00:01:24] [78/445] PTHK
[00:01:25] [79/445] PXCS
[00:01:26] [80/445] SVLU
[00:01:27] [81/445] STAH
[00:01:27] [82/445] JRGF
[00:01:28] [83/445] CDOK
[00:01:29] [84/445] CMSG
[00:01:30] [85/445] APTD
[00:01:32] [86/445] KMPG
[00:01:32] [87/445] MUTJ
[00:01:33] [88/445] VCCI
[00:01:34] [89/445] URBE
[00:01:35] [90/445] TCTS
[00:01:36] [91/445] STSN
[00:01:36] [92/445] AKCH
[00:01:37] [93/445] APSC
[00:01:38] [94/445] VLTB
[00:01:39] [95/445] SANU
[00:01:40] [96/445] AXAM
[00:01:41] [97/445] MGMG
[00:01:42] [98/445] HTBY
[00:01:43] [99/445] MMZS
[00:01:44] [100/445] SUDR
[00:01:44] [101/445] CCAD
[00:01:45] [102/445] SKKC
[00:01:46] [103/445] RMCD
[00:01:47] [104/445] SBCQ
[00:01:48] [105/445] DCCT
[00:01:49] [106/445] VTKP
[00:01:50] [107/445] MLAM
[00:01:50] [108/445] SAVT
[00:01:51] [109/445] GEPL
[00:01:52] [110/445] AMCD
[00:01:53] [111/445] CCXR
[00:01:54] [112/445] GRNG
[00:01:55] [113/445] EBCA
[00:01:56] [114/445] CNVG
[00:01:57] [115/445] MWSS
[00:01:58] [116/445] VBOR
[00:01:59] [117/445] NEEB
[00:02:00] [118/445] SUTH
[00:02:01] [119/445] ANDB
[00:02:02] [120/445] MMXS
[00:02:03] [121/445] CNPD
[00:02:04] [122/445] SDCE
[00:02:05] [123/445] DHCB
[00:02:06] [124/445] ODEN
[00:02:07] [125/445] TNTC
[00:02:08] [126/445] VBKM
[00:02:09] [127/445] RZYM
[00:02:10] [128/445] JEMC
[00:02:10] [129/445] CMAU
[00:02:11] [130/445] SIVP
[00:02:12] [131/445] ATAG
[00:02:14] [132/445] CHTM
[00:02:15] [133/445] AAEE
[00:02:16] [134/445] IWPM
[00:02:16] [135/445] KCMW
[00:02:17] [136/445] MCTD
[00:02:18] [137/445] SPWR
[00:02:19] [138/445] SDPO
[00:02:20] [139/445] PCSK
[00:02:21] [140/445] ACHV
[00:02:22] [141/445] SVLA
[00:02:22] [142/445] PICT
[00:02:23] [143/445] BXDR
[00:02:24] [144/445] SPWA
[00:02:25] [145/445] MCKO
[00:02:27] [146/445] RTHK
[00:02:28] [147/445] CCMF
[00:02:29] [148/445] MRGB
[00:02:29] [149/445] CPLC
[00:02:30] [150/445] RACD
[00:02:31] [151/445] ATKT
[00:02:32] [152/445] SARN
[00:02:34] [153/445] KKUI
[00:02:35] [154/445] RGCM
[00:02:36] [155/445] BRVP
[00:02:37] [156/445] HRSR
[00:02:38] [157/445] GKGM
[00:02:39] [158/445] TTCD
[00:02:40] [159/445] PTTI
[00:02:41] [160/445] MPTT
[00:02:42] [161/445] CVTT
[00:02:43] [162/445] PCXD
[00:02:44] [163/445] GCDC
[00:02:45] [164/445] CCCF
[00:02:46] [165/445] MRAD
[00:02:47] [166/445] CPLK
[00:02:48] [167/445] SATB
[00:02:49] [168/445] SNVG
[00:02:50] [169/445] JMBA
[00:02:50] [170/445] TEJA
[00:02:51] [171/445] STYO
[00:02:52] [172/445] JTBP
[00:02:53] [173/445] KRGD
[00:02:54] [174/445] SLJJ
[00:02:55] [175/445] SPTJ
[00:02:56] [176/445] SWJG
[00:02:57] [177/445] LKRT
[00:02:58] [178/445] KCKA
[00:02:59] [179/445] SNCR
[00:03:00] [180/445] SMKL
[00:03:01] [181/445] GCFA
[00:03:01] [182/445] DDCK
[00:03:02] [183/445] NCHJ
[00:03:03] [184/445] RDMA
[00:03:05] [185/445] SVSV
[00:03:06] [186/445] SCJG
[00:03:06] [187/445] VKLP
[00:03:07] [188/445] NWCC
[00:03:08] [189/445] VKNS
[00:03:09] [190/445] SDDP
[00:03:10] [191/445] ACSI
[00:03:11] [192/445] SATG
[00:03:12] [193/445] SCMW
[00:03:12] [194/445] LKTK
[00:03:13] [195/445] VCKV
[00:03:14] [196/445] KKPE
[00:03:15] [197/445] KIGH
[00:03:16] [198/445] SRPM
[00:03:17] [199/445] SCAH
[00:03:19] [200/445] MUTA
[00:03:20] [201/445] SEPU
[00:03:21] [202/445] INOA
[00:03:21] [203/445] BASK
[00:03:22] [204/445] NECB
[00:03:23] [205/445] GTTG
[00:03:24] [206/445] ASSA
[00:03:25] [207/445] ANCL
[00:03:26] [208/445] GCTI
[00:03:26] [209/445] RCTS
[00:03:27] [210/445] ACNL
[00:03:29] [211/445] MYCT
[00:03:30] [212/445] NMHT
[00:03:31] [213/445] MDIT
[00:03:31] [214/445] LATG
[00:03:33] [215/445] SMTY
[00:03:34] [216/445] CVCT
[00:03:35] [217/445] RAMB
[00:03:37] [218/445] TGMS
[00:03:37] [219/445] BHEL
[00:03:38] [220/445] SHCT
[00:03:39] [221/445] SVCT
[00:03:40] [222/445] MRIY
[00:03:40] [223/445] SARO
[00:03:41] [224/445] STCT
[00:03:42] [225/445] JKKC
[00:03:43] [226/445] PLTT
[00:03:44] [227/445] SRNT
[00:03:45] [228/445] YAST
[00:03:46] [229/445] PERL
[00:03:47] [230/445] CICM
[00:03:48] [231/445] MMTR
[00:03:49] [232/445] ABTK
[00:03:49] [233/445] ATYY
[00:03:50] [234/445] ASTK
[00:03:51] [235/445] VVCK
[00:03:52] [236/445] ATKY
[00:03:53] [237/445] GWEK
[00:03:54] [238/445] SVFH
[00:03:55] [239/445] SLTA
[00:03:56] [240/445] AASH
[00:03:58] [241/445] ACXB
[00:03:59] [242/445] SMTX
[00:04:00] [243/445] AZDH
[00:04:01] [244/445] CMMH
[00:04:02] [245/445] SCSZ
[00:04:03] [246/445] SCKP
[00:04:04] [247/445] NXTM
[00:04:05] [248/445] NWCS
[00:04:06] [249/445] CXMH
[00:04:07] [250/445] PCMA
[00:04:08] [251/445] SGCM
[00:04:09] [252/445] SDTU
[00:04:09] [253/445] MMVI
[00:04:10] [254/445] JKCM
[00:04:11] [255/445] VCMM
[00:04:12] [256/445] SYEE
[00:04:13] [257/445] VASD
[00:04:14] [258/445] BDRB
[00:04:15] [259/445] LASM
[00:04:16] [260/445] DCRL
[00:04:17] [261/445] DVPM
[00:04:18] [262/445] SBMJ
[00:04:19] [263/445] CBMU
[00:04:20] [264/445] IUBS
[00:04:21] [265/445] INAP
[00:04:22] [266/445] SRRC
[00:04:23] [267/445] SAGR
[00:04:24] [268/445] CPMJ
[00:04:25] [269/445] ATJL
[00:04:26] [270/445] NNTD
[00:04:26] [271/445] JHCJ
[00:04:28] [272/445] CMMP
[00:04:29] [273/445] RSDR
[00:04:30] [274/445] AMTI
[00:04:31] [275/445] NYSG
[00:04:32] [276/445] AVSG
[00:04:33] [277/445] SYTP
[00:04:34] [278/445] LARC
[00:04:35] [279/445] RJTP
[00:04:36] [280/445] LAKC
[00:04:37] [281/445] MCXE
[00:04:38] [282/445] CCZC
[00:04:39] [283/445] AVCH
[00:04:40] [284/445] CMBE
[00:04:41] [285/445] MRRC
[00:04:42] [286/445] PCPY
[00:04:43] [287/445] SRMH
[00:04:44] [288/445] SVGS
[00:04:45] [289/445] PCSE
[00:04:46] [290/445] SVFT
[00:04:46] [291/445] TNZP
[00:04:47] [292/445] ICTP
[00:04:48] [293/445] ACTZ
[00:04:49] [294/445] GTUR
[00:04:50] [295/445] MAFC
[00:04:51] [296/445] MINL
[00:04:52] [297/445] MRCL
[00:04:52] [298/445] RCRP
[00:04:53] [299/445] RFFG
[00:04:55] [300/445] RMAS
[00:04:56] [301/445] INVR
[00:04:57] [302/445] RMAR
[00:04:58] [303/445] CNIS
[00:04:59] [304/445] RHRJ
[00:05:00] [305/445] INXR
[00:05:00] [306/445] VALT
[00:05:02] [307/445] LCSH
[00:05:04] [308/445] CMVS
[00:05:04] [309/445] CNMS
[00:05:05] [310/445] ROOG
[00:05:06] [311/445] ISRM
[00:05:07] [312/445] RCRM
[00:05:08] [313/445] ACJA
[00:05:10] [314/445] RCVS
[00:05:10] [315/445] CPUS
[00:05:11] [316/445] TGCS
[00:05:12] [317/445] RKCJ
[00:05:13] [318/445] MKSB
[00:05:14] [319/445] TCSJ
[00:05:15] [320/445] RMGP
[00:05:16] [321/445] CLLP
[00:05:17] [322/445] RCMV
[00:05:18] [323/445] CCKS
[00:05:19] [324/445] RSRP
[00:05:20] [325/445] APLP
[00:05:22] [326/445] CNVS
[00:05:23] [327/445] RMVY
[00:05:24] [328/445] PGBD
[00:05:25] [329/445] KLMS
[00:05:26] [330/445] RUST
[00:05:27] [331/445] MASM
[00:05:28] [332/445] BACS
[00:05:28] [333/445] BWST
[00:05:29] [334/445] RRFH
[00:05:30] [335/445] SJTM
[00:05:31] [336/445] BEMR
[00:05:32] [337/445] MCGR
[00:05:33] [338/445] SDSK
[00:05:33] [339/445] VBOL
[00:05:34] [340/445] RMGM
[00:05:35] [341/445] NOPL
[00:05:36] [342/445] MKJK
[00:05:37] [343/445] CVRN
[00:05:38] [344/445] MMEN
[00:05:38] [345/445] AMNG
[00:05:39] [346/445] INTM
[00:05:40] [347/445] SLCZ
[00:05:41] [348/445] AMJN
[00:05:42] [349/445] ACJN
[00:05:43] [350/445] AMKN
[00:05:44] [351/445] BTCN
[00:05:44] [352/445] AMBT
[00:05:45] [353/445] PACN
[00:05:46] [354/445] LCNS
[00:05:47] [355/445] PPKC
[00:05:48] [356/445] JYYN
[00:05:50] [357/445] JTNR
[00:05:51] [358/445] GTEE
[00:05:52] [359/445] SRNM
[00:05:52] [360/445] SDTC
[00:05:53] [361/445] VPCA
[00:05:54] [362/445] VLRA
[00:05:55] [363/445] SHKR
[00:05:56] [364/445] SBKD
[00:05:57] [365/445] SAAD
[00:05:58] [366/445] JTGN
[00:05:58] [367/445] SLAM
[00:05:59] [368/445] VTPM
[00:06:00] [369/445] ANPT
[00:06:01] [370/445] PUNB
[00:06:02] [371/445] CPKT
[00:06:03] [372/445] CNWE
[00:06:04] [373/445] ECPP
[00:06:05] [374/445] CPAR
[00:06:06] [375/445] ESBW
[00:06:07] [376/445] PKPU
[00:06:08] [377/445] CPRP
[00:06:09] [378/445] RAHU
[00:06:10] [379/445] RHMN
[00:06:11] [380/445] FMJP
[00:06:13] [381/445] CTMP
[00:06:14] [382/445] INPN
[00:06:15] [383/445] STTG
[00:06:16] [384/445] CTRD
[00:06:17] [385/445] PUVB
[00:06:19] [386/445] ESVP
[00:06:19] [387/445] CPFT
[00:06:20] [388/445] LCPC
[00:06:21] [389/445] VBCT
[00:06:22] [390/445] FSCW
[00:06:23] [391/445] VCMP
[00:06:24] [392/445] ASHC
[00:06:25] [393/445] VLCX
[00:06:26] [394/445] SHEV
[00:06:27] [395/445] APCO
[00:06:28] [396/445] SILC
[00:06:29] [397/445] SNMR
[00:06:30] [398/445] KYBO
[00:06:31] [399/445] SATK
[00:06:31] [400/445] SSCS
[00:06:33] [401/445] CLSB
[00:06:33] [402/445] KMJR
[00:06:34] [403/445] FSCK
[00:06:35] [404/445] NNKA
[00:06:36] [405/445] CLMK
[00:06:37] [406/445] DMPZ
[00:06:38] [407/445] INQM
[00:06:39] [408/445] CAML
[00:06:40] [409/445] INRK
[00:06:41] [410/445] IMKN
[00:06:42] [411/445] SVNR
[00:06:43] [412/445] INSL
[00:06:43] [413/445] MSMA
[00:06:44] [414/445] MCKK
[00:06:46] [415/445] FCHP
[00:06:47] [416/445] SFCR
[00:06:49] [417/445] NACK
[00:06:49] [418/445] PVAK
[00:06:50] [419/445] INER
[00:06:51] [420/445] RDBK
[00:06:53] [421/445] SVFN
[00:06:54] [422/445] IFRM
[00:06:54] [423/445] ATCK
[00:06:55] [424/445] ASKO
[00:06:56] [425/445] STKT
[00:06:57] [426/445] SVFB
[00:06:58] [427/445] INKS
[00:06:59] [428/445] PCRA
[00:07:00] [429/445] ATJA
[00:07:00] [430/445] IMJN
[00:07:02] [431/445] INHD
[00:07:03] [432/445] BARA
[00:07:04] [433/445] MCSL
[00:07:06] [434/445] RTOY
[00:07:06] [435/445] MENO
[00:07:07] [436/445] PUDM
[00:07:08] [437/445] PRCN
[00:07:09] [438/445] JMJR
[00:07:10] [439/445] SSGK
[00:07:11] [440/445] SSRL
[00:07:12] [441/445] JYKL
[00:07:14] [442/445] ACNB
[00:07:15] [443/445] SONP
[00:07:16] [444/445] EMCI
[00:07:17] [445/445] MRJH
[00:07:17] ✅ DONE | Shows=0 | Movies=0
[00:50:08] 🚀 BMS DAILY TRACKER STARTED
[00:50:08] [1/445] TGMR
[00:50:08] 🧠 New identity
[00:50:09] [2/445] CXKR
[00:50:10] [3/445] SROP
[00:50:11] [4/445] GTSV
[00:50:12] [5/445] SNTY
[00:50:13] [6/445] SMYY
[00:50:13] [7/445] CNCS
[00:50:14] [8/445] CSTM
[00:50:16] [9/445] NUCD
[00:50:18] [10/445] SHCZ
[00:50:19] [11/445] NJCT
[00:50:20] [12/445] COPC
[00:50:21] [13/445] STVV
[00:50:22] [14/445] SKRN
[00:50:23] [15/445] APPZ
[00:50:24] [16/445] YMGN
[00:50:25] [17/445] SVTU
[00:50:26] [18/445] GTAD
[00:50:27] [19/445] PSUS
[00:50:28] [20/445] SMCD
[00:50:29] [21/445] CMCM
[00:50:30] [22/445] SYCT
[00:50:31] [23/445] STLY
[00:50:33] [24/445] CMHU
[00:50:33] [25/445] CMSA
[00:50:34] [26/445] CLCU
[00:50:36] [27/445] PPNT
[00:50:37] [28/445] JTAB
[00:50:38] [29/445] BUUC
[00:50:39] [30/445] BSVK
[00:50:39] [31/445] VVVQ
[00:50:40] [32/445] TKMU
[00:50:42] [33/445] ESYL
[00:50:43] [34/445] ACHP
[00:50:44] [35/445] BTKD
[00:50:45] [36/445] DESA
[00:50:46] [37/445] GBCT
[00:50:47] [38/445] BLLD
[00:50:48] [39/445] SKNT
[00:50:49] [40/445] SSTE
[00:50:50] [41/445] VJMR
[00:50:51] [42/445] NTPU
[00:50:52] [43/445] RDKN
[00:50:53] [44/445] ADGC
[00:50:54] [45/445] VRBP
[00:50:54] [46/445] NMNA
[00:50:55] [47/445] CMMX
[00:50:56] [48/445] PTKO
[00:50:57] [49/445] RBML
[00:50:58] [50/445] SAIC
[00:50:59] [51/445] SVTJ
[00:51:00] [52/445] MRTE
[00:51:01] [53/445] RBTP
[00:51:01] [54/445] NLPS
[00:51:02] [55/445] GTNA
[00:51:03] [56/445] DGGC
[00:51:04] [57/445] SMCR
[00:51:05] [58/445] SCGD
[00:51:06] [59/445] SRRJ
[00:51:07] [60/445] CNRY
[00:51:08] [61/445] KTDI
[00:51:09] [62/445] SNJL
[00:51:09] [63/445] RKMD
[00:51:10] [64/445] SMDC
[00:51:11] [65/445] TADG
[00:51:13] [66/445] MCGS
[00:51:14] [67/445] PETK
[00:51:15] [68/445] CHAG
[00:51:15] [69/445] KSTL
[00:51:16] [70/445] AADS
[00:51:17] [71/445] NTHZ
[00:51:18] [72/445] HCKI
[00:51:19] [73/445] SSEF
[00:51:20] [74/445] MCGX
[00:51:20] [75/445] ERRA
[00:51:22] [76/445] SDTW
[00:51:23] [77/445] RMPK
[00:51:23] [78/445] PTHK
[00:51:24] [79/445] PXCS
[00:51:25] [80/445] SVLU
[00:51:26] [81/445] STAH
[00:51:27] [82/445] JRGF
[00:51:28] [83/445] CDOK
[00:51:29] [84/445] CMSG
[00:51:30] [85/445] APTD
[00:51:31] [86/445] KMPG
[00:51:32] [87/445] MUTJ
[00:51:33] [88/445] VCCI
[00:51:34] [89/445] URBE
[00:51:35] [90/445] TCTS
[00:51:35] [91/445] STSN
[00:51:36] [92/445] AKCH
[00:51:37] [93/445] APSC
[00:51:38] [94/445] VLTB
[00:51:39] [95/445] SANU
[00:51:41] [96/445] AXAM
[00:51:42] [97/445] MGMG
[00:51:43] [98/445] HTBY
[00:51:44] [99/445] MMZS
[00:51:45] [100/445] SUDR
[00:51:46] [101/445] CCAD
[00:51:47] [102/445] SKKC
[00:51:48] [103/445] RMCD
[00:51:48] [104/445] SBCQ
[00:51:49] [105/445] DCCT
[00:51:50] [106/445] VTKP
[00:51:51] [107/445] MLAM
[00:51:52] [108/445] SAVT
[00:51:53] [109/445] GEPL
[00:51:54] [110/445] AMCD
[00:51:55] [111/445] CCXR
[00:51:56] [112/445] GRNG
[00:51:57] [113/445] EBCA
[00:51:58] [114/445] CNVG
[00:51:59] [115/445] MWSS
[00:52:00] [116/445] VBOR
[00:52:01] [117/445] NEEB
[00:52:02] [118/445] SUTH
[00:52:03] [119/445] ANDB
[00:52:04] [120/445] MMXS
[00:52:05] [121/445] CNPD
[00:52:06] [122/445] SDCE
[00:52:07] [123/445] DHCB
[00:52:08] [124/445] ODEN
[00:52:09] [125/445] TNTC
[00:52:10] [126/445] VBKM
[00:52:11] [127/445] RZYM
[00:52:12] [128/445] JEMC
[00:52:12] [129/445] CMAU
[00:52:13] [130/445] SIVP
[00:52:14] [131/445] ATAG
[00:52:15] [132/445] CHTM
[00:52:16] [133/445] AAEE
[00:52:18] [134/445] IWPM
[00:52:19] [135/445] KCMW
[00:52:20] [136/445] MCTD
[00:52:20] [137/445] SPWR
[00:52:22] [138/445] SDPO
[00:52:23] [139/445] PCSK
[00:52:24] [140/445] ACHV
[00:52:25] [141/445] SVLA
[00:52:26] [142/445] PICT
[00:52:27] [143/445] BXDR
[00:52:28] [144/445] SPWA
[00:52:29] [145/445] MCKO
[00:52:29] [146/445] RTHK
[00:52:30] [147/445] CCMF
[00:52:31] [148/445] MRGB
[00:52:32] [149/445] CPLC
[00:52:33] [150/445] RACD
[00:52:34] [151/445] ATKT
[00:52:35] [152/445] SARN
[00:52:37] [153/445] KKUI
[00:52:38] [154/445] RGCM
[00:52:39] [155/445] BRVP
[00:52:40] [156/445] HRSR
[00:52:41] [157/445] GKGM
[00:52:41] [158/445] TTCD
[00:52:42] [159/445] PTTI
[00:52:43] [160/445] MPTT
[00:52:44] [161/445] CVTT
[00:52:45] [162/445] PCXD
[00:52:46] [163/445] GCDC
[00:52:47] [164/445] CCCF
[00:52:48] [165/445] MRAD
[00:52:49] [166/445] CPLK
[00:52:49] [167/445] SATB
[00:52:50] [168/445] SNVG
[00:52:51] [169/445] JMBA
[00:52:52] [170/445] TEJA
[00:52:52] [171/445] STYO
[00:52:53] [172/445] JTBP
[00:52:54] [173/445] KRGD
[00:52:55] [174/445] SLJJ
[00:52:56] [175/445] SPTJ
[00:52:58] [176/445] SWJG
[00:52:58] [177/445] LKRT
[00:52:59] [178/445] KCKA
[00:53:00] [179/445] SNCR
[00:53:01] [180/445] SMKL
[00:53:03] [181/445] GCFA
[00:53:04] [182/445] DDCK
[00:53:05] [183/445] NCHJ
[00:53:05] [184/445] RDMA
[00:53:07] [185/445] SVSV
[00:53:07] [186/445] SCJG
[00:53:08] [187/445] VKLP
[00:53:09] [188/445] NWCC
[00:53:10] [189/445] VKNS
[00:53:11] [190/445] SDDP
[00:53:12] [191/445] ACSI
[00:53:13] [192/445] SATG
[00:53:13] [193/445] SCMW
[00:53:14] [194/445] LKTK
[00:53:15] [195/445] VCKV
[00:53:16] [196/445] KKPE
[00:53:17] [197/445] KIGH
[00:53:18] [198/445] SRPM
[00:53:19] [199/445] SCAH
[00:53:21] [200/445] MUTA
[00:53:21] [201/445] SEPU
[00:53:23] [202/445] INOA
[00:53:23] [203/445] BASK
[00:53:25] [204/445] NECB
[00:53:26] [205/445] GTTG
[00:53:27] [206/445] ASSA
[00:53:28] [207/445] ANCL
[00:53:28] [208/445] GCTI
[00:53:29] [209/445] RCTS
[00:53:30] [210/445] ACNL
[00:53:31] [211/445] MYCT
[00:53:32] [212/445] NMHT
[00:53:33] [213/445] MDIT
[00:53:34] [214/445] LATG
[00:53:35] [215/445] SMTY
[00:53:35] [216/445] CVCT
[00:53:36] [217/445] RAMB
[00:53:37] [218/445] TGMS
[00:53:38] [219/445] BHEL
[00:53:39] [220/445] SHCT
[00:53:40] [221/445] SVCT
[00:53:41] [222/445] MRIY
[00:53:42] [223/445] SARO
[00:53:43] [224/445] STCT
[00:53:43] [225/445] JKKC
[00:53:44] [226/445] PLTT
[00:53:45] [227/445] SRNT
[00:53:46] [228/445] YAST
[00:53:47] [229/445] PERL
[00:53:48] [230/445] CICM
[00:53:49] [231/445] MMTR
[00:53:50] [232/445] ABTK
[00:53:50] [233/445] ATYY
[00:53:51] [234/445] ASTK
[00:53:52] [235/445] VVCK
[00:53:53] [236/445] ATKY
[00:53:54] [237/445] GWEK
[00:53:55] [238/445] SVFH
[00:53:56] [239/445] SLTA
[00:53:57] [240/445] AASH
[00:53:57] [241/445] ACXB
[00:53:58] [242/445] SMTX
[00:53:59] [243/445] AZDH
[00:54:00] [244/445] CMMH
[00:54:01] [245/445] SCSZ
[00:54:02] [246/445] SCKP
[00:54:03] [247/445] NXTM
[00:54:04] [248/445] NWCS
[00:54:04] [249/445] CXMH
[00:54:06] [250/445] PCMA
[00:54:07] [251/445] SGCM
[00:54:08] [252/445] SDTU
[00:54:09] [253/445] MMVI
[00:54:09] [254/445] JKCM
[00:54:10] [255/445] VCMM
[00:54:11] [256/445] SYEE
[00:54:12] [257/445] VASD
[00:54:13] [258/445] BDRB
[00:54:14] [259/445] LASM
[00:54:15] [260/445] DCRL
[00:54:16] [261/445] DVPM
[00:54:17] [262/445] SBMJ
[00:54:18] [263/445] CBMU
[00:54:19] [264/445] IUBS
[00:54:19] [265/445] INAP
[00:54:21] [266/445] SRRC
[00:54:22] [267/445] SAGR
[00:54:23] [268/445] CPMJ
[00:54:24] [269/445] ATJL
[00:54:25] [270/445] NNTD
[00:54:25] [271/445] JHCJ
[00:54:26] [272/445] CMMP
[00:54:27] [273/445] RSDR
[00:54:28] [274/445] AMTI
[00:54:29] [275/445] NYSG
[00:54:30] [276/445] AVSG
[00:54:31] [277/445] SYTP
[00:54:32] [278/445] LARC
[00:54:33] [279/445] RJTP
[00:54:34] [280/445] LAKC
[00:54:35] [281/445] MCXE
[00:54:36] [282/445] CCZC
[00:54:37] [283/445] AVCH
[00:54:38] [284/445] CMBE
[00:54:39] [285/445] MRRC
[00:54:40] [286/445] PCPY
[00:54:41] [287/445] SRMH
[00:54:42] [288/445] SVGS
[00:54:43] [289/445] PCSE
[00:54:44] [290/445] SVFT
[00:54:45] [291/445] TNZP
[00:54:46] [292/445] ICTP
[00:54:47] [293/445] ACTZ
[00:54:48] [294/445] GTUR
[00:54:48] [295/445] MAFC
[00:54:49] [296/445] MINL
[00:54:50] [297/445] MRCL
[00:54:51] [298/445] RCRP
[00:54:53] [299/445] RFFG
[00:54:53] [300/445] RMAS
[00:54:55] [301/445] INVR
[00:54:56] [302/445] RMAR
[00:54:57] [303/445] CNIS
[00:54:58] [304/445] RHRJ
[00:54:59] [305/445] INXR
[00:55:00] [306/445] VALT
[00:55:01] [307/445] LCSH
[00:55:02] [308/445] CMVS
[00:55:04] [309/445] CNMS
[00:55:04] [310/445] ROOG
[00:55:05] [311/445] ISRM
[00:55:06] [312/445] RCRM
[00:55:07] [313/445] ACJA
[00:55:08] [314/445] RCVS
[00:55:09] [315/445] CPUS
[00:55:10] [316/445] TGCS
[00:55:11] [317/445] RKCJ
[00:55:12] [318/445] MKSB
[00:55:13] [319/445] TCSJ
[00:55:14] [320/445] RMGP
[00:55:16] [321/445] CLLP
[00:55:17] [322/445] RCMV
[00:55:18] [323/445] CCKS
[00:55:18] [324/445] RSRP
[00:55:20] [325/445] APLP
[00:55:22] [326/445] CNVS
[00:55:23] [327/445] RMVY
[00:55:24] [328/445] PGBD
[00:55:25] [329/445] KLMS
[00:55:26] [330/445] RUST
[00:55:27] [331/445] MASM
[00:55:29] [332/445] BACS
[00:55:30] [333/445] BWST
[00:55:31] [334/445] RRFH
[00:55:32] [335/445] SJTM
[00:55:32] [336/445] BEMR
[00:55:33] [337/445] MCGR
[00:55:35] [338/445] SDSK
[00:55:36] [339/445] VBOL
[00:55:37] [340/445] RMGM
[00:55:38] [341/445] NOPL
[00:55:39] [342/445] MKJK
[00:55:40] [343/445] CVRN
[00:55:41] [344/445] MMEN
[00:55:42] [345/445] AMNG
[00:55:43] [346/445] INTM
[00:55:44] [347/445] SLCZ
[00:55:45] [348/445] AMJN
[00:55:46] [349/445] ACJN
[00:55:47] [350/445] AMKN
[00:55:48] [351/445] BTCN
[00:55:49] [352/445] AMBT
[00:55:51] [353/445] PACN
[00:55:51] [354/445] LCNS
[00:55:52] [355/445] PPKC
[00:55:53] [356/445] JYYN
[00:55:54] [357/445] JTNR
[00:55:55] [358/445] GTEE
[00:55:56] [359/445] SRNM
[00:55:57] [360/445] SDTC
[00:55:58] [361/445] VPCA
[00:55:59] [362/445] VLRA
[00:56:00] [363/445] SHKR
[00:56:01] [364/445] SBKD
[00:56:02] [365/445] SAAD
[00:56:03] [366/445] JTGN
[00:56:04] [367/445] SLAM
[00:56:06] [368/445] VTPM
[00:56:07] [369/445] ANPT
[00:56:08] [370/445] PUNB
[00:56:09] [371/445] CPKT
[00:56:09] [372/445] CNWE
[00:56:10] [373/445] ECPP
[00:56:11] [374/445] CPAR
[00:56:12] [375/445] ESBW
[00:56:13] [376/445] PKPU
[00:56:14] [377/445] CPRP
[00:56:15] [378/445] RAHU
[00:56:17] [379/445] RHMN
[00:56:18] [380/445] FMJP
[00:56:18] [381/445] CTMP
[00:56:20] [382/445] INPN
[00:56:21] [383/445] STTG
[00:56:21] [384/445] CTRD
[00:56:22] [385/445] PUVB
[00:56:23] [386/445] ESVP
[00:56:24] [387/445] CPFT
[00:56:25] [388/445] LCPC
[00:56:25] [389/445] VBCT
[00:56:27] [390/445] FSCW
[00:56:28] [391/445] VCMP
[00:56:29] [392/445] ASHC
[00:56:31] [393/445] VLCX
[00:56:31] [394/445] SHEV
[00:56:32] [395/445] APCO
[00:56:33] [396/445] SILC
[00:56:34] [397/445] SNMR
[00:56:35] [398/445] KYBO
[00:56:36] [399/445] SATK
[00:56:37] [400/445] SSCS
[00:56:38] [401/445] CLSB
[00:56:39] [402/445] KMJR
[00:56:40] [403/445] FSCK
[00:56:41] [404/445] NNKA
[00:56:42] [405/445] CLMK
[00:56:43] [406/445] DMPZ
[00:56:44] [407/445] INQM
[00:56:45] [408/445] CAML
[00:56:46] [409/445] INRK
[00:56:47] [410/445] IMKN
[00:56:48] [411/445] SVNR
[00:56:49] [412/445] INSL
[00:56:50] [413/445] MSMA
[00:56:51] [414/445] MCKK
[00:56:52] [415/445] FCHP
[00:56:52] [416/445] SFCR
[00:56:53] [417/445] NACK
[00:56:54] [418/445] PVAK
[00:56:55] [419/445] INER
[00:56:56] [420/445] RDBK
[00:56:57] [421/445] SVFN
[00:56:57] [422/445] IFRM
[00:56:58] [423/445] ATCK
[00:57:00] [424/445] ASKO
[00:57:01] [425/445] STKT
[00:57:02] [426/445] SVFB
[00:57:03] [427/445] INKS
[00:57:04] [428/445] PCRA
[00:57:05] [429/445] ATJA
[00:57:06] [430/445] IMJN
[00:57:07] [431/445] INHD
[00:57:07] [432/445] BARA
[00:57:08] [433/445] MCSL
[00:57:09] [434/445] RTOY
[00:57:10] [435/445] MENO
[00:57:10] [436/445] PUDM
[00:57:11] [437/445] PRCN
[00:57:12] [438/445] JMJR
[00:57:13] [439/445] SSGK
[00:57:14] [440/445] SSRL
[00:57:15] [441/445] JYKL
[00:57:16] [442/445] ACNB
[00:57:18] [443/445] SONP
[00:57:19] [444/445] EMCI
[00:57:20] [445/445] MRJH
[00:57:21] ✅ DONE | Shows=0 | Movies=0
