[10:03:24] 🚀 SCRIPT STARTED
[10:03:24] [1/445] TGMR
[10:03:24] 🧠 New identity created
[10:03:25] [2/445] CXKR
[10:03:26] [3/445] SROP
[10:03:27] [4/445] GTSV
[10:03:28] [5/445] SNTY
[10:03:29] [6/445] SMYY
[10:03:29] [7/445] CNCS
[10:03:30] [8/445] CSTM
[10:03:31] [9/445] NUCD
[10:03:32] [10/445] SHCZ
[10:03:32] [11/445] NJCT
[10:03:33] [12/445] COPC
[10:03:34] [13/445] STVV
[10:03:36] [14/445] SKRN
[10:03:36] [15/445] APPZ
[10:03:37] [16/445] YMGN
[10:03:38] [17/445] SVTU
[10:03:39] [18/445] GTAD
[10:03:40] [19/445] PSUS
[10:03:41] [20/445] SMCD
[10:03:42] [21/445] CMCM
[10:03:43] [22/445] SYCT
[10:03:43] [23/445] STLY
[10:03:44] [24/445] CMHU
[10:03:45] [25/445] CMSA
[10:03:46] [26/445] CLCU
[10:03:47] [27/445] PPNT
[10:03:48] [28/445] JTAB
[10:03:49] [29/445] BUUC
[10:03:50] [30/445] BSVK
[10:03:51] [31/445] VVVQ
[10:03:51] [32/445] TKMU
[10:03:52] [33/445] ESYL
[10:03:53] [34/445] ACHP
[10:03:54] [35/445] BTKD
[10:03:55] [36/445] DESA
[10:03:56] [37/445] GBCT
[10:03:57] [38/445] BLLD
[10:03:58] [39/445] SKNT
[10:03:59] [40/445] SSTE
[10:04:00] [41/445] VJMR
[10:04:01] [42/445] NTPU
[10:04:02] [43/445] RDKN
[10:04:03] [44/445] ADGC
[10:04:03] [45/445] VRBP
[10:04:04] [46/445] NMNA
[10:04:05] [47/445] CMMX
[10:04:06] [48/445] PTKO
[10:04:07] [49/445] RBML
[10:04:08] [50/445] SAIC
[10:04:09] [51/445] SVTJ
[10:04:10] [52/445] MRTE
[10:04:11] [53/445] RBTP
[10:04:12] [54/445] NLPS
[10:04:13] [55/445] GTNA
[10:04:14] [56/445] DGGC
[10:04:15] [57/445] SMCR
[10:04:16] [58/445] SCGD
[10:04:17] [59/445] SRRJ
[10:04:17] [60/445] CNRY
[10:04:18] [61/445] KTDI
[10:04:19] [62/445] SNJL
[10:04:20] [63/445] RKMD
[10:04:20] [64/445] SMDC
[10:04:21] [65/445] TADG
[10:04:22] [66/445] MCGS
[10:04:23] [67/445] PETK
[10:04:24] [68/445] CHAG
[10:04:26] [69/445] KSTL
[10:04:26] [70/445] AADS
[10:04:27] [71/445] NTHZ
[10:04:28] [72/445] HCKI
[10:04:29] [73/445] SSEF
[10:04:30] [74/445] MCGX
[10:04:31] [75/445] ERRA
[10:04:32] [76/445] SDTW
[10:04:32] [77/445] RMPK
[10:04:33] [78/445] PTHK
[10:04:34] [79/445] PXCS
[10:04:35] [80/445] SVLU
[10:04:36] [81/445] STAH
[10:04:37] [82/445] JRGF
[10:04:38] [83/445] CDOK
[10:04:39] [84/445] CMSG
[10:04:40] [85/445] APTD
[10:04:40] [86/445] KMPG
[10:04:41] [87/445] MUTJ
[10:04:42] [88/445] VCCI
[10:04:43] [89/445] URBE
[10:04:44] [90/445] TCTS
[10:04:45] [91/445] STSN
[10:04:46] [92/445] AKCH
[10:04:47] [93/445] APSC
[10:04:48] [94/445] VLTB
[10:04:49] [95/445] SANU
[10:04:49] [96/445] AXAM
[10:04:50] [97/445] MGMG
[10:04:51] [98/445] HTBY
[10:04:52] [99/445] MMZS
[10:04:53] [100/445] SUDR
[10:04:54] [101/445] CCAD
[10:04:55] [102/445] SKKC
[10:04:56] [103/445] RMCD
[10:04:56] [104/445] SBCQ
[10:04:57] [105/445] DCCT
[10:04:58] [106/445] VTKP
[10:04:59] [107/445] MLAM
[10:04:59] [108/445] SAVT
[10:05:00] [109/445] GEPL
[10:05:01] [110/445] AMCD
[10:05:02] [111/445] CCXR
[10:05:03] [112/445] GRNG
[10:05:04] [113/445] EBCA
[10:05:05] [114/445] CNVG
[10:05:05] [115/445] MWSS
[10:05:06] [116/445] VBOR
[10:05:07] [117/445] NEEB
[10:05:08] [118/445] SUTH
[10:05:09] [119/445] ANDB
[10:05:09] [120/445] MMXS
[10:05:10] [121/445] CNPD
[10:05:12] [122/445] SDCE
[10:05:13] [123/445] DHCB
[10:05:13] [124/445] ODEN
[10:05:14] [125/445] TNTC
[10:05:15] [126/445] VBKM
[10:05:16] [127/445] RZYM
[10:05:17] [128/445] JEMC
[10:05:18] [129/445] CMAU
[10:05:18] [130/445] SIVP
[10:05:19] [131/445] ATAG
[10:05:20] [132/445] CHTM
[10:05:21] [133/445] AAEE
[10:05:22] [134/445] IWPM
[10:05:24] [135/445] KCMW
[10:05:24] [136/445] MCTD
[10:05:25] [137/445] SPWR
[10:05:26] [138/445] SDPO
[10:05:27] [139/445] PCSK
[10:05:28] [140/445] ACHV
[10:05:29] [141/445] SVLA
[10:05:30] [142/445] PICT
[10:05:31] [143/445] BXDR
[10:05:31] [144/445] SPWA
[10:05:32] [145/445] MCKO
[10:05:33] [146/445] RTHK
[10:05:34] [147/445] CCMF
[10:05:35] [148/445] MRGB
[10:05:35] [149/445] CPLC
[10:05:36] [150/445] RACD
[10:05:37] [151/445] ATKT
[10:05:38] [152/445] SARN
[10:05:39] [153/445] KKUI
[10:05:40] [154/445] RGCM
[10:05:41] [155/445] BRVP
[10:05:42] [156/445] HRSR
[10:05:43] [157/445] GKGM
[10:05:44] [158/445] TTCD
[10:05:45] [159/445] PTTI
[10:05:46] [160/445] MPTT
[10:05:47] [161/445] CVTT
[10:05:48] [162/445] PCXD
[10:05:49] [163/445] GCDC
[10:05:49] [164/445] CCCF
[10:05:50] [165/445] MRAD
[10:05:51] [166/445] CPLK
[10:05:52] [167/445] SATB
[10:05:53] [168/445] SNVG
[10:05:54] [169/445] JMBA
[10:05:54] [170/445] TEJA
[10:05:55] [171/445] STYO
[10:05:56] [172/445] JTBP
[10:05:57] [173/445] KRGD
[10:05:58] [174/445] SLJJ
[10:05:59] [175/445] SPTJ
[10:06:00] [176/445] SWJG
[10:06:01] [177/445] LKRT
[10:06:03] [178/445] KCKA
[10:06:03] [179/445] SNCR
[10:06:04] [180/445] SMKL
[10:06:05] [181/445] GCFA
[10:06:06] [182/445] DDCK
[10:06:07] [183/445] NCHJ
[10:06:07] [184/445] RDMA
[10:06:08] [185/445] SVSV
[10:06:09] [186/445] SCJG
[10:06:10] [187/445] VKLP
[10:06:11] [188/445] NWCC
[10:06:12] [189/445] VKNS
[10:06:12] [190/445] SDDP
[10:06:13] [191/445] ACSI
[10:06:14] [192/445] SATG
[10:06:15] [193/445] SCMW
[10:06:16] [194/445] LKTK
[10:06:16] [195/445] VCKV
[10:06:17] [196/445] KKPE
[10:06:18] [197/445] KIGH
[10:06:19] [198/445] SRPM
[10:06:20] [199/445] SCAH
[10:06:20] [200/445] MUTA
[10:06:21] [201/445] SEPU
[10:06:22] [202/445] INOA
[10:06:23] [203/445] BASK
[10:06:24] [204/445] NECB
[10:06:25] [205/445] GTTG
[10:06:26] [206/445] ASSA
[10:06:27] [207/445] ANCL
[10:06:28] [208/445] GCTI
[10:06:28] [209/445] RCTS
[10:06:29] [210/445] ACNL
[10:06:30] [211/445] MYCT
[10:06:31] [212/445] NMHT
[10:06:32] [213/445] MDIT
[10:06:32] [214/445] LATG
[10:06:33] [215/445] SMTY
[10:06:34] [216/445] CVCT
[10:06:35] [217/445] RAMB
[10:06:36] [218/445] TGMS
[10:06:37] [219/445] BHEL
[10:06:37] [220/445] SHCT
[10:06:38] [221/445] SVCT
[10:06:39] [222/445] MRIY
[10:06:40] [223/445] SARO
[10:06:40] [224/445] STCT
[10:06:41] [225/445] JKKC
[10:06:42] [226/445] PLTT
[10:06:43] [227/445] SRNT
[10:06:44] [228/445] YAST
[10:06:44] [229/445] PERL
[10:06:45] [230/445] CICM
[10:06:46] [231/445] MMTR
[10:06:47] [232/445] ABTK
[10:06:48] [233/445] ATYY
[10:06:49] [234/445] ASTK
[10:06:50] [235/445] VVCK
[10:06:51] [236/445] ATKY
[10:06:52] [237/445] GWEK
[10:06:53] [238/445] SVFH
[10:06:53] [239/445] SLTA
[10:06:54] [240/445] AASH
[10:06:55] [241/445] ACXB
[10:06:56] [242/445] SMTX
[10:06:57] [243/445] AZDH
[10:06:57] [244/445] CMMH
[10:06:58] [245/445] SCSZ
[10:06:59] [246/445] SCKP
[10:06:59] [247/445] NXTM
[10:07:00] [248/445] NWCS
[10:07:01] [249/445] CXMH
[10:07:02] [250/445] PCMA
[10:07:03] [251/445] SGCM
[10:07:04] [252/445] SDTU
[10:07:05] [253/445] MMVI
[10:07:06] [254/445] JKCM
[10:07:07] [255/445] VCMM
[10:07:07] [256/445] SYEE
[10:07:08] [257/445] VASD
[10:07:09] [258/445] BDRB
[10:07:10] [259/445] LASM
[10:07:11] [260/445] DCRL
[10:07:12] [261/445] DVPM
[10:07:12] [262/445] SBMJ
[10:07:13] [263/445] CBMU
[10:07:14] [264/445] IUBS
[10:07:15] [265/445] INAP
[10:07:17] [266/445] SRRC
[10:07:17] [267/445] SAGR
[10:07:18] [268/445] CPMJ
[10:07:19] [269/445] ATJL
[10:07:20] [270/445] NNTD
[10:07:20] [271/445] JHCJ
[10:07:21] [272/445] CMMP
[10:07:22] [273/445] RSDR
[10:07:23] [274/445] AMTI
[10:07:23] [275/445] NYSG
[10:07:24] [276/445] AVSG
[10:07:25] [277/445] SYTP
[10:07:26] [278/445] LARC
[10:07:27] [279/445] RJTP
[10:07:27] [280/445] LAKC
[10:07:28] [281/445] MCXE
[10:07:29] [282/445] CCZC
[10:07:30] [283/445] AVCH
[10:07:30] [284/445] CMBE
[10:07:31] [285/445] MRRC
[10:07:32] [286/445] PCPY
[10:07:34] [287/445] SRMH
[10:07:34] [288/445] SVGS
[10:07:35] [289/445] PCSE
[10:07:36] [290/445] SVFT
[10:07:37] [291/445] TNZP
[10:07:38] [292/445] ICTP
[10:07:39] [293/445] ACTZ
[10:07:40] [294/445] GTUR
[10:07:40] [295/445] MAFC
[10:07:41] [296/445] MINL
[10:07:42] [297/445] MRCL
[10:07:43] [298/445] RCRP
[10:07:44] [299/445] RFFG
[10:07:44] [300/445] RMAS
[10:07:45] [301/445] INVR
[10:07:46] [302/445] RMAR
[10:07:47] [303/445] CNIS
[10:07:48] [304/445] RHRJ
[10:07:48] [305/445] INXR
[10:07:49] [306/445] VALT
[10:07:50] [307/445] LCSH
[10:07:51] [308/445] CMVS
[10:07:52] [309/445] CNMS
[10:07:52] [310/445] ROOG
[10:07:53] [311/445] ISRM
[10:07:54] [312/445] RCRM
[10:07:55] [313/445] ACJA
[10:07:56] [314/445] RCVS
[10:07:57] [315/445] CPUS
[10:07:58] [316/445] TGCS
[10:07:58] [317/445] RKCJ
[10:07:59] [318/445] MKSB
[10:08:00] [319/445] TCSJ
[10:08:01] [320/445] RMGP
[10:08:01] [321/445] CLLP
[10:08:02] [322/445] RCMV
[10:08:03] [323/445] CCKS
[10:08:04] [324/445] RSRP
[10:08:05] [325/445] APLP
[10:08:06] [326/445] CNVS
[10:08:07] [327/445] RMVY
[10:08:08] [328/445] PGBD
[10:08:08] [329/445] KLMS
[10:08:10] [330/445] RUST
[10:08:11] [331/445] MASM
[10:08:11] [332/445] BACS
[10:08:12] [333/445] BWST
[10:08:13] [334/445] RRFH
[10:08:14] [335/445] SJTM
[10:08:15] [336/445] BEMR
[10:08:16] [337/445] MCGR
[10:08:16] [338/445] SDSK
[10:08:17] [339/445] VBOL
[10:08:18] [340/445] RMGM
[10:08:19] [341/445] NOPL
[10:08:20] [342/445] MKJK
[10:08:20] [343/445] CVRN
[10:08:21] [344/445] MMEN
[10:08:22] [345/445] AMNG
[10:08:23] [346/445] INTM
[10:08:23] [347/445] SLCZ
[10:08:24] [348/445] AMJN
[10:08:25] [349/445] ACJN
[10:08:26] [350/445] AMKN
[10:08:27] [351/445] BTCN
[10:08:28] [352/445] AMBT
[10:08:29] [353/445] PACN
[10:08:30] [354/445] LCNS
[10:08:30] [355/445] PPKC
[10:08:32] [356/445] JYYN
[10:08:33] [357/445] JTNR
[10:08:34] [358/445] GTEE
[10:08:35] [359/445] SRNM
[10:08:36] [360/445] SDTC
[10:08:38] [361/445] VPCA
[10:08:39] [362/445] VLRA
[10:08:39] [363/445] SHKR
[10:08:40] [364/445] SBKD
[10:08:41] [365/445] SAAD
[10:08:41] [366/445] JTGN
[10:08:43] [367/445] SLAM
[10:08:44] [368/445] VTPM
[10:08:45] [369/445] ANPT
[10:08:45] [370/445] PUNB
[10:08:46] [371/445] CPKT
[10:08:47] [372/445] CNWE
[10:08:48] [373/445] ECPP
[10:08:49] [374/445] CPAR
[10:08:50] [375/445] ESBW
[10:08:50] [376/445] PKPU
[10:08:52] [377/445] CPRP
[10:08:52] [378/445] RAHU
[10:08:53] [379/445] RHMN
[10:08:54] [380/445] FMJP
[10:08:55] [381/445] CTMP
[10:08:56] [382/445] INPN
[10:08:57] [383/445] STTG
[10:08:58] [384/445] CTRD
[10:08:58] [385/445] PUVB
[10:08:59] [386/445] ESVP
[10:09:00] [387/445] CPFT
[10:09:01] [388/445] LCPC
[10:09:02] [389/445] VBCT
[10:09:03] [390/445] FSCW
[10:09:04] [391/445] VCMP
[10:09:05] [392/445] ASHC
[10:09:05] [393/445] VLCX
[10:09:06] [394/445] SHEV
[10:09:07] [395/445] APCO
[10:09:08] [396/445] SILC
[10:09:09] [397/445] SNMR
[10:09:10] [398/445] KYBO
[10:09:11] [399/445] SATK
[10:09:11] [400/445] SSCS
[10:09:12] [401/445] CLSB
[10:09:13] [402/445] KMJR
[10:09:14] [403/445] FSCK
[10:09:14] [404/445] NNKA
[10:09:15] [405/445] CLMK
[10:09:16] [406/445] DMPZ
[10:09:17] [407/445] INQM
[10:09:18] [408/445] CAML
[10:09:19] [409/445] INRK
[10:09:19] [410/445] IMKN
[10:09:20] [411/445] SVNR
[10:09:21] [412/445] INSL
[10:09:22] [413/445] MSMA
[10:09:23] [414/445] MCKK
[10:09:24] [415/445] FCHP
[10:09:25] [416/445] SFCR
[10:09:26] [417/445] NACK
[10:09:27] [418/445] PVAK
[10:09:27] [419/445] INER
[10:09:29] [420/445] RDBK
[10:09:30] [421/445] SVFN
[10:09:31] [422/445] IFRM
[10:09:32] [423/445] ATCK
[10:09:33] [424/445] ASKO
[10:09:34] [425/445] STKT
[10:09:35] [426/445] SVFB
[10:09:36] [427/445] INKS
[10:09:37] [428/445] PCRA
[10:09:37] [429/445] ATJA
[10:09:38] [430/445] IMJN
[10:09:39] [431/445] INHD
[10:09:40] [432/445] BARA
[10:09:40] [433/445] MCSL
[10:09:42] [434/445] RTOY
[10:09:43] [435/445] MENO
[10:09:44] [436/445] PUDM
[10:09:45] [437/445] PRCN
[10:09:45] [438/445] JMJR
[10:09:46] [439/445] SSGK
[10:09:47] [440/445] SSRL
[10:09:48] [441/445] JYKL
[10:09:49] [442/445] ACNB
[10:09:50] [443/445] SONP
[10:09:51] [444/445] EMCI
[10:09:52] [445/445] MRJH
[10:09:53] 🧹 Deduping shows
[10:09:53] ✅ DONE | Shows=144 | Movies=13
[16:45:24] 🚀 SCRIPT STARTED
[16:45:24] [1/445] TGMR
[16:45:24] 🧠 New identity created
[16:45:25] [2/445] CXKR
[16:45:26] [3/445] SROP
[16:45:27] [4/445] GTSV
[16:45:28] [5/445] SNTY
[16:45:29] [6/445] SMYY
[16:45:30] [7/445] CNCS
[16:45:31] [8/445] CSTM
[16:45:32] [9/445] NUCD
[16:45:34] [10/445] SHCZ
[16:45:34] [11/445] NJCT
[16:45:35] [12/445] COPC
[16:45:36] [13/445] STVV
[16:45:38] [14/445] SKRN
[16:45:39] [15/445] APPZ
[16:45:40] [16/445] YMGN
[16:45:41] [17/445] SVTU
[16:45:41] [18/445] GTAD
[16:45:42] [19/445] PSUS
[16:45:43] [20/445] SMCD
[16:45:45] [21/445] CMCM
[16:45:46] [22/445] SYCT
[16:45:47] [23/445] STLY
[16:45:48] [24/445] CMHU
[16:45:49] [25/445] CMSA
[16:45:51] [26/445] CLCU
[16:45:52] [27/445] PPNT
[16:45:53] [28/445] JTAB
[16:45:54] [29/445] BUUC
[16:45:55] [30/445] BSVK
[16:45:56] [31/445] VVVQ
[16:45:56] [32/445] TKMU
[16:45:57] [33/445] ESYL
[16:45:58] [34/445] ACHP
[16:45:59] [35/445] BTKD
[16:46:00] [36/445] DESA
[16:46:01] [37/445] GBCT
[16:46:02] [38/445] BLLD
[16:46:02] [39/445] SKNT
[16:46:03] [40/445] SSTE
[16:46:04] [41/445] VJMR
[16:46:05] [42/445] NTPU
[16:46:06] [43/445] RDKN
[16:46:08] [44/445] ADGC
[16:46:08] [45/445] VRBP
[16:46:09] [46/445] NMNA
[16:46:10] [47/445] CMMX
[16:46:11] [48/445] PTKO
[16:46:12] [49/445] RBML
[16:46:13] [50/445] SAIC
[16:46:14] [51/445] SVTJ
[16:46:15] [52/445] MRTE
[16:46:16] [53/445] RBTP
[16:46:17] [54/445] NLPS
[16:46:18] [55/445] GTNA
[16:46:19] [56/445] DGGC
[16:46:19] [57/445] SMCR
[16:46:20] [58/445] SCGD
[16:46:21] [59/445] SRRJ
[16:46:23] [60/445] CNRY
[16:46:24] [61/445] KTDI
[16:46:25] [62/445] SNJL
[16:46:25] [63/445] RKMD
[16:46:26] [64/445] SMDC
[16:46:27] [65/445] TADG
[16:46:28] [66/445] MCGS
[16:46:28] [67/445] PETK
[16:46:29] [68/445] CHAG
[16:46:30] [69/445] KSTL
[16:46:31] [70/445] AADS
[16:46:33] [71/445] NTHZ
[16:46:33] [72/445] HCKI
[16:46:34] [73/445] SSEF
[16:46:35] [74/445] MCGX
[16:46:37] [75/445] ERRA
[16:46:38] [76/445] SDTW
[16:46:39] [77/445] RMPK
[16:46:40] [78/445] PTHK
[16:46:41] [79/445] PXCS
[16:46:42] [80/445] SVLU
[16:46:43] [81/445] STAH
[16:46:44] [82/445] JRGF
[16:46:45] [83/445] CDOK
[16:46:47] [84/445] CMSG
[16:46:47] [85/445] APTD
[16:46:49] [86/445] KMPG
[16:46:49] [87/445] MUTJ
[16:46:51] [88/445] VCCI
[16:46:52] [89/445] URBE
[16:46:53] [90/445] TCTS
[16:46:54] [91/445] STSN
[16:46:55] [92/445] AKCH
[16:46:56] [93/445] APSC
[16:46:57] [94/445] VLTB
[16:46:58] [95/445] SANU
[16:47:00] [96/445] AXAM
[16:47:01] [97/445] MGMG
[16:47:02] [98/445] HTBY
[16:47:02] [99/445] MMZS
[16:47:03] [100/445] SUDR
[16:47:04] [101/445] CCAD
[16:47:04] [102/445] SKKC
[16:47:05] [103/445] RMCD
[16:47:06] [104/445] SBCQ
[16:47:07] [105/445] DCCT
[16:47:08] [106/445] VTKP
[16:47:09] [107/445] MLAM
[16:47:10] [108/445] SAVT
[16:47:11] [109/445] GEPL
[16:47:12] [110/445] AMCD
[16:47:13] [111/445] CCXR
[16:47:14] [112/445] GRNG
[16:47:14] [113/445] EBCA
[16:47:15] [114/445] CNVG
[16:47:16] [115/445] MWSS
[16:47:17] [116/445] VBOR
[16:47:18] [117/445] NEEB
[16:47:19] [118/445] SUTH
[16:47:21] [119/445] ANDB
[16:47:21] [120/445] MMXS
[16:47:22] [121/445] CNPD
[16:47:23] [122/445] SDCE
[16:47:24] [123/445] DHCB
[16:47:25] [124/445] ODEN
[16:47:26] [125/445] TNTC
[16:47:27] [126/445] VBKM
[16:47:28] [127/445] RZYM
[16:47:29] [128/445] JEMC
[16:47:30] [129/445] CMAU
[16:47:32] [130/445] SIVP
[16:47:32] [131/445] ATAG
[16:47:34] [132/445] CHTM
[16:47:36] [133/445] AAEE
[16:47:37] [134/445] IWPM
[16:47:38] [135/445] KCMW
[16:47:39] [136/445] MCTD
[16:47:40] [137/445] SPWR
[16:47:41] [138/445] SDPO
[16:47:42] [139/445] PCSK
[16:47:43] [140/445] ACHV
[16:47:44] [141/445] SVLA
[16:47:45] [142/445] PICT
[16:47:46] [143/445] BXDR
[16:47:47] [144/445] SPWA
[16:47:48] [145/445] MCKO
[16:47:48] [146/445] RTHK
[16:47:49] [147/445] CCMF
[16:47:51] [148/445] MRGB
[16:47:52] [149/445] CPLC
[16:47:53] [150/445] RACD
[16:47:54] [151/445] ATKT
[16:47:55] [152/445] SARN
[16:47:56] [153/445] KKUI
[16:47:57] [154/445] RGCM
[16:47:58] [155/445] BRVP
[16:47:59] [156/445] HRSR
[16:48:00] [157/445] GKGM
[16:48:01] [158/445] TTCD
[16:48:02] [159/445] PTTI
[16:48:03] [160/445] MPTT
[16:48:05] [161/445] CVTT
[16:48:06] [162/445] PCXD
[16:48:07] [163/445] GCDC
[16:48:07] [164/445] CCCF
[16:48:08] [165/445] MRAD
[16:48:09] [166/445] CPLK
[16:48:10] [167/445] SATB
[16:48:11] [168/445] SNVG
[16:48:12] [169/445] JMBA
[16:48:12] [170/445] TEJA
[16:48:13] [171/445] STYO
[16:48:14] [172/445] JTBP
[16:48:15] [173/445] KRGD
[16:48:16] [174/445] SLJJ
[16:48:17] [175/445] SPTJ
[16:48:18] [176/445] SWJG
[16:48:18] [177/445] LKRT
[16:48:20] [178/445] KCKA
[16:48:21] [179/445] SNCR
[16:48:22] [180/445] SMKL
[16:48:22] [181/445] GCFA
[16:48:23] [182/445] DDCK
[16:48:24] [183/445] NCHJ
[16:48:25] [184/445] RDMA
[16:48:26] [185/445] SVSV
[16:48:27] [186/445] SCJG
[16:48:28] [187/445] VKLP
[16:48:29] [188/445] NWCC
[16:48:30] [189/445] VKNS
[16:48:31] [190/445] SDDP
[16:48:32] [191/445] ACSI
[16:48:33] [192/445] SATG
[16:48:33] [193/445] SCMW
[16:48:34] [194/445] LKTK
[16:48:36] [195/445] VCKV
[16:48:37] [196/445] KKPE
[16:48:38] [197/445] KIGH
[16:48:39] [198/445] SRPM
[16:48:40] [199/445] SCAH
[16:48:41] [200/445] MUTA
[16:48:42] [201/445] SEPU
[16:48:43] [202/445] INOA
[16:48:44] [203/445] BASK
[16:48:45] [204/445] NECB
[16:48:45] [205/445] GTTG
[16:48:46] [206/445] ASSA
[16:48:47] [207/445] ANCL
[16:48:48] [208/445] GCTI
[16:48:49] [209/445] RCTS
[16:48:50] [210/445] ACNL
[16:48:51] [211/445] MYCT
[16:48:53] [212/445] NMHT
[16:48:54] [213/445] MDIT
[16:48:55] [214/445] LATG
[16:48:56] [215/445] SMTY
[16:48:56] [216/445] CVCT
[16:48:58] [217/445] RAMB
[16:48:59] [218/445] TGMS
[16:49:00] [219/445] BHEL
[16:49:01] [220/445] SHCT
[16:49:03] [221/445] SVCT
[16:49:05] [222/445] MRIY
[16:49:06] [223/445] SARO
[16:49:07] [224/445] STCT
[16:49:08] [225/445] JKKC
[16:49:09] [226/445] PLTT
[16:49:10] [227/445] SRNT
[16:49:11] [228/445] YAST
[16:49:12] [229/445] PERL
[16:49:13] [230/445] CICM
[16:49:14] [231/445] MMTR
[16:49:15] [232/445] ABTK
[16:49:16] [233/445] ATYY
[16:49:17] [234/445] ASTK
[16:49:18] [235/445] VVCK
[16:49:20] [236/445] ATKY
[16:49:21] [237/445] GWEK
[16:49:21] [238/445] SVFH
[16:49:23] [239/445] SLTA
[16:49:23] [240/445] AASH
[16:49:25] [241/445] ACXB
[16:49:26] [242/445] SMTX
[16:49:27] [243/445] AZDH
[16:49:28] [244/445] CMMH
[16:49:30] [245/445] SCSZ
[16:49:30] [246/445] SCKP
[16:49:32] [247/445] NXTM
[16:49:33] [248/445] NWCS
[16:49:34] [249/445] CXMH
[16:49:35] [250/445] PCMA
[16:49:36] [251/445] SGCM
[16:49:37] [252/445] SDTU
[16:49:38] [253/445] MMVI
[16:49:39] [254/445] JKCM
[16:49:40] [255/445] VCMM
[16:49:41] [256/445] SYEE
[16:49:42] [257/445] VASD
[16:49:43] [258/445] BDRB
[16:49:44] [259/445] LASM
[16:49:45] [260/445] DCRL
[16:49:46] [261/445] DVPM
[16:49:47] [262/445] SBMJ
[16:49:48] [263/445] CBMU
[16:49:49] [264/445] IUBS
[16:49:50] [265/445] INAP
[16:49:51] [266/445] SRRC
[16:49:52] [267/445] SAGR
[16:49:53] [268/445] CPMJ
[16:49:54] [269/445] ATJL
[16:49:54] [270/445] NNTD
[16:49:55] [271/445] JHCJ
[16:49:56] [272/445] CMMP
[16:49:57] [273/445] RSDR
[16:49:58] [274/445] AMTI
[16:49:58] [275/445] NYSG
[16:49:59] [276/445] AVSG
[16:50:00] [277/445] SYTP
[16:50:01] [278/445] LARC
[16:50:02] [279/445] RJTP
[16:50:02] [280/445] LAKC
[16:50:03] [281/445] MCXE
[16:50:05] [282/445] CCZC
[16:50:06] [283/445] AVCH
[16:50:07] [284/445] CMBE
[16:50:09] [285/445] MRRC
[16:50:10] [286/445] PCPY
[16:50:11] [287/445] SRMH
[16:50:12] [288/445] SVGS
[16:50:13] [289/445] PCSE
[16:50:14] [290/445] SVFT
[16:50:15] [291/445] TNZP
[16:50:16] [292/445] ICTP
[16:50:17] [293/445] ACTZ
[16:50:18] [294/445] GTUR
[16:50:20] [295/445] MAFC
[16:50:20] [296/445] MINL
[16:50:21] [297/445] MRCL
[16:50:22] [298/445] RCRP
[16:50:23] [299/445] RFFG
[16:50:24] [300/445] RMAS
[16:50:25] [301/445] INVR
[16:50:26] [302/445] RMAR
[16:50:27] [303/445] CNIS
[16:50:28] [304/445] RHRJ
[16:50:29] [305/445] INXR
[16:50:30] [306/445] VALT
[16:50:31] [307/445] LCSH
[16:50:32] [308/445] CMVS
[16:50:34] [309/445] CNMS
[16:50:35] [310/445] ROOG
[16:50:36] [311/445] ISRM
[16:50:37] [312/445] RCRM
[16:50:38] [313/445] ACJA
[16:50:39] [314/445] RCVS
[16:50:41] [315/445] CPUS
[16:50:41] [316/445] TGCS
[16:50:42] [317/445] RKCJ
[16:50:43] [318/445] MKSB
[16:50:44] [319/445] TCSJ
[16:50:45] [320/445] RMGP
[16:50:46] [321/445] CLLP
[16:50:47] [322/445] RCMV
[16:50:48] [323/445] CCKS
[16:50:49] [324/445] RSRP
[16:50:50] [325/445] APLP
[16:50:51] [326/445] CNVS
[16:50:52] [327/445] RMVY
[16:50:53] [328/445] PGBD
[16:50:54] [329/445] KLMS
[16:50:55] [330/445] RUST
[16:50:56] [331/445] MASM
[16:50:57] [332/445] BACS
[16:50:59] [333/445] BWST
[16:51:00] [334/445] RRFH
[16:51:01] [335/445] SJTM
[16:51:02] [336/445] BEMR
[16:51:03] [337/445] MCGR
[16:51:03] [338/445] SDSK
[16:51:04] [339/445] VBOL
[16:51:05] [340/445] RMGM
[16:51:06] [341/445] NOPL
[16:51:08] [342/445] MKJK
[16:51:09] [343/445] CVRN
[16:51:10] [344/445] MMEN
[16:51:10] [345/445] AMNG
[16:51:11] [346/445] INTM
[16:51:12] [347/445] SLCZ
[16:51:14] [348/445] AMJN
[16:51:14] [349/445] ACJN
[16:51:15] [350/445] AMKN
[16:51:16] [351/445] BTCN
[16:51:17] [352/445] AMBT
[16:51:17] [353/445] PACN
[16:51:19] [354/445] LCNS
[16:51:20] [355/445] PPKC
[16:51:21] [356/445] JYYN
[16:51:22] [357/445] JTNR
[16:51:23] [358/445] GTEE
[16:51:24] [359/445] SRNM
[16:51:25] [360/445] SDTC
[16:51:26] [361/445] VPCA
[16:51:27] [362/445] VLRA
[16:51:27] [363/445] SHKR
[16:51:28] [364/445] SBKD
[16:51:29] [365/445] SAAD
[16:51:31] [366/445] JTGN
[16:51:32] [367/445] SLAM
[16:51:32] [368/445] VTPM
[16:51:33] [369/445] ANPT
[16:51:34] [370/445] PUNB
[16:51:35] [371/445] CPKT
[16:51:35] [372/445] CNWE
[16:51:36] [373/445] ECPP
[16:51:37] [374/445] CPAR
[16:51:38] [375/445] ESBW
[16:51:39] [376/445] PKPU
[16:51:40] [377/445] CPRP
[16:51:40] [378/445] RAHU
[16:51:41] [379/445] RHMN
[16:51:42] [380/445] FMJP
[16:51:43] [381/445] CTMP
[16:51:44] [382/445] INPN
[16:51:44] [383/445] STTG
[16:51:45] [384/445] CTRD
[16:51:46] [385/445] PUVB
[16:51:47] [386/445] ESVP
[16:51:50] [387/445] CPFT
[16:51:51] [388/445] LCPC
[16:51:51] [389/445] VBCT
[16:51:52] [390/445] FSCW
[16:51:54] [391/445] VCMP
[16:51:55] [392/445] ASHC
[16:51:56] [393/445] VLCX
[16:51:57] [394/445] SHEV
[16:51:58] [395/445] APCO
[16:51:59] [396/445] SILC
[16:52:00] [397/445] SNMR
[16:52:00] [398/445] KYBO
[16:52:01] [399/445] SATK
[16:52:02] [400/445] SSCS
[16:52:02] [401/445] CLSB
[16:52:03] [402/445] KMJR
[16:52:05] [403/445] FSCK
[16:52:06] [404/445] NNKA
[16:52:07] [405/445] CLMK
[16:52:08] [406/445] DMPZ
[16:52:08] [407/445] INQM
[16:52:09] [408/445] CAML
[16:52:10] [409/445] INRK
[16:52:11] [410/445] IMKN
[16:52:12] [411/445] SVNR
[16:52:12] [412/445] INSL
[16:52:14] [413/445] MSMA
[16:52:15] [414/445] MCKK
[16:52:16] [415/445] FCHP
[16:52:17] [416/445] SFCR
[16:52:18] [417/445] NACK
[16:52:18] [418/445] PVAK
[16:52:19] [419/445] INER
[16:52:20] [420/445] RDBK
[16:52:22] [421/445] SVFN
[16:52:23] [422/445] IFRM
[16:52:24] [423/445] ATCK
[16:52:25] [424/445] ASKO
[16:52:26] [425/445] STKT
[16:52:27] [426/445] SVFB
[16:52:27] [427/445] INKS
[16:52:29] [428/445] PCRA
[16:52:30] [429/445] ATJA
[16:52:31] [430/445] IMJN
[16:52:33] [431/445] INHD
[16:52:33] [432/445] BARA
[16:52:34] [433/445] MCSL
[16:52:35] [434/445] RTOY
[16:52:36] [435/445] MENO
[16:52:37] [436/445] PUDM
[16:52:39] [437/445] PRCN
[16:52:40] [438/445] JMJR
[16:52:41] [439/445] SSGK
[16:52:42] [440/445] SSRL
[16:52:43] [441/445] JYKL
[16:52:44] [442/445] ACNB
[16:52:45] [443/445] SONP
[16:52:46] [444/445] EMCI
[16:52:47] [445/445] MRJH
[16:52:48] 🧹 Deduping shows
[16:52:48] ✅ DONE | Shows=284 | Movies=17
[04:43:21] 🚀 SCRIPT STARTED
[04:43:21] [1/445] TGMR
[04:43:21] 🧠 New identity created
[04:43:22] [2/445] CXKR
[04:43:23] [3/445] SROP
[04:43:24] [4/445] GTSV
[04:43:25] [5/445] SNTY
[04:43:26] [6/445] SMYY
[04:43:27] [7/445] CNCS
[04:43:28] [8/445] CSTM
[04:43:28] [9/445] NUCD
[04:43:29] [10/445] SHCZ
[04:43:30] [11/445] NJCT
[04:43:31] [12/445] COPC
[04:43:32] [13/445] STVV
[04:43:33] [14/445] SKRN
[04:43:34] [15/445] APPZ
[04:43:34] [16/445] YMGN
[04:43:36] [17/445] SVTU
[04:43:37] [18/445] GTAD
[04:43:37] [19/445] PSUS
[04:43:38] [20/445] SMCD
[04:43:39] [21/445] CMCM
[04:43:41] [22/445] SYCT
[04:43:41] [23/445] STLY
[04:43:42] [24/445] CMHU
[04:43:43] [25/445] CMSA
[04:43:44] [26/445] CLCU
[04:43:44] [27/445] PPNT
[04:43:45] [28/445] JTAB
[04:43:46] [29/445] BUUC
[04:43:47] [30/445] BSVK
[04:43:48] [31/445] VVVQ
[04:43:49] [32/445] TKMU
[04:43:50] [33/445] ESYL
[04:43:51] [34/445] ACHP
[04:43:51] [35/445] BTKD
[04:43:52] [36/445] DESA
[04:43:54] [37/445] GBCT
[04:43:55] [38/445] BLLD
[04:43:56] [39/445] SKNT
[04:43:57] [40/445] SSTE
[04:43:58] [41/445] VJMR
[04:43:58] [42/445] NTPU
[04:43:59] [43/445] RDKN
[04:44:01] [44/445] ADGC
[04:44:01] [45/445] VRBP
[04:44:02] [46/445] NMNA
[04:44:03] [47/445] CMMX
[04:44:04] [48/445] PTKO
[04:44:05] [49/445] RBML
[04:44:07] [50/445] SAIC
[04:44:07] [51/445] SVTJ
[04:44:09] [52/445] MRTE
[04:44:10] [53/445] RBTP
[04:44:11] [54/445] NLPS
[04:44:12] [55/445] GTNA
[04:44:13] [56/445] DGGC
[04:44:14] [57/445] SMCR
[04:44:15] [58/445] SCGD
[04:44:16] [59/445] SRRJ
[04:44:17] [60/445] CNRY
[04:44:18] [61/445] KTDI
[04:44:19] [62/445] SNJL
[04:44:19] [63/445] RKMD
[04:44:20] [64/445] SMDC
[04:44:21] [65/445] TADG
[04:44:21] [66/445] MCGS
[04:44:22] [67/445] PETK
[04:44:23] [68/445] CHAG
[04:44:24] [69/445] KSTL
[04:44:25] [70/445] AADS
[04:44:25] [71/445] NTHZ
[04:44:26] [72/445] HCKI
[04:44:27] [73/445] SSEF
[04:44:28] [74/445] MCGX
[04:44:29] [75/445] ERRA
[04:44:30] [76/445] SDTW
[04:44:31] [77/445] RMPK
[04:44:31] [78/445] PTHK
[04:44:32] [79/445] PXCS
[04:44:33] [80/445] SVLU
[04:44:34] [81/445] STAH
[04:44:35] [82/445] JRGF
[04:44:36] [83/445] CDOK
[04:44:36] [84/445] CMSG
[04:44:37] [85/445] APTD
[04:44:38] [86/445] KMPG
[04:44:39] [87/445] MUTJ
[04:44:40] [88/445] VCCI
[04:44:41] [89/445] URBE
[04:44:42] [90/445] TCTS
[04:44:43] [91/445] STSN
[04:44:44] [92/445] AKCH
[04:44:44] [93/445] APSC
[04:44:45] [94/445] VLTB
[04:44:46] [95/445] SANU
[04:44:47] [96/445] AXAM
[04:44:48] [97/445] MGMG
[04:44:49] [98/445] HTBY
[04:44:50] [99/445] MMZS
[04:44:51] [100/445] SUDR
[04:44:52] [101/445] CCAD
[04:44:53] [102/445] SKKC
[04:44:54] [103/445] RMCD
[04:44:54] [104/445] SBCQ
[04:44:55] [105/445] DCCT
[04:44:56] [106/445] VTKP
[04:44:57] [107/445] MLAM
[04:44:58] [108/445] SAVT
[04:44:59] [109/445] GEPL
[04:45:00] [110/445] AMCD
[04:45:01] [111/445] CCXR
[04:45:02] [112/445] GRNG
[04:45:03] [113/445] EBCA
[04:45:04] [114/445] CNVG
[04:45:04] [115/445] MWSS
[04:45:05] [116/445] VBOR
[04:45:06] [117/445] NEEB
[04:45:07] [118/445] SUTH
[04:45:08] [119/445] ANDB
[04:45:09] [120/445] MMXS
[04:45:09] [121/445] CNPD
[04:45:10] [122/445] SDCE
[04:45:11] [123/445] DHCB
[04:45:12] [124/445] ODEN
[04:45:13] [125/445] TNTC
[04:45:13] [126/445] VBKM
[04:45:14] [127/445] RZYM
[04:45:15] [128/445] JEMC
[04:45:16] [129/445] CMAU
[04:45:17] [130/445] SIVP
[04:45:18] [131/445] ATAG
[04:45:19] [132/445] CHTM
[04:45:20] [133/445] AAEE
[04:45:20] [134/445] IWPM
[04:45:21] [135/445] KCMW
[04:45:23] [136/445] MCTD
[04:45:24] [137/445] SPWR
[04:45:25] [138/445] SDPO
[04:45:26] [139/445] PCSK
[04:45:26] [140/445] ACHV
[04:45:28] [141/445] SVLA
[04:45:28] [142/445] PICT
[04:45:29] [143/445] BXDR
[04:45:30] [144/445] SPWA
[04:45:31] [145/445] MCKO
[04:45:32] [146/445] RTHK
[04:45:33] [147/445] CCMF
[04:45:33] [148/445] MRGB
[04:45:34] [149/445] CPLC
[04:45:35] [150/445] RACD
[04:45:36] [151/445] ATKT
[04:45:37] [152/445] SARN
[04:45:38] [153/445] KKUI
[04:45:39] [154/445] RGCM
[04:45:40] [155/445] BRVP
[04:45:40] [156/445] HRSR
[04:45:41] [157/445] GKGM
[04:45:42] [158/445] TTCD
[04:45:44] [159/445] PTTI
[04:45:45] [160/445] MPTT
[04:45:46] [161/445] CVTT
[04:45:47] [162/445] PCXD
[04:45:48] [163/445] GCDC
[04:45:49] [164/445] CCCF
[04:45:50] [165/445] MRAD
[04:45:51] [166/445] CPLK
[04:45:52] [167/445] SATB
[04:45:52] [168/445] SNVG
[04:45:54] [169/445] JMBA
[04:45:54] [170/445] TEJA
[04:45:55] [171/445] STYO
[04:45:56] [172/445] JTBP
[04:45:57] [173/445] KRGD
[04:45:58] [174/445] SLJJ
[04:45:58] [175/445] SPTJ
[04:46:00] [176/445] SWJG
[04:46:01] [177/445] LKRT
[04:46:02] [178/445] KCKA
[04:46:02] [179/445] SNCR
[04:46:03] [180/445] SMKL
[04:46:04] [181/445] GCFA
[04:46:05] [182/445] DDCK
[04:46:06] [183/445] NCHJ
[04:46:07] [184/445] RDMA
[04:46:08] [185/445] SVSV
[04:46:08] [186/445] SCJG
[04:46:09] [187/445] VKLP
[04:46:10] [188/445] NWCC
[04:46:11] [189/445] VKNS
[04:46:12] [190/445] SDDP
[04:46:13] [191/445] ACSI
[04:46:14] [192/445] SATG
[04:46:15] [193/445] SCMW
[04:46:16] [194/445] LKTK
[04:46:17] [195/445] VCKV
[04:46:17] [196/445] KKPE
[04:46:18] [197/445] KIGH
[04:46:20] [198/445] SRPM
[04:46:20] [199/445] SCAH
[04:46:21] [200/445] MUTA
[04:46:22] [201/445] SEPU
[04:46:23] [202/445] INOA
[04:46:24] [203/445] BASK
[04:46:25] [204/445] NECB
[04:46:25] [205/445] GTTG
[04:46:26] [206/445] ASSA
[04:46:27] [207/445] ANCL
[04:46:28] [208/445] GCTI
[04:46:29] [209/445] RCTS
[04:46:30] [210/445] ACNL
[04:46:31] [211/445] MYCT
[04:46:32] [212/445] NMHT
[04:46:33] [213/445] MDIT
[04:46:33] [214/445] LATG
[04:46:35] [215/445] SMTY
[04:46:36] [216/445] CVCT
[04:46:37] [217/445] RAMB
[04:46:38] [218/445] TGMS
[04:46:39] [219/445] BHEL
[04:46:40] [220/445] SHCT
[04:46:41] [221/445] SVCT
[04:46:42] [222/445] MRIY
[04:46:42] [223/445] SARO
[04:46:43] [224/445] STCT
[04:46:44] [225/445] JKKC
[04:46:46] [226/445] PLTT
[04:46:46] [227/445] SRNT
[04:46:47] [228/445] YAST
[04:46:48] [229/445] PERL
[04:46:49] [230/445] CICM
[04:46:50] [231/445] MMTR
[04:46:50] [232/445] ABTK
[04:46:51] [233/445] ATYY
[04:46:52] [234/445] ASTK
[04:46:53] [235/445] VVCK
[04:46:54] [236/445] ATKY
[04:46:55] [237/445] GWEK
[04:46:56] [238/445] SVFH
[04:46:56] [239/445] SLTA
[04:46:57] [240/445] AASH
[04:46:58] [241/445] ACXB
[04:47:00] [242/445] SMTX
[04:47:01] [243/445] AZDH
[04:47:02] [244/445] CMMH
[04:47:03] [245/445] SCSZ
[04:47:04] [246/445] SCKP
[04:47:05] [247/445] NXTM
[04:47:06] [248/445] NWCS
[04:47:07] [249/445] CXMH
[04:47:08] [250/445] PCMA
[04:47:08] [251/445] SGCM
[04:47:09] [252/445] SDTU
[04:47:11] [253/445] MMVI
[04:47:12] [254/445] JKCM
[04:47:13] [255/445] VCMM
[04:47:13] [256/445] SYEE
[04:47:14] [257/445] VASD
[04:47:16] [258/445] BDRB
[04:47:17] [259/445] LASM
[04:47:19] [260/445] DCRL
[04:47:19] [261/445] DVPM
[04:47:20] [262/445] SBMJ
[04:47:21] [263/445] CBMU
[04:47:22] [264/445] IUBS
[04:47:23] [265/445] INAP
[04:47:24] [266/445] SRRC
[04:47:25] [267/445] SAGR
[04:47:26] [268/445] CPMJ
[04:47:27] [269/445] ATJL
[04:47:28] [270/445] NNTD
[04:47:29] [271/445] JHCJ
[04:47:30] [272/445] CMMP
[04:47:31] [273/445] RSDR
[04:47:32] [274/445] AMTI
[04:47:33] [275/445] NYSG
[04:47:33] [276/445] AVSG
[04:47:34] [277/445] SYTP
[04:47:35] [278/445] LARC
[04:47:36] [279/445] RJTP
[04:47:37] [280/445] LAKC
[04:47:38] [281/445] MCXE
[04:47:39] [282/445] CCZC
[04:47:40] [283/445] AVCH
[04:47:41] [284/445] CMBE
[04:47:42] [285/445] MRRC
[04:47:42] [286/445] PCPY
[04:47:43] [287/445] SRMH
[04:47:44] [288/445] SVGS
[04:47:45] [289/445] PCSE
[04:47:46] [290/445] SVFT
[04:47:47] [291/445] TNZP
[04:47:48] [292/445] ICTP
[04:47:48] [293/445] ACTZ
[04:47:49] [294/445] GTUR
[04:47:50] [295/445] MAFC
[04:47:51] [296/445] MINL
[04:47:52] [297/445] MRCL
[04:47:53] [298/445] RCRP
[04:47:53] [299/445] RFFG
[04:47:54] [300/445] RMAS
[04:47:56] [301/445] INVR
[04:47:56] [302/445] RMAR
[04:47:57] [303/445] CNIS
[04:47:58] [304/445] RHRJ
[04:47:59] [305/445] INXR
[04:48:00] [306/445] VALT
[04:48:01] [307/445] LCSH
[04:48:03] [308/445] CMVS
[04:48:04] [309/445] CNMS
[04:48:05] [310/445] ROOG
[04:48:05] [311/445] ISRM
[04:48:06] [312/445] RCRM
[04:48:07] [313/445] ACJA
[04:48:08] [314/445] RCVS
[04:48:09] [315/445] CPUS
[04:48:10] [316/445] TGCS
[04:48:11] [317/445] RKCJ
[04:48:13] [318/445] MKSB
[04:48:14] [319/445] TCSJ
[04:48:15] [320/445] RMGP
[04:48:16] [321/445] CLLP
[04:48:17] [322/445] RCMV
[04:48:18] [323/445] CCKS
[04:48:19] [324/445] RSRP
[04:48:20] [325/445] APLP
[04:48:20] [326/445] CNVS
[04:48:22] [327/445] RMVY
[04:48:22] [328/445] PGBD
[04:48:23] [329/445] KLMS
[04:48:24] [330/445] RUST
[04:48:25] [331/445] MASM
[04:48:26] [332/445] BACS
[04:48:27] [333/445] BWST
[04:48:27] [334/445] RRFH
[04:48:28] [335/445] SJTM
[04:48:29] [336/445] BEMR
[04:48:30] [337/445] MCGR
[04:48:31] [338/445] SDSK
[04:48:32] [339/445] VBOL
[04:48:34] [340/445] RMGM
[04:48:35] [341/445] NOPL
[04:48:36] [342/445] MKJK
[04:48:37] [343/445] CVRN
[04:48:38] [344/445] MMEN
[04:48:38] [345/445] AMNG
[04:48:40] [346/445] INTM
[04:48:41] [347/445] SLCZ
[04:48:41] [348/445] AMJN
[04:48:42] [349/445] ACJN
[04:48:43] [350/445] AMKN
[04:48:44] [351/445] BTCN
[04:48:45] [352/445] AMBT
[04:48:45] [353/445] PACN
[04:48:46] [354/445] LCNS
[04:48:47] [355/445] PPKC
[04:48:48] [356/445] JYYN
[04:48:50] [357/445] JTNR
[04:48:51] [358/445] GTEE
[04:48:52] [359/445] SRNM
[04:48:52] [360/445] SDTC
[04:48:53] [361/445] VPCA
[04:48:54] [362/445] VLRA
[04:48:55] [363/445] SHKR
[04:48:56] [364/445] SBKD
[04:48:57] [365/445] SAAD
[04:48:58] [366/445] JTGN
[04:48:59] [367/445] SLAM
[04:48:59] [368/445] VTPM
[04:49:00] [369/445] ANPT
[04:49:01] [370/445] PUNB
[04:49:02] [371/445] CPKT
[04:49:03] [372/445] CNWE
[04:49:04] [373/445] ECPP
[04:49:05] [374/445] CPAR
[04:49:06] [375/445] ESBW
[04:49:06] [376/445] PKPU
[04:49:07] [377/445] CPRP
[04:49:08] [378/445] RAHU
[04:49:09] [379/445] RHMN
[04:49:09] [380/445] FMJP
[04:49:10] [381/445] CTMP
[04:49:11] [382/445] INPN
[04:49:12] [383/445] STTG
[04:49:13] [384/445] CTRD
[04:49:14] [385/445] PUVB
[04:49:14] [386/445] ESVP
[04:49:15] [387/445] CPFT
[04:49:16] [388/445] LCPC
[04:49:17] [389/445] VBCT
[04:49:18] [390/445] FSCW
[04:49:19] [391/445] VCMP
[04:49:20] [392/445] ASHC
[04:49:21] [393/445] VLCX
[04:49:22] [394/445] SHEV
[04:49:24] [395/445] APCO
[04:49:25] [396/445] SILC
[04:49:25] [397/445] SNMR
[04:49:26] [398/445] KYBO
[04:49:27] [399/445] SATK
[04:49:28] [400/445] SSCS
[04:49:29] [401/445] CLSB
[04:49:30] [402/445] KMJR
[04:49:31] [403/445] FSCK
[04:49:31] [404/445] NNKA
[04:49:32] [405/445] CLMK
[04:49:33] [406/445] DMPZ
[04:49:35] [407/445] INQM
[04:49:36] [408/445] CAML
[04:49:36] [409/445] INRK
[04:49:37] [410/445] IMKN
[04:49:38] [411/445] SVNR
[04:49:39] [412/445] INSL
[04:49:40] [413/445] MSMA
[04:49:41] [414/445] MCKK
[04:49:42] [415/445] FCHP
[04:49:42] [416/445] SFCR
[04:49:43] [417/445] NACK
[04:49:44] [418/445] PVAK
[04:49:45] [419/445] INER
[04:49:46] [420/445] RDBK
[04:49:46] [421/445] SVFN
[04:49:47] [422/445] IFRM
[04:49:49] [423/445] ATCK
[04:49:49] [424/445] ASKO
[04:49:50] [425/445] STKT
[04:49:51] [426/445] SVFB
[04:49:52] [427/445] INKS
[04:49:53] [428/445] PCRA
[04:49:54] [429/445] ATJA
[04:49:54] [430/445] IMJN
[04:49:56] [431/445] INHD
[04:49:57] [432/445] BARA
[04:49:57] [433/445] MCSL
[04:49:58] [434/445] RTOY
[04:49:59] [435/445] MENO
[04:50:00] [436/445] PUDM
[04:50:01] [437/445] PRCN
[04:50:02] [438/445] JMJR
[04:50:03] [439/445] SSGK
[04:50:03] [440/445] SSRL
[04:50:04] [441/445] JYKL
[04:50:05] [442/445] ACNB
[04:50:06] [443/445] SONP
[04:50:07] [444/445] EMCI
[04:50:08] [445/445] MRJH
[04:50:08] 🧹 Deduping shows
[04:50:08] ✅ DONE | Shows=425 | Movies=27
