[10:03:22] 🚀 SCRIPT STARTED
[10:03:22] [1/459] MBDC
[10:03:22] 🧠 New identity created
[10:03:24] [2/459] CHKM
[10:03:25] [3/459] JTKZ
[10:03:25] [4/459] CMCT
[10:03:26] [5/459] ASHO
[10:03:27] [6/459] ECDG
[10:03:29] [7/459] SPAT
[10:03:30] [8/459] HILC
[10:03:31] [9/459] SPPH
[10:03:32] [10/459] SBHN
[10:03:32] [11/459] RRCA
[10:03:33] [12/459] APAA
[10:03:34] [13/459] RAME
[10:03:35] [14/459] TMMS
[10:03:36] [15/459] BATK
[10:03:36] [16/459] LKOP
[10:03:37] [17/459] AMTT
[10:03:38] [18/459] PTGK
[10:03:39] [19/459] ANRS
[10:03:40] [20/459] VWBW
[10:03:40] [21/459] SVFG
[10:03:42] [22/459] STAT
[10:03:42] [23/459] GDCV
[10:03:43] [24/459] VEBI
[10:03:44] [25/459] VDSS
[10:03:44] [26/459] NTHV
[10:03:45] [27/459] AOCH
[10:03:46] [28/459] KASR
[10:03:47] [29/459] AYCS
[10:03:48] [30/459] SHAI
[10:03:49] [31/459] SKPE
[10:03:50] [32/459] SBTA
[10:03:51] [33/459] RTTD
[10:03:51] [34/459] CCJD
[10:03:52] [35/459] RSJJ
[10:03:53] [36/459] RKND
[10:03:54] [37/459] SVTX
[10:03:55] [38/459] BAKM
[10:03:55] [39/459] SVDC
[10:03:57] [40/459] MNCV
[10:03:58] [41/459] SJGC
[10:03:58] [42/459] MTPK
[10:03:59] [43/459] GATP
[10:04:00] [44/459] ABTS
[10:04:01] [45/459] ABDE
[10:04:02] [46/459] RCNM
[10:04:03] [47/459] KTHV
[10:04:03] [48/459] MDGJ
[10:04:04] [49/459] SMLM
[10:04:05] [50/459] JTMA
[10:04:06] [51/459] ACKP
[10:04:07] [52/459] SRTA
[10:04:07] [53/459] STAY
[10:04:08] [54/459] MAVO
[10:04:09] [55/459] APTS
[10:04:10] [56/459] OMEA
[10:04:11] [57/459] TTFD
[10:04:12] [58/459] MJCU
[10:04:13] [59/459] CXTE
[10:04:13] [60/459] CTPX
[10:04:14] [61/459] ASSL
[10:04:15] [62/459] CMVB
[10:04:16] [63/459] VPUR
[10:04:16] [64/459] JJDA
[10:04:17] [65/459] INBL
[10:04:18] [66/459] BIKB
[10:04:19] [67/459] NTBB
[10:04:20] [68/459] GLOB
[10:04:21] [69/459] SNTB
[10:04:21] [70/459] CHGV
[10:04:22] [71/459] SSBZ
[10:04:24] [72/459] PRDB
[10:04:25] [73/459] ISMT
[10:04:26] [74/459] MCSD
[10:04:27] [75/459] JBTT
[10:04:28] [76/459] GEKR
[10:04:29] [77/459] PVUN
[10:04:30] [78/459] NRTB
[10:04:30] [79/459] PRAA
[10:04:31] [80/459] PCBL
[10:04:32] [81/459] PTCM
[10:04:33] [82/459] KHNN
[10:04:34] [83/459] OMJE
[10:04:35] [84/459] STGN
[10:04:35] [85/459] RPMS
[10:04:36] [86/459] NWAD
[10:04:37] [87/459] BLCK
[10:04:38] [88/459] SVAA
[10:04:39] [89/459] URVM
[10:04:40] [90/459] ANTM
[10:04:40] [91/459] VJYM
[10:04:41] [92/459] MAZZ
[10:04:42] [93/459] CSHM
[10:04:43] [94/459] WGMH
[10:04:44] [95/459] SALN
[10:04:45] [96/459] BRTP
[10:04:46] [97/459] SVTA
[10:04:46] [98/459] SBTP
[10:04:47] [99/459] VLSS
[10:04:48] [100/459] SRJA
[10:04:50] [101/459] ANCG
[10:04:51] [102/459] CGGC
[10:04:51] [103/459] CRJA
[10:04:52] [104/459] USCR
[10:04:53] [105/459] MMEF
[10:04:54] [106/459] JCRJ
[10:04:54] [107/459] ADCM
[10:04:55] [108/459] BMYK
[10:04:57] [109/459] KICS
[10:04:57] [110/459] MBBT
[10:04:58] [111/459] MACK
[10:04:59] [112/459] CLDR
[10:05:00] [113/459] JYCR
[10:05:01] [114/459] DCRP
[10:05:02] [115/459] RAHT
[10:05:03] [116/459] CSSM
[10:05:04] [117/459] ATPK
[10:05:04] [118/459] KLRT
[10:05:05] [119/459] SRDD
[10:05:06] [120/459] CKMC
[10:05:07] [121/459] KRVM
[10:05:07] [122/459] AKCP
[10:05:09] [123/459] CNCV
[10:05:09] [124/459] PACT
[10:05:10] [125/459] NATP
[10:05:11] [126/459] PCPK
[10:05:12] [127/459] SMHO
[10:05:13] [128/459] CWTK
[10:05:14] [129/459] RVKZ
[10:05:14] [130/459] ASPD
[10:05:15] [131/459] VTKZ
[10:05:16] [132/459] LCSO
[10:05:17] [133/459] PRDY
[10:05:18] [134/459] RCAP
[10:05:18] [135/459] RGAR
[10:05:19] [136/459] RCAC
[10:05:20] [137/459] PMOD
[10:05:21] [138/459] PVCN
[10:05:22] [139/459] SCRZ
[10:05:23] [140/459] PVPC
[10:05:24] [141/459] STID
[10:05:25] [142/459] NEDD
[10:05:26] [143/459] BNBA
[10:05:28] [144/459] NTCD
[10:05:28] [145/459] OCDE
[10:05:29] [146/459] CCDU
[10:05:30] [147/459] CRXH
[10:05:31] [148/459] VLVT
[10:05:33] [149/459] CICI
[10:05:33] [150/459] SUCB
[10:05:34] [151/459] TCBP
[10:05:35] [152/459] SCCY
[10:05:36] [153/459] LXCY
[10:05:37] [154/459] NCMD
[10:05:37] [155/459] PHCS
[10:05:38] [156/459] DUXR
[10:05:39] [157/459] VNKS
[10:05:41] [158/459] SEDP
[10:05:41] [159/459] SVEN
[10:05:42] [160/459] SRKM
[10:05:43] [161/459] JTLT
[10:05:44] [162/459] SVSS
[10:05:45] [163/459] AMDE
[10:05:45] [164/459] WVRN
[10:05:46] [165/459] ISMG
[10:05:47] [166/459] WVKS
[10:05:48] [167/459] USCG
[10:05:48] [168/459] IOTG
[10:05:49] [169/459] RRJM
[10:05:51] [170/459] EDMP
[10:05:51] [171/459] SCGZ
[10:05:52] [172/459] GMGX
[10:05:53] [173/459] OMTP
[10:05:54] [174/459] MITD
[10:05:55] [175/459] SMMD
[10:05:56] [176/459] STML
[10:05:57] [177/459] MCFS
[10:05:57] [178/459] FPKA
[10:05:58] [179/459] OMLR
[10:05:59] [180/459] KKSC
[10:06:00] [181/459] RVMA
[10:06:00] [182/459] SCLL
[10:06:01] [183/459] SCDK
[10:06:02] [184/459] SXMI
[10:06:03] [185/459] SHDN
[10:06:04] [186/459] PAAD
[10:06:04] [187/459] UUCB
[10:06:05] [188/459] JHOL
[10:06:06] [189/459] SGWT
[10:06:07] [190/459] SRII
[10:06:08] [191/459] SGCK
[10:06:10] [192/459] SVVB
[10:06:10] [193/459] DMHA
[10:06:11] [194/459] PPNL
[10:06:12] [195/459] CPNL
[10:06:13] [196/459] WVLD
[10:06:13] [197/459] PSLV
[10:06:14] [198/459] VTTL
[10:06:15] [199/459] NPAD
[10:06:16] [200/459] PVCS
[10:06:17] [201/459] MCHL
[10:06:17] [202/459] PPLL
[10:06:18] [203/459] MALO
[10:06:20] [204/459] SWBH
[10:06:20] [205/459] PUGB
[10:06:21] [206/459] INBB
[10:06:22] [207/459] INNS
[10:06:23] [208/459] MCPT
[10:06:24] [209/459] SCMI
[10:06:24] [210/459] OCON
[10:06:25] [211/459] SCSM
[10:06:26] [212/459] RJVN
[10:06:27] [213/459] AMDK
[10:06:28] [214/459] ISMR
[10:06:28] [215/459] SMTD
[10:06:29] [216/459] VTDD
[10:06:30] [217/459] PDDZ
[10:06:31] [218/459] PCCK
[10:06:32] [219/459] INAM
[10:06:33] [220/459] FNKT
[10:06:33] [221/459] GDKA
[10:06:34] [222/459] MAYU
[10:06:36] [223/459] TCGU
[10:06:36] [224/459] KDCA
[10:06:37] [225/459] DOMY
[10:06:39] [226/459] PDDD
[10:06:40] [227/459] BJTS
[10:06:40] [228/459] VTCA
[10:06:41] [229/459] SBTM
[10:06:42] [230/459] SEET
[10:06:43] [231/459] SSTJ
[10:06:44] [232/459] SVNT
[10:06:45] [233/459] PPPR
[10:06:45] [234/459] PVYS
[10:06:46] [235/459] IOSE
[10:06:47] [236/459] ACTV
[10:06:48] [237/459] APVE
[10:06:49] [238/459] TCCL
[10:06:49] [239/459] SCMO
[10:06:51] [240/459] SAUM
[10:06:52] [241/459] KCJS
[10:06:52] [242/459] NJCJ
[10:06:53] [243/459] NECF
[10:06:54] [244/459] CCGW
[10:06:55] [245/459] CCMG
[10:06:55] [246/459] NYRG
[10:06:56] [247/459] NCSQ
[10:06:57] [248/459] GRCG
[10:06:58] [249/459] CCBT
[10:06:59] [250/459] ACGA
[10:07:00] [251/459] INAG
[10:07:01] [252/459] FUCG
[10:07:01] [253/459] AICF
[10:07:02] [254/459] GRGA
[10:07:03] [255/459] GDCN
[10:07:04] [256/459] RRCG
[10:07:05] [257/459] SDCH
[10:07:06] [258/459] WVJM
[10:07:06] [259/459] JCCZ
[10:07:07] [260/459] CNCL
[10:07:08] [261/459] TMLV
[10:07:09] [262/459] MEMB
[10:07:10] [263/459] SGTD
[10:07:10] [264/459] CONX
[10:07:11] [265/459] CCMH
[10:07:12] [266/459] ACMC
[10:07:13] [267/459] DTPD
[10:07:14] [268/459] POJA
[10:07:14] [269/459] FNBH
[10:07:15] [270/459] CGCB
[10:07:16] [271/459] RACN
[10:07:17] [272/459] JTSM
[10:07:18] [273/459] SCDN
[10:07:19] [274/459] AACK
[10:07:19] [275/459] RMCE
[10:07:20] [276/459] BSGB
[10:07:21] [277/459] MRCB
[10:07:22] [278/459] SRVR
[10:07:22] [279/459] VTKK
[10:07:23] [280/459] AMST
[10:07:24] [281/459] APCY
[10:07:25] [282/459] LMHO
[10:07:26] [283/459] MTZH
[10:07:26] [284/459] AMZB
[10:07:27] [285/459] SUVT
[10:07:28] [286/459] RCIP
[10:07:29] [287/459] KESR
[10:07:30] [288/459] SNKC
[10:07:31] [289/459] SCED
[10:07:32] [290/459] DVCA
[10:07:33] [291/459] VCDT
[10:07:34] [292/459] RRDI
[10:07:35] [293/459] DFCH
[10:07:35] [294/459] INSC
[10:07:36] [295/459] RGTR
[10:07:37] [296/459] FMOT
[10:07:38] [297/459] SCPM
[10:07:39] [298/459] GCDT
[10:07:40] [299/459] BRKT
[10:07:41] [300/459] DEMP
[10:07:42] [301/459] SRLC
[10:07:43] [302/459] KSTT
[10:07:44] [303/459] SMMT
[10:07:45] [304/459] SILM
[10:07:46] [305/459] JCVM
[10:07:47] [306/459] KCSV
[10:07:47] [307/459] MHLK
[10:07:48] [308/459] SLVL
[10:07:49] [309/459] RJKP
[10:07:50] [310/459] BBPC
[10:07:50] [311/459] MXCB
[10:07:51] [312/459] TCPK
[10:07:52] [313/459] RTBR
[10:07:53] [314/459] GAUT
[10:07:53] [315/459] DVCF
[10:07:55] [316/459] JTSB
[10:07:56] [317/459] SBLS
[10:07:57] [318/459] UDAY
[10:07:58] [319/459] PTNP
[10:07:58] [320/459] DMKT
[10:07:59] [321/459] NTDT
[10:08:00] [322/459] SHDJ
[10:08:01] [323/459] OTNC
[10:08:02] [324/459] RNTW
[10:08:02] [325/459] GCMI
[10:08:03] [326/459] CRCM
[10:08:05] [327/459] NNCZ
[10:08:06] [328/459] OEMO
[10:08:07] [329/459] PVJM
[10:08:07] [330/459] CPJI
[10:08:08] [331/459] RMCJ
[10:08:09] [332/459] CNWJ
[10:08:10] [333/459] EPJM
[10:08:11] [334/459] FNJJ
[10:08:11] [335/459] GCMJ
[10:08:12] [336/459] INPS
[10:08:13] [337/459] BICJ
[10:08:14] [338/459] ISTJ
[10:08:15] [339/459] INJC
[10:08:16] [340/459] GLXJ
[10:08:17] [341/459] INEM
[10:08:17] [342/459] JTMN
[10:08:18] [343/459] FRCJ
[10:08:19] [344/459] DDJP
[10:08:20] [345/459] INJV
[10:08:21] [346/459] GOLC
[10:08:22] [347/459] KOCI
[10:08:22] [348/459] FSTD
[10:08:23] [349/459] PACJ
[10:08:24] [350/459] GMCN
[10:08:25] [351/459] MMDJ
[10:08:26] [352/459] GODH
[10:08:27] [353/459] SKYN
[10:08:27] [354/459] NCTH
[10:08:28] [355/459] SKVZ
[10:08:29] [356/459] SVML
[10:08:30] [357/459] ACVZ
[10:08:31] [358/459] SURA
[10:08:33] [359/459] RTRB
[10:08:34] [360/459] LLCT
[10:08:35] [361/459] ATTS
[10:08:35] [362/459] JYCM
[10:08:36] [363/459] CTKR
[10:08:37] [364/459] LCKR
[10:08:38] [365/459] NYCV
[10:08:39] [366/459] NYOH
[10:08:40] [367/459] NOVX
[10:08:41] [368/459] MRGK
[10:08:41] [369/459] MOON
[10:08:42] [370/459] SBUC
[10:08:43] [371/459] GSVA
[10:08:44] [372/459] VIAK
[10:08:45] [373/459] SMVZ
[10:08:46] [374/459] MATE
[10:08:46] [375/459] RDCN
[10:08:47] [376/459] ASBL
[10:08:48] [377/459] ASVS
[10:08:49] [378/459] ASSR
[10:08:50] [379/459] SSKN
[10:08:51] [380/459] DRPV
[10:08:52] [381/459] MRHT
[10:08:52] [382/459] BSCN
[10:08:53] [383/459] RKNX
[10:08:54] [384/459] MSMC
[10:08:55] [385/459] MSCJ
[10:08:56] [386/459] BTBJ
[10:08:56] [387/459] MJCC
[10:08:57] [388/459] IOMM
[10:08:58] [389/459] ADGR
[10:08:59] [390/459] MYCP
[10:09:00] [391/459] IGCM
[10:09:01] [392/459] PGRK
[10:09:02] [393/459] VPGO
[10:09:02] [394/459] KOMS
[10:09:03] [395/459] URGG
[10:09:04] [396/459] GOST
[10:09:05] [397/459] LACT
[10:09:06] [398/459] BWCM
[10:09:06] [399/459] NCCW
[10:09:07] [400/459] SKYC
[10:09:08] [401/459] CCPM
[10:09:09] [402/459] VCBT
[10:09:10] [403/459] SDKR
[10:09:11] [404/459] CTYB
[10:09:12] [405/459] SHCX
[10:09:12] [406/459] RCUN
[10:09:13] [407/459] CNRA
[10:09:14] [408/459] RFCA
[10:09:15] [409/459] RDCU
[10:09:16] [410/459] SARK
[10:09:17] [411/459] SPPP
[10:09:18] [412/459] ADMB
[10:09:19] [413/459] JYOE
[10:09:19] [414/459] SRMD
[10:09:20] [415/459] RJDH
[10:09:21] [416/459] SSTD
[10:09:22] [417/459] AACV
[10:09:23] [418/459] PPVD
[10:09:24] [419/459] STCP
[10:09:25] [420/459] ANJR
[10:09:26] [421/459] ANLS
[10:09:27] [422/459] BIJO
[10:09:28] [423/459] AVAB
[10:09:28] [424/459] SPMD
[10:09:29] [425/459] SVJL
[10:09:30] [426/459] SDDJ
[10:09:31] [427/459] SLTU
[10:09:32] [428/459] SAKA
[10:09:33] [429/459] PMAM
[10:09:34] [430/459] FNAM
[10:09:35] [431/459] ACAM
[10:09:35] [432/459] SCMM
[10:09:36] [433/459] PMAK
[10:09:37] [434/459] NYSA
[10:09:38] [435/459] FCPA
[10:09:39] [436/459] GDAN
[10:09:39] [437/459] RSCA
[10:09:40] [438/459] DMAN
[10:09:41] [439/459] DZCM
[10:09:42] [440/459] NSGL
[10:09:43] [441/459] CCPP
[10:09:44] [442/459] PSMG
[10:09:44] [443/459] GSER
[10:09:45] [444/459] FCCT
[10:09:46] [445/459] FCTB
[10:09:47] [446/459] LCNK
[10:09:48] [447/459] SKTY
[10:09:49] [448/459] INAA
[10:09:50] [449/459] RCWN
[10:09:51] [450/459] VAIS
[10:09:51] [451/459] CVMN
[10:09:52] [452/459] INTS
[10:09:53] [453/459] FRGS
[10:09:55] [454/459] DTCK
[10:09:56] [455/459] MCMH
[10:09:56] [456/459] ECRR
[10:09:57] [457/459] RLLP
[10:09:58] [458/459] CCSN
[10:09:59] [459/459] CCBA
[10:10:00] 🧹 Deduping shows
[10:10:00] ✅ DONE | Shows=169 | Movies=19
