[10:04:19] 🚀 SCRIPT STARTED
[10:04:19] [1/459] FNDB
[10:04:19] 🧠 New identity created
[10:04:20] [2/459] AMBH
[10:04:21] [3/459] PRHN
[10:04:22] [4/459] ACPM
[10:04:22] [5/459] PVFS
[10:04:24] [6/459] AACN
[10:04:25] [7/459] ACAS
[10:04:26] [8/459] CTNR
[10:04:26] [9/459] MMAH
[10:04:28] [10/459] CPMH
[10:04:29] [11/459] IGMH
[10:04:29] [12/459] ABCS
[10:04:30] [13/459] CMMA
[10:04:31] [14/459] GPRH
[10:04:32] [15/459] PNNG
[10:04:34] [16/459] AMCA
[10:04:35] [17/459] ISTN
[10:04:36] [18/459] PIIC
[10:04:37] [19/459] AHMH
[10:04:37] [20/459] ASHN
[10:04:38] [21/459] INHY
[10:04:39] [22/459] SRMO
[10:04:40] [23/459] PIMH
[10:04:41] [24/459] PVTS
[10:04:42] [25/459] MMCA
[10:04:43] [26/459] AKYJ
[10:04:44] [27/459] BRKH
[10:04:45] [28/459] MAHM
[10:04:46] [29/459] CPHY
[10:04:47] [30/459] PVTP
[10:04:48] [31/459] SMMR
[10:04:50] [32/459] PVHM
[10:04:51] [33/459] SNDY
[10:04:52] [34/459] GOKU
[10:04:53] [35/459] ACEV
[10:04:54] [36/459] PVUM
[10:04:55] [37/459] VSWA
[10:04:55] [38/459] IPRS
[10:04:56] [39/459] ASGN
[10:04:57] [40/459] BKMV
[10:04:58] [41/459] PVYH
[10:04:59] [42/459] INKM
[10:05:00] [43/459] ARJU
[10:05:01] [44/459] JJPP
[10:05:02] [45/459] SSRM
[10:05:03] [46/459] HMHD
[10:05:04] [47/459] SNKH
[10:05:06] [48/459] ACHI
[10:05:07] [49/459] MRAA
[10:05:08] [50/459] INMH
[10:05:09] [51/459] ARMH
[10:05:10] [52/459] DVRR
[10:05:10] [53/459] SUDA
[10:05:11] [54/459] MCSS
[10:05:12] [55/459] VRKC
[10:05:13] [56/459] PRCX
[10:05:14] [57/459] ASJY
[10:05:15] [58/459] MTHY
[10:05:16] [59/459] SRCM
[10:05:17] [60/459] TVHY
[10:05:18] [61/459] STHD
[10:05:20] [62/459] CPCL
[10:05:21] [63/459] PSMJ
[10:05:22] [64/459] MRGT
[10:05:23] [65/459] ARYH
[10:05:24] [66/459] VTRB
[10:05:25] [67/459] SCHC
[10:05:26] [68/459] MRRG
[10:05:27] [69/459] SPCB
[10:05:27] [70/459] AMCM
[10:05:28] [71/459] IVNM
[10:05:29] [72/459] TRHY
[10:05:30] [73/459] PTTH
[10:05:31] [74/459] RKMH
[10:05:32] [75/459] PRCS
[10:05:33] [76/459] VAJA
[10:05:34] [77/459] BJNG
[10:05:35] [78/459] SCVM
[10:05:36] [79/459] GNHB
[10:05:37] [80/459] TLUR
[10:05:37] [81/459] UKCC
[10:05:39] [82/459] SRKR
[10:05:40] [83/459] RMKN
[10:05:41] [84/459] SLRT
[10:05:42] [85/459] LKMT
[10:05:43] [86/459] SSRJ
[10:05:44] [87/459] SPHT
[10:05:45] [88/459] ANTT
[10:05:46] [89/459] SRCH
[10:05:47] [90/459] SRCA
[10:05:48] [91/459] ARTH
[10:05:50] [92/459] MCBH
[10:05:50] [93/459] SNIB
[10:05:51] [94/459] SART
[10:05:52] [95/459] SKTA
[10:05:53] [96/459] YAKT
[10:05:53] [97/459] MLCK
[10:05:54] [98/459] ANTS
[10:05:55] [99/459] DGCA
[10:05:56] [100/459] SGMP
[10:05:57] [101/459] ASWN
[10:05:58] [102/459] KFVU
[10:05:59] [103/459] POOR
[10:06:00] [104/459] GKDN
[10:06:01] [105/459] EOSE
[10:06:02] [106/459] GTTT
[10:06:03] [107/459] ARRO
[10:06:04] [108/459] CMMK
[10:06:05] [109/459] MSCN
[10:06:06] [110/459] GDKH
[10:06:06] [111/459] DLMT
[10:06:08] [112/459] PVMF
[10:06:09] [113/459] CPCK
[10:06:10] [114/459] VMHE
[10:06:11] [115/459] PVLC
[10:06:12] [116/459] PCVB
[10:06:12] [117/459] SNYK
[10:06:13] [118/459] KTEK
[10:06:14] [119/459] PCNM
[10:06:15] [120/459] NTTR
[10:06:17] [121/459] CPSK
[10:06:18] [122/459] JMMA
[10:06:19] [123/459] GCFK
[10:06:19] [124/459] MYCA
[10:06:20] [125/459] KSNP
[10:06:22] [126/459] PMCE
[10:06:23] [127/459] SCKI
[10:06:24] [128/459] FSMA
[10:06:25] [129/459] CETA
[10:06:25] [130/459] MCIK
[10:06:26] [131/459] MYCR
[10:06:27] [132/459] EVMP
[10:06:28] [133/459] SSGT
[10:06:29] [134/459] KCTK
[10:06:30] [135/459] ZTKC
[10:06:31] [136/459] MMTA
[10:06:32] [137/459] MAJT
[10:06:33] [138/459] ACPK
[10:06:34] [139/459] JMAX
[10:06:35] [140/459] SETK
[10:06:36] [141/459] CAIS
[10:06:37] [142/459] AGCD
[10:06:38] [143/459] URCL
[10:06:39] [144/459] VTDS
[10:06:40] [145/459] JCNM
[10:06:41] [146/459] KCAM
[10:06:41] [147/459] ADCU
[10:06:42] [148/459] GXYN
[10:06:43] [149/459] SMJG
[10:06:44] [150/459] EYCJ
[10:06:44] [151/459] CCEJ
[10:06:45] [152/459] MARS
[10:06:47] [153/459] CPVJ
[10:06:48] [154/459] INVP
[10:06:49] [155/459] CPOV
[10:06:49] [156/459] VIJK
[10:06:51] [157/459] LAIM
[10:06:52] [158/459] STHV
[10:06:52] [159/459] SVLJ
[10:06:53] [160/459] ATVJ
[10:06:54] [161/459] JTSC
[10:06:55] [162/459] RMTV
[10:06:55] [163/459] MGGG
[10:06:56] [164/459] SWTH
[10:06:57] [165/459] INVJ
[10:06:58] [166/459] PRSV
[10:07:00] [167/459] JATV
[10:07:01] [168/459] RCVD
[10:07:02] [169/459] BDMA
[10:07:03] [170/459] BLJI
[10:07:04] [171/459] SWOT
[10:07:05] [172/459] SWRN
[10:07:06] [173/459] TVRA
[10:07:07] [174/459] VCSV
[10:07:08] [175/459] NVRN
[10:07:09] [176/459] SIKC
[10:07:10] [177/459] VAKR
[10:07:11] [178/459] SYLN
[10:07:11] [179/459] KLJL
[10:07:12] [180/459] LKMY
[10:07:13] [181/459] VSLY
[10:07:14] [182/459] CIKO
[10:07:15] [183/459] GPBG
[10:07:16] [184/459] CECM
[10:07:17] [185/459] SLKB
[10:07:17] [186/459] MTBO
[10:07:18] [187/459] SSHB
[10:07:19] [188/459] VPCS
[10:07:20] [189/459] RCSR
[10:07:21] [190/459] RJRM
[10:07:22] [191/459] KPPB
[10:07:22] [192/459] SEDC
[10:07:24] [193/459] SCAI
[10:07:25] [194/459] RMTR
[10:07:26] [195/459] ASST
[10:07:27] [196/459] GCAK
[10:07:28] [197/459] ANNK
[10:07:28] [198/459] KDDF
[10:07:29] [199/459] NRDP
[10:07:31] [200/459] PLAK
[10:07:32] [201/459] GCMC
[10:07:33] [202/459] ALPY
[10:07:34] [203/459] SICE
[10:07:34] [204/459] SISR
[10:07:35] [205/459] SRPZ
[10:07:36] [206/459] SRSW
[10:07:38] [207/459] SUYA
[10:07:39] [208/459] AMMT
[10:07:40] [209/459] BHCU
[10:07:41] [210/459] KLPA
[10:07:41] [211/459] NVKH
[10:07:42] [212/459] JMRC
[10:07:43] [213/459] KTTT
[10:07:43] [214/459] MAGH
[10:07:45] [215/459] MMMX
[10:07:46] [216/459] SALJ
[10:07:48] [217/459] GTJA
[10:07:48] [218/459] MAHT
[10:07:49] [219/459] SSNN
[10:07:50] [220/459] ARRP
[10:07:51] [221/459] ATNS
[10:07:52] [222/459] SKDT
[10:07:53] [223/459] ACAT
[10:07:54] [224/459] APRC
[10:07:55] [225/459] SWAG
[10:07:56] [226/459] SDPT
[10:07:56] [227/459] STPS
[10:07:57] [228/459] WWCZ
[10:07:58] [229/459] LLCH
[10:07:59] [230/459] MZHA
[10:08:00] [231/459] CRJG
[10:08:01] [232/459] JGTK
[10:08:02] [233/459] KCSR
[10:08:03] [234/459] CHTL
[10:08:03] [235/459] EDSR
[10:08:04] [236/459] CSWO
[10:08:06] [237/459] CPVM
[10:08:07] [238/459] MXBY
[10:08:07] [239/459] FMMA
[10:08:08] [240/459] POVI
[10:08:09] [241/459] MTHB
[10:08:10] [242/459] INRC
[10:08:11] [243/459] PIPP
[10:08:12] [244/459] BMXC
[10:08:12] [245/459] PCMM
[10:08:13] [246/459] PMKM
[10:08:14] [247/459] GATY
[10:08:15] [248/459] IMCM
[10:08:16] [249/459] POPE
[10:08:17] [250/459] MTCR
[10:08:18] [251/459] PVAE
[10:08:19] [252/459] PVMI
[10:08:20] [253/459] CPNM
[10:08:21] [254/459] FMRL
[10:08:21] [255/459] MCIW
[10:08:23] [256/459] MXBO
[10:08:24] [257/459] FMKY
[10:08:25] [258/459] FMDA
[10:08:26] [259/459] THAB
[10:08:27] [260/459] PRCW
[10:08:28] [261/459] PITI
[10:08:29] [262/459] MCFF
[10:08:31] [263/459] PDDV
[10:08:32] [264/459] MCRM
[10:08:32] [265/459] KKMB
[10:08:33] [266/459] INKO
[10:08:34] [267/459] PLXP
[10:08:35] [268/459] MMHA
[10:08:36] [269/459] FMVS
[10:08:38] [270/459] POLM
[10:08:39] [271/459] STER
[10:08:40] [272/459] PVWJ
[10:08:40] [273/459] IMJW
[10:08:41] [274/459] FNAN
[10:08:43] [275/459] CAGL
[10:08:44] [276/459] IPBG
[10:08:45] [277/459] SMFV
[10:08:46] [278/459] MMMR
[10:08:46] [279/459] MMWM
[10:08:47] [280/459] FNCM
[10:08:48] [281/459] MDVA
[10:08:49] [282/459] MMET
[10:08:50] [283/459] MIDO
[10:08:51] [284/459] INNP
[10:08:52] [285/459] MIFU
[10:08:52] [286/459] MMSZ
[10:08:53] [287/459] BMXA
[10:08:54] [288/459] MCAA
[10:08:55] [289/459] SCVP
[10:08:56] [290/459] PLUS
[10:08:57] [291/459] MUCK
[10:08:58] [292/459] MTMA
[10:08:58] [293/459] HPVR
[10:08:59] [294/459] PMPK
[10:09:00] [295/459] MAJB
[10:09:01] [296/459] CTRR
[10:09:02] [297/459] MCTG
[10:09:03] [298/459] MACE
[10:09:04] [299/459] AAAS
[10:09:04] [300/459] CPVV
[10:09:05] [301/459] RCHG
[10:09:07] [302/459] MCNE
[10:09:08] [303/459] EMNC
[10:09:09] [304/459] MCAN
[10:09:10] [305/459] TCDM
[10:09:11] [306/459] IRGT
[10:09:12] [307/459] GCMG
[10:09:13] [308/459] MXSN
[10:09:13] [309/459] MXCK
[10:09:14] [310/459] MCRC
[10:09:15] [311/459] RSMI
[10:09:16] [312/459] WAML
[10:09:17] [313/459] MTSC
[10:09:18] [314/459] FMDR
[10:09:19] [315/459] LEPV
[10:09:20] [316/459] MTGD
[10:09:21] [317/459] IMOB
[10:09:22] [318/459] CLMM
[10:09:23] [319/459] PZCD
[10:09:25] [320/459] GOCS
[10:09:25] [321/459] KCMA
[10:09:26] [322/459] CCMP
[10:09:27] [323/459] MTSU
[10:09:28] [324/459] SNGL
[10:09:29] [325/459] MMMC
[10:09:30] [326/459] MMAA
[10:09:31] [327/459] GCDM
[10:09:31] [328/459] KTMV
[10:09:32] [329/459] AETE
[10:09:33] [330/459] OMCS
[10:09:34] [331/459] GDCD
[10:09:35] [332/459] NYMD
[10:09:36] [333/459] RNCV
[10:09:38] [334/459] KKMT
[10:09:39] [335/459] GDTH
[10:09:40] [336/459] KMMV
[10:09:40] [337/459] NHCG
[10:09:41] [338/459] PJDW
[10:09:42] [339/459] MMCV
[10:09:43] [340/459] FQSA
[10:09:44] [341/459] KURL
[10:09:45] [342/459] NNNX
[10:09:46] [343/459] AMAU
[10:09:46] [344/459] VVVM
[10:09:47] [345/459] VECU
[10:09:48] [346/459] WCVR
[10:09:49] [347/459] MTGG
[10:09:50] [348/459] SGTG
[10:09:50] [349/459] MNTG
[10:09:52] [350/459] JDDG
[10:09:53] [351/459] MBTK
[10:09:54] [352/459] SGCD
[10:09:55] [353/459] MCTC
[10:09:56] [354/459] JTPC
[10:09:57] [355/459] SDKT
[10:09:58] [356/459] KRCC
[10:09:59] [357/459] RMMD
[10:10:00] [358/459] AAME
[10:10:00] [359/459] TMWC
[10:10:01] [360/459] NRWY
[10:10:02] [361/459] CITD
[10:10:03] [362/459] VERD
[10:10:04] [363/459] MKSK
[10:10:05] [364/459] STSM
[10:10:06] [365/459] MJDG
[10:10:07] [366/459] RKPM
[10:10:08] [367/459] SSCE
[10:10:09] [368/459] VMAE
[10:10:10] [369/459] SBRU
[10:10:11] [370/459] AMBC
[10:10:12] [371/459] AMLU
[10:10:13] [372/459] INVZ
[10:10:13] [373/459] LGTV
[10:10:14] [374/459] SVAD
[10:10:15] [375/459] SMSA
[10:10:16] [376/459] SPCZ
[10:10:17] [377/459] GTCX
[10:10:18] [378/459] SCSL
[10:10:18] [379/459] SAHU
[10:10:19] [380/459] NCDA
[10:10:20] [381/459] SCCG
[10:10:21] [382/459] VKTL
[10:10:22] [383/459] PUUJ
[10:10:23] [384/459] STEJ
[10:10:24] [385/459] RJAL
[10:10:25] [386/459] ACJC
[10:10:27] [387/459] VTHC
[10:10:28] [388/459] ARVB
[10:10:30] [389/459] AUBB
[10:10:31] [390/459] GDBR
[10:10:32] [391/459] PVND
[10:10:32] [392/459] BGRJ
[10:10:33] [393/459] RJMM
[10:10:34] [394/459] MCSA
[10:10:35] [395/459] BODA
[10:10:36] [396/459] JAGG
[10:10:36] [397/459] SCGA
[10:10:37] [398/459] LRCM
[10:10:38] [399/459] CPCN
[10:10:39] [400/459] SSTF
[10:10:40] [401/459] SRXP
[10:10:41] [402/459] CNFX
[10:10:42] [403/459] ANDI
[10:10:43] [404/459] SYEW
[10:10:44] [405/459] RCRE
[10:10:46] [406/459] SCRW
[10:10:47] [407/459] MBKR
[10:10:48] [408/459] ASNT
[10:10:49] [409/459] JTMT
[10:10:50] [410/459] SHAY
[10:10:52] [411/459] VRTH
[10:10:53] [412/459] SPTI
[10:10:54] [413/459] DPTD
[10:10:55] [414/459] TGSN
[10:10:55] [415/459] RCWV
[10:10:56] [416/459] OCUR
[10:10:57] [417/459] KSTC
[10:10:58] [418/459] SANI
[10:10:59] [419/459] MLCA
[10:11:00] [420/459] EGCA
[10:11:01] [421/459] SYSN
[10:11:02] [422/459] PKTA
[10:11:03] [423/459] PRCC
[10:11:04] [424/459] KSTR
[10:11:05] [425/459] SNTP
[10:11:06] [426/459] RCHA
[10:11:06] [427/459] SEEA
[10:11:07] [428/459] ALAT
[10:11:08] [429/459] AATV
[10:11:09] [430/459] RJTE
[10:11:10] [431/459] AAPP
[10:11:11] [432/459] PMMH
[10:11:12] [433/459] INRJ
[10:11:13] [434/459] SARB
[10:11:14] [435/459] PCJL
[10:11:16] [436/459] PFJJ
[10:11:16] [437/459] GRDC
[10:11:17] [438/459] BCBA
[10:11:19] [439/459] VIXL
[10:11:20] [440/459] CSTL
[10:11:21] [441/459] MTDK
[10:11:22] [442/459] TDAC
[10:11:23] [443/459] GTDN
[10:11:24] [444/459] TTDE
[10:11:25] [445/459] ASTS
[10:11:26] [446/459] CPNS
[10:11:27] [447/459] PVVW
[10:11:27] [448/459] USEB
[10:11:28] [449/459] DTYN
[10:11:30] [450/459] PVLE
[10:11:32] [451/459] CIPS
[10:11:32] [452/459] PAEG
[10:11:33] [453/459] PTCW
[10:11:34] [454/459] G3SR
[10:11:35] [455/459] PGND
[10:11:36] [456/459] INVM
[10:11:37] [457/459] SPIA
[10:11:38] [458/459] PCSN
[10:11:38] [459/459] PPGV
[10:11:40] 🧹 Deduping shows
[10:11:40] ✅ DONE | Shows=73 | Movies=11
[16:45:16] 🚀 SCRIPT STARTED
[16:45:16] [1/459] FNDB
[16:45:16] 🧠 New identity created
[16:45:17] [2/459] AMBH
[16:45:18] [3/459] PRHN
[16:45:19] [4/459] ACPM
[16:45:20] [5/459] PVFS
[16:45:21] [6/459] AACN
[16:45:22] [7/459] ACAS
[16:45:23] [8/459] CTNR
[16:45:24] [9/459] MMAH
[16:45:24] [10/459] CPMH
[16:45:25] [11/459] IGMH
[16:45:26] [12/459] ABCS
[16:45:27] [13/459] CMMA
[16:45:28] [14/459] GPRH
[16:45:29] [15/459] PNNG
[16:45:30] [16/459] AMCA
[16:45:31] [17/459] ISTN
[16:45:32] [18/459] PIIC
[16:45:33] [19/459] AHMH
[16:45:34] [20/459] ASHN
[16:45:35] [21/459] INHY
[16:45:36] [22/459] SRMO
[16:45:36] [23/459] PIMH
[16:45:37] [24/459] PVTS
[16:45:38] [25/459] MMCA
[16:45:39] [26/459] AKYJ
[16:45:40] [27/459] BRKH
[16:45:41] [28/459] MAHM
[16:45:42] [29/459] CPHY
[16:45:42] [30/459] PVTP
[16:45:43] [31/459] SMMR
[16:45:44] [32/459] PVHM
[16:45:46] [33/459] SNDY
[16:45:47] [34/459] GOKU
[16:45:48] [35/459] ACEV
[16:45:49] [36/459] PVUM
[16:45:50] [37/459] VSWA
[16:45:51] [38/459] IPRS
[16:45:52] [39/459] ASGN
[16:45:53] [40/459] BKMV
[16:45:54] [41/459] PVYH
[16:45:54] [42/459] INKM
[16:45:55] [43/459] ARJU
[16:45:56] [44/459] JJPP
[16:45:57] [45/459] SSRM
[16:45:58] [46/459] HMHD
[16:45:59] [47/459] SNKH
[16:46:00] [48/459] ACHI
[16:46:01] [49/459] MRAA
[16:46:01] [50/459] INMH
[16:46:02] [51/459] ARMH
[16:46:03] [52/459] DVRR
[16:46:04] [53/459] SUDA
[16:46:05] [54/459] MCSS
[16:46:06] [55/459] VRKC
[16:46:07] [56/459] PRCX
[16:46:09] [57/459] ASJY
[16:46:10] [58/459] MTHY
[16:46:11] [59/459] SRCM
[16:46:11] [60/459] TVHY
[16:46:12] [61/459] STHD
[16:46:13] [62/459] CPCL
[16:46:14] [63/459] PSMJ
[16:46:15] [64/459] MRGT
[16:46:15] [65/459] ARYH
[16:46:16] [66/459] VTRB
[16:46:17] [67/459] SCHC
[16:46:18] [68/459] MRRG
[16:46:20] [69/459] SPCB
[16:46:20] [70/459] AMCM
[16:46:21] [71/459] IVNM
[16:46:23] [72/459] TRHY
[16:46:24] [73/459] PTTH
[16:46:25] [74/459] RKMH
[16:46:26] [75/459] PRCS
[16:46:27] [76/459] VAJA
[16:46:28] [77/459] BJNG
[16:46:29] [78/459] SCVM
[16:46:30] [79/459] GNHB
[16:46:31] [80/459] TLUR
[16:46:32] [81/459] UKCC
[16:46:32] [82/459] SRKR
[16:46:33] [83/459] RMKN
[16:46:34] [84/459] SLRT
[16:46:35] [85/459] LKMT
[16:46:36] [86/459] SSRJ
[16:46:37] [87/459] SPHT
[16:46:38] [88/459] ANTT
[16:46:39] [89/459] SRCH
[16:46:39] [90/459] SRCA
[16:46:40] [91/459] ARTH
[16:46:41] [92/459] MCBH
[16:46:42] [93/459] SNIB
[16:46:43] [94/459] SART
[16:46:44] [95/459] SKTA
[16:46:45] [96/459] YAKT
[16:46:46] [97/459] MLCK
[16:46:48] [98/459] ANTS
[16:46:48] [99/459] DGCA
[16:46:49] [100/459] SGMP
[16:46:51] [101/459] ASWN
[16:46:52] [102/459] KFVU
[16:46:53] [103/459] POOR
[16:46:54] [104/459] GKDN
[16:46:55] [105/459] EOSE
[16:46:55] [106/459] GTTT
[16:46:56] [107/459] ARRO
[16:46:57] [108/459] CMMK
[16:46:58] [109/459] MSCN
[16:46:59] [110/459] GDKH
[16:47:00] [111/459] DLMT
[16:47:00] [112/459] PVMF
[16:47:01] [113/459] CPCK
[16:47:03] [114/459] VMHE
[16:47:04] [115/459] PVLC
[16:47:05] [116/459] PCVB
[16:47:06] [117/459] SNYK
[16:47:06] [118/459] KTEK
[16:47:07] [119/459] PCNM
[16:47:09] [120/459] NTTR
[16:47:10] [121/459] CPSK
[16:47:11] [122/459] JMMA
[16:47:12] [123/459] GCFK
[16:47:13] [124/459] MYCA
[16:47:14] [125/459] KSNP
[16:47:15] [126/459] PMCE
[16:47:15] [127/459] SCKI
[16:47:16] [128/459] FSMA
[16:47:17] [129/459] CETA
[16:47:18] [130/459] MCIK
[16:47:19] [131/459] MYCR
[16:47:19] [132/459] EVMP
[16:47:20] [133/459] SSGT
[16:47:21] [134/459] KCTK
[16:47:23] [135/459] ZTKC
[16:47:23] [136/459] MMTA
[16:47:24] [137/459] MAJT
[16:47:25] [138/459] ACPK
[16:47:26] [139/459] JMAX
[16:47:27] [140/459] SETK
[16:47:28] [141/459] CAIS
[16:47:29] [142/459] AGCD
[16:47:30] [143/459] URCL
[16:47:31] [144/459] VTDS
[16:47:31] [145/459] JCNM
[16:47:32] [146/459] KCAM
[16:47:33] [147/459] ADCU
[16:47:34] [148/459] GXYN
[16:47:35] [149/459] SMJG
[16:47:36] [150/459] EYCJ
[16:47:36] [151/459] CCEJ
[16:47:37] [152/459] MARS
[16:47:38] [153/459] CPVJ
[16:47:39] [154/459] INVP
[16:47:40] [155/459] CPOV
[16:47:41] [156/459] VIJK
[16:47:42] [157/459] LAIM
[16:47:43] [158/459] STHV
[16:47:43] [159/459] SVLJ
[16:47:44] [160/459] ATVJ
[16:47:45] [161/459] JTSC
[16:47:46] [162/459] RMTV
[16:47:47] [163/459] MGGG
[16:47:47] [164/459] SWTH
[16:47:48] [165/459] INVJ
[16:47:49] [166/459] PRSV
[16:47:50] [167/459] JATV
[16:47:51] [168/459] RCVD
[16:47:52] [169/459] BDMA
[16:47:52] [170/459] BLJI
[16:47:53] [171/459] SWOT
[16:47:54] [172/459] SWRN
[16:47:55] [173/459] TVRA
[16:47:56] [174/459] VCSV
[16:47:57] [175/459] NVRN
[16:47:58] [176/459] SIKC
[16:47:59] [177/459] VAKR
[16:48:00] [178/459] SYLN
[16:48:01] [179/459] KLJL
[16:48:02] [180/459] LKMY
[16:48:03] [181/459] VSLY
[16:48:04] [182/459] CIKO
[16:48:05] [183/459] GPBG
[16:48:06] [184/459] CECM
[16:48:07] [185/459] SLKB
[16:48:07] [186/459] MTBO
[16:48:08] [187/459] SSHB
[16:48:09] [188/459] VPCS
[16:48:10] [189/459] RCSR
[16:48:11] [190/459] RJRM
[16:48:11] [191/459] KPPB
[16:48:12] [192/459] SEDC
[16:48:13] [193/459] SCAI
[16:48:14] [194/459] RMTR
[16:48:14] [195/459] ASST
[16:48:15] [196/459] GCAK
[16:48:16] [197/459] ANNK
[16:48:17] [198/459] KDDF
[16:48:18] [199/459] NRDP
[16:48:19] [200/459] PLAK
[16:48:20] [201/459] GCMC
[16:48:20] [202/459] ALPY
[16:48:21] [203/459] SICE
[16:48:22] [204/459] SISR
[16:48:23] [205/459] SRPZ
[16:48:24] [206/459] SRSW
[16:48:25] [207/459] SUYA
[16:48:27] [208/459] AMMT
[16:48:27] [209/459] BHCU
[16:48:28] [210/459] KLPA
[16:48:29] [211/459] NVKH
[16:48:30] [212/459] JMRC
[16:48:31] [213/459] KTTT
[16:48:31] [214/459] MAGH
[16:48:32] [215/459] MMMX
[16:48:33] [216/459] SALJ
[16:48:34] [217/459] GTJA
[16:48:35] [218/459] MAHT
[16:48:35] [219/459] SSNN
[16:48:36] [220/459] ARRP
[16:48:37] [221/459] ATNS
[16:48:38] [222/459] SKDT
[16:48:39] [223/459] ACAT
[16:48:40] [224/459] APRC
[16:48:41] [225/459] SWAG
[16:48:41] [226/459] SDPT
[16:48:42] [227/459] STPS
[16:48:43] [228/459] WWCZ
[16:48:44] [229/459] LLCH
[16:48:45] [230/459] MZHA
[16:48:45] [231/459] CRJG
[16:48:46] [232/459] JGTK
[16:48:47] [233/459] KCSR
[16:48:48] [234/459] CHTL
[16:48:49] [235/459] EDSR
[16:48:51] [236/459] CSWO
[16:48:52] [237/459] CPVM
[16:48:52] [238/459] MXBY
[16:48:53] [239/459] FMMA
[16:48:54] [240/459] POVI
[16:48:55] [241/459] MTHB
[16:48:56] [242/459] INRC
[16:48:57] [243/459] PIPP
[16:48:58] [244/459] BMXC
[16:48:59] [245/459] PCMM
[16:49:00] [246/459] PMKM
[16:49:00] [247/459] GATY
[16:49:02] [248/459] IMCM
[16:49:03] [249/459] POPE
[16:49:04] [250/459] MTCR
[16:49:05] [251/459] PVAE
[16:49:06] [252/459] PVMI
[16:49:07] [253/459] CPNM
[16:49:07] [254/459] FMRL
[16:49:08] [255/459] MCIW
[16:49:10] [256/459] MXBO
[16:49:10] [257/459] FMKY
[16:49:11] [258/459] FMDA
[16:49:12] [259/459] THAB
[16:49:13] [260/459] PRCW
[16:49:14] [261/459] PITI
[16:49:15] [262/459] MCFF
[16:49:17] [263/459] PDDV
[16:49:17] [264/459] MCRM
[16:49:18] [265/459] KKMB
[16:49:19] [266/459] INKO
[16:49:20] [267/459] PLXP
[16:49:21] [268/459] MMHA
[16:49:22] [269/459] FMVS
[16:49:23] [270/459] POLM
[16:49:24] [271/459] STER
[16:49:25] [272/459] PVWJ
[16:49:26] [273/459] IMJW
[16:49:26] [274/459] FNAN
[16:49:27] [275/459] CAGL
[16:49:28] [276/459] IPBG
[16:49:30] [277/459] SMFV
[16:49:31] [278/459] MMMR
[16:49:31] [279/459] MMWM
[16:49:32] [280/459] FNCM
[16:49:33] [281/459] MDVA
[16:49:34] [282/459] MMET
[16:49:35] [283/459] MIDO
[16:49:36] [284/459] INNP
[16:49:37] [285/459] MIFU
[16:49:38] [286/459] MMSZ
[16:49:39] [287/459] BMXA
[16:49:40] [288/459] MCAA
[16:49:41] [289/459] SCVP
[16:49:42] [290/459] PLUS
[16:49:42] [291/459] MUCK
[16:49:43] [292/459] MTMA
[16:49:44] [293/459] HPVR
[16:49:45] [294/459] PMPK
[16:49:46] [295/459] MAJB
[16:49:47] [296/459] CTRR
[16:49:48] [297/459] MCTG
[16:49:49] [298/459] MACE
[16:49:50] [299/459] AAAS
[16:49:51] [300/459] CPVV
[16:49:52] [301/459] RCHG
[16:49:53] [302/459] MCNE
[16:49:54] [303/459] EMNC
[16:49:54] [304/459] MCAN
[16:49:55] [305/459] TCDM
[16:49:56] [306/459] IRGT
[16:49:58] [307/459] GCMG
[16:49:59] [308/459] MXSN
[16:50:00] [309/459] MXCK
[16:50:01] [310/459] MCRC
[16:50:02] [311/459] RSMI
[16:50:02] [312/459] WAML
[16:50:03] [313/459] MTSC
[16:50:04] [314/459] FMDR
[16:50:05] [315/459] LEPV
[16:50:06] [316/459] MTGD
[16:50:07] [317/459] IMOB
[16:50:08] [318/459] CLMM
[16:50:08] [319/459] PZCD
[16:50:09] [320/459] GOCS
[16:50:10] [321/459] KCMA
[16:50:11] [322/459] CCMP
[16:50:12] [323/459] MTSU
[16:50:13] [324/459] SNGL
[16:50:13] [325/459] MMMC
[16:50:14] [326/459] MMAA
[16:50:15] [327/459] GCDM
[16:50:16] [328/459] KTMV
[16:50:17] [329/459] AETE
[16:50:18] [330/459] OMCS
[16:50:19] [331/459] GDCD
[16:50:20] [332/459] NYMD
[16:50:20] [333/459] RNCV
[16:50:22] [334/459] KKMT
[16:50:23] [335/459] GDTH
[16:50:24] [336/459] KMMV
[16:50:25] [337/459] NHCG
[16:50:25] [338/459] PJDW
[16:50:26] [339/459] MMCV
[16:50:27] [340/459] FQSA
[16:50:28] [341/459] KURL
[16:50:29] [342/459] NNNX
[16:50:29] [343/459] AMAU
[16:50:30] [344/459] VVVM
[16:50:32] [345/459] VECU
[16:50:33] [346/459] WCVR
[16:50:34] [347/459] MTGG
[16:50:34] [348/459] SGTG
[16:50:35] [349/459] MNTG
[16:50:36] [350/459] JDDG
[16:50:37] [351/459] MBTK
[16:50:38] [352/459] SGCD
[16:50:39] [353/459] MCTC
[16:50:39] [354/459] JTPC
[16:50:40] [355/459] SDKT
[16:50:41] [356/459] KRCC
[16:50:42] [357/459] RMMD
[16:50:43] [358/459] AAME
[16:50:44] [359/459] TMWC
[16:50:45] [360/459] NRWY
[16:50:46] [361/459] CITD
[16:50:47] [362/459] VERD
[16:50:48] [363/459] MKSK
[16:50:49] [364/459] STSM
[16:50:50] [365/459] MJDG
[16:50:51] [366/459] RKPM
[16:50:52] [367/459] SSCE
[16:50:53] [368/459] VMAE
[16:50:53] [369/459] SBRU
[16:50:54] [370/459] AMBC
[16:50:55] [371/459] AMLU
[16:50:56] [372/459] INVZ
[16:50:57] [373/459] LGTV
[16:50:58] [374/459] SVAD
[16:50:59] [375/459] SMSA
[16:51:00] [376/459] SPCZ
[16:51:01] [377/459] GTCX
[16:51:01] [378/459] SCSL
[16:51:02] [379/459] SAHU
[16:51:03] [380/459] NCDA
[16:51:04] [381/459] SCCG
[16:51:05] [382/459] VKTL
[16:51:06] [383/459] PUUJ
[16:51:07] [384/459] STEJ
[16:51:07] [385/459] RJAL
[16:51:08] [386/459] ACJC
[16:51:09] [387/459] VTHC
[16:51:10] [388/459] ARVB
[16:51:11] [389/459] AUBB
[16:51:12] [390/459] GDBR
[16:51:12] [391/459] PVND
[16:51:14] [392/459] BGRJ
[16:51:15] [393/459] RJMM
[16:51:16] [394/459] MCSA
[16:51:16] [395/459] BODA
[16:51:17] [396/459] JAGG
[16:51:18] [397/459] SCGA
[16:51:19] [398/459] LRCM
[16:51:20] [399/459] CPCN
[16:51:21] [400/459] SSTF
[16:51:21] [401/459] SRXP
[16:51:22] [402/459] CNFX
[16:51:23] [403/459] ANDI
[16:51:24] [404/459] SYEW
[16:51:24] [405/459] RCRE
[16:51:25] [406/459] SCRW
[16:51:26] [407/459] MBKR
[16:51:27] [408/459] ASNT
[16:51:28] [409/459] JTMT
[16:51:29] [410/459] SHAY
[16:51:30] [411/459] VRTH
[16:51:31] [412/459] SPTI
[16:51:31] [413/459] DPTD
[16:51:32] [414/459] TGSN
[16:51:33] [415/459] RCWV
[16:51:34] [416/459] OCUR
[16:51:35] [417/459] KSTC
[16:51:35] [418/459] SANI
[16:51:36] [419/459] MLCA
[16:51:37] [420/459] EGCA
[16:51:38] [421/459] SYSN
[16:51:39] [422/459] PKTA
[16:51:40] [423/459] PRCC
[16:51:41] [424/459] KSTR
[16:51:42] [425/459] SNTP
[16:51:43] [426/459] RCHA
[16:51:44] [427/459] SEEA
[16:51:45] [428/459] ALAT
[16:51:46] [429/459] AATV
[16:51:47] [430/459] RJTE
[16:51:49] [431/459] AAPP
[16:51:51] [432/459] PMMH
[16:51:51] [433/459] INRJ
[16:51:52] [434/459] SARB
[16:51:54] [435/459] PCJL
[16:51:55] [436/459] PFJJ
[16:51:56] [437/459] GRDC
[16:51:57] [438/459] BCBA
[16:51:58] [439/459] VIXL
[16:51:58] [440/459] CSTL
[16:52:00] [441/459] MTDK
[16:52:01] [442/459] TDAC
[16:52:02] [443/459] GTDN
[16:52:03] [444/459] TTDE
[16:52:04] [445/459] ASTS
[16:52:05] [446/459] CPNS
[16:52:06] [447/459] PVVW
[16:52:07] [448/459] USEB
[16:52:08] [449/459] DTYN
[16:52:09] [450/459] PVLE
[16:52:10] [451/459] CIPS
[16:52:11] [452/459] PAEG
[16:52:11] [453/459] PTCW
[16:52:12] [454/459] G3SR
[16:52:14] [455/459] PGND
[16:52:15] [456/459] INVM
[16:52:16] [457/459] SPIA
[16:52:16] [458/459] PCSN
[16:52:17] [459/459] PPGV
[16:52:18] 🧹 Deduping shows
[16:52:18] ✅ DONE | Shows=160 | Movies=17
[04:43:27] 🚀 SCRIPT STARTED
[04:43:27] [1/459] FNDB
[04:43:27] 🧠 New identity created
[04:43:28] [2/459] AMBH
[04:43:28] [3/459] PRHN
[04:43:29] [4/459] ACPM
[04:43:31] [5/459] PVFS
[04:43:31] [6/459] AACN
[04:43:32] [7/459] ACAS
[04:43:33] [8/459] CTNR
[04:43:34] [9/459] MMAH
[04:43:35] [10/459] CPMH
[04:43:36] [11/459] IGMH
[04:43:37] [12/459] ABCS
[04:43:38] [13/459] CMMA
[04:43:39] [14/459] GPRH
[04:43:40] [15/459] PNNG
[04:43:41] [16/459] AMCA
[04:43:42] [17/459] ISTN
[04:43:43] [18/459] PIIC
[04:43:44] [19/459] AHMH
[04:43:45] [20/459] ASHN
[04:43:45] [21/459] INHY
[04:43:47] [22/459] SRMO
[04:43:48] [23/459] PIMH
[04:43:49] [24/459] PVTS
[04:43:50] [25/459] MMCA
[04:43:51] [26/459] AKYJ
[04:43:52] [27/459] BRKH
[04:43:53] [28/459] MAHM
[04:43:54] [29/459] CPHY
[04:43:55] [30/459] PVTP
[04:43:57] [31/459] SMMR
[04:43:58] [32/459] PVHM
[04:43:58] [33/459] SNDY
[04:43:59] [34/459] GOKU
[04:44:00] [35/459] ACEV
[04:44:01] [36/459] PVUM
[04:44:02] [37/459] VSWA
[04:44:03] [38/459] IPRS
[04:44:04] [39/459] ASGN
[04:44:05] [40/459] BKMV
[04:44:06] [41/459] PVYH
[04:44:07] [42/459] INKM
[04:44:07] [43/459] ARJU
[04:44:08] [44/459] JJPP
[04:44:09] [45/459] SSRM
[04:44:10] [46/459] HMHD
[04:44:11] [47/459] SNKH
[04:44:12] [48/459] ACHI
[04:44:13] [49/459] MRAA
[04:44:13] [50/459] INMH
[04:44:14] [51/459] ARMH
[04:44:15] [52/459] DVRR
[04:44:15] [53/459] SUDA
[04:44:16] [54/459] MCSS
[04:44:17] [55/459] VRKC
[04:44:18] [56/459] PRCX
[04:44:19] [57/459] ASJY
[04:44:20] [58/459] MTHY
[04:44:21] [59/459] SRCM
[04:44:22] [60/459] TVHY
[04:44:23] [61/459] STHD
[04:44:24] [62/459] CPCL
[04:44:25] [63/459] PSMJ
[04:44:27] [64/459] MRGT
[04:44:27] [65/459] ARYH
[04:44:28] [66/459] VTRB
[04:44:29] [67/459] SCHC
[04:44:30] [68/459] MRRG
[04:44:31] [69/459] SPCB
[04:44:32] [70/459] AMCM
[04:44:32] [71/459] IVNM
[04:44:33] [72/459] TRHY
[04:44:34] [73/459] PTTH
[04:44:35] [74/459] RKMH
[04:44:36] [75/459] PRCS
[04:44:37] [76/459] VAJA
[04:44:38] [77/459] BJNG
[04:44:39] [78/459] SCVM
[04:44:40] [79/459] GNHB
[04:44:41] [80/459] TLUR
[04:44:42] [81/459] UKCC
[04:44:42] [82/459] SRKR
[04:44:43] [83/459] RMKN
[04:44:44] [84/459] SLRT
[04:44:45] [85/459] LKMT
[04:44:46] [86/459] SSRJ
[04:44:47] [87/459] SPHT
[04:44:48] [88/459] ANTT
[04:44:49] [89/459] SRCH
[04:44:51] [90/459] SRCA
[04:44:52] [91/459] ARTH
[04:44:53] [92/459] MCBH
[04:44:53] [93/459] SNIB
[04:44:54] [94/459] SART
[04:44:55] [95/459] SKTA
[04:44:56] [96/459] YAKT
[04:44:57] [97/459] MLCK
[04:44:58] [98/459] ANTS
[04:44:59] [99/459] DGCA
[04:45:00] [100/459] SGMP
[04:45:01] [101/459] ASWN
[04:45:01] [102/459] KFVU
[04:45:02] [103/459] POOR
[04:45:03] [104/459] GKDN
[04:45:04] [105/459] EOSE
[04:45:05] [106/459] GTTT
[04:45:06] [107/459] ARRO
[04:45:07] [108/459] CMMK
[04:45:08] [109/459] MSCN
[04:45:09] [110/459] GDKH
[04:45:10] [111/459] DLMT
[04:45:11] [112/459] PVMF
[04:45:12] [113/459] CPCK
[04:45:12] [114/459] VMHE
[04:45:13] [115/459] PVLC
[04:45:14] [116/459] PCVB
[04:45:15] [117/459] SNYK
[04:45:16] [118/459] KTEK
[04:45:17] [119/459] PCNM
[04:45:19] [120/459] NTTR
[04:45:19] [121/459] CPSK
[04:45:20] [122/459] JMMA
[04:45:22] [123/459] GCFK
[04:45:23] [124/459] MYCA
[04:45:24] [125/459] KSNP
[04:45:24] [126/459] PMCE
[04:45:26] [127/459] SCKI
[04:45:27] [128/459] FSMA
[04:45:28] [129/459] CETA
[04:45:29] [130/459] MCIK
[04:45:30] [131/459] MYCR
[04:45:31] [132/459] EVMP
[04:45:33] [133/459] SSGT
[04:45:34] [134/459] KCTK
[04:45:34] [135/459] ZTKC
[04:45:35] [136/459] MMTA
[04:45:36] [137/459] MAJT
[04:45:37] [138/459] ACPK
[04:45:38] [139/459] JMAX
[04:45:38] [140/459] SETK
[04:45:39] [141/459] CAIS
[04:45:40] [142/459] AGCD
[04:45:41] [143/459] URCL
[04:45:42] [144/459] VTDS
[04:45:43] [145/459] JCNM
[04:45:44] [146/459] KCAM
[04:45:45] [147/459] ADCU
[04:45:46] [148/459] GXYN
[04:45:47] [149/459] SMJG
[04:45:48] [150/459] EYCJ
[04:45:49] [151/459] CCEJ
[04:45:50] [152/459] MARS
[04:45:50] [153/459] CPVJ
[04:45:52] [154/459] INVP
[04:45:52] [155/459] CPOV
[04:45:54] [156/459] VIJK
[04:45:55] [157/459] LAIM
[04:45:56] [158/459] STHV
[04:45:57] [159/459] SVLJ
[04:45:58] [160/459] ATVJ
[04:45:59] [161/459] JTSC
[04:45:59] [162/459] RMTV
[04:46:00] [163/459] MGGG
[04:46:01] [164/459] SWTH
[04:46:02] [165/459] INVJ
[04:46:03] [166/459] PRSV
[04:46:05] [167/459] JATV
[04:46:06] [168/459] RCVD
[04:46:06] [169/459] BDMA
[04:46:08] [170/459] BLJI
[04:46:08] [171/459] SWOT
[04:46:09] [172/459] SWRN
[04:46:10] [173/459] TVRA
[04:46:11] [174/459] VCSV
[04:46:12] [175/459] NVRN
[04:46:13] [176/459] SIKC
[04:46:13] [177/459] VAKR
[04:46:15] [178/459] SYLN
[04:46:16] [179/459] KLJL
[04:46:17] [180/459] LKMY
[04:46:18] [181/459] VSLY
[04:46:18] [182/459] CIKO
[04:46:19] [183/459] GPBG
[04:46:20] [184/459] CECM
[04:46:21] [185/459] SLKB
[04:46:22] [186/459] MTBO
[04:46:23] [187/459] SSHB
[04:46:24] [188/459] VPCS
[04:46:25] [189/459] RCSR
[04:46:26] [190/459] RJRM
[04:46:27] [191/459] KPPB
[04:46:28] [192/459] SEDC
[04:46:29] [193/459] SCAI
[04:46:30] [194/459] RMTR
[04:46:31] [195/459] ASST
[04:46:32] [196/459] GCAK
[04:46:33] [197/459] ANNK
[04:46:34] [198/459] KDDF
[04:46:35] [199/459] NRDP
[04:46:35] [200/459] PLAK
[04:46:36] [201/459] GCMC
[04:46:37] [202/459] ALPY
[04:46:38] [203/459] SICE
[04:46:38] [204/459] SISR
[04:46:39] [205/459] SRPZ
[04:46:40] [206/459] SRSW
[04:46:41] [207/459] SUYA
[04:46:42] [208/459] AMMT
[04:46:43] [209/459] BHCU
[04:46:44] [210/459] KLPA
[04:46:45] [211/459] NVKH
[04:46:46] [212/459] JMRC
[04:46:47] [213/459] KTTT
[04:46:48] [214/459] MAGH
[04:46:49] [215/459] MMMX
[04:46:50] [216/459] SALJ
[04:46:52] [217/459] GTJA
[04:46:54] [218/459] MAHT
[04:46:54] [219/459] SSNN
[04:46:55] [220/459] ARRP
[04:46:56] [221/459] ATNS
[04:46:57] [222/459] SKDT
[04:46:58] [223/459] ACAT
[04:46:59] [224/459] APRC
[04:47:00] [225/459] SWAG
[04:47:01] [226/459] SDPT
[04:47:01] [227/459] STPS
[04:47:02] [228/459] WWCZ
[04:47:03] [229/459] LLCH
[04:47:04] [230/459] MZHA
[04:47:05] [231/459] CRJG
[04:47:06] [232/459] JGTK
[04:47:07] [233/459] KCSR
[04:47:08] [234/459] CHTL
[04:47:09] [235/459] EDSR
[04:47:09] [236/459] CSWO
[04:47:10] [237/459] CPVM
[04:47:11] [238/459] MXBY
[04:47:12] [239/459] FMMA
[04:47:13] [240/459] POVI
[04:47:14] [241/459] MTHB
[04:47:14] [242/459] INRC
[04:47:15] [243/459] PIPP
[04:47:16] [244/459] BMXC
[04:47:17] [245/459] PCMM
[04:47:17] [246/459] PMKM
[04:47:18] [247/459] GATY
[04:47:19] [248/459] IMCM
[04:47:20] [249/459] POPE
[04:47:21] [250/459] MTCR
[04:47:21] [251/459] PVAE
[04:47:23] [252/459] PVMI
[04:47:24] [253/459] CPNM
[04:47:24] [254/459] FMRL
[04:47:25] [255/459] MCIW
[04:47:26] [256/459] MXBO
[04:47:27] [257/459] FMKY
[04:47:28] [258/459] FMDA
[04:47:29] [259/459] THAB
[04:47:30] [260/459] PRCW
[04:47:30] [261/459] PITI
[04:47:31] [262/459] MCFF
[04:47:32] [263/459] PDDV
[04:47:33] [264/459] MCRM
[04:47:35] [265/459] KKMB
[04:47:36] [266/459] INKO
[04:47:36] [267/459] PLXP
[04:47:37] [268/459] MMHA
[04:47:38] [269/459] FMVS
[04:47:39] [270/459] POLM
[04:47:40] [271/459] STER
[04:47:41] [272/459] PVWJ
[04:47:41] [273/459] IMJW
[04:47:42] [274/459] FNAN
[04:47:43] [275/459] CAGL
[04:47:44] [276/459] IPBG
[04:47:45] [277/459] SMFV
[04:47:46] [278/459] MMMR
[04:47:47] [279/459] MMWM
[04:47:48] [280/459] FNCM
[04:47:49] [281/459] MDVA
[04:47:51] [282/459] MMET
[04:47:51] [283/459] MIDO
[04:47:52] [284/459] INNP
[04:47:53] [285/459] MIFU
[04:47:54] [286/459] MMSZ
[04:47:55] [287/459] BMXA
[04:47:56] [288/459] MCAA
[04:47:57] [289/459] SCVP
[04:47:58] [290/459] PLUS
[04:47:58] [291/459] MUCK
[04:47:59] [292/459] MTMA
[04:48:00] [293/459] HPVR
[04:48:01] [294/459] PMPK
[04:48:02] [295/459] MAJB
[04:48:03] [296/459] CTRR
[04:48:04] [297/459] MCTG
[04:48:05] [298/459] MACE
[04:48:06] [299/459] AAAS
[04:48:07] [300/459] CPVV
[04:48:08] [301/459] RCHG
[04:48:09] [302/459] MCNE
[04:48:10] [303/459] EMNC
[04:48:11] [304/459] MCAN
[04:48:12] [305/459] TCDM
[04:48:13] [306/459] IRGT
[04:48:14] [307/459] GCMG
[04:48:15] [308/459] MXSN
[04:48:16] [309/459] MXCK
[04:48:18] [310/459] MCRC
[04:48:18] [311/459] RSMI
[04:48:19] [312/459] WAML
[04:48:20] [313/459] MTSC
[04:48:21] [314/459] FMDR
[04:48:22] [315/459] LEPV
[04:48:23] [316/459] MTGD
[04:48:24] [317/459] IMOB
[04:48:25] [318/459] CLMM
[04:48:26] [319/459] PZCD
[04:48:27] [320/459] GOCS
[04:48:28] [321/459] KCMA
[04:48:29] [322/459] CCMP
[04:48:29] [323/459] MTSU
[04:48:30] [324/459] SNGL
[04:48:32] [325/459] MMMC
[04:48:32] [326/459] MMAA
[04:48:34] [327/459] GCDM
[04:48:35] [328/459] KTMV
[04:48:35] [329/459] AETE
[04:48:36] [330/459] OMCS
[04:48:37] [331/459] GDCD
[04:48:38] [332/459] NYMD
[04:48:39] [333/459] RNCV
[04:48:40] [334/459] KKMT
[04:48:40] [335/459] GDTH
[04:48:41] [336/459] KMMV
[04:48:42] [337/459] NHCG
[04:48:43] [338/459] PJDW
[04:48:44] [339/459] MMCV
[04:48:45] [340/459] FQSA
[04:48:45] [341/459] KURL
[04:48:46] [342/459] NNNX
[04:48:47] [343/459] AMAU
[04:48:48] [344/459] VVVM
[04:48:49] [345/459] VECU
[04:48:49] [346/459] WCVR
[04:48:50] [347/459] MTGG
[04:48:51] [348/459] SGTG
[04:48:52] [349/459] MNTG
[04:48:53] [350/459] JDDG
[04:48:53] [351/459] MBTK
[04:48:54] [352/459] SGCD
[04:48:55] [353/459] MCTC
[04:48:56] [354/459] JTPC
[04:48:57] [355/459] SDKT
[04:48:58] [356/459] KRCC
[04:48:58] [357/459] RMMD
[04:48:59] [358/459] AAME
[04:49:00] [359/459] TMWC
[04:49:01] [360/459] NRWY
[04:49:03] [361/459] CITD
[04:49:04] [362/459] VERD
[04:49:05] [363/459] MKSK
[04:49:06] [364/459] STSM
[04:49:07] [365/459] MJDG
[04:49:07] [366/459] RKPM
[04:49:09] [367/459] SSCE
[04:49:11] [368/459] VMAE
[04:49:12] [369/459] SBRU
[04:49:12] [370/459] AMBC
[04:49:13] [371/459] AMLU
[04:49:14] [372/459] INVZ
[04:49:15] [373/459] LGTV
[04:49:16] [374/459] SVAD
[04:49:17] [375/459] SMSA
[04:49:18] [376/459] SPCZ
[04:49:19] [377/459] GTCX
[04:49:20] [378/459] SCSL
[04:49:20] [379/459] SAHU
[04:49:21] [380/459] NCDA
[04:49:22] [381/459] SCCG
[04:49:23] [382/459] VKTL
[04:49:24] [383/459] PUUJ
[04:49:25] [384/459] STEJ
[04:49:26] [385/459] RJAL
[04:49:27] [386/459] ACJC
[04:49:28] [387/459] VTHC
[04:49:29] [388/459] ARVB
[04:49:30] [389/459] AUBB
[04:49:31] [390/459] GDBR
[04:49:32] [391/459] PVND
[04:49:32] [392/459] BGRJ
[04:49:33] [393/459] RJMM
[04:49:34] [394/459] MCSA
[04:49:35] [395/459] BODA
[04:49:35] [396/459] JAGG
[04:49:36] [397/459] SCGA
[04:49:38] [398/459] LRCM
[04:49:39] [399/459] CPCN
[04:49:39] [400/459] SSTF
[04:49:40] [401/459] SRXP
[04:49:41] [402/459] CNFX
[04:49:42] [403/459] ANDI
[04:49:43] [404/459] SYEW
[04:49:44] [405/459] RCRE
[04:49:44] [406/459] SCRW
[04:49:45] [407/459] MBKR
[04:49:46] [408/459] ASNT
[04:49:47] [409/459] JTMT
[04:49:48] [410/459] SHAY
[04:49:49] [411/459] VRTH
[04:49:49] [412/459] SPTI
[04:49:50] [413/459] DPTD
[04:49:51] [414/459] TGSN
[04:49:52] [415/459] RCWV
[04:49:53] [416/459] OCUR
[04:49:54] [417/459] KSTC
[04:49:55] [418/459] SANI
[04:49:56] [419/459] MLCA
[04:49:57] [420/459] EGCA
[04:49:58] [421/459] SYSN
[04:49:58] [422/459] PKTA
[04:49:59] [423/459] PRCC
[04:50:00] [424/459] KSTR
[04:50:01] [425/459] SNTP
[04:50:01] [426/459] RCHA
[04:50:02] [427/459] SEEA
[04:50:03] [428/459] ALAT
[04:50:04] [429/459] AATV
[04:50:05] [430/459] RJTE
[04:50:06] [431/459] AAPP
[04:50:07] [432/459] PMMH
[04:50:08] [433/459] INRJ
[04:50:09] [434/459] SARB
[04:50:09] [435/459] PCJL
[04:50:10] [436/459] PFJJ
[04:50:12] [437/459] GRDC
[04:50:12] [438/459] BCBA
[04:50:13] [439/459] VIXL
[04:50:14] [440/459] CSTL
[04:50:15] [441/459] MTDK
[04:50:16] [442/459] TDAC
[04:50:16] [443/459] GTDN
[04:50:17] [444/459] TTDE
[04:50:19] [445/459] ASTS
[04:50:20] [446/459] CPNS
[04:50:21] [447/459] PVVW
[04:50:22] [448/459] USEB
[04:50:23] [449/459] DTYN
[04:50:23] [450/459] PVLE
[04:50:24] [451/459] CIPS
[04:50:25] [452/459] PAEG
[04:50:26] [453/459] PTCW
[04:50:27] [454/459] G3SR
[04:50:27] [455/459] PGND
[04:50:29] [456/459] INVM
[04:50:30] [457/459] SPIA
[04:50:31] [458/459] PCSN
[04:50:32] [459/459] PPGV
[04:50:33] 🧹 Deduping shows
[04:50:33] ✅ DONE | Shows=240 | Movies=21
[11:52:57] 🚀 SCRIPT STARTED
[11:52:57] [1/459] FNDB
[11:52:57] 🧠 New identity created
[11:52:58] [2/459] AMBH
[11:52:59] [3/459] PRHN
[11:53:00] [4/459] ACPM
[11:53:01] [5/459] PVFS
[11:53:02] [6/459] AACN
[11:53:03] [7/459] ACAS
[11:53:04] [8/459] CTNR
[11:53:05] [9/459] MMAH
[11:53:05] [10/459] CPMH
[11:53:06] [11/459] IGMH
[11:53:07] [12/459] ABCS
[11:53:08] [13/459] CMMA
[11:53:09] [14/459] GPRH
[11:53:10] [15/459] PNNG
[11:53:12] [16/459] AMCA
[11:53:12] [17/459] ISTN
[11:53:13] [18/459] PIIC
[11:53:14] [19/459] AHMH
[11:53:15] [20/459] ASHN
[11:53:15] [21/459] INHY
[11:53:16] [22/459] SRMO
[11:53:17] [23/459] PIMH
[11:53:18] [24/459] PVTS
[11:53:19] [25/459] MMCA
[11:53:20] [26/459] AKYJ
[11:53:21] [27/459] BRKH
[11:53:22] [28/459] MAHM
[11:53:23] [29/459] CPHY
[11:53:23] [30/459] PVTP
[11:53:24] [31/459] SMMR
[11:53:25] [32/459] PVHM
[11:53:27] [33/459] SNDY
[11:53:28] [34/459] GOKU
[11:53:29] [35/459] ACEV
[11:53:30] [36/459] PVUM
[11:53:30] [37/459] VSWA
[11:53:31] [38/459] IPRS
[11:53:32] [39/459] ASGN
[11:53:32] [40/459] BKMV
[11:53:34] [41/459] PVYH
[11:53:35] [42/459] INKM
[11:53:35] [43/459] ARJU
[11:53:36] [44/459] JJPP
[11:53:37] [45/459] SSRM
[11:53:38] [46/459] HMHD
[11:53:38] [47/459] SNKH
[11:53:39] [48/459] ACHI
[11:53:41] [49/459] MRAA
[11:53:42] [50/459] INMH
[11:53:43] [51/459] ARMH
[11:53:44] [52/459] DVRR
[11:53:45] [53/459] SUDA
[11:53:46] [54/459] MCSS
[11:53:46] [55/459] VRKC
[11:53:47] [56/459] PRCX
[11:53:48] [57/459] ASJY
[11:53:49] [58/459] MTHY
[11:53:50] [59/459] SRCM
[11:53:51] [60/459] TVHY
[11:53:52] [61/459] STHD
[11:53:52] [62/459] CPCL
[11:53:53] [63/459] PSMJ
[11:53:54] [64/459] MRGT
[11:53:55] [65/459] ARYH
[11:53:56] [66/459] VTRB
[11:53:57] [67/459] SCHC
[11:53:58] [68/459] MRRG
[11:53:59] [69/459] SPCB
[11:54:00] [70/459] AMCM
[11:54:01] [71/459] IVNM
[11:54:02] [72/459] TRHY
[11:54:03] [73/459] PTTH
[11:54:05] [74/459] RKMH
[11:54:06] [75/459] PRCS
[11:54:07] [76/459] VAJA
[11:54:07] [77/459] BJNG
[11:54:08] [78/459] SCVM
[11:54:09] [79/459] GNHB
[11:54:10] [80/459] TLUR
[11:54:10] [81/459] UKCC
[11:54:11] [82/459] SRKR
[11:54:12] [83/459] RMKN
[11:54:13] [84/459] SLRT
[11:54:14] [85/459] LKMT
[11:54:14] [86/459] SSRJ
[11:54:15] [87/459] SPHT
[11:54:17] [88/459] ANTT
[11:54:18] [89/459] SRCH
[11:54:18] [90/459] SRCA
[11:54:19] [91/459] ARTH
[11:54:20] [92/459] MCBH
[11:54:21] [93/459] SNIB
[11:54:22] [94/459] SART
[11:54:23] [95/459] SKTA
[11:54:24] [96/459] YAKT
[11:54:25] [97/459] MLCK
[11:54:25] [98/459] ANTS
[11:54:26] [99/459] DGCA
[11:54:27] [100/459] SGMP
[11:54:28] [101/459] ASWN
[11:54:29] [102/459] KFVU
[11:54:30] [103/459] POOR
[11:54:30] [104/459] GKDN
[11:54:31] [105/459] EOSE
[11:54:32] [106/459] GTTT
[11:54:33] [107/459] ARRO
[11:54:33] [108/459] CMMK
[11:54:34] [109/459] MSCN
[11:54:35] [110/459] GDKH
[11:54:36] [111/459] DLMT
[11:54:37] [112/459] PVMF
[11:54:37] [113/459] CPCK
[11:54:39] [114/459] VMHE
[11:54:40] [115/459] PVLC
[11:54:42] [116/459] PCVB
[11:54:42] [117/459] SNYK
[11:54:43] [118/459] KTEK
[11:54:44] [119/459] PCNM
[11:54:45] [120/459] NTTR
[11:54:47] [121/459] CPSK
[11:54:48] [122/459] JMMA
[11:54:49] [123/459] GCFK
[11:54:50] [124/459] MYCA
[11:54:50] [125/459] KSNP
[11:54:51] [126/459] PMCE
[11:54:52] [127/459] SCKI
[11:54:53] [128/459] FSMA
[11:54:54] [129/459] CETA
[11:54:55] [130/459] MCIK
[11:54:56] [131/459] MYCR
[11:54:57] [132/459] EVMP
[11:54:57] [133/459] SSGT
[11:54:58] [134/459] KCTK
[11:54:59] [135/459] ZTKC
[11:55:00] [136/459] MMTA
[11:55:01] [137/459] MAJT
[11:55:02] [138/459] ACPK
[11:55:02] [139/459] JMAX
[11:55:03] [140/459] SETK
[11:55:04] [141/459] CAIS
[11:55:05] [142/459] AGCD
[11:55:06] [143/459] URCL
[11:55:07] [144/459] VTDS
[11:55:08] [145/459] JCNM
[11:55:08] [146/459] KCAM
[11:55:09] [147/459] ADCU
[11:55:11] [148/459] GXYN
[11:55:12] [149/459] SMJG
[11:55:12] [150/459] EYCJ
[11:55:13] [151/459] CCEJ
[11:55:14] [152/459] MARS
[11:55:15] [153/459] CPVJ
[11:55:16] [154/459] INVP
[11:55:17] [155/459] CPOV
[11:55:18] [156/459] VIJK
[11:55:18] [157/459] LAIM
[11:55:19] [158/459] STHV
[11:55:20] [159/459] SVLJ
[11:55:21] [160/459] ATVJ
[11:55:22] [161/459] JTSC
[11:55:23] [162/459] RMTV
[11:55:24] [163/459] MGGG
[11:55:25] [164/459] SWTH
[11:55:25] [165/459] INVJ
[11:55:26] [166/459] PRSV
[11:55:27] [167/459] JATV
[11:55:28] [168/459] RCVD
[11:55:28] [169/459] BDMA
[11:55:29] [170/459] BLJI
[11:55:30] [171/459] SWOT
[11:55:32] [172/459] SWRN
[11:55:33] [173/459] TVRA
[11:55:34] [174/459] VCSV
[11:55:34] [175/459] NVRN
[11:55:36] [176/459] SIKC
[11:55:37] [177/459] VAKR
[11:55:38] [178/459] SYLN
[11:55:39] [179/459] KLJL
[11:55:40] [180/459] LKMY
[11:55:41] [181/459] VSLY
[11:55:41] [182/459] CIKO
[11:55:42] [183/459] GPBG
[11:55:43] [184/459] CECM
[11:55:44] [185/459] SLKB
[11:55:45] [186/459] MTBO
[11:55:46] [187/459] SSHB
[11:55:46] [188/459] VPCS
[11:55:47] [189/459] RCSR
[11:55:48] [190/459] RJRM
[11:55:48] [191/459] KPPB
[11:55:49] [192/459] SEDC
[11:55:50] [193/459] SCAI
[11:55:51] [194/459] RMTR
[11:55:51] [195/459] ASST
[11:55:53] [196/459] GCAK
[11:55:54] [197/459] ANNK
[11:55:55] [198/459] KDDF
[11:55:56] [199/459] NRDP
[11:55:56] [200/459] PLAK
[11:55:57] [201/459] GCMC
[11:55:58] [202/459] ALPY
[11:55:59] [203/459] SICE
[11:55:59] [204/459] SISR
[11:56:00] [205/459] SRPZ
[11:56:01] [206/459] SRSW
[11:56:02] [207/459] SUYA
[11:56:03] [208/459] AMMT
[11:56:04] [209/459] BHCU
[11:56:05] [210/459] KLPA
[11:56:06] [211/459] NVKH
[11:56:07] [212/459] JMRC
[11:56:08] [213/459] KTTT
[11:56:08] [214/459] MAGH
[11:56:09] [215/459] MMMX
[11:56:10] [216/459] SALJ
[11:56:11] [217/459] GTJA
[11:56:12] [218/459] MAHT
[11:56:12] [219/459] SSNN
[11:56:13] [220/459] ARRP
[11:56:14] [221/459] ATNS
[11:56:15] [222/459] SKDT
[11:56:15] [223/459] ACAT
[11:56:16] [224/459] APRC
[11:56:17] [225/459] SWAG
[11:56:18] [226/459] SDPT
[11:56:19] [227/459] STPS
[11:56:20] [228/459] WWCZ
[11:56:20] [229/459] LLCH
[11:56:21] [230/459] MZHA
[11:56:22] [231/459] CRJG
[11:56:23] [232/459] JGTK
[11:56:24] [233/459] KCSR
[11:56:24] [234/459] CHTL
[11:56:25] [235/459] EDSR
[11:56:26] [236/459] CSWO
[11:56:27] [237/459] CPVM
[11:56:28] [238/459] MXBY
[11:56:29] [239/459] FMMA
[11:56:30] [240/459] POVI
[11:56:31] [241/459] MTHB
[11:56:32] [242/459] INRC
[11:56:33] [243/459] PIPP
[11:56:33] [244/459] BMXC
[11:56:34] [245/459] PCMM
[11:56:35] [246/459] PMKM
[11:56:36] [247/459] GATY
[11:56:37] [248/459] IMCM
[11:56:37] [249/459] POPE
[11:56:39] [250/459] MTCR
[11:56:40] [251/459] PVAE
[11:56:41] [252/459] PVMI
[11:56:41] [253/459] CPNM
[11:56:43] [254/459] FMRL
[11:56:44] [255/459] MCIW
[11:56:45] [256/459] MXBO
[11:56:46] [257/459] FMKY
[11:56:47] [258/459] FMDA
[11:56:48] [259/459] THAB
[11:56:50] [260/459] PRCW
[11:56:51] [261/459] PITI
[11:56:52] [262/459] MCFF
[11:56:52] [263/459] PDDV
[11:56:53] [264/459] MCRM
[11:56:54] [265/459] KKMB
[11:56:55] [266/459] INKO
[11:56:56] [267/459] PLXP
[11:56:57] [268/459] MMHA
[11:56:58] [269/459] FMVS
[11:56:58] [270/459] POLM
[11:56:59] [271/459] STER
[11:57:00] [272/459] PVWJ
[11:57:02] [273/459] IMJW
[11:57:02] [274/459] FNAN
[11:57:03] [275/459] CAGL
[11:57:04] [276/459] IPBG
[11:57:05] [277/459] SMFV
[11:57:06] [278/459] MMMR
[11:57:07] [279/459] MMWM
[11:57:08] [280/459] FNCM
[11:57:09] [281/459] MDVA
[11:57:09] [282/459] MMET
[11:57:11] [283/459] MIDO
[11:57:12] [284/459] INNP
[11:57:13] [285/459] MIFU
[11:57:14] [286/459] MMSZ
[11:57:15] [287/459] BMXA
[11:57:15] [288/459] MCAA
[11:57:16] [289/459] SCVP
[11:57:17] [290/459] PLUS
[11:57:18] [291/459] MUCK
[11:57:19] [292/459] MTMA
[11:57:20] [293/459] HPVR
[11:57:21] [294/459] PMPK
[11:57:22] [295/459] MAJB
[11:57:22] [296/459] CTRR
[11:57:24] [297/459] MCTG
[11:57:25] [298/459] MACE
[11:57:25] [299/459] AAAS
[11:57:26] [300/459] CPVV
[11:57:27] [301/459] RCHG
[11:57:28] [302/459] MCNE
[11:57:29] [303/459] EMNC
[11:57:30] [304/459] MCAN
[11:57:31] [305/459] TCDM
[11:57:32] [306/459] IRGT
[11:57:33] [307/459] GCMG
[11:57:34] [308/459] MXSN
[11:57:35] [309/459] MXCK
[11:57:36] [310/459] MCRC
[11:57:38] [311/459] RSMI
[11:57:38] [312/459] WAML
[11:57:40] [313/459] MTSC
[11:57:41] [314/459] FMDR
[11:57:41] [315/459] LEPV
[11:57:42] [316/459] MTGD
[11:57:44] [317/459] IMOB
[11:57:45] [318/459] CLMM
[11:57:46] [319/459] PZCD
[11:57:47] [320/459] GOCS
[11:57:48] [321/459] KCMA
[11:57:49] [322/459] CCMP
[11:57:50] [323/459] MTSU
[11:57:51] [324/459] SNGL
[11:57:52] [325/459] MMMC
[11:57:53] [326/459] MMAA
[11:57:54] [327/459] GCDM
[11:57:55] [328/459] KTMV
[11:57:56] [329/459] AETE
[11:57:57] [330/459] OMCS
[11:57:57] [331/459] GDCD
[11:57:58] [332/459] NYMD
[11:57:59] [333/459] RNCV
[11:57:59] [334/459] KKMT
[11:58:00] [335/459] GDTH
[11:58:01] [336/459] KMMV
[11:58:02] [337/459] NHCG
[11:58:03] [338/459] PJDW
[11:58:04] [339/459] MMCV
[11:58:04] [340/459] FQSA
[11:58:05] [341/459] KURL
[11:58:06] [342/459] NNNX
[11:58:07] [343/459] AMAU
[11:58:08] [344/459] VVVM
[11:58:09] [345/459] VECU
[11:58:09] [346/459] WCVR
[11:58:10] [347/459] MTGG
[11:58:11] [348/459] SGTG
[11:58:12] [349/459] MNTG
[11:58:12] [350/459] JDDG
[11:58:13] [351/459] MBTK
[11:58:14] [352/459] SGCD
[11:58:15] [353/459] MCTC
[11:58:16] [354/459] JTPC
[11:58:16] [355/459] SDKT
[11:58:17] [356/459] KRCC
[11:58:19] [357/459] RMMD
[11:58:20] [358/459] AAME
[11:58:21] [359/459] TMWC
[11:58:22] [360/459] NRWY
[11:58:23] [361/459] CITD
[11:58:23] [362/459] VERD
[11:58:24] [363/459] MKSK
[11:58:25] [364/459] STSM
[11:58:26] [365/459] MJDG
[11:58:26] [366/459] RKPM
[11:58:27] [367/459] SSCE
[11:58:28] [368/459] VMAE
[11:58:29] [369/459] SBRU
[11:58:30] [370/459] AMBC
[11:58:31] [371/459] AMLU
[11:58:31] [372/459] INVZ
[11:58:32] [373/459] LGTV
[11:58:33] [374/459] SVAD
[11:58:34] [375/459] SMSA
[11:58:34] [376/459] SPCZ
[11:58:35] [377/459] GTCX
[11:58:37] [378/459] SCSL
[11:58:38] [379/459] SAHU
[11:58:39] [380/459] NCDA
[11:58:39] [381/459] SCCG
[11:58:40] [382/459] VKTL
[11:58:41] [383/459] PUUJ
[11:58:42] [384/459] STEJ
[11:58:43] [385/459] RJAL
[11:58:44] [386/459] ACJC
[11:58:44] [387/459] VTHC
[11:58:45] [388/459] ARVB
[11:58:46] [389/459] AUBB
[11:58:47] [390/459] GDBR
[11:58:48] [391/459] PVND
[11:58:49] [392/459] BGRJ
[11:58:49] [393/459] RJMM
[11:58:51] [394/459] MCSA
[11:58:51] [395/459] BODA
[11:58:52] [396/459] JAGG
[11:58:53] [397/459] SCGA
[11:58:54] [398/459] LRCM
[11:58:54] [399/459] CPCN
[11:58:55] [400/459] SSTF
[11:58:56] [401/459] SRXP
[11:58:57] [402/459] CNFX
[11:58:58] [403/459] ANDI
[11:58:59] [404/459] SYEW
[11:59:00] [405/459] RCRE
[11:59:01] [406/459] SCRW
[11:59:02] [407/459] MBKR
[11:59:02] [408/459] ASNT
[11:59:04] [409/459] JTMT
[11:59:05] [410/459] SHAY
[11:59:05] [411/459] VRTH
[11:59:06] [412/459] SPTI
[11:59:07] [413/459] DPTD
[11:59:08] [414/459] TGSN
[11:59:10] [415/459] RCWV
[11:59:10] [416/459] OCUR
[11:59:11] [417/459] KSTC
[11:59:12] [418/459] SANI
[11:59:12] [419/459] MLCA
[11:59:13] [420/459] EGCA
[11:59:14] [421/459] SYSN
[11:59:15] [422/459] PKTA
[11:59:16] [423/459] PRCC
[11:59:16] [424/459] KSTR
[11:59:17] [425/459] SNTP
[11:59:18] [426/459] RCHA
[11:59:19] [427/459] SEEA
[11:59:20] [428/459] ALAT
[11:59:21] [429/459] AATV
[11:59:22] [430/459] RJTE
[11:59:22] [431/459] AAPP
[11:59:23] [432/459] PMMH
[11:59:24] [433/459] INRJ
[11:59:25] [434/459] SARB
[11:59:26] [435/459] PCJL
[11:59:27] [436/459] PFJJ
[11:59:28] [437/459] GRDC
[11:59:29] [438/459] BCBA
[11:59:30] [439/459] VIXL
[11:59:31] [440/459] CSTL
[11:59:31] [441/459] MTDK
[11:59:32] [442/459] TDAC
[11:59:33] [443/459] GTDN
[11:59:34] [444/459] TTDE
[11:59:35] [445/459] ASTS
[11:59:36] [446/459] CPNS
[11:59:36] [447/459] PVVW
[11:59:37] [448/459] USEB
[11:59:39] [449/459] DTYN
[11:59:40] [450/459] PVLE
[11:59:40] [451/459] CIPS
[11:59:41] [452/459] PAEG
[11:59:42] [453/459] PTCW
[11:59:43] [454/459] G3SR
[11:59:44] [455/459] PGND
[11:59:45] [456/459] INVM
[11:59:45] [457/459] SPIA
[11:59:46] [458/459] PCSN
[11:59:48] [459/459] PPGV
[11:59:49] 🧹 Deduping shows
[11:59:49] ✅ DONE | Shows=244 | Movies=23
