[10:03:29] 🚀 SCRIPT STARTED
[10:03:29] [1/296] CDCA
[10:03:29] 🧠 New identity created
[10:03:30] [2/296] MNSR
[10:03:31] [3/296] CSSL
[10:03:32] [4/296] BGGM
[10:03:33] [5/296] MANT
[10:03:34] [6/296] SOOY
[10:03:35] [7/296] VPPK
[10:03:36] [8/296] MYHJ
[10:03:37] [9/296] KSCK
[10:03:38] [10/296] KATK
[10:03:39] [11/296] RTRT
[10:03:40] [12/296] SSTT
[10:03:40] [13/296] SSTV
[10:03:41] [14/296] LACM
[10:03:42] [15/296] SGMG
[10:03:43] [16/296] KACX
[10:03:44] [17/296] GVCP
[10:03:45] [18/296] CSNC
[10:03:47] [19/296] SXCB
[10:03:48] [20/296] BAHS
[10:03:48] [21/296] PCBI
[10:03:50] [22/296] PSSM
[10:03:51] [23/296] RCOK
[10:03:52] [24/296] SCPF
[10:03:52] [25/296] SSAS
[10:03:53] [26/296] EVMM
[10:03:54] [27/296] SYCB
[10:03:56] [28/296] GCKI
[10:03:57] [29/296] IAET
[10:03:57] [30/296] DDTD
[10:03:58] [31/296] GMDH
[10:03:59] [32/296] STLE
[10:04:00] [33/296] JTRA
[10:04:01] [34/296] RPPA
[10:04:02] [35/296] ARUT
[10:04:02] [36/296] JTVM
[10:04:03] [37/296] SWRH
[10:04:04] [38/296] DCPC
[10:04:05] [39/296] RAPR
[10:04:06] [40/296] GCRT
[10:04:07] [41/296] ATUN
[10:04:08] [42/296] LTRM
[10:04:09] [43/296] TASR
[10:04:10] [44/296] RLLC
[10:04:11] [45/296] MABI
[10:04:12] [46/296] SVHB
[10:04:12] [47/296] NVTB
[10:04:13] [48/296] KCKG
[10:04:14] [49/296] SSRN
[10:04:16] [50/296] VDDC
[10:04:17] [51/296] GKTK
[10:04:18] [52/296] YFSN
[10:04:19] [53/296] GCSG
[10:04:20] [54/296] ESSM
[10:04:21] [55/296] KRIH
[10:04:22] [56/296] GCDS
[10:04:22] [57/296] CCSH
[10:04:23] [58/296] ACSK
[10:04:24] [59/296] APRK
[10:04:25] [60/296] ADKM
[10:04:26] [61/296] SRDM
[10:04:27] [62/296] RMOG
[10:04:28] [63/296] SJMY
[10:04:28] [64/296] PGGC
[10:04:29] [65/296] INGM
[10:04:30] [66/296] LSCB
[10:04:31] [67/296] STAD
[10:04:32] [68/296] MCCR
[10:04:33] [69/296] ABCC
[10:04:34] [70/296] RKCC
[10:04:35] [71/296] RTCR
[10:04:36] [72/296] GGBC
[10:04:37] [73/296] GCSD
[10:04:37] [74/296] LPTY
[10:04:38] [75/296] MCFD
[10:04:39] [76/296] HENN
[10:04:40] [77/296] SMKU
[10:04:41] [78/296] TNZC
[10:04:42] [79/296] DRCD
[10:04:42] [80/296] DLCD
[10:04:43] [81/296] RCDA
[10:04:44] [82/296] COSM
[10:04:45] [83/296] MCMJ
[10:04:46] [84/296] CSTR
[10:04:47] [85/296] CVDK
[10:04:48] [86/296] INRR
[10:04:49] [87/296] RJRT
[10:04:50] [88/296] IRMR
[10:04:51] [89/296] SRCF
[10:04:52] [90/296] GRCR
[10:04:53] [91/296] SURC
[10:04:54] [92/296] NMNH
[10:04:54] [93/296] SVBL
[10:04:55] [94/296] KACI
[10:04:56] [95/296] TDGO
[10:04:57] [96/296] KTBR
[10:04:59] [97/296] PMAD
[10:04:59] [98/296] CCPN
[10:05:00] [99/296] SBTK
[10:05:01] [100/296] LMDK
[10:05:02] [101/296] PGDA
[10:05:03] [102/296] SRML
[10:05:03] [103/296] EVCK
[10:05:04] [104/296] RTTK
[10:05:05] [105/296] SRTU
[10:05:06] [106/296] VRSA
[10:05:08] [107/296] VARS
[10:05:08] [108/296] DSCZ
[10:05:09] [109/296] GAGA
[10:05:10] [110/296] SARV
[10:05:10] [111/296] SEEG
[10:05:11] [112/296] GLCA
[10:05:13] [113/296] APAS
[10:05:13] [114/296] VCIA
[10:05:14] [115/296] SJTA
[10:05:16] [116/296] SABM
[10:05:17] [117/296] PPAG
[10:05:18] [118/296] RVCA
[10:05:19] [119/296] CCIA
[10:05:20] [120/296] HTAG
[10:05:21] [121/296] SMBI
[10:05:22] [122/296] MCJR
[10:05:22] [123/296] CCJR
[10:05:23] [124/296] SINF
[10:05:24] [125/296] CPLX
[10:05:25] [126/296] KKTJ
[10:05:26] [127/296] GDBW
[10:05:28] [128/296] CSUB
[10:05:29] [129/296] DABA
[10:05:30] [130/296] TITR
[10:05:31] [131/296] NYCR
[10:05:32] [132/296] RTRY
[10:05:32] [133/296] JTJL
[10:05:33] [134/296] SJCP
[10:05:34] [135/296] KCCA
[10:05:35] [136/296] MLPG
[10:05:35] [137/296] VRCK
[10:05:36] [138/296] SRIN
[10:05:37] [139/296] CXMK
[10:05:38] [140/296] SKAD
[10:05:39] [141/296] AVTR
[10:05:39] [142/296] PTAJ
[10:05:40] [143/296] SCNK
[10:05:41] [144/296] STTI
[10:05:42] [145/296] KACR
[10:05:43] [146/296] SSDX
[10:05:43] [147/296] VRTJ
[10:05:44] [148/296] RAJD
[10:05:45] [149/296] SCIP
[10:05:46] [150/296] RJSL
[10:05:47] [151/296] ARRS
[10:05:48] [152/296] ASMS
[10:05:48] [153/296] RDTS
[10:05:49] [154/296] DVMY
[10:05:50] [155/296] RASA
[10:05:51] [156/296] INOM
[10:05:52] [157/296] SPRS
[10:05:52] [158/296] SGCS
[10:05:53] [159/296] SALM
[10:05:54] [160/296] PKHC
[10:05:55] [161/296] RCSV
[10:05:56] [162/296] CPKC
[10:05:57] [163/296] AACD
[10:05:58] [164/296] GGCV
[10:05:58] [165/296] SMKD
[10:05:59] [166/296] NBCH
[10:06:01] [167/296] AMCB
[10:06:02] [168/296] OPCN
[10:06:03] [169/296] DCIN
[10:06:04] [170/296] INGW
[10:06:05] [171/296] PKKW
[10:06:05] [172/296] FNGW
[10:06:06] [173/296] GCGD
[10:06:07] [174/296] MSTW
[10:06:08] [175/296] KCCG
[10:06:08] [176/296] MRSS
[10:06:09] [177/296] CLCF
[10:06:10] [178/296] EETS
[10:06:11] [179/296] AATR
[10:06:12] [180/296] CMMN
[10:06:14] [181/296] SCCJ
[10:06:15] [182/296] CDTK
[10:06:15] [183/296] AICP
[10:06:16] [184/296] FNBP
[10:06:17] [185/296] CBPB
[10:06:18] [186/296] CPAS
[10:06:19] [187/296] MAPM
[10:06:20] [188/296] PASD
[10:06:20] [189/296] JCMN
[10:06:21] [190/296] MALB
[10:06:22] [191/296] SACG
[10:06:22] [192/296] DDRX
[10:06:23] [193/296] DDXB
[10:06:24] [194/296] RAMC
[10:06:25] [195/296] SANC
[10:06:25] [196/296] BCBP
[10:06:26] [197/296] ALPC
[10:06:27] [198/296] RBAC
[10:06:28] [199/296] RAJL
[10:06:29] [200/296] MPDX
[10:06:30] [201/296] MUSC
[10:06:30] [202/296] VKMK
[10:06:31] [203/296] SKCG
[10:06:32] [204/296] ANCN
[10:06:33] [205/296] MMCJ
[10:06:34] [206/296] DCAK
[10:06:35] [207/296] SCKG
[10:06:36] [208/296] LMCK
[10:06:37] [209/296] CKKX
[10:06:37] [210/296] ANKU
[10:06:39] [211/296] CSMD
[10:06:40] [212/296] MKMP
[10:06:41] [213/296] SVBG
[10:06:42] [214/296] ROOP
[10:06:42] [215/296] GDMT
[10:06:43] [216/296] FPPF
[10:06:44] [217/296] SFUU
[10:06:45] [218/296] ANCB
[10:06:45] [219/296] SMMC
[10:06:46] [220/296] UGKT
[10:06:47] [221/296] JVRM
[10:06:48] [222/296] BATG
[10:06:50] [223/296] RATE
[10:06:51] [224/296] SKME
[10:06:52] [225/296] LMTP
[10:06:52] [226/296] TCBD
[10:06:53] [227/296] ESBD
[10:06:54] [228/296] GDCU
[10:06:55] [229/296] SNKT
[10:06:56] [230/296] SRNK
[10:06:57] [231/296] SMED
[10:06:58] [232/296] CSQS
[10:06:59] [233/296] ALCS
[10:07:00] [234/296] KCKN
[10:07:00] [235/296] VCCL
[10:07:01] [236/296] MCDA
[10:07:02] [237/296] SHMI
[10:07:03] [238/296] SKHA
[10:07:04] [239/296] SVFK
[10:07:05] [240/296] INVB
[10:07:05] [241/296] MELD
[10:07:06] [242/296] JTYS
[10:07:07] [243/296] INCM
[10:07:09] [244/296] MCDV
[10:07:10] [245/296] KSGK
[10:07:11] [246/296] ICMG
[10:07:11] [247/296] CSCV
[10:07:12] [248/296] STMD
[10:07:13] [249/296] STTR
[10:07:14] [250/296] INVC
[10:07:15] [251/296] JTBL
[10:07:16] [252/296] SRVV
[10:07:16] [253/296] MAVC
[10:07:17] [254/296] SRPP
[10:07:19] [255/296] JGDM
[10:07:20] [256/296] MBSJ
[10:07:21] [257/296] SSLL
[10:07:22] [258/296] SLKP
[10:07:22] [259/296] NSRV
[10:07:24] [260/296] UTDV
[10:07:25] [261/296] KICM
[10:07:25] [262/296] KCMD
[10:07:26] [263/296] TTPP
[10:07:27] [264/296] KMPV
[10:07:28] [265/296] SKTV
[10:07:28] [266/296] STCV
[10:07:29] [267/296] SRDA
[10:07:30] [268/296] JTSX
[10:07:31] [269/296] STBV
[10:07:32] [270/296] APVZ
[10:07:33] [271/296] GSTV
[10:07:34] [272/296] NMVS
[10:07:34] [273/296] SKRT
[10:07:35] [274/296] RMDV
[10:07:36] [275/296] RATG
[10:07:37] [276/296] SJYV
[10:07:38] [277/296] NDGP
[10:07:39] [278/296] SNDG
[10:07:40] [279/296] INSR
[10:07:40] [280/296] INSO
[10:07:41] [281/296] CCSI
[10:07:42] [282/296] RASM
[10:07:43] [283/296] NEWC
[10:07:44] [284/296] VSHL
[10:07:45] [285/296] BISW
[10:07:46] [286/296] GCNG
[10:07:47] [287/296] CWSC
[10:07:47] [288/296] SKAN
[10:07:48] [289/296] SEHP
[10:07:49] [290/296] CCOA
[10:07:50] [291/296] MCAJ
[10:07:51] [292/296] ACDE
[10:07:52] [293/296] AACM
[10:07:53] [294/296] JJCK
[10:07:54] [295/296] RCMO
[10:07:55] [296/296] GDAW
[10:07:55] 🧹 Deduping shows
[10:07:55] ✅ DONE | Shows=126 | Movies=12
[16:45:13] 🚀 SCRIPT STARTED
[16:45:13] [1/296] CDCA
[16:45:13] 🧠 New identity created
[16:45:14] [2/296] MNSR
[16:45:16] [3/296] CSSL
[16:45:17] [4/296] BGGM
[16:45:18] [5/296] MANT
[16:45:19] [6/296] SOOY
[16:45:20] [7/296] VPPK
[16:45:21] [8/296] MYHJ
[16:45:22] [9/296] KSCK
[16:45:22] [10/296] KATK
[16:45:23] [11/296] RTRT
[16:45:25] [12/296] SSTT
[16:45:26] [13/296] SSTV
[16:45:27] [14/296] LACM
[16:45:27] [15/296] SGMG
[16:45:28] [16/296] KACX
[16:45:29] [17/296] GVCP
[16:45:30] [18/296] CSNC
[16:45:31] [19/296] SXCB
[16:45:32] [20/296] BAHS
[16:45:33] [21/296] PCBI
[16:45:33] [22/296] PSSM
[16:45:34] [23/296] RCOK
[16:45:35] [24/296] SCPF
[16:45:36] [25/296] SSAS
[16:45:37] [26/296] EVMM
[16:45:38] [27/296] SYCB
[16:45:39] [28/296] GCKI
[16:45:40] [29/296] IAET
[16:45:41] [30/296] DDTD
[16:45:42] [31/296] GMDH
[16:45:43] [32/296] STLE
[16:45:44] [33/296] JTRA
[16:45:45] [34/296] RPPA
[16:45:46] [35/296] ARUT
[16:45:47] [36/296] JTVM
[16:45:48] [37/296] SWRH
[16:45:49] [38/296] DCPC
[16:45:49] [39/296] RAPR
[16:45:51] [40/296] GCRT
[16:45:51] [41/296] ATUN
[16:45:52] [42/296] LTRM
[16:45:54] [43/296] TASR
[16:45:55] [44/296] RLLC
[16:45:56] [45/296] MABI
[16:45:57] [46/296] SVHB
[16:45:57] [47/296] NVTB
[16:45:58] [48/296] KCKG
[16:45:59] [49/296] SSRN
[16:45:59] [50/296] VDDC
[16:46:01] [51/296] GKTK
[16:46:02] [52/296] YFSN
[16:46:03] [53/296] GCSG
[16:46:04] [54/296] ESSM
[16:46:05] [55/296] KRIH
[16:46:06] [56/296] GCDS
[16:46:07] [57/296] CCSH
[16:46:09] [58/296] ACSK
[16:46:09] [59/296] APRK
[16:46:10] [60/296] ADKM
[16:46:11] [61/296] SRDM
[16:46:12] [62/296] RMOG
[16:46:13] [63/296] SJMY
[16:46:14] [64/296] PGGC
[16:46:14] [65/296] INGM
[16:46:15] [66/296] LSCB
[16:46:16] [67/296] STAD
[16:46:17] [68/296] MCCR
[16:46:18] [69/296] ABCC
[16:46:19] [70/296] RKCC
[16:46:20] [71/296] RTCR
[16:46:20] [72/296] GGBC
[16:46:21] [73/296] GCSD
[16:46:22] [74/296] LPTY
[16:46:24] [75/296] MCFD
[16:46:25] [76/296] HENN
[16:46:25] [77/296] SMKU
[16:46:26] [78/296] TNZC
[16:46:27] [79/296] DRCD
[16:46:28] [80/296] DLCD
[16:46:28] [81/296] RCDA
[16:46:29] [82/296] COSM
[16:46:31] [83/296] MCMJ
[16:46:32] [84/296] CSTR
[16:46:33] [85/296] CVDK
[16:46:33] [86/296] INRR
[16:46:35] [87/296] RJRT
[16:46:36] [88/296] IRMR
[16:46:37] [89/296] SRCF
[16:46:37] [90/296] GRCR
[16:46:39] [91/296] SURC
[16:46:41] [92/296] NMNH
[16:46:42] [93/296] SVBL
[16:46:43] [94/296] KACI
[16:46:43] [95/296] TDGO
[16:46:44] [96/296] KTBR
[16:46:45] [97/296] PMAD
[16:46:46] [98/296] CCPN
[16:46:47] [99/296] SBTK
[16:46:48] [100/296] LMDK
[16:46:49] [101/296] PGDA
[16:46:49] [102/296] SRML
[16:46:50] [103/296] EVCK
[16:46:51] [104/296] RTTK
[16:46:52] [105/296] SRTU
[16:46:53] [106/296] VRSA
[16:46:54] [107/296] VARS
[16:46:55] [108/296] DSCZ
[16:46:55] [109/296] GAGA
[16:46:56] [110/296] SARV
[16:46:57] [111/296] SEEG
[16:46:58] [112/296] GLCA
[16:46:59] [113/296] APAS
[16:47:00] [114/296] VCIA
[16:47:01] [115/296] SJTA
[16:47:02] [116/296] SABM
[16:47:02] [117/296] PPAG
[16:47:03] [118/296] RVCA
[16:47:04] [119/296] CCIA
[16:47:05] [120/296] HTAG
[16:47:06] [121/296] SMBI
[16:47:07] [122/296] MCJR
[16:47:07] [123/296] CCJR
[16:47:08] [124/296] SINF
[16:47:09] [125/296] CPLX
[16:47:10] [126/296] KKTJ
[16:47:11] [127/296] GDBW
[16:47:12] [128/296] CSUB
[16:47:12] [129/296] DABA
[16:47:13] [130/296] TITR
[16:47:14] [131/296] NYCR
[16:47:15] [132/296] RTRY
[16:47:16] [133/296] JTJL
[16:47:17] [134/296] SJCP
[16:47:17] [135/296] KCCA
[16:47:18] [136/296] MLPG
[16:47:19] [137/296] VRCK
[16:47:20] [138/296] SRIN
[16:47:21] [139/296] CXMK
[16:47:21] [140/296] SKAD
[16:47:22] [141/296] AVTR
[16:47:23] [142/296] PTAJ
[16:47:24] [143/296] SCNK
[16:47:25] [144/296] STTI
[16:47:25] [145/296] KACR
[16:47:26] [146/296] SSDX
[16:47:27] [147/296] VRTJ
[16:47:28] [148/296] RAJD
[16:47:29] [149/296] SCIP
[16:47:29] [150/296] RJSL
[16:47:30] [151/296] ARRS
[16:47:31] [152/296] ASMS
[16:47:32] [153/296] RDTS
[16:47:33] [154/296] DVMY
[16:47:34] [155/296] RASA
[16:47:35] [156/296] INOM
[16:47:36] [157/296] SPRS
[16:47:37] [158/296] SGCS
[16:47:38] [159/296] SALM
[16:47:39] [160/296] PKHC
[16:47:39] [161/296] RCSV
[16:47:40] [162/296] CPKC
[16:47:41] [163/296] AACD
[16:47:42] [164/296] GGCV
[16:47:43] [165/296] SMKD
[16:47:44] [166/296] NBCH
[16:47:45] [167/296] AMCB
[16:47:46] [168/296] OPCN
[16:47:48] [169/296] DCIN
[16:47:49] [170/296] INGW
[16:47:49] [171/296] PKKW
[16:47:50] [172/296] FNGW
[16:47:51] [173/296] GCGD
[16:47:52] [174/296] MSTW
[16:47:53] [175/296] KCCG
[16:47:54] [176/296] MRSS
[16:47:55] [177/296] CLCF
[16:47:55] [178/296] EETS
[16:47:56] [179/296] AATR
[16:47:57] [180/296] CMMN
[16:47:58] [181/296] SCCJ
[16:47:59] [182/296] CDTK
[16:48:00] [183/296] AICP
[16:48:01] [184/296] FNBP
[16:48:02] [185/296] CBPB
[16:48:03] [186/296] CPAS
[16:48:04] [187/296] MAPM
[16:48:05] [188/296] PASD
[16:48:06] [189/296] JCMN
[16:48:06] [190/296] MALB
[16:48:07] [191/296] SACG
[16:48:08] [192/296] DDRX
[16:48:09] [193/296] DDXB
[16:48:10] [194/296] RAMC
[16:48:11] [195/296] SANC
[16:48:11] [196/296] BCBP
[16:48:12] [197/296] ALPC
[16:48:14] [198/296] RBAC
[16:48:15] [199/296] RAJL
[16:48:16] [200/296] MPDX
[16:48:16] [201/296] MUSC
[16:48:17] [202/296] VKMK
[16:48:18] [203/296] SKCG
[16:48:20] [204/296] ANCN
[16:48:21] [205/296] MMCJ
[16:48:22] [206/296] DCAK
[16:48:23] [207/296] SCKG
[16:48:24] [208/296] LMCK
[16:48:25] [209/296] CKKX
[16:48:26] [210/296] ANKU
[16:48:27] [211/296] CSMD
[16:48:28] [212/296] MKMP
[16:48:29] [213/296] SVBG
[16:48:30] [214/296] ROOP
[16:48:30] [215/296] GDMT
[16:48:31] [216/296] FPPF
[16:48:32] [217/296] SFUU
[16:48:33] [218/296] ANCB
[16:48:34] [219/296] SMMC
[16:48:35] [220/296] UGKT
[16:48:36] [221/296] JVRM
[16:48:37] [222/296] BATG
[16:48:38] [223/296] RATE
[16:48:39] [224/296] SKME
[16:48:39] [225/296] LMTP
[16:48:40] [226/296] TCBD
[16:48:41] [227/296] ESBD
[16:48:42] [228/296] GDCU
[16:48:43] [229/296] SNKT
[16:48:43] [230/296] SRNK
[16:48:44] [231/296] SMED
[16:48:46] [232/296] CSQS
[16:48:47] [233/296] ALCS
[16:48:48] [234/296] KCKN
[16:48:49] [235/296] VCCL
[16:48:50] [236/296] MCDA
[16:48:51] [237/296] SHMI
[16:48:52] [238/296] SKHA
[16:48:52] [239/296] SVFK
[16:48:53] [240/296] INVB
[16:48:54] [241/296] MELD
[16:48:56] [242/296] JTYS
[16:48:56] [243/296] INCM
[16:48:57] [244/296] MCDV
[16:48:58] [245/296] KSGK
[16:48:59] [246/296] ICMG
[16:49:00] [247/296] CSCV
[16:49:01] [248/296] STMD
[16:49:01] [249/296] STTR
[16:49:02] [250/296] INVC
[16:49:03] [251/296] JTBL
[16:49:04] [252/296] SRVV
[16:49:05] [253/296] MAVC
[16:49:05] [254/296] SRPP
[16:49:07] [255/296] JGDM
[16:49:08] [256/296] MBSJ
[16:49:09] [257/296] SSLL
[16:49:10] [258/296] SLKP
[16:49:10] [259/296] NSRV
[16:49:11] [260/296] UTDV
[16:49:12] [261/296] KICM
[16:49:13] [262/296] KCMD
[16:49:14] [263/296] TTPP
[16:49:14] [264/296] KMPV
[16:49:15] [265/296] SKTV
[16:49:16] [266/296] STCV
[16:49:17] [267/296] SRDA
[16:49:18] [268/296] JTSX
[16:49:20] [269/296] STBV
[16:49:21] [270/296] APVZ
[16:49:22] [271/296] GSTV
[16:49:23] [272/296] NMVS
[16:49:24] [273/296] SKRT
[16:49:25] [274/296] RMDV
[16:49:26] [275/296] RATG
[16:49:27] [276/296] SJYV
[16:49:28] [277/296] NDGP
[16:49:29] [278/296] SNDG
[16:49:30] [279/296] INSR
[16:49:31] [280/296] INSO
[16:49:32] [281/296] CCSI
[16:49:32] [282/296] RASM
[16:49:33] [283/296] NEWC
[16:49:34] [284/296] VSHL
[16:49:35] [285/296] BISW
[16:49:35] [286/296] GCNG
[16:49:36] [287/296] CWSC
[16:49:37] [288/296] SKAN
[16:49:38] [289/296] SEHP
[16:49:39] [290/296] CCOA
[16:49:40] [291/296] MCAJ
[16:49:41] [292/296] ACDE
[16:49:41] [293/296] AACM
[16:49:43] [294/296] JJCK
[16:49:44] [295/296] RCMO
[16:49:45] [296/296] GDAW
[16:49:46] 🧹 Deduping shows
[16:49:46] ✅ DONE | Shows=214 | Movies=13
[04:43:18] 🚀 SCRIPT STARTED
[04:43:18] [1/296] CDCA
[04:43:18] 🧠 New identity created
[04:43:20] [2/296] MNSR
[04:43:21] [3/296] CSSL
[04:43:22] [4/296] BGGM
[04:43:23] [5/296] MANT
[04:43:23] [6/296] SOOY
[04:43:24] [7/296] VPPK
[04:43:25] [8/296] MYHJ
[04:43:26] [9/296] KSCK
[04:43:27] [10/296] KATK
[04:43:27] [11/296] RTRT
[04:43:29] [12/296] SSTT
[04:43:30] [13/296] SSTV
[04:43:31] [14/296] LACM
[04:43:32] [15/296] SGMG
[04:43:33] [16/296] KACX
[04:43:34] [17/296] GVCP
[04:43:34] [18/296] CSNC
[04:43:35] [19/296] SXCB
[04:43:36] [20/296] BAHS
[04:43:37] [21/296] PCBI
[04:43:38] [22/296] PSSM
[04:43:38] [23/296] RCOK
[04:43:39] [24/296] SCPF
[04:43:41] [25/296] SSAS
[04:43:41] [26/296] EVMM
[04:43:42] [27/296] SYCB
[04:43:43] [28/296] GCKI
[04:43:44] [29/296] IAET
[04:43:44] [30/296] DDTD
[04:43:45] [31/296] GMDH
[04:43:46] [32/296] STLE
[04:43:47] [33/296] JTRA
[04:43:48] [34/296] RPPA
[04:43:49] [35/296] ARUT
[04:43:50] [36/296] JTVM
[04:43:51] [37/296] SWRH
[04:43:52] [38/296] DCPC
[04:43:53] [39/296] RAPR
[04:43:53] [40/296] GCRT
[04:43:54] [41/296] ATUN
[04:43:55] [42/296] LTRM
[04:43:56] [43/296] TASR
[04:43:57] [44/296] RLLC
[04:43:58] [45/296] MABI
[04:43:59] [46/296] SVHB
[04:44:00] [47/296] NVTB
[04:44:01] [48/296] KCKG
[04:44:02] [49/296] SSRN
[04:44:03] [50/296] VDDC
[04:44:04] [51/296] GKTK
[04:44:04] [52/296] YFSN
[04:44:05] [53/296] GCSG
[04:44:06] [54/296] ESSM
[04:44:08] [55/296] KRIH
[04:44:09] [56/296] GCDS
[04:44:10] [57/296] CCSH
[04:44:12] [58/296] ACSK
[04:44:12] [59/296] APRK
[04:44:13] [60/296] ADKM
[04:44:14] [61/296] SRDM
[04:44:15] [62/296] RMOG
[04:44:16] [63/296] SJMY
[04:44:16] [64/296] PGGC
[04:44:17] [65/296] INGM
[04:44:18] [66/296] LSCB
[04:44:19] [67/296] STAD
[04:44:20] [68/296] MCCR
[04:44:21] [69/296] ABCC
[04:44:22] [70/296] RKCC
[04:44:22] [71/296] RTCR
[04:44:24] [72/296] GGBC
[04:44:25] [73/296] GCSD
[04:44:26] [74/296] LPTY
[04:44:27] [75/296] MCFD
[04:44:28] [76/296] HENN
[04:44:29] [77/296] SMKU
[04:44:29] [78/296] TNZC
[04:44:30] [79/296] DRCD
[04:44:31] [80/296] DLCD
[04:44:32] [81/296] RCDA
[04:44:33] [82/296] COSM
[04:44:34] [83/296] MCMJ
[04:44:35] [84/296] CSTR
[04:44:36] [85/296] CVDK
[04:44:37] [86/296] INRR
[04:44:37] [87/296] RJRT
[04:44:38] [88/296] IRMR
[04:44:39] [89/296] SRCF
[04:44:40] [90/296] GRCR
[04:44:41] [91/296] SURC
[04:44:41] [92/296] NMNH
[04:44:42] [93/296] SVBL
[04:44:44] [94/296] KACI
[04:44:44] [95/296] TDGO
[04:44:45] [96/296] KTBR
[04:44:47] [97/296] PMAD
[04:44:47] [98/296] CCPN
[04:44:48] [99/296] SBTK
[04:44:49] [100/296] LMDK
[04:44:51] [101/296] PGDA
[04:44:51] [102/296] SRML
[04:44:52] [103/296] EVCK
[04:44:53] [104/296] RTTK
[04:44:54] [105/296] SRTU
[04:44:55] [106/296] VRSA
[04:44:56] [107/296] VARS
[04:44:56] [108/296] DSCZ
[04:44:57] [109/296] GAGA
[04:44:59] [110/296] SARV
[04:44:59] [111/296] SEEG
[04:45:01] [112/296] GLCA
[04:45:02] [113/296] APAS
[04:45:03] [114/296] VCIA
[04:45:03] [115/296] SJTA
[04:45:04] [116/296] SABM
[04:45:05] [117/296] PPAG
[04:45:06] [118/296] RVCA
[04:45:07] [119/296] CCIA
[04:45:08] [120/296] HTAG
[04:45:09] [121/296] SMBI
[04:45:09] [122/296] MCJR
[04:45:10] [123/296] CCJR
[04:45:12] [124/296] SINF
[04:45:13] [125/296] CPLX
[04:45:13] [126/296] KKTJ
[04:45:14] [127/296] GDBW
[04:45:15] [128/296] CSUB
[04:45:16] [129/296] DABA
[04:45:17] [130/296] TITR
[04:45:18] [131/296] NYCR
[04:45:19] [132/296] RTRY
[04:45:21] [133/296] JTJL
[04:45:22] [134/296] SJCP
[04:45:23] [135/296] KCCA
[04:45:24] [136/296] MLPG
[04:45:25] [137/296] VRCK
[04:45:26] [138/296] SRIN
[04:45:27] [139/296] CXMK
[04:45:28] [140/296] SKAD
[04:45:29] [141/296] AVTR
[04:45:30] [142/296] PTAJ
[04:45:30] [143/296] SCNK
[04:45:31] [144/296] STTI
[04:45:33] [145/296] KACR
[04:45:34] [146/296] SSDX
[04:45:34] [147/296] VRTJ
[04:45:36] [148/296] RAJD
[04:45:37] [149/296] SCIP
[04:45:38] [150/296] RJSL
[04:45:39] [151/296] ARRS
[04:45:40] [152/296] ASMS
[04:45:40] [153/296] RDTS
[04:45:41] [154/296] DVMY
[04:45:42] [155/296] RASA
[04:45:43] [156/296] INOM
[04:45:44] [157/296] SPRS
[04:45:44] [158/296] SGCS
[04:45:46] [159/296] SALM
[04:45:46] [160/296] PKHC
[04:45:47] [161/296] RCSV
[04:45:49] [162/296] CPKC
[04:45:50] [163/296] AACD
[04:45:51] [164/296] GGCV
[04:45:52] [165/296] SMKD
[04:45:52] [166/296] NBCH
[04:45:54] [167/296] AMCB
[04:45:55] [168/296] OPCN
[04:45:55] [169/296] DCIN
[04:45:56] [170/296] INGW
[04:45:57] [171/296] PKKW
[04:45:58] [172/296] FNGW
[04:45:59] [173/296] GCGD
[04:46:00] [174/296] MSTW
[04:46:01] [175/296] KCCG
[04:46:02] [176/296] MRSS
[04:46:03] [177/296] CLCF
[04:46:04] [178/296] EETS
[04:46:05] [179/296] AATR
[04:46:06] [180/296] CMMN
[04:46:06] [181/296] SCCJ
[04:46:07] [182/296] CDTK
[04:46:09] [183/296] AICP
[04:46:10] [184/296] FNBP
[04:46:10] [185/296] CBPB
[04:46:11] [186/296] CPAS
[04:46:12] [187/296] MAPM
[04:46:13] [188/296] PASD
[04:46:14] [189/296] JCMN
[04:46:15] [190/296] MALB
[04:46:16] [191/296] SACG
[04:46:17] [192/296] DDRX
[04:46:18] [193/296] DDXB
[04:46:19] [194/296] RAMC
[04:46:20] [195/296] SANC
[04:46:21] [196/296] BCBP
[04:46:22] [197/296] ALPC
[04:46:23] [198/296] RBAC
[04:46:24] [199/296] RAJL
[04:46:24] [200/296] MPDX
[04:46:25] [201/296] MUSC
[04:46:26] [202/296] VKMK
[04:46:27] [203/296] SKCG
[04:46:27] [204/296] ANCN
[04:46:28] [205/296] MMCJ
[04:46:29] [206/296] DCAK
[04:46:30] [207/296] SCKG
[04:46:31] [208/296] LMCK
[04:46:32] [209/296] CKKX
[04:46:33] [210/296] ANKU
[04:46:34] [211/296] CSMD
[04:46:35] [212/296] MKMP
[04:46:36] [213/296] SVBG
[04:46:38] [214/296] ROOP
[04:46:38] [215/296] GDMT
[04:46:39] [216/296] FPPF
[04:46:40] [217/296] SFUU
[04:46:41] [218/296] ANCB
[04:46:41] [219/296] SMMC
[04:46:42] [220/296] UGKT
[04:46:43] [221/296] JVRM
[04:46:44] [222/296] BATG
[04:46:45] [223/296] RATE
[04:46:46] [224/296] SKME
[04:46:47] [225/296] LMTP
[04:46:48] [226/296] TCBD
[04:46:49] [227/296] ESBD
[04:46:50] [228/296] GDCU
[04:46:51] [229/296] SNKT
[04:46:52] [230/296] SRNK
[04:46:52] [231/296] SMED
[04:46:53] [232/296] CSQS
[04:46:54] [233/296] ALCS
[04:46:55] [234/296] KCKN
[04:46:55] [235/296] VCCL
[04:46:56] [236/296] MCDA
[04:46:57] [237/296] SHMI
[04:46:58] [238/296] SKHA
[04:46:59] [239/296] SVFK
[04:47:00] [240/296] INVB
[04:47:01] [241/296] MELD
[04:47:02] [242/296] JTYS
[04:47:03] [243/296] INCM
[04:47:03] [244/296] MCDV
[04:47:04] [245/296] KSGK
[04:47:05] [246/296] ICMG
[04:47:06] [247/296] CSCV
[04:47:07] [248/296] STMD
[04:47:08] [249/296] STTR
[04:47:09] [250/296] INVC
[04:47:09] [251/296] JTBL
[04:47:10] [252/296] SRVV
[04:47:11] [253/296] MAVC
[04:47:12] [254/296] SRPP
[04:47:13] [255/296] JGDM
[04:47:14] [256/296] MBSJ
[04:47:15] [257/296] SSLL
[04:47:16] [258/296] SLKP
[04:47:17] [259/296] NSRV
[04:47:18] [260/296] UTDV
[04:47:19] [261/296] KICM
[04:47:20] [262/296] KCMD
[04:47:20] [263/296] TTPP
[04:47:21] [264/296] KMPV
[04:47:22] [265/296] SKTV
[04:47:23] [266/296] STCV
[04:47:24] [267/296] SRDA
[04:47:25] [268/296] JTSX
[04:47:25] [269/296] STBV
[04:47:26] [270/296] APVZ
[04:47:27] [271/296] GSTV
[04:47:28] [272/296] NMVS
[04:47:29] [273/296] SKRT
[04:47:30] [274/296] RMDV
[04:47:31] [275/296] RATG
[04:47:31] [276/296] SJYV
[04:47:32] [277/296] NDGP
[04:47:33] [278/296] SNDG
[04:47:34] [279/296] INSR
[04:47:35] [280/296] INSO
[04:47:36] [281/296] CCSI
[04:47:37] [282/296] RASM
[04:47:38] [283/296] NEWC
[04:47:40] [284/296] VSHL
[04:47:41] [285/296] BISW
[04:47:41] [286/296] GCNG
[04:47:42] [287/296] CWSC
[04:47:43] [288/296] SKAN
[04:47:44] [289/296] SEHP
[04:47:45] [290/296] CCOA
[04:47:46] [291/296] MCAJ
[04:47:46] [292/296] ACDE
[04:47:47] [293/296] AACM
[04:47:48] [294/296] JJCK
[04:47:49] [295/296] RCMO
[04:47:50] [296/296] GDAW
[04:47:51] 🧹 Deduping shows
[04:47:51] ✅ DONE | Shows=279 | Movies=13
[11:52:59] 🚀 SCRIPT STARTED
[11:52:59] [1/296] CDCA
[11:52:59] 🧠 New identity created
[11:52:59] [2/296] MNSR
[11:53:00] [3/296] CSSL
[11:53:01] [4/296] BGGM
[11:53:02] [5/296] MANT
[11:53:03] [6/296] SOOY
[11:53:04] [7/296] VPPK
[11:53:05] [8/296] MYHJ
[11:53:06] [9/296] KSCK
[11:53:08] [10/296] KATK
[11:53:09] [11/296] RTRT
[11:53:09] [12/296] SSTT
[11:53:10] [13/296] SSTV
[11:53:11] [14/296] LACM
[11:53:12] [15/296] SGMG
[11:53:13] [16/296] KACX
[11:53:14] [17/296] GVCP
[11:53:15] [18/296] CSNC
[11:53:16] [19/296] SXCB
[11:53:16] [20/296] BAHS
[11:53:17] [21/296] PCBI
[11:53:18] [22/296] PSSM
[11:53:19] [23/296] RCOK
[11:53:20] [24/296] SCPF
[11:53:21] [25/296] SSAS
[11:53:21] [26/296] EVMM
[11:53:22] [27/296] SYCB
[11:53:23] [28/296] GCKI
[11:53:24] [29/296] IAET
[11:53:25] [30/296] DDTD
[11:53:26] [31/296] GMDH
[11:53:27] [32/296] STLE
[11:53:27] [33/296] JTRA
[11:53:28] [34/296] RPPA
[11:53:29] [35/296] ARUT
[11:53:30] [36/296] JTVM
[11:53:31] [37/296] SWRH
[11:53:32] [38/296] DCPC
[11:53:33] [39/296] RAPR
[11:53:34] [40/296] GCRT
[11:53:35] [41/296] ATUN
[11:53:36] [42/296] LTRM
[11:53:37] [43/296] TASR
[11:53:38] [44/296] RLLC
[11:53:39] [45/296] MABI
[11:53:40] [46/296] SVHB
[11:53:42] [47/296] NVTB
[11:53:42] [48/296] KCKG
[11:53:43] [49/296] SSRN
[11:53:44] [50/296] VDDC
[11:53:45] [51/296] GKTK
[11:53:46] [52/296] YFSN
[11:53:47] [53/296] GCSG
[11:53:47] [54/296] ESSM
[11:53:48] [55/296] KRIH
[11:53:49] [56/296] GCDS
[11:53:50] [57/296] CCSH
[11:53:51] [58/296] ACSK
[11:53:52] [59/296] APRK
[11:53:53] [60/296] ADKM
[11:53:53] [61/296] SRDM
[11:53:54] [62/296] RMOG
[11:53:55] [63/296] SJMY
[11:53:56] [64/296] PGGC
[11:53:57] [65/296] INGM
[11:53:57] [66/296] LSCB
[11:53:58] [67/296] STAD
[11:53:59] [68/296] MCCR
[11:54:00] [69/296] ABCC
[11:54:01] [70/296] RKCC
[11:54:02] [71/296] RTCR
[11:54:04] [72/296] GGBC
[11:54:04] [73/296] GCSD
[11:54:05] [74/296] LPTY
[11:54:06] [75/296] MCFD
[11:54:07] [76/296] HENN
[11:54:09] [77/296] SMKU
[11:54:11] [78/296] TNZC
[11:54:11] [79/296] DRCD
[11:54:12] [80/296] DLCD
[11:54:13] [81/296] RCDA
[11:54:14] [82/296] COSM
[11:54:15] [83/296] MCMJ
[11:54:16] [84/296] CSTR
[11:54:17] [85/296] CVDK
[11:54:18] [86/296] INRR
[11:54:19] [87/296] RJRT
[11:54:20] [88/296] IRMR
[11:54:20] [89/296] SRCF
[11:54:21] [90/296] GRCR
[11:54:22] [91/296] SURC
[11:54:23] [92/296] NMNH
[11:54:24] [93/296] SVBL
[11:54:25] [94/296] KACI
[11:54:26] [95/296] TDGO
[11:54:27] [96/296] KTBR
[11:54:27] [97/296] PMAD
[11:54:28] [98/296] CCPN
[11:54:29] [99/296] SBTK
[11:54:30] [100/296] LMDK
[11:54:31] [101/296] PGDA
[11:54:32] [102/296] SRML
[11:54:33] [103/296] EVCK
[11:54:34] [104/296] RTTK
[11:54:34] [105/296] SRTU
[11:54:35] [106/296] VRSA
[11:54:36] [107/296] VARS
[11:54:37] [108/296] DSCZ
[11:54:38] [109/296] GAGA
[11:54:39] [110/296] SARV
[11:54:40] [111/296] SEEG
[11:54:41] [112/296] GLCA
[11:54:42] [113/296] APAS
[11:54:43] [114/296] VCIA
[11:54:44] [115/296] SJTA
[11:54:46] [116/296] SABM
[11:54:46] [117/296] PPAG
[11:54:47] [118/296] RVCA
[11:54:48] [119/296] CCIA
[11:54:49] [120/296] HTAG
[11:54:50] [121/296] SMBI
[11:54:51] [122/296] MCJR
[11:54:53] [123/296] CCJR
[11:54:54] [124/296] SINF
[11:54:54] [125/296] CPLX
[11:54:55] [126/296] KKTJ
[11:54:56] [127/296] GDBW
[11:54:57] [128/296] CSUB
[11:54:58] [129/296] DABA
[11:54:59] [130/296] TITR
[11:55:00] [131/296] NYCR
[11:55:01] [132/296] RTRY
[11:55:01] [133/296] JTJL
[11:55:02] [134/296] SJCP
[11:55:03] [135/296] KCCA
[11:55:04] [136/296] MLPG
[11:55:05] [137/296] VRCK
[11:55:05] [138/296] SRIN
[11:55:06] [139/296] CXMK
[11:55:08] [140/296] SKAD
[11:55:09] [141/296] AVTR
[11:55:10] [142/296] PTAJ
[11:55:10] [143/296] SCNK
[11:55:11] [144/296] STTI
[11:55:12] [145/296] KACR
[11:55:13] [146/296] SSDX
[11:55:14] [147/296] VRTJ
[11:55:14] [148/296] RAJD
[11:55:15] [149/296] SCIP
[11:55:16] [150/296] RJSL
[11:55:17] [151/296] ARRS
[11:55:18] [152/296] ASMS
[11:55:19] [153/296] RDTS
[11:55:19] [154/296] DVMY
[11:55:20] [155/296] RASA
[11:55:21] [156/296] INOM
[11:55:22] [157/296] SPRS
[11:55:23] [158/296] SGCS
[11:55:24] [159/296] SALM
[11:55:25] [160/296] PKHC
[11:55:25] [161/296] RCSV
[11:55:26] [162/296] CPKC
[11:55:27] [163/296] AACD
[11:55:28] [164/296] GGCV
[11:55:29] [165/296] SMKD
[11:55:30] [166/296] NBCH
[11:55:31] [167/296] AMCB
[11:55:33] [168/296] OPCN
[11:55:34] [169/296] DCIN
[11:55:35] [170/296] INGW
[11:55:36] [171/296] PKKW
[11:55:36] [172/296] FNGW
[11:55:37] [173/296] GCGD
[11:55:38] [174/296] MSTW
[11:55:39] [175/296] KCCG
[11:55:40] [176/296] MRSS
[11:55:41] [177/296] CLCF
[11:55:42] [178/296] EETS
[11:55:43] [179/296] AATR
[11:55:43] [180/296] CMMN
[11:55:44] [181/296] SCCJ
[11:55:45] [182/296] CDTK
[11:55:46] [183/296] AICP
[11:55:47] [184/296] FNBP
[11:55:47] [185/296] CBPB
[11:55:49] [186/296] CPAS
[11:55:50] [187/296] MAPM
[11:55:50] [188/296] PASD
[11:55:51] [189/296] JCMN
[11:55:52] [190/296] MALB
[11:55:52] [191/296] SACG
[11:55:53] [192/296] DDRX
[11:55:54] [193/296] DDXB
[11:55:55] [194/296] RAMC
[11:55:56] [195/296] SANC
[11:55:57] [196/296] BCBP
[11:55:58] [197/296] ALPC
[11:55:58] [198/296] RBAC
[11:55:59] [199/296] RAJL
[11:56:00] [200/296] MPDX
[11:56:01] [201/296] MUSC
[11:56:02] [202/296] VKMK
[11:56:03] [203/296] SKCG
[11:56:04] [204/296] ANCN
[11:56:05] [205/296] MMCJ
[11:56:06] [206/296] DCAK
[11:56:06] [207/296] SCKG
[11:56:08] [208/296] LMCK
[11:56:09] [209/296] CKKX
[11:56:10] [210/296] ANKU
[11:56:11] [211/296] CSMD
[11:56:11] [212/296] MKMP
[11:56:12] [213/296] SVBG
[11:56:13] [214/296] ROOP
[11:56:14] [215/296] GDMT
[11:56:15] [216/296] FPPF
[11:56:16] [217/296] SFUU
[11:56:17] [218/296] ANCB
[11:56:17] [219/296] SMMC
[11:56:19] [220/296] UGKT
[11:56:20] [221/296] JVRM
[11:56:20] [222/296] BATG
[11:56:21] [223/296] RATE
[11:56:23] [224/296] SKME
[11:56:24] [225/296] LMTP
[11:56:24] [226/296] TCBD
[11:56:25] [227/296] ESBD
[11:56:26] [228/296] GDCU
[11:56:28] [229/296] SNKT
[11:56:30] [230/296] SRNK
[11:56:31] [231/296] SMED
[11:56:31] [232/296] CSQS
[11:56:32] [233/296] ALCS
[11:56:33] [234/296] KCKN
[11:56:34] [235/296] VCCL
[11:56:35] [236/296] MCDA
[11:56:36] [237/296] SHMI
[11:56:37] [238/296] SKHA
[11:56:37] [239/296] SVFK
[11:56:38] [240/296] INVB
[11:56:39] [241/296] MELD
[11:56:40] [242/296] JTYS
[11:56:41] [243/296] INCM
[11:56:42] [244/296] MCDV
[11:56:43] [245/296] KSGK
[11:56:43] [246/296] ICMG
[11:56:44] [247/296] CSCV
[11:56:45] [248/296] STMD
[11:56:46] [249/296] STTR
[11:56:47] [250/296] INVC
[11:56:48] [251/296] JTBL
[11:56:48] [252/296] SRVV
[11:56:49] [253/296] MAVC
[11:56:50] [254/296] SRPP
[11:56:52] [255/296] JGDM
[11:56:53] [256/296] MBSJ
[11:56:54] [257/296] SSLL
[11:56:54] [258/296] SLKP
[11:56:55] [259/296] NSRV
[11:56:56] [260/296] UTDV
[11:56:57] [261/296] KICM
[11:56:58] [262/296] KCMD
[11:56:59] [263/296] TTPP
[11:57:00] [264/296] KMPV
[11:57:01] [265/296] SKTV
[11:57:02] [266/296] STCV
[11:57:03] [267/296] SRDA
[11:57:04] [268/296] JTSX
[11:57:05] [269/296] STBV
[11:57:05] [270/296] APVZ
[11:57:06] [271/296] GSTV
[11:57:07] [272/296] NMVS
[11:57:08] [273/296] SKRT
[11:57:09] [274/296] RMDV
[11:57:10] [275/296] RATG
[11:57:11] [276/296] SJYV
[11:57:13] [277/296] NDGP
[11:57:13] [278/296] SNDG
[11:57:14] [279/296] INSR
[11:57:15] [280/296] INSO
[11:57:16] [281/296] CCSI
[11:57:18] [282/296] RASM
[11:57:18] [283/296] NEWC
[11:57:19] [284/296] VSHL
[11:57:20] [285/296] BISW
[11:57:21] [286/296] GCNG
[11:57:22] [287/296] CWSC
[11:57:22] [288/296] SKAN
[11:57:23] [289/296] SEHP
[11:57:24] [290/296] CCOA
[11:57:25] [291/296] MCAJ
[11:57:26] [292/296] ACDE
[11:57:27] [293/296] AACM
[11:57:27] [294/296] JJCK
[11:57:28] [295/296] RCMO
[11:57:29] [296/296] GDAW
[11:57:30] 🧹 Deduping shows
[11:57:30] ✅ DONE | Shows=300 | Movies=13
[19:06:36] 🚀 SCRIPT STARTED
[19:06:36] [1/296] CDCA
[19:06:36] 🧠 New identity created
[19:06:37] [2/296] MNSR
[19:06:38] [3/296] CSSL
[19:06:39] [4/296] BGGM
[19:06:40] [5/296] MANT
[19:06:41] [6/296] SOOY
[19:06:42] [7/296] VPPK
[19:06:42] [8/296] MYHJ
[19:06:44] [9/296] KSCK
[19:06:45] [10/296] KATK
[19:06:46] [11/296] RTRT
[19:06:47] [12/296] SSTT
[19:06:48] [13/296] SSTV
[19:06:49] [14/296] LACM
[19:06:49] [15/296] SGMG
[19:06:50] [16/296] KACX
[19:06:51] [17/296] GVCP
[19:06:52] [18/296] CSNC
[19:06:53] [19/296] SXCB
[19:06:54] [20/296] BAHS
[19:06:55] [21/296] PCBI
[19:06:56] [22/296] PSSM
[19:06:58] [23/296] RCOK
[19:06:59] [24/296] SCPF
[19:07:00] [25/296] SSAS
[19:07:01] [26/296] EVMM
[19:07:02] [27/296] SYCB
[19:07:03] [28/296] GCKI
[19:07:04] [29/296] IAET
[19:07:05] [30/296] DDTD
[19:07:06] [31/296] GMDH
[19:07:07] [32/296] STLE
[19:07:08] [33/296] JTRA
[19:07:09] [34/296] RPPA
[19:07:09] [35/296] ARUT
[19:07:10] [36/296] JTVM
[19:07:11] [37/296] SWRH
[19:07:12] [38/296] DCPC
[19:07:14] [39/296] RAPR
[19:07:15] [40/296] GCRT
[19:07:16] [41/296] ATUN
[19:07:17] [42/296] LTRM
[19:07:18] [43/296] TASR
[19:07:19] [44/296] RLLC
[19:07:20] [45/296] MABI
[19:07:21] [46/296] SVHB
[19:07:22] [47/296] NVTB
[19:07:23] [48/296] KCKG
[19:07:24] [49/296] SSRN
[19:07:24] [50/296] VDDC
[19:07:25] [51/296] GKTK
[19:07:26] [52/296] YFSN
[19:07:27] [53/296] GCSG
[19:07:27] [54/296] ESSM
[19:07:28] [55/296] KRIH
[19:07:29] [56/296] GCDS
[19:07:30] [57/296] CCSH
[19:07:31] [58/296] ACSK
[19:07:32] [59/296] APRK
[19:07:33] [60/296] ADKM
[19:07:34] [61/296] SRDM
[19:07:36] [62/296] RMOG
[19:07:37] [63/296] SJMY
[19:07:38] [64/296] PGGC
[19:07:38] [65/296] INGM
[19:07:39] [66/296] LSCB
[19:07:40] [67/296] STAD
[19:07:41] [68/296] MCCR
[19:07:42] [69/296] ABCC
[19:07:42] [70/296] RKCC
[19:07:43] [71/296] RTCR
[19:07:44] [72/296] GGBC
[19:07:46] [73/296] GCSD
[19:07:47] [74/296] LPTY
[19:07:47] [75/296] MCFD
[19:07:48] [76/296] HENN
[19:07:49] [77/296] SMKU
[19:07:50] [78/296] TNZC
[19:07:51] [79/296] DRCD
[19:07:52] [80/296] DLCD
[19:07:53] [81/296] RCDA
[19:07:54] [82/296] COSM
[19:07:54] [83/296] MCMJ
[19:07:55] [84/296] CSTR
[19:07:56] [85/296] CVDK
[19:07:57] [86/296] INRR
[19:07:58] [87/296] RJRT
[19:07:59] [88/296] IRMR
[19:08:00] [89/296] SRCF
[19:08:01] [90/296] GRCR
[19:08:01] [91/296] SURC
[19:08:02] [92/296] NMNH
[19:08:03] [93/296] SVBL
[19:08:04] [94/296] KACI
[19:08:05] [95/296] TDGO
[19:08:05] [96/296] KTBR
[19:08:06] [97/296] PMAD
[19:08:08] [98/296] CCPN
[19:08:09] [99/296] SBTK
[19:08:10] [100/296] LMDK
[19:08:11] [101/296] PGDA
[19:08:12] [102/296] SRML
[19:08:13] [103/296] EVCK
[19:08:14] [104/296] RTTK
[19:08:15] [105/296] SRTU
[19:08:16] [106/296] VRSA
[19:08:17] [107/296] VARS
[19:08:18] [108/296] DSCZ
[19:08:19] [109/296] GAGA
[19:08:20] [110/296] SARV
[19:08:21] [111/296] SEEG
[19:08:22] [112/296] GLCA
[19:08:23] [113/296] APAS
[19:08:23] [114/296] VCIA
[19:08:24] [115/296] SJTA
[19:08:25] [116/296] SABM
[19:08:26] [117/296] PPAG
[19:08:27] [118/296] RVCA
[19:08:29] [119/296] CCIA
[19:08:30] [120/296] HTAG
[19:08:32] [121/296] SMBI
[19:08:33] [122/296] MCJR
[19:08:34] [123/296] CCJR
[19:08:35] [124/296] SINF
[19:08:36] [125/296] CPLX
[19:08:37] [126/296] KKTJ
[19:08:38] [127/296] GDBW
[19:08:39] [128/296] CSUB
[19:08:40] [129/296] DABA
[19:08:41] [130/296] TITR
[19:08:42] [131/296] NYCR
[19:08:43] [132/296] RTRY
[19:08:44] [133/296] JTJL
[19:08:45] [134/296] SJCP
[19:08:46] [135/296] KCCA
[19:08:46] [136/296] MLPG
[19:08:47] [137/296] VRCK
[19:08:48] [138/296] SRIN
[19:08:49] [139/296] CXMK
[19:08:50] [140/296] SKAD
[19:08:51] [141/296] AVTR
[19:08:52] [142/296] PTAJ
[19:08:53] [143/296] SCNK
[19:08:54] [144/296] STTI
[19:08:54] [145/296] KACR
[19:08:55] [146/296] SSDX
[19:08:57] [147/296] VRTJ
[19:08:57] [148/296] RAJD
[19:08:58] [149/296] SCIP
[19:08:59] [150/296] RJSL
[19:09:00] [151/296] ARRS
[19:09:01] [152/296] ASMS
[19:09:01] [153/296] RDTS
[19:09:02] [154/296] DVMY
[19:09:04] [155/296] RASA
[19:09:05] [156/296] INOM
[19:09:06] [157/296] SPRS
[19:09:06] [158/296] SGCS
[19:09:08] [159/296] SALM
[19:09:09] [160/296] PKHC
[19:09:10] [161/296] RCSV
[19:09:11] [162/296] CPKC
[19:09:12] [163/296] AACD
[19:09:13] [164/296] GGCV
[19:09:14] [165/296] SMKD
[19:09:14] [166/296] NBCH
[19:09:15] [167/296] AMCB
[19:09:16] [168/296] OPCN
[19:09:17] [169/296] DCIN
[19:09:18] [170/296] INGW
[19:09:19] [171/296] PKKW
[19:09:20] [172/296] FNGW
[19:09:21] [173/296] GCGD
[19:09:22] [174/296] MSTW
[19:09:24] [175/296] KCCG
[19:09:26] [176/296] MRSS
[19:09:26] [177/296] CLCF
[19:09:27] [178/296] EETS
[19:09:28] [179/296] AATR
[19:09:29] [180/296] CMMN
[19:09:29] [181/296] SCCJ
[19:09:30] [182/296] CDTK
[19:09:31] [183/296] AICP
[19:09:32] [184/296] FNBP
[19:09:32] [185/296] CBPB
[19:09:33] [186/296] CPAS
[19:09:34] [187/296] MAPM
[19:09:35] [188/296] PASD
[19:09:36] [189/296] JCMN
[19:09:37] [190/296] MALB
[19:09:38] [191/296] SACG
[19:09:40] [192/296] DDRX
[19:09:41] [193/296] DDXB
[19:09:42] [194/296] RAMC
[19:09:43] [195/296] SANC
[19:09:44] [196/296] BCBP
[19:09:46] [197/296] ALPC
[19:09:46] [198/296] RBAC
[19:09:47] [199/296] RAJL
[19:09:48] [200/296] MPDX
[19:09:49] [201/296] MUSC
[19:09:50] [202/296] VKMK
[19:09:50] [203/296] SKCG
[19:09:51] [204/296] ANCN
[19:09:52] [205/296] MMCJ
[19:09:53] [206/296] DCAK
[19:09:53] [207/296] SCKG
[19:09:54] [208/296] LMCK
[19:09:55] [209/296] CKKX
[19:09:56] [210/296] ANKU
[19:09:57] [211/296] CSMD
[19:09:58] [212/296] MKMP
[19:09:58] [213/296] SVBG
[19:09:59] [214/296] ROOP
[19:10:00] [215/296] GDMT
[19:10:01] [216/296] FPPF
[19:10:02] [217/296] SFUU
[19:10:03] [218/296] ANCB
[19:10:04] [219/296] SMMC
[19:10:04] [220/296] UGKT
[19:10:05] [221/296] JVRM
[19:10:06] [222/296] BATG
[19:10:07] [223/296] RATE
[19:10:08] [224/296] SKME
[19:10:09] [225/296] LMTP
[19:10:09] [226/296] TCBD
[19:10:11] [227/296] ESBD
[19:10:12] [228/296] GDCU
[19:10:13] [229/296] SNKT
[19:10:14] [230/296] SRNK
[19:10:14] [231/296] SMED
[19:10:15] [232/296] CSQS
[19:10:16] [233/296] ALCS
[19:10:17] [234/296] KCKN
[19:10:18] [235/296] VCCL
[19:10:19] [236/296] MCDA
[19:10:20] [237/296] SHMI
[19:10:21] [238/296] SKHA
[19:10:22] [239/296] SVFK
[19:10:23] [240/296] INVB
[19:10:24] [241/296] MELD
[19:10:25] [242/296] JTYS
[19:10:25] [243/296] INCM
[19:10:27] [244/296] MCDV
[19:10:27] [245/296] KSGK
[19:10:28] [246/296] ICMG
[19:10:29] [247/296] CSCV
[19:10:30] [248/296] STMD
[19:10:32] [249/296] STTR
[19:10:33] [250/296] INVC
[19:10:34] [251/296] JTBL
[19:10:35] [252/296] SRVV
[19:10:35] [253/296] MAVC
[19:10:36] [254/296] SRPP
[19:10:37] [255/296] JGDM
[19:10:38] [256/296] MBSJ
[19:10:39] [257/296] SSLL
[19:10:40] [258/296] SLKP
[19:10:41] [259/296] NSRV
[19:10:42] [260/296] UTDV
[19:10:43] [261/296] KICM
[19:10:43] [262/296] KCMD
[19:10:44] [263/296] TTPP
[19:10:45] [264/296] KMPV
[19:10:46] [265/296] SKTV
[19:10:46] [266/296] STCV
[19:10:47] [267/296] SRDA
[19:10:48] [268/296] JTSX
[19:10:49] [269/296] STBV
[19:10:50] [270/296] APVZ
[19:10:51] [271/296] GSTV
[19:10:53] [272/296] NMVS
[19:10:54] [273/296] SKRT
[19:10:55] [274/296] RMDV
[19:10:55] [275/296] RATG
[19:10:56] [276/296] SJYV
[19:10:58] [277/296] NDGP
[19:10:59] [278/296] SNDG
[19:10:59] [279/296] INSR
[19:11:00] [280/296] INSO
[19:11:01] [281/296] CCSI
[19:11:02] [282/296] RASM
[19:11:03] [283/296] NEWC
[19:11:04] [284/296] VSHL
[19:11:04] [285/296] BISW
[19:11:05] [286/296] GCNG
[19:11:06] [287/296] CWSC
[19:11:07] [288/296] SKAN
[19:11:08] [289/296] SEHP
[19:11:09] [290/296] CCOA
[19:11:10] [291/296] MCAJ
[19:11:10] [292/296] ACDE
[19:11:11] [293/296] AACM
[19:11:12] [294/296] JJCK
[19:11:13] [295/296] RCMO
[19:11:14] [296/296] GDAW
[19:11:15] 🧹 Deduping shows
[19:11:15] ✅ DONE | Shows=335 | Movies=14
