[10:18:56] 🚀 SCRIPT STARTED
[10:18:56] [1/445] TGMR
[10:18:56] 🧠 New identity created
[10:18:58] [2/445] CXKR
[10:18:59] [3/445] SROP
[10:19:00] [4/445] GTSV
[10:19:00] [5/445] SNTY
[10:19:01] [6/445] SMYY
[10:19:02] [7/445] CNCS
[10:19:03] [8/445] CSTM
[10:19:05] [9/445] NUCD
[10:19:06] [10/445] SHCZ
[10:19:07] [11/445] NJCT
[10:19:07] [12/445] COPC
[10:19:08] [13/445] STVV
[10:19:09] [14/445] SKRN
[10:19:10] [15/445] APPZ
[10:19:11] [16/445] YMGN
[10:19:12] [17/445] SVTU
[10:19:13] [18/445] GTAD
[10:19:13] [19/445] PSUS
[10:19:14] [20/445] SMCD
[10:19:15] [21/445] CMCM
[10:19:16] [22/445] SYCT
[10:19:17] [23/445] STLY
[10:19:18] [24/445] CMHU
[10:19:19] [25/445] CMSA
[10:19:20] [26/445] CLCU
[10:19:21] [27/445] PPNT
[10:19:22] [28/445] JTAB
[10:19:23] [29/445] BUUC
[10:19:24] [30/445] BSVK
[10:19:25] [31/445] VVVQ
[10:19:25] [32/445] TKMU
[10:19:26] [33/445] ESYL
[10:19:27] [34/445] ACHP
[10:19:29] [35/445] BTKD
[10:19:29] [36/445] DESA
[10:19:30] [37/445] GBCT
[10:19:31] [38/445] BLLD
[10:19:33] [39/445] SKNT
[10:19:33] [40/445] SSTE
[10:19:34] [41/445] VJMR
[10:19:36] [42/445] NTPU
[10:19:37] [43/445] RDKN
[10:19:38] [44/445] ADGC
[10:19:39] [45/445] VRBP
[10:19:40] [46/445] NMNA
[10:19:41] [47/445] CMMX
[10:19:42] [48/445] PTKO
[10:19:43] [49/445] RBML
[10:19:44] [50/445] SAIC
[10:19:44] [51/445] SVTJ
[10:19:45] [52/445] MRTE
[10:19:46] [53/445] RBTP
[10:19:48] [54/445] NLPS
[10:19:49] [55/445] GTNA
[10:19:51] [56/445] DGGC
[10:19:52] [57/445] SMCR
[10:19:53] [58/445] SCGD
[10:19:54] [59/445] SRRJ
[10:19:54] [60/445] CNRY
[10:19:55] [61/445] KTDI
[10:19:56] [62/445] SNJL
[10:19:57] [63/445] RKMD
[10:19:57] [64/445] SMDC
[10:19:58] [65/445] TADG
[10:19:59] [66/445] MCGS
[10:20:00] [67/445] PETK
[10:20:01] [68/445] CHAG
[10:20:02] [69/445] KSTL
[10:20:02] [70/445] AADS
[10:20:03] [71/445] NTHZ
[10:20:04] [72/445] HCKI
[10:20:05] [73/445] SSEF
[10:20:06] [74/445] MCGX
[10:20:07] [75/445] ERRA
[10:20:08] [76/445] SDTW
[10:20:09] [77/445] RMPK
[10:20:10] [78/445] PTHK
[10:20:11] [79/445] PXCS
[10:20:12] [80/445] SVLU
[10:20:13] [81/445] STAH
[10:20:15] [82/445] JRGF
[10:20:16] [83/445] CDOK
[10:20:17] [84/445] CMSG
[10:20:18] [85/445] APTD
[10:20:19] [86/445] KMPG
[10:20:20] [87/445] MUTJ
[10:20:21] [88/445] VCCI
[10:20:22] [89/445] URBE
[10:20:23] [90/445] TCTS
[10:20:24] [91/445] STSN
[10:20:24] [92/445] AKCH
[10:20:25] [93/445] APSC
[10:20:27] [94/445] VLTB
[10:20:28] [95/445] SANU
[10:20:29] [96/445] AXAM
[10:20:30] [97/445] MGMG
[10:20:30] [98/445] HTBY
[10:20:31] [99/445] MMZS
[10:20:32] [100/445] SUDR
[10:20:33] [101/445] CCAD
[10:20:34] [102/445] SKKC
[10:20:34] [103/445] RMCD
[10:20:35] [104/445] SBCQ
[10:20:36] [105/445] DCCT
[10:20:37] [106/445] VTKP
[10:20:38] [107/445] MLAM
[10:20:39] [108/445] SAVT
[10:20:39] [109/445] GEPL
[10:20:40] [110/445] AMCD
[10:20:41] [111/445] CCXR
[10:20:42] [112/445] GRNG
[10:20:43] [113/445] EBCA
[10:20:43] [114/445] CNVG
[10:20:44] [115/445] MWSS
[10:20:45] [116/445] VBOR
[10:20:46] [117/445] NEEB
[10:20:47] [118/445] SUTH
[10:20:48] [119/445] ANDB
[10:20:49] [120/445] MMXS
[10:20:50] [121/445] CNPD
[10:20:51] [122/445] SDCE
[10:20:51] [123/445] DHCB
[10:20:52] [124/445] ODEN
[10:20:53] [125/445] TNTC
[10:20:54] [126/445] VBKM
[10:20:55] [127/445] RZYM
[10:20:56] [128/445] JEMC
[10:20:57] [129/445] CMAU
[10:20:58] [130/445] SIVP
[10:20:59] [131/445] ATAG
[10:21:00] [132/445] CHTM
[10:21:00] [133/445] AAEE
[10:21:01] [134/445] IWPM
[10:21:02] [135/445] KCMW
[10:21:03] [136/445] MCTD
[10:21:04] [137/445] SPWR
[10:21:05] [138/445] SDPO
[10:21:06] [139/445] PCSK
[10:21:07] [140/445] ACHV
[10:21:07] [141/445] SVLA
[10:21:08] [142/445] PICT
[10:21:09] [143/445] BXDR
[10:21:10] [144/445] SPWA
[10:21:11] [145/445] MCKO
[10:21:13] [146/445] RTHK
[10:21:14] [147/445] CCMF
[10:21:15] [148/445] MRGB
[10:21:15] [149/445] CPLC
[10:21:16] [150/445] RACD
[10:21:17] [151/445] ATKT
[10:21:18] [152/445] SARN
[10:21:18] [153/445] KKUI
[10:21:19] [154/445] RGCM
[10:21:20] [155/445] BRVP
[10:21:21] [156/445] HRSR
[10:21:22] [157/445] GKGM
[10:21:23] [158/445] TTCD
[10:21:23] [159/445] PTTI
[10:21:24] [160/445] MPTT
[10:21:25] [161/445] CVTT
[10:21:26] [162/445] PCXD
[10:21:27] [163/445] GCDC
[10:21:27] [164/445] CCCF
[10:21:28] [165/445] MRAD
[10:21:29] [166/445] CPLK
[10:21:30] [167/445] SATB
[10:21:31] [168/445] SNVG
[10:21:32] [169/445] JMBA
[10:21:33] [170/445] TEJA
[10:21:34] [171/445] STYO
[10:21:35] [172/445] JTBP
[10:21:36] [173/445] KRGD
[10:21:36] [174/445] SLJJ
[10:21:37] [175/445] SPTJ
[10:21:38] [176/445] SWJG
[10:21:39] [177/445] LKRT
[10:21:41] [178/445] KCKA
[10:21:42] [179/445] SNCR
[10:21:43] [180/445] SMKL
[10:21:45] [181/445] GCFA
[10:21:46] [182/445] DDCK
[10:21:47] [183/445] NCHJ
[10:21:48] [184/445] RDMA
[10:21:49] [185/445] SVSV
[10:21:50] [186/445] SCJG
[10:21:50] [187/445] VKLP
[10:21:51] [188/445] NWCC
[10:21:52] [189/445] VKNS
[10:21:53] [190/445] SDDP
[10:21:54] [191/445] ACSI
[10:21:55] [192/445] SATG
[10:21:56] [193/445] SCMW
[10:21:57] [194/445] LKTK
[10:21:58] [195/445] VCKV
[10:21:59] [196/445] KKPE
[10:21:59] [197/445] KIGH
[10:22:00] [198/445] SRPM
[10:22:01] [199/445] SCAH
[10:22:02] [200/445] MUTA
[10:22:03] [201/445] SEPU
[10:22:04] [202/445] INOA
[10:22:05] [203/445] BASK
[10:22:06] [204/445] NECB
[10:22:07] [205/445] GTTG
[10:22:07] [206/445] ASSA
[10:22:08] [207/445] ANCL
[10:22:09] [208/445] GCTI
[10:22:10] [209/445] RCTS
[10:22:11] [210/445] ACNL
[10:22:12] [211/445] MYCT
[10:22:13] [212/445] NMHT
[10:22:14] [213/445] MDIT
[10:22:15] [214/445] LATG
[10:22:16] [215/445] SMTY
[10:22:17] [216/445] CVCT
[10:22:18] [217/445] RAMB
[10:22:20] [218/445] TGMS
[10:22:20] [219/445] BHEL
[10:22:21] [220/445] SHCT
[10:22:22] [221/445] SVCT
[10:22:23] [222/445] MRIY
[10:22:24] [223/445] SARO
[10:22:25] [224/445] STCT
[10:22:26] [225/445] JKKC
[10:22:26] [226/445] PLTT
[10:22:27] [227/445] SRNT
[10:22:28] [228/445] YAST
[10:22:29] [229/445] PERL
[10:22:30] [230/445] CICM
[10:22:31] [231/445] MMTR
[10:22:32] [232/445] ABTK
[10:22:32] [233/445] ATYY
[10:22:33] [234/445] ASTK
[10:22:34] [235/445] VVCK
[10:22:35] [236/445] ATKY
[10:22:36] [237/445] GWEK
[10:22:37] [238/445] SVFH
[10:22:37] [239/445] SLTA
[10:22:39] [240/445] AASH
[10:22:40] [241/445] ACXB
[10:22:41] [242/445] SMTX
[10:22:42] [243/445] AZDH
[10:22:43] [244/445] CMMH
[10:22:43] [245/445] SCSZ
[10:22:44] [246/445] SCKP
[10:22:45] [247/445] NXTM
[10:22:47] [248/445] NWCS
[10:22:48] [249/445] CXMH
[10:22:48] [250/445] PCMA
[10:22:49] [251/445] SGCM
[10:22:50] [252/445] SDTU
[10:22:51] [253/445] MMVI
[10:22:52] [254/445] JKCM
[10:22:53] [255/445] VCMM
[10:22:54] [256/445] SYEE
[10:22:55] [257/445] VASD
[10:22:56] [258/445] BDRB
[10:22:57] [259/445] LASM
[10:22:57] [260/445] DCRL
[10:22:58] [261/445] DVPM
[10:22:59] [262/445] SBMJ
[10:23:00] [263/445] CBMU
[10:23:02] [264/445] IUBS
[10:23:02] [265/445] INAP
[10:23:03] [266/445] SRRC
[10:23:04] [267/445] SAGR
[10:23:05] [268/445] CPMJ
[10:23:06] [269/445] ATJL
[10:23:07] [270/445] NNTD
[10:23:08] [271/445] JHCJ
[10:23:09] [272/445] CMMP
[10:23:09] [273/445] RSDR
[10:23:10] [274/445] AMTI
[10:23:11] [275/445] NYSG
[10:23:12] [276/445] AVSG
[10:23:13] [277/445] SYTP
[10:23:14] [278/445] LARC
[10:23:15] [279/445] RJTP
[10:23:16] [280/445] LAKC
[10:23:18] [281/445] MCXE
[10:23:19] [282/445] CCZC
[10:23:20] [283/445] AVCH
[10:23:21] [284/445] CMBE
[10:23:21] [285/445] MRRC
[10:23:22] [286/445] PCPY
[10:23:23] [287/445] SRMH
[10:23:24] [288/445] SVGS
[10:23:24] [289/445] PCSE
[10:23:25] [290/445] SVFT
[10:23:26] [291/445] TNZP
[10:23:28] [292/445] ICTP
[10:23:29] [293/445] ACTZ
[10:23:31] [294/445] GTUR
[10:23:32] [295/445] MAFC
[10:23:33] [296/445] MINL
[10:23:34] [297/445] MRCL
[10:23:35] [298/445] RCRP
[10:23:36] [299/445] RFFG
[10:23:38] [300/445] RMAS
[10:23:39] [301/445] INVR
[10:23:40] [302/445] RMAR
[10:23:41] [303/445] CNIS
[10:23:42] [304/445] RHRJ
[10:23:42] [305/445] INXR
[10:23:44] [306/445] VALT
[10:23:45] [307/445] LCSH
[10:23:45] [308/445] CMVS
[10:23:46] [309/445] CNMS
[10:23:47] [310/445] ROOG
[10:23:47] [311/445] ISRM
[10:23:48] [312/445] RCRM
[10:23:49] [313/445] ACJA
[10:23:50] [314/445] RCVS
[10:23:51] [315/445] CPUS
[10:23:52] [316/445] TGCS
[10:23:52] [317/445] RKCJ
[10:23:53] [318/445] MKSB
[10:23:54] [319/445] TCSJ
[10:23:55] [320/445] RMGP
[10:23:56] [321/445] CLLP
[10:23:57] [322/445] RCMV
[10:23:57] [323/445] CCKS
[10:23:58] [324/445] RSRP
[10:23:59] [325/445] APLP
[10:24:00] [326/445] CNVS
[10:24:02] [327/445] RMVY
[10:24:03] [328/445] PGBD
[10:24:03] [329/445] KLMS
[10:24:04] [330/445] RUST
[10:24:06] [331/445] MASM
[10:24:07] [332/445] BACS
[10:24:08] [333/445] BWST
[10:24:09] [334/445] RRFH
[10:24:09] [335/445] SJTM
[10:24:10] [336/445] BEMR
[10:24:11] [337/445] MCGR
[10:24:12] [338/445] SDSK
[10:24:13] [339/445] VBOL
[10:24:14] [340/445] RMGM
[10:24:15] [341/445] NOPL
[10:24:15] [342/445] MKJK
[10:24:17] [343/445] CVRN
[10:24:18] [344/445] MMEN
[10:24:19] [345/445] AMNG
[10:24:20] [346/445] INTM
[10:24:20] [347/445] SLCZ
[10:24:21] [348/445] AMJN
[10:24:22] [349/445] ACJN
[10:24:23] [350/445] AMKN
[10:24:24] [351/445] BTCN
[10:24:24] [352/445] AMBT
[10:24:25] [353/445] PACN
[10:24:26] [354/445] LCNS
[10:24:27] [355/445] PPKC
[10:24:28] [356/445] JYYN
[10:24:29] [357/445] JTNR
[10:24:29] [358/445] GTEE
[10:24:30] [359/445] SRNM
[10:24:31] [360/445] SDTC
[10:24:32] [361/445] VPCA
[10:24:33] [362/445] VLRA
[10:24:34] [363/445] SHKR
[10:24:34] [364/445] SBKD
[10:24:35] [365/445] SAAD
[10:24:36] [366/445] JTGN
[10:24:37] [367/445] SLAM
[10:24:38] [368/445] VTPM
[10:24:38] [369/445] ANPT
[10:24:39] [370/445] PUNB
[10:24:40] [371/445] CPKT
[10:24:41] [372/445] CNWE
[10:24:42] [373/445] ECPP
[10:24:43] [374/445] CPAR
[10:24:44] [375/445] ESBW
[10:24:45] [376/445] PKPU
[10:24:46] [377/445] CPRP
[10:24:47] [378/445] RAHU
[10:24:48] [379/445] RHMN
[10:24:48] [380/445] FMJP
[10:24:49] [381/445] CTMP
[10:24:50] [382/445] INPN
[10:24:51] [383/445] STTG
[10:24:52] [384/445] CTRD
[10:24:53] [385/445] PUVB
[10:24:53] [386/445] ESVP
[10:24:54] [387/445] CPFT
[10:24:55] [388/445] LCPC
[10:24:56] [389/445] VBCT
[10:24:57] [390/445] FSCW
[10:24:57] [391/445] VCMP
[10:24:58] [392/445] ASHC
[10:24:59] [393/445] VLCX
[10:25:00] [394/445] SHEV
[10:25:01] [395/445] APCO
[10:25:02] [396/445] SILC
[10:25:03] [397/445] SNMR
[10:25:04] [398/445] KYBO
[10:25:05] [399/445] SATK
[10:25:06] [400/445] SSCS
[10:25:07] [401/445] CLSB
[10:25:08] [402/445] KMJR
[10:25:09] [403/445] FSCK
[10:25:10] [404/445] NNKA
[10:25:10] [405/445] CLMK
[10:25:11] [406/445] DMPZ
[10:25:12] [407/445] INQM
[10:25:13] [408/445] CAML
[10:25:14] [409/445] INRK
[10:25:15] [410/445] IMKN
[10:25:15] [411/445] SVNR
[10:25:16] [412/445] INSL
[10:25:17] [413/445] MSMA
[10:25:19] [414/445] MCKK
[10:25:20] [415/445] FCHP
[10:25:21] [416/445] SFCR
[10:25:21] [417/445] NACK
[10:25:22] [418/445] PVAK
[10:25:24] [419/445] INER
[10:25:25] [420/445] RDBK
[10:25:26] [421/445] SVFN
[10:25:27] [422/445] IFRM
[10:25:27] [423/445] ATCK
[10:25:28] [424/445] ASKO
[10:25:29] [425/445] STKT
[10:25:30] [426/445] SVFB
[10:25:32] [427/445] INKS
[10:25:32] [428/445] PCRA
[10:25:33] [429/445] ATJA
[10:25:34] [430/445] IMJN
[10:25:35] [431/445] INHD
[10:25:36] [432/445] BARA
[10:25:36] [433/445] MCSL
[10:25:37] [434/445] RTOY
[10:25:38] [435/445] MENO
[10:25:39] [436/445] PUDM
[10:25:40] [437/445] PRCN
[10:25:41] [438/445] JMJR
[10:25:42] [439/445] SSGK
[10:25:43] [440/445] SSRL
[10:25:44] [441/445] JYKL
[10:25:45] [442/445] ACNB
[10:25:46] [443/445] SONP
[10:25:48] [444/445] EMCI
[10:25:48] [445/445] MRJH
[10:25:49] 🧹 Deduping shows
[10:25:49] ✅ DONE | Shows=30 | Movies=4
[16:42:59] 🚀 SCRIPT STARTED
[16:42:59] [1/445] TGMR
[16:42:59] 🧠 New identity created
[16:43:00] [2/445] CXKR
[16:43:00] [3/445] SROP
[16:43:01] [4/445] GTSV
[16:43:02] [5/445] SNTY
[16:43:03] [6/445] SMYY
[16:43:05] [7/445] CNCS
[16:43:06] [8/445] CSTM
[16:43:06] [9/445] NUCD
[16:43:07] [10/445] SHCZ
[16:43:08] [11/445] NJCT
[16:43:09] [12/445] COPC
[16:43:10] [13/445] STVV
[16:43:11] [14/445] SKRN
[16:43:12] [15/445] APPZ
[16:43:13] [16/445] YMGN
[16:43:14] [17/445] SVTU
[16:43:15] [18/445] GTAD
[16:43:16] [19/445] PSUS
[16:43:17] [20/445] SMCD
[16:43:18] [21/445] CMCM
[16:43:18] [22/445] SYCT
[16:43:19] [23/445] STLY
[16:43:20] [24/445] CMHU
[16:43:21] [25/445] CMSA
[16:43:21] [26/445] CLCU
[16:43:22] [27/445] PPNT
[16:43:23] [28/445] JTAB
[16:43:24] [29/445] BUUC
[16:43:25] [30/445] BSVK
[16:43:26] [31/445] VVVQ
[16:43:27] [32/445] TKMU
[16:43:28] [33/445] ESYL
[16:43:29] [34/445] ACHP
[16:43:29] [35/445] BTKD
[16:43:30] [36/445] DESA
[16:43:31] [37/445] GBCT
[16:43:32] [38/445] BLLD
[16:43:33] [39/445] SKNT
[16:43:33] [40/445] SSTE
[16:43:34] [41/445] VJMR
[16:43:35] [42/445] NTPU
[16:43:36] [43/445] RDKN
[16:43:37] [44/445] ADGC
[16:43:38] [45/445] VRBP
[16:43:38] [46/445] NMNA
[16:43:39] [47/445] CMMX
[16:43:40] [48/445] PTKO
[16:43:41] [49/445] RBML
[16:43:41] [50/445] SAIC
[16:43:42] [51/445] SVTJ
[16:43:43] [52/445] MRTE
[16:43:44] [53/445] RBTP
[16:43:45] [54/445] NLPS
[16:43:46] [55/445] GTNA
[16:43:46] [56/445] DGGC
[16:43:47] [57/445] SMCR
[16:43:48] [58/445] SCGD
[16:43:49] [59/445] SRRJ
[16:43:50] [60/445] CNRY
[16:43:50] [61/445] KTDI
[16:43:51] [62/445] SNJL
[16:43:52] [63/445] RKMD
[16:43:53] [64/445] SMDC
[16:43:54] [65/445] TADG
[16:43:55] [66/445] MCGS
[16:43:56] [67/445] PETK
[16:43:56] [68/445] CHAG
[16:43:57] [69/445] KSTL
[16:43:58] [70/445] AADS
[16:43:59] [71/445] NTHZ
[16:43:59] [72/445] HCKI
[16:44:00] [73/445] SSEF
[16:44:01] [74/445] MCGX
[16:44:02] [75/445] ERRA
[16:44:03] [76/445] SDTW
[16:44:04] [77/445] RMPK
[16:44:05] [78/445] PTHK
[16:44:06] [79/445] PXCS
[16:44:07] [80/445] SVLU
[16:44:08] [81/445] STAH
[16:44:09] [82/445] JRGF
[16:44:10] [83/445] CDOK
[16:44:11] [84/445] CMSG
[16:44:11] [85/445] APTD
[16:44:12] [86/445] KMPG
[16:44:13] [87/445] MUTJ
[16:44:14] [88/445] VCCI
[16:44:14] [89/445] URBE
[16:44:15] [90/445] TCTS
[16:44:16] [91/445] STSN
[16:44:17] [92/445] AKCH
[16:44:18] [93/445] APSC
[16:44:19] [94/445] VLTB
[16:44:19] [95/445] SANU
[16:44:20] [96/445] AXAM
[16:44:21] [97/445] MGMG
[16:44:22] [98/445] HTBY
[16:44:22] [99/445] MMZS
[16:44:23] [100/445] SUDR
[16:44:24] [101/445] CCAD
[16:44:25] [102/445] SKKC
[16:44:25] [103/445] RMCD
[16:44:26] [104/445] SBCQ
[16:44:27] [105/445] DCCT
[16:44:28] [106/445] VTKP
[16:44:29] [107/445] MLAM
[16:44:30] [108/445] SAVT
[16:44:31] [109/445] GEPL
[16:44:32] [110/445] AMCD
[16:44:33] [111/445] CCXR
[16:44:33] [112/445] GRNG
[16:44:34] [113/445] EBCA
[16:44:35] [114/445] CNVG
[16:44:36] [115/445] MWSS
[16:44:37] [116/445] VBOR
[16:44:37] [117/445] NEEB
[16:44:38] [118/445] SUTH
[16:44:39] [119/445] ANDB
[16:44:40] [120/445] MMXS
[16:44:41] [121/445] CNPD
[16:44:42] [122/445] SDCE
[16:44:43] [123/445] DHCB
[16:44:44] [124/445] ODEN
[16:44:45] [125/445] TNTC
[16:44:46] [126/445] VBKM
[16:44:47] [127/445] RZYM
[16:44:47] [128/445] JEMC
[16:44:48] [129/445] CMAU
[16:44:49] [130/445] SIVP
[16:44:50] [131/445] ATAG
[16:44:51] [132/445] CHTM
[16:44:52] [133/445] AAEE
[16:44:52] [134/445] IWPM
[16:44:53] [135/445] KCMW
[16:44:54] [136/445] MCTD
[16:44:55] [137/445] SPWR
[16:44:56] [138/445] SDPO
[16:44:57] [139/445] PCSK
[16:44:57] [140/445] ACHV
[16:44:59] [141/445] SVLA
[16:45:00] [142/445] PICT
[16:45:00] [143/445] BXDR
[16:45:02] [144/445] SPWA
[16:45:02] [145/445] MCKO
[16:45:03] [146/445] RTHK
[16:45:05] [147/445] CCMF
[16:45:06] [148/445] MRGB
[16:45:07] [149/445] CPLC
[16:45:08] [150/445] RACD
[16:45:08] [151/445] ATKT
[16:45:09] [152/445] SARN
[16:45:10] [153/445] KKUI
[16:45:10] [154/445] RGCM
[16:45:11] [155/445] BRVP
[16:45:12] [156/445] HRSR
[16:45:12] [157/445] GKGM
[16:45:13] [158/445] TTCD
[16:45:14] [159/445] PTTI
[16:45:15] [160/445] MPTT
[16:45:16] [161/445] CVTT
[16:45:16] [162/445] PCXD
[16:45:17] [163/445] GCDC
[16:45:18] [164/445] CCCF
[16:45:19] [165/445] MRAD
[16:45:20] [166/445] CPLK
[16:45:21] [167/445] SATB
[16:45:21] [168/445] SNVG
[16:45:22] [169/445] JMBA
[16:45:23] [170/445] TEJA
[16:45:24] [171/445] STYO
[16:45:25] [172/445] JTBP
[16:45:26] [173/445] KRGD
[16:45:27] [174/445] SLJJ
[16:45:27] [175/445] SPTJ
[16:45:28] [176/445] SWJG
[16:45:29] [177/445] LKRT
[16:45:30] [178/445] KCKA
[16:45:31] [179/445] SNCR
[16:45:31] [180/445] SMKL
[16:45:32] [181/445] GCFA
[16:45:33] [182/445] DDCK
[16:45:34] [183/445] NCHJ
[16:45:35] [184/445] RDMA
[16:45:35] [185/445] SVSV
[16:45:36] [186/445] SCJG
[16:45:37] [187/445] VKLP
[16:45:38] [188/445] NWCC
[16:45:39] [189/445] VKNS
[16:45:39] [190/445] SDDP
[16:45:40] [191/445] ACSI
[16:45:41] [192/445] SATG
[16:45:42] [193/445] SCMW
[16:45:43] [194/445] LKTK
[16:45:43] [195/445] VCKV
[16:45:44] [196/445] KKPE
[16:45:45] [197/445] KIGH
[16:45:46] [198/445] SRPM
[16:45:47] [199/445] SCAH
[16:45:48] [200/445] MUTA
[16:45:48] [201/445] SEPU
[16:45:49] [202/445] INOA
[16:45:50] [203/445] BASK
[16:45:51] [204/445] NECB
[16:45:51] [205/445] GTTG
[16:45:52] [206/445] ASSA
[16:45:53] [207/445] ANCL
[16:45:54] [208/445] GCTI
[16:45:54] [209/445] RCTS
[16:45:55] [210/445] ACNL
[16:45:56] [211/445] MYCT
[16:45:57] [212/445] NMHT
[16:45:58] [213/445] MDIT
[16:45:58] [214/445] LATG
[16:45:59] [215/445] SMTY
[16:46:00] [216/445] CVCT
[16:46:01] [217/445] RAMB
[16:46:02] [218/445] TGMS
[16:46:02] [219/445] BHEL
[16:46:03] [220/445] SHCT
[16:46:04] [221/445] SVCT
[16:46:04] [222/445] MRIY
[16:46:05] [223/445] SARO
[16:46:06] [224/445] STCT
[16:46:08] [225/445] JKKC
[16:46:08] [226/445] PLTT
[16:46:09] [227/445] SRNT
[16:46:10] [228/445] YAST
[16:46:11] [229/445] PERL
[16:46:12] [230/445] CICM
[16:46:13] [231/445] MMTR
[16:46:14] [232/445] ABTK
[16:46:14] [233/445] ATYY
[16:46:15] [234/445] ASTK
[16:46:16] [235/445] VVCK
[16:46:17] [236/445] ATKY
[16:46:18] [237/445] GWEK
[16:46:19] [238/445] SVFH
[16:46:20] [239/445] SLTA
[16:46:21] [240/445] AASH
[16:46:21] [241/445] ACXB
[16:46:22] [242/445] SMTX
[16:46:23] [243/445] AZDH
[16:46:23] [244/445] CMMH
[16:46:24] [245/445] SCSZ
[16:46:25] [246/445] SCKP
[16:46:26] [247/445] NXTM
[16:46:26] [248/445] NWCS
[16:46:27] [249/445] CXMH
[16:46:28] [250/445] PCMA
[16:46:29] [251/445] SGCM
[16:46:30] [252/445] SDTU
[16:46:31] [253/445] MMVI
[16:46:32] [254/445] JKCM
[16:46:33] [255/445] VCMM
[16:46:33] [256/445] SYEE
[16:46:34] [257/445] VASD
[16:46:36] [258/445] BDRB
[16:46:37] [259/445] LASM
[16:46:37] [260/445] DCRL
[16:46:38] [261/445] DVPM
[16:46:39] [262/445] SBMJ
[16:46:40] [263/445] CBMU
[16:46:41] [264/445] IUBS
[16:46:41] [265/445] INAP
[16:46:43] [266/445] SRRC
[16:46:44] [267/445] SAGR
[16:46:44] [268/445] CPMJ
[16:46:45] [269/445] ATJL
[16:46:46] [270/445] NNTD
[16:46:47] [271/445] JHCJ
[16:46:48] [272/445] CMMP
[16:46:49] [273/445] RSDR
[16:46:50] [274/445] AMTI
[16:46:51] [275/445] NYSG
[16:46:52] [276/445] AVSG
[16:46:53] [277/445] SYTP
[16:46:54] [278/445] LARC
[16:46:55] [279/445] RJTP
[16:46:56] [280/445] LAKC
[16:46:57] [281/445] MCXE
[16:46:57] [282/445] CCZC
[16:46:58] [283/445] AVCH
[16:46:59] [284/445] CMBE
[16:47:01] [285/445] MRRC
[16:47:01] [286/445] PCPY
[16:47:02] [287/445] SRMH
[16:47:03] [288/445] SVGS
[16:47:04] [289/445] PCSE
[16:47:04] [290/445] SVFT
[16:47:05] [291/445] TNZP
[16:47:06] [292/445] ICTP
[16:47:07] [293/445] ACTZ
[16:47:08] [294/445] GTUR
[16:47:09] [295/445] MAFC
[16:47:10] [296/445] MINL
[16:47:11] [297/445] MRCL
[16:47:11] [298/445] RCRP
[16:47:12] [299/445] RFFG
[16:47:13] [300/445] RMAS
[16:47:14] [301/445] INVR
[16:47:15] [302/445] RMAR
[16:47:15] [303/445] CNIS
[16:47:16] [304/445] RHRJ
[16:47:17] [305/445] INXR
[16:47:18] [306/445] VALT
[16:47:19] [307/445] LCSH
[16:47:19] [308/445] CMVS
[16:47:20] [309/445] CNMS
[16:47:21] [310/445] ROOG
[16:47:22] [311/445] ISRM
[16:47:23] [312/445] RCRM
[16:47:24] [313/445] ACJA
[16:47:25] [314/445] RCVS
[16:47:25] [315/445] CPUS
[16:47:26] [316/445] TGCS
[16:47:27] [317/445] RKCJ
[16:47:28] [318/445] MKSB
[16:47:29] [319/445] TCSJ
[16:47:29] [320/445] RMGP
[16:47:30] [321/445] CLLP
[16:47:32] [322/445] RCMV
[16:47:33] [323/445] CCKS
[16:47:33] [324/445] RSRP
[16:47:35] [325/445] APLP
[16:47:35] [326/445] CNVS
[16:47:36] [327/445] RMVY
[16:47:37] [328/445] PGBD
[16:47:38] [329/445] KLMS
[16:47:39] [330/445] RUST
[16:47:40] [331/445] MASM
[16:47:40] [332/445] BACS
[16:47:41] [333/445] BWST
[16:47:42] [334/445] RRFH
[16:47:43] [335/445] SJTM
[16:47:44] [336/445] BEMR
[16:47:45] [337/445] MCGR
[16:47:46] [338/445] SDSK
[16:47:46] [339/445] VBOL
[16:47:47] [340/445] RMGM
[16:47:48] [341/445] NOPL
[16:47:49] [342/445] MKJK
[16:47:50] [343/445] CVRN
[16:47:50] [344/445] MMEN
[16:47:51] [345/445] AMNG
[16:47:52] [346/445] INTM
[16:47:53] [347/445] SLCZ
[16:47:54] [348/445] AMJN
[16:47:55] [349/445] ACJN
[16:47:56] [350/445] AMKN
[16:47:57] [351/445] BTCN
[16:47:58] [352/445] AMBT
[16:47:59] [353/445] PACN
[16:48:00] [354/445] LCNS
[16:48:00] [355/445] PPKC
[16:48:01] [356/445] JYYN
[16:48:02] [357/445] JTNR
[16:48:02] [358/445] GTEE
[16:48:03] [359/445] SRNM
[16:48:04] [360/445] SDTC
[16:48:05] [361/445] VPCA
[16:48:05] [362/445] VLRA
[16:48:06] [363/445] SHKR
[16:48:07] [364/445] SBKD
[16:48:08] [365/445] SAAD
[16:48:09] [366/445] JTGN
[16:48:10] [367/445] SLAM
[16:48:11] [368/445] VTPM
[16:48:12] [369/445] ANPT
[16:48:13] [370/445] PUNB
[16:48:14] [371/445] CPKT
[16:48:15] [372/445] CNWE
[16:48:16] [373/445] ECPP
[16:48:17] [374/445] CPAR
[16:48:17] [375/445] ESBW
[16:48:18] [376/445] PKPU
[16:48:19] [377/445] CPRP
[16:48:20] [378/445] RAHU
[16:48:21] [379/445] RHMN
[16:48:22] [380/445] FMJP
[16:48:23] [381/445] CTMP
[16:48:23] [382/445] INPN
[16:48:24] [383/445] STTG
[16:48:25] [384/445] CTRD
[16:48:26] [385/445] PUVB
[16:48:27] [386/445] ESVP
[16:48:28] [387/445] CPFT
[16:48:28] [388/445] LCPC
[16:48:29] [389/445] VBCT
[16:48:30] [390/445] FSCW
[16:48:31] [391/445] VCMP
[16:48:31] [392/445] ASHC
[16:48:32] [393/445] VLCX
[16:48:33] [394/445] SHEV
[16:48:34] [395/445] APCO
[16:48:35] [396/445] SILC
[16:48:36] [397/445] SNMR
[16:48:37] [398/445] KYBO
[16:48:38] [399/445] SATK
[16:48:39] [400/445] SSCS
[16:48:39] [401/445] CLSB
[16:48:40] [402/445] KMJR
[16:48:41] [403/445] FSCK
[16:48:42] [404/445] NNKA
[16:48:43] [405/445] CLMK
[16:48:44] [406/445] DMPZ
[16:48:44] [407/445] INQM
[16:48:45] [408/445] CAML
[16:48:46] [409/445] INRK
[16:48:47] [410/445] IMKN
[16:48:48] [411/445] SVNR
[16:48:49] [412/445] INSL
[16:48:50] [413/445] MSMA
[16:48:50] [414/445] MCKK
[16:48:51] [415/445] FCHP
[16:48:52] [416/445] SFCR
[16:48:52] [417/445] NACK
[16:48:53] [418/445] PVAK
[16:48:54] [419/445] INER
[16:48:55] [420/445] RDBK
[16:48:55] [421/445] SVFN
[16:48:56] [422/445] IFRM
[16:48:57] [423/445] ATCK
[16:48:58] [424/445] ASKO
[16:48:59] [425/445] STKT
[16:48:59] [426/445] SVFB
[16:49:00] [427/445] INKS
[16:49:01] [428/445] PCRA
[16:49:02] [429/445] ATJA
[16:49:03] [430/445] IMJN
[16:49:04] [431/445] INHD
[16:49:04] [432/445] BARA
[16:49:05] [433/445] MCSL
[16:49:06] [434/445] RTOY
[16:49:07] [435/445] MENO
[16:49:07] [436/445] PUDM
[16:49:08] [437/445] PRCN
[16:49:09] [438/445] JMJR
[16:49:10] [439/445] SSGK
[16:49:11] [440/445] SSRL
[16:49:11] [441/445] JYKL
[16:49:12] [442/445] ACNB
[16:49:13] [443/445] SONP
[16:49:14] [444/445] EMCI
[16:49:15] [445/445] MRJH
[16:49:15] 🧹 Deduping shows
[16:49:15] ✅ DONE | Shows=30 | Movies=4
[04:43:14] 🚀 SCRIPT STARTED
[04:43:14] [1/445] TGMR
[04:43:14] 🧠 New identity created
[04:43:15] [2/445] CXKR
[04:43:16] [3/445] SROP
[04:43:17] [4/445] GTSV
[04:43:17] [5/445] SNTY
[04:43:18] [6/445] SMYY
[04:43:20] [7/445] CNCS
[04:43:21] [8/445] CSTM
[04:43:21] [9/445] NUCD
[04:43:23] [10/445] SHCZ
[04:43:24] [11/445] NJCT
[04:43:25] [12/445] COPC
[04:43:26] [13/445] STVV
[04:43:27] [14/445] SKRN
[04:43:28] [15/445] APPZ
[04:43:29] [16/445] YMGN
[04:43:30] [17/445] SVTU
[04:43:31] [18/445] GTAD
[04:43:32] [19/445] PSUS
[04:43:33] [20/445] SMCD
[04:43:34] [21/445] CMCM
[04:43:35] [22/445] SYCT
[04:43:36] [23/445] STLY
[04:43:36] [24/445] CMHU
[04:43:37] [25/445] CMSA
[04:43:38] [26/445] CLCU
[04:43:39] [27/445] PPNT
[04:43:40] [28/445] JTAB
[04:43:41] [29/445] BUUC
[04:43:42] [30/445] BSVK
[04:43:43] [31/445] VVVQ
[04:43:44] [32/445] TKMU
[04:43:44] [33/445] ESYL
[04:43:45] [34/445] ACHP
[04:43:46] [35/445] BTKD
[04:43:47] [36/445] DESA
[04:43:47] [37/445] GBCT
[04:43:48] [38/445] BLLD
[04:43:49] [39/445] SKNT
[04:43:50] [40/445] SSTE
[04:43:51] [41/445] VJMR
[04:43:51] [42/445] NTPU
[04:43:52] [43/445] RDKN
[04:43:53] [44/445] ADGC
[04:43:55] [45/445] VRBP
[04:43:55] [46/445] NMNA
[04:43:57] [47/445] CMMX
[04:43:57] [48/445] PTKO
[04:43:58] [49/445] RBML
[04:43:59] [50/445] SAIC
[04:44:00] [51/445] SVTJ
[04:44:01] [52/445] MRTE
[04:44:02] [53/445] RBTP
[04:44:03] [54/445] NLPS
[04:44:03] [55/445] GTNA
[04:44:04] [56/445] DGGC
[04:44:05] [57/445] SMCR
[04:44:06] [58/445] SCGD
[04:44:06] [59/445] SRRJ
[04:44:07] [60/445] CNRY
[04:44:08] [61/445] KTDI
[04:44:09] [62/445] SNJL
[04:44:10] [63/445] RKMD
[04:44:11] [64/445] SMDC
[04:44:12] [65/445] TADG
[04:44:13] [66/445] MCGS
[04:44:14] [67/445] PETK
[04:44:16] [68/445] CHAG
[04:44:17] [69/445] KSTL
[04:44:17] [70/445] AADS
[04:44:18] [71/445] NTHZ
[04:44:20] [72/445] HCKI
[04:44:20] [73/445] SSEF
[04:44:21] [74/445] MCGX
[04:44:23] [75/445] ERRA
[04:44:24] [76/445] SDTW
[04:44:25] [77/445] RMPK
[04:44:26] [78/445] PTHK
[04:44:27] [79/445] PXCS
[04:44:28] [80/445] SVLU
[04:44:29] [81/445] STAH
[04:44:29] [82/445] JRGF
[04:44:30] [83/445] CDOK
[04:44:31] [84/445] CMSG
[04:44:32] [85/445] APTD
[04:44:33] [86/445] KMPG
[04:44:34] [87/445] MUTJ
[04:44:35] [88/445] VCCI
[04:44:36] [89/445] URBE
[04:44:38] [90/445] TCTS
[04:44:38] [91/445] STSN
[04:44:39] [92/445] AKCH
[04:44:40] [93/445] APSC
[04:44:41] [94/445] VLTB
[04:44:42] [95/445] SANU
[04:44:43] [96/445] AXAM
[04:44:44] [97/445] MGMG
[04:44:44] [98/445] HTBY
[04:44:45] [99/445] MMZS
[04:44:46] [100/445] SUDR
[04:44:47] [101/445] CCAD
[04:44:48] [102/445] SKKC
[04:44:49] [103/445] RMCD
[04:44:50] [104/445] SBCQ
[04:44:52] [105/445] DCCT
[04:44:53] [106/445] VTKP
[04:44:53] [107/445] MLAM
[04:44:54] [108/445] SAVT
[04:44:55] [109/445] GEPL
[04:44:56] [110/445] AMCD
[04:44:58] [111/445] CCXR
[04:44:59] [112/445] GRNG
[04:44:59] [113/445] EBCA
[04:45:01] [114/445] CNVG
[04:45:02] [115/445] MWSS
[04:45:03] [116/445] VBOR
[04:45:04] [117/445] NEEB
[04:45:05] [118/445] SUTH
[04:45:06] [119/445] ANDB
[04:45:07] [120/445] MMXS
[04:45:07] [121/445] CNPD
[04:45:08] [122/445] SDCE
[04:45:10] [123/445] DHCB
[04:45:11] [124/445] ODEN
[04:45:12] [125/445] TNTC
[04:45:13] [126/445] VBKM
[04:45:14] [127/445] RZYM
[04:45:14] [128/445] JEMC
[04:45:15] [129/445] CMAU
[04:45:17] [130/445] SIVP
[04:45:18] [131/445] ATAG
[04:45:18] [132/445] CHTM
[04:45:19] [133/445] AAEE
[04:45:20] [134/445] IWPM
[04:45:21] [135/445] KCMW
[04:45:22] [136/445] MCTD
[04:45:23] [137/445] SPWR
[04:45:24] [138/445] SDPO
[04:45:24] [139/445] PCSK
[04:45:25] [140/445] ACHV
[04:45:26] [141/445] SVLA
[04:45:27] [142/445] PICT
[04:45:29] [143/445] BXDR
[04:45:29] [144/445] SPWA
[04:45:30] [145/445] MCKO
[04:45:32] [146/445] RTHK
[04:45:32] [147/445] CCMF
[04:45:33] [148/445] MRGB
[04:45:34] [149/445] CPLC
[04:45:35] [150/445] RACD
[04:45:36] [151/445] ATKT
[04:45:38] [152/445] SARN
[04:45:38] [153/445] KKUI
[04:45:39] [154/445] RGCM
[04:45:40] [155/445] BRVP
[04:45:41] [156/445] HRSR
[04:45:42] [157/445] GKGM
[04:45:43] [158/445] TTCD
[04:45:44] [159/445] PTTI
[04:45:45] [160/445] MPTT
[04:45:46] [161/445] CVTT
[04:45:47] [162/445] PCXD
[04:45:49] [163/445] GCDC
[04:45:50] [164/445] CCCF
[04:45:50] [165/445] MRAD
[04:45:52] [166/445] CPLK
[04:45:53] [167/445] SATB
[04:45:54] [168/445] SNVG
[04:45:55] [169/445] JMBA
[04:45:55] [170/445] TEJA
[04:45:56] [171/445] STYO
[04:45:57] [172/445] JTBP
[04:45:58] [173/445] KRGD
[04:45:59] [174/445] SLJJ
[04:46:00] [175/445] SPTJ
[04:46:01] [176/445] SWJG
[04:46:02] [177/445] LKRT
[04:46:02] [178/445] KCKA
[04:46:04] [179/445] SNCR
[04:46:04] [180/445] SMKL
[04:46:05] [181/445] GCFA
[04:46:06] [182/445] DDCK
[04:46:07] [183/445] NCHJ
[04:46:08] [184/445] RDMA
[04:46:09] [185/445] SVSV
[04:46:10] [186/445] SCJG
[04:46:11] [187/445] VKLP
[04:46:11] [188/445] NWCC
[04:46:12] [189/445] VKNS
[04:46:13] [190/445] SDDP
[04:46:14] [191/445] ACSI
[04:46:15] [192/445] SATG
[04:46:16] [193/445] SCMW
[04:46:16] [194/445] LKTK
[04:46:17] [195/445] VCKV
[04:46:19] [196/445] KKPE
[04:46:20] [197/445] KIGH
[04:46:20] [198/445] SRPM
[04:46:21] [199/445] SCAH
[04:46:22] [200/445] MUTA
[04:46:23] [201/445] SEPU
[04:46:24] [202/445] INOA
[04:46:25] [203/445] BASK
[04:46:26] [204/445] NECB
[04:46:27] [205/445] GTTG
[04:46:28] [206/445] ASSA
[04:46:28] [207/445] ANCL
[04:46:29] [208/445] GCTI
[04:46:30] [209/445] RCTS
[04:46:31] [210/445] ACNL
[04:46:32] [211/445] MYCT
[04:46:32] [212/445] NMHT
[04:46:33] [213/445] MDIT
[04:46:34] [214/445] LATG
[04:46:35] [215/445] SMTY
[04:46:35] [216/445] CVCT
[04:46:37] [217/445] RAMB
[04:46:38] [218/445] TGMS
[04:46:38] [219/445] BHEL
[04:46:39] [220/445] SHCT
[04:46:40] [221/445] SVCT
[04:46:41] [222/445] MRIY
[04:46:42] [223/445] SARO
[04:46:43] [224/445] STCT
[04:46:44] [225/445] JKKC
[04:46:45] [226/445] PLTT
[04:46:46] [227/445] SRNT
[04:46:46] [228/445] YAST
[04:46:47] [229/445] PERL
[04:46:48] [230/445] CICM
[04:46:49] [231/445] MMTR
[04:46:50] [232/445] ABTK
[04:46:51] [233/445] ATYY
[04:46:51] [234/445] ASTK
[04:46:52] [235/445] VVCK
[04:46:53] [236/445] ATKY
[04:46:54] [237/445] GWEK
[04:46:55] [238/445] SVFH
[04:46:56] [239/445] SLTA
[04:46:57] [240/445] AASH
[04:46:57] [241/445] ACXB
[04:46:58] [242/445] SMTX
[04:46:59] [243/445] AZDH
[04:47:00] [244/445] CMMH
[04:47:01] [245/445] SCSZ
[04:47:02] [246/445] SCKP
[04:47:02] [247/445] NXTM
[04:47:04] [248/445] NWCS
[04:47:05] [249/445] CXMH
[04:47:06] [250/445] PCMA
[04:47:07] [251/445] SGCM
[04:47:09] [252/445] SDTU
[04:47:09] [253/445] MMVI
[04:47:11] [254/445] JKCM
[04:47:12] [255/445] VCMM
[04:47:13] [256/445] SYEE
[04:47:13] [257/445] VASD
[04:47:14] [258/445] BDRB
[04:47:15] [259/445] LASM
[04:47:16] [260/445] DCRL
[04:47:17] [261/445] DVPM
[04:47:17] [262/445] SBMJ
[04:47:18] [263/445] CBMU
[04:47:19] [264/445] IUBS
[04:47:20] [265/445] INAP
[04:47:21] [266/445] SRRC
[04:47:22] [267/445] SAGR
[04:47:22] [268/445] CPMJ
[04:47:23] [269/445] ATJL
[04:47:24] [270/445] NNTD
[04:47:25] [271/445] JHCJ
[04:47:26] [272/445] CMMP
[04:47:27] [273/445] RSDR
[04:47:28] [274/445] AMTI
[04:47:29] [275/445] NYSG
[04:47:29] [276/445] AVSG
[04:47:30] [277/445] SYTP
[04:47:31] [278/445] LARC
[04:47:33] [279/445] RJTP
[04:47:33] [280/445] LAKC
[04:47:34] [281/445] MCXE
[04:47:35] [282/445] CCZC
[04:47:36] [283/445] AVCH
[04:47:37] [284/445] CMBE
[04:47:38] [285/445] MRRC
[04:47:39] [286/445] PCPY
[04:47:39] [287/445] SRMH
[04:47:40] [288/445] SVGS
[04:47:41] [289/445] PCSE
[04:47:43] [290/445] SVFT
[04:47:44] [291/445] TNZP
[04:47:44] [292/445] ICTP
[04:47:46] [293/445] ACTZ
[04:47:47] [294/445] GTUR
[04:47:48] [295/445] MAFC
[04:47:48] [296/445] MINL
[04:47:49] [297/445] MRCL
[04:47:50] [298/445] RCRP
[04:47:51] [299/445] RFFG
[04:47:52] [300/445] RMAS
[04:47:52] [301/445] INVR
[04:47:53] [302/445] RMAR
[04:47:54] [303/445] CNIS
[04:47:55] [304/445] RHRJ
[04:47:56] [305/445] INXR
[04:47:57] [306/445] VALT
[04:47:57] [307/445] LCSH
[04:47:59] [308/445] CMVS
[04:47:59] [309/445] CNMS
[04:48:00] [310/445] ROOG
[04:48:01] [311/445] ISRM
[04:48:02] [312/445] RCRM
[04:48:04] [313/445] ACJA
[04:48:04] [314/445] RCVS
[04:48:05] [315/445] CPUS
[04:48:06] [316/445] TGCS
[04:48:07] [317/445] RKCJ
[04:48:08] [318/445] MKSB
[04:48:09] [319/445] TCSJ
[04:48:10] [320/445] RMGP
[04:48:11] [321/445] CLLP
[04:48:13] [322/445] RCMV
[04:48:14] [323/445] CCKS
[04:48:15] [324/445] RSRP
[04:48:17] [325/445] APLP
[04:48:18] [326/445] CNVS
[04:48:18] [327/445] RMVY
[04:48:19] [328/445] PGBD
[04:48:20] [329/445] KLMS
[04:48:21] [330/445] RUST
[04:48:22] [331/445] MASM
[04:48:22] [332/445] BACS
[04:48:23] [333/445] BWST
[04:48:24] [334/445] RRFH
[04:48:25] [335/445] SJTM
[04:48:26] [336/445] BEMR
[04:48:27] [337/445] MCGR
[04:48:28] [338/445] SDSK
[04:48:28] [339/445] VBOL
[04:48:29] [340/445] RMGM
[04:48:30] [341/445] NOPL
[04:48:31] [342/445] MKJK
[04:48:32] [343/445] CVRN
[04:48:33] [344/445] MMEN
[04:48:34] [345/445] AMNG
[04:48:34] [346/445] INTM
[04:48:35] [347/445] SLCZ
[04:48:36] [348/445] AMJN
[04:48:37] [349/445] ACJN
[04:48:38] [350/445] AMKN
[04:48:39] [351/445] BTCN
[04:48:39] [352/445] AMBT
[04:48:40] [353/445] PACN
[04:48:41] [354/445] LCNS
[04:48:42] [355/445] PPKC
[04:48:43] [356/445] JYYN
[04:48:44] [357/445] JTNR
[04:48:44] [358/445] GTEE
[04:48:45] [359/445] SRNM
[04:48:46] [360/445] SDTC
[04:48:47] [361/445] VPCA
[04:48:48] [362/445] VLRA
[04:48:49] [363/445] SHKR
[04:48:49] [364/445] SBKD
[04:48:50] [365/445] SAAD
[04:48:51] [366/445] JTGN
[04:48:52] [367/445] SLAM
[04:48:53] [368/445] VTPM
[04:48:54] [369/445] ANPT
[04:48:54] [370/445] PUNB
[04:48:55] [371/445] CPKT
[04:48:57] [372/445] CNWE
[04:48:58] [373/445] ECPP
[04:48:58] [374/445] CPAR
[04:48:59] [375/445] ESBW
[04:49:00] [376/445] PKPU
[04:49:00] [377/445] CPRP
[04:49:02] [378/445] RAHU
[04:49:02] [379/445] RHMN
[04:49:03] [380/445] FMJP
[04:49:04] [381/445] CTMP
[04:49:05] [382/445] INPN
[04:49:05] [383/445] STTG
[04:49:06] [384/445] CTRD
[04:49:07] [385/445] PUVB
[04:49:08] [386/445] ESVP
[04:49:09] [387/445] CPFT
[04:49:10] [388/445] LCPC
[04:49:11] [389/445] VBCT
[04:49:11] [390/445] FSCW
[04:49:12] [391/445] VCMP
[04:49:13] [392/445] ASHC
[04:49:14] [393/445] VLCX
[04:49:15] [394/445] SHEV
[04:49:16] [395/445] APCO
[04:49:17] [396/445] SILC
[04:49:17] [397/445] SNMR
[04:49:18] [398/445] KYBO
[04:49:19] [399/445] SATK
[04:49:20] [400/445] SSCS
[04:49:21] [401/445] CLSB
[04:49:22] [402/445] KMJR
[04:49:23] [403/445] FSCK
[04:49:24] [404/445] NNKA
[04:49:25] [405/445] CLMK
[04:49:25] [406/445] DMPZ
[04:49:26] [407/445] INQM
[04:49:28] [408/445] CAML
[04:49:28] [409/445] INRK
[04:49:29] [410/445] IMKN
[04:49:30] [411/445] SVNR
[04:49:31] [412/445] INSL
[04:49:32] [413/445] MSMA
[04:49:33] [414/445] MCKK
[04:49:34] [415/445] FCHP
[04:49:34] [416/445] SFCR
[04:49:35] [417/445] NACK
[04:49:36] [418/445] PVAK
[04:49:37] [419/445] INER
[04:49:38] [420/445] RDBK
[04:49:38] [421/445] SVFN
[04:49:39] [422/445] IFRM
[04:49:40] [423/445] ATCK
[04:49:41] [424/445] ASKO
[04:49:42] [425/445] STKT
[04:49:43] [426/445] SVFB
[04:49:44] [427/445] INKS
[04:49:44] [428/445] PCRA
[04:49:45] [429/445] ATJA
[04:49:46] [430/445] IMJN
[04:49:47] [431/445] INHD
[04:49:48] [432/445] BARA
[04:49:49] [433/445] MCSL
[04:49:50] [434/445] RTOY
[04:49:50] [435/445] MENO
[04:49:51] [436/445] PUDM
[04:49:52] [437/445] PRCN
[04:49:53] [438/445] JMJR
[04:49:54] [439/445] SSGK
[04:49:55] [440/445] SSRL
[04:49:56] [441/445] JYKL
[04:49:57] [442/445] ACNB
[04:49:58] [443/445] SONP
[04:49:58] [444/445] EMCI
[04:49:59] [445/445] MRJH
[04:50:00] 🧹 Deduping shows
[04:50:00] ✅ DONE | Shows=142 | Movies=10
[11:52:13] 🚀 SCRIPT STARTED
[11:52:13] [1/445] TGMR
[11:52:13] 🧠 New identity created
[11:52:14] [2/445] CXKR
[11:52:15] [3/445] SROP
[11:52:16] [4/445] GTSV
[11:52:17] [5/445] SNTY
[11:52:18] [6/445] SMYY
[11:52:19] [7/445] CNCS
[11:52:20] [8/445] CSTM
[11:52:21] [9/445] NUCD
[11:52:21] [10/445] SHCZ
[11:52:22] [11/445] NJCT
[11:52:23] [12/445] COPC
[11:52:24] [13/445] STVV
[11:52:25] [14/445] SKRN
[11:52:27] [15/445] APPZ
[11:52:27] [16/445] YMGN
[11:52:28] [17/445] SVTU
[11:52:29] [18/445] GTAD
[11:52:30] [19/445] PSUS
[11:52:31] [20/445] SMCD
[11:52:32] [21/445] CMCM
[11:52:33] [22/445] SYCT
[11:52:34] [23/445] STLY
[11:52:34] [24/445] CMHU
[11:52:35] [25/445] CMSA
[11:52:37] [26/445] CLCU
[11:52:38] [27/445] PPNT
[11:52:39] [28/445] JTAB
[11:52:40] [29/445] BUUC
[11:52:41] [30/445] BSVK
[11:52:42] [31/445] VVVQ
[11:52:43] [32/445] TKMU
[11:52:44] [33/445] ESYL
[11:52:45] [34/445] ACHP
[11:52:46] [35/445] BTKD
[11:52:47] [36/445] DESA
[11:52:47] [37/445] GBCT
[11:52:48] [38/445] BLLD
[11:52:49] [39/445] SKNT
[11:52:51] [40/445] SSTE
[11:52:52] [41/445] VJMR
[11:52:53] [42/445] NTPU
[11:52:55] [43/445] RDKN
[11:52:55] [44/445] ADGC
[11:52:56] [45/445] VRBP
[11:52:57] [46/445] NMNA
[11:52:58] [47/445] CMMX
[11:52:59] [48/445] PTKO
[11:53:00] [49/445] RBML
[11:53:01] [50/445] SAIC
[11:53:02] [51/445] SVTJ
[11:53:03] [52/445] MRTE
[11:53:04] [53/445] RBTP
[11:53:05] [54/445] NLPS
[11:53:05] [55/445] GTNA
[11:53:07] [56/445] DGGC
[11:53:09] [57/445] SMCR
[11:53:10] [58/445] SCGD
[11:53:10] [59/445] SRRJ
[11:53:11] [60/445] CNRY
[11:53:12] [61/445] KTDI
[11:53:14] [62/445] SNJL
[11:53:14] [63/445] RKMD
[11:53:15] [64/445] SMDC
[11:53:16] [65/445] TADG
[11:53:17] [66/445] MCGS
[11:53:18] [67/445] PETK
[11:53:19] [68/445] CHAG
[11:53:20] [69/445] KSTL
[11:53:21] [70/445] AADS
[11:53:22] [71/445] NTHZ
[11:53:23] [72/445] HCKI
[11:53:24] [73/445] SSEF
[11:53:24] [74/445] MCGX
[11:53:26] [75/445] ERRA
[11:53:27] [76/445] SDTW
[11:53:28] [77/445] RMPK
[11:53:28] [78/445] PTHK
[11:53:30] [79/445] PXCS
[11:53:31] [80/445] SVLU
[11:53:32] [81/445] STAH
[11:53:33] [82/445] JRGF
[11:53:34] [83/445] CDOK
[11:53:35] [84/445] CMSG
[11:53:36] [85/445] APTD
[11:53:37] [86/445] KMPG
[11:53:38] [87/445] MUTJ
[11:53:39] [88/445] VCCI
[11:53:40] [89/445] URBE
[11:53:40] [90/445] TCTS
[11:53:41] [91/445] STSN
[11:53:42] [92/445] AKCH
[11:53:43] [93/445] APSC
[11:53:44] [94/445] VLTB
[11:53:45] [95/445] SANU
[11:53:46] [96/445] AXAM
[11:53:46] [97/445] MGMG
[11:53:47] [98/445] HTBY
[11:53:48] [99/445] MMZS
[11:53:49] [100/445] SUDR
[11:53:50] [101/445] CCAD
[11:53:51] [102/445] SKKC
[11:53:52] [103/445] RMCD
[11:53:53] [104/445] SBCQ
[11:53:54] [105/445] DCCT
[11:53:55] [106/445] VTKP
[11:53:55] [107/445] MLAM
[11:53:56] [108/445] SAVT
[11:53:57] [109/445] GEPL
[11:53:58] [110/445] AMCD
[11:53:59] [111/445] CCXR
[11:54:00] [112/445] GRNG
[11:54:01] [113/445] EBCA
[11:54:01] [114/445] CNVG
[11:54:02] [115/445] MWSS
[11:54:03] [116/445] VBOR
[11:54:04] [117/445] NEEB
[11:54:05] [118/445] SUTH
[11:54:07] [119/445] ANDB
[11:54:08] [120/445] MMXS
[11:54:09] [121/445] CNPD
[11:54:09] [122/445] SDCE
[11:54:10] [123/445] DHCB
[11:54:11] [124/445] ODEN
[11:54:12] [125/445] TNTC
[11:54:13] [126/445] VBKM
[11:54:14] [127/445] RZYM
[11:54:15] [128/445] JEMC
[11:54:16] [129/445] CMAU
[11:54:17] [130/445] SIVP
[11:54:18] [131/445] ATAG
[11:54:19] [132/445] CHTM
[11:54:20] [133/445] AAEE
[11:54:21] [134/445] IWPM
[11:54:21] [135/445] KCMW
[11:54:22] [136/445] MCTD
[11:54:23] [137/445] SPWR
[11:54:24] [138/445] SDPO
[11:54:25] [139/445] PCSK
[11:54:26] [140/445] ACHV
[11:54:26] [141/445] SVLA
[11:54:27] [142/445] PICT
[11:54:28] [143/445] BXDR
[11:54:29] [144/445] SPWA
[11:54:31] [145/445] MCKO
[11:54:32] [146/445] RTHK
[11:54:33] [147/445] CCMF
[11:54:33] [148/445] MRGB
[11:54:34] [149/445] CPLC
[11:54:35] [150/445] RACD
[11:54:36] [151/445] ATKT
[11:54:36] [152/445] SARN
[11:54:37] [153/445] KKUI
[11:54:38] [154/445] RGCM
[11:54:39] [155/445] BRVP
[11:54:39] [156/445] HRSR
[11:54:40] [157/445] GKGM
[11:54:41] [158/445] TTCD
[11:54:42] [159/445] PTTI
[11:54:43] [160/445] MPTT
[11:54:44] [161/445] CVTT
[11:54:45] [162/445] PCXD
[11:54:45] [163/445] GCDC
[11:54:46] [164/445] CCCF
[11:54:47] [165/445] MRAD
[11:54:48] [166/445] CPLK
[11:54:49] [167/445] SATB
[11:54:50] [168/445] SNVG
[11:54:50] [169/445] JMBA
[11:54:51] [170/445] TEJA
[11:54:52] [171/445] STYO
[11:54:53] [172/445] JTBP
[11:54:55] [173/445] KRGD
[11:54:56] [174/445] SLJJ
[11:54:57] [175/445] SPTJ
[11:54:58] [176/445] SWJG
[11:54:58] [177/445] LKRT
[11:54:59] [178/445] KCKA
[11:55:00] [179/445] SNCR
[11:55:01] [180/445] SMKL
[11:55:02] [181/445] GCFA
[11:55:02] [182/445] DDCK
[11:55:03] [183/445] NCHJ
[11:55:04] [184/445] RDMA
[11:55:05] [185/445] SVSV
[11:55:05] [186/445] SCJG
[11:55:06] [187/445] VKLP
[11:55:07] [188/445] NWCC
[11:55:08] [189/445] VKNS
[11:55:09] [190/445] SDDP
[11:55:10] [191/445] ACSI
[11:55:11] [192/445] SATG
[11:55:11] [193/445] SCMW
[11:55:12] [194/445] LKTK
[11:55:14] [195/445] VCKV
[11:55:15] [196/445] KKPE
[11:55:16] [197/445] KIGH
[11:55:16] [198/445] SRPM
[11:55:17] [199/445] SCAH
[11:55:18] [200/445] MUTA
[11:55:19] [201/445] SEPU
[11:55:20] [202/445] INOA
[11:55:20] [203/445] BASK
[11:55:22] [204/445] NECB
[11:55:23] [205/445] GTTG
[11:55:24] [206/445] ASSA
[11:55:24] [207/445] ANCL
[11:55:25] [208/445] GCTI
[11:55:26] [209/445] RCTS
[11:55:28] [210/445] ACNL
[11:55:29] [211/445] MYCT
[11:55:29] [212/445] NMHT
[11:55:30] [213/445] MDIT
[11:55:31] [214/445] LATG
[11:55:32] [215/445] SMTY
[11:55:33] [216/445] CVCT
[11:55:34] [217/445] RAMB
[11:55:35] [218/445] TGMS
[11:55:35] [219/445] BHEL
[11:55:37] [220/445] SHCT
[11:55:38] [221/445] SVCT
[11:55:39] [222/445] MRIY
[11:55:40] [223/445] SARO
[11:55:41] [224/445] STCT
[11:55:42] [225/445] JKKC
[11:55:43] [226/445] PLTT
[11:55:44] [227/445] SRNT
[11:55:45] [228/445] YAST
[11:55:45] [229/445] PERL
[11:55:46] [230/445] CICM
[11:55:48] [231/445] MMTR
[11:55:49] [232/445] ABTK
[11:55:50] [233/445] ATYY
[11:55:51] [234/445] ASTK
[11:55:52] [235/445] VVCK
[11:55:53] [236/445] ATKY
[11:55:53] [237/445] GWEK
[11:55:54] [238/445] SVFH
[11:55:55] [239/445] SLTA
[11:55:56] [240/445] AASH
[11:55:57] [241/445] ACXB
[11:55:58] [242/445] SMTX
[11:55:59] [243/445] AZDH
[11:55:59] [244/445] CMMH
[11:56:00] [245/445] SCSZ
[11:56:01] [246/445] SCKP
[11:56:02] [247/445] NXTM
[11:56:03] [248/445] NWCS
[11:56:04] [249/445] CXMH
[11:56:05] [250/445] PCMA
[11:56:06] [251/445] SGCM
[11:56:07] [252/445] SDTU
[11:56:08] [253/445] MMVI
[11:56:09] [254/445] JKCM
[11:56:10] [255/445] VCMM
[11:56:11] [256/445] SYEE
[11:56:12] [257/445] VASD
[11:56:13] [258/445] BDRB
[11:56:14] [259/445] LASM
[11:56:14] [260/445] DCRL
[11:56:15] [261/445] DVPM
[11:56:16] [262/445] SBMJ
[11:56:17] [263/445] CBMU
[11:56:17] [264/445] IUBS
[11:56:18] [265/445] INAP
[11:56:20] [266/445] SRRC
[11:56:21] [267/445] SAGR
[11:56:22] [268/445] CPMJ
[11:56:24] [269/445] ATJL
[11:56:25] [270/445] NNTD
[11:56:25] [271/445] JHCJ
[11:56:26] [272/445] CMMP
[11:56:28] [273/445] RSDR
[11:56:29] [274/445] AMTI
[11:56:30] [275/445] NYSG
[11:56:30] [276/445] AVSG
[11:56:31] [277/445] SYTP
[11:56:32] [278/445] LARC
[11:56:33] [279/445] RJTP
[11:56:34] [280/445] LAKC
[11:56:34] [281/445] MCXE
[11:56:35] [282/445] CCZC
[11:56:36] [283/445] AVCH
[11:56:37] [284/445] CMBE
[11:56:37] [285/445] MRRC
[11:56:38] [286/445] PCPY
[11:56:39] [287/445] SRMH
[11:56:40] [288/445] SVGS
[11:56:41] [289/445] PCSE
[11:56:42] [290/445] SVFT
[11:56:42] [291/445] TNZP
[11:56:43] [292/445] ICTP
[11:56:44] [293/445] ACTZ
[11:56:45] [294/445] GTUR
[11:56:46] [295/445] MAFC
[11:56:47] [296/445] MINL
[11:56:48] [297/445] MRCL
[11:56:49] [298/445] RCRP
[11:56:50] [299/445] RFFG
[11:56:51] [300/445] RMAS
[11:56:52] [301/445] INVR
[11:56:53] [302/445] RMAR
[11:56:54] [303/445] CNIS
[11:56:55] [304/445] RHRJ
[11:56:55] [305/445] INXR
[11:56:56] [306/445] VALT
[11:56:58] [307/445] LCSH
[11:56:59] [308/445] CMVS
[11:56:59] [309/445] CNMS
[11:57:00] [310/445] ROOG
[11:57:01] [311/445] ISRM
[11:57:02] [312/445] RCRM
[11:57:03] [313/445] ACJA
[11:57:04] [314/445] RCVS
[11:57:05] [315/445] CPUS
[11:57:05] [316/445] TGCS
[11:57:06] [317/445] RKCJ
[11:57:07] [318/445] MKSB
[11:57:08] [319/445] TCSJ
[11:57:09] [320/445] RMGP
[11:57:10] [321/445] CLLP
[11:57:12] [322/445] RCMV
[11:57:13] [323/445] CCKS
[11:57:14] [324/445] RSRP
[11:57:15] [325/445] APLP
[11:57:16] [326/445] CNVS
[11:57:17] [327/445] RMVY
[11:57:18] [328/445] PGBD
[11:57:18] [329/445] KLMS
[11:57:19] [330/445] RUST
[11:57:20] [331/445] MASM
[11:57:21] [332/445] BACS
[11:57:21] [333/445] BWST
[11:57:22] [334/445] RRFH
[11:57:23] [335/445] SJTM
[11:57:24] [336/445] BEMR
[11:57:25] [337/445] MCGR
[11:57:27] [338/445] SDSK
[11:57:28] [339/445] VBOL
[11:57:28] [340/445] RMGM
[11:57:30] [341/445] NOPL
[11:57:32] [342/445] MKJK
[11:57:32] [343/445] CVRN
[11:57:33] [344/445] MMEN
[11:57:34] [345/445] AMNG
[11:57:35] [346/445] INTM
[11:57:36] [347/445] SLCZ
[11:57:37] [348/445] AMJN
[11:57:38] [349/445] ACJN
[11:57:38] [350/445] AMKN
[11:57:39] [351/445] BTCN
[11:57:40] [352/445] AMBT
[11:57:41] [353/445] PACN
[11:57:42] [354/445] LCNS
[11:57:44] [355/445] PPKC
[11:57:45] [356/445] JYYN
[11:57:45] [357/445] JTNR
[11:57:46] [358/445] GTEE
[11:57:47] [359/445] SRNM
[11:57:48] [360/445] SDTC
[11:57:49] [361/445] VPCA
[11:57:50] [362/445] VLRA
[11:57:50] [363/445] SHKR
[11:57:51] [364/445] SBKD
[11:57:52] [365/445] SAAD
[11:57:53] [366/445] JTGN
[11:57:54] [367/445] SLAM
[11:57:55] [368/445] VTPM
[11:57:56] [369/445] ANPT
[11:57:57] [370/445] PUNB
[11:57:58] [371/445] CPKT
[11:57:59] [372/445] CNWE
[11:57:59] [373/445] ECPP
[11:58:00] [374/445] CPAR
[11:58:01] [375/445] ESBW
[11:58:02] [376/445] PKPU
[11:58:03] [377/445] CPRP
[11:58:03] [378/445] RAHU
[11:58:05] [379/445] RHMN
[11:58:06] [380/445] FMJP
[11:58:07] [381/445] CTMP
[11:58:08] [382/445] INPN
[11:58:09] [383/445] STTG
[11:58:10] [384/445] CTRD
[11:58:11] [385/445] PUVB
[11:58:13] [386/445] ESVP
[11:58:14] [387/445] CPFT
[11:58:15] [388/445] LCPC
[11:58:17] [389/445] VBCT
[11:58:18] [390/445] FSCW
[11:58:18] [391/445] VCMP
[11:58:19] [392/445] ASHC
[11:58:21] [393/445] VLCX
[11:58:22] [394/445] SHEV
[11:58:22] [395/445] APCO
[11:58:23] [396/445] SILC
[11:58:24] [397/445] SNMR
[11:58:25] [398/445] KYBO
[11:58:26] [399/445] SATK
[11:58:26] [400/445] SSCS
[11:58:27] [401/445] CLSB
[11:58:28] [402/445] KMJR
[11:58:29] [403/445] FSCK
[11:58:30] [404/445] NNKA
[11:58:31] [405/445] CLMK
[11:58:32] [406/445] DMPZ
[11:58:32] [407/445] INQM
[11:58:33] [408/445] CAML
[11:58:34] [409/445] INRK
[11:58:35] [410/445] IMKN
[11:58:36] [411/445] SVNR
[11:58:37] [412/445] INSL
[11:58:38] [413/445] MSMA
[11:58:39] [414/445] MCKK
[11:58:39] [415/445] FCHP
[11:58:40] [416/445] SFCR
[11:58:41] [417/445] NACK
[11:58:42] [418/445] PVAK
[11:58:43] [419/445] INER
[11:58:44] [420/445] RDBK
[11:58:45] [421/445] SVFN
[11:58:46] [422/445] IFRM
[11:58:47] [423/445] ATCK
[11:58:47] [424/445] ASKO
[11:58:48] [425/445] STKT
[11:58:50] [426/445] SVFB
[11:58:51] [427/445] INKS
[11:58:52] [428/445] PCRA
[11:58:52] [429/445] ATJA
[11:58:54] [430/445] IMJN
[11:58:55] [431/445] INHD
[11:58:56] [432/445] BARA
[11:58:57] [433/445] MCSL
[11:58:57] [434/445] RTOY
[11:58:58] [435/445] MENO
[11:58:59] [436/445] PUDM
[11:59:00] [437/445] PRCN
[11:59:01] [438/445] JMJR
[11:59:02] [439/445] SSGK
[11:59:02] [440/445] SSRL
[11:59:04] [441/445] JYKL
[11:59:05] [442/445] ACNB
[11:59:05] [443/445] SONP
[11:59:06] [444/445] EMCI
[11:59:07] [445/445] MRJH
[11:59:08] 🧹 Deduping shows
[11:59:08] ✅ DONE | Shows=163 | Movies=11
[19:01:21] 🚀 SCRIPT STARTED
[19:01:21] [1/445] TGMR
[19:01:21] 🧠 New identity created
[19:01:23] [2/445] CXKR
[19:01:23] [3/445] SROP
[19:01:24] [4/445] GTSV
[19:01:25] [5/445] SNTY
[19:01:26] [6/445] SMYY
[19:01:27] [7/445] CNCS
[19:01:28] [8/445] CSTM
[19:01:29] [9/445] NUCD
[19:01:30] [10/445] SHCZ
[19:01:31] [11/445] NJCT
[19:01:32] [12/445] COPC
[19:01:33] [13/445] STVV
[19:01:34] [14/445] SKRN
[19:01:36] [15/445] APPZ
[19:01:37] [16/445] YMGN
[19:01:38] [17/445] SVTU
[19:01:39] [18/445] GTAD
[19:01:40] [19/445] PSUS
[19:01:41] [20/445] SMCD
[19:01:41] [21/445] CMCM
[19:01:42] [22/445] SYCT
[19:01:43] [23/445] STLY
[19:01:44] [24/445] CMHU
[19:01:45] [25/445] CMSA
[19:01:46] [26/445] CLCU
[19:01:47] [27/445] PPNT
[19:01:48] [28/445] JTAB
[19:01:49] [29/445] BUUC
[19:01:50] [30/445] BSVK
[19:01:50] [31/445] VVVQ
[19:01:51] [32/445] TKMU
[19:01:52] [33/445] ESYL
[19:01:53] [34/445] ACHP
[19:01:54] [35/445] BTKD
[19:01:54] [36/445] DESA
[19:01:56] [37/445] GBCT
[19:01:57] [38/445] BLLD
[19:01:57] [39/445] SKNT
[19:01:58] [40/445] SSTE
[19:02:00] [41/445] VJMR
[19:02:00] [42/445] NTPU
[19:02:01] [43/445] RDKN
[19:02:02] [44/445] ADGC
[19:02:03] [45/445] VRBP
[19:02:03] [46/445] NMNA
[19:02:04] [47/445] CMMX
[19:02:05] [48/445] PTKO
[19:02:06] [49/445] RBML
[19:02:07] [50/445] SAIC
[19:02:08] [51/445] SVTJ
[19:02:08] [52/445] MRTE
[19:02:09] [53/445] RBTP
[19:02:10] [54/445] NLPS
[19:02:11] [55/445] GTNA
[19:02:12] [56/445] DGGC
[19:02:14] [57/445] SMCR
[19:02:15] [58/445] SCGD
[19:02:16] [59/445] SRRJ
[19:02:16] [60/445] CNRY
[19:02:17] [61/445] KTDI
[19:02:18] [62/445] SNJL
[19:02:19] [63/445] RKMD
[19:02:20] [64/445] SMDC
[19:02:20] [65/445] TADG
[19:02:22] [66/445] MCGS
[19:02:22] [67/445] PETK
[19:02:23] [68/445] CHAG
[19:02:25] [69/445] KSTL
[19:02:25] [70/445] AADS
[19:02:26] [71/445] NTHZ
[19:02:27] [72/445] HCKI
[19:02:29] [73/445] SSEF
[19:02:29] [74/445] MCGX
[19:02:30] [75/445] ERRA
[19:02:31] [76/445] SDTW
[19:02:32] [77/445] RMPK
[19:02:33] [78/445] PTHK
[19:02:34] [79/445] PXCS
[19:02:35] [80/445] SVLU
[19:02:35] [81/445] STAH
[19:02:36] [82/445] JRGF
[19:02:37] [83/445] CDOK
[19:02:37] [84/445] CMSG
[19:02:38] [85/445] APTD
[19:02:39] [86/445] KMPG
[19:02:40] [87/445] MUTJ
[19:02:41] [88/445] VCCI
[19:02:42] [89/445] URBE
[19:02:42] [90/445] TCTS
[19:02:43] [91/445] STSN
[19:02:44] [92/445] AKCH
[19:02:45] [93/445] APSC
[19:02:46] [94/445] VLTB
[19:02:47] [95/445] SANU
[19:02:47] [96/445] AXAM
[19:02:48] [97/445] MGMG
[19:02:49] [98/445] HTBY
[19:02:50] [99/445] MMZS
[19:02:51] [100/445] SUDR
[19:02:51] [101/445] CCAD
[19:02:53] [102/445] SKKC
[19:02:53] [103/445] RMCD
[19:02:54] [104/445] SBCQ
[19:02:55] [105/445] DCCT
[19:02:56] [106/445] VTKP
[19:02:57] [107/445] MLAM
[19:02:58] [108/445] SAVT
[19:02:58] [109/445] GEPL
[19:02:59] [110/445] AMCD
[19:03:00] [111/445] CCXR
[19:03:01] [112/445] GRNG
[19:03:02] [113/445] EBCA
[19:03:03] [114/445] CNVG
[19:03:04] [115/445] MWSS
[19:03:04] [116/445] VBOR
[19:03:05] [117/445] NEEB
[19:03:06] [118/445] SUTH
[19:03:07] [119/445] ANDB
[19:03:08] [120/445] MMXS
[19:03:09] [121/445] CNPD
[19:03:10] [122/445] SDCE
[19:03:11] [123/445] DHCB
[19:03:12] [124/445] ODEN
[19:03:13] [125/445] TNTC
[19:03:14] [126/445] VBKM
[19:03:15] [127/445] RZYM
[19:03:15] [128/445] JEMC
[19:03:16] [129/445] CMAU
[19:03:17] [130/445] SIVP
[19:03:18] [131/445] ATAG
[19:03:19] [132/445] CHTM
[19:03:19] [133/445] AAEE
[19:03:20] [134/445] IWPM
[19:03:21] [135/445] KCMW
[19:03:22] [136/445] MCTD
[19:03:22] [137/445] SPWR
[19:03:23] [138/445] SDPO
[19:03:24] [139/445] PCSK
[19:03:25] [140/445] ACHV
[19:03:26] [141/445] SVLA
[19:03:27] [142/445] PICT
[19:03:27] [143/445] BXDR
[19:03:29] [144/445] SPWA
[19:03:30] [145/445] MCKO
[19:03:30] [146/445] RTHK
[19:03:31] [147/445] CCMF
[19:03:32] [148/445] MRGB
[19:03:33] [149/445] CPLC
[19:03:34] [150/445] RACD
[19:03:34] [151/445] ATKT
[19:03:35] [152/445] SARN
[19:03:36] [153/445] KKUI
[19:03:37] [154/445] RGCM
[19:03:37] [155/445] BRVP
[19:03:38] [156/445] HRSR
[19:03:39] [157/445] GKGM
[19:03:40] [158/445] TTCD
[19:03:41] [159/445] PTTI
[19:03:41] [160/445] MPTT
[19:03:42] [161/445] CVTT
[19:03:44] [162/445] PCXD
[19:03:44] [163/445] GCDC
[19:03:45] [164/445] CCCF
[19:03:46] [165/445] MRAD
[19:03:47] [166/445] CPLK
[19:03:48] [167/445] SATB
[19:03:48] [168/445] SNVG
[19:03:49] [169/445] JMBA
[19:03:50] [170/445] TEJA
[19:03:51] [171/445] STYO
[19:03:52] [172/445] JTBP
[19:03:53] [173/445] KRGD
[19:03:53] [174/445] SLJJ
[19:03:54] [175/445] SPTJ
[19:03:55] [176/445] SWJG
[19:03:55] [177/445] LKRT
[19:03:56] [178/445] KCKA
[19:03:57] [179/445] SNCR
[19:03:57] [180/445] SMKL
[19:03:58] [181/445] GCFA
[19:03:59] [182/445] DDCK
[19:04:00] [183/445] NCHJ
[19:04:01] [184/445] RDMA
[19:04:02] [185/445] SVSV
[19:04:02] [186/445] SCJG
[19:04:03] [187/445] VKLP
[19:04:04] [188/445] NWCC
[19:04:04] [189/445] VKNS
[19:04:05] [190/445] SDDP
[19:04:06] [191/445] ACSI
[19:04:07] [192/445] SATG
[19:04:08] [193/445] SCMW
[19:04:09] [194/445] LKTK
[19:04:09] [195/445] VCKV
[19:04:11] [196/445] KKPE
[19:04:12] [197/445] KIGH
[19:04:13] [198/445] SRPM
[19:04:14] [199/445] SCAH
[19:04:15] [200/445] MUTA
[19:04:15] [201/445] SEPU
[19:04:16] [202/445] INOA
[19:04:17] [203/445] BASK
[19:04:18] [204/445] NECB
[19:04:18] [205/445] GTTG
[19:04:19] [206/445] ASSA
[19:04:20] [207/445] ANCL
[19:04:21] [208/445] GCTI
[19:04:22] [209/445] RCTS
[19:04:22] [210/445] ACNL
[19:04:23] [211/445] MYCT
[19:04:24] [212/445] NMHT
[19:04:25] [213/445] MDIT
[19:04:26] [214/445] LATG
[19:04:27] [215/445] SMTY
[19:04:28] [216/445] CVCT
[19:04:29] [217/445] RAMB
[19:04:30] [218/445] TGMS
[19:04:30] [219/445] BHEL
[19:04:31] [220/445] SHCT
[19:04:32] [221/445] SVCT
[19:04:33] [222/445] MRIY
[19:04:33] [223/445] SARO
[19:04:34] [224/445] STCT
[19:04:36] [225/445] JKKC
[19:04:36] [226/445] PLTT
[19:04:37] [227/445] SRNT
[19:04:38] [228/445] YAST
[19:04:39] [229/445] PERL
[19:04:40] [230/445] CICM
[19:04:41] [231/445] MMTR
[19:04:42] [232/445] ABTK
[19:04:43] [233/445] ATYY
[19:04:44] [234/445] ASTK
[19:04:45] [235/445] VVCK
[19:04:45] [236/445] ATKY
[19:04:46] [237/445] GWEK
[19:04:47] [238/445] SVFH
[19:04:48] [239/445] SLTA
[19:04:49] [240/445] AASH
[19:04:50] [241/445] ACXB
[19:04:50] [242/445] SMTX
[19:04:51] [243/445] AZDH
[19:04:52] [244/445] CMMH
[19:04:53] [245/445] SCSZ
[19:04:54] [246/445] SCKP
[19:04:55] [247/445] NXTM
[19:04:55] [248/445] NWCS
[19:04:56] [249/445] CXMH
[19:04:57] [250/445] PCMA
[19:04:58] [251/445] SGCM
[19:04:58] [252/445] SDTU
[19:04:59] [253/445] MMVI
[19:05:00] [254/445] JKCM
[19:05:00] [255/445] VCMM
[19:05:01] [256/445] SYEE
[19:05:02] [257/445] VASD
[19:05:03] [258/445] BDRB
[19:05:04] [259/445] LASM
[19:05:05] [260/445] DCRL
[19:05:06] [261/445] DVPM
[19:05:07] [262/445] SBMJ
[19:05:08] [263/445] CBMU
[19:05:09] [264/445] IUBS
[19:05:10] [265/445] INAP
[19:05:10] [266/445] SRRC
[19:05:11] [267/445] SAGR
[19:05:12] [268/445] CPMJ
[19:05:13] [269/445] ATJL
[19:05:14] [270/445] NNTD
[19:05:15] [271/445] JHCJ
[19:05:15] [272/445] CMMP
[19:05:16] [273/445] RSDR
[19:05:17] [274/445] AMTI
[19:05:18] [275/445] NYSG
[19:05:18] [276/445] AVSG
[19:05:19] [277/445] SYTP
[19:05:20] [278/445] LARC
[19:05:21] [279/445] RJTP
[19:05:22] [280/445] LAKC
[19:05:23] [281/445] MCXE
[19:05:24] [282/445] CCZC
[19:05:25] [283/445] AVCH
[19:05:25] [284/445] CMBE
[19:05:26] [285/445] MRRC
[19:05:27] [286/445] PCPY
[19:05:28] [287/445] SRMH
[19:05:29] [288/445] SVGS
[19:05:30] [289/445] PCSE
[19:05:30] [290/445] SVFT
[19:05:31] [291/445] TNZP
[19:05:32] [292/445] ICTP
[19:05:33] [293/445] ACTZ
[19:05:34] [294/445] GTUR
[19:05:34] [295/445] MAFC
[19:05:35] [296/445] MINL
[19:05:36] [297/445] MRCL
[19:05:37] [298/445] RCRP
[19:05:37] [299/445] RFFG
[19:05:38] [300/445] RMAS
[19:05:39] [301/445] INVR
[19:05:40] [302/445] RMAR
[19:05:41] [303/445] CNIS
[19:05:41] [304/445] RHRJ
[19:05:42] [305/445] INXR
[19:05:44] [306/445] VALT
[19:05:44] [307/445] LCSH
[19:05:45] [308/445] CMVS
[19:05:46] [309/445] CNMS
[19:05:48] [310/445] ROOG
[19:05:48] [311/445] ISRM
[19:05:49] [312/445] RCRM
[19:05:50] [313/445] ACJA
[19:05:51] [314/445] RCVS
[19:05:52] [315/445] CPUS
[19:05:53] [316/445] TGCS
[19:05:54] [317/445] RKCJ
[19:05:55] [318/445] MKSB
[19:05:56] [319/445] TCSJ
[19:05:56] [320/445] RMGP
[19:05:57] [321/445] CLLP
[19:05:58] [322/445] RCMV
[19:05:59] [323/445] CCKS
[19:05:59] [324/445] RSRP
[19:06:00] [325/445] APLP
[19:06:01] [326/445] CNVS
[19:06:02] [327/445] RMVY
[19:06:02] [328/445] PGBD
[19:06:04] [329/445] KLMS
[19:06:05] [330/445] RUST
[19:06:06] [331/445] MASM
[19:06:06] [332/445] BACS
[19:06:07] [333/445] BWST
[19:06:08] [334/445] RRFH
[19:06:09] [335/445] SJTM
[19:06:09] [336/445] BEMR
[19:06:10] [337/445] MCGR
[19:06:11] [338/445] SDSK
[19:06:12] [339/445] VBOL
[19:06:13] [340/445] RMGM
[19:06:13] [341/445] NOPL
[19:06:15] [342/445] MKJK
[19:06:16] [343/445] CVRN
[19:06:17] [344/445] MMEN
[19:06:17] [345/445] AMNG
[19:06:18] [346/445] INTM
[19:06:19] [347/445] SLCZ
[19:06:20] [348/445] AMJN
[19:06:22] [349/445] ACJN
[19:06:23] [350/445] AMKN
[19:06:23] [351/445] BTCN
[19:06:24] [352/445] AMBT
[19:06:26] [353/445] PACN
[19:06:27] [354/445] LCNS
[19:06:27] [355/445] PPKC
[19:06:28] [356/445] JYYN
[19:06:30] [357/445] JTNR
[19:06:31] [358/445] GTEE
[19:06:31] [359/445] SRNM
[19:06:32] [360/445] SDTC
[19:06:33] [361/445] VPCA
[19:06:34] [362/445] VLRA
[19:06:35] [363/445] SHKR
[19:06:36] [364/445] SBKD
[19:06:37] [365/445] SAAD
[19:06:37] [366/445] JTGN
[19:06:38] [367/445] SLAM
[19:06:39] [368/445] VTPM
[19:06:40] [369/445] ANPT
[19:06:41] [370/445] PUNB
[19:06:42] [371/445] CPKT
[19:06:42] [372/445] CNWE
[19:06:43] [373/445] ECPP
[19:06:44] [374/445] CPAR
[19:06:45] [375/445] ESBW
[19:06:46] [376/445] PKPU
[19:06:47] [377/445] CPRP
[19:06:48] [378/445] RAHU
[19:06:48] [379/445] RHMN
[19:06:49] [380/445] FMJP
[19:06:51] [381/445] CTMP
[19:06:52] [382/445] INPN
[19:06:52] [383/445] STTG
[19:06:53] [384/445] CTRD
[19:06:54] [385/445] PUVB
[19:06:55] [386/445] ESVP
[19:06:56] [387/445] CPFT
[19:06:56] [388/445] LCPC
[19:06:57] [389/445] VBCT
[19:06:58] [390/445] FSCW
[19:06:59] [391/445] VCMP
[19:06:59] [392/445] ASHC
[19:07:01] [393/445] VLCX
[19:07:01] [394/445] SHEV
[19:07:02] [395/445] APCO
[19:07:03] [396/445] SILC
[19:07:04] [397/445] SNMR
[19:07:05] [398/445] KYBO
[19:07:06] [399/445] SATK
[19:07:07] [400/445] SSCS
[19:07:08] [401/445] CLSB
[19:07:09] [402/445] KMJR
[19:07:09] [403/445] FSCK
[19:07:10] [404/445] NNKA
[19:07:11] [405/445] CLMK
[19:07:12] [406/445] DMPZ
[19:07:13] [407/445] INQM
[19:07:14] [408/445] CAML
[19:07:15] [409/445] INRK
[19:07:16] [410/445] IMKN
[19:07:17] [411/445] SVNR
[19:07:18] [412/445] INSL
[19:07:18] [413/445] MSMA
[19:07:19] [414/445] MCKK
[19:07:21] [415/445] FCHP
[19:07:22] [416/445] SFCR
[19:07:22] [417/445] NACK
[19:07:23] [418/445] PVAK
[19:07:24] [419/445] INER
[19:07:25] [420/445] RDBK
[19:07:26] [421/445] SVFN
[19:07:27] [422/445] IFRM
[19:07:28] [423/445] ATCK
[19:07:28] [424/445] ASKO
[19:07:30] [425/445] STKT
[19:07:31] [426/445] SVFB
[19:07:32] [427/445] INKS
[19:07:32] [428/445] PCRA
[19:07:33] [429/445] ATJA
[19:07:35] [430/445] IMJN
[19:07:36] [431/445] INHD
[19:07:36] [432/445] BARA
[19:07:37] [433/445] MCSL
[19:07:38] [434/445] RTOY
[19:07:39] [435/445] MENO
[19:07:39] [436/445] PUDM
[19:07:40] [437/445] PRCN
[19:07:41] [438/445] JMJR
[19:07:42] [439/445] SSGK
[19:07:43] [440/445] SSRL
[19:07:44] [441/445] JYKL
[19:07:44] [442/445] ACNB
[19:07:45] [443/445] SONP
[19:07:46] [444/445] EMCI
[19:07:47] [445/445] MRJH
[19:07:48] 🧹 Deduping shows
[19:07:48] ✅ DONE | Shows=322 | Movies=23
