[10:18:58] 🚀 SCRIPT STARTED
[10:18:58] [1/459] NECA
[10:18:58] 🧠 New identity created
[10:19:00] [2/459] BJLC
[10:19:01] [3/459] BASU
[10:19:01] [4/459] RUPI
[10:19:02] [5/459] LCBK
[10:19:03] [6/459] PMAC
[10:19:04] [7/459] AMLC
[10:19:05] [8/459] LICL
[10:19:06] [9/459] UDMM
[10:19:07] [10/459] STBZ
[10:19:08] [11/459] UUBT
[10:19:08] [12/459] SJKC
[10:19:09] [13/459] TUAL
[10:19:10] [14/459] MRSE
[10:19:11] [15/459] RMRK
[10:19:11] [16/459] TTKP
[10:19:12] [17/459] KTKO
[10:19:13] [18/459] SDBK
[10:19:14] [19/459] MCPR
[10:19:15] [20/459] CHTI
[10:19:16] [21/459] GCCP
[10:19:17] [22/459] SRMY
[10:19:19] [23/459] NYST
[10:19:20] [24/459] NYAG
[10:19:20] [25/459] SBMT
[10:19:21] [26/459] INGA
[10:19:22] [27/459] WSIC
[10:19:23] [28/459] SCSS
[10:19:23] [29/459] COPG
[10:19:24] [30/459] RCGR
[10:19:25] [31/459] TCZA
[10:19:26] [32/459] CNLP
[10:19:27] [33/459] CLKN
[10:19:27] [34/459] LHDF
[10:19:28] [35/459] ELKC
[10:19:29] [36/459] VCEM
[10:19:30] [37/459] SSZA
[10:19:30] [38/459] KRMT
[10:19:31] [39/459] LCMV
[10:19:32] [40/459] AYCZ
[10:19:33] [41/459] CUMS
[10:19:34] [42/459] BOCK
[10:19:35] [43/459] PNMR
[10:19:36] [44/459] PJCP
[10:19:36] [45/459] JDDD
[10:19:37] [46/459] STMS
[10:19:38] [47/459] FLMB
[10:19:39] [48/459] PKCM
[10:19:39] [49/459] SPPR
[10:19:40] [50/459] EYLH
[10:19:41] [51/459] RJCC
[10:19:41] [52/459] MMPS
[10:19:42] [53/459] SHMX
[10:19:43] [54/459] CCNL
[10:19:44] [55/459] RCNV
[10:19:45] [56/459] MAAG
[10:19:46] [57/459] LXCM
[10:19:46] [58/459] RCNI
[10:19:47] [59/459] SNNI
[10:19:48] [60/459] LALC
[10:19:49] [61/459] SOCN
[10:19:49] [62/459] JHTP
[10:19:51] [63/459] PITP
[10:19:52] [64/459] CCKW
[10:19:52] [65/459] MCMC
[10:19:53] [66/459] DEES
[10:19:54] [67/459] SABT
[10:19:55] [68/459] VSPP
[10:19:56] [69/459] ABCT
[10:19:56] [70/459] JVTB
[10:19:57] [71/459] VCBD
[10:19:58] [72/459] RMGG
[10:19:59] [73/459] RNMH
[10:20:00] [74/459] SPGL
[10:20:01] [75/459] JTTR
[10:20:02] [76/459] SICS
[10:20:02] [77/459] SRMI
[10:20:03] [78/459] SSIJ
[10:20:04] [79/459] KFMT
[10:20:06] [80/459] VBIT
[10:20:06] [81/459] JKCT
[10:20:07] [82/459] GCGP
[10:20:08] [83/459] GDCS
[10:20:09] [84/459] TRBA
[10:20:10] [85/459] QUST
[10:20:11] [86/459] VSHM
[10:20:12] [87/459] SDCP
[10:20:13] [88/459] SNVS
[10:20:13] [89/459] NYTO
[10:20:14] [90/459] URWC
[10:20:15] [91/459] GTWH
[10:20:16] [92/459] PFCM
[10:20:17] [93/459] KRTA
[10:20:18] [94/459] AXMC
[10:20:19] [95/459] EVMC
[10:20:20] [96/459] HGSM
[10:20:20] [97/459] ACVM
[10:20:21] [98/459] PSKL
[10:20:22] [99/459] RDMP
[10:20:23] [100/459] RHGH
[10:20:24] [101/459] OMCM
[10:20:24] [102/459] DCCP
[10:20:25] [103/459] MCPB
[10:20:26] [104/459] ALCI
[10:20:27] [105/459] BLMX
[10:20:28] [106/459] BTMV
[10:20:29] [107/459] FVPN
[10:20:29] [108/459] CMAR
[10:20:30] [109/459] CEIM
[10:20:31] [110/459] CMVA
[10:20:33] [111/459] CPIV
[10:20:33] [112/459] CNPE
[10:20:34] [113/459] COLV
[10:20:35] [114/459] DNNV
[10:20:36] [115/459] HCAD
[10:20:37] [116/459] TAKA
[10:20:38] [117/459] INVD
[10:20:38] [118/459] IRMM
[10:20:39] [119/459] INSE
[10:20:40] [120/459] MRSW
[10:20:41] [121/459] MCVD
[10:20:42] [122/459] MCSO
[10:20:42] [123/459] PEVM
[10:20:43] [124/459] PVNL
[10:20:44] [125/459] PTCV
[10:20:45] [126/459] PRTC
[10:20:46] [127/459] RCVA
[10:20:46] [128/459] MTBN
[10:20:47] [129/459] LUCP
[10:20:48] [130/459] FMPT
[10:20:49] [131/459] JLSL
[10:20:50] [132/459] SBHA
[10:20:50] [133/459] SHRC
[10:20:51] [134/459] AVPS
[10:20:52] [135/459] STPM
[10:20:53] [136/459] ATRD
[10:20:54] [137/459] VTED
[10:20:54] [138/459] ACAI
[10:20:55] [139/459] SMAE
[10:20:56] [140/459] VMAT
[10:20:57] [141/459] LKCT
[10:20:58] [142/459] JTVK
[10:20:58] [143/459] PRTY
[10:20:59] [144/459] GETT
[10:21:00] [145/459] ESAP
[10:21:01] [146/459] NCPM
[10:21:02] [147/459] PCPA
[10:21:04] [148/459] MMOM
[10:21:04] [149/459] PHUP
[10:21:05] [150/459] CCPI
[10:21:05] [151/459] CNTD
[10:21:06] [152/459] NLJR
[10:21:08] [153/459] SRNG
[10:21:09] [154/459] MHAL
[10:21:10] [155/459] PNSM
[10:21:11] [156/459] DRMY
[10:21:12] [157/459] CCMU
[10:21:13] [158/459] SCMY
[10:21:14] [159/459] PVSY
[10:21:15] [160/459] SDLM
[10:21:16] [161/459] ICCM
[10:21:17] [162/459] PYSU
[10:21:19] [163/459] GATM
[10:21:19] [164/459] WOTM
[10:21:20] [165/459] RKTS
[10:21:21] [166/459] PMTY
[10:21:22] [167/459] LYMS
[10:21:23] [168/459] TGCA
[10:21:24] [169/459] DSTA
[10:21:25] [170/459] CNGE
[10:21:26] [171/459] VSTG
[10:21:27] [172/459] GTCK
[10:21:28] [173/459] TGNT
[10:21:28] [174/459] ASLC
[10:21:29] [175/459] SSST
[10:21:30] [176/459] KBTT
[10:21:31] [177/459] HKCP
[10:21:32] [178/459] SWLC
[10:21:33] [179/459] RTND
[10:21:33] [180/459] PKKT
[10:21:34] [181/459] HSTK
[10:21:35] [182/459] SPTT
[10:21:36] [183/459] IMPM
[10:21:36] [184/459] SCMV
[10:21:37] [185/459] SPCT
[10:21:38] [186/459] JBCA
[10:21:39] [187/459] ATTR
[10:21:40] [188/459] SPMT
[10:21:40] [189/459] LCTM
[10:21:41] [190/459] SCVL
[10:21:42] [191/459] SCVT
[10:21:43] [192/459] KRIC
[10:21:44] [193/459] CTMG
[10:21:45] [194/459] ACNC
[10:21:46] [195/459] DMCK
[10:21:47] [196/459] KMTV
[10:21:48] [197/459] PFCJ
[10:21:49] [198/459] VNMD
[10:21:50] [199/459] VPCZ
[10:21:51] [200/459] SRYR
[10:21:52] [201/459] SYTR
[10:21:53] [202/459] GATR
[10:21:54] [203/459] URTR
[10:21:55] [204/459] MKSM
[10:21:56] [205/459] VSMH
[10:21:56] [206/459] SKRJ
[10:21:57] [207/459] SSJR
[10:21:58] [208/459] SVSM
[10:21:59] [209/459] RUCM
[10:22:00] [210/459] PRKN
[10:22:01] [211/459] RROH
[10:22:02] [212/459] SCTN
[10:22:02] [213/459] RTDM
[10:22:03] [214/459] ASRM
[10:22:04] [215/459] SKMD
[10:22:06] [216/459] SUTD
[10:22:06] [217/459] SADM
[10:22:07] [218/459] WCNR
[10:22:08] [219/459] CNED
[10:22:09] [220/459] MPDB
[10:22:10] [221/459] KTBH
[10:22:11] [222/459] IDRM
[10:22:12] [223/459] PJJT
[10:22:12] [224/459] PFCV
[10:22:13] [225/459] AACT
[10:22:14] [226/459] AAAD
[10:22:15] [227/459] ANES
[10:22:16] [228/459] MNCA
[10:22:17] [229/459] RMGU
[10:22:18] [230/459] DLCN
[10:22:18] [231/459] LJWT
[10:22:19] [232/459] MCBG
[10:22:20] [233/459] MYBG
[10:22:20] [234/459] GCCA
[10:22:21] [235/459] GCGA
[10:22:22] [236/459] ECGN
[10:22:24] [237/459] PRAB
[10:22:25] [238/459] PNMP
[10:22:26] [239/459] GCPT
[10:22:27] [240/459] ROYN
[10:22:28] [241/459] VATM
[10:22:29] [242/459] KSNT
[10:22:30] [243/459] ACTC
[10:22:31] [244/459] PLTD
[10:22:32] [245/459] SKMK
[10:22:33] [246/459] CMTT
[10:22:34] [247/459] SMXP
[10:22:35] [248/459] SCMX
[10:22:35] [249/459] ACXN
[10:22:36] [250/459] ASWT
[10:22:37] [251/459] VVVL
[10:22:38] [252/459] NAGO
[10:22:39] [253/459] SNCN
[10:22:39] [254/459] MCKP
[10:22:40] [255/459] SAMO
[10:22:41] [256/459] JBTV
[10:22:42] [257/459] DCVV
[10:22:43] [258/459] KMSV
[10:22:44] [259/459] KDCN
[10:22:45] [260/459] CNCP
[10:22:46] [261/459] HAMC
[10:22:47] [262/459] CCVZ
[10:22:47] [263/459] NCCK
[10:22:48] [264/459] MCHR
[10:22:49] [265/459] SCHT
[10:22:50] [266/459] ESSH
[10:22:51] [267/459] CUJC
[10:22:52] [268/459] PECP
[10:22:53] [269/459] PMMI
[10:22:54] [270/459] PCCH
[10:22:54] [271/459] PRPM
[10:22:55] [272/459] PVKL
[10:22:56] [273/459] CBSM
[10:22:57] [274/459] PVCZ
[10:22:58] [275/459] PCVV
[10:22:59] [276/459] CTMJ
[10:23:00] [277/459] RCPS
[10:23:01] [278/459] PCIT
[10:23:02] [279/459] FNCH
[10:23:02] [280/459] INZD
[10:23:03] [281/459] INPC
[10:23:04] [282/459] LCZP
[10:23:05] [283/459] SMCB
[10:23:06] [284/459] PTSB
[10:23:07] [285/459] TPSI
[10:23:07] [286/459] KHMJ
[10:23:09] [287/459] RCCJ
[10:23:10] [288/459] NCJA
[10:23:10] [289/459] NCJN
[10:23:11] [290/459] BTDP
[10:23:12] [291/459] PADY
[10:23:13] [292/459] NYBH
[10:23:14] [293/459] MTBR
[10:23:15] [294/459] KRBC
[10:23:16] [295/459] DKTI
[10:23:17] [296/459] ANAN
[10:23:18] [297/459] INBP
[10:23:18] [298/459] PATB
[10:23:19] [299/459] RGNT
[10:23:20] [300/459] CGPM
[10:23:21] [301/459] INTN
[10:23:22] [302/459] MCMP
[10:23:23] [303/459] ASRG
[10:23:24] [304/459] CXJD
[10:23:24] [305/459] SPCP
[10:23:25] [306/459] CSTP
[10:23:26] [307/459] PKVC
[10:23:27] [308/459] ESCP
[10:23:28] [309/459] CAEP
[10:23:28] [310/459] CCSP
[10:23:29] [311/459] KTPC
[10:23:31] [312/459] DACA
[10:23:31] [313/459] NVKY
[10:23:32] [314/459] PTIN
[10:23:33] [315/459] SCIN
[10:23:34] [316/459] MCTY
[10:23:34] [317/459] PCMX
[10:23:36] [318/459] INIC
[10:23:37] [319/459] MMZM
[10:23:38] [320/459] SSLP
[10:23:39] [321/459] DTDT
[10:23:40] [322/459] FFCX
[10:23:41] [323/459] RCMM
[10:23:42] [324/459] KYID
[10:23:43] [325/459] CSCI
[10:23:44] [326/459] FCMC
[10:23:44] [327/459] MMXI
[10:23:45] [328/459] ASTC
[10:23:46] [329/459] CMRA
[10:23:47] [330/459] DICI
[10:23:48] [331/459] KDIN
[10:23:49] [332/459] PRFI
[10:23:50] [333/459] SVFC
[10:23:51] [334/459] UCPL
[10:23:52] [335/459] COOC
[10:23:53] [336/459] SCAL
[10:23:55] [337/459] SVFF
[10:23:55] [338/459] VCMG
[10:23:56] [339/459] UUCT
[10:23:57] [340/459] GCSE
[10:23:58] [341/459] SUSC
[10:23:58] [342/459] MISC
[10:23:59] [343/459] RMBL
[10:24:00] [344/459] CMXN
[10:24:02] [345/459] PVBK
[10:24:02] [346/459] HHCG
[10:24:03] [347/459] SCAG
[10:24:05] [348/459] CNPR
[10:24:05] [349/459] CSER
[10:24:06] [350/459] HLWD
[10:24:07] [351/459] BOLY
[10:24:08] [352/459] SSPG
[10:24:09] [353/459] MUPX
[10:24:09] [354/459] HAMR
[10:24:10] [355/459] SDNC
[10:24:11] [356/459] RTEN
[10:24:12] [357/459] SDTD
[10:24:12] [358/459] KAWS
[10:24:13] [359/459] CMZX
[10:24:15] [360/459] DCDD
[10:24:15] [361/459] ALSN
[10:24:17] [362/459] IMXS
[10:24:18] [363/459] PVFF
[10:24:19] [364/459] PVOO
[10:24:19] [365/459] CFBS
[10:24:20] [366/459] PVER
[10:24:21] [367/459] PPNX
[10:24:22] [368/459] CNRM
[10:24:22] [369/459] PVWW
[10:24:23] [370/459] INMB
[10:24:24] [371/459] CPJR
[10:24:25] [372/459] INRZ
[10:24:26] [373/459] PMSR
[10:24:26] [374/459] GPGM
[10:24:27] [375/459] PGWB
[10:24:28] [376/459] PMBR
[10:24:29] [377/459] GPAM
[10:24:30] [378/459] INBC
[10:24:31] [379/459] PZVK
[10:24:31] [380/459] CPEB
[10:24:32] [381/459] FMLB
[10:24:33] [382/459] INBG
[10:24:33] [383/459] GPBR
[10:24:34] [384/459] PAAS
[10:24:35] [385/459] VTBR
[10:24:36] [386/459] GPMY
[10:24:37] [387/459] GYBU
[10:24:38] [388/459] INBJ
[10:24:38] [389/459] LKTH
[10:24:39] [390/459] NSBR
[10:24:40] [391/459] PDRD
[10:24:41] [392/459] VRBL
[10:24:41] [393/459] VTGB
[10:24:42] [394/459] VTSK
[10:24:43] [395/459] BKDV
[10:24:44] [396/459] SVTB
[10:24:44] [397/459] MLDT
[10:24:45] [398/459] NRBL
[10:24:46] [399/459] SLTR
[10:24:47] [400/459] VNKA
[10:24:47] [401/459] TDCA
[10:24:49] [402/459] INBM
[10:24:50] [403/459] SSNR
[10:24:50] [404/459] BHAC
[10:24:52] [405/459] SDSD
[10:24:52] [406/459] SAMP
[10:24:53] [407/459] RATK
[10:24:54] [408/459] KCBI
[10:24:55] [409/459] URBL
[10:24:56] [410/459] MKBG
[10:24:56] [411/459] ASTB
[10:24:57] [412/459] VBWT
[10:24:58] [413/459] GPSM
[10:24:59] [414/459] ROON
[10:25:00] [415/459] CHTH
[10:25:00] [416/459] SSPA
[10:25:01] [417/459] ANBL
[10:25:02] [418/459] VTBE
[10:25:03] [419/459] SVKT
[10:25:04] [420/459] SVYK
[10:25:05] [421/459] PTBK
[10:25:05] [422/459] RKTB
[10:25:06] [423/459] BALT
[10:25:07] [424/459] STSV
[10:25:08] [425/459] VCCB
[10:25:09] [426/459] SLTB
[10:25:10] [427/459] SBCR
[10:25:10] [428/459] VDCS
[10:25:11] [429/459] MDKI
[10:25:13] [430/459] SMRN
[10:25:13] [431/459] PTBC
[10:25:15] [432/459] RADI
[10:25:15] [433/459] ADCR
[10:25:17] [434/459] SDCS
[10:25:17] [435/459] SRPJ
[10:25:19] [436/459] ARTS
[10:25:20] [437/459] SRHK
[10:25:21] [438/459] SPAY
[10:25:22] [439/459] GPTB
[10:25:23] [440/459] SNNN
[10:25:24] [441/459] BALJ
[10:25:25] [442/459] TRIG
[10:25:25] [443/459] GTYT
[10:25:26] [444/459] ATGN
[10:25:27] [445/459] ANTE
[10:25:28] [446/459] BDCG
[10:25:29] [447/459] VECI
[10:25:29] [448/459] SCPR
[10:25:30] [449/459] RTEA
[10:25:31] [450/459] JSAI
[10:25:32] [451/459] VJTP
[10:25:33] [452/459] GNDS
[10:25:33] [453/459] PAXA
[10:25:34] [454/459] CGGM
[10:25:35] [455/459] ACKZ
[10:25:36] [456/459] EMCC
[10:25:37] [457/459] KLSK
[10:25:38] [458/459] AVCK
[10:25:39] [459/459] JTCK
[10:25:39] 🧹 Deduping shows
[10:25:39] ✅ DONE | Shows=10 | Movies=4
[16:43:01] 🚀 SCRIPT STARTED
[16:43:01] [1/459] NECA
[16:43:01] 🧠 New identity created
[16:43:02] [2/459] BJLC
[16:43:03] [3/459] BASU
[16:43:03] [4/459] RUPI
[16:43:04] [5/459] LCBK
[16:43:05] [6/459] PMAC
[16:43:06] [7/459] AMLC
[16:43:08] [8/459] LICL
[16:43:09] [9/459] UDMM
[16:43:10] [10/459] STBZ
[16:43:12] [11/459] UUBT
[16:43:13] [12/459] SJKC
[16:43:13] [13/459] TUAL
[16:43:14] [14/459] MRSE
[16:43:15] [15/459] RMRK
[16:43:16] [16/459] TTKP
[16:43:17] [17/459] KTKO
[16:43:18] [18/459] SDBK
[16:43:19] [19/459] MCPR
[16:43:20] [20/459] CHTI
[16:43:20] [21/459] GCCP
[16:43:22] [22/459] SRMY
[16:43:22] [23/459] NYST
[16:43:23] [24/459] NYAG
[16:43:24] [25/459] SBMT
[16:43:25] [26/459] INGA
[16:43:25] [27/459] WSIC
[16:43:26] [28/459] SCSS
[16:43:27] [29/459] COPG
[16:43:28] [30/459] RCGR
[16:43:29] [31/459] TCZA
[16:43:30] [32/459] CNLP
[16:43:31] [33/459] CLKN
[16:43:32] [34/459] LHDF
[16:43:33] [35/459] ELKC
[16:43:33] [36/459] VCEM
[16:43:34] [37/459] SSZA
[16:43:35] [38/459] KRMT
[16:43:36] [39/459] LCMV
[16:43:37] [40/459] AYCZ
[16:43:38] [41/459] CUMS
[16:43:39] [42/459] BOCK
[16:43:39] [43/459] PNMR
[16:43:40] [44/459] PJCP
[16:43:41] [45/459] JDDD
[16:43:43] [46/459] STMS
[16:43:44] [47/459] FLMB
[16:43:45] [48/459] PKCM
[16:43:46] [49/459] SPPR
[16:43:47] [50/459] EYLH
[16:43:48] [51/459] RJCC
[16:43:49] [52/459] MMPS
[16:43:50] [53/459] SHMX
[16:43:51] [54/459] CCNL
[16:43:52] [55/459] RCNV
[16:43:53] [56/459] MAAG
[16:43:54] [57/459] LXCM
[16:43:56] [58/459] RCNI
[16:43:57] [59/459] SNNI
[16:43:58] [60/459] LALC
[16:43:59] [61/459] SOCN
[16:44:00] [62/459] JHTP
[16:44:01] [63/459] PITP
[16:44:02] [64/459] CCKW
[16:44:03] [65/459] MCMC
[16:44:04] [66/459] DEES
[16:44:04] [67/459] SABT
[16:44:05] [68/459] VSPP
[16:44:06] [69/459] ABCT
[16:44:07] [70/459] JVTB
[16:44:08] [71/459] VCBD
[16:44:09] [72/459] RMGG
[16:44:09] [73/459] RNMH
[16:44:10] [74/459] SPGL
[16:44:11] [75/459] JTTR
[16:44:12] [76/459] SICS
[16:44:13] [77/459] SRMI
[16:44:14] [78/459] SSIJ
[16:44:15] [79/459] KFMT
[16:44:15] [80/459] VBIT
[16:44:16] [81/459] JKCT
[16:44:17] [82/459] GCGP
[16:44:18] [83/459] GDCS
[16:44:19] [84/459] TRBA
[16:44:20] [85/459] QUST
[16:44:21] [86/459] VSHM
[16:44:23] [87/459] SDCP
[16:44:24] [88/459] SNVS
[16:44:25] [89/459] NYTO
[16:44:26] [90/459] URWC
[16:44:27] [91/459] GTWH
[16:44:28] [92/459] PFCM
[16:44:28] [93/459] KRTA
[16:44:29] [94/459] AXMC
[16:44:30] [95/459] EVMC
[16:44:31] [96/459] HGSM
[16:44:32] [97/459] ACVM
[16:44:33] [98/459] PSKL
[16:44:33] [99/459] RDMP
[16:44:34] [100/459] RHGH
[16:44:35] [101/459] OMCM
[16:44:36] [102/459] DCCP
[16:44:37] [103/459] MCPB
[16:44:38] [104/459] ALCI
[16:44:39] [105/459] BLMX
[16:44:39] [106/459] BTMV
[16:44:40] [107/459] FVPN
[16:44:41] [108/459] CMAR
[16:44:42] [109/459] CEIM
[16:44:42] [110/459] CMVA
[16:44:43] [111/459] CPIV
[16:44:44] [112/459] CNPE
[16:44:45] [113/459] COLV
[16:44:46] [114/459] DNNV
[16:44:47] [115/459] HCAD
[16:44:48] [116/459] TAKA
[16:44:48] [117/459] INVD
[16:44:49] [118/459] IRMM
[16:44:50] [119/459] INSE
[16:44:51] [120/459] MRSW
[16:44:53] [121/459] MCVD
[16:44:53] [122/459] MCSO
[16:44:54] [123/459] PEVM
[16:44:55] [124/459] PVNL
[16:44:57] [125/459] PTCV
[16:44:58] [126/459] PRTC
[16:44:59] [127/459] RCVA
[16:44:59] [128/459] MTBN
[16:45:00] [129/459] LUCP
[16:45:01] [130/459] FMPT
[16:45:02] [131/459] JLSL
[16:45:03] [132/459] SBHA
[16:45:04] [133/459] SHRC
[16:45:05] [134/459] AVPS
[16:45:06] [135/459] STPM
[16:45:07] [136/459] ATRD
[16:45:08] [137/459] VTED
[16:45:08] [138/459] ACAI
[16:45:09] [139/459] SMAE
[16:45:10] [140/459] VMAT
[16:45:11] [141/459] LKCT
[16:45:12] [142/459] JTVK
[16:45:12] [143/459] PRTY
[16:45:13] [144/459] GETT
[16:45:14] [145/459] ESAP
[16:45:15] [146/459] NCPM
[16:45:16] [147/459] PCPA
[16:45:17] [148/459] MMOM
[16:45:18] [149/459] PHUP
[16:45:19] [150/459] CCPI
[16:45:20] [151/459] CNTD
[16:45:20] [152/459] NLJR
[16:45:21] [153/459] SRNG
[16:45:22] [154/459] MHAL
[16:45:23] [155/459] PNSM
[16:45:23] [156/459] DRMY
[16:45:25] [157/459] CCMU
[16:45:26] [158/459] SCMY
[16:45:27] [159/459] PVSY
[16:45:27] [160/459] SDLM
[16:45:28] [161/459] ICCM
[16:45:29] [162/459] PYSU
[16:45:30] [163/459] GATM
[16:45:31] [164/459] WOTM
[16:45:31] [165/459] RKTS
[16:45:33] [166/459] PMTY
[16:45:34] [167/459] LYMS
[16:45:35] [168/459] TGCA
[16:45:36] [169/459] DSTA
[16:45:37] [170/459] CNGE
[16:45:37] [171/459] VSTG
[16:45:38] [172/459] GTCK
[16:45:39] [173/459] TGNT
[16:45:40] [174/459] ASLC
[16:45:41] [175/459] SSST
[16:45:41] [176/459] KBTT
[16:45:42] [177/459] HKCP
[16:45:43] [178/459] SWLC
[16:45:44] [179/459] RTND
[16:45:45] [180/459] PKKT
[16:45:46] [181/459] HSTK
[16:45:46] [182/459] SPTT
[16:45:48] [183/459] IMPM
[16:45:50] [184/459] SCMV
[16:45:50] [185/459] SPCT
[16:45:51] [186/459] JBCA
[16:45:52] [187/459] ATTR
[16:45:53] [188/459] SPMT
[16:45:54] [189/459] LCTM
[16:45:54] [190/459] SCVL
[16:45:55] [191/459] SCVT
[16:45:56] [192/459] KRIC
[16:45:57] [193/459] CTMG
[16:45:57] [194/459] ACNC
[16:45:58] [195/459] DMCK
[16:45:59] [196/459] KMTV
[16:46:00] [197/459] PFCJ
[16:46:01] [198/459] VNMD
[16:46:01] [199/459] VPCZ
[16:46:02] [200/459] SRYR
[16:46:03] [201/459] SYTR
[16:46:04] [202/459] GATR
[16:46:05] [203/459] URTR
[16:46:06] [204/459] MKSM
[16:46:06] [205/459] VSMH
[16:46:07] [206/459] SKRJ
[16:46:08] [207/459] SSJR
[16:46:09] [208/459] SVSM
[16:46:10] [209/459] RUCM
[16:46:11] [210/459] PRKN
[16:46:12] [211/459] RROH
[16:46:13] [212/459] SCTN
[16:46:13] [213/459] RTDM
[16:46:14] [214/459] ASRM
[16:46:15] [215/459] SKMD
[16:46:16] [216/459] SUTD
[16:46:18] [217/459] SADM
[16:46:19] [218/459] WCNR
[16:46:20] [219/459] CNED
[16:46:20] [220/459] MPDB
[16:46:21] [221/459] KTBH
[16:46:22] [222/459] IDRM
[16:46:22] [223/459] PJJT
[16:46:23] [224/459] PFCV
[16:46:24] [225/459] AACT
[16:46:25] [226/459] AAAD
[16:46:26] [227/459] ANES
[16:46:26] [228/459] MNCA
[16:46:27] [229/459] RMGU
[16:46:28] [230/459] DLCN
[16:46:29] [231/459] LJWT
[16:46:30] [232/459] MCBG
[16:46:31] [233/459] MYBG
[16:46:33] [234/459] GCCA
[16:46:33] [235/459] GCGA
[16:46:34] [236/459] ECGN
[16:46:35] [237/459] PRAB
[16:46:36] [238/459] PNMP
[16:46:37] [239/459] GCPT
[16:46:37] [240/459] ROYN
[16:46:38] [241/459] VATM
[16:46:39] [242/459] KSNT
[16:46:40] [243/459] ACTC
[16:46:41] [244/459] PLTD
[16:46:41] [245/459] SKMK
[16:46:42] [246/459] CMTT
[16:46:43] [247/459] SMXP
[16:46:44] [248/459] SCMX
[16:46:45] [249/459] ACXN
[16:46:46] [250/459] ASWT
[16:46:47] [251/459] VVVL
[16:46:48] [252/459] NAGO
[16:46:48] [253/459] SNCN
[16:46:49] [254/459] MCKP
[16:46:50] [255/459] SAMO
[16:46:51] [256/459] JBTV
[16:46:52] [257/459] DCVV
[16:46:53] [258/459] KMSV
[16:46:54] [259/459] KDCN
[16:46:55] [260/459] CNCP
[16:46:55] [261/459] HAMC
[16:46:56] [262/459] CCVZ
[16:46:57] [263/459] NCCK
[16:46:58] [264/459] MCHR
[16:46:58] [265/459] SCHT
[16:46:59] [266/459] ESSH
[16:47:01] [267/459] CUJC
[16:47:02] [268/459] PECP
[16:47:03] [269/459] PMMI
[16:47:03] [270/459] PCCH
[16:47:04] [271/459] PRPM
[16:47:05] [272/459] PVKL
[16:47:06] [273/459] CBSM
[16:47:07] [274/459] PVCZ
[16:47:08] [275/459] PCVV
[16:47:09] [276/459] CTMJ
[16:47:10] [277/459] RCPS
[16:47:11] [278/459] PCIT
[16:47:12] [279/459] FNCH
[16:47:13] [280/459] INZD
[16:47:15] [281/459] INPC
[16:47:16] [282/459] LCZP
[16:47:18] [283/459] SMCB
[16:47:18] [284/459] PTSB
[16:47:19] [285/459] TPSI
[16:47:20] [286/459] KHMJ
[16:47:21] [287/459] RCCJ
[16:47:22] [288/459] NCJA
[16:47:23] [289/459] NCJN
[16:47:23] [290/459] BTDP
[16:47:24] [291/459] PADY
[16:47:25] [292/459] NYBH
[16:47:26] [293/459] MTBR
[16:47:27] [294/459] KRBC
[16:47:27] [295/459] DKTI
[16:47:28] [296/459] ANAN
[16:47:29] [297/459] INBP
[16:47:30] [298/459] PATB
[16:47:31] [299/459] RGNT
[16:47:32] [300/459] CGPM
[16:47:33] [301/459] INTN
[16:47:33] [302/459] MCMP
[16:47:34] [303/459] ASRG
[16:47:35] [304/459] CXJD
[16:47:36] [305/459] SPCP
[16:47:37] [306/459] CSTP
[16:47:37] [307/459] PKVC
[16:47:38] [308/459] ESCP
[16:47:39] [309/459] CAEP
[16:47:40] [310/459] CCSP
[16:47:40] [311/459] KTPC
[16:47:41] [312/459] DACA
[16:47:42] [313/459] NVKY
[16:47:43] [314/459] PTIN
[16:47:44] [315/459] SCIN
[16:47:44] [316/459] MCTY
[16:47:45] [317/459] PCMX
[16:47:46] [318/459] INIC
[16:47:47] [319/459] MMZM
[16:47:48] [320/459] SSLP
[16:47:49] [321/459] DTDT
[16:47:50] [322/459] FFCX
[16:47:50] [323/459] RCMM
[16:47:52] [324/459] KYID
[16:47:53] [325/459] CSCI
[16:47:55] [326/459] FCMC
[16:47:56] [327/459] MMXI
[16:47:57] [328/459] ASTC
[16:47:58] [329/459] CMRA
[16:47:59] [330/459] DICI
[16:48:00] [331/459] KDIN
[16:48:01] [332/459] PRFI
[16:48:02] [333/459] SVFC
[16:48:03] [334/459] UCPL
[16:48:03] [335/459] COOC
[16:48:04] [336/459] SCAL
[16:48:05] [337/459] SVFF
[16:48:06] [338/459] VCMG
[16:48:07] [339/459] UUCT
[16:48:07] [340/459] GCSE
[16:48:08] [341/459] SUSC
[16:48:09] [342/459] MISC
[16:48:10] [343/459] RMBL
[16:48:10] [344/459] CMXN
[16:48:11] [345/459] PVBK
[16:48:12] [346/459] HHCG
[16:48:13] [347/459] SCAG
[16:48:14] [348/459] CNPR
[16:48:15] [349/459] CSER
[16:48:16] [350/459] HLWD
[16:48:17] [351/459] BOLY
[16:48:18] [352/459] SSPG
[16:48:19] [353/459] MUPX
[16:48:19] [354/459] HAMR
[16:48:20] [355/459] SDNC
[16:48:21] [356/459] RTEN
[16:48:22] [357/459] SDTD
[16:48:23] [358/459] KAWS
[16:48:24] [359/459] CMZX
[16:48:25] [360/459] DCDD
[16:48:26] [361/459] ALSN
[16:48:26] [362/459] IMXS
[16:48:27] [363/459] PVFF
[16:48:28] [364/459] PVOO
[16:48:29] [365/459] CFBS
[16:48:30] [366/459] PVER
[16:48:31] [367/459] PPNX
[16:48:32] [368/459] CNRM
[16:48:33] [369/459] PVWW
[16:48:34] [370/459] INMB
[16:48:35] [371/459] CPJR
[16:48:37] [372/459] INRZ
[16:48:37] [373/459] PMSR
[16:48:38] [374/459] GPGM
[16:48:40] [375/459] PGWB
[16:48:41] [376/459] PMBR
[16:48:41] [377/459] GPAM
[16:48:42] [378/459] INBC
[16:48:43] [379/459] PZVK
[16:48:44] [380/459] CPEB
[16:48:45] [381/459] FMLB
[16:48:46] [382/459] INBG
[16:48:47] [383/459] GPBR
[16:48:49] [384/459] PAAS
[16:48:50] [385/459] VTBR
[16:48:50] [386/459] GPMY
[16:48:51] [387/459] GYBU
[16:48:52] [388/459] INBJ
[16:48:53] [389/459] LKTH
[16:48:54] [390/459] NSBR
[16:48:55] [391/459] PDRD
[16:48:55] [392/459] VRBL
[16:48:56] [393/459] VTGB
[16:48:57] [394/459] VTSK
[16:48:58] [395/459] BKDV
[16:48:59] [396/459] SVTB
[16:49:00] [397/459] MLDT
[16:49:01] [398/459] NRBL
[16:49:01] [399/459] SLTR
[16:49:02] [400/459] VNKA
[16:49:03] [401/459] TDCA
[16:49:04] [402/459] INBM
[16:49:05] [403/459] SSNR
[16:49:05] [404/459] BHAC
[16:49:06] [405/459] SDSD
[16:49:08] [406/459] SAMP
[16:49:08] [407/459] RATK
[16:49:09] [408/459] KCBI
[16:49:10] [409/459] URBL
[16:49:11] [410/459] MKBG
[16:49:12] [411/459] ASTB
[16:49:13] [412/459] VBWT
[16:49:14] [413/459] GPSM
[16:49:15] [414/459] ROON
[16:49:15] [415/459] CHTH
[16:49:16] [416/459] SSPA
[16:49:17] [417/459] ANBL
[16:49:18] [418/459] VTBE
[16:49:19] [419/459] SVKT
[16:49:20] [420/459] SVYK
[16:49:21] [421/459] PTBK
[16:49:21] [422/459] RKTB
[16:49:22] [423/459] BALT
[16:49:23] [424/459] STSV
[16:49:24] [425/459] VCCB
[16:49:24] [426/459] SLTB
[16:49:25] [427/459] SBCR
[16:49:26] [428/459] VDCS
[16:49:27] [429/459] MDKI
[16:49:28] [430/459] SMRN
[16:49:28] [431/459] PTBC
[16:49:29] [432/459] RADI
[16:49:30] [433/459] ADCR
[16:49:31] [434/459] SDCS
[16:49:32] [435/459] SRPJ
[16:49:32] [436/459] ARTS
[16:49:33] [437/459] SRHK
[16:49:34] [438/459] SPAY
[16:49:35] [439/459] GPTB
[16:49:36] [440/459] SNNN
[16:49:36] [441/459] BALJ
[16:49:37] [442/459] TRIG
[16:49:38] [443/459] GTYT
[16:49:39] [444/459] ATGN
[16:49:40] [445/459] ANTE
[16:49:41] [446/459] BDCG
[16:49:42] [447/459] VECI
[16:49:42] [448/459] SCPR
[16:49:43] [449/459] RTEA
[16:49:44] [450/459] JSAI
[16:49:45] [451/459] VJTP
[16:49:46] [452/459] GNDS
[16:49:48] [453/459] PAXA
[16:49:49] [454/459] CGGM
[16:49:50] [455/459] ACKZ
[16:49:51] [456/459] EMCC
[16:49:52] [457/459] KLSK
[16:49:53] [458/459] AVCK
[16:49:54] [459/459] JTCK
[16:49:54] 🧹 Deduping shows
[16:49:54] ✅ DONE | Shows=24 | Movies=6
