[10:18:57] 🚀 SCRIPT STARTED
[10:18:57] [1/459] FNDB
[10:18:57] 🧠 New identity created
[10:18:58] [2/459] AMBH
[10:18:59] [3/459] PRHN
[10:19:00] [4/459] ACPM
[10:19:01] [5/459] PVFS
[10:19:02] [6/459] AACN
[10:19:03] [7/459] ACAS
[10:19:03] [8/459] CTNR
[10:19:04] [9/459] MMAH
[10:19:05] [10/459] CPMH
[10:19:06] [11/459] IGMH
[10:19:08] [12/459] ABCS
[10:19:09] [13/459] CMMA
[10:19:10] [14/459] GPRH
[10:19:10] [15/459] PNNG
[10:19:11] [16/459] AMCA
[10:19:12] [17/459] ISTN
[10:19:13] [18/459] PIIC
[10:19:14] [19/459] AHMH
[10:19:15] [20/459] ASHN
[10:19:15] [21/459] INHY
[10:19:17] [22/459] SRMO
[10:19:18] [23/459] PIMH
[10:19:19] [24/459] PVTS
[10:19:20] [25/459] MMCA
[10:19:21] [26/459] AKYJ
[10:19:22] [27/459] BRKH
[10:19:22] [28/459] MAHM
[10:19:23] [29/459] CPHY
[10:19:24] [30/459] PVTP
[10:19:25] [31/459] SMMR
[10:19:26] [32/459] PVHM
[10:19:27] [33/459] SNDY
[10:19:28] [34/459] GOKU
[10:19:29] [35/459] ACEV
[10:19:30] [36/459] PVUM
[10:19:30] [37/459] VSWA
[10:19:31] [38/459] IPRS
[10:19:32] [39/459] ASGN
[10:19:33] [40/459] BKMV
[10:19:34] [41/459] PVYH
[10:19:35] [42/459] INKM
[10:19:36] [43/459] ARJU
[10:19:36] [44/459] JJPP
[10:19:37] [45/459] SSRM
[10:19:38] [46/459] HMHD
[10:19:39] [47/459] SNKH
[10:19:40] [48/459] ACHI
[10:19:42] [49/459] MRAA
[10:19:43] [50/459] INMH
[10:19:43] [51/459] ARMH
[10:19:44] [52/459] DVRR
[10:19:45] [53/459] SUDA
[10:19:46] [54/459] MCSS
[10:19:47] [55/459] VRKC
[10:19:48] [56/459] PRCX
[10:19:49] [57/459] ASJY
[10:19:50] [58/459] MTHY
[10:19:51] [59/459] SRCM
[10:19:52] [60/459] TVHY
[10:19:52] [61/459] STHD
[10:19:53] [62/459] CPCL
[10:19:54] [63/459] PSMJ
[10:19:55] [64/459] MRGT
[10:19:56] [65/459] ARYH
[10:19:57] [66/459] VTRB
[10:19:58] [67/459] SCHC
[10:19:59] [68/459] MRRG
[10:20:00] [69/459] SPCB
[10:20:01] [70/459] AMCM
[10:20:02] [71/459] IVNM
[10:20:02] [72/459] TRHY
[10:20:03] [73/459] PTTH
[10:20:04] [74/459] RKMH
[10:20:05] [75/459] PRCS
[10:20:06] [76/459] VAJA
[10:20:07] [77/459] BJNG
[10:20:07] [78/459] SCVM
[10:20:08] [79/459] GNHB
[10:20:10] [80/459] TLUR
[10:20:11] [81/459] UKCC
[10:20:12] [82/459] SRKR
[10:20:13] [83/459] RMKN
[10:20:14] [84/459] SLRT
[10:20:14] [85/459] LKMT
[10:20:15] [86/459] SSRJ
[10:20:16] [87/459] SPHT
[10:20:17] [88/459] ANTT
[10:20:18] [89/459] SRCH
[10:20:19] [90/459] SRCA
[10:20:20] [91/459] ARTH
[10:20:21] [92/459] MCBH
[10:20:23] [93/459] SNIB
[10:20:24] [94/459] SART
[10:20:25] [95/459] SKTA
[10:20:26] [96/459] YAKT
[10:20:26] [97/459] MLCK
[10:20:27] [98/459] ANTS
[10:20:29] [99/459] DGCA
[10:20:31] [100/459] SGMP
[10:20:31] [101/459] ASWN
[10:20:32] [102/459] KFVU
[10:20:33] [103/459] POOR
[10:20:34] [104/459] GKDN
[10:20:35] [105/459] EOSE
[10:20:36] [106/459] GTTT
[10:20:37] [107/459] ARRO
[10:20:38] [108/459] CMMK
[10:20:39] [109/459] MSCN
[10:20:40] [110/459] GDKH
[10:20:40] [111/459] DLMT
[10:20:41] [112/459] PVMF
[10:20:42] [113/459] CPCK
[10:20:43] [114/459] VMHE
[10:20:43] [115/459] PVLC
[10:20:44] [116/459] PCVB
[10:20:45] [117/459] SNYK
[10:20:46] [118/459] KTEK
[10:20:46] [119/459] PCNM
[10:20:47] [120/459] NTTR
[10:20:48] [121/459] CPSK
[10:20:49] [122/459] JMMA
[10:20:50] [123/459] GCFK
[10:20:50] [124/459] MYCA
[10:20:51] [125/459] KSNP
[10:20:52] [126/459] PMCE
[10:20:53] [127/459] SCKI
[10:20:54] [128/459] FSMA
[10:20:55] [129/459] CETA
[10:20:56] [130/459] MCIK
[10:20:57] [131/459] MYCR
[10:20:58] [132/459] EVMP
[10:20:59] [133/459] SSGT
[10:21:00] [134/459] KCTK
[10:21:01] [135/459] ZTKC
[10:21:01] [136/459] MMTA
[10:21:02] [137/459] MAJT
[10:21:03] [138/459] ACPK
[10:21:04] [139/459] JMAX
[10:21:05] [140/459] SETK
[10:21:06] [141/459] CAIS
[10:21:07] [142/459] AGCD
[10:21:08] [143/459] URCL
[10:21:09] [144/459] VTDS
[10:21:10] [145/459] JCNM
[10:21:11] [146/459] KCAM
[10:21:11] [147/459] ADCU
[10:21:12] [148/459] GXYN
[10:21:13] [149/459] SMJG
[10:21:14] [150/459] EYCJ
[10:21:15] [151/459] CCEJ
[10:21:16] [152/459] MARS
[10:21:17] [153/459] CPVJ
[10:21:18] [154/459] INVP
[10:21:19] [155/459] CPOV
[10:21:20] [156/459] VIJK
[10:21:20] [157/459] LAIM
[10:21:21] [158/459] STHV
[10:21:22] [159/459] SVLJ
[10:21:23] [160/459] ATVJ
[10:21:23] [161/459] JTSC
[10:21:24] [162/459] RMTV
[10:21:25] [163/459] MGGG
[10:21:26] [164/459] SWTH
[10:21:27] [165/459] INVJ
[10:21:28] [166/459] PRSV
[10:21:28] [167/459] JATV
[10:21:29] [168/459] RCVD
[10:21:30] [169/459] BDMA
[10:21:31] [170/459] BLJI
[10:21:32] [171/459] SWOT
[10:21:32] [172/459] SWRN
[10:21:33] [173/459] TVRA
[10:21:34] [174/459] VCSV
[10:21:35] [175/459] NVRN
[10:21:36] [176/459] SIKC
[10:21:36] [177/459] VAKR
[10:21:37] [178/459] SYLN
[10:21:38] [179/459] KLJL
[10:21:38] [180/459] LKMY
[10:21:39] [181/459] VSLY
[10:21:40] [182/459] CIKO
[10:21:41] [183/459] GPBG
[10:21:42] [184/459] CECM
[10:21:43] [185/459] SLKB
[10:21:44] [186/459] MTBO
[10:21:44] [187/459] SSHB
[10:21:46] [188/459] VPCS
[10:21:47] [189/459] RCSR
[10:21:48] [190/459] RJRM
[10:21:49] [191/459] KPPB
[10:21:49] [192/459] SEDC
[10:21:50] [193/459] SCAI
[10:21:52] [194/459] RMTR
[10:21:53] [195/459] ASST
[10:21:54] [196/459] GCAK
[10:21:55] [197/459] ANNK
[10:21:56] [198/459] KDDF
[10:21:56] [199/459] NRDP
[10:21:57] [200/459] PLAK
[10:21:58] [201/459] GCMC
[10:21:59] [202/459] ALPY
[10:22:01] [203/459] SICE
[10:22:01] [204/459] SISR
[10:22:02] [205/459] SRPZ
[10:22:03] [206/459] SRSW
[10:22:04] [207/459] SUYA
[10:22:05] [208/459] AMMT
[10:22:05] [209/459] BHCU
[10:22:06] [210/459] KLPA
[10:22:07] [211/459] NVKH
[10:22:08] [212/459] JMRC
[10:22:09] [213/459] KTTT
[10:22:10] [214/459] MAGH
[10:22:10] [215/459] MMMX
[10:22:11] [216/459] SALJ
[10:22:12] [217/459] GTJA
[10:22:13] [218/459] MAHT
[10:22:14] [219/459] SSNN
[10:22:14] [220/459] ARRP
[10:22:15] [221/459] ATNS
[10:22:16] [222/459] SKDT
[10:22:17] [223/459] ACAT
[10:22:18] [224/459] APRC
[10:22:19] [225/459] SWAG
[10:22:19] [226/459] SDPT
[10:22:20] [227/459] STPS
[10:22:21] [228/459] WWCZ
[10:22:22] [229/459] LLCH
[10:22:23] [230/459] MZHA
[10:22:23] [231/459] CRJG
[10:22:24] [232/459] JGTK
[10:22:25] [233/459] KCSR
[10:22:27] [234/459] CHTL
[10:22:28] [235/459] EDSR
[10:22:29] [236/459] CSWO
[10:22:30] [237/459] CPVM
[10:22:31] [238/459] MXBY
[10:22:32] [239/459] FMMA
[10:22:33] [240/459] POVI
[10:22:34] [241/459] MTHB
[10:22:35] [242/459] INRC
[10:22:36] [243/459] PIPP
[10:22:37] [244/459] BMXC
[10:22:38] [245/459] PCMM
[10:22:39] [246/459] PMKM
[10:22:40] [247/459] GATY
[10:22:40] [248/459] IMCM
[10:22:41] [249/459] POPE
[10:22:42] [250/459] MTCR
[10:22:44] [251/459] PVAE
[10:22:45] [252/459] PVMI
[10:22:45] [253/459] CPNM
[10:22:46] [254/459] FMRL
[10:22:47] [255/459] MCIW
[10:22:48] [256/459] MXBO
[10:22:49] [257/459] FMKY
[10:22:50] [258/459] FMDA
[10:22:51] [259/459] THAB
[10:22:51] [260/459] PRCW
[10:22:52] [261/459] PITI
[10:22:53] [262/459] MCFF
[10:22:54] [263/459] PDDV
[10:22:55] [264/459] MCRM
[10:22:56] [265/459] KKMB
[10:22:56] [266/459] INKO
[10:22:57] [267/459] PLXP
[10:22:58] [268/459] MMHA
[10:22:59] [269/459] FMVS
[10:23:00] [270/459] POLM
[10:23:01] [271/459] STER
[10:23:02] [272/459] PVWJ
[10:23:03] [273/459] IMJW
[10:23:04] [274/459] FNAN
[10:23:05] [275/459] CAGL
[10:23:05] [276/459] IPBG
[10:23:06] [277/459] SMFV
[10:23:07] [278/459] MMMR
[10:23:09] [279/459] MMWM
[10:23:10] [280/459] FNCM
[10:23:10] [281/459] MDVA
[10:23:11] [282/459] MMET
[10:23:12] [283/459] MIDO
[10:23:13] [284/459] INNP
[10:23:14] [285/459] MIFU
[10:23:15] [286/459] MMSZ
[10:23:16] [287/459] BMXA
[10:23:17] [288/459] MCAA
[10:23:19] [289/459] SCVP
[10:23:20] [290/459] PLUS
[10:23:20] [291/459] MUCK
[10:23:21] [292/459] MTMA
[10:23:22] [293/459] HPVR
[10:23:23] [294/459] PMPK
[10:23:24] [295/459] MAJB
[10:23:25] [296/459] CTRR
[10:23:26] [297/459] MCTG
[10:23:27] [298/459] MACE
[10:23:28] [299/459] AAAS
[10:23:29] [300/459] CPVV
[10:23:31] [301/459] RCHG
[10:23:31] [302/459] MCNE
[10:23:33] [303/459] EMNC
[10:23:34] [304/459] MCAN
[10:23:35] [305/459] TCDM
[10:23:36] [306/459] IRGT
[10:23:37] [307/459] GCMG
[10:23:37] [308/459] MXSN
[10:23:38] [309/459] MXCK
[10:23:39] [310/459] MCRC
[10:23:40] [311/459] RSMI
[10:23:41] [312/459] WAML
[10:23:41] [313/459] MTSC
[10:23:42] [314/459] FMDR
[10:23:43] [315/459] LEPV
[10:23:44] [316/459] MTGD
[10:23:44] [317/459] IMOB
[10:23:46] [318/459] CLMM
[10:23:47] [319/459] PZCD
[10:23:48] [320/459] GOCS
[10:23:48] [321/459] KCMA
[10:23:49] [322/459] CCMP
[10:23:50] [323/459] MTSU
[10:23:51] [324/459] SNGL
[10:23:52] [325/459] MMMC
[10:23:52] [326/459] MMAA
[10:23:53] [327/459] GCDM
[10:23:54] [328/459] KTMV
[10:23:55] [329/459] AETE
[10:23:56] [330/459] OMCS
[10:23:56] [331/459] GDCD
[10:23:57] [332/459] NYMD
[10:23:58] [333/459] RNCV
[10:23:59] [334/459] KKMT
[10:24:00] [335/459] GDTH
[10:24:01] [336/459] KMMV
[10:24:02] [337/459] NHCG
[10:24:03] [338/459] PJDW
[10:24:04] [339/459] MMCV
[10:24:05] [340/459] FQSA
[10:24:06] [341/459] KURL
[10:24:06] [342/459] NNNX
[10:24:07] [343/459] AMAU
[10:24:08] [344/459] VVVM
[10:24:09] [345/459] VECU
[10:24:10] [346/459] WCVR
[10:24:10] [347/459] MTGG
[10:24:11] [348/459] SGTG
[10:24:12] [349/459] MNTG
[10:24:13] [350/459] JDDG
[10:24:13] [351/459] MBTK
[10:24:14] [352/459] SGCD
[10:24:16] [353/459] MCTC
[10:24:17] [354/459] JTPC
[10:24:18] [355/459] SDKT
[10:24:19] [356/459] KRCC
[10:24:20] [357/459] RMMD
[10:24:21] [358/459] AAME
[10:24:22] [359/459] TMWC
[10:24:22] [360/459] NRWY
[10:24:23] [361/459] CITD
[10:24:24] [362/459] VERD
[10:24:25] [363/459] MKSK
[10:24:26] [364/459] STSM
[10:24:27] [365/459] MJDG
[10:24:28] [366/459] RKPM
[10:24:29] [367/459] SSCE
[10:24:30] [368/459] VMAE
[10:24:30] [369/459] SBRU
[10:24:31] [370/459] AMBC
[10:24:32] [371/459] AMLU
[10:24:33] [372/459] INVZ
[10:24:34] [373/459] LGTV
[10:24:34] [374/459] SVAD
[10:24:36] [375/459] SMSA
[10:24:37] [376/459] SPCZ
[10:24:37] [377/459] GTCX
[10:24:38] [378/459] SCSL
[10:24:39] [379/459] SAHU
[10:24:40] [380/459] NCDA
[10:24:41] [381/459] SCCG
[10:24:42] [382/459] VKTL
[10:24:43] [383/459] PUUJ
[10:24:44] [384/459] STEJ
[10:24:45] [385/459] RJAL
[10:24:46] [386/459] ACJC
[10:24:46] [387/459] VTHC
[10:24:47] [388/459] ARVB
[10:24:48] [389/459] AUBB
[10:24:49] [390/459] GDBR
[10:24:50] [391/459] PVND
[10:24:51] [392/459] BGRJ
[10:24:52] [393/459] RJMM
[10:24:53] [394/459] MCSA
[10:24:53] [395/459] BODA
[10:24:54] [396/459] JAGG
[10:24:55] [397/459] SCGA
[10:24:56] [398/459] LRCM
[10:24:57] [399/459] CPCN
[10:24:58] [400/459] SSTF
[10:24:59] [401/459] SRXP
[10:24:59] [402/459] CNFX
[10:25:00] [403/459] ANDI
[10:25:01] [404/459] SYEW
[10:25:02] [405/459] RCRE
[10:25:03] [406/459] SCRW
[10:25:04] [407/459] MBKR
[10:25:04] [408/459] ASNT
[10:25:05] [409/459] JTMT
[10:25:06] [410/459] SHAY
[10:25:07] [411/459] VRTH
[10:25:08] [412/459] SPTI
[10:25:09] [413/459] DPTD
[10:25:10] [414/459] TGSN
[10:25:10] [415/459] RCWV
[10:25:11] [416/459] OCUR
[10:25:12] [417/459] KSTC
[10:25:13] [418/459] SANI
[10:25:14] [419/459] MLCA
[10:25:15] [420/459] EGCA
[10:25:15] [421/459] SYSN
[10:25:16] [422/459] PKTA
[10:25:17] [423/459] PRCC
[10:25:18] [424/459] KSTR
[10:25:19] [425/459] SNTP
[10:25:19] [426/459] RCHA
[10:25:20] [427/459] SEEA
[10:25:21] [428/459] ALAT
[10:25:22] [429/459] AATV
[10:25:22] [430/459] RJTE
[10:25:23] [431/459] AAPP
[10:25:24] [432/459] PMMH
[10:25:25] [433/459] INRJ
[10:25:26] [434/459] SARB
[10:25:27] [435/459] PCJL
[10:25:28] [436/459] PFJJ
[10:25:28] [437/459] GRDC
[10:25:29] [438/459] BCBA
[10:25:30] [439/459] VIXL
[10:25:31] [440/459] CSTL
[10:25:32] [441/459] MTDK
[10:25:33] [442/459] TDAC
[10:25:34] [443/459] GTDN
[10:25:35] [444/459] TTDE
[10:25:36] [445/459] ASTS
[10:25:37] [446/459] CPNS
[10:25:37] [447/459] PVVW
[10:25:39] [448/459] USEB
[10:25:40] [449/459] DTYN
[10:25:41] [450/459] PVLE
[10:25:42] [451/459] CIPS
[10:25:42] [452/459] PAEG
[10:25:43] [453/459] PTCW
[10:25:44] [454/459] G3SR
[10:25:45] [455/459] PGND
[10:25:46] [456/459] INVM
[10:25:47] [457/459] SPIA
[10:25:48] [458/459] PCSN
[10:25:49] [459/459] PPGV
[10:25:49] 🧹 Deduping shows
[10:25:49] ✅ DONE | Shows=21 | Movies=6
[16:43:00] 🚀 SCRIPT STARTED
[16:43:00] [1/459] FNDB
[16:43:00] 🧠 New identity created
[16:43:01] [2/459] AMBH
[16:43:02] [3/459] PRHN
[16:43:03] [4/459] ACPM
[16:43:04] [5/459] PVFS
[16:43:05] [6/459] AACN
[16:43:06] [7/459] ACAS
[16:43:07] [8/459] CTNR
[16:43:07] [9/459] MMAH
[16:43:08] [10/459] CPMH
[16:43:09] [11/459] IGMH
[16:43:09] [12/459] ABCS
[16:43:10] [13/459] CMMA
[16:43:11] [14/459] GPRH
[16:43:12] [15/459] PNNG
[16:43:13] [16/459] AMCA
[16:43:14] [17/459] ISTN
[16:43:15] [18/459] PIIC
[16:43:16] [19/459] AHMH
[16:43:17] [20/459] ASHN
[16:43:17] [21/459] INHY
[16:43:18] [22/459] SRMO
[16:43:19] [23/459] PIMH
[16:43:20] [24/459] PVTS
[16:43:21] [25/459] MMCA
[16:43:22] [26/459] AKYJ
[16:43:22] [27/459] BRKH
[16:43:23] [28/459] MAHM
[16:43:24] [29/459] CPHY
[16:43:25] [30/459] PVTP
[16:43:26] [31/459] SMMR
[16:43:27] [32/459] PVHM
[16:43:28] [33/459] SNDY
[16:43:28] [34/459] GOKU
[16:43:29] [35/459] ACEV
[16:43:30] [36/459] PVUM
[16:43:31] [37/459] VSWA
[16:43:32] [38/459] IPRS
[16:43:32] [39/459] ASGN
[16:43:33] [40/459] BKMV
[16:43:34] [41/459] PVYH
[16:43:34] [42/459] INKM
[16:43:35] [43/459] ARJU
[16:43:37] [44/459] JJPP
[16:43:38] [45/459] SSRM
[16:43:39] [46/459] HMHD
[16:43:40] [47/459] SNKH
[16:43:41] [48/459] ACHI
[16:43:42] [49/459] MRAA
[16:43:43] [50/459] INMH
[16:43:43] [51/459] ARMH
[16:43:44] [52/459] DVRR
[16:43:45] [53/459] SUDA
[16:43:46] [54/459] MCSS
[16:43:47] [55/459] VRKC
[16:43:48] [56/459] PRCX
[16:43:49] [57/459] ASJY
[16:43:50] [58/459] MTHY
[16:43:51] [59/459] SRCM
[16:43:51] [60/459] TVHY
[16:43:52] [61/459] STHD
[16:43:53] [62/459] CPCL
[16:43:54] [63/459] PSMJ
[16:43:55] [64/459] MRGT
[16:43:56] [65/459] ARYH
[16:43:57] [66/459] VTRB
[16:43:58] [67/459] SCHC
[16:43:59] [68/459] MRRG
[16:44:01] [69/459] SPCB
[16:44:01] [70/459] AMCM
[16:44:03] [71/459] IVNM
[16:44:03] [72/459] TRHY
[16:44:04] [73/459] PTTH
[16:44:05] [74/459] RKMH
[16:44:06] [75/459] PRCS
[16:44:07] [76/459] VAJA
[16:44:08] [77/459] BJNG
[16:44:08] [78/459] SCVM
[16:44:09] [79/459] GNHB
[16:44:10] [80/459] TLUR
[16:44:11] [81/459] UKCC
[16:44:12] [82/459] SRKR
[16:44:12] [83/459] RMKN
[16:44:13] [84/459] SLRT
[16:44:14] [85/459] LKMT
[16:44:15] [86/459] SSRJ
[16:44:16] [87/459] SPHT
[16:44:17] [88/459] ANTT
[16:44:17] [89/459] SRCH
[16:44:18] [90/459] SRCA
[16:44:19] [91/459] ARTH
[16:44:20] [92/459] MCBH
[16:44:21] [93/459] SNIB
[16:44:21] [94/459] SART
[16:44:22] [95/459] SKTA
[16:44:23] [96/459] YAKT
[16:44:23] [97/459] MLCK
[16:44:24] [98/459] ANTS
[16:44:25] [99/459] DGCA
[16:44:26] [100/459] SGMP
[16:44:27] [101/459] ASWN
[16:44:28] [102/459] KFVU
[16:44:29] [103/459] POOR
[16:44:29] [104/459] GKDN
[16:44:30] [105/459] EOSE
[16:44:31] [106/459] GTTT
[16:44:33] [107/459] ARRO
[16:44:33] [108/459] CMMK
[16:44:34] [109/459] MSCN
[16:44:36] [110/459] GDKH
[16:44:37] [111/459] DLMT
[16:44:38] [112/459] PVMF
[16:44:39] [113/459] CPCK
[16:44:40] [114/459] VMHE
[16:44:41] [115/459] PVLC
[16:44:42] [116/459] PCVB
[16:44:43] [117/459] SNYK
[16:44:45] [118/459] KTEK
[16:44:45] [119/459] PCNM
[16:44:46] [120/459] NTTR
[16:44:47] [121/459] CPSK
[16:44:48] [122/459] JMMA
[16:44:48] [123/459] GCFK
[16:44:49] [124/459] MYCA
[16:44:50] [125/459] KSNP
[16:44:51] [126/459] PMCE
[16:44:52] [127/459] SCKI
[16:44:52] [128/459] FSMA
[16:44:53] [129/459] CETA
[16:44:54] [130/459] MCIK
[16:44:55] [131/459] MYCR
[16:44:56] [132/459] EVMP
[16:44:57] [133/459] SSGT
[16:44:57] [134/459] KCTK
[16:44:58] [135/459] ZTKC
[16:44:59] [136/459] MMTA
[16:45:00] [137/459] MAJT
[16:45:01] [138/459] ACPK
[16:45:01] [139/459] JMAX
[16:45:02] [140/459] SETK
[16:45:03] [141/459] CAIS
[16:45:04] [142/459] AGCD
[16:45:05] [143/459] URCL
[16:45:06] [144/459] VTDS
[16:45:06] [145/459] JCNM
[16:45:07] [146/459] KCAM
[16:45:08] [147/459] ADCU
[16:45:09] [148/459] GXYN
[16:45:10] [149/459] SMJG
[16:45:10] [150/459] EYCJ
[16:45:11] [151/459] CCEJ
[16:45:12] [152/459] MARS
[16:45:13] [153/459] CPVJ
[16:45:14] [154/459] INVP
[16:45:14] [155/459] CPOV
[16:45:15] [156/459] VIJK
[16:45:16] [157/459] LAIM
[16:45:17] [158/459] STHV
[16:45:18] [159/459] SVLJ
[16:45:19] [160/459] ATVJ
[16:45:20] [161/459] JTSC
[16:45:21] [162/459] RMTV
[16:45:22] [163/459] MGGG
[16:45:23] [164/459] SWTH
[16:45:24] [165/459] INVJ
[16:45:25] [166/459] PRSV
[16:45:26] [167/459] JATV
[16:45:27] [168/459] RCVD
[16:45:28] [169/459] BDMA
[16:45:29] [170/459] BLJI
[16:45:30] [171/459] SWOT
[16:45:30] [172/459] SWRN
[16:45:31] [173/459] TVRA
[16:45:32] [174/459] VCSV
[16:45:33] [175/459] NVRN
[16:45:34] [176/459] SIKC
[16:45:35] [177/459] VAKR
[16:45:35] [178/459] SYLN
[16:45:36] [179/459] KLJL
[16:45:37] [180/459] LKMY
[16:45:38] [181/459] VSLY
[16:45:39] [182/459] CIKO
[16:45:39] [183/459] GPBG
[16:45:40] [184/459] CECM
[16:45:41] [185/459] SLKB
[16:45:42] [186/459] MTBO
[16:45:43] [187/459] SSHB
[16:45:44] [188/459] VPCS
[16:45:45] [189/459] RCSR
[16:45:46] [190/459] RJRM
[16:45:47] [191/459] KPPB
[16:45:47] [192/459] SEDC
[16:45:48] [193/459] SCAI
[16:45:50] [194/459] RMTR
[16:45:50] [195/459] ASST
[16:45:51] [196/459] GCAK
[16:45:52] [197/459] ANNK
[16:45:53] [198/459] KDDF
[16:45:54] [199/459] NRDP
[16:45:55] [200/459] PLAK
[16:45:55] [201/459] GCMC
[16:45:56] [202/459] ALPY
[16:45:57] [203/459] SICE
[16:45:58] [204/459] SISR
[16:45:58] [205/459] SRPZ
[16:45:59] [206/459] SRSW
[16:46:00] [207/459] SUYA
[16:46:01] [208/459] AMMT
[16:46:02] [209/459] BHCU
[16:46:03] [210/459] KLPA
[16:46:03] [211/459] NVKH
[16:46:04] [212/459] JMRC
[16:46:06] [213/459] KTTT
[16:46:06] [214/459] MAGH
[16:46:07] [215/459] MMMX
[16:46:08] [216/459] SALJ
[16:46:09] [217/459] GTJA
[16:46:10] [218/459] MAHT
[16:46:11] [219/459] SSNN
[16:46:12] [220/459] ARRP
[16:46:13] [221/459] ATNS
[16:46:14] [222/459] SKDT
[16:46:15] [223/459] ACAT
[16:46:15] [224/459] APRC
[16:46:16] [225/459] SWAG
[16:46:17] [226/459] SDPT
[16:46:18] [227/459] STPS
[16:46:19] [228/459] WWCZ
[16:46:19] [229/459] LLCH
[16:46:20] [230/459] MZHA
[16:46:21] [231/459] CRJG
[16:46:22] [232/459] JGTK
[16:46:23] [233/459] KCSR
[16:46:24] [234/459] CHTL
[16:46:24] [235/459] EDSR
[16:46:25] [236/459] CSWO
[16:46:27] [237/459] CPVM
[16:46:28] [238/459] MXBY
[16:46:29] [239/459] FMMA
[16:46:29] [240/459] POVI
[16:46:30] [241/459] MTHB
[16:46:31] [242/459] INRC
[16:46:32] [243/459] PIPP
[16:46:33] [244/459] BMXC
[16:46:33] [245/459] PCMM
[16:46:34] [246/459] PMKM
[16:46:35] [247/459] GATY
[16:46:36] [248/459] IMCM
[16:46:37] [249/459] POPE
[16:46:38] [250/459] MTCR
[16:46:39] [251/459] PVAE
[16:46:41] [252/459] PVMI
[16:46:42] [253/459] CPNM
[16:46:43] [254/459] FMRL
[16:46:44] [255/459] MCIW
[16:46:45] [256/459] MXBO
[16:46:46] [257/459] FMKY
[16:46:46] [258/459] FMDA
[16:46:47] [259/459] THAB
[16:46:48] [260/459] PRCW
[16:46:49] [261/459] PITI
[16:46:50] [262/459] MCFF
[16:46:51] [263/459] PDDV
[16:46:52] [264/459] MCRM
[16:46:53] [265/459] KKMB
[16:46:55] [266/459] INKO
[16:46:56] [267/459] PLXP
[16:46:57] [268/459] MMHA
[16:46:58] [269/459] FMVS
[16:46:58] [270/459] POLM
[16:46:59] [271/459] STER
[16:47:00] [272/459] PVWJ
[16:47:01] [273/459] IMJW
[16:47:01] [274/459] FNAN
[16:47:02] [275/459] CAGL
[16:47:03] [276/459] IPBG
[16:47:04] [277/459] SMFV
[16:47:04] [278/459] MMMR
[16:47:05] [279/459] MMWM
[16:47:06] [280/459] FNCM
[16:47:07] [281/459] MDVA
[16:47:07] [282/459] MMET
[16:47:08] [283/459] MIDO
[16:47:09] [284/459] INNP
[16:47:10] [285/459] MIFU
[16:47:10] [286/459] MMSZ
[16:47:11] [287/459] BMXA
[16:47:12] [288/459] MCAA
[16:47:13] [289/459] SCVP
[16:47:13] [290/459] PLUS
[16:47:14] [291/459] MUCK
[16:47:15] [292/459] MTMA
[16:47:16] [293/459] HPVR
[16:47:17] [294/459] PMPK
[16:47:18] [295/459] MAJB
[16:47:19] [296/459] CTRR
[16:47:20] [297/459] MCTG
[16:47:20] [298/459] MACE
[16:47:21] [299/459] AAAS
[16:47:22] [300/459] CPVV
[16:47:22] [301/459] RCHG
[16:47:23] [302/459] MCNE
[16:47:24] [303/459] EMNC
[16:47:25] [304/459] MCAN
[16:47:26] [305/459] TCDM
[16:47:27] [306/459] IRGT
[16:47:28] [307/459] GCMG
[16:47:29] [308/459] MXSN
[16:47:30] [309/459] MXCK
[16:47:31] [310/459] MCRC
[16:47:32] [311/459] RSMI
[16:47:32] [312/459] WAML
[16:47:33] [313/459] MTSC
[16:47:34] [314/459] FMDR
[16:47:35] [315/459] LEPV
[16:47:37] [316/459] MTGD
[16:47:37] [317/459] IMOB
[16:47:38] [318/459] CLMM
[16:47:39] [319/459] PZCD
[16:47:40] [320/459] GOCS
[16:47:41] [321/459] KCMA
[16:47:41] [322/459] CCMP
[16:47:42] [323/459] MTSU
[16:47:43] [324/459] SNGL
[16:47:44] [325/459] MMMC
[16:47:44] [326/459] MMAA
[16:47:45] [327/459] GCDM
[16:47:46] [328/459] KTMV
[16:47:47] [329/459] AETE
[16:47:48] [330/459] OMCS
[16:47:48] [331/459] GDCD
[16:47:49] [332/459] NYMD
[16:47:50] [333/459] RNCV
[16:47:52] [334/459] KKMT
[16:47:52] [335/459] GDTH
[16:47:53] [336/459] KMMV
[16:47:54] [337/459] NHCG
[16:47:55] [338/459] PJDW
[16:47:55] [339/459] MMCV
[16:47:56] [340/459] FQSA
[16:47:57] [341/459] KURL
[16:47:58] [342/459] NNNX
[16:47:58] [343/459] AMAU
[16:47:59] [344/459] VVVM
[16:48:00] [345/459] VECU
[16:48:01] [346/459] WCVR
[16:48:02] [347/459] MTGG
[16:48:03] [348/459] SGTG
[16:48:04] [349/459] MNTG
[16:48:05] [350/459] JDDG
[16:48:05] [351/459] MBTK
[16:48:06] [352/459] SGCD
[16:48:07] [353/459] MCTC
[16:48:08] [354/459] JTPC
[16:48:08] [355/459] SDKT
[16:48:09] [356/459] KRCC
[16:48:11] [357/459] RMMD
[16:48:12] [358/459] AAME
[16:48:13] [359/459] TMWC
[16:48:13] [360/459] NRWY
[16:48:14] [361/459] CITD
[16:48:15] [362/459] VERD
[16:48:16] [363/459] MKSK
[16:48:17] [364/459] STSM
[16:48:18] [365/459] MJDG
[16:48:18] [366/459] RKPM
[16:48:19] [367/459] SSCE
[16:48:20] [368/459] VMAE
[16:48:21] [369/459] SBRU
[16:48:22] [370/459] AMBC
[16:48:22] [371/459] AMLU
[16:48:23] [372/459] INVZ
[16:48:25] [373/459] LGTV
[16:48:25] [374/459] SVAD
[16:48:26] [375/459] SMSA
[16:48:27] [376/459] SPCZ
[16:48:28] [377/459] GTCX
[16:48:29] [378/459] SCSL
[16:48:29] [379/459] SAHU
[16:48:30] [380/459] NCDA
[16:48:31] [381/459] SCCG
[16:48:32] [382/459] VKTL
[16:48:32] [383/459] PUUJ
[16:48:33] [384/459] STEJ
[16:48:34] [385/459] RJAL
[16:48:35] [386/459] ACJC
[16:48:36] [387/459] VTHC
[16:48:37] [388/459] ARVB
[16:48:37] [389/459] AUBB
[16:48:38] [390/459] GDBR
[16:48:39] [391/459] PVND
[16:48:40] [392/459] BGRJ
[16:48:41] [393/459] RJMM
[16:48:41] [394/459] MCSA
[16:48:42] [395/459] BODA
[16:48:43] [396/459] JAGG
[16:48:43] [397/459] SCGA
[16:48:44] [398/459] LRCM
[16:48:45] [399/459] CPCN
[16:48:46] [400/459] SSTF
[16:48:46] [401/459] SRXP
[16:48:47] [402/459] CNFX
[16:48:48] [403/459] ANDI
[16:48:49] [404/459] SYEW
[16:48:50] [405/459] RCRE
[16:48:50] [406/459] SCRW
[16:48:51] [407/459] MBKR
[16:48:52] [408/459] ASNT
[16:48:53] [409/459] JTMT
[16:48:54] [410/459] SHAY
[16:48:55] [411/459] VRTH
[16:48:55] [412/459] SPTI
[16:48:56] [413/459] DPTD
[16:48:57] [414/459] TGSN
[16:48:57] [415/459] RCWV
[16:48:58] [416/459] OCUR
[16:48:59] [417/459] KSTC
[16:49:01] [418/459] SANI
[16:49:02] [419/459] MLCA
[16:49:02] [420/459] EGCA
[16:49:03] [421/459] SYSN
[16:49:05] [422/459] PKTA
[16:49:05] [423/459] PRCC
[16:49:06] [424/459] KSTR
[16:49:08] [425/459] SNTP
[16:49:09] [426/459] RCHA
[16:49:10] [427/459] SEEA
[16:49:10] [428/459] ALAT
[16:49:11] [429/459] AATV
[16:49:13] [430/459] RJTE
[16:49:13] [431/459] AAPP
[16:49:14] [432/459] PMMH
[16:49:15] [433/459] INRJ
[16:49:16] [434/459] SARB
[16:49:17] [435/459] PCJL
[16:49:18] [436/459] PFJJ
[16:49:19] [437/459] GRDC
[16:49:20] [438/459] BCBA
[16:49:21] [439/459] VIXL
[16:49:22] [440/459] CSTL
[16:49:22] [441/459] MTDK
[16:49:24] [442/459] TDAC
[16:49:25] [443/459] GTDN
[16:49:26] [444/459] TTDE
[16:49:26] [445/459] ASTS
[16:49:27] [446/459] CPNS
[16:49:28] [447/459] PVVW
[16:49:29] [448/459] USEB
[16:49:30] [449/459] DTYN
[16:49:31] [450/459] PVLE
[16:49:32] [451/459] CIPS
[16:49:33] [452/459] PAEG
[16:49:34] [453/459] PTCW
[16:49:34] [454/459] G3SR
[16:49:35] [455/459] PGND
[16:49:36] [456/459] INVM
[16:49:37] [457/459] SPIA
[16:49:38] [458/459] PCSN
[16:49:39] [459/459] PPGV
[16:49:39] 🧹 Deduping shows
[16:49:39] ✅ DONE | Shows=42 | Movies=10
