[10:18:58] 🚀 SCRIPT STARTED
[10:18:58] [1/296] CDCA
[10:18:58] 🧠 New identity created
[10:18:59] [2/296] MNSR
[10:19:01] [3/296] CSSL
[10:19:02] [4/296] BGGM
[10:19:03] [5/296] MANT
[10:19:04] [6/296] SOOY
[10:19:05] [7/296] VPPK
[10:19:06] [8/296] MYHJ
[10:19:07] [9/296] KSCK
[10:19:07] [10/296] KATK
[10:19:08] [11/296] RTRT
[10:19:09] [12/296] SSTT
[10:19:10] [13/296] SSTV
[10:19:11] [14/296] LACM
[10:19:12] [15/296] SGMG
[10:19:13] [16/296] KACX
[10:19:13] [17/296] GVCP
[10:19:14] [18/296] CSNC
[10:19:15] [19/296] SXCB
[10:19:16] [20/296] BAHS
[10:19:17] [21/296] PCBI
[10:19:17] [22/296] PSSM
[10:19:18] [23/296] RCOK
[10:19:19] [24/296] SCPF
[10:19:21] [25/296] SSAS
[10:19:21] [26/296] EVMM
[10:19:22] [27/296] SYCB
[10:19:23] [28/296] GCKI
[10:19:24] [29/296] IAET
[10:19:26] [30/296] DDTD
[10:19:26] [31/296] GMDH
[10:19:27] [32/296] STLE
[10:19:29] [33/296] JTRA
[10:19:30] [34/296] RPPA
[10:19:31] [35/296] ARUT
[10:19:32] [36/296] JTVM
[10:19:32] [37/296] SWRH
[10:19:33] [38/296] DCPC
[10:19:35] [39/296] RAPR
[10:19:36] [40/296] GCRT
[10:19:37] [41/296] ATUN
[10:19:38] [42/296] LTRM
[10:19:39] [43/296] TASR
[10:19:40] [44/296] RLLC
[10:19:40] [45/296] MABI
[10:19:42] [46/296] SVHB
[10:19:43] [47/296] NVTB
[10:19:44] [48/296] KCKG
[10:19:45] [49/296] SSRN
[10:19:46] [50/296] VDDC
[10:19:46] [51/296] GKTK
[10:19:48] [52/296] YFSN
[10:19:49] [53/296] GCSG
[10:19:50] [54/296] ESSM
[10:19:51] [55/296] KRIH
[10:19:53] [56/296] GCDS
[10:19:54] [57/296] CCSH
[10:19:54] [58/296] ACSK
[10:19:55] [59/296] APRK
[10:19:56] [60/296] ADKM
[10:19:57] [61/296] SRDM
[10:19:57] [62/296] RMOG
[10:19:58] [63/296] SJMY
[10:19:59] [64/296] PGGC
[10:20:00] [65/296] INGM
[10:20:01] [66/296] LSCB
[10:20:01] [67/296] STAD
[10:20:03] [68/296] MCCR
[10:20:04] [69/296] ABCC
[10:20:05] [70/296] RKCC
[10:20:06] [71/296] RTCR
[10:20:07] [72/296] GGBC
[10:20:08] [73/296] GCSD
[10:20:09] [74/296] LPTY
[10:20:10] [75/296] MCFD
[10:20:11] [76/296] HENN
[10:20:11] [77/296] SMKU
[10:20:12] [78/296] TNZC
[10:20:13] [79/296] DRCD
[10:20:15] [80/296] DLCD
[10:20:16] [81/296] RCDA
[10:20:17] [82/296] COSM
[10:20:17] [83/296] MCMJ
[10:20:18] [84/296] CSTR
[10:20:19] [85/296] CVDK
[10:20:20] [86/296] INRR
[10:20:21] [87/296] RJRT
[10:20:23] [88/296] IRMR
[10:20:23] [89/296] SRCF
[10:20:24] [90/296] GRCR
[10:20:25] [91/296] SURC
[10:20:26] [92/296] NMNH
[10:20:27] [93/296] SVBL
[10:20:28] [94/296] KACI
[10:20:28] [95/296] TDGO
[10:20:29] [96/296] KTBR
[10:20:30] [97/296] PMAD
[10:20:31] [98/296] CCPN
[10:20:32] [99/296] SBTK
[10:20:33] [100/296] LMDK
[10:20:34] [101/296] PGDA
[10:20:34] [102/296] SRML
[10:20:35] [103/296] EVCK
[10:20:36] [104/296] RTTK
[10:20:37] [105/296] SRTU
[10:20:38] [106/296] VRSA
[10:20:39] [107/296] VARS
[10:20:40] [108/296] DSCZ
[10:20:41] [109/296] GAGA
[10:20:41] [110/296] SARV
[10:20:42] [111/296] SEEG
[10:20:43] [112/296] GLCA
[10:20:45] [113/296] APAS
[10:20:46] [114/296] VCIA
[10:20:46] [115/296] SJTA
[10:20:47] [116/296] SABM
[10:20:48] [117/296] PPAG
[10:20:49] [118/296] RVCA
[10:20:50] [119/296] CCIA
[10:20:51] [120/296] HTAG
[10:20:52] [121/296] SMBI
[10:20:52] [122/296] MCJR
[10:20:53] [123/296] CCJR
[10:20:54] [124/296] SINF
[10:20:55] [125/296] CPLX
[10:20:56] [126/296] KKTJ
[10:20:56] [127/296] GDBW
[10:20:58] [128/296] CSUB
[10:20:59] [129/296] DABA
[10:21:00] [130/296] TITR
[10:21:01] [131/296] NYCR
[10:21:02] [132/296] RTRY
[10:21:02] [133/296] JTJL
[10:21:03] [134/296] SJCP
[10:21:04] [135/296] KCCA
[10:21:05] [136/296] MLPG
[10:21:06] [137/296] VRCK
[10:21:06] [138/296] SRIN
[10:21:07] [139/296] CXMK
[10:21:08] [140/296] SKAD
[10:21:09] [141/296] AVTR
[10:21:10] [142/296] PTAJ
[10:21:10] [143/296] SCNK
[10:21:11] [144/296] STTI
[10:21:12] [145/296] KACR
[10:21:13] [146/296] SSDX
[10:21:14] [147/296] VRTJ
[10:21:15] [148/296] RAJD
[10:21:16] [149/296] SCIP
[10:21:17] [150/296] RJSL
[10:21:18] [151/296] ARRS
[10:21:18] [152/296] ASMS
[10:21:19] [153/296] RDTS
[10:21:20] [154/296] DVMY
[10:21:21] [155/296] RASA
[10:21:22] [156/296] INOM
[10:21:23] [157/296] SPRS
[10:21:24] [158/296] SGCS
[10:21:25] [159/296] SALM
[10:21:26] [160/296] PKHC
[10:21:27] [161/296] RCSV
[10:21:28] [162/296] CPKC
[10:21:29] [163/296] AACD
[10:21:29] [164/296] GGCV
[10:21:30] [165/296] SMKD
[10:21:31] [166/296] NBCH
[10:21:32] [167/296] AMCB
[10:21:33] [168/296] OPCN
[10:21:34] [169/296] DCIN
[10:21:34] [170/296] INGW
[10:21:35] [171/296] PKKW
[10:21:36] [172/296] FNGW
[10:21:37] [173/296] GCGD
[10:21:38] [174/296] MSTW
[10:21:39] [175/296] KCCG
[10:21:40] [176/296] MRSS
[10:21:42] [177/296] CLCF
[10:21:42] [178/296] EETS
[10:21:44] [179/296] AATR
[10:21:45] [180/296] CMMN
[10:21:46] [181/296] SCCJ
[10:21:47] [182/296] CDTK
[10:21:48] [183/296] AICP
[10:21:49] [184/296] FNBP
[10:21:49] [185/296] CBPB
[10:21:50] [186/296] CPAS
[10:21:51] [187/296] MAPM
[10:21:51] [188/296] PASD
[10:21:52] [189/296] JCMN
[10:21:53] [190/296] MALB
[10:21:54] [191/296] SACG
[10:21:55] [192/296] DDRX
[10:21:56] [193/296] DDXB
[10:21:57] [194/296] RAMC
[10:21:58] [195/296] SANC
[10:21:58] [196/296] BCBP
[10:21:59] [197/296] ALPC
[10:22:00] [198/296] RBAC
[10:22:01] [199/296] RAJL
[10:22:02] [200/296] MPDX
[10:22:03] [201/296] MUSC
[10:22:04] [202/296] VKMK
[10:22:05] [203/296] SKCG
[10:22:05] [204/296] ANCN
[10:22:06] [205/296] MMCJ
[10:22:07] [206/296] DCAK
[10:22:08] [207/296] SCKG
[10:22:09] [208/296] LMCK
[10:22:10] [209/296] CKKX
[10:22:11] [210/296] ANKU
[10:22:12] [211/296] CSMD
[10:22:12] [212/296] MKMP
[10:22:13] [213/296] SVBG
[10:22:14] [214/296] ROOP
[10:22:15] [215/296] GDMT
[10:22:16] [216/296] FPPF
[10:22:16] [217/296] SFUU
[10:22:17] [218/296] ANCB
[10:22:19] [219/296] SMMC
[10:22:20] [220/296] UGKT
[10:22:21] [221/296] JVRM
[10:22:21] [222/296] BATG
[10:22:22] [223/296] RATE
[10:22:23] [224/296] SKME
[10:22:24] [225/296] LMTP
[10:22:25] [226/296] TCBD
[10:22:25] [227/296] ESBD
[10:22:26] [228/296] GDCU
[10:22:27] [229/296] SNKT
[10:22:28] [230/296] SRNK
[10:22:29] [231/296] SMED
[10:22:29] [232/296] CSQS
[10:22:31] [233/296] ALCS
[10:22:32] [234/296] KCKN
[10:22:33] [235/296] VCCL
[10:22:34] [236/296] MCDA
[10:22:35] [237/296] SHMI
[10:22:35] [238/296] SKHA
[10:22:36] [239/296] SVFK
[10:22:38] [240/296] INVB
[10:22:38] [241/296] MELD
[10:22:40] [242/296] JTYS
[10:22:42] [243/296] INCM
[10:22:43] [244/296] MCDV
[10:22:43] [245/296] KSGK
[10:22:44] [246/296] ICMG
[10:22:45] [247/296] CSCV
[10:22:47] [248/296] STMD
[10:22:47] [249/296] STTR
[10:22:49] [250/296] INVC
[10:22:50] [251/296] JTBL
[10:22:52] [252/296] SRVV
[10:22:53] [253/296] MAVC
[10:22:54] [254/296] SRPP
[10:22:54] [255/296] JGDM
[10:22:55] [256/296] MBSJ
[10:22:57] [257/296] SSLL
[10:22:58] [258/296] SLKP
[10:22:59] [259/296] NSRV
[10:23:00] [260/296] UTDV
[10:23:01] [261/296] KICM
[10:23:01] [262/296] KCMD
[10:23:02] [263/296] TTPP
[10:23:03] [264/296] KMPV
[10:23:04] [265/296] SKTV
[10:23:04] [266/296] STCV
[10:23:06] [267/296] SRDA
[10:23:07] [268/296] JTSX
[10:23:08] [269/296] STBV
[10:23:09] [270/296] APVZ
[10:23:10] [271/296] GSTV
[10:23:11] [272/296] NMVS
[10:23:12] [273/296] SKRT
[10:23:13] [274/296] RMDV
[10:23:14] [275/296] RATG
[10:23:15] [276/296] SJYV
[10:23:16] [277/296] NDGP
[10:23:17] [278/296] SNDG
[10:23:18] [279/296] INSR
[10:23:19] [280/296] INSO
[10:23:20] [281/296] CCSI
[10:23:22] [282/296] RASM
[10:23:22] [283/296] NEWC
[10:23:23] [284/296] VSHL
[10:23:24] [285/296] BISW
[10:23:25] [286/296] GCNG
[10:23:25] [287/296] CWSC
[10:23:26] [288/296] SKAN
[10:23:27] [289/296] SEHP
[10:23:28] [290/296] CCOA
[10:23:29] [291/296] MCAJ
[10:23:30] [292/296] ACDE
[10:23:31] [293/296] AACM
[10:23:32] [294/296] JJCK
[10:23:32] [295/296] RCMO
[10:23:33] [296/296] GDAW
[10:23:34] 🧹 Deduping shows
[10:23:34] ✅ DONE | Shows=14 | Movies=4
