[10:18:54] 🚀 SCRIPT STARTED
[10:18:54] [1/324] GCTA
[10:18:54] 🧠 New identity created
[10:18:55] [2/324] TOPN
[10:18:56] [3/324] MCUS
[10:18:57] [4/324] SHRL
[10:18:58] [5/324] UPTP
[10:18:58] [6/324] TMMP
[10:18:59] [7/324] DNRP
[10:19:00] [8/324] SRLT
[10:19:01] [9/324] RCNS
[10:19:02] [10/324] DCBH
[10:19:03] [11/324] NAGJ
[10:19:04] [12/324] JVRC
[10:19:05] [13/324] KRJG
[10:19:05] [14/324] SRTJ
[10:19:06] [15/324] CMXM
[10:19:07] [16/324] STMI
[10:19:08] [17/324] SLST
[10:19:10] [18/324] DTCN
[10:19:11] [19/324] STYN
[10:19:11] [20/324] SZVR
[10:19:12] [21/324] SRKO
[10:19:13] [22/324] JTGT
[10:19:14] [23/324] SVFD
[10:19:15] [24/324] SISD
[10:19:16] [25/324] ABDD
[10:19:16] [26/324] DRCA
[10:19:17] [27/324] AVCS
[10:19:18] [28/324] MVKH
[10:19:19] [29/324] ACPR
[10:19:20] [30/324] STIP
[10:19:21] [31/324] MTRA
[10:19:23] [32/324] RMKH
[10:19:25] [33/324] NKRL
[10:19:26] [34/324] PCWN
[10:19:27] [35/324] BLMT
[10:19:27] [36/324] GDPG
[10:19:28] [37/324] SRMX
[10:19:29] [38/324] JACP
[10:19:30] [39/324] CPSH
[10:19:31] [40/324] MCCD
[10:19:32] [41/324] ECGH
[10:19:33] [42/324] MKCK
[10:19:34] [43/324] SRMM
[10:19:35] [44/324] SKYR
[10:19:36] [45/324] PCKC
[10:19:37] [46/324] JCMA
[10:19:38] [47/324] BSMP
[10:19:39] [48/324] VSPA
[10:19:39] [49/324] DJYA
[10:19:40] [50/324] DIMP
[10:19:41] [51/324] FXDR
[10:19:43] [52/324] SSRC
[10:19:44] [53/324] STHP
[10:19:44] [54/324] CPPD
[10:19:45] [55/324] FCLK
[10:19:46] [56/324] SCPP
[10:19:47] [57/324] DCMJ
[10:19:47] [58/324] RCCR
[10:19:48] [59/324] INMT
[10:19:49] [60/324] LXTK
[10:19:50] [61/324] SRYK
[10:19:51] [62/324] SGDK
[10:19:52] [63/324] PPKA
[10:19:52] [64/324] SPKA
[10:19:53] [65/324] CGHH
[10:19:54] [66/324] DCJN
[10:19:55] [67/324] SRKV
[10:19:56] [68/324] SAJC
[10:19:57] [69/324] SUSR
[10:19:57] [70/324] STYG
[10:19:58] [71/324] NTKP
[10:19:59] [72/324] AKTG
[10:20:00] [73/324] CGCM
[10:20:00] [74/324] TULC
[10:20:01] [75/324] NYYZ
[10:20:02] [76/324] NYBW
[10:20:03] [77/324] MACB
[10:20:04] [78/324] SLVT
[10:20:04] [79/324] SANA
[10:20:05] [80/324] ACMR
[10:20:06] [81/324] CPKN
[10:20:07] [82/324] DLGK
[10:20:08] [83/324] CWCK
[10:20:09] [84/324] FDDH
[10:20:10] [85/324] MMMD
[10:20:10] [86/324] CMEH
[10:20:11] [87/324] GGGV
[10:20:13] [88/324] SPJL
[10:20:13] [89/324] RCCD
[10:20:14] [90/324] STTZ
[10:20:15] [91/324] BTCF
[10:20:16] [92/324] TSTZ
[10:20:16] [93/324] IPMM
[10:20:17] [94/324] PMPW
[10:20:18] [95/324] PCMZ
[10:20:19] [96/324] ESEM
[10:20:20] [97/324] PIPO
[10:20:20] [98/324] MATK
[10:20:21] [99/324] PGHM
[10:20:22] [100/324] CTSR
[10:20:23] [101/324] CYKR
[10:20:24] [102/324] MSCM
[10:20:26] [103/324] RFNP
[10:20:26] [104/324] PDCP
[10:20:27] [105/324] NPSE
[10:20:28] [106/324] MKML
[10:20:29] [107/324] FTDP
[10:20:30] [108/324] MMXA
[10:20:31] [109/324] CEPO
[10:20:32] [110/324] CMVP
[10:20:33] [111/324] SGTH
[10:20:35] [112/324] SAYN
[10:20:35] [113/324] URVS
[10:20:36] [114/324] VJTN
[10:20:37] [115/324] BBYK
[10:20:38] [116/324] SHBO
[10:20:38] [117/324] VCMR
[10:20:40] [118/324] MACT
[10:20:41] [119/324] JMNP
[10:20:42] [120/324] VICS
[10:20:42] [121/324] VCDA
[10:20:43] [122/324] GCMM
[10:20:44] [123/324] INVS
[10:20:45] [124/324] SCGM
[10:20:46] [125/324] PCDA
[10:20:46] [126/324] KDCT
[10:20:47] [127/324] JACS
[10:20:48] [128/324] GMMC
[10:20:48] [129/324] AICM
[10:20:49] [130/324] TJCM
[10:20:50] [131/324] RMTI
[10:20:51] [132/324] SHAC
[10:20:52] [133/324] APJC
[10:20:53] [134/324] GCTG
[10:20:54] [135/324] SSMC
[10:20:55] [136/324] THRM
[10:20:56] [137/324] RBCT
[10:20:57] [138/324] DIKT
[10:20:59] [139/324] MIDL
[10:21:00] [140/324] VCSN
[10:21:00] [141/324] SKTG
[10:21:01] [142/324] SMWC
[10:21:02] [143/324] MNKH
[10:21:03] [144/324] PIAT
[10:21:04] [145/324] LTTP
[10:21:04] [146/324] PTPU
[10:21:05] [147/324] ACMG
[10:21:06] [148/324] SHMM
[10:21:07] [149/324] MCMN
[10:21:07] [150/324] GLDC
[10:21:08] [151/324] HOUT
[10:21:09] [152/324] SVRP
[10:21:10] [153/324] PVDN
[10:21:11] [154/324] SCPY
[10:21:12] [155/324] DTPY
[10:21:13] [156/324] GKCS
[10:21:14] [157/324] NCAM
[10:21:15] [158/324] BSRM
[10:21:16] [159/324] RCLC
[10:21:16] [160/324] SKKD
[10:21:17] [161/324] ACHU
[10:21:18] [162/324] RSCF
[10:21:18] [163/324] IMSH
[10:21:19] [164/324] MACX
[10:21:20] [165/324] HMMW
[10:21:21] [166/324] JTCP
[10:21:22] [167/324] SREN
[10:21:23] [168/324] PJRR
[10:21:23] [169/324] INAC
[10:21:24] [170/324] BMCA
[10:21:25] [171/324] SHCB
[10:21:26] [172/324] GABA
[10:21:27] [173/324] SBCT
[10:21:28] [174/324] GCMA
[10:21:28] [175/324] MYTK
[10:21:29] [176/324] INZS
[10:21:30] [177/324] RMIK
[10:21:31] [178/324] NYCH
[10:21:32] [179/324] RAVE
[10:21:33] [180/324] PSXM
[10:21:34] [181/324] MCGP
[10:21:35] [182/324] PDDK
[10:21:35] [183/324] SPCK
[10:21:36] [184/324] MCRL
[10:21:37] [185/324] MHKT
[10:21:38] [186/324] ANRR
[10:21:39] [187/324] SAPK
[10:21:40] [188/324] NCUK
[10:21:41] [189/324] JUGA
[10:21:42] [190/324] DBSC
[10:21:42] [191/324] LALK
[10:21:43] [192/324] GUCK
[10:21:44] [193/324] STSG
[10:21:45] [194/324] PPPZ
[10:21:45] [195/324] CNCY
[10:21:46] [196/324] MTAR
[10:21:47] [197/324] VNKD
[10:21:48] [198/324] KMAJ
[10:21:49] [199/324] ACXK
[10:21:50] [200/324] UTKC
[10:21:50] [201/324] PBLK
[10:21:51] [202/324] ACBX
[10:21:52] [203/324] PTGM
[10:21:53] [204/324] BTDA
[10:21:54] [205/324] PJMB
[10:21:56] [206/324] TPDA
[10:21:56] [207/324] AMOE
[10:21:57] [208/324] PRHT
[10:21:58] [209/324] PRTA
[10:21:59] [210/324] STAM
[10:21:59] [211/324] MSAA
[10:22:00] [212/324] SDLU
[10:22:01] [213/324] RCHH
[10:22:02] [214/324] KANT
[10:22:03] [215/324] FCRT
[10:22:03] [216/324] DNKM
[10:22:04] [217/324] RYCP
[10:22:06] [218/324] MYRP
[10:22:07] [219/324] PPAK
[10:22:07] [220/324] NVPK
[10:22:09] [221/324] PRMC
[10:22:09] [222/324] JBCS
[10:22:10] [223/324] GXCK
[10:22:11] [224/324] USKO
[10:22:12] [225/324] GTEM
[10:22:13] [226/324] SMBU
[10:22:13] [227/324] VETC
[10:22:14] [228/324] LCDA
[10:22:15] [229/324] MTVT
[10:22:15] [230/324] PYCP
[10:22:16] [231/324] PNSC
[10:22:17] [232/324] PPCC
[10:22:17] [233/324] TGRT
[10:22:18] [234/324] JYOT
[10:22:19] [235/324] SRCZ
[10:22:20] [236/324] SJTE
[10:22:21] [237/324] DESC
[10:22:22] [238/324] JHVN
[10:22:23] [239/324] IPSG
[10:22:23] [240/324] IPCM
[10:22:24] [241/324] PDRS
[10:22:25] [242/324] ANCV
[10:22:26] [243/324] CMVV
[10:22:27] [244/324] SHYP
[10:22:28] [245/324] DNCS
[10:22:28] [246/324] GAJK
[10:22:29] [247/324] AKTN
[10:22:30] [248/324] KAYA
[10:22:31] [249/324] SBRC
[10:22:32] [250/324] CHTP
[10:22:32] [251/324] SHRT
[10:22:33] [252/324] BCKU
[10:22:34] [253/324] FCPS
[10:22:34] [254/324] ARDD
[10:22:35] [255/324] CPCM
[10:22:36] [256/324] CGSM
[10:22:37] [257/324] PSMP
[10:22:38] [258/324] SDAL
[10:22:39] [259/324] RTNB
[10:22:40] [260/324] LMCR
[10:22:40] [261/324] CIMA
[10:22:41] [262/324] RNAS
[10:22:42] [263/324] LITH
[10:22:43] [264/324] PBOX
[10:22:44] [265/324] FRTS
[10:22:44] [266/324] RKIC
[10:22:45] [267/324] PTAI
[10:22:46] [268/324] GCIC
[10:22:47] [269/324] FNAS
[10:22:47] [270/324] SCAR
[10:22:48] [271/324] MTCA
[10:22:49] [272/324] SCTS
[10:22:50] [273/324] SYCS
[10:22:51] [274/324] RDMS
[10:22:52] [275/324] KAMP
[10:22:52] [276/324] ERSD
[10:22:54] [277/324] MJMJ
[10:22:55] [278/324] SRCJ
[10:22:57] [279/324] SCXE
[10:22:58] [280/324] SVFR
[10:22:59] [281/324] BHCS
[10:23:00] [282/324] IMCC
[10:23:01] [283/324] PCBO
[10:23:01] [284/324] PRVN
[10:23:02] [285/324] AUPM
[10:23:04] [286/324] INBW
[10:23:05] [287/324] SVCW
[10:23:06] [288/324] RKCF
[10:23:06] [289/324] UVBH
[10:23:07] [290/324] DNCY
[10:23:08] [291/324] ABCN
[10:23:10] [292/324] PRUR
[10:23:11] [293/324] PFMR
[10:23:12] [294/324] RKCN
[10:23:13] [295/324] CFEA
[10:23:13] [296/324] SDBG
[10:23:14] [297/324] SNAR
[10:23:16] [298/324] YISI
[10:23:17] [299/324] JCFF
[10:23:18] [300/324] VTRK
[10:23:18] [301/324] PCLZ
[10:23:19] [302/324] DIMY
[10:23:20] [303/324] BBTS
[10:23:21] [304/324] GATH
[10:23:22] [305/324] GTMN
[10:23:23] [306/324] VTMH
[10:23:24] [307/324] CCKP
[10:23:25] [308/324] GPKA
[10:23:26] [309/324] MHCL
[10:23:27] [310/324] ATCL
[10:23:28] [311/324] SBCK
[10:23:28] [312/324] AMMR
[10:23:29] [313/324] MADC
[10:23:30] [314/324] TMMA
[10:23:31] [315/324] CACC
[10:23:31] [316/324] CHAL
[10:23:32] [317/324] DURG
[10:23:33] [318/324] GMKU
[10:23:34] [319/324] GECA
[10:23:35] [320/324] KYRR
[10:23:37] [321/324] KSDE
[10:23:38] [322/324] LMCI
[10:23:38] [323/324] NKCP
[10:23:39] [324/324] BGTC
[10:23:40] 🧹 Deduping shows
[10:23:40] ✅ DONE | Shows=30 | Movies=5
[16:43:02] 🚀 SCRIPT STARTED
[16:43:02] [1/324] GCTA
[16:43:02] 🧠 New identity created
[16:43:03] [2/324] TOPN
[16:43:04] [3/324] MCUS
[16:43:05] [4/324] SHRL
[16:43:05] [5/324] UPTP
[16:43:06] [6/324] TMMP
[16:43:08] [7/324] DNRP
[16:43:09] [8/324] SRLT
[16:43:09] [9/324] RCNS
[16:43:10] [10/324] DCBH
[16:43:11] [11/324] NAGJ
[16:43:12] [12/324] JVRC
[16:43:13] [13/324] KRJG
[16:43:13] [14/324] SRTJ
[16:43:14] [15/324] CMXM
[16:43:15] [16/324] STMI
[16:43:16] [17/324] SLST
[16:43:17] [18/324] DTCN
[16:43:19] [19/324] STYN
[16:43:20] [20/324] SZVR
[16:43:21] [21/324] SRKO
[16:43:22] [22/324] JTGT
[16:43:23] [23/324] SVFD
[16:43:23] [24/324] SISD
[16:43:24] [25/324] ABDD
[16:43:25] [26/324] DRCA
[16:43:26] [27/324] AVCS
[16:43:26] [28/324] MVKH
[16:43:27] [29/324] ACPR
[16:43:28] [30/324] STIP
[16:43:29] [31/324] MTRA
[16:43:30] [32/324] RMKH
[16:43:31] [33/324] NKRL
[16:43:31] [34/324] PCWN
[16:43:32] [35/324] BLMT
[16:43:33] [36/324] GDPG
[16:43:34] [37/324] SRMX
[16:43:35] [38/324] JACP
[16:43:36] [39/324] CPSH
[16:43:36] [40/324] MCCD
[16:43:38] [41/324] ECGH
[16:43:39] [42/324] MKCK
[16:43:41] [43/324] SRMM
[16:43:42] [44/324] SKYR
[16:43:42] [45/324] PCKC
[16:43:43] [46/324] JCMA
[16:43:44] [47/324] BSMP
[16:43:46] [48/324] VSPA
[16:43:47] [49/324] DJYA
[16:43:48] [50/324] DIMP
[16:43:48] [51/324] FXDR
[16:43:49] [52/324] SSRC
[16:43:50] [53/324] STHP
[16:43:51] [54/324] CPPD
[16:43:52] [55/324] FCLK
[16:43:53] [56/324] SCPP
[16:43:54] [57/324] DCMJ
[16:43:54] [58/324] RCCR
[16:43:55] [59/324] INMT
[16:43:56] [60/324] LXTK
[16:43:58] [61/324] SRYK
[16:43:58] [62/324] SGDK
[16:44:00] [63/324] PPKA
[16:44:01] [64/324] SPKA
[16:44:01] [65/324] CGHH
[16:44:02] [66/324] DCJN
[16:44:03] [67/324] SRKV
[16:44:04] [68/324] SAJC
[16:44:05] [69/324] SUSR
[16:44:06] [70/324] STYG
[16:44:07] [71/324] NTKP
[16:44:08] [72/324] AKTG
[16:44:09] [73/324] CGCM
[16:44:11] [74/324] TULC
[16:44:12] [75/324] NYYZ
[16:44:13] [76/324] NYBW
[16:44:14] [77/324] MACB
[16:44:15] [78/324] SLVT
[16:44:16] [79/324] SANA
[16:44:17] [80/324] ACMR
[16:44:18] [81/324] CPKN
[16:44:19] [82/324] DLGK
[16:44:20] [83/324] CWCK
[16:44:21] [84/324] FDDH
[16:44:22] [85/324] MMMD
[16:44:22] [86/324] CMEH
[16:44:23] [87/324] GGGV
[16:44:24] [88/324] SPJL
[16:44:25] [89/324] RCCD
[16:44:25] [90/324] STTZ
[16:44:26] [91/324] BTCF
[16:44:27] [92/324] TSTZ
[16:44:28] [93/324] IPMM
[16:44:29] [94/324] PMPW
[16:44:29] [95/324] PCMZ
[16:44:30] [96/324] ESEM
[16:44:31] [97/324] PIPO
[16:44:32] [98/324] MATK
[16:44:33] [99/324] PGHM
[16:44:34] [100/324] CTSR
[16:44:35] [101/324] CYKR
[16:44:35] [102/324] MSCM
[16:44:36] [103/324] RFNP
[16:44:37] [104/324] PDCP
[16:44:38] [105/324] NPSE
[16:44:39] [106/324] MKML
[16:44:40] [107/324] FTDP
[16:44:41] [108/324] MMXA
[16:44:42] [109/324] CEPO
[16:44:43] [110/324] CMVP
[16:44:43] [111/324] SGTH
[16:44:44] [112/324] SAYN
[16:44:45] [113/324] URVS
[16:44:46] [114/324] VJTN
[16:44:47] [115/324] BBYK
[16:44:47] [116/324] SHBO
[16:44:48] [117/324] VCMR
[16:44:49] [118/324] MACT
[16:44:50] [119/324] JMNP
[16:44:51] [120/324] VICS
[16:44:51] [121/324] VCDA
[16:44:52] [122/324] GCMM
[16:44:53] [123/324] INVS
[16:44:54] [124/324] SCGM
[16:44:55] [125/324] PCDA
[16:44:56] [126/324] KDCT
[16:44:57] [127/324] JACS
[16:44:58] [128/324] GMMC
[16:44:59] [129/324] AICM
[16:45:00] [130/324] TJCM
[16:45:00] [131/324] RMTI
[16:45:01] [132/324] SHAC
[16:45:02] [133/324] APJC
[16:45:04] [134/324] GCTG
[16:45:04] [135/324] SSMC
[16:45:05] [136/324] THRM
[16:45:06] [137/324] RBCT
[16:45:07] [138/324] DIKT
[16:45:08] [139/324] MIDL
[16:45:08] [140/324] VCSN
[16:45:09] [141/324] SKTG
[16:45:10] [142/324] SMWC
[16:45:11] [143/324] MNKH
[16:45:12] [144/324] PIAT
[16:45:12] [145/324] LTTP
[16:45:13] [146/324] PTPU
[16:45:14] [147/324] ACMG
[16:45:14] [148/324] SHMM
[16:45:15] [149/324] MCMN
[16:45:16] [150/324] GLDC
[16:45:17] [151/324] HOUT
[16:45:18] [152/324] SVRP
[16:45:19] [153/324] PVDN
[16:45:20] [154/324] SCPY
[16:45:21] [155/324] DTPY
[16:45:22] [156/324] GKCS
[16:45:23] [157/324] NCAM
[16:45:24] [158/324] BSRM
[16:45:25] [159/324] RCLC
[16:45:27] [160/324] SKKD
[16:45:27] [161/324] ACHU
[16:45:29] [162/324] RSCF
[16:45:30] [163/324] IMSH
[16:45:31] [164/324] MACX
[16:45:31] [165/324] HMMW
[16:45:32] [166/324] JTCP
[16:45:33] [167/324] SREN
[16:45:34] [168/324] PJRR
[16:45:34] [169/324] INAC
[16:45:35] [170/324] BMCA
[16:45:36] [171/324] SHCB
[16:45:37] [172/324] GABA
[16:45:38] [173/324] SBCT
[16:45:39] [174/324] GCMA
[16:45:39] [175/324] MYTK
[16:45:40] [176/324] INZS
[16:45:41] [177/324] RMIK
[16:45:42] [178/324] NYCH
[16:45:43] [179/324] RAVE
[16:45:44] [180/324] PSXM
[16:45:45] [181/324] MCGP
[16:45:46] [182/324] PDDK
[16:45:47] [183/324] SPCK
[16:45:49] [184/324] MCRL
[16:45:49] [185/324] MHKT
[16:45:50] [186/324] ANRR
[16:45:51] [187/324] SAPK
[16:45:52] [188/324] NCUK
[16:45:53] [189/324] JUGA
[16:45:53] [190/324] DBSC
[16:45:55] [191/324] LALK
[16:45:56] [192/324] GUCK
[16:45:57] [193/324] STSG
[16:45:58] [194/324] PPPZ
[16:45:59] [195/324] CNCY
[16:46:00] [196/324] MTAR
[16:46:00] [197/324] VNKD
[16:46:01] [198/324] KMAJ
[16:46:02] [199/324] ACXK
[16:46:03] [200/324] UTKC
[16:46:04] [201/324] PBLK
[16:46:05] [202/324] ACBX
[16:46:05] [203/324] PTGM
[16:46:06] [204/324] BTDA
[16:46:07] [205/324] PJMB
[16:46:08] [206/324] TPDA
[16:46:09] [207/324] AMOE
[16:46:10] [208/324] PRHT
[16:46:10] [209/324] PRTA
[16:46:11] [210/324] STAM
[16:46:12] [211/324] MSAA
[16:46:13] [212/324] SDLU
[16:46:13] [213/324] RCHH
[16:46:14] [214/324] KANT
[16:46:15] [215/324] FCRT
[16:46:16] [216/324] DNKM
[16:46:17] [217/324] RYCP
[16:46:18] [218/324] MYRP
[16:46:18] [219/324] PPAK
[16:46:19] [220/324] NVPK
[16:46:20] [221/324] PRMC
[16:46:21] [222/324] JBCS
[16:46:22] [223/324] GXCK
[16:46:23] [224/324] USKO
[16:46:24] [225/324] GTEM
[16:46:24] [226/324] SMBU
[16:46:25] [227/324] VETC
[16:46:26] [228/324] LCDA
[16:46:27] [229/324] MTVT
[16:46:28] [230/324] PYCP
[16:46:29] [231/324] PNSC
[16:46:30] [232/324] PPCC
[16:46:31] [233/324] TGRT
[16:46:31] [234/324] JYOT
[16:46:32] [235/324] SRCZ
[16:46:33] [236/324] SJTE
[16:46:34] [237/324] DESC
[16:46:35] [238/324] JHVN
[16:46:35] [239/324] IPSG
[16:46:36] [240/324] IPCM
[16:46:37] [241/324] PDRS
[16:46:38] [242/324] ANCV
[16:46:38] [243/324] CMVV
[16:46:39] [244/324] SHYP
[16:46:40] [245/324] DNCS
[16:46:41] [246/324] GAJK
[16:46:41] [247/324] AKTN
[16:46:42] [248/324] KAYA
[16:46:43] [249/324] SBRC
[16:46:44] [250/324] CHTP
[16:46:45] [251/324] SHRT
[16:46:46] [252/324] BCKU
[16:46:47] [253/324] FCPS
[16:46:48] [254/324] ARDD
[16:46:49] [255/324] CPCM
[16:46:50] [256/324] CGSM
[16:46:51] [257/324] PSMP
[16:46:51] [258/324] SDAL
[16:46:52] [259/324] RTNB
[16:46:53] [260/324] LMCR
[16:46:54] [261/324] CIMA
[16:46:55] [262/324] RNAS
[16:46:56] [263/324] LITH
[16:46:56] [264/324] PBOX
[16:46:57] [265/324] FRTS
[16:46:58] [266/324] RKIC
[16:46:59] [267/324] PTAI
[16:47:00] [268/324] GCIC
[16:47:01] [269/324] FNAS
[16:47:02] [270/324] SCAR
[16:47:02] [271/324] MTCA
[16:47:03] [272/324] SCTS
[16:47:04] [273/324] SYCS
[16:47:05] [274/324] RDMS
[16:47:06] [275/324] KAMP
[16:47:06] [276/324] ERSD
[16:47:07] [277/324] MJMJ
[16:47:08] [278/324] SRCJ
[16:47:09] [279/324] SCXE
[16:47:10] [280/324] SVFR
[16:47:11] [281/324] BHCS
[16:47:12] [282/324] IMCC
[16:47:13] [283/324] PCBO
[16:47:15] [284/324] PRVN
[16:47:16] [285/324] AUPM
[16:47:16] [286/324] INBW
[16:47:17] [287/324] SVCW
[16:47:18] [288/324] RKCF
[16:47:19] [289/324] UVBH
[16:47:19] [290/324] DNCY
[16:47:20] [291/324] ABCN
[16:47:21] [292/324] PRUR
[16:47:22] [293/324] PFMR
[16:47:23] [294/324] RKCN
[16:47:24] [295/324] CFEA
[16:47:25] [296/324] SDBG
[16:47:26] [297/324] SNAR
[16:47:26] [298/324] YISI
[16:47:27] [299/324] JCFF
[16:47:28] [300/324] VTRK
[16:47:29] [301/324] PCLZ
[16:47:30] [302/324] DIMY
[16:47:31] [303/324] BBTS
[16:47:31] [304/324] GATH
[16:47:32] [305/324] GTMN
[16:47:33] [306/324] VTMH
[16:47:34] [307/324] CCKP
[16:47:35] [308/324] GPKA
[16:47:36] [309/324] MHCL
[16:47:37] [310/324] ATCL
[16:47:38] [311/324] SBCK
[16:47:39] [312/324] AMMR
[16:47:40] [313/324] MADC
[16:47:40] [314/324] TMMA
[16:47:41] [315/324] CACC
[16:47:43] [316/324] CHAL
[16:47:44] [317/324] DURG
[16:47:45] [318/324] GMKU
[16:47:46] [319/324] GECA
[16:47:46] [320/324] KYRR
[16:47:47] [321/324] KSDE
[16:47:48] [322/324] LMCI
[16:47:49] [323/324] NKCP
[16:47:50] [324/324] BGTC
[16:47:50] 🧹 Deduping shows
[16:47:50] ✅ DONE | Shows=30 | Movies=5
[04:43:13] 🚀 SCRIPT STARTED
[04:43:13] [1/324] GCTA
[04:43:13] 🧠 New identity created
[04:43:14] [2/324] TOPN
[04:43:15] [3/324] MCUS
[04:43:16] [4/324] SHRL
[04:43:17] [5/324] UPTP
[04:43:18] [6/324] TMMP
[04:43:18] [7/324] DNRP
[04:43:19] [8/324] SRLT
[04:43:20] [9/324] RCNS
[04:43:21] [10/324] DCBH
[04:43:23] [11/324] NAGJ
[04:43:23] [12/324] JVRC
[04:43:24] [13/324] KRJG
[04:43:25] [14/324] SRTJ
[04:43:26] [15/324] CMXM
[04:43:27] [16/324] STMI
[04:43:27] [17/324] SLST
[04:43:28] [18/324] DTCN
[04:43:29] [19/324] STYN
[04:43:30] [20/324] SZVR
[04:43:31] [21/324] SRKO
[04:43:32] [22/324] JTGT
[04:43:33] [23/324] SVFD
[04:43:34] [24/324] SISD
[04:43:34] [25/324] ABDD
[04:43:35] [26/324] DRCA
[04:43:36] [27/324] AVCS
[04:43:37] [28/324] MVKH
[04:43:38] [29/324] ACPR
[04:43:39] [30/324] STIP
[04:43:40] [31/324] MTRA
[04:43:41] [32/324] RMKH
[04:43:42] [33/324] NKRL
[04:43:43] [34/324] PCWN
[04:43:44] [35/324] BLMT
[04:43:45] [36/324] GDPG
[04:43:45] [37/324] SRMX
[04:43:46] [38/324] JACP
[04:43:47] [39/324] CPSH
[04:43:48] [40/324] MCCD
[04:43:49] [41/324] ECGH
[04:43:50] [42/324] MKCK
[04:43:51] [43/324] SRMM
[04:43:51] [44/324] SKYR
[04:43:52] [45/324] PCKC
[04:43:54] [46/324] JCMA
[04:43:55] [47/324] BSMP
[04:43:57] [48/324] VSPA
[04:43:57] [49/324] DJYA
[04:43:58] [50/324] DIMP
[04:44:00] [51/324] FXDR
[04:44:01] [52/324] SSRC
[04:44:02] [53/324] STHP
[04:44:03] [54/324] CPPD
[04:44:04] [55/324] FCLK
[04:44:05] [56/324] SCPP
[04:44:06] [57/324] DCMJ
[04:44:07] [58/324] RCCR
[04:44:08] [59/324] INMT
[04:44:09] [60/324] LXTK
[04:44:10] [61/324] SRYK
[04:44:11] [62/324] SGDK
[04:44:12] [63/324] PPKA
[04:44:13] [64/324] SPKA
[04:44:13] [65/324] CGHH
[04:44:14] [66/324] DCJN
[04:44:15] [67/324] SRKV
[04:44:16] [68/324] SAJC
[04:44:17] [69/324] SUSR
[04:44:18] [70/324] STYG
[04:44:19] [71/324] NTKP
[04:44:21] [72/324] AKTG
[04:44:22] [73/324] CGCM
[04:44:23] [74/324] TULC
[04:44:24] [75/324] NYYZ
[04:44:24] [76/324] NYBW
[04:44:25] [77/324] MACB
[04:44:26] [78/324] SLVT
[04:44:28] [79/324] SANA
[04:44:28] [80/324] ACMR
[04:44:29] [81/324] CPKN
[04:44:30] [82/324] DLGK
[04:44:32] [83/324] CWCK
[04:44:32] [84/324] FDDH
[04:44:33] [85/324] MMMD
[04:44:34] [86/324] CMEH
[04:44:35] [87/324] GGGV
[04:44:36] [88/324] SPJL
[04:44:37] [89/324] RCCD
[04:44:38] [90/324] STTZ
[04:44:38] [91/324] BTCF
[04:44:39] [92/324] TSTZ
[04:44:40] [93/324] IPMM
[04:44:41] [94/324] PMPW
[04:44:42] [95/324] PCMZ
[04:44:43] [96/324] ESEM
[04:44:44] [97/324] PIPO
[04:44:46] [98/324] MATK
[04:44:47] [99/324] PGHM
[04:44:48] [100/324] CTSR
[04:44:48] [101/324] CYKR
[04:44:49] [102/324] MSCM
[04:44:50] [103/324] RFNP
[04:44:51] [104/324] PDCP
[04:44:53] [105/324] NPSE
[04:44:54] [106/324] MKML
[04:44:54] [107/324] FTDP
[04:44:55] [108/324] MMXA
[04:44:57] [109/324] CEPO
[04:44:58] [110/324] CMVP
[04:45:00] [111/324] SGTH
[04:45:01] [112/324] SAYN
[04:45:02] [113/324] URVS
[04:45:03] [114/324] VJTN
[04:45:04] [115/324] BBYK
[04:45:05] [116/324] SHBO
[04:45:06] [117/324] VCMR
[04:45:07] [118/324] MACT
[04:45:08] [119/324] JMNP
[04:45:09] [120/324] VICS
[04:45:10] [121/324] VCDA
[04:45:10] [122/324] GCMM
[04:45:11] [123/324] INVS
[04:45:12] [124/324] SCGM
[04:45:13] [125/324] PCDA
[04:45:15] [126/324] KDCT
[04:45:15] [127/324] JACS
[04:45:16] [128/324] GMMC
[04:45:17] [129/324] AICM
[04:45:18] [130/324] TJCM
[04:45:19] [131/324] RMTI
[04:45:20] [132/324] SHAC
[04:45:21] [133/324] APJC
[04:45:22] [134/324] GCTG
[04:45:23] [135/324] SSMC
[04:45:24] [136/324] THRM
[04:45:25] [137/324] RBCT
[04:45:26] [138/324] DIKT
[04:45:27] [139/324] MIDL
[04:45:28] [140/324] VCSN
[04:45:29] [141/324] SKTG
[04:45:30] [142/324] SMWC
[04:45:30] [143/324] MNKH
[04:45:31] [144/324] PIAT
[04:45:33] [145/324] LTTP
[04:45:34] [146/324] PTPU
[04:45:34] [147/324] ACMG
[04:45:35] [148/324] SHMM
[04:45:37] [149/324] MCMN
[04:45:39] [150/324] GLDC
[04:45:40] [151/324] HOUT
[04:45:41] [152/324] SVRP
[04:45:42] [153/324] PVDN
[04:45:43] [154/324] SCPY
[04:45:43] [155/324] DTPY
[04:45:44] [156/324] GKCS
[04:45:45] [157/324] NCAM
[04:45:46] [158/324] BSRM
[04:45:47] [159/324] RCLC
[04:45:47] [160/324] SKKD
[04:45:48] [161/324] ACHU
[04:45:49] [162/324] RSCF
[04:45:51] [163/324] IMSH
[04:45:52] [164/324] MACX
[04:45:53] [165/324] HMMW
[04:45:54] [166/324] JTCP
[04:45:55] [167/324] SREN
[04:45:56] [168/324] PJRR
[04:45:56] [169/324] INAC
[04:45:58] [170/324] BMCA
[04:45:59] [171/324] SHCB
[04:46:00] [172/324] GABA
[04:46:00] [173/324] SBCT
[04:46:01] [174/324] GCMA
[04:46:02] [175/324] MYTK
[04:46:03] [176/324] INZS
[04:46:04] [177/324] RMIK
[04:46:05] [178/324] NYCH
[04:46:06] [179/324] RAVE
[04:46:07] [180/324] PSXM
[04:46:09] [181/324] MCGP
[04:46:10] [182/324] PDDK
[04:46:11] [183/324] SPCK
[04:46:13] [184/324] MCRL
[04:46:14] [185/324] MHKT
[04:46:15] [186/324] ANRR
[04:46:16] [187/324] SAPK
[04:46:17] [188/324] NCUK
[04:46:19] [189/324] JUGA
[04:46:20] [190/324] DBSC
[04:46:20] [191/324] LALK
[04:46:21] [192/324] GUCK
[04:46:22] [193/324] STSG
[04:46:24] [194/324] PPPZ
[04:46:25] [195/324] CNCY
[04:46:26] [196/324] MTAR
[04:46:26] [197/324] VNKD
[04:46:27] [198/324] KMAJ
[04:46:29] [199/324] ACXK
[04:46:30] [200/324] UTKC
[04:46:31] [201/324] PBLK
[04:46:31] [202/324] ACBX
[04:46:32] [203/324] PTGM
[04:46:34] [204/324] BTDA
[04:46:35] [205/324] PJMB
[04:46:35] [206/324] TPDA
[04:46:36] [207/324] AMOE
[04:46:37] [208/324] PRHT
[04:46:38] [209/324] PRTA
[04:46:38] [210/324] STAM
[04:46:39] [211/324] MSAA
[04:46:40] [212/324] SDLU
[04:46:41] [213/324] RCHH
[04:46:42] [214/324] KANT
[04:46:43] [215/324] FCRT
[04:46:44] [216/324] DNKM
[04:46:45] [217/324] RYCP
[04:46:46] [218/324] MYRP
[04:46:47] [219/324] PPAK
[04:46:48] [220/324] NVPK
[04:46:48] [221/324] PRMC
[04:46:49] [222/324] JBCS
[04:46:50] [223/324] GXCK
[04:46:51] [224/324] USKO
[04:46:52] [225/324] GTEM
[04:46:52] [226/324] SMBU
[04:46:53] [227/324] VETC
[04:46:55] [228/324] LCDA
[04:46:56] [229/324] MTVT
[04:46:57] [230/324] PYCP
[04:46:58] [231/324] PNSC
[04:46:59] [232/324] PPCC
[04:47:00] [233/324] TGRT
[04:47:00] [234/324] JYOT
[04:47:01] [235/324] SRCZ
[04:47:02] [236/324] SJTE
[04:47:03] [237/324] DESC
[04:47:04] [238/324] JHVN
[04:47:05] [239/324] IPSG
[04:47:05] [240/324] IPCM
[04:47:06] [241/324] PDRS
[04:47:07] [242/324] ANCV
[04:47:09] [243/324] CMVV
[04:47:10] [244/324] SHYP
[04:47:11] [245/324] DNCS
[04:47:12] [246/324] GAJK
[04:47:13] [247/324] AKTN
[04:47:14] [248/324] KAYA
[04:47:14] [249/324] SBRC
[04:47:15] [250/324] CHTP
[04:47:16] [251/324] SHRT
[04:47:17] [252/324] BCKU
[04:47:18] [253/324] FCPS
[04:47:19] [254/324] ARDD
[04:47:19] [255/324] CPCM
[04:47:20] [256/324] CGSM
[04:47:22] [257/324] PSMP
[04:47:23] [258/324] SDAL
[04:47:23] [259/324] RTNB
[04:47:24] [260/324] LMCR
[04:47:25] [261/324] CIMA
[04:47:26] [262/324] RNAS
[04:47:27] [263/324] LITH
[04:47:28] [264/324] PBOX
[04:47:29] [265/324] FRTS
[04:47:29] [266/324] RKIC
[04:47:30] [267/324] PTAI
[04:47:31] [268/324] GCIC
[04:47:32] [269/324] FNAS
[04:47:33] [270/324] SCAR
[04:47:34] [271/324] MTCA
[04:47:34] [272/324] SCTS
[04:47:36] [273/324] SYCS
[04:47:37] [274/324] RDMS
[04:47:38] [275/324] KAMP
[04:47:39] [276/324] ERSD
[04:47:39] [277/324] MJMJ
[04:47:40] [278/324] SRCJ
[04:47:42] [279/324] SCXE
[04:47:43] [280/324] SVFR
[04:47:45] [281/324] BHCS
[04:47:46] [282/324] IMCC
[04:47:47] [283/324] PCBO
[04:47:49] [284/324] PRVN
[04:47:49] [285/324] AUPM
[04:47:50] [286/324] INBW
[04:47:51] [287/324] SVCW
[04:47:52] [288/324] RKCF
[04:47:54] [289/324] UVBH
[04:47:55] [290/324] DNCY
[04:47:56] [291/324] ABCN
[04:47:56] [292/324] PRUR
[04:47:57] [293/324] PFMR
[04:47:58] [294/324] RKCN
[04:47:59] [295/324] CFEA
[04:48:00] [296/324] SDBG
[04:48:01] [297/324] SNAR
[04:48:01] [298/324] YISI
[04:48:02] [299/324] JCFF
[04:48:03] [300/324] VTRK
[04:48:04] [301/324] PCLZ
[04:48:06] [302/324] DIMY
[04:48:07] [303/324] BBTS
[04:48:08] [304/324] GATH
[04:48:09] [305/324] GTMN
[04:48:10] [306/324] VTMH
[04:48:11] [307/324] CCKP
[04:48:12] [308/324] GPKA
[04:48:13] [309/324] MHCL
[04:48:14] [310/324] ATCL
[04:48:15] [311/324] SBCK
[04:48:16] [312/324] AMMR
[04:48:17] [313/324] MADC
[04:48:17] [314/324] TMMA
[04:48:19] [315/324] CACC
[04:48:20] [316/324] CHAL
[04:48:21] [317/324] DURG
[04:48:21] [318/324] GMKU
[04:48:22] [319/324] GECA
[04:48:23] [320/324] KYRR
[04:48:25] [321/324] KSDE
[04:48:26] [322/324] LMCI
[04:48:26] [323/324] NKCP
[04:48:27] [324/324] BGTC
[04:48:28] 🧹 Deduping shows
[04:48:28] ✅ DONE | Shows=143 | Movies=10
[11:52:12] 🚀 SCRIPT STARTED
[11:52:12] [1/324] GCTA
[11:52:12] 🧠 New identity created
[11:52:13] [2/324] TOPN
[11:52:14] [3/324] MCUS
[11:52:15] [4/324] SHRL
[11:52:16] [5/324] UPTP
[11:52:17] [6/324] TMMP
[11:52:18] [7/324] DNRP
[11:52:19] [8/324] SRLT
[11:52:20] [9/324] RCNS
[11:52:20] [10/324] DCBH
[11:52:21] [11/324] NAGJ
[11:52:22] [12/324] JVRC
[11:52:23] [13/324] KRJG
[11:52:24] [14/324] SRTJ
[11:52:25] [15/324] CMXM
[11:52:26] [16/324] STMI
[11:52:27] [17/324] SLST
[11:52:28] [18/324] DTCN
[11:52:29] [19/324] STYN
[11:52:29] [20/324] SZVR
[11:52:30] [21/324] SRKO
[11:52:31] [22/324] JTGT
[11:52:32] [23/324] SVFD
[11:52:33] [24/324] SISD
[11:52:33] [25/324] ABDD
[11:52:34] [26/324] DRCA
[11:52:35] [27/324] AVCS
[11:52:36] [28/324] MVKH
[11:52:37] [29/324] ACPR
[11:52:37] [30/324] STIP
[11:52:38] [31/324] MTRA
[11:52:39] [32/324] RMKH
[11:52:40] [33/324] NKRL
[11:52:41] [34/324] PCWN
[11:52:42] [35/324] BLMT
[11:52:43] [36/324] GDPG
[11:52:44] [37/324] SRMX
[11:52:44] [38/324] JACP
[11:52:45] [39/324] CPSH
[11:52:46] [40/324] MCCD
[11:52:47] [41/324] ECGH
[11:52:48] [42/324] MKCK
[11:52:48] [43/324] SRMM
[11:52:49] [44/324] SKYR
[11:52:50] [45/324] PCKC
[11:52:50] [46/324] JCMA
[11:52:52] [47/324] BSMP
[11:52:53] [48/324] VSPA
[11:52:54] [49/324] DJYA
[11:52:55] [50/324] DIMP
[11:52:56] [51/324] FXDR
[11:52:57] [52/324] SSRC
[11:52:58] [53/324] STHP
[11:52:59] [54/324] CPPD
[11:53:00] [55/324] FCLK
[11:53:01] [56/324] SCPP
[11:53:02] [57/324] DCMJ
[11:53:02] [58/324] RCCR
[11:53:03] [59/324] INMT
[11:53:05] [60/324] LXTK
[11:53:06] [61/324] SRYK
[11:53:07] [62/324] SGDK
[11:53:08] [63/324] PPKA
[11:53:08] [64/324] SPKA
[11:53:10] [65/324] CGHH
[11:53:10] [66/324] DCJN
[11:53:11] [67/324] SRKV
[11:53:12] [68/324] SAJC
[11:53:13] [69/324] SUSR
[11:53:14] [70/324] STYG
[11:53:15] [71/324] NTKP
[11:53:16] [72/324] AKTG
[11:53:16] [73/324] CGCM
[11:53:17] [74/324] TULC
[11:53:18] [75/324] NYYZ
[11:53:19] [76/324] NYBW
[11:53:19] [77/324] MACB
[11:53:20] [78/324] SLVT
[11:53:21] [79/324] SANA
[11:53:22] [80/324] ACMR
[11:53:23] [81/324] CPKN
[11:53:24] [82/324] DLGK
[11:53:25] [83/324] CWCK
[11:53:26] [84/324] FDDH
[11:53:27] [85/324] MMMD
[11:53:28] [86/324] CMEH
[11:53:28] [87/324] GGGV
[11:53:29] [88/324] SPJL
[11:53:30] [89/324] RCCD
[11:53:31] [90/324] STTZ
[11:53:31] [91/324] BTCF
[11:53:32] [92/324] TSTZ
[11:53:33] [93/324] IPMM
[11:53:34] [94/324] PMPW
[11:53:35] [95/324] PCMZ
[11:53:35] [96/324] ESEM
[11:53:36] [97/324] PIPO
[11:53:37] [98/324] MATK
[11:53:39] [99/324] PGHM
[11:53:39] [100/324] CTSR
[11:53:40] [101/324] CYKR
[11:53:41] [102/324] MSCM
[11:53:42] [103/324] RFNP
[11:53:43] [104/324] PDCP
[11:53:44] [105/324] NPSE
[11:53:45] [106/324] MKML
[11:53:46] [107/324] FTDP
[11:53:47] [108/324] MMXA
[11:53:48] [109/324] CEPO
[11:53:48] [110/324] CMVP
[11:53:49] [111/324] SGTH
[11:53:50] [112/324] SAYN
[11:53:51] [113/324] URVS
[11:53:51] [114/324] VJTN
[11:53:52] [115/324] BBYK
[11:53:53] [116/324] SHBO
[11:53:54] [117/324] VCMR
[11:53:55] [118/324] MACT
[11:53:55] [119/324] JMNP
[11:53:56] [120/324] VICS
[11:53:57] [121/324] VCDA
[11:53:58] [122/324] GCMM
[11:53:59] [123/324] INVS
[11:54:00] [124/324] SCGM
[11:54:01] [125/324] PCDA
[11:54:01] [126/324] KDCT
[11:54:02] [127/324] JACS
[11:54:03] [128/324] GMMC
[11:54:04] [129/324] AICM
[11:54:05] [130/324] TJCM
[11:54:06] [131/324] RMTI
[11:54:07] [132/324] SHAC
[11:54:08] [133/324] APJC
[11:54:08] [134/324] GCTG
[11:54:09] [135/324] SSMC
[11:54:10] [136/324] THRM
[11:54:11] [137/324] RBCT
[11:54:11] [138/324] DIKT
[11:54:12] [139/324] MIDL
[11:54:13] [140/324] VCSN
[11:54:14] [141/324] SKTG
[11:54:15] [142/324] SMWC
[11:54:16] [143/324] MNKH
[11:54:17] [144/324] PIAT
[11:54:18] [145/324] LTTP
[11:54:19] [146/324] PTPU
[11:54:20] [147/324] ACMG
[11:54:21] [148/324] SHMM
[11:54:21] [149/324] MCMN
[11:54:22] [150/324] GLDC
[11:54:23] [151/324] HOUT
[11:54:24] [152/324] SVRP
[11:54:25] [153/324] PVDN
[11:54:25] [154/324] SCPY
[11:54:26] [155/324] DTPY
[11:54:27] [156/324] GKCS
[11:54:28] [157/324] NCAM
[11:54:29] [158/324] BSRM
[11:54:29] [159/324] RCLC
[11:54:30] [160/324] SKKD
[11:54:31] [161/324] ACHU
[11:54:32] [162/324] RSCF
[11:54:32] [163/324] IMSH
[11:54:33] [164/324] MACX
[11:54:36] [165/324] HMMW
[11:54:37] [166/324] JTCP
[11:54:38] [167/324] SREN
[11:54:39] [168/324] PJRR
[11:54:40] [169/324] INAC
[11:54:41] [170/324] BMCA
[11:54:42] [171/324] SHCB
[11:54:42] [172/324] GABA
[11:54:43] [173/324] SBCT
[11:54:44] [174/324] GCMA
[11:54:45] [175/324] MYTK
[11:54:46] [176/324] INZS
[11:54:46] [177/324] RMIK
[11:54:47] [178/324] NYCH
[11:54:48] [179/324] RAVE
[11:54:49] [180/324] PSXM
[11:54:50] [181/324] MCGP
[11:54:51] [182/324] PDDK
[11:54:51] [183/324] SPCK
[11:54:52] [184/324] MCRL
[11:54:53] [185/324] MHKT
[11:54:54] [186/324] ANRR
[11:54:55] [187/324] SAPK
[11:54:56] [188/324] NCUK
[11:54:57] [189/324] JUGA
[11:54:58] [190/324] DBSC
[11:54:58] [191/324] LALK
[11:54:59] [192/324] GUCK
[11:55:00] [193/324] STSG
[11:55:01] [194/324] PPPZ
[11:55:02] [195/324] CNCY
[11:55:03] [196/324] MTAR
[11:55:04] [197/324] VNKD
[11:55:04] [198/324] KMAJ
[11:55:05] [199/324] ACXK
[11:55:06] [200/324] UTKC
[11:55:07] [201/324] PBLK
[11:55:08] [202/324] ACBX
[11:55:09] [203/324] PTGM
[11:55:09] [204/324] BTDA
[11:55:10] [205/324] PJMB
[11:55:11] [206/324] TPDA
[11:55:12] [207/324] AMOE
[11:55:13] [208/324] PRHT
[11:55:13] [209/324] PRTA
[11:55:14] [210/324] STAM
[11:55:15] [211/324] MSAA
[11:55:16] [212/324] SDLU
[11:55:16] [213/324] RCHH
[11:55:17] [214/324] KANT
[11:55:18] [215/324] FCRT
[11:55:19] [216/324] DNKM
[11:55:20] [217/324] RYCP
[11:55:20] [218/324] MYRP
[11:55:21] [219/324] PPAK
[11:55:22] [220/324] NVPK
[11:55:23] [221/324] PRMC
[11:55:24] [222/324] JBCS
[11:55:25] [223/324] GXCK
[11:55:26] [224/324] USKO
[11:55:27] [225/324] GTEM
[11:55:27] [226/324] SMBU
[11:55:29] [227/324] VETC
[11:55:30] [228/324] LCDA
[11:55:31] [229/324] MTVT
[11:55:32] [230/324] PYCP
[11:55:33] [231/324] PNSC
[11:55:34] [232/324] PPCC
[11:55:34] [233/324] TGRT
[11:55:36] [234/324] JYOT
[11:55:37] [235/324] SRCZ
[11:55:37] [236/324] SJTE
[11:55:38] [237/324] DESC
[11:55:39] [238/324] JHVN
[11:55:40] [239/324] IPSG
[11:55:41] [240/324] IPCM
[11:55:42] [241/324] PDRS
[11:55:43] [242/324] ANCV
[11:55:44] [243/324] CMVV
[11:55:45] [244/324] SHYP
[11:55:45] [245/324] DNCS
[11:55:46] [246/324] GAJK
[11:55:47] [247/324] AKTN
[11:55:48] [248/324] KAYA
[11:55:49] [249/324] SBRC
[11:55:50] [250/324] CHTP
[11:55:51] [251/324] SHRT
[11:55:51] [252/324] BCKU
[11:55:52] [253/324] FCPS
[11:55:53] [254/324] ARDD
[11:55:53] [255/324] CPCM
[11:55:54] [256/324] CGSM
[11:55:55] [257/324] PSMP
[11:55:56] [258/324] SDAL
[11:55:57] [259/324] RTNB
[11:55:58] [260/324] LMCR
[11:55:59] [261/324] CIMA
[11:56:00] [262/324] RNAS
[11:56:00] [263/324] LITH
[11:56:01] [264/324] PBOX
[11:56:02] [265/324] FRTS
[11:56:03] [266/324] RKIC
[11:56:04] [267/324] PTAI
[11:56:05] [268/324] GCIC
[11:56:06] [269/324] FNAS
[11:56:07] [270/324] SCAR
[11:56:08] [271/324] MTCA
[11:56:09] [272/324] SCTS
[11:56:09] [273/324] SYCS
[11:56:10] [274/324] RDMS
[11:56:11] [275/324] KAMP
[11:56:12] [276/324] ERSD
[11:56:13] [277/324] MJMJ
[11:56:14] [278/324] SRCJ
[11:56:15] [279/324] SCXE
[11:56:16] [280/324] SVFR
[11:56:17] [281/324] BHCS
[11:56:18] [282/324] IMCC
[11:56:19] [283/324] PCBO
[11:56:21] [284/324] PRVN
[11:56:21] [285/324] AUPM
[11:56:22] [286/324] INBW
[11:56:23] [287/324] SVCW
[11:56:24] [288/324] RKCF
[11:56:25] [289/324] UVBH
[11:56:26] [290/324] DNCY
[11:56:26] [291/324] ABCN
[11:56:27] [292/324] PRUR
[11:56:28] [293/324] PFMR
[11:56:29] [294/324] RKCN
[11:56:30] [295/324] CFEA
[11:56:31] [296/324] SDBG
[11:56:32] [297/324] SNAR
[11:56:33] [298/324] YISI
[11:56:33] [299/324] JCFF
[11:56:34] [300/324] VTRK
[11:56:36] [301/324] PCLZ
[11:56:36] [302/324] DIMY
[11:56:37] [303/324] BBTS
[11:56:38] [304/324] GATH
[11:56:39] [305/324] GTMN
[11:56:40] [306/324] VTMH
[11:56:40] [307/324] CCKP
[11:56:41] [308/324] GPKA
[11:56:42] [309/324] MHCL
[11:56:43] [310/324] ATCL
[11:56:44] [311/324] SBCK
[11:56:45] [312/324] AMMR
[11:56:45] [313/324] MADC
[11:56:46] [314/324] TMMA
[11:56:47] [315/324] CACC
[11:56:48] [316/324] CHAL
[11:56:49] [317/324] DURG
[11:56:50] [318/324] GMKU
[11:56:51] [319/324] GECA
[11:56:52] [320/324] KYRR
[11:56:53] [321/324] KSDE
[11:56:54] [322/324] LMCI
[11:56:55] [323/324] NKCP
[11:56:55] [324/324] BGTC
[11:56:57] 🧹 Deduping shows
[11:56:57] ✅ DONE | Shows=160 | Movies=12
[19:01:18] 🚀 SCRIPT STARTED
[19:01:18] [1/324] GCTA
[19:01:18] 🧠 New identity created
[19:01:19] [2/324] TOPN
[19:01:20] [3/324] MCUS
[19:01:21] [4/324] SHRL
[19:01:22] [5/324] UPTP
[19:01:23] [6/324] TMMP
[19:01:24] [7/324] DNRP
[19:01:25] [8/324] SRLT
[19:01:25] [9/324] RCNS
[19:01:26] [10/324] DCBH
[19:01:27] [11/324] NAGJ
[19:01:28] [12/324] JVRC
[19:01:29] [13/324] KRJG
[19:01:30] [14/324] SRTJ
[19:01:31] [15/324] CMXM
[19:01:31] [16/324] STMI
[19:01:32] [17/324] SLST
[19:01:33] [18/324] DTCN
[19:01:35] [19/324] STYN
[19:01:35] [20/324] SZVR
[19:01:36] [21/324] SRKO
[19:01:38] [22/324] JTGT
[19:01:38] [23/324] SVFD
[19:01:39] [24/324] SISD
[19:01:40] [25/324] ABDD
[19:01:41] [26/324] DRCA
[19:01:42] [27/324] AVCS
[19:01:43] [28/324] MVKH
[19:01:44] [29/324] ACPR
[19:01:45] [30/324] STIP
[19:01:46] [31/324] MTRA
[19:01:47] [32/324] RMKH
[19:01:48] [33/324] NKRL
[19:01:49] [34/324] PCWN
[19:01:50] [35/324] BLMT
[19:01:50] [36/324] GDPG
[19:01:51] [37/324] SRMX
[19:01:52] [38/324] JACP
[19:01:53] [39/324] CPSH
[19:01:54] [40/324] MCCD
[19:01:55] [41/324] ECGH
[19:01:56] [42/324] MKCK
[19:01:57] [43/324] SRMM
[19:01:58] [44/324] SKYR
[19:01:59] [45/324] PCKC
[19:02:00] [46/324] JCMA
[19:02:00] [47/324] BSMP
[19:02:01] [48/324] VSPA
[19:02:02] [49/324] DJYA
[19:02:03] [50/324] DIMP
[19:02:04] [51/324] FXDR
[19:02:05] [52/324] SSRC
[19:02:06] [53/324] STHP
[19:02:06] [54/324] CPPD
[19:02:07] [55/324] FCLK
[19:02:08] [56/324] SCPP
[19:02:09] [57/324] DCMJ
[19:02:10] [58/324] RCCR
[19:02:10] [59/324] INMT
[19:02:11] [60/324] LXTK
[19:02:12] [61/324] SRYK
[19:02:13] [62/324] SGDK
[19:02:14] [63/324] PPKA
[19:02:15] [64/324] SPKA
[19:02:16] [65/324] CGHH
[19:02:16] [66/324] DCJN
[19:02:17] [67/324] SRKV
[19:02:18] [68/324] SAJC
[19:02:18] [69/324] SUSR
[19:02:19] [70/324] STYG
[19:02:20] [71/324] NTKP
[19:02:21] [72/324] AKTG
[19:02:22] [73/324] CGCM
[19:02:23] [74/324] TULC
[19:02:24] [75/324] NYYZ
[19:02:25] [76/324] NYBW
[19:02:26] [77/324] MACB
[19:02:26] [78/324] SLVT
[19:02:27] [79/324] SANA
[19:02:28] [80/324] ACMR
[19:02:29] [81/324] CPKN
[19:02:31] [82/324] DLGK
[19:02:32] [83/324] CWCK
[19:02:33] [84/324] FDDH
[19:02:34] [85/324] MMMD
[19:02:35] [86/324] CMEH
[19:02:35] [87/324] GGGV
[19:02:36] [88/324] SPJL
[19:02:37] [89/324] RCCD
[19:02:37] [90/324] STTZ
[19:02:38] [91/324] BTCF
[19:02:39] [92/324] TSTZ
[19:02:40] [93/324] IPMM
[19:02:41] [94/324] PMPW
[19:02:42] [95/324] PCMZ
[19:02:43] [96/324] ESEM
[19:02:43] [97/324] PIPO
[19:02:44] [98/324] MATK
[19:02:45] [99/324] PGHM
[19:02:46] [100/324] CTSR
[19:02:47] [101/324] CYKR
[19:02:48] [102/324] MSCM
[19:02:48] [103/324] RFNP
[19:02:49] [104/324] PDCP
[19:02:50] [105/324] NPSE
[19:02:51] [106/324] MKML
[19:02:52] [107/324] FTDP
[19:02:53] [108/324] MMXA
[19:02:54] [109/324] CEPO
[19:02:55] [110/324] CMVP
[19:02:56] [111/324] SGTH
[19:02:57] [112/324] SAYN
[19:02:58] [113/324] URVS
[19:02:58] [114/324] VJTN
[19:02:59] [115/324] BBYK
[19:03:01] [116/324] SHBO
[19:03:01] [117/324] VCMR
[19:03:02] [118/324] MACT
[19:03:03] [119/324] JMNP
[19:03:04] [120/324] VICS
[19:03:05] [121/324] VCDA
[19:03:06] [122/324] GCMM
[19:03:07] [123/324] INVS
[19:03:08] [124/324] SCGM
[19:03:09] [125/324] PCDA
[19:03:10] [126/324] KDCT
[19:03:11] [127/324] JACS
[19:03:11] [128/324] GMMC
[19:03:12] [129/324] AICM
[19:03:13] [130/324] TJCM
[19:03:14] [131/324] RMTI
[19:03:15] [132/324] SHAC
[19:03:16] [133/324] APJC
[19:03:17] [134/324] GCTG
[19:03:18] [135/324] SSMC
[19:03:19] [136/324] THRM
[19:03:19] [137/324] RBCT
[19:03:20] [138/324] DIKT
[19:03:21] [139/324] MIDL
[19:03:22] [140/324] VCSN
[19:03:23] [141/324] SKTG
[19:03:23] [142/324] SMWC
[19:03:24] [143/324] MNKH
[19:03:25] [144/324] PIAT
[19:03:26] [145/324] LTTP
[19:03:27] [146/324] PTPU
[19:03:28] [147/324] ACMG
[19:03:29] [148/324] SHMM
[19:03:30] [149/324] MCMN
[19:03:31] [150/324] GLDC
[19:03:31] [151/324] HOUT
[19:03:32] [152/324] SVRP
[19:03:33] [153/324] PVDN
[19:03:34] [154/324] SCPY
[19:03:35] [155/324] DTPY
[19:03:36] [156/324] GKCS
[19:03:36] [157/324] NCAM
[19:03:37] [158/324] BSRM
[19:03:38] [159/324] RCLC
[19:03:39] [160/324] SKKD
[19:03:39] [161/324] ACHU
[19:03:40] [162/324] RSCF
[19:03:42] [163/324] IMSH
[19:03:43] [164/324] MACX
[19:03:43] [165/324] HMMW
[19:03:44] [166/324] JTCP
[19:03:45] [167/324] SREN
[19:03:46] [168/324] PJRR
[19:03:47] [169/324] INAC
[19:03:48] [170/324] BMCA
[19:03:50] [171/324] SHCB
[19:03:51] [172/324] GABA
[19:03:52] [173/324] SBCT
[19:03:52] [174/324] GCMA
[19:03:53] [175/324] MYTK
[19:03:54] [176/324] INZS
[19:03:55] [177/324] RMIK
[19:03:56] [178/324] NYCH
[19:03:57] [179/324] RAVE
[19:03:58] [180/324] PSXM
[19:03:59] [181/324] MCGP
[19:04:00] [182/324] PDDK
[19:04:01] [183/324] SPCK
[19:04:02] [184/324] MCRL
[19:04:03] [185/324] MHKT
[19:04:04] [186/324] ANRR
[19:04:05] [187/324] SAPK
[19:04:06] [188/324] NCUK
[19:04:07] [189/324] JUGA
[19:04:08] [190/324] DBSC
[19:04:09] [191/324] LALK
[19:04:10] [192/324] GUCK
[19:04:11] [193/324] STSG
[19:04:12] [194/324] PPPZ
[19:04:13] [195/324] CNCY
[19:04:14] [196/324] MTAR
[19:04:15] [197/324] VNKD
[19:04:15] [198/324] KMAJ
[19:04:16] [199/324] ACXK
[19:04:17] [200/324] UTKC
[19:04:19] [201/324] PBLK
[19:04:19] [202/324] ACBX
[19:04:20] [203/324] PTGM
[19:04:21] [204/324] BTDA
[19:04:22] [205/324] PJMB
[19:04:23] [206/324] TPDA
[19:04:23] [207/324] AMOE
[19:04:24] [208/324] PRHT
[19:04:25] [209/324] PRTA
[19:04:25] [210/324] STAM
[19:04:26] [211/324] MSAA
[19:04:27] [212/324] SDLU
[19:04:28] [213/324] RCHH
[19:04:28] [214/324] KANT
[19:04:29] [215/324] FCRT
[19:04:30] [216/324] DNKM
[19:04:31] [217/324] RYCP
[19:04:32] [218/324] MYRP
[19:04:33] [219/324] PPAK
[19:04:33] [220/324] NVPK
[19:04:34] [221/324] PRMC
[19:04:35] [222/324] JBCS
[19:04:37] [223/324] GXCK
[19:04:37] [224/324] USKO
[19:04:38] [225/324] GTEM
[19:04:39] [226/324] SMBU
[19:04:40] [227/324] VETC
[19:04:40] [228/324] LCDA
[19:04:41] [229/324] MTVT
[19:04:42] [230/324] PYCP
[19:04:43] [231/324] PNSC
[19:04:44] [232/324] PPCC
[19:04:44] [233/324] TGRT
[19:04:45] [234/324] JYOT
[19:04:46] [235/324] SRCZ
[19:04:47] [236/324] SJTE
[19:04:48] [237/324] DESC
[19:04:48] [238/324] JHVN
[19:04:49] [239/324] IPSG
[19:04:50] [240/324] IPCM
[19:04:51] [241/324] PDRS
[19:04:52] [242/324] ANCV
[19:04:52] [243/324] CMVV
[19:04:53] [244/324] SHYP
[19:04:54] [245/324] DNCS
[19:04:55] [246/324] GAJK
[19:04:55] [247/324] AKTN
[19:04:56] [248/324] KAYA
[19:04:57] [249/324] SBRC
[19:04:58] [250/324] CHTP
[19:04:59] [251/324] SHRT
[19:05:00] [252/324] BCKU
[19:05:01] [253/324] FCPS
[19:05:02] [254/324] ARDD
[19:05:02] [255/324] CPCM
[19:05:03] [256/324] CGSM
[19:05:04] [257/324] PSMP
[19:05:05] [258/324] SDAL
[19:05:06] [259/324] RTNB
[19:05:07] [260/324] LMCR
[19:05:08] [261/324] CIMA
[19:05:09] [262/324] RNAS
[19:05:09] [263/324] LITH
[19:05:10] [264/324] PBOX
[19:05:11] [265/324] FRTS
[19:05:11] [266/324] RKIC
[19:05:12] [267/324] PTAI
[19:05:13] [268/324] GCIC
[19:05:14] [269/324] FNAS
[19:05:15] [270/324] SCAR
[19:05:16] [271/324] MTCA
[19:05:17] [272/324] SCTS
[19:05:17] [273/324] SYCS
[19:05:18] [274/324] RDMS
[19:05:20] [275/324] KAMP
[19:05:20] [276/324] ERSD
[19:05:21] [277/324] MJMJ
[19:05:22] [278/324] SRCJ
[19:05:23] [279/324] SCXE
[19:05:24] [280/324] SVFR
[19:05:25] [281/324] BHCS
[19:05:25] [282/324] IMCC
[19:05:26] [283/324] PCBO
[19:05:27] [284/324] PRVN
[19:05:28] [285/324] AUPM
[19:05:29] [286/324] INBW
[19:05:29] [287/324] SVCW
[19:05:30] [288/324] RKCF
[19:05:31] [289/324] UVBH
[19:05:32] [290/324] DNCY
[19:05:33] [291/324] ABCN
[19:05:34] [292/324] PRUR
[19:05:35] [293/324] PFMR
[19:05:36] [294/324] RKCN
[19:05:37] [295/324] CFEA
[19:05:38] [296/324] SDBG
[19:05:39] [297/324] SNAR
[19:05:40] [298/324] YISI
[19:05:40] [299/324] JCFF
[19:05:41] [300/324] VTRK
[19:05:43] [301/324] PCLZ
[19:05:44] [302/324] DIMY
[19:05:45] [303/324] BBTS
[19:05:46] [304/324] GATH
[19:05:47] [305/324] GTMN
[19:05:48] [306/324] VTMH
[19:05:49] [307/324] CCKP
[19:05:49] [308/324] GPKA
[19:05:50] [309/324] MHCL
[19:05:51] [310/324] ATCL
[19:05:52] [311/324] SBCK
[19:05:53] [312/324] AMMR
[19:05:54] [313/324] MADC
[19:05:54] [314/324] TMMA
[19:05:55] [315/324] CACC
[19:05:56] [316/324] CHAL
[19:05:57] [317/324] DURG
[19:05:58] [318/324] GMKU
[19:05:59] [319/324] GECA
[19:06:00] [320/324] KYRR
[19:06:01] [321/324] KSDE
[19:06:02] [322/324] LMCI
[19:06:02] [323/324] NKCP
[19:06:03] [324/324] BGTC
[19:06:04] 🧹 Deduping shows
[19:06:04] ✅ DONE | Shows=266 | Movies=18
[21:47:46] 🚀 SCRIPT STARTED
[21:47:46] [1/324] GCTA
[21:47:46] 🧠 New identity created
[21:47:47] [2/324] TOPN
[21:47:48] [3/324] MCUS
[21:47:49] [4/324] SHRL
[21:47:50] [5/324] UPTP
[21:47:51] [6/324] TMMP
[21:47:52] [7/324] DNRP
[21:47:54] [8/324] SRLT
[21:47:56] [9/324] RCNS
[21:47:57] [10/324] DCBH
[21:47:58] [11/324] NAGJ
[21:47:59] [12/324] JVRC
[21:48:00] [13/324] KRJG
[21:48:01] [14/324] SRTJ
[21:48:02] [15/324] CMXM
[21:48:02] [16/324] STMI
[21:48:03] [17/324] SLST
[21:48:04] [18/324] DTCN
[21:48:05] [19/324] STYN
[21:48:07] [20/324] SZVR
[21:48:08] [21/324] SRKO
[21:48:09] [22/324] JTGT
[21:48:09] [23/324] SVFD
[21:48:11] [24/324] SISD
[21:48:12] [25/324] ABDD
[21:48:12] [26/324] DRCA
[21:48:14] [27/324] AVCS
[21:48:15] [28/324] MVKH
[21:48:16] [29/324] ACPR
[21:48:17] [30/324] STIP
[21:48:19] [31/324] MTRA
[21:48:20] [32/324] RMKH
[21:48:21] [33/324] NKRL
[21:48:23] [34/324] PCWN
[21:48:24] [35/324] BLMT
[21:48:25] [36/324] GDPG
[21:48:27] [37/324] SRMX
[21:48:27] [38/324] JACP
[21:48:29] [39/324] CPSH
[21:48:31] [40/324] MCCD
[21:48:31] [41/324] ECGH
[21:48:32] [42/324] MKCK
[21:48:34] [43/324] SRMM
[21:48:36] [44/324] SKYR
[21:48:36] [45/324] PCKC
[21:48:37] [46/324] JCMA
[21:48:39] [47/324] BSMP
[21:48:40] [48/324] VSPA
[21:48:41] [49/324] DJYA
[21:48:41] [50/324] DIMP
[21:48:42] [51/324] FXDR
[21:48:43] [52/324] SSRC
[21:48:45] [53/324] STHP
[21:48:46] [54/324] CPPD
[21:48:47] [55/324] FCLK
[21:48:48] [56/324] SCPP
[21:48:49] [57/324] DCMJ
[21:48:51] [58/324] RCCR
[21:48:53] [59/324] INMT
[21:48:54] [60/324] LXTK
[21:48:55] [61/324] SRYK
[21:48:57] [62/324] SGDK
[21:48:58] [63/324] PPKA
[21:48:59] [64/324] SPKA
[21:49:00] [65/324] CGHH
[21:49:01] [66/324] DCJN
[21:49:01] [67/324] SRKV
[21:49:02] [68/324] SAJC
[21:49:03] [69/324] SUSR
[21:49:04] [70/324] STYG
[21:49:05] [71/324] NTKP
[21:49:06] [72/324] AKTG
[21:49:07] [73/324] CGCM
[21:49:08] [74/324] TULC
[21:49:09] [75/324] NYYZ
[21:49:10] [76/324] NYBW
[21:49:11] [77/324] MACB
[21:49:12] [78/324] SLVT
[21:49:13] [79/324] SANA
[21:49:14] [80/324] ACMR
[21:49:15] [81/324] CPKN
[21:49:16] [82/324] DLGK
[21:49:17] [83/324] CWCK
[21:49:18] [84/324] FDDH
[21:49:19] [85/324] MMMD
[21:49:20] [86/324] CMEH
[21:49:21] [87/324] GGGV
[21:49:22] [88/324] SPJL
[21:49:23] [89/324] RCCD
[21:49:24] [90/324] STTZ
[21:49:25] [91/324] BTCF
[21:49:27] [92/324] TSTZ
[21:49:27] [93/324] IPMM
[21:49:28] [94/324] PMPW
[21:49:30] [95/324] PCMZ
[21:49:31] [96/324] ESEM
[21:49:32] [97/324] PIPO
[21:49:33] [98/324] MATK
[21:49:34] [99/324] PGHM
[21:49:35] [100/324] CTSR
[21:49:36] [101/324] CYKR
[21:49:37] [102/324] MSCM
[21:49:38] [103/324] RFNP
[21:49:38] [104/324] PDCP
[21:49:39] [105/324] NPSE
[21:49:40] [106/324] MKML
[21:49:41] [107/324] FTDP
[21:49:42] [108/324] MMXA
[21:49:43] [109/324] CEPO
[21:49:44] [110/324] CMVP
[21:49:44] [111/324] SGTH
[21:49:45] [112/324] SAYN
[21:49:47] [113/324] URVS
[21:49:48] [114/324] VJTN
[21:49:49] [115/324] BBYK
[21:49:49] [116/324] SHBO
[21:49:51] [117/324] VCMR
[21:49:52] [118/324] MACT
[21:49:53] [119/324] JMNP
[21:49:54] [120/324] VICS
[21:49:55] [121/324] VCDA
[21:49:56] [122/324] GCMM
[21:49:57] [123/324] INVS
[21:49:58] [124/324] SCGM
[21:49:59] [125/324] PCDA
[21:50:00] [126/324] KDCT
[21:50:01] [127/324] JACS
[21:50:02] [128/324] GMMC
[21:50:03] [129/324] AICM
[21:50:04] [130/324] TJCM
[21:50:05] [131/324] RMTI
[21:50:06] [132/324] SHAC
[21:50:07] [133/324] APJC
[21:50:08] [134/324] GCTG
[21:50:09] [135/324] SSMC
[21:50:10] [136/324] THRM
[21:50:10] [137/324] RBCT
[21:50:12] [138/324] DIKT
[21:50:12] [139/324] MIDL
[21:50:13] [140/324] VCSN
[21:50:14] [141/324] SKTG
[21:50:15] [142/324] SMWC
[21:50:16] [143/324] MNKH
[21:50:17] [144/324] PIAT
[21:50:17] [145/324] LTTP
[21:50:19] [146/324] PTPU
[21:50:20] [147/324] ACMG
[21:50:21] [148/324] SHMM
[21:50:22] [149/324] MCMN
[21:50:24] [150/324] GLDC
[21:50:25] [151/324] HOUT
[21:50:26] [152/324] SVRP
[21:50:27] [153/324] PVDN
[21:50:28] [154/324] SCPY
[21:50:30] [155/324] DTPY
[21:50:31] [156/324] GKCS
[21:50:32] [157/324] NCAM
[21:50:33] [158/324] BSRM
[21:50:34] [159/324] RCLC
[21:50:35] [160/324] SKKD
[21:50:36] [161/324] ACHU
[21:50:37] [162/324] RSCF
[21:50:39] [163/324] IMSH
[21:50:40] [164/324] MACX
[21:50:41] [165/324] HMMW
[21:50:42] [166/324] JTCP
[21:50:43] [167/324] SREN
[21:50:44] [168/324] PJRR
[21:50:45] [169/324] INAC
[21:50:46] [170/324] BMCA
[21:50:46] [171/324] SHCB
[21:50:47] [172/324] GABA
[21:50:48] [173/324] SBCT
[21:50:49] [174/324] GCMA
[21:50:50] [175/324] MYTK
[21:50:51] [176/324] INZS
[21:50:52] [177/324] RMIK
[21:50:53] [178/324] NYCH
[21:50:55] [179/324] RAVE
[21:50:56] [180/324] PSXM
[21:50:56] [181/324] MCGP
[21:50:57] [182/324] PDDK
[21:50:58] [183/324] SPCK
[21:50:59] [184/324] MCRL
[21:51:00] [185/324] MHKT
[21:51:02] [186/324] ANRR
[21:51:03] [187/324] SAPK
[21:51:04] [188/324] NCUK
[21:51:04] [189/324] JUGA
[21:51:05] [190/324] DBSC
[21:51:06] [191/324] LALK
[21:51:07] [192/324] GUCK
[21:51:08] [193/324] STSG
[21:51:09] [194/324] PPPZ
[21:51:10] [195/324] CNCY
[21:51:11] [196/324] MTAR
[21:51:13] [197/324] VNKD
[21:51:13] [198/324] KMAJ
[21:51:15] [199/324] ACXK
[21:51:16] [200/324] UTKC
[21:51:17] [201/324] PBLK
[21:51:18] [202/324] ACBX
[21:51:19] [203/324] PTGM
[21:51:21] [204/324] BTDA
[21:51:21] [205/324] PJMB
[21:51:23] [206/324] TPDA
[21:51:25] [207/324] AMOE
[21:51:26] [208/324] PRHT
[21:51:27] [209/324] PRTA
[21:51:28] [210/324] STAM
[21:51:28] [211/324] MSAA
[21:51:29] [212/324] SDLU
[21:51:30] [213/324] RCHH
[21:51:32] [214/324] KANT
[21:51:33] [215/324] FCRT
[21:51:34] [216/324] DNKM
[21:51:35] [217/324] RYCP
[21:51:37] [218/324] MYRP
[21:51:37] [219/324] PPAK
[21:51:38] [220/324] NVPK
[21:51:39] [221/324] PRMC
[21:51:40] [222/324] JBCS
[21:51:41] [223/324] GXCK
[21:51:43] [224/324] USKO
[21:51:44] [225/324] GTEM
[21:51:45] [226/324] SMBU
[21:51:45] [227/324] VETC
[21:51:47] [228/324] LCDA
[21:51:48] [229/324] MTVT
[21:51:49] [230/324] PYCP
[21:51:50] [231/324] PNSC
[21:51:51] [232/324] PPCC
[21:51:52] [233/324] TGRT
[21:51:53] [234/324] JYOT
[21:51:54] [235/324] SRCZ
[21:51:56] [236/324] SJTE
[21:51:58] [237/324] DESC
[21:52:00] [238/324] JHVN
[21:52:00] [239/324] IPSG
[21:52:01] [240/324] IPCM
[21:52:03] [241/324] PDRS
[21:52:04] [242/324] ANCV
[21:52:05] [243/324] CMVV
[21:52:06] [244/324] SHYP
[21:52:06] [245/324] DNCS
[21:52:07] [246/324] GAJK
[21:52:08] [247/324] AKTN
[21:52:09] [248/324] KAYA
[21:52:10] [249/324] SBRC
[21:52:11] [250/324] CHTP
[21:52:11] [251/324] SHRT
[21:52:12] [252/324] BCKU
[21:52:13] [253/324] FCPS
[21:52:14] [254/324] ARDD
[21:52:15] [255/324] CPCM
[21:52:16] [256/324] CGSM
[21:52:17] [257/324] PSMP
[21:52:18] [258/324] SDAL
[21:52:18] [259/324] RTNB
[21:52:19] [260/324] LMCR
[21:52:20] [261/324] CIMA
[21:52:21] [262/324] RNAS
[21:52:22] [263/324] LITH
[21:52:23] [264/324] PBOX
[21:52:23] [265/324] FRTS
[21:52:24] [266/324] RKIC
[21:52:25] [267/324] PTAI
[21:52:26] [268/324] GCIC
[21:52:27] [269/324] FNAS
[21:52:29] [270/324] SCAR
[21:52:30] [271/324] MTCA
[21:52:30] [272/324] SCTS
[21:52:31] [273/324] SYCS
[21:52:32] [274/324] RDMS
[21:52:34] [275/324] KAMP
[21:52:35] [276/324] ERSD
[21:52:36] [277/324] MJMJ
[21:52:37] [278/324] SRCJ
[21:52:38] [279/324] SCXE
[21:52:39] [280/324] SVFR
[21:52:40] [281/324] BHCS
[21:52:41] [282/324] IMCC
[21:52:42] [283/324] PCBO
[21:52:43] [284/324] PRVN
[21:52:44] [285/324] AUPM
[21:52:45] [286/324] INBW
[21:52:46] [287/324] SVCW
[21:52:47] [288/324] RKCF
[21:52:48] [289/324] UVBH
[21:52:48] [290/324] DNCY
[21:52:49] [291/324] ABCN
[21:52:50] [292/324] PRUR
[21:52:51] [293/324] PFMR
[21:52:52] [294/324] RKCN
[21:52:53] [295/324] CFEA
[21:52:54] [296/324] SDBG
[21:52:56] [297/324] SNAR
[21:52:57] [298/324] YISI
[21:52:57] [299/324] JCFF
[21:52:59] [300/324] VTRK
[21:53:00] [301/324] PCLZ
[21:53:01] [302/324] DIMY
[21:53:01] [303/324] BBTS
[21:53:02] [304/324] GATH
[21:53:04] [305/324] GTMN
[21:53:05] [306/324] VTMH
[21:53:07] [307/324] CCKP
[21:53:07] [308/324] GPKA
[21:53:08] [309/324] MHCL
[21:53:09] [310/324] ATCL
[21:53:10] [311/324] SBCK
[21:53:12] [312/324] AMMR
[21:53:15] [313/324] MADC
[21:53:16] [314/324] TMMA
[21:53:17] [315/324] CACC
[21:53:18] [316/324] CHAL
[21:53:19] [317/324] DURG
[21:53:20] [318/324] GMKU
[21:53:21] [319/324] GECA
[21:53:22] [320/324] KYRR
[21:53:23] [321/324] KSDE
[21:53:24] [322/324] LMCI
[21:53:25] [323/324] NKCP
[21:53:26] [324/324] BGTC
[21:53:27] 🧹 Deduping shows
[21:53:27] ✅ DONE | Shows=452 | Movies=26
[03:43:08] 🚀 SCRIPT STARTED
[03:43:08] [1/324] GCTA
[03:43:09] 🧠 New identity created
[03:43:10] [2/324] TOPN
[03:43:11] [3/324] MCUS
[03:43:12] [4/324] SHRL
[03:43:13] [5/324] UPTP
[03:43:13] [6/324] TMMP
[03:43:14] [7/324] DNRP
[03:43:15] [8/324] SRLT
[03:43:17] [9/324] RCNS
[03:43:18] [10/324] DCBH
[03:43:19] [11/324] NAGJ
[03:43:20] [12/324] JVRC
[03:43:21] [13/324] KRJG
[03:43:22] [14/324] SRTJ
[03:43:23] [15/324] CMXM
[03:43:24] [16/324] STMI
[03:43:24] [17/324] SLST
[03:43:25] [18/324] DTCN
[03:43:26] [19/324] STYN
[03:43:27] [20/324] SZVR
[03:43:28] [21/324] SRKO
[03:43:28] [22/324] JTGT
[03:43:30] [23/324] SVFD
[03:43:31] [24/324] SISD
[03:43:32] [25/324] ABDD
[03:43:33] [26/324] DRCA
[03:43:34] [27/324] AVCS
[03:43:35] [28/324] MVKH
[03:43:36] [29/324] ACPR
[03:43:37] [30/324] STIP
[03:43:39] [31/324] MTRA
[03:43:40] [32/324] RMKH
[03:43:41] [33/324] NKRL
[03:43:42] [34/324] PCWN
[03:43:43] [35/324] BLMT
[03:43:44] [36/324] GDPG
[03:43:45] [37/324] SRMX
[03:43:46] [38/324] JACP
[03:43:46] [39/324] CPSH
[03:43:47] [40/324] MCCD
[03:43:48] [41/324] ECGH
[03:43:49] [42/324] MKCK
[03:43:50] [43/324] SRMM
[03:43:51] [44/324] SKYR
[03:43:51] [45/324] PCKC
[03:43:53] [46/324] JCMA
[03:43:54] [47/324] BSMP
[03:43:55] [48/324] VSPA
[03:43:56] [49/324] DJYA
[03:43:57] [50/324] DIMP
[03:43:58] [51/324] FXDR
[03:43:58] [52/324] SSRC
[03:43:59] [53/324] STHP
[03:44:00] [54/324] CPPD
[03:44:02] [55/324] FCLK
[03:44:03] [56/324] SCPP
[03:44:05] [57/324] DCMJ
[03:44:05] [58/324] RCCR
[03:44:07] [59/324] INMT
[03:44:08] [60/324] LXTK
[03:44:09] [61/324] SRYK
[03:44:10] [62/324] SGDK
[03:44:11] [63/324] PPKA
[03:44:12] [64/324] SPKA
[03:44:13] [65/324] CGHH
[03:44:14] [66/324] DCJN
[03:44:16] [67/324] SRKV
[03:44:17] [68/324] SAJC
[03:44:18] [69/324] SUSR
[03:44:19] [70/324] STYG
[03:44:20] [71/324] NTKP
[03:44:21] [72/324] AKTG
[03:44:21] [73/324] CGCM
[03:44:22] [74/324] TULC
[03:44:23] [75/324] NYYZ
[03:44:24] [76/324] NYBW
[03:44:25] [77/324] MACB
[03:44:26] [78/324] SLVT
[03:44:27] [79/324] SANA
[03:44:28] [80/324] ACMR
[03:44:30] [81/324] CPKN
[03:44:31] [82/324] DLGK
[03:44:32] [83/324] CWCK
[03:44:33] [84/324] FDDH
[03:44:34] [85/324] MMMD
[03:44:35] [86/324] CMEH
[03:44:36] [87/324] GGGV
[03:44:38] [88/324] SPJL
[03:44:39] [89/324] RCCD
[03:44:41] [90/324] STTZ
[03:44:41] [91/324] BTCF
[03:44:43] [92/324] TSTZ
[03:44:45] [93/324] IPMM
[03:44:46] [94/324] PMPW
[03:44:46] [95/324] PCMZ
[03:44:47] [96/324] ESEM
[03:44:48] [97/324] PIPO
[03:44:49] [98/324] MATK
[03:44:50] [99/324] PGHM
[03:44:50] [100/324] CTSR
[03:44:51] [101/324] CYKR
[03:44:52] [102/324] MSCM
[03:44:53] [103/324] RFNP
[03:44:54] [104/324] PDCP
[03:44:55] [105/324] NPSE
[03:44:55] [106/324] MKML
[03:44:56] [107/324] FTDP
[03:44:57] [108/324] MMXA
[03:44:58] [109/324] CEPO
[03:44:59] [110/324] CMVP
[03:45:00] [111/324] SGTH
[03:45:01] [112/324] SAYN
[03:45:03] [113/324] URVS
[03:45:03] [114/324] VJTN
[03:45:04] [115/324] BBYK
[03:45:06] [116/324] SHBO
[03:45:08] [117/324] VCMR
[03:45:09] [118/324] MACT
[03:45:10] [119/324] JMNP
[03:45:12] [120/324] VICS
[03:45:13] [121/324] VCDA
[03:45:14] [122/324] GCMM
[03:45:15] [123/324] INVS
[03:45:17] [124/324] SCGM
[03:45:18] [125/324] PCDA
[03:45:19] [126/324] KDCT
[03:45:20] [127/324] JACS
[03:45:21] [128/324] GMMC
[03:45:22] [129/324] AICM
[03:45:23] [130/324] TJCM
[03:45:24] [131/324] RMTI
[03:45:25] [132/324] SHAC
[03:45:25] [133/324] APJC
[03:45:26] [134/324] GCTG
[03:45:27] [135/324] SSMC
[03:45:28] [136/324] THRM
[03:45:29] [137/324] RBCT
[03:45:29] [138/324] DIKT
[03:45:30] [139/324] MIDL
[03:45:31] [140/324] VCSN
[03:45:32] [141/324] SKTG
[03:45:34] [142/324] SMWC
[03:45:35] [143/324] MNKH
[03:45:35] [144/324] PIAT
[03:45:37] [145/324] LTTP
[03:45:38] [146/324] PTPU
[03:45:40] [147/324] ACMG
[03:45:41] [148/324] SHMM
[03:45:42] [149/324] MCMN
[03:45:44] [150/324] GLDC
[03:45:45] [151/324] HOUT
[03:45:45] [152/324] SVRP
[03:45:46] [153/324] PVDN
[03:45:47] [154/324] SCPY
[03:45:48] [155/324] DTPY
[03:45:49] [156/324] GKCS
[03:45:50] [157/324] NCAM
[03:45:51] [158/324] BSRM
[03:45:52] [159/324] RCLC
[03:45:53] [160/324] SKKD
[03:45:54] [161/324] ACHU
[03:45:55] [162/324] RSCF
[03:45:56] [163/324] IMSH
[03:45:57] [164/324] MACX
[03:45:58] [165/324] HMMW
[03:45:59] [166/324] JTCP
[03:46:00] [167/324] SREN
[03:46:01] [168/324] PJRR
[03:46:02] [169/324] INAC
[03:46:03] [170/324] BMCA
[03:46:04] [171/324] SHCB
[03:46:05] [172/324] GABA
[03:46:05] [173/324] SBCT
[03:46:06] [174/324] GCMA
[03:46:08] [175/324] MYTK
[03:46:10] [176/324] INZS
[03:46:11] [177/324] RMIK
[03:46:11] [178/324] NYCH
[03:46:13] [179/324] RAVE
[03:46:15] [180/324] PSXM
[03:46:15] [181/324] MCGP
[03:46:16] [182/324] PDDK
[03:46:17] [183/324] SPCK
[03:46:19] [184/324] MCRL
[03:46:19] [185/324] MHKT
[03:46:20] [186/324] ANRR
[03:46:21] [187/324] SAPK
[03:46:22] [188/324] NCUK
[03:46:23] [189/324] JUGA
[03:46:24] [190/324] DBSC
[03:46:25] [191/324] LALK
[03:46:26] [192/324] GUCK
[03:46:27] [193/324] STSG
[03:46:28] [194/324] PPPZ
[03:46:30] [195/324] CNCY
[03:46:31] [196/324] MTAR
[03:46:31] [197/324] VNKD
[03:46:33] [198/324] KMAJ
[03:46:35] [199/324] ACXK
[03:46:36] [200/324] UTKC
[03:46:37] [201/324] PBLK
[03:46:38] [202/324] ACBX
[03:46:39] [203/324] PTGM
[03:46:39] [204/324] BTDA
[03:46:40] [205/324] PJMB
[03:46:42] [206/324] TPDA
[03:46:43] [207/324] AMOE
[03:46:44] [208/324] PRHT
[03:46:45] [209/324] PRTA
[03:46:46] [210/324] STAM
[03:46:47] [211/324] MSAA
[03:46:47] [212/324] SDLU
[03:46:48] [213/324] RCHH
[03:46:49] [214/324] KANT
[03:46:50] [215/324] FCRT
[03:46:51] [216/324] DNKM
[03:46:51] [217/324] RYCP
[03:46:52] [218/324] MYRP
[03:46:53] [219/324] PPAK
[03:46:54] [220/324] NVPK
[03:46:55] [221/324] PRMC
[03:46:56] [222/324] JBCS
[03:46:58] [223/324] GXCK
[03:46:59] [224/324] USKO
[03:47:00] [225/324] GTEM
[03:47:01] [226/324] SMBU
[03:47:01] [227/324] VETC
[03:47:03] [228/324] LCDA
[03:47:04] [229/324] MTVT
[03:47:05] [230/324] PYCP
[03:47:06] [231/324] PNSC
[03:47:07] [232/324] PPCC
[03:47:07] [233/324] TGRT
[03:47:08] [234/324] JYOT
[03:47:09] [235/324] SRCZ
[03:47:11] [236/324] SJTE
[03:47:12] [237/324] DESC
[03:47:13] [238/324] JHVN
[03:47:13] [239/324] IPSG
[03:47:14] [240/324] IPCM
[03:47:15] [241/324] PDRS
[03:47:16] [242/324] ANCV
[03:47:17] [243/324] CMVV
[03:47:18] [244/324] SHYP
[03:47:18] [245/324] DNCS
[03:47:19] [246/324] GAJK
[03:47:20] [247/324] AKTN
[03:47:21] [248/324] KAYA
[03:47:23] [249/324] SBRC
[03:47:23] [250/324] CHTP
[03:47:24] [251/324] SHRT
[03:47:26] [252/324] BCKU
[03:47:27] [253/324] FCPS
[03:47:28] [254/324] ARDD
[03:47:28] [255/324] CPCM
[03:47:30] [256/324] CGSM
[03:47:31] [257/324] PSMP
[03:47:32] [258/324] SDAL
[03:47:33] [259/324] RTNB
[03:47:33] [260/324] LMCR
[03:47:35] [261/324] CIMA
[03:47:36] [262/324] RNAS
[03:47:36] [263/324] LITH
[03:47:37] [264/324] PBOX
[03:47:38] [265/324] FRTS
[03:47:39] [266/324] RKIC
[03:47:40] [267/324] PTAI
[03:47:41] [268/324] GCIC
[03:47:42] [269/324] FNAS
[03:47:43] [270/324] SCAR
[03:47:44] [271/324] MTCA
[03:47:45] [272/324] SCTS
[03:47:45] [273/324] SYCS
[03:47:46] [274/324] RDMS
[03:47:48] [275/324] KAMP
[03:47:49] [276/324] ERSD
[03:47:49] [277/324] MJMJ
[03:47:50] [278/324] SRCJ
[03:47:51] [279/324] SCXE
[03:47:52] [280/324] SVFR
[03:47:53] [281/324] BHCS
[03:47:54] [282/324] IMCC
[03:47:55] [283/324] PCBO
[03:47:56] [284/324] PRVN
[03:47:56] [285/324] AUPM
[03:47:57] [286/324] INBW
[03:47:59] [287/324] SVCW
[03:48:00] [288/324] RKCF
[03:48:01] [289/324] UVBH
[03:48:02] [290/324] DNCY
[03:48:03] [291/324] ABCN
[03:48:05] [292/324] PRUR
[03:48:05] [293/324] PFMR
[03:48:06] [294/324] RKCN
[03:48:07] [295/324] CFEA
[03:48:08] [296/324] SDBG
[03:48:09] [297/324] SNAR
[03:48:10] [298/324] YISI
[03:48:10] [299/324] JCFF
[03:48:12] [300/324] VTRK
[03:48:13] [301/324] PCLZ
[03:48:15] [302/324] DIMY
[03:48:16] [303/324] BBTS
[03:48:17] [304/324] GATH
[03:48:18] [305/324] GTMN
[03:48:19] [306/324] VTMH
[03:48:20] [307/324] CCKP
[03:48:21] [308/324] GPKA
[03:48:22] [309/324] MHCL
[03:48:23] [310/324] ATCL
[03:48:24] [311/324] SBCK
[03:48:25] [312/324] AMMR
[03:48:26] [313/324] MADC
[03:48:27] [314/324] TMMA
[03:48:29] [315/324] CACC
[03:48:29] [316/324] CHAL
[03:48:30] [317/324] DURG
[03:48:31] [318/324] GMKU
[03:48:32] [319/324] GECA
[03:48:32] [320/324] KYRR
[03:48:34] [321/324] KSDE
[03:48:35] [322/324] LMCI
[03:48:36] [323/324] NKCP
[03:48:38] [324/324] BGTC
[03:48:38] 🧹 Deduping shows
[03:48:38] ✅ DONE | Shows=829 | Movies=46
[06:35:23] 🚀 SCRIPT STARTED
[06:35:23] [1/324] GCTA
[06:35:23] 🧠 New identity created
[06:35:24] [2/324] TOPN
[06:35:25] [3/324] MCUS
[06:35:26] [4/324] SHRL
[06:35:26] [5/324] UPTP
[06:35:27] [6/324] TMMP
[06:35:28] [7/324] DNRP
[06:35:29] [8/324] SRLT
[06:35:30] [9/324] RCNS
[06:35:31] [10/324] DCBH
[06:35:32] [11/324] NAGJ
[06:35:33] [12/324] JVRC
[06:35:34] [13/324] KRJG
[06:35:35] [14/324] SRTJ
[06:35:36] [15/324] CMXM
[06:35:37] [16/324] STMI
[06:35:38] [17/324] SLST
[06:35:39] [18/324] DTCN
[06:35:39] [19/324] STYN
[06:35:40] [20/324] SZVR
[06:35:41] [21/324] SRKO
[06:35:43] [22/324] JTGT
[06:35:44] [23/324] SVFD
[06:35:45] [24/324] SISD
[06:35:46] [25/324] ABDD
[06:35:47] [26/324] DRCA
[06:35:48] [27/324] AVCS
[06:35:48] [28/324] MVKH
[06:35:49] [29/324] ACPR
[06:35:50] [30/324] STIP
[06:35:51] [31/324] MTRA
[06:35:51] [32/324] RMKH
[06:35:52] [33/324] NKRL
[06:35:53] [34/324] PCWN
[06:35:54] [35/324] BLMT
[06:35:55] [36/324] GDPG
[06:35:56] [37/324] SRMX
[06:35:57] [38/324] JACP
[06:35:57] [39/324] CPSH
[06:35:58] [40/324] MCCD
[06:35:59] [41/324] ECGH
[06:36:00] [42/324] MKCK
[06:36:01] [43/324] SRMM
[06:36:01] [44/324] SKYR
[06:36:02] [45/324] PCKC
[06:36:03] [46/324] JCMA
[06:36:04] [47/324] BSMP
[06:36:05] [48/324] VSPA
[06:36:05] [49/324] DJYA
[06:36:06] [50/324] DIMP
[06:36:07] [51/324] FXDR
[06:36:08] [52/324] SSRC
[06:36:09] [53/324] STHP
[06:36:10] [54/324] CPPD
[06:36:11] [55/324] FCLK
[06:36:13] [56/324] SCPP
[06:36:13] [57/324] DCMJ
[06:36:14] [58/324] RCCR
[06:36:15] [59/324] INMT
[06:36:16] [60/324] LXTK
[06:36:17] [61/324] SRYK
[06:36:17] [62/324] SGDK
[06:36:18] [63/324] PPKA
[06:36:19] [64/324] SPKA
[06:36:20] [65/324] CGHH
[06:36:20] [66/324] DCJN
[06:36:21] [67/324] SRKV
[06:36:23] [68/324] SAJC
[06:36:24] [69/324] SUSR
[06:36:24] [70/324] STYG
[06:36:25] [71/324] NTKP
[06:36:26] [72/324] AKTG
[06:36:27] [73/324] CGCM
[06:36:28] [74/324] TULC
[06:36:28] [75/324] NYYZ
[06:36:29] [76/324] NYBW
[06:36:30] [77/324] MACB
[06:36:30] [78/324] SLVT
[06:36:31] [79/324] SANA
[06:36:32] [80/324] ACMR
[06:36:33] [81/324] CPKN
[06:36:33] [82/324] DLGK
[06:36:35] [83/324] CWCK
[06:36:35] [84/324] FDDH
[06:36:36] [85/324] MMMD
[06:36:37] [86/324] CMEH
[06:36:38] [87/324] GGGV
[06:36:39] [88/324] SPJL
[06:36:40] [89/324] RCCD
[06:36:41] [90/324] STTZ
[06:36:41] [91/324] BTCF
[06:36:42] [92/324] TSTZ
[06:36:43] [93/324] IPMM
[06:36:45] [94/324] PMPW
[06:36:45] [95/324] PCMZ
[06:36:46] [96/324] ESEM
[06:36:47] [97/324] PIPO
[06:36:48] [98/324] MATK
[06:36:48] [99/324] PGHM
[06:36:50] [100/324] CTSR
[06:36:51] [101/324] CYKR
[06:36:52] [102/324] MSCM
[06:36:53] [103/324] RFNP
[06:36:54] [104/324] PDCP
[06:36:54] [105/324] NPSE
[06:36:55] [106/324] MKML
[06:36:56] [107/324] FTDP
[06:36:57] [108/324] MMXA
[06:36:57] [109/324] CEPO
[06:36:58] [110/324] CMVP
[06:36:59] [111/324] SGTH
[06:37:00] [112/324] SAYN
[06:37:01] [113/324] URVS
[06:37:01] [114/324] VJTN
[06:37:02] [115/324] BBYK
[06:37:03] [116/324] SHBO
[06:37:04] [117/324] VCMR
[06:37:05] [118/324] MACT
[06:37:06] [119/324] JMNP
[06:37:07] [120/324] VICS
[06:37:08] [121/324] VCDA
[06:37:09] [122/324] GCMM
[06:37:10] [123/324] INVS
[06:37:11] [124/324] SCGM
[06:37:12] [125/324] PCDA
[06:37:13] [126/324] KDCT
[06:37:14] [127/324] JACS
[06:37:14] [128/324] GMMC
[06:37:15] [129/324] AICM
[06:37:16] [130/324] TJCM
[06:37:17] [131/324] RMTI
[06:37:18] [132/324] SHAC
[06:37:19] [133/324] APJC
[06:37:19] [134/324] GCTG
[06:37:20] [135/324] SSMC
[06:37:21] [136/324] THRM
[06:37:22] [137/324] RBCT
[06:37:23] [138/324] DIKT
[06:37:23] [139/324] MIDL
[06:37:24] [140/324] VCSN
[06:37:25] [141/324] SKTG
[06:37:26] [142/324] SMWC
[06:37:27] [143/324] MNKH
[06:37:27] [144/324] PIAT
[06:37:28] [145/324] LTTP
[06:37:29] [146/324] PTPU
[06:37:30] [147/324] ACMG
[06:37:30] [148/324] SHMM
[06:37:31] [149/324] MCMN
[06:37:32] [150/324] GLDC
[06:37:33] [151/324] HOUT
[06:37:34] [152/324] SVRP
[06:37:35] [153/324] PVDN
[06:37:36] [154/324] SCPY
[06:37:37] [155/324] DTPY
[06:37:38] [156/324] GKCS
[06:37:39] [157/324] NCAM
[06:37:39] [158/324] BSRM
[06:37:40] [159/324] RCLC
[06:37:41] [160/324] SKKD
[06:37:42] [161/324] ACHU
[06:37:43] [162/324] RSCF
[06:37:44] [163/324] IMSH
[06:37:44] [164/324] MACX
[06:37:45] [165/324] HMMW
[06:37:46] [166/324] JTCP
[06:37:47] [167/324] SREN
[06:37:48] [168/324] PJRR
[06:37:49] [169/324] INAC
[06:37:50] [170/324] BMCA
[06:37:51] [171/324] SHCB
[06:37:51] [172/324] GABA
[06:37:52] [173/324] SBCT
[06:37:53] [174/324] GCMA
[06:37:54] [175/324] MYTK
[06:37:55] [176/324] INZS
[06:37:55] [177/324] RMIK
[06:37:56] [178/324] NYCH
[06:37:57] [179/324] RAVE
[06:37:58] [180/324] PSXM
[06:37:59] [181/324] MCGP
[06:37:59] [182/324] PDDK
[06:38:00] [183/324] SPCK
[06:38:01] [184/324] MCRL
[06:38:02] [185/324] MHKT
[06:38:02] [186/324] ANRR
[06:38:03] [187/324] SAPK
[06:38:04] [188/324] NCUK
[06:38:05] [189/324] JUGA
[06:38:06] [190/324] DBSC
[06:38:06] [191/324] LALK
[06:38:07] [192/324] GUCK
[06:38:08] [193/324] STSG
[06:38:09] [194/324] PPPZ
[06:38:10] [195/324] CNCY
[06:38:11] [196/324] MTAR
[06:38:12] [197/324] VNKD
[06:38:13] [198/324] KMAJ
[06:38:13] [199/324] ACXK
[06:38:14] [200/324] UTKC
[06:38:15] [201/324] PBLK
[06:38:16] [202/324] ACBX
[06:38:17] [203/324] PTGM
[06:38:18] [204/324] BTDA
[06:38:19] [205/324] PJMB
[06:38:20] [206/324] TPDA
[06:38:21] [207/324] AMOE
[06:38:22] [208/324] PRHT
[06:38:23] [209/324] PRTA
[06:38:23] [210/324] STAM
[06:38:24] [211/324] MSAA
[06:38:25] [212/324] SDLU
[06:38:26] [213/324] RCHH
[06:38:27] [214/324] KANT
[06:38:27] [215/324] FCRT
[06:38:28] [216/324] DNKM
[06:38:29] [217/324] RYCP
[06:38:30] [218/324] MYRP
[06:38:31] [219/324] PPAK
[06:38:32] [220/324] NVPK
[06:38:32] [221/324] PRMC
[06:38:33] [222/324] JBCS
[06:38:34] [223/324] GXCK
[06:38:35] [224/324] USKO
[06:38:36] [225/324] GTEM
[06:38:37] [226/324] SMBU
[06:38:37] [227/324] VETC
[06:38:38] [228/324] LCDA
[06:38:39] [229/324] MTVT
[06:38:40] [230/324] PYCP
[06:38:41] [231/324] PNSC
[06:38:42] [232/324] PPCC
[06:38:44] [233/324] TGRT
[06:38:45] [234/324] JYOT
[06:38:45] [235/324] SRCZ
[06:38:46] [236/324] SJTE
[06:38:47] [237/324] DESC
[06:38:47] [238/324] JHVN
[06:38:48] [239/324] IPSG
[06:38:49] [240/324] IPCM
[06:38:50] [241/324] PDRS
[06:38:51] [242/324] ANCV
[06:38:52] [243/324] CMVV
[06:38:53] [244/324] SHYP
[06:38:53] [245/324] DNCS
[06:38:54] [246/324] GAJK
[06:38:55] [247/324] AKTN
[06:38:56] [248/324] KAYA
[06:38:57] [249/324] SBRC
[06:38:58] [250/324] CHTP
[06:38:59] [251/324] SHRT
[06:38:59] [252/324] BCKU
[06:39:00] [253/324] FCPS
[06:39:01] [254/324] ARDD
[06:39:02] [255/324] CPCM
[06:39:02] [256/324] CGSM
[06:39:03] [257/324] PSMP
[06:39:04] [258/324] SDAL
[06:39:05] [259/324] RTNB
[06:39:05] [260/324] LMCR
[06:39:06] [261/324] CIMA
[06:39:07] [262/324] RNAS
[06:39:08] [263/324] LITH
[06:39:08] [264/324] PBOX
[06:39:10] [265/324] FRTS
[06:39:11] [266/324] RKIC
[06:39:12] [267/324] PTAI
[06:39:12] [268/324] GCIC
[06:39:13] [269/324] FNAS
[06:39:14] [270/324] SCAR
[06:39:14] [271/324] MTCA
[06:39:15] [272/324] SCTS
[06:39:16] [273/324] SYCS
[06:39:17] [274/324] RDMS
[06:39:18] [275/324] KAMP
[06:39:19] [276/324] ERSD
[06:39:20] [277/324] MJMJ
[06:39:21] [278/324] SRCJ
[06:39:22] [279/324] SCXE
[06:39:23] [280/324] SVFR
[06:39:24] [281/324] BHCS
[06:39:24] [282/324] IMCC
[06:39:25] [283/324] PCBO
[06:39:26] [284/324] PRVN
[06:39:27] [285/324] AUPM
[06:39:28] [286/324] INBW
[06:39:29] [287/324] SVCW
[06:39:30] [288/324] RKCF
[06:39:31] [289/324] UVBH
[06:39:32] [290/324] DNCY
[06:39:33] [291/324] ABCN
[06:39:34] [292/324] PRUR
[06:39:35] [293/324] PFMR
[06:39:36] [294/324] RKCN
[06:39:37] [295/324] CFEA
[06:39:38] [296/324] SDBG
[06:39:38] [297/324] SNAR
[06:39:39] [298/324] YISI
[06:39:40] [299/324] JCFF
[06:39:41] [300/324] VTRK
[06:39:42] [301/324] PCLZ
[06:39:43] [302/324] DIMY
[06:39:44] [303/324] BBTS
[06:39:45] [304/324] GATH
[06:39:46] [305/324] GTMN
[06:39:47] [306/324] VTMH
[06:39:47] [307/324] CCKP
[06:39:48] [308/324] GPKA
[06:39:49] [309/324] MHCL
[06:39:50] [310/324] ATCL
[06:39:51] [311/324] SBCK
[06:39:52] [312/324] AMMR
[06:39:53] [313/324] MADC
[06:39:54] [314/324] TMMA
[06:39:55] [315/324] CACC
[06:39:56] [316/324] CHAL
[06:39:57] [317/324] DURG
[06:39:58] [318/324] GMKU
[06:39:59] [319/324] GECA
[06:40:00] [320/324] KYRR
[06:40:01] [321/324] KSDE
[06:40:02] [322/324] LMCI
[06:40:03] [323/324] NKCP
[06:40:03] [324/324] BGTC
[06:40:04] 🧹 Deduping shows
[06:40:04] ✅ DONE | Shows=829 | Movies=46
