[09:57:11] 🚀 SCRIPT STARTED
[09:57:11] [1/445] TGMR
[09:57:11] 🧠 New identity created
[09:57:12] [2/445] CXKR
[09:57:13] [3/445] SROP
[09:57:14] [4/445] GTSV
[09:57:15] [5/445] SNTY
[09:57:16] [6/445] SMYY
[09:57:17] [7/445] CNCS
[09:57:18] [8/445] CSTM
[09:57:19] [9/445] NUCD
[09:57:20] [10/445] SHCZ
[09:57:21] [11/445] NJCT
[09:57:21] [12/445] COPC
[09:57:22] [13/445] STVV
[09:57:23] [14/445] SKRN
[09:57:25] [15/445] APPZ
[09:57:26] [16/445] YMGN
[09:57:26] [17/445] SVTU
[09:57:28] [18/445] GTAD
[09:57:29] [19/445] PSUS
[09:57:30] [20/445] SMCD
[09:57:31] [21/445] CMCM
[09:57:32] [22/445] SYCT
[09:57:33] [23/445] STLY
[09:57:34] [24/445] CMHU
[09:57:34] [25/445] CMSA
[09:57:35] [26/445] CLCU
[09:57:36] [27/445] PPNT
[09:57:37] [28/445] JTAB
[09:57:38] [29/445] BUUC
[09:57:39] [30/445] BSVK
[09:57:39] [31/445] VVVQ
[09:57:40] [32/445] TKMU
[09:57:41] [33/445] ESYL
[09:57:42] [34/445] ACHP
[09:57:43] [35/445] BTKD
[09:57:44] [36/445] DESA
[09:57:44] [37/445] GBCT
[09:57:45] [38/445] BLLD
[09:57:46] [39/445] SKNT
[09:57:47] [40/445] SSTE
[09:57:48] [41/445] VJMR
[09:57:49] [42/445] NTPU
[09:57:50] [43/445] RDKN
[09:57:51] [44/445] ADGC
[09:57:51] [45/445] VRBP
[09:57:52] [46/445] NMNA
[09:57:53] [47/445] CMMX
[09:57:54] [48/445] PTKO
[09:57:54] [49/445] RBML
[09:57:55] [50/445] SAIC
[09:57:56] [51/445] SVTJ
[09:57:57] [52/445] MRTE
[09:57:57] [53/445] RBTP
[09:57:58] [54/445] NLPS
[09:57:59] [55/445] GTNA
[09:58:00] [56/445] DGGC
[09:58:01] [57/445] SMCR
[09:58:01] [58/445] SCGD
[09:58:02] [59/445] SRRJ
[09:58:03] [60/445] CNRY
[09:58:04] [61/445] KTDI
[09:58:05] [62/445] SNJL
[09:58:06] [63/445] RKMD
[09:58:07] [64/445] SMDC
[09:58:08] [65/445] TADG
[09:58:09] [66/445] MCGS
[09:58:10] [67/445] PETK
[09:58:11] [68/445] CHAG
[09:58:12] [69/445] KSTL
[09:58:13] [70/445] AADS
[09:58:14] [71/445] NTHZ
[09:58:16] [72/445] HCKI
[09:58:17] [73/445] SSEF
[09:58:18] [74/445] MCGX
[09:58:18] [75/445] ERRA
[09:58:19] [76/445] SDTW
[09:58:20] [77/445] RMPK
[09:58:22] [78/445] PTHK
[09:58:22] [79/445] PXCS
[09:58:24] [80/445] SVLU
[09:58:25] [81/445] STAH
[09:58:26] [82/445] JRGF
[09:58:27] [83/445] CDOK
[09:58:28] [84/445] CMSG
[09:58:29] [85/445] APTD
[09:58:31] [86/445] KMPG
[09:58:31] [87/445] MUTJ
[09:58:32] [88/445] VCCI
[09:58:34] [89/445] URBE
[09:58:34] [90/445] TCTS
[09:58:35] [91/445] STSN
[09:58:36] [92/445] AKCH
[09:58:38] [93/445] APSC
[09:58:39] [94/445] VLTB
[09:58:40] [95/445] SANU
[09:58:41] [96/445] AXAM
[09:58:43] [97/445] MGMG
[09:58:44] [98/445] HTBY
[09:58:44] [99/445] MMZS
[09:58:45] [100/445] SUDR
[09:58:46] [101/445] CCAD
[09:58:47] [102/445] SKKC
[09:58:48] [103/445] RMCD
[09:58:49] [104/445] SBCQ
[09:58:50] [105/445] DCCT
[09:58:50] [106/445] VTKP
[09:58:51] [107/445] MLAM
[09:58:52] [108/445] SAVT
[09:58:53] [109/445] GEPL
[09:58:53] [110/445] AMCD
[09:58:54] [111/445] CCXR
[09:58:55] [112/445] GRNG
[09:58:57] [113/445] EBCA
[09:58:58] [114/445] CNVG
[09:58:59] [115/445] MWSS
[09:59:00] [116/445] VBOR
[09:59:01] [117/445] NEEB
[09:59:02] [118/445] SUTH
[09:59:02] [119/445] ANDB
[09:59:03] [120/445] MMXS
[09:59:05] [121/445] CNPD
[09:59:06] [122/445] SDCE
[09:59:06] [123/445] DHCB
[09:59:07] [124/445] ODEN
[09:59:08] [125/445] TNTC
[09:59:09] [126/445] VBKM
[09:59:10] [127/445] RZYM
[09:59:11] [128/445] JEMC
[09:59:12] [129/445] CMAU
[09:59:13] [130/445] SIVP
[09:59:13] [131/445] ATAG
[09:59:14] [132/445] CHTM
[09:59:15] [133/445] AAEE
[09:59:16] [134/445] IWPM
[09:59:17] [135/445] KCMW
[09:59:18] [136/445] MCTD
[09:59:18] [137/445] SPWR
[09:59:20] [138/445] SDPO
[09:59:20] [139/445] PCSK
[09:59:21] [140/445] ACHV
[09:59:22] [141/445] SVLA
[09:59:23] [142/445] PICT
[09:59:24] [143/445] BXDR
[09:59:25] [144/445] SPWA
[09:59:26] [145/445] MCKO
[09:59:27] [146/445] RTHK
[09:59:27] [147/445] CCMF
[09:59:28] [148/445] MRGB
[09:59:29] [149/445] CPLC
[09:59:30] [150/445] RACD
[09:59:32] [151/445] ATKT
[09:59:33] [152/445] SARN
[09:59:34] [153/445] KKUI
[09:59:34] [154/445] RGCM
[09:59:35] [155/445] BRVP
[09:59:36] [156/445] HRSR
[09:59:37] [157/445] GKGM
[09:59:38] [158/445] TTCD
[09:59:39] [159/445] PTTI
[09:59:40] [160/445] MPTT
[09:59:41] [161/445] CVTT
[09:59:42] [162/445] PCXD
[09:59:43] [163/445] GCDC
[09:59:43] [164/445] CCCF
[09:59:44] [165/445] MRAD
[09:59:45] [166/445] CPLK
[09:59:46] [167/445] SATB
[09:59:47] [168/445] SNVG
[09:59:48] [169/445] JMBA
[09:59:49] [170/445] TEJA
[09:59:50] [171/445] STYO
[09:59:51] [172/445] JTBP
[09:59:52] [173/445] KRGD
[09:59:52] [174/445] SLJJ
[09:59:53] [175/445] SPTJ
[09:59:54] [176/445] SWJG
[09:59:55] [177/445] LKRT
[09:59:56] [178/445] KCKA
[09:59:57] [179/445] SNCR
[09:59:58] [180/445] SMKL
[09:59:59] [181/445] GCFA
[10:00:00] [182/445] DDCK
[10:00:00] [183/445] NCHJ
[10:00:01] [184/445] RDMA
[10:00:03] [185/445] SVSV
[10:00:04] [186/445] SCJG
[10:00:05] [187/445] VKLP
[10:00:05] [188/445] NWCC
[10:00:06] [189/445] VKNS
[10:00:07] [190/445] SDDP
[10:00:08] [191/445] ACSI
[10:00:09] [192/445] SATG
[10:00:10] [193/445] SCMW
[10:00:11] [194/445] LKTK
[10:00:12] [195/445] VCKV
[10:00:13] [196/445] KKPE
[10:00:14] [197/445] KIGH
[10:00:15] [198/445] SRPM
[10:00:15] [199/445] SCAH
[10:00:16] [200/445] MUTA
[10:00:17] [201/445] SEPU
[10:00:18] [202/445] INOA
[10:00:19] [203/445] BASK
[10:00:19] [204/445] NECB
[10:00:20] [205/445] GTTG
[10:00:21] [206/445] ASSA
[10:00:22] [207/445] ANCL
[10:00:22] [208/445] GCTI
[10:00:23] [209/445] RCTS
[10:00:25] [210/445] ACNL
[10:00:25] [211/445] MYCT
[10:00:26] [212/445] NMHT
[10:00:28] [213/445] MDIT
[10:00:28] [214/445] LATG
[10:00:29] [215/445] SMTY
[10:00:30] [216/445] CVCT
[10:00:31] [217/445] RAMB
[10:00:32] [218/445] TGMS
[10:00:32] [219/445] BHEL
[10:00:34] [220/445] SHCT
[10:00:34] [221/445] SVCT
[10:00:35] [222/445] MRIY
[10:00:36] [223/445] SARO
[10:00:37] [224/445] STCT
[10:00:38] [225/445] JKKC
[10:00:39] [226/445] PLTT
[10:00:39] [227/445] SRNT
[10:00:40] [228/445] YAST
[10:00:41] [229/445] PERL
[10:00:42] [230/445] CICM
[10:00:43] [231/445] MMTR
[10:00:43] [232/445] ABTK
[10:00:44] [233/445] ATYY
[10:00:45] [234/445] ASTK
[10:00:46] [235/445] VVCK
[10:00:47] [236/445] ATKY
[10:00:47] [237/445] GWEK
[10:00:48] [238/445] SVFH
[10:00:49] [239/445] SLTA
[10:00:50] [240/445] AASH
[10:00:51] [241/445] ACXB
[10:00:52] [242/445] SMTX
[10:00:53] [243/445] AZDH
[10:00:54] [244/445] CMMH
[10:00:55] [245/445] SCSZ
[10:00:56] [246/445] SCKP
[10:00:57] [247/445] NXTM
[10:00:58] [248/445] NWCS
[10:00:59] [249/445] CXMH
[10:01:00] [250/445] PCMA
[10:01:01] [251/445] SGCM
[10:01:01] [252/445] SDTU
[10:01:02] [253/445] MMVI
[10:01:04] [254/445] JKCM
[10:01:05] [255/445] VCMM
[10:01:05] [256/445] SYEE
[10:01:06] [257/445] VASD
[10:01:07] [258/445] BDRB
[10:01:09] [259/445] LASM
[10:01:10] [260/445] DCRL
[10:01:11] [261/445] DVPM
[10:01:11] [262/445] SBMJ
[10:01:13] [263/445] CBMU
[10:01:13] [264/445] IUBS
[10:01:14] [265/445] INAP
[10:01:16] [266/445] SRRC
[10:01:17] [267/445] SAGR
[10:01:18] [268/445] CPMJ
[10:01:18] [269/445] ATJL
[10:01:19] [270/445] NNTD
[10:01:20] [271/445] JHCJ
[10:01:21] [272/445] CMMP
[10:01:22] [273/445] RSDR
[10:01:22] [274/445] AMTI
[10:01:23] [275/445] NYSG
[10:01:24] [276/445] AVSG
[10:01:25] [277/445] SYTP
[10:01:27] [278/445] LARC
[10:01:28] [279/445] RJTP
[10:01:28] [280/445] LAKC
[10:01:29] [281/445] MCXE
[10:01:30] [282/445] CCZC
[10:01:31] [283/445] AVCH
[10:01:32] [284/445] CMBE
[10:01:33] [285/445] MRRC
[10:01:34] [286/445] PCPY
[10:01:34] [287/445] SRMH
[10:01:35] [288/445] SVGS
[10:01:36] [289/445] PCSE
[10:01:37] [290/445] SVFT
[10:01:38] [291/445] TNZP
[10:01:39] [292/445] ICTP
[10:01:40] [293/445] ACTZ
[10:01:40] [294/445] GTUR
[10:01:41] [295/445] MAFC
[10:01:42] [296/445] MINL
[10:01:43] [297/445] MRCL
[10:01:44] [298/445] RCRP
[10:01:45] [299/445] RFFG
[10:01:46] [300/445] RMAS
[10:01:47] [301/445] INVR
[10:01:48] [302/445] RMAR
[10:01:48] [303/445] CNIS
[10:01:49] [304/445] RHRJ
[10:01:50] [305/445] INXR
[10:01:52] [306/445] VALT
[10:01:52] [307/445] LCSH
[10:01:53] [308/445] CMVS
[10:01:54] [309/445] CNMS
[10:01:55] [310/445] ROOG
[10:01:56] [311/445] ISRM
[10:01:57] [312/445] RCRM
[10:01:58] [313/445] ACJA
[10:01:59] [314/445] RCVS
[10:01:59] [315/445] CPUS
[10:02:01] [316/445] TGCS
[10:02:02] [317/445] RKCJ
[10:02:03] [318/445] MKSB
[10:02:04] [319/445] TCSJ
[10:02:05] [320/445] RMGP
[10:02:06] [321/445] CLLP
[10:02:07] [322/445] RCMV
[10:02:08] [323/445] CCKS
[10:02:09] [324/445] RSRP
[10:02:10] [325/445] APLP
[10:02:10] [326/445] CNVS
[10:02:11] [327/445] RMVY
[10:02:12] [328/445] PGBD
[10:02:13] [329/445] KLMS
[10:02:14] [330/445] RUST
[10:02:15] [331/445] MASM
[10:02:16] [332/445] BACS
[10:02:17] [333/445] BWST
[10:02:18] [334/445] RRFH
[10:02:19] [335/445] SJTM
[10:02:20] [336/445] BEMR
[10:02:21] [337/445] MCGR
[10:02:22] [338/445] SDSK
[10:02:23] [339/445] VBOL
[10:02:24] [340/445] RMGM
[10:02:25] [341/445] NOPL
[10:02:25] [342/445] MKJK
[10:02:26] [343/445] CVRN
[10:02:28] [344/445] MMEN
[10:02:29] [345/445] AMNG
[10:02:30] [346/445] INTM
[10:02:31] [347/445] SLCZ
[10:02:32] [348/445] AMJN
[10:02:33] [349/445] ACJN
[10:02:34] [350/445] AMKN
[10:02:35] [351/445] BTCN
[10:02:36] [352/445] AMBT
[10:02:37] [353/445] PACN
[10:02:38] [354/445] LCNS
[10:02:39] [355/445] PPKC
[10:02:40] [356/445] JYYN
[10:02:41] [357/445] JTNR
[10:02:41] [358/445] GTEE
[10:02:42] [359/445] SRNM
[10:02:43] [360/445] SDTC
[10:02:44] [361/445] VPCA
[10:02:45] [362/445] VLRA
[10:02:46] [363/445] SHKR
[10:02:47] [364/445] SBKD
[10:02:48] [365/445] SAAD
[10:02:49] [366/445] JTGN
[10:02:50] [367/445] SLAM
[10:02:51] [368/445] VTPM
[10:02:52] [369/445] ANPT
[10:02:53] [370/445] PUNB
[10:02:54] [371/445] CPKT
[10:02:55] [372/445] CNWE
[10:02:55] [373/445] ECPP
[10:02:57] [374/445] CPAR
[10:02:58] [375/445] ESBW
[10:02:59] [376/445] PKPU
[10:03:00] [377/445] CPRP
[10:03:01] [378/445] RAHU
[10:03:02] [379/445] RHMN
[10:03:03] [380/445] FMJP
[10:03:04] [381/445] CTMP
[10:03:05] [382/445] INPN
[10:03:06] [383/445] STTG
[10:03:07] [384/445] CTRD
[10:03:08] [385/445] PUVB
[10:03:09] [386/445] ESVP
[10:03:09] [387/445] CPFT
[10:03:10] [388/445] LCPC
[10:03:11] [389/445] VBCT
[10:03:12] [390/445] FSCW
[10:03:14] [391/445] VCMP
[10:03:15] [392/445] ASHC
[10:03:16] [393/445] VLCX
[10:03:17] [394/445] SHEV
[10:03:18] [395/445] APCO
[10:03:19] [396/445] SILC
[10:03:20] [397/445] SNMR
[10:03:20] [398/445] KYBO
[10:03:22] [399/445] SATK
[10:03:23] [400/445] SSCS
[10:03:24] [401/445] CLSB
[10:03:25] [402/445] KMJR
[10:03:26] [403/445] FSCK
[10:03:27] [404/445] NNKA
[10:03:28] [405/445] CLMK
[10:03:29] [406/445] DMPZ
[10:03:30] [407/445] INQM
[10:03:31] [408/445] CAML
[10:03:32] [409/445] INRK
[10:03:33] [410/445] IMKN
[10:03:33] [411/445] SVNR
[10:03:34] [412/445] INSL
[10:03:36] [413/445] MSMA
[10:03:37] [414/445] MCKK
[10:03:38] [415/445] FCHP
[10:03:39] [416/445] SFCR
[10:03:40] [417/445] NACK
[10:03:42] [418/445] PVAK
[10:03:42] [419/445] INER
[10:03:43] [420/445] RDBK
[10:03:44] [421/445] SVFN
[10:03:45] [422/445] IFRM
[10:03:46] [423/445] ATCK
[10:03:47] [424/445] ASKO
[10:03:48] [425/445] STKT
[10:03:48] [426/445] SVFB
[10:03:49] [427/445] INKS
[10:03:50] [428/445] PCRA
[10:03:51] [429/445] ATJA
[10:03:52] [430/445] IMJN
[10:03:52] [431/445] INHD
[10:03:53] [432/445] BARA
[10:03:54] [433/445] MCSL
[10:03:55] [434/445] RTOY
[10:03:56] [435/445] MENO
[10:03:57] [436/445] PUDM
[10:03:57] [437/445] PRCN
[10:03:58] [438/445] JMJR
[10:03:59] [439/445] SSGK
[10:04:00] [440/445] SSRL
[10:04:01] [441/445] JYKL
[10:04:02] [442/445] ACNB
[10:04:03] [443/445] SONP
[10:04:03] [444/445] EMCI
[10:04:04] [445/445] MRJH
[10:04:05] 🧹 Deduping shows
[10:04:05] ✅ DONE | Shows=542 | Movies=61
[16:42:30] 🚀 SCRIPT STARTED
[16:42:30] [1/445] TGMR
[16:42:30] 🧠 New identity created
[16:42:31] [2/445] CXKR
[16:42:32] [3/445] SROP
[16:42:34] [4/445] GTSV
[16:42:35] [5/445] SNTY
[16:42:36] [6/445] SMYY
[16:42:36] [7/445] CNCS
[16:42:37] [8/445] CSTM
[16:42:38] [9/445] NUCD
[16:42:39] [10/445] SHCZ
[16:42:40] [11/445] NJCT
[16:42:41] [12/445] COPC
[16:42:42] [13/445] STVV
[16:42:43] [14/445] SKRN
[16:42:43] [15/445] APPZ
[16:42:44] [16/445] YMGN
[16:42:45] [17/445] SVTU
[16:42:46] [18/445] GTAD
[16:42:46] [19/445] PSUS
[16:42:47] [20/445] SMCD
[16:42:48] [21/445] CMCM
[16:42:49] [22/445] SYCT
[16:42:50] [23/445] STLY
[16:42:51] [24/445] CMHU
[16:42:51] [25/445] CMSA
[16:42:52] [26/445] CLCU
[16:42:53] [27/445] PPNT
[16:42:54] [28/445] JTAB
[16:42:55] [29/445] BUUC
[16:42:56] [30/445] BSVK
[16:42:57] [31/445] VVVQ
[16:42:58] [32/445] TKMU
[16:42:59] [33/445] ESYL
[16:43:00] [34/445] ACHP
[16:43:01] [35/445] BTKD
[16:43:02] [36/445] DESA
[16:43:03] [37/445] GBCT
[16:43:04] [38/445] BLLD
[16:43:04] [39/445] SKNT
[16:43:05] [40/445] SSTE
[16:43:06] [41/445] VJMR
[16:43:08] [42/445] NTPU
[16:43:08] [43/445] RDKN
[16:43:09] [44/445] ADGC
[16:43:11] [45/445] VRBP
[16:43:12] [46/445] NMNA
[16:43:13] [47/445] CMMX
[16:43:14] [48/445] PTKO
[16:43:14] [49/445] RBML
[16:43:15] [50/445] SAIC
[16:43:16] [51/445] SVTJ
[16:43:17] [52/445] MRTE
[16:43:18] [53/445] RBTP
[16:43:19] [54/445] NLPS
[16:43:20] [55/445] GTNA
[16:43:21] [56/445] DGGC
[16:43:22] [57/445] SMCR
[16:43:23] [58/445] SCGD
[16:43:24] [59/445] SRRJ
[16:43:25] [60/445] CNRY
[16:43:26] [61/445] KTDI
[16:43:26] [62/445] SNJL
[16:43:27] [63/445] RKMD
[16:43:28] [64/445] SMDC
[16:43:30] [65/445] TADG
[16:43:31] [66/445] MCGS
[16:43:33] [67/445] PETK
[16:43:34] [68/445] CHAG
[16:43:34] [69/445] KSTL
[16:43:35] [70/445] AADS
[16:43:36] [71/445] NTHZ
[16:43:37] [72/445] HCKI
[16:43:38] [73/445] SSEF
[16:43:39] [74/445] MCGX
[16:43:39] [75/445] ERRA
[16:43:40] [76/445] SDTW
[16:43:41] [77/445] RMPK
[16:43:42] [78/445] PTHK
[16:43:44] [79/445] PXCS
[16:43:44] [80/445] SVLU
[16:43:45] [81/445] STAH
[16:43:47] [82/445] JRGF
[16:43:48] [83/445] CDOK
[16:43:49] [84/445] CMSG
[16:43:49] [85/445] APTD
[16:43:50] [86/445] KMPG
[16:43:51] [87/445] MUTJ
[16:43:52] [88/445] VCCI
[16:43:53] [89/445] URBE
[16:43:54] [90/445] TCTS
[16:43:55] [91/445] STSN
[16:43:55] [92/445] AKCH
[16:43:56] [93/445] APSC
[16:43:57] [94/445] VLTB
[16:43:58] [95/445] SANU
[16:43:59] [96/445] AXAM
[16:44:00] [97/445] MGMG
[16:44:01] [98/445] HTBY
[16:44:02] [99/445] MMZS
[16:44:03] [100/445] SUDR
[16:44:04] [101/445] CCAD
[16:44:05] [102/445] SKKC
[16:44:05] [103/445] RMCD
[16:44:06] [104/445] SBCQ
[16:44:07] [105/445] DCCT
[16:44:08] [106/445] VTKP
[16:44:09] [107/445] MLAM
[16:44:10] [108/445] SAVT
[16:44:11] [109/445] GEPL
[16:44:12] [110/445] AMCD
[16:44:13] [111/445] CCXR
[16:44:14] [112/445] GRNG
[16:44:15] [113/445] EBCA
[16:44:16] [114/445] CNVG
[16:44:16] [115/445] MWSS
[16:44:18] [116/445] VBOR
[16:44:19] [117/445] NEEB
[16:44:20] [118/445] SUTH
[16:44:21] [119/445] ANDB
[16:44:21] [120/445] MMXS
[16:44:22] [121/445] CNPD
[16:44:23] [122/445] SDCE
[16:44:24] [123/445] DHCB
[16:44:25] [124/445] ODEN
[16:44:26] [125/445] TNTC
[16:44:27] [126/445] VBKM
[16:44:27] [127/445] RZYM
[16:44:28] [128/445] JEMC
[16:44:30] [129/445] CMAU
[16:44:31] [130/445] SIVP
[16:44:31] [131/445] ATAG
[16:44:32] [132/445] CHTM
[16:44:33] [133/445] AAEE
[16:44:34] [134/445] IWPM
[16:44:35] [135/445] KCMW
[16:44:36] [136/445] MCTD
[16:44:38] [137/445] SPWR
[16:44:39] [138/445] SDPO
[16:44:40] [139/445] PCSK
[16:44:41] [140/445] ACHV
[16:44:42] [141/445] SVLA
[16:44:43] [142/445] PICT
[16:44:44] [143/445] BXDR
[16:44:44] [144/445] SPWA
[16:44:45] [145/445] MCKO
[16:44:46] [146/445] RTHK
[16:44:47] [147/445] CCMF
[16:44:48] [148/445] MRGB
[16:44:48] [149/445] CPLC
[16:44:49] [150/445] RACD
[16:44:50] [151/445] ATKT
[16:44:51] [152/445] SARN
[16:44:52] [153/445] KKUI
[16:44:53] [154/445] RGCM
[16:44:54] [155/445] BRVP
[16:44:55] [156/445] HRSR
[16:44:55] [157/445] GKGM
[16:44:56] [158/445] TTCD
[16:44:57] [159/445] PTTI
[16:44:58] [160/445] MPTT
[16:44:59] [161/445] CVTT
[16:44:59] [162/445] PCXD
[16:45:00] [163/445] GCDC
[16:45:01] [164/445] CCCF
[16:45:02] [165/445] MRAD
[16:45:03] [166/445] CPLK
[16:45:04] [167/445] SATB
[16:45:05] [168/445] SNVG
[16:45:06] [169/445] JMBA
[16:45:06] [170/445] TEJA
[16:45:08] [171/445] STYO
[16:45:09] [172/445] JTBP
[16:45:10] [173/445] KRGD
[16:45:11] [174/445] SLJJ
[16:45:11] [175/445] SPTJ
[16:45:12] [176/445] SWJG
[16:45:13] [177/445] LKRT
[16:45:14] [178/445] KCKA
[16:45:15] [179/445] SNCR
[16:45:16] [180/445] SMKL
[16:45:17] [181/445] GCFA
[16:45:18] [182/445] DDCK
[16:45:18] [183/445] NCHJ
[16:45:20] [184/445] RDMA
[16:45:20] [185/445] SVSV
[16:45:21] [186/445] SCJG
[16:45:22] [187/445] VKLP
[16:45:23] [188/445] NWCC
[16:45:23] [189/445] VKNS
[16:45:24] [190/445] SDDP
[16:45:25] [191/445] ACSI
[16:45:26] [192/445] SATG
[16:45:27] [193/445] SCMW
[16:45:28] [194/445] LKTK
[16:45:29] [195/445] VCKV
[16:45:30] [196/445] KKPE
[16:45:31] [197/445] KIGH
[16:45:31] [198/445] SRPM
[16:45:32] [199/445] SCAH
[16:45:33] [200/445] MUTA
[16:45:34] [201/445] SEPU
[16:45:35] [202/445] INOA
[16:45:36] [203/445] BASK
[16:45:38] [204/445] NECB
[16:45:39] [205/445] GTTG
[16:45:40] [206/445] ASSA
[16:45:40] [207/445] ANCL
[16:45:41] [208/445] GCTI
[16:45:42] [209/445] RCTS
[16:45:43] [210/445] ACNL
[16:45:44] [211/445] MYCT
[16:45:45] [212/445] NMHT
[16:45:45] [213/445] MDIT
[16:45:46] [214/445] LATG
[16:45:47] [215/445] SMTY
[16:45:48] [216/445] CVCT
[16:45:48] [217/445] RAMB
[16:45:50] [218/445] TGMS
[16:45:51] [219/445] BHEL
[16:45:52] [220/445] SHCT
[16:45:53] [221/445] SVCT
[16:45:53] [222/445] MRIY
[16:45:54] [223/445] SARO
[16:45:55] [224/445] STCT
[16:45:57] [225/445] JKKC
[16:45:58] [226/445] PLTT
[16:45:58] [227/445] SRNT
[16:46:00] [228/445] YAST
[16:46:01] [229/445] PERL
[16:46:02] [230/445] CICM
[16:46:03] [231/445] MMTR
[16:46:04] [232/445] ABTK
[16:46:04] [233/445] ATYY
[16:46:05] [234/445] ASTK
[16:46:06] [235/445] VVCK
[16:46:07] [236/445] ATKY
[16:46:08] [237/445] GWEK
[16:46:09] [238/445] SVFH
[16:46:09] [239/445] SLTA
[16:46:11] [240/445] AASH
[16:46:12] [241/445] ACXB
[16:46:13] [242/445] SMTX
[16:46:14] [243/445] AZDH
[16:46:15] [244/445] CMMH
[16:46:16] [245/445] SCSZ
[16:46:17] [246/445] SCKP
[16:46:18] [247/445] NXTM
[16:46:19] [248/445] NWCS
[16:46:19] [249/445] CXMH
[16:46:20] [250/445] PCMA
[16:46:21] [251/445] SGCM
[16:46:22] [252/445] SDTU
[16:46:23] [253/445] MMVI
[16:46:24] [254/445] JKCM
[16:46:24] [255/445] VCMM
[16:46:25] [256/445] SYEE
[16:46:26] [257/445] VASD
[16:46:27] [258/445] BDRB
[16:46:28] [259/445] LASM
[16:46:29] [260/445] DCRL
[16:46:30] [261/445] DVPM
[16:46:31] [262/445] SBMJ
[16:46:31] [263/445] CBMU
[16:46:32] [264/445] IUBS
[16:46:33] [265/445] INAP
[16:46:33] [266/445] SRRC
[16:46:34] [267/445] SAGR
[16:46:35] [268/445] CPMJ
[16:46:36] [269/445] ATJL
[16:46:37] [270/445] NNTD
[16:46:37] [271/445] JHCJ
[16:46:38] [272/445] CMMP
[16:46:39] [273/445] RSDR
[16:46:40] [274/445] AMTI
[16:46:41] [275/445] NYSG
[16:46:42] [276/445] AVSG
[16:46:43] [277/445] SYTP
[16:46:44] [278/445] LARC
[16:46:45] [279/445] RJTP
[16:46:46] [280/445] LAKC
[16:46:47] [281/445] MCXE
[16:46:48] [282/445] CCZC
[16:46:49] [283/445] AVCH
[16:46:49] [284/445] CMBE
[16:46:50] [285/445] MRRC
[16:46:51] [286/445] PCPY
[16:46:53] [287/445] SRMH
[16:46:54] [288/445] SVGS
[16:46:54] [289/445] PCSE
[16:46:55] [290/445] SVFT
[16:46:56] [291/445] TNZP
[16:46:57] [292/445] ICTP
[16:46:58] [293/445] ACTZ
[16:46:59] [294/445] GTUR
[16:47:00] [295/445] MAFC
[16:47:01] [296/445] MINL
[16:47:02] [297/445] MRCL
[16:47:03] [298/445] RCRP
[16:47:04] [299/445] RFFG
[16:47:05] [300/445] RMAS
[16:47:06] [301/445] INVR
[16:47:07] [302/445] RMAR
[16:47:08] [303/445] CNIS
[16:47:09] [304/445] RHRJ
[16:47:09] [305/445] INXR
[16:47:10] [306/445] VALT
[16:47:11] [307/445] LCSH
[16:47:12] [308/445] CMVS
[16:47:13] [309/445] CNMS
[16:47:14] [310/445] ROOG
[16:47:14] [311/445] ISRM
[16:47:15] [312/445] RCRM
[16:47:16] [313/445] ACJA
[16:47:16] [314/445] RCVS
[16:47:17] [315/445] CPUS
[16:47:18] [316/445] TGCS
[16:47:19] [317/445] RKCJ
[16:47:21] [318/445] MKSB
[16:47:22] [319/445] TCSJ
[16:47:22] [320/445] RMGP
[16:47:23] [321/445] CLLP
[16:47:24] [322/445] RCMV
[16:47:26] [323/445] CCKS
[16:47:27] [324/445] RSRP
[16:47:28] [325/445] APLP
[16:47:29] [326/445] CNVS
[16:47:30] [327/445] RMVY
[16:47:30] [328/445] PGBD
[16:47:31] [329/445] KLMS
[16:47:32] [330/445] RUST
[16:47:33] [331/445] MASM
[16:47:34] [332/445] BACS
[16:47:35] [333/445] BWST
[16:47:36] [334/445] RRFH
[16:47:36] [335/445] SJTM
[16:47:37] [336/445] BEMR
[16:47:38] [337/445] MCGR
[16:47:39] [338/445] SDSK
[16:47:40] [339/445] VBOL
[16:47:41] [340/445] RMGM
[16:47:41] [341/445] NOPL
[16:47:42] [342/445] MKJK
[16:47:43] [343/445] CVRN
[16:47:44] [344/445] MMEN
[16:47:45] [345/445] AMNG
[16:47:46] [346/445] INTM
[16:47:47] [347/445] SLCZ
[16:47:48] [348/445] AMJN
[16:47:49] [349/445] ACJN
[16:47:50] [350/445] AMKN
[16:47:51] [351/445] BTCN
[16:47:53] [352/445] AMBT
[16:47:54] [353/445] PACN
[16:47:54] [354/445] LCNS
[16:47:55] [355/445] PPKC
[16:47:56] [356/445] JYYN
[16:47:57] [357/445] JTNR
[16:47:58] [358/445] GTEE
[16:47:59] [359/445] SRNM
[16:48:00] [360/445] SDTC
[16:48:01] [361/445] VPCA
[16:48:02] [362/445] VLRA
[16:48:03] [363/445] SHKR
[16:48:03] [364/445] SBKD
[16:48:04] [365/445] SAAD
[16:48:05] [366/445] JTGN
[16:48:06] [367/445] SLAM
[16:48:07] [368/445] VTPM
[16:48:07] [369/445] ANPT
[16:48:08] [370/445] PUNB
[16:48:09] [371/445] CPKT
[16:48:10] [372/445] CNWE
[16:48:11] [373/445] ECPP
[16:48:11] [374/445] CPAR
[16:48:12] [375/445] ESBW
[16:48:13] [376/445] PKPU
[16:48:15] [377/445] CPRP
[16:48:15] [378/445] RAHU
[16:48:16] [379/445] RHMN
[16:48:17] [380/445] FMJP
[16:48:18] [381/445] CTMP
[16:48:18] [382/445] INPN
[16:48:19] [383/445] STTG
[16:48:20] [384/445] CTRD
[16:48:21] [385/445] PUVB
[16:48:22] [386/445] ESVP
[16:48:23] [387/445] CPFT
[16:48:23] [388/445] LCPC
[16:48:24] [389/445] VBCT
[16:48:25] [390/445] FSCW
[16:48:26] [391/445] VCMP
[16:48:27] [392/445] ASHC
[16:48:27] [393/445] VLCX
[16:48:28] [394/445] SHEV
[16:48:29] [395/445] APCO
[16:48:30] [396/445] SILC
[16:48:31] [397/445] SNMR
[16:48:31] [398/445] KYBO
[16:48:32] [399/445] SATK
[16:48:33] [400/445] SSCS
[16:48:34] [401/445] CLSB
[16:48:34] [402/445] KMJR
[16:48:35] [403/445] FSCK
[16:48:36] [404/445] NNKA
[16:48:37] [405/445] CLMK
[16:48:37] [406/445] DMPZ
[16:48:38] [407/445] INQM
[16:48:39] [408/445] CAML
[16:48:40] [409/445] INRK
[16:48:41] [410/445] IMKN
[16:48:42] [411/445] SVNR
[16:48:43] [412/445] INSL
[16:48:43] [413/445] MSMA
[16:48:45] [414/445] MCKK
[16:48:46] [415/445] FCHP
[16:48:47] [416/445] SFCR
[16:48:47] [417/445] NACK
[16:48:48] [418/445] PVAK
[16:48:49] [419/445] INER
[16:48:50] [420/445] RDBK
[16:48:51] [421/445] SVFN
[16:48:52] [422/445] IFRM
[16:48:53] [423/445] ATCK
[16:48:54] [424/445] ASKO
[16:48:54] [425/445] STKT
[16:48:55] [426/445] SVFB
[16:48:56] [427/445] INKS
[16:48:57] [428/445] PCRA
[16:48:58] [429/445] ATJA
[16:48:59] [430/445] IMJN
[16:48:59] [431/445] INHD
[16:49:00] [432/445] BARA
[16:49:01] [433/445] MCSL
[16:49:02] [434/445] RTOY
[16:49:03] [435/445] MENO
[16:49:04] [436/445] PUDM
[16:49:04] [437/445] PRCN
[16:49:05] [438/445] JMJR
[16:49:06] [439/445] SSGK
[16:49:07] [440/445] SSRL
[16:49:08] [441/445] JYKL
[16:49:09] [442/445] ACNB
[16:49:09] [443/445] SONP
[16:49:10] [444/445] EMCI
[16:49:11] [445/445] MRJH
[16:49:12] 🧹 Deduping shows
[16:49:12] ✅ DONE | Shows=663 | Movies=68
