[09:57:12] 🚀 SCRIPT STARTED
[09:57:12] [1/459] NECA
[09:57:12] 🧠 New identity created
[09:57:13] [2/459] BJLC
[09:57:15] [3/459] BASU
[09:57:16] [4/459] RUPI
[09:57:17] [5/459] LCBK
[09:57:18] [6/459] PMAC
[09:57:19] [7/459] AMLC
[09:57:20] [8/459] LICL
[09:57:21] [9/459] UDMM
[09:57:22] [10/459] STBZ
[09:57:23] [11/459] UUBT
[09:57:23] [12/459] SJKC
[09:57:24] [13/459] TUAL
[09:57:25] [14/459] MRSE
[09:57:26] [15/459] RMRK
[09:57:27] [16/459] TTKP
[09:57:28] [17/459] KTKO
[09:57:29] [18/459] SDBK
[09:57:30] [19/459] MCPR
[09:57:31] [20/459] CHTI
[09:57:32] [21/459] GCCP
[09:57:32] [22/459] SRMY
[09:57:33] [23/459] NYST
[09:57:34] [24/459] NYAG
[09:57:35] [25/459] SBMT
[09:57:37] [26/459] INGA
[09:57:38] [27/459] WSIC
[09:57:39] [28/459] SCSS
[09:57:39] [29/459] COPG
[09:57:41] [30/459] RCGR
[09:57:42] [31/459] TCZA
[09:57:44] [32/459] CNLP
[09:57:45] [33/459] CLKN
[09:57:46] [34/459] LHDF
[09:57:47] [35/459] ELKC
[09:57:48] [36/459] VCEM
[09:57:49] [37/459] SSZA
[09:57:49] [38/459] KRMT
[09:57:50] [39/459] LCMV
[09:57:51] [40/459] AYCZ
[09:57:52] [41/459] CUMS
[09:57:53] [42/459] BOCK
[09:57:54] [43/459] PNMR
[09:57:54] [44/459] PJCP
[09:57:55] [45/459] JDDD
[09:57:56] [46/459] STMS
[09:57:57] [47/459] FLMB
[09:57:58] [48/459] PKCM
[09:57:59] [49/459] SPPR
[09:58:00] [50/459] EYLH
[09:58:01] [51/459] RJCC
[09:58:03] [52/459] MMPS
[09:58:04] [53/459] SHMX
[09:58:04] [54/459] CCNL
[09:58:05] [55/459] RCNV
[09:58:06] [56/459] MAAG
[09:58:07] [57/459] LXCM
[09:58:08] [58/459] RCNI
[09:58:09] [59/459] SNNI
[09:58:10] [60/459] LALC
[09:58:10] [61/459] SOCN
[09:58:11] [62/459] JHTP
[09:58:12] [63/459] PITP
[09:58:13] [64/459] CCKW
[09:58:14] [65/459] MCMC
[09:58:15] [66/459] DEES
[09:58:15] [67/459] SABT
[09:58:16] [68/459] VSPP
[09:58:17] [69/459] ABCT
[09:58:18] [70/459] JVTB
[09:58:19] [71/459] VCBD
[09:58:19] [72/459] RMGG
[09:58:20] [73/459] RNMH
[09:58:21] [74/459] SPGL
[09:58:22] [75/459] JTTR
[09:58:23] [76/459] SICS
[09:58:24] [77/459] SRMI
[09:58:25] [78/459] SSIJ
[09:58:26] [79/459] KFMT
[09:58:28] [80/459] VBIT
[09:58:29] [81/459] JKCT
[09:58:30] [82/459] GCGP
[09:58:31] [83/459] GDCS
[09:58:32] [84/459] TRBA
[09:58:33] [85/459] QUST
[09:58:34] [86/459] VSHM
[09:58:35] [87/459] SDCP
[09:58:36] [88/459] SNVS
[09:58:38] [89/459] NYTO
[09:58:38] [90/459] URWC
[09:58:39] [91/459] GTWH
[09:58:40] [92/459] PFCM
[09:58:41] [93/459] KRTA
[09:58:42] [94/459] AXMC
[09:58:43] [95/459] EVMC
[09:58:43] [96/459] HGSM
[09:58:44] [97/459] ACVM
[09:58:45] [98/459] PSKL
[09:58:46] [99/459] RDMP
[09:58:47] [100/459] RHGH
[09:58:48] [101/459] OMCM
[09:58:48] [102/459] DCCP
[09:58:49] [103/459] MCPB
[09:58:50] [104/459] ALCI
[09:58:51] [105/459] BLMX
[09:58:51] [106/459] BTMV
[09:58:52] [107/459] FVPN
[09:58:53] [108/459] CMAR
[09:58:54] [109/459] CEIM
[09:58:55] [110/459] CMVA
[09:58:55] [111/459] CPIV
[09:58:56] [112/459] CNPE
[09:58:58] [113/459] COLV
[09:58:59] [114/459] DNNV
[09:59:00] [115/459] HCAD
[09:59:00] [116/459] TAKA
[09:59:01] [117/459] INVD
[09:59:02] [118/459] IRMM
[09:59:03] [119/459] INSE
[09:59:04] [120/459] MRSW
[09:59:05] [121/459] MCVD
[09:59:06] [122/459] MCSO
[09:59:07] [123/459] PEVM
[09:59:08] [124/459] PVNL
[09:59:09] [125/459] PTCV
[09:59:09] [126/459] PRTC
[09:59:10] [127/459] RCVA
[09:59:11] [128/459] MTBN
[09:59:12] [129/459] LUCP
[09:59:13] [130/459] FMPT
[09:59:14] [131/459] JLSL
[09:59:15] [132/459] SBHA
[09:59:16] [133/459] SHRC
[09:59:17] [134/459] AVPS
[09:59:17] [135/459] STPM
[09:59:18] [136/459] ATRD
[09:59:20] [137/459] VTED
[09:59:21] [138/459] ACAI
[09:59:21] [139/459] SMAE
[09:59:23] [140/459] VMAT
[09:59:24] [141/459] LKCT
[09:59:25] [142/459] JTVK
[09:59:25] [143/459] PRTY
[09:59:27] [144/459] GETT
[09:59:28] [145/459] ESAP
[09:59:29] [146/459] NCPM
[09:59:30] [147/459] PCPA
[09:59:31] [148/459] MMOM
[09:59:32] [149/459] PHUP
[09:59:32] [150/459] CCPI
[09:59:33] [151/459] CNTD
[09:59:34] [152/459] NLJR
[09:59:35] [153/459] SRNG
[09:59:36] [154/459] MHAL
[09:59:36] [155/459] PNSM
[09:59:38] [156/459] DRMY
[09:59:38] [157/459] CCMU
[09:59:39] [158/459] SCMY
[09:59:40] [159/459] PVSY
[09:59:41] [160/459] SDLM
[09:59:42] [161/459] ICCM
[09:59:42] [162/459] PYSU
[09:59:43] [163/459] GATM
[09:59:44] [164/459] WOTM
[09:59:45] [165/459] RKTS
[09:59:46] [166/459] PMTY
[09:59:46] [167/459] LYMS
[09:59:47] [168/459] TGCA
[09:59:48] [169/459] DSTA
[09:59:49] [170/459] CNGE
[09:59:49] [171/459] VSTG
[09:59:50] [172/459] GTCK
[09:59:51] [173/459] TGNT
[09:59:52] [174/459] ASLC
[09:59:53] [175/459] SSST
[09:59:54] [176/459] KBTT
[09:59:55] [177/459] HKCP
[09:59:56] [178/459] SWLC
[09:59:56] [179/459] RTND
[09:59:57] [180/459] PKKT
[09:59:58] [181/459] HSTK
[09:59:59] [182/459] SPTT
[10:00:00] [183/459] IMPM
[10:00:00] [184/459] SCMV
[10:00:01] [185/459] SPCT
[10:00:02] [186/459] JBCA
[10:00:03] [187/459] ATTR
[10:00:04] [188/459] SPMT
[10:00:05] [189/459] LCTM
[10:00:06] [190/459] SCVL
[10:00:06] [191/459] SCVT
[10:00:07] [192/459] KRIC
[10:00:08] [193/459] CTMG
[10:00:08] [194/459] ACNC
[10:00:09] [195/459] DMCK
[10:00:10] [196/459] KMTV
[10:00:11] [197/459] PFCJ
[10:00:12] [198/459] VNMD
[10:00:13] [199/459] VPCZ
[10:00:13] [200/459] SRYR
[10:00:14] [201/459] SYTR
[10:00:15] [202/459] GATR
[10:00:17] [203/459] URTR
[10:00:17] [204/459] MKSM
[10:00:18] [205/459] VSMH
[10:00:20] [206/459] SKRJ
[10:00:21] [207/459] SSJR
[10:00:22] [208/459] SVSM
[10:00:23] [209/459] RUCM
[10:00:24] [210/459] PRKN
[10:00:25] [211/459] RROH
[10:00:26] [212/459] SCTN
[10:00:27] [213/459] RTDM
[10:00:28] [214/459] ASRM
[10:00:29] [215/459] SKMD
[10:00:29] [216/459] SUTD
[10:00:30] [217/459] SADM
[10:00:31] [218/459] WCNR
[10:00:32] [219/459] CNED
[10:00:33] [220/459] MPDB
[10:00:34] [221/459] KTBH
[10:00:34] [222/459] IDRM
[10:00:35] [223/459] PJJT
[10:00:36] [224/459] PFCV
[10:00:37] [225/459] AACT
[10:00:38] [226/459] AAAD
[10:00:38] [227/459] ANES
[10:00:40] [228/459] MNCA
[10:00:41] [229/459] RMGU
[10:00:41] [230/459] DLCN
[10:00:42] [231/459] LJWT
[10:00:43] [232/459] MCBG
[10:00:44] [233/459] MYBG
[10:00:45] [234/459] GCCA
[10:00:46] [235/459] GCGA
[10:00:47] [236/459] ECGN
[10:00:49] [237/459] PRAB
[10:00:49] [238/459] PNMP
[10:00:50] [239/459] GCPT
[10:00:51] [240/459] ROYN
[10:00:52] [241/459] VATM
[10:00:53] [242/459] KSNT
[10:00:55] [243/459] ACTC
[10:00:56] [244/459] PLTD
[10:00:56] [245/459] SKMK
[10:00:57] [246/459] CMTT
[10:00:59] [247/459] SMXP
[10:01:00] [248/459] SCMX
[10:01:01] [249/459] ACXN
[10:01:01] [250/459] ASWT
[10:01:02] [251/459] VVVL
[10:01:03] [252/459] NAGO
[10:01:04] [253/459] SNCN
[10:01:05] [254/459] MCKP
[10:01:05] [255/459] SAMO
[10:01:06] [256/459] JBTV
[10:01:07] [257/459] DCVV
[10:01:08] [258/459] KMSV
[10:01:09] [259/459] KDCN
[10:01:10] [260/459] CNCP
[10:01:10] [261/459] HAMC
[10:01:11] [262/459] CCVZ
[10:01:13] [263/459] NCCK
[10:01:14] [264/459] MCHR
[10:01:15] [265/459] SCHT
[10:01:15] [266/459] ESSH
[10:01:16] [267/459] CUJC
[10:01:18] [268/459] PECP
[10:01:19] [269/459] PMMI
[10:01:20] [270/459] PCCH
[10:01:21] [271/459] PRPM
[10:01:22] [272/459] PVKL
[10:01:23] [273/459] CBSM
[10:01:24] [274/459] PVCZ
[10:01:25] [275/459] PCVV
[10:01:27] [276/459] CTMJ
[10:01:28] [277/459] RCPS
[10:01:28] [278/459] PCIT
[10:01:29] [279/459] FNCH
[10:01:30] [280/459] INZD
[10:01:31] [281/459] INPC
[10:01:32] [282/459] LCZP
[10:01:33] [283/459] SMCB
[10:01:33] [284/459] PTSB
[10:01:34] [285/459] TPSI
[10:01:35] [286/459] KHMJ
[10:01:36] [287/459] RCCJ
[10:01:37] [288/459] NCJA
[10:01:38] [289/459] NCJN
[10:01:39] [290/459] BTDP
[10:01:40] [291/459] PADY
[10:01:41] [292/459] NYBH
[10:01:42] [293/459] MTBR
[10:01:43] [294/459] KRBC
[10:01:44] [295/459] DKTI
[10:01:44] [296/459] ANAN
[10:01:45] [297/459] INBP
[10:01:46] [298/459] PATB
[10:01:47] [299/459] RGNT
[10:01:48] [300/459] CGPM
[10:01:49] [301/459] INTN
[10:01:50] [302/459] MCMP
[10:01:51] [303/459] ASRG
[10:01:52] [304/459] CXJD
[10:01:53] [305/459] SPCP
[10:01:54] [306/459] CSTP
[10:01:55] [307/459] PKVC
[10:01:56] [308/459] ESCP
[10:01:57] [309/459] CAEP
[10:01:58] [310/459] CCSP
[10:01:59] [311/459] KTPC
[10:02:00] [312/459] DACA
[10:02:01] [313/459] NVKY
[10:02:02] [314/459] PTIN
[10:02:03] [315/459] SCIN
[10:02:04] [316/459] MCTY
[10:02:05] [317/459] PCMX
[10:02:05] [318/459] INIC
[10:02:06] [319/459] MMZM
[10:02:07] [320/459] SSLP
[10:02:08] [321/459] DTDT
[10:02:09] [322/459] FFCX
[10:02:09] [323/459] RCMM
[10:02:10] [324/459] KYID
[10:02:11] [325/459] CSCI
[10:02:12] [326/459] FCMC
[10:02:13] [327/459] MMXI
[10:02:14] [328/459] ASTC
[10:02:14] [329/459] CMRA
[10:02:15] [330/459] DICI
[10:02:16] [331/459] KDIN
[10:02:17] [332/459] PRFI
[10:02:18] [333/459] SVFC
[10:02:18] [334/459] UCPL
[10:02:19] [335/459] COOC
[10:02:20] [336/459] SCAL
[10:02:21] [337/459] SVFF
[10:02:22] [338/459] VCMG
[10:02:22] [339/459] UUCT
[10:02:23] [340/459] GCSE
[10:02:24] [341/459] SUSC
[10:02:25] [342/459] MISC
[10:02:26] [343/459] RMBL
[10:02:26] [344/459] CMXN
[10:02:27] [345/459] PVBK
[10:02:28] [346/459] HHCG
[10:02:29] [347/459] SCAG
[10:02:30] [348/459] CNPR
[10:02:31] [349/459] CSER
[10:02:32] [350/459] HLWD
[10:02:32] [351/459] BOLY
[10:02:33] [352/459] SSPG
[10:02:34] [353/459] MUPX
[10:02:35] [354/459] HAMR
[10:02:36] [355/459] SDNC
[10:02:37] [356/459] RTEN
[10:02:37] [357/459] SDTD
[10:02:38] [358/459] KAWS
[10:02:39] [359/459] CMZX
[10:02:39] [360/459] DCDD
[10:02:40] [361/459] ALSN
[10:02:41] [362/459] IMXS
[10:02:42] [363/459] PVFF
[10:02:43] [364/459] PVOO
[10:02:44] [365/459] CFBS
[10:02:45] [366/459] PVER
[10:02:45] [367/459] PPNX
[10:02:46] [368/459] CNRM
[10:02:47] [369/459] PVWW
[10:02:48] [370/459] INMB
[10:02:49] [371/459] CPJR
[10:02:50] [372/459] INRZ
[10:02:50] [373/459] PMSR
[10:02:51] [374/459] GPGM
[10:02:52] [375/459] PGWB
[10:02:53] [376/459] PMBR
[10:02:54] [377/459] GPAM
[10:02:54] [378/459] INBC
[10:02:55] [379/459] PZVK
[10:02:57] [380/459] CPEB
[10:02:58] [381/459] FMLB
[10:03:00] [382/459] INBG
[10:03:01] [383/459] GPBR
[10:03:01] [384/459] PAAS
[10:03:02] [385/459] VTBR
[10:03:03] [386/459] GPMY
[10:03:04] [387/459] GYBU
[10:03:04] [388/459] INBJ
[10:03:05] [389/459] LKTH
[10:03:06] [390/459] NSBR
[10:03:07] [391/459] PDRD
[10:03:08] [392/459] VRBL
[10:03:08] [393/459] VTGB
[10:03:09] [394/459] VTSK
[10:03:10] [395/459] BKDV
[10:03:11] [396/459] SVTB
[10:03:12] [397/459] MLDT
[10:03:13] [398/459] NRBL
[10:03:14] [399/459] SLTR
[10:03:15] [400/459] VNKA
[10:03:16] [401/459] TDCA
[10:03:17] [402/459] INBM
[10:03:18] [403/459] SSNR
[10:03:18] [404/459] BHAC
[10:03:19] [405/459] SDSD
[10:03:20] [406/459] SAMP
[10:03:21] [407/459] RATK
[10:03:22] [408/459] KCBI
[10:03:22] [409/459] URBL
[10:03:23] [410/459] MKBG
[10:03:25] [411/459] ASTB
[10:03:26] [412/459] VBWT
[10:03:27] [413/459] GPSM
[10:03:28] [414/459] ROON
[10:03:28] [415/459] CHTH
[10:03:29] [416/459] SSPA
[10:03:30] [417/459] ANBL
[10:03:31] [418/459] VTBE
[10:03:32] [419/459] SVKT
[10:03:33] [420/459] SVYK
[10:03:34] [421/459] PTBK
[10:03:34] [422/459] RKTB
[10:03:35] [423/459] BALT
[10:03:36] [424/459] STSV
[10:03:37] [425/459] VCCB
[10:03:38] [426/459] SLTB
[10:03:39] [427/459] SBCR
[10:03:39] [428/459] VDCS
[10:03:40] [429/459] MDKI
[10:03:41] [430/459] SMRN
[10:03:42] [431/459] PTBC
[10:03:43] [432/459] RADI
[10:03:43] [433/459] ADCR
[10:03:44] [434/459] SDCS
[10:03:45] [435/459] SRPJ
[10:03:46] [436/459] ARTS
[10:03:47] [437/459] SRHK
[10:03:48] [438/459] SPAY
[10:03:49] [439/459] GPTB
[10:03:50] [440/459] SNNN
[10:03:51] [441/459] BALJ
[10:03:52] [442/459] TRIG
[10:03:53] [443/459] GTYT
[10:03:53] [444/459] ATGN
[10:03:54] [445/459] ANTE
[10:03:55] [446/459] BDCG
[10:03:56] [447/459] VECI
[10:03:57] [448/459] SCPR
[10:03:58] [449/459] RTEA
[10:03:58] [450/459] JSAI
[10:03:59] [451/459] VJTP
[10:04:00] [452/459] GNDS
[10:04:01] [453/459] PAXA
[10:04:02] [454/459] CGGM
[10:04:02] [455/459] ACKZ
[10:04:03] [456/459] EMCC
[10:04:04] [457/459] KLSK
[10:04:05] [458/459] AVCK
[10:04:05] [459/459] JTCK
[10:04:06] 🧹 Deduping shows
[10:04:06] ✅ DONE | Shows=424 | Movies=49
