[09:57:16] 🚀 SCRIPT STARTED
[09:57:16] [1/459] MBDC
[09:57:16] 🧠 New identity created
[09:57:17] [2/459] CHKM
[09:57:19] [3/459] JTKZ
[09:57:20] [4/459] CMCT
[09:57:21] [5/459] ASHO
[09:57:23] [6/459] ECDG
[09:57:24] [7/459] SPAT
[09:57:24] [8/459] HILC
[09:57:25] [9/459] SPPH
[09:57:26] [10/459] SBHN
[09:57:27] [11/459] RRCA
[09:57:28] [12/459] APAA
[09:57:28] [13/459] RAME
[09:57:29] [14/459] TMMS
[09:57:30] [15/459] BATK
[09:57:31] [16/459] LKOP
[09:57:32] [17/459] AMTT
[09:57:33] [18/459] PTGK
[09:57:35] [19/459] ANRS
[09:57:35] [20/459] VWBW
[09:57:36] [21/459] SVFG
[09:57:37] [22/459] STAT
[09:57:38] [23/459] GDCV
[09:57:39] [24/459] VEBI
[09:57:39] [25/459] VDSS
[09:57:40] [26/459] NTHV
[09:57:41] [27/459] AOCH
[09:57:42] [28/459] KASR
[09:57:43] [29/459] AYCS
[09:57:44] [30/459] SHAI
[09:57:45] [31/459] SKPE
[09:57:45] [32/459] SBTA
[09:57:46] [33/459] RTTD
[09:57:47] [34/459] CCJD
[09:57:48] [35/459] RSJJ
[09:57:49] [36/459] RKND
[09:57:50] [37/459] SVTX
[09:57:50] [38/459] BAKM
[09:57:51] [39/459] SVDC
[09:57:52] [40/459] MNCV
[09:57:53] [41/459] SJGC
[09:57:54] [42/459] MTPK
[09:57:56] [43/459] GATP
[09:57:57] [44/459] ABTS
[09:57:58] [45/459] ABDE
[09:57:59] [46/459] RCNM
[09:58:00] [47/459] KTHV
[09:58:01] [48/459] MDGJ
[09:58:01] [49/459] SMLM
[09:58:02] [50/459] JTMA
[09:58:03] [51/459] ACKP
[09:58:04] [52/459] SRTA
[09:58:05] [53/459] STAY
[09:58:06] [54/459] MAVO
[09:58:07] [55/459] APTS
[09:58:08] [56/459] OMEA
[09:58:09] [57/459] TTFD
[09:58:10] [58/459] MJCU
[09:58:11] [59/459] CXTE
[09:58:12] [60/459] CTPX
[09:58:13] [61/459] ASSL
[09:58:13] [62/459] CMVB
[09:58:14] [63/459] VPUR
[09:58:15] [64/459] JJDA
[09:58:16] [65/459] INBL
[09:58:17] [66/459] BIKB
[09:58:18] [67/459] NTBB
[09:58:19] [68/459] GLOB
[09:58:20] [69/459] SNTB
[09:58:21] [70/459] CHGV
[09:58:22] [71/459] SSBZ
[09:58:24] [72/459] PRDB
[09:58:25] [73/459] ISMT
[09:58:25] [74/459] MCSD
[09:58:26] [75/459] JBTT
[09:58:27] [76/459] GEKR
[09:58:28] [77/459] PVUN
[09:58:29] [78/459] NRTB
[09:58:30] [79/459] PRAA
[09:58:31] [80/459] PCBL
[09:58:32] [81/459] PTCM
[09:58:32] [82/459] KHNN
[09:58:33] [83/459] OMJE
[09:58:34] [84/459] STGN
[09:58:35] [85/459] RPMS
[09:58:35] [86/459] NWAD
[09:58:36] [87/459] BLCK
[09:58:37] [88/459] SVAA
[09:58:38] [89/459] URVM
[09:58:39] [90/459] ANTM
[09:58:40] [91/459] VJYM
[09:58:42] [92/459] MAZZ
[09:58:43] [93/459] CSHM
[09:58:43] [94/459] WGMH
[09:58:44] [95/459] SALN
[09:58:45] [96/459] BRTP
[09:58:46] [97/459] SVTA
[09:58:47] [98/459] SBTP
[09:58:49] [99/459] VLSS
[09:58:51] [100/459] SRJA
[09:58:52] [101/459] ANCG
[09:58:53] [102/459] CGGC
[09:58:54] [103/459] CRJA
[09:58:55] [104/459] USCR
[09:58:56] [105/459] MMEF
[09:58:57] [106/459] JCRJ
[09:58:57] [107/459] ADCM
[09:58:58] [108/459] BMYK
[09:58:59] [109/459] KICS
[09:59:00] [110/459] MBBT
[09:59:01] [111/459] MACK
[09:59:03] [112/459] CLDR
[09:59:03] [113/459] JYCR
[09:59:05] [114/459] DCRP
[09:59:06] [115/459] RAHT
[09:59:07] [116/459] CSSM
[09:59:07] [117/459] ATPK
[09:59:08] [118/459] KLRT
[09:59:09] [119/459] SRDD
[09:59:10] [120/459] CKMC
[09:59:11] [121/459] KRVM
[09:59:12] [122/459] AKCP
[09:59:13] [123/459] CNCV
[09:59:13] [124/459] PACT
[09:59:14] [125/459] NATP
[09:59:16] [126/459] PCPK
[09:59:17] [127/459] SMHO
[09:59:17] [128/459] CWTK
[09:59:18] [129/459] RVKZ
[09:59:19] [130/459] ASPD
[09:59:20] [131/459] VTKZ
[09:59:21] [132/459] LCSO
[09:59:22] [133/459] PRDY
[09:59:23] [134/459] RCAP
[09:59:24] [135/459] RGAR
[09:59:25] [136/459] RCAC
[09:59:26] [137/459] PMOD
[09:59:27] [138/459] PVCN
[09:59:28] [139/459] SCRZ
[09:59:29] [140/459] PVPC
[09:59:30] [141/459] STID
[09:59:31] [142/459] NEDD
[09:59:32] [143/459] BNBA
[09:59:32] [144/459] NTCD
[09:59:34] [145/459] OCDE
[09:59:36] [146/459] CCDU
[09:59:37] [147/459] CRXH
[09:59:38] [148/459] VLVT
[09:59:39] [149/459] CICI
[09:59:40] [150/459] SUCB
[09:59:41] [151/459] TCBP
[09:59:43] [152/459] SCCY
[09:59:43] [153/459] LXCY
[09:59:44] [154/459] NCMD
[09:59:45] [155/459] PHCS
[09:59:46] [156/459] DUXR
[09:59:47] [157/459] VNKS
[09:59:48] [158/459] SEDP
[09:59:48] [159/459] SVEN
[09:59:49] [160/459] SRKM
[09:59:50] [161/459] JTLT
[09:59:51] [162/459] SVSS
[09:59:52] [163/459] AMDE
[09:59:53] [164/459] WVRN
[09:59:54] [165/459] ISMG
[09:59:54] [166/459] WVKS
[09:59:56] [167/459] USCG
[09:59:57] [168/459] IOTG
[09:59:58] [169/459] RRJM
[09:59:58] [170/459] EDMP
[09:59:59] [171/459] SCGZ
[10:00:00] [172/459] GMGX
[10:00:01] [173/459] OMTP
[10:00:02] [174/459] MITD
[10:00:03] [175/459] SMMD
[10:00:05] [176/459] STML
[10:00:05] [177/459] MCFS
[10:00:06] [178/459] FPKA
[10:00:07] [179/459] OMLR
[10:00:08] [180/459] KKSC
[10:00:09] [181/459] RVMA
[10:00:09] [182/459] SCLL
[10:00:10] [183/459] SCDK
[10:00:12] [184/459] SXMI
[10:00:12] [185/459] SHDN
[10:00:14] [186/459] PAAD
[10:00:15] [187/459] UUCB
[10:00:16] [188/459] JHOL
[10:00:17] [189/459] SGWT
[10:00:18] [190/459] SRII
[10:00:19] [191/459] SGCK
[10:00:20] [192/459] SVVB
[10:00:21] [193/459] DMHA
[10:00:22] [194/459] PPNL
[10:00:23] [195/459] CPNL
[10:00:24] [196/459] WVLD
[10:00:24] [197/459] PSLV
[10:00:25] [198/459] VTTL
[10:00:26] [199/459] NPAD
[10:00:27] [200/459] PVCS
[10:00:28] [201/459] MCHL
[10:00:29] [202/459] PPLL
[10:00:30] [203/459] MALO
[10:00:31] [204/459] SWBH
[10:00:32] [205/459] PUGB
[10:00:32] [206/459] INBB
[10:00:33] [207/459] INNS
[10:00:34] [208/459] MCPT
[10:00:35] [209/459] SCMI
[10:00:36] [210/459] OCON
[10:00:37] [211/459] SCSM
[10:00:38] [212/459] RJVN
[10:00:38] [213/459] AMDK
[10:00:39] [214/459] ISMR
[10:00:40] [215/459] SMTD
[10:00:41] [216/459] VTDD
[10:00:42] [217/459] PDDZ
[10:00:43] [218/459] PCCK
[10:00:44] [219/459] INAM
[10:00:45] [220/459] FNKT
[10:00:45] [221/459] GDKA
[10:00:46] [222/459] MAYU
[10:00:47] [223/459] TCGU
[10:00:48] [224/459] KDCA
[10:00:48] [225/459] DOMY
[10:00:49] [226/459] PDDD
[10:00:50] [227/459] BJTS
[10:00:51] [228/459] VTCA
[10:00:52] [229/459] SBTM
[10:00:54] [230/459] SEET
[10:00:55] [231/459] SSTJ
[10:00:56] [232/459] SVNT
[10:00:57] [233/459] PPPR
[10:00:57] [234/459] PVYS
[10:00:58] [235/459] IOSE
[10:00:59] [236/459] ACTV
[10:01:00] [237/459] APVE
[10:01:01] [238/459] TCCL
[10:01:01] [239/459] SCMO
[10:01:02] [240/459] SAUM
[10:01:03] [241/459] KCJS
[10:01:04] [242/459] NJCJ
[10:01:04] [243/459] NECF
[10:01:05] [244/459] CCGW
[10:01:06] [245/459] CCMG
[10:01:07] [246/459] NYRG
[10:01:08] [247/459] NCSQ
[10:01:09] [248/459] GRCG
[10:01:10] [249/459] CCBT
[10:01:11] [250/459] ACGA
[10:01:11] [251/459] INAG
[10:01:12] [252/459] FUCG
[10:01:13] [253/459] AICF
[10:01:14] [254/459] GRGA
[10:01:15] [255/459] GDCN
[10:01:16] [256/459] RRCG
[10:01:17] [257/459] SDCH
[10:01:18] [258/459] WVJM
[10:01:18] [259/459] JCCZ
[10:01:19] [260/459] CNCL
[10:01:20] [261/459] TMLV
[10:01:21] [262/459] MEMB
[10:01:21] [263/459] SGTD
[10:01:22] [264/459] CONX
[10:01:24] [265/459] CCMH
[10:01:25] [266/459] ACMC
[10:01:26] [267/459] DTPD
[10:01:28] [268/459] POJA
[10:01:29] [269/459] FNBH
[10:01:30] [270/459] CGCB
[10:01:31] [271/459] RACN
[10:01:32] [272/459] JTSM
[10:01:33] [273/459] SCDN
[10:01:35] [274/459] AACK
[10:01:35] [275/459] RMCE
[10:01:36] [276/459] BSGB
[10:01:37] [277/459] MRCB
[10:01:38] [278/459] SRVR
[10:01:39] [279/459] VTKK
[10:01:40] [280/459] AMST
[10:01:40] [281/459] APCY
[10:01:42] [282/459] LMHO
[10:01:42] [283/459] MTZH
[10:01:43] [284/459] AMZB
[10:01:44] [285/459] SUVT
[10:01:45] [286/459] RCIP
[10:01:46] [287/459] KESR
[10:01:46] [288/459] SNKC
[10:01:47] [289/459] SCED
[10:01:48] [290/459] DVCA
[10:01:49] [291/459] VCDT
[10:01:49] [292/459] RRDI
[10:01:50] [293/459] DFCH
[10:01:51] [294/459] INSC
[10:01:52] [295/459] RGTR
[10:01:53] [296/459] FMOT
[10:01:54] [297/459] SCPM
[10:01:55] [298/459] GCDT
[10:01:56] [299/459] BRKT
[10:01:56] [300/459] DEMP
[10:01:57] [301/459] SRLC
[10:01:58] [302/459] KSTT
[10:01:59] [303/459] SMMT
[10:02:00] [304/459] SILM
[10:02:01] [305/459] JCVM
[10:02:02] [306/459] KCSV
[10:02:03] [307/459] MHLK
[10:02:04] [308/459] SLVL
[10:02:04] [309/459] RJKP
[10:02:05] [310/459] BBPC
[10:02:06] [311/459] MXCB
[10:02:07] [312/459] TCPK
[10:02:08] [313/459] RTBR
[10:02:09] [314/459] GAUT
[10:02:10] [315/459] DVCF
[10:02:11] [316/459] JTSB
[10:02:12] [317/459] SBLS
[10:02:12] [318/459] UDAY
[10:02:13] [319/459] PTNP
[10:02:14] [320/459] DMKT
[10:02:15] [321/459] NTDT
[10:02:16] [322/459] SHDJ
[10:02:17] [323/459] OTNC
[10:02:17] [324/459] RNTW
[10:02:18] [325/459] GCMI
[10:02:19] [326/459] CRCM
[10:02:21] [327/459] NNCZ
[10:02:22] [328/459] OEMO
[10:02:23] [329/459] PVJM
[10:02:23] [330/459] CPJI
[10:02:24] [331/459] RMCJ
[10:02:25] [332/459] CNWJ
[10:02:26] [333/459] EPJM
[10:02:27] [334/459] FNJJ
[10:02:27] [335/459] GCMJ
[10:02:28] [336/459] INPS
[10:02:29] [337/459] BICJ
[10:02:30] [338/459] ISTJ
[10:02:31] [339/459] INJC
[10:02:33] [340/459] GLXJ
[10:02:34] [341/459] INEM
[10:02:34] [342/459] JTMN
[10:02:35] [343/459] FRCJ
[10:02:36] [344/459] DDJP
[10:02:37] [345/459] INJV
[10:02:38] [346/459] GOLC
[10:02:39] [347/459] KOCI
[10:02:40] [348/459] FSTD
[10:02:41] [349/459] PACJ
[10:02:42] [350/459] GMCN
[10:02:43] [351/459] MMDJ
[10:02:43] [352/459] GODH
[10:02:44] [353/459] SKYN
[10:02:45] [354/459] NCTH
[10:02:46] [355/459] SKVZ
[10:02:47] [356/459] SVML
[10:02:47] [357/459] ACVZ
[10:02:48] [358/459] SURA
[10:02:50] [359/459] RTRB
[10:02:51] [360/459] LLCT
[10:02:52] [361/459] ATTS
[10:02:52] [362/459] JYCM
[10:02:53] [363/459] CTKR
[10:02:54] [364/459] LCKR
[10:02:55] [365/459] NYCV
[10:02:55] [366/459] NYOH
[10:02:56] [367/459] NOVX
[10:02:57] [368/459] MRGK
[10:02:58] [369/459] MOON
[10:02:59] [370/459] SBUC
[10:03:00] [371/459] GSVA
[10:03:01] [372/459] VIAK
[10:03:02] [373/459] SMVZ
[10:03:03] [374/459] MATE
[10:03:04] [375/459] RDCN
[10:03:05] [376/459] ASBL
[10:03:05] [377/459] ASVS
[10:03:06] [378/459] ASSR
[10:03:07] [379/459] SSKN
[10:03:08] [380/459] DRPV
[10:03:08] [381/459] MRHT
[10:03:10] [382/459] BSCN
[10:03:11] [383/459] RKNX
[10:03:12] [384/459] MSMC
[10:03:12] [385/459] MSCJ
[10:03:13] [386/459] BTBJ
[10:03:14] [387/459] MJCC
[10:03:15] [388/459] IOMM
[10:03:16] [389/459] ADGR
[10:03:17] [390/459] MYCP
[10:03:17] [391/459] IGCM
[10:03:18] [392/459] PGRK
[10:03:20] [393/459] VPGO
[10:03:21] [394/459] KOMS
[10:03:21] [395/459] URGG
[10:03:22] [396/459] GOST
[10:03:23] [397/459] LACT
[10:03:24] [398/459] BWCM
[10:03:25] [399/459] NCCW
[10:03:26] [400/459] SKYC
[10:03:27] [401/459] CCPM
[10:03:27] [402/459] VCBT
[10:03:28] [403/459] SDKR
[10:03:29] [404/459] CTYB
[10:03:30] [405/459] SHCX
[10:03:31] [406/459] RCUN
[10:03:31] [407/459] CNRA
[10:03:32] [408/459] RFCA
[10:03:33] [409/459] RDCU
[10:03:34] [410/459] SARK
[10:03:35] [411/459] SPPP
[10:03:35] [412/459] ADMB
[10:03:36] [413/459] JYOE
[10:03:37] [414/459] SRMD
[10:03:38] [415/459] RJDH
[10:03:40] [416/459] SSTD
[10:03:40] [417/459] AACV
[10:03:41] [418/459] PPVD
[10:03:42] [419/459] STCP
[10:03:43] [420/459] ANJR
[10:03:44] [421/459] ANLS
[10:03:45] [422/459] BIJO
[10:03:45] [423/459] AVAB
[10:03:46] [424/459] SPMD
[10:03:47] [425/459] SVJL
[10:03:49] [426/459] SDDJ
[10:03:49] [427/459] SLTU
[10:03:50] [428/459] SAKA
[10:03:51] [429/459] PMAM
[10:03:52] [430/459] FNAM
[10:03:53] [431/459] ACAM
[10:03:54] [432/459] SCMM
[10:03:55] [433/459] PMAK
[10:03:56] [434/459] NYSA
[10:03:57] [435/459] FCPA
[10:03:58] [436/459] GDAN
[10:03:58] [437/459] RSCA
[10:03:59] [438/459] DMAN
[10:04:00] [439/459] DZCM
[10:04:01] [440/459] NSGL
[10:04:02] [441/459] CCPP
[10:04:03] [442/459] PSMG
[10:04:04] [443/459] GSER
[10:04:05] [444/459] FCCT
[10:04:05] [445/459] FCTB
[10:04:06] [446/459] LCNK
[10:04:07] [447/459] SKTY
[10:04:08] [448/459] INAA
[10:04:08] [449/459] RCWN
[10:04:09] [450/459] VAIS
[10:04:10] [451/459] CVMN
[10:04:11] [452/459] INTS
[10:04:12] [453/459] FRGS
[10:04:13] [454/459] DTCK
[10:04:13] [455/459] MCMH
[10:04:14] [456/459] ECRR
[10:04:15] [457/459] RLLP
[10:04:16] [458/459] CCSN
[10:04:18] [459/459] CCBA
[10:04:19] 🧹 Deduping shows
[10:04:19] ✅ DONE | Shows=674 | Movies=67
