[09:57:10] 🚀 SCRIPT STARTED
[09:57:10] [1/459] FNDB
[09:57:10] 🧠 New identity created
[09:57:10] [2/459] AMBH
[09:57:11] [3/459] PRHN
[09:57:12] [4/459] ACPM
[09:57:13] [5/459] PVFS
[09:57:15] [6/459] AACN
[09:57:16] [7/459] ACAS
[09:57:17] [8/459] CTNR
[09:57:18] [9/459] MMAH
[09:57:19] [10/459] CPMH
[09:57:20] [11/459] IGMH
[09:57:21] [12/459] ABCS
[09:57:22] [13/459] CMMA
[09:57:23] [14/459] GPRH
[09:57:24] [15/459] PNNG
[09:57:25] [16/459] AMCA
[09:57:27] [17/459] ISTN
[09:57:27] [18/459] PIIC
[09:57:28] [19/459] AHMH
[09:57:29] [20/459] ASHN
[09:57:30] [21/459] INHY
[09:57:31] [22/459] SRMO
[09:57:32] [23/459] PIMH
[09:57:33] [24/459] PVTS
[09:57:34] [25/459] MMCA
[09:57:35] [26/459] AKYJ
[09:57:36] [27/459] BRKH
[09:57:37] [28/459] MAHM
[09:57:38] [29/459] CPHY
[09:57:39] [30/459] PVTP
[09:57:40] [31/459] SMMR
[09:57:40] [32/459] PVHM
[09:57:41] [33/459] SNDY
[09:57:43] [34/459] GOKU
[09:57:44] [35/459] ACEV
[09:57:45] [36/459] PVUM
[09:57:46] [37/459] VSWA
[09:57:46] [38/459] IPRS
[09:57:47] [39/459] ASGN
[09:57:48] [40/459] BKMV
[09:57:49] [41/459] PVYH
[09:57:50] [42/459] INKM
[09:57:51] [43/459] ARJU
[09:57:52] [44/459] JJPP
[09:57:53] [45/459] SSRM
[09:57:54] [46/459] HMHD
[09:57:55] [47/459] SNKH
[09:57:57] [48/459] ACHI
[09:57:57] [49/459] MRAA
[09:57:58] [50/459] INMH
[09:57:59] [51/459] ARMH
[09:58:00] [52/459] DVRR
[09:58:01] [53/459] SUDA
[09:58:01] [54/459] MCSS
[09:58:03] [55/459] VRKC
[09:58:04] [56/459] PRCX
[09:58:05] [57/459] ASJY
[09:58:06] [58/459] MTHY
[09:58:07] [59/459] SRCM
[09:58:08] [60/459] TVHY
[09:58:09] [61/459] STHD
[09:58:10] [62/459] CPCL
[09:58:11] [63/459] PSMJ
[09:58:11] [64/459] MRGT
[09:58:12] [65/459] ARYH
[09:58:13] [66/459] VTRB
[09:58:14] [67/459] SCHC
[09:58:15] [68/459] MRRG
[09:58:17] [69/459] SPCB
[09:58:18] [70/459] AMCM
[09:58:19] [71/459] IVNM
[09:58:20] [72/459] TRHY
[09:58:21] [73/459] PTTH
[09:58:22] [74/459] RKMH
[09:58:23] [75/459] PRCS
[09:58:24] [76/459] VAJA
[09:58:24] [77/459] BJNG
[09:58:25] [78/459] SCVM
[09:58:26] [79/459] GNHB
[09:58:27] [80/459] TLUR
[09:58:28] [81/459] UKCC
[09:58:29] [82/459] SRKR
[09:58:30] [83/459] RMKN
[09:58:30] [84/459] SLRT
[09:58:31] [85/459] LKMT
[09:58:33] [86/459] SSRJ
[09:58:34] [87/459] SPHT
[09:58:34] [88/459] ANTT
[09:58:35] [89/459] SRCH
[09:58:37] [90/459] SRCA
[09:58:38] [91/459] ARTH
[09:58:39] [92/459] MCBH
[09:58:40] [93/459] SNIB
[09:58:41] [94/459] SART
[09:58:42] [95/459] SKTA
[09:58:43] [96/459] YAKT
[09:58:43] [97/459] MLCK
[09:58:45] [98/459] ANTS
[09:58:45] [99/459] DGCA
[09:58:46] [100/459] SGMP
[09:58:47] [101/459] ASWN
[09:58:47] [102/459] KFVU
[09:58:48] [103/459] POOR
[09:58:49] [104/459] GKDN
[09:58:50] [105/459] EOSE
[09:58:51] [106/459] GTTT
[09:58:52] [107/459] ARRO
[09:58:53] [108/459] CMMK
[09:58:54] [109/459] MSCN
[09:58:55] [110/459] GDKH
[09:58:56] [111/459] DLMT
[09:58:57] [112/459] PVMF
[09:58:58] [113/459] CPCK
[09:58:58] [114/459] VMHE
[09:58:59] [115/459] PVLC
[09:59:00] [116/459] PCVB
[09:59:01] [117/459] SNYK
[09:59:01] [118/459] KTEK
[09:59:02] [119/459] PCNM
[09:59:03] [120/459] NTTR
[09:59:04] [121/459] CPSK
[09:59:04] [122/459] JMMA
[09:59:05] [123/459] GCFK
[09:59:06] [124/459] MYCA
[09:59:07] [125/459] KSNP
[09:59:08] [126/459] PMCE
[09:59:10] [127/459] SCKI
[09:59:11] [128/459] FSMA
[09:59:11] [129/459] CETA
[09:59:12] [130/459] MCIK
[09:59:13] [131/459] MYCR
[09:59:14] [132/459] EVMP
[09:59:15] [133/459] SSGT
[09:59:16] [134/459] KCTK
[09:59:17] [135/459] ZTKC
[09:59:18] [136/459] MMTA
[09:59:19] [137/459] MAJT
[09:59:20] [138/459] ACPK
[09:59:21] [139/459] JMAX
[09:59:22] [140/459] SETK
[09:59:22] [141/459] CAIS
[09:59:23] [142/459] AGCD
[09:59:24] [143/459] URCL
[09:59:25] [144/459] VTDS
[09:59:27] [145/459] JCNM
[09:59:27] [146/459] KCAM
[09:59:28] [147/459] ADCU
[09:59:29] [148/459] GXYN
[09:59:30] [149/459] SMJG
[09:59:31] [150/459] EYCJ
[09:59:31] [151/459] CCEJ
[09:59:32] [152/459] MARS
[09:59:33] [153/459] CPVJ
[09:59:34] [154/459] INVP
[09:59:35] [155/459] CPOV
[09:59:36] [156/459] VIJK
[09:59:36] [157/459] LAIM
[09:59:37] [158/459] STHV
[09:59:38] [159/459] SVLJ
[09:59:39] [160/459] ATVJ
[09:59:39] [161/459] JTSC
[09:59:40] [162/459] RMTV
[09:59:41] [163/459] MGGG
[09:59:42] [164/459] SWTH
[09:59:43] [165/459] INVJ
[09:59:44] [166/459] PRSV
[09:59:45] [167/459] JATV
[09:59:45] [168/459] RCVD
[09:59:47] [169/459] BDMA
[09:59:48] [170/459] BLJI
[09:59:49] [171/459] SWOT
[09:59:50] [172/459] SWRN
[09:59:51] [173/459] TVRA
[09:59:52] [174/459] VCSV
[09:59:53] [175/459] NVRN
[09:59:54] [176/459] SIKC
[09:59:55] [177/459] VAKR
[09:59:56] [178/459] SYLN
[09:59:57] [179/459] KLJL
[09:59:58] [180/459] LKMY
[09:59:59] [181/459] VSLY
[10:00:00] [182/459] CIKO
[10:00:01] [183/459] GPBG
[10:00:02] [184/459] CECM
[10:00:03] [185/459] SLKB
[10:00:03] [186/459] MTBO
[10:00:04] [187/459] SSHB
[10:00:05] [188/459] VPCS
[10:00:06] [189/459] RCSR
[10:00:07] [190/459] RJRM
[10:00:08] [191/459] KPPB
[10:00:09] [192/459] SEDC
[10:00:10] [193/459] SCAI
[10:00:11] [194/459] RMTR
[10:00:12] [195/459] ASST
[10:00:13] [196/459] GCAK
[10:00:13] [197/459] ANNK
[10:00:14] [198/459] KDDF
[10:00:15] [199/459] NRDP
[10:00:16] [200/459] PLAK
[10:00:17] [201/459] GCMC
[10:00:17] [202/459] ALPY
[10:00:18] [203/459] SICE
[10:00:19] [204/459] SISR
[10:00:20] [205/459] SRPZ
[10:00:21] [206/459] SRSW
[10:00:21] [207/459] SUYA
[10:00:22] [208/459] AMMT
[10:00:23] [209/459] BHCU
[10:00:24] [210/459] KLPA
[10:00:25] [211/459] NVKH
[10:00:26] [212/459] JMRC
[10:00:26] [213/459] KTTT
[10:00:27] [214/459] MAGH
[10:00:28] [215/459] MMMX
[10:00:30] [216/459] SALJ
[10:00:30] [217/459] GTJA
[10:00:31] [218/459] MAHT
[10:00:32] [219/459] SSNN
[10:00:33] [220/459] ARRP
[10:00:34] [221/459] ATNS
[10:00:34] [222/459] SKDT
[10:00:36] [223/459] ACAT
[10:00:37] [224/459] APRC
[10:00:38] [225/459] SWAG
[10:00:39] [226/459] SDPT
[10:00:40] [227/459] STPS
[10:00:41] [228/459] WWCZ
[10:00:42] [229/459] LLCH
[10:00:42] [230/459] MZHA
[10:00:43] [231/459] CRJG
[10:00:45] [232/459] JGTK
[10:00:46] [233/459] KCSR
[10:00:47] [234/459] CHTL
[10:00:48] [235/459] EDSR
[10:00:49] [236/459] CSWO
[10:00:50] [237/459] CPVM
[10:00:51] [238/459] MXBY
[10:00:52] [239/459] FMMA
[10:00:53] [240/459] POVI
[10:00:53] [241/459] MTHB
[10:00:54] [242/459] INRC
[10:00:55] [243/459] PIPP
[10:00:56] [244/459] BMXC
[10:00:57] [245/459] PCMM
[10:00:58] [246/459] PMKM
[10:00:59] [247/459] GATY
[10:01:00] [248/459] IMCM
[10:01:01] [249/459] POPE
[10:01:02] [250/459] MTCR
[10:01:03] [251/459] PVAE
[10:01:04] [252/459] PVMI
[10:01:04] [253/459] CPNM
[10:01:05] [254/459] FMRL
[10:01:06] [255/459] MCIW
[10:01:08] [256/459] MXBO
[10:01:08] [257/459] FMKY
[10:01:10] [258/459] FMDA
[10:01:11] [259/459] THAB
[10:01:12] [260/459] PRCW
[10:01:12] [261/459] PITI
[10:01:13] [262/459] MCFF
[10:01:14] [263/459] PDDV
[10:01:16] [264/459] MCRM
[10:01:17] [265/459] KKMB
[10:01:18] [266/459] INKO
[10:01:19] [267/459] PLXP
[10:01:20] [268/459] MMHA
[10:01:21] [269/459] FMVS
[10:01:22] [270/459] POLM
[10:01:23] [271/459] STER
[10:01:25] [272/459] PVWJ
[10:01:26] [273/459] IMJW
[10:01:26] [274/459] FNAN
[10:01:27] [275/459] CAGL
[10:01:28] [276/459] IPBG
[10:01:29] [277/459] SMFV
[10:01:30] [278/459] MMMR
[10:01:31] [279/459] MMWM
[10:01:32] [280/459] FNCM
[10:01:32] [281/459] MDVA
[10:01:33] [282/459] MMET
[10:01:34] [283/459] MIDO
[10:01:35] [284/459] INNP
[10:01:35] [285/459] MIFU
[10:01:36] [286/459] MMSZ
[10:01:37] [287/459] BMXA
[10:01:38] [288/459] MCAA
[10:01:39] [289/459] SCVP
[10:01:40] [290/459] PLUS
[10:01:41] [291/459] MUCK
[10:01:42] [292/459] MTMA
[10:01:43] [293/459] HPVR
[10:01:44] [294/459] PMPK
[10:01:45] [295/459] MAJB
[10:01:46] [296/459] CTRR
[10:01:47] [297/459] MCTG
[10:01:47] [298/459] MACE
[10:01:48] [299/459] AAAS
[10:01:49] [300/459] CPVV
[10:01:50] [301/459] RCHG
[10:01:51] [302/459] MCNE
[10:01:52] [303/459] EMNC
[10:01:53] [304/459] MCAN
[10:01:54] [305/459] TCDM
[10:01:55] [306/459] IRGT
[10:01:56] [307/459] GCMG
[10:01:57] [308/459] MXSN
[10:01:58] [309/459] MXCK
[10:01:58] [310/459] MCRC
[10:01:59] [311/459] RSMI
[10:02:00] [312/459] WAML
[10:02:01] [313/459] MTSC
[10:02:02] [314/459] FMDR
[10:02:03] [315/459] LEPV
[10:02:04] [316/459] MTGD
[10:02:05] [317/459] IMOB
[10:02:05] [318/459] CLMM
[10:02:06] [319/459] PZCD
[10:02:07] [320/459] GOCS
[10:02:08] [321/459] KCMA
[10:02:08] [322/459] CCMP
[10:02:09] [323/459] MTSU
[10:02:10] [324/459] SNGL
[10:02:11] [325/459] MMMC
[10:02:12] [326/459] MMAA
[10:02:13] [327/459] GCDM
[10:02:13] [328/459] KTMV
[10:02:14] [329/459] AETE
[10:02:15] [330/459] OMCS
[10:02:16] [331/459] GDCD
[10:02:17] [332/459] NYMD
[10:02:18] [333/459] RNCV
[10:02:18] [334/459] KKMT
[10:02:19] [335/459] GDTH
[10:02:20] [336/459] KMMV
[10:02:22] [337/459] NHCG
[10:02:23] [338/459] PJDW
[10:02:23] [339/459] MMCV
[10:02:24] [340/459] FQSA
[10:02:25] [341/459] KURL
[10:02:27] [342/459] NNNX
[10:02:28] [343/459] AMAU
[10:02:29] [344/459] VVVM
[10:02:30] [345/459] VECU
[10:02:31] [346/459] WCVR
[10:02:31] [347/459] MTGG
[10:02:32] [348/459] SGTG
[10:02:33] [349/459] MNTG
[10:02:34] [350/459] JDDG
[10:02:35] [351/459] MBTK
[10:02:36] [352/459] SGCD
[10:02:37] [353/459] MCTC
[10:02:40] [354/459] JTPC
[10:02:41] [355/459] SDKT
[10:02:42] [356/459] KRCC
[10:02:43] [357/459] RMMD
[10:02:43] [358/459] AAME
[10:02:44] [359/459] TMWC
[10:02:45] [360/459] NRWY
[10:02:46] [361/459] CITD
[10:02:48] [362/459] VERD
[10:02:49] [363/459] MKSK
[10:02:49] [364/459] STSM
[10:02:51] [365/459] MJDG
[10:02:51] [366/459] RKPM
[10:02:52] [367/459] SSCE
[10:02:53] [368/459] VMAE
[10:02:54] [369/459] SBRU
[10:02:55] [370/459] AMBC
[10:02:55] [371/459] AMLU
[10:02:57] [372/459] INVZ
[10:02:58] [373/459] LGTV
[10:03:00] [374/459] SVAD
[10:03:01] [375/459] SMSA
[10:03:01] [376/459] SPCZ
[10:03:02] [377/459] GTCX
[10:03:03] [378/459] SCSL
[10:03:04] [379/459] SAHU
[10:03:05] [380/459] NCDA
[10:03:06] [381/459] SCCG
[10:03:07] [382/459] VKTL
[10:03:08] [383/459] PUUJ
[10:03:09] [384/459] STEJ
[10:03:10] [385/459] RJAL
[10:03:10] [386/459] ACJC
[10:03:11] [387/459] VTHC
[10:03:12] [388/459] ARVB
[10:03:13] [389/459] AUBB
[10:03:14] [390/459] GDBR
[10:03:15] [391/459] PVND
[10:03:16] [392/459] BGRJ
[10:03:17] [393/459] RJMM
[10:03:17] [394/459] MCSA
[10:03:19] [395/459] BODA
[10:03:20] [396/459] JAGG
[10:03:20] [397/459] SCGA
[10:03:21] [398/459] LRCM
[10:03:22] [399/459] CPCN
[10:03:23] [400/459] SSTF
[10:03:23] [401/459] SRXP
[10:03:24] [402/459] CNFX
[10:03:25] [403/459] ANDI
[10:03:26] [404/459] SYEW
[10:03:27] [405/459] RCRE
[10:03:27] [406/459] SCRW
[10:03:28] [407/459] MBKR
[10:03:29] [408/459] ASNT
[10:03:30] [409/459] JTMT
[10:03:31] [410/459] SHAY
[10:03:32] [411/459] VRTH
[10:03:33] [412/459] SPTI
[10:03:33] [413/459] DPTD
[10:03:34] [414/459] TGSN
[10:03:35] [415/459] RCWV
[10:03:36] [416/459] OCUR
[10:03:37] [417/459] KSTC
[10:03:38] [418/459] SANI
[10:03:39] [419/459] MLCA
[10:03:40] [420/459] EGCA
[10:03:41] [421/459] SYSN
[10:03:42] [422/459] PKTA
[10:03:44] [423/459] PRCC
[10:03:45] [424/459] KSTR
[10:03:46] [425/459] SNTP
[10:03:47] [426/459] RCHA
[10:03:48] [427/459] SEEA
[10:03:49] [428/459] ALAT
[10:03:50] [429/459] AATV
[10:03:51] [430/459] RJTE
[10:03:51] [431/459] AAPP
[10:03:53] [432/459] PMMH
[10:03:54] [433/459] INRJ
[10:03:55] [434/459] SARB
[10:03:56] [435/459] PCJL
[10:03:57] [436/459] PFJJ
[10:03:58] [437/459] GRDC
[10:03:59] [438/459] BCBA
[10:04:00] [439/459] VIXL
[10:04:01] [440/459] CSTL
[10:04:01] [441/459] MTDK
[10:04:02] [442/459] TDAC
[10:04:03] [443/459] GTDN
[10:04:04] [444/459] TTDE
[10:04:05] [445/459] ASTS
[10:04:06] [446/459] CPNS
[10:04:07] [447/459] PVVW
[10:04:07] [448/459] USEB
[10:04:08] [449/459] DTYN
[10:04:09] [450/459] PVLE
[10:04:10] [451/459] CIPS
[10:04:10] [452/459] PAEG
[10:04:11] [453/459] PTCW
[10:04:12] [454/459] G3SR
[10:04:13] [455/459] PGND
[10:04:14] [456/459] INVM
[10:04:15] [457/459] SPIA
[10:04:16] [458/459] PCSN
[10:04:17] [459/459] PPGV
[10:04:18] 🧹 Deduping shows
[10:04:18] ✅ DONE | Shows=376 | Movies=40
