[09:57:12] 🚀 SCRIPT STARTED
[09:57:12] [1/324] GCTA
[09:57:12] 🧠 New identity created
[09:57:13] [2/324] TOPN
[09:57:14] [3/324] MCUS
[09:57:15] [4/324] SHRL
[09:57:16] [5/324] UPTP
[09:57:17] [6/324] TMMP
[09:57:17] [7/324] DNRP
[09:57:18] [8/324] SRLT
[09:57:19] [9/324] RCNS
[09:57:20] [10/324] DCBH
[09:57:21] [11/324] NAGJ
[09:57:22] [12/324] JVRC
[09:57:23] [13/324] KRJG
[09:57:24] [14/324] SRTJ
[09:57:25] [15/324] CMXM
[09:57:26] [16/324] STMI
[09:57:27] [17/324] SLST
[09:57:28] [18/324] DTCN
[09:57:29] [19/324] STYN
[09:57:30] [20/324] SZVR
[09:57:30] [21/324] SRKO
[09:57:31] [22/324] JTGT
[09:57:32] [23/324] SVFD
[09:57:33] [24/324] SISD
[09:57:34] [25/324] ABDD
[09:57:35] [26/324] DRCA
[09:57:36] [27/324] AVCS
[09:57:37] [28/324] MVKH
[09:57:38] [29/324] ACPR
[09:57:39] [30/324] STIP
[09:57:40] [31/324] MTRA
[09:57:41] [32/324] RMKH
[09:57:42] [33/324] NKRL
[09:57:43] [34/324] PCWN
[09:57:45] [35/324] BLMT
[09:57:45] [36/324] GDPG
[09:57:46] [37/324] SRMX
[09:57:47] [38/324] JACP
[09:57:48] [39/324] CPSH
[09:57:49] [40/324] MCCD
[09:57:50] [41/324] ECGH
[09:57:51] [42/324] MKCK
[09:57:52] [43/324] SRMM
[09:57:53] [44/324] SKYR
[09:57:54] [45/324] PCKC
[09:57:55] [46/324] JCMA
[09:57:56] [47/324] BSMP
[09:57:56] [48/324] VSPA
[09:57:57] [49/324] DJYA
[09:57:58] [50/324] DIMP
[09:57:59] [51/324] FXDR
[09:58:00] [52/324] SSRC
[09:58:01] [53/324] STHP
[09:58:02] [54/324] CPPD
[09:58:03] [55/324] FCLK
[09:58:05] [56/324] SCPP
[09:58:06] [57/324] DCMJ
[09:58:07] [58/324] RCCR
[09:58:08] [59/324] INMT
[09:58:09] [60/324] LXTK
[09:58:09] [61/324] SRYK
[09:58:10] [62/324] SGDK
[09:58:11] [63/324] PPKA
[09:58:12] [64/324] SPKA
[09:58:13] [65/324] CGHH
[09:58:14] [66/324] DCJN
[09:58:15] [67/324] SRKV
[09:58:16] [68/324] SAJC
[09:58:16] [69/324] SUSR
[09:58:17] [70/324] STYG
[09:58:18] [71/324] NTKP
[09:58:19] [72/324] AKTG
[09:58:20] [73/324] CGCM
[09:58:21] [74/324] TULC
[09:58:22] [75/324] NYYZ
[09:58:23] [76/324] NYBW
[09:58:24] [77/324] MACB
[09:58:25] [78/324] SLVT
[09:58:25] [79/324] SANA
[09:58:26] [80/324] ACMR
[09:58:27] [81/324] CPKN
[09:58:28] [82/324] DLGK
[09:58:29] [83/324] CWCK
[09:58:30] [84/324] FDDH
[09:58:30] [85/324] MMMD
[09:58:31] [86/324] CMEH
[09:58:33] [87/324] GGGV
[09:58:34] [88/324] SPJL
[09:58:35] [89/324] RCCD
[09:58:35] [90/324] STTZ
[09:58:36] [91/324] BTCF
[09:58:37] [92/324] TSTZ
[09:58:38] [93/324] IPMM
[09:58:39] [94/324] PMPW
[09:58:40] [95/324] PCMZ
[09:58:41] [96/324] ESEM
[09:58:41] [97/324] PIPO
[09:58:42] [98/324] MATK
[09:58:43] [99/324] PGHM
[09:58:45] [100/324] CTSR
[09:58:45] [101/324] CYKR
[09:58:46] [102/324] MSCM
[09:58:47] [103/324] RFNP
[09:58:48] [104/324] PDCP
[09:58:49] [105/324] NPSE
[09:58:49] [106/324] MKML
[09:58:50] [107/324] FTDP
[09:58:51] [108/324] MMXA
[09:58:52] [109/324] CEPO
[09:58:53] [110/324] CMVP
[09:58:54] [111/324] SGTH
[09:58:54] [112/324] SAYN
[09:58:56] [113/324] URVS
[09:58:57] [114/324] VJTN
[09:58:58] [115/324] BBYK
[09:58:58] [116/324] SHBO
[09:58:59] [117/324] VCMR
[09:59:01] [118/324] MACT
[09:59:02] [119/324] JMNP
[09:59:03] [120/324] VICS
[09:59:04] [121/324] VCDA
[09:59:05] [122/324] GCMM
[09:59:05] [123/324] INVS
[09:59:06] [124/324] SCGM
[09:59:07] [125/324] PCDA
[09:59:08] [126/324] KDCT
[09:59:09] [127/324] JACS
[09:59:10] [128/324] GMMC
[09:59:11] [129/324] AICM
[09:59:12] [130/324] TJCM
[09:59:13] [131/324] RMTI
[09:59:14] [132/324] SHAC
[09:59:15] [133/324] APJC
[09:59:16] [134/324] GCTG
[09:59:17] [135/324] SSMC
[09:59:18] [136/324] THRM
[09:59:19] [137/324] RBCT
[09:59:20] [138/324] DIKT
[09:59:21] [139/324] MIDL
[09:59:22] [140/324] VCSN
[09:59:23] [141/324] SKTG
[09:59:24] [142/324] SMWC
[09:59:25] [143/324] MNKH
[09:59:25] [144/324] PIAT
[09:59:27] [145/324] LTTP
[09:59:28] [146/324] PTPU
[09:59:29] [147/324] ACMG
[09:59:30] [148/324] SHMM
[09:59:31] [149/324] MCMN
[09:59:32] [150/324] GLDC
[09:59:33] [151/324] HOUT
[09:59:34] [152/324] SVRP
[09:59:35] [153/324] PVDN
[09:59:37] [154/324] SCPY
[09:59:38] [155/324] DTPY
[09:59:38] [156/324] GKCS
[09:59:39] [157/324] NCAM
[09:59:40] [158/324] BSRM
[09:59:41] [159/324] RCLC
[09:59:42] [160/324] SKKD
[09:59:43] [161/324] ACHU
[09:59:44] [162/324] RSCF
[09:59:45] [163/324] IMSH
[09:59:46] [164/324] MACX
[09:59:46] [165/324] HMMW
[09:59:47] [166/324] JTCP
[09:59:48] [167/324] SREN
[09:59:50] [168/324] PJRR
[09:59:51] [169/324] INAC
[09:59:51] [170/324] BMCA
[09:59:52] [171/324] SHCB
[09:59:54] [172/324] GABA
[09:59:55] [173/324] SBCT
[09:59:57] [174/324] GCMA
[09:59:58] [175/324] MYTK
[09:59:59] [176/324] INZS
[10:00:00] [177/324] RMIK
[10:00:00] [178/324] NYCH
[10:00:02] [179/324] RAVE
[10:00:02] [180/324] PSXM
[10:00:03] [181/324] MCGP
[10:00:04] [182/324] PDDK
[10:00:06] [183/324] SPCK
[10:00:07] [184/324] MCRL
[10:00:08] [185/324] MHKT
[10:00:08] [186/324] ANRR
[10:00:09] [187/324] SAPK
[10:00:10] [188/324] NCUK
[10:00:11] [189/324] JUGA
[10:00:12] [190/324] DBSC
[10:00:12] [191/324] LALK
[10:00:13] [192/324] GUCK
[10:00:15] [193/324] STSG
[10:00:15] [194/324] PPPZ
[10:00:16] [195/324] CNCY
[10:00:17] [196/324] MTAR
[10:00:18] [197/324] VNKD
[10:00:18] [198/324] KMAJ
[10:00:19] [199/324] ACXK
[10:00:20] [200/324] UTKC
[10:00:22] [201/324] PBLK
[10:00:22] [202/324] ACBX
[10:00:23] [203/324] PTGM
[10:00:24] [204/324] BTDA
[10:00:25] [205/324] PJMB
[10:00:26] [206/324] TPDA
[10:00:26] [207/324] AMOE
[10:00:27] [208/324] PRHT
[10:00:29] [209/324] PRTA
[10:00:30] [210/324] STAM
[10:00:31] [211/324] MSAA
[10:00:32] [212/324] SDLU
[10:00:33] [213/324] RCHH
[10:00:34] [214/324] KANT
[10:00:35] [215/324] FCRT
[10:00:36] [216/324] DNKM
[10:00:37] [217/324] RYCP
[10:00:38] [218/324] MYRP
[10:00:39] [219/324] PPAK
[10:00:41] [220/324] NVPK
[10:00:41] [221/324] PRMC
[10:00:42] [222/324] JBCS
[10:00:43] [223/324] GXCK
[10:00:44] [224/324] USKO
[10:00:45] [225/324] GTEM
[10:00:46] [226/324] SMBU
[10:00:47] [227/324] VETC
[10:00:48] [228/324] LCDA
[10:00:50] [229/324] MTVT
[10:00:50] [230/324] PYCP
[10:00:51] [231/324] PNSC
[10:00:52] [232/324] PPCC
[10:00:53] [233/324] TGRT
[10:00:54] [234/324] JYOT
[10:00:54] [235/324] SRCZ
[10:00:55] [236/324] SJTE
[10:00:56] [237/324] DESC
[10:00:57] [238/324] JHVN
[10:00:58] [239/324] IPSG
[10:00:59] [240/324] IPCM
[10:01:00] [241/324] PDRS
[10:01:01] [242/324] ANCV
[10:01:01] [243/324] CMVV
[10:01:02] [244/324] SHYP
[10:01:03] [245/324] DNCS
[10:01:05] [246/324] GAJK
[10:01:05] [247/324] AKTN
[10:01:06] [248/324] KAYA
[10:01:07] [249/324] SBRC
[10:01:08] [250/324] CHTP
[10:01:09] [251/324] SHRT
[10:01:10] [252/324] BCKU
[10:01:11] [253/324] FCPS
[10:01:12] [254/324] ARDD
[10:01:12] [255/324] CPCM
[10:01:14] [256/324] CGSM
[10:01:15] [257/324] PSMP
[10:01:15] [258/324] SDAL
[10:01:16] [259/324] RTNB
[10:01:17] [260/324] LMCR
[10:01:18] [261/324] CIMA
[10:01:19] [262/324] RNAS
[10:01:20] [263/324] LITH
[10:01:21] [264/324] PBOX
[10:01:22] [265/324] FRTS
[10:01:23] [266/324] RKIC
[10:01:24] [267/324] PTAI
[10:01:24] [268/324] GCIC
[10:01:26] [269/324] FNAS
[10:01:27] [270/324] SCAR
[10:01:27] [271/324] MTCA
[10:01:28] [272/324] SCTS
[10:01:29] [273/324] SYCS
[10:01:30] [274/324] RDMS
[10:01:30] [275/324] KAMP
[10:01:31] [276/324] ERSD
[10:01:32] [277/324] MJMJ
[10:01:33] [278/324] SRCJ
[10:01:34] [279/324] SCXE
[10:01:36] [280/324] SVFR
[10:01:37] [281/324] BHCS
[10:01:38] [282/324] IMCC
[10:01:38] [283/324] PCBO
[10:01:39] [284/324] PRVN
[10:01:40] [285/324] AUPM
[10:01:41] [286/324] INBW
[10:01:42] [287/324] SVCW
[10:01:42] [288/324] RKCF
[10:01:43] [289/324] UVBH
[10:01:44] [290/324] DNCY
[10:01:45] [291/324] ABCN
[10:01:46] [292/324] PRUR
[10:01:47] [293/324] PFMR
[10:01:48] [294/324] RKCN
[10:01:49] [295/324] CFEA
[10:01:50] [296/324] SDBG
[10:01:52] [297/324] SNAR
[10:01:53] [298/324] YISI
[10:01:55] [299/324] JCFF
[10:01:55] [300/324] VTRK
[10:01:56] [301/324] PCLZ
[10:01:57] [302/324] DIMY
[10:01:58] [303/324] BBTS
[10:01:59] [304/324] GATH
[10:02:00] [305/324] GTMN
[10:02:00] [306/324] VTMH
[10:02:02] [307/324] CCKP
[10:02:03] [308/324] GPKA
[10:02:04] [309/324] MHCL
[10:02:05] [310/324] ATCL
[10:02:06] [311/324] SBCK
[10:02:06] [312/324] AMMR
[10:02:07] [313/324] MADC
[10:02:09] [314/324] TMMA
[10:02:10] [315/324] CACC
[10:02:11] [316/324] CHAL
[10:02:12] [317/324] DURG
[10:02:13] [318/324] GMKU
[10:02:14] [319/324] GECA
[10:02:15] [320/324] KYRR
[10:02:15] [321/324] KSDE
[10:02:16] [322/324] LMCI
[10:02:18] [323/324] NKCP
[10:02:19] [324/324] BGTC
[10:02:20] 🧹 Deduping shows
[10:02:20] ✅ DONE | Shows=468 | Movies=44
