[10:02:47] 🚀 SCRIPT STARTED
[10:02:47] [1/445] TGMR
[10:02:47] 🧠 New identity created
[10:02:48] [2/445] CXKR
[10:02:49] [3/445] SROP
[10:02:50] [4/445] GTSV
[10:02:50] [5/445] SNTY
[10:02:51] [6/445] SMYY
[10:02:52] [7/445] CNCS
[10:02:53] [8/445] CSTM
[10:02:54] [9/445] NUCD
[10:02:55] [10/445] SHCZ
[10:02:56] [11/445] NJCT
[10:02:57] [12/445] COPC
[10:02:58] [13/445] STVV
[10:02:59] [14/445] SKRN
[10:03:00] [15/445] APPZ
[10:03:01] [16/445] YMGN
[10:03:02] [17/445] SVTU
[10:03:03] [18/445] GTAD
[10:03:03] [19/445] PSUS
[10:03:04] [20/445] SMCD
[10:03:05] [21/445] CMCM
[10:03:05] [22/445] SYCT
[10:03:06] [23/445] STLY
[10:03:07] [24/445] CMHU
[10:03:08] [25/445] CMSA
[10:03:09] [26/445] CLCU
[10:03:09] [27/445] PPNT
[10:03:10] [28/445] JTAB
[10:03:11] [29/445] BUUC
[10:03:12] [30/445] BSVK
[10:03:13] [31/445] VVVQ
[10:03:13] [32/445] TKMU
[10:03:14] [33/445] ESYL
[10:03:15] [34/445] ACHP
[10:03:15] [35/445] BTKD
[10:03:16] [36/445] DESA
[10:03:17] [37/445] GBCT
[10:03:18] [38/445] BLLD
[10:03:19] [39/445] SKNT
[10:03:20] [40/445] SSTE
[10:03:20] [41/445] VJMR
[10:03:22] [42/445] NTPU
[10:03:22] [43/445] RDKN
[10:03:23] [44/445] ADGC
[10:03:24] [45/445] VRBP
[10:03:24] [46/445] NMNA
[10:03:25] [47/445] CMMX
[10:03:26] [48/445] PTKO
[10:03:27] [49/445] RBML
[10:03:27] [50/445] SAIC
[10:03:28] [51/445] SVTJ
[10:03:30] [52/445] MRTE
[10:03:31] [53/445] RBTP
[10:03:31] [54/445] NLPS
[10:03:32] [55/445] GTNA
[10:03:33] [56/445] DGGC
[10:03:34] [57/445] SMCR
[10:03:35] [58/445] SCGD
[10:03:35] [59/445] SRRJ
[10:03:36] [60/445] CNRY
[10:03:37] [61/445] KTDI
[10:03:37] [62/445] SNJL
[10:03:38] [63/445] RKMD
[10:03:39] [64/445] SMDC
[10:03:40] [65/445] TADG
[10:03:41] [66/445] MCGS
[10:03:42] [67/445] PETK
[10:03:42] [68/445] CHAG
[10:03:43] [69/445] KSTL
[10:03:44] [70/445] AADS
[10:03:45] [71/445] NTHZ
[10:03:46] [72/445] HCKI
[10:03:46] [73/445] SSEF
[10:03:47] [74/445] MCGX
[10:03:48] [75/445] ERRA
[10:03:50] [76/445] SDTW
[10:03:50] [77/445] RMPK
[10:03:51] [78/445] PTHK
[10:03:52] [79/445] PXCS
[10:03:53] [80/445] SVLU
[10:03:54] [81/445] STAH
[10:03:55] [82/445] JRGF
[10:03:56] [83/445] CDOK
[10:03:57] [84/445] CMSG
[10:03:57] [85/445] APTD
[10:03:58] [86/445] KMPG
[10:03:59] [87/445] MUTJ
[10:04:00] [88/445] VCCI
[10:04:01] [89/445] URBE
[10:04:02] [90/445] TCTS
[10:04:03] [91/445] STSN
[10:04:04] [92/445] AKCH
[10:04:04] [93/445] APSC
[10:04:05] [94/445] VLTB
[10:04:07] [95/445] SANU
[10:04:07] [96/445] AXAM
[10:04:08] [97/445] MGMG
[10:04:09] [98/445] HTBY
[10:04:11] [99/445] MMZS
[10:04:11] [100/445] SUDR
[10:04:12] [101/445] CCAD
[10:04:13] [102/445] SKKC
[10:04:14] [103/445] RMCD
[10:04:16] [104/445] SBCQ
[10:04:17] [105/445] DCCT
[10:04:17] [106/445] VTKP
[10:04:18] [107/445] MLAM
[10:04:19] [108/445] SAVT
[10:04:20] [109/445] GEPL
[10:04:21] [110/445] AMCD
[10:04:22] [111/445] CCXR
[10:04:23] [112/445] GRNG
[10:04:24] [113/445] EBCA
[10:04:24] [114/445] CNVG
[10:04:25] [115/445] MWSS
[10:04:26] [116/445] VBOR
[10:04:26] [117/445] NEEB
[10:04:28] [118/445] SUTH
[10:04:29] [119/445] ANDB
[10:04:29] [120/445] MMXS
[10:04:30] [121/445] CNPD
[10:04:31] [122/445] SDCE
[10:04:32] [123/445] DHCB
[10:04:33] [124/445] ODEN
[10:04:33] [125/445] TNTC
[10:04:34] [126/445] VBKM
[10:04:35] [127/445] RZYM
[10:04:36] [128/445] JEMC
[10:04:37] [129/445] CMAU
[10:04:37] [130/445] SIVP
[10:04:38] [131/445] ATAG
[10:04:39] [132/445] CHTM
[10:04:40] [133/445] AAEE
[10:04:41] [134/445] IWPM
[10:04:42] [135/445] KCMW
[10:04:43] [136/445] MCTD
[10:04:44] [137/445] SPWR
[10:04:45] [138/445] SDPO
[10:04:46] [139/445] PCSK
[10:04:47] [140/445] ACHV
[10:04:48] [141/445] SVLA
[10:04:48] [142/445] PICT
[10:04:49] [143/445] BXDR
[10:04:50] [144/445] SPWA
[10:04:50] [145/445] MCKO
[10:04:52] [146/445] RTHK
[10:04:53] [147/445] CCMF
[10:04:54] [148/445] MRGB
[10:04:55] [149/445] CPLC
[10:04:56] [150/445] RACD
[10:04:57] [151/445] ATKT
[10:04:58] [152/445] SARN
[10:04:59] [153/445] KKUI
[10:05:00] [154/445] RGCM
[10:05:01] [155/445] BRVP
[10:05:02] [156/445] HRSR
[10:05:02] [157/445] GKGM
[10:05:03] [158/445] TTCD
[10:05:04] [159/445] PTTI
[10:05:05] [160/445] MPTT
[10:05:06] [161/445] CVTT
[10:05:07] [162/445] PCXD
[10:05:07] [163/445] GCDC
[10:05:08] [164/445] CCCF
[10:05:09] [165/445] MRAD
[10:05:10] [166/445] CPLK
[10:05:11] [167/445] SATB
[10:05:11] [168/445] SNVG
[10:05:12] [169/445] JMBA
[10:05:13] [170/445] TEJA
[10:05:14] [171/445] STYO
[10:05:15] [172/445] JTBP
[10:05:16] [173/445] KRGD
[10:05:16] [174/445] SLJJ
[10:05:17] [175/445] SPTJ
[10:05:18] [176/445] SWJG
[10:05:19] [177/445] LKRT
[10:05:20] [178/445] KCKA
[10:05:21] [179/445] SNCR
[10:05:22] [180/445] SMKL
[10:05:23] [181/445] GCFA
[10:05:23] [182/445] DDCK
[10:05:24] [183/445] NCHJ
[10:05:25] [184/445] RDMA
[10:05:25] [185/445] SVSV
[10:05:26] [186/445] SCJG
[10:05:27] [187/445] VKLP
[10:05:28] [188/445] NWCC
[10:05:29] [189/445] VKNS
[10:05:30] [190/445] SDDP
[10:05:31] [191/445] ACSI
[10:05:32] [192/445] SATG
[10:05:32] [193/445] SCMW
[10:05:33] [194/445] LKTK
[10:05:34] [195/445] VCKV
[10:05:35] [196/445] KKPE
[10:05:36] [197/445] KIGH
[10:05:37] [198/445] SRPM
[10:05:38] [199/445] SCAH
[10:05:38] [200/445] MUTA
[10:05:40] [201/445] SEPU
[10:05:41] [202/445] INOA
[10:05:41] [203/445] BASK
[10:05:42] [204/445] NECB
[10:05:43] [205/445] GTTG
[10:05:44] [206/445] ASSA
[10:05:45] [207/445] ANCL
[10:05:45] [208/445] GCTI
[10:05:46] [209/445] RCTS
[10:05:47] [210/445] ACNL
[10:05:48] [211/445] MYCT
[10:05:49] [212/445] NMHT
[10:05:50] [213/445] MDIT
[10:05:50] [214/445] LATG
[10:05:51] [215/445] SMTY
[10:05:52] [216/445] CVCT
[10:05:53] [217/445] RAMB
[10:05:53] [218/445] TGMS
[10:05:54] [219/445] BHEL
[10:05:55] [220/445] SHCT
[10:05:56] [221/445] SVCT
[10:05:57] [222/445] MRIY
[10:05:58] [223/445] SARO
[10:05:59] [224/445] STCT
[10:06:00] [225/445] JKKC
[10:06:01] [226/445] PLTT
[10:06:02] [227/445] SRNT
[10:06:03] [228/445] YAST
[10:06:04] [229/445] PERL
[10:06:05] [230/445] CICM
[10:06:06] [231/445] MMTR
[10:06:06] [232/445] ABTK
[10:06:07] [233/445] ATYY
[10:06:08] [234/445] ASTK
[10:06:09] [235/445] VVCK
[10:06:10] [236/445] ATKY
[10:06:10] [237/445] GWEK
[10:06:11] [238/445] SVFH
[10:06:12] [239/445] SLTA
[10:06:13] [240/445] AASH
[10:06:14] [241/445] ACXB
[10:06:15] [242/445] SMTX
[10:06:16] [243/445] AZDH
[10:06:17] [244/445] CMMH
[10:06:18] [245/445] SCSZ
[10:06:19] [246/445] SCKP
[10:06:20] [247/445] NXTM
[10:06:21] [248/445] NWCS
[10:06:21] [249/445] CXMH
[10:06:22] [250/445] PCMA
[10:06:23] [251/445] SGCM
[10:06:24] [252/445] SDTU
[10:06:24] [253/445] MMVI
[10:06:25] [254/445] JKCM
[10:06:26] [255/445] VCMM
[10:06:27] [256/445] SYEE
[10:06:28] [257/445] VASD
[10:06:29] [258/445] BDRB
[10:06:30] [259/445] LASM
[10:06:31] [260/445] DCRL
[10:06:32] [261/445] DVPM
[10:06:33] [262/445] SBMJ
[10:06:33] [263/445] CBMU
[10:06:34] [264/445] IUBS
[10:06:35] [265/445] INAP
[10:06:37] [266/445] SRRC
[10:06:37] [267/445] SAGR
[10:06:38] [268/445] CPMJ
[10:06:39] [269/445] ATJL
[10:06:40] [270/445] NNTD
[10:06:40] [271/445] JHCJ
[10:06:41] [272/445] CMMP
[10:06:42] [273/445] RSDR
[10:06:43] [274/445] AMTI
[10:06:44] [275/445] NYSG
[10:06:44] [276/445] AVSG
[10:06:45] [277/445] SYTP
[10:06:46] [278/445] LARC
[10:06:47] [279/445] RJTP
[10:06:48] [280/445] LAKC
[10:06:49] [281/445] MCXE
[10:06:50] [282/445] CCZC
[10:06:51] [283/445] AVCH
[10:06:51] [284/445] CMBE
[10:06:52] [285/445] MRRC
[10:06:53] [286/445] PCPY
[10:06:54] [287/445] SRMH
[10:06:55] [288/445] SVGS
[10:06:56] [289/445] PCSE
[10:06:57] [290/445] SVFT
[10:06:58] [291/445] TNZP
[10:06:59] [292/445] ICTP
[10:07:00] [293/445] ACTZ
[10:07:00] [294/445] GTUR
[10:07:01] [295/445] MAFC
[10:07:02] [296/445] MINL
[10:07:03] [297/445] MRCL
[10:07:04] [298/445] RCRP
[10:07:05] [299/445] RFFG
[10:07:05] [300/445] RMAS
[10:07:06] [301/445] INVR
[10:07:08] [302/445] RMAR
[10:07:08] [303/445] CNIS
[10:07:09] [304/445] RHRJ
[10:07:10] [305/445] INXR
[10:07:11] [306/445] VALT
[10:07:12] [307/445] LCSH
[10:07:13] [308/445] CMVS
[10:07:14] [309/445] CNMS
[10:07:14] [310/445] ROOG
[10:07:15] [311/445] ISRM
[10:07:16] [312/445] RCRM
[10:07:16] [313/445] ACJA
[10:07:17] [314/445] RCVS
[10:07:18] [315/445] CPUS
[10:07:19] [316/445] TGCS
[10:07:20] [317/445] RKCJ
[10:07:21] [318/445] MKSB
[10:07:22] [319/445] TCSJ
[10:07:23] [320/445] RMGP
[10:07:24] [321/445] CLLP
[10:07:25] [322/445] RCMV
[10:07:26] [323/445] CCKS
[10:07:26] [324/445] RSRP
[10:07:27] [325/445] APLP
[10:07:29] [326/445] CNVS
[10:07:29] [327/445] RMVY
[10:07:30] [328/445] PGBD
[10:07:31] [329/445] KLMS
[10:07:32] [330/445] RUST
[10:07:32] [331/445] MASM
[10:07:33] [332/445] BACS
[10:07:34] [333/445] BWST
[10:07:36] [334/445] RRFH
[10:07:37] [335/445] SJTM
[10:07:37] [336/445] BEMR
[10:07:38] [337/445] MCGR
[10:07:39] [338/445] SDSK
[10:07:40] [339/445] VBOL
[10:07:41] [340/445] RMGM
[10:07:42] [341/445] NOPL
[10:07:43] [342/445] MKJK
[10:07:43] [343/445] CVRN
[10:07:44] [344/445] MMEN
[10:07:45] [345/445] AMNG
[10:07:46] [346/445] INTM
[10:07:47] [347/445] SLCZ
[10:07:47] [348/445] AMJN
[10:07:48] [349/445] ACJN
[10:07:49] [350/445] AMKN
[10:07:50] [351/445] BTCN
[10:07:51] [352/445] AMBT
[10:07:51] [353/445] PACN
[10:07:52] [354/445] LCNS
[10:07:53] [355/445] PPKC
[10:07:54] [356/445] JYYN
[10:07:55] [357/445] JTNR
[10:07:56] [358/445] GTEE
[10:07:56] [359/445] SRNM
[10:07:57] [360/445] SDTC
[10:07:58] [361/445] VPCA
[10:07:59] [362/445] VLRA
[10:08:00] [363/445] SHKR
[10:08:01] [364/445] SBKD
[10:08:02] [365/445] SAAD
[10:08:02] [366/445] JTGN
[10:08:03] [367/445] SLAM
[10:08:04] [368/445] VTPM
[10:08:04] [369/445] ANPT
[10:08:06] [370/445] PUNB
[10:08:07] [371/445] CPKT
[10:08:07] [372/445] CNWE
[10:08:08] [373/445] ECPP
[10:08:09] [374/445] CPAR
[10:08:10] [375/445] ESBW
[10:08:11] [376/445] PKPU
[10:08:12] [377/445] CPRP
[10:08:13] [378/445] RAHU
[10:08:13] [379/445] RHMN
[10:08:14] [380/445] FMJP
[10:08:15] [381/445] CTMP
[10:08:16] [382/445] INPN
[10:08:17] [383/445] STTG
[10:08:17] [384/445] CTRD
[10:08:18] [385/445] PUVB
[10:08:19] [386/445] ESVP
[10:08:20] [387/445] CPFT
[10:08:21] [388/445] LCPC
[10:08:22] [389/445] VBCT
[10:08:23] [390/445] FSCW
[10:08:23] [391/445] VCMP
[10:08:24] [392/445] ASHC
[10:08:25] [393/445] VLCX
[10:08:26] [394/445] SHEV
[10:08:27] [395/445] APCO
[10:08:27] [396/445] SILC
[10:08:28] [397/445] SNMR
[10:08:30] [398/445] KYBO
[10:08:30] [399/445] SATK
[10:08:31] [400/445] SSCS
[10:08:32] [401/445] CLSB
[10:08:33] [402/445] KMJR
[10:08:34] [403/445] FSCK
[10:08:34] [404/445] NNKA
[10:08:35] [405/445] CLMK
[10:08:36] [406/445] DMPZ
[10:08:37] [407/445] INQM
[10:08:38] [408/445] CAML
[10:08:39] [409/445] INRK
[10:08:39] [410/445] IMKN
[10:08:40] [411/445] SVNR
[10:08:42] [412/445] INSL
[10:08:42] [413/445] MSMA
[10:08:43] [414/445] MCKK
[10:08:44] [415/445] FCHP
[10:08:45] [416/445] SFCR
[10:08:45] [417/445] NACK
[10:08:46] [418/445] PVAK
[10:08:48] [419/445] INER
[10:08:49] [420/445] RDBK
[10:08:50] [421/445] SVFN
[10:08:50] [422/445] IFRM
[10:08:51] [423/445] ATCK
[10:08:52] [424/445] ASKO
[10:08:53] [425/445] STKT
[10:08:54] [426/445] SVFB
[10:08:55] [427/445] INKS
[10:08:56] [428/445] PCRA
[10:08:56] [429/445] ATJA
[10:08:57] [430/445] IMJN
[10:08:58] [431/445] INHD
[10:08:59] [432/445] BARA
[10:09:00] [433/445] MCSL
[10:09:00] [434/445] RTOY
[10:09:01] [435/445] MENO
[10:09:02] [436/445] PUDM
[10:09:03] [437/445] PRCN
[10:09:04] [438/445] JMJR
[10:09:05] [439/445] SSGK
[10:09:05] [440/445] SSRL
[10:09:06] [441/445] JYKL
[10:09:07] [442/445] ACNB
[10:09:08] [443/445] SONP
[10:09:08] [444/445] EMCI
[10:09:09] [445/445] MRJH
[10:09:11] 🧹 Deduping shows
[10:09:11] ✅ DONE | Shows=156 | Movies=10
[16:43:02] 🚀 SCRIPT STARTED
[16:43:02] [1/445] TGMR
[16:43:02] 🧠 New identity created
[16:43:02] [2/445] CXKR
[16:43:03] [3/445] SROP
[16:43:04] [4/445] GTSV
[16:43:05] [5/445] SNTY
[16:43:05] [6/445] SMYY
[16:43:06] [7/445] CNCS
[16:43:07] [8/445] CSTM
[16:43:08] [9/445] NUCD
[16:43:09] [10/445] SHCZ
[16:43:09] [11/445] NJCT
[16:43:10] [12/445] COPC
[16:43:11] [13/445] STVV
[16:43:12] [14/445] SKRN
[16:43:13] [15/445] APPZ
[16:43:14] [16/445] YMGN
[16:43:15] [17/445] SVTU
[16:43:16] [18/445] GTAD
[16:43:17] [19/445] PSUS
[16:43:18] [20/445] SMCD
[16:43:19] [21/445] CMCM
[16:43:21] [22/445] SYCT
[16:43:21] [23/445] STLY
[16:43:23] [24/445] CMHU
[16:43:24] [25/445] CMSA
[16:43:25] [26/445] CLCU
[16:43:26] [27/445] PPNT
[16:43:26] [28/445] JTAB
[16:43:27] [29/445] BUUC
[16:43:28] [30/445] BSVK
[16:43:29] [31/445] VVVQ
[16:43:30] [32/445] TKMU
[16:43:31] [33/445] ESYL
[16:43:32] [34/445] ACHP
[16:43:33] [35/445] BTKD
[16:43:34] [36/445] DESA
[16:43:35] [37/445] GBCT
[16:43:36] [38/445] BLLD
[16:43:36] [39/445] SKNT
[16:43:37] [40/445] SSTE
[16:43:38] [41/445] VJMR
[16:43:39] [42/445] NTPU
[16:43:40] [43/445] RDKN
[16:43:41] [44/445] ADGC
[16:43:42] [45/445] VRBP
[16:43:42] [46/445] NMNA
[16:43:43] [47/445] CMMX
[16:43:44] [48/445] PTKO
[16:43:45] [49/445] RBML
[16:43:46] [50/445] SAIC
[16:43:47] [51/445] SVTJ
[16:43:48] [52/445] MRTE
[16:43:48] [53/445] RBTP
[16:43:49] [54/445] NLPS
[16:43:50] [55/445] GTNA
[16:43:52] [56/445] DGGC
[16:43:53] [57/445] SMCR
[16:43:54] [58/445] SCGD
[16:43:55] [59/445] SRRJ
[16:43:55] [60/445] CNRY
[16:43:57] [61/445] KTDI
[16:43:58] [62/445] SNJL
[16:43:59] [63/445] RKMD
[16:44:00] [64/445] SMDC
[16:44:00] [65/445] TADG
[16:44:02] [66/445] MCGS
[16:44:03] [67/445] PETK
[16:44:04] [68/445] CHAG
[16:44:05] [69/445] KSTL
[16:44:06] [70/445] AADS
[16:44:07] [71/445] NTHZ
[16:44:08] [72/445] HCKI
[16:44:09] [73/445] SSEF
[16:44:10] [74/445] MCGX
[16:44:12] [75/445] ERRA
[16:44:13] [76/445] SDTW
[16:44:13] [77/445] RMPK
[16:44:14] [78/445] PTHK
[16:44:15] [79/445] PXCS
[16:44:16] [80/445] SVLU
[16:44:17] [81/445] STAH
[16:44:17] [82/445] JRGF
[16:44:18] [83/445] CDOK
[16:44:19] [84/445] CMSG
[16:44:20] [85/445] APTD
[16:44:20] [86/445] KMPG
[16:44:21] [87/445] MUTJ
[16:44:22] [88/445] VCCI
[16:44:24] [89/445] URBE
[16:44:24] [90/445] TCTS
[16:44:25] [91/445] STSN
[16:44:26] [92/445] AKCH
[16:44:27] [93/445] APSC
[16:44:28] [94/445] VLTB
[16:44:29] [95/445] SANU
[16:44:30] [96/445] AXAM
[16:44:31] [97/445] MGMG
[16:44:32] [98/445] HTBY
[16:44:33] [99/445] MMZS
[16:44:34] [100/445] SUDR
[16:44:35] [101/445] CCAD
[16:44:36] [102/445] SKKC
[16:44:37] [103/445] RMCD
[16:44:38] [104/445] SBCQ
[16:44:38] [105/445] DCCT
[16:44:39] [106/445] VTKP
[16:44:41] [107/445] MLAM
[16:44:41] [108/445] SAVT
[16:44:43] [109/445] GEPL
[16:44:43] [110/445] AMCD
[16:44:44] [111/445] CCXR
[16:44:45] [112/445] GRNG
[16:44:46] [113/445] EBCA
[16:44:46] [114/445] CNVG
[16:44:47] [115/445] MWSS
[16:44:48] [116/445] VBOR
[16:44:49] [117/445] NEEB
[16:44:50] [118/445] SUTH
[16:44:50] [119/445] ANDB
[16:44:51] [120/445] MMXS
[16:44:52] [121/445] CNPD
[16:44:53] [122/445] SDCE
[16:44:54] [123/445] DHCB
[16:44:55] [124/445] ODEN
[16:44:56] [125/445] TNTC
[16:44:56] [126/445] VBKM
[16:44:57] [127/445] RZYM
[16:44:58] [128/445] JEMC
[16:44:59] [129/445] CMAU
[16:45:00] [130/445] SIVP
[16:45:01] [131/445] ATAG
[16:45:02] [132/445] CHTM
[16:45:02] [133/445] AAEE
[16:45:04] [134/445] IWPM
[16:45:05] [135/445] KCMW
[16:45:06] [136/445] MCTD
[16:45:07] [137/445] SPWR
[16:45:08] [138/445] SDPO
[16:45:09] [139/445] PCSK
[16:45:09] [140/445] ACHV
[16:45:10] [141/445] SVLA
[16:45:11] [142/445] PICT
[16:45:12] [143/445] BXDR
[16:45:12] [144/445] SPWA
[16:45:13] [145/445] MCKO
[16:45:14] [146/445] RTHK
[16:45:15] [147/445] CCMF
[16:45:16] [148/445] MRGB
[16:45:16] [149/445] CPLC
[16:45:17] [150/445] RACD
[16:45:18] [151/445] ATKT
[16:45:20] [152/445] SARN
[16:45:21] [153/445] KKUI
[16:45:22] [154/445] RGCM
[16:45:23] [155/445] BRVP
[16:45:24] [156/445] HRSR
[16:45:24] [157/445] GKGM
[16:45:25] [158/445] TTCD
[16:45:26] [159/445] PTTI
[16:45:27] [160/445] MPTT
[16:45:27] [161/445] CVTT
[16:45:28] [162/445] PCXD
[16:45:29] [163/445] GCDC
[16:45:30] [164/445] CCCF
[16:45:31] [165/445] MRAD
[16:45:32] [166/445] CPLK
[16:45:32] [167/445] SATB
[16:45:33] [168/445] SNVG
[16:45:34] [169/445] JMBA
[16:45:35] [170/445] TEJA
[16:45:36] [171/445] STYO
[16:45:36] [172/445] JTBP
[16:45:37] [173/445] KRGD
[16:45:38] [174/445] SLJJ
[16:45:39] [175/445] SPTJ
[16:45:40] [176/445] SWJG
[16:45:41] [177/445] LKRT
[16:45:41] [178/445] KCKA
[16:45:42] [179/445] SNCR
[16:45:43] [180/445] SMKL
[16:45:44] [181/445] GCFA
[16:45:45] [182/445] DDCK
[16:45:46] [183/445] NCHJ
[16:45:47] [184/445] RDMA
[16:45:48] [185/445] SVSV
[16:45:50] [186/445] SCJG
[16:45:50] [187/445] VKLP
[16:45:51] [188/445] NWCC
[16:45:52] [189/445] VKNS
[16:45:53] [190/445] SDDP
[16:45:54] [191/445] ACSI
[16:45:55] [192/445] SATG
[16:45:57] [193/445] SCMW
[16:45:58] [194/445] LKTK
[16:45:59] [195/445] VCKV
[16:46:00] [196/445] KKPE
[16:46:01] [197/445] KIGH
[16:46:02] [198/445] SRPM
[16:46:02] [199/445] SCAH
[16:46:03] [200/445] MUTA
[16:46:05] [201/445] SEPU
[16:46:05] [202/445] INOA
[16:46:06] [203/445] BASK
[16:46:07] [204/445] NECB
[16:46:08] [205/445] GTTG
[16:46:09] [206/445] ASSA
[16:46:10] [207/445] ANCL
[16:46:11] [208/445] GCTI
[16:46:11] [209/445] RCTS
[16:46:13] [210/445] ACNL
[16:46:13] [211/445] MYCT
[16:46:14] [212/445] NMHT
[16:46:15] [213/445] MDIT
[16:46:16] [214/445] LATG
[16:46:16] [215/445] SMTY
[16:46:17] [216/445] CVCT
[16:46:18] [217/445] RAMB
[16:46:19] [218/445] TGMS
[16:46:20] [219/445] BHEL
[16:46:20] [220/445] SHCT
[16:46:21] [221/445] SVCT
[16:46:22] [222/445] MRIY
[16:46:23] [223/445] SARO
[16:46:24] [224/445] STCT
[16:46:25] [225/445] JKKC
[16:46:26] [226/445] PLTT
[16:46:27] [227/445] SRNT
[16:46:27] [228/445] YAST
[16:46:29] [229/445] PERL
[16:46:30] [230/445] CICM
[16:46:31] [231/445] MMTR
[16:46:32] [232/445] ABTK
[16:46:32] [233/445] ATYY
[16:46:33] [234/445] ASTK
[16:46:34] [235/445] VVCK
[16:46:35] [236/445] ATKY
[16:46:36] [237/445] GWEK
[16:46:37] [238/445] SVFH
[16:46:38] [239/445] SLTA
[16:46:39] [240/445] AASH
[16:46:39] [241/445] ACXB
[16:46:40] [242/445] SMTX
[16:46:41] [243/445] AZDH
[16:46:42] [244/445] CMMH
[16:46:43] [245/445] SCSZ
[16:46:44] [246/445] SCKP
[16:46:44] [247/445] NXTM
[16:46:45] [248/445] NWCS
[16:46:46] [249/445] CXMH
[16:46:47] [250/445] PCMA
[16:46:48] [251/445] SGCM
[16:46:49] [252/445] SDTU
[16:46:50] [253/445] MMVI
[16:46:51] [254/445] JKCM
[16:46:52] [255/445] VCMM
[16:46:53] [256/445] SYEE
[16:46:53] [257/445] VASD
[16:46:54] [258/445] BDRB
[16:46:55] [259/445] LASM
[16:46:56] [260/445] DCRL
[16:46:57] [261/445] DVPM
[16:46:58] [262/445] SBMJ
[16:46:59] [263/445] CBMU
[16:46:59] [264/445] IUBS
[16:47:01] [265/445] INAP
[16:47:02] [266/445] SRRC
[16:47:02] [267/445] SAGR
[16:47:03] [268/445] CPMJ
[16:47:05] [269/445] ATJL
[16:47:05] [270/445] NNTD
[16:47:06] [271/445] JHCJ
[16:47:07] [272/445] CMMP
[16:47:08] [273/445] RSDR
[16:47:08] [274/445] AMTI
[16:47:09] [275/445] NYSG
[16:47:10] [276/445] AVSG
[16:47:11] [277/445] SYTP
[16:47:11] [278/445] LARC
[16:47:12] [279/445] RJTP
[16:47:13] [280/445] LAKC
[16:47:15] [281/445] MCXE
[16:47:16] [282/445] CCZC
[16:47:16] [283/445] AVCH
[16:47:17] [284/445] CMBE
[16:47:18] [285/445] MRRC
[16:47:19] [286/445] PCPY
[16:47:20] [287/445] SRMH
[16:47:20] [288/445] SVGS
[16:47:21] [289/445] PCSE
[16:47:22] [290/445] SVFT
[16:47:23] [291/445] TNZP
[16:47:24] [292/445] ICTP
[16:47:24] [293/445] ACTZ
[16:47:25] [294/445] GTUR
[16:47:26] [295/445] MAFC
[16:47:26] [296/445] MINL
[16:47:27] [297/445] MRCL
[16:47:28] [298/445] RCRP
[16:47:29] [299/445] RFFG
[16:47:30] [300/445] RMAS
[16:47:31] [301/445] INVR
[16:47:32] [302/445] RMAR
[16:47:32] [303/445] CNIS
[16:47:33] [304/445] RHRJ
[16:47:34] [305/445] INXR
[16:47:35] [306/445] VALT
[16:47:36] [307/445] LCSH
[16:47:37] [308/445] CMVS
[16:47:38] [309/445] CNMS
[16:47:38] [310/445] ROOG
[16:47:39] [311/445] ISRM
[16:47:40] [312/445] RCRM
[16:47:41] [313/445] ACJA
[16:47:42] [314/445] RCVS
[16:47:43] [315/445] CPUS
[16:47:43] [316/445] TGCS
[16:47:44] [317/445] RKCJ
[16:47:45] [318/445] MKSB
[16:47:46] [319/445] TCSJ
[16:47:47] [320/445] RMGP
[16:47:48] [321/445] CLLP
[16:47:48] [322/445] RCMV
[16:47:49] [323/445] CCKS
[16:47:50] [324/445] RSRP
[16:47:52] [325/445] APLP
[16:47:53] [326/445] CNVS
[16:47:53] [327/445] RMVY
[16:47:54] [328/445] PGBD
[16:47:55] [329/445] KLMS
[16:47:56] [330/445] RUST
[16:47:57] [331/445] MASM
[16:47:57] [332/445] BACS
[16:47:58] [333/445] BWST
[16:47:59] [334/445] RRFH
[16:48:00] [335/445] SJTM
[16:48:01] [336/445] BEMR
[16:48:02] [337/445] MCGR
[16:48:03] [338/445] SDSK
[16:48:04] [339/445] VBOL
[16:48:05] [340/445] RMGM
[16:48:06] [341/445] NOPL
[16:48:08] [342/445] MKJK
[16:48:08] [343/445] CVRN
[16:48:09] [344/445] MMEN
[16:48:10] [345/445] AMNG
[16:48:11] [346/445] INTM
[16:48:12] [347/445] SLCZ
[16:48:13] [348/445] AMJN
[16:48:14] [349/445] ACJN
[16:48:15] [350/445] AMKN
[16:48:16] [351/445] BTCN
[16:48:17] [352/445] AMBT
[16:48:17] [353/445] PACN
[16:48:18] [354/445] LCNS
[16:48:19] [355/445] PPKC
[16:48:20] [356/445] JYYN
[16:48:21] [357/445] JTNR
[16:48:21] [358/445] GTEE
[16:48:22] [359/445] SRNM
[16:48:23] [360/445] SDTC
[16:48:24] [361/445] VPCA
[16:48:25] [362/445] VLRA
[16:48:26] [363/445] SHKR
[16:48:27] [364/445] SBKD
[16:48:28] [365/445] SAAD
[16:48:29] [366/445] JTGN
[16:48:29] [367/445] SLAM
[16:48:31] [368/445] VTPM
[16:48:32] [369/445] ANPT
[16:48:32] [370/445] PUNB
[16:48:33] [371/445] CPKT
[16:48:34] [372/445] CNWE
[16:48:35] [373/445] ECPP
[16:48:36] [374/445] CPAR
[16:48:37] [375/445] ESBW
[16:48:38] [376/445] PKPU
[16:48:38] [377/445] CPRP
[16:48:39] [378/445] RAHU
[16:48:40] [379/445] RHMN
[16:48:41] [380/445] FMJP
[16:48:42] [381/445] CTMP
[16:48:43] [382/445] INPN
[16:48:44] [383/445] STTG
[16:48:45] [384/445] CTRD
[16:48:46] [385/445] PUVB
[16:48:47] [386/445] ESVP
[16:48:47] [387/445] CPFT
[16:48:48] [388/445] LCPC
[16:48:49] [389/445] VBCT
[16:48:50] [390/445] FSCW
[16:48:51] [391/445] VCMP
[16:48:52] [392/445] ASHC
[16:48:53] [393/445] VLCX
[16:48:53] [394/445] SHEV
[16:48:54] [395/445] APCO
[16:48:55] [396/445] SILC
[16:48:56] [397/445] SNMR
[16:48:58] [398/445] KYBO
[16:48:59] [399/445] SATK
[16:48:59] [400/445] SSCS
[16:49:00] [401/445] CLSB
[16:49:01] [402/445] KMJR
[16:49:02] [403/445] FSCK
[16:49:04] [404/445] NNKA
[16:49:04] [405/445] CLMK
[16:49:05] [406/445] DMPZ
[16:49:06] [407/445] INQM
[16:49:08] [408/445] CAML
[16:49:08] [409/445] INRK
[16:49:09] [410/445] IMKN
[16:49:10] [411/445] SVNR
[16:49:11] [412/445] INSL
[16:49:12] [413/445] MSMA
[16:49:13] [414/445] MCKK
[16:49:14] [415/445] FCHP
[16:49:14] [416/445] SFCR
[16:49:15] [417/445] NACK
[16:49:16] [418/445] PVAK
[16:49:17] [419/445] INER
[16:49:18] [420/445] RDBK
[16:49:19] [421/445] SVFN
[16:49:19] [422/445] IFRM
[16:49:20] [423/445] ATCK
[16:49:21] [424/445] ASKO
[16:49:22] [425/445] STKT
[16:49:24] [426/445] SVFB
[16:49:25] [427/445] INKS
[16:49:25] [428/445] PCRA
[16:49:26] [429/445] ATJA
[16:49:28] [430/445] IMJN
[16:49:28] [431/445] INHD
[16:49:29] [432/445] BARA
[16:49:31] [433/445] MCSL
[16:49:31] [434/445] RTOY
[16:49:32] [435/445] MENO
[16:49:33] [436/445] PUDM
[16:49:34] [437/445] PRCN
[16:49:35] [438/445] JMJR
[16:49:36] [439/445] SSGK
[16:49:37] [440/445] SSRL
[16:49:38] [441/445] JYKL
[16:49:38] [442/445] ACNB
[16:49:39] [443/445] SONP
[16:49:40] [444/445] EMCI
[16:49:41] [445/445] MRJH
[16:49:42] 🧹 Deduping shows
[16:49:42] ✅ DONE | Shows=247 | Movies=18
