[10:02:44] 🚀 SCRIPT STARTED
[10:02:44] [1/459] MBDC
[10:02:44] 🧠 New identity created
[10:02:45] [2/459] CHKM
[10:02:46] [3/459] JTKZ
[10:02:46] [4/459] CMCT
[10:02:47] [5/459] ASHO
[10:02:48] [6/459] ECDG
[10:02:49] [7/459] SPAT
[10:02:50] [8/459] HILC
[10:02:51] [9/459] SPPH
[10:02:52] [10/459] SBHN
[10:02:52] [11/459] RRCA
[10:02:53] [12/459] APAA
[10:02:54] [13/459] RAME
[10:02:55] [14/459] TMMS
[10:02:56] [15/459] BATK
[10:02:57] [16/459] LKOP
[10:02:58] [17/459] AMTT
[10:02:59] [18/459] PTGK
[10:03:00] [19/459] ANRS
[10:03:00] [20/459] VWBW
[10:03:01] [21/459] SVFG
[10:03:02] [22/459] STAT
[10:03:03] [23/459] GDCV
[10:03:04] [24/459] VEBI
[10:03:04] [25/459] VDSS
[10:03:05] [26/459] NTHV
[10:03:06] [27/459] AOCH
[10:03:07] [28/459] KASR
[10:03:08] [29/459] AYCS
[10:03:09] [30/459] SHAI
[10:03:10] [31/459] SKPE
[10:03:11] [32/459] SBTA
[10:03:12] [33/459] RTTD
[10:03:13] [34/459] CCJD
[10:03:14] [35/459] RSJJ
[10:03:15] [36/459] RKND
[10:03:17] [37/459] SVTX
[10:03:18] [38/459] BAKM
[10:03:19] [39/459] SVDC
[10:03:20] [40/459] MNCV
[10:03:21] [41/459] SJGC
[10:03:22] [42/459] MTPK
[10:03:22] [43/459] GATP
[10:03:23] [44/459] ABTS
[10:03:24] [45/459] ABDE
[10:03:25] [46/459] RCNM
[10:03:26] [47/459] KTHV
[10:03:27] [48/459] MDGJ
[10:03:28] [49/459] SMLM
[10:03:29] [50/459] JTMA
[10:03:30] [51/459] ACKP
[10:03:30] [52/459] SRTA
[10:03:31] [53/459] STAY
[10:03:32] [54/459] MAVO
[10:03:33] [55/459] APTS
[10:03:34] [56/459] OMEA
[10:03:35] [57/459] TTFD
[10:03:35] [58/459] MJCU
[10:03:36] [59/459] CXTE
[10:03:37] [60/459] CTPX
[10:03:38] [61/459] ASSL
[10:03:39] [62/459] CMVB
[10:03:40] [63/459] VPUR
[10:03:41] [64/459] JJDA
[10:03:42] [65/459] INBL
[10:03:42] [66/459] BIKB
[10:03:43] [67/459] NTBB
[10:03:44] [68/459] GLOB
[10:03:45] [69/459] SNTB
[10:03:45] [70/459] CHGV
[10:03:46] [71/459] SSBZ
[10:03:47] [72/459] PRDB
[10:03:48] [73/459] ISMT
[10:03:50] [74/459] MCSD
[10:03:50] [75/459] JBTT
[10:03:51] [76/459] GEKR
[10:03:52] [77/459] PVUN
[10:03:53] [78/459] NRTB
[10:03:54] [79/459] PRAA
[10:03:55] [80/459] PCBL
[10:03:56] [81/459] PTCM
[10:03:57] [82/459] KHNN
[10:03:58] [83/459] OMJE
[10:03:59] [84/459] STGN
[10:03:59] [85/459] RPMS
[10:04:00] [86/459] NWAD
[10:04:01] [87/459] BLCK
[10:04:02] [88/459] SVAA
[10:04:02] [89/459] URVM
[10:04:03] [90/459] ANTM
[10:04:04] [91/459] VJYM
[10:04:05] [92/459] MAZZ
[10:04:05] [93/459] CSHM
[10:04:06] [94/459] WGMH
[10:04:07] [95/459] SALN
[10:04:08] [96/459] BRTP
[10:04:09] [97/459] SVTA
[10:04:11] [98/459] SBTP
[10:04:11] [99/459] VLSS
[10:04:12] [100/459] SRJA
[10:04:13] [101/459] ANCG
[10:04:14] [102/459] CGGC
[10:04:16] [103/459] CRJA
[10:04:16] [104/459] USCR
[10:04:18] [105/459] MMEF
[10:04:19] [106/459] JCRJ
[10:04:20] [107/459] ADCM
[10:04:21] [108/459] BMYK
[10:04:21] [109/459] KICS
[10:04:22] [110/459] MBBT
[10:04:23] [111/459] MACK
[10:04:24] [112/459] CLDR
[10:04:25] [113/459] JYCR
[10:04:25] [114/459] DCRP
[10:04:26] [115/459] RAHT
[10:04:27] [116/459] CSSM
[10:04:28] [117/459] ATPK
[10:04:28] [118/459] KLRT
[10:04:29] [119/459] SRDD
[10:04:30] [120/459] CKMC
[10:04:31] [121/459] KRVM
[10:04:32] [122/459] AKCP
[10:04:33] [123/459] CNCV
[10:04:34] [124/459] PACT
[10:04:35] [125/459] NATP
[10:04:36] [126/459] PCPK
[10:04:37] [127/459] SMHO
[10:04:38] [128/459] CWTK
[10:04:39] [129/459] RVKZ
[10:04:40] [130/459] ASPD
[10:04:40] [131/459] VTKZ
[10:04:41] [132/459] LCSO
[10:04:42] [133/459] PRDY
[10:04:43] [134/459] RCAP
[10:04:44] [135/459] RGAR
[10:04:44] [136/459] RCAC
[10:04:45] [137/459] PMOD
[10:04:46] [138/459] PVCN
[10:04:47] [139/459] SCRZ
[10:04:49] [140/459] PVPC
[10:04:49] [141/459] STID
[10:04:50] [142/459] NEDD
[10:04:51] [143/459] BNBA
[10:04:52] [144/459] NTCD
[10:04:53] [145/459] OCDE
[10:04:53] [146/459] CCDU
[10:04:54] [147/459] CRXH
[10:04:55] [148/459] VLVT
[10:04:56] [149/459] CICI
[10:04:57] [150/459] SUCB
[10:04:58] [151/459] TCBP
[10:04:58] [152/459] SCCY
[10:04:59] [153/459] LXCY
[10:05:00] [154/459] NCMD
[10:05:01] [155/459] PHCS
[10:05:02] [156/459] DUXR
[10:05:03] [157/459] VNKS
[10:05:04] [158/459] SEDP
[10:05:04] [159/459] SVEN
[10:05:05] [160/459] SRKM
[10:05:06] [161/459] JTLT
[10:05:07] [162/459] SVSS
[10:05:08] [163/459] AMDE
[10:05:08] [164/459] WVRN
[10:05:09] [165/459] ISMG
[10:05:10] [166/459] WVKS
[10:05:11] [167/459] USCG
[10:05:12] [168/459] IOTG
[10:05:13] [169/459] RRJM
[10:05:14] [170/459] EDMP
[10:05:14] [171/459] SCGZ
[10:05:15] [172/459] GMGX
[10:05:16] [173/459] OMTP
[10:05:17] [174/459] MITD
[10:05:17] [175/459] SMMD
[10:05:18] [176/459] STML
[10:05:20] [177/459] MCFS
[10:05:21] [178/459] FPKA
[10:05:21] [179/459] OMLR
[10:05:22] [180/459] KKSC
[10:05:23] [181/459] RVMA
[10:05:24] [182/459] SCLL
[10:05:25] [183/459] SCDK
[10:05:26] [184/459] SXMI
[10:05:27] [185/459] SHDN
[10:05:27] [186/459] PAAD
[10:05:28] [187/459] UUCB
[10:05:29] [188/459] JHOL
[10:05:30] [189/459] SGWT
[10:05:31] [190/459] SRII
[10:05:32] [191/459] SGCK
[10:05:33] [192/459] SVVB
[10:05:33] [193/459] DMHA
[10:05:34] [194/459] PPNL
[10:05:35] [195/459] CPNL
[10:05:36] [196/459] WVLD
[10:05:38] [197/459] PSLV
[10:05:39] [198/459] VTTL
[10:05:39] [199/459] NPAD
[10:05:40] [200/459] PVCS
[10:05:41] [201/459] MCHL
[10:05:42] [202/459] PPLL
[10:05:43] [203/459] MALO
[10:05:43] [204/459] SWBH
[10:05:44] [205/459] PUGB
[10:05:45] [206/459] INBB
[10:05:46] [207/459] INNS
[10:05:47] [208/459] MCPT
[10:05:47] [209/459] SCMI
[10:05:48] [210/459] OCON
[10:05:49] [211/459] SCSM
[10:05:50] [212/459] RJVN
[10:05:51] [213/459] AMDK
[10:05:52] [214/459] ISMR
[10:05:53] [215/459] SMTD
[10:05:54] [216/459] VTDD
[10:05:55] [217/459] PDDZ
[10:05:56] [218/459] PCCK
[10:05:57] [219/459] INAM
[10:05:58] [220/459] FNKT
[10:05:59] [221/459] GDKA
[10:05:59] [222/459] MAYU
[10:06:00] [223/459] TCGU
[10:06:01] [224/459] KDCA
[10:06:02] [225/459] DOMY
[10:06:03] [226/459] PDDD
[10:06:04] [227/459] BJTS
[10:06:04] [228/459] VTCA
[10:06:05] [229/459] SBTM
[10:06:06] [230/459] SEET
[10:06:07] [231/459] SSTJ
[10:06:08] [232/459] SVNT
[10:06:08] [233/459] PPPR
[10:06:10] [234/459] PVYS
[10:06:11] [235/459] IOSE
[10:06:11] [236/459] ACTV
[10:06:13] [237/459] APVE
[10:06:14] [238/459] TCCL
[10:06:15] [239/459] SCMO
[10:06:16] [240/459] SAUM
[10:06:16] [241/459] KCJS
[10:06:17] [242/459] NJCJ
[10:06:19] [243/459] NECF
[10:06:19] [244/459] CCGW
[10:06:20] [245/459] CCMG
[10:06:22] [246/459] NYRG
[10:06:23] [247/459] NCSQ
[10:06:23] [248/459] GRCG
[10:06:24] [249/459] CCBT
[10:06:25] [250/459] ACGA
[10:06:25] [251/459] INAG
[10:06:26] [252/459] FUCG
[10:06:27] [253/459] AICF
[10:06:28] [254/459] GRGA
[10:06:28] [255/459] GDCN
[10:06:29] [256/459] RRCG
[10:06:30] [257/459] SDCH
[10:06:30] [258/459] WVJM
[10:06:32] [259/459] JCCZ
[10:06:33] [260/459] CNCL
[10:06:34] [261/459] TMLV
[10:06:35] [262/459] MEMB
[10:06:36] [263/459] SGTD
[10:06:37] [264/459] CONX
[10:06:37] [265/459] CCMH
[10:06:38] [266/459] ACMC
[10:06:39] [267/459] DTPD
[10:06:40] [268/459] POJA
[10:06:41] [269/459] FNBH
[10:06:42] [270/459] CGCB
[10:06:43] [271/459] RACN
[10:06:44] [272/459] JTSM
[10:06:44] [273/459] SCDN
[10:06:45] [274/459] AACK
[10:06:46] [275/459] RMCE
[10:06:47] [276/459] BSGB
[10:06:48] [277/459] MRCB
[10:06:49] [278/459] SRVR
[10:06:50] [279/459] VTKK
[10:06:51] [280/459] AMST
[10:06:51] [281/459] APCY
[10:06:52] [282/459] LMHO
[10:06:53] [283/459] MTZH
[10:06:54] [284/459] AMZB
[10:06:55] [285/459] SUVT
[10:06:55] [286/459] RCIP
[10:06:56] [287/459] KESR
[10:06:57] [288/459] SNKC
[10:06:57] [289/459] SCED
[10:06:58] [290/459] DVCA
[10:06:59] [291/459] VCDT
[10:07:00] [292/459] RRDI
[10:07:01] [293/459] DFCH
[10:07:02] [294/459] INSC
[10:07:03] [295/459] RGTR
[10:07:04] [296/459] FMOT
[10:07:05] [297/459] SCPM
[10:07:06] [298/459] GCDT
[10:07:06] [299/459] BRKT
[10:07:07] [300/459] DEMP
[10:07:08] [301/459] SRLC
[10:07:09] [302/459] KSTT
[10:07:10] [303/459] SMMT
[10:07:10] [304/459] SILM
[10:07:11] [305/459] JCVM
[10:07:12] [306/459] KCSV
[10:07:13] [307/459] MHLK
[10:07:14] [308/459] SLVL
[10:07:15] [309/459] RJKP
[10:07:15] [310/459] BBPC
[10:07:16] [311/459] MXCB
[10:07:17] [312/459] TCPK
[10:07:19] [313/459] RTBR
[10:07:19] [314/459] GAUT
[10:07:20] [315/459] DVCF
[10:07:21] [316/459] JTSB
[10:07:22] [317/459] SBLS
[10:07:23] [318/459] UDAY
[10:07:24] [319/459] PTNP
[10:07:25] [320/459] DMKT
[10:07:25] [321/459] NTDT
[10:07:26] [322/459] SHDJ
[10:07:27] [323/459] OTNC
[10:07:28] [324/459] RNTW
[10:07:29] [325/459] GCMI
[10:07:30] [326/459] CRCM
[10:07:30] [327/459] NNCZ
[10:07:32] [328/459] OEMO
[10:07:33] [329/459] PVJM
[10:07:33] [330/459] CPJI
[10:07:34] [331/459] RMCJ
[10:07:35] [332/459] CNWJ
[10:07:36] [333/459] EPJM
[10:07:37] [334/459] FNJJ
[10:07:38] [335/459] GCMJ
[10:07:39] [336/459] INPS
[10:07:40] [337/459] BICJ
[10:07:41] [338/459] ISTJ
[10:07:41] [339/459] INJC
[10:07:42] [340/459] GLXJ
[10:07:43] [341/459] INEM
[10:07:44] [342/459] JTMN
[10:07:45] [343/459] FRCJ
[10:07:46] [344/459] DDJP
[10:07:47] [345/459] INJV
[10:07:48] [346/459] GOLC
[10:07:49] [347/459] KOCI
[10:07:50] [348/459] FSTD
[10:07:51] [349/459] PACJ
[10:07:52] [350/459] GMCN
[10:07:53] [351/459] MMDJ
[10:07:54] [352/459] GODH
[10:07:54] [353/459] SKYN
[10:07:55] [354/459] NCTH
[10:07:56] [355/459] SKVZ
[10:07:57] [356/459] SVML
[10:07:58] [357/459] ACVZ
[10:07:59] [358/459] SURA
[10:08:01] [359/459] RTRB
[10:08:01] [360/459] LLCT
[10:08:02] [361/459] ATTS
[10:08:03] [362/459] JYCM
[10:08:04] [363/459] CTKR
[10:08:04] [364/459] LCKR
[10:08:05] [365/459] NYCV
[10:08:06] [366/459] NYOH
[10:08:07] [367/459] NOVX
[10:08:08] [368/459] MRGK
[10:08:08] [369/459] MOON
[10:08:09] [370/459] SBUC
[10:08:10] [371/459] GSVA
[10:08:11] [372/459] VIAK
[10:08:12] [373/459] SMVZ
[10:08:13] [374/459] MATE
[10:08:13] [375/459] RDCN
[10:08:14] [376/459] ASBL
[10:08:15] [377/459] ASVS
[10:08:16] [378/459] ASSR
[10:08:17] [379/459] SSKN
[10:08:18] [380/459] DRPV
[10:08:19] [381/459] MRHT
[10:08:20] [382/459] BSCN
[10:08:20] [383/459] RKNX
[10:08:21] [384/459] MSMC
[10:08:22] [385/459] MSCJ
[10:08:23] [386/459] BTBJ
[10:08:24] [387/459] MJCC
[10:08:25] [388/459] IOMM
[10:08:26] [389/459] ADGR
[10:08:26] [390/459] MYCP
[10:08:27] [391/459] IGCM
[10:08:28] [392/459] PGRK
[10:08:29] [393/459] VPGO
[10:08:30] [394/459] KOMS
[10:08:30] [395/459] URGG
[10:08:32] [396/459] GOST
[10:08:33] [397/459] LACT
[10:08:33] [398/459] BWCM
[10:08:34] [399/459] NCCW
[10:08:35] [400/459] SKYC
[10:08:36] [401/459] CCPM
[10:08:37] [402/459] VCBT
[10:08:37] [403/459] SDKR
[10:08:38] [404/459] CTYB
[10:08:39] [405/459] SHCX
[10:08:39] [406/459] RCUN
[10:08:40] [407/459] CNRA
[10:08:41] [408/459] RFCA
[10:08:43] [409/459] RDCU
[10:08:44] [410/459] SARK
[10:08:44] [411/459] SPPP
[10:08:45] [412/459] ADMB
[10:08:46] [413/459] JYOE
[10:08:47] [414/459] SRMD
[10:08:48] [415/459] RJDH
[10:08:48] [416/459] SSTD
[10:08:49] [417/459] AACV
[10:08:50] [418/459] PPVD
[10:08:50] [419/459] STCP
[10:08:51] [420/459] ANJR
[10:08:52] [421/459] ANLS
[10:08:53] [422/459] BIJO
[10:08:54] [423/459] AVAB
[10:08:55] [424/459] SPMD
[10:08:56] [425/459] SVJL
[10:08:57] [426/459] SDDJ
[10:08:58] [427/459] SLTU
[10:08:58] [428/459] SAKA
[10:08:59] [429/459] PMAM
[10:09:00] [430/459] FNAM
[10:09:01] [431/459] ACAM
[10:09:02] [432/459] SCMM
[10:09:02] [433/459] PMAK
[10:09:03] [434/459] NYSA
[10:09:04] [435/459] FCPA
[10:09:05] [436/459] GDAN
[10:09:05] [437/459] RSCA
[10:09:06] [438/459] DMAN
[10:09:07] [439/459] DZCM
[10:09:08] [440/459] NSGL
[10:09:08] [441/459] CCPP
[10:09:09] [442/459] PSMG
[10:09:10] [443/459] GSER
[10:09:11] [444/459] FCCT
[10:09:12] [445/459] FCTB
[10:09:13] [446/459] LCNK
[10:09:14] [447/459] SKTY
[10:09:15] [448/459] INAA
[10:09:15] [449/459] RCWN
[10:09:16] [450/459] VAIS
[10:09:17] [451/459] CVMN
[10:09:18] [452/459] INTS
[10:09:19] [453/459] FRGS
[10:09:19] [454/459] DTCK
[10:09:20] [455/459] MCMH
[10:09:21] [456/459] ECRR
[10:09:22] [457/459] RLLP
[10:09:23] [458/459] CCSN
[10:09:24] [459/459] CCBA
[10:09:25] 🧹 Deduping shows
[10:09:25] ✅ DONE | Shows=242 | Movies=14
