[10:02:45] 🚀 SCRIPT STARTED
[10:02:45] [1/459] FNDB
[10:02:45] 🧠 New identity created
[10:02:47] [2/459] AMBH
[10:02:47] [3/459] PRHN
[10:02:48] [4/459] ACPM
[10:02:49] [5/459] PVFS
[10:02:51] [6/459] AACN
[10:02:52] [7/459] ACAS
[10:02:53] [8/459] CTNR
[10:02:54] [9/459] MMAH
[10:02:55] [10/459] CPMH
[10:02:56] [11/459] IGMH
[10:02:57] [12/459] ABCS
[10:02:57] [13/459] CMMA
[10:02:58] [14/459] GPRH
[10:02:59] [15/459] PNNG
[10:03:00] [16/459] AMCA
[10:03:01] [17/459] ISTN
[10:03:02] [18/459] PIIC
[10:03:03] [19/459] AHMH
[10:03:04] [20/459] ASHN
[10:03:05] [21/459] INHY
[10:03:05] [22/459] SRMO
[10:03:07] [23/459] PIMH
[10:03:07] [24/459] PVTS
[10:03:08] [25/459] MMCA
[10:03:09] [26/459] AKYJ
[10:03:10] [27/459] BRKH
[10:03:11] [28/459] MAHM
[10:03:11] [29/459] CPHY
[10:03:12] [30/459] PVTP
[10:03:13] [31/459] SMMR
[10:03:14] [32/459] PVHM
[10:03:15] [33/459] SNDY
[10:03:16] [34/459] GOKU
[10:03:17] [35/459] ACEV
[10:03:18] [36/459] PVUM
[10:03:19] [37/459] VSWA
[10:03:20] [38/459] IPRS
[10:03:21] [39/459] ASGN
[10:03:21] [40/459] BKMV
[10:03:23] [41/459] PVYH
[10:03:24] [42/459] INKM
[10:03:25] [43/459] ARJU
[10:03:26] [44/459] JJPP
[10:03:26] [45/459] SSRM
[10:03:27] [46/459] HMHD
[10:03:28] [47/459] SNKH
[10:03:29] [48/459] ACHI
[10:03:30] [49/459] MRAA
[10:03:31] [50/459] INMH
[10:03:32] [51/459] ARMH
[10:03:32] [52/459] DVRR
[10:03:33] [53/459] SUDA
[10:03:34] [54/459] MCSS
[10:03:35] [55/459] VRKC
[10:03:36] [56/459] PRCX
[10:03:37] [57/459] ASJY
[10:03:38] [58/459] MTHY
[10:03:38] [59/459] SRCM
[10:03:39] [60/459] TVHY
[10:03:40] [61/459] STHD
[10:03:41] [62/459] CPCL
[10:03:42] [63/459] PSMJ
[10:03:43] [64/459] MRGT
[10:03:43] [65/459] ARYH
[10:03:44] [66/459] VTRB
[10:03:46] [67/459] SCHC
[10:03:47] [68/459] MRRG
[10:03:47] [69/459] SPCB
[10:03:48] [70/459] AMCM
[10:03:49] [71/459] IVNM
[10:03:50] [72/459] TRHY
[10:03:51] [73/459] PTTH
[10:03:52] [74/459] RKMH
[10:03:53] [75/459] PRCS
[10:03:54] [76/459] VAJA
[10:03:55] [77/459] BJNG
[10:03:56] [78/459] SCVM
[10:03:56] [79/459] GNHB
[10:03:57] [80/459] TLUR
[10:03:58] [81/459] UKCC
[10:03:59] [82/459] SRKR
[10:04:00] [83/459] RMKN
[10:04:01] [84/459] SLRT
[10:04:02] [85/459] LKMT
[10:04:02] [86/459] SSRJ
[10:04:03] [87/459] SPHT
[10:04:04] [88/459] ANTT
[10:04:05] [89/459] SRCH
[10:04:06] [90/459] SRCA
[10:04:06] [91/459] ARTH
[10:04:07] [92/459] MCBH
[10:04:09] [93/459] SNIB
[10:04:10] [94/459] SART
[10:04:11] [95/459] SKTA
[10:04:12] [96/459] YAKT
[10:04:13] [97/459] MLCK
[10:04:15] [98/459] ANTS
[10:04:15] [99/459] DGCA
[10:04:16] [100/459] SGMP
[10:04:18] [101/459] ASWN
[10:04:19] [102/459] KFVU
[10:04:20] [103/459] POOR
[10:04:21] [104/459] GKDN
[10:04:22] [105/459] EOSE
[10:04:23] [106/459] GTTT
[10:04:24] [107/459] ARRO
[10:04:25] [108/459] CMMK
[10:04:26] [109/459] MSCN
[10:04:27] [110/459] GDKH
[10:04:28] [111/459] DLMT
[10:04:29] [112/459] PVMF
[10:04:30] [113/459] CPCK
[10:04:31] [114/459] VMHE
[10:04:32] [115/459] PVLC
[10:04:33] [116/459] PCVB
[10:04:33] [117/459] SNYK
[10:04:34] [118/459] KTEK
[10:04:35] [119/459] PCNM
[10:04:36] [120/459] NTTR
[10:04:38] [121/459] CPSK
[10:04:38] [122/459] JMMA
[10:04:40] [123/459] GCFK
[10:04:40] [124/459] MYCA
[10:04:41] [125/459] KSNP
[10:04:43] [126/459] PMCE
[10:04:44] [127/459] SCKI
[10:04:45] [128/459] FSMA
[10:04:46] [129/459] CETA
[10:04:47] [130/459] MCIK
[10:04:48] [131/459] MYCR
[10:04:49] [132/459] EVMP
[10:04:50] [133/459] SSGT
[10:04:51] [134/459] KCTK
[10:04:53] [135/459] ZTKC
[10:04:53] [136/459] MMTA
[10:04:54] [137/459] MAJT
[10:04:55] [138/459] ACPK
[10:04:56] [139/459] JMAX
[10:04:58] [140/459] SETK
[10:04:59] [141/459] CAIS
[10:04:59] [142/459] AGCD
[10:05:01] [143/459] URCL
[10:05:02] [144/459] VTDS
[10:05:03] [145/459] JCNM
[10:05:03] [146/459] KCAM
[10:05:04] [147/459] ADCU
[10:05:05] [148/459] GXYN
[10:05:06] [149/459] SMJG
[10:05:07] [150/459] EYCJ
[10:05:08] [151/459] CCEJ
[10:05:09] [152/459] MARS
[10:05:10] [153/459] CPVJ
[10:05:11] [154/459] INVP
[10:05:12] [155/459] CPOV
[10:05:13] [156/459] VIJK
[10:05:13] [157/459] LAIM
[10:05:14] [158/459] STHV
[10:05:15] [159/459] SVLJ
[10:05:16] [160/459] ATVJ
[10:05:17] [161/459] JTSC
[10:05:18] [162/459] RMTV
[10:05:18] [163/459] MGGG
[10:05:19] [164/459] SWTH
[10:05:20] [165/459] INVJ
[10:05:21] [166/459] PRSV
[10:05:22] [167/459] JATV
[10:05:23] [168/459] RCVD
[10:05:24] [169/459] BDMA
[10:05:25] [170/459] BLJI
[10:05:26] [171/459] SWOT
[10:05:27] [172/459] SWRN
[10:05:28] [173/459] TVRA
[10:05:29] [174/459] VCSV
[10:05:30] [175/459] NVRN
[10:05:31] [176/459] SIKC
[10:05:31] [177/459] VAKR
[10:05:32] [178/459] SYLN
[10:05:33] [179/459] KLJL
[10:05:34] [180/459] LKMY
[10:05:35] [181/459] VSLY
[10:05:37] [182/459] CIKO
[10:05:37] [183/459] GPBG
[10:05:39] [184/459] CECM
[10:05:40] [185/459] SLKB
[10:05:41] [186/459] MTBO
[10:05:42] [187/459] SSHB
[10:05:43] [188/459] VPCS
[10:05:44] [189/459] RCSR
[10:05:46] [190/459] RJRM
[10:05:47] [191/459] KPPB
[10:05:48] [192/459] SEDC
[10:05:48] [193/459] SCAI
[10:05:49] [194/459] RMTR
[10:05:50] [195/459] ASST
[10:05:51] [196/459] GCAK
[10:05:52] [197/459] ANNK
[10:05:53] [198/459] KDDF
[10:05:54] [199/459] NRDP
[10:05:55] [200/459] PLAK
[10:05:56] [201/459] GCMC
[10:05:56] [202/459] ALPY
[10:05:57] [203/459] SICE
[10:05:58] [204/459] SISR
[10:05:59] [205/459] SRPZ
[10:06:00] [206/459] SRSW
[10:06:02] [207/459] SUYA
[10:06:02] [208/459] AMMT
[10:06:03] [209/459] BHCU
[10:06:04] [210/459] KLPA
[10:06:05] [211/459] NVKH
[10:06:06] [212/459] JMRC
[10:06:07] [213/459] KTTT
[10:06:08] [214/459] MAGH
[10:06:09] [215/459] MMMX
[10:06:10] [216/459] SALJ
[10:06:11] [217/459] GTJA
[10:06:12] [218/459] MAHT
[10:06:12] [219/459] SSNN
[10:06:14] [220/459] ARRP
[10:06:15] [221/459] ATNS
[10:06:16] [222/459] SKDT
[10:06:17] [223/459] ACAT
[10:06:17] [224/459] APRC
[10:06:18] [225/459] SWAG
[10:06:19] [226/459] SDPT
[10:06:20] [227/459] STPS
[10:06:21] [228/459] WWCZ
[10:06:21] [229/459] LLCH
[10:06:22] [230/459] MZHA
[10:06:24] [231/459] CRJG
[10:06:25] [232/459] JGTK
[10:06:26] [233/459] KCSR
[10:06:27] [234/459] CHTL
[10:06:27] [235/459] EDSR
[10:06:28] [236/459] CSWO
[10:06:29] [237/459] CPVM
[10:06:31] [238/459] MXBY
[10:06:32] [239/459] FMMA
[10:06:32] [240/459] POVI
[10:06:34] [241/459] MTHB
[10:06:35] [242/459] INRC
[10:06:36] [243/459] PIPP
[10:06:37] [244/459] BMXC
[10:06:37] [245/459] PCMM
[10:06:38] [246/459] PMKM
[10:06:39] [247/459] GATY
[10:06:40] [248/459] IMCM
[10:06:41] [249/459] POPE
[10:06:42] [250/459] MTCR
[10:06:42] [251/459] PVAE
[10:06:43] [252/459] PVMI
[10:06:44] [253/459] CPNM
[10:06:45] [254/459] FMRL
[10:06:46] [255/459] MCIW
[10:06:47] [256/459] MXBO
[10:06:47] [257/459] FMKY
[10:06:48] [258/459] FMDA
[10:06:49] [259/459] THAB
[10:06:50] [260/459] PRCW
[10:06:51] [261/459] PITI
[10:06:52] [262/459] MCFF
[10:06:53] [263/459] PDDV
[10:06:54] [264/459] MCRM
[10:06:55] [265/459] KKMB
[10:06:56] [266/459] INKO
[10:06:57] [267/459] PLXP
[10:06:57] [268/459] MMHA
[10:06:59] [269/459] FMVS
[10:07:01] [270/459] POLM
[10:07:01] [271/459] STER
[10:07:02] [272/459] PVWJ
[10:07:03] [273/459] IMJW
[10:07:04] [274/459] FNAN
[10:07:05] [275/459] CAGL
[10:07:06] [276/459] IPBG
[10:07:07] [277/459] SMFV
[10:07:08] [278/459] MMMR
[10:07:09] [279/459] MMWM
[10:07:10] [280/459] FNCM
[10:07:10] [281/459] MDVA
[10:07:11] [282/459] MMET
[10:07:12] [283/459] MIDO
[10:07:13] [284/459] INNP
[10:07:15] [285/459] MIFU
[10:07:16] [286/459] MMSZ
[10:07:17] [287/459] BMXA
[10:07:18] [288/459] MCAA
[10:07:19] [289/459] SCVP
[10:07:19] [290/459] PLUS
[10:07:20] [291/459] MUCK
[10:07:21] [292/459] MTMA
[10:07:22] [293/459] HPVR
[10:07:23] [294/459] PMPK
[10:07:23] [295/459] MAJB
[10:07:24] [296/459] CTRR
[10:07:25] [297/459] MCTG
[10:07:26] [298/459] MACE
[10:07:27] [299/459] AAAS
[10:07:27] [300/459] CPVV
[10:07:28] [301/459] RCHG
[10:07:29] [302/459] MCNE
[10:07:30] [303/459] EMNC
[10:07:31] [304/459] MCAN
[10:07:32] [305/459] TCDM
[10:07:33] [306/459] IRGT
[10:07:34] [307/459] GCMG
[10:07:35] [308/459] MXSN
[10:07:36] [309/459] MXCK
[10:07:37] [310/459] MCRC
[10:07:38] [311/459] RSMI
[10:07:39] [312/459] WAML
[10:07:40] [313/459] MTSC
[10:07:42] [314/459] FMDR
[10:07:42] [315/459] LEPV
[10:07:44] [316/459] MTGD
[10:07:45] [317/459] IMOB
[10:07:46] [318/459] CLMM
[10:07:46] [319/459] PZCD
[10:07:47] [320/459] GOCS
[10:07:48] [321/459] KCMA
[10:07:49] [322/459] CCMP
[10:07:49] [323/459] MTSU
[10:07:51] [324/459] SNGL
[10:07:52] [325/459] MMMC
[10:07:52] [326/459] MMAA
[10:07:53] [327/459] GCDM
[10:07:54] [328/459] KTMV
[10:07:55] [329/459] AETE
[10:07:56] [330/459] OMCS
[10:07:57] [331/459] GDCD
[10:07:58] [332/459] NYMD
[10:07:59] [333/459] RNCV
[10:08:01] [334/459] KKMT
[10:08:02] [335/459] GDTH
[10:08:03] [336/459] KMMV
[10:08:04] [337/459] NHCG
[10:08:05] [338/459] PJDW
[10:08:06] [339/459] MMCV
[10:08:06] [340/459] FQSA
[10:08:07] [341/459] KURL
[10:08:08] [342/459] NNNX
[10:08:09] [343/459] AMAU
[10:08:10] [344/459] VVVM
[10:08:11] [345/459] VECU
[10:08:11] [346/459] WCVR
[10:08:12] [347/459] MTGG
[10:08:13] [348/459] SGTG
[10:08:14] [349/459] MNTG
[10:08:14] [350/459] JDDG
[10:08:15] [351/459] MBTK
[10:08:17] [352/459] SGCD
[10:08:18] [353/459] MCTC
[10:08:20] [354/459] JTPC
[10:08:21] [355/459] SDKT
[10:08:21] [356/459] KRCC
[10:08:23] [357/459] RMMD
[10:08:24] [358/459] AAME
[10:08:26] [359/459] TMWC
[10:08:27] [360/459] NRWY
[10:08:28] [361/459] CITD
[10:08:29] [362/459] VERD
[10:08:30] [363/459] MKSK
[10:08:31] [364/459] STSM
[10:08:31] [365/459] MJDG
[10:08:32] [366/459] RKPM
[10:08:33] [367/459] SSCE
[10:08:34] [368/459] VMAE
[10:08:35] [369/459] SBRU
[10:08:36] [370/459] AMBC
[10:08:37] [371/459] AMLU
[10:08:37] [372/459] INVZ
[10:08:38] [373/459] LGTV
[10:08:40] [374/459] SVAD
[10:08:41] [375/459] SMSA
[10:08:41] [376/459] SPCZ
[10:08:42] [377/459] GTCX
[10:08:43] [378/459] SCSL
[10:08:44] [379/459] SAHU
[10:08:45] [380/459] NCDA
[10:08:46] [381/459] SCCG
[10:08:47] [382/459] VKTL
[10:08:48] [383/459] PUUJ
[10:08:49] [384/459] STEJ
[10:08:49] [385/459] RJAL
[10:08:50] [386/459] ACJC
[10:08:51] [387/459] VTHC
[10:08:52] [388/459] ARVB
[10:08:53] [389/459] AUBB
[10:08:53] [390/459] GDBR
[10:08:54] [391/459] PVND
[10:08:55] [392/459] BGRJ
[10:08:56] [393/459] RJMM
[10:08:57] [394/459] MCSA
[10:08:58] [395/459] BODA
[10:08:58] [396/459] JAGG
[10:08:59] [397/459] SCGA
[10:09:00] [398/459] LRCM
[10:09:01] [399/459] CPCN
[10:09:02] [400/459] SSTF
[10:09:02] [401/459] SRXP
[10:09:03] [402/459] CNFX
[10:09:04] [403/459] ANDI
[10:09:05] [404/459] SYEW
[10:09:06] [405/459] RCRE
[10:09:07] [406/459] SCRW
[10:09:07] [407/459] MBKR
[10:09:08] [408/459] ASNT
[10:09:10] [409/459] JTMT
[10:09:11] [410/459] SHAY
[10:09:12] [411/459] VRTH
[10:09:13] [412/459] SPTI
[10:09:14] [413/459] DPTD
[10:09:14] [414/459] TGSN
[10:09:15] [415/459] RCWV
[10:09:16] [416/459] OCUR
[10:09:17] [417/459] KSTC
[10:09:18] [418/459] SANI
[10:09:19] [419/459] MLCA
[10:09:20] [420/459] EGCA
[10:09:21] [421/459] SYSN
[10:09:22] [422/459] PKTA
[10:09:22] [423/459] PRCC
[10:09:23] [424/459] KSTR
[10:09:24] [425/459] SNTP
[10:09:25] [426/459] RCHA
[10:09:25] [427/459] SEEA
[10:09:26] [428/459] ALAT
[10:09:27] [429/459] AATV
[10:09:28] [430/459] RJTE
[10:09:29] [431/459] AAPP
[10:09:30] [432/459] PMMH
[10:09:31] [433/459] INRJ
[10:09:32] [434/459] SARB
[10:09:33] [435/459] PCJL
[10:09:34] [436/459] PFJJ
[10:09:34] [437/459] GRDC
[10:09:35] [438/459] BCBA
[10:09:36] [439/459] VIXL
[10:09:37] [440/459] CSTL
[10:09:38] [441/459] MTDK
[10:09:39] [442/459] TDAC
[10:09:40] [443/459] GTDN
[10:09:41] [444/459] TTDE
[10:09:41] [445/459] ASTS
[10:09:42] [446/459] CPNS
[10:09:43] [447/459] PVVW
[10:09:44] [448/459] USEB
[10:09:45] [449/459] DTYN
[10:09:47] [450/459] PVLE
[10:09:48] [451/459] CIPS
[10:09:49] [452/459] PAEG
[10:09:49] [453/459] PTCW
[10:09:50] [454/459] G3SR
[10:09:52] [455/459] PGND
[10:09:53] [456/459] INVM
[10:09:54] [457/459] SPIA
[10:09:55] [458/459] PCSN
[10:09:56] [459/459] PPGV
[10:09:56] 🧹 Deduping shows
[10:09:56] ✅ DONE | Shows=445 | Movies=17
[16:43:01] 🚀 SCRIPT STARTED
[16:43:01] [1/459] FNDB
[16:43:01] 🧠 New identity created
[16:43:02] [2/459] AMBH
[16:43:03] [3/459] PRHN
[16:43:04] [4/459] ACPM
[16:43:05] [5/459] PVFS
[16:43:05] [6/459] AACN
[16:43:06] [7/459] ACAS
[16:43:08] [8/459] CTNR
[16:43:09] [9/459] MMAH
[16:43:10] [10/459] CPMH
[16:43:11] [11/459] IGMH
[16:43:12] [12/459] ABCS
[16:43:12] [13/459] CMMA
[16:43:14] [14/459] GPRH
[16:43:15] [15/459] PNNG
[16:43:16] [16/459] AMCA
[16:43:17] [17/459] ISTN
[16:43:18] [18/459] PIIC
[16:43:19] [19/459] AHMH
[16:43:20] [20/459] ASHN
[16:43:20] [21/459] INHY
[16:43:21] [22/459] SRMO
[16:43:22] [23/459] PIMH
[16:43:23] [24/459] PVTS
[16:43:24] [25/459] MMCA
[16:43:25] [26/459] AKYJ
[16:43:26] [27/459] BRKH
[16:43:27] [28/459] MAHM
[16:43:28] [29/459] CPHY
[16:43:29] [30/459] PVTP
[16:43:30] [31/459] SMMR
[16:43:31] [32/459] PVHM
[16:43:32] [33/459] SNDY
[16:43:33] [34/459] GOKU
[16:43:33] [35/459] ACEV
[16:43:34] [36/459] PVUM
[16:43:35] [37/459] VSWA
[16:43:37] [38/459] IPRS
[16:43:38] [39/459] ASGN
[16:43:39] [40/459] BKMV
[16:43:40] [41/459] PVYH
[16:43:40] [42/459] INKM
[16:43:41] [43/459] ARJU
[16:43:42] [44/459] JJPP
[16:43:43] [45/459] SSRM
[16:43:43] [46/459] HMHD
[16:43:44] [47/459] SNKH
[16:43:45] [48/459] ACHI
[16:43:46] [49/459] MRAA
[16:43:47] [50/459] INMH
[16:43:47] [51/459] ARMH
[16:43:48] [52/459] DVRR
[16:43:49] [53/459] SUDA
[16:43:50] [54/459] MCSS
[16:43:51] [55/459] VRKC
[16:43:52] [56/459] PRCX
[16:43:52] [57/459] ASJY
[16:43:53] [58/459] MTHY
[16:43:54] [59/459] SRCM
[16:43:55] [60/459] TVHY
[16:43:56] [61/459] STHD
[16:43:57] [62/459] CPCL
[16:43:58] [63/459] PSMJ
[16:43:59] [64/459] MRGT
[16:44:00] [65/459] ARYH
[16:44:02] [66/459] VTRB
[16:44:03] [67/459] SCHC
[16:44:04] [68/459] MRRG
[16:44:05] [69/459] SPCB
[16:44:06] [70/459] AMCM
[16:44:06] [71/459] IVNM
[16:44:07] [72/459] TRHY
[16:44:08] [73/459] PTTH
[16:44:09] [74/459] RKMH
[16:44:10] [75/459] PRCS
[16:44:12] [76/459] VAJA
[16:44:12] [77/459] BJNG
[16:44:13] [78/459] SCVM
[16:44:14] [79/459] GNHB
[16:44:15] [80/459] TLUR
[16:44:16] [81/459] UKCC
[16:44:17] [82/459] SRKR
[16:44:18] [83/459] RMKN
[16:44:19] [84/459] SLRT
[16:44:20] [85/459] LKMT
[16:44:21] [86/459] SSRJ
[16:44:22] [87/459] SPHT
[16:44:23] [88/459] ANTT
[16:44:23] [89/459] SRCH
[16:44:24] [90/459] SRCA
[16:44:25] [91/459] ARTH
[16:44:27] [92/459] MCBH
[16:44:28] [93/459] SNIB
[16:44:29] [94/459] SART
[16:44:30] [95/459] SKTA
[16:44:30] [96/459] YAKT
[16:44:32] [97/459] MLCK
[16:44:33] [98/459] ANTS
[16:44:33] [99/459] DGCA
[16:44:34] [100/459] SGMP
[16:44:36] [101/459] ASWN
[16:44:37] [102/459] KFVU
[16:44:38] [103/459] POOR
[16:44:39] [104/459] GKDN
[16:44:40] [105/459] EOSE
[16:44:41] [106/459] GTTT
[16:44:42] [107/459] ARRO
[16:44:42] [108/459] CMMK
[16:44:43] [109/459] MSCN
[16:44:45] [110/459] GDKH
[16:44:46] [111/459] DLMT
[16:44:47] [112/459] PVMF
[16:44:48] [113/459] CPCK
[16:44:49] [114/459] VMHE
[16:44:50] [115/459] PVLC
[16:44:51] [116/459] PCVB
[16:44:52] [117/459] SNYK
[16:44:53] [118/459] KTEK
[16:44:54] [119/459] PCNM
[16:44:54] [120/459] NTTR
[16:44:56] [121/459] CPSK
[16:44:57] [122/459] JMMA
[16:44:58] [123/459] GCFK
[16:44:59] [124/459] MYCA
[16:45:00] [125/459] KSNP
[16:45:00] [126/459] PMCE
[16:45:01] [127/459] SCKI
[16:45:02] [128/459] FSMA
[16:45:04] [129/459] CETA
[16:45:05] [130/459] MCIK
[16:45:06] [131/459] MYCR
[16:45:07] [132/459] EVMP
[16:45:08] [133/459] SSGT
[16:45:08] [134/459] KCTK
[16:45:09] [135/459] ZTKC
[16:45:10] [136/459] MMTA
[16:45:11] [137/459] MAJT
[16:45:12] [138/459] ACPK
[16:45:13] [139/459] JMAX
[16:45:14] [140/459] SETK
[16:45:14] [141/459] CAIS
[16:45:15] [142/459] AGCD
[16:45:16] [143/459] URCL
[16:45:17] [144/459] VTDS
[16:45:18] [145/459] JCNM
[16:45:18] [146/459] KCAM
[16:45:19] [147/459] ADCU
[16:45:21] [148/459] GXYN
[16:45:21] [149/459] SMJG
[16:45:22] [150/459] EYCJ
[16:45:23] [151/459] CCEJ
[16:45:24] [152/459] MARS
[16:45:24] [153/459] CPVJ
[16:45:25] [154/459] INVP
[16:45:26] [155/459] CPOV
[16:45:27] [156/459] VIJK
[16:45:28] [157/459] LAIM
[16:45:29] [158/459] STHV
[16:45:30] [159/459] SVLJ
[16:45:32] [160/459] ATVJ
[16:45:33] [161/459] JTSC
[16:45:34] [162/459] RMTV
[16:45:35] [163/459] MGGG
[16:45:36] [164/459] SWTH
[16:45:37] [165/459] INVJ
[16:45:38] [166/459] PRSV
[16:45:38] [167/459] JATV
[16:45:40] [168/459] RCVD
[16:45:41] [169/459] BDMA
[16:45:42] [170/459] BLJI
[16:45:43] [171/459] SWOT
[16:45:44] [172/459] SWRN
[16:45:45] [173/459] TVRA
[16:45:46] [174/459] VCSV
[16:45:47] [175/459] NVRN
[16:45:48] [176/459] SIKC
[16:45:49] [177/459] VAKR
[16:45:50] [178/459] SYLN
[16:45:51] [179/459] KLJL
[16:45:52] [180/459] LKMY
[16:45:53] [181/459] VSLY
[16:45:54] [182/459] CIKO
[16:45:55] [183/459] GPBG
[16:45:56] [184/459] CECM
[16:45:57] [185/459] SLKB
[16:45:58] [186/459] MTBO
[16:45:59] [187/459] SSHB
[16:45:59] [188/459] VPCS
[16:46:01] [189/459] RCSR
[16:46:02] [190/459] RJRM
[16:46:03] [191/459] KPPB
[16:46:03] [192/459] SEDC
[16:46:04] [193/459] SCAI
[16:46:06] [194/459] RMTR
[16:46:07] [195/459] ASST
[16:46:07] [196/459] GCAK
[16:46:08] [197/459] ANNK
[16:46:09] [198/459] KDDF
[16:46:10] [199/459] NRDP
[16:46:11] [200/459] PLAK
[16:46:12] [201/459] GCMC
[16:46:14] [202/459] ALPY
[16:46:15] [203/459] SICE
[16:46:16] [204/459] SISR
[16:46:17] [205/459] SRPZ
[16:46:17] [206/459] SRSW
[16:46:19] [207/459] SUYA
[16:46:20] [208/459] AMMT
[16:46:20] [209/459] BHCU
[16:46:21] [210/459] KLPA
[16:46:22] [211/459] NVKH
[16:46:23] [212/459] JMRC
[16:46:24] [213/459] KTTT
[16:46:24] [214/459] MAGH
[16:46:25] [215/459] MMMX
[16:46:26] [216/459] SALJ
[16:46:27] [217/459] GTJA
[16:46:28] [218/459] MAHT
[16:46:29] [219/459] SSNN
[16:46:30] [220/459] ARRP
[16:46:31] [221/459] ATNS
[16:46:32] [222/459] SKDT
[16:46:33] [223/459] ACAT
[16:46:34] [224/459] APRC
[16:46:34] [225/459] SWAG
[16:46:35] [226/459] SDPT
[16:46:36] [227/459] STPS
[16:46:37] [228/459] WWCZ
[16:46:38] [229/459] LLCH
[16:46:39] [230/459] MZHA
[16:46:39] [231/459] CRJG
[16:46:40] [232/459] JGTK
[16:46:41] [233/459] KCSR
[16:46:42] [234/459] CHTL
[16:46:43] [235/459] EDSR
[16:46:44] [236/459] CSWO
[16:46:45] [237/459] CPVM
[16:46:46] [238/459] MXBY
[16:46:47] [239/459] FMMA
[16:46:47] [240/459] POVI
[16:46:48] [241/459] MTHB
[16:46:49] [242/459] INRC
[16:46:50] [243/459] PIPP
[16:46:51] [244/459] BMXC
[16:46:52] [245/459] PCMM
[16:46:52] [246/459] PMKM
[16:46:53] [247/459] GATY
[16:46:54] [248/459] IMCM
[16:46:55] [249/459] POPE
[16:46:56] [250/459] MTCR
[16:46:56] [251/459] PVAE
[16:46:57] [252/459] PVMI
[16:46:58] [253/459] CPNM
[16:46:59] [254/459] FMRL
[16:47:00] [255/459] MCIW
[16:47:01] [256/459] MXBO
[16:47:01] [257/459] FMKY
[16:47:02] [258/459] FMDA
[16:47:03] [259/459] THAB
[16:47:04] [260/459] PRCW
[16:47:05] [261/459] PITI
[16:47:05] [262/459] MCFF
[16:47:06] [263/459] PDDV
[16:47:07] [264/459] MCRM
[16:47:08] [265/459] KKMB
[16:47:09] [266/459] INKO
[16:47:10] [267/459] PLXP
[16:47:11] [268/459] MMHA
[16:47:12] [269/459] FMVS
[16:47:12] [270/459] POLM
[16:47:13] [271/459] STER
[16:47:14] [272/459] PVWJ
[16:47:15] [273/459] IMJW
[16:47:16] [274/459] FNAN
[16:47:17] [275/459] CAGL
[16:47:18] [276/459] IPBG
[16:47:19] [277/459] SMFV
[16:47:20] [278/459] MMMR
[16:47:21] [279/459] MMWM
[16:47:22] [280/459] FNCM
[16:47:22] [281/459] MDVA
[16:47:24] [282/459] MMET
[16:47:25] [283/459] MIDO
[16:47:27] [284/459] INNP
[16:47:28] [285/459] MIFU
[16:47:28] [286/459] MMSZ
[16:47:29] [287/459] BMXA
[16:47:30] [288/459] MCAA
[16:47:31] [289/459] SCVP
[16:47:33] [290/459] PLUS
[16:47:34] [291/459] MUCK
[16:47:34] [292/459] MTMA
[16:47:35] [293/459] HPVR
[16:47:37] [294/459] PMPK
[16:47:38] [295/459] MAJB
[16:47:39] [296/459] CTRR
[16:47:40] [297/459] MCTG
[16:47:41] [298/459] MACE
[16:47:42] [299/459] AAAS
[16:47:42] [300/459] CPVV
[16:47:43] [301/459] RCHG
[16:47:44] [302/459] MCNE
[16:47:45] [303/459] EMNC
[16:47:46] [304/459] MCAN
[16:47:47] [305/459] TCDM
[16:47:48] [306/459] IRGT
[16:47:48] [307/459] GCMG
[16:47:49] [308/459] MXSN
[16:47:50] [309/459] MXCK
[16:47:51] [310/459] MCRC
[16:47:52] [311/459] RSMI
[16:47:52] [312/459] WAML
[16:47:54] [313/459] MTSC
[16:47:56] [314/459] FMDR
[16:47:56] [315/459] LEPV
[16:47:57] [316/459] MTGD
[16:47:58] [317/459] IMOB
[16:47:59] [318/459] CLMM
[16:48:00] [319/459] PZCD
[16:48:00] [320/459] GOCS
[16:48:01] [321/459] KCMA
[16:48:02] [322/459] CCMP
[16:48:03] [323/459] MTSU
[16:48:04] [324/459] SNGL
[16:48:04] [325/459] MMMC
[16:48:05] [326/459] MMAA
[16:48:06] [327/459] GCDM
[16:48:07] [328/459] KTMV
[16:48:08] [329/459] AETE
[16:48:09] [330/459] OMCS
[16:48:10] [331/459] GDCD
[16:48:11] [332/459] NYMD
[16:48:12] [333/459] RNCV
[16:48:13] [334/459] KKMT
[16:48:13] [335/459] GDTH
[16:48:14] [336/459] KMMV
[16:48:15] [337/459] NHCG
[16:48:16] [338/459] PJDW
[16:48:17] [339/459] MMCV
[16:48:17] [340/459] FQSA
[16:48:18] [341/459] KURL
[16:48:19] [342/459] NNNX
[16:48:20] [343/459] AMAU
[16:48:20] [344/459] VVVM
[16:48:21] [345/459] VECU
[16:48:22] [346/459] WCVR
[16:48:23] [347/459] MTGG
[16:48:24] [348/459] SGTG
[16:48:25] [349/459] MNTG
[16:48:26] [350/459] JDDG
[16:48:26] [351/459] MBTK
[16:48:27] [352/459] SGCD
[16:48:28] [353/459] MCTC
[16:48:29] [354/459] JTPC
[16:48:30] [355/459] SDKT
[16:48:30] [356/459] KRCC
[16:48:32] [357/459] RMMD
[16:48:32] [358/459] AAME
[16:48:33] [359/459] TMWC
[16:48:34] [360/459] NRWY
[16:48:35] [361/459] CITD
[16:48:36] [362/459] VERD
[16:48:37] [363/459] MKSK
[16:48:38] [364/459] STSM
[16:48:38] [365/459] MJDG
[16:48:39] [366/459] RKPM
[16:48:40] [367/459] SSCE
[16:48:41] [368/459] VMAE
[16:48:42] [369/459] SBRU
[16:48:43] [370/459] AMBC
[16:48:44] [371/459] AMLU
[16:48:45] [372/459] INVZ
[16:48:46] [373/459] LGTV
[16:48:47] [374/459] SVAD
[16:48:47] [375/459] SMSA
[16:48:49] [376/459] SPCZ
[16:48:50] [377/459] GTCX
[16:48:51] [378/459] SCSL
[16:48:52] [379/459] SAHU
[16:48:53] [380/459] NCDA
[16:48:54] [381/459] SCCG
[16:48:54] [382/459] VKTL
[16:48:55] [383/459] PUUJ
[16:48:56] [384/459] STEJ
[16:48:58] [385/459] RJAL
[16:48:59] [386/459] ACJC
[16:49:00] [387/459] VTHC
[16:49:01] [388/459] ARVB
[16:49:02] [389/459] AUBB
[16:49:03] [390/459] GDBR
[16:49:03] [391/459] PVND
[16:49:04] [392/459] BGRJ
[16:49:05] [393/459] RJMM
[16:49:06] [394/459] MCSA
[16:49:07] [395/459] BODA
[16:49:07] [396/459] JAGG
[16:49:09] [397/459] SCGA
[16:49:10] [398/459] LRCM
[16:49:11] [399/459] CPCN
[16:49:12] [400/459] SSTF
[16:49:12] [401/459] SRXP
[16:49:13] [402/459] CNFX
[16:49:14] [403/459] ANDI
[16:49:15] [404/459] SYEW
[16:49:16] [405/459] RCRE
[16:49:16] [406/459] SCRW
[16:49:17] [407/459] MBKR
[16:49:18] [408/459] ASNT
[16:49:19] [409/459] JTMT
[16:49:20] [410/459] SHAY
[16:49:20] [411/459] VRTH
[16:49:21] [412/459] SPTI
[16:49:22] [413/459] DPTD
[16:49:23] [414/459] TGSN
[16:49:24] [415/459] RCWV
[16:49:25] [416/459] OCUR
[16:49:25] [417/459] KSTC
[16:49:26] [418/459] SANI
[16:49:27] [419/459] MLCA
[16:49:28] [420/459] EGCA
[16:49:29] [421/459] SYSN
[16:49:29] [422/459] PKTA
[16:49:30] [423/459] PRCC
[16:49:31] [424/459] KSTR
[16:49:32] [425/459] SNTP
[16:49:34] [426/459] RCHA
[16:49:34] [427/459] SEEA
[16:49:35] [428/459] ALAT
[16:49:36] [429/459] AATV
[16:49:37] [430/459] RJTE
[16:49:38] [431/459] AAPP
[16:49:39] [432/459] PMMH
[16:49:39] [433/459] INRJ
[16:49:40] [434/459] SARB
[16:49:41] [435/459] PCJL
[16:49:42] [436/459] PFJJ
[16:49:43] [437/459] GRDC
[16:49:44] [438/459] BCBA
[16:49:45] [439/459] VIXL
[16:49:46] [440/459] CSTL
[16:49:46] [441/459] MTDK
[16:49:47] [442/459] TDAC
[16:49:48] [443/459] GTDN
[16:49:49] [444/459] TTDE
[16:49:50] [445/459] ASTS
[16:49:51] [446/459] CPNS
[16:49:51] [447/459] PVVW
[16:49:53] [448/459] USEB
[16:49:55] [449/459] DTYN
[16:49:56] [450/459] PVLE
[16:49:56] [451/459] CIPS
[16:49:57] [452/459] PAEG
[16:49:58] [453/459] PTCW
[16:50:00] [454/459] G3SR
[16:50:01] [455/459] PGND
[16:50:01] [456/459] INVM
[16:50:02] [457/459] SPIA
[16:50:03] [458/459] PCSN
[16:50:04] [459/459] PPGV
[16:50:05] 🧹 Deduping shows
[16:50:05] ✅ DONE | Shows=765 | Movies=27
