[10:02:46] 🚀 SCRIPT STARTED
[10:02:46] [1/324] GCTA
[10:02:46] 🧠 New identity created
[10:02:47] [2/324] TOPN
[10:02:48] [3/324] MCUS
[10:02:49] [4/324] SHRL
[10:02:49] [5/324] UPTP
[10:02:50] [6/324] TMMP
[10:02:51] [7/324] DNRP
[10:02:52] [8/324] SRLT
[10:02:53] [9/324] RCNS
[10:02:54] [10/324] DCBH
[10:02:54] [11/324] NAGJ
[10:02:55] [12/324] JVRC
[10:02:56] [13/324] KRJG
[10:02:57] [14/324] SRTJ
[10:02:58] [15/324] CMXM
[10:02:59] [16/324] STMI
[10:03:00] [17/324] SLST
[10:03:00] [18/324] DTCN
[10:03:01] [19/324] STYN
[10:03:02] [20/324] SZVR
[10:03:03] [21/324] SRKO
[10:03:04] [22/324] JTGT
[10:03:05] [23/324] SVFD
[10:03:06] [24/324] SISD
[10:03:07] [25/324] ABDD
[10:03:08] [26/324] DRCA
[10:03:09] [27/324] AVCS
[10:03:10] [28/324] MVKH
[10:03:11] [29/324] ACPR
[10:03:11] [30/324] STIP
[10:03:12] [31/324] MTRA
[10:03:13] [32/324] RMKH
[10:03:14] [33/324] NKRL
[10:03:15] [34/324] PCWN
[10:03:17] [35/324] BLMT
[10:03:17] [36/324] GDPG
[10:03:18] [37/324] SRMX
[10:03:19] [38/324] JACP
[10:03:20] [39/324] CPSH
[10:03:21] [40/324] MCCD
[10:03:22] [41/324] ECGH
[10:03:22] [42/324] MKCK
[10:03:23] [43/324] SRMM
[10:03:24] [44/324] SKYR
[10:03:26] [45/324] PCKC
[10:03:27] [46/324] JCMA
[10:03:27] [47/324] BSMP
[10:03:28] [48/324] VSPA
[10:03:30] [49/324] DJYA
[10:03:30] [50/324] DIMP
[10:03:31] [51/324] FXDR
[10:03:32] [52/324] SSRC
[10:03:33] [53/324] STHP
[10:03:34] [54/324] CPPD
[10:03:34] [55/324] FCLK
[10:03:35] [56/324] SCPP
[10:03:36] [57/324] DCMJ
[10:03:38] [58/324] RCCR
[10:03:39] [59/324] INMT
[10:03:39] [60/324] LXTK
[10:03:40] [61/324] SRYK
[10:03:41] [62/324] SGDK
[10:03:41] [63/324] PPKA
[10:03:42] [64/324] SPKA
[10:03:43] [65/324] CGHH
[10:03:45] [66/324] DCJN
[10:03:46] [67/324] SRKV
[10:03:46] [68/324] SAJC
[10:03:47] [69/324] SUSR
[10:03:48] [70/324] STYG
[10:03:49] [71/324] NTKP
[10:03:50] [72/324] AKTG
[10:03:50] [73/324] CGCM
[10:03:52] [74/324] TULC
[10:03:52] [75/324] NYYZ
[10:03:53] [76/324] NYBW
[10:03:54] [77/324] MACB
[10:03:55] [78/324] SLVT
[10:03:56] [79/324] SANA
[10:03:57] [80/324] ACMR
[10:03:57] [81/324] CPKN
[10:03:58] [82/324] DLGK
[10:03:59] [83/324] CWCK
[10:04:00] [84/324] FDDH
[10:04:01] [85/324] MMMD
[10:04:02] [86/324] CMEH
[10:04:03] [87/324] GGGV
[10:04:04] [88/324] SPJL
[10:04:04] [89/324] RCCD
[10:04:05] [90/324] STTZ
[10:04:06] [91/324] BTCF
[10:04:07] [92/324] TSTZ
[10:04:08] [93/324] IPMM
[10:04:09] [94/324] PMPW
[10:04:10] [95/324] PCMZ
[10:04:11] [96/324] ESEM
[10:04:12] [97/324] PIPO
[10:04:13] [98/324] MATK
[10:04:14] [99/324] PGHM
[10:04:15] [100/324] CTSR
[10:04:16] [101/324] CYKR
[10:04:17] [102/324] MSCM
[10:04:18] [103/324] RFNP
[10:04:19] [104/324] PDCP
[10:04:20] [105/324] NPSE
[10:04:21] [106/324] MKML
[10:04:22] [107/324] FTDP
[10:04:22] [108/324] MMXA
[10:04:23] [109/324] CEPO
[10:04:24] [110/324] CMVP
[10:04:25] [111/324] SGTH
[10:04:26] [112/324] SAYN
[10:04:27] [113/324] URVS
[10:04:28] [114/324] VJTN
[10:04:28] [115/324] BBYK
[10:04:29] [116/324] SHBO
[10:04:30] [117/324] VCMR
[10:04:30] [118/324] MACT
[10:04:31] [119/324] JMNP
[10:04:32] [120/324] VICS
[10:04:33] [121/324] VCDA
[10:04:34] [122/324] GCMM
[10:04:35] [123/324] INVS
[10:04:36] [124/324] SCGM
[10:04:37] [125/324] PCDA
[10:04:38] [126/324] KDCT
[10:04:38] [127/324] JACS
[10:04:39] [128/324] GMMC
[10:04:40] [129/324] AICM
[10:04:41] [130/324] TJCM
[10:04:42] [131/324] RMTI
[10:04:43] [132/324] SHAC
[10:04:43] [133/324] APJC
[10:04:44] [134/324] GCTG
[10:04:45] [135/324] SSMC
[10:04:46] [136/324] THRM
[10:04:47] [137/324] RBCT
[10:04:47] [138/324] DIKT
[10:04:48] [139/324] MIDL
[10:04:50] [140/324] VCSN
[10:04:51] [141/324] SKTG
[10:04:52] [142/324] SMWC
[10:04:53] [143/324] MNKH
[10:04:54] [144/324] PIAT
[10:04:55] [145/324] LTTP
[10:04:55] [146/324] PTPU
[10:04:56] [147/324] ACMG
[10:04:57] [148/324] SHMM
[10:04:59] [149/324] MCMN
[10:05:00] [150/324] GLDC
[10:05:00] [151/324] HOUT
[10:05:01] [152/324] SVRP
[10:05:02] [153/324] PVDN
[10:05:03] [154/324] SCPY
[10:05:04] [155/324] DTPY
[10:05:05] [156/324] GKCS
[10:05:06] [157/324] NCAM
[10:05:07] [158/324] BSRM
[10:05:07] [159/324] RCLC
[10:05:08] [160/324] SKKD
[10:05:09] [161/324] ACHU
[10:05:10] [162/324] RSCF
[10:05:11] [163/324] IMSH
[10:05:11] [164/324] MACX
[10:05:12] [165/324] HMMW
[10:05:13] [166/324] JTCP
[10:05:14] [167/324] SREN
[10:05:15] [168/324] PJRR
[10:05:15] [169/324] INAC
[10:05:16] [170/324] BMCA
[10:05:17] [171/324] SHCB
[10:05:18] [172/324] GABA
[10:05:19] [173/324] SBCT
[10:05:20] [174/324] GCMA
[10:05:20] [175/324] MYTK
[10:05:21] [176/324] INZS
[10:05:22] [177/324] RMIK
[10:05:23] [178/324] NYCH
[10:05:24] [179/324] RAVE
[10:05:24] [180/324] PSXM
[10:05:25] [181/324] MCGP
[10:05:26] [182/324] PDDK
[10:05:27] [183/324] SPCK
[10:05:28] [184/324] MCRL
[10:05:29] [185/324] MHKT
[10:05:29] [186/324] ANRR
[10:05:30] [187/324] SAPK
[10:05:31] [188/324] NCUK
[10:05:32] [189/324] JUGA
[10:05:33] [190/324] DBSC
[10:05:34] [191/324] LALK
[10:05:34] [192/324] GUCK
[10:05:35] [193/324] STSG
[10:05:36] [194/324] PPPZ
[10:05:37] [195/324] CNCY
[10:05:38] [196/324] MTAR
[10:05:39] [197/324] VNKD
[10:05:39] [198/324] KMAJ
[10:05:40] [199/324] ACXK
[10:05:41] [200/324] UTKC
[10:05:41] [201/324] PBLK
[10:05:42] [202/324] ACBX
[10:05:43] [203/324] PTGM
[10:05:44] [204/324] BTDA
[10:05:45] [205/324] PJMB
[10:05:46] [206/324] TPDA
[10:05:47] [207/324] AMOE
[10:05:47] [208/324] PRHT
[10:05:48] [209/324] PRTA
[10:05:49] [210/324] STAM
[10:05:50] [211/324] MSAA
[10:05:51] [212/324] SDLU
[10:05:51] [213/324] RCHH
[10:05:52] [214/324] KANT
[10:05:53] [215/324] FCRT
[10:05:54] [216/324] DNKM
[10:05:55] [217/324] RYCP
[10:05:56] [218/324] MYRP
[10:05:57] [219/324] PPAK
[10:05:58] [220/324] NVPK
[10:05:59] [221/324] PRMC
[10:06:00] [222/324] JBCS
[10:06:00] [223/324] GXCK
[10:06:02] [224/324] USKO
[10:06:03] [225/324] GTEM
[10:06:04] [226/324] SMBU
[10:06:04] [227/324] VETC
[10:06:05] [228/324] LCDA
[10:06:06] [229/324] MTVT
[10:06:07] [230/324] PYCP
[10:06:08] [231/324] PNSC
[10:06:08] [232/324] PPCC
[10:06:09] [233/324] TGRT
[10:06:10] [234/324] JYOT
[10:06:11] [235/324] SRCZ
[10:06:12] [236/324] SJTE
[10:06:13] [237/324] DESC
[10:06:13] [238/324] JHVN
[10:06:14] [239/324] IPSG
[10:06:15] [240/324] IPCM
[10:06:16] [241/324] PDRS
[10:06:17] [242/324] ANCV
[10:06:17] [243/324] CMVV
[10:06:18] [244/324] SHYP
[10:06:19] [245/324] DNCS
[10:06:20] [246/324] GAJK
[10:06:21] [247/324] AKTN
[10:06:22] [248/324] KAYA
[10:06:23] [249/324] SBRC
[10:06:24] [250/324] CHTP
[10:06:24] [251/324] SHRT
[10:06:26] [252/324] BCKU
[10:06:27] [253/324] FCPS
[10:06:28] [254/324] ARDD
[10:06:28] [255/324] CPCM
[10:06:29] [256/324] CGSM
[10:06:30] [257/324] PSMP
[10:06:31] [258/324] SDAL
[10:06:32] [259/324] RTNB
[10:06:34] [260/324] LMCR
[10:06:34] [261/324] CIMA
[10:06:35] [262/324] RNAS
[10:06:36] [263/324] LITH
[10:06:37] [264/324] PBOX
[10:06:38] [265/324] FRTS
[10:06:38] [266/324] RKIC
[10:06:40] [267/324] PTAI
[10:06:41] [268/324] GCIC
[10:06:42] [269/324] FNAS
[10:06:43] [270/324] SCAR
[10:06:43] [271/324] MTCA
[10:06:44] [272/324] SCTS
[10:06:45] [273/324] SYCS
[10:06:46] [274/324] RDMS
[10:06:47] [275/324] KAMP
[10:06:47] [276/324] ERSD
[10:06:48] [277/324] MJMJ
[10:06:49] [278/324] SRCJ
[10:06:50] [279/324] SCXE
[10:06:51] [280/324] SVFR
[10:06:53] [281/324] BHCS
[10:06:53] [282/324] IMCC
[10:06:54] [283/324] PCBO
[10:06:55] [284/324] PRVN
[10:06:56] [285/324] AUPM
[10:06:56] [286/324] INBW
[10:06:57] [287/324] SVCW
[10:06:58] [288/324] RKCF
[10:06:59] [289/324] UVBH
[10:07:00] [290/324] DNCY
[10:07:01] [291/324] ABCN
[10:07:01] [292/324] PRUR
[10:07:03] [293/324] PFMR
[10:07:03] [294/324] RKCN
[10:07:04] [295/324] CFEA
[10:07:05] [296/324] SDBG
[10:07:06] [297/324] SNAR
[10:07:07] [298/324] YISI
[10:07:08] [299/324] JCFF
[10:07:09] [300/324] VTRK
[10:07:09] [301/324] PCLZ
[10:07:10] [302/324] DIMY
[10:07:11] [303/324] BBTS
[10:07:12] [304/324] GATH
[10:07:13] [305/324] GTMN
[10:07:14] [306/324] VTMH
[10:07:14] [307/324] CCKP
[10:07:15] [308/324] GPKA
[10:07:16] [309/324] MHCL
[10:07:17] [310/324] ATCL
[10:07:18] [311/324] SBCK
[10:07:19] [312/324] AMMR
[10:07:19] [313/324] MADC
[10:07:20] [314/324] TMMA
[10:07:22] [315/324] CACC
[10:07:23] [316/324] CHAL
[10:07:24] [317/324] DURG
[10:07:24] [318/324] GMKU
[10:07:25] [319/324] GECA
[10:07:26] [320/324] KYRR
[10:07:27] [321/324] KSDE
[10:07:27] [322/324] LMCI
[10:07:28] [323/324] NKCP
[10:07:29] [324/324] BGTC
[10:07:29] 🧹 Deduping shows
[10:07:29] ✅ DONE | Shows=143 | Movies=10
[16:43:00] 🚀 SCRIPT STARTED
[16:43:00] [1/324] GCTA
[16:43:00] 🧠 New identity created
[16:43:01] [2/324] TOPN
[16:43:02] [3/324] MCUS
[16:43:03] [4/324] SHRL
[16:43:03] [5/324] UPTP
[16:43:04] [6/324] TMMP
[16:43:05] [7/324] DNRP
[16:43:07] [8/324] SRLT
[16:43:08] [9/324] RCNS
[16:43:08] [10/324] DCBH
[16:43:09] [11/324] NAGJ
[16:43:10] [12/324] JVRC
[16:43:11] [13/324] KRJG
[16:43:12] [14/324] SRTJ
[16:43:13] [15/324] CMXM
[16:43:14] [16/324] STMI
[16:43:15] [17/324] SLST
[16:43:16] [18/324] DTCN
[16:43:17] [19/324] STYN
[16:43:18] [20/324] SZVR
[16:43:18] [21/324] SRKO
[16:43:19] [22/324] JTGT
[16:43:21] [23/324] SVFD
[16:43:22] [24/324] SISD
[16:43:23] [25/324] ABDD
[16:43:24] [26/324] DRCA
[16:43:24] [27/324] AVCS
[16:43:25] [28/324] MVKH
[16:43:26] [29/324] ACPR
[16:43:29] [30/324] STIP
[16:43:30] [31/324] MTRA
[16:43:31] [32/324] RMKH
[16:43:32] [33/324] NKRL
[16:43:33] [34/324] PCWN
[16:43:34] [35/324] BLMT
[16:43:35] [36/324] GDPG
[16:43:36] [37/324] SRMX
[16:43:37] [38/324] JACP
[16:43:38] [39/324] CPSH
[16:43:41] [40/324] MCCD
[16:43:42] [41/324] ECGH
[16:43:43] [42/324] MKCK
[16:43:43] [43/324] SRMM
[16:43:44] [44/324] SKYR
[16:43:45] [45/324] PCKC
[16:43:46] [46/324] JCMA
[16:43:47] [47/324] BSMP
[16:43:47] [48/324] VSPA
[16:43:48] [49/324] DJYA
[16:43:50] [50/324] DIMP
[16:43:51] [51/324] FXDR
[16:43:52] [52/324] SSRC
[16:43:53] [53/324] STHP
[16:43:54] [54/324] CPPD
[16:43:55] [55/324] FCLK
[16:43:56] [56/324] SCPP
[16:43:57] [57/324] DCMJ
[16:43:58] [58/324] RCCR
[16:43:59] [59/324] INMT
[16:44:00] [60/324] LXTK
[16:44:01] [61/324] SRYK
[16:44:02] [62/324] SGDK
[16:44:03] [63/324] PPKA
[16:44:04] [64/324] SPKA
[16:44:05] [65/324] CGHH
[16:44:06] [66/324] DCJN
[16:44:07] [67/324] SRKV
[16:44:08] [68/324] SAJC
[16:44:09] [69/324] SUSR
[16:44:09] [70/324] STYG
[16:44:10] [71/324] NTKP
[16:44:11] [72/324] AKTG
[16:44:12] [73/324] CGCM
[16:44:13] [74/324] TULC
[16:44:14] [75/324] NYYZ
[16:44:15] [76/324] NYBW
[16:44:15] [77/324] MACB
[16:44:16] [78/324] SLVT
[16:44:17] [79/324] SANA
[16:44:18] [80/324] ACMR
[16:44:19] [81/324] CPKN
[16:44:20] [82/324] DLGK
[16:44:20] [83/324] CWCK
[16:44:22] [84/324] FDDH
[16:44:22] [85/324] MMMD
[16:44:23] [86/324] CMEH
[16:44:25] [87/324] GGGV
[16:44:26] [88/324] SPJL
[16:44:27] [89/324] RCCD
[16:44:27] [90/324] STTZ
[16:44:28] [91/324] BTCF
[16:44:29] [92/324] TSTZ
[16:44:30] [93/324] IPMM
[16:44:31] [94/324] PMPW
[16:44:32] [95/324] PCMZ
[16:44:33] [96/324] ESEM
[16:44:35] [97/324] PIPO
[16:44:35] [98/324] MATK
[16:44:36] [99/324] PGHM
[16:44:37] [100/324] CTSR
[16:44:38] [101/324] CYKR
[16:44:39] [102/324] MSCM
[16:44:39] [103/324] RFNP
[16:44:41] [104/324] PDCP
[16:44:41] [105/324] NPSE
[16:44:42] [106/324] MKML
[16:44:43] [107/324] FTDP
[16:44:44] [108/324] MMXA
[16:44:45] [109/324] CEPO
[16:44:45] [110/324] CMVP
[16:44:46] [111/324] SGTH
[16:44:48] [112/324] SAYN
[16:44:49] [113/324] URVS
[16:44:50] [114/324] VJTN
[16:44:51] [115/324] BBYK
[16:44:52] [116/324] SHBO
[16:44:53] [117/324] VCMR
[16:44:54] [118/324] MACT
[16:44:55] [119/324] JMNP
[16:44:56] [120/324] VICS
[16:44:57] [121/324] VCDA
[16:44:58] [122/324] GCMM
[16:44:58] [123/324] INVS
[16:44:59] [124/324] SCGM
[16:45:00] [125/324] PCDA
[16:45:01] [126/324] KDCT
[16:45:02] [127/324] JACS
[16:45:02] [128/324] GMMC
[16:45:04] [129/324] AICM
[16:45:05] [130/324] TJCM
[16:45:06] [131/324] RMTI
[16:45:06] [132/324] SHAC
[16:45:07] [133/324] APJC
[16:45:09] [134/324] GCTG
[16:45:09] [135/324] SSMC
[16:45:10] [136/324] THRM
[16:45:11] [137/324] RBCT
[16:45:12] [138/324] DIKT
[16:45:12] [139/324] MIDL
[16:45:13] [140/324] VCSN
[16:45:14] [141/324] SKTG
[16:45:14] [142/324] SMWC
[16:45:15] [143/324] MNKH
[16:45:16] [144/324] PIAT
[16:45:17] [145/324] LTTP
[16:45:18] [146/324] PTPU
[16:45:18] [147/324] ACMG
[16:45:19] [148/324] SHMM
[16:45:20] [149/324] MCMN
[16:45:21] [150/324] GLDC
[16:45:22] [151/324] HOUT
[16:45:23] [152/324] SVRP
[16:45:23] [153/324] PVDN
[16:45:24] [154/324] SCPY
[16:45:26] [155/324] DTPY
[16:45:27] [156/324] GKCS
[16:45:27] [157/324] NCAM
[16:45:28] [158/324] BSRM
[16:45:29] [159/324] RCLC
[16:45:30] [160/324] SKKD
[16:45:30] [161/324] ACHU
[16:45:31] [162/324] RSCF
[16:45:32] [163/324] IMSH
[16:45:33] [164/324] MACX
[16:45:34] [165/324] HMMW
[16:45:35] [166/324] JTCP
[16:45:36] [167/324] SREN
[16:45:37] [168/324] PJRR
[16:45:38] [169/324] INAC
[16:45:39] [170/324] BMCA
[16:45:40] [171/324] SHCB
[16:45:42] [172/324] GABA
[16:45:43] [173/324] SBCT
[16:45:43] [174/324] GCMA
[16:45:45] [175/324] MYTK
[16:45:46] [176/324] INZS
[16:45:47] [177/324] RMIK
[16:45:48] [178/324] NYCH
[16:45:49] [179/324] RAVE
[16:45:49] [180/324] PSXM
[16:45:50] [181/324] MCGP
[16:45:51] [182/324] PDDK
[16:45:52] [183/324] SPCK
[16:45:52] [184/324] MCRL
[16:45:53] [185/324] MHKT
[16:45:54] [186/324] ANRR
[16:45:56] [187/324] SAPK
[16:45:57] [188/324] NCUK
[16:45:57] [189/324] JUGA
[16:45:58] [190/324] DBSC
[16:45:59] [191/324] LALK
[16:46:00] [192/324] GUCK
[16:46:01] [193/324] STSG
[16:46:02] [194/324] PPPZ
[16:46:03] [195/324] CNCY
[16:46:04] [196/324] MTAR
[16:46:05] [197/324] VNKD
[16:46:06] [198/324] KMAJ
[16:46:07] [199/324] ACXK
[16:46:08] [200/324] UTKC
[16:46:09] [201/324] PBLK
[16:46:09] [202/324] ACBX
[16:46:10] [203/324] PTGM
[16:46:11] [204/324] BTDA
[16:46:12] [205/324] PJMB
[16:46:13] [206/324] TPDA
[16:46:14] [207/324] AMOE
[16:46:15] [208/324] PRHT
[16:46:16] [209/324] PRTA
[16:46:16] [210/324] STAM
[16:46:17] [211/324] MSAA
[16:46:18] [212/324] SDLU
[16:46:19] [213/324] RCHH
[16:46:19] [214/324] KANT
[16:46:20] [215/324] FCRT
[16:46:21] [216/324] DNKM
[16:46:22] [217/324] RYCP
[16:46:23] [218/324] MYRP
[16:46:24] [219/324] PPAK
[16:46:25] [220/324] NVPK
[16:46:26] [221/324] PRMC
[16:46:27] [222/324] JBCS
[16:46:28] [223/324] GXCK
[16:46:29] [224/324] USKO
[16:46:30] [225/324] GTEM
[16:46:31] [226/324] SMBU
[16:46:31] [227/324] VETC
[16:46:32] [228/324] LCDA
[16:46:33] [229/324] MTVT
[16:46:34] [230/324] PYCP
[16:46:35] [231/324] PNSC
[16:46:36] [232/324] PPCC
[16:46:37] [233/324] TGRT
[16:46:37] [234/324] JYOT
[16:46:38] [235/324] SRCZ
[16:46:39] [236/324] SJTE
[16:46:40] [237/324] DESC
[16:46:41] [238/324] JHVN
[16:46:41] [239/324] IPSG
[16:46:42] [240/324] IPCM
[16:46:44] [241/324] PDRS
[16:46:45] [242/324] ANCV
[16:46:45] [243/324] CMVV
[16:46:46] [244/324] SHYP
[16:46:47] [245/324] DNCS
[16:46:47] [246/324] GAJK
[16:46:48] [247/324] AKTN
[16:46:49] [248/324] KAYA
[16:46:49] [249/324] SBRC
[16:46:50] [250/324] CHTP
[16:46:51] [251/324] SHRT
[16:46:52] [252/324] BCKU
[16:46:53] [253/324] FCPS
[16:46:53] [254/324] ARDD
[16:46:54] [255/324] CPCM
[16:46:55] [256/324] CGSM
[16:46:56] [257/324] PSMP
[16:46:57] [258/324] SDAL
[16:46:57] [259/324] RTNB
[16:46:58] [260/324] LMCR
[16:46:59] [261/324] CIMA
[16:47:01] [262/324] RNAS
[16:47:01] [263/324] LITH
[16:47:03] [264/324] PBOX
[16:47:04] [265/324] FRTS
[16:47:04] [266/324] RKIC
[16:47:06] [267/324] PTAI
[16:47:07] [268/324] GCIC
[16:47:08] [269/324] FNAS
[16:47:09] [270/324] SCAR
[16:47:10] [271/324] MTCA
[16:47:10] [272/324] SCTS
[16:47:11] [273/324] SYCS
[16:47:12] [274/324] RDMS
[16:47:13] [275/324] KAMP
[16:47:14] [276/324] ERSD
[16:47:15] [277/324] MJMJ
[16:47:15] [278/324] SRCJ
[16:47:17] [279/324] SCXE
[16:47:18] [280/324] SVFR
[16:47:19] [281/324] BHCS
[16:47:20] [282/324] IMCC
[16:47:21] [283/324] PCBO
[16:47:21] [284/324] PRVN
[16:47:22] [285/324] AUPM
[16:47:23] [286/324] INBW
[16:47:24] [287/324] SVCW
[16:47:25] [288/324] RKCF
[16:47:26] [289/324] UVBH
[16:47:27] [290/324] DNCY
[16:47:28] [291/324] ABCN
[16:47:28] [292/324] PRUR
[16:47:29] [293/324] PFMR
[16:47:30] [294/324] RKCN
[16:47:31] [295/324] CFEA
[16:47:32] [296/324] SDBG
[16:47:33] [297/324] SNAR
[16:47:34] [298/324] YISI
[16:47:35] [299/324] JCFF
[16:47:35] [300/324] VTRK
[16:47:36] [301/324] PCLZ
[16:47:37] [302/324] DIMY
[16:47:38] [303/324] BBTS
[16:47:39] [304/324] GATH
[16:47:40] [305/324] GTMN
[16:47:41] [306/324] VTMH
[16:47:42] [307/324] CCKP
[16:47:43] [308/324] GPKA
[16:47:44] [309/324] MHCL
[16:47:45] [310/324] ATCL
[16:47:46] [311/324] SBCK
[16:47:47] [312/324] AMMR
[16:47:48] [313/324] MADC
[16:47:49] [314/324] TMMA
[16:47:50] [315/324] CACC
[16:47:51] [316/324] CHAL
[16:47:52] [317/324] DURG
[16:47:53] [318/324] GMKU
[16:47:53] [319/324] GECA
[16:47:54] [320/324] KYRR
[16:47:56] [321/324] KSDE
[16:47:57] [322/324] LMCI
[16:47:58] [323/324] NKCP
[16:48:00] [324/324] BGTC
[16:48:01] 🧹 Deduping shows
[16:48:01] ✅ DONE | Shows=218 | Movies=15
