[00:49:18] 🚀 BMS DAILY TRACKER STARTED
[00:49:18] [1/445] TGMR
[00:49:18] 🧠 New identity
[00:49:19] [2/445] CXKR
[00:49:20] [3/445] SROP
[00:49:21] [4/445] GTSV
[00:49:22] [5/445] SNTY
[00:49:23] [6/445] SMYY
[00:49:24] [7/445] CNCS
[00:49:24] [8/445] CSTM
[00:49:25] [9/445] NUCD
[00:49:26] [10/445] SHCZ
[00:49:27] [11/445] NJCT
[00:49:28] [12/445] COPC
[00:49:29] [13/445] STVV
[00:49:30] [14/445] SKRN
[00:49:30] [15/445] APPZ
[00:49:31] [16/445] YMGN
[00:49:32] [17/445] SVTU
[00:49:33] [18/445] GTAD
[00:49:34] [19/445] PSUS
[00:49:35] [20/445] SMCD
[00:49:36] [21/445] CMCM
[00:49:37] [22/445] SYCT
[00:49:38] [23/445] STLY
[00:49:39] [24/445] CMHU
[00:49:40] [25/445] CMSA
[00:49:41] [26/445] CLCU
[00:49:41] [27/445] PPNT
[00:49:42] [28/445] JTAB
[00:49:43] [29/445] BUUC
[00:49:44] [30/445] BSVK
[00:49:45] [31/445] VVVQ
[00:49:46] [32/445] TKMU
[00:49:47] [33/445] ESYL
[00:49:48] [34/445] ACHP
[00:49:49] [35/445] BTKD
[00:49:50] [36/445] DESA
[00:49:51] [37/445] GBCT
[00:49:52] [38/445] BLLD
[00:49:53] [39/445] SKNT
[00:49:54] [40/445] SSTE
[00:49:54] [41/445] VJMR
[00:49:55] [42/445] NTPU
[00:49:56] [43/445] RDKN
[00:49:57] [44/445] ADGC
[00:49:58] [45/445] VRBP
[00:49:58] [46/445] NMNA
[00:49:59] [47/445] CMMX
[00:50:00] [48/445] PTKO
[00:50:01] [49/445] RBML
[00:50:02] [50/445] SAIC
[00:50:03] [51/445] SVTJ
[00:50:04] [52/445] MRTE
[00:50:05] [53/445] RBTP
[00:50:06] [54/445] NLPS
[00:50:07] [55/445] GTNA
[00:50:08] [56/445] DGGC
[00:50:09] [57/445] SMCR
[00:50:10] [58/445] SCGD
[00:50:11] [59/445] SRRJ
[00:50:12] [60/445] CNRY
[00:50:12] [61/445] KTDI
[00:50:13] [62/445] SNJL
[00:50:14] [63/445] RKMD
[00:50:15] [64/445] SMDC
[00:50:16] [65/445] TADG
[00:50:17] [66/445] MCGS
[00:50:18] [67/445] PETK
[00:50:18] [68/445] CHAG
[00:50:19] [69/445] KSTL
[00:50:20] [70/445] AADS
[00:50:21] [71/445] NTHZ
[00:50:22] [72/445] HCKI
[00:50:23] [73/445] SSEF
[00:50:23] [74/445] MCGX
[00:50:24] [75/445] ERRA
[00:50:25] [76/445] SDTW
[00:50:26] [77/445] RMPK
[00:50:27] [78/445] PTHK
[00:50:28] [79/445] PXCS
[00:50:29] [80/445] SVLU
[00:50:30] [81/445] STAH
[00:50:31] [82/445] JRGF
[00:50:33] [83/445] CDOK
[00:50:34] [84/445] CMSG
[00:50:35] [85/445] APTD
[00:50:36] [86/445] KMPG
[00:50:37] [87/445] MUTJ
[00:50:38] [88/445] VCCI
[00:50:39] [89/445] URBE
[00:50:40] [90/445] TCTS
[00:50:41] [91/445] STSN
[00:50:41] [92/445] AKCH
[00:50:42] [93/445] APSC
[00:50:44] [94/445] VLTB
[00:50:45] [95/445] SANU
[00:50:46] [96/445] AXAM
[00:50:47] [97/445] MGMG
[00:50:47] [98/445] HTBY
[00:50:48] [99/445] MMZS
[00:50:49] [100/445] SUDR
[00:50:50] [101/445] CCAD
[00:50:51] [102/445] SKKC
[00:50:52] [103/445] RMCD
[00:50:52] [104/445] SBCQ
[00:50:53] [105/445] DCCT
[00:50:54] [106/445] VTKP
[00:50:55] [107/445] MLAM
[00:50:56] [108/445] SAVT
[00:50:57] [109/445] GEPL
[00:50:57] [110/445] AMCD
[00:50:58] [111/445] CCXR
[00:50:59] [112/445] GRNG
[00:51:00] [113/445] EBCA
[00:51:02] [114/445] CNVG
[00:51:02] [115/445] MWSS
[00:51:04] [116/445] VBOR
[00:51:05] [117/445] NEEB
[00:51:06] [118/445] SUTH
[00:51:07] [119/445] ANDB
[00:51:08] [120/445] MMXS
[00:51:09] [121/445] CNPD
[00:51:10] [122/445] SDCE
[00:51:11] [123/445] DHCB
[00:51:12] [124/445] ODEN
[00:51:13] [125/445] TNTC
[00:51:13] [126/445] VBKM
[00:51:14] [127/445] RZYM
[00:51:15] [128/445] JEMC
[00:51:16] [129/445] CMAU
[00:51:16] [130/445] SIVP
[00:51:17] [131/445] ATAG
[00:51:18] [132/445] CHTM
[00:51:19] [133/445] AAEE
[00:51:20] [134/445] IWPM
[00:51:21] [135/445] KCMW
[00:51:21] [136/445] MCTD
[00:51:22] [137/445] SPWR
[00:51:23] [138/445] SDPO
[00:51:24] [139/445] PCSK
[00:51:25] [140/445] ACHV
[00:51:25] [141/445] SVLA
[00:51:26] [142/445] PICT
[00:51:27] [143/445] BXDR
[00:51:28] [144/445] SPWA
[00:51:29] [145/445] MCKO
[00:51:29] [146/445] RTHK
[00:51:30] [147/445] CCMF
[00:51:31] [148/445] MRGB
[00:51:32] [149/445] CPLC
[00:51:33] [150/445] RACD
[00:51:34] [151/445] ATKT
[00:51:36] [152/445] SARN
[00:51:37] [153/445] KKUI
[00:51:38] [154/445] RGCM
[00:51:38] [155/445] BRVP
[00:51:39] [156/445] HRSR
[00:51:40] [157/445] GKGM
[00:51:41] [158/445] TTCD
[00:51:41] [159/445] PTTI
[00:51:42] [160/445] MPTT
[00:51:43] [161/445] CVTT
[00:51:44] [162/445] PCXD
[00:51:45] [163/445] GCDC
[00:51:46] [164/445] CCCF
[00:51:47] [165/445] MRAD
[00:51:48] [166/445] CPLK
[00:51:48] [167/445] SATB
[00:51:49] [168/445] SNVG
[00:51:50] [169/445] JMBA
[00:51:51] [170/445] TEJA
[00:51:52] [171/445] STYO
[00:51:53] [172/445] JTBP
[00:51:54] [173/445] KRGD
[00:51:55] [174/445] SLJJ
[00:51:56] [175/445] SPTJ
[00:51:57] [176/445] SWJG
[00:51:58] [177/445] LKRT
[00:51:59] [178/445] KCKA
[00:52:00] [179/445] SNCR
[00:52:01] [180/445] SMKL
[00:52:02] [181/445] GCFA
[00:52:03] [182/445] DDCK
[00:52:04] [183/445] NCHJ
[00:52:05] [184/445] RDMA
[00:52:06] [185/445] SVSV
[00:52:07] [186/445] SCJG
[00:52:08] [187/445] VKLP
[00:52:09] [188/445] NWCC
[00:52:10] [189/445] VKNS
[00:52:11] [190/445] SDDP
[00:52:12] [191/445] ACSI
[00:52:13] [192/445] SATG
[00:52:13] [193/445] SCMW
[00:52:14] [194/445] LKTK
[00:52:15] [195/445] VCKV
[00:52:15] [196/445] KKPE
[00:52:16] [197/445] KIGH
[00:52:17] [198/445] SRPM
[00:52:18] [199/445] SCAH
[00:52:19] [200/445] MUTA
[00:52:20] [201/445] SEPU
[00:52:21] [202/445] INOA
[00:52:22] [203/445] BASK
[00:52:22] [204/445] NECB
[00:52:23] [205/445] GTTG
[00:52:24] [206/445] ASSA
[00:52:25] [207/445] ANCL
[00:52:26] [208/445] GCTI
[00:52:27] [209/445] RCTS
[00:52:28] [210/445] ACNL
[00:52:29] [211/445] MYCT
[00:52:30] [212/445] NMHT
[00:52:31] [213/445] MDIT
[00:52:32] [214/445] LATG
[00:52:32] [215/445] SMTY
[00:52:33] [216/445] CVCT
[00:52:34] [217/445] RAMB
[00:52:35] [218/445] TGMS
[00:52:36] [219/445] BHEL
[00:52:37] [220/445] SHCT
[00:52:38] [221/445] SVCT
[00:52:39] [222/445] MRIY
[00:52:40] [223/445] SARO
[00:52:41] [224/445] STCT
[00:52:42] [225/445] JKKC
[00:52:43] [226/445] PLTT
[00:52:44] [227/445] SRNT
[00:52:44] [228/445] YAST
[00:52:45] [229/445] PERL
[00:52:46] [230/445] CICM
[00:52:47] [231/445] MMTR
[00:52:48] [232/445] ABTK
[00:52:49] [233/445] ATYY
[00:52:49] [234/445] ASTK
[00:52:50] [235/445] VVCK
[00:52:51] [236/445] ATKY
[00:52:52] [237/445] GWEK
[00:52:53] [238/445] SVFH
[00:52:54] [239/445] SLTA
[00:52:55] [240/445] AASH
[00:52:56] [241/445] ACXB
[00:52:57] [242/445] SMTX
[00:52:58] [243/445] AZDH
[00:52:59] [244/445] CMMH
[00:53:00] [245/445] SCSZ
[00:53:02] [246/445] SCKP
[00:53:03] [247/445] NXTM
[00:53:03] [248/445] NWCS
[00:53:04] [249/445] CXMH
[00:53:05] [250/445] PCMA
[00:53:06] [251/445] SGCM
[00:53:07] [252/445] SDTU
[00:53:08] [253/445] MMVI
[00:53:08] [254/445] JKCM
[00:53:09] [255/445] VCMM
[00:53:10] [256/445] SYEE
[00:53:11] [257/445] VASD
[00:53:12] [258/445] BDRB
[00:53:12] [259/445] LASM
[00:53:13] [260/445] DCRL
[00:53:14] [261/445] DVPM
[00:53:15] [262/445] SBMJ
[00:53:16] [263/445] CBMU
[00:53:17] [264/445] IUBS
[00:53:17] [265/445] INAP
[00:53:19] [266/445] SRRC
[00:53:20] [267/445] SAGR
[00:53:21] [268/445] CPMJ
[00:53:22] [269/445] ATJL
[00:53:23] [270/445] NNTD
[00:53:23] [271/445] JHCJ
[00:53:24] [272/445] CMMP
[00:53:25] [273/445] RSDR
[00:53:26] [274/445] AMTI
[00:53:27] [275/445] NYSG
[00:53:27] [276/445] AVSG
[00:53:28] [277/445] SYTP
[00:53:29] [278/445] LARC
[00:53:30] [279/445] RJTP
[00:53:31] [280/445] LAKC
[00:53:31] [281/445] MCXE
[00:53:32] [282/445] CCZC
[00:53:33] [283/445] AVCH
[00:53:34] [284/445] CMBE
[00:53:35] [285/445] MRRC
[00:53:36] [286/445] PCPY
[00:53:37] [287/445] SRMH
[00:53:38] [288/445] SVGS
[00:53:39] [289/445] PCSE
[00:53:40] [290/445] SVFT
[00:53:41] [291/445] TNZP
[00:53:42] [292/445] ICTP
[00:53:43] [293/445] ACTZ
[00:53:44] [294/445] GTUR
[00:53:45] [295/445] MAFC
[00:53:46] [296/445] MINL
[00:53:47] [297/445] MRCL
[00:53:47] [298/445] RCRP
[00:53:48] [299/445] RFFG
[00:53:50] [300/445] RMAS
[00:53:51] [301/445] INVR
[00:53:52] [302/445] RMAR
[00:53:53] [303/445] CNIS
[00:53:54] [304/445] RHRJ
[00:53:55] [305/445] INXR
[00:53:56] [306/445] VALT
[00:53:57] [307/445] LCSH
[00:53:57] [308/445] CMVS
[00:53:58] [309/445] CNMS
[00:53:59] [310/445] ROOG
[00:54:00] [311/445] ISRM
[00:54:01] [312/445] RCRM
[00:54:02] [313/445] ACJA
[00:54:03] [314/445] RCVS
[00:54:05] [315/445] CPUS
[00:54:06] [316/445] TGCS
[00:54:07] [317/445] RKCJ
[00:54:08] [318/445] MKSB
[00:54:09] [319/445] TCSJ
[00:54:11] [320/445] RMGP
[00:54:12] [321/445] CLLP
[00:54:13] [322/445] RCMV
[00:54:13] [323/445] CCKS
[00:54:14] [324/445] RSRP
[00:54:15] [325/445] APLP
[00:54:16] [326/445] CNVS
[00:54:17] [327/445] RMVY
[00:54:17] [328/445] PGBD
[00:54:18] [329/445] KLMS
[00:54:19] [330/445] RUST
[00:54:20] [331/445] MASM
[00:54:21] [332/445] BACS
[00:54:22] [333/445] BWST
[00:54:22] [334/445] RRFH
[00:54:24] [335/445] SJTM
[00:54:24] [336/445] BEMR
[00:54:25] [337/445] MCGR
[00:54:26] [338/445] SDSK
[00:54:28] [339/445] VBOL
[00:54:29] [340/445] RMGM
[00:54:30] [341/445] NOPL
[00:54:30] [342/445] MKJK
[00:54:31] [343/445] CVRN
[00:54:33] [344/445] MMEN
[00:54:34] [345/445] AMNG
[00:54:35] [346/445] INTM
[00:54:36] [347/445] SLCZ
[00:54:37] [348/445] AMJN
[00:54:38] [349/445] ACJN
[00:54:39] [350/445] AMKN
[00:54:40] [351/445] BTCN
[00:54:41] [352/445] AMBT
[00:54:42] [353/445] PACN
[00:54:43] [354/445] LCNS
[00:54:43] [355/445] PPKC
[00:54:44] [356/445] JYYN
[00:54:45] [357/445] JTNR
[00:54:46] [358/445] GTEE
[00:54:47] [359/445] SRNM
[00:54:47] [360/445] SDTC
[00:54:48] [361/445] VPCA
[00:54:49] [362/445] VLRA
[00:54:50] [363/445] SHKR
[00:54:51] [364/445] SBKD
[00:54:51] [365/445] SAAD
[00:54:52] [366/445] JTGN
[00:54:53] [367/445] SLAM
[00:54:54] [368/445] VTPM
[00:54:55] [369/445] ANPT
[00:54:56] [370/445] PUNB
[00:54:56] [371/445] CPKT
[00:54:57] [372/445] CNWE
[00:54:58] [373/445] ECPP
[00:54:59] [374/445] CPAR
[00:55:00] [375/445] ESBW
[00:55:00] [376/445] PKPU
[00:55:01] [377/445] CPRP
[00:55:02] [378/445] RAHU
[00:55:03] [379/445] RHMN
[00:55:04] [380/445] FMJP
[00:55:05] [381/445] CTMP
[00:55:06] [382/445] INPN
[00:55:07] [383/445] STTG
[00:55:08] [384/445] CTRD
[00:55:08] [385/445] PUVB
[00:55:09] [386/445] ESVP
[00:55:10] [387/445] CPFT
[00:55:11] [388/445] LCPC
[00:55:12] [389/445] VBCT
[00:55:12] [390/445] FSCW
[00:55:13] [391/445] VCMP
[00:55:14] [392/445] ASHC
[00:55:15] [393/445] VLCX
[00:55:16] [394/445] SHEV
[00:55:17] [395/445] APCO
[00:55:18] [396/445] SILC
[00:55:19] [397/445] SNMR
[00:55:19] [398/445] KYBO
[00:55:20] [399/445] SATK
[00:55:22] [400/445] SSCS
[00:55:22] [401/445] CLSB
[00:55:23] [402/445] KMJR
[00:55:24] [403/445] FSCK
[00:55:25] [404/445] NNKA
[00:55:26] [405/445] CLMK
[00:55:27] [406/445] DMPZ
[00:55:28] [407/445] INQM
[00:55:28] [408/445] CAML
[00:55:29] [409/445] INRK
[00:55:31] [410/445] IMKN
[00:55:32] [411/445] SVNR
[00:55:33] [412/445] INSL
[00:55:33] [413/445] MSMA
[00:55:34] [414/445] MCKK
[00:55:36] [415/445] FCHP
[00:55:37] [416/445] SFCR
[00:55:37] [417/445] NACK
[00:55:38] [418/445] PVAK
[00:55:39] [419/445] INER
[00:55:40] [420/445] RDBK
[00:55:41] [421/445] SVFN
[00:55:41] [422/445] IFRM
[00:55:42] [423/445] ATCK
[00:55:43] [424/445] ASKO
[00:55:44] [425/445] STKT
[00:55:45] [426/445] SVFB
[00:55:46] [427/445] INKS
[00:55:47] [428/445] PCRA
[00:55:48] [429/445] ATJA
[00:55:48] [430/445] IMJN
[00:55:49] [431/445] INHD
[00:55:50] [432/445] BARA
[00:55:51] [433/445] MCSL
[00:55:52] [434/445] RTOY
[00:55:53] [435/445] MENO
[00:55:54] [436/445] PUDM
[00:55:55] [437/445] PRCN
[00:55:56] [438/445] JMJR
[00:55:57] [439/445] SSGK
[00:55:58] [440/445] SSRL
[00:55:59] [441/445] JYKL
[00:56:00] [442/445] ACNB
[00:56:00] [443/445] SONP
[00:56:02] [444/445] EMCI
[00:56:03] [445/445] MRJH
[00:56:04] ✅ DONE | Shows=0 | Movies=0
