[00:00:03] 🚀 BMS DAILY TRACKER STARTED
[00:00:03] [1/296] CDCA
[00:00:04] 🧠 New identity
[00:00:05] [2/296] MNSR
[00:00:06] [3/296] CSSL
[00:00:06] [4/296] BGGM
[00:00:07] [5/296] MANT
[00:00:08] [6/296] SOOY
[00:00:09] [7/296] VPPK
[00:00:10] [8/296] MYHJ
[00:00:12] [9/296] KSCK
[00:00:13] [10/296] KATK
[00:00:14] [11/296] RTRT
[00:00:15] [12/296] SSTT
[00:00:17] [13/296] SSTV
[00:00:17] [14/296] LACM
[00:00:18] [15/296] SGMG
[00:00:19] [16/296] KACX
[00:00:20] [17/296] GVCP
[00:00:21] [18/296] CSNC
[00:00:22] [19/296] SXCB
[00:00:24] [20/296] BAHS
[00:00:24] [21/296] PCBI
[00:00:26] [22/296] PSSM
[00:00:27] [23/296] RCOK
[00:00:28] [24/296] SCPF
[00:00:29] [25/296] SSAS
[00:00:30] [26/296] EVMM
[00:00:30] [27/296] SYCB
[00:00:31] [28/296] GCKI
[00:00:32] [29/296] IAET
[00:00:33] [30/296] DDTD
[00:00:35] [31/296] GMDH
[00:00:35] [32/296] STLE
[00:00:36] [33/296] JTRA
[00:00:37] [34/296] RPPA
[00:00:38] [35/296] ARUT
[00:00:40] [36/296] JTVM
[00:00:40] [37/296] SWRH
[00:00:41] [38/296] DCPC
[00:00:42] [39/296] RAPR
[00:00:43] [40/296] GCRT
[00:00:44] [41/296] ATUN
[00:00:45] [42/296] LTRM
[00:00:46] [43/296] TASR
[00:00:47] [44/296] RLLC
[00:00:48] [45/296] MABI
[00:00:49] [46/296] SVHB
[00:00:51] [47/296] NVTB
[00:00:51] [48/296] KCKG
[00:00:52] [49/296] SSRN
[00:00:53] [50/296] VDDC
[00:00:54] [51/296] GKTK
[00:00:56] [52/296] YFSN
[00:00:56] [53/296] GCSG
[00:00:57] [54/296] ESSM
[00:00:58] [55/296] KRIH
[00:00:59] [56/296] GCDS
[00:01:00] [57/296] CCSH
[00:01:01] [58/296] ACSK
[00:01:01] [59/296] APRK
[00:01:03] [60/296] ADKM
[00:01:04] [61/296] SRDM
[00:01:05] [62/296] RMOG
[00:01:07] [63/296] SJMY
[00:01:07] [64/296] PGGC
[00:01:08] [65/296] INGM
[00:01:10] [66/296] LSCB
[00:01:11] [67/296] STAD
[00:01:12] [68/296] MCCR
[00:01:13] [69/296] ABCC
[00:01:14] [70/296] RKCC
[00:01:15] [71/296] RTCR
[00:01:16] [72/296] GGBC
[00:01:17] [73/296] GCSD
[00:01:18] [74/296] LPTY
[00:01:19] [75/296] MCFD
[00:01:20] [76/296] HENN
[00:01:20] [77/296] SMKU
[00:01:21] [78/296] TNZC
[00:01:22] [79/296] DRCD
[00:01:23] [80/296] DLCD
[00:01:24] [81/296] RCDA
[00:01:25] [82/296] COSM
[00:01:26] [83/296] MCMJ
[00:01:27] [84/296] CSTR
[00:01:28] [85/296] CVDK
[00:01:29] [86/296] INRR
[00:01:29] [87/296] RJRT
[00:01:30] [88/296] IRMR
[00:01:31] [89/296] SRCF
[00:01:32] [90/296] GRCR
[00:01:34] [91/296] SURC
[00:01:35] [92/296] NMNH
[00:01:37] [93/296] SVBL
[00:01:38] [94/296] KACI
[00:01:39] [95/296] TDGO
[00:01:40] [96/296] KTBR
[00:01:41] [97/296] PMAD
[00:01:42] [98/296] CCPN
[00:01:43] [99/296] SBTK
[00:01:43] [100/296] LMDK
[00:01:44] [101/296] PGDA
[00:01:45] [102/296] SRML
[00:01:46] [103/296] EVCK
[00:01:47] [104/296] RTTK
[00:01:49] [105/296] SRTU
[00:01:50] [106/296] VRSA
[00:01:51] [107/296] VARS
[00:01:51] [108/296] DSCZ
[00:01:52] [109/296] GAGA
[00:01:53] [110/296] SARV
[00:01:54] [111/296] SEEG
[00:01:55] [112/296] GLCA
[00:01:56] [113/296] APAS
[00:01:57] [114/296] VCIA
[00:01:58] [115/296] SJTA
[00:01:59] [116/296] SABM
[00:02:00] [117/296] PPAG
[00:02:01] [118/296] RVCA
[00:02:02] [119/296] CCIA
[00:02:03] [120/296] HTAG
[00:02:05] [121/296] SMBI
[00:02:06] [122/296] MCJR
[00:02:06] [123/296] CCJR
[00:02:07] [124/296] SINF
[00:02:08] [125/296] CPLX
[00:02:09] [126/296] KKTJ
[00:02:10] [127/296] GDBW
[00:02:11] [128/296] CSUB
[00:02:12] [129/296] DABA
[00:02:13] [130/296] TITR
[00:02:15] [131/296] NYCR
[00:02:16] [132/296] RTRY
[00:02:17] [133/296] JTJL
[00:02:18] [134/296] SJCP
[00:02:19] [135/296] KCCA
[00:02:20] [136/296] MLPG
[00:02:21] [137/296] VRCK
[00:02:22] [138/296] SRIN
[00:02:23] [139/296] CXMK
[00:02:25] [140/296] SKAD
[00:02:26] [141/296] AVTR
[00:02:28] [142/296] PTAJ
[00:02:28] [143/296] SCNK
[00:02:29] [144/296] STTI
[00:02:30] [145/296] KACR
[00:02:31] [146/296] SSDX
[00:02:32] [147/296] VRTJ
[00:02:33] [148/296] RAJD
[00:02:33] [149/296] SCIP
[00:02:34] [150/296] RJSL
[00:02:35] [151/296] ARRS
[00:02:36] [152/296] ASMS
[00:02:38] [153/296] RDTS
[00:02:39] [154/296] DVMY
[00:02:40] [155/296] RASA
[00:02:40] [156/296] INOM
[00:02:42] [157/296] SPRS
[00:02:44] [158/296] SGCS
[00:02:45] [159/296] SALM
[00:02:46] [160/296] PKHC
[00:02:46] [161/296] RCSV
[00:02:47] [162/296] CPKC
[00:02:48] [163/296] AACD
[00:02:49] [164/296] GGCV
[00:02:50] [165/296] SMKD
[00:02:52] [166/296] NBCH
[00:02:53] [167/296] AMCB
[00:02:53] [168/296] OPCN
[00:02:54] [169/296] DCIN
[00:02:55] [170/296] INGW
[00:02:56] [171/296] PKKW
[00:02:58] [172/296] FNGW
[00:02:59] [173/296] GCGD
[00:02:59] [174/296] MSTW
[00:03:01] [175/296] KCCG
[00:03:02] [176/296] MRSS
[00:03:03] [177/296] CLCF
[00:03:04] [178/296] EETS
[00:03:05] [179/296] AATR
[00:03:06] [180/296] CMMN
[00:03:07] [181/296] SCCJ
[00:03:08] [182/296] CDTK
[00:03:09] [183/296] AICP
[00:03:10] [184/296] FNBP
[00:03:10] [185/296] CBPB
[00:03:11] [186/296] CPAS
[00:03:12] [187/296] MAPM
[00:03:13] [188/296] PASD
[00:03:15] [189/296] JCMN
[00:03:17] [190/296] MALB
[00:03:17] [191/296] SACG
[00:03:18] [192/296] DDRX
[00:03:19] [193/296] DDXB
[00:03:21] [194/296] RAMC
[00:03:21] [195/296] SANC
[00:03:23] [196/296] BCBP
[00:03:25] [197/296] ALPC
[00:03:26] [198/296] RBAC
[00:03:27] [199/296] RAJL
[00:03:27] [200/296] MPDX
[00:03:29] [201/296] MUSC
[00:03:30] [202/296] VKMK
[00:03:31] [203/296] SKCG
[00:03:32] [204/296] ANCN
[00:03:33] [205/296] MMCJ
[00:03:34] [206/296] DCAK
[00:03:35] [207/296] SCKG
[00:03:37] [208/296] LMCK
[00:03:38] [209/296] CKKX
[00:03:39] [210/296] ANKU
[00:03:41] [211/296] CSMD
[00:03:42] [212/296] MKMP
[00:03:42] [213/296] SVBG
[00:03:44] [214/296] ROOP
[00:03:45] [215/296] GDMT
[00:03:47] [216/296] FPPF
[00:03:48] [217/296] SFUU
[00:03:49] [218/296] ANCB
[00:03:50] [219/296] SMMC
[00:03:51] [220/296] UGKT
[00:03:52] [221/296] JVRM
[00:03:53] [222/296] BATG
[00:03:54] [223/296] RATE
[00:03:54] [224/296] SKME
[00:03:55] [225/296] LMTP
[00:03:56] [226/296] TCBD
[00:03:57] [227/296] ESBD
[00:03:58] [228/296] GDCU
[00:04:00] [229/296] SNKT
[00:04:01] [230/296] SRNK
[00:04:02] [231/296] SMED
[00:04:03] [232/296] CSQS
[00:04:05] [233/296] ALCS
[00:04:06] [234/296] KCKN
[00:04:07] [235/296] VCCL
[00:04:08] [236/296] MCDA
[00:04:09] [237/296] SHMI
[00:04:10] [238/296] SKHA
[00:04:12] [239/296] SVFK
[00:04:12] [240/296] INVB
[00:04:13] [241/296] MELD
[00:04:14] [242/296] JTYS
[00:04:15] [243/296] INCM
[00:04:16] [244/296] MCDV
[00:04:17] [245/296] KSGK
[00:04:18] [246/296] ICMG
[00:04:19] [247/296] CSCV
[00:04:20] [248/296] STMD
[00:04:21] [249/296] STTR
[00:04:21] [250/296] INVC
[00:04:22] [251/296] JTBL
[00:04:23] [252/296] SRVV
[00:04:24] [253/296] MAVC
[00:04:25] [254/296] SRPP
[00:04:27] [255/296] JGDM
[00:04:28] [256/296] MBSJ
[00:04:29] [257/296] SSLL
[00:04:29] [258/296] SLKP
[00:04:30] [259/296] NSRV
[00:04:31] [260/296] UTDV
[00:04:32] [261/296] KICM
[00:04:33] [262/296] KCMD
[00:04:34] [263/296] TTPP
[00:04:34] [264/296] KMPV
[00:04:36] [265/296] SKTV
[00:04:38] [266/296] STCV
[00:04:38] [267/296] SRDA
[00:04:39] [268/296] JTSX
[00:04:40] [269/296] STBV
[00:04:41] [270/296] APVZ
[00:04:42] [271/296] GSTV
[00:04:43] [272/296] NMVS
[00:04:44] [273/296] SKRT
[00:04:45] [274/296] RMDV
[00:04:46] [275/296] RATG
[00:04:47] [276/296] SJYV
[00:04:47] [277/296] NDGP
[00:04:48] [278/296] SNDG
[00:04:49] [279/296] INSR
[00:04:50] [280/296] INSO
[00:04:51] [281/296] CCSI
[00:04:52] [282/296] RASM
[00:04:52] [283/296] NEWC
[00:04:53] [284/296] VSHL
[00:04:54] [285/296] BISW
[00:04:55] [286/296] GCNG
[00:04:57] [287/296] CWSC
[00:04:58] [288/296] SKAN
[00:04:59] [289/296] SEHP
[00:05:00] [290/296] CCOA
[00:05:01] [291/296] MCAJ
[00:05:02] [292/296] ACDE
[00:05:03] [293/296] AACM
[00:05:04] [294/296] JJCK
[00:05:05] [295/296] RCMO
[00:05:06] [296/296] GDAW
[00:05:07] ✅ DONE | Shows=0 | Movies=0
[00:49:20] 🚀 BMS DAILY TRACKER STARTED
[00:49:20] [1/296] CDCA
[00:49:20] 🧠 New identity
[00:49:21] [2/296] MNSR
[00:49:22] [3/296] CSSL
[00:49:23] [4/296] BGGM
[00:49:24] [5/296] MANT
[00:49:25] [6/296] SOOY
[00:49:26] [7/296] VPPK
[00:49:27] [8/296] MYHJ
[00:49:28] [9/296] KSCK
[00:49:28] [10/296] KATK
[00:49:29] [11/296] RTRT
[00:49:30] [12/296] SSTT
[00:49:31] [13/296] SSTV
[00:49:32] [14/296] LACM
[00:49:33] [15/296] SGMG
[00:49:34] [16/296] KACX
[00:49:35] [17/296] GVCP
[00:49:36] [18/296] CSNC
[00:49:37] [19/296] SXCB
[00:49:38] [20/296] BAHS
[00:49:39] [21/296] PCBI
[00:49:40] [22/296] PSSM
[00:49:42] [23/296] RCOK
[00:49:43] [24/296] SCPF
[00:49:44] [25/296] SSAS
[00:49:44] [26/296] EVMM
[00:49:45] [27/296] SYCB
[00:49:46] [28/296] GCKI
[00:49:47] [29/296] IAET
[00:49:48] [30/296] DDTD
[00:49:49] [31/296] GMDH
[00:49:50] [32/296] STLE
[00:49:50] [33/296] JTRA
[00:49:51] [34/296] RPPA
[00:49:52] [35/296] ARUT
[00:49:53] [36/296] JTVM
[00:49:54] [37/296] SWRH
[00:49:55] [38/296] DCPC
[00:49:56] [39/296] RAPR
[00:49:57] [40/296] GCRT
[00:49:58] [41/296] ATUN
[00:49:59] [42/296] LTRM
[00:50:00] [43/296] TASR
[00:50:00] [44/296] RLLC
[00:50:01] [45/296] MABI
[00:50:02] [46/296] SVHB
[00:50:03] [47/296] NVTB
[00:50:04] [48/296] KCKG
[00:50:05] [49/296] SSRN
[00:50:05] [50/296] VDDC
[00:50:06] [51/296] GKTK
[00:50:07] [52/296] YFSN
[00:50:08] [53/296] GCSG
[00:50:08] [54/296] ESSM
[00:50:10] [55/296] KRIH
[00:50:11] [56/296] GCDS
[00:50:12] [57/296] CCSH
[00:50:13] [58/296] ACSK
[00:50:14] [59/296] APRK
[00:50:14] [60/296] ADKM
[00:50:16] [61/296] SRDM
[00:50:18] [62/296] RMOG
[00:50:18] [63/296] SJMY
[00:50:19] [64/296] PGGC
[00:50:20] [65/296] INGM
[00:50:21] [66/296] LSCB
[00:50:23] [67/296] STAD
[00:50:24] [68/296] MCCR
[00:50:25] [69/296] ABCC
[00:50:26] [70/296] RKCC
[00:50:27] [71/296] RTCR
[00:50:28] [72/296] GGBC
[00:50:29] [73/296] GCSD
[00:50:30] [74/296] LPTY
[00:50:31] [75/296] MCFD
[00:50:32] [76/296] HENN
[00:50:33] [77/296] SMKU
[00:50:34] [78/296] TNZC
[00:50:35] [79/296] DRCD
[00:50:36] [80/296] DLCD
[00:50:36] [81/296] RCDA
[00:50:37] [82/296] COSM
[00:50:38] [83/296] MCMJ
[00:50:39] [84/296] CSTR
[00:50:41] [85/296] CVDK
[00:50:42] [86/296] INRR
[00:50:43] [87/296] RJRT
[00:50:44] [88/296] IRMR
[00:50:44] [89/296] SRCF
[00:50:45] [90/296] GRCR
[00:50:46] [91/296] SURC
[00:50:47] [92/296] NMNH
[00:50:48] [93/296] SVBL
[00:50:49] [94/296] KACI
[00:50:51] [95/296] TDGO
[00:50:52] [96/296] KTBR
[00:50:52] [97/296] PMAD
[00:50:53] [98/296] CCPN
[00:50:54] [99/296] SBTK
[00:50:56] [100/296] LMDK
[00:50:57] [101/296] PGDA
[00:50:58] [102/296] SRML
[00:51:00] [103/296] EVCK
[00:51:01] [104/296] RTTK
[00:51:01] [105/296] SRTU
[00:51:02] [106/296] VRSA
[00:51:04] [107/296] VARS
[00:51:05] [108/296] DSCZ
[00:51:06] [109/296] GAGA
[00:51:07] [110/296] SARV
[00:51:08] [111/296] SEEG
[00:51:10] [112/296] GLCA
[00:51:11] [113/296] APAS
[00:51:12] [114/296] VCIA
[00:51:13] [115/296] SJTA
[00:51:15] [116/296] SABM
[00:51:17] [117/296] PPAG
[00:51:18] [118/296] RVCA
[00:51:19] [119/296] CCIA
[00:51:20] [120/296] HTAG
[00:51:21] [121/296] SMBI
[00:51:22] [122/296] MCJR
[00:51:23] [123/296] CCJR
[00:51:24] [124/296] SINF
[00:51:25] [125/296] CPLX
[00:51:27] [126/296] KKTJ
[00:51:28] [127/296] GDBW
[00:51:29] [128/296] CSUB
[00:51:30] [129/296] DABA
[00:51:30] [130/296] TITR
[00:51:32] [131/296] NYCR
[00:51:34] [132/296] RTRY
[00:51:35] [133/296] JTJL
[00:51:35] [134/296] SJCP
[00:51:36] [135/296] KCCA
[00:51:38] [136/296] MLPG
[00:51:39] [137/296] VRCK
[00:51:40] [138/296] SRIN
[00:51:41] [139/296] CXMK
[00:51:41] [140/296] SKAD
[00:51:42] [141/296] AVTR
[00:51:44] [142/296] PTAJ
[00:51:45] [143/296] SCNK
[00:51:46] [144/296] STTI
[00:51:47] [145/296] KACR
[00:51:47] [146/296] SSDX
[00:51:48] [147/296] VRTJ
[00:51:49] [148/296] RAJD
[00:51:51] [149/296] SCIP
[00:51:52] [150/296] RJSL
[00:51:53] [151/296] ARRS
[00:51:54] [152/296] ASMS
[00:51:55] [153/296] RDTS
[00:51:56] [154/296] DVMY
[00:51:57] [155/296] RASA
[00:51:58] [156/296] INOM
[00:51:59] [157/296] SPRS
[00:52:00] [158/296] SGCS
[00:52:02] [159/296] SALM
[00:52:03] [160/296] PKHC
[00:52:03] [161/296] RCSV
[00:52:05] [162/296] CPKC
[00:52:06] [163/296] AACD
[00:52:07] [164/296] GGCV
[00:52:08] [165/296] SMKD
[00:52:09] [166/296] NBCH
[00:52:10] [167/296] AMCB
[00:52:11] [168/296] OPCN
[00:52:12] [169/296] DCIN
[00:52:13] [170/296] INGW
[00:52:13] [171/296] PKKW
[00:52:14] [172/296] FNGW
[00:52:15] [173/296] GCGD
[00:52:16] [174/296] MSTW
[00:52:17] [175/296] KCCG
[00:52:18] [176/296] MRSS
[00:52:19] [177/296] CLCF
[00:52:20] [178/296] EETS
[00:52:21] [179/296] AATR
[00:52:21] [180/296] CMMN
[00:52:22] [181/296] SCCJ
[00:52:23] [182/296] CDTK
[00:52:25] [183/296] AICP
[00:52:26] [184/296] FNBP
[00:52:26] [185/296] CBPB
[00:52:27] [186/296] CPAS
[00:52:28] [187/296] MAPM
[00:52:29] [188/296] PASD
[00:52:29] [189/296] JCMN
[00:52:30] [190/296] MALB
[00:52:31] [191/296] SACG
[00:52:32] [192/296] DDRX
[00:52:33] [193/296] DDXB
[00:52:34] [194/296] RAMC
[00:52:34] [195/296] SANC
[00:52:36] [196/296] BCBP
[00:52:37] [197/296] ALPC
[00:52:38] [198/296] RBAC
[00:52:39] [199/296] RAJL
[00:52:40] [200/296] MPDX
[00:52:41] [201/296] MUSC
[00:52:42] [202/296] VKMK
[00:52:43] [203/296] SKCG
[00:52:44] [204/296] ANCN
[00:52:45] [205/296] MMCJ
[00:52:45] [206/296] DCAK
[00:52:46] [207/296] SCKG
[00:52:47] [208/296] LMCK
[00:52:48] [209/296] CKKX
[00:52:49] [210/296] ANKU
[00:52:50] [211/296] CSMD
[00:52:51] [212/296] MKMP
[00:52:52] [213/296] SVBG
[00:52:53] [214/296] ROOP
[00:52:55] [215/296] GDMT
[00:52:56] [216/296] FPPF
[00:52:56] [217/296] SFUU
[00:52:58] [218/296] ANCB
[00:52:59] [219/296] SMMC
[00:53:00] [220/296] UGKT
[00:53:02] [221/296] JVRM
[00:53:02] [222/296] BATG
[00:53:03] [223/296] RATE
[00:53:05] [224/296] SKME
[00:53:06] [225/296] LMTP
[00:53:07] [226/296] TCBD
[00:53:08] [227/296] ESBD
[00:53:09] [228/296] GDCU
[00:53:11] [229/296] SNKT
[00:53:11] [230/296] SRNK
[00:53:12] [231/296] SMED
[00:53:13] [232/296] CSQS
[00:53:14] [233/296] ALCS
[00:53:15] [234/296] KCKN
[00:53:16] [235/296] VCCL
[00:53:16] [236/296] MCDA
[00:53:17] [237/296] SHMI
[00:53:19] [238/296] SKHA
[00:53:20] [239/296] SVFK
[00:53:21] [240/296] INVB
[00:53:22] [241/296] MELD
[00:53:23] [242/296] JTYS
[00:53:24] [243/296] INCM
[00:53:25] [244/296] MCDV
[00:53:26] [245/296] KSGK
[00:53:27] [246/296] ICMG
[00:53:28] [247/296] CSCV
[00:53:29] [248/296] STMD
[00:53:30] [249/296] STTR
[00:53:30] [250/296] INVC
[00:53:31] [251/296] JTBL
[00:53:32] [252/296] SRVV
[00:53:33] [253/296] MAVC
[00:53:34] [254/296] SRPP
[00:53:35] [255/296] JGDM
[00:53:36] [256/296] MBSJ
[00:53:37] [257/296] SSLL
[00:53:38] [258/296] SLKP
[00:53:39] [259/296] NSRV
[00:53:39] [260/296] UTDV
[00:53:40] [261/296] KICM
[00:53:41] [262/296] KCMD
[00:53:42] [263/296] TTPP
[00:53:43] [264/296] KMPV
[00:53:43] [265/296] SKTV
[00:53:44] [266/296] STCV
[00:53:46] [267/296] SRDA
[00:53:47] [268/296] JTSX
[00:53:47] [269/296] STBV
[00:53:48] [270/296] APVZ
[00:53:50] [271/296] GSTV
[00:53:51] [272/296] NMVS
[00:53:51] [273/296] SKRT
[00:53:52] [274/296] RMDV
[00:53:53] [275/296] RATG
[00:53:55] [276/296] SJYV
[00:53:56] [277/296] NDGP
[00:53:57] [278/296] SNDG
[00:53:58] [279/296] INSR
[00:53:58] [280/296] INSO
[00:54:00] [281/296] CCSI
[00:54:00] [282/296] RASM
[00:54:01] [283/296] NEWC
[00:54:02] [284/296] VSHL
[00:54:03] [285/296] BISW
[00:54:04] [286/296] GCNG
[00:54:05] [287/296] CWSC
[00:54:06] [288/296] SKAN
[00:54:07] [289/296] SEHP
[00:54:08] [290/296] CCOA
[00:54:09] [291/296] MCAJ
[00:54:10] [292/296] ACDE
[00:54:10] [293/296] AACM
[00:54:11] [294/296] JJCK
[00:54:12] [295/296] RCMO
[00:54:13] [296/296] GDAW
[00:54:13] ✅ DONE | Shows=0 | Movies=0
[01:53:12] 🚀 BMS DAILY TRACKER STARTED
[01:53:12] [1/296] CDCA
[01:53:12] 🧠 New identity
[01:53:14] [2/296] MNSR
[01:53:15] [3/296] CSSL
[01:53:16] [4/296] BGGM
[01:53:17] [5/296] MANT
[01:53:18] [6/296] SOOY
[01:53:19] [7/296] VPPK
[01:53:20] [8/296] MYHJ
[01:53:21] [9/296] KSCK
[01:53:22] [10/296] KATK
[01:53:23] [11/296] RTRT
[01:53:24] [12/296] SSTT
[01:53:25] [13/296] SSTV
[01:53:27] [14/296] LACM
[01:53:28] [15/296] SGMG
[01:53:29] [16/296] KACX
[01:53:29] [17/296] GVCP
[01:53:30] [18/296] CSNC
[01:53:31] [19/296] SXCB
[01:53:32] [20/296] BAHS
[01:53:33] [21/296] PCBI
[01:53:34] [22/296] PSSM
[01:53:35] [23/296] RCOK
[01:53:36] [24/296] SCPF
[01:53:37] [25/296] SSAS
[01:53:38] [26/296] EVMM
[01:53:39] [27/296] SYCB
[01:53:40] [28/296] GCKI
[01:53:42] [29/296] IAET
[01:53:42] [30/296] DDTD
[01:53:43] [31/296] GMDH
[01:53:44] [32/296] STLE
[01:53:45] [33/296] JTRA
[01:53:47] [34/296] RPPA
[01:53:47] [35/296] ARUT
[01:53:48] [36/296] JTVM
[01:53:49] [37/296] SWRH
[01:53:50] [38/296] DCPC
[01:53:51] [39/296] RAPR
[01:53:52] [40/296] GCRT
[01:53:54] [41/296] ATUN
[01:53:55] [42/296] LTRM
[01:53:56] [43/296] TASR
[01:53:56] [44/296] RLLC
[01:53:57] [45/296] MABI
[01:53:58] [46/296] SVHB
[01:53:59] [47/296] NVTB
[01:54:00] [48/296] KCKG
[01:54:01] [49/296] SSRN
[01:54:01] [50/296] VDDC
[01:54:02] [51/296] GKTK
[01:54:03] [52/296] YFSN
[01:54:04] [53/296] GCSG
[01:54:05] [54/296] ESSM
[01:54:06] [55/296] KRIH
[01:54:07] [56/296] GCDS
[01:54:08] [57/296] CCSH
[01:54:09] [58/296] ACSK
[01:54:10] [59/296] APRK
[01:54:11] [60/296] ADKM
[01:54:12] [61/296] SRDM
[01:54:13] [62/296] RMOG
[01:54:14] [63/296] SJMY
[01:54:15] [64/296] PGGC
[01:54:16] [65/296] INGM
[01:54:17] [66/296] LSCB
[01:54:18] [67/296] STAD
[01:54:19] [68/296] MCCR
[01:54:20] [69/296] ABCC
[01:54:21] [70/296] RKCC
[01:54:21] [71/296] RTCR
[01:54:23] [72/296] GGBC
[01:54:24] [73/296] GCSD
[01:54:25] [74/296] LPTY
[01:54:26] [75/296] MCFD
[01:54:27] [76/296] HENN
[01:54:28] [77/296] SMKU
[01:54:29] [78/296] TNZC
[01:54:30] [79/296] DRCD
[01:54:31] [80/296] DLCD
[01:54:32] [81/296] RCDA
[01:54:34] [82/296] COSM
[01:54:34] [83/296] MCMJ
[01:54:35] [84/296] CSTR
[01:54:37] [85/296] CVDK
[01:54:38] [86/296] INRR
[01:54:39] [87/296] RJRT
[01:54:40] [88/296] IRMR
[01:54:41] [89/296] SRCF
[01:54:43] [90/296] GRCR
[01:54:43] [91/296] SURC
[01:54:45] [92/296] NMNH
[01:54:46] [93/296] SVBL
[01:54:47] [94/296] KACI
[01:54:48] [95/296] TDGO
[01:54:49] [96/296] KTBR
[01:54:49] [97/296] PMAD
[01:54:50] [98/296] CCPN
[01:54:51] [99/296] SBTK
[01:54:52] [100/296] LMDK
[01:54:53] [101/296] PGDA
[01:54:54] [102/296] SRML
[01:54:55] [103/296] EVCK
[01:54:55] [104/296] RTTK
[01:54:56] [105/296] SRTU
[01:54:57] [106/296] VRSA
[01:54:58] [107/296] VARS
[01:54:59] [108/296] DSCZ
[01:55:01] [109/296] GAGA
[01:55:02] [110/296] SARV
[01:55:03] [111/296] SEEG
[01:55:04] [112/296] GLCA
[01:55:05] [113/296] APAS
[01:55:05] [114/296] VCIA
[01:55:07] [115/296] SJTA
[01:55:08] [116/296] SABM
[01:55:09] [117/296] PPAG
[01:55:10] [118/296] RVCA
[01:55:11] [119/296] CCIA
[01:55:11] [120/296] HTAG
[01:55:12] [121/296] SMBI
[01:55:13] [122/296] MCJR
[01:55:14] [123/296] CCJR
[01:55:15] [124/296] SINF
[01:55:16] [125/296] CPLX
[01:55:16] [126/296] KKTJ
[01:55:18] [127/296] GDBW
[01:55:19] [128/296] CSUB
[01:55:20] [129/296] DABA
[01:55:21] [130/296] TITR
[01:55:23] [131/296] NYCR
[01:55:23] [132/296] RTRY
[01:55:24] [133/296] JTJL
[01:55:25] [134/296] SJCP
[01:55:27] [135/296] KCCA
[01:55:28] [136/296] MLPG
[01:55:28] [137/296] VRCK
[01:55:29] [138/296] SRIN
[01:55:30] [139/296] CXMK
[01:55:31] [140/296] SKAD
[01:55:32] [141/296] AVTR
[01:55:32] [142/296] PTAJ
[01:55:34] [143/296] SCNK
[01:55:35] [144/296] STTI
[01:55:36] [145/296] KACR
[01:55:37] [146/296] SSDX
[01:55:38] [147/296] VRTJ
[01:55:39] [148/296] RAJD
[01:55:39] [149/296] SCIP
[01:55:41] [150/296] RJSL
[01:55:42] [151/296] ARRS
[01:55:43] [152/296] ASMS
[01:55:44] [153/296] RDTS
[01:55:45] [154/296] DVMY
[01:55:46] [155/296] RASA
[01:55:47] [156/296] INOM
[01:55:48] [157/296] SPRS
[01:55:49] [158/296] SGCS
[01:55:50] [159/296] SALM
[01:55:51] [160/296] PKHC
[01:55:52] [161/296] RCSV
[01:55:53] [162/296] CPKC
[01:55:54] [163/296] AACD
[01:55:55] [164/296] GGCV
[01:55:57] [165/296] SMKD
[01:55:57] [166/296] NBCH
[01:55:58] [167/296] AMCB
[01:55:59] [168/296] OPCN
[01:56:00] [169/296] DCIN
[01:56:01] [170/296] INGW
[01:56:01] [171/296] PKKW
[01:56:02] [172/296] FNGW
[01:56:03] [173/296] GCGD
[01:56:04] [174/296] MSTW
[01:56:05] [175/296] KCCG
[01:56:06] [176/296] MRSS
[01:56:07] [177/296] CLCF
[01:56:08] [178/296] EETS
[01:56:09] [179/296] AATR
[01:56:10] [180/296] CMMN
[01:56:11] [181/296] SCCJ
[01:56:12] [182/296] CDTK
[01:56:13] [183/296] AICP
[01:56:13] [184/296] FNBP
[01:56:14] [185/296] CBPB
[01:56:15] [186/296] CPAS
[01:56:16] [187/296] MAPM
[01:56:17] [188/296] PASD
[01:56:18] [189/296] JCMN
[01:56:19] [190/296] MALB
[01:56:20] [191/296] SACG
[01:56:20] [192/296] DDRX
[01:56:21] [193/296] DDXB
[01:56:22] [194/296] RAMC
[01:56:22] [195/296] SANC
[01:56:23] [196/296] BCBP
[01:56:24] [197/296] ALPC
[01:56:25] [198/296] RBAC
[01:56:26] [199/296] RAJL
[01:56:27] [200/296] MPDX
[01:56:28] [201/296] MUSC
[01:56:29] [202/296] VKMK
[01:56:30] [203/296] SKCG
[01:56:31] [204/296] ANCN
[01:56:32] [205/296] MMCJ
[01:56:33] [206/296] DCAK
[01:56:34] [207/296] SCKG
[01:56:35] [208/296] LMCK
[01:56:36] [209/296] CKKX
[01:56:37] [210/296] ANKU
[01:56:38] [211/296] CSMD
[01:56:39] [212/296] MKMP
[01:56:40] [213/296] SVBG
[01:56:41] [214/296] ROOP
[01:56:42] [215/296] GDMT
[01:56:43] [216/296] FPPF
[01:56:45] [217/296] SFUU
[01:56:46] [218/296] ANCB
[01:56:47] [219/296] SMMC
[01:56:48] [220/296] UGKT
[01:56:49] [221/296] JVRM
[01:56:50] [222/296] BATG
[01:56:51] [223/296] RATE
[01:56:52] [224/296] SKME
[01:56:54] [225/296] LMTP
[01:56:54] [226/296] TCBD
[01:56:55] [227/296] ESBD
[01:56:57] [228/296] GDCU
[01:56:58] [229/296] SNKT
[01:56:59] [230/296] SRNK
[01:57:00] [231/296] SMED
[01:57:01] [232/296] CSQS
[01:57:01] [233/296] ALCS
[01:57:02] [234/296] KCKN
[01:57:03] [235/296] VCCL
[01:57:04] [236/296] MCDA
[01:57:06] [237/296] SHMI
[01:57:07] [238/296] SKHA
[01:57:07] [239/296] SVFK
[01:57:08] [240/296] INVB
[01:57:09] [241/296] MELD
[01:57:10] [242/296] JTYS
[01:57:11] [243/296] INCM
[01:57:11] [244/296] MCDV
[01:57:12] [245/296] KSGK
[01:57:13] [246/296] ICMG
[01:57:14] [247/296] CSCV
[01:57:15] [248/296] STMD
[01:57:16] [249/296] STTR
[01:57:17] [250/296] INVC
[01:57:17] [251/296] JTBL
[01:57:19] [252/296] SRVV
[01:57:20] [253/296] MAVC
[01:57:22] [254/296] SRPP
[01:57:23] [255/296] JGDM
[01:57:25] [256/296] MBSJ
[01:57:26] [257/296] SSLL
[01:57:27] [258/296] SLKP
[01:57:27] [259/296] NSRV
[01:57:28] [260/296] UTDV
[01:57:30] [261/296] KICM
[01:57:31] [262/296] KCMD
[01:57:32] [263/296] TTPP
[01:57:32] [264/296] KMPV
[01:57:33] [265/296] SKTV
[01:57:34] [266/296] STCV
[01:57:35] [267/296] SRDA
[01:57:36] [268/296] JTSX
[01:57:37] [269/296] STBV
[01:57:38] [270/296] APVZ
[01:57:39] [271/296] GSTV
[01:57:40] [272/296] NMVS
[01:57:41] [273/296] SKRT
[01:57:42] [274/296] RMDV
[01:57:43] [275/296] RATG
[01:57:44] [276/296] SJYV
[01:57:45] [277/296] NDGP
[01:57:45] [278/296] SNDG
[01:57:46] [279/296] INSR
[01:57:47] [280/296] INSO
[01:57:48] [281/296] CCSI
[01:57:49] [282/296] RASM
[01:57:50] [283/296] NEWC
[01:57:51] [284/296] VSHL
[01:57:52] [285/296] BISW
[01:57:52] [286/296] GCNG
[01:57:53] [287/296] CWSC
[01:57:54] [288/296] SKAN
[01:57:56] [289/296] SEHP
[01:57:56] [290/296] CCOA
[01:57:57] [291/296] MCAJ
[01:57:58] [292/296] ACDE
[01:57:59] [293/296] AACM
[01:58:00] [294/296] JJCK
[01:58:01] [295/296] RCMO
[01:58:02] [296/296] GDAW
[01:58:03] ✅ DONE | Shows=0 | Movies=0
[02:51:45] 🚀 BMS DAILY TRACKER STARTED
[02:51:45] [1/296] CDCA
[02:51:45] 🧠 New identity
[02:51:47] [2/296] MNSR
[02:51:48] [3/296] CSSL
[02:51:49] [4/296] BGGM
[02:51:50] [5/296] MANT
[02:51:51] [6/296] SOOY
[02:51:51] [7/296] VPPK
[02:51:52] [8/296] MYHJ
[02:51:53] [9/296] KSCK
[02:51:54] [10/296] KATK
[02:51:56] [11/296] RTRT
[02:51:56] [12/296] SSTT
[02:51:57] [13/296] SSTV
[02:51:58] [14/296] LACM
[02:51:59] [15/296] SGMG
[02:52:00] [16/296] KACX
[02:52:01] [17/296] GVCP
[02:52:01] [18/296] CSNC
[02:52:02] [19/296] SXCB
[02:52:03] [20/296] BAHS
[02:52:04] [21/296] PCBI
[02:52:05] [22/296] PSSM
[02:52:06] [23/296] RCOK
[02:52:07] [24/296] SCPF
[02:52:08] [25/296] SSAS
[02:52:09] [26/296] EVMM
[02:52:10] [27/296] SYCB
[02:52:11] [28/296] GCKI
[02:52:12] [29/296] IAET
[02:52:13] [30/296] DDTD
[02:52:14] [31/296] GMDH
[02:52:15] [32/296] STLE
[02:52:16] [33/296] JTRA
[02:52:17] [34/296] RPPA
[02:52:18] [35/296] ARUT
[02:52:19] [36/296] JTVM
[02:52:20] [37/296] SWRH
[02:52:21] [38/296] DCPC
[02:52:22] [39/296] RAPR
[02:52:23] [40/296] GCRT
[02:52:23] [41/296] ATUN
[02:52:24] [42/296] LTRM
[02:52:25] [43/296] TASR
[02:52:26] [44/296] RLLC
[02:52:27] [45/296] MABI
[02:52:28] [46/296] SVHB
[02:52:29] [47/296] NVTB
[02:52:30] [48/296] KCKG
[02:52:31] [49/296] SSRN
[02:52:32] [50/296] VDDC
[02:52:33] [51/296] GKTK
[02:52:34] [52/296] YFSN
[02:52:35] [53/296] GCSG
[02:52:35] [54/296] ESSM
[02:52:36] [55/296] KRIH
[02:52:38] [56/296] GCDS
[02:52:39] [57/296] CCSH
[02:52:40] [58/296] ACSK
[02:52:41] [59/296] APRK
[02:52:42] [60/296] ADKM
[02:52:43] [61/296] SRDM
[02:52:44] [62/296] RMOG
[02:52:45] [63/296] SJMY
[02:52:45] [64/296] PGGC
[02:52:46] [65/296] INGM
[02:52:47] [66/296] LSCB
[02:52:48] [67/296] STAD
[02:52:49] [68/296] MCCR
[02:52:50] [69/296] ABCC
[02:52:51] [70/296] RKCC
[02:52:51] [71/296] RTCR
[02:52:52] [72/296] GGBC
[02:52:54] [73/296] GCSD
[02:52:55] [74/296] LPTY
[02:52:55] [75/296] MCFD
[02:52:56] [76/296] HENN
[02:52:57] [77/296] SMKU
[02:52:58] [78/296] TNZC
[02:52:59] [79/296] DRCD
[02:53:00] [80/296] DLCD
[02:53:00] [81/296] RCDA
[02:53:01] [82/296] COSM
[02:53:02] [83/296] MCMJ
[02:53:03] [84/296] CSTR
[02:53:04] [85/296] CVDK
[02:53:05] [86/296] INRR
[02:53:06] [87/296] RJRT
[02:53:06] [88/296] IRMR
[02:53:07] [89/296] SRCF
[02:53:08] [90/296] GRCR
[02:53:09] [91/296] SURC
[02:53:10] [92/296] NMNH
[02:53:11] [93/296] SVBL
[02:53:12] [94/296] KACI
[02:53:12] [95/296] TDGO
[02:53:14] [96/296] KTBR
[02:53:14] [97/296] PMAD
[02:53:15] [98/296] CCPN
[02:53:16] [99/296] SBTK
[02:53:17] [100/296] LMDK
[02:53:18] [101/296] PGDA
[02:53:19] [102/296] SRML
[02:53:20] [103/296] EVCK
[02:53:21] [104/296] RTTK
[02:53:21] [105/296] SRTU
[02:53:22] [106/296] VRSA
[02:53:24] [107/296] VARS
[02:53:25] [108/296] DSCZ
[02:53:26] [109/296] GAGA
[02:53:27] [110/296] SARV
[02:53:28] [111/296] SEEG
[02:53:29] [112/296] GLCA
[02:53:30] [113/296] APAS
[02:53:31] [114/296] VCIA
[02:53:32] [115/296] SJTA
[02:53:33] [116/296] SABM
[02:53:33] [117/296] PPAG
[02:53:34] [118/296] RVCA
[02:53:35] [119/296] CCIA
[02:53:36] [120/296] HTAG
[02:53:37] [121/296] SMBI
[02:53:38] [122/296] MCJR
[02:53:39] [123/296] CCJR
[02:53:40] [124/296] SINF
[02:53:41] [125/296] CPLX
[02:53:42] [126/296] KKTJ
[02:53:43] [127/296] GDBW
[02:53:44] [128/296] CSUB
[02:53:45] [129/296] DABA
[02:53:46] [130/296] TITR
[02:53:48] [131/296] NYCR
[02:53:48] [132/296] RTRY
[02:53:49] [133/296] JTJL
[02:53:51] [134/296] SJCP
[02:53:52] [135/296] KCCA
[02:53:53] [136/296] MLPG
[02:53:54] [137/296] VRCK
[02:53:55] [138/296] SRIN
[02:53:55] [139/296] CXMK
[02:53:57] [140/296] SKAD
[02:53:58] [141/296] AVTR
[02:53:59] [142/296] PTAJ
[02:54:00] [143/296] SCNK
[02:54:00] [144/296] STTI
[02:54:01] [145/296] KACR
[02:54:02] [146/296] SSDX
[02:54:03] [147/296] VRTJ
[02:54:04] [148/296] RAJD
[02:54:05] [149/296] SCIP
[02:54:06] [150/296] RJSL
[02:54:07] [151/296] ARRS
[02:54:08] [152/296] ASMS
[02:54:08] [153/296] RDTS
[02:54:09] [154/296] DVMY
[02:54:10] [155/296] RASA
[02:54:12] [156/296] INOM
[02:54:13] [157/296] SPRS
[02:54:14] [158/296] SGCS
[02:54:14] [159/296] SALM
[02:54:15] [160/296] PKHC
[02:54:16] [161/296] RCSV
[02:54:17] [162/296] CPKC
[02:54:18] [163/296] AACD
[02:54:18] [164/296] GGCV
[02:54:19] [165/296] SMKD
[02:54:20] [166/296] NBCH
[02:54:21] [167/296] AMCB
[02:54:22] [168/296] OPCN
[02:54:23] [169/296] DCIN
[02:54:24] [170/296] INGW
[02:54:25] [171/296] PKKW
[02:54:25] [172/296] FNGW
[02:54:26] [173/296] GCGD
[02:54:27] [174/296] MSTW
[02:54:28] [175/296] KCCG
[02:54:29] [176/296] MRSS
[02:54:30] [177/296] CLCF
[02:54:31] [178/296] EETS
[02:54:32] [179/296] AATR
[02:54:33] [180/296] CMMN
[02:54:34] [181/296] SCCJ
[02:54:35] [182/296] CDTK
[02:54:36] [183/296] AICP
[02:54:38] [184/296] FNBP
[02:54:39] [185/296] CBPB
[02:54:40] [186/296] CPAS
[02:54:41] [187/296] MAPM
[02:54:43] [188/296] PASD
[02:54:43] [189/296] JCMN
[02:54:44] [190/296] MALB
[02:54:46] [191/296] SACG
[02:54:46] [192/296] DDRX
[02:54:47] [193/296] DDXB
[02:54:49] [194/296] RAMC
[02:54:50] [195/296] SANC
[02:54:51] [196/296] BCBP
[02:54:52] [197/296] ALPC
[02:54:53] [198/296] RBAC
[02:54:54] [199/296] RAJL
[02:54:55] [200/296] MPDX
[02:54:56] [201/296] MUSC
[02:54:56] [202/296] VKMK
[02:54:57] [203/296] SKCG
[02:54:58] [204/296] ANCN
[02:54:59] [205/296] MMCJ
[02:55:00] [206/296] DCAK
[02:55:01] [207/296] SCKG
[02:55:02] [208/296] LMCK
[02:55:03] [209/296] CKKX
[02:55:04] [210/296] ANKU
[02:55:05] [211/296] CSMD
[02:55:06] [212/296] MKMP
[02:55:07] [213/296] SVBG
[02:55:08] [214/296] ROOP
[02:55:09] [215/296] GDMT
[02:55:10] [216/296] FPPF
[02:55:10] [217/296] SFUU
[02:55:12] [218/296] ANCB
[02:55:12] [219/296] SMMC
[02:55:13] [220/296] UGKT
[02:55:14] [221/296] JVRM
[02:55:15] [222/296] BATG
[02:55:16] [223/296] RATE
[02:55:17] [224/296] SKME
[02:55:18] [225/296] LMTP
[02:55:18] [226/296] TCBD
[02:55:19] [227/296] ESBD
[02:55:20] [228/296] GDCU
[02:55:21] [229/296] SNKT
[02:55:22] [230/296] SRNK
[02:55:23] [231/296] SMED
[02:55:23] [232/296] CSQS
[02:55:24] [233/296] ALCS
[02:55:25] [234/296] KCKN
[02:55:27] [235/296] VCCL
[02:55:28] [236/296] MCDA
[02:55:29] [237/296] SHMI
[02:55:29] [238/296] SKHA
[02:55:30] [239/296] SVFK
[02:55:31] [240/296] INVB
[02:55:32] [241/296] MELD
[02:55:33] [242/296] JTYS
[02:55:34] [243/296] INCM
[02:55:35] [244/296] MCDV
[02:55:36] [245/296] KSGK
[02:55:37] [246/296] ICMG
[02:55:38] [247/296] CSCV
[02:55:39] [248/296] STMD
[02:55:40] [249/296] STTR
[02:55:41] [250/296] INVC
[02:55:42] [251/296] JTBL
[02:55:43] [252/296] SRVV
[02:55:44] [253/296] MAVC
[02:55:44] [254/296] SRPP
[02:55:46] [255/296] JGDM
[02:55:47] [256/296] MBSJ
[02:55:48] [257/296] SSLL
[02:55:49] [258/296] SLKP
[02:55:50] [259/296] NSRV
[02:55:51] [260/296] UTDV
[02:55:52] [261/296] KICM
[02:55:53] [262/296] KCMD
[02:55:53] [263/296] TTPP
[02:55:54] [264/296] KMPV
[02:55:55] [265/296] SKTV
[02:55:56] [266/296] STCV
[02:55:57] [267/296] SRDA
[02:55:58] [268/296] JTSX
[02:55:59] [269/296] STBV
[02:55:59] [270/296] APVZ
[02:56:00] [271/296] GSTV
[02:56:01] [272/296] NMVS
[02:56:02] [273/296] SKRT
[02:56:03] [274/296] RMDV
[02:56:04] [275/296] RATG
[02:56:05] [276/296] SJYV
[02:56:05] [277/296] NDGP
[02:56:06] [278/296] SNDG
[02:56:07] [279/296] INSR
[02:56:08] [280/296] INSO
[02:56:09] [281/296] CCSI
[02:56:10] [282/296] RASM
[02:56:12] [283/296] NEWC
[02:56:12] [284/296] VSHL
[02:56:14] [285/296] BISW
[02:56:14] [286/296] GCNG
[02:56:16] [287/296] CWSC
[02:56:17] [288/296] SKAN
[02:56:18] [289/296] SEHP
[02:56:19] [290/296] CCOA
[02:56:20] [291/296] MCAJ
[02:56:21] [292/296] ACDE
[02:56:21] [293/296] AACM
[02:56:22] [294/296] JJCK
[02:56:23] [295/296] RCMO
[02:56:24] [296/296] GDAW
[02:56:25] ✅ DONE | Shows=0 | Movies=0
[03:50:10] 🚀 BMS DAILY TRACKER STARTED
[03:50:10] [1/296] CDCA
[03:50:10] 🧠 New identity
[03:50:11] [2/296] MNSR
[03:50:12] [3/296] CSSL
[03:50:13] [4/296] BGGM
[03:50:14] [5/296] MANT
[03:50:15] [6/296] SOOY
[03:50:15] [7/296] VPPK
[03:50:16] [8/296] MYHJ
[03:50:17] [9/296] KSCK
[03:50:18] [10/296] KATK
[03:50:19] [11/296] RTRT
[03:50:19] [12/296] SSTT
[03:50:20] [13/296] SSTV
[03:50:21] [14/296] LACM
[03:50:22] [15/296] SGMG
[03:50:23] [16/296] KACX
[03:50:24] [17/296] GVCP
[03:50:24] [18/296] CSNC
[03:50:25] [19/296] SXCB
[03:50:26] [20/296] BAHS
[03:50:27] [21/296] PCBI
[03:50:29] [22/296] PSSM
[03:50:30] [23/296] RCOK
[03:50:31] [24/296] SCPF
[03:50:32] [25/296] SSAS
[03:50:32] [26/296] EVMM
[03:50:33] [27/296] SYCB
[03:50:35] [28/296] GCKI
[03:50:36] [29/296] IAET
[03:50:36] [30/296] DDTD
[03:50:37] [31/296] GMDH
[03:50:38] [32/296] STLE
[03:50:39] [33/296] JTRA
[03:50:40] [34/296] RPPA
[03:50:41] [35/296] ARUT
[03:50:42] [36/296] JTVM
[03:50:43] [37/296] SWRH
[03:50:44] [38/296] DCPC
[03:50:44] [39/296] RAPR
[03:50:45] [40/296] GCRT
[03:50:46] [41/296] ATUN
[03:50:47] [42/296] LTRM
[03:50:48] [43/296] TASR
[03:50:48] [44/296] RLLC
[03:50:49] [45/296] MABI
[03:50:51] [46/296] SVHB
[03:50:52] [47/296] NVTB
[03:50:53] [48/296] KCKG
[03:50:54] [49/296] SSRN
[03:50:55] [50/296] VDDC
[03:50:56] [51/296] GKTK
[03:50:57] [52/296] YFSN
[03:50:57] [53/296] GCSG
[03:50:59] [54/296] ESSM
[03:51:00] [55/296] KRIH
[03:51:02] [56/296] GCDS
[03:51:03] [57/296] CCSH
[03:51:04] [58/296] ACSK
[03:51:05] [59/296] APRK
[03:51:06] [60/296] ADKM
[03:51:07] [61/296] SRDM
[03:51:08] [62/296] RMOG
[03:51:08] [63/296] SJMY
[03:51:09] [64/296] PGGC
[03:51:11] [65/296] INGM
[03:51:12] [66/296] LSCB
[03:51:12] [67/296] STAD
[03:51:13] [68/296] MCCR
[03:51:14] [69/296] ABCC
[03:51:15] [70/296] RKCC
[03:51:16] [71/296] RTCR
[03:51:16] [72/296] GGBC
[03:51:17] [73/296] GCSD
[03:51:18] [74/296] LPTY
[03:51:19] [75/296] MCFD
[03:51:20] [76/296] HENN
[03:51:21] [77/296] SMKU
[03:51:22] [78/296] TNZC
[03:51:23] [79/296] DRCD
[03:51:24] [80/296] DLCD
[03:51:25] [81/296] RCDA
[03:51:26] [82/296] COSM
[03:51:27] [83/296] MCMJ
[03:51:28] [84/296] CSTR
[03:51:29] [85/296] CVDK
[03:51:30] [86/296] INRR
[03:51:30] [87/296] RJRT
[03:51:31] [88/296] IRMR
[03:51:32] [89/296] SRCF
[03:51:33] [90/296] GRCR
[03:51:33] [91/296] SURC
[03:51:34] [92/296] NMNH
[03:51:36] [93/296] SVBL
[03:51:36] [94/296] KACI
[03:51:37] [95/296] TDGO
[03:51:38] [96/296] KTBR
[03:51:39] [97/296] PMAD
[03:51:40] [98/296] CCPN
[03:51:40] [99/296] SBTK
[03:51:41] [100/296] LMDK
[03:51:42] [101/296] PGDA
[03:51:43] [102/296] SRML
[03:51:44] [103/296] EVCK
[03:51:45] [104/296] RTTK
[03:51:46] [105/296] SRTU
[03:51:47] [106/296] VRSA
[03:51:47] [107/296] VARS
[03:51:49] [108/296] DSCZ
[03:51:50] [109/296] GAGA
[03:51:51] [110/296] SARV
[03:51:52] [111/296] SEEG
[03:51:52] [112/296] GLCA
[03:51:53] [113/296] APAS
[03:51:54] [114/296] VCIA
[03:51:55] [115/296] SJTA
[03:51:56] [116/296] SABM
[03:51:57] [117/296] PPAG
[03:51:58] [118/296] RVCA
[03:51:59] [119/296] CCIA
[03:51:59] [120/296] HTAG
[03:52:00] [121/296] SMBI
[03:52:01] [122/296] MCJR
[03:52:02] [123/296] CCJR
[03:52:02] [124/296] SINF
[03:52:04] [125/296] CPLX
[03:52:05] [126/296] KKTJ
[03:52:06] [127/296] GDBW
[03:52:07] [128/296] CSUB
[03:52:08] [129/296] DABA
[03:52:08] [130/296] TITR
[03:52:09] [131/296] NYCR
[03:52:10] [132/296] RTRY
[03:52:11] [133/296] JTJL
[03:52:12] [134/296] SJCP
[03:52:13] [135/296] KCCA
[03:52:13] [136/296] MLPG
[03:52:14] [137/296] VRCK
[03:52:15] [138/296] SRIN
[03:52:16] [139/296] CXMK
[03:52:16] [140/296] SKAD
[03:52:18] [141/296] AVTR
[03:52:19] [142/296] PTAJ
[03:52:20] [143/296] SCNK
[03:52:21] [144/296] STTI
[03:52:21] [145/296] KACR
[03:52:22] [146/296] SSDX
[03:52:23] [147/296] VRTJ
[03:52:24] [148/296] RAJD
[03:52:25] [149/296] SCIP
[03:52:25] [150/296] RJSL
[03:52:27] [151/296] ARRS
[03:52:28] [152/296] ASMS
[03:52:29] [153/296] RDTS
[03:52:29] [154/296] DVMY
[03:52:30] [155/296] RASA
[03:52:31] [156/296] INOM
[03:52:32] [157/296] SPRS
[03:52:33] [158/296] SGCS
[03:52:34] [159/296] SALM
[03:52:34] [160/296] PKHC
[03:52:35] [161/296] RCSV
[03:52:36] [162/296] CPKC
[03:52:37] [163/296] AACD
[03:52:38] [164/296] GGCV
[03:52:40] [165/296] SMKD
[03:52:41] [166/296] NBCH
[03:52:42] [167/296] AMCB
[03:52:43] [168/296] OPCN
[03:52:44] [169/296] DCIN
[03:52:44] [170/296] INGW
[03:52:45] [171/296] PKKW
[03:52:46] [172/296] FNGW
[03:52:47] [173/296] GCGD
[03:52:48] [174/296] MSTW
[03:52:49] [175/296] KCCG
[03:52:50] [176/296] MRSS
[03:52:51] [177/296] CLCF
[03:52:52] [178/296] EETS
[03:52:52] [179/296] AATR
[03:52:53] [180/296] CMMN
[03:52:54] [181/296] SCCJ
[03:52:55] [182/296] CDTK
[03:52:56] [183/296] AICP
[03:52:57] [184/296] FNBP
[03:52:58] [185/296] CBPB
[03:52:59] [186/296] CPAS
[03:53:00] [187/296] MAPM
[03:53:01] [188/296] PASD
[03:53:02] [189/296] JCMN
[03:53:03] [190/296] MALB
[03:53:04] [191/296] SACG
[03:53:05] [192/296] DDRX
[03:53:05] [193/296] DDXB
[03:53:06] [194/296] RAMC
[03:53:07] [195/296] SANC
[03:53:08] [196/296] BCBP
[03:53:09] [197/296] ALPC
[03:53:10] [198/296] RBAC
[03:53:10] [199/296] RAJL
[03:53:11] [200/296] MPDX
[03:53:12] [201/296] MUSC
[03:53:13] [202/296] VKMK
[03:53:14] [203/296] SKCG
[03:53:15] [204/296] ANCN
[03:53:16] [205/296] MMCJ
[03:53:17] [206/296] DCAK
[03:53:18] [207/296] SCKG
[03:53:19] [208/296] LMCK
[03:53:20] [209/296] CKKX
[03:53:21] [210/296] ANKU
[03:53:22] [211/296] CSMD
[03:53:22] [212/296] MKMP
[03:53:23] [213/296] SVBG
[03:53:24] [214/296] ROOP
[03:53:25] [215/296] GDMT
[03:53:26] [216/296] FPPF
[03:53:27] [217/296] SFUU
[03:53:28] [218/296] ANCB
[03:53:29] [219/296] SMMC
[03:53:30] [220/296] UGKT
[03:53:31] [221/296] JVRM
[03:53:32] [222/296] BATG
[03:53:33] [223/296] RATE
[03:53:33] [224/296] SKME
[03:53:34] [225/296] LMTP
[03:53:35] [226/296] TCBD
[03:53:36] [227/296] ESBD
[03:53:37] [228/296] GDCU
[03:53:38] [229/296] SNKT
[03:53:38] [230/296] SRNK
[03:53:39] [231/296] SMED
[03:53:40] [232/296] CSQS
[03:53:41] [233/296] ALCS
[03:53:42] [234/296] KCKN
[03:53:43] [235/296] VCCL
[03:53:44] [236/296] MCDA
[03:53:45] [237/296] SHMI
[03:53:46] [238/296] SKHA
[03:53:46] [239/296] SVFK
[03:53:47] [240/296] INVB
[03:53:48] [241/296] MELD
[03:53:49] [242/296] JTYS
[03:53:50] [243/296] INCM
[03:53:50] [244/296] MCDV
[03:53:52] [245/296] KSGK
[03:53:52] [246/296] ICMG
[03:53:53] [247/296] CSCV
[03:53:54] [248/296] STMD
[03:53:55] [249/296] STTR
[03:53:56] [250/296] INVC
[03:53:57] [251/296] JTBL
[03:53:58] [252/296] SRVV
[03:53:59] [253/296] MAVC
[03:54:00] [254/296] SRPP
[03:54:01] [255/296] JGDM
[03:54:02] [256/296] MBSJ
[03:54:03] [257/296] SSLL
[03:54:04] [258/296] SLKP
[03:54:05] [259/296] NSRV
[03:54:06] [260/296] UTDV
[03:54:07] [261/296] KICM
[03:54:08] [262/296] KCMD
[03:54:08] [263/296] TTPP
[03:54:09] [264/296] KMPV
[03:54:10] [265/296] SKTV
[03:54:11] [266/296] STCV
[03:54:11] [267/296] SRDA
[03:54:12] [268/296] JTSX
[03:54:13] [269/296] STBV
[03:54:14] [270/296] APVZ
[03:54:15] [271/296] GSTV
[03:54:16] [272/296] NMVS
[03:54:17] [273/296] SKRT
[03:54:18] [274/296] RMDV
[03:54:18] [275/296] RATG
[03:54:19] [276/296] SJYV
[03:54:20] [277/296] NDGP
[03:54:21] [278/296] SNDG
[03:54:22] [279/296] INSR
[03:54:23] [280/296] INSO
[03:54:24] [281/296] CCSI
[03:54:25] [282/296] RASM
[03:54:26] [283/296] NEWC
[03:54:27] [284/296] VSHL
[03:54:27] [285/296] BISW
[03:54:28] [286/296] GCNG
[03:54:29] [287/296] CWSC
[03:54:30] [288/296] SKAN
[03:54:31] [289/296] SEHP
[03:54:31] [290/296] CCOA
[03:54:32] [291/296] MCAJ
[03:54:33] [292/296] ACDE
[03:54:34] [293/296] AACM
[03:54:35] [294/296] JJCK
[03:54:36] [295/296] RCMO
[03:54:37] [296/296] GDAW
[03:54:37] ✅ DONE | Shows=3 | Movies=1
