[00:49:21] 🚀 BMS DAILY TRACKER STARTED
[00:49:21] [1/459] MBDC
[00:49:21] 🧠 New identity
[00:49:22] [2/459] CHKM
[00:49:23] [3/459] JTKZ
[00:49:24] [4/459] CMCT
[00:49:26] [5/459] ASHO
[00:49:27] [6/459] ECDG
[00:49:27] [7/459] SPAT
[00:49:28] [8/459] HILC
[00:49:29] [9/459] SPPH
[00:49:30] [10/459] SBHN
[00:49:31] [11/459] RRCA
[00:49:32] [12/459] APAA
[00:49:33] [13/459] RAME
[00:49:34] [14/459] TMMS
[00:49:35] [15/459] BATK
[00:49:36] [16/459] LKOP
[00:49:38] [17/459] AMTT
[00:49:39] [18/459] PTGK
[00:49:40] [19/459] ANRS
[00:49:41] [20/459] VWBW
[00:49:41] [21/459] SVFG
[00:49:42] [22/459] STAT
[00:49:43] [23/459] GDCV
[00:49:44] [24/459] VEBI
[00:49:45] [25/459] VDSS
[00:49:46] [26/459] NTHV
[00:49:47] [27/459] AOCH
[00:49:48] [28/459] KASR
[00:49:49] [29/459] AYCS
[00:49:50] [30/459] SHAI
[00:49:51] [31/459] SKPE
[00:49:52] [32/459] SBTA
[00:49:53] [33/459] RTTD
[00:49:54] [34/459] CCJD
[00:49:56] [35/459] RSJJ
[00:49:57] [36/459] RKND
[00:49:58] [37/459] SVTX
[00:50:00] [38/459] BAKM
[00:50:01] [39/459] SVDC
[00:50:02] [40/459] MNCV
[00:50:02] [41/459] SJGC
[00:50:03] [42/459] MTPK
[00:50:04] [43/459] GATP
[00:50:05] [44/459] ABTS
[00:50:06] [45/459] ABDE
[00:50:07] [46/459] RCNM
[00:50:07] [47/459] KTHV
[00:50:08] [48/459] MDGJ
[00:50:10] [49/459] SMLM
[00:50:10] [50/459] JTMA
[00:50:11] [51/459] ACKP
[00:50:12] [52/459] SRTA
[00:50:13] [53/459] STAY
[00:50:14] [54/459] MAVO
[00:50:15] [55/459] APTS
[00:50:16] [56/459] OMEA
[00:50:17] [57/459] TTFD
[00:50:18] [58/459] MJCU
[00:50:19] [59/459] CXTE
[00:50:19] [60/459] CTPX
[00:50:20] [61/459] ASSL
[00:50:21] [62/459] CMVB
[00:50:22] [63/459] VPUR
[00:50:23] [64/459] JJDA
[00:50:24] [65/459] INBL
[00:50:24] [66/459] BIKB
[00:50:25] [67/459] NTBB
[00:50:26] [68/459] GLOB
[00:50:27] [69/459] SNTB
[00:50:28] [70/459] CHGV
[00:50:29] [71/459] SSBZ
[00:50:30] [72/459] PRDB
[00:50:31] [73/459] ISMT
[00:50:31] [74/459] MCSD
[00:50:32] [75/459] JBTT
[00:50:33] [76/459] GEKR
[00:50:34] [77/459] PVUN
[00:50:35] [78/459] NRTB
[00:50:36] [79/459] PRAA
[00:50:36] [80/459] PCBL
[00:50:37] [81/459] PTCM
[00:50:38] [82/459] KHNN
[00:50:39] [83/459] OMJE
[00:50:40] [84/459] STGN
[00:50:41] [85/459] RPMS
[00:50:42] [86/459] NWAD
[00:50:42] [87/459] BLCK
[00:50:43] [88/459] SVAA
[00:50:44] [89/459] URVM
[00:50:45] [90/459] ANTM
[00:50:46] [91/459] VJYM
[00:50:47] [92/459] MAZZ
[00:50:48] [93/459] CSHM
[00:50:49] [94/459] WGMH
[00:50:49] [95/459] SALN
[00:50:50] [96/459] BRTP
[00:50:51] [97/459] SVTA
[00:50:52] [98/459] SBTP
[00:50:53] [99/459] VLSS
[00:50:54] [100/459] SRJA
[00:50:55] [101/459] ANCG
[00:50:56] [102/459] CGGC
[00:50:57] [103/459] CRJA
[00:50:57] [104/459] USCR
[00:50:58] [105/459] MMEF
[00:50:59] [106/459] JCRJ
[00:51:00] [107/459] ADCM
[00:51:02] [108/459] BMYK
[00:51:02] [109/459] KICS
[00:51:04] [110/459] MBBT
[00:51:05] [111/459] MACK
[00:51:05] [112/459] CLDR
[00:51:06] [113/459] JYCR
[00:51:08] [114/459] DCRP
[00:51:09] [115/459] RAHT
[00:51:10] [116/459] CSSM
[00:51:11] [117/459] ATPK
[00:51:12] [118/459] KLRT
[00:51:13] [119/459] SRDD
[00:51:14] [120/459] CKMC
[00:51:15] [121/459] KRVM
[00:51:16] [122/459] AKCP
[00:51:17] [123/459] CNCV
[00:51:18] [124/459] PACT
[00:51:19] [125/459] NATP
[00:51:20] [126/459] PCPK
[00:51:20] [127/459] SMHO
[00:51:21] [128/459] CWTK
[00:51:22] [129/459] RVKZ
[00:51:23] [130/459] ASPD
[00:51:24] [131/459] VTKZ
[00:51:25] [132/459] LCSO
[00:51:26] [133/459] PRDY
[00:51:27] [134/459] RCAP
[00:51:28] [135/459] RGAR
[00:51:29] [136/459] RCAC
[00:51:30] [137/459] PMOD
[00:51:31] [138/459] PVCN
[00:51:32] [139/459] SCRZ
[00:51:32] [140/459] PVPC
[00:51:33] [141/459] STID
[00:51:34] [142/459] NEDD
[00:51:35] [143/459] BNBA
[00:51:36] [144/459] NTCD
[00:51:37] [145/459] OCDE
[00:51:38] [146/459] CCDU
[00:51:39] [147/459] CRXH
[00:51:40] [148/459] VLVT
[00:51:42] [149/459] CICI
[00:51:43] [150/459] SUCB
[00:51:44] [151/459] TCBP
[00:51:45] [152/459] SCCY
[00:51:46] [153/459] LXCY
[00:51:47] [154/459] NCMD
[00:51:48] [155/459] PHCS
[00:51:49] [156/459] DUXR
[00:51:50] [157/459] VNKS
[00:51:51] [158/459] SEDP
[00:51:51] [159/459] SVEN
[00:51:52] [160/459] SRKM
[00:51:53] [161/459] JTLT
[00:51:54] [162/459] SVSS
[00:51:55] [163/459] AMDE
[00:51:56] [164/459] WVRN
[00:51:56] [165/459] ISMG
[00:51:57] [166/459] WVKS
[00:51:58] [167/459] USCG
[00:51:59] [168/459] IOTG
[00:52:00] [169/459] RRJM
[00:52:00] [170/459] EDMP
[00:52:01] [171/459] SCGZ
[00:52:03] [172/459] GMGX
[00:52:04] [173/459] OMTP
[00:52:05] [174/459] MITD
[00:52:06] [175/459] SMMD
[00:52:07] [176/459] STML
[00:52:08] [177/459] MCFS
[00:52:09] [178/459] FPKA
[00:52:10] [179/459] OMLR
[00:52:11] [180/459] KKSC
[00:52:12] [181/459] RVMA
[00:52:12] [182/459] SCLL
[00:52:13] [183/459] SCDK
[00:52:14] [184/459] SXMI
[00:52:15] [185/459] SHDN
[00:52:16] [186/459] PAAD
[00:52:17] [187/459] UUCB
[00:52:18] [188/459] JHOL
[00:52:19] [189/459] SGWT
[00:52:20] [190/459] SRII
[00:52:21] [191/459] SGCK
[00:52:22] [192/459] SVVB
[00:52:23] [193/459] DMHA
[00:52:24] [194/459] PPNL
[00:52:25] [195/459] CPNL
[00:52:26] [196/459] WVLD
[00:52:26] [197/459] PSLV
[00:52:27] [198/459] VTTL
[00:52:28] [199/459] NPAD
[00:52:29] [200/459] PVCS
[00:52:30] [201/459] MCHL
[00:52:30] [202/459] PPLL
[00:52:31] [203/459] MALO
[00:52:32] [204/459] SWBH
[00:52:33] [205/459] PUGB
[00:52:34] [206/459] INBB
[00:52:35] [207/459] INNS
[00:52:37] [208/459] MCPT
[00:52:38] [209/459] SCMI
[00:52:38] [210/459] OCON
[00:52:39] [211/459] SCSM
[00:52:40] [212/459] RJVN
[00:52:41] [213/459] AMDK
[00:52:42] [214/459] ISMR
[00:52:43] [215/459] SMTD
[00:52:44] [216/459] VTDD
[00:52:45] [217/459] PDDZ
[00:52:46] [218/459] PCCK
[00:52:46] [219/459] INAM
[00:52:48] [220/459] FNKT
[00:52:48] [221/459] GDKA
[00:52:49] [222/459] MAYU
[00:52:50] [223/459] TCGU
[00:52:51] [224/459] KDCA
[00:52:52] [225/459] DOMY
[00:52:53] [226/459] PDDD
[00:52:53] [227/459] BJTS
[00:52:54] [228/459] VTCA
[00:52:55] [229/459] SBTM
[00:52:56] [230/459] SEET
[00:52:57] [231/459] SSTJ
[00:52:58] [232/459] SVNT
[00:52:59] [233/459] PPPR
[00:53:00] [234/459] PVYS
[00:53:01] [235/459] IOSE
[00:53:02] [236/459] ACTV
[00:53:02] [237/459] APVE
[00:53:03] [238/459] TCCL
[00:53:04] [239/459] SCMO
[00:53:05] [240/459] SAUM
[00:53:06] [241/459] KCJS
[00:53:06] [242/459] NJCJ
[00:53:07] [243/459] NECF
[00:53:08] [244/459] CCGW
[00:53:09] [245/459] CCMG
[00:53:10] [246/459] NYRG
[00:53:11] [247/459] NCSQ
[00:53:12] [248/459] GRCG
[00:53:13] [249/459] CCBT
[00:53:13] [250/459] ACGA
[00:53:14] [251/459] INAG
[00:53:15] [252/459] FUCG
[00:53:16] [253/459] AICF
[00:53:17] [254/459] GRGA
[00:53:18] [255/459] GDCN
[00:53:18] [256/459] RRCG
[00:53:19] [257/459] SDCH
[00:53:20] [258/459] WVJM
[00:53:21] [259/459] JCCZ
[00:53:22] [260/459] CNCL
[00:53:23] [261/459] TMLV
[00:53:24] [262/459] MEMB
[00:53:25] [263/459] SGTD
[00:53:26] [264/459] CONX
[00:53:27] [265/459] CCMH
[00:53:28] [266/459] ACMC
[00:53:29] [267/459] DTPD
[00:53:30] [268/459] POJA
[00:53:30] [269/459] FNBH
[00:53:31] [270/459] CGCB
[00:53:32] [271/459] RACN
[00:53:33] [272/459] JTSM
[00:53:34] [273/459] SCDN
[00:53:35] [274/459] AACK
[00:53:36] [275/459] RMCE
[00:53:36] [276/459] BSGB
[00:53:37] [277/459] MRCB
[00:53:38] [278/459] SRVR
[00:53:39] [279/459] VTKK
[00:53:40] [280/459] AMST
[00:53:42] [281/459] APCY
[00:53:43] [282/459] LMHO
[00:53:44] [283/459] MTZH
[00:53:44] [284/459] AMZB
[00:53:45] [285/459] SUVT
[00:53:46] [286/459] RCIP
[00:53:47] [287/459] KESR
[00:53:48] [288/459] SNKC
[00:53:49] [289/459] SCED
[00:53:50] [290/459] DVCA
[00:53:51] [291/459] VCDT
[00:53:52] [292/459] RRDI
[00:53:52] [293/459] DFCH
[00:53:53] [294/459] INSC
[00:53:54] [295/459] RGTR
[00:53:55] [296/459] FMOT
[00:53:56] [297/459] SCPM
[00:53:57] [298/459] GCDT
[00:53:58] [299/459] BRKT
[00:53:59] [300/459] DEMP
[00:54:00] [301/459] SRLC
[00:54:01] [302/459] KSTT
[00:54:02] [303/459] SMMT
[00:54:03] [304/459] SILM
[00:54:04] [305/459] JCVM
[00:54:04] [306/459] KCSV
[00:54:05] [307/459] MHLK
[00:54:06] [308/459] SLVL
[00:54:07] [309/459] RJKP
[00:54:08] [310/459] BBPC
[00:54:08] [311/459] MXCB
[00:54:09] [312/459] TCPK
[00:54:10] [313/459] RTBR
[00:54:11] [314/459] GAUT
[00:54:12] [315/459] DVCF
[00:54:12] [316/459] JTSB
[00:54:13] [317/459] SBLS
[00:54:14] [318/459] UDAY
[00:54:15] [319/459] PTNP
[00:54:16] [320/459] DMKT
[00:54:17] [321/459] NTDT
[00:54:18] [322/459] SHDJ
[00:54:19] [323/459] OTNC
[00:54:20] [324/459] RNTW
[00:54:20] [325/459] GCMI
[00:54:21] [326/459] CRCM
[00:54:22] [327/459] NNCZ
[00:54:23] [328/459] OEMO
[00:54:24] [329/459] PVJM
[00:54:24] [330/459] CPJI
[00:54:25] [331/459] RMCJ
[00:54:26] [332/459] CNWJ
[00:54:27] [333/459] EPJM
[00:54:27] [334/459] FNJJ
[00:54:28] [335/459] GCMJ
[00:54:30] [336/459] INPS
[00:54:31] [337/459] BICJ
[00:54:31] [338/459] ISTJ
[00:54:32] [339/459] INJC
[00:54:33] [340/459] GLXJ
[00:54:34] [341/459] INEM
[00:54:35] [342/459] JTMN
[00:54:36] [343/459] FRCJ
[00:54:37] [344/459] DDJP
[00:54:37] [345/459] INJV
[00:54:38] [346/459] GOLC
[00:54:39] [347/459] KOCI
[00:54:40] [348/459] FSTD
[00:54:41] [349/459] PACJ
[00:54:42] [350/459] GMCN
[00:54:43] [351/459] MMDJ
[00:54:44] [352/459] GODH
[00:54:45] [353/459] SKYN
[00:54:45] [354/459] NCTH
[00:54:46] [355/459] SKVZ
[00:54:47] [356/459] SVML
[00:54:48] [357/459] ACVZ
[00:54:49] [358/459] SURA
[00:54:49] [359/459] RTRB
[00:54:50] [360/459] LLCT
[00:54:51] [361/459] ATTS
[00:54:52] [362/459] JYCM
[00:54:53] [363/459] CTKR
[00:54:53] [364/459] LCKR
[00:54:54] [365/459] NYCV
[00:54:55] [366/459] NYOH
[00:54:56] [367/459] NOVX
[00:54:57] [368/459] MRGK
[00:54:57] [369/459] MOON
[00:54:58] [370/459] SBUC
[00:54:59] [371/459] GSVA
[00:55:00] [372/459] VIAK
[00:55:00] [373/459] SMVZ
[00:55:01] [374/459] MATE
[00:55:02] [375/459] RDCN
[00:55:03] [376/459] ASBL
[00:55:04] [377/459] ASVS
[00:55:05] [378/459] ASSR
[00:55:06] [379/459] SSKN
[00:55:07] [380/459] DRPV
[00:55:07] [381/459] MRHT
[00:55:08] [382/459] BSCN
[00:55:09] [383/459] RKNX
[00:55:11] [384/459] MSMC
[00:55:12] [385/459] MSCJ
[00:55:12] [386/459] BTBJ
[00:55:13] [387/459] MJCC
[00:55:14] [388/459] IOMM
[00:55:15] [389/459] ADGR
[00:55:16] [390/459] MYCP
[00:55:16] [391/459] IGCM
[00:55:18] [392/459] PGRK
[00:55:18] [393/459] VPGO
[00:55:19] [394/459] KOMS
[00:55:21] [395/459] URGG
[00:55:21] [396/459] GOST
[00:55:22] [397/459] LACT
[00:55:24] [398/459] BWCM
[00:55:25] [399/459] NCCW
[00:55:26] [400/459] SKYC
[00:55:26] [401/459] CCPM
[00:55:27] [402/459] VCBT
[00:55:28] [403/459] SDKR
[00:55:29] [404/459] CTYB
[00:55:30] [405/459] SHCX
[00:55:31] [406/459] RCUN
[00:55:32] [407/459] CNRA
[00:55:32] [408/459] RFCA
[00:55:33] [409/459] RDCU
[00:55:34] [410/459] SARK
[00:55:35] [411/459] SPPP
[00:55:36] [412/459] ADMB
[00:55:37] [413/459] JYOE
[00:55:38] [414/459] SRMD
[00:55:39] [415/459] RJDH
[00:55:39] [416/459] SSTD
[00:55:40] [417/459] AACV
[00:55:42] [418/459] PPVD
[00:55:43] [419/459] STCP
[00:55:43] [420/459] ANJR
[00:55:44] [421/459] ANLS
[00:55:45] [422/459] BIJO
[00:55:46] [423/459] AVAB
[00:55:46] [424/459] SPMD
[00:55:48] [425/459] SVJL
[00:55:49] [426/459] SDDJ
[00:55:49] [427/459] SLTU
[00:55:50] [428/459] SAKA
[00:55:51] [429/459] PMAM
[00:55:52] [430/459] FNAM
[00:55:53] [431/459] ACAM
[00:55:53] [432/459] SCMM
[00:55:54] [433/459] PMAK
[00:55:55] [434/459] NYSA
[00:55:56] [435/459] FCPA
[00:55:56] [436/459] GDAN
[00:55:57] [437/459] RSCA
[00:55:58] [438/459] DMAN
[00:55:59] [439/459] DZCM
[00:56:00] [440/459] NSGL
[00:56:01] [441/459] CCPP
[00:56:02] [442/459] PSMG
[00:56:03] [443/459] GSER
[00:56:04] [444/459] FCCT
[00:56:05] [445/459] FCTB
[00:56:05] [446/459] LCNK
[00:56:06] [447/459] SKTY
[00:56:07] [448/459] INAA
[00:56:08] [449/459] RCWN
[00:56:09] [450/459] VAIS
[00:56:09] [451/459] CVMN
[00:56:10] [452/459] INTS
[00:56:11] [453/459] FRGS
[00:56:12] [454/459] DTCK
[00:56:13] [455/459] MCMH
[00:56:15] [456/459] ECRR
[00:56:15] [457/459] RLLP
[00:56:16] [458/459] CCSN
[00:56:17] [459/459] CCBA
[00:56:18] ✅ DONE | Shows=0 | Movies=0
[01:53:10] 🚀 BMS DAILY TRACKER STARTED
[01:53:10] [1/459] MBDC
[01:53:10] 🧠 New identity
[01:53:12] [2/459] CHKM
[01:53:13] [3/459] JTKZ
[01:53:15] [4/459] CMCT
[01:53:15] [5/459] ASHO
[01:53:16] [6/459] ECDG
[01:53:17] [7/459] SPAT
[01:53:18] [8/459] HILC
[01:53:19] [9/459] SPPH
[01:53:20] [10/459] SBHN
[01:53:21] [11/459] RRCA
[01:53:22] [12/459] APAA
[01:53:23] [13/459] RAME
[01:53:24] [14/459] TMMS
[01:53:24] [15/459] BATK
[01:53:25] [16/459] LKOP
[01:53:26] [17/459] AMTT
[01:53:28] [18/459] PTGK
[01:53:29] [19/459] ANRS
[01:53:31] [20/459] VWBW
[01:53:31] [21/459] SVFG
[01:53:32] [22/459] STAT
[01:53:33] [23/459] GDCV
[01:53:34] [24/459] VEBI
[01:53:34] [25/459] VDSS
[01:53:35] [26/459] NTHV
[01:53:36] [27/459] AOCH
[01:53:37] [28/459] KASR
[01:53:38] [29/459] AYCS
[01:53:39] [30/459] SHAI
[01:53:39] [31/459] SKPE
[01:53:40] [32/459] SBTA
[01:53:41] [33/459] RTTD
[01:53:43] [34/459] CCJD
[01:53:43] [35/459] RSJJ
[01:53:44] [36/459] RKND
[01:53:45] [37/459] SVTX
[01:53:46] [38/459] BAKM
[01:53:47] [39/459] SVDC
[01:53:48] [40/459] MNCV
[01:53:48] [41/459] SJGC
[01:53:49] [42/459] MTPK
[01:53:50] [43/459] GATP
[01:53:51] [44/459] ABTS
[01:53:52] [45/459] ABDE
[01:53:53] [46/459] RCNM
[01:53:54] [47/459] KTHV
[01:53:54] [48/459] MDGJ
[01:53:56] [49/459] SMLM
[01:53:57] [50/459] JTMA
[01:53:58] [51/459] ACKP
[01:53:59] [52/459] SRTA
[01:54:00] [53/459] STAY
[01:54:01] [54/459] MAVO
[01:54:01] [55/459] APTS
[01:54:02] [56/459] OMEA
[01:54:03] [57/459] TTFD
[01:54:04] [58/459] MJCU
[01:54:05] [59/459] CXTE
[01:54:06] [60/459] CTPX
[01:54:07] [61/459] ASSL
[01:54:08] [62/459] CMVB
[01:54:09] [63/459] VPUR
[01:54:10] [64/459] JJDA
[01:54:11] [65/459] INBL
[01:54:12] [66/459] BIKB
[01:54:13] [67/459] NTBB
[01:54:14] [68/459] GLOB
[01:54:15] [69/459] SNTB
[01:54:16] [70/459] CHGV
[01:54:17] [71/459] SSBZ
[01:54:19] [72/459] PRDB
[01:54:20] [73/459] ISMT
[01:54:20] [74/459] MCSD
[01:54:21] [75/459] JBTT
[01:54:22] [76/459] GEKR
[01:54:23] [77/459] PVUN
[01:54:24] [78/459] NRTB
[01:54:25] [79/459] PRAA
[01:54:26] [80/459] PCBL
[01:54:27] [81/459] PTCM
[01:54:28] [82/459] KHNN
[01:54:30] [83/459] OMJE
[01:54:31] [84/459] STGN
[01:54:32] [85/459] RPMS
[01:54:33] [86/459] NWAD
[01:54:35] [87/459] BLCK
[01:54:35] [88/459] SVAA
[01:54:36] [89/459] URVM
[01:54:38] [90/459] ANTM
[01:54:38] [91/459] VJYM
[01:54:39] [92/459] MAZZ
[01:54:40] [93/459] CSHM
[01:54:41] [94/459] WGMH
[01:54:42] [95/459] SALN
[01:54:43] [96/459] BRTP
[01:54:44] [97/459] SVTA
[01:54:45] [98/459] SBTP
[01:54:46] [99/459] VLSS
[01:54:47] [100/459] SRJA
[01:54:48] [101/459] ANCG
[01:54:48] [102/459] CGGC
[01:54:49] [103/459] CRJA
[01:54:50] [104/459] USCR
[01:54:51] [105/459] MMEF
[01:54:52] [106/459] JCRJ
[01:54:53] [107/459] ADCM
[01:54:54] [108/459] BMYK
[01:54:55] [109/459] KICS
[01:54:56] [110/459] MBBT
[01:54:56] [111/459] MACK
[01:54:57] [112/459] CLDR
[01:54:58] [113/459] JYCR
[01:54:59] [114/459] DCRP
[01:55:00] [115/459] RAHT
[01:55:02] [116/459] CSSM
[01:55:02] [117/459] ATPK
[01:55:03] [118/459] KLRT
[01:55:05] [119/459] SRDD
[01:55:06] [120/459] CKMC
[01:55:07] [121/459] KRVM
[01:55:08] [122/459] AKCP
[01:55:08] [123/459] CNCV
[01:55:09] [124/459] PACT
[01:55:10] [125/459] NATP
[01:55:11] [126/459] PCPK
[01:55:12] [127/459] SMHO
[01:55:13] [128/459] CWTK
[01:55:14] [129/459] RVKZ
[01:55:15] [130/459] ASPD
[01:55:16] [131/459] VTKZ
[01:55:17] [132/459] LCSO
[01:55:18] [133/459] PRDY
[01:55:19] [134/459] RCAP
[01:55:19] [135/459] RGAR
[01:55:20] [136/459] RCAC
[01:55:21] [137/459] PMOD
[01:55:22] [138/459] PVCN
[01:55:23] [139/459] SCRZ
[01:55:24] [140/459] PVPC
[01:55:24] [141/459] STID
[01:55:25] [142/459] NEDD
[01:55:26] [143/459] BNBA
[01:55:27] [144/459] NTCD
[01:55:28] [145/459] OCDE
[01:55:29] [146/459] CCDU
[01:55:30] [147/459] CRXH
[01:55:31] [148/459] VLVT
[01:55:31] [149/459] CICI
[01:55:33] [150/459] SUCB
[01:55:34] [151/459] TCBP
[01:55:36] [152/459] SCCY
[01:55:37] [153/459] LXCY
[01:55:38] [154/459] NCMD
[01:55:39] [155/459] PHCS
[01:55:40] [156/459] DUXR
[01:55:40] [157/459] VNKS
[01:55:41] [158/459] SEDP
[01:55:42] [159/459] SVEN
[01:55:44] [160/459] SRKM
[01:55:45] [161/459] JTLT
[01:55:46] [162/459] SVSS
[01:55:48] [163/459] AMDE
[01:55:50] [164/459] WVRN
[01:55:51] [165/459] ISMG
[01:55:52] [166/459] WVKS
[01:55:53] [167/459] USCG
[01:55:55] [168/459] IOTG
[01:55:56] [169/459] RRJM
[01:55:56] [170/459] EDMP
[01:55:57] [171/459] SCGZ
[01:55:58] [172/459] GMGX
[01:55:59] [173/459] OMTP
[01:56:00] [174/459] MITD
[01:56:01] [175/459] SMMD
[01:56:01] [176/459] STML
[01:56:02] [177/459] MCFS
[01:56:04] [178/459] FPKA
[01:56:05] [179/459] OMLR
[01:56:06] [180/459] KKSC
[01:56:07] [181/459] RVMA
[01:56:08] [182/459] SCLL
[01:56:08] [183/459] SCDK
[01:56:09] [184/459] SXMI
[01:56:10] [185/459] SHDN
[01:56:11] [186/459] PAAD
[01:56:12] [187/459] UUCB
[01:56:12] [188/459] JHOL
[01:56:14] [189/459] SGWT
[01:56:15] [190/459] SRII
[01:56:15] [191/459] SGCK
[01:56:16] [192/459] SVVB
[01:56:17] [193/459] DMHA
[01:56:18] [194/459] PPNL
[01:56:19] [195/459] CPNL
[01:56:19] [196/459] WVLD
[01:56:20] [197/459] PSLV
[01:56:21] [198/459] VTTL
[01:56:22] [199/459] NPAD
[01:56:23] [200/459] PVCS
[01:56:23] [201/459] MCHL
[01:56:25] [202/459] PPLL
[01:56:27] [203/459] MALO
[01:56:28] [204/459] SWBH
[01:56:30] [205/459] PUGB
[01:56:31] [206/459] INBB
[01:56:31] [207/459] INNS
[01:56:32] [208/459] MCPT
[01:56:33] [209/459] SCMI
[01:56:34] [210/459] OCON
[01:56:35] [211/459] SCSM
[01:56:35] [212/459] RJVN
[01:56:36] [213/459] AMDK
[01:56:37] [214/459] ISMR
[01:56:39] [215/459] SMTD
[01:56:40] [216/459] VTDD
[01:56:40] [217/459] PDDZ
[01:56:41] [218/459] PCCK
[01:56:42] [219/459] INAM
[01:56:43] [220/459] FNKT
[01:56:44] [221/459] GDKA
[01:56:45] [222/459] MAYU
[01:56:45] [223/459] TCGU
[01:56:46] [224/459] KDCA
[01:56:47] [225/459] DOMY
[01:56:48] [226/459] PDDD
[01:56:48] [227/459] BJTS
[01:56:49] [228/459] VTCA
[01:56:50] [229/459] SBTM
[01:56:51] [230/459] SEET
[01:56:52] [231/459] SSTJ
[01:56:53] [232/459] SVNT
[01:56:54] [233/459] PPPR
[01:56:55] [234/459] PVYS
[01:56:56] [235/459] IOSE
[01:56:57] [236/459] ACTV
[01:56:58] [237/459] APVE
[01:56:59] [238/459] TCCL
[01:57:00] [239/459] SCMO
[01:57:01] [240/459] SAUM
[01:57:03] [241/459] KCJS
[01:57:03] [242/459] NJCJ
[01:57:04] [243/459] NECF
[01:57:05] [244/459] CCGW
[01:57:07] [245/459] CCMG
[01:57:08] [246/459] NYRG
[01:57:09] [247/459] NCSQ
[01:57:09] [248/459] GRCG
[01:57:10] [249/459] CCBT
[01:57:12] [250/459] ACGA
[01:57:12] [251/459] INAG
[01:57:13] [252/459] FUCG
[01:57:14] [253/459] AICF
[01:57:15] [254/459] GRGA
[01:57:16] [255/459] GDCN
[01:57:17] [256/459] RRCG
[01:57:18] [257/459] SDCH
[01:57:19] [258/459] WVJM
[01:57:21] [259/459] JCCZ
[01:57:22] [260/459] CNCL
[01:57:23] [261/459] TMLV
[01:57:24] [262/459] MEMB
[01:57:25] [263/459] SGTD
[01:57:25] [264/459] CONX
[01:57:26] [265/459] CCMH
[01:57:27] [266/459] ACMC
[01:57:28] [267/459] DTPD
[01:57:29] [268/459] POJA
[01:57:31] [269/459] FNBH
[01:57:31] [270/459] CGCB
[01:57:32] [271/459] RACN
[01:57:33] [272/459] JTSM
[01:57:34] [273/459] SCDN
[01:57:34] [274/459] AACK
[01:57:35] [275/459] RMCE
[01:57:36] [276/459] BSGB
[01:57:37] [277/459] MRCB
[01:57:38] [278/459] SRVR
[01:57:39] [279/459] VTKK
[01:57:40] [280/459] AMST
[01:57:40] [281/459] APCY
[01:57:41] [282/459] LMHO
[01:57:43] [283/459] MTZH
[01:57:44] [284/459] AMZB
[01:57:45] [285/459] SUVT
[01:57:46] [286/459] RCIP
[01:57:46] [287/459] KESR
[01:57:47] [288/459] SNKC
[01:57:48] [289/459] SCED
[01:57:49] [290/459] DVCA
[01:57:50] [291/459] VCDT
[01:57:50] [292/459] RRDI
[01:57:51] [293/459] DFCH
[01:57:52] [294/459] INSC
[01:57:53] [295/459] RGTR
[01:57:54] [296/459] FMOT
[01:57:55] [297/459] SCPM
[01:57:56] [298/459] GCDT
[01:57:57] [299/459] BRKT
[01:57:58] [300/459] DEMP
[01:57:59] [301/459] SRLC
[01:58:00] [302/459] KSTT
[01:58:01] [303/459] SMMT
[01:58:02] [304/459] SILM
[01:58:03] [305/459] JCVM
[01:58:03] [306/459] KCSV
[01:58:04] [307/459] MHLK
[01:58:06] [308/459] SLVL
[01:58:07] [309/459] RJKP
[01:58:08] [310/459] BBPC
[01:58:09] [311/459] MXCB
[01:58:09] [312/459] TCPK
[01:58:10] [313/459] RTBR
[01:58:12] [314/459] GAUT
[01:58:14] [315/459] DVCF
[01:58:15] [316/459] JTSB
[01:58:16] [317/459] SBLS
[01:58:17] [318/459] UDAY
[01:58:18] [319/459] PTNP
[01:58:19] [320/459] DMKT
[01:58:20] [321/459] NTDT
[01:58:20] [322/459] SHDJ
[01:58:22] [323/459] OTNC
[01:58:23] [324/459] RNTW
[01:58:24] [325/459] GCMI
[01:58:24] [326/459] CRCM
[01:58:26] [327/459] NNCZ
[01:58:28] [328/459] OEMO
[01:58:29] [329/459] PVJM
[01:58:29] [330/459] CPJI
[01:58:30] [331/459] RMCJ
[01:58:32] [332/459] CNWJ
[01:58:32] [333/459] EPJM
[01:58:33] [334/459] FNJJ
[01:58:34] [335/459] GCMJ
[01:58:35] [336/459] INPS
[01:58:36] [337/459] BICJ
[01:58:37] [338/459] ISTJ
[01:58:39] [339/459] INJC
[01:58:40] [340/459] GLXJ
[01:58:41] [341/459] INEM
[01:58:41] [342/459] JTMN
[01:58:42] [343/459] FRCJ
[01:58:43] [344/459] DDJP
[01:58:44] [345/459] INJV
[01:58:44] [346/459] GOLC
[01:58:46] [347/459] KOCI
[01:58:47] [348/459] FSTD
[01:58:48] [349/459] PACJ
[01:58:48] [350/459] GMCN
[01:58:50] [351/459] MMDJ
[01:58:51] [352/459] GODH
[01:58:51] [353/459] SKYN
[01:58:52] [354/459] NCTH
[01:58:54] [355/459] SKVZ
[01:58:55] [356/459] SVML
[01:58:56] [357/459] ACVZ
[01:58:57] [358/459] SURA
[01:58:57] [359/459] RTRB
[01:58:58] [360/459] LLCT
[01:58:59] [361/459] ATTS
[01:59:00] [362/459] JYCM
[01:59:01] [363/459] CTKR
[01:59:02] [364/459] LCKR
[01:59:03] [365/459] NYCV
[01:59:03] [366/459] NYOH
[01:59:04] [367/459] NOVX
[01:59:05] [368/459] MRGK
[01:59:06] [369/459] MOON
[01:59:06] [370/459] SBUC
[01:59:07] [371/459] GSVA
[01:59:08] [372/459] VIAK
[01:59:09] [373/459] SMVZ
[01:59:10] [374/459] MATE
[01:59:11] [375/459] RDCN
[01:59:11] [376/459] ASBL
[01:59:13] [377/459] ASVS
[01:59:14] [378/459] ASSR
[01:59:15] [379/459] SSKN
[01:59:16] [380/459] DRPV
[01:59:17] [381/459] MRHT
[01:59:18] [382/459] BSCN
[01:59:19] [383/459] RKNX
[01:59:20] [384/459] MSMC
[01:59:21] [385/459] MSCJ
[01:59:22] [386/459] BTBJ
[01:59:22] [387/459] MJCC
[01:59:23] [388/459] IOMM
[01:59:24] [389/459] ADGR
[01:59:25] [390/459] MYCP
[01:59:26] [391/459] IGCM
[01:59:27] [392/459] PGRK
[01:59:28] [393/459] VPGO
[01:59:29] [394/459] KOMS
[01:59:29] [395/459] URGG
[01:59:30] [396/459] GOST
[01:59:32] [397/459] LACT
[01:59:33] [398/459] BWCM
[01:59:33] [399/459] NCCW
[01:59:34] [400/459] SKYC
[01:59:35] [401/459] CCPM
[01:59:36] [402/459] VCBT
[01:59:37] [403/459] SDKR
[01:59:38] [404/459] CTYB
[01:59:39] [405/459] SHCX
[01:59:40] [406/459] RCUN
[01:59:41] [407/459] CNRA
[01:59:43] [408/459] RFCA
[01:59:44] [409/459] RDCU
[01:59:45] [410/459] SARK
[01:59:46] [411/459] SPPP
[01:59:46] [412/459] ADMB
[01:59:47] [413/459] JYOE
[01:59:48] [414/459] SRMD
[01:59:49] [415/459] RJDH
[01:59:50] [416/459] SSTD
[01:59:50] [417/459] AACV
[01:59:51] [418/459] PPVD
[01:59:52] [419/459] STCP
[01:59:53] [420/459] ANJR
[01:59:55] [421/459] ANLS
[01:59:56] [422/459] BIJO
[01:59:57] [423/459] AVAB
[01:59:58] [424/459] SPMD
[01:59:59] [425/459] SVJL
[01:59:59] [426/459] SDDJ
[02:00:00] [427/459] SLTU
[02:00:01] [428/459] SAKA
[02:00:02] [429/459] PMAM
[02:00:03] [430/459] FNAM
[02:00:04] [431/459] ACAM
[02:00:05] [432/459] SCMM
[02:00:06] [433/459] PMAK
[02:00:07] [434/459] NYSA
[02:00:08] [435/459] FCPA
[02:00:09] [436/459] GDAN
[02:00:10] [437/459] RSCA
[02:00:11] [438/459] DMAN
[02:00:12] [439/459] DZCM
[02:00:13] [440/459] NSGL
[02:00:14] [441/459] CCPP
[02:00:15] [442/459] PSMG
[02:00:15] [443/459] GSER
[02:00:16] [444/459] FCCT
[02:00:18] [445/459] FCTB
[02:00:19] [446/459] LCNK
[02:00:20] [447/459] SKTY
[02:00:20] [448/459] INAA
[02:00:21] [449/459] RCWN
[02:00:22] [450/459] VAIS
[02:00:23] [451/459] CVMN
[02:00:24] [452/459] INTS
[02:00:25] [453/459] FRGS
[02:00:26] [454/459] DTCK
[02:00:26] [455/459] MCMH
[02:00:27] [456/459] ECRR
[02:00:28] [457/459] RLLP
[02:00:30] [458/459] CCSN
[02:00:31] [459/459] CCBA
[02:00:32] ✅ DONE | Shows=0 | Movies=0
