[00:49:22] 🚀 BMS DAILY TRACKER STARTED
[00:49:22] [1/459] NECA
[00:49:22] 🧠 New identity
[00:49:23] [2/459] BJLC
[00:49:24] [3/459] BASU
[00:49:25] [4/459] RUPI
[00:49:26] [5/459] LCBK
[00:49:27] [6/459] PMAC
[00:49:28] [7/459] AMLC
[00:49:29] [8/459] LICL
[00:49:30] [9/459] UDMM
[00:49:31] [10/459] STBZ
[00:49:31] [11/459] UUBT
[00:49:32] [12/459] SJKC
[00:49:34] [13/459] TUAL
[00:49:36] [14/459] MRSE
[00:49:38] [15/459] RMRK
[00:49:38] [16/459] TTKP
[00:49:39] [17/459] KTKO
[00:49:40] [18/459] SDBK
[00:49:41] [19/459] MCPR
[00:49:42] [20/459] CHTI
[00:49:43] [21/459] GCCP
[00:49:43] [22/459] SRMY
[00:49:44] [23/459] NYST
[00:49:45] [24/459] NYAG
[00:49:46] [25/459] SBMT
[00:49:47] [26/459] INGA
[00:49:48] [27/459] WSIC
[00:49:49] [28/459] SCSS
[00:49:50] [29/459] COPG
[00:49:51] [30/459] RCGR
[00:49:52] [31/459] TCZA
[00:49:53] [32/459] CNLP
[00:49:54] [33/459] CLKN
[00:49:54] [34/459] LHDF
[00:49:55] [35/459] ELKC
[00:49:57] [36/459] VCEM
[00:49:58] [37/459] SSZA
[00:49:59] [38/459] KRMT
[00:50:00] [39/459] LCMV
[00:50:01] [40/459] AYCZ
[00:50:01] [41/459] CUMS
[00:50:02] [42/459] BOCK
[00:50:03] [43/459] PNMR
[00:50:04] [44/459] PJCP
[00:50:06] [45/459] JDDD
[00:50:06] [46/459] STMS
[00:50:07] [47/459] FLMB
[00:50:08] [48/459] PKCM
[00:50:10] [49/459] SPPR
[00:50:11] [50/459] EYLH
[00:50:12] [51/459] RJCC
[00:50:14] [52/459] MMPS
[00:50:14] [53/459] SHMX
[00:50:15] [54/459] CCNL
[00:50:17] [55/459] RCNV
[00:50:18] [56/459] MAAG
[00:50:19] [57/459] LXCM
[00:50:20] [58/459] RCNI
[00:50:21] [59/459] SNNI
[00:50:21] [60/459] LALC
[00:50:22] [61/459] SOCN
[00:50:23] [62/459] JHTP
[00:50:25] [63/459] PITP
[00:50:26] [64/459] CCKW
[00:50:26] [65/459] MCMC
[00:50:27] [66/459] DEES
[00:50:28] [67/459] SABT
[00:50:29] [68/459] VSPP
[00:50:30] [69/459] ABCT
[00:50:32] [70/459] JVTB
[00:50:33] [71/459] VCBD
[00:50:33] [72/459] RMGG
[00:50:34] [73/459] RNMH
[00:50:35] [74/459] SPGL
[00:50:36] [75/459] JTTR
[00:50:38] [76/459] SICS
[00:50:40] [77/459] SRMI
[00:50:40] [78/459] SSIJ
[00:50:41] [79/459] KFMT
[00:50:43] [80/459] VBIT
[00:50:44] [81/459] JKCT
[00:50:45] [82/459] GCGP
[00:50:46] [83/459] GDCS
[00:50:47] [84/459] TRBA
[00:50:48] [85/459] QUST
[00:50:50] [86/459] VSHM
[00:50:51] [87/459] SDCP
[00:50:52] [88/459] SNVS
[00:50:53] [89/459] NYTO
[00:50:54] [90/459] URWC
[00:50:54] [91/459] GTWH
[00:50:55] [92/459] PFCM
[00:50:56] [93/459] KRTA
[00:50:57] [94/459] AXMC
[00:50:58] [95/459] EVMC
[00:50:59] [96/459] HGSM
[00:51:00] [97/459] ACVM
[00:51:01] [98/459] PSKL
[00:51:02] [99/459] RDMP
[00:51:03] [100/459] RHGH
[00:51:03] [101/459] OMCM
[00:51:04] [102/459] DCCP
[00:51:05] [103/459] MCPB
[00:51:06] [104/459] ALCI
[00:51:07] [105/459] BLMX
[00:51:08] [106/459] BTMV
[00:51:10] [107/459] FVPN
[00:51:11] [108/459] CMAR
[00:51:12] [109/459] CEIM
[00:51:12] [110/459] CMVA
[00:51:13] [111/459] CPIV
[00:51:15] [112/459] CNPE
[00:51:16] [113/459] COLV
[00:51:16] [114/459] DNNV
[00:51:17] [115/459] HCAD
[00:51:18] [116/459] TAKA
[00:51:19] [117/459] INVD
[00:51:20] [118/459] IRMM
[00:51:21] [119/459] INSE
[00:51:22] [120/459] MRSW
[00:51:24] [121/459] MCVD
[00:51:25] [122/459] MCSO
[00:51:26] [123/459] PEVM
[00:51:27] [124/459] PVNL
[00:51:27] [125/459] PTCV
[00:51:28] [126/459] PRTC
[00:51:29] [127/459] RCVA
[00:51:30] [128/459] MTBN
[00:51:30] [129/459] LUCP
[00:51:31] [130/459] FMPT
[00:51:32] [131/459] JLSL
[00:51:33] [132/459] SBHA
[00:51:34] [133/459] SHRC
[00:51:35] [134/459] AVPS
[00:51:36] [135/459] STPM
[00:51:37] [136/459] ATRD
[00:51:38] [137/459] VTED
[00:51:39] [138/459] ACAI
[00:51:40] [139/459] SMAE
[00:51:42] [140/459] VMAT
[00:51:43] [141/459] LKCT
[00:51:44] [142/459] JTVK
[00:51:45] [143/459] PRTY
[00:51:46] [144/459] GETT
[00:51:46] [145/459] ESAP
[00:51:47] [146/459] NCPM
[00:51:48] [147/459] PCPA
[00:51:49] [148/459] MMOM
[00:51:50] [149/459] PHUP
[00:51:51] [150/459] CCPI
[00:51:51] [151/459] CNTD
[00:51:52] [152/459] NLJR
[00:51:53] [153/459] SRNG
[00:51:54] [154/459] MHAL
[00:51:55] [155/459] PNSM
[00:51:56] [156/459] DRMY
[00:51:57] [157/459] CCMU
[00:51:58] [158/459] SCMY
[00:51:59] [159/459] PVSY
[00:52:00] [160/459] SDLM
[00:52:00] [161/459] ICCM
[00:52:02] [162/459] PYSU
[00:52:04] [163/459] GATM
[00:52:04] [164/459] WOTM
[00:52:05] [165/459] RKTS
[00:52:07] [166/459] PMTY
[00:52:08] [167/459] LYMS
[00:52:08] [168/459] TGCA
[00:52:10] [169/459] DSTA
[00:52:11] [170/459] CNGE
[00:52:12] [171/459] VSTG
[00:52:13] [172/459] GTCK
[00:52:14] [173/459] TGNT
[00:52:15] [174/459] ASLC
[00:52:15] [175/459] SSST
[00:52:16] [176/459] KBTT
[00:52:17] [177/459] HKCP
[00:52:19] [178/459] SWLC
[00:52:20] [179/459] RTND
[00:52:21] [180/459] PKKT
[00:52:22] [181/459] HSTK
[00:52:23] [182/459] SPTT
[00:52:24] [183/459] IMPM
[00:52:25] [184/459] SCMV
[00:52:26] [185/459] SPCT
[00:52:27] [186/459] JBCA
[00:52:28] [187/459] ATTR
[00:52:29] [188/459] SPMT
[00:52:30] [189/459] LCTM
[00:52:31] [190/459] SCVL
[00:52:32] [191/459] SCVT
[00:52:32] [192/459] KRIC
[00:52:33] [193/459] CTMG
[00:52:34] [194/459] ACNC
[00:52:35] [195/459] DMCK
[00:52:36] [196/459] KMTV
[00:52:37] [197/459] PFCJ
[00:52:38] [198/459] VNMD
[00:52:38] [199/459] VPCZ
[00:52:39] [200/459] SRYR
[00:52:41] [201/459] SYTR
[00:52:41] [202/459] GATR
[00:52:42] [203/459] URTR
[00:52:44] [204/459] MKSM
[00:52:45] [205/459] VSMH
[00:52:46] [206/459] SKRJ
[00:52:47] [207/459] SSJR
[00:52:47] [208/459] SVSM
[00:52:48] [209/459] RUCM
[00:52:49] [210/459] PRKN
[00:52:49] [211/459] RROH
[00:52:50] [212/459] SCTN
[00:52:51] [213/459] RTDM
[00:52:52] [214/459] ASRM
[00:52:53] [215/459] SKMD
[00:52:54] [216/459] SUTD
[00:52:54] [217/459] SADM
[00:52:56] [218/459] WCNR
[00:52:58] [219/459] CNED
[00:52:58] [220/459] MPDB
[00:52:59] [221/459] KTBH
[00:53:00] [222/459] IDRM
[00:53:01] [223/459] PJJT
[00:53:01] [224/459] PFCV
[00:53:02] [225/459] AACT
[00:53:03] [226/459] AAAD
[00:53:04] [227/459] ANES
[00:53:05] [228/459] MNCA
[00:53:06] [229/459] RMGU
[00:53:06] [230/459] DLCN
[00:53:07] [231/459] LJWT
[00:53:08] [232/459] MCBG
[00:53:09] [233/459] MYBG
[00:53:10] [234/459] GCCA
[00:53:11] [235/459] GCGA
[00:53:13] [236/459] ECGN
[00:53:14] [237/459] PRAB
[00:53:14] [238/459] PNMP
[00:53:15] [239/459] GCPT
[00:53:16] [240/459] ROYN
[00:53:17] [241/459] VATM
[00:53:18] [242/459] KSNT
[00:53:18] [243/459] ACTC
[00:53:19] [244/459] PLTD
[00:53:21] [245/459] SKMK
[00:53:22] [246/459] CMTT
[00:53:23] [247/459] SMXP
[00:53:24] [248/459] SCMX
[00:53:25] [249/459] ACXN
[00:53:26] [250/459] ASWT
[00:53:26] [251/459] VVVL
[00:53:27] [252/459] NAGO
[00:53:28] [253/459] SNCN
[00:53:29] [254/459] MCKP
[00:53:30] [255/459] SAMO
[00:53:31] [256/459] JBTV
[00:53:32] [257/459] DCVV
[00:53:33] [258/459] KMSV
[00:53:34] [259/459] KDCN
[00:53:35] [260/459] CNCP
[00:53:35] [261/459] HAMC
[00:53:37] [262/459] CCVZ
[00:53:39] [263/459] NCCK
[00:53:40] [264/459] MCHR
[00:53:40] [265/459] SCHT
[00:53:41] [266/459] ESSH
[00:53:42] [267/459] CUJC
[00:53:43] [268/459] PECP
[00:53:45] [269/459] PMMI
[00:53:45] [270/459] PCCH
[00:53:46] [271/459] PRPM
[00:53:47] [272/459] PVKL
[00:53:48] [273/459] CBSM
[00:53:49] [274/459] PVCZ
[00:53:49] [275/459] PCVV
[00:53:51] [276/459] CTMJ
[00:53:53] [277/459] RCPS
[00:53:54] [278/459] PCIT
[00:53:55] [279/459] FNCH
[00:53:56] [280/459] INZD
[00:53:57] [281/459] INPC
[00:53:58] [282/459] LCZP
[00:53:59] [283/459] SMCB
[00:54:00] [284/459] PTSB
[00:54:01] [285/459] TPSI
[00:54:02] [286/459] KHMJ
[00:54:03] [287/459] RCCJ
[00:54:04] [288/459] NCJA
[00:54:05] [289/459] NCJN
[00:54:07] [290/459] BTDP
[00:54:07] [291/459] PADY
[00:54:08] [292/459] NYBH
[00:54:09] [293/459] MTBR
[00:54:10] [294/459] KRBC
[00:54:11] [295/459] DKTI
[00:54:12] [296/459] ANAN
[00:54:14] [297/459] INBP
[00:54:14] [298/459] PATB
[00:54:15] [299/459] RGNT
[00:54:16] [300/459] CGPM
[00:54:17] [301/459] INTN
[00:54:18] [302/459] MCMP
[00:54:19] [303/459] ASRG
[00:54:20] [304/459] CXJD
[00:54:21] [305/459] SPCP
[00:54:21] [306/459] CSTP
[00:54:22] [307/459] PKVC
[00:54:23] [308/459] ESCP
[00:54:24] [309/459] CAEP
[00:54:25] [310/459] CCSP
[00:54:26] [311/459] KTPC
[00:54:27] [312/459] DACA
[00:54:28] [313/459] NVKY
[00:54:29] [314/459] PTIN
[00:54:29] [315/459] SCIN
[00:54:30] [316/459] MCTY
[00:54:31] [317/459] PCMX
[00:54:32] [318/459] INIC
[00:54:33] [319/459] MMZM
[00:54:34] [320/459] SSLP
[00:54:34] [321/459] DTDT
[00:54:35] [322/459] FFCX
[00:54:36] [323/459] RCMM
[00:54:37] [324/459] KYID
[00:54:39] [325/459] CSCI
[00:54:39] [326/459] FCMC
[00:54:40] [327/459] MMXI
[00:54:41] [328/459] ASTC
[00:54:42] [329/459] CMRA
[00:54:43] [330/459] DICI
[00:54:43] [331/459] KDIN
[00:54:44] [332/459] PRFI
[00:54:45] [333/459] SVFC
[00:54:46] [334/459] UCPL
[00:54:47] [335/459] COOC
[00:54:48] [336/459] SCAL
[00:54:49] [337/459] SVFF
[00:54:50] [338/459] VCMG
[00:54:51] [339/459] UUCT
[00:54:52] [340/459] GCSE
[00:54:53] [341/459] SUSC
[00:54:54] [342/459] MISC
[00:54:55] [343/459] RMBL
[00:54:57] [344/459] CMXN
[00:54:58] [345/459] PVBK
[00:54:58] [346/459] HHCG
[00:54:59] [347/459] SCAG
[00:55:00] [348/459] CNPR
[00:55:02] [349/459] CSER
[00:55:03] [350/459] HLWD
[00:55:04] [351/459] BOLY
[00:55:06] [352/459] SSPG
[00:55:07] [353/459] MUPX
[00:55:08] [354/459] HAMR
[00:55:09] [355/459] SDNC
[00:55:10] [356/459] RTEN
[00:55:11] [357/459] SDTD
[00:55:12] [358/459] KAWS
[00:55:13] [359/459] CMZX
[00:55:14] [360/459] DCDD
[00:55:15] [361/459] ALSN
[00:55:16] [362/459] IMXS
[00:55:18] [363/459] PVFF
[00:55:20] [364/459] PVOO
[00:55:20] [365/459] CFBS
[00:55:21] [366/459] PVER
[00:55:22] [367/459] PPNX
[00:55:23] [368/459] CNRM
[00:55:24] [369/459] PVWW
[00:55:25] [370/459] INMB
[00:55:26] [371/459] CPJR
[00:55:27] [372/459] INRZ
[00:55:28] [373/459] PMSR
[00:55:28] [374/459] GPGM
[00:55:29] [375/459] PGWB
[00:55:30] [376/459] PMBR
[00:55:31] [377/459] GPAM
[00:55:32] [378/459] INBC
[00:55:33] [379/459] PZVK
[00:55:33] [380/459] CPEB
[00:55:34] [381/459] FMLB
[00:55:35] [382/459] INBG
[00:55:36] [383/459] GPBR
[00:55:36] [384/459] PAAS
[00:55:37] [385/459] VTBR
[00:55:38] [386/459] GPMY
[00:55:39] [387/459] GYBU
[00:55:40] [388/459] INBJ
[00:55:41] [389/459] LKTH
[00:55:42] [390/459] NSBR
[00:55:43] [391/459] PDRD
[00:55:44] [392/459] VRBL
[00:55:45] [393/459] VTGB
[00:55:46] [394/459] VTSK
[00:55:46] [395/459] BKDV
[00:55:47] [396/459] SVTB
[00:55:48] [397/459] MLDT
[00:55:49] [398/459] NRBL
[00:55:50] [399/459] SLTR
[00:55:50] [400/459] VNKA
[00:55:51] [401/459] TDCA
[00:55:52] [402/459] INBM
[00:55:52] [403/459] SSNR
[00:55:53] [404/459] BHAC
[00:55:54] [405/459] SDSD
[00:55:55] [406/459] SAMP
[00:55:56] [407/459] RATK
[00:55:57] [408/459] KCBI
[00:55:58] [409/459] URBL
[00:55:59] [410/459] MKBG
[00:55:59] [411/459] ASTB
[00:56:00] [412/459] VBWT
[00:56:01] [413/459] GPSM
[00:56:03] [414/459] ROON
[00:56:04] [415/459] CHTH
[00:56:05] [416/459] SSPA
[00:56:05] [417/459] ANBL
[00:56:06] [418/459] VTBE
[00:56:07] [419/459] SVKT
[00:56:08] [420/459] SVYK
[00:56:09] [421/459] PTBK
[00:56:10] [422/459] RKTB
[00:56:10] [423/459] BALT
[00:56:11] [424/459] STSV
[00:56:12] [425/459] VCCB
[00:56:13] [426/459] SLTB
[00:56:14] [427/459] SBCR
[00:56:16] [428/459] VDCS
[00:56:16] [429/459] MDKI
[00:56:17] [430/459] SMRN
[00:56:18] [431/459] PTBC
[00:56:19] [432/459] RADI
[00:56:19] [433/459] ADCR
[00:56:20] [434/459] SDCS
[00:56:21] [435/459] SRPJ
[00:56:22] [436/459] ARTS
[00:56:24] [437/459] SRHK
[00:56:25] [438/459] SPAY
[00:56:25] [439/459] GPTB
[00:56:27] [440/459] SNNN
[00:56:28] [441/459] BALJ
[00:56:30] [442/459] TRIG
[00:56:31] [443/459] GTYT
[00:56:33] [444/459] ATGN
[00:56:34] [445/459] ANTE
[00:56:35] [446/459] BDCG
[00:56:36] [447/459] VECI
[00:56:37] [448/459] SCPR
[00:56:37] [449/459] RTEA
[00:56:38] [450/459] JSAI
[00:56:39] [451/459] VJTP
[00:56:40] [452/459] GNDS
[00:56:41] [453/459] PAXA
[00:56:42] [454/459] CGGM
[00:56:43] [455/459] ACKZ
[00:56:43] [456/459] EMCC
[00:56:44] [457/459] KLSK
[00:56:45] [458/459] AVCK
[00:56:46] [459/459] JTCK
[00:56:47] ✅ DONE | Shows=0 | Movies=0
[01:53:11] 🚀 BMS DAILY TRACKER STARTED
[01:53:11] [1/459] NECA
[01:53:11] 🧠 New identity
[01:53:13] [2/459] BJLC
[01:53:13] [3/459] BASU
[01:53:14] [4/459] RUPI
[01:53:16] [5/459] LCBK
[01:53:17] [6/459] PMAC
[01:53:18] [7/459] AMLC
[01:53:19] [8/459] LICL
[01:53:20] [9/459] UDMM
[01:53:21] [10/459] STBZ
[01:53:22] [11/459] UUBT
[01:53:23] [12/459] SJKC
[01:53:24] [13/459] TUAL
[01:53:25] [14/459] MRSE
[01:53:26] [15/459] RMRK
[01:53:26] [16/459] TTKP
[01:53:28] [17/459] KTKO
[01:53:29] [18/459] SDBK
[01:53:30] [19/459] MCPR
[01:53:30] [20/459] CHTI
[01:53:31] [21/459] GCCP
[01:53:32] [22/459] SRMY
[01:53:33] [23/459] NYST
[01:53:34] [24/459] NYAG
[01:53:35] [25/459] SBMT
[01:53:36] [26/459] INGA
[01:53:37] [27/459] WSIC
[01:53:38] [28/459] SCSS
[01:53:39] [29/459] COPG
[01:53:40] [30/459] RCGR
[01:53:41] [31/459] TCZA
[01:53:42] [32/459] CNLP
[01:53:43] [33/459] CLKN
[01:53:44] [34/459] LHDF
[01:53:44] [35/459] ELKC
[01:53:45] [36/459] VCEM
[01:53:46] [37/459] SSZA
[01:53:47] [38/459] KRMT
[01:53:48] [39/459] LCMV
[01:53:49] [40/459] AYCZ
[01:53:50] [41/459] CUMS
[01:53:51] [42/459] BOCK
[01:53:53] [43/459] PNMR
[01:53:54] [44/459] PJCP
[01:53:55] [45/459] JDDD
[01:53:55] [46/459] STMS
[01:53:56] [47/459] FLMB
[01:53:57] [48/459] PKCM
[01:53:58] [49/459] SPPR
[01:53:59] [50/459] EYLH
[01:54:00] [51/459] RJCC
[01:54:01] [52/459] MMPS
[01:54:02] [53/459] SHMX
[01:54:03] [54/459] CCNL
[01:54:04] [55/459] RCNV
[01:54:05] [56/459] MAAG
[01:54:05] [57/459] LXCM
[01:54:06] [58/459] RCNI
[01:54:07] [59/459] SNNI
[01:54:08] [60/459] LALC
[01:54:09] [61/459] SOCN
[01:54:09] [62/459] JHTP
[01:54:10] [63/459] PITP
[01:54:11] [64/459] CCKW
[01:54:12] [65/459] MCMC
[01:54:13] [66/459] DEES
[01:54:14] [67/459] SABT
[01:54:15] [68/459] VSPP
[01:54:16] [69/459] ABCT
[01:54:17] [70/459] JVTB
[01:54:17] [71/459] VCBD
[01:54:18] [72/459] RMGG
[01:54:19] [73/459] RNMH
[01:54:20] [74/459] SPGL
[01:54:21] [75/459] JTTR
[01:54:22] [76/459] SICS
[01:54:23] [77/459] SRMI
[01:54:24] [78/459] SSIJ
[01:54:25] [79/459] KFMT
[01:54:26] [80/459] VBIT
[01:54:27] [81/459] JKCT
[01:54:28] [82/459] GCGP
[01:54:29] [83/459] GDCS
[01:54:30] [84/459] TRBA
[01:54:31] [85/459] QUST
[01:54:32] [86/459] VSHM
[01:54:32] [87/459] SDCP
[01:54:33] [88/459] SNVS
[01:54:34] [89/459] NYTO
[01:54:36] [90/459] URWC
[01:54:37] [91/459] GTWH
[01:54:37] [92/459] PFCM
[01:54:39] [93/459] KRTA
[01:54:40] [94/459] AXMC
[01:54:41] [95/459] EVMC
[01:54:41] [96/459] HGSM
[01:54:42] [97/459] ACVM
[01:54:43] [98/459] PSKL
[01:54:44] [99/459] RDMP
[01:54:45] [100/459] RHGH
[01:54:46] [101/459] OMCM
[01:54:47] [102/459] DCCP
[01:54:47] [103/459] MCPB
[01:54:48] [104/459] ALCI
[01:54:49] [105/459] BLMX
[01:54:50] [106/459] BTMV
[01:54:52] [107/459] FVPN
[01:54:52] [108/459] CMAR
[01:54:53] [109/459] CEIM
[01:54:54] [110/459] CMVA
[01:54:55] [111/459] CPIV
[01:54:56] [112/459] CNPE
[01:54:56] [113/459] COLV
[01:54:57] [114/459] DNNV
[01:54:58] [115/459] HCAD
[01:54:59] [116/459] TAKA
[01:55:00] [117/459] INVD
[01:55:00] [118/459] IRMM
[01:55:01] [119/459] INSE
[01:55:03] [120/459] MRSW
[01:55:04] [121/459] MCVD
[01:55:05] [122/459] MCSO
[01:55:05] [123/459] PEVM
[01:55:06] [124/459] PVNL
[01:55:07] [125/459] PTCV
[01:55:08] [126/459] PRTC
[01:55:09] [127/459] RCVA
[01:55:10] [128/459] MTBN
[01:55:11] [129/459] LUCP
[01:55:11] [130/459] FMPT
[01:55:12] [131/459] JLSL
[01:55:13] [132/459] SBHA
[01:55:14] [133/459] SHRC
[01:55:15] [134/459] AVPS
[01:55:16] [135/459] STPM
[01:55:17] [136/459] ATRD
[01:55:18] [137/459] VTED
[01:55:19] [138/459] ACAI
[01:55:21] [139/459] SMAE
[01:55:22] [140/459] VMAT
[01:55:23] [141/459] LKCT
[01:55:24] [142/459] JTVK
[01:55:25] [143/459] PRTY
[01:55:26] [144/459] GETT
[01:55:27] [145/459] ESAP
[01:55:28] [146/459] NCPM
[01:55:29] [147/459] PCPA
[01:55:30] [148/459] MMOM
[01:55:31] [149/459] PHUP
[01:55:32] [150/459] CCPI
[01:55:33] [151/459] CNTD
[01:55:34] [152/459] NLJR
[01:55:35] [153/459] SRNG
[01:55:36] [154/459] MHAL
[01:55:37] [155/459] PNSM
[01:55:38] [156/459] DRMY
[01:55:39] [157/459] CCMU
[01:55:40] [158/459] SCMY
[01:55:41] [159/459] PVSY
[01:55:42] [160/459] SDLM
[01:55:43] [161/459] ICCM
[01:55:44] [162/459] PYSU
[01:55:45] [163/459] GATM
[01:55:46] [164/459] WOTM
[01:55:46] [165/459] RKTS
[01:55:47] [166/459] PMTY
[01:55:48] [167/459] LYMS
[01:55:49] [168/459] TGCA
[01:55:50] [169/459] DSTA
[01:55:51] [170/459] CNGE
[01:55:52] [171/459] VSTG
[01:55:52] [172/459] GTCK
[01:55:53] [173/459] TGNT
[01:55:54] [174/459] ASLC
[01:55:55] [175/459] SSST
[01:55:56] [176/459] KBTT
[01:55:57] [177/459] HKCP
[01:55:58] [178/459] SWLC
[01:55:58] [179/459] RTND
[01:55:59] [180/459] PKKT
[01:56:00] [181/459] HSTK
[01:56:01] [182/459] SPTT
[01:56:02] [183/459] IMPM
[01:56:03] [184/459] SCMV
[01:56:04] [185/459] SPCT
[01:56:04] [186/459] JBCA
[01:56:06] [187/459] ATTR
[01:56:07] [188/459] SPMT
[01:56:08] [189/459] LCTM
[01:56:08] [190/459] SCVL
[01:56:10] [191/459] SCVT
[01:56:11] [192/459] KRIC
[01:56:12] [193/459] CTMG
[01:56:12] [194/459] ACNC
[01:56:13] [195/459] DMCK
[01:56:14] [196/459] KMTV
[01:56:15] [197/459] PFCJ
[01:56:16] [198/459] VNMD
[01:56:17] [199/459] VPCZ
[01:56:18] [200/459] SRYR
[01:56:19] [201/459] SYTR
[01:56:20] [202/459] GATR
[01:56:21] [203/459] URTR
[01:56:22] [204/459] MKSM
[01:56:23] [205/459] VSMH
[01:56:23] [206/459] SKRJ
[01:56:24] [207/459] SSJR
[01:56:25] [208/459] SVSM
[01:56:26] [209/459] RUCM
[01:56:27] [210/459] PRKN
[01:56:28] [211/459] RROH
[01:56:29] [212/459] SCTN
[01:56:29] [213/459] RTDM
[01:56:30] [214/459] ASRM
[01:56:31] [215/459] SKMD
[01:56:32] [216/459] SUTD
[01:56:33] [217/459] SADM
[01:56:34] [218/459] WCNR
[01:56:35] [219/459] CNED
[01:56:36] [220/459] MPDB
[01:56:36] [221/459] KTBH
[01:56:37] [222/459] IDRM
[01:56:38] [223/459] PJJT
[01:56:39] [224/459] PFCV
[01:56:40] [225/459] AACT
[01:56:41] [226/459] AAAD
[01:56:42] [227/459] ANES
[01:56:43] [228/459] MNCA
[01:56:43] [229/459] RMGU
[01:56:44] [230/459] DLCN
[01:56:45] [231/459] LJWT
[01:56:46] [232/459] MCBG
[01:56:47] [233/459] MYBG
[01:56:48] [234/459] GCCA
[01:56:48] [235/459] GCGA
[01:56:49] [236/459] ECGN
[01:56:50] [237/459] PRAB
[01:56:51] [238/459] PNMP
[01:56:52] [239/459] GCPT
[01:56:52] [240/459] ROYN
[01:56:53] [241/459] VATM
[01:56:54] [242/459] KSNT
[01:56:55] [243/459] ACTC
[01:56:56] [244/459] PLTD
[01:56:57] [245/459] SKMK
[01:56:58] [246/459] CMTT
[01:56:59] [247/459] SMXP
[01:57:00] [248/459] SCMX
[01:57:01] [249/459] ACXN
[01:57:02] [250/459] ASWT
[01:57:03] [251/459] VVVL
[01:57:04] [252/459] NAGO
[01:57:05] [253/459] SNCN
[01:57:06] [254/459] MCKP
[01:57:07] [255/459] SAMO
[01:57:08] [256/459] JBTV
[01:57:09] [257/459] DCVV
[01:57:10] [258/459] KMSV
[01:57:11] [259/459] KDCN
[01:57:12] [260/459] CNCP
[01:57:12] [261/459] HAMC
[01:57:13] [262/459] CCVZ
[01:57:14] [263/459] NCCK
[01:57:15] [264/459] MCHR
[01:57:16] [265/459] SCHT
[01:57:17] [266/459] ESSH
[01:57:17] [267/459] CUJC
[01:57:18] [268/459] PECP
[01:57:19] [269/459] PMMI
[01:57:20] [270/459] PCCH
[01:57:21] [271/459] PRPM
[01:57:22] [272/459] PVKL
[01:57:23] [273/459] CBSM
[01:57:24] [274/459] PVCZ
[01:57:25] [275/459] PCVV
[01:57:25] [276/459] CTMJ
[01:57:26] [277/459] RCPS
[01:57:27] [278/459] PCIT
[01:57:28] [279/459] FNCH
[01:57:29] [280/459] INZD
[01:57:30] [281/459] INPC
[01:57:31] [282/459] LCZP
[01:57:32] [283/459] SMCB
[01:57:33] [284/459] PTSB
[01:57:35] [285/459] TPSI
[01:57:36] [286/459] KHMJ
[01:57:36] [287/459] RCCJ
[01:57:37] [288/459] NCJA
[01:57:38] [289/459] NCJN
[01:57:39] [290/459] BTDP
[01:57:40] [291/459] PADY
[01:57:41] [292/459] NYBH
[01:57:42] [293/459] MTBR
[01:57:43] [294/459] KRBC
[01:57:45] [295/459] DKTI
[01:57:45] [296/459] ANAN
[01:57:46] [297/459] INBP
[01:57:47] [298/459] PATB
[01:57:48] [299/459] RGNT
[01:57:49] [300/459] CGPM
[01:57:51] [301/459] INTN
[01:57:52] [302/459] MCMP
[01:57:53] [303/459] ASRG
[01:57:55] [304/459] CXJD
[01:57:56] [305/459] SPCP
[01:57:57] [306/459] CSTP
[01:57:58] [307/459] PKVC
[01:57:58] [308/459] ESCP
[01:57:59] [309/459] CAEP
[01:58:00] [310/459] CCSP
[01:58:01] [311/459] KTPC
[01:58:02] [312/459] DACA
[01:58:02] [313/459] NVKY
[01:58:03] [314/459] PTIN
[01:58:04] [315/459] SCIN
[01:58:05] [316/459] MCTY
[01:58:06] [317/459] PCMX
[01:58:07] [318/459] INIC
[01:58:08] [319/459] MMZM
[01:58:09] [320/459] SSLP
[01:58:10] [321/459] DTDT
[01:58:11] [322/459] FFCX
[01:58:12] [323/459] RCMM
[01:58:13] [324/459] KYID
[01:58:14] [325/459] CSCI
[01:58:15] [326/459] FCMC
[01:58:15] [327/459] MMXI
[01:58:16] [328/459] ASTC
[01:58:17] [329/459] CMRA
[01:58:18] [330/459] DICI
[01:58:19] [331/459] KDIN
[01:58:20] [332/459] PRFI
[01:58:21] [333/459] SVFC
[01:58:22] [334/459] UCPL
[01:58:22] [335/459] COOC
[01:58:23] [336/459] SCAL
[01:58:24] [337/459] SVFF
[01:58:25] [338/459] VCMG
[01:58:25] [339/459] UUCT
[01:58:26] [340/459] GCSE
[01:58:27] [341/459] SUSC
[01:58:28] [342/459] MISC
[01:58:29] [343/459] RMBL
[01:58:30] [344/459] CMXN
[01:58:31] [345/459] PVBK
[01:58:31] [346/459] HHCG
[01:58:32] [347/459] SCAG
[01:58:33] [348/459] CNPR
[01:58:34] [349/459] CSER
[01:58:35] [350/459] HLWD
[01:58:35] [351/459] BOLY
[01:58:36] [352/459] SSPG
[01:58:37] [353/459] MUPX
[01:58:38] [354/459] HAMR
[01:58:39] [355/459] SDNC
[01:58:39] [356/459] RTEN
[01:58:40] [357/459] SDTD
[01:58:41] [358/459] KAWS
[01:58:42] [359/459] CMZX
[01:58:43] [360/459] DCDD
[01:58:44] [361/459] ALSN
[01:58:44] [362/459] IMXS
[01:58:45] [363/459] PVFF
[01:58:46] [364/459] PVOO
[01:58:47] [365/459] CFBS
[01:58:47] [366/459] PVER
[01:58:48] [367/459] PPNX
[01:58:49] [368/459] CNRM
[01:58:50] [369/459] PVWW
[01:58:51] [370/459] INMB
[01:58:52] [371/459] CPJR
[01:58:53] [372/459] INRZ
[01:58:54] [373/459] PMSR
[01:58:54] [374/459] GPGM
[01:58:56] [375/459] PGWB
[01:58:56] [376/459] PMBR
[01:58:57] [377/459] GPAM
[01:58:58] [378/459] INBC
[01:58:59] [379/459] PZVK
[01:59:00] [380/459] CPEB
[01:59:01] [381/459] FMLB
[01:59:02] [382/459] INBG
[01:59:03] [383/459] GPBR
[01:59:04] [384/459] PAAS
[01:59:05] [385/459] VTBR
[01:59:06] [386/459] GPMY
[01:59:06] [387/459] GYBU
[01:59:07] [388/459] INBJ
[01:59:08] [389/459] LKTH
[01:59:09] [390/459] NSBR
[01:59:10] [391/459] PDRD
[01:59:11] [392/459] VRBL
[01:59:11] [393/459] VTGB
[01:59:13] [394/459] VTSK
[01:59:14] [395/459] BKDV
[01:59:15] [396/459] SVTB
[01:59:16] [397/459] MLDT
[01:59:17] [398/459] NRBL
[01:59:18] [399/459] SLTR
[01:59:18] [400/459] VNKA
[01:59:19] [401/459] TDCA
[01:59:20] [402/459] INBM
[01:59:21] [403/459] SSNR
[01:59:22] [404/459] BHAC
[01:59:22] [405/459] SDSD
[01:59:23] [406/459] SAMP
[01:59:24] [407/459] RATK
[01:59:25] [408/459] KCBI
[01:59:25] [409/459] URBL
[01:59:26] [410/459] MKBG
[01:59:27] [411/459] ASTB
[01:59:28] [412/459] VBWT
[01:59:29] [413/459] GPSM
[01:59:29] [414/459] ROON
[01:59:31] [415/459] CHTH
[01:59:32] [416/459] SSPA
[01:59:33] [417/459] ANBL
[01:59:34] [418/459] VTBE
[01:59:34] [419/459] SVKT
[01:59:35] [420/459] SVYK
[01:59:36] [421/459] PTBK
[01:59:37] [422/459] RKTB
[01:59:38] [423/459] BALT
[01:59:38] [424/459] STSV
[01:59:40] [425/459] VCCB
[01:59:41] [426/459] SLTB
[01:59:41] [427/459] SBCR
[01:59:42] [428/459] VDCS
[01:59:43] [429/459] MDKI
[01:59:44] [430/459] SMRN
[01:59:44] [431/459] PTBC
[01:59:45] [432/459] RADI
[01:59:46] [433/459] ADCR
[01:59:47] [434/459] SDCS
[01:59:48] [435/459] SRPJ
[01:59:48] [436/459] ARTS
[01:59:49] [437/459] SRHK
[01:59:50] [438/459] SPAY
[01:59:51] [439/459] GPTB
[01:59:52] [440/459] SNNN
[01:59:53] [441/459] BALJ
[01:59:54] [442/459] TRIG
[01:59:55] [443/459] GTYT
[01:59:55] [444/459] ATGN
[01:59:56] [445/459] ANTE
[01:59:57] [446/459] BDCG
[01:59:59] [447/459] VECI
[02:00:00] [448/459] SCPR
[02:00:01] [449/459] RTEA
[02:00:01] [450/459] JSAI
[02:00:02] [451/459] VJTP
[02:00:03] [452/459] GNDS
[02:00:04] [453/459] PAXA
[02:00:05] [454/459] CGGM
[02:00:07] [455/459] ACKZ
[02:00:08] [456/459] EMCC
[02:00:09] [457/459] KLSK
[02:00:10] [458/459] AVCK
[02:00:11] [459/459] JTCK
[02:00:12] ✅ DONE | Shows=0 | Movies=0
[02:53:37] 🚀 BMS DAILY TRACKER STARTED
[02:53:37] [1/459] NECA
[02:53:37] 🧠 New identity
[02:53:38] [2/459] BJLC
[02:53:39] [3/459] BASU
[02:53:40] [4/459] RUPI
[02:53:42] [5/459] LCBK
[02:53:43] [6/459] PMAC
[02:53:43] [7/459] AMLC
[02:53:44] [8/459] LICL
[02:53:45] [9/459] UDMM
[02:53:46] [10/459] STBZ
[02:53:48] [11/459] UUBT
[02:53:49] [12/459] SJKC
[02:53:50] [13/459] TUAL
[02:53:50] [14/459] MRSE
[02:53:51] [15/459] RMRK
[02:53:52] [16/459] TTKP
[02:53:53] [17/459] KTKO
[02:53:54] [18/459] SDBK
[02:53:56] [19/459] MCPR
[02:53:56] [20/459] CHTI
[02:53:57] [21/459] GCCP
[02:53:59] [22/459] SRMY
[02:54:00] [23/459] NYST
[02:54:01] [24/459] NYAG
[02:54:02] [25/459] SBMT
[02:54:02] [26/459] INGA
[02:54:03] [27/459] WSIC
[02:54:04] [28/459] SCSS
[02:54:05] [29/459] COPG
[02:54:06] [30/459] RCGR
[02:54:07] [31/459] TCZA
[02:54:08] [32/459] CNLP
[02:54:08] [33/459] CLKN
[02:54:09] [34/459] LHDF
[02:54:10] [35/459] ELKC
[02:54:11] [36/459] VCEM
[02:54:12] [37/459] SSZA
[02:54:13] [38/459] KRMT
[02:54:14] [39/459] LCMV
[02:54:15] [40/459] AYCZ
[02:54:16] [41/459] CUMS
[02:54:16] [42/459] BOCK
[02:54:18] [43/459] PNMR
[02:54:19] [44/459] PJCP
[02:54:20] [45/459] JDDD
[02:54:21] [46/459] STMS
[02:54:22] [47/459] FLMB
[02:54:22] [48/459] PKCM
[02:54:23] [49/459] SPPR
[02:54:24] [50/459] EYLH
[02:54:25] [51/459] RJCC
[02:54:27] [52/459] MMPS
[02:54:27] [53/459] SHMX
[02:54:28] [54/459] CCNL
[02:54:30] [55/459] RCNV
[02:54:30] [56/459] MAAG
[02:54:31] [57/459] LXCM
[02:54:32] [58/459] RCNI
[02:54:33] [59/459] SNNI
[02:54:34] [60/459] LALC
[02:54:35] [61/459] SOCN
[02:54:36] [62/459] JHTP
[02:54:36] [63/459] PITP
[02:54:37] [64/459] CCKW
[02:54:38] [65/459] MCMC
[02:54:39] [66/459] DEES
[02:54:40] [67/459] SABT
[02:54:41] [68/459] VSPP
[02:54:42] [69/459] ABCT
[02:54:44] [70/459] JVTB
[02:54:45] [71/459] VCBD
[02:54:46] [72/459] RMGG
[02:54:46] [73/459] RNMH
[02:54:47] [74/459] SPGL
[02:54:49] [75/459] JTTR
[02:54:49] [76/459] SICS
[02:54:51] [77/459] SRMI
[02:54:51] [78/459] SSIJ
[02:54:52] [79/459] KFMT
[02:54:53] [80/459] VBIT
[02:54:54] [81/459] JKCT
[02:54:55] [82/459] GCGP
[02:54:56] [83/459] GDCS
[02:54:57] [84/459] TRBA
[02:54:59] [85/459] QUST
[02:55:00] [86/459] VSHM
[02:55:01] [87/459] SDCP
[02:55:02] [88/459] SNVS
[02:55:02] [89/459] NYTO
[02:55:03] [90/459] URWC
[02:55:05] [91/459] GTWH
[02:55:05] [92/459] PFCM
[02:55:06] [93/459] KRTA
[02:55:07] [94/459] AXMC
[02:55:08] [95/459] EVMC
[02:55:09] [96/459] HGSM
[02:55:10] [97/459] ACVM
[02:55:11] [98/459] PSKL
[02:55:12] [99/459] RDMP
[02:55:13] [100/459] RHGH
[02:55:13] [101/459] OMCM
[02:55:14] [102/459] DCCP
[02:55:15] [103/459] MCPB
[02:55:16] [104/459] ALCI
[02:55:17] [105/459] BLMX
[02:55:18] [106/459] BTMV
[02:55:19] [107/459] FVPN
[02:55:20] [108/459] CMAR
[02:55:21] [109/459] CEIM
[02:55:21] [110/459] CMVA
[02:55:22] [111/459] CPIV
[02:55:24] [112/459] CNPE
[02:55:24] [113/459] COLV
[02:55:25] [114/459] DNNV
[02:55:26] [115/459] HCAD
[02:55:27] [116/459] TAKA
[02:55:28] [117/459] INVD
[02:55:30] [118/459] IRMM
[02:55:31] [119/459] INSE
[02:55:32] [120/459] MRSW
[02:55:33] [121/459] MCVD
[02:55:35] [122/459] MCSO
[02:55:37] [123/459] PEVM
[02:55:37] [124/459] PVNL
[02:55:38] [125/459] PTCV
[02:55:39] [126/459] PRTC
[02:55:40] [127/459] RCVA
[02:55:41] [128/459] MTBN
[02:55:41] [129/459] LUCP
[02:55:42] [130/459] FMPT
[02:55:43] [131/459] JLSL
[02:55:44] [132/459] SBHA
[02:55:45] [133/459] SHRC
[02:55:46] [134/459] AVPS
[02:55:47] [135/459] STPM
[02:55:47] [136/459] ATRD
[02:55:48] [137/459] VTED
[02:55:49] [138/459] ACAI
[02:55:50] [139/459] SMAE
[02:55:52] [140/459] VMAT
[02:55:53] [141/459] LKCT
[02:55:53] [142/459] JTVK
[02:55:54] [143/459] PRTY
[02:55:55] [144/459] GETT
[02:55:56] [145/459] ESAP
[02:55:57] [146/459] NCPM
[02:55:58] [147/459] PCPA
[02:55:59] [148/459] MMOM
[02:56:00] [149/459] PHUP
[02:56:01] [150/459] CCPI
[02:56:03] [151/459] CNTD
[02:56:04] [152/459] NLJR
[02:56:05] [153/459] SRNG
[02:56:06] [154/459] MHAL
[02:56:06] [155/459] PNSM
[02:56:07] [156/459] DRMY
[02:56:08] [157/459] CCMU
[02:56:09] [158/459] SCMY
[02:56:10] [159/459] PVSY
[02:56:11] [160/459] SDLM
[02:56:11] [161/459] ICCM
[02:56:12] [162/459] PYSU
[02:56:13] [163/459] GATM
[02:56:14] [164/459] WOTM
[02:56:15] [165/459] RKTS
[02:56:16] [166/459] PMTY
[02:56:17] [167/459] LYMS
[02:56:17] [168/459] TGCA
[02:56:18] [169/459] DSTA
[02:56:20] [170/459] CNGE
[02:56:21] [171/459] VSTG
[02:56:22] [172/459] GTCK
[02:56:23] [173/459] TGNT
[02:56:23] [174/459] ASLC
[02:56:24] [175/459] SSST
[02:56:25] [176/459] KBTT
[02:56:26] [177/459] HKCP
[02:56:27] [178/459] SWLC
[02:56:28] [179/459] RTND
[02:56:29] [180/459] PKKT
[02:56:29] [181/459] HSTK
[02:56:30] [182/459] SPTT
[02:56:31] [183/459] IMPM
[02:56:32] [184/459] SCMV
[02:56:33] [185/459] SPCT
[02:56:34] [186/459] JBCA
[02:56:35] [187/459] ATTR
[02:56:36] [188/459] SPMT
[02:56:37] [189/459] LCTM
[02:56:38] [190/459] SCVL
[02:56:39] [191/459] SCVT
[02:56:40] [192/459] KRIC
[02:56:41] [193/459] CTMG
[02:56:42] [194/459] ACNC
[02:56:44] [195/459] DMCK
[02:56:45] [196/459] KMTV
[02:56:45] [197/459] PFCJ
[02:56:46] [198/459] VNMD
[02:56:47] [199/459] VPCZ
[02:56:49] [200/459] SRYR
[02:56:50] [201/459] SYTR
[02:56:51] [202/459] GATR
[02:56:51] [203/459] URTR
[02:56:52] [204/459] MKSM
[02:56:53] [205/459] VSMH
[02:56:54] [206/459] SKRJ
[02:56:55] [207/459] SSJR
[02:56:55] [208/459] SVSM
[02:56:56] [209/459] RUCM
[02:56:58] [210/459] PRKN
[02:56:59] [211/459] RROH
[02:57:00] [212/459] SCTN
[02:57:01] [213/459] RTDM
[02:57:03] [214/459] ASRM
[02:57:03] [215/459] SKMD
[02:57:04] [216/459] SUTD
[02:57:05] [217/459] SADM
[02:57:06] [218/459] WCNR
[02:57:06] [219/459] CNED
[02:57:07] [220/459] MPDB
[02:57:08] [221/459] KTBH
[02:57:09] [222/459] IDRM
[02:57:10] [223/459] PJJT
[02:57:11] [224/459] PFCV
[02:57:11] [225/459] AACT
[02:57:12] [226/459] AAAD
[02:57:13] [227/459] ANES
[02:57:14] [228/459] MNCA
[02:57:15] [229/459] RMGU
[02:57:17] [230/459] DLCN
[02:57:17] [231/459] LJWT
[02:57:18] [232/459] MCBG
[02:57:19] [233/459] MYBG
[02:57:20] [234/459] GCCA
[02:57:20] [235/459] GCGA
[02:57:21] [236/459] ECGN
[02:57:22] [237/459] PRAB
[02:57:23] [238/459] PNMP
[02:57:25] [239/459] GCPT
[02:57:26] [240/459] ROYN
[02:57:26] [241/459] VATM
[02:57:27] [242/459] KSNT
[02:57:28] [243/459] ACTC
[02:57:29] [244/459] PLTD
[02:57:30] [245/459] SKMK
[02:57:31] [246/459] CMTT
[02:57:32] [247/459] SMXP
[02:57:33] [248/459] SCMX
[02:57:34] [249/459] ACXN
[02:57:34] [250/459] ASWT
[02:57:35] [251/459] VVVL
[02:57:36] [252/459] NAGO
[02:57:37] [253/459] SNCN
[02:57:38] [254/459] MCKP
[02:57:39] [255/459] SAMO
[02:57:39] [256/459] JBTV
[02:57:41] [257/459] DCVV
[02:57:42] [258/459] KMSV
[02:57:43] [259/459] KDCN
[02:57:44] [260/459] CNCP
[02:57:45] [261/459] HAMC
[02:57:46] [262/459] CCVZ
[02:57:47] [263/459] NCCK
[02:57:48] [264/459] MCHR
[02:57:49] [265/459] SCHT
[02:57:50] [266/459] ESSH
[02:57:51] [267/459] CUJC
[02:57:52] [268/459] PECP
[02:57:52] [269/459] PMMI
[02:57:54] [270/459] PCCH
[02:57:55] [271/459] PRPM
[02:57:56] [272/459] PVKL
[02:57:57] [273/459] CBSM
[02:57:57] [274/459] PVCZ
[02:57:59] [275/459] PCVV
[02:58:00] [276/459] CTMJ
[02:58:01] [277/459] RCPS
[02:58:02] [278/459] PCIT
[02:58:03] [279/459] FNCH
[02:58:04] [280/459] INZD
[02:58:05] [281/459] INPC
[02:58:06] [282/459] LCZP
[02:58:07] [283/459] SMCB
[02:58:07] [284/459] PTSB
[02:58:08] [285/459] TPSI
[02:58:09] [286/459] KHMJ
[02:58:10] [287/459] RCCJ
[02:58:11] [288/459] NCJA
[02:58:12] [289/459] NCJN
[02:58:12] [290/459] BTDP
[02:58:14] [291/459] PADY
[02:58:15] [292/459] NYBH
[02:58:16] [293/459] MTBR
[02:58:16] [294/459] KRBC
[02:58:17] [295/459] DKTI
[02:58:18] [296/459] ANAN
[02:58:19] [297/459] INBP
[02:58:20] [298/459] PATB
[02:58:20] [299/459] RGNT
[02:58:21] [300/459] CGPM
[02:58:22] [301/459] INTN
[02:58:23] [302/459] MCMP
[02:58:24] [303/459] ASRG
[02:58:25] [304/459] CXJD
[02:58:26] [305/459] SPCP
[02:58:27] [306/459] CSTP
[02:58:28] [307/459] PKVC
[02:58:29] [308/459] ESCP
[02:58:29] [309/459] CAEP
[02:58:30] [310/459] CCSP
[02:58:31] [311/459] KTPC
[02:58:32] [312/459] DACA
[02:58:33] [313/459] NVKY
[02:58:33] [314/459] PTIN
[02:58:34] [315/459] SCIN
[02:58:35] [316/459] MCTY
[02:58:37] [317/459] PCMX
[02:58:38] [318/459] INIC
[02:58:39] [319/459] MMZM
[02:58:40] [320/459] SSLP
[02:58:41] [321/459] DTDT
[02:58:41] [322/459] FFCX
[02:58:42] [323/459] RCMM
[02:58:44] [324/459] KYID
[02:58:45] [325/459] CSCI
[02:58:46] [326/459] FCMC
[02:58:46] [327/459] MMXI
[02:58:47] [328/459] ASTC
[02:58:48] [329/459] CMRA
[02:58:49] [330/459] DICI
[02:58:50] [331/459] KDIN
[02:58:51] [332/459] PRFI
[02:58:52] [333/459] SVFC
[02:58:54] [334/459] UCPL
[02:58:55] [335/459] COOC
[02:58:55] [336/459] SCAL
[02:58:56] [337/459] SVFF
[02:58:57] [338/459] VCMG
[02:58:58] [339/459] UUCT
[02:58:59] [340/459] GCSE
[02:59:00] [341/459] SUSC
[02:59:01] [342/459] MISC
[02:59:01] [343/459] RMBL
[02:59:02] [344/459] CMXN
[02:59:03] [345/459] PVBK
[02:59:04] [346/459] HHCG
[02:59:04] [347/459] SCAG
[02:59:05] [348/459] CNPR
[02:59:06] [349/459] CSER
[02:59:07] [350/459] HLWD
[02:59:08] [351/459] BOLY
[02:59:09] [352/459] SSPG
[02:59:10] [353/459] MUPX
[02:59:11] [354/459] HAMR
[02:59:13] [355/459] SDNC
[02:59:13] [356/459] RTEN
[02:59:14] [357/459] SDTD
[02:59:15] [358/459] KAWS
[02:59:16] [359/459] CMZX
[02:59:17] [360/459] DCDD
[02:59:18] [361/459] ALSN
[02:59:19] [362/459] IMXS
[02:59:20] [363/459] PVFF
[02:59:22] [364/459] PVOO
[02:59:22] [365/459] CFBS
[02:59:23] [366/459] PVER
[02:59:24] [367/459] PPNX
[02:59:25] [368/459] CNRM
[02:59:26] [369/459] PVWW
[02:59:27] [370/459] INMB
[02:59:28] [371/459] CPJR
[02:59:29] [372/459] INRZ
[02:59:30] [373/459] PMSR
[02:59:31] [374/459] GPGM
[02:59:32] [375/459] PGWB
[02:59:34] [376/459] PMBR
[02:59:35] [377/459] GPAM
[02:59:36] [378/459] INBC
[02:59:37] [379/459] PZVK
[02:59:37] [380/459] CPEB
[02:59:38] [381/459] FMLB
[02:59:39] [382/459] INBG
[02:59:40] [383/459] GPBR
[02:59:41] [384/459] PAAS
[02:59:42] [385/459] VTBR
[02:59:43] [386/459] GPMY
[02:59:43] [387/459] GYBU
[02:59:44] [388/459] INBJ
[02:59:45] [389/459] LKTH
[02:59:46] [390/459] NSBR
[02:59:47] [391/459] PDRD
[02:59:48] [392/459] VRBL
[02:59:48] [393/459] VTGB
[02:59:49] [394/459] VTSK
[02:59:50] [395/459] BKDV
[02:59:51] [396/459] SVTB
[02:59:52] [397/459] MLDT
[02:59:53] [398/459] NRBL
[02:59:54] [399/459] SLTR
[02:59:55] [400/459] VNKA
[02:59:55] [401/459] TDCA
[02:59:56] [402/459] INBM
[02:59:58] [403/459] SSNR
[02:59:59] [404/459] BHAC
[03:00:00] [405/459] SDSD
[03:00:00] [406/459] SAMP
[03:00:01] [407/459] RATK
[03:00:03] [408/459] KCBI
[03:00:04] [409/459] URBL
[03:00:05] [410/459] MKBG
[03:00:07] [411/459] ASTB
[03:00:08] [412/459] VBWT
[03:00:09] [413/459] GPSM
[03:00:09] [414/459] ROON
[03:00:10] [415/459] CHTH
[03:00:11] [416/459] SSPA
[03:00:12] [417/459] ANBL
[03:00:13] [418/459] VTBE
[03:00:13] [419/459] SVKT
[03:00:14] [420/459] SVYK
[03:00:16] [421/459] PTBK
[03:00:17] [422/459] RKTB
[03:00:17] [423/459] BALT
[03:00:18] [424/459] STSV
[03:00:19] [425/459] VCCB
[03:00:20] [426/459] SLTB
[03:00:21] [427/459] SBCR
[03:00:22] [428/459] VDCS
[03:00:23] [429/459] MDKI
[03:00:25] [430/459] SMRN
[03:00:26] [431/459] PTBC
[03:00:27] [432/459] RADI
[03:00:28] [433/459] ADCR
[03:00:29] [434/459] SDCS
[03:00:29] [435/459] SRPJ
[03:00:30] [436/459] ARTS
[03:00:31] [437/459] SRHK
[03:00:32] [438/459] SPAY
[03:00:33] [439/459] GPTB
[03:00:34] [440/459] SNNN
[03:00:35] [441/459] BALJ
[03:00:36] [442/459] TRIG
[03:00:38] [443/459] GTYT
[03:00:39] [444/459] ATGN
[03:00:40] [445/459] ANTE
[03:00:41] [446/459] BDCG
[03:00:42] [447/459] VECI
[03:00:43] [448/459] SCPR
[03:00:44] [449/459] RTEA
[03:00:44] [450/459] JSAI
[03:00:45] [451/459] VJTP
[03:00:46] [452/459] GNDS
[03:00:47] [453/459] PAXA
[03:00:48] [454/459] CGGM
[03:00:50] [455/459] ACKZ
[03:00:51] [456/459] EMCC
[03:00:52] [457/459] KLSK
[03:00:52] [458/459] AVCK
[03:00:53] [459/459] JTCK
[03:00:54] ✅ DONE | Shows=0 | Movies=0
