[00:50:32] 🚀 BMS DAILY TRACKER STARTED
[00:50:32] [1/324] GCTA
[00:50:32] 🧠 New identity
[00:50:33] [2/324] TOPN
[00:50:34] [3/324] MCUS
[00:50:36] [4/324] SHRL
[00:50:37] [5/324] UPTP
[00:50:38] [6/324] TMMP
[00:50:39] [7/324] DNRP
[00:50:39] [8/324] SRLT
[00:50:40] [9/324] RCNS
[00:50:41] [10/324] DCBH
[00:50:42] [11/324] NAGJ
[00:50:43] [12/324] JVRC
[00:50:44] [13/324] KRJG
[00:50:45] [14/324] SRTJ
[00:50:46] [15/324] CMXM
[00:50:47] [16/324] STMI
[00:50:48] [17/324] SLST
[00:50:49] [18/324] DTCN
[00:50:50] [19/324] STYN
[00:50:51] [20/324] SZVR
[00:50:52] [21/324] SRKO
[00:50:52] [22/324] JTGT
[00:50:53] [23/324] SVFD
[00:50:54] [24/324] SISD
[00:50:55] [25/324] ABDD
[00:50:56] [26/324] DRCA
[00:50:57] [27/324] AVCS
[00:50:58] [28/324] MVKH
[00:50:58] [29/324] ACPR
[00:50:59] [30/324] STIP
[00:51:00] [31/324] MTRA
[00:51:01] [32/324] RMKH
[00:51:02] [33/324] NKRL
[00:51:03] [34/324] PCWN
[00:51:04] [35/324] BLMT
[00:51:05] [36/324] GDPG
[00:51:07] [37/324] SRMX
[00:51:08] [38/324] JACP
[00:51:09] [39/324] CPSH
[00:51:10] [40/324] MCCD
[00:51:12] [41/324] ECGH
[00:51:13] [42/324] MKCK
[00:51:13] [43/324] SRMM
[00:51:14] [44/324] SKYR
[00:51:15] [45/324] PCKC
[00:51:16] [46/324] JCMA
[00:51:16] [47/324] BSMP
[00:51:17] [48/324] VSPA
[00:51:18] [49/324] DJYA
[00:51:19] [50/324] DIMP
[00:51:20] [51/324] FXDR
[00:51:22] [52/324] SSRC
[00:51:22] [53/324] STHP
[00:51:23] [54/324] CPPD
[00:51:24] [55/324] FCLK
[00:51:26] [56/324] SCPP
[00:51:26] [57/324] DCMJ
[00:51:27] [58/324] RCCR
[00:51:28] [59/324] INMT
[00:51:29] [60/324] LXTK
[00:51:31] [61/324] SRYK
[00:51:31] [62/324] SGDK
[00:51:32] [63/324] PPKA
[00:51:33] [64/324] SPKA
[00:51:35] [65/324] CGHH
[00:51:36] [66/324] DCJN
[00:51:36] [67/324] SRKV
[00:51:37] [68/324] SAJC
[00:51:38] [69/324] SUSR
[00:51:39] [70/324] STYG
[00:51:40] [71/324] NTKP
[00:51:41] [72/324] AKTG
[00:51:42] [73/324] CGCM
[00:51:43] [74/324] TULC
[00:51:44] [75/324] NYYZ
[00:51:45] [76/324] NYBW
[00:51:46] [77/324] MACB
[00:51:47] [78/324] SLVT
[00:51:48] [79/324] SANA
[00:51:48] [80/324] ACMR
[00:51:49] [81/324] CPKN
[00:51:50] [82/324] DLGK
[00:51:51] [83/324] CWCK
[00:51:52] [84/324] FDDH
[00:51:53] [85/324] MMMD
[00:51:53] [86/324] CMEH
[00:51:54] [87/324] GGGV
[00:51:55] [88/324] SPJL
[00:51:56] [89/324] RCCD
[00:51:57] [90/324] STTZ
[00:51:59] [91/324] BTCF
[00:52:00] [92/324] TSTZ
[00:52:00] [93/324] IPMM
[00:52:01] [94/324] PMPW
[00:52:02] [95/324] PCMZ
[00:52:03] [96/324] ESEM
[00:52:04] [97/324] PIPO
[00:52:04] [98/324] MATK
[00:52:05] [99/324] PGHM
[00:52:06] [100/324] CTSR
[00:52:07] [101/324] CYKR
[00:52:08] [102/324] MSCM
[00:52:10] [103/324] RFNP
[00:52:10] [104/324] PDCP
[00:52:11] [105/324] NPSE
[00:52:12] [106/324] MKML
[00:52:13] [107/324] FTDP
[00:52:14] [108/324] MMXA
[00:52:15] [109/324] CEPO
[00:52:16] [110/324] CMVP
[00:52:17] [111/324] SGTH
[00:52:18] [112/324] SAYN
[00:52:19] [113/324] URVS
[00:52:19] [114/324] VJTN
[00:52:20] [115/324] BBYK
[00:52:21] [116/324] SHBO
[00:52:22] [117/324] VCMR
[00:52:23] [118/324] MACT
[00:52:23] [119/324] JMNP
[00:52:24] [120/324] VICS
[00:52:25] [121/324] VCDA
[00:52:26] [122/324] GCMM
[00:52:27] [123/324] INVS
[00:52:28] [124/324] SCGM
[00:52:29] [125/324] PCDA
[00:52:30] [126/324] KDCT
[00:52:31] [127/324] JACS
[00:52:32] [128/324] GMMC
[00:52:33] [129/324] AICM
[00:52:35] [130/324] TJCM
[00:52:37] [131/324] RMTI
[00:52:37] [132/324] SHAC
[00:52:38] [133/324] APJC
[00:52:39] [134/324] GCTG
[00:52:40] [135/324] SSMC
[00:52:41] [136/324] THRM
[00:52:42] [137/324] RBCT
[00:52:43] [138/324] DIKT
[00:52:45] [139/324] MIDL
[00:52:45] [140/324] VCSN
[00:52:46] [141/324] SKTG
[00:52:47] [142/324] SMWC
[00:52:48] [143/324] MNKH
[00:52:49] [144/324] PIAT
[00:52:50] [145/324] LTTP
[00:52:51] [146/324] PTPU
[00:52:52] [147/324] ACMG
[00:52:53] [148/324] SHMM
[00:52:54] [149/324] MCMN
[00:52:55] [150/324] GLDC
[00:52:56] [151/324] HOUT
[00:52:57] [152/324] SVRP
[00:52:57] [153/324] PVDN
[00:52:58] [154/324] SCPY
[00:52:59] [155/324] DTPY
[00:53:00] [156/324] GKCS
[00:53:00] [157/324] NCAM
[00:53:01] [158/324] BSRM
[00:53:02] [159/324] RCLC
[00:53:04] [160/324] SKKD
[00:53:05] [161/324] ACHU
[00:53:06] [162/324] RSCF
[00:53:08] [163/324] IMSH
[00:53:09] [164/324] MACX
[00:53:10] [165/324] HMMW
[00:53:11] [166/324] JTCP
[00:53:12] [167/324] SREN
[00:53:12] [168/324] PJRR
[00:53:13] [169/324] INAC
[00:53:14] [170/324] BMCA
[00:53:15] [171/324] SHCB
[00:53:16] [172/324] GABA
[00:53:17] [173/324] SBCT
[00:53:17] [174/324] GCMA
[00:53:19] [175/324] MYTK
[00:53:20] [176/324] INZS
[00:53:21] [177/324] RMIK
[00:53:22] [178/324] NYCH
[00:53:23] [179/324] RAVE
[00:53:24] [180/324] PSXM
[00:53:24] [181/324] MCGP
[00:53:25] [182/324] PDDK
[00:53:26] [183/324] SPCK
[00:53:28] [184/324] MCRL
[00:53:28] [185/324] MHKT
[00:53:29] [186/324] ANRR
[00:53:30] [187/324] SAPK
[00:53:31] [188/324] NCUK
[00:53:32] [189/324] JUGA
[00:53:32] [190/324] DBSC
[00:53:34] [191/324] LALK
[00:53:34] [192/324] GUCK
[00:53:35] [193/324] STSG
[00:53:36] [194/324] PPPZ
[00:53:37] [195/324] CNCY
[00:53:38] [196/324] MTAR
[00:53:39] [197/324] VNKD
[00:53:40] [198/324] KMAJ
[00:53:41] [199/324] ACXK
[00:53:42] [200/324] UTKC
[00:53:43] [201/324] PBLK
[00:53:43] [202/324] ACBX
[00:53:44] [203/324] PTGM
[00:53:45] [204/324] BTDA
[00:53:46] [205/324] PJMB
[00:53:47] [206/324] TPDA
[00:53:48] [207/324] AMOE
[00:53:48] [208/324] PRHT
[00:53:49] [209/324] PRTA
[00:53:50] [210/324] STAM
[00:53:51] [211/324] MSAA
[00:53:52] [212/324] SDLU
[00:53:53] [213/324] RCHH
[00:53:54] [214/324] KANT
[00:53:55] [215/324] FCRT
[00:53:56] [216/324] DNKM
[00:53:57] [217/324] RYCP
[00:53:58] [218/324] MYRP
[00:53:58] [219/324] PPAK
[00:53:59] [220/324] NVPK
[00:54:00] [221/324] PRMC
[00:54:01] [222/324] JBCS
[00:54:02] [223/324] GXCK
[00:54:03] [224/324] USKO
[00:54:04] [225/324] GTEM
[00:54:05] [226/324] SMBU
[00:54:07] [227/324] VETC
[00:54:08] [228/324] LCDA
[00:54:09] [229/324] MTVT
[00:54:09] [230/324] PYCP
[00:54:10] [231/324] PNSC
[00:54:11] [232/324] PPCC
[00:54:12] [233/324] TGRT
[00:54:13] [234/324] JYOT
[00:54:14] [235/324] SRCZ
[00:54:15] [236/324] SJTE
[00:54:16] [237/324] DESC
[00:54:17] [238/324] JHVN
[00:54:17] [239/324] IPSG
[00:54:18] [240/324] IPCM
[00:54:20] [241/324] PDRS
[00:54:21] [242/324] ANCV
[00:54:22] [243/324] CMVV
[00:54:22] [244/324] SHYP
[00:54:24] [245/324] DNCS
[00:54:25] [246/324] GAJK
[00:54:25] [247/324] AKTN
[00:54:26] [248/324] KAYA
[00:54:27] [249/324] SBRC
[00:54:28] [250/324] CHTP
[00:54:29] [251/324] SHRT
[00:54:30] [252/324] BCKU
[00:54:30] [253/324] FCPS
[00:54:31] [254/324] ARDD
[00:54:32] [255/324] CPCM
[00:54:34] [256/324] CGSM
[00:54:35] [257/324] PSMP
[00:54:36] [258/324] SDAL
[00:54:37] [259/324] RTNB
[00:54:38] [260/324] LMCR
[00:54:39] [261/324] CIMA
[00:54:40] [262/324] RNAS
[00:54:42] [263/324] LITH
[00:54:43] [264/324] PBOX
[00:54:43] [265/324] FRTS
[00:54:44] [266/324] RKIC
[00:54:45] [267/324] PTAI
[00:54:46] [268/324] GCIC
[00:54:47] [269/324] FNAS
[00:54:48] [270/324] SCAR
[00:54:49] [271/324] MTCA
[00:54:49] [272/324] SCTS
[00:54:50] [273/324] SYCS
[00:54:51] [274/324] RDMS
[00:54:52] [275/324] KAMP
[00:54:53] [276/324] ERSD
[00:54:54] [277/324] MJMJ
[00:54:55] [278/324] SRCJ
[00:54:56] [279/324] SCXE
[00:54:57] [280/324] SVFR
[00:54:58] [281/324] BHCS
[00:54:58] [282/324] IMCC
[00:55:00] [283/324] PCBO
[00:55:01] [284/324] PRVN
[00:55:02] [285/324] AUPM
[00:55:03] [286/324] INBW
[00:55:04] [287/324] SVCW
[00:55:04] [288/324] RKCF
[00:55:05] [289/324] UVBH
[00:55:06] [290/324] DNCY
[00:55:07] [291/324] ABCN
[00:55:08] [292/324] PRUR
[00:55:09] [293/324] PFMR
[00:55:10] [294/324] RKCN
[00:55:11] [295/324] CFEA
[00:55:12] [296/324] SDBG
[00:55:12] [297/324] SNAR
[00:55:13] [298/324] YISI
[00:55:14] [299/324] JCFF
[00:55:15] [300/324] VTRK
[00:55:17] [301/324] PCLZ
[00:55:18] [302/324] DIMY
[00:55:19] [303/324] BBTS
[00:55:20] [304/324] GATH
[00:55:21] [305/324] GTMN
[00:55:22] [306/324] VTMH
[00:55:24] [307/324] CCKP
[00:55:25] [308/324] GPKA
[00:55:25] [309/324] MHCL
[00:55:26] [310/324] ATCL
[00:55:27] [311/324] SBCK
[00:55:28] [312/324] AMMR
[00:55:29] [313/324] MADC
[00:55:30] [314/324] TMMA
[00:55:31] [315/324] CACC
[00:55:33] [316/324] CHAL
[00:55:34] [317/324] DURG
[00:55:36] [318/324] GMKU
[00:55:36] [319/324] GECA
[00:55:37] [320/324] KYRR
[00:55:38] [321/324] KSDE
[00:55:39] [322/324] LMCI
[00:55:40] [323/324] NKCP
[00:55:40] [324/324] BGTC
[00:55:42] ✅ DONE | Shows=0 | Movies=0
