[10:02:24] 🚀 SCRIPT STARTED
[10:02:24] [1/445] TGMR
[10:02:24] 🧠 New identity created
[10:02:25] [2/445] CXKR
[10:02:25] [3/445] SROP
[10:02:26] [4/445] GTSV
[10:02:27] [5/445] SNTY
[10:02:28] [6/445] SMYY
[10:02:29] [7/445] CNCS
[10:02:30] [8/445] CSTM
[10:02:31] [9/445] NUCD
[10:02:32] [10/445] SHCZ
[10:02:33] [11/445] NJCT
[10:02:34] [12/445] COPC
[10:02:35] [13/445] STVV
[10:02:36] [14/445] SKRN
[10:02:37] [15/445] APPZ
[10:02:38] [16/445] YMGN
[10:02:39] [17/445] SVTU
[10:02:40] [18/445] GTAD
[10:02:40] [19/445] PSUS
[10:02:41] [20/445] SMCD
[10:02:42] [21/445] CMCM
[10:02:43] [22/445] SYCT
[10:02:44] [23/445] STLY
[10:02:44] [24/445] CMHU
[10:02:45] [25/445] CMSA
[10:02:46] [26/445] CLCU
[10:02:46] [27/445] PPNT
[10:02:47] [28/445] JTAB
[10:02:48] [29/445] BUUC
[10:02:49] [30/445] BSVK
[10:02:50] [31/445] VVVQ
[10:02:50] [32/445] TKMU
[10:02:51] [33/445] ESYL
[10:02:53] [34/445] ACHP
[10:02:54] [35/445] BTKD
[10:02:54] [36/445] DESA
[10:02:55] [37/445] GBCT
[10:02:56] [38/445] BLLD
[10:02:57] [39/445] SKNT
[10:02:58] [40/445] SSTE
[10:02:59] [41/445] VJMR
[10:02:59] [42/445] NTPU
[10:03:00] [43/445] RDKN
[10:03:01] [44/445] ADGC
[10:03:01] [45/445] VRBP
[10:03:02] [46/445] NMNA
[10:03:03] [47/445] CMMX
[10:03:04] [48/445] PTKO
[10:03:04] [49/445] RBML
[10:03:05] [50/445] SAIC
[10:03:06] [51/445] SVTJ
[10:03:07] [52/445] MRTE
[10:03:07] [53/445] RBTP
[10:03:08] [54/445] NLPS
[10:03:09] [55/445] GTNA
[10:03:10] [56/445] DGGC
[10:03:11] [57/445] SMCR
[10:03:12] [58/445] SCGD
[10:03:12] [59/445] SRRJ
[10:03:13] [60/445] CNRY
[10:03:14] [61/445] KTDI
[10:03:15] [62/445] SNJL
[10:03:16] [63/445] RKMD
[10:03:16] [64/445] SMDC
[10:03:17] [65/445] TADG
[10:03:18] [66/445] MCGS
[10:03:19] [67/445] PETK
[10:03:20] [68/445] CHAG
[10:03:21] [69/445] KSTL
[10:03:21] [70/445] AADS
[10:03:22] [71/445] NTHZ
[10:03:23] [72/445] HCKI
[10:03:24] [73/445] SSEF
[10:03:25] [74/445] MCGX
[10:03:26] [75/445] ERRA
[10:03:27] [76/445] SDTW
[10:03:28] [77/445] RMPK
[10:03:28] [78/445] PTHK
[10:03:29] [79/445] PXCS
[10:03:30] [80/445] SVLU
[10:03:31] [81/445] STAH
[10:03:31] [82/445] JRGF
[10:03:33] [83/445] CDOK
[10:03:34] [84/445] CMSG
[10:03:34] [85/445] APTD
[10:03:35] [86/445] KMPG
[10:03:36] [87/445] MUTJ
[10:03:37] [88/445] VCCI
[10:03:38] [89/445] URBE
[10:03:39] [90/445] TCTS
[10:03:40] [91/445] STSN
[10:03:41] [92/445] AKCH
[10:03:41] [93/445] APSC
[10:03:42] [94/445] VLTB
[10:03:43] [95/445] SANU
[10:03:44] [96/445] AXAM
[10:03:45] [97/445] MGMG
[10:03:46] [98/445] HTBY
[10:03:46] [99/445] MMZS
[10:03:48] [100/445] SUDR
[10:03:48] [101/445] CCAD
[10:03:49] [102/445] SKKC
[10:03:50] [103/445] RMCD
[10:03:51] [104/445] SBCQ
[10:03:51] [105/445] DCCT
[10:03:52] [106/445] VTKP
[10:03:53] [107/445] MLAM
[10:03:54] [108/445] SAVT
[10:03:55] [109/445] GEPL
[10:03:56] [110/445] AMCD
[10:03:57] [111/445] CCXR
[10:03:58] [112/445] GRNG
[10:03:58] [113/445] EBCA
[10:03:59] [114/445] CNVG
[10:04:01] [115/445] MWSS
[10:04:01] [116/445] VBOR
[10:04:03] [117/445] NEEB
[10:04:04] [118/445] SUTH
[10:04:04] [119/445] ANDB
[10:04:05] [120/445] MMXS
[10:04:06] [121/445] CNPD
[10:04:07] [122/445] SDCE
[10:04:08] [123/445] DHCB
[10:04:09] [124/445] ODEN
[10:04:09] [125/445] TNTC
[10:04:10] [126/445] VBKM
[10:04:11] [127/445] RZYM
[10:04:12] [128/445] JEMC
[10:04:13] [129/445] CMAU
[10:04:13] [130/445] SIVP
[10:04:14] [131/445] ATAG
[10:04:15] [132/445] CHTM
[10:04:16] [133/445] AAEE
[10:04:17] [134/445] IWPM
[10:04:18] [135/445] KCMW
[10:04:19] [136/445] MCTD
[10:04:20] [137/445] SPWR
[10:04:20] [138/445] SDPO
[10:04:21] [139/445] PCSK
[10:04:22] [140/445] ACHV
[10:04:23] [141/445] SVLA
[10:04:24] [142/445] PICT
[10:04:25] [143/445] BXDR
[10:04:26] [144/445] SPWA
[10:04:27] [145/445] MCKO
[10:04:28] [146/445] RTHK
[10:04:29] [147/445] CCMF
[10:04:30] [148/445] MRGB
[10:04:32] [149/445] CPLC
[10:04:33] [150/445] RACD
[10:04:34] [151/445] ATKT
[10:04:34] [152/445] SARN
[10:04:35] [153/445] KKUI
[10:04:36] [154/445] RGCM
[10:04:37] [155/445] BRVP
[10:04:39] [156/445] HRSR
[10:04:39] [157/445] GKGM
[10:04:40] [158/445] TTCD
[10:04:41] [159/445] PTTI
[10:04:42] [160/445] MPTT
[10:04:43] [161/445] CVTT
[10:04:43] [162/445] PCXD
[10:04:44] [163/445] GCDC
[10:04:45] [164/445] CCCF
[10:04:46] [165/445] MRAD
[10:04:46] [166/445] CPLK
[10:04:47] [167/445] SATB
[10:04:48] [168/445] SNVG
[10:04:49] [169/445] JMBA
[10:04:49] [170/445] TEJA
[10:04:50] [171/445] STYO
[10:04:51] [172/445] JTBP
[10:04:52] [173/445] KRGD
[10:04:53] [174/445] SLJJ
[10:04:54] [175/445] SPTJ
[10:04:54] [176/445] SWJG
[10:04:55] [177/445] LKRT
[10:04:56] [178/445] KCKA
[10:04:57] [179/445] SNCR
[10:04:58] [180/445] SMKL
[10:04:59] [181/445] GCFA
[10:04:59] [182/445] DDCK
[10:05:01] [183/445] NCHJ
[10:05:02] [184/445] RDMA
[10:05:03] [185/445] SVSV
[10:05:03] [186/445] SCJG
[10:05:05] [187/445] VKLP
[10:05:06] [188/445] NWCC
[10:05:06] [189/445] VKNS
[10:05:08] [190/445] SDDP
[10:05:10] [191/445] ACSI
[10:05:10] [192/445] SATG
[10:05:11] [193/445] SCMW
[10:05:12] [194/445] LKTK
[10:05:13] [195/445] VCKV
[10:05:14] [196/445] KKPE
[10:05:15] [197/445] KIGH
[10:05:15] [198/445] SRPM
[10:05:16] [199/445] SCAH
[10:05:17] [200/445] MUTA
[10:05:18] [201/445] SEPU
[10:05:19] [202/445] INOA
[10:05:20] [203/445] BASK
[10:05:20] [204/445] NECB
[10:05:21] [205/445] GTTG
[10:05:23] [206/445] ASSA
[10:05:24] [207/445] ANCL
[10:05:24] [208/445] GCTI
[10:05:26] [209/445] RCTS
[10:05:27] [210/445] ACNL
[10:05:27] [211/445] MYCT
[10:05:28] [212/445] NMHT
[10:05:29] [213/445] MDIT
[10:05:30] [214/445] LATG
[10:05:31] [215/445] SMTY
[10:05:32] [216/445] CVCT
[10:05:32] [217/445] RAMB
[10:05:33] [218/445] TGMS
[10:05:34] [219/445] BHEL
[10:05:35] [220/445] SHCT
[10:05:36] [221/445] SVCT
[10:05:37] [222/445] MRIY
[10:05:38] [223/445] SARO
[10:05:39] [224/445] STCT
[10:05:39] [225/445] JKKC
[10:05:40] [226/445] PLTT
[10:05:42] [227/445] SRNT
[10:05:43] [228/445] YAST
[10:05:43] [229/445] PERL
[10:05:44] [230/445] CICM
[10:05:45] [231/445] MMTR
[10:05:46] [232/445] ABTK
[10:05:46] [233/445] ATYY
[10:05:47] [234/445] ASTK
[10:05:48] [235/445] VVCK
[10:05:49] [236/445] ATKY
[10:05:50] [237/445] GWEK
[10:05:50] [238/445] SVFH
[10:05:51] [239/445] SLTA
[10:05:52] [240/445] AASH
[10:05:53] [241/445] ACXB
[10:05:54] [242/445] SMTX
[10:05:55] [243/445] AZDH
[10:05:55] [244/445] CMMH
[10:05:56] [245/445] SCSZ
[10:05:57] [246/445] SCKP
[10:05:58] [247/445] NXTM
[10:05:59] [248/445] NWCS
[10:06:00] [249/445] CXMH
[10:06:01] [250/445] PCMA
[10:06:02] [251/445] SGCM
[10:06:03] [252/445] SDTU
[10:06:04] [253/445] MMVI
[10:06:05] [254/445] JKCM
[10:06:06] [255/445] VCMM
[10:06:06] [256/445] SYEE
[10:06:07] [257/445] VASD
[10:06:08] [258/445] BDRB
[10:06:09] [259/445] LASM
[10:06:10] [260/445] DCRL
[10:06:10] [261/445] DVPM
[10:06:12] [262/445] SBMJ
[10:06:13] [263/445] CBMU
[10:06:14] [264/445] IUBS
[10:06:14] [265/445] INAP
[10:06:15] [266/445] SRRC
[10:06:16] [267/445] SAGR
[10:06:17] [268/445] CPMJ
[10:06:17] [269/445] ATJL
[10:06:18] [270/445] NNTD
[10:06:19] [271/445] JHCJ
[10:06:20] [272/445] CMMP
[10:06:21] [273/445] RSDR
[10:06:22] [274/445] AMTI
[10:06:23] [275/445] NYSG
[10:06:24] [276/445] AVSG
[10:06:25] [277/445] SYTP
[10:06:26] [278/445] LARC
[10:06:26] [279/445] RJTP
[10:06:27] [280/445] LAKC
[10:06:28] [281/445] MCXE
[10:06:29] [282/445] CCZC
[10:06:29] [283/445] AVCH
[10:06:30] [284/445] CMBE
[10:06:31] [285/445] MRRC
[10:06:32] [286/445] PCPY
[10:06:32] [287/445] SRMH
[10:06:33] [288/445] SVGS
[10:06:34] [289/445] PCSE
[10:06:35] [290/445] SVFT
[10:06:36] [291/445] TNZP
[10:06:37] [292/445] ICTP
[10:06:38] [293/445] ACTZ
[10:06:39] [294/445] GTUR
[10:06:40] [295/445] MAFC
[10:06:42] [296/445] MINL
[10:06:43] [297/445] MRCL
[10:06:43] [298/445] RCRP
[10:06:45] [299/445] RFFG
[10:06:46] [300/445] RMAS
[10:06:47] [301/445] INVR
[10:06:48] [302/445] RMAR
[10:06:49] [303/445] CNIS
[10:06:49] [304/445] RHRJ
[10:06:51] [305/445] INXR
[10:06:52] [306/445] VALT
[10:06:53] [307/445] LCSH
[10:06:53] [308/445] CMVS
[10:06:54] [309/445] CNMS
[10:06:55] [310/445] ROOG
[10:06:56] [311/445] ISRM
[10:06:57] [312/445] RCRM
[10:06:58] [313/445] ACJA
[10:06:58] [314/445] RCVS
[10:06:59] [315/445] CPUS
[10:07:00] [316/445] TGCS
[10:07:01] [317/445] RKCJ
[10:07:02] [318/445] MKSB
[10:07:03] [319/445] TCSJ
[10:07:04] [320/445] RMGP
[10:07:05] [321/445] CLLP
[10:07:06] [322/445] RCMV
[10:07:07] [323/445] CCKS
[10:07:08] [324/445] RSRP
[10:07:08] [325/445] APLP
[10:07:09] [326/445] CNVS
[10:07:10] [327/445] RMVY
[10:07:11] [328/445] PGBD
[10:07:13] [329/445] KLMS
[10:07:13] [330/445] RUST
[10:07:14] [331/445] MASM
[10:07:15] [332/445] BACS
[10:07:16] [333/445] BWST
[10:07:17] [334/445] RRFH
[10:07:18] [335/445] SJTM
[10:07:18] [336/445] BEMR
[10:07:19] [337/445] MCGR
[10:07:20] [338/445] SDSK
[10:07:21] [339/445] VBOL
[10:07:22] [340/445] RMGM
[10:07:23] [341/445] NOPL
[10:07:23] [342/445] MKJK
[10:07:25] [343/445] CVRN
[10:07:26] [344/445] MMEN
[10:07:26] [345/445] AMNG
[10:07:27] [346/445] INTM
[10:07:28] [347/445] SLCZ
[10:07:29] [348/445] AMJN
[10:07:30] [349/445] ACJN
[10:07:30] [350/445] AMKN
[10:07:31] [351/445] BTCN
[10:07:32] [352/445] AMBT
[10:07:33] [353/445] PACN
[10:07:34] [354/445] LCNS
[10:07:36] [355/445] PPKC
[10:07:36] [356/445] JYYN
[10:07:38] [357/445] JTNR
[10:07:39] [358/445] GTEE
[10:07:39] [359/445] SRNM
[10:07:40] [360/445] SDTC
[10:07:41] [361/445] VPCA
[10:07:42] [362/445] VLRA
[10:07:43] [363/445] SHKR
[10:07:44] [364/445] SBKD
[10:07:44] [365/445] SAAD
[10:07:45] [366/445] JTGN
[10:07:46] [367/445] SLAM
[10:07:47] [368/445] VTPM
[10:07:47] [369/445] ANPT
[10:07:49] [370/445] PUNB
[10:07:50] [371/445] CPKT
[10:07:50] [372/445] CNWE
[10:07:51] [373/445] ECPP
[10:07:52] [374/445] CPAR
[10:07:53] [375/445] ESBW
[10:07:54] [376/445] PKPU
[10:07:55] [377/445] CPRP
[10:07:55] [378/445] RAHU
[10:07:56] [379/445] RHMN
[10:07:57] [380/445] FMJP
[10:07:58] [381/445] CTMP
[10:07:58] [382/445] INPN
[10:07:59] [383/445] STTG
[10:08:00] [384/445] CTRD
[10:08:01] [385/445] PUVB
[10:08:02] [386/445] ESVP
[10:08:02] [387/445] CPFT
[10:08:03] [388/445] LCPC
[10:08:04] [389/445] VBCT
[10:08:05] [390/445] FSCW
[10:08:05] [391/445] VCMP
[10:08:06] [392/445] ASHC
[10:08:07] [393/445] VLCX
[10:08:08] [394/445] SHEV
[10:08:08] [395/445] APCO
[10:08:09] [396/445] SILC
[10:08:10] [397/445] SNMR
[10:08:11] [398/445] KYBO
[10:08:11] [399/445] SATK
[10:08:12] [400/445] SSCS
[10:08:14] [401/445] CLSB
[10:08:14] [402/445] KMJR
[10:08:15] [403/445] FSCK
[10:08:16] [404/445] NNKA
[10:08:17] [405/445] CLMK
[10:08:18] [406/445] DMPZ
[10:08:19] [407/445] INQM
[10:08:19] [408/445] CAML
[10:08:21] [409/445] INRK
[10:08:22] [410/445] IMKN
[10:08:22] [411/445] SVNR
[10:08:23] [412/445] INSL
[10:08:24] [413/445] MSMA
[10:08:24] [414/445] MCKK
[10:08:25] [415/445] FCHP
[10:08:26] [416/445] SFCR
[10:08:27] [417/445] NACK
[10:08:28] [418/445] PVAK
[10:08:28] [419/445] INER
[10:08:29] [420/445] RDBK
[10:08:30] [421/445] SVFN
[10:08:32] [422/445] IFRM
[10:08:33] [423/445] ATCK
[10:08:33] [424/445] ASKO
[10:08:34] [425/445] STKT
[10:08:35] [426/445] SVFB
[10:08:36] [427/445] INKS
[10:08:36] [428/445] PCRA
[10:08:37] [429/445] ATJA
[10:08:38] [430/445] IMJN
[10:08:39] [431/445] INHD
[10:08:40] [432/445] BARA
[10:08:41] [433/445] MCSL
[10:08:41] [434/445] RTOY
[10:08:43] [435/445] MENO
[10:08:43] [436/445] PUDM
[10:08:44] [437/445] PRCN
[10:08:45] [438/445] JMJR
[10:08:46] [439/445] SSGK
[10:08:46] [440/445] SSRL
[10:08:47] [441/445] JYKL
[10:08:48] [442/445] ACNB
[10:08:49] [443/445] SONP
[10:08:50] [444/445] EMCI
[10:08:50] [445/445] MRJH
[10:08:51] 🧹 Deduping shows
[10:08:51] ✅ DONE | Shows=118 | Movies=25
[16:50:00] 🚀 SCRIPT STARTED
[16:50:00] [1/445] TGMR
[16:50:00] 🧠 New identity created
[16:50:01] [2/445] CXKR
[16:50:02] [3/445] SROP
[16:50:03] [4/445] GTSV
[16:50:04] [5/445] SNTY
[16:50:04] [6/445] SMYY
[16:50:05] [7/445] CNCS
[16:50:06] [8/445] CSTM
[16:50:08] [9/445] NUCD
[16:50:08] [10/445] SHCZ
[16:50:09] [11/445] NJCT
[16:50:10] [12/445] COPC
[16:50:11] [13/445] STVV
[16:50:13] [14/445] SKRN
[16:50:14] [15/445] APPZ
[16:50:14] [16/445] YMGN
[16:50:15] [17/445] SVTU
[16:50:16] [18/445] GTAD
[16:50:17] [19/445] PSUS
[16:50:18] [20/445] SMCD
[16:50:19] [21/445] CMCM
[16:50:20] [22/445] SYCT
[16:50:21] [23/445] STLY
[16:50:22] [24/445] CMHU
[16:50:23] [25/445] CMSA
[16:50:24] [26/445] CLCU
[16:50:25] [27/445] PPNT
[16:50:26] [28/445] JTAB
[16:50:27] [29/445] BUUC
[16:50:28] [30/445] BSVK
[16:50:29] [31/445] VVVQ
[16:50:30] [32/445] TKMU
[16:50:30] [33/445] ESYL
[16:50:31] [34/445] ACHP
[16:50:32] [35/445] BTKD
[16:50:33] [36/445] DESA
[16:50:34] [37/445] GBCT
[16:50:35] [38/445] BLLD
[16:50:36] [39/445] SKNT
[16:50:37] [40/445] SSTE
[16:50:38] [41/445] VJMR
[16:50:39] [42/445] NTPU
[16:50:40] [43/445] RDKN
[16:50:41] [44/445] ADGC
[16:50:42] [45/445] VRBP
[16:50:43] [46/445] NMNA
[16:50:44] [47/445] CMMX
[16:50:45] [48/445] PTKO
[16:50:46] [49/445] RBML
[16:50:46] [50/445] SAIC
[16:50:47] [51/445] SVTJ
[16:50:48] [52/445] MRTE
[16:50:49] [53/445] RBTP
[16:50:50] [54/445] NLPS
[16:50:51] [55/445] GTNA
[16:50:51] [56/445] DGGC
[16:50:52] [57/445] SMCR
[16:50:53] [58/445] SCGD
[16:50:53] [59/445] SRRJ
[16:50:54] [60/445] CNRY
[16:50:55] [61/445] KTDI
[16:50:56] [62/445] SNJL
[16:50:57] [63/445] RKMD
[16:50:58] [64/445] SMDC
[16:50:59] [65/445] TADG
[16:51:00] [66/445] MCGS
[16:51:01] [67/445] PETK
[16:51:02] [68/445] CHAG
[16:51:03] [69/445] KSTL
[16:51:04] [70/445] AADS
[16:51:05] [71/445] NTHZ
[16:51:06] [72/445] HCKI
[16:51:06] [73/445] SSEF
[16:51:07] [74/445] MCGX
[16:51:08] [75/445] ERRA
[16:51:09] [76/445] SDTW
[16:51:11] [77/445] RMPK
[16:51:11] [78/445] PTHK
[16:51:12] [79/445] PXCS
[16:51:13] [80/445] SVLU
[16:51:14] [81/445] STAH
[16:51:15] [82/445] JRGF
[16:51:15] [83/445] CDOK
[16:51:17] [84/445] CMSG
[16:51:18] [85/445] APTD
[16:51:18] [86/445] KMPG
[16:51:19] [87/445] MUTJ
[16:51:20] [88/445] VCCI
[16:51:21] [89/445] URBE
[16:51:23] [90/445] TCTS
[16:51:24] [91/445] STSN
[16:51:25] [92/445] AKCH
[16:51:26] [93/445] APSC
[16:51:27] [94/445] VLTB
[16:51:28] [95/445] SANU
[16:51:29] [96/445] AXAM
[16:51:30] [97/445] MGMG
[16:51:30] [98/445] HTBY
[16:51:31] [99/445] MMZS
[16:51:32] [100/445] SUDR
[16:51:33] [101/445] CCAD
[16:51:34] [102/445] SKKC
[16:51:35] [103/445] RMCD
[16:51:36] [104/445] SBCQ
[16:51:37] [105/445] DCCT
[16:51:38] [106/445] VTKP
[16:51:39] [107/445] MLAM
[16:51:40] [108/445] SAVT
[16:51:41] [109/445] GEPL
[16:51:42] [110/445] AMCD
[16:51:43] [111/445] CCXR
[16:51:43] [112/445] GRNG
[16:51:44] [113/445] EBCA
[16:51:45] [114/445] CNVG
[16:51:46] [115/445] MWSS
[16:51:47] [116/445] VBOR
[16:51:47] [117/445] NEEB
[16:51:48] [118/445] SUTH
[16:51:49] [119/445] ANDB
[16:51:50] [120/445] MMXS
[16:51:51] [121/445] CNPD
[16:51:53] [122/445] SDCE
[16:51:54] [123/445] DHCB
[16:51:54] [124/445] ODEN
[16:51:55] [125/445] TNTC
[16:51:56] [126/445] VBKM
[16:51:57] [127/445] RZYM
[16:51:58] [128/445] JEMC
[16:51:59] [129/445] CMAU
[16:51:59] [130/445] SIVP
[16:52:00] [131/445] ATAG
[16:52:01] [132/445] CHTM
[16:52:02] [133/445] AAEE
[16:52:03] [134/445] IWPM
[16:52:04] [135/445] KCMW
[16:52:05] [136/445] MCTD
[16:52:06] [137/445] SPWR
[16:52:07] [138/445] SDPO
[16:52:08] [139/445] PCSK
[16:52:08] [140/445] ACHV
[16:52:09] [141/445] SVLA
[16:52:10] [142/445] PICT
[16:52:11] [143/445] BXDR
[16:52:12] [144/445] SPWA
[16:52:13] [145/445] MCKO
[16:52:14] [146/445] RTHK
[16:52:15] [147/445] CCMF
[16:52:16] [148/445] MRGB
[16:52:17] [149/445] CPLC
[16:52:18] [150/445] RACD
[16:52:19] [151/445] ATKT
[16:52:20] [152/445] SARN
[16:52:21] [153/445] KKUI
[16:52:22] [154/445] RGCM
[16:52:23] [155/445] BRVP
[16:52:24] [156/445] HRSR
[16:52:25] [157/445] GKGM
[16:52:25] [158/445] TTCD
[16:52:26] [159/445] PTTI
[16:52:27] [160/445] MPTT
[16:52:28] [161/445] CVTT
[16:52:29] [162/445] PCXD
[16:52:30] [163/445] GCDC
[16:52:30] [164/445] CCCF
[16:52:32] [165/445] MRAD
[16:52:33] [166/445] CPLK
[16:52:34] [167/445] SATB
[16:52:34] [168/445] SNVG
[16:52:35] [169/445] JMBA
[16:52:36] [170/445] TEJA
[16:52:37] [171/445] STYO
[16:52:38] [172/445] JTBP
[16:52:39] [173/445] KRGD
[16:52:40] [174/445] SLJJ
[16:52:40] [175/445] SPTJ
[16:52:41] [176/445] SWJG
[16:52:42] [177/445] LKRT
[16:52:43] [178/445] KCKA
[16:52:44] [179/445] SNCR
[16:52:45] [180/445] SMKL
[16:52:46] [181/445] GCFA
[16:52:47] [182/445] DDCK
[16:52:48] [183/445] NCHJ
[16:52:49] [184/445] RDMA
[16:52:50] [185/445] SVSV
[16:52:52] [186/445] SCJG
[16:52:52] [187/445] VKLP
[16:52:53] [188/445] NWCC
[16:52:54] [189/445] VKNS
[16:52:55] [190/445] SDDP
[16:52:55] [191/445] ACSI
[16:52:56] [192/445] SATG
[16:52:57] [193/445] SCMW
[16:52:58] [194/445] LKTK
[16:52:59] [195/445] VCKV
[16:53:00] [196/445] KKPE
[16:53:00] [197/445] KIGH
[16:53:01] [198/445] SRPM
[16:53:02] [199/445] SCAH
[16:53:03] [200/445] MUTA
[16:53:04] [201/445] SEPU
[16:53:04] [202/445] INOA
[16:53:05] [203/445] BASK
[16:53:06] [204/445] NECB
[16:53:06] [205/445] GTTG
[16:53:07] [206/445] ASSA
[16:53:08] [207/445] ANCL
[16:53:09] [208/445] GCTI
[16:53:10] [209/445] RCTS
[16:53:11] [210/445] ACNL
[16:53:11] [211/445] MYCT
[16:53:12] [212/445] NMHT
[16:53:13] [213/445] MDIT
[16:53:14] [214/445] LATG
[16:53:15] [215/445] SMTY
[16:53:16] [216/445] CVCT
[16:53:17] [217/445] RAMB
[16:53:18] [218/445] TGMS
[16:53:19] [219/445] BHEL
[16:53:20] [220/445] SHCT
[16:53:21] [221/445] SVCT
[16:53:21] [222/445] MRIY
[16:53:22] [223/445] SARO
[16:53:23] [224/445] STCT
[16:53:24] [225/445] JKKC
[16:53:25] [226/445] PLTT
[16:53:26] [227/445] SRNT
[16:53:27] [228/445] YAST
[16:53:28] [229/445] PERL
[16:53:29] [230/445] CICM
[16:53:29] [231/445] MMTR
[16:53:30] [232/445] ABTK
[16:53:31] [233/445] ATYY
[16:53:32] [234/445] ASTK
[16:53:33] [235/445] VVCK
[16:53:34] [236/445] ATKY
[16:53:35] [237/445] GWEK
[16:53:36] [238/445] SVFH
[16:53:38] [239/445] SLTA
[16:53:38] [240/445] AASH
[16:53:39] [241/445] ACXB
[16:53:40] [242/445] SMTX
[16:53:41] [243/445] AZDH
[16:53:42] [244/445] CMMH
[16:53:43] [245/445] SCSZ
[16:53:43] [246/445] SCKP
[16:53:45] [247/445] NXTM
[16:53:46] [248/445] NWCS
[16:53:47] [249/445] CXMH
[16:53:48] [250/445] PCMA
[16:53:49] [251/445] SGCM
[16:53:50] [252/445] SDTU
[16:53:51] [253/445] MMVI
[16:53:52] [254/445] JKCM
[16:53:53] [255/445] VCMM
[16:53:54] [256/445] SYEE
[16:53:55] [257/445] VASD
[16:53:57] [258/445] BDRB
[16:53:57] [259/445] LASM
[16:53:58] [260/445] DCRL
[16:53:59] [261/445] DVPM
[16:54:01] [262/445] SBMJ
[16:54:01] [263/445] CBMU
[16:54:03] [264/445] IUBS
[16:54:04] [265/445] INAP
[16:54:06] [266/445] SRRC
[16:54:07] [267/445] SAGR
[16:54:08] [268/445] CPMJ
[16:54:09] [269/445] ATJL
[16:54:10] [270/445] NNTD
[16:54:11] [271/445] JHCJ
[16:54:12] [272/445] CMMP
[16:54:13] [273/445] RSDR
[16:54:14] [274/445] AMTI
[16:54:15] [275/445] NYSG
[16:54:15] [276/445] AVSG
[16:54:16] [277/445] SYTP
[16:54:17] [278/445] LARC
[16:54:18] [279/445] RJTP
[16:54:19] [280/445] LAKC
[16:54:21] [281/445] MCXE
[16:54:21] [282/445] CCZC
[16:54:23] [283/445] AVCH
[16:54:24] [284/445] CMBE
[16:54:25] [285/445] MRRC
[16:54:26] [286/445] PCPY
[16:54:27] [287/445] SRMH
[16:54:27] [288/445] SVGS
[16:54:28] [289/445] PCSE
[16:54:29] [290/445] SVFT
[16:54:29] [291/445] TNZP
[16:54:31] [292/445] ICTP
[16:54:32] [293/445] ACTZ
[16:54:33] [294/445] GTUR
[16:54:34] [295/445] MAFC
[16:54:35] [296/445] MINL
[16:54:37] [297/445] MRCL
[16:54:38] [298/445] RCRP
[16:54:39] [299/445] RFFG
[16:54:40] [300/445] RMAS
[16:54:41] [301/445] INVR
[16:54:42] [302/445] RMAR
[16:54:43] [303/445] CNIS
[16:54:44] [304/445] RHRJ
[16:54:44] [305/445] INXR
[16:54:45] [306/445] VALT
[16:54:46] [307/445] LCSH
[16:54:48] [308/445] CMVS
[16:54:48] [309/445] CNMS
[16:54:49] [310/445] ROOG
[16:54:50] [311/445] ISRM
[16:54:51] [312/445] RCRM
[16:54:51] [313/445] ACJA
[16:54:52] [314/445] RCVS
[16:54:53] [315/445] CPUS
[16:54:54] [316/445] TGCS
[16:54:55] [317/445] RKCJ
[16:54:56] [318/445] MKSB
[16:54:56] [319/445] TCSJ
[16:54:57] [320/445] RMGP
[16:54:58] [321/445] CLLP
[16:55:00] [322/445] RCMV
[16:55:01] [323/445] CCKS
[16:55:01] [324/445] RSRP
[16:55:02] [325/445] APLP
[16:55:03] [326/445] CNVS
[16:55:05] [327/445] RMVY
[16:55:06] [328/445] PGBD
[16:55:07] [329/445] KLMS
[16:55:07] [330/445] RUST
[16:55:08] [331/445] MASM
[16:55:10] [332/445] BACS
[16:55:11] [333/445] BWST
[16:55:11] [334/445] RRFH
[16:55:12] [335/445] SJTM
[16:55:13] [336/445] BEMR
[16:55:14] [337/445] MCGR
[16:55:15] [338/445] SDSK
[16:55:15] [339/445] VBOL
[16:55:16] [340/445] RMGM
[16:55:18] [341/445] NOPL
[16:55:19] [342/445] MKJK
[16:55:20] [343/445] CVRN
[16:55:20] [344/445] MMEN
[16:55:21] [345/445] AMNG
[16:55:22] [346/445] INTM
[16:55:23] [347/445] SLCZ
[16:55:24] [348/445] AMJN
[16:55:25] [349/445] ACJN
[16:55:25] [350/445] AMKN
[16:55:27] [351/445] BTCN
[16:55:28] [352/445] AMBT
[16:55:29] [353/445] PACN
[16:55:30] [354/445] LCNS
[16:55:30] [355/445] PPKC
[16:55:31] [356/445] JYYN
[16:55:32] [357/445] JTNR
[16:55:33] [358/445] GTEE
[16:55:34] [359/445] SRNM
[16:55:34] [360/445] SDTC
[16:55:35] [361/445] VPCA
[16:55:36] [362/445] VLRA
[16:55:37] [363/445] SHKR
[16:55:38] [364/445] SBKD
[16:55:38] [365/445] SAAD
[16:55:39] [366/445] JTGN
[16:55:41] [367/445] SLAM
[16:55:42] [368/445] VTPM
[16:55:43] [369/445] ANPT
[16:55:45] [370/445] PUNB
[16:55:45] [371/445] CPKT
[16:55:46] [372/445] CNWE
[16:55:48] [373/445] ECPP
[16:55:49] [374/445] CPAR
[16:55:51] [375/445] ESBW
[16:55:52] [376/445] PKPU
[16:55:53] [377/445] CPRP
[16:55:53] [378/445] RAHU
[16:55:54] [379/445] RHMN
[16:55:55] [380/445] FMJP
[16:55:56] [381/445] CTMP
[16:55:57] [382/445] INPN
[16:55:58] [383/445] STTG
[16:55:59] [384/445] CTRD
[16:56:00] [385/445] PUVB
[16:56:00] [386/445] ESVP
[16:56:01] [387/445] CPFT
[16:56:02] [388/445] LCPC
[16:56:03] [389/445] VBCT
[16:56:04] [390/445] FSCW
[16:56:04] [391/445] VCMP
[16:56:05] [392/445] ASHC
[16:56:06] [393/445] VLCX
[16:56:07] [394/445] SHEV
[16:56:08] [395/445] APCO
[16:56:09] [396/445] SILC
[16:56:10] [397/445] SNMR
[16:56:10] [398/445] KYBO
[16:56:11] [399/445] SATK
[16:56:12] [400/445] SSCS
[16:56:13] [401/445] CLSB
[16:56:14] [402/445] KMJR
[16:56:15] [403/445] FSCK
[16:56:16] [404/445] NNKA
[16:56:18] [405/445] CLMK
[16:56:19] [406/445] DMPZ
[16:56:20] [407/445] INQM
[16:56:21] [408/445] CAML
[16:56:21] [409/445] INRK
[16:56:22] [410/445] IMKN
[16:56:23] [411/445] SVNR
[16:56:24] [412/445] INSL
[16:56:24] [413/445] MSMA
[16:56:25] [414/445] MCKK
[16:56:26] [415/445] FCHP
[16:56:27] [416/445] SFCR
[16:56:27] [417/445] NACK
[16:56:28] [418/445] PVAK
[16:56:29] [419/445] INER
[16:56:30] [420/445] RDBK
[16:56:31] [421/445] SVFN
[16:56:32] [422/445] IFRM
[16:56:32] [423/445] ATCK
[16:56:33] [424/445] ASKO
[16:56:34] [425/445] STKT
[16:56:35] [426/445] SVFB
[16:56:36] [427/445] INKS
[16:56:36] [428/445] PCRA
[16:56:37] [429/445] ATJA
[16:56:38] [430/445] IMJN
[16:56:38] [431/445] INHD
[16:56:39] [432/445] BARA
[16:56:40] [433/445] MCSL
[16:56:42] [434/445] RTOY
[16:56:42] [435/445] MENO
[16:56:43] [436/445] PUDM
[16:56:44] [437/445] PRCN
[16:56:45] [438/445] JMJR
[16:56:46] [439/445] SSGK
[16:56:47] [440/445] SSRL
[16:56:48] [441/445] JYKL
[16:56:49] [442/445] ACNB
[16:56:49] [443/445] SONP
[16:56:51] [444/445] EMCI
[16:56:52] [445/445] MRJH
[16:56:54] 🧹 Deduping shows
[16:56:54] ✅ DONE | Shows=241 | Movies=34
