[10:02:24] 🚀 SCRIPT STARTED
[10:02:24] [1/459] MBDC
[10:02:24] 🧠 New identity created
[10:02:25] [2/459] CHKM
[10:02:26] [3/459] JTKZ
[10:02:27] [4/459] CMCT
[10:02:29] [5/459] ASHO
[10:02:29] [6/459] ECDG
[10:02:30] [7/459] SPAT
[10:02:31] [8/459] HILC
[10:02:32] [9/459] SPPH
[10:02:33] [10/459] SBHN
[10:02:34] [11/459] RRCA
[10:02:35] [12/459] APAA
[10:02:36] [13/459] RAME
[10:02:37] [14/459] TMMS
[10:02:38] [15/459] BATK
[10:02:38] [16/459] LKOP
[10:02:39] [17/459] AMTT
[10:02:40] [18/459] PTGK
[10:02:41] [19/459] ANRS
[10:02:42] [20/459] VWBW
[10:02:43] [21/459] SVFG
[10:02:45] [22/459] STAT
[10:02:47] [23/459] GDCV
[10:02:48] [24/459] VEBI
[10:02:49] [25/459] VDSS
[10:02:50] [26/459] NTHV
[10:02:50] [27/459] AOCH
[10:02:51] [28/459] KASR
[10:02:52] [29/459] AYCS
[10:02:53] [30/459] SHAI
[10:02:54] [31/459] SKPE
[10:02:55] [32/459] SBTA
[10:02:56] [33/459] RTTD
[10:02:56] [34/459] CCJD
[10:02:57] [35/459] RSJJ
[10:02:58] [36/459] RKND
[10:02:59] [37/459] SVTX
[10:03:00] [38/459] BAKM
[10:03:00] [39/459] SVDC
[10:03:02] [40/459] MNCV
[10:03:03] [41/459] SJGC
[10:03:03] [42/459] MTPK
[10:03:04] [43/459] GATP
[10:03:05] [44/459] ABTS
[10:03:06] [45/459] ABDE
[10:03:07] [46/459] RCNM
[10:03:08] [47/459] KTHV
[10:03:09] [48/459] MDGJ
[10:03:09] [49/459] SMLM
[10:03:10] [50/459] JTMA
[10:03:11] [51/459] ACKP
[10:03:12] [52/459] SRTA
[10:03:13] [53/459] STAY
[10:03:13] [54/459] MAVO
[10:03:15] [55/459] APTS
[10:03:16] [56/459] OMEA
[10:03:18] [57/459] TTFD
[10:03:19] [58/459] MJCU
[10:03:19] [59/459] CXTE
[10:03:20] [60/459] CTPX
[10:03:21] [61/459] ASSL
[10:03:22] [62/459] CMVB
[10:03:23] [63/459] VPUR
[10:03:24] [64/459] JJDA
[10:03:25] [65/459] INBL
[10:03:26] [66/459] BIKB
[10:03:27] [67/459] NTBB
[10:03:28] [68/459] GLOB
[10:03:29] [69/459] SNTB
[10:03:30] [70/459] CHGV
[10:03:30] [71/459] SSBZ
[10:03:31] [72/459] PRDB
[10:03:32] [73/459] ISMT
[10:03:33] [74/459] MCSD
[10:03:33] [75/459] JBTT
[10:03:35] [76/459] GEKR
[10:03:36] [77/459] PVUN
[10:03:37] [78/459] NRTB
[10:03:37] [79/459] PRAA
[10:03:38] [80/459] PCBL
[10:03:39] [81/459] PTCM
[10:03:40] [82/459] KHNN
[10:03:41] [83/459] OMJE
[10:03:42] [84/459] STGN
[10:03:43] [85/459] RPMS
[10:03:44] [86/459] NWAD
[10:03:45] [87/459] BLCK
[10:03:46] [88/459] SVAA
[10:03:48] [89/459] URVM
[10:03:48] [90/459] ANTM
[10:03:49] [91/459] VJYM
[10:03:50] [92/459] MAZZ
[10:03:51] [93/459] CSHM
[10:03:52] [94/459] WGMH
[10:03:53] [95/459] SALN
[10:03:54] [96/459] BRTP
[10:03:55] [97/459] SVTA
[10:03:56] [98/459] SBTP
[10:03:57] [99/459] VLSS
[10:03:58] [100/459] SRJA
[10:03:59] [101/459] ANCG
[10:04:00] [102/459] CGGC
[10:04:01] [103/459] CRJA
[10:04:02] [104/459] USCR
[10:04:03] [105/459] MMEF
[10:04:04] [106/459] JCRJ
[10:04:05] [107/459] ADCM
[10:04:06] [108/459] BMYK
[10:04:07] [109/459] KICS
[10:04:08] [110/459] MBBT
[10:04:09] [111/459] MACK
[10:04:10] [112/459] CLDR
[10:04:11] [113/459] JYCR
[10:04:13] [114/459] DCRP
[10:04:13] [115/459] RAHT
[10:04:14] [116/459] CSSM
[10:04:15] [117/459] ATPK
[10:04:16] [118/459] KLRT
[10:04:17] [119/459] SRDD
[10:04:18] [120/459] CKMC
[10:04:18] [121/459] KRVM
[10:04:19] [122/459] AKCP
[10:04:21] [123/459] CNCV
[10:04:22] [124/459] PACT
[10:04:23] [125/459] NATP
[10:04:24] [126/459] PCPK
[10:04:24] [127/459] SMHO
[10:04:25] [128/459] CWTK
[10:04:26] [129/459] RVKZ
[10:04:27] [130/459] ASPD
[10:04:28] [131/459] VTKZ
[10:04:29] [132/459] LCSO
[10:04:30] [133/459] PRDY
[10:04:31] [134/459] RCAP
[10:04:32] [135/459] RGAR
[10:04:33] [136/459] RCAC
[10:04:33] [137/459] PMOD
[10:04:34] [138/459] PVCN
[10:04:35] [139/459] SCRZ
[10:04:36] [140/459] PVPC
[10:04:38] [141/459] STID
[10:04:39] [142/459] NEDD
[10:04:40] [143/459] BNBA
[10:04:41] [144/459] NTCD
[10:04:42] [145/459] OCDE
[10:04:42] [146/459] CCDU
[10:04:43] [147/459] CRXH
[10:04:44] [148/459] VLVT
[10:04:45] [149/459] CICI
[10:04:46] [150/459] SUCB
[10:04:47] [151/459] TCBP
[10:04:48] [152/459] SCCY
[10:04:48] [153/459] LXCY
[10:04:49] [154/459] NCMD
[10:04:50] [155/459] PHCS
[10:04:51] [156/459] DUXR
[10:04:52] [157/459] VNKS
[10:04:53] [158/459] SEDP
[10:04:54] [159/459] SVEN
[10:04:54] [160/459] SRKM
[10:04:55] [161/459] JTLT
[10:04:56] [162/459] SVSS
[10:04:57] [163/459] AMDE
[10:04:57] [164/459] WVRN
[10:04:58] [165/459] ISMG
[10:04:59] [166/459] WVKS
[10:05:00] [167/459] USCG
[10:05:01] [168/459] IOTG
[10:05:01] [169/459] RRJM
[10:05:02] [170/459] EDMP
[10:05:03] [171/459] SCGZ
[10:05:04] [172/459] GMGX
[10:05:04] [173/459] OMTP
[10:05:05] [174/459] MITD
[10:05:07] [175/459] SMMD
[10:05:09] [176/459] STML
[10:05:09] [177/459] MCFS
[10:05:11] [178/459] FPKA
[10:05:12] [179/459] OMLR
[10:05:13] [180/459] KKSC
[10:05:13] [181/459] RVMA
[10:05:14] [182/459] SCLL
[10:05:15] [183/459] SCDK
[10:05:16] [184/459] SXMI
[10:05:17] [185/459] SHDN
[10:05:18] [186/459] PAAD
[10:05:19] [187/459] UUCB
[10:05:20] [188/459] JHOL
[10:05:20] [189/459] SGWT
[10:05:21] [190/459] SRII
[10:05:22] [191/459] SGCK
[10:05:23] [192/459] SVVB
[10:05:24] [193/459] DMHA
[10:05:26] [194/459] PPNL
[10:05:26] [195/459] CPNL
[10:05:27] [196/459] WVLD
[10:05:28] [197/459] PSLV
[10:05:29] [198/459] VTTL
[10:05:29] [199/459] NPAD
[10:05:30] [200/459] PVCS
[10:05:31] [201/459] MCHL
[10:05:32] [202/459] PPLL
[10:05:33] [203/459] MALO
[10:05:34] [204/459] SWBH
[10:05:35] [205/459] PUGB
[10:05:36] [206/459] INBB
[10:05:36] [207/459] INNS
[10:05:37] [208/459] MCPT
[10:05:38] [209/459] SCMI
[10:05:39] [210/459] OCON
[10:05:40] [211/459] SCSM
[10:05:41] [212/459] RJVN
[10:05:42] [213/459] AMDK
[10:05:43] [214/459] ISMR
[10:05:44] [215/459] SMTD
[10:05:45] [216/459] VTDD
[10:05:46] [217/459] PDDZ
[10:05:47] [218/459] PCCK
[10:05:48] [219/459] INAM
[10:05:49] [220/459] FNKT
[10:05:49] [221/459] GDKA
[10:05:50] [222/459] MAYU
[10:05:51] [223/459] TCGU
[10:05:53] [224/459] KDCA
[10:05:54] [225/459] DOMY
[10:05:54] [226/459] PDDD
[10:05:55] [227/459] BJTS
[10:05:56] [228/459] VTCA
[10:05:57] [229/459] SBTM
[10:05:58] [230/459] SEET
[10:05:59] [231/459] SSTJ
[10:06:00] [232/459] SVNT
[10:06:01] [233/459] PPPR
[10:06:01] [234/459] PVYS
[10:06:02] [235/459] IOSE
[10:06:03] [236/459] ACTV
[10:06:04] [237/459] APVE
[10:06:05] [238/459] TCCL
[10:06:06] [239/459] SCMO
[10:06:07] [240/459] SAUM
[10:06:08] [241/459] KCJS
[10:06:09] [242/459] NJCJ
[10:06:10] [243/459] NECF
[10:06:11] [244/459] CCGW
[10:06:11] [245/459] CCMG
[10:06:12] [246/459] NYRG
[10:06:13] [247/459] NCSQ
[10:06:14] [248/459] GRCG
[10:06:15] [249/459] CCBT
[10:06:16] [250/459] ACGA
[10:06:16] [251/459] INAG
[10:06:18] [252/459] FUCG
[10:06:19] [253/459] AICF
[10:06:20] [254/459] GRGA
[10:06:21] [255/459] GDCN
[10:06:22] [256/459] RRCG
[10:06:22] [257/459] SDCH
[10:06:23] [258/459] WVJM
[10:06:24] [259/459] JCCZ
[10:06:25] [260/459] CNCL
[10:06:26] [261/459] TMLV
[10:06:27] [262/459] MEMB
[10:06:27] [263/459] SGTD
[10:06:28] [264/459] CONX
[10:06:30] [265/459] CCMH
[10:06:31] [266/459] ACMC
[10:06:32] [267/459] DTPD
[10:06:33] [268/459] POJA
[10:06:34] [269/459] FNBH
[10:06:34] [270/459] CGCB
[10:06:35] [271/459] RACN
[10:06:36] [272/459] JTSM
[10:06:37] [273/459] SCDN
[10:06:38] [274/459] AACK
[10:06:39] [275/459] RMCE
[10:06:40] [276/459] BSGB
[10:06:42] [277/459] MRCB
[10:06:43] [278/459] SRVR
[10:06:44] [279/459] VTKK
[10:06:44] [280/459] AMST
[10:06:45] [281/459] APCY
[10:06:46] [282/459] LMHO
[10:06:47] [283/459] MTZH
[10:06:48] [284/459] AMZB
[10:06:49] [285/459] SUVT
[10:06:49] [286/459] RCIP
[10:06:50] [287/459] KESR
[10:06:51] [288/459] SNKC
[10:06:52] [289/459] SCED
[10:06:53] [290/459] DVCA
[10:06:54] [291/459] VCDT
[10:06:55] [292/459] RRDI
[10:06:56] [293/459] DFCH
[10:06:56] [294/459] INSC
[10:06:57] [295/459] RGTR
[10:06:58] [296/459] FMOT
[10:06:59] [297/459] SCPM
[10:07:00] [298/459] GCDT
[10:07:00] [299/459] BRKT
[10:07:01] [300/459] DEMP
[10:07:02] [301/459] SRLC
[10:07:03] [302/459] KSTT
[10:07:03] [303/459] SMMT
[10:07:04] [304/459] SILM
[10:07:05] [305/459] JCVM
[10:07:06] [306/459] KCSV
[10:07:07] [307/459] MHLK
[10:07:08] [308/459] SLVL
[10:07:08] [309/459] RJKP
[10:07:09] [310/459] BBPC
[10:07:10] [311/459] MXCB
[10:07:11] [312/459] TCPK
[10:07:11] [313/459] RTBR
[10:07:12] [314/459] GAUT
[10:07:13] [315/459] DVCF
[10:07:14] [316/459] JTSB
[10:07:15] [317/459] SBLS
[10:07:16] [318/459] UDAY
[10:07:17] [319/459] PTNP
[10:07:18] [320/459] DMKT
[10:07:19] [321/459] NTDT
[10:07:19] [322/459] SHDJ
[10:07:20] [323/459] OTNC
[10:07:21] [324/459] RNTW
[10:07:22] [325/459] GCMI
[10:07:23] [326/459] CRCM
[10:07:23] [327/459] NNCZ
[10:07:24] [328/459] OEMO
[10:07:26] [329/459] PVJM
[10:07:27] [330/459] CPJI
[10:07:28] [331/459] RMCJ
[10:07:29] [332/459] CNWJ
[10:07:29] [333/459] EPJM
[10:07:30] [334/459] FNJJ
[10:07:31] [335/459] GCMJ
[10:07:32] [336/459] INPS
[10:07:33] [337/459] BICJ
[10:07:33] [338/459] ISTJ
[10:07:34] [339/459] INJC
[10:07:35] [340/459] GLXJ
[10:07:36] [341/459] INEM
[10:07:37] [342/459] JTMN
[10:07:37] [343/459] FRCJ
[10:07:38] [344/459] DDJP
[10:07:39] [345/459] INJV
[10:07:40] [346/459] GOLC
[10:07:41] [347/459] KOCI
[10:07:42] [348/459] FSTD
[10:07:42] [349/459] PACJ
[10:07:43] [350/459] GMCN
[10:07:44] [351/459] MMDJ
[10:07:45] [352/459] GODH
[10:07:47] [353/459] SKYN
[10:07:47] [354/459] NCTH
[10:07:48] [355/459] SKVZ
[10:07:49] [356/459] SVML
[10:07:50] [357/459] ACVZ
[10:07:51] [358/459] SURA
[10:07:52] [359/459] RTRB
[10:07:53] [360/459] LLCT
[10:07:55] [361/459] ATTS
[10:07:56] [362/459] JYCM
[10:07:56] [363/459] CTKR
[10:07:57] [364/459] LCKR
[10:07:58] [365/459] NYCV
[10:07:59] [366/459] NYOH
[10:08:00] [367/459] NOVX
[10:08:01] [368/459] MRGK
[10:08:03] [369/459] MOON
[10:08:03] [370/459] SBUC
[10:08:05] [371/459] GSVA
[10:08:06] [372/459] VIAK
[10:08:07] [373/459] SMVZ
[10:08:08] [374/459] MATE
[10:08:09] [375/459] RDCN
[10:08:10] [376/459] ASBL
[10:08:11] [377/459] ASVS
[10:08:12] [378/459] ASSR
[10:08:13] [379/459] SSKN
[10:08:13] [380/459] DRPV
[10:08:14] [381/459] MRHT
[10:08:16] [382/459] BSCN
[10:08:17] [383/459] RKNX
[10:08:17] [384/459] MSMC
[10:08:18] [385/459] MSCJ
[10:08:19] [386/459] BTBJ
[10:08:20] [387/459] MJCC
[10:08:21] [388/459] IOMM
[10:08:21] [389/459] ADGR
[10:08:22] [390/459] MYCP
[10:08:24] [391/459] IGCM
[10:08:25] [392/459] PGRK
[10:08:25] [393/459] VPGO
[10:08:26] [394/459] KOMS
[10:08:27] [395/459] URGG
[10:08:28] [396/459] GOST
[10:08:29] [397/459] LACT
[10:08:30] [398/459] BWCM
[10:08:30] [399/459] NCCW
[10:08:31] [400/459] SKYC
[10:08:32] [401/459] CCPM
[10:08:33] [402/459] VCBT
[10:08:35] [403/459] SDKR
[10:08:36] [404/459] CTYB
[10:08:37] [405/459] SHCX
[10:08:38] [406/459] RCUN
[10:08:39] [407/459] CNRA
[10:08:40] [408/459] RFCA
[10:08:40] [409/459] RDCU
[10:08:41] [410/459] SARK
[10:08:43] [411/459] SPPP
[10:08:44] [412/459] ADMB
[10:08:45] [413/459] JYOE
[10:08:46] [414/459] SRMD
[10:08:47] [415/459] RJDH
[10:08:48] [416/459] SSTD
[10:08:48] [417/459] AACV
[10:08:49] [418/459] PPVD
[10:08:50] [419/459] STCP
[10:08:51] [420/459] ANJR
[10:08:52] [421/459] ANLS
[10:08:54] [422/459] BIJO
[10:08:55] [423/459] AVAB
[10:08:56] [424/459] SPMD
[10:08:57] [425/459] SVJL
[10:08:58] [426/459] SDDJ
[10:08:58] [427/459] SLTU
[10:08:59] [428/459] SAKA
[10:09:01] [429/459] PMAM
[10:09:01] [430/459] FNAM
[10:09:02] [431/459] ACAM
[10:09:03] [432/459] SCMM
[10:09:04] [433/459] PMAK
[10:09:05] [434/459] NYSA
[10:09:06] [435/459] FCPA
[10:09:06] [436/459] GDAN
[10:09:07] [437/459] RSCA
[10:09:08] [438/459] DMAN
[10:09:09] [439/459] DZCM
[10:09:10] [440/459] NSGL
[10:09:12] [441/459] CCPP
[10:09:13] [442/459] PSMG
[10:09:14] [443/459] GSER
[10:09:16] [444/459] FCCT
[10:09:17] [445/459] FCTB
[10:09:18] [446/459] LCNK
[10:09:19] [447/459] SKTY
[10:09:20] [448/459] INAA
[10:09:21] [449/459] RCWN
[10:09:22] [450/459] VAIS
[10:09:23] [451/459] CVMN
[10:09:23] [452/459] INTS
[10:09:24] [453/459] FRGS
[10:09:25] [454/459] DTCK
[10:09:26] [455/459] MCMH
[10:09:27] [456/459] ECRR
[10:09:28] [457/459] RLLP
[10:09:28] [458/459] CCSN
[10:09:29] [459/459] CCBA
[10:09:30] 🧹 Deduping shows
[10:09:30] ✅ DONE | Shows=182 | Movies=26
