[10:02:24] 🚀 SCRIPT STARTED
[10:02:24] [1/324] GCTA
[10:02:24] 🧠 New identity created
[10:02:25] [2/324] TOPN
[10:02:26] [3/324] MCUS
[10:02:27] [4/324] SHRL
[10:02:28] [5/324] UPTP
[10:02:28] [6/324] TMMP
[10:02:29] [7/324] DNRP
[10:02:30] [8/324] SRLT
[10:02:31] [9/324] RCNS
[10:02:32] [10/324] DCBH
[10:02:33] [11/324] NAGJ
[10:02:34] [12/324] JVRC
[10:02:35] [13/324] KRJG
[10:02:35] [14/324] SRTJ
[10:02:36] [15/324] CMXM
[10:02:37] [16/324] STMI
[10:02:38] [17/324] SLST
[10:02:39] [18/324] DTCN
[10:02:40] [19/324] STYN
[10:02:41] [20/324] SZVR
[10:02:42] [21/324] SRKO
[10:02:42] [22/324] JTGT
[10:02:43] [23/324] SVFD
[10:02:44] [24/324] SISD
[10:02:45] [25/324] ABDD
[10:02:46] [26/324] DRCA
[10:02:47] [27/324] AVCS
[10:02:48] [28/324] MVKH
[10:02:49] [29/324] ACPR
[10:02:50] [30/324] STIP
[10:02:51] [31/324] MTRA
[10:02:51] [32/324] RMKH
[10:02:52] [33/324] NKRL
[10:02:53] [34/324] PCWN
[10:02:54] [35/324] BLMT
[10:02:55] [36/324] GDPG
[10:02:55] [37/324] SRMX
[10:02:56] [38/324] JACP
[10:02:57] [39/324] CPSH
[10:02:58] [40/324] MCCD
[10:02:59] [41/324] ECGH
[10:03:00] [42/324] MKCK
[10:03:00] [43/324] SRMM
[10:03:01] [44/324] SKYR
[10:03:02] [45/324] PCKC
[10:03:03] [46/324] JCMA
[10:03:04] [47/324] BSMP
[10:03:05] [48/324] VSPA
[10:03:06] [49/324] DJYA
[10:03:06] [50/324] DIMP
[10:03:07] [51/324] FXDR
[10:03:08] [52/324] SSRC
[10:03:09] [53/324] STHP
[10:03:10] [54/324] CPPD
[10:03:10] [55/324] FCLK
[10:03:11] [56/324] SCPP
[10:03:12] [57/324] DCMJ
[10:03:13] [58/324] RCCR
[10:03:14] [59/324] INMT
[10:03:15] [60/324] LXTK
[10:03:15] [61/324] SRYK
[10:03:16] [62/324] SGDK
[10:03:17] [63/324] PPKA
[10:03:18] [64/324] SPKA
[10:03:20] [65/324] CGHH
[10:03:21] [66/324] DCJN
[10:03:21] [67/324] SRKV
[10:03:22] [68/324] SAJC
[10:03:24] [69/324] SUSR
[10:03:25] [70/324] STYG
[10:03:26] [71/324] NTKP
[10:03:27] [72/324] AKTG
[10:03:28] [73/324] CGCM
[10:03:29] [74/324] TULC
[10:03:29] [75/324] NYYZ
[10:03:30] [76/324] NYBW
[10:03:31] [77/324] MACB
[10:03:32] [78/324] SLVT
[10:03:33] [79/324] SANA
[10:03:34] [80/324] ACMR
[10:03:35] [81/324] CPKN
[10:03:35] [82/324] DLGK
[10:03:36] [83/324] CWCK
[10:03:37] [84/324] FDDH
[10:03:38] [85/324] MMMD
[10:03:38] [86/324] CMEH
[10:03:39] [87/324] GGGV
[10:03:40] [88/324] SPJL
[10:03:41] [89/324] RCCD
[10:03:42] [90/324] STTZ
[10:03:43] [91/324] BTCF
[10:03:45] [92/324] TSTZ
[10:03:46] [93/324] IPMM
[10:03:47] [94/324] PMPW
[10:03:47] [95/324] PCMZ
[10:03:48] [96/324] ESEM
[10:03:49] [97/324] PIPO
[10:03:50] [98/324] MATK
[10:03:51] [99/324] PGHM
[10:03:51] [100/324] CTSR
[10:03:52] [101/324] CYKR
[10:03:53] [102/324] MSCM
[10:03:55] [103/324] RFNP
[10:03:55] [104/324] PDCP
[10:03:56] [105/324] NPSE
[10:03:58] [106/324] MKML
[10:03:58] [107/324] FTDP
[10:03:59] [108/324] MMXA
[10:04:00] [109/324] CEPO
[10:04:01] [110/324] CMVP
[10:04:02] [111/324] SGTH
[10:04:03] [112/324] SAYN
[10:04:03] [113/324] URVS
[10:04:05] [114/324] VJTN
[10:04:06] [115/324] BBYK
[10:04:07] [116/324] SHBO
[10:04:08] [117/324] VCMR
[10:04:09] [118/324] MACT
[10:04:10] [119/324] JMNP
[10:04:11] [120/324] VICS
[10:04:12] [121/324] VCDA
[10:04:12] [122/324] GCMM
[10:04:13] [123/324] INVS
[10:04:14] [124/324] SCGM
[10:04:15] [125/324] PCDA
[10:04:15] [126/324] KDCT
[10:04:16] [127/324] JACS
[10:04:17] [128/324] GMMC
[10:04:18] [129/324] AICM
[10:04:19] [130/324] TJCM
[10:04:20] [131/324] RMTI
[10:04:20] [132/324] SHAC
[10:04:21] [133/324] APJC
[10:04:22] [134/324] GCTG
[10:04:23] [135/324] SSMC
[10:04:24] [136/324] THRM
[10:04:25] [137/324] RBCT
[10:04:26] [138/324] DIKT
[10:04:26] [139/324] MIDL
[10:04:27] [140/324] VCSN
[10:04:28] [141/324] SKTG
[10:04:29] [142/324] SMWC
[10:04:29] [143/324] MNKH
[10:04:30] [144/324] PIAT
[10:04:31] [145/324] LTTP
[10:04:33] [146/324] PTPU
[10:04:33] [147/324] ACMG
[10:04:35] [148/324] SHMM
[10:04:35] [149/324] MCMN
[10:04:36] [150/324] GLDC
[10:04:37] [151/324] HOUT
[10:04:38] [152/324] SVRP
[10:04:39] [153/324] PVDN
[10:04:40] [154/324] SCPY
[10:04:40] [155/324] DTPY
[10:04:41] [156/324] GKCS
[10:04:42] [157/324] NCAM
[10:04:42] [158/324] BSRM
[10:04:43] [159/324] RCLC
[10:04:44] [160/324] SKKD
[10:04:45] [161/324] ACHU
[10:04:46] [162/324] RSCF
[10:04:46] [163/324] IMSH
[10:04:47] [164/324] MACX
[10:04:48] [165/324] HMMW
[10:04:49] [166/324] JTCP
[10:04:50] [167/324] SREN
[10:04:50] [168/324] PJRR
[10:04:51] [169/324] INAC
[10:04:52] [170/324] BMCA
[10:04:53] [171/324] SHCB
[10:04:54] [172/324] GABA
[10:04:55] [173/324] SBCT
[10:04:55] [174/324] GCMA
[10:04:56] [175/324] MYTK
[10:04:57] [176/324] INZS
[10:04:58] [177/324] RMIK
[10:04:59] [178/324] NYCH
[10:05:00] [179/324] RAVE
[10:05:01] [180/324] PSXM
[10:05:01] [181/324] MCGP
[10:05:02] [182/324] PDDK
[10:05:03] [183/324] SPCK
[10:05:04] [184/324] MCRL
[10:05:05] [185/324] MHKT
[10:05:05] [186/324] ANRR
[10:05:06] [187/324] SAPK
[10:05:07] [188/324] NCUK
[10:05:08] [189/324] JUGA
[10:05:09] [190/324] DBSC
[10:05:10] [191/324] LALK
[10:05:11] [192/324] GUCK
[10:05:12] [193/324] STSG
[10:05:13] [194/324] PPPZ
[10:05:14] [195/324] CNCY
[10:05:14] [196/324] MTAR
[10:05:15] [197/324] VNKD
[10:05:16] [198/324] KMAJ
[10:05:17] [199/324] ACXK
[10:05:18] [200/324] UTKC
[10:05:19] [201/324] PBLK
[10:05:19] [202/324] ACBX
[10:05:20] [203/324] PTGM
[10:05:22] [204/324] BTDA
[10:05:23] [205/324] PJMB
[10:05:23] [206/324] TPDA
[10:05:24] [207/324] AMOE
[10:05:25] [208/324] PRHT
[10:05:26] [209/324] PRTA
[10:05:27] [210/324] STAM
[10:05:28] [211/324] MSAA
[10:05:29] [212/324] SDLU
[10:05:30] [213/324] RCHH
[10:05:31] [214/324] KANT
[10:05:32] [215/324] FCRT
[10:05:33] [216/324] DNKM
[10:05:34] [217/324] RYCP
[10:05:35] [218/324] MYRP
[10:05:36] [219/324] PPAK
[10:05:36] [220/324] NVPK
[10:05:37] [221/324] PRMC
[10:05:38] [222/324] JBCS
[10:05:39] [223/324] GXCK
[10:05:40] [224/324] USKO
[10:05:40] [225/324] GTEM
[10:05:41] [226/324] SMBU
[10:05:42] [227/324] VETC
[10:05:43] [228/324] LCDA
[10:05:43] [229/324] MTVT
[10:05:44] [230/324] PYCP
[10:05:45] [231/324] PNSC
[10:05:46] [232/324] PPCC
[10:05:47] [233/324] TGRT
[10:05:48] [234/324] JYOT
[10:05:49] [235/324] SRCZ
[10:05:50] [236/324] SJTE
[10:05:51] [237/324] DESC
[10:05:51] [238/324] JHVN
[10:05:52] [239/324] IPSG
[10:05:53] [240/324] IPCM
[10:05:54] [241/324] PDRS
[10:05:55] [242/324] ANCV
[10:05:56] [243/324] CMVV
[10:05:57] [244/324] SHYP
[10:05:57] [245/324] DNCS
[10:05:59] [246/324] GAJK
[10:06:00] [247/324] AKTN
[10:06:00] [248/324] KAYA
[10:06:01] [249/324] SBRC
[10:06:02] [250/324] CHTP
[10:06:03] [251/324] SHRT
[10:06:04] [252/324] BCKU
[10:06:05] [253/324] FCPS
[10:06:06] [254/324] ARDD
[10:06:06] [255/324] CPCM
[10:06:07] [256/324] CGSM
[10:06:08] [257/324] PSMP
[10:06:09] [258/324] SDAL
[10:06:10] [259/324] RTNB
[10:06:10] [260/324] LMCR
[10:06:12] [261/324] CIMA
[10:06:13] [262/324] RNAS
[10:06:13] [263/324] LITH
[10:06:14] [264/324] PBOX
[10:06:15] [265/324] FRTS
[10:06:16] [266/324] RKIC
[10:06:16] [267/324] PTAI
[10:06:17] [268/324] GCIC
[10:06:19] [269/324] FNAS
[10:06:20] [270/324] SCAR
[10:06:20] [271/324] MTCA
[10:06:21] [272/324] SCTS
[10:06:22] [273/324] SYCS
[10:06:23] [274/324] RDMS
[10:06:23] [275/324] KAMP
[10:06:24] [276/324] ERSD
[10:06:25] [277/324] MJMJ
[10:06:26] [278/324] SRCJ
[10:06:27] [279/324] SCXE
[10:06:28] [280/324] SVFR
[10:06:29] [281/324] BHCS
[10:06:30] [282/324] IMCC
[10:06:31] [283/324] PCBO
[10:06:32] [284/324] PRVN
[10:06:33] [285/324] AUPM
[10:06:33] [286/324] INBW
[10:06:34] [287/324] SVCW
[10:06:35] [288/324] RKCF
[10:06:36] [289/324] UVBH
[10:06:37] [290/324] DNCY
[10:06:38] [291/324] ABCN
[10:06:39] [292/324] PRUR
[10:06:40] [293/324] PFMR
[10:06:40] [294/324] RKCN
[10:06:41] [295/324] CFEA
[10:06:42] [296/324] SDBG
[10:06:43] [297/324] SNAR
[10:06:44] [298/324] YISI
[10:06:45] [299/324] JCFF
[10:06:46] [300/324] VTRK
[10:06:46] [301/324] PCLZ
[10:06:47] [302/324] DIMY
[10:06:49] [303/324] BBTS
[10:06:50] [304/324] GATH
[10:06:50] [305/324] GTMN
[10:06:51] [306/324] VTMH
[10:06:52] [307/324] CCKP
[10:06:53] [308/324] GPKA
[10:06:54] [309/324] MHCL
[10:06:55] [310/324] ATCL
[10:06:56] [311/324] SBCK
[10:06:56] [312/324] AMMR
[10:06:57] [313/324] MADC
[10:06:58] [314/324] TMMA
[10:06:59] [315/324] CACC
[10:07:00] [316/324] CHAL
[10:07:01] [317/324] DURG
[10:07:02] [318/324] GMKU
[10:07:03] [319/324] GECA
[10:07:04] [320/324] KYRR
[10:07:05] [321/324] KSDE
[10:07:06] [322/324] LMCI
[10:07:06] [323/324] NKCP
[10:07:07] [324/324] BGTC
[10:07:08] 🧹 Deduping shows
[10:07:08] ✅ DONE | Shows=111 | Movies=20
[16:44:38] 🚀 SCRIPT STARTED
[16:44:38] [1/324] GCTA
[16:44:38] 🧠 New identity created
[16:44:39] [2/324] TOPN
[16:44:40] [3/324] MCUS
[16:44:41] [4/324] SHRL
[16:44:41] [5/324] UPTP
[16:44:42] [6/324] TMMP
[16:44:43] [7/324] DNRP
[16:44:45] [8/324] SRLT
[16:44:45] [9/324] RCNS
[16:44:46] [10/324] DCBH
[16:44:47] [11/324] NAGJ
[16:44:48] [12/324] JVRC
[16:44:49] [13/324] KRJG
[16:44:50] [14/324] SRTJ
[16:44:50] [15/324] CMXM
[16:44:51] [16/324] STMI
[16:44:52] [17/324] SLST
[16:44:53] [18/324] DTCN
[16:44:54] [19/324] STYN
[16:44:55] [20/324] SZVR
[16:44:56] [21/324] SRKO
[16:44:56] [22/324] JTGT
[16:44:57] [23/324] SVFD
[16:44:58] [24/324] SISD
[16:44:59] [25/324] ABDD
[16:45:00] [26/324] DRCA
[16:45:01] [27/324] AVCS
[16:45:02] [28/324] MVKH
[16:45:03] [29/324] ACPR
[16:45:04] [30/324] STIP
[16:45:04] [31/324] MTRA
[16:45:05] [32/324] RMKH
[16:45:06] [33/324] NKRL
[16:45:07] [34/324] PCWN
[16:45:08] [35/324] BLMT
[16:45:09] [36/324] GDPG
[16:45:10] [37/324] SRMX
[16:45:10] [38/324] JACP
[16:45:11] [39/324] CPSH
[16:45:12] [40/324] MCCD
[16:45:13] [41/324] ECGH
[16:45:14] [42/324] MKCK
[16:45:15] [43/324] SRMM
[16:45:16] [44/324] SKYR
[16:45:16] [45/324] PCKC
[16:45:17] [46/324] JCMA
[16:45:19] [47/324] BSMP
[16:45:20] [48/324] VSPA
[16:45:21] [49/324] DJYA
[16:45:22] [50/324] DIMP
[16:45:23] [51/324] FXDR
[16:45:24] [52/324] SSRC
[16:45:26] [53/324] STHP
[16:45:27] [54/324] CPPD
[16:45:28] [55/324] FCLK
[16:45:29] [56/324] SCPP
[16:45:31] [57/324] DCMJ
[16:45:32] [58/324] RCCR
[16:45:32] [59/324] INMT
[16:45:33] [60/324] LXTK
[16:45:34] [61/324] SRYK
[16:45:35] [62/324] SGDK
[16:45:36] [63/324] PPKA
[16:45:37] [64/324] SPKA
[16:45:37] [65/324] CGHH
[16:45:39] [66/324] DCJN
[16:45:40] [67/324] SRKV
[16:45:41] [68/324] SAJC
[16:45:42] [69/324] SUSR
[16:45:42] [70/324] STYG
[16:45:43] [71/324] NTKP
[16:45:44] [72/324] AKTG
[16:45:45] [73/324] CGCM
[16:45:46] [74/324] TULC
[16:45:47] [75/324] NYYZ
[16:45:48] [76/324] NYBW
[16:45:49] [77/324] MACB
[16:45:49] [78/324] SLVT
[16:45:50] [79/324] SANA
[16:45:51] [80/324] ACMR
[16:45:52] [81/324] CPKN
[16:45:53] [82/324] DLGK
[16:45:54] [83/324] CWCK
[16:45:54] [84/324] FDDH
[16:45:55] [85/324] MMMD
[16:45:56] [86/324] CMEH
[16:45:58] [87/324] GGGV
[16:45:59] [88/324] SPJL
[16:46:00] [89/324] RCCD
[16:46:01] [90/324] STTZ
[16:46:02] [91/324] BTCF
[16:46:03] [92/324] TSTZ
[16:46:03] [93/324] IPMM
[16:46:04] [94/324] PMPW
[16:46:05] [95/324] PCMZ
[16:46:06] [96/324] ESEM
[16:46:07] [97/324] PIPO
[16:46:07] [98/324] MATK
[16:46:08] [99/324] PGHM
[16:46:09] [100/324] CTSR
[16:46:10] [101/324] CYKR
[16:46:10] [102/324] MSCM
[16:46:11] [103/324] RFNP
[16:46:12] [104/324] PDCP
[16:46:13] [105/324] NPSE
[16:46:14] [106/324] MKML
[16:46:15] [107/324] FTDP
[16:46:16] [108/324] MMXA
[16:46:16] [109/324] CEPO
[16:46:17] [110/324] CMVP
[16:46:18] [111/324] SGTH
[16:46:19] [112/324] SAYN
[16:46:20] [113/324] URVS
[16:46:20] [114/324] VJTN
[16:46:21] [115/324] BBYK
[16:46:22] [116/324] SHBO
[16:46:23] [117/324] VCMR
[16:46:24] [118/324] MACT
[16:46:25] [119/324] JMNP
[16:46:26] [120/324] VICS
[16:46:27] [121/324] VCDA
[16:46:28] [122/324] GCMM
[16:46:29] [123/324] INVS
[16:46:30] [124/324] SCGM
[16:46:30] [125/324] PCDA
[16:46:31] [126/324] KDCT
[16:46:33] [127/324] JACS
[16:46:34] [128/324] GMMC
[16:46:35] [129/324] AICM
[16:46:36] [130/324] TJCM
[16:46:37] [131/324] RMTI
[16:46:38] [132/324] SHAC
[16:46:39] [133/324] APJC
[16:46:40] [134/324] GCTG
[16:46:41] [135/324] SSMC
[16:46:41] [136/324] THRM
[16:46:42] [137/324] RBCT
[16:46:43] [138/324] DIKT
[16:46:44] [139/324] MIDL
[16:46:45] [140/324] VCSN
[16:46:45] [141/324] SKTG
[16:46:46] [142/324] SMWC
[16:46:47] [143/324] MNKH
[16:46:48] [144/324] PIAT
[16:46:49] [145/324] LTTP
[16:46:50] [146/324] PTPU
[16:46:51] [147/324] ACMG
[16:46:52] [148/324] SHMM
[16:46:52] [149/324] MCMN
[16:46:53] [150/324] GLDC
[16:46:54] [151/324] HOUT
[16:46:55] [152/324] SVRP
[16:46:56] [153/324] PVDN
[16:46:57] [154/324] SCPY
[16:46:57] [155/324] DTPY
[16:46:58] [156/324] GKCS
[16:46:59] [157/324] NCAM
[16:47:00] [158/324] BSRM
[16:47:01] [159/324] RCLC
[16:47:02] [160/324] SKKD
[16:47:02] [161/324] ACHU
[16:47:03] [162/324] RSCF
[16:47:04] [163/324] IMSH
[16:47:05] [164/324] MACX
[16:47:05] [165/324] HMMW
[16:47:06] [166/324] JTCP
[16:47:07] [167/324] SREN
[16:47:08] [168/324] PJRR
[16:47:08] [169/324] INAC
[16:47:10] [170/324] BMCA
[16:47:11] [171/324] SHCB
[16:47:11] [172/324] GABA
[16:47:12] [173/324] SBCT
[16:47:13] [174/324] GCMA
[16:47:14] [175/324] MYTK
[16:47:15] [176/324] INZS
[16:47:16] [177/324] RMIK
[16:47:17] [178/324] NYCH
[16:47:18] [179/324] RAVE
[16:47:19] [180/324] PSXM
[16:47:19] [181/324] MCGP
[16:47:20] [182/324] PDDK
[16:47:21] [183/324] SPCK
[16:47:22] [184/324] MCRL
[16:47:23] [185/324] MHKT
[16:47:24] [186/324] ANRR
[16:47:24] [187/324] SAPK
[16:47:26] [188/324] NCUK
[16:47:27] [189/324] JUGA
[16:47:27] [190/324] DBSC
[16:47:28] [191/324] LALK
[16:47:29] [192/324] GUCK
[16:47:30] [193/324] STSG
[16:47:31] [194/324] PPPZ
[16:47:32] [195/324] CNCY
[16:47:33] [196/324] MTAR
[16:47:33] [197/324] VNKD
[16:47:34] [198/324] KMAJ
[16:47:35] [199/324] ACXK
[16:47:36] [200/324] UTKC
[16:47:37] [201/324] PBLK
[16:47:37] [202/324] ACBX
[16:47:38] [203/324] PTGM
[16:47:39] [204/324] BTDA
[16:47:40] [205/324] PJMB
[16:47:41] [206/324] TPDA
[16:47:41] [207/324] AMOE
[16:47:42] [208/324] PRHT
[16:47:43] [209/324] PRTA
[16:47:44] [210/324] STAM
[16:47:44] [211/324] MSAA
[16:47:45] [212/324] SDLU
[16:47:46] [213/324] RCHH
[16:47:47] [214/324] KANT
[16:47:48] [215/324] FCRT
[16:47:49] [216/324] DNKM
[16:47:50] [217/324] RYCP
[16:47:50] [218/324] MYRP
[16:47:51] [219/324] PPAK
[16:47:52] [220/324] NVPK
[16:47:53] [221/324] PRMC
[16:47:53] [222/324] JBCS
[16:47:54] [223/324] GXCK
[16:47:55] [224/324] USKO
[16:47:57] [225/324] GTEM
[16:47:58] [226/324] SMBU
[16:47:58] [227/324] VETC
[16:47:59] [228/324] LCDA
[16:48:00] [229/324] MTVT
[16:48:01] [230/324] PYCP
[16:48:02] [231/324] PNSC
[16:48:03] [232/324] PPCC
[16:48:03] [233/324] TGRT
[16:48:04] [234/324] JYOT
[16:48:05] [235/324] SRCZ
[16:48:06] [236/324] SJTE
[16:48:07] [237/324] DESC
[16:48:07] [238/324] JHVN
[16:48:08] [239/324] IPSG
[16:48:09] [240/324] IPCM
[16:48:10] [241/324] PDRS
[16:48:11] [242/324] ANCV
[16:48:12] [243/324] CMVV
[16:48:13] [244/324] SHYP
[16:48:14] [245/324] DNCS
[16:48:15] [246/324] GAJK
[16:48:16] [247/324] AKTN
[16:48:17] [248/324] KAYA
[16:48:18] [249/324] SBRC
[16:48:19] [250/324] CHTP
[16:48:19] [251/324] SHRT
[16:48:20] [252/324] BCKU
[16:48:21] [253/324] FCPS
[16:48:22] [254/324] ARDD
[16:48:23] [255/324] CPCM
[16:48:24] [256/324] CGSM
[16:48:25] [257/324] PSMP
[16:48:27] [258/324] SDAL
[16:48:28] [259/324] RTNB
[16:48:28] [260/324] LMCR
[16:48:29] [261/324] CIMA
[16:48:31] [262/324] RNAS
[16:48:32] [263/324] LITH
[16:48:33] [264/324] PBOX
[16:48:34] [265/324] FRTS
[16:48:35] [266/324] RKIC
[16:48:36] [267/324] PTAI
[16:48:36] [268/324] GCIC
[16:48:37] [269/324] FNAS
[16:48:38] [270/324] SCAR
[16:48:39] [271/324] MTCA
[16:48:40] [272/324] SCTS
[16:48:41] [273/324] SYCS
[16:48:43] [274/324] RDMS
[16:48:43] [275/324] KAMP
[16:48:44] [276/324] ERSD
[16:48:45] [277/324] MJMJ
[16:48:46] [278/324] SRCJ
[16:48:46] [279/324] SCXE
[16:48:47] [280/324] SVFR
[16:48:48] [281/324] BHCS
[16:48:49] [282/324] IMCC
[16:48:50] [283/324] PCBO
[16:48:51] [284/324] PRVN
[16:48:52] [285/324] AUPM
[16:48:53] [286/324] INBW
[16:48:53] [287/324] SVCW
[16:48:54] [288/324] RKCF
[16:48:55] [289/324] UVBH
[16:48:56] [290/324] DNCY
[16:48:57] [291/324] ABCN
[16:48:57] [292/324] PRUR
[16:48:58] [293/324] PFMR
[16:48:59] [294/324] RKCN
[16:49:00] [295/324] CFEA
[16:49:01] [296/324] SDBG
[16:49:02] [297/324] SNAR
[16:49:04] [298/324] YISI
[16:49:05] [299/324] JCFF
[16:49:05] [300/324] VTRK
[16:49:06] [301/324] PCLZ
[16:49:07] [302/324] DIMY
[16:49:08] [303/324] BBTS
[16:49:09] [304/324] GATH
[16:49:10] [305/324] GTMN
[16:49:11] [306/324] VTMH
[16:49:12] [307/324] CCKP
[16:49:12] [308/324] GPKA
[16:49:13] [309/324] MHCL
[16:49:14] [310/324] ATCL
[16:49:15] [311/324] SBCK
[16:49:16] [312/324] AMMR
[16:49:16] [313/324] MADC
[16:49:17] [314/324] TMMA
[16:49:18] [315/324] CACC
[16:49:19] [316/324] CHAL
[16:49:20] [317/324] DURG
[16:49:21] [318/324] GMKU
[16:49:22] [319/324] GECA
[16:49:23] [320/324] KYRR
[16:49:23] [321/324] KSDE
[16:49:24] [322/324] LMCI
[16:49:25] [323/324] NKCP
[16:49:26] [324/324] BGTC
[16:49:26] 🧹 Deduping shows
[16:49:26] ✅ DONE | Shows=228 | Movies=30
