[00:00:51] 🚀 BMS DAILY TRACKER STARTED
[00:00:51] [1/296] CDCA
[00:00:51] 🧠 New identity
[00:00:52] [2/296] MNSR
[00:00:53] [3/296] CSSL
[00:00:53] [4/296] BGGM
[00:00:54] [5/296] MANT
[00:00:55] [6/296] SOOY
[00:00:55] [7/296] VPPK
[00:00:56] [8/296] MYHJ
[00:00:57] [9/296] KSCK
[00:00:57] [10/296] KATK
[00:00:58] [11/296] RTRT
[00:00:58] [12/296] SSTT
[00:00:59] [13/296] SSTV
[00:00:59] [14/296] LACM
[00:01:00] [15/296] SGMG
[00:01:01] [16/296] KACX
[00:01:01] [17/296] GVCP
[00:01:02] [18/296] CSNC
[00:01:03] [19/296] SXCB
[00:01:03] [20/296] BAHS
[00:01:04] [21/296] PCBI
[00:01:04] [22/296] PSSM
[00:01:05] [23/296] RCOK
[00:01:05] [24/296] SCPF
[00:01:06] [25/296] SSAS
[00:01:07] [26/296] EVMM
[00:01:07] [27/296] SYCB
[00:01:08] [28/296] GCKI
[00:01:08] [29/296] IAET
[00:01:09] [30/296] DDTD
[00:01:10] [31/296] GMDH
[00:01:10] [32/296] STLE
[00:01:11] [33/296] JTRA
[00:01:11] [34/296] RPPA
[00:01:12] [35/296] ARUT
[00:01:13] [36/296] JTVM
[00:01:13] [37/296] SWRH
[00:01:14] [38/296] DCPC
[00:01:14] [39/296] RAPR
[00:01:15] [40/296] GCRT
[00:01:15] [41/296] ATUN
[00:01:16] [42/296] LTRM
[00:01:16] [43/296] TASR
[00:01:17] [44/296] RLLC
[00:01:18] [45/296] MABI
[00:01:18] [46/296] SVHB
[00:01:19] [47/296] NVTB
[00:01:19] [48/296] KCKG
[00:01:20] [49/296] SSRN
[00:01:20] [50/296] VDDC
[00:01:21] [51/296] GKTK
[00:01:21] [52/296] YFSN
[00:01:22] [53/296] GCSG
[00:01:23] [54/296] ESSM
[00:01:24] [55/296] KRIH
[00:01:24] [56/296] GCDS
[00:01:25] [57/296] CCSH
[00:01:26] [58/296] ACSK
[00:01:26] [59/296] APRK
[00:01:27] [60/296] ADKM
[00:01:27] [61/296] SRDM
[00:01:28] [62/296] RMOG
[00:01:29] [63/296] SJMY
[00:01:29] [64/296] PGGC
[00:01:30] [65/296] INGM
[00:01:31] [66/296] LSCB
[00:01:31] [67/296] STAD
[00:01:32] [68/296] MCCR
[00:01:33] [69/296] ABCC
[00:01:33] [70/296] RKCC
[00:01:34] [71/296] RTCR
[00:01:34] [72/296] GGBC
[00:01:35] [73/296] GCSD
[00:01:36] [74/296] LPTY
[00:01:36] [75/296] MCFD
[00:01:37] [76/296] HENN
[00:01:37] [77/296] SMKU
[00:01:38] [78/296] TNZC
[00:01:38] [79/296] DRCD
[00:01:39] [80/296] DLCD
[00:01:40] [81/296] RCDA
[00:01:40] [82/296] COSM
[00:01:41] [83/296] MCMJ
[00:01:42] [84/296] CSTR
[00:01:42] [85/296] CVDK
[00:01:43] [86/296] INRR
[00:01:44] [87/296] RJRT
[00:01:44] [88/296] IRMR
[00:01:45] [89/296] SRCF
[00:01:45] [90/296] GRCR
[00:01:46] [91/296] SURC
[00:01:46] [92/296] NMNH
[00:01:47] [93/296] SVBL
[00:01:47] [94/296] KACI
[00:01:48] [95/296] TDGO
[00:01:49] [96/296] KTBR
[00:01:49] [97/296] PMAD
[00:01:50] [98/296] CCPN
[00:01:50] [99/296] SBTK
[00:01:51] [100/296] LMDK
[00:01:52] [101/296] PGDA
[00:01:52] [102/296] SRML
[00:01:53] [103/296] EVCK
[00:01:54] [104/296] RTTK
[00:01:54] [105/296] SRTU
[00:01:55] [106/296] VRSA
[00:01:56] [107/296] VARS
[00:01:57] [108/296] DSCZ
[00:01:57] [109/296] GAGA
[00:01:58] [110/296] SARV
[00:01:59] [111/296] SEEG
[00:02:00] [112/296] GLCA
[00:02:01] [113/296] APAS
[00:02:02] [114/296] VCIA
[00:02:02] [115/296] SJTA
[00:02:03] [116/296] SABM
[00:02:04] [117/296] PPAG
[00:02:04] [118/296] RVCA
[00:02:05] [119/296] CCIA
[00:02:06] [120/296] HTAG
[00:02:06] [121/296] SMBI
[00:02:07] [122/296] MCJR
[00:02:08] [123/296] CCJR
[00:02:08] [124/296] SINF
[00:02:09] [125/296] CPLX
[00:02:11] [126/296] KKTJ
[00:02:11] [127/296] GDBW
[00:02:12] [128/296] CSUB
[00:02:13] [129/296] DABA
[00:02:13] [130/296] TITR
[00:02:14] [131/296] NYCR
[00:02:15] [132/296] RTRY
[00:02:15] [133/296] JTJL
[00:02:16] [134/296] SJCP
[00:02:17] [135/296] KCCA
[00:02:18] [136/296] MLPG
[00:02:19] [137/296] VRCK
[00:02:20] [138/296] SRIN
[00:02:21] [139/296] CXMK
[00:02:21] [140/296] SKAD
[00:02:22] [141/296] AVTR
[00:02:23] [142/296] PTAJ
[00:02:24] [143/296] SCNK
[00:02:25] [144/296] STTI
[00:02:26] [145/296] KACR
[00:02:27] [146/296] SSDX
[00:02:27] [147/296] VRTJ
[00:02:28] [148/296] RAJD
[00:02:29] [149/296] SCIP
[00:02:30] [150/296] RJSL
[00:02:31] [151/296] ARRS
[00:02:32] [152/296] ASMS
[00:02:33] [153/296] RDTS
[00:02:33] [154/296] DVMY
[00:02:34] [155/296] RASA
[00:02:35] [156/296] INOM
[00:02:36] [157/296] SPRS
[00:02:36] [158/296] SGCS
[00:02:37] [159/296] SALM
[00:02:38] [160/296] PKHC
[00:02:39] [161/296] RCSV
[00:02:39] [162/296] CPKC
[00:02:40] [163/296] AACD
[00:02:41] [164/296] GGCV
[00:02:42] [165/296] SMKD
[00:02:43] [166/296] NBCH
[00:02:43] [167/296] AMCB
[00:02:44] [168/296] OPCN
[00:02:46] [169/296] DCIN
[00:02:46] [170/296] INGW
[00:02:47] [171/296] PKKW
[00:02:48] [172/296] FNGW
[00:02:48] [173/296] GCGD
[00:02:49] [174/296] MSTW
[00:02:50] [175/296] KCCG
[00:02:51] [176/296] MRSS
[00:02:51] [177/296] CLCF
[00:02:52] [178/296] EETS
[00:02:53] [179/296] AATR
[00:02:54] [180/296] CMMN
[00:02:54] [181/296] SCCJ
[00:02:56] [182/296] CDTK
[00:02:57] [183/296] AICP
[00:02:57] [184/296] FNBP
[00:02:58] [185/296] CBPB
[00:02:58] [186/296] CPAS
[00:02:59] [187/296] MAPM
[00:03:00] [188/296] PASD
[00:03:00] [189/296] JCMN
[00:03:01] [190/296] MALB
[00:03:02] [191/296] SACG
[00:03:03] [192/296] DDRX
[00:03:04] [193/296] DDXB
[00:03:04] [194/296] RAMC
[00:03:05] [195/296] SANC
[00:03:06] [196/296] BCBP
[00:03:07] [197/296] ALPC
[00:03:07] [198/296] RBAC
[00:03:08] [199/296] RAJL
[00:03:09] [200/296] MPDX
[00:03:11] [201/296] MUSC
[00:03:11] [202/296] VKMK
[00:03:12] [203/296] SKCG
[00:03:12] [204/296] ANCN
[00:03:13] [205/296] MMCJ
[00:03:14] [206/296] DCAK
[00:03:15] [207/296] SCKG
[00:03:15] [208/296] LMCK
[00:03:16] [209/296] CKKX
[00:03:17] [210/296] ANKU
[00:03:18] [211/296] CSMD
[00:03:19] [212/296] MKMP
[00:03:20] [213/296] SVBG
[00:03:20] [214/296] ROOP
[00:03:21] [215/296] GDMT
[00:03:22] [216/296] FPPF
[00:03:23] [217/296] SFUU
[00:03:24] [218/296] ANCB
[00:03:25] [219/296] SMMC
[00:03:26] [220/296] UGKT
[00:03:26] [221/296] JVRM
[00:03:27] [222/296] BATG
[00:03:28] [223/296] RATE
[00:03:29] [224/296] SKME
[00:03:30] [225/296] LMTP
[00:03:30] [226/296] TCBD
[00:03:31] [227/296] ESBD
[00:03:32] [228/296] GDCU
[00:03:33] [229/296] SNKT
[00:03:34] [230/296] SRNK
[00:03:35] [231/296] SMED
[00:03:36] [232/296] CSQS
[00:03:36] [233/296] ALCS
[00:03:37] [234/296] KCKN
[00:03:38] [235/296] VCCL
[00:03:39] [236/296] MCDA
[00:03:40] [237/296] SHMI
[00:03:41] [238/296] SKHA
[00:03:42] [239/296] SVFK
[00:03:42] [240/296] INVB
[00:03:43] [241/296] MELD
[00:03:44] [242/296] JTYS
[00:03:44] [243/296] INCM
[00:03:45] [244/296] MCDV
[00:03:46] [245/296] KSGK
[00:03:47] [246/296] ICMG
[00:03:48] [247/296] CSCV
[00:03:49] [248/296] STMD
[00:03:49] [249/296] STTR
[00:03:50] [250/296] INVC
[00:03:51] [251/296] JTBL
[00:03:52] [252/296] SRVV
[00:03:53] [253/296] MAVC
[00:03:53] [254/296] SRPP
[00:03:54] [255/296] JGDM
[00:03:55] [256/296] MBSJ
[00:03:56] [257/296] SSLL
[00:03:57] [258/296] SLKP
[00:03:57] [259/296] NSRV
[00:03:58] [260/296] UTDV
[00:03:59] [261/296] KICM
[00:04:00] [262/296] KCMD
[00:04:01] [263/296] TTPP
[00:04:02] [264/296] KMPV
[00:04:02] [265/296] SKTV
[00:04:03] [266/296] STCV
[00:04:04] [267/296] SRDA
[00:04:05] [268/296] JTSX
[00:04:05] [269/296] STBV
[00:04:06] [270/296] APVZ
[00:04:07] [271/296] GSTV
[00:04:08] [272/296] NMVS
[00:04:09] [273/296] SKRT
[00:04:09] [274/296] RMDV
[00:04:10] [275/296] RATG
[00:04:11] [276/296] SJYV
[00:04:12] [277/296] NDGP
[00:04:13] [278/296] SNDG
[00:04:14] [279/296] INSR
[00:04:15] [280/296] INSO
[00:04:15] [281/296] CCSI
[00:04:17] [282/296] RASM
[00:04:17] [283/296] NEWC
[00:04:18] [284/296] VSHL
[00:04:19] [285/296] BISW
[00:04:20] [286/296] GCNG
[00:04:21] [287/296] CWSC
[00:04:21] [288/296] SKAN
[00:04:22] [289/296] SEHP
[00:04:23] [290/296] CCOA
[00:04:24] [291/296] MCAJ
[00:04:24] [292/296] ACDE
[00:04:25] [293/296] AACM
[00:04:26] [294/296] JJCK
[00:04:27] [295/296] RCMO
[00:04:28] [296/296] GDAW
[00:04:28] ✅ DONE | Shows=0 | Movies=0
