[00:04:34] 🚀 BMS DAILY TRACKER STARTED
[00:04:34] [1/324] GCTA
[00:04:34] 🧠 New identity
[00:04:36] [2/324] TOPN
[00:04:37] [3/324] MCUS
[00:04:38] [4/324] SHRL
[00:04:39] [5/324] UPTP
[00:04:40] [6/324] TMMP
[00:04:41] [7/324] DNRP
[00:04:43] [8/324] SRLT
[00:04:44] [9/324] RCNS
[00:04:45] [10/324] DCBH
[00:04:46] [11/324] NAGJ
[00:04:46] [12/324] JVRC
[00:04:47] [13/324] KRJG
[00:04:48] [14/324] SRTJ
[00:04:49] [15/324] CMXM
[00:04:50] [16/324] STMI
[00:04:51] [17/324] SLST
[00:04:52] [18/324] DTCN
[00:04:53] [19/324] STYN
[00:04:55] [20/324] SZVR
[00:04:56] [21/324] SRKO
[00:04:58] [22/324] JTGT
[00:04:59] [23/324] SVFD
[00:05:00] [24/324] SISD
[00:05:01] [25/324] ABDD
[00:05:02] [26/324] DRCA
[00:05:02] [27/324] AVCS
[00:05:03] [28/324] MVKH
[00:05:04] [29/324] ACPR
[00:05:05] [30/324] STIP
[00:05:06] [31/324] MTRA
[00:05:07] [32/324] RMKH
[00:05:08] [33/324] NKRL
[00:05:09] [34/324] PCWN
[00:05:10] [35/324] BLMT
[00:05:11] [36/324] GDPG
[00:05:12] [37/324] SRMX
[00:05:14] [38/324] JACP
[00:05:14] [39/324] CPSH
[00:05:15] [40/324] MCCD
[00:05:16] [41/324] ECGH
[00:05:17] [42/324] MKCK
[00:05:18] [43/324] SRMM
[00:05:18] [44/324] SKYR
[00:05:19] [45/324] PCKC
[00:05:20] [46/324] JCMA
[00:05:21] [47/324] BSMP
[00:05:22] [48/324] VSPA
[00:05:23] [49/324] DJYA
[00:05:24] [50/324] DIMP
[00:05:25] [51/324] FXDR
[00:05:26] [52/324] SSRC
[00:05:27] [53/324] STHP
[00:05:28] [54/324] CPPD
[00:05:29] [55/324] FCLK
[00:05:30] [56/324] SCPP
[00:05:31] [57/324] DCMJ
[00:05:32] [58/324] RCCR
[00:05:33] [59/324] INMT
[00:05:34] [60/324] LXTK
[00:05:35] [61/324] SRYK
[00:05:36] [62/324] SGDK
[00:05:37] [63/324] PPKA
[00:05:38] [64/324] SPKA
[00:05:40] [65/324] CGHH
[00:05:41] [66/324] DCJN
[00:05:42] [67/324] SRKV
[00:05:44] [68/324] SAJC
[00:05:45] [69/324] SUSR
[00:05:45] [70/324] STYG
[00:05:46] [71/324] NTKP
[00:05:47] [72/324] AKTG
[00:05:49] [73/324] CGCM
[00:05:50] [74/324] TULC
[00:05:51] [75/324] NYYZ
[00:05:52] [76/324] NYBW
[00:05:52] [77/324] MACB
[00:05:53] [78/324] SLVT
[00:05:54] [79/324] SANA
[00:05:55] [80/324] ACMR
[00:05:56] [81/324] CPKN
[00:05:58] [82/324] DLGK
[00:05:59] [83/324] CWCK
[00:06:00] [84/324] FDDH
[00:06:01] [85/324] MMMD
[00:06:01] [86/324] CMEH
[00:06:02] [87/324] GGGV
[00:06:03] [88/324] SPJL
[00:06:04] [89/324] RCCD
[00:06:05] [90/324] STTZ
[00:06:06] [91/324] BTCF
[00:06:07] [92/324] TSTZ
[00:06:08] [93/324] IPMM
[00:06:09] [94/324] PMPW
[00:06:10] [95/324] PCMZ
[00:06:10] [96/324] ESEM
[00:06:11] [97/324] PIPO
[00:06:12] [98/324] MATK
[00:06:13] [99/324] PGHM
[00:06:14] [100/324] CTSR
[00:06:16] [101/324] CYKR
[00:06:16] [102/324] MSCM
[00:06:17] [103/324] RFNP
[00:06:19] [104/324] PDCP
[00:06:20] [105/324] NPSE
[00:06:21] [106/324] MKML
[00:06:22] [107/324] FTDP
[00:06:23] [108/324] MMXA
[00:06:24] [109/324] CEPO
[00:06:25] [110/324] CMVP
[00:06:27] [111/324] SGTH
[00:06:28] [112/324] SAYN
[00:06:29] [113/324] URVS
[00:06:30] [114/324] VJTN
[00:06:31] [115/324] BBYK
[00:06:31] [116/324] SHBO
[00:06:32] [117/324] VCMR
[00:06:33] [118/324] MACT
[00:06:35] [119/324] JMNP
[00:06:36] [120/324] VICS
[00:06:37] [121/324] VCDA
[00:06:37] [122/324] GCMM
[00:06:38] [123/324] INVS
[00:06:39] [124/324] SCGM
[00:06:40] [125/324] PCDA
[00:06:41] [126/324] KDCT
[00:06:42] [127/324] JACS
[00:06:43] [128/324] GMMC
[00:06:44] [129/324] AICM
[00:06:44] [130/324] TJCM
[00:06:46] [131/324] RMTI
[00:06:47] [132/324] SHAC
[00:06:47] [133/324] APJC
[00:06:49] [134/324] GCTG
[00:06:50] [135/324] SSMC
[00:06:51] [136/324] THRM
[00:06:53] [137/324] RBCT
[00:06:53] [138/324] DIKT
[00:06:54] [139/324] MIDL
[00:06:55] [140/324] VCSN
[00:06:56] [141/324] SKTG
[00:06:57] [142/324] SMWC
[00:06:58] [143/324] MNKH
[00:06:59] [144/324] PIAT
[00:07:00] [145/324] LTTP
[00:07:01] [146/324] PTPU
[00:07:02] [147/324] ACMG
[00:07:03] [148/324] SHMM
[00:07:04] [149/324] MCMN
[00:07:05] [150/324] GLDC
[00:07:06] [151/324] HOUT
[00:07:07] [152/324] SVRP
[00:07:08] [153/324] PVDN
[00:07:09] [154/324] SCPY
[00:07:10] [155/324] DTPY
[00:07:11] [156/324] GKCS
[00:07:12] [157/324] NCAM
[00:07:13] [158/324] BSRM
[00:07:14] [159/324] RCLC
[00:07:15] [160/324] SKKD
[00:07:16] [161/324] ACHU
[00:07:17] [162/324] RSCF
[00:07:18] [163/324] IMSH
[00:07:19] [164/324] MACX
[00:07:20] [165/324] HMMW
[00:07:20] [166/324] JTCP
[00:07:21] [167/324] SREN
[00:07:22] [168/324] PJRR
[00:07:24] [169/324] INAC
[00:07:25] [170/324] BMCA
[00:07:26] [171/324] SHCB
[00:07:26] [172/324] GABA
[00:07:27] [173/324] SBCT
[00:07:28] [174/324] GCMA
[00:07:29] [175/324] MYTK
[00:07:30] [176/324] INZS
[00:07:31] [177/324] RMIK
[00:07:32] [178/324] NYCH
[00:07:33] [179/324] RAVE
[00:07:35] [180/324] PSXM
[00:07:36] [181/324] MCGP
[00:07:37] [182/324] PDDK
[00:07:38] [183/324] SPCK
[00:07:39] [184/324] MCRL
[00:07:40] [185/324] MHKT
[00:07:41] [186/324] ANRR
[00:07:42] [187/324] SAPK
[00:07:43] [188/324] NCUK
[00:07:44] [189/324] JUGA
[00:07:45] [190/324] DBSC
[00:07:46] [191/324] LALK
[00:07:47] [192/324] GUCK
[00:07:49] [193/324] STSG
[00:07:49] [194/324] PPPZ
[00:07:51] [195/324] CNCY
[00:07:52] [196/324] MTAR
[00:07:54] [197/324] VNKD
[00:07:55] [198/324] KMAJ
[00:07:56] [199/324] ACXK
[00:07:57] [200/324] UTKC
[00:07:58] [201/324] PBLK
[00:07:59] [202/324] ACBX
[00:08:01] [203/324] PTGM
[00:08:01] [204/324] BTDA
[00:08:02] [205/324] PJMB
[00:08:03] [206/324] TPDA
[00:08:04] [207/324] AMOE
[00:08:05] [208/324] PRHT
[00:08:06] [209/324] PRTA
[00:08:07] [210/324] STAM
[00:08:08] [211/324] MSAA
[00:08:09] [212/324] SDLU
[00:08:10] [213/324] RCHH
[00:08:11] [214/324] KANT
[00:08:12] [215/324] FCRT
[00:08:13] [216/324] DNKM
[00:08:14] [217/324] RYCP
[00:08:15] [218/324] MYRP
[00:08:16] [219/324] PPAK
[00:08:17] [220/324] NVPK
[00:08:18] [221/324] PRMC
[00:08:19] [222/324] JBCS
[00:08:20] [223/324] GXCK
[00:08:20] [224/324] USKO
[00:08:21] [225/324] GTEM
[00:08:22] [226/324] SMBU
[00:08:23] [227/324] VETC
[00:08:24] [228/324] LCDA
[00:08:24] [229/324] MTVT
[00:08:25] [230/324] PYCP
[00:08:26] [231/324] PNSC
[00:08:28] [232/324] PPCC
[00:08:29] [233/324] TGRT
[00:08:30] [234/324] JYOT
[00:08:31] [235/324] SRCZ
[00:08:32] [236/324] SJTE
[00:08:32] [237/324] DESC
[00:08:33] [238/324] JHVN
[00:08:34] [239/324] IPSG
[00:08:35] [240/324] IPCM
[00:08:37] [241/324] PDRS
[00:08:38] [242/324] ANCV
[00:08:39] [243/324] CMVV
[00:08:40] [244/324] SHYP
[00:08:41] [245/324] DNCS
[00:08:42] [246/324] GAJK
[00:08:43] [247/324] AKTN
[00:08:44] [248/324] KAYA
[00:08:45] [249/324] SBRC
[00:08:47] [250/324] CHTP
[00:08:47] [251/324] SHRT
[00:08:49] [252/324] BCKU
[00:08:49] [253/324] FCPS
[00:08:51] [254/324] ARDD
[00:08:52] [255/324] CPCM
[00:08:53] [256/324] CGSM
[00:08:54] [257/324] PSMP
[00:08:55] [258/324] SDAL
[00:08:56] [259/324] RTNB
[00:08:56] [260/324] LMCR
[00:08:57] [261/324] CIMA
[00:08:58] [262/324] RNAS
[00:08:59] [263/324] LITH
[00:09:00] [264/324] PBOX
[00:09:01] [265/324] FRTS
[00:09:02] [266/324] RKIC
[00:09:02] [267/324] PTAI
[00:09:03] [268/324] GCIC
[00:09:04] [269/324] FNAS
[00:09:05] [270/324] SCAR
[00:09:06] [271/324] MTCA
[00:09:07] [272/324] SCTS
[00:09:08] [273/324] SYCS
[00:09:09] [274/324] RDMS
[00:09:11] [275/324] KAMP
[00:09:12] [276/324] ERSD
[00:09:13] [277/324] MJMJ
[00:09:14] [278/324] SRCJ
[00:09:15] [279/324] SCXE
[00:09:16] [280/324] SVFR
[00:09:17] [281/324] BHCS
[00:09:18] [282/324] IMCC
[00:09:19] [283/324] PCBO
[00:09:20] [284/324] PRVN
[00:09:21] [285/324] AUPM
[00:09:22] [286/324] INBW
[00:09:23] [287/324] SVCW
[00:09:24] [288/324] RKCF
[00:09:25] [289/324] UVBH
[00:09:26] [290/324] DNCY
[00:09:27] [291/324] ABCN
[00:09:28] [292/324] PRUR
[00:09:29] [293/324] PFMR
[00:09:30] [294/324] RKCN
[00:09:31] [295/324] CFEA
[00:09:32] [296/324] SDBG
[00:09:33] [297/324] SNAR
[00:09:34] [298/324] YISI
[00:09:35] [299/324] JCFF
[00:09:36] [300/324] VTRK
[00:09:37] [301/324] PCLZ
[00:09:38] [302/324] DIMY
[00:09:39] [303/324] BBTS
[00:09:40] [304/324] GATH
[00:09:41] [305/324] GTMN
[00:09:42] [306/324] VTMH
[00:09:43] [307/324] CCKP
[00:09:44] [308/324] GPKA
[00:09:45] [309/324] MHCL
[00:09:46] [310/324] ATCL
[00:09:47] [311/324] SBCK
[00:09:48] [312/324] AMMR
[00:09:49] [313/324] MADC
[00:09:50] [314/324] TMMA
[00:09:51] [315/324] CACC
[00:09:52] [316/324] CHAL
[00:09:53] [317/324] DURG
[00:09:53] [318/324] GMKU
[00:09:54] [319/324] GECA
[00:09:56] [320/324] KYRR
[00:09:57] [321/324] KSDE
[00:09:58] [322/324] LMCI
[00:09:59] [323/324] NKCP
[00:10:00] [324/324] BGTC
[00:10:01] ✅ DONE | Shows=0 | Movies=0
