[00:01:02] 🚀 BMS DAILY TRACKER STARTED
[00:01:02] [1/459] FNDB
[00:01:02] 🧠 New identity
[00:01:03] [2/459] AMBH
[00:01:04] [3/459] PRHN
[00:01:05] [4/459] ACPM
[00:01:06] [5/459] PVFS
[00:01:07] [6/459] AACN
[00:01:08] [7/459] ACAS
[00:01:10] [8/459] CTNR
[00:01:11] [9/459] MMAH
[00:01:12] [10/459] CPMH
[00:01:13] [11/459] IGMH
[00:01:14] [12/459] ABCS
[00:01:15] [13/459] CMMA
[00:01:16] [14/459] GPRH
[00:01:17] [15/459] PNNG
[00:01:17] [16/459] AMCA
[00:01:18] [17/459] ISTN
[00:01:19] [18/459] PIIC
[00:01:20] [19/459] AHMH
[00:01:21] [20/459] ASHN
[00:01:22] [21/459] INHY
[00:01:23] [22/459] SRMO
[00:01:24] [23/459] PIMH
[00:01:25] [24/459] PVTS
[00:01:26] [25/459] MMCA
[00:01:27] [26/459] AKYJ
[00:01:27] [27/459] BRKH
[00:01:28] [28/459] MAHM
[00:01:29] [29/459] CPHY
[00:01:30] [30/459] PVTP
[00:01:31] [31/459] SMMR
[00:01:32] [32/459] PVHM
[00:01:33] [33/459] SNDY
[00:01:34] [34/459] GOKU
[00:01:35] [35/459] ACEV
[00:01:36] [36/459] PVUM
[00:01:37] [37/459] VSWA
[00:01:38] [38/459] IPRS
[00:01:39] [39/459] ASGN
[00:01:39] [40/459] BKMV
[00:01:40] [41/459] PVYH
[00:01:41] [42/459] INKM
[00:01:42] [43/459] ARJU
[00:01:43] [44/459] JJPP
[00:01:44] [45/459] SSRM
[00:01:46] [46/459] HMHD
[00:01:47] [47/459] SNKH
[00:01:48] [48/459] ACHI
[00:01:49] [49/459] MRAA
[00:01:50] [50/459] INMH
[00:01:50] [51/459] ARMH
[00:01:51] [52/459] DVRR
[00:01:52] [53/459] SUDA
[00:01:53] [54/459] MCSS
[00:01:54] [55/459] VRKC
[00:01:55] [56/459] PRCX
[00:01:56] [57/459] ASJY
[00:01:57] [58/459] MTHY
[00:01:58] [59/459] SRCM
[00:01:59] [60/459] TVHY
[00:02:00] [61/459] STHD
[00:02:01] [62/459] CPCL
[00:02:02] [63/459] PSMJ
[00:02:02] [64/459] MRGT
[00:02:03] [65/459] ARYH
[00:02:05] [66/459] VTRB
[00:02:06] [67/459] SCHC
[00:02:07] [68/459] MRRG
[00:02:07] [69/459] SPCB
[00:02:08] [70/459] AMCM
[00:02:09] [71/459] IVNM
[00:02:10] [72/459] TRHY
[00:02:11] [73/459] PTTH
[00:02:12] [74/459] RKMH
[00:02:13] [75/459] PRCS
[00:02:14] [76/459] VAJA
[00:02:15] [77/459] BJNG
[00:02:15] [78/459] SCVM
[00:02:16] [79/459] GNHB
[00:02:17] [80/459] TLUR
[00:02:18] [81/459] UKCC
[00:02:19] [82/459] SRKR
[00:02:20] [83/459] RMKN
[00:02:21] [84/459] SLRT
[00:02:22] [85/459] LKMT
[00:02:23] [86/459] SSRJ
[00:02:24] [87/459] SPHT
[00:02:25] [88/459] ANTT
[00:02:26] [89/459] SRCH
[00:02:27] [90/459] SRCA
[00:02:28] [91/459] ARTH
[00:02:29] [92/459] MCBH
[00:02:30] [93/459] SNIB
[00:02:31] [94/459] SART
[00:02:32] [95/459] SKTA
[00:02:33] [96/459] YAKT
[00:02:34] [97/459] MLCK
[00:02:35] [98/459] ANTS
[00:02:36] [99/459] DGCA
[00:02:37] [100/459] SGMP
[00:02:37] [101/459] ASWN
[00:02:39] [102/459] KFVU
[00:02:39] [103/459] POOR
[00:02:40] [104/459] GKDN
[00:02:41] [105/459] EOSE
[00:02:42] [106/459] GTTT
[00:02:43] [107/459] ARRO
[00:02:44] [108/459] CMMK
[00:02:45] [109/459] MSCN
[00:02:46] [110/459] GDKH
[00:02:47] [111/459] DLMT
[00:02:48] [112/459] PVMF
[00:02:49] [113/459] CPCK
[00:02:50] [114/459] VMHE
[00:02:51] [115/459] PVLC
[00:02:51] [116/459] PCVB
[00:02:52] [117/459] SNYK
[00:02:53] [118/459] KTEK
[00:02:54] [119/459] PCNM
[00:02:55] [120/459] NTTR
[00:02:56] [121/459] CPSK
[00:02:57] [122/459] JMMA
[00:02:58] [123/459] GCFK
[00:02:59] [124/459] MYCA
[00:03:00] [125/459] KSNP
[00:03:01] [126/459] PMCE
[00:03:02] [127/459] SCKI
[00:03:03] [128/459] FSMA
[00:03:04] [129/459] CETA
[00:03:04] [130/459] MCIK
[00:03:05] [131/459] MYCR
[00:03:06] [132/459] EVMP
[00:03:07] [133/459] SSGT
[00:03:08] [134/459] KCTK
[00:03:09] [135/459] ZTKC
[00:03:10] [136/459] MMTA
[00:03:11] [137/459] MAJT
[00:03:12] [138/459] ACPK
[00:03:13] [139/459] JMAX
[00:03:14] [140/459] SETK
[00:03:15] [141/459] CAIS
[00:03:16] [142/459] AGCD
[00:03:16] [143/459] URCL
[00:03:17] [144/459] VTDS
[00:03:18] [145/459] JCNM
[00:03:19] [146/459] KCAM
[00:03:20] [147/459] ADCU
[00:03:21] [148/459] GXYN
[00:03:22] [149/459] SMJG
[00:03:22] [150/459] EYCJ
[00:03:23] [151/459] CCEJ
[00:03:24] [152/459] MARS
[00:03:25] [153/459] CPVJ
[00:03:27] [154/459] INVP
[00:03:28] [155/459] CPOV
[00:03:30] [156/459] VIJK
[00:03:30] [157/459] LAIM
[00:03:31] [158/459] STHV
[00:03:32] [159/459] SVLJ
[00:03:34] [160/459] ATVJ
[00:03:35] [161/459] JTSC
[00:03:36] [162/459] RMTV
[00:03:37] [163/459] MGGG
[00:03:38] [164/459] SWTH
[00:03:39] [165/459] INVJ
[00:03:40] [166/459] PRSV
[00:03:41] [167/459] JATV
[00:03:42] [168/459] RCVD
[00:03:43] [169/459] BDMA
[00:03:44] [170/459] BLJI
[00:03:45] [171/459] SWOT
[00:03:46] [172/459] SWRN
[00:03:47] [173/459] TVRA
[00:03:48] [174/459] VCSV
[00:03:49] [175/459] NVRN
[00:03:50] [176/459] SIKC
[00:03:51] [177/459] VAKR
[00:03:52] [178/459] SYLN
[00:03:53] [179/459] KLJL
[00:03:54] [180/459] LKMY
[00:03:55] [181/459] VSLY
[00:03:56] [182/459] CIKO
[00:03:57] [183/459] GPBG
[00:03:58] [184/459] CECM
[00:03:59] [185/459] SLKB
[00:04:00] [186/459] MTBO
[00:04:01] [187/459] SSHB
[00:04:02] [188/459] VPCS
[00:04:03] [189/459] RCSR
[00:04:04] [190/459] RJRM
[00:04:05] [191/459] KPPB
[00:04:06] [192/459] SEDC
[00:04:07] [193/459] SCAI
[00:04:08] [194/459] RMTR
[00:04:09] [195/459] ASST
[00:04:09] [196/459] GCAK
[00:04:11] [197/459] ANNK
[00:04:12] [198/459] KDDF
[00:04:12] [199/459] NRDP
[00:04:13] [200/459] PLAK
[00:04:15] [201/459] GCMC
[00:04:16] [202/459] ALPY
[00:04:16] [203/459] SICE
[00:04:17] [204/459] SISR
[00:04:18] [205/459] SRPZ
[00:04:20] [206/459] SRSW
[00:04:21] [207/459] SUYA
[00:04:21] [208/459] AMMT
[00:04:22] [209/459] BHCU
[00:04:23] [210/459] KLPA
[00:04:24] [211/459] NVKH
[00:04:25] [212/459] JMRC
[00:04:26] [213/459] KTTT
[00:04:27] [214/459] MAGH
[00:04:27] [215/459] MMMX
[00:04:28] [216/459] SALJ
[00:04:29] [217/459] GTJA
[00:04:31] [218/459] MAHT
[00:04:32] [219/459] SSNN
[00:04:33] [220/459] ARRP
[00:04:34] [221/459] ATNS
[00:04:35] [222/459] SKDT
[00:04:36] [223/459] ACAT
[00:04:36] [224/459] APRC
[00:04:38] [225/459] SWAG
[00:04:39] [226/459] SDPT
[00:04:40] [227/459] STPS
[00:04:41] [228/459] WWCZ
[00:04:41] [229/459] LLCH
[00:04:42] [230/459] MZHA
[00:04:43] [231/459] CRJG
[00:04:44] [232/459] JGTK
[00:04:45] [233/459] KCSR
[00:04:46] [234/459] CHTL
[00:04:47] [235/459] EDSR
[00:04:48] [236/459] CSWO
[00:04:48] [237/459] CPVM
[00:04:49] [238/459] MXBY
[00:04:50] [239/459] FMMA
[00:04:51] [240/459] POVI
[00:04:52] [241/459] MTHB
[00:04:53] [242/459] INRC
[00:04:54] [243/459] PIPP
[00:04:55] [244/459] BMXC
[00:04:56] [245/459] PCMM
[00:04:57] [246/459] PMKM
[00:04:58] [247/459] GATY
[00:04:59] [248/459] IMCM
[00:05:00] [249/459] POPE
[00:05:00] [250/459] MTCR
[00:05:01] [251/459] PVAE
[00:05:02] [252/459] PVMI
[00:05:03] [253/459] CPNM
[00:05:04] [254/459] FMRL
[00:05:05] [255/459] MCIW
[00:05:06] [256/459] MXBO
[00:05:08] [257/459] FMKY
[00:05:08] [258/459] FMDA
[00:05:10] [259/459] THAB
[00:05:11] [260/459] PRCW
[00:05:12] [261/459] PITI
[00:05:13] [262/459] MCFF
[00:05:14] [263/459] PDDV
[00:05:15] [264/459] MCRM
[00:05:16] [265/459] KKMB
[00:05:17] [266/459] INKO
[00:05:18] [267/459] PLXP
[00:05:19] [268/459] MMHA
[00:05:20] [269/459] FMVS
[00:05:21] [270/459] POLM
[00:05:22] [271/459] STER
[00:05:23] [272/459] PVWJ
[00:05:25] [273/459] IMJW
[00:05:26] [274/459] FNAN
[00:05:27] [275/459] CAGL
[00:05:28] [276/459] IPBG
[00:05:29] [277/459] SMFV
[00:05:29] [278/459] MMMR
[00:05:30] [279/459] MMWM
[00:05:32] [280/459] FNCM
[00:05:34] [281/459] MDVA
[00:05:35] [282/459] MMET
[00:05:36] [283/459] MIDO
[00:05:36] [284/459] INNP
[00:05:37] [285/459] MIFU
[00:05:39] [286/459] MMSZ
[00:05:40] [287/459] BMXA
[00:05:40] [288/459] MCAA
[00:05:41] [289/459] SCVP
[00:05:42] [290/459] PLUS
[00:05:43] [291/459] MUCK
[00:05:44] [292/459] MTMA
[00:05:45] [293/459] HPVR
[00:05:46] [294/459] PMPK
[00:05:47] [295/459] MAJB
[00:05:48] [296/459] CTRR
[00:05:49] [297/459] MCTG
[00:05:50] [298/459] MACE
[00:05:51] [299/459] AAAS
[00:05:52] [300/459] CPVV
[00:05:54] [301/459] RCHG
[00:05:55] [302/459] MCNE
[00:05:57] [303/459] EMNC
[00:05:58] [304/459] MCAN
[00:05:58] [305/459] TCDM
[00:05:59] [306/459] IRGT
[00:06:00] [307/459] GCMG
[00:06:01] [308/459] MXSN
[00:06:02] [309/459] MXCK
[00:06:03] [310/459] MCRC
[00:06:04] [311/459] RSMI
[00:06:05] [312/459] WAML
[00:06:06] [313/459] MTSC
[00:06:07] [314/459] FMDR
[00:06:08] [315/459] LEPV
[00:06:09] [316/459] MTGD
[00:06:10] [317/459] IMOB
[00:06:11] [318/459] CLMM
[00:06:12] [319/459] PZCD
[00:06:13] [320/459] GOCS
[00:06:14] [321/459] KCMA
[00:06:14] [322/459] CCMP
[00:06:15] [323/459] MTSU
[00:06:16] [324/459] SNGL
[00:06:17] [325/459] MMMC
[00:06:18] [326/459] MMAA
[00:06:19] [327/459] GCDM
[00:06:20] [328/459] KTMV
[00:06:21] [329/459] AETE
[00:06:22] [330/459] OMCS
[00:06:24] [331/459] GDCD
[00:06:24] [332/459] NYMD
[00:06:25] [333/459] RNCV
[00:06:26] [334/459] KKMT
[00:06:27] [335/459] GDTH
[00:06:28] [336/459] KMMV
[00:06:29] [337/459] NHCG
[00:06:31] [338/459] PJDW
[00:06:32] [339/459] MMCV
[00:06:33] [340/459] FQSA
[00:06:34] [341/459] KURL
[00:06:34] [342/459] NNNX
[00:06:35] [343/459] AMAU
[00:06:36] [344/459] VVVM
[00:06:37] [345/459] VECU
[00:06:38] [346/459] WCVR
[00:06:39] [347/459] MTGG
[00:06:40] [348/459] SGTG
[00:06:41] [349/459] MNTG
[00:06:42] [350/459] JDDG
[00:06:43] [351/459] MBTK
[00:06:43] [352/459] SGCD
[00:06:44] [353/459] MCTC
[00:06:45] [354/459] JTPC
[00:06:46] [355/459] SDKT
[00:06:47] [356/459] KRCC
[00:06:48] [357/459] RMMD
[00:06:49] [358/459] AAME
[00:06:50] [359/459] TMWC
[00:06:51] [360/459] NRWY
[00:06:52] [361/459] CITD
[00:06:53] [362/459] VERD
[00:06:54] [363/459] MKSK
[00:06:55] [364/459] STSM
[00:06:56] [365/459] MJDG
[00:06:56] [366/459] RKPM
[00:06:58] [367/459] SSCE
[00:06:59] [368/459] VMAE
[00:07:00] [369/459] SBRU
[00:07:01] [370/459] AMBC
[00:07:01] [371/459] AMLU
[00:07:02] [372/459] INVZ
[00:07:03] [373/459] LGTV
[00:07:04] [374/459] SVAD
[00:07:05] [375/459] SMSA
[00:07:06] [376/459] SPCZ
[00:07:07] [377/459] GTCX
[00:07:08] [378/459] SCSL
[00:07:08] [379/459] SAHU
[00:07:09] [380/459] NCDA
[00:07:10] [381/459] SCCG
[00:07:11] [382/459] VKTL
[00:07:12] [383/459] PUUJ
[00:07:13] [384/459] STEJ
[00:07:13] [385/459] RJAL
[00:07:14] [386/459] ACJC
[00:07:16] [387/459] VTHC
[00:07:17] [388/459] ARVB
[00:07:18] [389/459] AUBB
[00:07:19] [390/459] GDBR
[00:07:20] [391/459] PVND
[00:07:21] [392/459] BGRJ
[00:07:22] [393/459] RJMM
[00:07:23] [394/459] MCSA
[00:07:24] [395/459] BODA
[00:07:25] [396/459] JAGG
[00:07:26] [397/459] SCGA
[00:07:27] [398/459] LRCM
[00:07:29] [399/459] CPCN
[00:07:29] [400/459] SSTF
[00:07:30] [401/459] SRXP
[00:07:31] [402/459] CNFX
[00:07:32] [403/459] ANDI
[00:07:33] [404/459] SYEW
[00:07:34] [405/459] RCRE
[00:07:35] [406/459] SCRW
[00:07:36] [407/459] MBKR
[00:07:38] [408/459] ASNT
[00:07:39] [409/459] JTMT
[00:07:39] [410/459] SHAY
[00:07:40] [411/459] VRTH
[00:07:41] [412/459] SPTI
[00:07:42] [413/459] DPTD
[00:07:43] [414/459] TGSN
[00:07:44] [415/459] RCWV
[00:07:45] [416/459] OCUR
[00:07:46] [417/459] KSTC
[00:07:47] [418/459] SANI
[00:07:48] [419/459] MLCA
[00:07:49] [420/459] EGCA
[00:07:50] [421/459] SYSN
[00:07:51] [422/459] PKTA
[00:07:52] [423/459] PRCC
[00:07:53] [424/459] KSTR
[00:07:54] [425/459] SNTP
[00:07:55] [426/459] RCHA
[00:07:56] [427/459] SEEA
[00:07:56] [428/459] ALAT
[00:07:57] [429/459] AATV
[00:07:58] [430/459] RJTE
[00:08:00] [431/459] AAPP
[00:08:01] [432/459] PMMH
[00:08:02] [433/459] INRJ
[00:08:03] [434/459] SARB
[00:08:05] [435/459] PCJL
[00:08:06] [436/459] PFJJ
[00:08:07] [437/459] GRDC
[00:08:08] [438/459] BCBA
[00:08:09] [439/459] VIXL
[00:08:09] [440/459] CSTL
[00:08:10] [441/459] MTDK
[00:08:12] [442/459] TDAC
[00:08:12] [443/459] GTDN
[00:08:13] [444/459] TTDE
[00:08:15] [445/459] ASTS
[00:08:16] [446/459] CPNS
[00:08:17] [447/459] PVVW
[00:08:18] [448/459] USEB
[00:08:19] [449/459] DTYN
[00:08:20] [450/459] PVLE
[00:08:21] [451/459] CIPS
[00:08:22] [452/459] PAEG
[00:08:23] [453/459] PTCW
[00:08:24] [454/459] G3SR
[00:08:24] [455/459] PGND
[00:08:26] [456/459] INVM
[00:08:28] [457/459] SPIA
[00:08:29] [458/459] PCSN
[00:08:30] [459/459] PPGV
[00:08:31] ✅ DONE | Shows=0 | Movies=0
[00:50:38] 🚀 BMS DAILY TRACKER STARTED
[00:50:38] [1/459] FNDB
[00:50:38] 🧠 New identity
[00:50:39] [2/459] AMBH
[00:50:40] [3/459] PRHN
[00:50:41] [4/459] ACPM
[00:50:42] [5/459] PVFS
[00:50:42] [6/459] AACN
[00:50:43] [7/459] ACAS
[00:50:44] [8/459] CTNR
[00:50:45] [9/459] MMAH
[00:50:46] [10/459] CPMH
[00:50:47] [11/459] IGMH
[00:50:48] [12/459] ABCS
[00:50:49] [13/459] CMMA
[00:50:50] [14/459] GPRH
[00:50:51] [15/459] PNNG
[00:50:51] [16/459] AMCA
[00:50:52] [17/459] ISTN
[00:50:53] [18/459] PIIC
[00:50:54] [19/459] AHMH
[00:50:55] [20/459] ASHN
[00:50:57] [21/459] INHY
[00:50:57] [22/459] SRMO
[00:50:58] [23/459] PIMH
[00:50:59] [24/459] PVTS
[00:51:00] [25/459] MMCA
[00:51:01] [26/459] AKYJ
[00:51:02] [27/459] BRKH
[00:51:03] [28/459] MAHM
[00:51:04] [29/459] CPHY
[00:51:05] [30/459] PVTP
[00:51:06] [31/459] SMMR
[00:51:07] [32/459] PVHM
[00:51:07] [33/459] SNDY
[00:51:08] [34/459] GOKU
[00:51:09] [35/459] ACEV
[00:51:10] [36/459] PVUM
[00:51:11] [37/459] VSWA
[00:51:12] [38/459] IPRS
[00:51:13] [39/459] ASGN
[00:51:13] [40/459] BKMV
[00:51:14] [41/459] PVYH
[00:51:16] [42/459] INKM
[00:51:17] [43/459] ARJU
[00:51:18] [44/459] JJPP
[00:51:19] [45/459] SSRM
[00:51:20] [46/459] HMHD
[00:51:21] [47/459] SNKH
[00:51:22] [48/459] ACHI
[00:51:23] [49/459] MRAA
[00:51:24] [50/459] INMH
[00:51:25] [51/459] ARMH
[00:51:26] [52/459] DVRR
[00:51:26] [53/459] SUDA
[00:51:27] [54/459] MCSS
[00:51:28] [55/459] VRKC
[00:51:29] [56/459] PRCX
[00:51:30] [57/459] ASJY
[00:51:31] [58/459] MTHY
[00:51:31] [59/459] SRCM
[00:51:32] [60/459] TVHY
[00:51:33] [61/459] STHD
[00:51:35] [62/459] CPCL
[00:51:36] [63/459] PSMJ
[00:51:37] [64/459] MRGT
[00:51:38] [65/459] ARYH
[00:51:39] [66/459] VTRB
[00:51:39] [67/459] SCHC
[00:51:40] [68/459] MRRG
[00:51:42] [69/459] SPCB
[00:51:42] [70/459] AMCM
[00:51:43] [71/459] IVNM
[00:51:44] [72/459] TRHY
[00:51:45] [73/459] PTTH
[00:51:46] [74/459] RKMH
[00:51:47] [75/459] PRCS
[00:51:48] [76/459] VAJA
[00:51:49] [77/459] BJNG
[00:51:50] [78/459] SCVM
[00:51:51] [79/459] GNHB
[00:51:52] [80/459] TLUR
[00:51:53] [81/459] UKCC
[00:51:54] [82/459] SRKR
[00:51:55] [83/459] RMKN
[00:51:56] [84/459] SLRT
[00:51:57] [85/459] LKMT
[00:51:58] [86/459] SSRJ
[00:51:59] [87/459] SPHT
[00:52:00] [88/459] ANTT
[00:52:01] [89/459] SRCH
[00:52:02] [90/459] SRCA
[00:52:03] [91/459] ARTH
[00:52:04] [92/459] MCBH
[00:52:05] [93/459] SNIB
[00:52:06] [94/459] SART
[00:52:07] [95/459] SKTA
[00:52:08] [96/459] YAKT
[00:52:09] [97/459] MLCK
[00:52:11] [98/459] ANTS
[00:52:12] [99/459] DGCA
[00:52:13] [100/459] SGMP
[00:52:13] [101/459] ASWN
[00:52:14] [102/459] KFVU
[00:52:15] [103/459] POOR
[00:52:16] [104/459] GKDN
[00:52:17] [105/459] EOSE
[00:52:18] [106/459] GTTT
[00:52:19] [107/459] ARRO
[00:52:20] [108/459] CMMK
[00:52:21] [109/459] MSCN
[00:52:22] [110/459] GDKH
[00:52:22] [111/459] DLMT
[00:52:23] [112/459] PVMF
[00:52:24] [113/459] CPCK
[00:52:25] [114/459] VMHE
[00:52:26] [115/459] PVLC
[00:52:27] [116/459] PCVB
[00:52:28] [117/459] SNYK
[00:52:29] [118/459] KTEK
[00:52:30] [119/459] PCNM
[00:52:31] [120/459] NTTR
[00:52:32] [121/459] CPSK
[00:52:33] [122/459] JMMA
[00:52:33] [123/459] GCFK
[00:52:34] [124/459] MYCA
[00:52:35] [125/459] KSNP
[00:52:36] [126/459] PMCE
[00:52:37] [127/459] SCKI
[00:52:38] [128/459] FSMA
[00:52:39] [129/459] CETA
[00:52:39] [130/459] MCIK
[00:52:40] [131/459] MYCR
[00:52:41] [132/459] EVMP
[00:52:42] [133/459] SSGT
[00:52:43] [134/459] KCTK
[00:52:43] [135/459] ZTKC
[00:52:44] [136/459] MMTA
[00:52:45] [137/459] MAJT
[00:52:46] [138/459] ACPK
[00:52:47] [139/459] JMAX
[00:52:48] [140/459] SETK
[00:52:49] [141/459] CAIS
[00:52:49] [142/459] AGCD
[00:52:50] [143/459] URCL
[00:52:51] [144/459] VTDS
[00:52:52] [145/459] JCNM
[00:52:53] [146/459] KCAM
[00:52:55] [147/459] ADCU
[00:52:55] [148/459] GXYN
[00:52:57] [149/459] SMJG
[00:52:57] [150/459] EYCJ
[00:52:58] [151/459] CCEJ
[00:52:59] [152/459] MARS
[00:53:00] [153/459] CPVJ
[00:53:02] [154/459] INVP
[00:53:03] [155/459] CPOV
[00:53:03] [156/459] VIJK
[00:53:04] [157/459] LAIM
[00:53:05] [158/459] STHV
[00:53:06] [159/459] SVLJ
[00:53:07] [160/459] ATVJ
[00:53:08] [161/459] JTSC
[00:53:09] [162/459] RMTV
[00:53:10] [163/459] MGGG
[00:53:10] [164/459] SWTH
[00:53:11] [165/459] INVJ
[00:53:13] [166/459] PRSV
[00:53:13] [167/459] JATV
[00:53:14] [168/459] RCVD
[00:53:15] [169/459] BDMA
[00:53:16] [170/459] BLJI
[00:53:17] [171/459] SWOT
[00:53:17] [172/459] SWRN
[00:53:18] [173/459] TVRA
[00:53:19] [174/459] VCSV
[00:53:20] [175/459] NVRN
[00:53:21] [176/459] SIKC
[00:53:22] [177/459] VAKR
[00:53:23] [178/459] SYLN
[00:53:24] [179/459] KLJL
[00:53:24] [180/459] LKMY
[00:53:25] [181/459] VSLY
[00:53:26] [182/459] CIKO
[00:53:27] [183/459] GPBG
[00:53:28] [184/459] CECM
[00:53:29] [185/459] SLKB
[00:53:29] [186/459] MTBO
[00:53:30] [187/459] SSHB
[00:53:32] [188/459] VPCS
[00:53:32] [189/459] RCSR
[00:53:33] [190/459] RJRM
[00:53:34] [191/459] KPPB
[00:53:35] [192/459] SEDC
[00:53:36] [193/459] SCAI
[00:53:37] [194/459] RMTR
[00:53:37] [195/459] ASST
[00:53:39] [196/459] GCAK
[00:53:41] [197/459] ANNK
[00:53:41] [198/459] KDDF
[00:53:42] [199/459] NRDP
[00:53:43] [200/459] PLAK
[00:53:44] [201/459] GCMC
[00:53:45] [202/459] ALPY
[00:53:46] [203/459] SICE
[00:53:47] [204/459] SISR
[00:53:48] [205/459] SRPZ
[00:53:49] [206/459] SRSW
[00:53:50] [207/459] SUYA
[00:53:50] [208/459] AMMT
[00:53:51] [209/459] BHCU
[00:53:52] [210/459] KLPA
[00:53:53] [211/459] NVKH
[00:53:54] [212/459] JMRC
[00:53:55] [213/459] KTTT
[00:53:55] [214/459] MAGH
[00:53:56] [215/459] MMMX
[00:53:57] [216/459] SALJ
[00:53:58] [217/459] GTJA
[00:53:59] [218/459] MAHT
[00:54:00] [219/459] SSNN
[00:54:00] [220/459] ARRP
[00:54:01] [221/459] ATNS
[00:54:02] [222/459] SKDT
[00:54:03] [223/459] ACAT
[00:54:03] [224/459] APRC
[00:54:04] [225/459] SWAG
[00:54:05] [226/459] SDPT
[00:54:06] [227/459] STPS
[00:54:07] [228/459] WWCZ
[00:54:08] [229/459] LLCH
[00:54:09] [230/459] MZHA
[00:54:10] [231/459] CRJG
[00:54:11] [232/459] JGTK
[00:54:12] [233/459] KCSR
[00:54:13] [234/459] CHTL
[00:54:14] [235/459] EDSR
[00:54:15] [236/459] CSWO
[00:54:15] [237/459] CPVM
[00:54:16] [238/459] MXBY
[00:54:17] [239/459] FMMA
[00:54:18] [240/459] POVI
[00:54:19] [241/459] MTHB
[00:54:20] [242/459] INRC
[00:54:21] [243/459] PIPP
[00:54:22] [244/459] BMXC
[00:54:23] [245/459] PCMM
[00:54:24] [246/459] PMKM
[00:54:24] [247/459] GATY
[00:54:25] [248/459] IMCM
[00:54:26] [249/459] POPE
[00:54:27] [250/459] MTCR
[00:54:28] [251/459] PVAE
[00:54:29] [252/459] PVMI
[00:54:29] [253/459] CPNM
[00:54:30] [254/459] FMRL
[00:54:31] [255/459] MCIW
[00:54:32] [256/459] MXBO
[00:54:33] [257/459] FMKY
[00:54:35] [258/459] FMDA
[00:54:36] [259/459] THAB
[00:54:36] [260/459] PRCW
[00:54:37] [261/459] PITI
[00:54:38] [262/459] MCFF
[00:54:39] [263/459] PDDV
[00:54:40] [264/459] MCRM
[00:54:40] [265/459] KKMB
[00:54:41] [266/459] INKO
[00:54:42] [267/459] PLXP
[00:54:43] [268/459] MMHA
[00:54:44] [269/459] FMVS
[00:54:45] [270/459] POLM
[00:54:45] [271/459] STER
[00:54:46] [272/459] PVWJ
[00:54:47] [273/459] IMJW
[00:54:48] [274/459] FNAN
[00:54:49] [275/459] CAGL
[00:54:50] [276/459] IPBG
[00:54:51] [277/459] SMFV
[00:54:52] [278/459] MMMR
[00:54:53] [279/459] MMWM
[00:54:54] [280/459] FNCM
[00:54:55] [281/459] MDVA
[00:54:56] [282/459] MMET
[00:54:56] [283/459] MIDO
[00:54:57] [284/459] INNP
[00:54:58] [285/459] MIFU
[00:54:59] [286/459] MMSZ
[00:55:00] [287/459] BMXA
[00:55:01] [288/459] MCAA
[00:55:02] [289/459] SCVP
[00:55:02] [290/459] PLUS
[00:55:04] [291/459] MUCK
[00:55:05] [292/459] MTMA
[00:55:06] [293/459] HPVR
[00:55:07] [294/459] PMPK
[00:55:08] [295/459] MAJB
[00:55:09] [296/459] CTRR
[00:55:10] [297/459] MCTG
[00:55:11] [298/459] MACE
[00:55:12] [299/459] AAAS
[00:55:13] [300/459] CPVV
[00:55:14] [301/459] RCHG
[00:55:15] [302/459] MCNE
[00:55:16] [303/459] EMNC
[00:55:16] [304/459] MCAN
[00:55:17] [305/459] TCDM
[00:55:18] [306/459] IRGT
[00:55:19] [307/459] GCMG
[00:55:20] [308/459] MXSN
[00:55:21] [309/459] MXCK
[00:55:23] [310/459] MCRC
[00:55:24] [311/459] RSMI
[00:55:25] [312/459] WAML
[00:55:25] [313/459] MTSC
[00:55:26] [314/459] FMDR
[00:55:27] [315/459] LEPV
[00:55:28] [316/459] MTGD
[00:55:29] [317/459] IMOB
[00:55:30] [318/459] CLMM
[00:55:31] [319/459] PZCD
[00:55:31] [320/459] GOCS
[00:55:32] [321/459] KCMA
[00:55:33] [322/459] CCMP
[00:55:34] [323/459] MTSU
[00:55:35] [324/459] SNGL
[00:55:36] [325/459] MMMC
[00:55:37] [326/459] MMAA
[00:55:38] [327/459] GCDM
[00:55:39] [328/459] KTMV
[00:55:39] [329/459] AETE
[00:55:40] [330/459] OMCS
[00:55:41] [331/459] GDCD
[00:55:42] [332/459] NYMD
[00:55:43] [333/459] RNCV
[00:55:44] [334/459] KKMT
[00:55:45] [335/459] GDTH
[00:55:46] [336/459] KMMV
[00:55:47] [337/459] NHCG
[00:55:48] [338/459] PJDW
[00:55:49] [339/459] MMCV
[00:55:50] [340/459] FQSA
[00:55:51] [341/459] KURL
[00:55:52] [342/459] NNNX
[00:55:53] [343/459] AMAU
[00:55:54] [344/459] VVVM
[00:55:55] [345/459] VECU
[00:55:56] [346/459] WCVR
[00:55:57] [347/459] MTGG
[00:55:58] [348/459] SGTG
[00:55:59] [349/459] MNTG
[00:56:00] [350/459] JDDG
[00:56:01] [351/459] MBTK
[00:56:02] [352/459] SGCD
[00:56:03] [353/459] MCTC
[00:56:05] [354/459] JTPC
[00:56:06] [355/459] SDKT
[00:56:07] [356/459] KRCC
[00:56:08] [357/459] RMMD
[00:56:08] [358/459] AAME
[00:56:09] [359/459] TMWC
[00:56:10] [360/459] NRWY
[00:56:11] [361/459] CITD
[00:56:12] [362/459] VERD
[00:56:13] [363/459] MKSK
[00:56:14] [364/459] STSM
[00:56:15] [365/459] MJDG
[00:56:16] [366/459] RKPM
[00:56:17] [367/459] SSCE
[00:56:18] [368/459] VMAE
[00:56:19] [369/459] SBRU
[00:56:20] [370/459] AMBC
[00:56:21] [371/459] AMLU
[00:56:22] [372/459] INVZ
[00:56:23] [373/459] LGTV
[00:56:24] [374/459] SVAD
[00:56:26] [375/459] SMSA
[00:56:26] [376/459] SPCZ
[00:56:27] [377/459] GTCX
[00:56:28] [378/459] SCSL
[00:56:29] [379/459] SAHU
[00:56:30] [380/459] NCDA
[00:56:31] [381/459] SCCG
[00:56:32] [382/459] VKTL
[00:56:34] [383/459] PUUJ
[00:56:35] [384/459] STEJ
[00:56:35] [385/459] RJAL
[00:56:36] [386/459] ACJC
[00:56:37] [387/459] VTHC
[00:56:38] [388/459] ARVB
[00:56:39] [389/459] AUBB
[00:56:40] [390/459] GDBR
[00:56:41] [391/459] PVND
[00:56:42] [392/459] BGRJ
[00:56:43] [393/459] RJMM
[00:56:44] [394/459] MCSA
[00:56:44] [395/459] BODA
[00:56:45] [396/459] JAGG
[00:56:46] [397/459] SCGA
[00:56:48] [398/459] LRCM
[00:56:48] [399/459] CPCN
[00:56:49] [400/459] SSTF
[00:56:50] [401/459] SRXP
[00:56:51] [402/459] CNFX
[00:56:52] [403/459] ANDI
[00:56:53] [404/459] SYEW
[00:56:54] [405/459] RCRE
[00:56:54] [406/459] SCRW
[00:56:55] [407/459] MBKR
[00:56:56] [408/459] ASNT
[00:56:57] [409/459] JTMT
[00:56:58] [410/459] SHAY
[00:56:59] [411/459] VRTH
[00:57:00] [412/459] SPTI
[00:57:01] [413/459] DPTD
[00:57:01] [414/459] TGSN
[00:57:02] [415/459] RCWV
[00:57:03] [416/459] OCUR
[00:57:04] [417/459] KSTC
[00:57:05] [418/459] SANI
[00:57:06] [419/459] MLCA
[00:57:06] [420/459] EGCA
[00:57:08] [421/459] SYSN
[00:57:09] [422/459] PKTA
[00:57:10] [423/459] PRCC
[00:57:11] [424/459] KSTR
[00:57:12] [425/459] SNTP
[00:57:13] [426/459] RCHA
[00:57:14] [427/459] SEEA
[00:57:14] [428/459] ALAT
[00:57:15] [429/459] AATV
[00:57:16] [430/459] RJTE
[00:57:17] [431/459] AAPP
[00:57:18] [432/459] PMMH
[00:57:18] [433/459] INRJ
[00:57:19] [434/459] SARB
[00:57:20] [435/459] PCJL
[00:57:21] [436/459] PFJJ
[00:57:22] [437/459] GRDC
[00:57:22] [438/459] BCBA
[00:57:23] [439/459] VIXL
[00:57:24] [440/459] CSTL
[00:57:25] [441/459] MTDK
[00:57:26] [442/459] TDAC
[00:57:27] [443/459] GTDN
[00:57:28] [444/459] TTDE
[00:57:28] [445/459] ASTS
[00:57:29] [446/459] CPNS
[00:57:30] [447/459] PVVW
[00:57:31] [448/459] USEB
[00:57:32] [449/459] DTYN
[00:57:33] [450/459] PVLE
[00:57:34] [451/459] CIPS
[00:57:35] [452/459] PAEG
[00:57:36] [453/459] PTCW
[00:57:37] [454/459] G3SR
[00:57:38] [455/459] PGND
[00:57:39] [456/459] INVM
[00:57:40] [457/459] SPIA
[00:57:42] [458/459] PCSN
[00:57:43] [459/459] PPGV
[00:57:44] ✅ DONE | Shows=0 | Movies=0
