[00:00:49] 🚀 BMS DAILY TRACKER STARTED
[00:00:49] [1/459] NECA
[00:00:49] 🧠 New identity
[00:00:50] [2/459] BJLC
[00:00:50] [3/459] BASU
[00:00:51] [4/459] RUPI
[00:00:51] [5/459] LCBK
[00:00:52] [6/459] PMAC
[00:00:52] [7/459] AMLC
[00:00:53] [8/459] LICL
[00:00:54] [9/459] UDMM
[00:00:54] [10/459] STBZ
[00:00:55] [11/459] UUBT
[00:00:55] [12/459] SJKC
[00:00:56] [13/459] TUAL
[00:00:57] [14/459] MRSE
[00:00:57] [15/459] RMRK
[00:00:58] [16/459] TTKP
[00:00:59] [17/459] KTKO
[00:00:59] [18/459] SDBK
[00:01:00] [19/459] MCPR
[00:01:00] [20/459] CHTI
[00:01:01] [21/459] GCCP
[00:01:01] [22/459] SRMY
[00:01:02] [23/459] NYST
[00:01:03] [24/459] NYAG
[00:01:03] [25/459] SBMT
[00:01:04] [26/459] INGA
[00:01:05] [27/459] WSIC
[00:01:05] [28/459] SCSS
[00:01:06] [29/459] COPG
[00:01:07] [30/459] RCGR
[00:01:07] [31/459] TCZA
[00:01:08] [32/459] CNLP
[00:01:09] [33/459] CLKN
[00:01:09] [34/459] LHDF
[00:01:10] [35/459] ELKC
[00:01:10] [36/459] VCEM
[00:01:11] [37/459] SSZA
[00:01:12] [38/459] KRMT
[00:01:12] [39/459] LCMV
[00:01:13] [40/459] AYCZ
[00:01:13] [41/459] CUMS
[00:01:14] [42/459] BOCK
[00:01:14] [43/459] PNMR
[00:01:15] [44/459] PJCP
[00:01:16] [45/459] JDDD
[00:01:16] [46/459] STMS
[00:01:17] [47/459] FLMB
[00:01:18] [48/459] PKCM
[00:01:18] [49/459] SPPR
[00:01:19] [50/459] EYLH
[00:01:19] [51/459] RJCC
[00:01:20] [52/459] MMPS
[00:01:20] [53/459] SHMX
[00:01:21] [54/459] CCNL
[00:01:21] [55/459] RCNV
[00:01:22] [56/459] MAAG
[00:01:23] [57/459] LXCM
[00:01:23] [58/459] RCNI
[00:01:24] [59/459] SNNI
[00:01:24] [60/459] LALC
[00:01:25] [61/459] SOCN
[00:01:25] [62/459] JHTP
[00:01:26] [63/459] PITP
[00:01:27] [64/459] CCKW
[00:01:27] [65/459] MCMC
[00:01:28] [66/459] DEES
[00:01:28] [67/459] SABT
[00:01:29] [68/459] VSPP
[00:01:30] [69/459] ABCT
[00:01:30] [70/459] JVTB
[00:01:31] [71/459] VCBD
[00:01:31] [72/459] RMGG
[00:01:32] [73/459] RNMH
[00:01:33] [74/459] SPGL
[00:01:33] [75/459] JTTR
[00:01:34] [76/459] SICS
[00:01:34] [77/459] SRMI
[00:01:35] [78/459] SSIJ
[00:01:35] [79/459] KFMT
[00:01:36] [80/459] VBIT
[00:01:37] [81/459] JKCT
[00:01:37] [82/459] GCGP
[00:01:38] [83/459] GDCS
[00:01:38] [84/459] TRBA
[00:01:39] [85/459] QUST
[00:01:40] [86/459] VSHM
[00:01:40] [87/459] SDCP
[00:01:41] [88/459] SNVS
[00:01:41] [89/459] NYTO
[00:01:42] [90/459] URWC
[00:01:43] [91/459] GTWH
[00:01:44] [92/459] PFCM
[00:01:45] [93/459] KRTA
[00:01:46] [94/459] AXMC
[00:01:47] [95/459] EVMC
[00:01:47] [96/459] HGSM
[00:01:48] [97/459] ACVM
[00:01:49] [98/459] PSKL
[00:01:50] [99/459] RDMP
[00:01:51] [100/459] RHGH
[00:01:52] [101/459] OMCM
[00:01:53] [102/459] DCCP
[00:01:53] [103/459] MCPB
[00:01:54] [104/459] ALCI
[00:01:55] [105/459] BLMX
[00:01:56] [106/459] BTMV
[00:01:56] [107/459] FVPN
[00:01:57] [108/459] CMAR
[00:01:58] [109/459] CEIM
[00:01:59] [110/459] CMVA
[00:02:00] [111/459] CPIV
[00:02:01] [112/459] CNPE
[00:02:01] [113/459] COLV
[00:02:02] [114/459] DNNV
[00:02:03] [115/459] HCAD
[00:02:04] [116/459] TAKA
[00:02:05] [117/459] INVD
[00:02:05] [118/459] IRMM
[00:02:06] [119/459] INSE
[00:02:07] [120/459] MRSW
[00:02:08] [121/459] MCVD
[00:02:09] [122/459] MCSO
[00:02:10] [123/459] PEVM
[00:02:11] [124/459] PVNL
[00:02:11] [125/459] PTCV
[00:02:12] [126/459] PRTC
[00:02:13] [127/459] RCVA
[00:02:14] [128/459] MTBN
[00:02:14] [129/459] LUCP
[00:02:15] [130/459] FMPT
[00:02:17] [131/459] JLSL
[00:02:17] [132/459] SBHA
[00:02:18] [133/459] SHRC
[00:02:19] [134/459] AVPS
[00:02:20] [135/459] STPM
[00:02:20] [136/459] ATRD
[00:02:21] [137/459] VTED
[00:02:22] [138/459] ACAI
[00:02:23] [139/459] SMAE
[00:02:24] [140/459] VMAT
[00:02:25] [141/459] LKCT
[00:02:26] [142/459] JTVK
[00:02:27] [143/459] PRTY
[00:02:27] [144/459] GETT
[00:02:28] [145/459] ESAP
[00:02:29] [146/459] NCPM
[00:02:29] [147/459] PCPA
[00:02:31] [148/459] MMOM
[00:02:32] [149/459] PHUP
[00:02:32] [150/459] CCPI
[00:02:33] [151/459] CNTD
[00:02:34] [152/459] NLJR
[00:02:35] [153/459] SRNG
[00:02:35] [154/459] MHAL
[00:02:36] [155/459] PNSM
[00:02:37] [156/459] DRMY
[00:02:38] [157/459] CCMU
[00:02:39] [158/459] SCMY
[00:02:40] [159/459] PVSY
[00:02:40] [160/459] SDLM
[00:02:41] [161/459] ICCM
[00:02:42] [162/459] PYSU
[00:02:43] [163/459] GATM
[00:02:44] [164/459] WOTM
[00:02:45] [165/459] RKTS
[00:02:45] [166/459] PMTY
[00:02:46] [167/459] LYMS
[00:02:47] [168/459] TGCA
[00:02:48] [169/459] DSTA
[00:02:48] [170/459] CNGE
[00:02:49] [171/459] VSTG
[00:02:50] [172/459] GTCK
[00:02:51] [173/459] TGNT
[00:02:52] [174/459] ASLC
[00:02:52] [175/459] SSST
[00:02:53] [176/459] KBTT
[00:02:54] [177/459] HKCP
[00:02:55] [178/459] SWLC
[00:02:56] [179/459] RTND
[00:02:56] [180/459] PKKT
[00:02:57] [181/459] HSTK
[00:02:58] [182/459] SPTT
[00:02:59] [183/459] IMPM
[00:03:00] [184/459] SCMV
[00:03:00] [185/459] SPCT
[00:03:01] [186/459] JBCA
[00:03:02] [187/459] ATTR
[00:03:03] [188/459] SPMT
[00:03:04] [189/459] LCTM
[00:03:04] [190/459] SCVL
[00:03:05] [191/459] SCVT
[00:03:06] [192/459] KRIC
[00:03:07] [193/459] CTMG
[00:03:08] [194/459] ACNC
[00:03:09] [195/459] DMCK
[00:03:10] [196/459] KMTV
[00:03:10] [197/459] PFCJ
[00:03:11] [198/459] VNMD
[00:03:12] [199/459] VPCZ
[00:03:12] [200/459] SRYR
[00:03:13] [201/459] SYTR
[00:03:14] [202/459] GATR
[00:03:15] [203/459] URTR
[00:03:16] [204/459] MKSM
[00:03:17] [205/459] VSMH
[00:03:18] [206/459] SKRJ
[00:03:18] [207/459] SSJR
[00:03:19] [208/459] SVSM
[00:03:20] [209/459] RUCM
[00:03:21] [210/459] PRKN
[00:03:21] [211/459] RROH
[00:03:22] [212/459] SCTN
[00:03:23] [213/459] RTDM
[00:03:24] [214/459] ASRM
[00:03:24] [215/459] SKMD
[00:03:25] [216/459] SUTD
[00:03:26] [217/459] SADM
[00:03:27] [218/459] WCNR
[00:03:27] [219/459] CNED
[00:03:28] [220/459] MPDB
[00:03:29] [221/459] KTBH
[00:03:30] [222/459] IDRM
[00:03:31] [223/459] PJJT
[00:03:32] [224/459] PFCV
[00:03:32] [225/459] AACT
[00:03:33] [226/459] AAAD
[00:03:34] [227/459] ANES
[00:03:34] [228/459] MNCA
[00:03:35] [229/459] RMGU
[00:03:36] [230/459] DLCN
[00:03:37] [231/459] LJWT
[00:03:38] [232/459] MCBG
[00:03:39] [233/459] MYBG
[00:03:40] [234/459] GCCA
[00:03:41] [235/459] GCGA
[00:03:41] [236/459] ECGN
[00:03:42] [237/459] PRAB
[00:03:43] [238/459] PNMP
[00:03:44] [239/459] GCPT
[00:03:45] [240/459] ROYN
[00:03:45] [241/459] VATM
[00:03:46] [242/459] KSNT
[00:03:47] [243/459] ACTC
[00:03:48] [244/459] PLTD
[00:03:49] [245/459] SKMK
[00:03:49] [246/459] CMTT
[00:03:50] [247/459] SMXP
[00:03:51] [248/459] SCMX
[00:03:52] [249/459] ACXN
[00:03:52] [250/459] ASWT
[00:03:53] [251/459] VVVL
[00:03:54] [252/459] NAGO
[00:03:55] [253/459] SNCN
[00:03:56] [254/459] MCKP
[00:03:56] [255/459] SAMO
[00:03:57] [256/459] JBTV
[00:03:58] [257/459] DCVV
[00:03:59] [258/459] KMSV
[00:04:00] [259/459] KDCN
[00:04:00] [260/459] CNCP
[00:04:01] [261/459] HAMC
[00:04:02] [262/459] CCVZ
[00:04:03] [263/459] NCCK
[00:04:04] [264/459] MCHR
[00:04:04] [265/459] SCHT
[00:04:05] [266/459] ESSH
[00:04:06] [267/459] CUJC
[00:04:07] [268/459] PECP
[00:04:08] [269/459] PMMI
[00:04:09] [270/459] PCCH
[00:04:10] [271/459] PRPM
[00:04:10] [272/459] PVKL
[00:04:12] [273/459] CBSM
[00:04:12] [274/459] PVCZ
[00:04:13] [275/459] PCVV
[00:04:14] [276/459] CTMJ
[00:04:14] [277/459] RCPS
[00:04:15] [278/459] PCIT
[00:04:16] [279/459] FNCH
[00:04:17] [280/459] INZD
[00:04:18] [281/459] INPC
[00:04:19] [282/459] LCZP
[00:04:20] [283/459] SMCB
[00:04:20] [284/459] PTSB
[00:04:21] [285/459] TPSI
[00:04:22] [286/459] KHMJ
[00:04:23] [287/459] RCCJ
[00:04:24] [288/459] NCJA
[00:04:25] [289/459] NCJN
[00:04:25] [290/459] BTDP
[00:04:26] [291/459] PADY
[00:04:26] [292/459] NYBH
[00:04:27] [293/459] MTBR
[00:04:28] [294/459] KRBC
[00:04:29] [295/459] DKTI
[00:04:30] [296/459] ANAN
[00:04:30] [297/459] INBP
[00:04:31] [298/459] PATB
[00:04:32] [299/459] RGNT
[00:04:33] [300/459] CGPM
[00:04:34] [301/459] INTN
[00:04:35] [302/459] MCMP
[00:04:36] [303/459] ASRG
[00:04:37] [304/459] CXJD
[00:04:37] [305/459] SPCP
[00:04:38] [306/459] CSTP
[00:04:39] [307/459] PKVC
[00:04:39] [308/459] ESCP
[00:04:40] [309/459] CAEP
[00:04:42] [310/459] CCSP
[00:04:42] [311/459] KTPC
[00:04:43] [312/459] DACA
[00:04:44] [313/459] NVKY
[00:04:45] [314/459] PTIN
[00:04:45] [315/459] SCIN
[00:04:46] [316/459] MCTY
[00:04:47] [317/459] PCMX
[00:04:48] [318/459] INIC
[00:04:48] [319/459] MMZM
[00:04:49] [320/459] SSLP
[00:04:50] [321/459] DTDT
[00:04:51] [322/459] FFCX
[00:04:51] [323/459] RCMM
[00:04:52] [324/459] KYID
[00:04:53] [325/459] CSCI
[00:04:54] [326/459] FCMC
[00:04:54] [327/459] MMXI
[00:04:55] [328/459] ASTC
[00:04:56] [329/459] CMRA
[00:04:57] [330/459] DICI
[00:04:58] [331/459] KDIN
[00:04:59] [332/459] PRFI
[00:05:00] [333/459] SVFC
[00:05:01] [334/459] UCPL
[00:05:01] [335/459] COOC
[00:05:02] [336/459] SCAL
[00:05:03] [337/459] SVFF
[00:05:04] [338/459] VCMG
[00:05:04] [339/459] UUCT
[00:05:06] [340/459] GCSE
[00:05:07] [341/459] SUSC
[00:05:08] [342/459] MISC
[00:05:08] [343/459] RMBL
[00:05:09] [344/459] CMXN
[00:05:09] [345/459] PVBK
[00:05:10] [346/459] HHCG
[00:05:10] [347/459] SCAG
[00:05:11] [348/459] CNPR
[00:05:12] [349/459] CSER
[00:05:13] [350/459] HLWD
[00:05:14] [351/459] BOLY
[00:05:15] [352/459] SSPG
[00:05:15] [353/459] MUPX
[00:05:16] [354/459] HAMR
[00:05:17] [355/459] SDNC
[00:05:18] [356/459] RTEN
[00:05:19] [357/459] SDTD
[00:05:20] [358/459] KAWS
[00:05:21] [359/459] CMZX
[00:05:22] [360/459] DCDD
[00:05:23] [361/459] ALSN
[00:05:23] [362/459] IMXS
[00:05:24] [363/459] PVFF
[00:05:25] [364/459] PVOO
[00:05:26] [365/459] CFBS
[00:05:26] [366/459] PVER
[00:05:27] [367/459] PPNX
[00:05:28] [368/459] CNRM
[00:05:29] [369/459] PVWW
[00:05:29] [370/459] INMB
[00:05:30] [371/459] CPJR
[00:05:31] [372/459] INRZ
[00:05:32] [373/459] PMSR
[00:05:33] [374/459] GPGM
[00:05:33] [375/459] PGWB
[00:05:34] [376/459] PMBR
[00:05:35] [377/459] GPAM
[00:05:36] [378/459] INBC
[00:05:37] [379/459] PZVK
[00:05:37] [380/459] CPEB
[00:05:39] [381/459] FMLB
[00:05:40] [382/459] INBG
[00:05:41] [383/459] GPBR
[00:05:41] [384/459] PAAS
[00:05:42] [385/459] VTBR
[00:05:43] [386/459] GPMY
[00:05:43] [387/459] GYBU
[00:05:44] [388/459] INBJ
[00:05:45] [389/459] LKTH
[00:05:45] [390/459] NSBR
[00:05:46] [391/459] PDRD
[00:05:47] [392/459] VRBL
[00:05:48] [393/459] VTGB
[00:05:49] [394/459] VTSK
[00:05:50] [395/459] BKDV
[00:05:51] [396/459] SVTB
[00:05:51] [397/459] MLDT
[00:05:52] [398/459] NRBL
[00:05:53] [399/459] SLTR
[00:05:53] [400/459] VNKA
[00:05:55] [401/459] TDCA
[00:05:55] [402/459] INBM
[00:05:56] [403/459] SSNR
[00:05:56] [404/459] BHAC
[00:05:57] [405/459] SDSD
[00:05:58] [406/459] SAMP
[00:05:59] [407/459] RATK
[00:06:00] [408/459] KCBI
[00:06:01] [409/459] URBL
[00:06:02] [410/459] MKBG
[00:06:02] [411/459] ASTB
[00:06:03] [412/459] VBWT
[00:06:04] [413/459] GPSM
[00:06:05] [414/459] ROON
[00:06:05] [415/459] CHTH
[00:06:06] [416/459] SSPA
[00:06:07] [417/459] ANBL
[00:06:08] [418/459] VTBE
[00:06:08] [419/459] SVKT
[00:06:09] [420/459] SVYK
[00:06:10] [421/459] PTBK
[00:06:11] [422/459] RKTB
[00:06:12] [423/459] BALT
[00:06:13] [424/459] STSV
[00:06:14] [425/459] VCCB
[00:06:14] [426/459] SLTB
[00:06:16] [427/459] SBCR
[00:06:17] [428/459] VDCS
[00:06:18] [429/459] MDKI
[00:06:19] [430/459] SMRN
[00:06:19] [431/459] PTBC
[00:06:20] [432/459] RADI
[00:06:21] [433/459] ADCR
[00:06:22] [434/459] SDCS
[00:06:23] [435/459] SRPJ
[00:06:24] [436/459] ARTS
[00:06:24] [437/459] SRHK
[00:06:25] [438/459] SPAY
[00:06:26] [439/459] GPTB
[00:06:27] [440/459] SNNN
[00:06:28] [441/459] BALJ
[00:06:29] [442/459] TRIG
[00:06:30] [443/459] GTYT
[00:06:30] [444/459] ATGN
[00:06:31] [445/459] ANTE
[00:06:32] [446/459] BDCG
[00:06:33] [447/459] VECI
[00:06:34] [448/459] SCPR
[00:06:34] [449/459] RTEA
[00:06:35] [450/459] JSAI
[00:06:36] [451/459] VJTP
[00:06:37] [452/459] GNDS
[00:06:37] [453/459] PAXA
[00:06:39] [454/459] CGGM
[00:06:39] [455/459] ACKZ
[00:06:40] [456/459] EMCC
[00:06:41] [457/459] KLSK
[00:06:42] [458/459] AVCK
[00:06:42] [459/459] JTCK
[00:06:43] ✅ DONE | Shows=0 | Movies=0
[00:50:53] 🚀 BMS DAILY TRACKER STARTED
[00:50:53] [1/459] NECA
[00:50:53] 🧠 New identity
[00:50:54] [2/459] BJLC
[00:50:55] [3/459] BASU
[00:50:56] [4/459] RUPI
[00:50:57] [5/459] LCBK
[00:50:58] [6/459] PMAC
[00:50:59] [7/459] AMLC
[00:51:00] [8/459] LICL
[00:51:01] [9/459] UDMM
[00:51:02] [10/459] STBZ
[00:51:03] [11/459] UUBT
[00:51:03] [12/459] SJKC
[00:51:04] [13/459] TUAL
[00:51:05] [14/459] MRSE
[00:51:06] [15/459] RMRK
[00:51:06] [16/459] TTKP
[00:51:07] [17/459] KTKO
[00:51:08] [18/459] SDBK
[00:51:09] [19/459] MCPR
[00:51:10] [20/459] CHTI
[00:51:11] [21/459] GCCP
[00:51:12] [22/459] SRMY
[00:51:13] [23/459] NYST
[00:51:13] [24/459] NYAG
[00:51:14] [25/459] SBMT
[00:51:15] [26/459] INGA
[00:51:16] [27/459] WSIC
[00:51:17] [28/459] SCSS
[00:51:18] [29/459] COPG
[00:51:19] [30/459] RCGR
[00:51:21] [31/459] TCZA
[00:51:22] [32/459] CNLP
[00:51:23] [33/459] CLKN
[00:51:24] [34/459] LHDF
[00:51:25] [35/459] ELKC
[00:51:26] [36/459] VCEM
[00:51:27] [37/459] SSZA
[00:51:27] [38/459] KRMT
[00:51:28] [39/459] LCMV
[00:51:29] [40/459] AYCZ
[00:51:31] [41/459] CUMS
[00:51:31] [42/459] BOCK
[00:51:33] [43/459] PNMR
[00:51:34] [44/459] PJCP
[00:51:35] [45/459] JDDD
[00:51:35] [46/459] STMS
[00:51:37] [47/459] FLMB
[00:51:37] [48/459] PKCM
[00:51:38] [49/459] SPPR
[00:51:39] [50/459] EYLH
[00:51:40] [51/459] RJCC
[00:51:41] [52/459] MMPS
[00:51:42] [53/459] SHMX
[00:51:43] [54/459] CCNL
[00:51:44] [55/459] RCNV
[00:51:45] [56/459] MAAG
[00:51:46] [57/459] LXCM
[00:51:47] [58/459] RCNI
[00:51:48] [59/459] SNNI
[00:51:48] [60/459] LALC
[00:51:49] [61/459] SOCN
[00:51:50] [62/459] JHTP
[00:51:51] [63/459] PITP
[00:51:52] [64/459] CCKW
[00:51:54] [65/459] MCMC
[00:51:54] [66/459] DEES
[00:51:55] [67/459] SABT
[00:51:56] [68/459] VSPP
[00:51:57] [69/459] ABCT
[00:51:58] [70/459] JVTB
[00:51:59] [71/459] VCBD
[00:51:59] [72/459] RMGG
[00:52:00] [73/459] RNMH
[00:52:01] [74/459] SPGL
[00:52:02] [75/459] JTTR
[00:52:03] [76/459] SICS
[00:52:04] [77/459] SRMI
[00:52:04] [78/459] SSIJ
[00:52:05] [79/459] KFMT
[00:52:06] [80/459] VBIT
[00:52:07] [81/459] JKCT
[00:52:08] [82/459] GCGP
[00:52:09] [83/459] GDCS
[00:52:10] [84/459] TRBA
[00:52:11] [85/459] QUST
[00:52:12] [86/459] VSHM
[00:52:13] [87/459] SDCP
[00:52:14] [88/459] SNVS
[00:52:15] [89/459] NYTO
[00:52:16] [90/459] URWC
[00:52:17] [91/459] GTWH
[00:52:18] [92/459] PFCM
[00:52:19] [93/459] KRTA
[00:52:19] [94/459] AXMC
[00:52:20] [95/459] EVMC
[00:52:21] [96/459] HGSM
[00:52:22] [97/459] ACVM
[00:52:23] [98/459] PSKL
[00:52:25] [99/459] RDMP
[00:52:26] [100/459] RHGH
[00:52:27] [101/459] OMCM
[00:52:28] [102/459] DCCP
[00:52:29] [103/459] MCPB
[00:52:30] [104/459] ALCI
[00:52:31] [105/459] BLMX
[00:52:32] [106/459] BTMV
[00:52:33] [107/459] FVPN
[00:52:34] [108/459] CMAR
[00:52:35] [109/459] CEIM
[00:52:36] [110/459] CMVA
[00:52:37] [111/459] CPIV
[00:52:38] [112/459] CNPE
[00:52:38] [113/459] COLV
[00:52:39] [114/459] DNNV
[00:52:40] [115/459] HCAD
[00:52:41] [116/459] TAKA
[00:52:42] [117/459] INVD
[00:52:43] [118/459] IRMM
[00:52:43] [119/459] INSE
[00:52:44] [120/459] MRSW
[00:52:45] [121/459] MCVD
[00:52:46] [122/459] MCSO
[00:52:47] [123/459] PEVM
[00:52:48] [124/459] PVNL
[00:52:49] [125/459] PTCV
[00:52:50] [126/459] PRTC
[00:52:51] [127/459] RCVA
[00:52:52] [128/459] MTBN
[00:52:53] [129/459] LUCP
[00:52:54] [130/459] FMPT
[00:52:55] [131/459] JLSL
[00:52:55] [132/459] SBHA
[00:52:56] [133/459] SHRC
[00:52:57] [134/459] AVPS
[00:52:58] [135/459] STPM
[00:52:59] [136/459] ATRD
[00:53:00] [137/459] VTED
[00:53:01] [138/459] ACAI
[00:53:02] [139/459] SMAE
[00:53:03] [140/459] VMAT
[00:53:05] [141/459] LKCT
[00:53:06] [142/459] JTVK
[00:53:07] [143/459] PRTY
[00:53:07] [144/459] GETT
[00:53:08] [145/459] ESAP
[00:53:09] [146/459] NCPM
[00:53:10] [147/459] PCPA
[00:53:11] [148/459] MMOM
[00:53:12] [149/459] PHUP
[00:53:13] [150/459] CCPI
[00:53:14] [151/459] CNTD
[00:53:14] [152/459] NLJR
[00:53:15] [153/459] SRNG
[00:53:16] [154/459] MHAL
[00:53:17] [155/459] PNSM
[00:53:18] [156/459] DRMY
[00:53:18] [157/459] CCMU
[00:53:19] [158/459] SCMY
[00:53:20] [159/459] PVSY
[00:53:21] [160/459] SDLM
[00:53:22] [161/459] ICCM
[00:53:23] [162/459] PYSU
[00:53:24] [163/459] GATM
[00:53:25] [164/459] WOTM
[00:53:26] [165/459] RKTS
[00:53:27] [166/459] PMTY
[00:53:27] [167/459] LYMS
[00:53:28] [168/459] TGCA
[00:53:29] [169/459] DSTA
[00:53:30] [170/459] CNGE
[00:53:31] [171/459] VSTG
[00:53:31] [172/459] GTCK
[00:53:32] [173/459] TGNT
[00:53:33] [174/459] ASLC
[00:53:34] [175/459] SSST
[00:53:35] [176/459] KBTT
[00:53:36] [177/459] HKCP
[00:53:37] [178/459] SWLC
[00:53:37] [179/459] RTND
[00:53:38] [180/459] PKKT
[00:53:39] [181/459] HSTK
[00:53:40] [182/459] SPTT
[00:53:41] [183/459] IMPM
[00:53:41] [184/459] SCMV
[00:53:42] [185/459] SPCT
[00:53:43] [186/459] JBCA
[00:53:44] [187/459] ATTR
[00:53:45] [188/459] SPMT
[00:53:46] [189/459] LCTM
[00:53:46] [190/459] SCVL
[00:53:47] [191/459] SCVT
[00:53:48] [192/459] KRIC
[00:53:49] [193/459] CTMG
[00:53:49] [194/459] ACNC
[00:53:50] [195/459] DMCK
[00:53:51] [196/459] KMTV
[00:53:52] [197/459] PFCJ
[00:53:53] [198/459] VNMD
[00:53:54] [199/459] VPCZ
[00:53:55] [200/459] SRYR
[00:53:56] [201/459] SYTR
[00:53:56] [202/459] GATR
[00:53:58] [203/459] URTR
[00:53:59] [204/459] MKSM
[00:54:00] [205/459] VSMH
[00:54:01] [206/459] SKRJ
[00:54:02] [207/459] SSJR
[00:54:03] [208/459] SVSM
[00:54:04] [209/459] RUCM
[00:54:04] [210/459] PRKN
[00:54:05] [211/459] RROH
[00:54:06] [212/459] SCTN
[00:54:07] [213/459] RTDM
[00:54:08] [214/459] ASRM
[00:54:09] [215/459] SKMD
[00:54:10] [216/459] SUTD
[00:54:11] [217/459] SADM
[00:54:12] [218/459] WCNR
[00:54:13] [219/459] CNED
[00:54:14] [220/459] MPDB
[00:54:14] [221/459] KTBH
[00:54:15] [222/459] IDRM
[00:54:17] [223/459] PJJT
[00:54:17] [224/459] PFCV
[00:54:18] [225/459] AACT
[00:54:19] [226/459] AAAD
[00:54:20] [227/459] ANES
[00:54:21] [228/459] MNCA
[00:54:21] [229/459] RMGU
[00:54:23] [230/459] DLCN
[00:54:24] [231/459] LJWT
[00:54:25] [232/459] MCBG
[00:54:26] [233/459] MYBG
[00:54:27] [234/459] GCCA
[00:54:28] [235/459] GCGA
[00:54:29] [236/459] ECGN
[00:54:30] [237/459] PRAB
[00:54:31] [238/459] PNMP
[00:54:32] [239/459] GCPT
[00:54:33] [240/459] ROYN
[00:54:34] [241/459] VATM
[00:54:35] [242/459] KSNT
[00:54:36] [243/459] ACTC
[00:54:37] [244/459] PLTD
[00:54:37] [245/459] SKMK
[00:54:38] [246/459] CMTT
[00:54:39] [247/459] SMXP
[00:54:40] [248/459] SCMX
[00:54:41] [249/459] ACXN
[00:54:42] [250/459] ASWT
[00:54:43] [251/459] VVVL
[00:54:44] [252/459] NAGO
[00:54:45] [253/459] SNCN
[00:54:46] [254/459] MCKP
[00:54:46] [255/459] SAMO
[00:54:47] [256/459] JBTV
[00:54:48] [257/459] DCVV
[00:54:49] [258/459] KMSV
[00:54:50] [259/459] KDCN
[00:54:51] [260/459] CNCP
[00:54:52] [261/459] HAMC
[00:54:52] [262/459] CCVZ
[00:54:53] [263/459] NCCK
[00:54:54] [264/459] MCHR
[00:54:55] [265/459] SCHT
[00:54:56] [266/459] ESSH
[00:54:56] [267/459] CUJC
[00:54:58] [268/459] PECP
[00:54:59] [269/459] PMMI
[00:55:00] [270/459] PCCH
[00:55:01] [271/459] PRPM
[00:55:02] [272/459] PVKL
[00:55:03] [273/459] CBSM
[00:55:04] [274/459] PVCZ
[00:55:05] [275/459] PCVV
[00:55:06] [276/459] CTMJ
[00:55:06] [277/459] RCPS
[00:55:08] [278/459] PCIT
[00:55:09] [279/459] FNCH
[00:55:10] [280/459] INZD
[00:55:10] [281/459] INPC
[00:55:11] [282/459] LCZP
[00:55:12] [283/459] SMCB
[00:55:14] [284/459] PTSB
[00:55:14] [285/459] TPSI
[00:55:15] [286/459] KHMJ
[00:55:16] [287/459] RCCJ
[00:55:17] [288/459] NCJA
[00:55:18] [289/459] NCJN
[00:55:19] [290/459] BTDP
[00:55:21] [291/459] PADY
[00:55:22] [292/459] NYBH
[00:55:22] [293/459] MTBR
[00:55:23] [294/459] KRBC
[00:55:24] [295/459] DKTI
[00:55:25] [296/459] ANAN
[00:55:26] [297/459] INBP
[00:55:27] [298/459] PATB
[00:55:28] [299/459] RGNT
[00:55:28] [300/459] CGPM
[00:55:29] [301/459] INTN
[00:55:30] [302/459] MCMP
[00:55:31] [303/459] ASRG
[00:55:32] [304/459] CXJD
[00:55:32] [305/459] SPCP
[00:55:33] [306/459] CSTP
[00:55:34] [307/459] PKVC
[00:55:35] [308/459] ESCP
[00:55:36] [309/459] CAEP
[00:55:37] [310/459] CCSP
[00:55:38] [311/459] KTPC
[00:55:39] [312/459] DACA
[00:55:39] [313/459] NVKY
[00:55:40] [314/459] PTIN
[00:55:41] [315/459] SCIN
[00:55:42] [316/459] MCTY
[00:55:42] [317/459] PCMX
[00:55:43] [318/459] INIC
[00:55:44] [319/459] MMZM
[00:55:45] [320/459] SSLP
[00:55:46] [321/459] DTDT
[00:55:47] [322/459] FFCX
[00:55:47] [323/459] RCMM
[00:55:48] [324/459] KYID
[00:55:49] [325/459] CSCI
[00:55:50] [326/459] FCMC
[00:55:51] [327/459] MMXI
[00:55:52] [328/459] ASTC
[00:55:53] [329/459] CMRA
[00:55:53] [330/459] DICI
[00:55:54] [331/459] KDIN
[00:55:56] [332/459] PRFI
[00:55:57] [333/459] SVFC
[00:55:57] [334/459] UCPL
[00:55:58] [335/459] COOC
[00:55:59] [336/459] SCAL
[00:56:00] [337/459] SVFF
[00:56:00] [338/459] VCMG
[00:56:01] [339/459] UUCT
[00:56:02] [340/459] GCSE
[00:56:03] [341/459] SUSC
[00:56:04] [342/459] MISC
[00:56:05] [343/459] RMBL
[00:56:06] [344/459] CMXN
[00:56:07] [345/459] PVBK
[00:56:08] [346/459] HHCG
[00:56:09] [347/459] SCAG
[00:56:10] [348/459] CNPR
[00:56:11] [349/459] CSER
[00:56:12] [350/459] HLWD
[00:56:13] [351/459] BOLY
[00:56:13] [352/459] SSPG
[00:56:14] [353/459] MUPX
[00:56:15] [354/459] HAMR
[00:56:16] [355/459] SDNC
[00:56:17] [356/459] RTEN
[00:56:18] [357/459] SDTD
[00:56:20] [358/459] KAWS
[00:56:21] [359/459] CMZX
[00:56:21] [360/459] DCDD
[00:56:22] [361/459] ALSN
[00:56:23] [362/459] IMXS
[00:56:24] [363/459] PVFF
[00:56:25] [364/459] PVOO
[00:56:26] [365/459] CFBS
[00:56:26] [366/459] PVER
[00:56:28] [367/459] PPNX
[00:56:29] [368/459] CNRM
[00:56:30] [369/459] PVWW
[00:56:31] [370/459] INMB
[00:56:31] [371/459] CPJR
[00:56:33] [372/459] INRZ
[00:56:34] [373/459] PMSR
[00:56:35] [374/459] GPGM
[00:56:36] [375/459] PGWB
[00:56:36] [376/459] PMBR
[00:56:37] [377/459] GPAM
[00:56:38] [378/459] INBC
[00:56:39] [379/459] PZVK
[00:56:40] [380/459] CPEB
[00:56:40] [381/459] FMLB
[00:56:41] [382/459] INBG
[00:56:42] [383/459] GPBR
[00:56:43] [384/459] PAAS
[00:56:44] [385/459] VTBR
[00:56:45] [386/459] GPMY
[00:56:46] [387/459] GYBU
[00:56:46] [388/459] INBJ
[00:56:47] [389/459] LKTH
[00:56:48] [390/459] NSBR
[00:56:49] [391/459] PDRD
[00:56:50] [392/459] VRBL
[00:56:51] [393/459] VTGB
[00:56:52] [394/459] VTSK
[00:56:52] [395/459] BKDV
[00:56:53] [396/459] SVTB
[00:56:54] [397/459] MLDT
[00:56:55] [398/459] NRBL
[00:56:55] [399/459] SLTR
[00:56:56] [400/459] VNKA
[00:56:57] [401/459] TDCA
[00:56:58] [402/459] INBM
[00:56:59] [403/459] SSNR
[00:57:00] [404/459] BHAC
[00:57:02] [405/459] SDSD
[00:57:03] [406/459] SAMP
[00:57:04] [407/459] RATK
[00:57:04] [408/459] KCBI
[00:57:05] [409/459] URBL
[00:57:06] [410/459] MKBG
[00:57:07] [411/459] ASTB
[00:57:08] [412/459] VBWT
[00:57:09] [413/459] GPSM
[00:57:10] [414/459] ROON
[00:57:10] [415/459] CHTH
[00:57:11] [416/459] SSPA
[00:57:12] [417/459] ANBL
[00:57:13] [418/459] VTBE
[00:57:14] [419/459] SVKT
[00:57:14] [420/459] SVYK
[00:57:15] [421/459] PTBK
[00:57:17] [422/459] RKTB
[00:57:17] [423/459] BALT
[00:57:18] [424/459] STSV
[00:57:19] [425/459] VCCB
[00:57:20] [426/459] SLTB
[00:57:21] [427/459] SBCR
[00:57:22] [428/459] VDCS
[00:57:23] [429/459] MDKI
[00:57:24] [430/459] SMRN
[00:57:25] [431/459] PTBC
[00:57:25] [432/459] RADI
[00:57:27] [433/459] ADCR
[00:57:28] [434/459] SDCS
[00:57:29] [435/459] SRPJ
[00:57:30] [436/459] ARTS
[00:57:30] [437/459] SRHK
[00:57:31] [438/459] SPAY
[00:57:32] [439/459] GPTB
[00:57:33] [440/459] SNNN
[00:57:34] [441/459] BALJ
[00:57:35] [442/459] TRIG
[00:57:36] [443/459] GTYT
[00:57:37] [444/459] ATGN
[00:57:37] [445/459] ANTE
[00:57:38] [446/459] BDCG
[00:57:39] [447/459] VECI
[00:57:40] [448/459] SCPR
[00:57:41] [449/459] RTEA
[00:57:42] [450/459] JSAI
[00:57:43] [451/459] VJTP
[00:57:43] [452/459] GNDS
[00:57:44] [453/459] PAXA
[00:57:45] [454/459] CGGM
[00:57:46] [455/459] ACKZ
[00:57:47] [456/459] EMCC
[00:57:48] [457/459] KLSK
[00:57:49] [458/459] AVCK
[00:57:50] [459/459] JTCK
[00:57:51] ✅ DONE | Shows=0 | Movies=0
[01:53:50] 🚀 BMS DAILY TRACKER STARTED
[01:53:50] [1/459] NECA
[01:53:50] 🧠 New identity
[01:53:51] [2/459] BJLC
[01:53:52] [3/459] BASU
[01:53:52] [4/459] RUPI
[01:53:53] [5/459] LCBK
[01:53:54] [6/459] PMAC
[01:53:55] [7/459] AMLC
[01:53:56] [8/459] LICL
[01:53:57] [9/459] UDMM
[01:53:57] [10/459] STBZ
[01:53:58] [11/459] UUBT
[01:53:59] [12/459] SJKC
[01:54:00] [13/459] TUAL
[01:54:00] [14/459] MRSE
[01:54:01] [15/459] RMRK
[01:54:02] [16/459] TTKP
[01:54:03] [17/459] KTKO
[01:54:04] [18/459] SDBK
[01:54:04] [19/459] MCPR
[01:54:05] [20/459] CHTI
[01:54:06] [21/459] GCCP
[01:54:07] [22/459] SRMY
[01:54:07] [23/459] NYST
[01:54:08] [24/459] NYAG
[01:54:09] [25/459] SBMT
[01:54:10] [26/459] INGA
[01:54:11] [27/459] WSIC
[01:54:11] [28/459] SCSS
[01:54:12] [29/459] COPG
[01:54:13] [30/459] RCGR
[01:54:14] [31/459] TCZA
[01:54:14] [32/459] CNLP
[01:54:15] [33/459] CLKN
[01:54:16] [34/459] LHDF
[01:54:17] [35/459] ELKC
[01:54:17] [36/459] VCEM
[01:54:18] [37/459] SSZA
[01:54:20] [38/459] KRMT
[01:54:20] [39/459] LCMV
[01:54:21] [40/459] AYCZ
[01:54:22] [41/459] CUMS
[01:54:23] [42/459] BOCK
[01:54:24] [43/459] PNMR
[01:54:25] [44/459] PJCP
[01:54:25] [45/459] JDDD
[01:54:26] [46/459] STMS
[01:54:27] [47/459] FLMB
[01:54:28] [48/459] PKCM
[01:54:28] [49/459] SPPR
[01:54:29] [50/459] EYLH
[01:54:30] [51/459] RJCC
[01:54:30] [52/459] MMPS
[01:54:31] [53/459] SHMX
[01:54:32] [54/459] CCNL
[01:54:33] [55/459] RCNV
[01:54:34] [56/459] MAAG
[01:54:35] [57/459] LXCM
[01:54:36] [58/459] RCNI
[01:54:36] [59/459] SNNI
[01:54:37] [60/459] LALC
[01:54:38] [61/459] SOCN
[01:54:38] [62/459] JHTP
[01:54:39] [63/459] PITP
[01:54:40] [64/459] CCKW
[01:54:40] [65/459] MCMC
[01:54:41] [66/459] DEES
[01:54:42] [67/459] SABT
[01:54:43] [68/459] VSPP
[01:54:43] [69/459] ABCT
[01:54:44] [70/459] JVTB
[01:54:45] [71/459] VCBD
[01:54:45] [72/459] RMGG
[01:54:46] [73/459] RNMH
[01:54:47] [74/459] SPGL
[01:54:48] [75/459] JTTR
[01:54:49] [76/459] SICS
[01:54:50] [77/459] SRMI
[01:54:51] [78/459] SSIJ
[01:54:52] [79/459] KFMT
[01:54:53] [80/459] VBIT
[01:54:53] [81/459] JKCT
[01:54:54] [82/459] GCGP
[01:54:55] [83/459] GDCS
[01:54:56] [84/459] TRBA
[01:54:57] [85/459] QUST
[01:54:58] [86/459] VSHM
[01:54:59] [87/459] SDCP
[01:55:00] [88/459] SNVS
[01:55:01] [89/459] NYTO
[01:55:01] [90/459] URWC
[01:55:02] [91/459] GTWH
[01:55:03] [92/459] PFCM
[01:55:04] [93/459] KRTA
[01:55:05] [94/459] AXMC
[01:55:05] [95/459] EVMC
[01:55:07] [96/459] HGSM
[01:55:08] [97/459] ACVM
[01:55:09] [98/459] PSKL
[01:55:10] [99/459] RDMP
[01:55:10] [100/459] RHGH
[01:55:11] [101/459] OMCM
[01:55:12] [102/459] DCCP
[01:55:12] [103/459] MCPB
[01:55:13] [104/459] ALCI
[01:55:14] [105/459] BLMX
[01:55:15] [106/459] BTMV
[01:55:17] [107/459] FVPN
[01:55:17] [108/459] CMAR
[01:55:18] [109/459] CEIM
[01:55:19] [110/459] CMVA
[01:55:20] [111/459] CPIV
[01:55:21] [112/459] CNPE
[01:55:21] [113/459] COLV
[01:55:22] [114/459] DNNV
[01:55:23] [115/459] HCAD
[01:55:24] [116/459] TAKA
[01:55:25] [117/459] INVD
[01:55:25] [118/459] IRMM
[01:55:26] [119/459] INSE
[01:55:27] [120/459] MRSW
[01:55:27] [121/459] MCVD
[01:55:28] [122/459] MCSO
[01:55:29] [123/459] PEVM
[01:55:30] [124/459] PVNL
[01:55:30] [125/459] PTCV
[01:55:31] [126/459] PRTC
[01:55:32] [127/459] RCVA
[01:55:33] [128/459] MTBN
[01:55:33] [129/459] LUCP
[01:55:34] [130/459] FMPT
[01:55:35] [131/459] JLSL
[01:55:35] [132/459] SBHA
[01:55:36] [133/459] SHRC
[01:55:37] [134/459] AVPS
[01:55:38] [135/459] STPM
[01:55:38] [136/459] ATRD
[01:55:39] [137/459] VTED
[01:55:40] [138/459] ACAI
[01:55:41] [139/459] SMAE
[01:55:41] [140/459] VMAT
[01:55:42] [141/459] LKCT
[01:55:43] [142/459] JTVK
[01:55:43] [143/459] PRTY
[01:55:44] [144/459] GETT
[01:55:45] [145/459] ESAP
[01:55:45] [146/459] NCPM
[01:55:46] [147/459] PCPA
[01:55:47] [148/459] MMOM
[01:55:47] [149/459] PHUP
[01:55:48] [150/459] CCPI
[01:55:49] [151/459] CNTD
[01:55:49] [152/459] NLJR
[01:55:51] [153/459] SRNG
[01:55:52] [154/459] MHAL
[01:55:53] [155/459] PNSM
[01:55:54] [156/459] DRMY
[01:55:54] [157/459] CCMU
[01:55:55] [158/459] SCMY
[01:55:56] [159/459] PVSY
[01:55:57] [160/459] SDLM
[01:55:57] [161/459] ICCM
[01:55:58] [162/459] PYSU
[01:55:59] [163/459] GATM
[01:56:00] [164/459] WOTM
[01:56:00] [165/459] RKTS
[01:56:01] [166/459] PMTY
[01:56:02] [167/459] LYMS
[01:56:03] [168/459] TGCA
[01:56:04] [169/459] DSTA
[01:56:05] [170/459] CNGE
[01:56:05] [171/459] VSTG
[01:56:06] [172/459] GTCK
[01:56:07] [173/459] TGNT
[01:56:08] [174/459] ASLC
[01:56:08] [175/459] SSST
[01:56:09] [176/459] KBTT
[01:56:10] [177/459] HKCP
[01:56:11] [178/459] SWLC
[01:56:11] [179/459] RTND
[01:56:12] [180/459] PKKT
[01:56:13] [181/459] HSTK
[01:56:14] [182/459] SPTT
[01:56:15] [183/459] IMPM
[01:56:15] [184/459] SCMV
[01:56:16] [185/459] SPCT
[01:56:17] [186/459] JBCA
[01:56:18] [187/459] ATTR
[01:56:18] [188/459] SPMT
[01:56:19] [189/459] LCTM
[01:56:19] [190/459] SCVL
[01:56:20] [191/459] SCVT
[01:56:21] [192/459] KRIC
[01:56:22] [193/459] CTMG
[01:56:23] [194/459] ACNC
[01:56:23] [195/459] DMCK
[01:56:24] [196/459] KMTV
[01:56:25] [197/459] PFCJ
[01:56:26] [198/459] VNMD
[01:56:27] [199/459] VPCZ
[01:56:27] [200/459] SRYR
[01:56:27] [201/459] SYTR
[01:56:28] [202/459] GATR
[01:56:29] [203/459] URTR
[01:56:30] [204/459] MKSM
[01:56:30] [205/459] VSMH
[01:56:31] [206/459] SKRJ
[01:56:32] [207/459] SSJR
[01:56:33] [208/459] SVSM
[01:56:34] [209/459] RUCM
[01:56:35] [210/459] PRKN
[01:56:35] [211/459] RROH
[01:56:36] [212/459] SCTN
[01:56:37] [213/459] RTDM
[01:56:38] [214/459] ASRM
[01:56:38] [215/459] SKMD
[01:56:39] [216/459] SUTD
[01:56:40] [217/459] SADM
[01:56:41] [218/459] WCNR
[01:56:41] [219/459] CNED
[01:56:42] [220/459] MPDB
[01:56:43] [221/459] KTBH
[01:56:44] [222/459] IDRM
[01:56:45] [223/459] PJJT
[01:56:45] [224/459] PFCV
[01:56:46] [225/459] AACT
[01:56:47] [226/459] AAAD
[01:56:47] [227/459] ANES
[01:56:48] [228/459] MNCA
[01:56:49] [229/459] RMGU
[01:56:50] [230/459] DLCN
[01:56:50] [231/459] LJWT
[01:56:51] [232/459] MCBG
[01:56:52] [233/459] MYBG
[01:56:52] [234/459] GCCA
[01:56:53] [235/459] GCGA
[01:56:54] [236/459] ECGN
[01:56:55] [237/459] PRAB
[01:56:56] [238/459] PNMP
[01:56:56] [239/459] GCPT
[01:56:57] [240/459] ROYN
[01:56:59] [241/459] VATM
[01:56:59] [242/459] KSNT
[01:57:00] [243/459] ACTC
[01:57:01] [244/459] PLTD
[01:57:01] [245/459] SKMK
[01:57:02] [246/459] CMTT
[01:57:02] [247/459] SMXP
[01:57:03] [248/459] SCMX
[01:57:04] [249/459] ACXN
[01:57:05] [250/459] ASWT
[01:57:06] [251/459] VVVL
[01:57:06] [252/459] NAGO
[01:57:07] [253/459] SNCN
[01:57:09] [254/459] MCKP
[01:57:09] [255/459] SAMO
[01:57:10] [256/459] JBTV
[01:57:12] [257/459] DCVV
[01:57:12] [258/459] KMSV
[01:57:14] [259/459] KDCN
[01:57:15] [260/459] CNCP
[01:57:16] [261/459] HAMC
[01:57:16] [262/459] CCVZ
[01:57:17] [263/459] NCCK
[01:57:18] [264/459] MCHR
[01:57:20] [265/459] SCHT
[01:57:20] [266/459] ESSH
[01:57:21] [267/459] CUJC
[01:57:21] [268/459] PECP
[01:57:22] [269/459] PMMI
[01:57:23] [270/459] PCCH
[01:57:24] [271/459] PRPM
[01:57:24] [272/459] PVKL
[01:57:25] [273/459] CBSM
[01:57:26] [274/459] PVCZ
[01:57:27] [275/459] PCVV
[01:57:27] [276/459] CTMJ
[01:57:28] [277/459] RCPS
[01:57:29] [278/459] PCIT
[01:57:30] [279/459] FNCH
[01:57:31] [280/459] INZD
[01:57:31] [281/459] INPC
[01:57:32] [282/459] LCZP
[01:57:32] [283/459] SMCB
[01:57:32] [284/459] PTSB
[01:57:33] [285/459] TPSI
[01:57:34] [286/459] KHMJ
[01:57:34] [287/459] RCCJ
[01:57:35] [288/459] NCJA
[01:57:36] [289/459] NCJN
[01:57:37] [290/459] BTDP
[01:57:38] [291/459] PADY
[01:57:39] [292/459] NYBH
[01:57:40] [293/459] MTBR
[01:57:40] [294/459] KRBC
[01:57:41] [295/459] DKTI
[01:57:42] [296/459] ANAN
[01:57:43] [297/459] INBP
[01:57:44] [298/459] PATB
[01:57:45] [299/459] RGNT
[01:57:45] [300/459] CGPM
[01:57:46] [301/459] INTN
[01:57:47] [302/459] MCMP
[01:57:47] [303/459] ASRG
[01:57:48] [304/459] CXJD
[01:57:48] [305/459] SPCP
[01:57:49] [306/459] CSTP
[01:57:49] [307/459] PKVC
[01:57:50] [308/459] ESCP
[01:57:51] [309/459] CAEP
[01:57:51] [310/459] CCSP
[01:57:52] [311/459] KTPC
[01:57:52] [312/459] DACA
[01:57:53] [313/459] NVKY
[01:57:53] [314/459] PTIN
[01:57:54] [315/459] SCIN
[01:57:55] [316/459] MCTY
[01:57:56] [317/459] PCMX
[01:57:57] [318/459] INIC
[01:57:57] [319/459] MMZM
[01:57:58] [320/459] SSLP
[01:57:59] [321/459] DTDT
[01:57:59] [322/459] FFCX
[01:58:00] [323/459] RCMM
[01:58:01] [324/459] KYID
[01:58:02] [325/459] CSCI
[01:58:02] [326/459] FCMC
[01:58:03] [327/459] MMXI
[01:58:04] [328/459] ASTC
[01:58:04] [329/459] CMRA
[01:58:05] [330/459] DICI
[01:58:06] [331/459] KDIN
[01:58:07] [332/459] PRFI
[01:58:08] [333/459] SVFC
[01:58:08] [334/459] UCPL
[01:58:09] [335/459] COOC
[01:58:10] [336/459] SCAL
[01:58:10] [337/459] SVFF
[01:58:11] [338/459] VCMG
[01:58:11] [339/459] UUCT
[01:58:12] [340/459] GCSE
[01:58:13] [341/459] SUSC
[01:58:14] [342/459] MISC
[01:58:14] [343/459] RMBL
[01:58:15] [344/459] CMXN
[01:58:17] [345/459] PVBK
[01:58:18] [346/459] HHCG
[01:58:18] [347/459] SCAG
[01:58:19] [348/459] CNPR
[01:58:19] [349/459] CSER
[01:58:20] [350/459] HLWD
[01:58:21] [351/459] BOLY
[01:58:22] [352/459] SSPG
[01:58:22] [353/459] MUPX
[01:58:23] [354/459] HAMR
[01:58:24] [355/459] SDNC
[01:58:25] [356/459] RTEN
[01:58:26] [357/459] SDTD
[01:58:27] [358/459] KAWS
[01:58:27] [359/459] CMZX
[01:58:28] [360/459] DCDD
[01:58:28] [361/459] ALSN
[01:58:29] [362/459] IMXS
[01:58:30] [363/459] PVFF
[01:58:30] [364/459] PVOO
[01:58:31] [365/459] CFBS
[01:58:32] [366/459] PVER
[01:58:33] [367/459] PPNX
[01:58:34] [368/459] CNRM
[01:58:35] [369/459] PVWW
[01:58:36] [370/459] INMB
[01:58:36] [371/459] CPJR
[01:58:37] [372/459] INRZ
[01:58:38] [373/459] PMSR
[01:58:39] [374/459] GPGM
[01:58:40] [375/459] PGWB
[01:58:40] [376/459] PMBR
[01:58:41] [377/459] GPAM
[01:58:42] [378/459] INBC
[01:58:43] [379/459] PZVK
[01:58:43] [380/459] CPEB
[01:58:44] [381/459] FMLB
[01:58:45] [382/459] INBG
[01:58:45] [383/459] GPBR
[01:58:46] [384/459] PAAS
[01:58:47] [385/459] VTBR
[01:58:48] [386/459] GPMY
[01:58:48] [387/459] GYBU
[01:58:49] [388/459] INBJ
[01:58:50] [389/459] LKTH
[01:58:51] [390/459] NSBR
[01:58:51] [391/459] PDRD
[01:58:52] [392/459] VRBL
[01:58:52] [393/459] VTGB
[01:58:53] [394/459] VTSK
[01:58:54] [395/459] BKDV
[01:58:55] [396/459] SVTB
[01:58:55] [397/459] MLDT
[01:58:56] [398/459] NRBL
[01:58:57] [399/459] SLTR
[01:58:58] [400/459] VNKA
[01:58:59] [401/459] TDCA
[01:59:00] [402/459] INBM
[01:59:00] [403/459] SSNR
[01:59:01] [404/459] BHAC
[01:59:02] [405/459] SDSD
[01:59:02] [406/459] SAMP
[01:59:03] [407/459] RATK
[01:59:04] [408/459] KCBI
[01:59:05] [409/459] URBL
[01:59:06] [410/459] MKBG
[01:59:07] [411/459] ASTB
[01:59:07] [412/459] VBWT
[01:59:08] [413/459] GPSM
[01:59:09] [414/459] ROON
[01:59:09] [415/459] CHTH
[01:59:10] [416/459] SSPA
[01:59:11] [417/459] ANBL
[01:59:12] [418/459] VTBE
[01:59:12] [419/459] SVKT
[01:59:12] [420/459] SVYK
[01:59:14] [421/459] PTBK
[01:59:15] [422/459] RKTB
[01:59:15] [423/459] BALT
[01:59:16] [424/459] STSV
[01:59:17] [425/459] VCCB
[01:59:17] [426/459] SLTB
[01:59:18] [427/459] SBCR
[01:59:19] [428/459] VDCS
[01:59:20] [429/459] MDKI
[01:59:20] [430/459] SMRN
[01:59:20] [431/459] PTBC
[01:59:21] [432/459] RADI
[01:59:22] [433/459] ADCR
[01:59:23] [434/459] SDCS
[01:59:23] [435/459] SRPJ
[01:59:24] [436/459] ARTS
[01:59:24] [437/459] SRHK
[01:59:25] [438/459] SPAY
[01:59:25] [439/459] GPTB
[01:59:26] [440/459] SNNN
[01:59:27] [441/459] BALJ
[01:59:28] [442/459] TRIG
[01:59:28] [443/459] GTYT
[01:59:29] [444/459] ATGN
[01:59:30] [445/459] ANTE
[01:59:30] [446/459] BDCG
[01:59:31] [447/459] VECI
[01:59:32] [448/459] SCPR
[01:59:32] [449/459] RTEA
[01:59:33] [450/459] JSAI
[01:59:34] [451/459] VJTP
[01:59:34] [452/459] GNDS
[01:59:35] [453/459] PAXA
[01:59:35] [454/459] CGGM
[01:59:36] [455/459] ACKZ
[01:59:37] [456/459] EMCC
[01:59:37] [457/459] KLSK
[01:59:38] [458/459] AVCK
[01:59:38] [459/459] JTCK
[01:59:39] ✅ DONE | Shows=0 | Movies=0
