[10:06:54] 🚀 SCRIPT STARTED
[10:06:54] [1/459] NECA
[10:06:54] 🧠 New identity created
[10:06:55] [2/459] BJLC
[10:06:56] [3/459] BASU
[10:06:57] [4/459] RUPI
[10:06:58] [5/459] LCBK
[10:06:59] [6/459] PMAC
[10:07:00] [7/459] AMLC
[10:07:01] [8/459] LICL
[10:07:01] [9/459] UDMM
[10:07:03] [10/459] STBZ
[10:07:04] [11/459] UUBT
[10:07:05] [12/459] SJKC
[10:07:06] [13/459] TUAL
[10:07:07] [14/459] MRSE
[10:07:07] [15/459] RMRK
[10:07:08] [16/459] TTKP
[10:07:09] [17/459] KTKO
[10:07:10] [18/459] SDBK
[10:07:11] [19/459] MCPR
[10:07:12] [20/459] CHTI
[10:07:13] [21/459] GCCP
[10:07:14] [22/459] SRMY
[10:07:15] [23/459] NYST
[10:07:15] [24/459] NYAG
[10:07:16] [25/459] SBMT
[10:07:17] [26/459] INGA
[10:07:18] [27/459] WSIC
[10:07:19] [28/459] SCSS
[10:07:20] [29/459] COPG
[10:07:21] [30/459] RCGR
[10:07:21] [31/459] TCZA
[10:07:22] [32/459] CNLP
[10:07:23] [33/459] CLKN
[10:07:24] [34/459] LHDF
[10:07:25] [35/459] ELKC
[10:07:26] [36/459] VCEM
[10:07:27] [37/459] SSZA
[10:07:28] [38/459] KRMT
[10:07:30] [39/459] LCMV
[10:07:30] [40/459] AYCZ
[10:07:31] [41/459] CUMS
[10:07:32] [42/459] BOCK
[10:07:33] [43/459] PNMR
[10:07:34] [44/459] PJCP
[10:07:35] [45/459] JDDD
[10:07:36] [46/459] STMS
[10:07:36] [47/459] FLMB
[10:07:37] [48/459] PKCM
[10:07:39] [49/459] SPPR
[10:07:40] [50/459] EYLH
[10:07:41] [51/459] RJCC
[10:07:42] [52/459] MMPS
[10:07:43] [53/459] SHMX
[10:07:44] [54/459] CCNL
[10:07:45] [55/459] RCNV
[10:07:46] [56/459] MAAG
[10:07:47] [57/459] LXCM
[10:07:48] [58/459] RCNI
[10:07:49] [59/459] SNNI
[10:07:50] [60/459] LALC
[10:07:50] [61/459] SOCN
[10:07:52] [62/459] JHTP
[10:07:53] [63/459] PITP
[10:07:54] [64/459] CCKW
[10:07:55] [65/459] MCMC
[10:07:56] [66/459] DEES
[10:07:56] [67/459] SABT
[10:07:57] [68/459] VSPP
[10:07:58] [69/459] ABCT
[10:07:59] [70/459] JVTB
[10:07:59] [71/459] VCBD
[10:08:00] [72/459] RMGG
[10:08:01] [73/459] RNMH
[10:08:02] [74/459] SPGL
[10:08:04] [75/459] JTTR
[10:08:05] [76/459] SICS
[10:08:06] [77/459] SRMI
[10:08:07] [78/459] SSIJ
[10:08:07] [79/459] KFMT
[10:08:08] [80/459] VBIT
[10:08:09] [81/459] JKCT
[10:08:10] [82/459] GCGP
[10:08:11] [83/459] GDCS
[10:08:11] [84/459] TRBA
[10:08:12] [85/459] QUST
[10:08:13] [86/459] VSHM
[10:08:14] [87/459] SDCP
[10:08:15] [88/459] SNVS
[10:08:16] [89/459] NYTO
[10:08:16] [90/459] URWC
[10:08:17] [91/459] GTWH
[10:08:19] [92/459] PFCM
[10:08:19] [93/459] KRTA
[10:08:20] [94/459] AXMC
[10:08:21] [95/459] EVMC
[10:08:22] [96/459] HGSM
[10:08:23] [97/459] ACVM
[10:08:24] [98/459] PSKL
[10:08:25] [99/459] RDMP
[10:08:25] [100/459] RHGH
[10:08:26] [101/459] OMCM
[10:08:27] [102/459] DCCP
[10:08:28] [103/459] MCPB
[10:08:29] [104/459] ALCI
[10:08:30] [105/459] BLMX
[10:08:31] [106/459] BTMV
[10:08:32] [107/459] FVPN
[10:08:33] [108/459] CMAR
[10:08:34] [109/459] CEIM
[10:08:35] [110/459] CMVA
[10:08:36] [111/459] CPIV
[10:08:36] [112/459] CNPE
[10:08:37] [113/459] COLV
[10:08:38] [114/459] DNNV
[10:08:39] [115/459] HCAD
[10:08:40] [116/459] TAKA
[10:08:40] [117/459] INVD
[10:08:41] [118/459] IRMM
[10:08:42] [119/459] INSE
[10:08:44] [120/459] MRSW
[10:08:44] [121/459] MCVD
[10:08:45] [122/459] MCSO
[10:08:46] [123/459] PEVM
[10:08:47] [124/459] PVNL
[10:08:48] [125/459] PTCV
[10:08:49] [126/459] PRTC
[10:08:50] [127/459] RCVA
[10:08:50] [128/459] MTBN
[10:08:51] [129/459] LUCP
[10:08:52] [130/459] FMPT
[10:08:53] [131/459] JLSL
[10:08:54] [132/459] SBHA
[10:08:54] [133/459] SHRC
[10:08:55] [134/459] AVPS
[10:08:56] [135/459] STPM
[10:08:57] [136/459] ATRD
[10:08:59] [137/459] VTED
[10:09:00] [138/459] ACAI
[10:09:00] [139/459] SMAE
[10:09:01] [140/459] VMAT
[10:09:02] [141/459] LKCT
[10:09:03] [142/459] JTVK
[10:09:03] [143/459] PRTY
[10:09:05] [144/459] GETT
[10:09:06] [145/459] ESAP
[10:09:07] [146/459] NCPM
[10:09:08] [147/459] PCPA
[10:09:09] [148/459] MMOM
[10:09:10] [149/459] PHUP
[10:09:11] [150/459] CCPI
[10:09:12] [151/459] CNTD
[10:09:13] [152/459] NLJR
[10:09:13] [153/459] SRNG
[10:09:14] [154/459] MHAL
[10:09:15] [155/459] PNSM
[10:09:16] [156/459] DRMY
[10:09:17] [157/459] CCMU
[10:09:17] [158/459] SCMY
[10:09:18] [159/459] PVSY
[10:09:19] [160/459] SDLM
[10:09:20] [161/459] ICCM
[10:09:20] [162/459] PYSU
[10:09:21] [163/459] GATM
[10:09:22] [164/459] WOTM
[10:09:23] [165/459] RKTS
[10:09:24] [166/459] PMTY
[10:09:25] [167/459] LYMS
[10:09:26] [168/459] TGCA
[10:09:28] [169/459] DSTA
[10:09:29] [170/459] CNGE
[10:09:30] [171/459] VSTG
[10:09:31] [172/459] GTCK
[10:09:32] [173/459] TGNT
[10:09:32] [174/459] ASLC
[10:09:33] [175/459] SSST
[10:09:34] [176/459] KBTT
[10:09:35] [177/459] HKCP
[10:09:36] [178/459] SWLC
[10:09:37] [179/459] RTND
[10:09:38] [180/459] PKKT
[10:09:38] [181/459] HSTK
[10:09:39] [182/459] SPTT
[10:09:40] [183/459] IMPM
[10:09:41] [184/459] SCMV
[10:09:42] [185/459] SPCT
[10:09:43] [186/459] JBCA
[10:09:43] [187/459] ATTR
[10:09:44] [188/459] SPMT
[10:09:45] [189/459] LCTM
[10:09:45] [190/459] SCVL
[10:09:46] [191/459] SCVT
[10:09:47] [192/459] KRIC
[10:09:48] [193/459] CTMG
[10:09:49] [194/459] ACNC
[10:09:50] [195/459] DMCK
[10:09:50] [196/459] KMTV
[10:09:51] [197/459] PFCJ
[10:09:52] [198/459] VNMD
[10:09:53] [199/459] VPCZ
[10:09:54] [200/459] SRYR
[10:09:55] [201/459] SYTR
[10:09:56] [202/459] GATR
[10:09:57] [203/459] URTR
[10:09:58] [204/459] MKSM
[10:09:59] [205/459] VSMH
[10:10:00] [206/459] SKRJ
[10:10:01] [207/459] SSJR
[10:10:02] [208/459] SVSM
[10:10:03] [209/459] RUCM
[10:10:04] [210/459] PRKN
[10:10:04] [211/459] RROH
[10:10:05] [212/459] SCTN
[10:10:06] [213/459] RTDM
[10:10:07] [214/459] ASRM
[10:10:08] [215/459] SKMD
[10:10:09] [216/459] SUTD
[10:10:10] [217/459] SADM
[10:10:10] [218/459] WCNR
[10:10:11] [219/459] CNED
[10:10:13] [220/459] MPDB
[10:10:13] [221/459] KTBH
[10:10:14] [222/459] IDRM
[10:10:15] [223/459] PJJT
[10:10:16] [224/459] PFCV
[10:10:17] [225/459] AACT
[10:10:18] [226/459] AAAD
[10:10:19] [227/459] ANES
[10:10:20] [228/459] MNCA
[10:10:21] [229/459] RMGU
[10:10:22] [230/459] DLCN
[10:10:23] [231/459] LJWT
[10:10:24] [232/459] MCBG
[10:10:25] [233/459] MYBG
[10:10:26] [234/459] GCCA
[10:10:27] [235/459] GCGA
[10:10:28] [236/459] ECGN
[10:10:29] [237/459] PRAB
[10:10:30] [238/459] PNMP
[10:10:31] [239/459] GCPT
[10:10:32] [240/459] ROYN
[10:10:33] [241/459] VATM
[10:10:33] [242/459] KSNT
[10:10:34] [243/459] ACTC
[10:10:35] [244/459] PLTD
[10:10:37] [245/459] SKMK
[10:10:37] [246/459] CMTT
[10:10:38] [247/459] SMXP
[10:10:39] [248/459] SCMX
[10:10:40] [249/459] ACXN
[10:10:41] [250/459] ASWT
[10:10:41] [251/459] VVVL
[10:10:43] [252/459] NAGO
[10:10:44] [253/459] SNCN
[10:10:45] [254/459] MCKP
[10:10:45] [255/459] SAMO
[10:10:46] [256/459] JBTV
[10:10:47] [257/459] DCVV
[10:10:48] [258/459] KMSV
[10:10:48] [259/459] KDCN
[10:10:49] [260/459] CNCP
[10:10:51] [261/459] HAMC
[10:10:51] [262/459] CCVZ
[10:10:52] [263/459] NCCK
[10:10:54] [264/459] MCHR
[10:10:54] [265/459] SCHT
[10:10:55] [266/459] ESSH
[10:10:56] [267/459] CUJC
[10:10:57] [268/459] PECP
[10:10:58] [269/459] PMMI
[10:10:59] [270/459] PCCH
[10:11:00] [271/459] PRPM
[10:11:01] [272/459] PVKL
[10:11:01] [273/459] CBSM
[10:11:02] [274/459] PVCZ
[10:11:03] [275/459] PCVV
[10:11:04] [276/459] CTMJ
[10:11:04] [277/459] RCPS
[10:11:05] [278/459] PCIT
[10:11:07] [279/459] FNCH
[10:11:07] [280/459] INZD
[10:11:08] [281/459] INPC
[10:11:09] [282/459] LCZP
[10:11:10] [283/459] SMCB
[10:11:11] [284/459] PTSB
[10:11:12] [285/459] TPSI
[10:11:12] [286/459] KHMJ
[10:11:13] [287/459] RCCJ
[10:11:14] [288/459] NCJA
[10:11:15] [289/459] NCJN
[10:11:16] [290/459] BTDP
[10:11:16] [291/459] PADY
[10:11:17] [292/459] NYBH
[10:11:19] [293/459] MTBR
[10:11:19] [294/459] KRBC
[10:11:21] [295/459] DKTI
[10:11:22] [296/459] ANAN
[10:11:23] [297/459] INBP
[10:11:24] [298/459] PATB
[10:11:25] [299/459] RGNT
[10:11:26] [300/459] CGPM
[10:11:27] [301/459] INTN
[10:11:27] [302/459] MCMP
[10:11:28] [303/459] ASRG
[10:11:29] [304/459] CXJD
[10:11:30] [305/459] SPCP
[10:11:31] [306/459] CSTP
[10:11:31] [307/459] PKVC
[10:11:33] [308/459] ESCP
[10:11:34] [309/459] CAEP
[10:11:35] [310/459] CCSP
[10:11:35] [311/459] KTPC
[10:11:36] [312/459] DACA
[10:11:37] [313/459] NVKY
[10:11:38] [314/459] PTIN
[10:11:39] [315/459] SCIN
[10:11:39] [316/459] MCTY
[10:11:41] [317/459] PCMX
[10:11:42] [318/459] INIC
[10:11:43] [319/459] MMZM
[10:11:43] [320/459] SSLP
[10:11:44] [321/459] DTDT
[10:11:45] [322/459] FFCX
[10:11:46] [323/459] RCMM
[10:11:47] [324/459] KYID
[10:11:48] [325/459] CSCI
[10:11:48] [326/459] FCMC
[10:11:49] [327/459] MMXI
[10:11:50] [328/459] ASTC
[10:11:51] [329/459] CMRA
[10:11:51] [330/459] DICI
[10:11:53] [331/459] KDIN
[10:11:54] [332/459] PRFI
[10:11:54] [333/459] SVFC
[10:11:55] [334/459] UCPL
[10:11:56] [335/459] COOC
[10:11:58] [336/459] SCAL
[10:11:58] [337/459] SVFF
[10:11:59] [338/459] VCMG
[10:12:00] [339/459] UUCT
[10:12:01] [340/459] GCSE
[10:12:02] [341/459] SUSC
[10:12:02] [342/459] MISC
[10:12:03] [343/459] RMBL
[10:12:04] [344/459] CMXN
[10:12:05] [345/459] PVBK
[10:12:06] [346/459] HHCG
[10:12:07] [347/459] SCAG
[10:12:07] [348/459] CNPR
[10:12:08] [349/459] CSER
[10:12:10] [350/459] HLWD
[10:12:11] [351/459] BOLY
[10:12:12] [352/459] SSPG
[10:12:13] [353/459] MUPX
[10:12:14] [354/459] HAMR
[10:12:14] [355/459] SDNC
[10:12:16] [356/459] RTEN
[10:12:17] [357/459] SDTD
[10:12:17] [358/459] KAWS
[10:12:18] [359/459] CMZX
[10:12:19] [360/459] DCDD
[10:12:20] [361/459] ALSN
[10:12:20] [362/459] IMXS
[10:12:21] [363/459] PVFF
[10:12:22] [364/459] PVOO
[10:12:22] [365/459] CFBS
[10:12:23] [366/459] PVER
[10:12:24] [367/459] PPNX
[10:12:25] [368/459] CNRM
[10:12:26] [369/459] PVWW
[10:12:27] [370/459] INMB
[10:12:27] [371/459] CPJR
[10:12:28] [372/459] INRZ
[10:12:29] [373/459] PMSR
[10:12:30] [374/459] GPGM
[10:12:31] [375/459] PGWB
[10:12:32] [376/459] PMBR
[10:12:33] [377/459] GPAM
[10:12:34] [378/459] INBC
[10:12:35] [379/459] PZVK
[10:12:36] [380/459] CPEB
[10:12:37] [381/459] FMLB
[10:12:38] [382/459] INBG
[10:12:38] [383/459] GPBR
[10:12:40] [384/459] PAAS
[10:12:41] [385/459] VTBR
[10:12:42] [386/459] GPMY
[10:12:42] [387/459] GYBU
[10:12:44] [388/459] INBJ
[10:12:44] [389/459] LKTH
[10:12:45] [390/459] NSBR
[10:12:46] [391/459] PDRD
[10:12:47] [392/459] VRBL
[10:12:48] [393/459] VTGB
[10:12:49] [394/459] VTSK
[10:12:49] [395/459] BKDV
[10:12:51] [396/459] SVTB
[10:12:52] [397/459] MLDT
[10:12:53] [398/459] NRBL
[10:12:53] [399/459] SLTR
[10:12:54] [400/459] VNKA
[10:12:55] [401/459] TDCA
[10:12:56] [402/459] INBM
[10:12:57] [403/459] SSNR
[10:12:57] [404/459] BHAC
[10:12:58] [405/459] SDSD
[10:13:00] [406/459] SAMP
[10:13:01] [407/459] RATK
[10:13:01] [408/459] KCBI
[10:13:02] [409/459] URBL
[10:13:03] [410/459] MKBG
[10:13:03] [411/459] ASTB
[10:13:04] [412/459] VBWT
[10:13:05] [413/459] GPSM
[10:13:06] [414/459] ROON
[10:13:07] [415/459] CHTH
[10:13:08] [416/459] SSPA
[10:13:08] [417/459] ANBL
[10:13:09] [418/459] VTBE
[10:13:10] [419/459] SVKT
[10:13:11] [420/459] SVYK
[10:13:12] [421/459] PTBK
[10:13:13] [422/459] RKTB
[10:13:13] [423/459] BALT
[10:13:14] [424/459] STSV
[10:13:15] [425/459] VCCB
[10:13:16] [426/459] SLTB
[10:13:17] [427/459] SBCR
[10:13:18] [428/459] VDCS
[10:13:19] [429/459] MDKI
[10:13:21] [430/459] SMRN
[10:13:21] [431/459] PTBC
[10:13:22] [432/459] RADI
[10:13:23] [433/459] ADCR
[10:13:25] [434/459] SDCS
[10:13:25] [435/459] SRPJ
[10:13:27] [436/459] ARTS
[10:13:27] [437/459] SRHK
[10:13:28] [438/459] SPAY
[10:13:29] [439/459] GPTB
[10:13:30] [440/459] SNNN
[10:13:31] [441/459] BALJ
[10:13:32] [442/459] TRIG
[10:13:33] [443/459] GTYT
[10:13:34] [444/459] ATGN
[10:13:35] [445/459] ANTE
[10:13:35] [446/459] BDCG
[10:13:36] [447/459] VECI
[10:13:38] [448/459] SCPR
[10:13:38] [449/459] RTEA
[10:13:39] [450/459] JSAI
[10:13:40] [451/459] VJTP
[10:13:41] [452/459] GNDS
[10:13:42] [453/459] PAXA
[10:13:43] [454/459] CGGM
[10:13:44] [455/459] ACKZ
[10:13:45] [456/459] EMCC
[10:13:47] [457/459] KLSK
[10:13:48] [458/459] AVCK
[10:13:48] [459/459] JTCK
[10:13:49] 🧹 Deduping shows
[10:13:49] ✅ DONE | Shows=8 | Movies=1
[16:42:16] 🚀 SCRIPT STARTED
[16:42:16] [1/459] NECA
[16:42:16] 🧠 New identity created
[16:42:17] [2/459] BJLC
[16:42:18] [3/459] BASU
[16:42:19] [4/459] RUPI
[16:42:20] [5/459] LCBK
[16:42:21] [6/459] PMAC
[16:42:22] [7/459] AMLC
[16:42:23] [8/459] LICL
[16:42:24] [9/459] UDMM
[16:42:25] [10/459] STBZ
[16:42:26] [11/459] UUBT
[16:42:28] [12/459] SJKC
[16:42:29] [13/459] TUAL
[16:42:29] [14/459] MRSE
[16:42:30] [15/459] RMRK
[16:42:31] [16/459] TTKP
[16:42:32] [17/459] KTKO
[16:42:33] [18/459] SDBK
[16:42:34] [19/459] MCPR
[16:42:34] [20/459] CHTI
[16:42:35] [21/459] GCCP
[16:42:36] [22/459] SRMY
[16:42:37] [23/459] NYST
[16:42:38] [24/459] NYAG
[16:42:39] [25/459] SBMT
[16:42:40] [26/459] INGA
[16:42:41] [27/459] WSIC
[16:42:42] [28/459] SCSS
[16:42:42] [29/459] COPG
[16:42:43] [30/459] RCGR
[16:42:44] [31/459] TCZA
[16:42:45] [32/459] CNLP
[16:42:46] [33/459] CLKN
[16:42:47] [34/459] LHDF
[16:42:48] [35/459] ELKC
[16:42:48] [36/459] VCEM
[16:42:49] [37/459] SSZA
[16:42:51] [38/459] KRMT
[16:42:52] [39/459] LCMV
[16:42:53] [40/459] AYCZ
[16:42:54] [41/459] CUMS
[16:42:54] [42/459] BOCK
[16:42:55] [43/459] PNMR
[16:42:56] [44/459] PJCP
[16:42:57] [45/459] JDDD
[16:42:58] [46/459] STMS
[16:42:59] [47/459] FLMB
[16:43:00] [48/459] PKCM
[16:43:01] [49/459] SPPR
[16:43:01] [50/459] EYLH
[16:43:02] [51/459] RJCC
[16:43:03] [52/459] MMPS
[16:43:04] [53/459] SHMX
[16:43:05] [54/459] CCNL
[16:43:06] [55/459] RCNV
[16:43:07] [56/459] MAAG
[16:43:08] [57/459] LXCM
[16:43:09] [58/459] RCNI
[16:43:10] [59/459] SNNI
[16:43:11] [60/459] LALC
[16:43:12] [61/459] SOCN
[16:43:12] [62/459] JHTP
[16:43:13] [63/459] PITP
[16:43:14] [64/459] CCKW
[16:43:15] [65/459] MCMC
[16:43:16] [66/459] DEES
[16:43:17] [67/459] SABT
[16:43:18] [68/459] VSPP
[16:43:19] [69/459] ABCT
[16:43:20] [70/459] JVTB
[16:43:21] [71/459] VCBD
[16:43:22] [72/459] RMGG
[16:43:23] [73/459] RNMH
[16:43:23] [74/459] SPGL
[16:43:24] [75/459] JTTR
[16:43:25] [76/459] SICS
[16:43:26] [77/459] SRMI
[16:43:27] [78/459] SSIJ
[16:43:28] [79/459] KFMT
[16:43:28] [80/459] VBIT
[16:43:30] [81/459] JKCT
[16:43:31] [82/459] GCGP
[16:43:32] [83/459] GDCS
[16:43:33] [84/459] TRBA
[16:43:34] [85/459] QUST
[16:43:34] [86/459] VSHM
[16:43:35] [87/459] SDCP
[16:43:37] [88/459] SNVS
[16:43:38] [89/459] NYTO
[16:43:38] [90/459] URWC
[16:43:39] [91/459] GTWH
[16:43:40] [92/459] PFCM
[16:43:41] [93/459] KRTA
[16:43:41] [94/459] AXMC
[16:43:42] [95/459] EVMC
[16:43:43] [96/459] HGSM
[16:43:44] [97/459] ACVM
[16:43:45] [98/459] PSKL
[16:43:45] [99/459] RDMP
[16:43:46] [100/459] RHGH
[16:43:47] [101/459] OMCM
[16:43:48] [102/459] DCCP
[16:43:50] [103/459] MCPB
[16:43:50] [104/459] ALCI
[16:43:51] [105/459] BLMX
[16:43:53] [106/459] BTMV
[16:43:54] [107/459] FVPN
[16:43:54] [108/459] CMAR
[16:43:56] [109/459] CEIM
[16:43:57] [110/459] CMVA
[16:43:58] [111/459] CPIV
[16:43:59] [112/459] CNPE
[16:44:00] [113/459] COLV
[16:44:00] [114/459] DNNV
[16:44:01] [115/459] HCAD
[16:44:02] [116/459] TAKA
[16:44:03] [117/459] INVD
[16:44:04] [118/459] IRMM
[16:44:05] [119/459] INSE
[16:44:06] [120/459] MRSW
[16:44:07] [121/459] MCVD
[16:44:08] [122/459] MCSO
[16:44:08] [123/459] PEVM
[16:44:09] [124/459] PVNL
[16:44:10] [125/459] PTCV
[16:44:11] [126/459] PRTC
[16:44:12] [127/459] RCVA
[16:44:13] [128/459] MTBN
[16:44:14] [129/459] LUCP
[16:44:14] [130/459] FMPT
[16:44:15] [131/459] JLSL
[16:44:16] [132/459] SBHA
[16:44:17] [133/459] SHRC
[16:44:18] [134/459] AVPS
[16:44:19] [135/459] STPM
[16:44:19] [136/459] ATRD
[16:44:20] [137/459] VTED
[16:44:21] [138/459] ACAI
[16:44:22] [139/459] SMAE
[16:44:23] [140/459] VMAT
[16:44:24] [141/459] LKCT
[16:44:24] [142/459] JTVK
[16:44:25] [143/459] PRTY
[16:44:26] [144/459] GETT
[16:44:27] [145/459] ESAP
[16:44:27] [146/459] NCPM
[16:44:28] [147/459] PCPA
[16:44:29] [148/459] MMOM
[16:44:30] [149/459] PHUP
[16:44:31] [150/459] CCPI
[16:44:32] [151/459] CNTD
[16:44:34] [152/459] NLJR
[16:44:35] [153/459] SRNG
[16:44:35] [154/459] MHAL
[16:44:36] [155/459] PNSM
[16:44:37] [156/459] DRMY
[16:44:38] [157/459] CCMU
[16:44:38] [158/459] SCMY
[16:44:39] [159/459] PVSY
[16:44:40] [160/459] SDLM
[16:44:41] [161/459] ICCM
[16:44:42] [162/459] PYSU
[16:44:43] [163/459] GATM
[16:44:44] [164/459] WOTM
[16:44:45] [165/459] RKTS
[16:44:46] [166/459] PMTY
[16:44:47] [167/459] LYMS
[16:44:48] [168/459] TGCA
[16:44:49] [169/459] DSTA
[16:44:50] [170/459] CNGE
[16:44:51] [171/459] VSTG
[16:44:51] [172/459] GTCK
[16:44:52] [173/459] TGNT
[16:44:53] [174/459] ASLC
[16:44:54] [175/459] SSST
[16:44:54] [176/459] KBTT
[16:44:55] [177/459] HKCP
[16:44:56] [178/459] SWLC
[16:44:57] [179/459] RTND
[16:44:58] [180/459] PKKT
[16:44:59] [181/459] HSTK
[16:45:00] [182/459] SPTT
[16:45:00] [183/459] IMPM
[16:45:01] [184/459] SCMV
[16:45:02] [185/459] SPCT
[16:45:03] [186/459] JBCA
[16:45:05] [187/459] ATTR
[16:45:06] [188/459] SPMT
[16:45:07] [189/459] LCTM
[16:45:08] [190/459] SCVL
[16:45:08] [191/459] SCVT
[16:45:10] [192/459] KRIC
[16:45:11] [193/459] CTMG
[16:45:12] [194/459] ACNC
[16:45:13] [195/459] DMCK
[16:45:14] [196/459] KMTV
[16:45:15] [197/459] PFCJ
[16:45:16] [198/459] VNMD
[16:45:17] [199/459] VPCZ
[16:45:17] [200/459] SRYR
[16:45:18] [201/459] SYTR
[16:45:19] [202/459] GATR
[16:45:20] [203/459] URTR
[16:45:21] [204/459] MKSM
[16:45:22] [205/459] VSMH
[16:45:23] [206/459] SKRJ
[16:45:24] [207/459] SSJR
[16:45:24] [208/459] SVSM
[16:45:25] [209/459] RUCM
[16:45:26] [210/459] PRKN
[16:45:27] [211/459] RROH
[16:45:27] [212/459] SCTN
[16:45:28] [213/459] RTDM
[16:45:29] [214/459] ASRM
[16:45:30] [215/459] SKMD
[16:45:32] [216/459] SUTD
[16:45:33] [217/459] SADM
[16:45:33] [218/459] WCNR
[16:45:34] [219/459] CNED
[16:45:35] [220/459] MPDB
[16:45:36] [221/459] KTBH
[16:45:37] [222/459] IDRM
[16:45:38] [223/459] PJJT
[16:45:39] [224/459] PFCV
[16:45:39] [225/459] AACT
[16:45:40] [226/459] AAAD
[16:45:42] [227/459] ANES
[16:45:43] [228/459] MNCA
[16:45:43] [229/459] RMGU
[16:45:44] [230/459] DLCN
[16:45:46] [231/459] LJWT
[16:45:47] [232/459] MCBG
[16:45:48] [233/459] MYBG
[16:45:49] [234/459] GCCA
[16:45:50] [235/459] GCGA
[16:45:50] [236/459] ECGN
[16:45:51] [237/459] PRAB
[16:45:52] [238/459] PNMP
[16:45:53] [239/459] GCPT
[16:45:54] [240/459] ROYN
[16:45:55] [241/459] VATM
[16:45:56] [242/459] KSNT
[16:45:57] [243/459] ACTC
[16:45:57] [244/459] PLTD
[16:45:58] [245/459] SKMK
[16:45:59] [246/459] CMTT
[16:46:00] [247/459] SMXP
[16:46:01] [248/459] SCMX
[16:46:02] [249/459] ACXN
[16:46:02] [250/459] ASWT
[16:46:03] [251/459] VVVL
[16:46:04] [252/459] NAGO
[16:46:05] [253/459] SNCN
[16:46:06] [254/459] MCKP
[16:46:07] [255/459] SAMO
[16:46:08] [256/459] JBTV
[16:46:08] [257/459] DCVV
[16:46:09] [258/459] KMSV
[16:46:10] [259/459] KDCN
[16:46:10] [260/459] CNCP
[16:46:11] [261/459] HAMC
[16:46:12] [262/459] CCVZ
[16:46:13] [263/459] NCCK
[16:46:14] [264/459] MCHR
[16:46:14] [265/459] SCHT
[16:46:15] [266/459] ESSH
[16:46:16] [267/459] CUJC
[16:46:17] [268/459] PECP
[16:46:18] [269/459] PMMI
[16:46:19] [270/459] PCCH
[16:46:19] [271/459] PRPM
[16:46:21] [272/459] PVKL
[16:46:21] [273/459] CBSM
[16:46:22] [274/459] PVCZ
[16:46:23] [275/459] PCVV
[16:46:24] [276/459] CTMJ
[16:46:25] [277/459] RCPS
[16:46:26] [278/459] PCIT
[16:46:27] [279/459] FNCH
[16:46:28] [280/459] INZD
[16:46:28] [281/459] INPC
[16:46:29] [282/459] LCZP
[16:46:30] [283/459] SMCB
[16:46:31] [284/459] PTSB
[16:46:32] [285/459] TPSI
[16:46:33] [286/459] KHMJ
[16:46:34] [287/459] RCCJ
[16:46:34] [288/459] NCJA
[16:46:35] [289/459] NCJN
[16:46:37] [290/459] BTDP
[16:46:38] [291/459] PADY
[16:46:38] [292/459] NYBH
[16:46:39] [293/459] MTBR
[16:46:40] [294/459] KRBC
[16:46:41] [295/459] DKTI
[16:46:42] [296/459] ANAN
[16:46:43] [297/459] INBP
[16:46:44] [298/459] PATB
[16:46:45] [299/459] RGNT
[16:46:47] [300/459] CGPM
[16:46:47] [301/459] INTN
[16:46:49] [302/459] MCMP
[16:46:50] [303/459] ASRG
[16:46:51] [304/459] CXJD
[16:46:51] [305/459] SPCP
[16:46:52] [306/459] CSTP
[16:46:53] [307/459] PKVC
[16:46:54] [308/459] ESCP
[16:46:55] [309/459] CAEP
[16:46:56] [310/459] CCSP
[16:46:56] [311/459] KTPC
[16:46:57] [312/459] DACA
[16:46:58] [313/459] NVKY
[16:47:00] [314/459] PTIN
[16:47:01] [315/459] SCIN
[16:47:02] [316/459] MCTY
[16:47:02] [317/459] PCMX
[16:47:03] [318/459] INIC
[16:47:04] [319/459] MMZM
[16:47:05] [320/459] SSLP
[16:47:06] [321/459] DTDT
[16:47:07] [322/459] FFCX
[16:47:07] [323/459] RCMM
[16:47:08] [324/459] KYID
[16:47:09] [325/459] CSCI
[16:47:10] [326/459] FCMC
[16:47:11] [327/459] MMXI
[16:47:12] [328/459] ASTC
[16:47:12] [329/459] CMRA
[16:47:13] [330/459] DICI
[16:47:14] [331/459] KDIN
[16:47:15] [332/459] PRFI
[16:47:16] [333/459] SVFC
[16:47:17] [334/459] UCPL
[16:47:18] [335/459] COOC
[16:47:19] [336/459] SCAL
[16:47:20] [337/459] SVFF
[16:47:21] [338/459] VCMG
[16:47:22] [339/459] UUCT
[16:47:23] [340/459] GCSE
[16:47:23] [341/459] SUSC
[16:47:24] [342/459] MISC
[16:47:26] [343/459] RMBL
[16:47:27] [344/459] CMXN
[16:47:28] [345/459] PVBK
[16:47:28] [346/459] HHCG
[16:47:30] [347/459] SCAG
[16:47:31] [348/459] CNPR
[16:47:33] [349/459] CSER
[16:47:33] [350/459] HLWD
[16:47:35] [351/459] BOLY
[16:47:35] [352/459] SSPG
[16:47:36] [353/459] MUPX
[16:47:37] [354/459] HAMR
[16:47:38] [355/459] SDNC
[16:47:38] [356/459] RTEN
[16:47:39] [357/459] SDTD
[16:47:40] [358/459] KAWS
[16:47:41] [359/459] CMZX
[16:47:42] [360/459] DCDD
[16:47:43] [361/459] ALSN
[16:47:44] [362/459] IMXS
[16:47:44] [363/459] PVFF
[16:47:45] [364/459] PVOO
[16:47:46] [365/459] CFBS
[16:47:47] [366/459] PVER
[16:47:48] [367/459] PPNX
[16:47:49] [368/459] CNRM
[16:47:50] [369/459] PVWW
[16:47:51] [370/459] INMB
[16:47:52] [371/459] CPJR
[16:47:53] [372/459] INRZ
[16:47:54] [373/459] PMSR
[16:47:55] [374/459] GPGM
[16:47:56] [375/459] PGWB
[16:47:57] [376/459] PMBR
[16:47:58] [377/459] GPAM
[16:47:59] [378/459] INBC
[16:48:00] [379/459] PZVK
[16:48:01] [380/459] CPEB
[16:48:02] [381/459] FMLB
[16:48:03] [382/459] INBG
[16:48:04] [383/459] GPBR
[16:48:04] [384/459] PAAS
[16:48:05] [385/459] VTBR
[16:48:06] [386/459] GPMY
[16:48:07] [387/459] GYBU
[16:48:08] [388/459] INBJ
[16:48:09] [389/459] LKTH
[16:48:10] [390/459] NSBR
[16:48:11] [391/459] PDRD
[16:48:11] [392/459] VRBL
[16:48:13] [393/459] VTGB
[16:48:14] [394/459] VTSK
[16:48:15] [395/459] BKDV
[16:48:16] [396/459] SVTB
[16:48:17] [397/459] MLDT
[16:48:18] [398/459] NRBL
[16:48:19] [399/459] SLTR
[16:48:20] [400/459] VNKA
[16:48:21] [401/459] TDCA
[16:48:22] [402/459] INBM
[16:48:24] [403/459] SSNR
[16:48:24] [404/459] BHAC
[16:48:25] [405/459] SDSD
[16:48:26] [406/459] SAMP
[16:48:27] [407/459] RATK
[16:48:28] [408/459] KCBI
[16:48:29] [409/459] URBL
[16:48:30] [410/459] MKBG
[16:48:32] [411/459] ASTB
[16:48:32] [412/459] VBWT
[16:48:33] [413/459] GPSM
[16:48:34] [414/459] ROON
[16:48:34] [415/459] CHTH
[16:48:35] [416/459] SSPA
[16:48:36] [417/459] ANBL
[16:48:37] [418/459] VTBE
[16:48:38] [419/459] SVKT
[16:48:39] [420/459] SVYK
[16:48:40] [421/459] PTBK
[16:48:41] [422/459] RKTB
[16:48:42] [423/459] BALT
[16:48:44] [424/459] STSV
[16:48:44] [425/459] VCCB
[16:48:46] [426/459] SLTB
[16:48:47] [427/459] SBCR
[16:48:48] [428/459] VDCS
[16:48:49] [429/459] MDKI
[16:48:50] [430/459] SMRN
[16:48:51] [431/459] PTBC
[16:48:52] [432/459] RADI
[16:48:53] [433/459] ADCR
[16:48:54] [434/459] SDCS
[16:48:55] [435/459] SRPJ
[16:48:56] [436/459] ARTS
[16:48:56] [437/459] SRHK
[16:48:57] [438/459] SPAY
[16:48:58] [439/459] GPTB
[16:48:59] [440/459] SNNN
[16:49:00] [441/459] BALJ
[16:49:00] [442/459] TRIG
[16:49:01] [443/459] GTYT
[16:49:02] [444/459] ATGN
[16:49:03] [445/459] ANTE
[16:49:04] [446/459] BDCG
[16:49:04] [447/459] VECI
[16:49:05] [448/459] SCPR
[16:49:06] [449/459] RTEA
[16:49:07] [450/459] JSAI
[16:49:08] [451/459] VJTP
[16:49:09] [452/459] GNDS
[16:49:10] [453/459] PAXA
[16:49:11] [454/459] CGGM
[16:49:11] [455/459] ACKZ
[16:49:12] [456/459] EMCC
[16:49:13] [457/459] KLSK
[16:49:14] [458/459] AVCK
[16:49:15] [459/459] JTCK
[16:49:16] 🧹 Deduping shows
[16:49:16] ✅ DONE | Shows=22 | Movies=1
