[10:06:55] 🚀 SCRIPT STARTED
[10:06:55] [1/459] FNDB
[10:06:55] 🧠 New identity created
[10:06:56] [2/459] AMBH
[10:06:57] [3/459] PRHN
[10:06:59] [4/459] ACPM
[10:07:00] [5/459] PVFS
[10:07:00] [6/459] AACN
[10:07:01] [7/459] ACAS
[10:07:02] [8/459] CTNR
[10:07:03] [9/459] MMAH
[10:07:04] [10/459] CPMH
[10:07:05] [11/459] IGMH
[10:07:06] [12/459] ABCS
[10:07:07] [13/459] CMMA
[10:07:07] [14/459] GPRH
[10:07:08] [15/459] PNNG
[10:07:10] [16/459] AMCA
[10:07:10] [17/459] ISTN
[10:07:11] [18/459] PIIC
[10:07:12] [19/459] AHMH
[10:07:13] [20/459] ASHN
[10:07:14] [21/459] INHY
[10:07:15] [22/459] SRMO
[10:07:16] [23/459] PIMH
[10:07:16] [24/459] PVTS
[10:07:17] [25/459] MMCA
[10:07:18] [26/459] AKYJ
[10:07:19] [27/459] BRKH
[10:07:20] [28/459] MAHM
[10:07:21] [29/459] CPHY
[10:07:22] [30/459] PVTP
[10:07:23] [31/459] SMMR
[10:07:24] [32/459] PVHM
[10:07:25] [33/459] SNDY
[10:07:27] [34/459] GOKU
[10:07:28] [35/459] ACEV
[10:07:29] [36/459] PVUM
[10:07:31] [37/459] VSWA
[10:07:32] [38/459] IPRS
[10:07:32] [39/459] ASGN
[10:07:33] [40/459] BKMV
[10:07:34] [41/459] PVYH
[10:07:35] [42/459] INKM
[10:07:36] [43/459] ARJU
[10:07:37] [44/459] JJPP
[10:07:38] [45/459] SSRM
[10:07:39] [46/459] HMHD
[10:07:40] [47/459] SNKH
[10:07:41] [48/459] ACHI
[10:07:42] [49/459] MRAA
[10:07:43] [50/459] INMH
[10:07:44] [51/459] ARMH
[10:07:44] [52/459] DVRR
[10:07:45] [53/459] SUDA
[10:07:46] [54/459] MCSS
[10:07:47] [55/459] VRKC
[10:07:48] [56/459] PRCX
[10:07:49] [57/459] ASJY
[10:07:50] [58/459] MTHY
[10:07:50] [59/459] SRCM
[10:07:52] [60/459] TVHY
[10:07:53] [61/459] STHD
[10:07:54] [62/459] CPCL
[10:07:55] [63/459] PSMJ
[10:07:56] [64/459] MRGT
[10:07:57] [65/459] ARYH
[10:07:57] [66/459] VTRB
[10:07:59] [67/459] SCHC
[10:08:00] [68/459] MRRG
[10:08:01] [69/459] SPCB
[10:08:02] [70/459] AMCM
[10:08:02] [71/459] IVNM
[10:08:03] [72/459] TRHY
[10:08:04] [73/459] PTTH
[10:08:05] [74/459] RKMH
[10:08:06] [75/459] PRCS
[10:08:07] [76/459] VAJA
[10:08:07] [77/459] BJNG
[10:08:08] [78/459] SCVM
[10:08:09] [79/459] GNHB
[10:08:10] [80/459] TLUR
[10:08:10] [81/459] UKCC
[10:08:12] [82/459] SRKR
[10:08:13] [83/459] RMKN
[10:08:14] [84/459] SLRT
[10:08:15] [85/459] LKMT
[10:08:16] [86/459] SSRJ
[10:08:17] [87/459] SPHT
[10:08:18] [88/459] ANTT
[10:08:19] [89/459] SRCH
[10:08:20] [90/459] SRCA
[10:08:20] [91/459] ARTH
[10:08:21] [92/459] MCBH
[10:08:22] [93/459] SNIB
[10:08:23] [94/459] SART
[10:08:24] [95/459] SKTA
[10:08:24] [96/459] YAKT
[10:08:26] [97/459] MLCK
[10:08:27] [98/459] ANTS
[10:08:27] [99/459] DGCA
[10:08:28] [100/459] SGMP
[10:08:29] [101/459] ASWN
[10:08:30] [102/459] KFVU
[10:08:30] [103/459] POOR
[10:08:31] [104/459] GKDN
[10:08:32] [105/459] EOSE
[10:08:33] [106/459] GTTT
[10:08:34] [107/459] ARRO
[10:08:35] [108/459] CMMK
[10:08:35] [109/459] MSCN
[10:08:37] [110/459] GDKH
[10:08:38] [111/459] DLMT
[10:08:39] [112/459] PVMF
[10:08:39] [113/459] CPCK
[10:08:40] [114/459] VMHE
[10:08:41] [115/459] PVLC
[10:08:41] [116/459] PCVB
[10:08:42] [117/459] SNYK
[10:08:42] [118/459] KTEK
[10:08:43] [119/459] PCNM
[10:08:43] [120/459] NTTR
[10:08:44] [121/459] CPSK
[10:08:44] [122/459] JMMA
[10:08:45] [123/459] GCFK
[10:08:46] [124/459] MYCA
[10:08:46] [125/459] KSNP
[10:08:47] [126/459] PMCE
[10:08:47] [127/459] SCKI
[10:08:48] [128/459] FSMA
[10:08:49] [129/459] CETA
[10:08:49] [130/459] MCIK
[10:08:50] [131/459] MYCR
[10:08:51] [132/459] EVMP
[10:08:51] [133/459] SSGT
[10:08:52] [134/459] KCTK
[10:08:52] [135/459] ZTKC
[10:08:52] [136/459] MMTA
[10:08:53] [137/459] MAJT
[10:08:53] [138/459] ACPK
[10:08:54] [139/459] JMAX
[10:08:55] [140/459] SETK
[10:08:55] [141/459] CAIS
[10:08:56] [142/459] AGCD
[10:08:57] [143/459] URCL
[10:08:57] [144/459] VTDS
[10:08:58] [145/459] JCNM
[10:08:59] [146/459] KCAM
[10:08:59] [147/459] ADCU
[10:09:00] [148/459] GXYN
[10:09:01] [149/459] SMJG
[10:09:01] [150/459] EYCJ
[10:09:02] [151/459] CCEJ
[10:09:03] [152/459] MARS
[10:09:03] [153/459] CPVJ
[10:09:04] [154/459] INVP
[10:09:04] [155/459] CPOV
[10:09:05] [156/459] VIJK
[10:09:05] [157/459] LAIM
[10:09:06] [158/459] STHV
[10:09:07] [159/459] SVLJ
[10:09:07] [160/459] ATVJ
[10:09:08] [161/459] JTSC
[10:09:08] [162/459] RMTV
[10:09:09] [163/459] MGGG
[10:09:09] [164/459] SWTH
[10:09:10] [165/459] INVJ
[10:09:11] [166/459] PRSV
[10:09:11] [167/459] JATV
[10:09:12] [168/459] RCVD
[10:09:12] [169/459] BDMA
[10:09:13] [170/459] BLJI
[10:09:13] [171/459] SWOT
[10:09:14] [172/459] SWRN
[10:09:14] [173/459] TVRA
[10:09:15] [174/459] VCSV
[10:09:16] [175/459] NVRN
[10:09:16] [176/459] SIKC
[10:09:17] [177/459] VAKR
[10:09:17] [178/459] SYLN
[10:09:18] [179/459] KLJL
[10:09:18] [180/459] LKMY
[10:09:19] [181/459] VSLY
[10:09:19] [182/459] CIKO
[10:09:20] [183/459] GPBG
[10:09:20] [184/459] CECM
[10:09:21] [185/459] SLKB
[10:09:22] [186/459] MTBO
[10:09:22] [187/459] SSHB
[10:09:23] [188/459] VPCS
[10:09:23] [189/459] RCSR
[10:09:24] [190/459] RJRM
[10:09:24] [191/459] KPPB
[10:09:25] [192/459] SEDC
[10:09:25] [193/459] SCAI
[10:09:26] [194/459] RMTR
[10:09:27] [195/459] ASST
[10:09:27] [196/459] GCAK
[10:09:28] [197/459] ANNK
[10:09:29] [198/459] KDDF
[10:09:29] [199/459] NRDP
[10:09:30] [200/459] PLAK
[10:09:30] [201/459] GCMC
[10:09:31] [202/459] ALPY
[10:09:31] [203/459] SICE
[10:09:32] [204/459] SISR
[10:09:33] [205/459] SRPZ
[10:09:34] [206/459] SRSW
[10:09:34] [207/459] SUYA
[10:09:35] [208/459] AMMT
[10:09:35] [209/459] BHCU
[10:09:36] [210/459] KLPA
[10:09:36] [211/459] NVKH
[10:09:37] [212/459] JMRC
[10:09:37] [213/459] KTTT
[10:09:38] [214/459] MAGH
[10:09:38] [215/459] MMMX
[10:09:39] [216/459] SALJ
[10:09:40] [217/459] GTJA
[10:09:40] [218/459] MAHT
[10:09:41] [219/459] SSNN
[10:09:41] [220/459] ARRP
[10:09:42] [221/459] ATNS
[10:09:43] [222/459] SKDT
[10:09:43] [223/459] ACAT
[10:09:44] [224/459] APRC
[10:09:45] [225/459] SWAG
[10:09:45] [226/459] SDPT
[10:09:46] [227/459] STPS
[10:09:46] [228/459] WWCZ
[10:09:47] [229/459] LLCH
[10:09:48] [230/459] MZHA
[10:09:48] [231/459] CRJG
[10:09:49] [232/459] JGTK
[10:09:49] [233/459] KCSR
[10:09:50] [234/459] CHTL
[10:09:50] [235/459] EDSR
[10:09:51] [236/459] CSWO
[10:09:52] [237/459] CPVM
[10:09:52] [238/459] MXBY
[10:09:53] [239/459] FMMA
[10:09:53] [240/459] POVI
[10:09:54] [241/459] MTHB
[10:09:55] [242/459] INRC
[10:09:55] [243/459] PIPP
[10:09:56] [244/459] BMXC
[10:09:57] [245/459] PCMM
[10:09:57] [246/459] PMKM
[10:09:58] [247/459] GATY
[10:09:58] [248/459] IMCM
[10:09:59] [249/459] POPE
[10:10:00] [250/459] MTCR
[10:10:00] [251/459] PVAE
[10:10:01] [252/459] PVMI
[10:10:02] [253/459] CPNM
[10:10:02] [254/459] FMRL
[10:10:03] [255/459] MCIW
[10:10:04] [256/459] MXBO
[10:10:04] [257/459] FMKY
[10:10:05] [258/459] FMDA
[10:10:05] [259/459] THAB
[10:10:06] [260/459] PRCW
[10:10:06] [261/459] PITI
[10:10:07] [262/459] MCFF
[10:10:08] [263/459] PDDV
[10:10:08] [264/459] MCRM
[10:10:09] [265/459] KKMB
[10:10:10] [266/459] INKO
[10:10:10] [267/459] PLXP
[10:10:11] [268/459] MMHA
[10:10:11] [269/459] FMVS
[10:10:12] [270/459] POLM
[10:10:13] [271/459] STER
[10:10:13] [272/459] PVWJ
[10:10:13] [273/459] IMJW
[10:10:14] [274/459] FNAN
[10:10:15] [275/459] CAGL
[10:10:15] [276/459] IPBG
[10:10:16] [277/459] SMFV
[10:10:17] [278/459] MMMR
[10:10:17] [279/459] MMWM
[10:10:18] [280/459] FNCM
[10:10:18] [281/459] MDVA
[10:10:19] [282/459] MMET
[10:10:19] [283/459] MIDO
[10:10:20] [284/459] INNP
[10:10:20] [285/459] MIFU
[10:10:21] [286/459] MMSZ
[10:10:21] [287/459] BMXA
[10:10:22] [288/459] MCAA
[10:10:23] [289/459] SCVP
[10:10:23] [290/459] PLUS
[10:10:24] [291/459] MUCK
[10:10:24] [292/459] MTMA
[10:10:25] [293/459] HPVR
[10:10:25] [294/459] PMPK
[10:10:26] [295/459] MAJB
[10:10:27] [296/459] CTRR
[10:10:27] [297/459] MCTG
[10:10:28] [298/459] MACE
[10:10:29] [299/459] AAAS
[10:10:29] [300/459] CPVV
[10:10:30] [301/459] RCHG
[10:10:30] [302/459] MCNE
[10:10:31] [303/459] EMNC
[10:10:31] [304/459] MCAN
[10:10:32] [305/459] TCDM
[10:10:32] [306/459] IRGT
[10:10:33] [307/459] GCMG
[10:10:33] [308/459] MXSN
[10:10:34] [309/459] MXCK
[10:10:35] [310/459] MCRC
[10:10:35] [311/459] RSMI
[10:10:36] [312/459] WAML
[10:10:36] [313/459] MTSC
[10:10:37] [314/459] FMDR
[10:10:38] [315/459] LEPV
[10:10:38] [316/459] MTGD
[10:10:39] [317/459] IMOB
[10:10:39] [318/459] CLMM
[10:10:40] [319/459] PZCD
[10:10:40] [320/459] GOCS
[10:10:41] [321/459] KCMA
[10:10:42] [322/459] CCMP
[10:10:42] [323/459] MTSU
[10:10:43] [324/459] SNGL
[10:10:43] [325/459] MMMC
[10:10:44] [326/459] MMAA
[10:10:44] [327/459] GCDM
[10:10:45] [328/459] KTMV
[10:10:45] [329/459] AETE
[10:10:46] [330/459] OMCS
[10:10:47] [331/459] GDCD
[10:10:47] [332/459] NYMD
[10:10:48] [333/459] RNCV
[10:10:48] [334/459] KKMT
[10:10:49] [335/459] GDTH
[10:10:49] [336/459] KMMV
[10:10:50] [337/459] NHCG
[10:10:50] [338/459] PJDW
[10:10:51] [339/459] MMCV
[10:10:52] [340/459] FQSA
[10:10:52] [341/459] KURL
[10:10:53] [342/459] NNNX
[10:10:54] [343/459] AMAU
[10:10:54] [344/459] VVVM
[10:10:55] [345/459] VECU
[10:10:55] [346/459] WCVR
[10:10:56] [347/459] MTGG
[10:10:56] [348/459] SGTG
[10:10:57] [349/459] MNTG
[10:10:58] [350/459] JDDG
[10:10:58] [351/459] MBTK
[10:10:59] [352/459] SGCD
[10:10:59] [353/459] MCTC
[10:11:00] [354/459] JTPC
[10:11:01] [355/459] SDKT
[10:11:01] [356/459] KRCC
[10:11:02] [357/459] RMMD
[10:11:02] [358/459] AAME
[10:11:03] [359/459] TMWC
[10:11:03] [360/459] NRWY
[10:11:04] [361/459] CITD
[10:11:04] [362/459] VERD
[10:11:05] [363/459] MKSK
[10:11:06] [364/459] STSM
[10:11:06] [365/459] MJDG
[10:11:07] [366/459] RKPM
[10:11:07] [367/459] SSCE
[10:11:08] [368/459] VMAE
[10:11:09] [369/459] SBRU
[10:11:09] [370/459] AMBC
[10:11:10] [371/459] AMLU
[10:11:10] [372/459] INVZ
[10:11:11] [373/459] LGTV
[10:11:12] [374/459] SVAD
[10:11:12] [375/459] SMSA
[10:11:13] [376/459] SPCZ
[10:11:13] [377/459] GTCX
[10:11:14] [378/459] SCSL
[10:11:15] [379/459] SAHU
[10:11:15] [380/459] NCDA
[10:11:16] [381/459] SCCG
[10:11:16] [382/459] VKTL
[10:11:17] [383/459] PUUJ
[10:11:18] [384/459] STEJ
[10:11:18] [385/459] RJAL
[10:11:19] [386/459] ACJC
[10:11:19] [387/459] VTHC
[10:11:20] [388/459] ARVB
[10:11:21] [389/459] AUBB
[10:11:21] [390/459] GDBR
[10:11:22] [391/459] PVND
[10:11:23] [392/459] BGRJ
[10:11:23] [393/459] RJMM
[10:11:24] [394/459] MCSA
[10:11:25] [395/459] BODA
[10:11:25] [396/459] JAGG
[10:11:26] [397/459] SCGA
[10:11:26] [398/459] LRCM
[10:11:27] [399/459] CPCN
[10:11:27] [400/459] SSTF
[10:11:28] [401/459] SRXP
[10:11:28] [402/459] CNFX
[10:11:29] [403/459] ANDI
[10:11:30] [404/459] SYEW
[10:11:31] [405/459] RCRE
[10:11:31] [406/459] SCRW
[10:11:32] [407/459] MBKR
[10:11:32] [408/459] ASNT
[10:11:33] [409/459] JTMT
[10:11:33] [410/459] SHAY
[10:11:34] [411/459] VRTH
[10:11:35] [412/459] SPTI
[10:11:35] [413/459] DPTD
[10:11:36] [414/459] TGSN
[10:11:36] [415/459] RCWV
[10:11:37] [416/459] OCUR
[10:11:37] [417/459] KSTC
[10:11:38] [418/459] SANI
[10:11:38] [419/459] MLCA
[10:11:39] [420/459] EGCA
[10:11:39] [421/459] SYSN
[10:11:40] [422/459] PKTA
[10:11:40] [423/459] PRCC
[10:11:41] [424/459] KSTR
[10:11:41] [425/459] SNTP
[10:11:42] [426/459] RCHA
[10:11:43] [427/459] SEEA
[10:11:43] [428/459] ALAT
[10:11:44] [429/459] AATV
[10:11:44] [430/459] RJTE
[10:11:45] [431/459] AAPP
[10:11:45] [432/459] PMMH
[10:11:46] [433/459] INRJ
[10:11:47] [434/459] SARB
[10:11:47] [435/459] PCJL
[10:11:48] [436/459] PFJJ
[10:11:48] [437/459] GRDC
[10:11:49] [438/459] BCBA
[10:11:49] [439/459] VIXL
[10:11:50] [440/459] CSTL
[10:11:50] [441/459] MTDK
[10:11:51] [442/459] TDAC
[10:11:52] [443/459] GTDN
[10:11:52] [444/459] TTDE
[10:11:53] [445/459] ASTS
[10:11:53] [446/459] CPNS
[10:11:54] [447/459] PVVW
[10:11:54] [448/459] USEB
[10:11:55] [449/459] DTYN
[10:11:56] [450/459] PVLE
[10:11:56] [451/459] CIPS
[10:11:57] [452/459] PAEG
[10:11:57] [453/459] PTCW
[10:11:58] [454/459] G3SR
[10:11:59] [455/459] PGND
[10:11:59] [456/459] INVM
[10:12:00] [457/459] SPIA
[10:12:00] [458/459] PCSN
[10:12:01] [459/459] PPGV
[10:12:01] 🧹 Deduping shows
[10:12:01] ✅ DONE | Shows=5 | Movies=2
[16:42:20] 🚀 SCRIPT STARTED
[16:42:20] [1/459] FNDB
[16:42:20] 🧠 New identity created
[16:42:21] [2/459] AMBH
[16:42:21] [3/459] PRHN
[16:42:22] [4/459] ACPM
[16:42:23] [5/459] PVFS
[16:42:24] [6/459] AACN
[16:42:25] [7/459] ACAS
[16:42:25] [8/459] CTNR
[16:42:26] [9/459] MMAH
[16:42:27] [10/459] CPMH
[16:42:28] [11/459] IGMH
[16:42:29] [12/459] ABCS
[16:42:30] [13/459] CMMA
[16:42:30] [14/459] GPRH
[16:42:31] [15/459] PNNG
[16:42:32] [16/459] AMCA
[16:42:33] [17/459] ISTN
[16:42:33] [18/459] PIIC
[16:42:34] [19/459] AHMH
[16:42:36] [20/459] ASHN
[16:42:37] [21/459] INHY
[16:42:37] [22/459] SRMO
[16:42:38] [23/459] PIMH
[16:42:39] [24/459] PVTS
[16:42:40] [25/459] MMCA
[16:42:41] [26/459] AKYJ
[16:42:42] [27/459] BRKH
[16:42:43] [28/459] MAHM
[16:42:45] [29/459] CPHY
[16:42:46] [30/459] PVTP
[16:42:47] [31/459] SMMR
[16:42:47] [32/459] PVHM
[16:42:49] [33/459] SNDY
[16:42:50] [34/459] GOKU
[16:42:51] [35/459] ACEV
[16:42:52] [36/459] PVUM
[16:42:53] [37/459] VSWA
[16:42:54] [38/459] IPRS
[16:42:55] [39/459] ASGN
[16:42:56] [40/459] BKMV
[16:42:57] [41/459] PVYH
[16:42:58] [42/459] INKM
[16:42:58] [43/459] ARJU
[16:43:00] [44/459] JJPP
[16:43:00] [45/459] SSRM
[16:43:01] [46/459] HMHD
[16:43:02] [47/459] SNKH
[16:43:03] [48/459] ACHI
[16:43:05] [49/459] MRAA
[16:43:05] [50/459] INMH
[16:43:06] [51/459] ARMH
[16:43:07] [52/459] DVRR
[16:43:08] [53/459] SUDA
[16:43:08] [54/459] MCSS
[16:43:09] [55/459] VRKC
[16:43:10] [56/459] PRCX
[16:43:11] [57/459] ASJY
[16:43:12] [58/459] MTHY
[16:43:13] [59/459] SRCM
[16:43:14] [60/459] TVHY
[16:43:15] [61/459] STHD
[16:43:16] [62/459] CPCL
[16:43:17] [63/459] PSMJ
[16:43:18] [64/459] MRGT
[16:43:18] [65/459] ARYH
[16:43:19] [66/459] VTRB
[16:43:21] [67/459] SCHC
[16:43:22] [68/459] MRRG
[16:43:22] [69/459] SPCB
[16:43:23] [70/459] AMCM
[16:43:24] [71/459] IVNM
[16:43:25] [72/459] TRHY
[16:43:26] [73/459] PTTH
[16:43:27] [74/459] RKMH
[16:43:28] [75/459] PRCS
[16:43:29] [76/459] VAJA
[16:43:30] [77/459] BJNG
[16:43:31] [78/459] SCVM
[16:43:31] [79/459] GNHB
[16:43:32] [80/459] TLUR
[16:43:33] [81/459] UKCC
[16:43:34] [82/459] SRKR
[16:43:35] [83/459] RMKN
[16:43:36] [84/459] SLRT
[16:43:36] [85/459] LKMT
[16:43:37] [86/459] SSRJ
[16:43:38] [87/459] SPHT
[16:43:38] [88/459] ANTT
[16:43:39] [89/459] SRCH
[16:43:40] [90/459] SRCA
[16:43:41] [91/459] ARTH
[16:43:42] [92/459] MCBH
[16:43:42] [93/459] SNIB
[16:43:43] [94/459] SART
[16:43:44] [95/459] SKTA
[16:43:45] [96/459] YAKT
[16:43:46] [97/459] MLCK
[16:43:47] [98/459] ANTS
[16:43:48] [99/459] DGCA
[16:43:49] [100/459] SGMP
[16:43:50] [101/459] ASWN
[16:43:51] [102/459] KFVU
[16:43:52] [103/459] POOR
[16:43:53] [104/459] GKDN
[16:43:53] [105/459] EOSE
[16:43:54] [106/459] GTTT
[16:43:56] [107/459] ARRO
[16:43:56] [108/459] CMMK
[16:43:57] [109/459] MSCN
[16:43:58] [110/459] GDKH
[16:43:59] [111/459] DLMT
[16:44:00] [112/459] PVMF
[16:44:01] [113/459] CPCK
[16:44:02] [114/459] VMHE
[16:44:03] [115/459] PVLC
[16:44:04] [116/459] PCVB
[16:44:05] [117/459] SNYK
[16:44:06] [118/459] KTEK
[16:44:06] [119/459] PCNM
[16:44:07] [120/459] NTTR
[16:44:08] [121/459] CPSK
[16:44:09] [122/459] JMMA
[16:44:10] [123/459] GCFK
[16:44:10] [124/459] MYCA
[16:44:11] [125/459] KSNP
[16:44:12] [126/459] PMCE
[16:44:13] [127/459] SCKI
[16:44:14] [128/459] FSMA
[16:44:15] [129/459] CETA
[16:44:16] [130/459] MCIK
[16:44:17] [131/459] MYCR
[16:44:18] [132/459] EVMP
[16:44:18] [133/459] SSGT
[16:44:19] [134/459] KCTK
[16:44:20] [135/459] ZTKC
[16:44:21] [136/459] MMTA
[16:44:22] [137/459] MAJT
[16:44:23] [138/459] ACPK
[16:44:24] [139/459] JMAX
[16:44:24] [140/459] SETK
[16:44:25] [141/459] CAIS
[16:44:26] [142/459] AGCD
[16:44:27] [143/459] URCL
[16:44:29] [144/459] VTDS
[16:44:29] [145/459] JCNM
[16:44:31] [146/459] KCAM
[16:44:32] [147/459] ADCU
[16:44:33] [148/459] GXYN
[16:44:34] [149/459] SMJG
[16:44:35] [150/459] EYCJ
[16:44:36] [151/459] CCEJ
[16:44:37] [152/459] MARS
[16:44:38] [153/459] CPVJ
[16:44:39] [154/459] INVP
[16:44:40] [155/459] CPOV
[16:44:41] [156/459] VIJK
[16:44:41] [157/459] LAIM
[16:44:43] [158/459] STHV
[16:44:44] [159/459] SVLJ
[16:44:45] [160/459] ATVJ
[16:44:46] [161/459] JTSC
[16:44:47] [162/459] RMTV
[16:44:47] [163/459] MGGG
[16:44:49] [164/459] SWTH
[16:44:49] [165/459] INVJ
[16:44:51] [166/459] PRSV
[16:44:52] [167/459] JATV
[16:44:52] [168/459] RCVD
[16:44:53] [169/459] BDMA
[16:44:54] [170/459] BLJI
[16:44:55] [171/459] SWOT
[16:44:55] [172/459] SWRN
[16:44:56] [173/459] TVRA
[16:44:57] [174/459] VCSV
[16:44:58] [175/459] NVRN
[16:44:59] [176/459] SIKC
[16:45:00] [177/459] VAKR
[16:45:00] [178/459] SYLN
[16:45:01] [179/459] KLJL
[16:45:02] [180/459] LKMY
[16:45:03] [181/459] VSLY
[16:45:03] [182/459] CIKO
[16:45:04] [183/459] GPBG
[16:45:05] [184/459] CECM
[16:45:06] [185/459] SLKB
[16:45:08] [186/459] MTBO
[16:45:09] [187/459] SSHB
[16:45:11] [188/459] VPCS
[16:45:11] [189/459] RCSR
[16:45:12] [190/459] RJRM
[16:45:13] [191/459] KPPB
[16:45:14] [192/459] SEDC
[16:45:15] [193/459] SCAI
[16:45:15] [194/459] RMTR
[16:45:16] [195/459] ASST
[16:45:17] [196/459] GCAK
[16:45:18] [197/459] ANNK
[16:45:19] [198/459] KDDF
[16:45:20] [199/459] NRDP
[16:45:21] [200/459] PLAK
[16:45:21] [201/459] GCMC
[16:45:22] [202/459] ALPY
[16:45:23] [203/459] SICE
[16:45:24] [204/459] SISR
[16:45:25] [205/459] SRPZ
[16:45:25] [206/459] SRSW
[16:45:26] [207/459] SUYA
[16:45:27] [208/459] AMMT
[16:45:28] [209/459] BHCU
[16:45:28] [210/459] KLPA
[16:45:29] [211/459] NVKH
[16:45:30] [212/459] JMRC
[16:45:31] [213/459] KTTT
[16:45:32] [214/459] MAGH
[16:45:32] [215/459] MMMX
[16:45:33] [216/459] SALJ
[16:45:34] [217/459] GTJA
[16:45:35] [218/459] MAHT
[16:45:36] [219/459] SSNN
[16:45:37] [220/459] ARRP
[16:45:38] [221/459] ATNS
[16:45:39] [222/459] SKDT
[16:45:40] [223/459] ACAT
[16:45:41] [224/459] APRC
[16:45:42] [225/459] SWAG
[16:45:43] [226/459] SDPT
[16:45:44] [227/459] STPS
[16:45:45] [228/459] WWCZ
[16:45:47] [229/459] LLCH
[16:45:47] [230/459] MZHA
[16:45:48] [231/459] CRJG
[16:45:49] [232/459] JGTK
[16:45:50] [233/459] KCSR
[16:45:51] [234/459] CHTL
[16:45:52] [235/459] EDSR
[16:45:52] [236/459] CSWO
[16:45:53] [237/459] CPVM
[16:45:54] [238/459] MXBY
[16:45:55] [239/459] FMMA
[16:45:56] [240/459] POVI
[16:45:56] [241/459] MTHB
[16:45:57] [242/459] INRC
[16:45:58] [243/459] PIPP
[16:45:59] [244/459] BMXC
[16:46:00] [245/459] PCMM
[16:46:00] [246/459] PMKM
[16:46:01] [247/459] GATY
[16:46:02] [248/459] IMCM
[16:46:03] [249/459] POPE
[16:46:04] [250/459] MTCR
[16:46:05] [251/459] PVAE
[16:46:06] [252/459] PVMI
[16:46:06] [253/459] CPNM
[16:46:07] [254/459] FMRL
[16:46:08] [255/459] MCIW
[16:46:09] [256/459] MXBO
[16:46:10] [257/459] FMKY
[16:46:11] [258/459] FMDA
[16:46:12] [259/459] THAB
[16:46:12] [260/459] PRCW
[16:46:13] [261/459] PITI
[16:46:14] [262/459] MCFF
[16:46:15] [263/459] PDDV
[16:46:15] [264/459] MCRM
[16:46:16] [265/459] KKMB
[16:46:17] [266/459] INKO
[16:46:18] [267/459] PLXP
[16:46:19] [268/459] MMHA
[16:46:20] [269/459] FMVS
[16:46:20] [270/459] POLM
[16:46:21] [271/459] STER
[16:46:22] [272/459] PVWJ
[16:46:23] [273/459] IMJW
[16:46:24] [274/459] FNAN
[16:46:25] [275/459] CAGL
[16:46:26] [276/459] IPBG
[16:46:27] [277/459] SMFV
[16:46:28] [278/459] MMMR
[16:46:29] [279/459] MMWM
[16:46:30] [280/459] FNCM
[16:46:31] [281/459] MDVA
[16:46:32] [282/459] MMET
[16:46:32] [283/459] MIDO
[16:46:33] [284/459] INNP
[16:46:34] [285/459] MIFU
[16:46:35] [286/459] MMSZ
[16:46:36] [287/459] BMXA
[16:46:36] [288/459] MCAA
[16:46:37] [289/459] SCVP
[16:46:38] [290/459] PLUS
[16:46:39] [291/459] MUCK
[16:46:39] [292/459] MTMA
[16:46:40] [293/459] HPVR
[16:46:41] [294/459] PMPK
[16:46:42] [295/459] MAJB
[16:46:43] [296/459] CTRR
[16:46:44] [297/459] MCTG
[16:46:44] [298/459] MACE
[16:46:45] [299/459] AAAS
[16:46:46] [300/459] CPVV
[16:46:47] [301/459] RCHG
[16:46:48] [302/459] MCNE
[16:46:49] [303/459] EMNC
[16:46:49] [304/459] MCAN
[16:46:50] [305/459] TCDM
[16:46:51] [306/459] IRGT
[16:46:52] [307/459] GCMG
[16:46:53] [308/459] MXSN
[16:46:54] [309/459] MXCK
[16:46:54] [310/459] MCRC
[16:46:56] [311/459] RSMI
[16:46:57] [312/459] WAML
[16:46:58] [313/459] MTSC
[16:46:58] [314/459] FMDR
[16:46:59] [315/459] LEPV
[16:47:00] [316/459] MTGD
[16:47:01] [317/459] IMOB
[16:47:01] [318/459] CLMM
[16:47:02] [319/459] PZCD
[16:47:03] [320/459] GOCS
[16:47:04] [321/459] KCMA
[16:47:05] [322/459] CCMP
[16:47:06] [323/459] MTSU
[16:47:07] [324/459] SNGL
[16:47:08] [325/459] MMMC
[16:47:09] [326/459] MMAA
[16:47:10] [327/459] GCDM
[16:47:11] [328/459] KTMV
[16:47:12] [329/459] AETE
[16:47:14] [330/459] OMCS
[16:47:15] [331/459] GDCD
[16:47:15] [332/459] NYMD
[16:47:16] [333/459] RNCV
[16:47:17] [334/459] KKMT
[16:47:18] [335/459] GDTH
[16:47:18] [336/459] KMMV
[16:47:19] [337/459] NHCG
[16:47:20] [338/459] PJDW
[16:47:21] [339/459] MMCV
[16:47:22] [340/459] FQSA
[16:47:23] [341/459] KURL
[16:47:23] [342/459] NNNX
[16:47:24] [343/459] AMAU
[16:47:25] [344/459] VVVM
[16:47:26] [345/459] VECU
[16:47:27] [346/459] WCVR
[16:47:27] [347/459] MTGG
[16:47:28] [348/459] SGTG
[16:47:30] [349/459] MNTG
[16:47:30] [350/459] JDDG
[16:47:31] [351/459] MBTK
[16:47:32] [352/459] SGCD
[16:47:33] [353/459] MCTC
[16:47:33] [354/459] JTPC
[16:47:34] [355/459] SDKT
[16:47:35] [356/459] KRCC
[16:47:36] [357/459] RMMD
[16:47:36] [358/459] AAME
[16:47:38] [359/459] TMWC
[16:47:39] [360/459] NRWY
[16:47:40] [361/459] CITD
[16:47:40] [362/459] VERD
[16:47:41] [363/459] MKSK
[16:47:42] [364/459] STSM
[16:47:43] [365/459] MJDG
[16:47:44] [366/459] RKPM
[16:47:45] [367/459] SSCE
[16:47:46] [368/459] VMAE
[16:47:46] [369/459] SBRU
[16:47:47] [370/459] AMBC
[16:47:49] [371/459] AMLU
[16:47:49] [372/459] INVZ
[16:47:50] [373/459] LGTV
[16:47:51] [374/459] SVAD
[16:47:52] [375/459] SMSA
[16:47:53] [376/459] SPCZ
[16:47:54] [377/459] GTCX
[16:47:55] [378/459] SCSL
[16:47:56] [379/459] SAHU
[16:47:57] [380/459] NCDA
[16:47:57] [381/459] SCCG
[16:47:58] [382/459] VKTL
[16:47:59] [383/459] PUUJ
[16:48:00] [384/459] STEJ
[16:48:01] [385/459] RJAL
[16:48:02] [386/459] ACJC
[16:48:03] [387/459] VTHC
[16:48:04] [388/459] ARVB
[16:48:05] [389/459] AUBB
[16:48:05] [390/459] GDBR
[16:48:07] [391/459] PVND
[16:48:08] [392/459] BGRJ
[16:48:09] [393/459] RJMM
[16:48:09] [394/459] MCSA
[16:48:10] [395/459] BODA
[16:48:11] [396/459] JAGG
[16:48:11] [397/459] SCGA
[16:48:12] [398/459] LRCM
[16:48:13] [399/459] CPCN
[16:48:14] [400/459] SSTF
[16:48:15] [401/459] SRXP
[16:48:16] [402/459] CNFX
[16:48:17] [403/459] ANDI
[16:48:17] [404/459] SYEW
[16:48:18] [405/459] RCRE
[16:48:19] [406/459] SCRW
[16:48:20] [407/459] MBKR
[16:48:21] [408/459] ASNT
[16:48:21] [409/459] JTMT
[16:48:22] [410/459] SHAY
[16:48:23] [411/459] VRTH
[16:48:24] [412/459] SPTI
[16:48:25] [413/459] DPTD
[16:48:26] [414/459] TGSN
[16:48:27] [415/459] RCWV
[16:48:27] [416/459] OCUR
[16:48:28] [417/459] KSTC
[16:48:29] [418/459] SANI
[16:48:30] [419/459] MLCA
[16:48:30] [420/459] EGCA
[16:48:31] [421/459] SYSN
[16:48:32] [422/459] PKTA
[16:48:33] [423/459] PRCC
[16:48:34] [424/459] KSTR
[16:48:34] [425/459] SNTP
[16:48:35] [426/459] RCHA
[16:48:36] [427/459] SEEA
[16:48:37] [428/459] ALAT
[16:48:37] [429/459] AATV
[16:48:39] [430/459] RJTE
[16:48:40] [431/459] AAPP
[16:48:40] [432/459] PMMH
[16:48:42] [433/459] INRJ
[16:48:43] [434/459] SARB
[16:48:44] [435/459] PCJL
[16:48:45] [436/459] PFJJ
[16:48:46] [437/459] GRDC
[16:48:47] [438/459] BCBA
[16:48:48] [439/459] VIXL
[16:48:49] [440/459] CSTL
[16:48:49] [441/459] MTDK
[16:48:50] [442/459] TDAC
[16:48:51] [443/459] GTDN
[16:48:52] [444/459] TTDE
[16:48:52] [445/459] ASTS
[16:48:53] [446/459] CPNS
[16:48:55] [447/459] PVVW
[16:48:56] [448/459] USEB
[16:48:57] [449/459] DTYN
[16:48:58] [450/459] PVLE
[16:48:59] [451/459] CIPS
[16:49:00] [452/459] PAEG
[16:49:01] [453/459] PTCW
[16:49:01] [454/459] G3SR
[16:49:02] [455/459] PGND
[16:49:03] [456/459] INVM
[16:49:04] [457/459] SPIA
[16:49:05] [458/459] PCSN
[16:49:06] [459/459] PPGV
[16:49:07] 🧹 Deduping shows
[16:49:07] ✅ DONE | Shows=24 | Movies=5
