[10:06:56] 🚀 SCRIPT STARTED
[10:06:56] [1/296] CDCA
[10:06:56] 🧠 New identity created
[10:06:58] [2/296] MNSR
[10:06:59] [3/296] CSSL
[10:07:01] [4/296] BGGM
[10:07:01] [5/296] MANT
[10:07:03] [6/296] SOOY
[10:07:04] [7/296] VPPK
[10:07:04] [8/296] MYHJ
[10:07:05] [9/296] KSCK
[10:07:06] [10/296] KATK
[10:07:07] [11/296] RTRT
[10:07:08] [12/296] SSTT
[10:07:09] [13/296] SSTV
[10:07:10] [14/296] LACM
[10:07:11] [15/296] SGMG
[10:07:12] [16/296] KACX
[10:07:13] [17/296] GVCP
[10:07:14] [18/296] CSNC
[10:07:14] [19/296] SXCB
[10:07:15] [20/296] BAHS
[10:07:16] [21/296] PCBI
[10:07:17] [22/296] PSSM
[10:07:18] [23/296] RCOK
[10:07:19] [24/296] SCPF
[10:07:20] [25/296] SSAS
[10:07:22] [26/296] EVMM
[10:07:23] [27/296] SYCB
[10:07:23] [28/296] GCKI
[10:07:24] [29/296] IAET
[10:07:25] [30/296] DDTD
[10:07:26] [31/296] GMDH
[10:07:26] [32/296] STLE
[10:07:27] [33/296] JTRA
[10:07:28] [34/296] RPPA
[10:07:29] [35/296] ARUT
[10:07:29] [36/296] JTVM
[10:07:30] [37/296] SWRH
[10:07:31] [38/296] DCPC
[10:07:32] [39/296] RAPR
[10:07:33] [40/296] GCRT
[10:07:34] [41/296] ATUN
[10:07:35] [42/296] LTRM
[10:07:36] [43/296] TASR
[10:07:37] [44/296] RLLC
[10:07:38] [45/296] MABI
[10:07:38] [46/296] SVHB
[10:07:39] [47/296] NVTB
[10:07:40] [48/296] KCKG
[10:07:42] [49/296] SSRN
[10:07:42] [50/296] VDDC
[10:07:43] [51/296] GKTK
[10:07:44] [52/296] YFSN
[10:07:45] [53/296] GCSG
[10:07:46] [54/296] ESSM
[10:07:48] [55/296] KRIH
[10:07:48] [56/296] GCDS
[10:07:49] [57/296] CCSH
[10:07:50] [58/296] ACSK
[10:07:51] [59/296] APRK
[10:07:52] [60/296] ADKM
[10:07:52] [61/296] SRDM
[10:07:53] [62/296] RMOG
[10:07:54] [63/296] SJMY
[10:07:55] [64/296] PGGC
[10:07:56] [65/296] INGM
[10:07:57] [66/296] LSCB
[10:07:57] [67/296] STAD
[10:07:58] [68/296] MCCR
[10:07:59] [69/296] ABCC
[10:08:00] [70/296] RKCC
[10:08:00] [71/296] RTCR
[10:08:02] [72/296] GGBC
[10:08:03] [73/296] GCSD
[10:08:03] [74/296] LPTY
[10:08:04] [75/296] MCFD
[10:08:05] [76/296] HENN
[10:08:06] [77/296] SMKU
[10:08:07] [78/296] TNZC
[10:08:08] [79/296] DRCD
[10:08:09] [80/296] DLCD
[10:08:09] [81/296] RCDA
[10:08:10] [82/296] COSM
[10:08:11] [83/296] MCMJ
[10:08:12] [84/296] CSTR
[10:08:13] [85/296] CVDK
[10:08:13] [86/296] INRR
[10:08:14] [87/296] RJRT
[10:08:15] [88/296] IRMR
[10:08:16] [89/296] SRCF
[10:08:16] [90/296] GRCR
[10:08:18] [91/296] SURC
[10:08:19] [92/296] NMNH
[10:08:20] [93/296] SVBL
[10:08:20] [94/296] KACI
[10:08:21] [95/296] TDGO
[10:08:22] [96/296] KTBR
[10:08:23] [97/296] PMAD
[10:08:24] [98/296] CCPN
[10:08:25] [99/296] SBTK
[10:08:25] [100/296] LMDK
[10:08:26] [101/296] PGDA
[10:08:27] [102/296] SRML
[10:08:28] [103/296] EVCK
[10:08:29] [104/296] RTTK
[10:08:30] [105/296] SRTU
[10:08:31] [106/296] VRSA
[10:08:32] [107/296] VARS
[10:08:33] [108/296] DSCZ
[10:08:34] [109/296] GAGA
[10:08:35] [110/296] SARV
[10:08:36] [111/296] SEEG
[10:08:37] [112/296] GLCA
[10:08:38] [113/296] APAS
[10:08:39] [114/296] VCIA
[10:08:40] [115/296] SJTA
[10:08:41] [116/296] SABM
[10:08:41] [117/296] PPAG
[10:08:42] [118/296] RVCA
[10:08:43] [119/296] CCIA
[10:08:44] [120/296] HTAG
[10:08:45] [121/296] SMBI
[10:08:46] [122/296] MCJR
[10:08:46] [123/296] CCJR
[10:08:47] [124/296] SINF
[10:08:48] [125/296] CPLX
[10:08:49] [126/296] KKTJ
[10:08:50] [127/296] GDBW
[10:08:51] [128/296] CSUB
[10:08:52] [129/296] DABA
[10:08:52] [130/296] TITR
[10:08:53] [131/296] NYCR
[10:08:54] [132/296] RTRY
[10:08:55] [133/296] JTJL
[10:08:56] [134/296] SJCP
[10:08:57] [135/296] KCCA
[10:08:58] [136/296] MLPG
[10:08:58] [137/296] VRCK
[10:08:59] [138/296] SRIN
[10:09:00] [139/296] CXMK
[10:09:01] [140/296] SKAD
[10:09:01] [141/296] AVTR
[10:09:02] [142/296] PTAJ
[10:09:03] [143/296] SCNK
[10:09:04] [144/296] STTI
[10:09:05] [145/296] KACR
[10:09:06] [146/296] SSDX
[10:09:07] [147/296] VRTJ
[10:09:07] [148/296] RAJD
[10:09:08] [149/296] SCIP
[10:09:10] [150/296] RJSL
[10:09:11] [151/296] ARRS
[10:09:11] [152/296] ASMS
[10:09:12] [153/296] RDTS
[10:09:13] [154/296] DVMY
[10:09:15] [155/296] RASA
[10:09:16] [156/296] INOM
[10:09:17] [157/296] SPRS
[10:09:17] [158/296] SGCS
[10:09:18] [159/296] SALM
[10:09:19] [160/296] PKHC
[10:09:20] [161/296] RCSV
[10:09:21] [162/296] CPKC
[10:09:21] [163/296] AACD
[10:09:22] [164/296] GGCV
[10:09:23] [165/296] SMKD
[10:09:24] [166/296] NBCH
[10:09:25] [167/296] AMCB
[10:09:26] [168/296] OPCN
[10:09:26] [169/296] DCIN
[10:09:27] [170/296] INGW
[10:09:28] [171/296] PKKW
[10:09:29] [172/296] FNGW
[10:09:29] [173/296] GCGD
[10:09:30] [174/296] MSTW
[10:09:31] [175/296] KCCG
[10:09:32] [176/296] MRSS
[10:09:33] [177/296] CLCF
[10:09:34] [178/296] EETS
[10:09:34] [179/296] AATR
[10:09:35] [180/296] CMMN
[10:09:36] [181/296] SCCJ
[10:09:37] [182/296] CDTK
[10:09:38] [183/296] AICP
[10:09:39] [184/296] FNBP
[10:09:40] [185/296] CBPB
[10:09:41] [186/296] CPAS
[10:09:42] [187/296] MAPM
[10:09:43] [188/296] PASD
[10:09:44] [189/296] JCMN
[10:09:45] [190/296] MALB
[10:09:46] [191/296] SACG
[10:09:47] [192/296] DDRX
[10:09:48] [193/296] DDXB
[10:09:49] [194/296] RAMC
[10:09:50] [195/296] SANC
[10:09:51] [196/296] BCBP
[10:09:52] [197/296] ALPC
[10:09:53] [198/296] RBAC
[10:09:55] [199/296] RAJL
[10:09:56] [200/296] MPDX
[10:09:56] [201/296] MUSC
[10:09:57] [202/296] VKMK
[10:09:58] [203/296] SKCG
[10:09:59] [204/296] ANCN
[10:09:59] [205/296] MMCJ
[10:10:00] [206/296] DCAK
[10:10:01] [207/296] SCKG
[10:10:02] [208/296] LMCK
[10:10:03] [209/296] CKKX
[10:10:04] [210/296] ANKU
[10:10:04] [211/296] CSMD
[10:10:05] [212/296] MKMP
[10:10:06] [213/296] SVBG
[10:10:07] [214/296] ROOP
[10:10:07] [215/296] GDMT
[10:10:08] [216/296] FPPF
[10:10:09] [217/296] SFUU
[10:10:10] [218/296] ANCB
[10:10:11] [219/296] SMMC
[10:10:12] [220/296] UGKT
[10:10:12] [221/296] JVRM
[10:10:13] [222/296] BATG
[10:10:14] [223/296] RATE
[10:10:15] [224/296] SKME
[10:10:16] [225/296] LMTP
[10:10:17] [226/296] TCBD
[10:10:17] [227/296] ESBD
[10:10:18] [228/296] GDCU
[10:10:19] [229/296] SNKT
[10:10:21] [230/296] SRNK
[10:10:22] [231/296] SMED
[10:10:22] [232/296] CSQS
[10:10:23] [233/296] ALCS
[10:10:24] [234/296] KCKN
[10:10:25] [235/296] VCCL
[10:10:26] [236/296] MCDA
[10:10:27] [237/296] SHMI
[10:10:28] [238/296] SKHA
[10:10:29] [239/296] SVFK
[10:10:30] [240/296] INVB
[10:10:31] [241/296] MELD
[10:10:31] [242/296] JTYS
[10:10:32] [243/296] INCM
[10:10:33] [244/296] MCDV
[10:10:34] [245/296] KSGK
[10:10:35] [246/296] ICMG
[10:10:36] [247/296] CSCV
[10:10:37] [248/296] STMD
[10:10:38] [249/296] STTR
[10:10:38] [250/296] INVC
[10:10:39] [251/296] JTBL
[10:10:40] [252/296] SRVV
[10:10:41] [253/296] MAVC
[10:10:42] [254/296] SRPP
[10:10:42] [255/296] JGDM
[10:10:44] [256/296] MBSJ
[10:10:45] [257/296] SSLL
[10:10:46] [258/296] SLKP
[10:10:46] [259/296] NSRV
[10:10:48] [260/296] UTDV
[10:10:49] [261/296] KICM
[10:10:49] [262/296] KCMD
[10:10:50] [263/296] TTPP
[10:10:51] [264/296] KMPV
[10:10:52] [265/296] SKTV
[10:10:52] [266/296] STCV
[10:10:53] [267/296] SRDA
[10:10:54] [268/296] JTSX
[10:10:55] [269/296] STBV
[10:10:56] [270/296] APVZ
[10:10:57] [271/296] GSTV
[10:10:58] [272/296] NMVS
[10:10:59] [273/296] SKRT
[10:11:00] [274/296] RMDV
[10:11:01] [275/296] RATG
[10:11:01] [276/296] SJYV
[10:11:02] [277/296] NDGP
[10:11:03] [278/296] SNDG
[10:11:04] [279/296] INSR
[10:11:06] [280/296] INSO
[10:11:08] [281/296] CCSI
[10:11:09] [282/296] RASM
[10:11:10] [283/296] NEWC
[10:11:11] [284/296] VSHL
[10:11:12] [285/296] BISW
[10:11:13] [286/296] GCNG
[10:11:13] [287/296] CWSC
[10:11:14] [288/296] SKAN
[10:11:16] [289/296] SEHP
[10:11:17] [290/296] CCOA
[10:11:17] [291/296] MCAJ
[10:11:19] [292/296] ACDE
[10:11:20] [293/296] AACM
[10:11:21] [294/296] JJCK
[10:11:23] [295/296] RCMO
[10:11:23] [296/296] GDAW
[10:11:25] 🧹 Deduping shows
[10:11:25] ✅ DONE | Shows=5 | Movies=1
