[10:07:00] 🚀 SCRIPT STARTED
[10:07:00] [1/324] GCTA
[10:07:00] 🧠 New identity created
[10:07:01] [2/324] TOPN
[10:07:02] [3/324] MCUS
[10:07:03] [4/324] SHRL
[10:07:03] [5/324] UPTP
[10:07:04] [6/324] TMMP
[10:07:05] [7/324] DNRP
[10:07:06] [8/324] SRLT
[10:07:07] [9/324] RCNS
[10:07:08] [10/324] DCBH
[10:07:09] [11/324] NAGJ
[10:07:09] [12/324] JVRC
[10:07:10] [13/324] KRJG
[10:07:11] [14/324] SRTJ
[10:07:12] [15/324] CMXM
[10:07:13] [16/324] STMI
[10:07:14] [17/324] SLST
[10:07:15] [18/324] DTCN
[10:07:16] [19/324] STYN
[10:07:17] [20/324] SZVR
[10:07:18] [21/324] SRKO
[10:07:18] [22/324] JTGT
[10:07:19] [23/324] SVFD
[10:07:20] [24/324] SISD
[10:07:21] [25/324] ABDD
[10:07:22] [26/324] DRCA
[10:07:23] [27/324] AVCS
[10:07:24] [28/324] MVKH
[10:07:25] [29/324] ACPR
[10:07:25] [30/324] STIP
[10:07:26] [31/324] MTRA
[10:07:27] [32/324] RMKH
[10:07:28] [33/324] NKRL
[10:07:29] [34/324] PCWN
[10:07:29] [35/324] BLMT
[10:07:31] [36/324] GDPG
[10:07:32] [37/324] SRMX
[10:07:33] [38/324] JACP
[10:07:33] [39/324] CPSH
[10:07:34] [40/324] MCCD
[10:07:35] [41/324] ECGH
[10:07:37] [42/324] MKCK
[10:07:37] [43/324] SRMM
[10:07:38] [44/324] SKYR
[10:07:39] [45/324] PCKC
[10:07:40] [46/324] JCMA
[10:07:41] [47/324] BSMP
[10:07:41] [48/324] VSPA
[10:07:42] [49/324] DJYA
[10:07:43] [50/324] DIMP
[10:07:44] [51/324] FXDR
[10:07:45] [52/324] SSRC
[10:07:45] [53/324] STHP
[10:07:46] [54/324] CPPD
[10:07:47] [55/324] FCLK
[10:07:48] [56/324] SCPP
[10:07:49] [57/324] DCMJ
[10:07:50] [58/324] RCCR
[10:07:51] [59/324] INMT
[10:07:52] [60/324] LXTK
[10:07:53] [61/324] SRYK
[10:07:54] [62/324] SGDK
[10:07:55] [63/324] PPKA
[10:07:56] [64/324] SPKA
[10:07:56] [65/324] CGHH
[10:07:57] [66/324] DCJN
[10:07:58] [67/324] SRKV
[10:07:59] [68/324] SAJC
[10:08:00] [69/324] SUSR
[10:08:02] [70/324] STYG
[10:08:02] [71/324] NTKP
[10:08:03] [72/324] AKTG
[10:08:04] [73/324] CGCM
[10:08:06] [74/324] TULC
[10:08:07] [75/324] NYYZ
[10:08:07] [76/324] NYBW
[10:08:08] [77/324] MACB
[10:08:09] [78/324] SLVT
[10:08:10] [79/324] SANA
[10:08:11] [80/324] ACMR
[10:08:12] [81/324] CPKN
[10:08:13] [82/324] DLGK
[10:08:13] [83/324] CWCK
[10:08:14] [84/324] FDDH
[10:08:15] [85/324] MMMD
[10:08:15] [86/324] CMEH
[10:08:16] [87/324] GGGV
[10:08:17] [88/324] SPJL
[10:08:18] [89/324] RCCD
[10:08:19] [90/324] STTZ
[10:08:20] [91/324] BTCF
[10:08:20] [92/324] TSTZ
[10:08:21] [93/324] IPMM
[10:08:22] [94/324] PMPW
[10:08:24] [95/324] PCMZ
[10:08:25] [96/324] ESEM
[10:08:25] [97/324] PIPO
[10:08:26] [98/324] MATK
[10:08:27] [99/324] PGHM
[10:08:28] [100/324] CTSR
[10:08:29] [101/324] CYKR
[10:08:30] [102/324] MSCM
[10:08:31] [103/324] RFNP
[10:08:32] [104/324] PDCP
[10:08:33] [105/324] NPSE
[10:08:34] [106/324] MKML
[10:08:35] [107/324] FTDP
[10:08:36] [108/324] MMXA
[10:08:36] [109/324] CEPO
[10:08:37] [110/324] CMVP
[10:08:38] [111/324] SGTH
[10:08:39] [112/324] SAYN
[10:08:40] [113/324] URVS
[10:08:41] [114/324] VJTN
[10:08:42] [115/324] BBYK
[10:08:43] [116/324] SHBO
[10:08:44] [117/324] VCMR
[10:08:45] [118/324] MACT
[10:08:46] [119/324] JMNP
[10:08:46] [120/324] VICS
[10:08:47] [121/324] VCDA
[10:08:48] [122/324] GCMM
[10:08:50] [123/324] INVS
[10:08:51] [124/324] SCGM
[10:08:52] [125/324] PCDA
[10:08:53] [126/324] KDCT
[10:08:54] [127/324] JACS
[10:08:55] [128/324] GMMC
[10:08:56] [129/324] AICM
[10:08:57] [130/324] TJCM
[10:08:58] [131/324] RMTI
[10:08:59] [132/324] SHAC
[10:09:00] [133/324] APJC
[10:09:01] [134/324] GCTG
[10:09:02] [135/324] SSMC
[10:09:03] [136/324] THRM
[10:09:04] [137/324] RBCT
[10:09:05] [138/324] DIKT
[10:09:06] [139/324] MIDL
[10:09:07] [140/324] VCSN
[10:09:09] [141/324] SKTG
[10:09:10] [142/324] SMWC
[10:09:10] [143/324] MNKH
[10:09:11] [144/324] PIAT
[10:09:12] [145/324] LTTP
[10:09:13] [146/324] PTPU
[10:09:14] [147/324] ACMG
[10:09:15] [148/324] SHMM
[10:09:15] [149/324] MCMN
[10:09:16] [150/324] GLDC
[10:09:17] [151/324] HOUT
[10:09:18] [152/324] SVRP
[10:09:19] [153/324] PVDN
[10:09:20] [154/324] SCPY
[10:09:20] [155/324] DTPY
[10:09:21] [156/324] GKCS
[10:09:22] [157/324] NCAM
[10:09:23] [158/324] BSRM
[10:09:24] [159/324] RCLC
[10:09:25] [160/324] SKKD
[10:09:26] [161/324] ACHU
[10:09:26] [162/324] RSCF
[10:09:27] [163/324] IMSH
[10:09:28] [164/324] MACX
[10:09:29] [165/324] HMMW
[10:09:30] [166/324] JTCP
[10:09:31] [167/324] SREN
[10:09:32] [168/324] PJRR
[10:09:32] [169/324] INAC
[10:09:33] [170/324] BMCA
[10:09:34] [171/324] SHCB
[10:09:35] [172/324] GABA
[10:09:35] [173/324] SBCT
[10:09:36] [174/324] GCMA
[10:09:37] [175/324] MYTK
[10:09:38] [176/324] INZS
[10:09:38] [177/324] RMIK
[10:09:39] [178/324] NYCH
[10:09:40] [179/324] RAVE
[10:09:41] [180/324] PSXM
[10:09:41] [181/324] MCGP
[10:09:42] [182/324] PDDK
[10:09:43] [183/324] SPCK
[10:09:44] [184/324] MCRL
[10:09:44] [185/324] MHKT
[10:09:45] [186/324] ANRR
[10:09:46] [187/324] SAPK
[10:09:47] [188/324] NCUK
[10:09:48] [189/324] JUGA
[10:09:49] [190/324] DBSC
[10:09:50] [191/324] LALK
[10:09:50] [192/324] GUCK
[10:09:51] [193/324] STSG
[10:09:52] [194/324] PPPZ
[10:09:53] [195/324] CNCY
[10:09:54] [196/324] MTAR
[10:09:55] [197/324] VNKD
[10:09:56] [198/324] KMAJ
[10:09:57] [199/324] ACXK
[10:09:58] [200/324] UTKC
[10:09:59] [201/324] PBLK
[10:09:59] [202/324] ACBX
[10:10:00] [203/324] PTGM
[10:10:01] [204/324] BTDA
[10:10:02] [205/324] PJMB
[10:10:03] [206/324] TPDA
[10:10:04] [207/324] AMOE
[10:10:04] [208/324] PRHT
[10:10:05] [209/324] PRTA
[10:10:06] [210/324] STAM
[10:10:07] [211/324] MSAA
[10:10:08] [212/324] SDLU
[10:10:10] [213/324] RCHH
[10:10:11] [214/324] KANT
[10:10:12] [215/324] FCRT
[10:10:13] [216/324] DNKM
[10:10:13] [217/324] RYCP
[10:10:14] [218/324] MYRP
[10:10:15] [219/324] PPAK
[10:10:16] [220/324] NVPK
[10:10:16] [221/324] PRMC
[10:10:17] [222/324] JBCS
[10:10:18] [223/324] GXCK
[10:10:19] [224/324] USKO
[10:10:19] [225/324] GTEM
[10:10:20] [226/324] SMBU
[10:10:21] [227/324] VETC
[10:10:22] [228/324] LCDA
[10:10:23] [229/324] MTVT
[10:10:24] [230/324] PYCP
[10:10:25] [231/324] PNSC
[10:10:25] [232/324] PPCC
[10:10:26] [233/324] TGRT
[10:10:27] [234/324] JYOT
[10:10:28] [235/324] SRCZ
[10:10:30] [236/324] SJTE
[10:10:30] [237/324] DESC
[10:10:32] [238/324] JHVN
[10:10:33] [239/324] IPSG
[10:10:33] [240/324] IPCM
[10:10:34] [241/324] PDRS
[10:10:35] [242/324] ANCV
[10:10:36] [243/324] CMVV
[10:10:36] [244/324] SHYP
[10:10:37] [245/324] DNCS
[10:10:38] [246/324] GAJK
[10:10:39] [247/324] AKTN
[10:10:40] [248/324] KAYA
[10:10:41] [249/324] SBRC
[10:10:42] [250/324] CHTP
[10:10:42] [251/324] SHRT
[10:10:43] [252/324] BCKU
[10:10:44] [253/324] FCPS
[10:10:45] [254/324] ARDD
[10:10:46] [255/324] CPCM
[10:10:47] [256/324] CGSM
[10:10:48] [257/324] PSMP
[10:10:48] [258/324] SDAL
[10:10:49] [259/324] RTNB
[10:10:50] [260/324] LMCR
[10:10:51] [261/324] CIMA
[10:10:52] [262/324] RNAS
[10:10:53] [263/324] LITH
[10:10:54] [264/324] PBOX
[10:10:55] [265/324] FRTS
[10:10:56] [266/324] RKIC
[10:10:57] [267/324] PTAI
[10:10:57] [268/324] GCIC
[10:10:58] [269/324] FNAS
[10:10:59] [270/324] SCAR
[10:11:00] [271/324] MTCA
[10:11:01] [272/324] SCTS
[10:11:02] [273/324] SYCS
[10:11:02] [274/324] RDMS
[10:11:03] [275/324] KAMP
[10:11:04] [276/324] ERSD
[10:11:05] [277/324] MJMJ
[10:11:05] [278/324] SRCJ
[10:11:06] [279/324] SCXE
[10:11:07] [280/324] SVFR
[10:11:08] [281/324] BHCS
[10:11:09] [282/324] IMCC
[10:11:09] [283/324] PCBO
[10:11:11] [284/324] PRVN
[10:11:12] [285/324] AUPM
[10:11:12] [286/324] INBW
[10:11:13] [287/324] SVCW
[10:11:14] [288/324] RKCF
[10:11:15] [289/324] UVBH
[10:11:16] [290/324] DNCY
[10:11:17] [291/324] ABCN
[10:11:18] [292/324] PRUR
[10:11:19] [293/324] PFMR
[10:11:20] [294/324] RKCN
[10:11:21] [295/324] CFEA
[10:11:22] [296/324] SDBG
[10:11:23] [297/324] SNAR
[10:11:24] [298/324] YISI
[10:11:25] [299/324] JCFF
[10:11:26] [300/324] VTRK
[10:11:27] [301/324] PCLZ
[10:11:27] [302/324] DIMY
[10:11:28] [303/324] BBTS
[10:11:29] [304/324] GATH
[10:11:31] [305/324] GTMN
[10:11:32] [306/324] VTMH
[10:11:33] [307/324] CCKP
[10:11:33] [308/324] GPKA
[10:11:34] [309/324] MHCL
[10:11:35] [310/324] ATCL
[10:11:36] [311/324] SBCK
[10:11:37] [312/324] AMMR
[10:11:37] [313/324] MADC
[10:11:38] [314/324] TMMA
[10:11:39] [315/324] CACC
[10:11:40] [316/324] CHAL
[10:11:41] [317/324] DURG
[10:11:42] [318/324] GMKU
[10:11:43] [319/324] GECA
[10:11:43] [320/324] KYRR
[10:11:44] [321/324] KSDE
[10:11:45] [322/324] LMCI
[10:11:45] [323/324] NKCP
[10:11:46] [324/324] BGTC
[10:11:47] 🧹 Deduping shows
[10:11:47] ✅ DONE | Shows=33 | Movies=6
