[00:00:59] 🚀 BMS DAILY TRACKER STARTED
[00:00:59] [1/459] NECA
[00:00:59] 🧠 New identity
[00:01:01] [2/459] BJLC
[00:01:02] [3/459] BASU
[00:01:03] [4/459] RUPI
[00:01:04] [5/459] LCBK
[00:01:05] [6/459] PMAC
[00:01:05] [7/459] AMLC
[00:01:06] [8/459] LICL
[00:01:07] [9/459] UDMM
[00:01:08] [10/459] STBZ
[00:01:10] [11/459] UUBT
[00:01:11] [12/459] SJKC
[00:01:11] [13/459] TUAL
[00:01:12] [14/459] MRSE
[00:01:13] [15/459] RMRK
[00:01:14] [16/459] TTKP
[00:01:15] [17/459] KTKO
[00:01:16] [18/459] SDBK
[00:01:17] [19/459] MCPR
[00:01:18] [20/459] CHTI
[00:01:19] [21/459] GCCP
[00:01:20] [22/459] SRMY
[00:01:21] [23/459] NYST
[00:01:21] [24/459] NYAG
[00:01:22] [25/459] SBMT
[00:01:23] [26/459] INGA
[00:01:24] [27/459] WSIC
[00:01:25] [28/459] SCSS
[00:01:27] [29/459] COPG
[00:01:27] [30/459] RCGR
[00:01:29] [31/459] TCZA
[00:01:30] [32/459] CNLP
[00:01:31] [33/459] CLKN
[00:01:32] [34/459] LHDF
[00:01:32] [35/459] ELKC
[00:01:33] [36/459] VCEM
[00:01:34] [37/459] SSZA
[00:01:36] [38/459] KRMT
[00:01:36] [39/459] LCMV
[00:01:38] [40/459] AYCZ
[00:01:39] [41/459] CUMS
[00:01:40] [42/459] BOCK
[00:01:40] [43/459] PNMR
[00:01:41] [44/459] PJCP
[00:01:43] [45/459] JDDD
[00:01:44] [46/459] STMS
[00:01:45] [47/459] FLMB
[00:01:46] [48/459] PKCM
[00:01:46] [49/459] SPPR
[00:01:47] [50/459] EYLH
[00:01:48] [51/459] RJCC
[00:01:49] [52/459] MMPS
[00:01:50] [53/459] SHMX
[00:01:51] [54/459] CCNL
[00:01:52] [55/459] RCNV
[00:01:53] [56/459] MAAG
[00:01:54] [57/459] LXCM
[00:01:55] [58/459] RCNI
[00:01:56] [59/459] SNNI
[00:01:57] [60/459] LALC
[00:01:58] [61/459] SOCN
[00:01:59] [62/459] JHTP
[00:02:00] [63/459] PITP
[00:02:00] [64/459] CCKW
[00:02:01] [65/459] MCMC
[00:02:02] [66/459] DEES
[00:02:03] [67/459] SABT
[00:02:04] [68/459] VSPP
[00:02:05] [69/459] ABCT
[00:02:06] [70/459] JVTB
[00:02:08] [71/459] VCBD
[00:02:08] [72/459] RMGG
[00:02:09] [73/459] RNMH
[00:02:10] [74/459] SPGL
[00:02:11] [75/459] JTTR
[00:02:12] [76/459] SICS
[00:02:13] [77/459] SRMI
[00:02:14] [78/459] SSIJ
[00:02:15] [79/459] KFMT
[00:02:16] [80/459] VBIT
[00:02:17] [81/459] JKCT
[00:02:18] [82/459] GCGP
[00:02:18] [83/459] GDCS
[00:02:19] [84/459] TRBA
[00:02:21] [85/459] QUST
[00:02:23] [86/459] VSHM
[00:02:23] [87/459] SDCP
[00:02:24] [88/459] SNVS
[00:02:25] [89/459] NYTO
[00:02:27] [90/459] URWC
[00:02:29] [91/459] GTWH
[00:02:30] [92/459] PFCM
[00:02:31] [93/459] KRTA
[00:02:31] [94/459] AXMC
[00:02:32] [95/459] EVMC
[00:02:33] [96/459] HGSM
[00:02:34] [97/459] ACVM
[00:02:35] [98/459] PSKL
[00:02:36] [99/459] RDMP
[00:02:37] [100/459] RHGH
[00:02:38] [101/459] OMCM
[00:02:38] [102/459] DCCP
[00:02:39] [103/459] MCPB
[00:02:41] [104/459] ALCI
[00:02:41] [105/459] BLMX
[00:02:42] [106/459] BTMV
[00:02:43] [107/459] FVPN
[00:02:44] [108/459] CMAR
[00:02:45] [109/459] CEIM
[00:02:46] [110/459] CMVA
[00:02:47] [111/459] CPIV
[00:02:48] [112/459] CNPE
[00:02:49] [113/459] COLV
[00:02:50] [114/459] DNNV
[00:02:51] [115/459] HCAD
[00:02:51] [116/459] TAKA
[00:02:52] [117/459] INVD
[00:02:53] [118/459] IRMM
[00:02:54] [119/459] INSE
[00:02:55] [120/459] MRSW
[00:02:56] [121/459] MCVD
[00:02:57] [122/459] MCSO
[00:02:58] [123/459] PEVM
[00:02:58] [124/459] PVNL
[00:02:59] [125/459] PTCV
[00:03:00] [126/459] PRTC
[00:03:01] [127/459] RCVA
[00:03:02] [128/459] MTBN
[00:03:03] [129/459] LUCP
[00:03:04] [130/459] FMPT
[00:03:05] [131/459] JLSL
[00:03:06] [132/459] SBHA
[00:03:07] [133/459] SHRC
[00:03:08] [134/459] AVPS
[00:03:09] [135/459] STPM
[00:03:11] [136/459] ATRD
[00:03:11] [137/459] VTED
[00:03:13] [138/459] ACAI
[00:03:14] [139/459] SMAE
[00:03:15] [140/459] VMAT
[00:03:15] [141/459] LKCT
[00:03:16] [142/459] JTVK
[00:03:17] [143/459] PRTY
[00:03:18] [144/459] GETT
[00:03:20] [145/459] ESAP
[00:03:21] [146/459] NCPM
[00:03:22] [147/459] PCPA
[00:03:22] [148/459] MMOM
[00:03:23] [149/459] PHUP
[00:03:24] [150/459] CCPI
[00:03:26] [151/459] CNTD
[00:03:27] [152/459] NLJR
[00:03:29] [153/459] SRNG
[00:03:30] [154/459] MHAL
[00:03:31] [155/459] PNSM
[00:03:32] [156/459] DRMY
[00:03:33] [157/459] CCMU
[00:03:34] [158/459] SCMY
[00:03:36] [159/459] PVSY
[00:03:37] [160/459] SDLM
[00:03:38] [161/459] ICCM
[00:03:39] [162/459] PYSU
[00:03:40] [163/459] GATM
[00:03:41] [164/459] WOTM
[00:03:42] [165/459] RKTS
[00:03:43] [166/459] PMTY
[00:03:44] [167/459] LYMS
[00:03:45] [168/459] TGCA
[00:03:46] [169/459] DSTA
[00:03:46] [170/459] CNGE
[00:03:47] [171/459] VSTG
[00:03:49] [172/459] GTCK
[00:03:50] [173/459] TGNT
[00:03:51] [174/459] ASLC
[00:03:52] [175/459] SSST
[00:03:53] [176/459] KBTT
[00:03:54] [177/459] HKCP
[00:03:55] [178/459] SWLC
[00:03:55] [179/459] RTND
[00:03:56] [180/459] PKKT
[00:03:57] [181/459] HSTK
[00:03:59] [182/459] SPTT
[00:04:00] [183/459] IMPM
[00:04:01] [184/459] SCMV
[00:04:01] [185/459] SPCT
[00:04:02] [186/459] JBCA
[00:04:03] [187/459] ATTR
[00:04:04] [188/459] SPMT
[00:04:05] [189/459] LCTM
[00:04:06] [190/459] SCVL
[00:04:07] [191/459] SCVT
[00:04:08] [192/459] KRIC
[00:04:08] [193/459] CTMG
[00:04:10] [194/459] ACNC
[00:04:11] [195/459] DMCK
[00:04:12] [196/459] KMTV
[00:04:13] [197/459] PFCJ
[00:04:14] [198/459] VNMD
[00:04:15] [199/459] VPCZ
[00:04:16] [200/459] SRYR
[00:04:17] [201/459] SYTR
[00:04:19] [202/459] GATR
[00:04:19] [203/459] URTR
[00:04:20] [204/459] MKSM
[00:04:21] [205/459] VSMH
[00:04:22] [206/459] SKRJ
[00:04:23] [207/459] SSJR
[00:04:24] [208/459] SVSM
[00:04:25] [209/459] RUCM
[00:04:27] [210/459] PRKN
[00:04:27] [211/459] RROH
[00:04:28] [212/459] SCTN
[00:04:29] [213/459] RTDM
[00:04:31] [214/459] ASRM
[00:04:32] [215/459] SKMD
[00:04:34] [216/459] SUTD
[00:04:34] [217/459] SADM
[00:04:35] [218/459] WCNR
[00:04:36] [219/459] CNED
[00:04:37] [220/459] MPDB
[00:04:38] [221/459] KTBH
[00:04:39] [222/459] IDRM
[00:04:40] [223/459] PJJT
[00:04:40] [224/459] PFCV
[00:04:41] [225/459] AACT
[00:04:42] [226/459] AAAD
[00:04:44] [227/459] ANES
[00:04:45] [228/459] MNCA
[00:04:45] [229/459] RMGU
[00:04:46] [230/459] DLCN
[00:04:47] [231/459] LJWT
[00:04:48] [232/459] MCBG
[00:04:49] [233/459] MYBG
[00:04:50] [234/459] GCCA
[00:04:51] [235/459] GCGA
[00:04:52] [236/459] ECGN
[00:04:53] [237/459] PRAB
[00:04:54] [238/459] PNMP
[00:04:55] [239/459] GCPT
[00:04:55] [240/459] ROYN
[00:04:56] [241/459] VATM
[00:04:57] [242/459] KSNT
[00:04:58] [243/459] ACTC
[00:04:59] [244/459] PLTD
[00:05:00] [245/459] SKMK
[00:05:01] [246/459] CMTT
[00:05:02] [247/459] SMXP
[00:05:03] [248/459] SCMX
[00:05:03] [249/459] ACXN
[00:05:05] [250/459] ASWT
[00:05:05] [251/459] VVVL
[00:05:06] [252/459] NAGO
[00:05:07] [253/459] SNCN
[00:05:08] [254/459] MCKP
[00:05:08] [255/459] SAMO
[00:05:09] [256/459] JBTV
[00:05:10] [257/459] DCVV
[00:05:11] [258/459] KMSV
[00:05:12] [259/459] KDCN
[00:05:13] [260/459] CNCP
[00:05:14] [261/459] HAMC
[00:05:15] [262/459] CCVZ
[00:05:16] [263/459] NCCK
[00:05:17] [264/459] MCHR
[00:05:18] [265/459] SCHT
[00:05:18] [266/459] ESSH
[00:05:19] [267/459] CUJC
[00:05:20] [268/459] PECP
[00:05:21] [269/459] PMMI
[00:05:22] [270/459] PCCH
[00:05:23] [271/459] PRPM
[00:05:24] [272/459] PVKL
[00:05:26] [273/459] CBSM
[00:05:27] [274/459] PVCZ
[00:05:28] [275/459] PCVV
[00:05:29] [276/459] CTMJ
[00:05:29] [277/459] RCPS
[00:05:30] [278/459] PCIT
[00:05:32] [279/459] FNCH
[00:05:33] [280/459] INZD
[00:05:34] [281/459] INPC
[00:05:34] [282/459] LCZP
[00:05:35] [283/459] SMCB
[00:05:37] [284/459] PTSB
[00:05:38] [285/459] TPSI
[00:05:39] [286/459] KHMJ
[00:05:39] [287/459] RCCJ
[00:05:40] [288/459] NCJA
[00:05:41] [289/459] NCJN
[00:05:42] [290/459] BTDP
[00:05:43] [291/459] PADY
[00:05:44] [292/459] NYBH
[00:05:44] [293/459] MTBR
[00:05:45] [294/459] KRBC
[00:05:46] [295/459] DKTI
[00:05:47] [296/459] ANAN
[00:05:48] [297/459] INBP
[00:05:49] [298/459] PATB
[00:05:50] [299/459] RGNT
[00:05:51] [300/459] CGPM
[00:05:52] [301/459] INTN
[00:05:53] [302/459] MCMP
[00:05:54] [303/459] ASRG
[00:05:54] [304/459] CXJD
[00:05:56] [305/459] SPCP
[00:05:57] [306/459] CSTP
[00:05:58] [307/459] PKVC
[00:06:00] [308/459] ESCP
[00:06:01] [309/459] CAEP
[00:06:02] [310/459] CCSP
[00:06:03] [311/459] KTPC
[00:06:04] [312/459] DACA
[00:06:05] [313/459] NVKY
[00:06:06] [314/459] PTIN
[00:06:07] [315/459] SCIN
[00:06:08] [316/459] MCTY
[00:06:08] [317/459] PCMX
[00:06:09] [318/459] INIC
[00:06:10] [319/459] MMZM
[00:06:11] [320/459] SSLP
[00:06:12] [321/459] DTDT
[00:06:13] [322/459] FFCX
[00:06:14] [323/459] RCMM
[00:06:15] [324/459] KYID
[00:06:16] [325/459] CSCI
[00:06:17] [326/459] FCMC
[00:06:18] [327/459] MMXI
[00:06:19] [328/459] ASTC
[00:06:21] [329/459] CMRA
[00:06:22] [330/459] DICI
[00:06:23] [331/459] KDIN
[00:06:24] [332/459] PRFI
[00:06:25] [333/459] SVFC
[00:06:26] [334/459] UCPL
[00:06:27] [335/459] COOC
[00:06:27] [336/459] SCAL
[00:06:29] [337/459] SVFF
[00:06:30] [338/459] VCMG
[00:06:30] [339/459] UUCT
[00:06:31] [340/459] GCSE
[00:06:32] [341/459] SUSC
[00:06:33] [342/459] MISC
[00:06:34] [343/459] RMBL
[00:06:34] [344/459] CMXN
[00:06:35] [345/459] PVBK
[00:06:36] [346/459] HHCG
[00:06:37] [347/459] SCAG
[00:06:38] [348/459] CNPR
[00:06:39] [349/459] CSER
[00:06:40] [350/459] HLWD
[00:06:41] [351/459] BOLY
[00:06:41] [352/459] SSPG
[00:06:42] [353/459] MUPX
[00:06:43] [354/459] HAMR
[00:06:44] [355/459] SDNC
[00:06:45] [356/459] RTEN
[00:06:45] [357/459] SDTD
[00:06:46] [358/459] KAWS
[00:06:47] [359/459] CMZX
[00:06:48] [360/459] DCDD
[00:06:49] [361/459] ALSN
[00:06:50] [362/459] IMXS
[00:06:51] [363/459] PVFF
[00:06:51] [364/459] PVOO
[00:06:52] [365/459] CFBS
[00:06:53] [366/459] PVER
[00:06:54] [367/459] PPNX
[00:06:55] [368/459] CNRM
[00:06:56] [369/459] PVWW
[00:06:57] [370/459] INMB
[00:06:57] [371/459] CPJR
[00:06:58] [372/459] INRZ
[00:07:00] [373/459] PMSR
[00:07:01] [374/459] GPGM
[00:07:01] [375/459] PGWB
[00:07:02] [376/459] PMBR
[00:07:03] [377/459] GPAM
[00:07:05] [378/459] INBC
[00:07:05] [379/459] PZVK
[00:07:06] [380/459] CPEB
[00:07:07] [381/459] FMLB
[00:07:09] [382/459] INBG
[00:07:10] [383/459] GPBR
[00:07:11] [384/459] PAAS
[00:07:12] [385/459] VTBR
[00:07:13] [386/459] GPMY
[00:07:14] [387/459] GYBU
[00:07:15] [388/459] INBJ
[00:07:16] [389/459] LKTH
[00:07:16] [390/459] NSBR
[00:07:17] [391/459] PDRD
[00:07:18] [392/459] VRBL
[00:07:20] [393/459] VTGB
[00:07:20] [394/459] VTSK
[00:07:21] [395/459] BKDV
[00:07:22] [396/459] SVTB
[00:07:23] [397/459] MLDT
[00:07:25] [398/459] NRBL
[00:07:25] [399/459] SLTR
[00:07:26] [400/459] VNKA
[00:07:27] [401/459] TDCA
[00:07:28] [402/459] INBM
[00:07:29] [403/459] SSNR
[00:07:30] [404/459] BHAC
[00:07:31] [405/459] SDSD
[00:07:31] [406/459] SAMP
[00:07:32] [407/459] RATK
[00:07:33] [408/459] KCBI
[00:07:34] [409/459] URBL
[00:07:36] [410/459] MKBG
[00:07:37] [411/459] ASTB
[00:07:37] [412/459] VBWT
[00:07:38] [413/459] GPSM
[00:07:39] [414/459] ROON
[00:07:40] [415/459] CHTH
[00:07:41] [416/459] SSPA
[00:07:42] [417/459] ANBL
[00:07:43] [418/459] VTBE
[00:07:44] [419/459] SVKT
[00:07:46] [420/459] SVYK
[00:07:47] [421/459] PTBK
[00:07:48] [422/459] RKTB
[00:07:49] [423/459] BALT
[00:07:50] [424/459] STSV
[00:07:51] [425/459] VCCB
[00:07:52] [426/459] SLTB
[00:07:53] [427/459] SBCR
[00:07:54] [428/459] VDCS
[00:07:55] [429/459] MDKI
[00:07:56] [430/459] SMRN
[00:07:57] [431/459] PTBC
[00:07:58] [432/459] RADI
[00:07:59] [433/459] ADCR
[00:08:00] [434/459] SDCS
[00:08:00] [435/459] SRPJ
[00:08:02] [436/459] ARTS
[00:08:03] [437/459] SRHK
[00:08:04] [438/459] SPAY
[00:08:05] [439/459] GPTB
[00:08:06] [440/459] SNNN
[00:08:07] [441/459] BALJ
[00:08:08] [442/459] TRIG
[00:08:09] [443/459] GTYT
[00:08:09] [444/459] ATGN
[00:08:10] [445/459] ANTE
[00:08:11] [446/459] BDCG
[00:08:12] [447/459] VECI
[00:08:13] [448/459] SCPR
[00:08:13] [449/459] RTEA
[00:08:14] [450/459] JSAI
[00:08:15] [451/459] VJTP
[00:08:16] [452/459] GNDS
[00:08:17] [453/459] PAXA
[00:08:18] [454/459] CGGM
[00:08:19] [455/459] ACKZ
[00:08:21] [456/459] EMCC
[00:08:22] [457/459] KLSK
[00:08:23] [458/459] AVCK
[00:08:24] [459/459] JTCK
[00:08:25] ✅ DONE | Shows=0 | Movies=0
[00:50:08] 🚀 BMS DAILY TRACKER STARTED
[00:50:08] [1/459] NECA
[00:50:08] 🧠 New identity
[00:50:08] [2/459] BJLC
[00:50:09] [3/459] BASU
[00:50:10] [4/459] RUPI
[00:50:10] [5/459] LCBK
[00:50:11] [6/459] PMAC
[00:50:12] [7/459] AMLC
[00:50:12] [8/459] LICL
[00:50:13] [9/459] UDMM
[00:50:14] [10/459] STBZ
[00:50:14] [11/459] UUBT
[00:50:15] [12/459] SJKC
[00:50:16] [13/459] TUAL
[00:50:16] [14/459] MRSE
[00:50:17] [15/459] RMRK
[00:50:18] [16/459] TTKP
[00:50:18] [17/459] KTKO
[00:50:19] [18/459] SDBK
[00:50:19] [19/459] MCPR
[00:50:20] [20/459] CHTI
[00:50:20] [21/459] GCCP
[00:50:21] [22/459] SRMY
[00:50:22] [23/459] NYST
[00:50:22] [24/459] NYAG
[00:50:23] [25/459] SBMT
[00:50:23] [26/459] INGA
[00:50:24] [27/459] WSIC
[00:50:25] [28/459] SCSS
[00:50:25] [29/459] COPG
[00:50:26] [30/459] RCGR
[00:50:26] [31/459] TCZA
[00:50:27] [32/459] CNLP
[00:50:28] [33/459] CLKN
[00:50:28] [34/459] LHDF
[00:50:28] [35/459] ELKC
[00:50:29] [36/459] VCEM
[00:50:30] [37/459] SSZA
[00:50:30] [38/459] KRMT
[00:50:31] [39/459] LCMV
[00:50:32] [40/459] AYCZ
[00:50:32] [41/459] CUMS
[00:50:33] [42/459] BOCK
[00:50:33] [43/459] PNMR
[00:50:34] [44/459] PJCP
[00:50:35] [45/459] JDDD
[00:50:35] [46/459] STMS
[00:50:36] [47/459] FLMB
[00:50:36] [48/459] PKCM
[00:50:37] [49/459] SPPR
[00:50:38] [50/459] EYLH
[00:50:38] [51/459] RJCC
[00:50:39] [52/459] MMPS
[00:50:40] [53/459] SHMX
[00:50:40] [54/459] CCNL
[00:50:41] [55/459] RCNV
[00:50:41] [56/459] MAAG
[00:50:42] [57/459] LXCM
[00:50:43] [58/459] RCNI
[00:50:43] [59/459] SNNI
[00:50:44] [60/459] LALC
[00:50:45] [61/459] SOCN
[00:50:45] [62/459] JHTP
[00:50:46] [63/459] PITP
[00:50:46] [64/459] CCKW
[00:50:47] [65/459] MCMC
[00:50:47] [66/459] DEES
[00:50:48] [67/459] SABT
[00:50:48] [68/459] VSPP
[00:50:49] [69/459] ABCT
[00:50:50] [70/459] JVTB
[00:50:50] [71/459] VCBD
[00:50:51] [72/459] RMGG
[00:50:52] [73/459] RNMH
[00:50:52] [74/459] SPGL
[00:50:53] [75/459] JTTR
[00:50:54] [76/459] SICS
[00:50:54] [77/459] SRMI
[00:50:55] [78/459] SSIJ
[00:50:55] [79/459] KFMT
[00:50:56] [80/459] VBIT
[00:50:57] [81/459] JKCT
[00:50:57] [82/459] GCGP
[00:50:58] [83/459] GDCS
[00:50:59] [84/459] TRBA
[00:50:59] [85/459] QUST
[00:51:00] [86/459] VSHM
[00:51:01] [87/459] SDCP
[00:51:01] [88/459] SNVS
[00:51:02] [89/459] NYTO
[00:51:02] [90/459] URWC
[00:51:03] [91/459] GTWH
[00:51:04] [92/459] PFCM
[00:51:04] [93/459] KRTA
[00:51:05] [94/459] AXMC
[00:51:05] [95/459] EVMC
[00:51:06] [96/459] HGSM
[00:51:06] [97/459] ACVM
[00:51:07] [98/459] PSKL
[00:51:07] [99/459] RDMP
[00:51:08] [100/459] RHGH
[00:51:09] [101/459] OMCM
[00:51:09] [102/459] DCCP
[00:51:10] [103/459] MCPB
[00:51:10] [104/459] ALCI
[00:51:11] [105/459] BLMX
[00:51:12] [106/459] BTMV
[00:51:12] [107/459] FVPN
[00:51:13] [108/459] CMAR
[00:51:14] [109/459] CEIM
[00:51:14] [110/459] CMVA
[00:51:15] [111/459] CPIV
[00:51:16] [112/459] CNPE
[00:51:16] [113/459] COLV
[00:51:17] [114/459] DNNV
[00:51:18] [115/459] HCAD
[00:51:18] [116/459] TAKA
[00:51:19] [117/459] INVD
[00:51:19] [118/459] IRMM
[00:51:20] [119/459] INSE
[00:51:20] [120/459] MRSW
[00:51:21] [121/459] MCVD
[00:51:21] [122/459] MCSO
[00:51:22] [123/459] PEVM
[00:51:22] [124/459] PVNL
[00:51:23] [125/459] PTCV
[00:51:23] [126/459] PRTC
[00:51:24] [127/459] RCVA
[00:51:25] [128/459] MTBN
[00:51:25] [129/459] LUCP
[00:51:26] [130/459] FMPT
[00:51:27] [131/459] JLSL
[00:51:27] [132/459] SBHA
[00:51:28] [133/459] SHRC
[00:51:28] [134/459] AVPS
[00:51:29] [135/459] STPM
[00:51:30] [136/459] ATRD
[00:51:30] [137/459] VTED
[00:51:31] [138/459] ACAI
[00:51:32] [139/459] SMAE
[00:51:32] [140/459] VMAT
[00:51:33] [141/459] LKCT
[00:51:33] [142/459] JTVK
[00:51:34] [143/459] PRTY
[00:51:35] [144/459] GETT
[00:51:35] [145/459] ESAP
[00:51:36] [146/459] NCPM
[00:51:36] [147/459] PCPA
[00:51:37] [148/459] MMOM
[00:51:37] [149/459] PHUP
[00:51:38] [150/459] CCPI
[00:51:39] [151/459] CNTD
[00:51:39] [152/459] NLJR
[00:51:40] [153/459] SRNG
[00:51:41] [154/459] MHAL
[00:51:41] [155/459] PNSM
[00:51:42] [156/459] DRMY
[00:51:42] [157/459] CCMU
[00:51:43] [158/459] SCMY
[00:51:43] [159/459] PVSY
[00:51:44] [160/459] SDLM
[00:51:44] [161/459] ICCM
[00:51:45] [162/459] PYSU
[00:51:46] [163/459] GATM
[00:51:46] [164/459] WOTM
[00:51:47] [165/459] RKTS
[00:51:47] [166/459] PMTY
[00:51:48] [167/459] LYMS
[00:51:49] [168/459] TGCA
[00:51:49] [169/459] DSTA
[00:51:50] [170/459] CNGE
[00:51:51] [171/459] VSTG
[00:51:51] [172/459] GTCK
[00:51:52] [173/459] TGNT
[00:51:53] [174/459] ASLC
[00:51:53] [175/459] SSST
[00:51:54] [176/459] KBTT
[00:51:54] [177/459] HKCP
[00:51:55] [178/459] SWLC
[00:51:55] [179/459] RTND
[00:51:56] [180/459] PKKT
[00:51:56] [181/459] HSTK
[00:51:57] [182/459] SPTT
[00:51:57] [183/459] IMPM
[00:51:58] [184/459] SCMV
[00:51:58] [185/459] SPCT
[00:51:59] [186/459] JBCA
[00:51:59] [187/459] ATTR
[00:52:00] [188/459] SPMT
[00:52:01] [189/459] LCTM
[00:52:01] [190/459] SCVL
[00:52:02] [191/459] SCVT
[00:52:03] [192/459] KRIC
[00:52:03] [193/459] CTMG
[00:52:04] [194/459] ACNC
[00:52:04] [195/459] DMCK
[00:52:05] [196/459] KMTV
[00:52:05] [197/459] PFCJ
[00:52:06] [198/459] VNMD
[00:52:07] [199/459] VPCZ
[00:52:07] [200/459] SRYR
[00:52:08] [201/459] SYTR
[00:52:08] [202/459] GATR
[00:52:09] [203/459] URTR
[00:52:09] [204/459] MKSM
[00:52:10] [205/459] VSMH
[00:52:10] [206/459] SKRJ
[00:52:11] [207/459] SSJR
[00:52:12] [208/459] SVSM
[00:52:12] [209/459] RUCM
[00:52:13] [210/459] PRKN
[00:52:13] [211/459] RROH
[00:52:14] [212/459] SCTN
[00:52:14] [213/459] RTDM
[00:52:15] [214/459] ASRM
[00:52:15] [215/459] SKMD
[00:52:16] [216/459] SUTD
[00:52:17] [217/459] SADM
[00:52:17] [218/459] WCNR
[00:52:18] [219/459] CNED
[00:52:19] [220/459] MPDB
[00:52:19] [221/459] KTBH
[00:52:20] [222/459] IDRM
[00:52:20] [223/459] PJJT
[00:52:21] [224/459] PFCV
[00:52:22] [225/459] AACT
[00:52:22] [226/459] AAAD
[00:52:23] [227/459] ANES
[00:52:23] [228/459] MNCA
[00:52:24] [229/459] RMGU
[00:52:24] [230/459] DLCN
[00:52:25] [231/459] LJWT
[00:52:26] [232/459] MCBG
[00:52:26] [233/459] MYBG
[00:52:27] [234/459] GCCA
[00:52:28] [235/459] GCGA
[00:52:28] [236/459] ECGN
[00:52:29] [237/459] PRAB
[00:52:30] [238/459] PNMP
[00:52:30] [239/459] GCPT
[00:52:31] [240/459] ROYN
[00:52:31] [241/459] VATM
[00:52:32] [242/459] KSNT
[00:52:33] [243/459] ACTC
[00:52:33] [244/459] PLTD
[00:52:33] [245/459] SKMK
[00:52:34] [246/459] CMTT
[00:52:35] [247/459] SMXP
[00:52:35] [248/459] SCMX
[00:52:36] [249/459] ACXN
[00:52:36] [250/459] ASWT
[00:52:37] [251/459] VVVL
[00:52:38] [252/459] NAGO
[00:52:38] [253/459] SNCN
[00:52:39] [254/459] MCKP
[00:52:39] [255/459] SAMO
[00:52:40] [256/459] JBTV
[00:52:41] [257/459] DCVV
[00:52:41] [258/459] KMSV
[00:52:42] [259/459] KDCN
[00:52:42] [260/459] CNCP
[00:52:43] [261/459] HAMC
[00:52:44] [262/459] CCVZ
[00:52:44] [263/459] NCCK
[00:52:45] [264/459] MCHR
[00:52:45] [265/459] SCHT
[00:52:46] [266/459] ESSH
[00:52:47] [267/459] CUJC
[00:52:48] [268/459] PECP
[00:52:48] [269/459] PMMI
[00:52:49] [270/459] PCCH
[00:52:49] [271/459] PRPM
[00:52:50] [272/459] PVKL
[00:52:51] [273/459] CBSM
[00:52:51] [274/459] PVCZ
[00:52:52] [275/459] PCVV
[00:52:52] [276/459] CTMJ
[00:52:53] [277/459] RCPS
[00:52:54] [278/459] PCIT
[00:52:54] [279/459] FNCH
[00:52:55] [280/459] INZD
[00:52:56] [281/459] INPC
[00:52:56] [282/459] LCZP
[00:52:57] [283/459] SMCB
[00:52:57] [284/459] PTSB
[00:52:58] [285/459] TPSI
[00:52:59] [286/459] KHMJ
[00:52:59] [287/459] RCCJ
[00:53:00] [288/459] NCJA
[00:53:00] [289/459] NCJN
[00:53:01] [290/459] BTDP
[00:53:01] [291/459] PADY
[00:53:02] [292/459] NYBH
[00:53:03] [293/459] MTBR
[00:53:03] [294/459] KRBC
[00:53:04] [295/459] DKTI
[00:53:05] [296/459] ANAN
[00:53:05] [297/459] INBP
[00:53:06] [298/459] PATB
[00:53:06] [299/459] RGNT
[00:53:07] [300/459] CGPM
[00:53:08] [301/459] INTN
[00:53:08] [302/459] MCMP
[00:53:09] [303/459] ASRG
[00:53:10] [304/459] CXJD
[00:53:10] [305/459] SPCP
[00:53:11] [306/459] CSTP
[00:53:12] [307/459] PKVC
[00:53:12] [308/459] ESCP
[00:53:13] [309/459] CAEP
[00:53:13] [310/459] CCSP
[00:53:14] [311/459] KTPC
[00:53:14] [312/459] DACA
[00:53:15] [313/459] NVKY
[00:53:16] [314/459] PTIN
[00:53:16] [315/459] SCIN
[00:53:17] [316/459] MCTY
[00:53:18] [317/459] PCMX
[00:53:18] [318/459] INIC
[00:53:19] [319/459] MMZM
[00:53:19] [320/459] SSLP
[00:53:20] [321/459] DTDT
[00:53:20] [322/459] FFCX
[00:53:21] [323/459] RCMM
[00:53:21] [324/459] KYID
[00:53:22] [325/459] CSCI
[00:53:23] [326/459] FCMC
[00:53:23] [327/459] MMXI
[00:53:24] [328/459] ASTC
[00:53:24] [329/459] CMRA
[00:53:25] [330/459] DICI
[00:53:26] [331/459] KDIN
[00:53:26] [332/459] PRFI
[00:53:27] [333/459] SVFC
[00:53:28] [334/459] UCPL
[00:53:28] [335/459] COOC
[00:53:29] [336/459] SCAL
[00:53:29] [337/459] SVFF
[00:53:30] [338/459] VCMG
[00:53:30] [339/459] UUCT
[00:53:31] [340/459] GCSE
[00:53:32] [341/459] SUSC
[00:53:32] [342/459] MISC
[00:53:33] [343/459] RMBL
[00:53:33] [344/459] CMXN
[00:53:34] [345/459] PVBK
[00:53:34] [346/459] HHCG
[00:53:35] [347/459] SCAG
[00:53:36] [348/459] CNPR
[00:53:36] [349/459] CSER
[00:53:37] [350/459] HLWD
[00:53:37] [351/459] BOLY
[00:53:38] [352/459] SSPG
[00:53:39] [353/459] MUPX
[00:53:39] [354/459] HAMR
[00:53:40] [355/459] SDNC
[00:53:41] [356/459] RTEN
[00:53:41] [357/459] SDTD
[00:53:42] [358/459] KAWS
[00:53:42] [359/459] CMZX
[00:53:43] [360/459] DCDD
[00:53:43] [361/459] ALSN
[00:53:44] [362/459] IMXS
[00:53:45] [363/459] PVFF
[00:53:45] [364/459] PVOO
[00:53:46] [365/459] CFBS
[00:53:46] [366/459] PVER
[00:53:47] [367/459] PPNX
[00:53:47] [368/459] CNRM
[00:53:48] [369/459] PVWW
[00:53:49] [370/459] INMB
[00:53:49] [371/459] CPJR
[00:53:50] [372/459] INRZ
[00:53:51] [373/459] PMSR
[00:53:51] [374/459] GPGM
[00:53:52] [375/459] PGWB
[00:53:53] [376/459] PMBR
[00:53:53] [377/459] GPAM
[00:53:54] [378/459] INBC
[00:53:54] [379/459] PZVK
[00:53:55] [380/459] CPEB
[00:53:55] [381/459] FMLB
[00:53:56] [382/459] INBG
[00:53:56] [383/459] GPBR
[00:53:57] [384/459] PAAS
[00:53:58] [385/459] VTBR
[00:53:58] [386/459] GPMY
[00:53:59] [387/459] GYBU
[00:53:59] [388/459] INBJ
[00:54:00] [389/459] LKTH
[00:54:00] [390/459] NSBR
[00:54:01] [391/459] PDRD
[00:54:02] [392/459] VRBL
[00:54:02] [393/459] VTGB
[00:54:03] [394/459] VTSK
[00:54:04] [395/459] BKDV
[00:54:04] [396/459] SVTB
[00:54:05] [397/459] MLDT
[00:54:05] [398/459] NRBL
[00:54:06] [399/459] SLTR
[00:54:07] [400/459] VNKA
[00:54:07] [401/459] TDCA
[00:54:08] [402/459] INBM
[00:54:08] [403/459] SSNR
[00:54:09] [404/459] BHAC
[00:54:10] [405/459] SDSD
[00:54:10] [406/459] SAMP
[00:54:11] [407/459] RATK
[00:54:12] [408/459] KCBI
[00:54:12] [409/459] URBL
[00:54:13] [410/459] MKBG
[00:54:14] [411/459] ASTB
[00:54:14] [412/459] VBWT
[00:54:15] [413/459] GPSM
[00:54:15] [414/459] ROON
[00:54:16] [415/459] CHTH
[00:54:17] [416/459] SSPA
[00:54:17] [417/459] ANBL
[00:54:18] [418/459] VTBE
[00:54:19] [419/459] SVKT
[00:54:19] [420/459] SVYK
[00:54:20] [421/459] PTBK
[00:54:20] [422/459] RKTB
[00:54:21] [423/459] BALT
[00:54:21] [424/459] STSV
[00:54:22] [425/459] VCCB
[00:54:23] [426/459] SLTB
[00:54:23] [427/459] SBCR
[00:54:24] [428/459] VDCS
[00:54:24] [429/459] MDKI
[00:54:25] [430/459] SMRN
[00:54:25] [431/459] PTBC
[00:54:26] [432/459] RADI
[00:54:27] [433/459] ADCR
[00:54:27] [434/459] SDCS
[00:54:28] [435/459] SRPJ
[00:54:29] [436/459] ARTS
[00:54:29] [437/459] SRHK
[00:54:30] [438/459] SPAY
[00:54:30] [439/459] GPTB
[00:54:31] [440/459] SNNN
[00:54:31] [441/459] BALJ
[00:54:32] [442/459] TRIG
[00:54:33] [443/459] GTYT
[00:54:33] [444/459] ATGN
[00:54:34] [445/459] ANTE
[00:54:35] [446/459] BDCG
[00:54:35] [447/459] VECI
[00:54:36] [448/459] SCPR
[00:54:37] [449/459] RTEA
[00:54:37] [450/459] JSAI
[00:54:38] [451/459] VJTP
[00:54:39] [452/459] GNDS
[00:54:39] [453/459] PAXA
[00:54:40] [454/459] CGGM
[00:54:40] [455/459] ACKZ
[00:54:41] [456/459] EMCC
[00:54:41] [457/459] KLSK
[00:54:42] [458/459] AVCK
[00:54:43] [459/459] JTCK
[00:54:43] ✅ DONE | Shows=0 | Movies=0
