[00:01:03] 🚀 BMS DAILY TRACKER STARTED
[00:01:03] [1/459] FNDB
[00:01:03] 🧠 New identity
[00:01:04] [2/459] AMBH
[00:01:05] [3/459] PRHN
[00:01:06] [4/459] ACPM
[00:01:07] [5/459] PVFS
[00:01:08] [6/459] AACN
[00:01:09] [7/459] ACAS
[00:01:09] [8/459] CTNR
[00:01:10] [9/459] MMAH
[00:01:11] [10/459] CPMH
[00:01:12] [11/459] IGMH
[00:01:13] [12/459] ABCS
[00:01:14] [13/459] CMMA
[00:01:15] [14/459] GPRH
[00:01:16] [15/459] PNNG
[00:01:17] [16/459] AMCA
[00:01:18] [17/459] ISTN
[00:01:18] [18/459] PIIC
[00:01:19] [19/459] AHMH
[00:01:20] [20/459] ASHN
[00:01:21] [21/459] INHY
[00:01:22] [22/459] SRMO
[00:01:23] [23/459] PIMH
[00:01:24] [24/459] PVTS
[00:01:25] [25/459] MMCA
[00:01:26] [26/459] AKYJ
[00:01:26] [27/459] BRKH
[00:01:27] [28/459] MAHM
[00:01:28] [29/459] CPHY
[00:01:29] [30/459] PVTP
[00:01:30] [31/459] SMMR
[00:01:31] [32/459] PVHM
[00:01:32] [33/459] SNDY
[00:01:34] [34/459] GOKU
[00:01:35] [35/459] ACEV
[00:01:36] [36/459] PVUM
[00:01:37] [37/459] VSWA
[00:01:38] [38/459] IPRS
[00:01:39] [39/459] ASGN
[00:01:40] [40/459] BKMV
[00:01:40] [41/459] PVYH
[00:01:41] [42/459] INKM
[00:01:42] [43/459] ARJU
[00:01:43] [44/459] JJPP
[00:01:45] [45/459] SSRM
[00:01:46] [46/459] HMHD
[00:01:46] [47/459] SNKH
[00:01:47] [48/459] ACHI
[00:01:48] [49/459] MRAA
[00:01:49] [50/459] INMH
[00:01:49] [51/459] ARMH
[00:01:50] [52/459] DVRR
[00:01:52] [53/459] SUDA
[00:01:53] [54/459] MCSS
[00:01:53] [55/459] VRKC
[00:01:55] [56/459] PRCX
[00:01:56] [57/459] ASJY
[00:01:57] [58/459] MTHY
[00:01:58] [59/459] SRCM
[00:01:58] [60/459] TVHY
[00:01:59] [61/459] STHD
[00:02:00] [62/459] CPCL
[00:02:01] [63/459] PSMJ
[00:02:02] [64/459] MRGT
[00:02:02] [65/459] ARYH
[00:02:03] [66/459] VTRB
[00:02:04] [67/459] SCHC
[00:02:05] [68/459] MRRG
[00:02:06] [69/459] SPCB
[00:02:07] [70/459] AMCM
[00:02:08] [71/459] IVNM
[00:02:09] [72/459] TRHY
[00:02:10] [73/459] PTTH
[00:02:11] [74/459] RKMH
[00:02:12] [75/459] PRCS
[00:02:12] [76/459] VAJA
[00:02:13] [77/459] BJNG
[00:02:14] [78/459] SCVM
[00:02:16] [79/459] GNHB
[00:02:16] [80/459] TLUR
[00:02:18] [81/459] UKCC
[00:02:19] [82/459] SRKR
[00:02:20] [83/459] RMKN
[00:02:21] [84/459] SLRT
[00:02:22] [85/459] LKMT
[00:02:22] [86/459] SSRJ
[00:02:23] [87/459] SPHT
[00:02:24] [88/459] ANTT
[00:02:25] [89/459] SRCH
[00:02:26] [90/459] SRCA
[00:02:27] [91/459] ARTH
[00:02:27] [92/459] MCBH
[00:02:28] [93/459] SNIB
[00:02:29] [94/459] SART
[00:02:30] [95/459] SKTA
[00:02:31] [96/459] YAKT
[00:02:32] [97/459] MLCK
[00:02:32] [98/459] ANTS
[00:02:33] [99/459] DGCA
[00:02:34] [100/459] SGMP
[00:02:35] [101/459] ASWN
[00:02:37] [102/459] KFVU
[00:02:37] [103/459] POOR
[00:02:38] [104/459] GKDN
[00:02:39] [105/459] EOSE
[00:02:40] [106/459] GTTT
[00:02:41] [107/459] ARRO
[00:02:43] [108/459] CMMK
[00:02:44] [109/459] MSCN
[00:02:45] [110/459] GDKH
[00:02:46] [111/459] DLMT
[00:02:46] [112/459] PVMF
[00:02:47] [113/459] CPCK
[00:02:48] [114/459] VMHE
[00:02:49] [115/459] PVLC
[00:02:50] [116/459] PCVB
[00:02:50] [117/459] SNYK
[00:02:52] [118/459] KTEK
[00:02:52] [119/459] PCNM
[00:02:54] [120/459] NTTR
[00:02:55] [121/459] CPSK
[00:02:55] [122/459] JMMA
[00:02:56] [123/459] GCFK
[00:02:57] [124/459] MYCA
[00:02:58] [125/459] KSNP
[00:02:59] [126/459] PMCE
[00:03:00] [127/459] SCKI
[00:03:01] [128/459] FSMA
[00:03:02] [129/459] CETA
[00:03:02] [130/459] MCIK
[00:03:04] [131/459] MYCR
[00:03:05] [132/459] EVMP
[00:03:06] [133/459] SSGT
[00:03:07] [134/459] KCTK
[00:03:08] [135/459] ZTKC
[00:03:08] [136/459] MMTA
[00:03:09] [137/459] MAJT
[00:03:10] [138/459] ACPK
[00:03:11] [139/459] JMAX
[00:03:12] [140/459] SETK
[00:03:13] [141/459] CAIS
[00:03:13] [142/459] AGCD
[00:03:14] [143/459] URCL
[00:03:15] [144/459] VTDS
[00:03:16] [145/459] JCNM
[00:03:17] [146/459] KCAM
[00:03:17] [147/459] ADCU
[00:03:18] [148/459] GXYN
[00:03:19] [149/459] SMJG
[00:03:20] [150/459] EYCJ
[00:03:21] [151/459] CCEJ
[00:03:22] [152/459] MARS
[00:03:23] [153/459] CPVJ
[00:03:24] [154/459] INVP
[00:03:25] [155/459] CPOV
[00:03:26] [156/459] VIJK
[00:03:27] [157/459] LAIM
[00:03:27] [158/459] STHV
[00:03:28] [159/459] SVLJ
[00:03:29] [160/459] ATVJ
[00:03:30] [161/459] JTSC
[00:03:31] [162/459] RMTV
[00:03:31] [163/459] MGGG
[00:03:32] [164/459] SWTH
[00:03:33] [165/459] INVJ
[00:03:34] [166/459] PRSV
[00:03:35] [167/459] JATV
[00:03:36] [168/459] RCVD
[00:03:37] [169/459] BDMA
[00:03:38] [170/459] BLJI
[00:03:39] [171/459] SWOT
[00:03:40] [172/459] SWRN
[00:03:41] [173/459] TVRA
[00:03:42] [174/459] VCSV
[00:03:43] [175/459] NVRN
[00:03:44] [176/459] SIKC
[00:03:45] [177/459] VAKR
[00:03:46] [178/459] SYLN
[00:03:47] [179/459] KLJL
[00:03:48] [180/459] LKMY
[00:03:49] [181/459] VSLY
[00:03:50] [182/459] CIKO
[00:03:51] [183/459] GPBG
[00:03:52] [184/459] CECM
[00:03:53] [185/459] SLKB
[00:03:54] [186/459] MTBO
[00:03:55] [187/459] SSHB
[00:03:55] [188/459] VPCS
[00:03:56] [189/459] RCSR
[00:03:57] [190/459] RJRM
[00:03:58] [191/459] KPPB
[00:03:59] [192/459] SEDC
[00:04:00] [193/459] SCAI
[00:04:01] [194/459] RMTR
[00:04:02] [195/459] ASST
[00:04:03] [196/459] GCAK
[00:04:04] [197/459] ANNK
[00:04:04] [198/459] KDDF
[00:04:05] [199/459] NRDP
[00:04:06] [200/459] PLAK
[00:04:07] [201/459] GCMC
[00:04:08] [202/459] ALPY
[00:04:09] [203/459] SICE
[00:04:10] [204/459] SISR
[00:04:11] [205/459] SRPZ
[00:04:11] [206/459] SRSW
[00:04:13] [207/459] SUYA
[00:04:13] [208/459] AMMT
[00:04:15] [209/459] BHCU
[00:04:17] [210/459] KLPA
[00:04:18] [211/459] NVKH
[00:04:18] [212/459] JMRC
[00:04:19] [213/459] KTTT
[00:04:20] [214/459] MAGH
[00:04:21] [215/459] MMMX
[00:04:22] [216/459] SALJ
[00:04:23] [217/459] GTJA
[00:04:23] [218/459] MAHT
[00:04:24] [219/459] SSNN
[00:04:26] [220/459] ARRP
[00:04:27] [221/459] ATNS
[00:04:27] [222/459] SKDT
[00:04:28] [223/459] ACAT
[00:04:29] [224/459] APRC
[00:04:30] [225/459] SWAG
[00:04:31] [226/459] SDPT
[00:04:32] [227/459] STPS
[00:04:33] [228/459] WWCZ
[00:04:34] [229/459] LLCH
[00:04:35] [230/459] MZHA
[00:04:37] [231/459] CRJG
[00:04:37] [232/459] JGTK
[00:04:38] [233/459] KCSR
[00:04:39] [234/459] CHTL
[00:04:40] [235/459] EDSR
[00:04:40] [236/459] CSWO
[00:04:41] [237/459] CPVM
[00:04:43] [238/459] MXBY
[00:04:44] [239/459] FMMA
[00:04:45] [240/459] POVI
[00:04:46] [241/459] MTHB
[00:04:46] [242/459] INRC
[00:04:47] [243/459] PIPP
[00:04:48] [244/459] BMXC
[00:04:49] [245/459] PCMM
[00:04:50] [246/459] PMKM
[00:04:51] [247/459] GATY
[00:04:52] [248/459] IMCM
[00:04:52] [249/459] POPE
[00:04:54] [250/459] MTCR
[00:04:55] [251/459] PVAE
[00:04:56] [252/459] PVMI
[00:04:57] [253/459] CPNM
[00:04:57] [254/459] FMRL
[00:04:58] [255/459] MCIW
[00:04:59] [256/459] MXBO
[00:05:00] [257/459] FMKY
[00:05:01] [258/459] FMDA
[00:05:02] [259/459] THAB
[00:05:03] [260/459] PRCW
[00:05:04] [261/459] PITI
[00:05:05] [262/459] MCFF
[00:05:06] [263/459] PDDV
[00:05:07] [264/459] MCRM
[00:05:07] [265/459] KKMB
[00:05:08] [266/459] INKO
[00:05:09] [267/459] PLXP
[00:05:10] [268/459] MMHA
[00:05:11] [269/459] FMVS
[00:05:12] [270/459] POLM
[00:05:13] [271/459] STER
[00:05:14] [272/459] PVWJ
[00:05:15] [273/459] IMJW
[00:05:16] [274/459] FNAN
[00:05:16] [275/459] CAGL
[00:05:17] [276/459] IPBG
[00:05:18] [277/459] SMFV
[00:05:19] [278/459] MMMR
[00:05:20] [279/459] MMWM
[00:05:21] [280/459] FNCM
[00:05:22] [281/459] MDVA
[00:05:23] [282/459] MMET
[00:05:24] [283/459] MIDO
[00:05:25] [284/459] INNP
[00:05:26] [285/459] MIFU
[00:05:27] [286/459] MMSZ
[00:05:28] [287/459] BMXA
[00:05:28] [288/459] MCAA
[00:05:29] [289/459] SCVP
[00:05:30] [290/459] PLUS
[00:05:31] [291/459] MUCK
[00:05:32] [292/459] MTMA
[00:05:33] [293/459] HPVR
[00:05:34] [294/459] PMPK
[00:05:35] [295/459] MAJB
[00:05:36] [296/459] CTRR
[00:05:36] [297/459] MCTG
[00:05:37] [298/459] MACE
[00:05:38] [299/459] AAAS
[00:05:39] [300/459] CPVV
[00:05:40] [301/459] RCHG
[00:05:41] [302/459] MCNE
[00:05:41] [303/459] EMNC
[00:05:42] [304/459] MCAN
[00:05:43] [305/459] TCDM
[00:05:44] [306/459] IRGT
[00:05:45] [307/459] GCMG
[00:05:46] [308/459] MXSN
[00:05:47] [309/459] MXCK
[00:05:48] [310/459] MCRC
[00:05:49] [311/459] RSMI
[00:05:49] [312/459] WAML
[00:05:50] [313/459] MTSC
[00:05:51] [314/459] FMDR
[00:05:52] [315/459] LEPV
[00:05:53] [316/459] MTGD
[00:05:53] [317/459] IMOB
[00:05:54] [318/459] CLMM
[00:05:55] [319/459] PZCD
[00:05:56] [320/459] GOCS
[00:05:57] [321/459] KCMA
[00:05:58] [322/459] CCMP
[00:05:58] [323/459] MTSU
[00:05:59] [324/459] SNGL
[00:06:00] [325/459] MMMC
[00:06:01] [326/459] MMAA
[00:06:02] [327/459] GCDM
[00:06:03] [328/459] KTMV
[00:06:04] [329/459] AETE
[00:06:04] [330/459] OMCS
[00:06:05] [331/459] GDCD
[00:06:06] [332/459] NYMD
[00:06:07] [333/459] RNCV
[00:06:08] [334/459] KKMT
[00:06:08] [335/459] GDTH
[00:06:09] [336/459] KMMV
[00:06:10] [337/459] NHCG
[00:06:11] [338/459] PJDW
[00:06:12] [339/459] MMCV
[00:06:13] [340/459] FQSA
[00:06:14] [341/459] KURL
[00:06:14] [342/459] NNNX
[00:06:15] [343/459] AMAU
[00:06:16] [344/459] VVVM
[00:06:17] [345/459] VECU
[00:06:19] [346/459] WCVR
[00:06:19] [347/459] MTGG
[00:06:20] [348/459] SGTG
[00:06:21] [349/459] MNTG
[00:06:22] [350/459] JDDG
[00:06:23] [351/459] MBTK
[00:06:24] [352/459] SGCD
[00:06:25] [353/459] MCTC
[00:06:26] [354/459] JTPC
[00:06:27] [355/459] SDKT
[00:06:29] [356/459] KRCC
[00:06:30] [357/459] RMMD
[00:06:31] [358/459] AAME
[00:06:31] [359/459] TMWC
[00:06:33] [360/459] NRWY
[00:06:34] [361/459] CITD
[00:06:35] [362/459] VERD
[00:06:37] [363/459] MKSK
[00:06:38] [364/459] STSM
[00:06:39] [365/459] MJDG
[00:06:39] [366/459] RKPM
[00:06:41] [367/459] SSCE
[00:06:42] [368/459] VMAE
[00:06:43] [369/459] SBRU
[00:06:44] [370/459] AMBC
[00:06:45] [371/459] AMLU
[00:06:47] [372/459] INVZ
[00:06:48] [373/459] LGTV
[00:06:48] [374/459] SVAD
[00:06:49] [375/459] SMSA
[00:06:51] [376/459] SPCZ
[00:06:51] [377/459] GTCX
[00:06:52] [378/459] SCSL
[00:06:53] [379/459] SAHU
[00:06:54] [380/459] NCDA
[00:06:54] [381/459] SCCG
[00:06:55] [382/459] VKTL
[00:06:56] [383/459] PUUJ
[00:06:58] [384/459] STEJ
[00:06:59] [385/459] RJAL
[00:06:59] [386/459] ACJC
[00:07:00] [387/459] VTHC
[00:07:01] [388/459] ARVB
[00:07:02] [389/459] AUBB
[00:07:03] [390/459] GDBR
[00:07:04] [391/459] PVND
[00:07:05] [392/459] BGRJ
[00:07:06] [393/459] RJMM
[00:07:06] [394/459] MCSA
[00:07:08] [395/459] BODA
[00:07:09] [396/459] JAGG
[00:07:10] [397/459] SCGA
[00:07:11] [398/459] LRCM
[00:07:12] [399/459] CPCN
[00:07:13] [400/459] SSTF
[00:07:13] [401/459] SRXP
[00:07:14] [402/459] CNFX
[00:07:16] [403/459] ANDI
[00:07:17] [404/459] SYEW
[00:07:18] [405/459] RCRE
[00:07:20] [406/459] SCRW
[00:07:20] [407/459] MBKR
[00:07:21] [408/459] ASNT
[00:07:22] [409/459] JTMT
[00:07:23] [410/459] SHAY
[00:07:24] [411/459] VRTH
[00:07:25] [412/459] SPTI
[00:07:25] [413/459] DPTD
[00:07:26] [414/459] TGSN
[00:07:27] [415/459] RCWV
[00:07:28] [416/459] OCUR
[00:07:29] [417/459] KSTC
[00:07:30] [418/459] SANI
[00:07:31] [419/459] MLCA
[00:07:32] [420/459] EGCA
[00:07:33] [421/459] SYSN
[00:07:34] [422/459] PKTA
[00:07:35] [423/459] PRCC
[00:07:36] [424/459] KSTR
[00:07:37] [425/459] SNTP
[00:07:38] [426/459] RCHA
[00:07:38] [427/459] SEEA
[00:07:39] [428/459] ALAT
[00:07:40] [429/459] AATV
[00:07:41] [430/459] RJTE
[00:07:43] [431/459] AAPP
[00:07:44] [432/459] PMMH
[00:07:44] [433/459] INRJ
[00:07:45] [434/459] SARB
[00:07:46] [435/459] PCJL
[00:07:46] [436/459] PFJJ
[00:07:47] [437/459] GRDC
[00:07:48] [438/459] BCBA
[00:07:49] [439/459] VIXL
[00:07:50] [440/459] CSTL
[00:07:51] [441/459] MTDK
[00:07:52] [442/459] TDAC
[00:07:52] [443/459] GTDN
[00:07:53] [444/459] TTDE
[00:07:54] [445/459] ASTS
[00:07:55] [446/459] CPNS
[00:07:56] [447/459] PVVW
[00:07:57] [448/459] USEB
[00:07:57] [449/459] DTYN
[00:07:58] [450/459] PVLE
[00:07:59] [451/459] CIPS
[00:08:00] [452/459] PAEG
[00:08:02] [453/459] PTCW
[00:08:03] [454/459] G3SR
[00:08:03] [455/459] PGND
[00:08:04] [456/459] INVM
[00:08:05] [457/459] SPIA
[00:08:06] [458/459] PCSN
[00:08:07] [459/459] PPGV
[00:08:08] ✅ DONE | Shows=0 | Movies=0
