[00:00:52] 🚀 BMS DAILY TRACKER STARTED
[00:00:52] [1/445] TGMR
[00:00:52] 🧠 New identity
[00:00:53] [2/445] CXKR
[00:00:54] [3/445] SROP
[00:00:55] [4/445] GTSV
[00:00:56] [5/445] SNTY
[00:00:56] [6/445] SMYY
[00:00:57] [7/445] CNCS
[00:00:58] [8/445] CSTM
[00:00:59] [9/445] NUCD
[00:01:00] [10/445] SHCZ
[00:01:00] [11/445] NJCT
[00:01:02] [12/445] COPC
[00:01:02] [13/445] STVV
[00:01:03] [14/445] SKRN
[00:01:05] [15/445] APPZ
[00:01:05] [16/445] YMGN
[00:01:06] [17/445] SVTU
[00:01:07] [18/445] GTAD
[00:01:08] [19/445] PSUS
[00:01:09] [20/445] SMCD
[00:01:11] [21/445] CMCM
[00:01:12] [22/445] SYCT
[00:01:12] [23/445] STLY
[00:01:13] [24/445] CMHU
[00:01:14] [25/445] CMSA
[00:01:15] [26/445] CLCU
[00:01:17] [27/445] PPNT
[00:01:17] [28/445] JTAB
[00:01:19] [29/445] BUUC
[00:01:20] [30/445] BSVK
[00:01:21] [31/445] VVVQ
[00:01:22] [32/445] TKMU
[00:01:22] [33/445] ESYL
[00:01:23] [34/445] ACHP
[00:01:24] [35/445] BTKD
[00:01:25] [36/445] DESA
[00:01:25] [37/445] GBCT
[00:01:26] [38/445] BLLD
[00:01:27] [39/445] SKNT
[00:01:28] [40/445] SSTE
[00:01:28] [41/445] VJMR
[00:01:29] [42/445] NTPU
[00:01:30] [43/445] RDKN
[00:01:32] [44/445] ADGC
[00:01:32] [45/445] VRBP
[00:01:33] [46/445] NMNA
[00:01:34] [47/445] CMMX
[00:01:35] [48/445] PTKO
[00:01:36] [49/445] RBML
[00:01:36] [50/445] SAIC
[00:01:37] [51/445] SVTJ
[00:01:39] [52/445] MRTE
[00:01:40] [53/445] RBTP
[00:01:41] [54/445] NLPS
[00:01:42] [55/445] GTNA
[00:01:43] [56/445] DGGC
[00:01:44] [57/445] SMCR
[00:01:45] [58/445] SCGD
[00:01:46] [59/445] SRRJ
[00:01:47] [60/445] CNRY
[00:01:48] [61/445] KTDI
[00:01:49] [62/445] SNJL
[00:01:50] [63/445] RKMD
[00:01:52] [64/445] SMDC
[00:01:53] [65/445] TADG
[00:01:55] [66/445] MCGS
[00:01:55] [67/445] PETK
[00:01:56] [68/445] CHAG
[00:01:57] [69/445] KSTL
[00:01:59] [70/445] AADS
[00:02:00] [71/445] NTHZ
[00:02:01] [72/445] HCKI
[00:02:02] [73/445] SSEF
[00:02:03] [74/445] MCGX
[00:02:04] [75/445] ERRA
[00:02:05] [76/445] SDTW
[00:02:06] [77/445] RMPK
[00:02:06] [78/445] PTHK
[00:02:07] [79/445] PXCS
[00:02:08] [80/445] SVLU
[00:02:09] [81/445] STAH
[00:02:10] [82/445] JRGF
[00:02:11] [83/445] CDOK
[00:02:12] [84/445] CMSG
[00:02:13] [85/445] APTD
[00:02:14] [86/445] KMPG
[00:02:14] [87/445] MUTJ
[00:02:15] [88/445] VCCI
[00:02:16] [89/445] URBE
[00:02:17] [90/445] TCTS
[00:02:17] [91/445] STSN
[00:02:18] [92/445] AKCH
[00:02:19] [93/445] APSC
[00:02:20] [94/445] VLTB
[00:02:22] [95/445] SANU
[00:02:22] [96/445] AXAM
[00:02:23] [97/445] MGMG
[00:02:24] [98/445] HTBY
[00:02:25] [99/445] MMZS
[00:02:26] [100/445] SUDR
[00:02:27] [101/445] CCAD
[00:02:28] [102/445] SKKC
[00:02:29] [103/445] RMCD
[00:02:30] [104/445] SBCQ
[00:02:31] [105/445] DCCT
[00:02:32] [106/445] VTKP
[00:02:32] [107/445] MLAM
[00:02:33] [108/445] SAVT
[00:02:34] [109/445] GEPL
[00:02:35] [110/445] AMCD
[00:02:36] [111/445] CCXR
[00:02:37] [112/445] GRNG
[00:02:37] [113/445] EBCA
[00:02:38] [114/445] CNVG
[00:02:39] [115/445] MWSS
[00:02:40] [116/445] VBOR
[00:02:42] [117/445] NEEB
[00:02:43] [118/445] SUTH
[00:02:43] [119/445] ANDB
[00:02:44] [120/445] MMXS
[00:02:45] [121/445] CNPD
[00:02:46] [122/445] SDCE
[00:02:46] [123/445] DHCB
[00:02:47] [124/445] ODEN
[00:02:48] [125/445] TNTC
[00:02:49] [126/445] VBKM
[00:02:50] [127/445] RZYM
[00:02:51] [128/445] JEMC
[00:02:51] [129/445] CMAU
[00:02:52] [130/445] SIVP
[00:02:53] [131/445] ATAG
[00:02:54] [132/445] CHTM
[00:02:55] [133/445] AAEE
[00:02:56] [134/445] IWPM
[00:02:58] [135/445] KCMW
[00:02:59] [136/445] MCTD
[00:03:00] [137/445] SPWR
[00:03:01] [138/445] SDPO
[00:03:01] [139/445] PCSK
[00:03:02] [140/445] ACHV
[00:03:03] [141/445] SVLA
[00:03:04] [142/445] PICT
[00:03:05] [143/445] BXDR
[00:03:05] [144/445] SPWA
[00:03:06] [145/445] MCKO
[00:03:07] [146/445] RTHK
[00:03:08] [147/445] CCMF
[00:03:09] [148/445] MRGB
[00:03:11] [149/445] CPLC
[00:03:12] [150/445] RACD
[00:03:13] [151/445] ATKT
[00:03:14] [152/445] SARN
[00:03:14] [153/445] KKUI
[00:03:15] [154/445] RGCM
[00:03:16] [155/445] BRVP
[00:03:17] [156/445] HRSR
[00:03:19] [157/445] GKGM
[00:03:20] [158/445] TTCD
[00:03:21] [159/445] PTTI
[00:03:22] [160/445] MPTT
[00:03:23] [161/445] CVTT
[00:03:24] [162/445] PCXD
[00:03:25] [163/445] GCDC
[00:03:26] [164/445] CCCF
[00:03:27] [165/445] MRAD
[00:03:28] [166/445] CPLK
[00:03:29] [167/445] SATB
[00:03:29] [168/445] SNVG
[00:03:30] [169/445] JMBA
[00:03:31] [170/445] TEJA
[00:03:32] [171/445] STYO
[00:03:33] [172/445] JTBP
[00:03:34] [173/445] KRGD
[00:03:35] [174/445] SLJJ
[00:03:36] [175/445] SPTJ
[00:03:37] [176/445] SWJG
[00:03:38] [177/445] LKRT
[00:03:39] [178/445] KCKA
[00:03:40] [179/445] SNCR
[00:03:42] [180/445] SMKL
[00:03:42] [181/445] GCFA
[00:03:43] [182/445] DDCK
[00:03:44] [183/445] NCHJ
[00:03:45] [184/445] RDMA
[00:03:46] [185/445] SVSV
[00:03:47] [186/445] SCJG
[00:03:47] [187/445] VKLP
[00:03:48] [188/445] NWCC
[00:03:49] [189/445] VKNS
[00:03:50] [190/445] SDDP
[00:03:51] [191/445] ACSI
[00:03:52] [192/445] SATG
[00:03:52] [193/445] SCMW
[00:03:53] [194/445] LKTK
[00:03:54] [195/445] VCKV
[00:03:55] [196/445] KKPE
[00:03:56] [197/445] KIGH
[00:03:57] [198/445] SRPM
[00:03:58] [199/445] SCAH
[00:03:59] [200/445] MUTA
[00:03:59] [201/445] SEPU
[00:04:00] [202/445] INOA
[00:04:01] [203/445] BASK
[00:04:02] [204/445] NECB
[00:04:03] [205/445] GTTG
[00:04:04] [206/445] ASSA
[00:04:05] [207/445] ANCL
[00:04:05] [208/445] GCTI
[00:04:07] [209/445] RCTS
[00:04:08] [210/445] ACNL
[00:04:08] [211/445] MYCT
[00:04:09] [212/445] NMHT
[00:04:10] [213/445] MDIT
[00:04:11] [214/445] LATG
[00:04:13] [215/445] SMTY
[00:04:13] [216/445] CVCT
[00:04:14] [217/445] RAMB
[00:04:15] [218/445] TGMS
[00:04:16] [219/445] BHEL
[00:04:17] [220/445] SHCT
[00:04:18] [221/445] SVCT
[00:04:18] [222/445] MRIY
[00:04:19] [223/445] SARO
[00:04:20] [224/445] STCT
[00:04:21] [225/445] JKKC
[00:04:22] [226/445] PLTT
[00:04:23] [227/445] SRNT
[00:04:23] [228/445] YAST
[00:04:24] [229/445] PERL
[00:04:25] [230/445] CICM
[00:04:26] [231/445] MMTR
[00:04:28] [232/445] ABTK
[00:04:29] [233/445] ATYY
[00:04:29] [234/445] ASTK
[00:04:30] [235/445] VVCK
[00:04:32] [236/445] ATKY
[00:04:33] [237/445] GWEK
[00:04:34] [238/445] SVFH
[00:04:35] [239/445] SLTA
[00:04:35] [240/445] AASH
[00:04:36] [241/445] ACXB
[00:04:37] [242/445] SMTX
[00:04:38] [243/445] AZDH
[00:04:39] [244/445] CMMH
[00:04:40] [245/445] SCSZ
[00:04:40] [246/445] SCKP
[00:04:41] [247/445] NXTM
[00:04:42] [248/445] NWCS
[00:04:43] [249/445] CXMH
[00:04:44] [250/445] PCMA
[00:04:45] [251/445] SGCM
[00:04:46] [252/445] SDTU
[00:04:47] [253/445] MMVI
[00:04:49] [254/445] JKCM
[00:04:49] [255/445] VCMM
[00:04:50] [256/445] SYEE
[00:04:51] [257/445] VASD
[00:04:52] [258/445] BDRB
[00:04:53] [259/445] LASM
[00:04:53] [260/445] DCRL
[00:04:54] [261/445] DVPM
[00:04:55] [262/445] SBMJ
[00:04:56] [263/445] CBMU
[00:04:57] [264/445] IUBS
[00:04:58] [265/445] INAP
[00:04:59] [266/445] SRRC
[00:04:59] [267/445] SAGR
[00:05:00] [268/445] CPMJ
[00:05:01] [269/445] ATJL
[00:05:02] [270/445] NNTD
[00:05:03] [271/445] JHCJ
[00:05:04] [272/445] CMMP
[00:05:04] [273/445] RSDR
[00:05:05] [274/445] AMTI
[00:05:06] [275/445] NYSG
[00:05:07] [276/445] AVSG
[00:05:08] [277/445] SYTP
[00:05:09] [278/445] LARC
[00:05:10] [279/445] RJTP
[00:05:11] [280/445] LAKC
[00:05:12] [281/445] MCXE
[00:05:13] [282/445] CCZC
[00:05:13] [283/445] AVCH
[00:05:14] [284/445] CMBE
[00:05:15] [285/445] MRRC
[00:05:16] [286/445] PCPY
[00:05:17] [287/445] SRMH
[00:05:18] [288/445] SVGS
[00:05:19] [289/445] PCSE
[00:05:19] [290/445] SVFT
[00:05:20] [291/445] TNZP
[00:05:21] [292/445] ICTP
[00:05:22] [293/445] ACTZ
[00:05:23] [294/445] GTUR
[00:05:24] [295/445] MAFC
[00:05:25] [296/445] MINL
[00:05:26] [297/445] MRCL
[00:05:28] [298/445] RCRP
[00:05:29] [299/445] RFFG
[00:05:30] [300/445] RMAS
[00:05:31] [301/445] INVR
[00:05:31] [302/445] RMAR
[00:05:32] [303/445] CNIS
[00:05:33] [304/445] RHRJ
[00:05:34] [305/445] INXR
[00:05:35] [306/445] VALT
[00:05:36] [307/445] LCSH
[00:05:37] [308/445] CMVS
[00:05:38] [309/445] CNMS
[00:05:39] [310/445] ROOG
[00:05:40] [311/445] ISRM
[00:05:41] [312/445] RCRM
[00:05:42] [313/445] ACJA
[00:05:43] [314/445] RCVS
[00:05:43] [315/445] CPUS
[00:05:44] [316/445] TGCS
[00:05:45] [317/445] RKCJ
[00:05:46] [318/445] MKSB
[00:05:47] [319/445] TCSJ
[00:05:48] [320/445] RMGP
[00:05:48] [321/445] CLLP
[00:05:49] [322/445] RCMV
[00:05:50] [323/445] CCKS
[00:05:51] [324/445] RSRP
[00:05:52] [325/445] APLP
[00:05:53] [326/445] CNVS
[00:05:55] [327/445] RMVY
[00:05:55] [328/445] PGBD
[00:05:56] [329/445] KLMS
[00:05:57] [330/445] RUST
[00:05:59] [331/445] MASM
[00:05:59] [332/445] BACS
[00:06:01] [333/445] BWST
[00:06:02] [334/445] RRFH
[00:06:03] [335/445] SJTM
[00:06:04] [336/445] BEMR
[00:06:04] [337/445] MCGR
[00:06:06] [338/445] SDSK
[00:06:07] [339/445] VBOL
[00:06:08] [340/445] RMGM
[00:06:09] [341/445] NOPL
[00:06:10] [342/445] MKJK
[00:06:10] [343/445] CVRN
[00:06:11] [344/445] MMEN
[00:06:12] [345/445] AMNG
[00:06:14] [346/445] INTM
[00:06:15] [347/445] SLCZ
[00:06:16] [348/445] AMJN
[00:06:17] [349/445] ACJN
[00:06:17] [350/445] AMKN
[00:06:19] [351/445] BTCN
[00:06:20] [352/445] AMBT
[00:06:21] [353/445] PACN
[00:06:22] [354/445] LCNS
[00:06:22] [355/445] PPKC
[00:06:23] [356/445] JYYN
[00:06:24] [357/445] JTNR
[00:06:25] [358/445] GTEE
[00:06:26] [359/445] SRNM
[00:06:26] [360/445] SDTC
[00:06:27] [361/445] VPCA
[00:06:28] [362/445] VLRA
[00:06:29] [363/445] SHKR
[00:06:30] [364/445] SBKD
[00:06:30] [365/445] SAAD
[00:06:31] [366/445] JTGN
[00:06:32] [367/445] SLAM
[00:06:33] [368/445] VTPM
[00:06:34] [369/445] ANPT
[00:06:35] [370/445] PUNB
[00:06:36] [371/445] CPKT
[00:06:37] [372/445] CNWE
[00:06:37] [373/445] ECPP
[00:06:38] [374/445] CPAR
[00:06:39] [375/445] ESBW
[00:06:40] [376/445] PKPU
[00:06:41] [377/445] CPRP
[00:06:42] [378/445] RAHU
[00:06:42] [379/445] RHMN
[00:06:43] [380/445] FMJP
[00:06:44] [381/445] CTMP
[00:06:45] [382/445] INPN
[00:06:46] [383/445] STTG
[00:06:47] [384/445] CTRD
[00:06:48] [385/445] PUVB
[00:06:49] [386/445] ESVP
[00:06:50] [387/445] CPFT
[00:06:52] [388/445] LCPC
[00:06:52] [389/445] VBCT
[00:06:53] [390/445] FSCW
[00:06:55] [391/445] VCMP
[00:06:56] [392/445] ASHC
[00:06:56] [393/445] VLCX
[00:06:57] [394/445] SHEV
[00:06:58] [395/445] APCO
[00:06:58] [396/445] SILC
[00:06:59] [397/445] SNMR
[00:07:01] [398/445] KYBO
[00:07:01] [399/445] SATK
[00:07:02] [400/445] SSCS
[00:07:04] [401/445] CLSB
[00:07:05] [402/445] KMJR
[00:07:05] [403/445] FSCK
[00:07:07] [404/445] NNKA
[00:07:08] [405/445] CLMK
[00:07:09] [406/445] DMPZ
[00:07:09] [407/445] INQM
[00:07:10] [408/445] CAML
[00:07:11] [409/445] INRK
[00:07:12] [410/445] IMKN
[00:07:13] [411/445] SVNR
[00:07:14] [412/445] INSL
[00:07:15] [413/445] MSMA
[00:07:15] [414/445] MCKK
[00:07:16] [415/445] FCHP
[00:07:17] [416/445] SFCR
[00:07:18] [417/445] NACK
[00:07:19] [418/445] PVAK
[00:07:20] [419/445] INER
[00:07:21] [420/445] RDBK
[00:07:22] [421/445] SVFN
[00:07:23] [422/445] IFRM
[00:07:24] [423/445] ATCK
[00:07:25] [424/445] ASKO
[00:07:25] [425/445] STKT
[00:07:26] [426/445] SVFB
[00:07:27] [427/445] INKS
[00:07:28] [428/445] PCRA
[00:07:29] [429/445] ATJA
[00:07:30] [430/445] IMJN
[00:07:30] [431/445] INHD
[00:07:31] [432/445] BARA
[00:07:32] [433/445] MCSL
[00:07:33] [434/445] RTOY
[00:07:34] [435/445] MENO
[00:07:35] [436/445] PUDM
[00:07:36] [437/445] PRCN
[00:07:36] [438/445] JMJR
[00:07:37] [439/445] SSGK
[00:07:38] [440/445] SSRL
[00:07:40] [441/445] JYKL
[00:07:41] [442/445] ACNB
[00:07:42] [443/445] SONP
[00:07:43] [444/445] EMCI
[00:07:44] [445/445] MRJH
[00:07:45] ✅ DONE | Shows=0 | Movies=0
[00:50:12] 🚀 BMS DAILY TRACKER STARTED
[00:50:12] [1/445] TGMR
[00:50:12] 🧠 New identity
[00:50:13] [2/445] CXKR
[00:50:14] [3/445] SROP
[00:50:14] [4/445] GTSV
[00:50:15] [5/445] SNTY
[00:50:16] [6/445] SMYY
[00:50:16] [7/445] CNCS
[00:50:17] [8/445] CSTM
[00:50:17] [9/445] NUCD
[00:50:18] [10/445] SHCZ
[00:50:18] [11/445] NJCT
[00:50:18] [12/445] COPC
[00:50:19] [13/445] STVV
[00:50:20] [14/445] SKRN
[00:50:20] [15/445] APPZ
[00:50:21] [16/445] YMGN
[00:50:21] [17/445] SVTU
[00:50:22] [18/445] GTAD
[00:50:23] [19/445] PSUS
[00:50:23] [20/445] SMCD
[00:50:24] [21/445] CMCM
[00:50:25] [22/445] SYCT
[00:50:25] [23/445] STLY
[00:50:26] [24/445] CMHU
[00:50:27] [25/445] CMSA
[00:50:27] [26/445] CLCU
[00:50:28] [27/445] PPNT
[00:50:28] [28/445] JTAB
[00:50:29] [29/445] BUUC
[00:50:30] [30/445] BSVK
[00:50:30] [31/445] VVVQ
[00:50:31] [32/445] TKMU
[00:50:32] [33/445] ESYL
[00:50:32] [34/445] ACHP
[00:50:33] [35/445] BTKD
[00:50:34] [36/445] DESA
[00:50:34] [37/445] GBCT
[00:50:34] [38/445] BLLD
[00:50:35] [39/445] SKNT
[00:50:36] [40/445] SSTE
[00:50:36] [41/445] VJMR
[00:50:37] [42/445] NTPU
[00:50:37] [43/445] RDKN
[00:50:38] [44/445] ADGC
[00:50:39] [45/445] VRBP
[00:50:39] [46/445] NMNA
[00:50:40] [47/445] CMMX
[00:50:40] [48/445] PTKO
[00:50:41] [49/445] RBML
[00:50:41] [50/445] SAIC
[00:50:42] [51/445] SVTJ
[00:50:43] [52/445] MRTE
[00:50:43] [53/445] RBTP
[00:50:44] [54/445] NLPS
[00:50:44] [55/445] GTNA
[00:50:45] [56/445] DGGC
[00:50:45] [57/445] SMCR
[00:50:46] [58/445] SCGD
[00:50:47] [59/445] SRRJ
[00:50:48] [60/445] CNRY
[00:50:48] [61/445] KTDI
[00:50:49] [62/445] SNJL
[00:50:49] [63/445] RKMD
[00:50:50] [64/445] SMDC
[00:50:51] [65/445] TADG
[00:50:51] [66/445] MCGS
[00:50:52] [67/445] PETK
[00:50:53] [68/445] CHAG
[00:50:53] [69/445] KSTL
[00:50:54] [70/445] AADS
[00:50:54] [71/445] NTHZ
[00:50:55] [72/445] HCKI
[00:50:55] [73/445] SSEF
[00:50:56] [74/445] MCGX
[00:50:56] [75/445] ERRA
[00:50:57] [76/445] SDTW
[00:50:57] [77/445] RMPK
[00:50:58] [78/445] PTHK
[00:50:59] [79/445] PXCS
[00:50:59] [80/445] SVLU
[00:51:00] [81/445] STAH
[00:51:00] [82/445] JRGF
[00:51:01] [83/445] CDOK
[00:51:01] [84/445] CMSG
[00:51:02] [85/445] APTD
[00:51:03] [86/445] KMPG
[00:51:03] [87/445] MUTJ
[00:51:04] [88/445] VCCI
[00:51:05] [89/445] URBE
[00:51:05] [90/445] TCTS
[00:51:06] [91/445] STSN
[00:51:06] [92/445] AKCH
[00:51:07] [93/445] APSC
[00:51:07] [94/445] VLTB
[00:51:08] [95/445] SANU
[00:51:09] [96/445] AXAM
[00:51:09] [97/445] MGMG
[00:51:09] [98/445] HTBY
[00:51:10] [99/445] MMZS
[00:51:11] [100/445] SUDR
[00:51:11] [101/445] CCAD
[00:51:12] [102/445] SKKC
[00:51:12] [103/445] RMCD
[00:51:13] [104/445] SBCQ
[00:51:13] [105/445] DCCT
[00:51:14] [106/445] VTKP
[00:51:15] [107/445] MLAM
[00:51:15] [108/445] SAVT
[00:51:16] [109/445] GEPL
[00:51:16] [110/445] AMCD
[00:51:17] [111/445] CCXR
[00:51:17] [112/445] GRNG
[00:51:18] [113/445] EBCA
[00:51:19] [114/445] CNVG
[00:51:19] [115/445] MWSS
[00:51:20] [116/445] VBOR
[00:51:20] [117/445] NEEB
[00:51:21] [118/445] SUTH
[00:51:22] [119/445] ANDB
[00:51:22] [120/445] MMXS
[00:51:23] [121/445] CNPD
[00:51:23] [122/445] SDCE
[00:51:24] [123/445] DHCB
[00:51:24] [124/445] ODEN
[00:51:25] [125/445] TNTC
[00:51:25] [126/445] VBKM
[00:51:26] [127/445] RZYM
[00:51:27] [128/445] JEMC
[00:51:27] [129/445] CMAU
[00:51:28] [130/445] SIVP
[00:51:28] [131/445] ATAG
[00:51:29] [132/445] CHTM
[00:51:29] [133/445] AAEE
[00:51:30] [134/445] IWPM
[00:51:31] [135/445] KCMW
[00:51:31] [136/445] MCTD
[00:51:32] [137/445] SPWR
[00:51:32] [138/445] SDPO
[00:51:33] [139/445] PCSK
[00:51:33] [140/445] ACHV
[00:51:34] [141/445] SVLA
[00:51:34] [142/445] PICT
[00:51:35] [143/445] BXDR
[00:51:35] [144/445] SPWA
[00:51:36] [145/445] MCKO
[00:51:36] [146/445] RTHK
[00:51:37] [147/445] CCMF
[00:51:37] [148/445] MRGB
[00:51:38] [149/445] CPLC
[00:51:38] [150/445] RACD
[00:51:39] [151/445] ATKT
[00:51:40] [152/445] SARN
[00:51:40] [153/445] KKUI
[00:51:41] [154/445] RGCM
[00:51:41] [155/445] BRVP
[00:51:42] [156/445] HRSR
[00:51:42] [157/445] GKGM
[00:51:43] [158/445] TTCD
[00:51:43] [159/445] PTTI
[00:51:44] [160/445] MPTT
[00:51:44] [161/445] CVTT
[00:51:45] [162/445] PCXD
[00:51:46] [163/445] GCDC
[00:51:46] [164/445] CCCF
[00:51:47] [165/445] MRAD
[00:51:47] [166/445] CPLK
[00:51:48] [167/445] SATB
[00:51:48] [168/445] SNVG
[00:51:49] [169/445] JMBA
[00:51:49] [170/445] TEJA
[00:51:50] [171/445] STYO
[00:51:50] [172/445] JTBP
[00:51:51] [173/445] KRGD
[00:51:52] [174/445] SLJJ
[00:51:52] [175/445] SPTJ
[00:51:53] [176/445] SWJG
[00:51:53] [177/445] LKRT
[00:51:54] [178/445] KCKA
[00:51:54] [179/445] SNCR
[00:51:55] [180/445] SMKL
[00:51:55] [181/445] GCFA
[00:51:56] [182/445] DDCK
[00:51:56] [183/445] NCHJ
[00:51:57] [184/445] RDMA
[00:51:58] [185/445] SVSV
[00:51:58] [186/445] SCJG
[00:51:59] [187/445] VKLP
[00:51:59] [188/445] NWCC
[00:52:00] [189/445] VKNS
[00:52:00] [190/445] SDDP
[00:52:01] [191/445] ACSI
[00:52:02] [192/445] SATG
[00:52:02] [193/445] SCMW
[00:52:02] [194/445] LKTK
[00:52:03] [195/445] VCKV
[00:52:04] [196/445] KKPE
[00:52:04] [197/445] KIGH
[00:52:05] [198/445] SRPM
[00:52:05] [199/445] SCAH
[00:52:06] [200/445] MUTA
[00:52:06] [201/445] SEPU
[00:52:07] [202/445] INOA
[00:52:07] [203/445] BASK
[00:52:08] [204/445] NECB
[00:52:09] [205/445] GTTG
[00:52:09] [206/445] ASSA
[00:52:10] [207/445] ANCL
[00:52:11] [208/445] GCTI
[00:52:11] [209/445] RCTS
[00:52:12] [210/445] ACNL
[00:52:12] [211/445] MYCT
[00:52:13] [212/445] NMHT
[00:52:13] [213/445] MDIT
[00:52:14] [214/445] LATG
[00:52:15] [215/445] SMTY
[00:52:15] [216/445] CVCT
[00:52:16] [217/445] RAMB
[00:52:17] [218/445] TGMS
[00:52:17] [219/445] BHEL
[00:52:18] [220/445] SHCT
[00:52:18] [221/445] SVCT
[00:52:19] [222/445] MRIY
[00:52:19] [223/445] SARO
[00:52:20] [224/445] STCT
[00:52:20] [225/445] JKKC
[00:52:21] [226/445] PLTT
[00:52:21] [227/445] SRNT
[00:52:22] [228/445] YAST
[00:52:22] [229/445] PERL
[00:52:23] [230/445] CICM
[00:52:23] [231/445] MMTR
[00:52:24] [232/445] ABTK
[00:52:25] [233/445] ATYY
[00:52:25] [234/445] ASTK
[00:52:26] [235/445] VVCK
[00:52:27] [236/445] ATKY
[00:52:27] [237/445] GWEK
[00:52:28] [238/445] SVFH
[00:52:28] [239/445] SLTA
[00:52:29] [240/445] AASH
[00:52:30] [241/445] ACXB
[00:52:30] [242/445] SMTX
[00:52:31] [243/445] AZDH
[00:52:31] [244/445] CMMH
[00:52:32] [245/445] SCSZ
[00:52:33] [246/445] SCKP
[00:52:33] [247/445] NXTM
[00:52:34] [248/445] NWCS
[00:52:34] [249/445] CXMH
[00:52:35] [250/445] PCMA
[00:52:35] [251/445] SGCM
[00:52:36] [252/445] SDTU
[00:52:36] [253/445] MMVI
[00:52:37] [254/445] JKCM
[00:52:37] [255/445] VCMM
[00:52:38] [256/445] SYEE
[00:52:39] [257/445] VASD
[00:52:39] [258/445] BDRB
[00:52:40] [259/445] LASM
[00:52:40] [260/445] DCRL
[00:52:41] [261/445] DVPM
[00:52:42] [262/445] SBMJ
[00:52:42] [263/445] CBMU
[00:52:43] [264/445] IUBS
[00:52:43] [265/445] INAP
[00:52:44] [266/445] SRRC
[00:52:45] [267/445] SAGR
[00:52:45] [268/445] CPMJ
[00:52:46] [269/445] ATJL
[00:52:47] [270/445] NNTD
[00:52:47] [271/445] JHCJ
[00:52:48] [272/445] CMMP
[00:52:48] [273/445] RSDR
[00:52:49] [274/445] AMTI
[00:52:49] [275/445] NYSG
[00:52:50] [276/445] AVSG
[00:52:51] [277/445] SYTP
[00:52:51] [278/445] LARC
[00:52:52] [279/445] RJTP
[00:52:52] [280/445] LAKC
[00:52:53] [281/445] MCXE
[00:52:53] [282/445] CCZC
[00:52:54] [283/445] AVCH
[00:52:55] [284/445] CMBE
[00:52:55] [285/445] MRRC
[00:52:56] [286/445] PCPY
[00:52:57] [287/445] SRMH
[00:52:57] [288/445] SVGS
[00:52:58] [289/445] PCSE
[00:52:59] [290/445] SVFT
[00:52:59] [291/445] TNZP
[00:53:00] [292/445] ICTP
[00:53:00] [293/445] ACTZ
[00:53:01] [294/445] GTUR
[00:53:02] [295/445] MAFC
[00:53:02] [296/445] MINL
[00:53:03] [297/445] MRCL
[00:53:03] [298/445] RCRP
[00:53:04] [299/445] RFFG
[00:53:05] [300/445] RMAS
[00:53:05] [301/445] INVR
[00:53:06] [302/445] RMAR
[00:53:07] [303/445] CNIS
[00:53:07] [304/445] RHRJ
[00:53:08] [305/445] INXR
[00:53:08] [306/445] VALT
[00:53:09] [307/445] LCSH
[00:53:10] [308/445] CMVS
[00:53:10] [309/445] CNMS
[00:53:11] [310/445] ROOG
[00:53:12] [311/445] ISRM
[00:53:12] [312/445] RCRM
[00:53:13] [313/445] ACJA
[00:53:13] [314/445] RCVS
[00:53:14] [315/445] CPUS
[00:53:14] [316/445] TGCS
[00:53:15] [317/445] RKCJ
[00:53:16] [318/445] MKSB
[00:53:16] [319/445] TCSJ
[00:53:16] [320/445] RMGP
[00:53:17] [321/445] CLLP
[00:53:18] [322/445] RCMV
[00:53:18] [323/445] CCKS
[00:53:19] [324/445] RSRP
[00:53:19] [325/445] APLP
[00:53:20] [326/445] CNVS
[00:53:21] [327/445] RMVY
[00:53:21] [328/445] PGBD
[00:53:22] [329/445] KLMS
[00:53:23] [330/445] RUST
[00:53:23] [331/445] MASM
[00:53:24] [332/445] BACS
[00:53:24] [333/445] BWST
[00:53:25] [334/445] RRFH
[00:53:25] [335/445] SJTM
[00:53:26] [336/445] BEMR
[00:53:26] [337/445] MCGR
[00:53:27] [338/445] SDSK
[00:53:27] [339/445] VBOL
[00:53:28] [340/445] RMGM
[00:53:29] [341/445] NOPL
[00:53:29] [342/445] MKJK
[00:53:30] [343/445] CVRN
[00:53:31] [344/445] MMEN
[00:53:31] [345/445] AMNG
[00:53:32] [346/445] INTM
[00:53:32] [347/445] SLCZ
[00:53:33] [348/445] AMJN
[00:53:34] [349/445] ACJN
[00:53:34] [350/445] AMKN
[00:53:34] [351/445] BTCN
[00:53:35] [352/445] AMBT
[00:53:35] [353/445] PACN
[00:53:36] [354/445] LCNS
[00:53:36] [355/445] PPKC
[00:53:37] [356/445] JYYN
[00:53:37] [357/445] JTNR
[00:53:38] [358/445] GTEE
[00:53:38] [359/445] SRNM
[00:53:39] [360/445] SDTC
[00:53:39] [361/445] VPCA
[00:53:40] [362/445] VLRA
[00:53:41] [363/445] SHKR
[00:53:41] [364/445] SBKD
[00:53:42] [365/445] SAAD
[00:53:42] [366/445] JTGN
[00:53:43] [367/445] SLAM
[00:53:43] [368/445] VTPM
[00:53:44] [369/445] ANPT
[00:53:45] [370/445] PUNB
[00:53:45] [371/445] CPKT
[00:53:45] [372/445] CNWE
[00:53:46] [373/445] ECPP
[00:53:47] [374/445] CPAR
[00:53:47] [375/445] ESBW
[00:53:48] [376/445] PKPU
[00:53:48] [377/445] CPRP
[00:53:49] [378/445] RAHU
[00:53:50] [379/445] RHMN
[00:53:50] [380/445] FMJP
[00:53:51] [381/445] CTMP
[00:53:51] [382/445] INPN
[00:53:52] [383/445] STTG
[00:53:52] [384/445] CTRD
[00:53:53] [385/445] PUVB
[00:53:53] [386/445] ESVP
[00:53:54] [387/445] CPFT
[00:53:54] [388/445] LCPC
[00:53:55] [389/445] VBCT
[00:53:56] [390/445] FSCW
[00:53:56] [391/445] VCMP
[00:53:57] [392/445] ASHC
[00:53:58] [393/445] VLCX
[00:53:58] [394/445] SHEV
[00:53:58] [395/445] APCO
[00:53:59] [396/445] SILC
[00:54:00] [397/445] SNMR
[00:54:00] [398/445] KYBO
[00:54:01] [399/445] SATK
[00:54:01] [400/445] SSCS
[00:54:02] [401/445] CLSB
[00:54:02] [402/445] KMJR
[00:54:03] [403/445] FSCK
[00:54:03] [404/445] NNKA
[00:54:04] [405/445] CLMK
[00:54:04] [406/445] DMPZ
[00:54:05] [407/445] INQM
[00:54:06] [408/445] CAML
[00:54:06] [409/445] INRK
[00:54:07] [410/445] IMKN
[00:54:07] [411/445] SVNR
[00:54:08] [412/445] INSL
[00:54:08] [413/445] MSMA
[00:54:09] [414/445] MCKK
[00:54:09] [415/445] FCHP
[00:54:10] [416/445] SFCR
[00:54:10] [417/445] NACK
[00:54:11] [418/445] PVAK
[00:54:12] [419/445] INER
[00:54:12] [420/445] RDBK
[00:54:13] [421/445] SVFN
[00:54:13] [422/445] IFRM
[00:54:14] [423/445] ATCK
[00:54:14] [424/445] ASKO
[00:54:15] [425/445] STKT
[00:54:16] [426/445] SVFB
[00:54:16] [427/445] INKS
[00:54:17] [428/445] PCRA
[00:54:17] [429/445] ATJA
[00:54:18] [430/445] IMJN
[00:54:18] [431/445] INHD
[00:54:19] [432/445] BARA
[00:54:19] [433/445] MCSL
[00:54:20] [434/445] RTOY
[00:54:21] [435/445] MENO
[00:54:21] [436/445] PUDM
[00:54:22] [437/445] PRCN
[00:54:22] [438/445] JMJR
[00:54:23] [439/445] SSGK
[00:54:23] [440/445] SSRL
[00:54:24] [441/445] JYKL
[00:54:24] [442/445] ACNB
[00:54:25] [443/445] SONP
[00:54:26] [444/445] EMCI
[00:54:26] [445/445] MRJH
[00:54:27] ✅ DONE | Shows=0 | Movies=0
