[00:00:50] 🚀 BMS DAILY TRACKER STARTED
[00:00:50] [1/296] CDCA
[00:00:51] 🧠 New identity
[00:00:52] [2/296] MNSR
[00:00:52] [3/296] CSSL
[00:00:53] [4/296] BGGM
[00:00:54] [5/296] MANT
[00:00:55] [6/296] SOOY
[00:00:56] [7/296] VPPK
[00:00:57] [8/296] MYHJ
[00:00:58] [9/296] KSCK
[00:00:59] [10/296] KATK
[00:01:00] [11/296] RTRT
[00:01:01] [12/296] SSTT
[00:01:01] [13/296] SSTV
[00:01:02] [14/296] LACM
[00:01:03] [15/296] SGMG
[00:01:04] [16/296] KACX
[00:01:05] [17/296] GVCP
[00:01:06] [18/296] CSNC
[00:01:07] [19/296] SXCB
[00:01:08] [20/296] BAHS
[00:01:09] [21/296] PCBI
[00:01:10] [22/296] PSSM
[00:01:11] [23/296] RCOK
[00:01:12] [24/296] SCPF
[00:01:13] [25/296] SSAS
[00:01:14] [26/296] EVMM
[00:01:15] [27/296] SYCB
[00:01:16] [28/296] GCKI
[00:01:16] [29/296] IAET
[00:01:17] [30/296] DDTD
[00:01:18] [31/296] GMDH
[00:01:19] [32/296] STLE
[00:01:21] [33/296] JTRA
[00:01:22] [34/296] RPPA
[00:01:23] [35/296] ARUT
[00:01:24] [36/296] JTVM
[00:01:25] [37/296] SWRH
[00:01:26] [38/296] DCPC
[00:01:26] [39/296] RAPR
[00:01:27] [40/296] GCRT
[00:01:28] [41/296] ATUN
[00:01:29] [42/296] LTRM
[00:01:29] [43/296] TASR
[00:01:30] [44/296] RLLC
[00:01:31] [45/296] MABI
[00:01:32] [46/296] SVHB
[00:01:33] [47/296] NVTB
[00:01:34] [48/296] KCKG
[00:01:34] [49/296] SSRN
[00:01:35] [50/296] VDDC
[00:01:36] [51/296] GKTK
[00:01:37] [52/296] YFSN
[00:01:38] [53/296] GCSG
[00:01:39] [54/296] ESSM
[00:01:40] [55/296] KRIH
[00:01:41] [56/296] GCDS
[00:01:42] [57/296] CCSH
[00:01:42] [58/296] ACSK
[00:01:43] [59/296] APRK
[00:01:45] [60/296] ADKM
[00:01:46] [61/296] SRDM
[00:01:47] [62/296] RMOG
[00:01:49] [63/296] SJMY
[00:01:50] [64/296] PGGC
[00:01:51] [65/296] INGM
[00:01:51] [66/296] LSCB
[00:01:52] [67/296] STAD
[00:01:53] [68/296] MCCR
[00:01:54] [69/296] ABCC
[00:01:55] [70/296] RKCC
[00:01:56] [71/296] RTCR
[00:01:56] [72/296] GGBC
[00:01:57] [73/296] GCSD
[00:01:58] [74/296] LPTY
[00:01:59] [75/296] MCFD
[00:02:00] [76/296] HENN
[00:02:01] [77/296] SMKU
[00:02:02] [78/296] TNZC
[00:02:02] [79/296] DRCD
[00:02:03] [80/296] DLCD
[00:02:04] [81/296] RCDA
[00:02:05] [82/296] COSM
[00:02:05] [83/296] MCMJ
[00:02:06] [84/296] CSTR
[00:02:07] [85/296] CVDK
[00:02:08] [86/296] INRR
[00:02:09] [87/296] RJRT
[00:02:10] [88/296] IRMR
[00:02:11] [89/296] SRCF
[00:02:12] [90/296] GRCR
[00:02:13] [91/296] SURC
[00:02:14] [92/296] NMNH
[00:02:15] [93/296] SVBL
[00:02:16] [94/296] KACI
[00:02:17] [95/296] TDGO
[00:02:18] [96/296] KTBR
[00:02:19] [97/296] PMAD
[00:02:20] [98/296] CCPN
[00:02:20] [99/296] SBTK
[00:02:21] [100/296] LMDK
[00:02:22] [101/296] PGDA
[00:02:23] [102/296] SRML
[00:02:24] [103/296] EVCK
[00:02:25] [104/296] RTTK
[00:02:26] [105/296] SRTU
[00:02:27] [106/296] VRSA
[00:02:28] [107/296] VARS
[00:02:28] [108/296] DSCZ
[00:02:30] [109/296] GAGA
[00:02:31] [110/296] SARV
[00:02:32] [111/296] SEEG
[00:02:33] [112/296] GLCA
[00:02:34] [113/296] APAS
[00:02:35] [114/296] VCIA
[00:02:36] [115/296] SJTA
[00:02:37] [116/296] SABM
[00:02:38] [117/296] PPAG
[00:02:39] [118/296] RVCA
[00:02:40] [119/296] CCIA
[00:02:41] [120/296] HTAG
[00:02:42] [121/296] SMBI
[00:02:43] [122/296] MCJR
[00:02:44] [123/296] CCJR
[00:02:45] [124/296] SINF
[00:02:46] [125/296] CPLX
[00:02:47] [126/296] KKTJ
[00:02:47] [127/296] GDBW
[00:02:48] [128/296] CSUB
[00:02:49] [129/296] DABA
[00:02:50] [130/296] TITR
[00:02:51] [131/296] NYCR
[00:02:52] [132/296] RTRY
[00:02:53] [133/296] JTJL
[00:02:54] [134/296] SJCP
[00:02:55] [135/296] KCCA
[00:02:56] [136/296] MLPG
[00:02:57] [137/296] VRCK
[00:02:57] [138/296] SRIN
[00:02:58] [139/296] CXMK
[00:02:59] [140/296] SKAD
[00:03:00] [141/296] AVTR
[00:03:01] [142/296] PTAJ
[00:03:02] [143/296] SCNK
[00:03:04] [144/296] STTI
[00:03:05] [145/296] KACR
[00:03:06] [146/296] SSDX
[00:03:07] [147/296] VRTJ
[00:03:07] [148/296] RAJD
[00:03:08] [149/296] SCIP
[00:03:09] [150/296] RJSL
[00:03:10] [151/296] ARRS
[00:03:11] [152/296] ASMS
[00:03:12] [153/296] RDTS
[00:03:13] [154/296] DVMY
[00:03:14] [155/296] RASA
[00:03:15] [156/296] INOM
[00:03:15] [157/296] SPRS
[00:03:16] [158/296] SGCS
[00:03:17] [159/296] SALM
[00:03:18] [160/296] PKHC
[00:03:19] [161/296] RCSV
[00:03:20] [162/296] CPKC
[00:03:21] [163/296] AACD
[00:03:22] [164/296] GGCV
[00:03:23] [165/296] SMKD
[00:03:24] [166/296] NBCH
[00:03:25] [167/296] AMCB
[00:03:26] [168/296] OPCN
[00:03:27] [169/296] DCIN
[00:03:28] [170/296] INGW
[00:03:29] [171/296] PKKW
[00:03:31] [172/296] FNGW
[00:03:32] [173/296] GCGD
[00:03:32] [174/296] MSTW
[00:03:33] [175/296] KCCG
[00:03:34] [176/296] MRSS
[00:03:35] [177/296] CLCF
[00:03:36] [178/296] EETS
[00:03:37] [179/296] AATR
[00:03:37] [180/296] CMMN
[00:03:39] [181/296] SCCJ
[00:03:40] [182/296] CDTK
[00:03:40] [183/296] AICP
[00:03:42] [184/296] FNBP
[00:03:43] [185/296] CBPB
[00:03:44] [186/296] CPAS
[00:03:45] [187/296] MAPM
[00:03:45] [188/296] PASD
[00:03:46] [189/296] JCMN
[00:03:48] [190/296] MALB
[00:03:48] [191/296] SACG
[00:03:49] [192/296] DDRX
[00:03:50] [193/296] DDXB
[00:03:51] [194/296] RAMC
[00:03:52] [195/296] SANC
[00:03:53] [196/296] BCBP
[00:03:54] [197/296] ALPC
[00:03:54] [198/296] RBAC
[00:03:56] [199/296] RAJL
[00:03:57] [200/296] MPDX
[00:03:58] [201/296] MUSC
[00:03:59] [202/296] VKMK
[00:04:00] [203/296] SKCG
[00:04:01] [204/296] ANCN
[00:04:02] [205/296] MMCJ
[00:04:03] [206/296] DCAK
[00:04:04] [207/296] SCKG
[00:04:06] [208/296] LMCK
[00:04:07] [209/296] CKKX
[00:04:09] [210/296] ANKU
[00:04:09] [211/296] CSMD
[00:04:10] [212/296] MKMP
[00:04:11] [213/296] SVBG
[00:04:12] [214/296] ROOP
[00:04:13] [215/296] GDMT
[00:04:14] [216/296] FPPF
[00:04:14] [217/296] SFUU
[00:04:15] [218/296] ANCB
[00:04:16] [219/296] SMMC
[00:04:17] [220/296] UGKT
[00:04:18] [221/296] JVRM
[00:04:19] [222/296] BATG
[00:04:20] [223/296] RATE
[00:04:20] [224/296] SKME
[00:04:21] [225/296] LMTP
[00:04:22] [226/296] TCBD
[00:04:23] [227/296] ESBD
[00:04:24] [228/296] GDCU
[00:04:25] [229/296] SNKT
[00:04:26] [230/296] SRNK
[00:04:27] [231/296] SMED
[00:04:28] [232/296] CSQS
[00:04:28] [233/296] ALCS
[00:04:29] [234/296] KCKN
[00:04:31] [235/296] VCCL
[00:04:32] [236/296] MCDA
[00:04:32] [237/296] SHMI
[00:04:34] [238/296] SKHA
[00:04:34] [239/296] SVFK
[00:04:35] [240/296] INVB
[00:04:36] [241/296] MELD
[00:04:37] [242/296] JTYS
[00:04:38] [243/296] INCM
[00:04:39] [244/296] MCDV
[00:04:40] [245/296] KSGK
[00:04:40] [246/296] ICMG
[00:04:41] [247/296] CSCV
[00:04:42] [248/296] STMD
[00:04:43] [249/296] STTR
[00:04:44] [250/296] INVC
[00:04:45] [251/296] JTBL
[00:04:46] [252/296] SRVV
[00:04:47] [253/296] MAVC
[00:04:48] [254/296] SRPP
[00:04:49] [255/296] JGDM
[00:04:50] [256/296] MBSJ
[00:04:51] [257/296] SSLL
[00:04:52] [258/296] SLKP
[00:04:52] [259/296] NSRV
[00:04:53] [260/296] UTDV
[00:04:54] [261/296] KICM
[00:04:55] [262/296] KCMD
[00:04:56] [263/296] TTPP
[00:04:56] [264/296] KMPV
[00:04:57] [265/296] SKTV
[00:04:58] [266/296] STCV
[00:04:59] [267/296] SRDA
[00:05:00] [268/296] JTSX
[00:05:01] [269/296] STBV
[00:05:03] [270/296] APVZ
[00:05:04] [271/296] GSTV
[00:05:06] [272/296] NMVS
[00:05:07] [273/296] SKRT
[00:05:08] [274/296] RMDV
[00:05:09] [275/296] RATG
[00:05:09] [276/296] SJYV
[00:05:10] [277/296] NDGP
[00:05:11] [278/296] SNDG
[00:05:12] [279/296] INSR
[00:05:13] [280/296] INSO
[00:05:14] [281/296] CCSI
[00:05:15] [282/296] RASM
[00:05:16] [283/296] NEWC
[00:05:17] [284/296] VSHL
[00:05:18] [285/296] BISW
[00:05:19] [286/296] GCNG
[00:05:20] [287/296] CWSC
[00:05:21] [288/296] SKAN
[00:05:22] [289/296] SEHP
[00:05:23] [290/296] CCOA
[00:05:24] [291/296] MCAJ
[00:05:25] [292/296] ACDE
[00:05:26] [293/296] AACM
[00:05:27] [294/296] JJCK
[00:05:28] [295/296] RCMO
[00:05:29] [296/296] GDAW
[00:05:30] ✅ DONE | Shows=0 | Movies=0
