[00:00:52] 🚀 BMS DAILY TRACKER STARTED
[00:00:52] [1/324] GCTA
[00:00:52] 🧠 New identity
[00:00:53] [2/324] TOPN
[00:00:53] [3/324] MCUS
[00:00:54] [4/324] SHRL
[00:00:55] [5/324] UPTP
[00:00:56] [6/324] TMMP
[00:00:57] [7/324] DNRP
[00:00:58] [8/324] SRLT
[00:00:59] [9/324] RCNS
[00:01:00] [10/324] DCBH
[00:01:00] [11/324] NAGJ
[00:01:01] [12/324] JVRC
[00:01:02] [13/324] KRJG
[00:01:03] [14/324] SRTJ
[00:01:05] [15/324] CMXM
[00:01:06] [16/324] STMI
[00:01:06] [17/324] SLST
[00:01:07] [18/324] DTCN
[00:01:08] [19/324] STYN
[00:01:09] [20/324] SZVR
[00:01:10] [21/324] SRKO
[00:01:11] [22/324] JTGT
[00:01:13] [23/324] SVFD
[00:01:14] [24/324] SISD
[00:01:15] [25/324] ABDD
[00:01:16] [26/324] DRCA
[00:01:17] [27/324] AVCS
[00:01:18] [28/324] MVKH
[00:01:19] [29/324] ACPR
[00:01:19] [30/324] STIP
[00:01:20] [31/324] MTRA
[00:01:21] [32/324] RMKH
[00:01:22] [33/324] NKRL
[00:01:24] [34/324] PCWN
[00:01:25] [35/324] BLMT
[00:01:26] [36/324] GDPG
[00:01:27] [37/324] SRMX
[00:01:27] [38/324] JACP
[00:01:28] [39/324] CPSH
[00:01:30] [40/324] MCCD
[00:01:31] [41/324] ECGH
[00:01:32] [42/324] MKCK
[00:01:33] [43/324] SRMM
[00:01:34] [44/324] SKYR
[00:01:35] [45/324] PCKC
[00:01:36] [46/324] JCMA
[00:01:37] [47/324] BSMP
[00:01:37] [48/324] VSPA
[00:01:39] [49/324] DJYA
[00:01:40] [50/324] DIMP
[00:01:41] [51/324] FXDR
[00:01:42] [52/324] SSRC
[00:01:43] [53/324] STHP
[00:01:45] [54/324] CPPD
[00:01:45] [55/324] FCLK
[00:01:46] [56/324] SCPP
[00:01:48] [57/324] DCMJ
[00:01:49] [58/324] RCCR
[00:01:50] [59/324] INMT
[00:01:50] [60/324] LXTK
[00:01:51] [61/324] SRYK
[00:01:52] [62/324] SGDK
[00:01:54] [63/324] PPKA
[00:01:55] [64/324] SPKA
[00:01:56] [65/324] CGHH
[00:01:56] [66/324] DCJN
[00:01:57] [67/324] SRKV
[00:01:58] [68/324] SAJC
[00:01:59] [69/324] SUSR
[00:02:00] [70/324] STYG
[00:02:01] [71/324] NTKP
[00:02:02] [72/324] AKTG
[00:02:03] [73/324] CGCM
[00:02:04] [74/324] TULC
[00:02:05] [75/324] NYYZ
[00:02:06] [76/324] NYBW
[00:02:07] [77/324] MACB
[00:02:08] [78/324] SLVT
[00:02:09] [79/324] SANA
[00:02:10] [80/324] ACMR
[00:02:10] [81/324] CPKN
[00:02:11] [82/324] DLGK
[00:02:12] [83/324] CWCK
[00:02:13] [84/324] FDDH
[00:02:14] [85/324] MMMD
[00:02:14] [86/324] CMEH
[00:02:15] [87/324] GGGV
[00:02:17] [88/324] SPJL
[00:02:17] [89/324] RCCD
[00:02:18] [90/324] STTZ
[00:02:19] [91/324] BTCF
[00:02:20] [92/324] TSTZ
[00:02:20] [93/324] IPMM
[00:02:21] [94/324] PMPW
[00:02:22] [95/324] PCMZ
[00:02:23] [96/324] ESEM
[00:02:24] [97/324] PIPO
[00:02:25] [98/324] MATK
[00:02:26] [99/324] PGHM
[00:02:27] [100/324] CTSR
[00:02:28] [101/324] CYKR
[00:02:29] [102/324] MSCM
[00:02:30] [103/324] RFNP
[00:02:31] [104/324] PDCP
[00:02:32] [105/324] NPSE
[00:02:34] [106/324] MKML
[00:02:35] [107/324] FTDP
[00:02:36] [108/324] MMXA
[00:02:36] [109/324] CEPO
[00:02:37] [110/324] CMVP
[00:02:38] [111/324] SGTH
[00:02:39] [112/324] SAYN
[00:02:41] [113/324] URVS
[00:02:42] [114/324] VJTN
[00:02:42] [115/324] BBYK
[00:02:43] [116/324] SHBO
[00:02:44] [117/324] VCMR
[00:02:45] [118/324] MACT
[00:02:46] [119/324] JMNP
[00:02:47] [120/324] VICS
[00:02:47] [121/324] VCDA
[00:02:48] [122/324] GCMM
[00:02:49] [123/324] INVS
[00:02:50] [124/324] SCGM
[00:02:52] [125/324] PCDA
[00:02:52] [126/324] KDCT
[00:02:53] [127/324] JACS
[00:02:54] [128/324] GMMC
[00:02:55] [129/324] AICM
[00:02:56] [130/324] TJCM
[00:02:57] [131/324] RMTI
[00:02:58] [132/324] SHAC
[00:02:59] [133/324] APJC
[00:02:59] [134/324] GCTG
[00:03:00] [135/324] SSMC
[00:03:02] [136/324] THRM
[00:03:03] [137/324] RBCT
[00:03:04] [138/324] DIKT
[00:03:05] [139/324] MIDL
[00:03:05] [140/324] VCSN
[00:03:06] [141/324] SKTG
[00:03:08] [142/324] SMWC
[00:03:09] [143/324] MNKH
[00:03:09] [144/324] PIAT
[00:03:10] [145/324] LTTP
[00:03:11] [146/324] PTPU
[00:03:12] [147/324] ACMG
[00:03:13] [148/324] SHMM
[00:03:14] [149/324] MCMN
[00:03:16] [150/324] GLDC
[00:03:16] [151/324] HOUT
[00:03:17] [152/324] SVRP
[00:03:19] [153/324] PVDN
[00:03:19] [154/324] SCPY
[00:03:20] [155/324] DTPY
[00:03:21] [156/324] GKCS
[00:03:22] [157/324] NCAM
[00:03:23] [158/324] BSRM
[00:03:24] [159/324] RCLC
[00:03:24] [160/324] SKKD
[00:03:25] [161/324] ACHU
[00:03:26] [162/324] RSCF
[00:03:28] [163/324] IMSH
[00:03:29] [164/324] MACX
[00:03:30] [165/324] HMMW
[00:03:31] [166/324] JTCP
[00:03:32] [167/324] SREN
[00:03:33] [168/324] PJRR
[00:03:34] [169/324] INAC
[00:03:34] [170/324] BMCA
[00:03:35] [171/324] SHCB
[00:03:36] [172/324] GABA
[00:03:38] [173/324] SBCT
[00:03:39] [174/324] GCMA
[00:03:39] [175/324] MYTK
[00:03:40] [176/324] INZS
[00:03:41] [177/324] RMIK
[00:03:43] [178/324] NYCH
[00:03:44] [179/324] RAVE
[00:03:45] [180/324] PSXM
[00:03:45] [181/324] MCGP
[00:03:46] [182/324] PDDK
[00:03:47] [183/324] SPCK
[00:03:49] [184/324] MCRL
[00:03:50] [185/324] MHKT
[00:03:50] [186/324] ANRR
[00:03:51] [187/324] SAPK
[00:03:53] [188/324] NCUK
[00:03:54] [189/324] JUGA
[00:03:55] [190/324] DBSC
[00:03:56] [191/324] LALK
[00:03:57] [192/324] GUCK
[00:03:58] [193/324] STSG
[00:03:59] [194/324] PPPZ
[00:04:00] [195/324] CNCY
[00:04:01] [196/324] MTAR
[00:04:02] [197/324] VNKD
[00:04:03] [198/324] KMAJ
[00:04:05] [199/324] ACXK
[00:04:06] [200/324] UTKC
[00:04:07] [201/324] PBLK
[00:04:07] [202/324] ACBX
[00:04:08] [203/324] PTGM
[00:04:09] [204/324] BTDA
[00:04:10] [205/324] PJMB
[00:04:11] [206/324] TPDA
[00:04:12] [207/324] AMOE
[00:04:12] [208/324] PRHT
[00:04:13] [209/324] PRTA
[00:04:14] [210/324] STAM
[00:04:15] [211/324] MSAA
[00:04:16] [212/324] SDLU
[00:04:18] [213/324] RCHH
[00:04:19] [214/324] KANT
[00:04:20] [215/324] FCRT
[00:04:21] [216/324] DNKM
[00:04:22] [217/324] RYCP
[00:04:22] [218/324] MYRP
[00:04:23] [219/324] PPAK
[00:04:24] [220/324] NVPK
[00:04:25] [221/324] PRMC
[00:04:26] [222/324] JBCS
[00:04:27] [223/324] GXCK
[00:04:28] [224/324] USKO
[00:04:29] [225/324] GTEM
[00:04:31] [226/324] SMBU
[00:04:31] [227/324] VETC
[00:04:32] [228/324] LCDA
[00:04:33] [229/324] MTVT
[00:04:34] [230/324] PYCP
[00:04:35] [231/324] PNSC
[00:04:36] [232/324] PPCC
[00:04:37] [233/324] TGRT
[00:04:38] [234/324] JYOT
[00:04:39] [235/324] SRCZ
[00:04:40] [236/324] SJTE
[00:04:41] [237/324] DESC
[00:04:42] [238/324] JHVN
[00:04:43] [239/324] IPSG
[00:04:44] [240/324] IPCM
[00:04:44] [241/324] PDRS
[00:04:46] [242/324] ANCV
[00:04:47] [243/324] CMVV
[00:04:49] [244/324] SHYP
[00:04:50] [245/324] DNCS
[00:04:51] [246/324] GAJK
[00:04:51] [247/324] AKTN
[00:04:52] [248/324] KAYA
[00:04:53] [249/324] SBRC
[00:04:55] [250/324] CHTP
[00:04:56] [251/324] SHRT
[00:04:56] [252/324] BCKU
[00:04:58] [253/324] FCPS
[00:05:00] [254/324] ARDD
[00:05:01] [255/324] CPCM
[00:05:03] [256/324] CGSM
[00:05:04] [257/324] PSMP
[00:05:04] [258/324] SDAL
[00:05:05] [259/324] RTNB
[00:05:06] [260/324] LMCR
[00:05:07] [261/324] CIMA
[00:05:08] [262/324] RNAS
[00:05:09] [263/324] LITH
[00:05:10] [264/324] PBOX
[00:05:11] [265/324] FRTS
[00:05:12] [266/324] RKIC
[00:05:12] [267/324] PTAI
[00:05:13] [268/324] GCIC
[00:05:14] [269/324] FNAS
[00:05:15] [270/324] SCAR
[00:05:16] [271/324] MTCA
[00:05:17] [272/324] SCTS
[00:05:18] [273/324] SYCS
[00:05:19] [274/324] RDMS
[00:05:20] [275/324] KAMP
[00:05:21] [276/324] ERSD
[00:05:21] [277/324] MJMJ
[00:05:22] [278/324] SRCJ
[00:05:23] [279/324] SCXE
[00:05:24] [280/324] SVFR
[00:05:25] [281/324] BHCS
[00:05:26] [282/324] IMCC
[00:05:27] [283/324] PCBO
[00:05:27] [284/324] PRVN
[00:05:28] [285/324] AUPM
[00:05:29] [286/324] INBW
[00:05:30] [287/324] SVCW
[00:05:31] [288/324] RKCF
[00:05:31] [289/324] UVBH
[00:05:32] [290/324] DNCY
[00:05:34] [291/324] ABCN
[00:05:35] [292/324] PRUR
[00:05:36] [293/324] PFMR
[00:05:37] [294/324] RKCN
[00:05:38] [295/324] CFEA
[00:05:40] [296/324] SDBG
[00:05:41] [297/324] SNAR
[00:05:41] [298/324] YISI
[00:05:42] [299/324] JCFF
[00:05:43] [300/324] VTRK
[00:05:44] [301/324] PCLZ
[00:05:45] [302/324] DIMY
[00:05:46] [303/324] BBTS
[00:05:47] [304/324] GATH
[00:05:48] [305/324] GTMN
[00:05:49] [306/324] VTMH
[00:05:50] [307/324] CCKP
[00:05:50] [308/324] GPKA
[00:05:51] [309/324] MHCL
[00:05:52] [310/324] ATCL
[00:05:53] [311/324] SBCK
[00:05:54] [312/324] AMMR
[00:05:55] [313/324] MADC
[00:05:56] [314/324] TMMA
[00:05:57] [315/324] CACC
[00:05:58] [316/324] CHAL
[00:06:00] [317/324] DURG
[00:06:02] [318/324] GMKU
[00:06:03] [319/324] GECA
[00:06:03] [320/324] KYRR
[00:06:04] [321/324] KSDE
[00:06:05] [322/324] LMCI
[00:06:06] [323/324] NKCP
[00:06:07] [324/324] BGTC
[00:06:08] ✅ DONE | Shows=0 | Movies=0
[00:50:01] 🚀 BMS DAILY TRACKER STARTED
[00:50:01] [1/324] GCTA
[00:50:01] 🧠 New identity
[00:50:02] [2/324] TOPN
[00:50:02] [3/324] MCUS
[00:50:03] [4/324] SHRL
[00:50:04] [5/324] UPTP
[00:50:05] [6/324] TMMP
[00:50:05] [7/324] DNRP
[00:50:06] [8/324] SRLT
[00:50:07] [9/324] RCNS
[00:50:07] [10/324] DCBH
[00:50:08] [11/324] NAGJ
[00:50:09] [12/324] JVRC
[00:50:09] [13/324] KRJG
[00:50:10] [14/324] SRTJ
[00:50:11] [15/324] CMXM
[00:50:11] [16/324] STMI
[00:50:12] [17/324] SLST
[00:50:12] [18/324] DTCN
[00:50:13] [19/324] STYN
[00:50:14] [20/324] SZVR
[00:50:14] [21/324] SRKO
[00:50:15] [22/324] JTGT
[00:50:16] [23/324] SVFD
[00:50:16] [24/324] SISD
[00:50:17] [25/324] ABDD
[00:50:18] [26/324] DRCA
[00:50:19] [27/324] AVCS
[00:50:19] [28/324] MVKH
[00:50:20] [29/324] ACPR
[00:50:20] [30/324] STIP
[00:50:21] [31/324] MTRA
[00:50:22] [32/324] RMKH
[00:50:22] [33/324] NKRL
[00:50:23] [34/324] PCWN
[00:50:24] [35/324] BLMT
[00:50:25] [36/324] GDPG
[00:50:25] [37/324] SRMX
[00:50:26] [38/324] JACP
[00:50:26] [39/324] CPSH
[00:50:27] [40/324] MCCD
[00:50:27] [41/324] ECGH
[00:50:28] [42/324] MKCK
[00:50:29] [43/324] SRMM
[00:50:29] [44/324] SKYR
[00:50:30] [45/324] PCKC
[00:50:31] [46/324] JCMA
[00:50:31] [47/324] BSMP
[00:50:32] [48/324] VSPA
[00:50:32] [49/324] DJYA
[00:50:33] [50/324] DIMP
[00:50:33] [51/324] FXDR
[00:50:34] [52/324] SSRC
[00:50:35] [53/324] STHP
[00:50:35] [54/324] CPPD
[00:50:36] [55/324] FCLK
[00:50:37] [56/324] SCPP
[00:50:37] [57/324] DCMJ
[00:50:38] [58/324] RCCR
[00:50:39] [59/324] INMT
[00:50:39] [60/324] LXTK
[00:50:40] [61/324] SRYK
[00:50:41] [62/324] SGDK
[00:50:41] [63/324] PPKA
[00:50:42] [64/324] SPKA
[00:50:42] [65/324] CGHH
[00:50:43] [66/324] DCJN
[00:50:44] [67/324] SRKV
[00:50:44] [68/324] SAJC
[00:50:45] [69/324] SUSR
[00:50:45] [70/324] STYG
[00:50:46] [71/324] NTKP
[00:50:47] [72/324] AKTG
[00:50:47] [73/324] CGCM
[00:50:48] [74/324] TULC
[00:50:48] [75/324] NYYZ
[00:50:49] [76/324] NYBW
[00:50:49] [77/324] MACB
[00:50:50] [78/324] SLVT
[00:50:50] [79/324] SANA
[00:50:51] [80/324] ACMR
[00:50:52] [81/324] CPKN
[00:50:52] [82/324] DLGK
[00:50:53] [83/324] CWCK
[00:50:53] [84/324] FDDH
[00:50:54] [85/324] MMMD
[00:50:55] [86/324] CMEH
[00:50:55] [87/324] GGGV
[00:50:56] [88/324] SPJL
[00:50:56] [89/324] RCCD
[00:50:57] [90/324] STTZ
[00:50:58] [91/324] BTCF
[00:50:58] [92/324] TSTZ
[00:50:59] [93/324] IPMM
[00:50:59] [94/324] PMPW
[00:51:00] [95/324] PCMZ
[00:51:01] [96/324] ESEM
[00:51:01] [97/324] PIPO
[00:51:02] [98/324] MATK
[00:51:03] [99/324] PGHM
[00:51:03] [100/324] CTSR
[00:51:04] [101/324] CYKR
[00:51:05] [102/324] MSCM
[00:51:05] [103/324] RFNP
[00:51:06] [104/324] PDCP
[00:51:06] [105/324] NPSE
[00:51:07] [106/324] MKML
[00:51:08] [107/324] FTDP
[00:51:09] [108/324] MMXA
[00:51:09] [109/324] CEPO
[00:51:10] [110/324] CMVP
[00:51:11] [111/324] SGTH
[00:51:11] [112/324] SAYN
[00:51:12] [113/324] URVS
[00:51:13] [114/324] VJTN
[00:51:13] [115/324] BBYK
[00:51:14] [116/324] SHBO
[00:51:14] [117/324] VCMR
[00:51:15] [118/324] MACT
[00:51:15] [119/324] JMNP
[00:51:16] [120/324] VICS
[00:51:17] [121/324] VCDA
[00:51:17] [122/324] GCMM
[00:51:18] [123/324] INVS
[00:51:18] [124/324] SCGM
[00:51:19] [125/324] PCDA
[00:51:19] [126/324] KDCT
[00:51:20] [127/324] JACS
[00:51:21] [128/324] GMMC
[00:51:22] [129/324] AICM
[00:51:22] [130/324] TJCM
[00:51:23] [131/324] RMTI
[00:51:23] [132/324] SHAC
[00:51:24] [133/324] APJC
[00:51:25] [134/324] GCTG
[00:51:25] [135/324] SSMC
[00:51:26] [136/324] THRM
[00:51:27] [137/324] RBCT
[00:51:28] [138/324] DIKT
[00:51:28] [139/324] MIDL
[00:51:29] [140/324] VCSN
[00:51:30] [141/324] SKTG
[00:51:30] [142/324] SMWC
[00:51:31] [143/324] MNKH
[00:51:31] [144/324] PIAT
[00:51:32] [145/324] LTTP
[00:51:32] [146/324] PTPU
[00:51:33] [147/324] ACMG
[00:51:33] [148/324] SHMM
[00:51:34] [149/324] MCMN
[00:51:35] [150/324] GLDC
[00:51:35] [151/324] HOUT
[00:51:36] [152/324] SVRP
[00:51:36] [153/324] PVDN
[00:51:37] [154/324] SCPY
[00:51:38] [155/324] DTPY
[00:51:38] [156/324] GKCS
[00:51:39] [157/324] NCAM
[00:51:40] [158/324] BSRM
[00:51:40] [159/324] RCLC
[00:51:41] [160/324] SKKD
[00:51:41] [161/324] ACHU
[00:51:42] [162/324] RSCF
[00:51:43] [163/324] IMSH
[00:51:43] [164/324] MACX
[00:51:44] [165/324] HMMW
[00:51:44] [166/324] JTCP
[00:51:45] [167/324] SREN
[00:51:46] [168/324] PJRR
[00:51:46] [169/324] INAC
[00:51:47] [170/324] BMCA
[00:51:48] [171/324] SHCB
[00:51:48] [172/324] GABA
[00:51:49] [173/324] SBCT
[00:51:50] [174/324] GCMA
[00:51:50] [175/324] MYTK
[00:51:51] [176/324] INZS
[00:51:51] [177/324] RMIK
[00:51:52] [178/324] NYCH
[00:51:53] [179/324] RAVE
[00:51:53] [180/324] PSXM
[00:51:54] [181/324] MCGP
[00:51:55] [182/324] PDDK
[00:51:55] [183/324] SPCK
[00:51:56] [184/324] MCRL
[00:51:56] [185/324] MHKT
[00:51:57] [186/324] ANRR
[00:51:58] [187/324] SAPK
[00:51:59] [188/324] NCUK
[00:51:59] [189/324] JUGA
[00:52:00] [190/324] DBSC
[00:52:00] [191/324] LALK
[00:52:01] [192/324] GUCK
[00:52:01] [193/324] STSG
[00:52:02] [194/324] PPPZ
[00:52:03] [195/324] CNCY
[00:52:04] [196/324] MTAR
[00:52:04] [197/324] VNKD
[00:52:05] [198/324] KMAJ
[00:52:06] [199/324] ACXK
[00:52:07] [200/324] UTKC
[00:52:07] [201/324] PBLK
[00:52:08] [202/324] ACBX
[00:52:08] [203/324] PTGM
[00:52:09] [204/324] BTDA
[00:52:09] [205/324] PJMB
[00:52:10] [206/324] TPDA
[00:52:11] [207/324] AMOE
[00:52:12] [208/324] PRHT
[00:52:12] [209/324] PRTA
[00:52:13] [210/324] STAM
[00:52:14] [211/324] MSAA
[00:52:14] [212/324] SDLU
[00:52:15] [213/324] RCHH
[00:52:16] [214/324] KANT
[00:52:16] [215/324] FCRT
[00:52:17] [216/324] DNKM
[00:52:18] [217/324] RYCP
[00:52:19] [218/324] MYRP
[00:52:19] [219/324] PPAK
[00:52:20] [220/324] NVPK
[00:52:21] [221/324] PRMC
[00:52:21] [222/324] JBCS
[00:52:22] [223/324] GXCK
[00:52:23] [224/324] USKO
[00:52:23] [225/324] GTEM
[00:52:24] [226/324] SMBU
[00:52:25] [227/324] VETC
[00:52:26] [228/324] LCDA
[00:52:26] [229/324] MTVT
[00:52:27] [230/324] PYCP
[00:52:28] [231/324] PNSC
[00:52:28] [232/324] PPCC
[00:52:29] [233/324] TGRT
[00:52:30] [234/324] JYOT
[00:52:31] [235/324] SRCZ
[00:52:31] [236/324] SJTE
[00:52:32] [237/324] DESC
[00:52:32] [238/324] JHVN
[00:52:33] [239/324] IPSG
[00:52:34] [240/324] IPCM
[00:52:34] [241/324] PDRS
[00:52:35] [242/324] ANCV
[00:52:36] [243/324] CMVV
[00:52:37] [244/324] SHYP
[00:52:37] [245/324] DNCS
[00:52:38] [246/324] GAJK
[00:52:39] [247/324] AKTN
[00:52:39] [248/324] KAYA
[00:52:40] [249/324] SBRC
[00:52:40] [250/324] CHTP
[00:52:41] [251/324] SHRT
[00:52:42] [252/324] BCKU
[00:52:42] [253/324] FCPS
[00:52:43] [254/324] ARDD
[00:52:44] [255/324] CPCM
[00:52:45] [256/324] CGSM
[00:52:45] [257/324] PSMP
[00:52:46] [258/324] SDAL
[00:52:46] [259/324] RTNB
[00:52:47] [260/324] LMCR
[00:52:48] [261/324] CIMA
[00:52:48] [262/324] RNAS
[00:52:49] [263/324] LITH
[00:52:50] [264/324] PBOX
[00:52:50] [265/324] FRTS
[00:52:51] [266/324] RKIC
[00:52:51] [267/324] PTAI
[00:52:52] [268/324] GCIC
[00:52:53] [269/324] FNAS
[00:52:53] [270/324] SCAR
[00:52:54] [271/324] MTCA
[00:52:54] [272/324] SCTS
[00:52:55] [273/324] SYCS
[00:52:56] [274/324] RDMS
[00:52:56] [275/324] KAMP
[00:52:57] [276/324] ERSD
[00:52:58] [277/324] MJMJ
[00:52:58] [278/324] SRCJ
[00:52:59] [279/324] SCXE
[00:52:59] [280/324] SVFR
[00:53:00] [281/324] BHCS
[00:53:01] [282/324] IMCC
[00:53:01] [283/324] PCBO
[00:53:02] [284/324] PRVN
[00:53:03] [285/324] AUPM
[00:53:03] [286/324] INBW
[00:53:04] [287/324] SVCW
[00:53:04] [288/324] RKCF
[00:53:05] [289/324] UVBH
[00:53:05] [290/324] DNCY
[00:53:06] [291/324] ABCN
[00:53:07] [292/324] PRUR
[00:53:07] [293/324] PFMR
[00:53:08] [294/324] RKCN
[00:53:08] [295/324] CFEA
[00:53:09] [296/324] SDBG
[00:53:10] [297/324] SNAR
[00:53:10] [298/324] YISI
[00:53:11] [299/324] JCFF
[00:53:11] [300/324] VTRK
[00:53:12] [301/324] PCLZ
[00:53:13] [302/324] DIMY
[00:53:13] [303/324] BBTS
[00:53:14] [304/324] GATH
[00:53:15] [305/324] GTMN
[00:53:16] [306/324] VTMH
[00:53:16] [307/324] CCKP
[00:53:17] [308/324] GPKA
[00:53:18] [309/324] MHCL
[00:53:18] [310/324] ATCL
[00:53:19] [311/324] SBCK
[00:53:20] [312/324] AMMR
[00:53:20] [313/324] MADC
[00:53:21] [314/324] TMMA
[00:53:22] [315/324] CACC
[00:53:22] [316/324] CHAL
[00:53:23] [317/324] DURG
[00:53:24] [318/324] GMKU
[00:53:24] [319/324] GECA
[00:53:25] [320/324] KYRR
[00:53:26] [321/324] KSDE
[00:53:26] [322/324] LMCI
[00:53:27] [323/324] NKCP
[00:53:28] [324/324] BGTC
[00:53:28] ✅ DONE | Shows=0 | Movies=0
