[10:14:06] 🚀 SCRIPT STARTED
[10:14:06] [1/445] TGMR
[10:14:06] 🧠 New identity created
[10:14:07] [2/445] CXKR
[10:14:08] [3/445] SROP
[10:14:09] [4/445] GTSV
[10:14:09] [5/445] SNTY
[10:14:10] [6/445] SMYY
[10:14:11] [7/445] CNCS
[10:14:13] [8/445] CSTM
[10:14:13] [9/445] NUCD
[10:14:14] [10/445] SHCZ
[10:14:15] [11/445] NJCT
[10:14:16] [12/445] COPC
[10:14:17] [13/445] STVV
[10:14:18] [14/445] SKRN
[10:14:19] [15/445] APPZ
[10:14:19] [16/445] YMGN
[10:14:21] [17/445] SVTU
[10:14:22] [18/445] GTAD
[10:14:23] [19/445] PSUS
[10:14:24] [20/445] SMCD
[10:14:25] [21/445] CMCM
[10:14:26] [22/445] SYCT
[10:14:27] [23/445] STLY
[10:14:27] [24/445] CMHU
[10:14:28] [25/445] CMSA
[10:14:29] [26/445] CLCU
[10:14:30] [27/445] PPNT
[10:14:32] [28/445] JTAB
[10:14:33] [29/445] BUUC
[10:14:34] [30/445] BSVK
[10:14:35] [31/445] VVVQ
[10:14:36] [32/445] TKMU
[10:14:38] [33/445] ESYL
[10:14:39] [34/445] ACHP
[10:14:39] [35/445] BTKD
[10:14:40] [36/445] DESA
[10:14:42] [37/445] GBCT
[10:14:43] [38/445] BLLD
[10:14:44] [39/445] SKNT
[10:14:45] [40/445] SSTE
[10:14:46] [41/445] VJMR
[10:14:46] [42/445] NTPU
[10:14:47] [43/445] RDKN
[10:14:48] [44/445] ADGC
[10:14:50] [45/445] VRBP
[10:14:51] [46/445] NMNA
[10:14:51] [47/445] CMMX
[10:14:52] [48/445] PTKO
[10:14:53] [49/445] RBML
[10:14:54] [50/445] SAIC
[10:14:55] [51/445] SVTJ
[10:14:55] [52/445] MRTE
[10:14:56] [53/445] RBTP
[10:14:57] [54/445] NLPS
[10:14:58] [55/445] GTNA
[10:14:59] [56/445] DGGC
[10:15:00] [57/445] SMCR
[10:15:01] [58/445] SCGD
[10:15:02] [59/445] SRRJ
[10:15:03] [60/445] CNRY
[10:15:04] [61/445] KTDI
[10:15:05] [62/445] SNJL
[10:15:06] [63/445] RKMD
[10:15:08] [64/445] SMDC
[10:15:09] [65/445] TADG
[10:15:10] [66/445] MCGS
[10:15:11] [67/445] PETK
[10:15:12] [68/445] CHAG
[10:15:13] [69/445] KSTL
[10:15:13] [70/445] AADS
[10:15:14] [71/445] NTHZ
[10:15:15] [72/445] HCKI
[10:15:16] [73/445] SSEF
[10:15:17] [74/445] MCGX
[10:15:18] [75/445] ERRA
[10:15:19] [76/445] SDTW
[10:15:20] [77/445] RMPK
[10:15:21] [78/445] PTHK
[10:15:21] [79/445] PXCS
[10:15:22] [80/445] SVLU
[10:15:23] [81/445] STAH
[10:15:24] [82/445] JRGF
[10:15:25] [83/445] CDOK
[10:15:26] [84/445] CMSG
[10:15:26] [85/445] APTD
[10:15:27] [86/445] KMPG
[10:15:28] [87/445] MUTJ
[10:15:29] [88/445] VCCI
[10:15:30] [89/445] URBE
[10:15:31] [90/445] TCTS
[10:15:32] [91/445] STSN
[10:15:33] [92/445] AKCH
[10:15:33] [93/445] APSC
[10:15:34] [94/445] VLTB
[10:15:35] [95/445] SANU
[10:15:36] [96/445] AXAM
[10:15:37] [97/445] MGMG
[10:15:37] [98/445] HTBY
[10:15:38] [99/445] MMZS
[10:15:39] [100/445] SUDR
[10:15:40] [101/445] CCAD
[10:15:41] [102/445] SKKC
[10:15:42] [103/445] RMCD
[10:15:44] [104/445] SBCQ
[10:15:44] [105/445] DCCT
[10:15:45] [106/445] VTKP
[10:15:46] [107/445] MLAM
[10:15:47] [108/445] SAVT
[10:15:47] [109/445] GEPL
[10:15:48] [110/445] AMCD
[10:15:50] [111/445] CCXR
[10:15:50] [112/445] GRNG
[10:15:51] [113/445] EBCA
[10:15:52] [114/445] CNVG
[10:15:54] [115/445] MWSS
[10:15:55] [116/445] VBOR
[10:15:55] [117/445] NEEB
[10:15:56] [118/445] SUTH
[10:15:57] [119/445] ANDB
[10:15:58] [120/445] MMXS
[10:15:59] [121/445] CNPD
[10:16:00] [122/445] SDCE
[10:16:01] [123/445] DHCB
[10:16:01] [124/445] ODEN
[10:16:02] [125/445] TNTC
[10:16:03] [126/445] VBKM
[10:16:04] [127/445] RZYM
[10:16:05] [128/445] JEMC
[10:16:05] [129/445] CMAU
[10:16:06] [130/445] SIVP
[10:16:08] [131/445] ATAG
[10:16:09] [132/445] CHTM
[10:16:10] [133/445] AAEE
[10:16:10] [134/445] IWPM
[10:16:11] [135/445] KCMW
[10:16:12] [136/445] MCTD
[10:16:13] [137/445] SPWR
[10:16:14] [138/445] SDPO
[10:16:15] [139/445] PCSK
[10:16:16] [140/445] ACHV
[10:16:17] [141/445] SVLA
[10:16:18] [142/445] PICT
[10:16:19] [143/445] BXDR
[10:16:20] [144/445] SPWA
[10:16:21] [145/445] MCKO
[10:16:22] [146/445] RTHK
[10:16:22] [147/445] CCMF
[10:16:24] [148/445] MRGB
[10:16:25] [149/445] CPLC
[10:16:26] [150/445] RACD
[10:16:27] [151/445] ATKT
[10:16:28] [152/445] SARN
[10:16:29] [153/445] KKUI
[10:16:30] [154/445] RGCM
[10:16:30] [155/445] BRVP
[10:16:31] [156/445] HRSR
[10:16:32] [157/445] GKGM
[10:16:33] [158/445] TTCD
[10:16:33] [159/445] PTTI
[10:16:35] [160/445] MPTT
[10:16:36] [161/445] CVTT
[10:16:37] [162/445] PCXD
[10:16:38] [163/445] GCDC
[10:16:38] [164/445] CCCF
[10:16:39] [165/445] MRAD
[10:16:40] [166/445] CPLK
[10:16:41] [167/445] SATB
[10:16:42] [168/445] SNVG
[10:16:43] [169/445] JMBA
[10:16:44] [170/445] TEJA
[10:16:45] [171/445] STYO
[10:16:45] [172/445] JTBP
[10:16:46] [173/445] KRGD
[10:16:47] [174/445] SLJJ
[10:16:48] [175/445] SPTJ
[10:16:49] [176/445] SWJG
[10:16:50] [177/445] LKRT
[10:16:51] [178/445] KCKA
[10:16:51] [179/445] SNCR
[10:16:52] [180/445] SMKL
[10:16:53] [181/445] GCFA
[10:16:54] [182/445] DDCK
[10:16:54] [183/445] NCHJ
[10:16:55] [184/445] RDMA
[10:16:56] [185/445] SVSV
[10:16:57] [186/445] SCJG
[10:16:58] [187/445] VKLP
[10:17:00] [188/445] NWCC
[10:17:00] [189/445] VKNS
[10:17:02] [190/445] SDDP
[10:17:03] [191/445] ACSI
[10:17:05] [192/445] SATG
[10:17:05] [193/445] SCMW
[10:17:06] [194/445] LKTK
[10:17:07] [195/445] VCKV
[10:17:08] [196/445] KKPE
[10:17:09] [197/445] KIGH
[10:17:10] [198/445] SRPM
[10:17:12] [199/445] SCAH
[10:17:13] [200/445] MUTA
[10:17:14] [201/445] SEPU
[10:17:15] [202/445] INOA
[10:17:15] [203/445] BASK
[10:17:16] [204/445] NECB
[10:17:17] [205/445] GTTG
[10:17:18] [206/445] ASSA
[10:17:19] [207/445] ANCL
[10:17:19] [208/445] GCTI
[10:17:20] [209/445] RCTS
[10:17:21] [210/445] ACNL
[10:17:22] [211/445] MYCT
[10:17:22] [212/445] NMHT
[10:17:23] [213/445] MDIT
[10:17:24] [214/445] LATG
[10:17:25] [215/445] SMTY
[10:17:26] [216/445] CVCT
[10:17:27] [217/445] RAMB
[10:17:28] [218/445] TGMS
[10:17:29] [219/445] BHEL
[10:17:30] [220/445] SHCT
[10:17:30] [221/445] SVCT
[10:17:31] [222/445] MRIY
[10:17:32] [223/445] SARO
[10:17:33] [224/445] STCT
[10:17:34] [225/445] JKKC
[10:17:35] [226/445] PLTT
[10:17:36] [227/445] SRNT
[10:17:37] [228/445] YAST
[10:17:38] [229/445] PERL
[10:17:38] [230/445] CICM
[10:17:39] [231/445] MMTR
[10:17:40] [232/445] ABTK
[10:17:41] [233/445] ATYY
[10:17:42] [234/445] ASTK
[10:17:43] [235/445] VVCK
[10:17:43] [236/445] ATKY
[10:17:44] [237/445] GWEK
[10:17:45] [238/445] SVFH
[10:17:46] [239/445] SLTA
[10:17:47] [240/445] AASH
[10:17:48] [241/445] ACXB
[10:17:49] [242/445] SMTX
[10:17:50] [243/445] AZDH
[10:17:51] [244/445] CMMH
[10:17:52] [245/445] SCSZ
[10:17:53] [246/445] SCKP
[10:17:54] [247/445] NXTM
[10:17:55] [248/445] NWCS
[10:17:56] [249/445] CXMH
[10:17:57] [250/445] PCMA
[10:17:57] [251/445] SGCM
[10:17:58] [252/445] SDTU
[10:17:59] [253/445] MMVI
[10:18:00] [254/445] JKCM
[10:18:01] [255/445] VCMM
[10:18:02] [256/445] SYEE
[10:18:03] [257/445] VASD
[10:18:04] [258/445] BDRB
[10:18:06] [259/445] LASM
[10:18:06] [260/445] DCRL
[10:18:07] [261/445] DVPM
[10:18:08] [262/445] SBMJ
[10:18:09] [263/445] CBMU
[10:18:09] [264/445] IUBS
[10:18:10] [265/445] INAP
[10:18:11] [266/445] SRRC
[10:18:12] [267/445] SAGR
[10:18:13] [268/445] CPMJ
[10:18:14] [269/445] ATJL
[10:18:15] [270/445] NNTD
[10:18:15] [271/445] JHCJ
[10:18:16] [272/445] CMMP
[10:18:17] [273/445] RSDR
[10:18:18] [274/445] AMTI
[10:18:19] [275/445] NYSG
[10:18:20] [276/445] AVSG
[10:18:20] [277/445] SYTP
[10:18:21] [278/445] LARC
[10:18:22] [279/445] RJTP
[10:18:23] [280/445] LAKC
[10:18:25] [281/445] MCXE
[10:18:25] [282/445] CCZC
[10:18:26] [283/445] AVCH
[10:18:27] [284/445] CMBE
[10:18:28] [285/445] MRRC
[10:18:29] [286/445] PCPY
[10:18:31] [287/445] SRMH
[10:18:31] [288/445] SVGS
[10:18:32] [289/445] PCSE
[10:18:34] [290/445] SVFT
[10:18:34] [291/445] TNZP
[10:18:35] [292/445] ICTP
[10:18:36] [293/445] ACTZ
[10:18:37] [294/445] GTUR
[10:18:38] [295/445] MAFC
[10:18:39] [296/445] MINL
[10:18:39] [297/445] MRCL
[10:18:40] [298/445] RCRP
[10:18:41] [299/445] RFFG
[10:18:42] [300/445] RMAS
[10:18:42] [301/445] INVR
[10:18:43] [302/445] RMAR
[10:18:44] [303/445] CNIS
[10:18:45] [304/445] RHRJ
[10:18:46] [305/445] INXR
[10:18:47] [306/445] VALT
[10:18:48] [307/445] LCSH
[10:18:49] [308/445] CMVS
[10:18:49] [309/445] CNMS
[10:18:50] [310/445] ROOG
[10:18:52] [311/445] ISRM
[10:18:53] [312/445] RCRM
[10:18:53] [313/445] ACJA
[10:18:54] [314/445] RCVS
[10:18:55] [315/445] CPUS
[10:18:55] [316/445] TGCS
[10:18:56] [317/445] RKCJ
[10:18:57] [318/445] MKSB
[10:18:58] [319/445] TCSJ
[10:18:59] [320/445] RMGP
[10:19:00] [321/445] CLLP
[10:19:01] [322/445] RCMV
[10:19:02] [323/445] CCKS
[10:19:03] [324/445] RSRP
[10:19:04] [325/445] APLP
[10:19:05] [326/445] CNVS
[10:19:06] [327/445] RMVY
[10:19:06] [328/445] PGBD
[10:19:07] [329/445] KLMS
[10:19:08] [330/445] RUST
[10:19:09] [331/445] MASM
[10:19:10] [332/445] BACS
[10:19:11] [333/445] BWST
[10:19:12] [334/445] RRFH
[10:19:13] [335/445] SJTM
[10:19:13] [336/445] BEMR
[10:19:14] [337/445] MCGR
[10:19:15] [338/445] SDSK
[10:19:16] [339/445] VBOL
[10:19:17] [340/445] RMGM
[10:19:18] [341/445] NOPL
[10:19:19] [342/445] MKJK
[10:19:20] [343/445] CVRN
[10:19:21] [344/445] MMEN
[10:19:22] [345/445] AMNG
[10:19:23] [346/445] INTM
[10:19:23] [347/445] SLCZ
[10:19:24] [348/445] AMJN
[10:19:25] [349/445] ACJN
[10:19:26] [350/445] AMKN
[10:19:26] [351/445] BTCN
[10:19:27] [352/445] AMBT
[10:19:28] [353/445] PACN
[10:19:29] [354/445] LCNS
[10:19:30] [355/445] PPKC
[10:19:30] [356/445] JYYN
[10:19:31] [357/445] JTNR
[10:19:32] [358/445] GTEE
[10:19:33] [359/445] SRNM
[10:19:34] [360/445] SDTC
[10:19:34] [361/445] VPCA
[10:19:35] [362/445] VLRA
[10:19:36] [363/445] SHKR
[10:19:37] [364/445] SBKD
[10:19:38] [365/445] SAAD
[10:19:38] [366/445] JTGN
[10:19:39] [367/445] SLAM
[10:19:40] [368/445] VTPM
[10:19:41] [369/445] ANPT
[10:19:42] [370/445] PUNB
[10:19:43] [371/445] CPKT
[10:19:43] [372/445] CNWE
[10:19:44] [373/445] ECPP
[10:19:45] [374/445] CPAR
[10:19:46] [375/445] ESBW
[10:19:47] [376/445] PKPU
[10:19:48] [377/445] CPRP
[10:19:49] [378/445] RAHU
[10:19:49] [379/445] RHMN
[10:19:51] [380/445] FMJP
[10:19:52] [381/445] CTMP
[10:19:52] [382/445] INPN
[10:19:53] [383/445] STTG
[10:19:54] [384/445] CTRD
[10:19:55] [385/445] PUVB
[10:19:56] [386/445] ESVP
[10:19:57] [387/445] CPFT
[10:19:58] [388/445] LCPC
[10:19:59] [389/445] VBCT
[10:20:00] [390/445] FSCW
[10:20:00] [391/445] VCMP
[10:20:02] [392/445] ASHC
[10:20:02] [393/445] VLCX
[10:20:03] [394/445] SHEV
[10:20:04] [395/445] APCO
[10:20:05] [396/445] SILC
[10:20:06] [397/445] SNMR
[10:20:06] [398/445] KYBO
[10:20:07] [399/445] SATK
[10:20:08] [400/445] SSCS
[10:20:09] [401/445] CLSB
[10:20:09] [402/445] KMJR
[10:20:10] [403/445] FSCK
[10:20:11] [404/445] NNKA
[10:20:12] [405/445] CLMK
[10:20:13] [406/445] DMPZ
[10:20:14] [407/445] INQM
[10:20:15] [408/445] CAML
[10:20:16] [409/445] INRK
[10:20:17] [410/445] IMKN
[10:20:18] [411/445] SVNR
[10:20:19] [412/445] INSL
[10:20:20] [413/445] MSMA
[10:20:21] [414/445] MCKK
[10:20:22] [415/445] FCHP
[10:20:23] [416/445] SFCR
[10:20:23] [417/445] NACK
[10:20:24] [418/445] PVAK
[10:20:25] [419/445] INER
[10:20:26] [420/445] RDBK
[10:20:27] [421/445] SVFN
[10:20:28] [422/445] IFRM
[10:20:29] [423/445] ATCK
[10:20:30] [424/445] ASKO
[10:20:30] [425/445] STKT
[10:20:31] [426/445] SVFB
[10:20:32] [427/445] INKS
[10:20:33] [428/445] PCRA
[10:20:34] [429/445] ATJA
[10:20:35] [430/445] IMJN
[10:20:36] [431/445] INHD
[10:20:37] [432/445] BARA
[10:20:38] [433/445] MCSL
[10:20:38] [434/445] RTOY
[10:20:40] [435/445] MENO
[10:20:41] [436/445] PUDM
[10:20:42] [437/445] PRCN
[10:20:42] [438/445] JMJR
[10:20:44] [439/445] SSGK
[10:20:44] [440/445] SSRL
[10:20:45] [441/445] JYKL
[10:20:46] [442/445] ACNB
[10:20:47] [443/445] SONP
[10:20:47] [444/445] EMCI
[10:20:48] [445/445] MRJH
[10:20:49] 🧹 Deduping shows
[10:20:49] ✅ DONE | Shows=62 | Movies=5
[16:45:04] 🚀 SCRIPT STARTED
[16:45:04] [1/445] TGMR
[16:45:04] 🧠 New identity created
[16:45:06] [2/445] CXKR
[16:45:07] [3/445] SROP
[16:45:08] [4/445] GTSV
[16:45:09] [5/445] SNTY
[16:45:10] [6/445] SMYY
[16:45:11] [7/445] CNCS
[16:45:13] [8/445] CSTM
[16:45:14] [9/445] NUCD
[16:45:15] [10/445] SHCZ
[16:45:16] [11/445] NJCT
[16:45:16] [12/445] COPC
[16:45:17] [13/445] STVV
[16:45:18] [14/445] SKRN
[16:45:20] [15/445] APPZ
[16:45:20] [16/445] YMGN
[16:45:22] [17/445] SVTU
[16:45:23] [18/445] GTAD
[16:45:24] [19/445] PSUS
[16:45:24] [20/445] SMCD
[16:45:25] [21/445] CMCM
[16:45:26] [22/445] SYCT
[16:45:27] [23/445] STLY
[16:45:28] [24/445] CMHU
[16:45:29] [25/445] CMSA
[16:45:30] [26/445] CLCU
[16:45:31] [27/445] PPNT
[16:45:33] [28/445] JTAB
[16:45:34] [29/445] BUUC
[16:45:35] [30/445] BSVK
[16:45:36] [31/445] VVVQ
[16:45:36] [32/445] TKMU
[16:45:37] [33/445] ESYL
[16:45:38] [34/445] ACHP
[16:45:39] [35/445] BTKD
[16:45:40] [36/445] DESA
[16:45:41] [37/445] GBCT
[16:45:41] [38/445] BLLD
[16:45:42] [39/445] SKNT
[16:45:44] [40/445] SSTE
[16:45:44] [41/445] VJMR
[16:45:45] [42/445] NTPU
[16:45:46] [43/445] RDKN
[16:45:48] [44/445] ADGC
[16:45:48] [45/445] VRBP
[16:45:50] [46/445] NMNA
[16:45:51] [47/445] CMMX
[16:45:52] [48/445] PTKO
[16:45:53] [49/445] RBML
[16:45:54] [50/445] SAIC
[16:45:55] [51/445] SVTJ
[16:45:56] [52/445] MRTE
[16:45:56] [53/445] RBTP
[16:45:57] [54/445] NLPS
[16:45:58] [55/445] GTNA
[16:45:59] [56/445] DGGC
[16:46:00] [57/445] SMCR
[16:46:00] [58/445] SCGD
[16:46:01] [59/445] SRRJ
[16:46:02] [60/445] CNRY
[16:46:03] [61/445] KTDI
[16:46:04] [62/445] SNJL
[16:46:05] [63/445] RKMD
[16:46:06] [64/445] SMDC
[16:46:07] [65/445] TADG
[16:46:07] [66/445] MCGS
[16:46:08] [67/445] PETK
[16:46:09] [68/445] CHAG
[16:46:10] [69/445] KSTL
[16:46:11] [70/445] AADS
[16:46:12] [71/445] NTHZ
[16:46:12] [72/445] HCKI
[16:46:14] [73/445] SSEF
[16:46:14] [74/445] MCGX
[16:46:15] [75/445] ERRA
[16:46:16] [76/445] SDTW
[16:46:16] [77/445] RMPK
[16:46:17] [78/445] PTHK
[16:46:18] [79/445] PXCS
[16:46:19] [80/445] SVLU
[16:46:20] [81/445] STAH
[16:46:21] [82/445] JRGF
[16:46:22] [83/445] CDOK
[16:46:22] [84/445] CMSG
[16:46:23] [85/445] APTD
[16:46:24] [86/445] KMPG
[16:46:25] [87/445] MUTJ
[16:46:26] [88/445] VCCI
[16:46:27] [89/445] URBE
[16:46:28] [90/445] TCTS
[16:46:29] [91/445] STSN
[16:46:30] [92/445] AKCH
[16:46:31] [93/445] APSC
[16:46:32] [94/445] VLTB
[16:46:33] [95/445] SANU
[16:46:34] [96/445] AXAM
[16:46:35] [97/445] MGMG
[16:46:35] [98/445] HTBY
[16:46:36] [99/445] MMZS
[16:46:37] [100/445] SUDR
[16:46:38] [101/445] CCAD
[16:46:39] [102/445] SKKC
[16:46:40] [103/445] RMCD
[16:46:41] [104/445] SBCQ
[16:46:42] [105/445] DCCT
[16:46:43] [106/445] VTKP
[16:46:43] [107/445] MLAM
[16:46:44] [108/445] SAVT
[16:46:45] [109/445] GEPL
[16:46:46] [110/445] AMCD
[16:46:47] [111/445] CCXR
[16:46:48] [112/445] GRNG
[16:46:48] [113/445] EBCA
[16:46:49] [114/445] CNVG
[16:46:50] [115/445] MWSS
[16:46:51] [116/445] VBOR
[16:46:52] [117/445] NEEB
[16:46:53] [118/445] SUTH
[16:46:54] [119/445] ANDB
[16:46:54] [120/445] MMXS
[16:46:55] [121/445] CNPD
[16:46:56] [122/445] SDCE
[16:46:57] [123/445] DHCB
[16:46:58] [124/445] ODEN
[16:46:59] [125/445] TNTC
[16:46:59] [126/445] VBKM
[16:47:00] [127/445] RZYM
[16:47:01] [128/445] JEMC
[16:47:02] [129/445] CMAU
[16:47:03] [130/445] SIVP
[16:47:03] [131/445] ATAG
[16:47:04] [132/445] CHTM
[16:47:05] [133/445] AAEE
[16:47:06] [134/445] IWPM
[16:47:07] [135/445] KCMW
[16:47:08] [136/445] MCTD
[16:47:09] [137/445] SPWR
[16:47:10] [138/445] SDPO
[16:47:10] [139/445] PCSK
[16:47:11] [140/445] ACHV
[16:47:12] [141/445] SVLA
[16:47:13] [142/445] PICT
[16:47:14] [143/445] BXDR
[16:47:15] [144/445] SPWA
[16:47:16] [145/445] MCKO
[16:47:17] [146/445] RTHK
[16:47:17] [147/445] CCMF
[16:47:19] [148/445] MRGB
[16:47:20] [149/445] CPLC
[16:47:21] [150/445] RACD
[16:47:22] [151/445] ATKT
[16:47:23] [152/445] SARN
[16:47:24] [153/445] KKUI
[16:47:24] [154/445] RGCM
[16:47:25] [155/445] BRVP
[16:47:26] [156/445] HRSR
[16:47:27] [157/445] GKGM
[16:47:28] [158/445] TTCD
[16:47:29] [159/445] PTTI
[16:47:30] [160/445] MPTT
[16:47:31] [161/445] CVTT
[16:47:32] [162/445] PCXD
[16:47:34] [163/445] GCDC
[16:47:34] [164/445] CCCF
[16:47:35] [165/445] MRAD
[16:47:36] [166/445] CPLK
[16:47:37] [167/445] SATB
[16:47:38] [168/445] SNVG
[16:47:39] [169/445] JMBA
[16:47:40] [170/445] TEJA
[16:47:41] [171/445] STYO
[16:47:41] [172/445] JTBP
[16:47:42] [173/445] KRGD
[16:47:43] [174/445] SLJJ
[16:47:44] [175/445] SPTJ
[16:47:45] [176/445] SWJG
[16:47:46] [177/445] LKRT
[16:47:46] [178/445] KCKA
[16:47:47] [179/445] SNCR
[16:47:48] [180/445] SMKL
[16:47:49] [181/445] GCFA
[16:47:50] [182/445] DDCK
[16:47:51] [183/445] NCHJ
[16:47:52] [184/445] RDMA
[16:47:53] [185/445] SVSV
[16:47:53] [186/445] SCJG
[16:47:55] [187/445] VKLP
[16:47:56] [188/445] NWCC
[16:47:57] [189/445] VKNS
[16:47:58] [190/445] SDDP
[16:47:59] [191/445] ACSI
[16:48:00] [192/445] SATG
[16:48:01] [193/445] SCMW
[16:48:01] [194/445] LKTK
[16:48:03] [195/445] VCKV
[16:48:04] [196/445] KKPE
[16:48:05] [197/445] KIGH
[16:48:05] [198/445] SRPM
[16:48:06] [199/445] SCAH
[16:48:07] [200/445] MUTA
[16:48:08] [201/445] SEPU
[16:48:09] [202/445] INOA
[16:48:10] [203/445] BASK
[16:48:11] [204/445] NECB
[16:48:12] [205/445] GTTG
[16:48:13] [206/445] ASSA
[16:48:14] [207/445] ANCL
[16:48:15] [208/445] GCTI
[16:48:15] [209/445] RCTS
[16:48:16] [210/445] ACNL
[16:48:17] [211/445] MYCT
[16:48:18] [212/445] NMHT
[16:48:19] [213/445] MDIT
[16:48:21] [214/445] LATG
[16:48:22] [215/445] SMTY
[16:48:23] [216/445] CVCT
[16:48:23] [217/445] RAMB
[16:48:25] [218/445] TGMS
[16:48:26] [219/445] BHEL
[16:48:26] [220/445] SHCT
[16:48:27] [221/445] SVCT
[16:48:28] [222/445] MRIY
[16:48:30] [223/445] SARO
[16:48:30] [224/445] STCT
[16:48:31] [225/445] JKKC
[16:48:32] [226/445] PLTT
[16:48:33] [227/445] SRNT
[16:48:33] [228/445] YAST
[16:48:34] [229/445] PERL
[16:48:35] [230/445] CICM
[16:48:36] [231/445] MMTR
[16:48:37] [232/445] ABTK
[16:48:38] [233/445] ATYY
[16:48:39] [234/445] ASTK
[16:48:40] [235/445] VVCK
[16:48:40] [236/445] ATKY
[16:48:42] [237/445] GWEK
[16:48:43] [238/445] SVFH
[16:48:43] [239/445] SLTA
[16:48:44] [240/445] AASH
[16:48:46] [241/445] ACXB
[16:48:47] [242/445] SMTX
[16:48:48] [243/445] AZDH
[16:48:49] [244/445] CMMH
[16:48:50] [245/445] SCSZ
[16:48:51] [246/445] SCKP
[16:48:52] [247/445] NXTM
[16:48:53] [248/445] NWCS
[16:48:54] [249/445] CXMH
[16:48:55] [250/445] PCMA
[16:48:56] [251/445] SGCM
[16:48:56] [252/445] SDTU
[16:48:57] [253/445] MMVI
[16:48:58] [254/445] JKCM
[16:48:59] [255/445] VCMM
[16:49:00] [256/445] SYEE
[16:49:01] [257/445] VASD
[16:49:02] [258/445] BDRB
[16:49:04] [259/445] LASM
[16:49:05] [260/445] DCRL
[16:49:05] [261/445] DVPM
[16:49:06] [262/445] SBMJ
[16:49:07] [263/445] CBMU
[16:49:08] [264/445] IUBS
[16:49:09] [265/445] INAP
[16:49:10] [266/445] SRRC
[16:49:10] [267/445] SAGR
[16:49:11] [268/445] CPMJ
[16:49:12] [269/445] ATJL
[16:49:14] [270/445] NNTD
[16:49:14] [271/445] JHCJ
[16:49:15] [272/445] CMMP
[16:49:16] [273/445] RSDR
[16:49:17] [274/445] AMTI
[16:49:17] [275/445] NYSG
[16:49:18] [276/445] AVSG
[16:49:19] [277/445] SYTP
[16:49:19] [278/445] LARC
[16:49:20] [279/445] RJTP
[16:49:21] [280/445] LAKC
[16:49:22] [281/445] MCXE
[16:49:22] [282/445] CCZC
[16:49:23] [283/445] AVCH
[16:49:24] [284/445] CMBE
[16:49:26] [285/445] MRRC
[16:49:26] [286/445] PCPY
[16:49:27] [287/445] SRMH
[16:49:29] [288/445] SVGS
[16:49:29] [289/445] PCSE
[16:49:30] [290/445] SVFT
[16:49:31] [291/445] TNZP
[16:49:32] [292/445] ICTP
[16:49:33] [293/445] ACTZ
[16:49:34] [294/445] GTUR
[16:49:34] [295/445] MAFC
[16:49:35] [296/445] MINL
[16:49:36] [297/445] MRCL
[16:49:37] [298/445] RCRP
[16:49:38] [299/445] RFFG
[16:49:39] [300/445] RMAS
[16:49:40] [301/445] INVR
[16:49:40] [302/445] RMAR
[16:49:41] [303/445] CNIS
[16:49:42] [304/445] RHRJ
[16:49:43] [305/445] INXR
[16:49:44] [306/445] VALT
[16:49:44] [307/445] LCSH
[16:49:45] [308/445] CMVS
[16:49:46] [309/445] CNMS
[16:49:47] [310/445] ROOG
[16:49:48] [311/445] ISRM
[16:49:49] [312/445] RCRM
[16:49:50] [313/445] ACJA
[16:49:51] [314/445] RCVS
[16:49:52] [315/445] CPUS
[16:49:53] [316/445] TGCS
[16:49:54] [317/445] RKCJ
[16:49:55] [318/445] MKSB
[16:49:56] [319/445] TCSJ
[16:49:57] [320/445] RMGP
[16:49:58] [321/445] CLLP
[16:49:59] [322/445] RCMV
[16:50:01] [323/445] CCKS
[16:50:01] [324/445] RSRP
[16:50:02] [325/445] APLP
[16:50:03] [326/445] CNVS
[16:50:04] [327/445] RMVY
[16:50:05] [328/445] PGBD
[16:50:06] [329/445] KLMS
[16:50:06] [330/445] RUST
[16:50:07] [331/445] MASM
[16:50:08] [332/445] BACS
[16:50:09] [333/445] BWST
[16:50:10] [334/445] RRFH
[16:50:11] [335/445] SJTM
[16:50:11] [336/445] BEMR
[16:50:12] [337/445] MCGR
[16:50:13] [338/445] SDSK
[16:50:14] [339/445] VBOL
[16:50:15] [340/445] RMGM
[16:50:16] [341/445] NOPL
[16:50:16] [342/445] MKJK
[16:50:17] [343/445] CVRN
[16:50:18] [344/445] MMEN
[16:50:19] [345/445] AMNG
[16:50:20] [346/445] INTM
[16:50:21] [347/445] SLCZ
[16:50:21] [348/445] AMJN
[16:50:22] [349/445] ACJN
[16:50:23] [350/445] AMKN
[16:50:24] [351/445] BTCN
[16:50:25] [352/445] AMBT
[16:50:25] [353/445] PACN
[16:50:26] [354/445] LCNS
[16:50:27] [355/445] PPKC
[16:50:28] [356/445] JYYN
[16:50:29] [357/445] JTNR
[16:50:30] [358/445] GTEE
[16:50:31] [359/445] SRNM
[16:50:32] [360/445] SDTC
[16:50:33] [361/445] VPCA
[16:50:34] [362/445] VLRA
[16:50:35] [363/445] SHKR
[16:50:36] [364/445] SBKD
[16:50:37] [365/445] SAAD
[16:50:38] [366/445] JTGN
[16:50:38] [367/445] SLAM
[16:50:39] [368/445] VTPM
[16:50:40] [369/445] ANPT
[16:50:41] [370/445] PUNB
[16:50:42] [371/445] CPKT
[16:50:43] [372/445] CNWE
[16:50:44] [373/445] ECPP
[16:50:44] [374/445] CPAR
[16:50:45] [375/445] ESBW
[16:50:46] [376/445] PKPU
[16:50:47] [377/445] CPRP
[16:50:48] [378/445] RAHU
[16:50:48] [379/445] RHMN
[16:50:49] [380/445] FMJP
[16:50:51] [381/445] CTMP
[16:50:52] [382/445] INPN
[16:50:52] [383/445] STTG
[16:50:53] [384/445] CTRD
[16:50:55] [385/445] PUVB
[16:50:56] [386/445] ESVP
[16:50:56] [387/445] CPFT
[16:50:58] [388/445] LCPC
[16:50:59] [389/445] VBCT
[16:50:59] [390/445] FSCW
[16:51:00] [391/445] VCMP
[16:51:02] [392/445] ASHC
[16:51:02] [393/445] VLCX
[16:51:03] [394/445] SHEV
[16:51:04] [395/445] APCO
[16:51:05] [396/445] SILC
[16:51:05] [397/445] SNMR
[16:51:06] [398/445] KYBO
[16:51:07] [399/445] SATK
[16:51:08] [400/445] SSCS
[16:51:08] [401/445] CLSB
[16:51:10] [402/445] KMJR
[16:51:11] [403/445] FSCK
[16:51:11] [404/445] NNKA
[16:51:13] [405/445] CLMK
[16:51:13] [406/445] DMPZ
[16:51:14] [407/445] INQM
[16:51:15] [408/445] CAML
[16:51:16] [409/445] INRK
[16:51:16] [410/445] IMKN
[16:51:17] [411/445] SVNR
[16:51:18] [412/445] INSL
[16:51:19] [413/445] MSMA
[16:51:20] [414/445] MCKK
[16:51:21] [415/445] FCHP
[16:51:22] [416/445] SFCR
[16:51:22] [417/445] NACK
[16:51:23] [418/445] PVAK
[16:51:24] [419/445] INER
[16:51:25] [420/445] RDBK
[16:51:26] [421/445] SVFN
[16:51:26] [422/445] IFRM
[16:51:27] [423/445] ATCK
[16:51:28] [424/445] ASKO
[16:51:29] [425/445] STKT
[16:51:30] [426/445] SVFB
[16:51:31] [427/445] INKS
[16:51:32] [428/445] PCRA
[16:51:32] [429/445] ATJA
[16:51:33] [430/445] IMJN
[16:51:34] [431/445] INHD
[16:51:35] [432/445] BARA
[16:51:36] [433/445] MCSL
[16:51:37] [434/445] RTOY
[16:51:37] [435/445] MENO
[16:51:38] [436/445] PUDM
[16:51:39] [437/445] PRCN
[16:51:40] [438/445] JMJR
[16:51:41] [439/445] SSGK
[16:51:41] [440/445] SSRL
[16:51:42] [441/445] JYKL
[16:51:43] [442/445] ACNB
[16:51:44] [443/445] SONP
[16:51:44] [444/445] EMCI
[16:51:45] [445/445] MRJH
[16:51:46] 🧹 Deduping shows
[16:51:46] ✅ DONE | Shows=78 | Movies=6
[04:42:29] 🚀 SCRIPT STARTED
[04:42:29] [1/445] TGMR
[04:42:29] 🧠 New identity created
[04:42:30] [2/445] CXKR
[04:42:31] [3/445] SROP
[04:42:32] [4/445] GTSV
[04:42:32] [5/445] SNTY
[04:42:33] [6/445] SMYY
[04:42:34] [7/445] CNCS
[04:42:34] [8/445] CSTM
[04:42:35] [9/445] NUCD
[04:42:36] [10/445] SHCZ
[04:42:37] [11/445] NJCT
[04:42:37] [12/445] COPC
[04:42:38] [13/445] STVV
[04:42:39] [14/445] SKRN
[04:42:40] [15/445] APPZ
[04:42:41] [16/445] YMGN
[04:42:42] [17/445] SVTU
[04:42:42] [18/445] GTAD
[04:42:43] [19/445] PSUS
[04:42:44] [20/445] SMCD
[04:42:45] [21/445] CMCM
[04:42:46] [22/445] SYCT
[04:42:47] [23/445] STLY
[04:42:47] [24/445] CMHU
[04:42:48] [25/445] CMSA
[04:42:49] [26/445] CLCU
[04:42:49] [27/445] PPNT
[04:42:50] [28/445] JTAB
[04:42:51] [29/445] BUUC
[04:42:52] [30/445] BSVK
[04:42:53] [31/445] VVVQ
[04:42:53] [32/445] TKMU
[04:42:54] [33/445] ESYL
[04:42:55] [34/445] ACHP
[04:42:56] [35/445] BTKD
[04:42:57] [36/445] DESA
[04:42:58] [37/445] GBCT
[04:42:59] [38/445] BLLD
[04:42:59] [39/445] SKNT
[04:43:00] [40/445] SSTE
[04:43:01] [41/445] VJMR
[04:43:02] [42/445] NTPU
[04:43:02] [43/445] RDKN
[04:43:03] [44/445] ADGC
[04:43:04] [45/445] VRBP
[04:43:05] [46/445] NMNA
[04:43:06] [47/445] CMMX
[04:43:06] [48/445] PTKO
[04:43:07] [49/445] RBML
[04:43:08] [50/445] SAIC
[04:43:09] [51/445] SVTJ
[04:43:10] [52/445] MRTE
[04:43:11] [53/445] RBTP
[04:43:11] [54/445] NLPS
[04:43:12] [55/445] GTNA
[04:43:13] [56/445] DGGC
[04:43:14] [57/445] SMCR
[04:43:14] [58/445] SCGD
[04:43:15] [59/445] SRRJ
[04:43:16] [60/445] CNRY
[04:43:16] [61/445] KTDI
[04:43:17] [62/445] SNJL
[04:43:18] [63/445] RKMD
[04:43:19] [64/445] SMDC
[04:43:20] [65/445] TADG
[04:43:21] [66/445] MCGS
[04:43:21] [67/445] PETK
[04:43:22] [68/445] CHAG
[04:43:24] [69/445] KSTL
[04:43:24] [70/445] AADS
[04:43:25] [71/445] NTHZ
[04:43:26] [72/445] HCKI
[04:43:27] [73/445] SSEF
[04:43:27] [74/445] MCGX
[04:43:28] [75/445] ERRA
[04:43:29] [76/445] SDTW
[04:43:29] [77/445] RMPK
[04:43:30] [78/445] PTHK
[04:43:31] [79/445] PXCS
[04:43:31] [80/445] SVLU
[04:43:32] [81/445] STAH
[04:43:33] [82/445] JRGF
[04:43:33] [83/445] CDOK
[04:43:34] [84/445] CMSG
[04:43:35] [85/445] APTD
[04:43:36] [86/445] KMPG
[04:43:37] [87/445] MUTJ
[04:43:37] [88/445] VCCI
[04:43:38] [89/445] URBE
[04:43:39] [90/445] TCTS
[04:43:39] [91/445] STSN
[04:43:40] [92/445] AKCH
[04:43:41] [93/445] APSC
[04:43:42] [94/445] VLTB
[04:43:43] [95/445] SANU
[04:43:43] [96/445] AXAM
[04:43:44] [97/445] MGMG
[04:43:45] [98/445] HTBY
[04:43:45] [99/445] MMZS
[04:43:46] [100/445] SUDR
[04:43:47] [101/445] CCAD
[04:43:48] [102/445] SKKC
[04:43:49] [103/445] RMCD
[04:43:50] [104/445] SBCQ
[04:43:51] [105/445] DCCT
[04:43:52] [106/445] VTKP
[04:43:53] [107/445] MLAM
[04:43:53] [108/445] SAVT
[04:43:54] [109/445] GEPL
[04:43:55] [110/445] AMCD
[04:43:55] [111/445] CCXR
[04:43:56] [112/445] GRNG
[04:43:57] [113/445] EBCA
[04:43:58] [114/445] CNVG
[04:43:58] [115/445] MWSS
[04:43:59] [116/445] VBOR
[04:44:00] [117/445] NEEB
[04:44:01] [118/445] SUTH
[04:44:01] [119/445] ANDB
[04:44:02] [120/445] MMXS
[04:44:03] [121/445] CNPD
[04:44:03] [122/445] SDCE
[04:44:04] [123/445] DHCB
[04:44:05] [124/445] ODEN
[04:44:05] [125/445] TNTC
[04:44:06] [126/445] VBKM
[04:44:07] [127/445] RZYM
[04:44:09] [128/445] JEMC
[04:44:10] [129/445] CMAU
[04:44:10] [130/445] SIVP
[04:44:11] [131/445] ATAG
[04:44:12] [132/445] CHTM
[04:44:12] [133/445] AAEE
[04:44:13] [134/445] IWPM
[04:44:13] [135/445] KCMW
[04:44:14] [136/445] MCTD
[04:44:15] [137/445] SPWR
[04:44:15] [138/445] SDPO
[04:44:16] [139/445] PCSK
[04:44:17] [140/445] ACHV
[04:44:17] [141/445] SVLA
[04:44:18] [142/445] PICT
[04:44:19] [143/445] BXDR
[04:44:19] [144/445] SPWA
[04:44:20] [145/445] MCKO
[04:44:21] [146/445] RTHK
[04:44:21] [147/445] CCMF
[04:44:22] [148/445] MRGB
[04:44:23] [149/445] CPLC
[04:44:23] [150/445] RACD
[04:44:23] [151/445] ATKT
[04:44:24] [152/445] SARN
[04:44:25] [153/445] KKUI
[04:44:26] [154/445] RGCM
[04:44:28] [155/445] BRVP
[04:44:28] [156/445] HRSR
[04:44:29] [157/445] GKGM
[04:44:30] [158/445] TTCD
[04:44:31] [159/445] PTTI
[04:44:32] [160/445] MPTT
[04:44:32] [161/445] CVTT
[04:44:33] [162/445] PCXD
[04:44:34] [163/445] GCDC
[04:44:34] [164/445] CCCF
[04:44:35] [165/445] MRAD
[04:44:36] [166/445] CPLK
[04:44:37] [167/445] SATB
[04:44:38] [168/445] SNVG
[04:44:38] [169/445] JMBA
[04:44:39] [170/445] TEJA
[04:44:40] [171/445] STYO
[04:44:41] [172/445] JTBP
[04:44:42] [173/445] KRGD
[04:44:42] [174/445] SLJJ
[04:44:43] [175/445] SPTJ
[04:44:44] [176/445] SWJG
[04:44:44] [177/445] LKRT
[04:44:45] [178/445] KCKA
[04:44:47] [179/445] SNCR
[04:44:47] [180/445] SMKL
[04:44:48] [181/445] GCFA
[04:44:49] [182/445] DDCK
[04:44:50] [183/445] NCHJ
[04:44:50] [184/445] RDMA
[04:44:51] [185/445] SVSV
[04:44:52] [186/445] SCJG
[04:44:53] [187/445] VKLP
[04:44:54] [188/445] NWCC
[04:44:54] [189/445] VKNS
[04:44:55] [190/445] SDDP
[04:44:56] [191/445] ACSI
[04:44:56] [192/445] SATG
[04:44:57] [193/445] SCMW
[04:44:57] [194/445] LKTK
[04:44:58] [195/445] VCKV
[04:44:59] [196/445] KKPE
[04:45:00] [197/445] KIGH
[04:45:00] [198/445] SRPM
[04:45:01] [199/445] SCAH
[04:45:02] [200/445] MUTA
[04:45:03] [201/445] SEPU
[04:45:04] [202/445] INOA
[04:45:04] [203/445] BASK
[04:45:05] [204/445] NECB
[04:45:05] [205/445] GTTG
[04:45:06] [206/445] ASSA
[04:45:06] [207/445] ANCL
[04:45:07] [208/445] GCTI
[04:45:08] [209/445] RCTS
[04:45:09] [210/445] ACNL
[04:45:09] [211/445] MYCT
[04:45:10] [212/445] NMHT
[04:45:11] [213/445] MDIT
[04:45:12] [214/445] LATG
[04:45:12] [215/445] SMTY
[04:45:13] [216/445] CVCT
[04:45:13] [217/445] RAMB
[04:45:14] [218/445] TGMS
[04:45:15] [219/445] BHEL
[04:45:16] [220/445] SHCT
[04:45:16] [221/445] SVCT
[04:45:17] [222/445] MRIY
[04:45:19] [223/445] SARO
[04:45:19] [224/445] STCT
[04:45:20] [225/445] JKKC
[04:45:21] [226/445] PLTT
[04:45:21] [227/445] SRNT
[04:45:22] [228/445] YAST
[04:45:23] [229/445] PERL
[04:45:24] [230/445] CICM
[04:45:24] [231/445] MMTR
[04:45:25] [232/445] ABTK
[04:45:26] [233/445] ATYY
[04:45:27] [234/445] ASTK
[04:45:28] [235/445] VVCK
[04:45:29] [236/445] ATKY
[04:45:30] [237/445] GWEK
[04:45:31] [238/445] SVFH
[04:45:32] [239/445] SLTA
[04:45:33] [240/445] AASH
[04:45:34] [241/445] ACXB
[04:45:35] [242/445] SMTX
[04:45:36] [243/445] AZDH
[04:45:37] [244/445] CMMH
[04:45:37] [245/445] SCSZ
[04:45:38] [246/445] SCKP
[04:45:38] [247/445] NXTM
[04:45:39] [248/445] NWCS
[04:45:41] [249/445] CXMH
[04:45:42] [250/445] PCMA
[04:45:43] [251/445] SGCM
[04:45:44] [252/445] SDTU
[04:45:44] [253/445] MMVI
[04:45:45] [254/445] JKCM
[04:45:46] [255/445] VCMM
[04:45:47] [256/445] SYEE
[04:45:48] [257/445] VASD
[04:45:49] [258/445] BDRB
[04:45:49] [259/445] LASM
[04:45:50] [260/445] DCRL
[04:45:51] [261/445] DVPM
[04:45:51] [262/445] SBMJ
[04:45:52] [263/445] CBMU
[04:45:53] [264/445] IUBS
[04:45:53] [265/445] INAP
[04:45:54] [266/445] SRRC
[04:45:55] [267/445] SAGR
[04:45:56] [268/445] CPMJ
[04:45:56] [269/445] ATJL
[04:45:57] [270/445] NNTD
[04:45:57] [271/445] JHCJ
[04:45:59] [272/445] CMMP
[04:45:59] [273/445] RSDR
[04:46:00] [274/445] AMTI
[04:46:01] [275/445] NYSG
[04:46:02] [276/445] AVSG
[04:46:02] [277/445] SYTP
[04:46:03] [278/445] LARC
[04:46:04] [279/445] RJTP
[04:46:05] [280/445] LAKC
[04:46:05] [281/445] MCXE
[04:46:06] [282/445] CCZC
[04:46:07] [283/445] AVCH
[04:46:08] [284/445] CMBE
[04:46:08] [285/445] MRRC
[04:46:09] [286/445] PCPY
[04:46:09] [287/445] SRMH
[04:46:10] [288/445] SVGS
[04:46:11] [289/445] PCSE
[04:46:11] [290/445] SVFT
[04:46:12] [291/445] TNZP
[04:46:13] [292/445] ICTP
[04:46:14] [293/445] ACTZ
[04:46:14] [294/445] GTUR
[04:46:15] [295/445] MAFC
[04:46:16] [296/445] MINL
[04:46:16] [297/445] MRCL
[04:46:17] [298/445] RCRP
[04:46:18] [299/445] RFFG
[04:46:19] [300/445] RMAS
[04:46:19] [301/445] INVR
[04:46:20] [302/445] RMAR
[04:46:21] [303/445] CNIS
[04:46:21] [304/445] RHRJ
[04:46:22] [305/445] INXR
[04:46:23] [306/445] VALT
[04:46:23] [307/445] LCSH
[04:46:24] [308/445] CMVS
[04:46:24] [309/445] CNMS
[04:46:25] [310/445] ROOG
[04:46:26] [311/445] ISRM
[04:46:26] [312/445] RCRM
[04:46:27] [313/445] ACJA
[04:46:28] [314/445] RCVS
[04:46:28] [315/445] CPUS
[04:46:29] [316/445] TGCS
[04:46:31] [317/445] RKCJ
[04:46:32] [318/445] MKSB
[04:46:32] [319/445] TCSJ
[04:46:33] [320/445] RMGP
[04:46:34] [321/445] CLLP
[04:46:35] [322/445] RCMV
[04:46:35] [323/445] CCKS
[04:46:36] [324/445] RSRP
[04:46:37] [325/445] APLP
[04:46:38] [326/445] CNVS
[04:46:39] [327/445] RMVY
[04:46:39] [328/445] PGBD
[04:46:40] [329/445] KLMS
[04:46:40] [330/445] RUST
[04:46:41] [331/445] MASM
[04:46:42] [332/445] BACS
[04:46:42] [333/445] BWST
[04:46:43] [334/445] RRFH
[04:46:43] [335/445] SJTM
[04:46:44] [336/445] BEMR
[04:46:45] [337/445] MCGR
[04:46:46] [338/445] SDSK
[04:46:46] [339/445] VBOL
[04:46:47] [340/445] RMGM
[04:46:48] [341/445] NOPL
[04:46:49] [342/445] MKJK
[04:46:49] [343/445] CVRN
[04:46:50] [344/445] MMEN
[04:46:51] [345/445] AMNG
[04:46:52] [346/445] INTM
[04:46:52] [347/445] SLCZ
[04:46:53] [348/445] AMJN
[04:46:54] [349/445] ACJN
[04:46:55] [350/445] AMKN
[04:46:55] [351/445] BTCN
[04:46:56] [352/445] AMBT
[04:46:57] [353/445] PACN
[04:46:58] [354/445] LCNS
[04:46:58] [355/445] PPKC
[04:46:59] [356/445] JYYN
[04:47:00] [357/445] JTNR
[04:47:01] [358/445] GTEE
[04:47:02] [359/445] SRNM
[04:47:02] [360/445] SDTC
[04:47:03] [361/445] VPCA
[04:47:04] [362/445] VLRA
[04:47:05] [363/445] SHKR
[04:47:05] [364/445] SBKD
[04:47:06] [365/445] SAAD
[04:47:07] [366/445] JTGN
[04:47:07] [367/445] SLAM
[04:47:08] [368/445] VTPM
[04:47:08] [369/445] ANPT
[04:47:09] [370/445] PUNB
[04:47:10] [371/445] CPKT
[04:47:10] [372/445] CNWE
[04:47:11] [373/445] ECPP
[04:47:12] [374/445] CPAR
[04:47:12] [375/445] ESBW
[04:47:13] [376/445] PKPU
[04:47:14] [377/445] CPRP
[04:47:14] [378/445] RAHU
[04:47:15] [379/445] RHMN
[04:47:16] [380/445] FMJP
[04:47:17] [381/445] CTMP
[04:47:17] [382/445] INPN
[04:47:18] [383/445] STTG
[04:47:19] [384/445] CTRD
[04:47:20] [385/445] PUVB
[04:47:20] [386/445] ESVP
[04:47:21] [387/445] CPFT
[04:47:22] [388/445] LCPC
[04:47:22] [389/445] VBCT
[04:47:23] [390/445] FSCW
[04:47:24] [391/445] VCMP
[04:47:24] [392/445] ASHC
[04:47:25] [393/445] VLCX
[04:47:26] [394/445] SHEV
[04:47:26] [395/445] APCO
[04:47:26] [396/445] SILC
[04:47:27] [397/445] SNMR
[04:47:28] [398/445] KYBO
[04:47:29] [399/445] SATK
[04:47:30] [400/445] SSCS
[04:47:30] [401/445] CLSB
[04:47:31] [402/445] KMJR
[04:47:32] [403/445] FSCK
[04:47:33] [404/445] NNKA
[04:47:33] [405/445] CLMK
[04:47:34] [406/445] DMPZ
[04:47:35] [407/445] INQM
[04:47:35] [408/445] CAML
[04:47:36] [409/445] INRK
[04:47:38] [410/445] IMKN
[04:47:39] [411/445] SVNR
[04:47:39] [412/445] INSL
[04:47:40] [413/445] MSMA
[04:47:41] [414/445] MCKK
[04:47:41] [415/445] FCHP
[04:47:42] [416/445] SFCR
[04:47:43] [417/445] NACK
[04:47:45] [418/445] PVAK
[04:47:45] [419/445] INER
[04:47:46] [420/445] RDBK
[04:47:47] [421/445] SVFN
[04:47:48] [422/445] IFRM
[04:47:49] [423/445] ATCK
[04:47:49] [424/445] ASKO
[04:47:50] [425/445] STKT
[04:47:51] [426/445] SVFB
[04:47:51] [427/445] INKS
[04:47:52] [428/445] PCRA
[04:47:52] [429/445] ATJA
[04:47:53] [430/445] IMJN
[04:47:53] [431/445] INHD
[04:47:54] [432/445] BARA
[04:47:54] [433/445] MCSL
[04:47:55] [434/445] RTOY
[04:47:56] [435/445] MENO
[04:47:57] [436/445] PUDM
[04:47:58] [437/445] PRCN
[04:47:58] [438/445] JMJR
[04:47:59] [439/445] SSGK
[04:48:00] [440/445] SSRL
[04:48:00] [441/445] JYKL
[04:48:01] [442/445] ACNB
[04:48:02] [443/445] SONP
[04:48:03] [444/445] EMCI
[04:48:04] [445/445] MRJH
[04:48:04] 🧹 Deduping shows
[04:48:04] ✅ DONE | Shows=97 | Movies=8
