[10:14:11] 🚀 SCRIPT STARTED
[10:14:11] [1/459] NECA
[10:14:11] 🧠 New identity created
[10:14:12] [2/459] BJLC
[10:14:13] [3/459] BASU
[10:14:14] [4/459] RUPI
[10:14:16] [5/459] LCBK
[10:14:17] [6/459] PMAC
[10:14:17] [7/459] AMLC
[10:14:18] [8/459] LICL
[10:14:19] [9/459] UDMM
[10:14:20] [10/459] STBZ
[10:14:22] [11/459] UUBT
[10:14:23] [12/459] SJKC
[10:14:23] [13/459] TUAL
[10:14:24] [14/459] MRSE
[10:14:25] [15/459] RMRK
[10:14:27] [16/459] TTKP
[10:14:28] [17/459] KTKO
[10:14:30] [18/459] SDBK
[10:14:31] [19/459] MCPR
[10:14:31] [20/459] CHTI
[10:14:32] [21/459] GCCP
[10:14:33] [22/459] SRMY
[10:14:34] [23/459] NYST
[10:14:35] [24/459] NYAG
[10:14:36] [25/459] SBMT
[10:14:37] [26/459] INGA
[10:14:38] [27/459] WSIC
[10:14:38] [28/459] SCSS
[10:14:39] [29/459] COPG
[10:14:40] [30/459] RCGR
[10:14:41] [31/459] TCZA
[10:14:42] [32/459] CNLP
[10:14:42] [33/459] CLKN
[10:14:43] [34/459] LHDF
[10:14:44] [35/459] ELKC
[10:14:45] [36/459] VCEM
[10:14:45] [37/459] SSZA
[10:14:46] [38/459] KRMT
[10:14:47] [39/459] LCMV
[10:14:48] [40/459] AYCZ
[10:14:49] [41/459] CUMS
[10:14:50] [42/459] BOCK
[10:14:51] [43/459] PNMR
[10:14:52] [44/459] PJCP
[10:14:53] [45/459] JDDD
[10:14:54] [46/459] STMS
[10:14:55] [47/459] FLMB
[10:14:56] [48/459] PKCM
[10:14:56] [49/459] SPPR
[10:14:57] [50/459] EYLH
[10:14:58] [51/459] RJCC
[10:14:59] [52/459] MMPS
[10:15:00] [53/459] SHMX
[10:15:00] [54/459] CCNL
[10:15:01] [55/459] RCNV
[10:15:02] [56/459] MAAG
[10:15:03] [57/459] LXCM
[10:15:04] [58/459] RCNI
[10:15:05] [59/459] SNNI
[10:15:06] [60/459] LALC
[10:15:07] [61/459] SOCN
[10:15:08] [62/459] JHTP
[10:15:08] [63/459] PITP
[10:15:09] [64/459] CCKW
[10:15:10] [65/459] MCMC
[10:15:11] [66/459] DEES
[10:15:12] [67/459] SABT
[10:15:13] [68/459] VSPP
[10:15:13] [69/459] ABCT
[10:15:14] [70/459] JVTB
[10:15:15] [71/459] VCBD
[10:15:16] [72/459] RMGG
[10:15:17] [73/459] RNMH
[10:15:18] [74/459] SPGL
[10:15:19] [75/459] JTTR
[10:15:20] [76/459] SICS
[10:15:21] [77/459] SRMI
[10:15:21] [78/459] SSIJ
[10:15:23] [79/459] KFMT
[10:15:24] [80/459] VBIT
[10:15:25] [81/459] JKCT
[10:15:26] [82/459] GCGP
[10:15:27] [83/459] GDCS
[10:15:28] [84/459] TRBA
[10:15:28] [85/459] QUST
[10:15:29] [86/459] VSHM
[10:15:30] [87/459] SDCP
[10:15:31] [88/459] SNVS
[10:15:32] [89/459] NYTO
[10:15:33] [90/459] URWC
[10:15:34] [91/459] GTWH
[10:15:34] [92/459] PFCM
[10:15:35] [93/459] KRTA
[10:15:36] [94/459] AXMC
[10:15:38] [95/459] EVMC
[10:15:39] [96/459] HGSM
[10:15:40] [97/459] ACVM
[10:15:40] [98/459] PSKL
[10:15:41] [99/459] RDMP
[10:15:42] [100/459] RHGH
[10:15:43] [101/459] OMCM
[10:15:44] [102/459] DCCP
[10:15:45] [103/459] MCPB
[10:15:46] [104/459] ALCI
[10:15:47] [105/459] BLMX
[10:15:48] [106/459] BTMV
[10:15:49] [107/459] FVPN
[10:15:50] [108/459] CMAR
[10:15:51] [109/459] CEIM
[10:15:52] [110/459] CMVA
[10:15:54] [111/459] CPIV
[10:15:54] [112/459] CNPE
[10:15:55] [113/459] COLV
[10:15:56] [114/459] DNNV
[10:15:57] [115/459] HCAD
[10:15:58] [116/459] TAKA
[10:15:59] [117/459] INVD
[10:15:59] [118/459] IRMM
[10:16:00] [119/459] INSE
[10:16:01] [120/459] MRSW
[10:16:02] [121/459] MCVD
[10:16:03] [122/459] MCSO
[10:16:04] [123/459] PEVM
[10:16:05] [124/459] PVNL
[10:16:06] [125/459] PTCV
[10:16:07] [126/459] PRTC
[10:16:08] [127/459] RCVA
[10:16:09] [128/459] MTBN
[10:16:10] [129/459] LUCP
[10:16:11] [130/459] FMPT
[10:16:11] [131/459] JLSL
[10:16:12] [132/459] SBHA
[10:16:14] [133/459] SHRC
[10:16:15] [134/459] AVPS
[10:16:16] [135/459] STPM
[10:16:16] [136/459] ATRD
[10:16:17] [137/459] VTED
[10:16:18] [138/459] ACAI
[10:16:19] [139/459] SMAE
[10:16:20] [140/459] VMAT
[10:16:20] [141/459] LKCT
[10:16:21] [142/459] JTVK
[10:16:23] [143/459] PRTY
[10:16:24] [144/459] GETT
[10:16:25] [145/459] ESAP
[10:16:26] [146/459] NCPM
[10:16:27] [147/459] PCPA
[10:16:27] [148/459] MMOM
[10:16:28] [149/459] PHUP
[10:16:29] [150/459] CCPI
[10:16:30] [151/459] CNTD
[10:16:31] [152/459] NLJR
[10:16:32] [153/459] SRNG
[10:16:32] [154/459] MHAL
[10:16:33] [155/459] PNSM
[10:16:34] [156/459] DRMY
[10:16:35] [157/459] CCMU
[10:16:36] [158/459] SCMY
[10:16:37] [159/459] PVSY
[10:16:37] [160/459] SDLM
[10:16:38] [161/459] ICCM
[10:16:39] [162/459] PYSU
[10:16:40] [163/459] GATM
[10:16:41] [164/459] WOTM
[10:16:42] [165/459] RKTS
[10:16:42] [166/459] PMTY
[10:16:43] [167/459] LYMS
[10:16:44] [168/459] TGCA
[10:16:45] [169/459] DSTA
[10:16:46] [170/459] CNGE
[10:16:47] [171/459] VSTG
[10:16:47] [172/459] GTCK
[10:16:48] [173/459] TGNT
[10:16:49] [174/459] ASLC
[10:16:50] [175/459] SSST
[10:16:51] [176/459] KBTT
[10:16:52] [177/459] HKCP
[10:16:53] [178/459] SWLC
[10:16:54] [179/459] RTND
[10:16:56] [180/459] PKKT
[10:16:57] [181/459] HSTK
[10:16:57] [182/459] SPTT
[10:16:58] [183/459] IMPM
[10:16:59] [184/459] SCMV
[10:17:00] [185/459] SPCT
[10:17:00] [186/459] JBCA
[10:17:01] [187/459] ATTR
[10:17:03] [188/459] SPMT
[10:17:04] [189/459] LCTM
[10:17:05] [190/459] SCVL
[10:17:06] [191/459] SCVT
[10:17:07] [192/459] KRIC
[10:17:08] [193/459] CTMG
[10:17:09] [194/459] ACNC
[10:17:11] [195/459] DMCK
[10:17:12] [196/459] KMTV
[10:17:13] [197/459] PFCJ
[10:17:14] [198/459] VNMD
[10:17:14] [199/459] VPCZ
[10:17:15] [200/459] SRYR
[10:17:16] [201/459] SYTR
[10:17:17] [202/459] GATR
[10:17:18] [203/459] URTR
[10:17:18] [204/459] MKSM
[10:17:19] [205/459] VSMH
[10:17:20] [206/459] SKRJ
[10:17:21] [207/459] SSJR
[10:17:21] [208/459] SVSM
[10:17:22] [209/459] RUCM
[10:17:23] [210/459] PRKN
[10:17:25] [211/459] RROH
[10:17:25] [212/459] SCTN
[10:17:26] [213/459] RTDM
[10:17:27] [214/459] ASRM
[10:17:28] [215/459] SKMD
[10:17:29] [216/459] SUTD
[10:17:30] [217/459] SADM
[10:17:31] [218/459] WCNR
[10:17:33] [219/459] CNED
[10:17:34] [220/459] MPDB
[10:17:35] [221/459] KTBH
[10:17:35] [222/459] IDRM
[10:17:36] [223/459] PJJT
[10:17:37] [224/459] PFCV
[10:17:38] [225/459] AACT
[10:17:39] [226/459] AAAD
[10:17:39] [227/459] ANES
[10:17:40] [228/459] MNCA
[10:17:41] [229/459] RMGU
[10:17:42] [230/459] DLCN
[10:17:43] [231/459] LJWT
[10:17:44] [232/459] MCBG
[10:17:45] [233/459] MYBG
[10:17:46] [234/459] GCCA
[10:17:47] [235/459] GCGA
[10:17:48] [236/459] ECGN
[10:17:48] [237/459] PRAB
[10:17:49] [238/459] PNMP
[10:17:50] [239/459] GCPT
[10:17:51] [240/459] ROYN
[10:17:52] [241/459] VATM
[10:17:53] [242/459] KSNT
[10:17:54] [243/459] ACTC
[10:17:55] [244/459] PLTD
[10:17:56] [245/459] SKMK
[10:17:56] [246/459] CMTT
[10:17:57] [247/459] SMXP
[10:17:58] [248/459] SCMX
[10:18:00] [249/459] ACXN
[10:18:00] [250/459] ASWT
[10:18:01] [251/459] VVVL
[10:18:02] [252/459] NAGO
[10:18:03] [253/459] SNCN
[10:18:04] [254/459] MCKP
[10:18:05] [255/459] SAMO
[10:18:05] [256/459] JBTV
[10:18:06] [257/459] DCVV
[10:18:07] [258/459] KMSV
[10:18:08] [259/459] KDCN
[10:18:09] [260/459] CNCP
[10:18:09] [261/459] HAMC
[10:18:10] [262/459] CCVZ
[10:18:11] [263/459] NCCK
[10:18:12] [264/459] MCHR
[10:18:13] [265/459] SCHT
[10:18:13] [266/459] ESSH
[10:18:14] [267/459] CUJC
[10:18:15] [268/459] PECP
[10:18:16] [269/459] PMMI
[10:18:18] [270/459] PCCH
[10:18:18] [271/459] PRPM
[10:18:19] [272/459] PVKL
[10:18:20] [273/459] CBSM
[10:18:21] [274/459] PVCZ
[10:18:22] [275/459] PCVV
[10:18:23] [276/459] CTMJ
[10:18:23] [277/459] RCPS
[10:18:24] [278/459] PCIT
[10:18:25] [279/459] FNCH
[10:18:26] [280/459] INZD
[10:18:27] [281/459] INPC
[10:18:28] [282/459] LCZP
[10:18:28] [283/459] SMCB
[10:18:29] [284/459] PTSB
[10:18:31] [285/459] TPSI
[10:18:32] [286/459] KHMJ
[10:18:33] [287/459] RCCJ
[10:18:34] [288/459] NCJA
[10:18:35] [289/459] NCJN
[10:18:36] [290/459] BTDP
[10:18:37] [291/459] PADY
[10:18:38] [292/459] NYBH
[10:18:39] [293/459] MTBR
[10:18:40] [294/459] KRBC
[10:18:41] [295/459] DKTI
[10:18:41] [296/459] ANAN
[10:18:43] [297/459] INBP
[10:18:44] [298/459] PATB
[10:18:45] [299/459] RGNT
[10:18:46] [300/459] CGPM
[10:18:47] [301/459] INTN
[10:18:48] [302/459] MCMP
[10:18:48] [303/459] ASRG
[10:18:49] [304/459] CXJD
[10:18:50] [305/459] SPCP
[10:18:51] [306/459] CSTP
[10:18:52] [307/459] PKVC
[10:18:53] [308/459] ESCP
[10:18:54] [309/459] CAEP
[10:18:55] [310/459] CCSP
[10:18:56] [311/459] KTPC
[10:18:57] [312/459] DACA
[10:18:58] [313/459] NVKY
[10:18:59] [314/459] PTIN
[10:19:00] [315/459] SCIN
[10:19:01] [316/459] MCTY
[10:19:02] [317/459] PCMX
[10:19:03] [318/459] INIC
[10:19:03] [319/459] MMZM
[10:19:04] [320/459] SSLP
[10:19:05] [321/459] DTDT
[10:19:06] [322/459] FFCX
[10:19:07] [323/459] RCMM
[10:19:07] [324/459] KYID
[10:19:08] [325/459] CSCI
[10:19:09] [326/459] FCMC
[10:19:10] [327/459] MMXI
[10:19:11] [328/459] ASTC
[10:19:12] [329/459] CMRA
[10:19:12] [330/459] DICI
[10:19:13] [331/459] KDIN
[10:19:14] [332/459] PRFI
[10:19:15] [333/459] SVFC
[10:19:16] [334/459] UCPL
[10:19:17] [335/459] COOC
[10:19:18] [336/459] SCAL
[10:19:19] [337/459] SVFF
[10:19:20] [338/459] VCMG
[10:19:21] [339/459] UUCT
[10:19:22] [340/459] GCSE
[10:19:23] [341/459] SUSC
[10:19:23] [342/459] MISC
[10:19:24] [343/459] RMBL
[10:19:25] [344/459] CMXN
[10:19:26] [345/459] PVBK
[10:19:26] [346/459] HHCG
[10:19:27] [347/459] SCAG
[10:19:28] [348/459] CNPR
[10:19:30] [349/459] CSER
[10:19:31] [350/459] HLWD
[10:19:32] [351/459] BOLY
[10:19:33] [352/459] SSPG
[10:19:34] [353/459] MUPX
[10:19:35] [354/459] HAMR
[10:19:36] [355/459] SDNC
[10:19:37] [356/459] RTEN
[10:19:38] [357/459] SDTD
[10:19:38] [358/459] KAWS
[10:19:39] [359/459] CMZX
[10:19:41] [360/459] DCDD
[10:19:41] [361/459] ALSN
[10:19:42] [362/459] IMXS
[10:19:43] [363/459] PVFF
[10:19:44] [364/459] PVOO
[10:19:45] [365/459] CFBS
[10:19:46] [366/459] PVER
[10:19:47] [367/459] PPNX
[10:19:48] [368/459] CNRM
[10:19:49] [369/459] PVWW
[10:19:50] [370/459] INMB
[10:19:51] [371/459] CPJR
[10:19:52] [372/459] INRZ
[10:19:53] [373/459] PMSR
[10:19:54] [374/459] GPGM
[10:19:55] [375/459] PGWB
[10:19:56] [376/459] PMBR
[10:19:57] [377/459] GPAM
[10:19:58] [378/459] INBC
[10:19:59] [379/459] PZVK
[10:19:59] [380/459] CPEB
[10:20:00] [381/459] FMLB
[10:20:01] [382/459] INBG
[10:20:02] [383/459] GPBR
[10:20:04] [384/459] PAAS
[10:20:04] [385/459] VTBR
[10:20:05] [386/459] GPMY
[10:20:06] [387/459] GYBU
[10:20:07] [388/459] INBJ
[10:20:08] [389/459] LKTH
[10:20:08] [390/459] NSBR
[10:20:10] [391/459] PDRD
[10:20:11] [392/459] VRBL
[10:20:12] [393/459] VTGB
[10:20:12] [394/459] VTSK
[10:20:13] [395/459] BKDV
[10:20:14] [396/459] SVTB
[10:20:15] [397/459] MLDT
[10:20:16] [398/459] NRBL
[10:20:17] [399/459] SLTR
[10:20:18] [400/459] VNKA
[10:20:18] [401/459] TDCA
[10:20:19] [402/459] INBM
[10:20:20] [403/459] SSNR
[10:20:21] [404/459] BHAC
[10:20:22] [405/459] SDSD
[10:20:23] [406/459] SAMP
[10:20:23] [407/459] RATK
[10:20:24] [408/459] KCBI
[10:20:25] [409/459] URBL
[10:20:26] [410/459] MKBG
[10:20:27] [411/459] ASTB
[10:20:28] [412/459] VBWT
[10:20:29] [413/459] GPSM
[10:20:29] [414/459] ROON
[10:20:30] [415/459] CHTH
[10:20:31] [416/459] SSPA
[10:20:32] [417/459] ANBL
[10:20:33] [418/459] VTBE
[10:20:33] [419/459] SVKT
[10:20:34] [420/459] SVYK
[10:20:35] [421/459] PTBK
[10:20:36] [422/459] RKTB
[10:20:37] [423/459] BALT
[10:20:38] [424/459] STSV
[10:20:39] [425/459] VCCB
[10:20:40] [426/459] SLTB
[10:20:41] [427/459] SBCR
[10:20:42] [428/459] VDCS
[10:20:43] [429/459] MDKI
[10:20:44] [430/459] SMRN
[10:20:45] [431/459] PTBC
[10:20:46] [432/459] RADI
[10:20:47] [433/459] ADCR
[10:20:48] [434/459] SDCS
[10:20:49] [435/459] SRPJ
[10:20:49] [436/459] ARTS
[10:20:50] [437/459] SRHK
[10:20:51] [438/459] SPAY
[10:20:52] [439/459] GPTB
[10:20:53] [440/459] SNNN
[10:20:54] [441/459] BALJ
[10:20:55] [442/459] TRIG
[10:20:56] [443/459] GTYT
[10:20:57] [444/459] ATGN
[10:20:58] [445/459] ANTE
[10:20:59] [446/459] BDCG
[10:21:00] [447/459] VECI
[10:21:00] [448/459] SCPR
[10:21:02] [449/459] RTEA
[10:21:03] [450/459] JSAI
[10:21:04] [451/459] VJTP
[10:21:05] [452/459] GNDS
[10:21:06] [453/459] PAXA
[10:21:07] [454/459] CGGM
[10:21:08] [455/459] ACKZ
[10:21:09] [456/459] EMCC
[10:21:10] [457/459] KLSK
[10:21:11] [458/459] AVCK
[10:21:12] [459/459] JTCK
[10:21:13] 🧹 Deduping shows
[10:21:13] ✅ DONE | Shows=39 | Movies=5
[16:45:03] 🚀 SCRIPT STARTED
[16:45:03] [1/459] NECA
[16:45:04] 🧠 New identity created
[16:45:04] [2/459] BJLC
[16:45:05] [3/459] BASU
[16:45:06] [4/459] RUPI
[16:45:07] [5/459] LCBK
[16:45:08] [6/459] PMAC
[16:45:09] [7/459] AMLC
[16:45:10] [8/459] LICL
[16:45:10] [9/459] UDMM
[16:45:12] [10/459] STBZ
[16:45:13] [11/459] UUBT
[16:45:14] [12/459] SJKC
[16:45:15] [13/459] TUAL
[16:45:16] [14/459] MRSE
[16:45:17] [15/459] RMRK
[16:45:17] [16/459] TTKP
[16:45:18] [17/459] KTKO
[16:45:20] [18/459] SDBK
[16:45:21] [19/459] MCPR
[16:45:22] [20/459] CHTI
[16:45:23] [21/459] GCCP
[16:45:24] [22/459] SRMY
[16:45:25] [23/459] NYST
[16:45:26] [24/459] NYAG
[16:45:27] [25/459] SBMT
[16:45:27] [26/459] INGA
[16:45:28] [27/459] WSIC
[16:45:29] [28/459] SCSS
[16:45:31] [29/459] COPG
[16:45:31] [30/459] RCGR
[16:45:32] [31/459] TCZA
[16:45:33] [32/459] CNLP
[16:45:34] [33/459] CLKN
[16:45:35] [34/459] LHDF
[16:45:36] [35/459] ELKC
[16:45:37] [36/459] VCEM
[16:45:38] [37/459] SSZA
[16:45:39] [38/459] KRMT
[16:45:40] [39/459] LCMV
[16:45:41] [40/459] AYCZ
[16:45:43] [41/459] CUMS
[16:45:44] [42/459] BOCK
[16:45:44] [43/459] PNMR
[16:45:45] [44/459] PJCP
[16:45:46] [45/459] JDDD
[16:45:47] [46/459] STMS
[16:45:48] [47/459] FLMB
[16:45:48] [48/459] PKCM
[16:45:49] [49/459] SPPR
[16:45:50] [50/459] EYLH
[16:45:51] [51/459] RJCC
[16:45:52] [52/459] MMPS
[16:45:53] [53/459] SHMX
[16:45:54] [54/459] CCNL
[16:45:55] [55/459] RCNV
[16:45:56] [56/459] MAAG
[16:45:57] [57/459] LXCM
[16:45:58] [58/459] RCNI
[16:45:58] [59/459] SNNI
[16:46:00] [60/459] LALC
[16:46:01] [61/459] SOCN
[16:46:02] [62/459] JHTP
[16:46:03] [63/459] PITP
[16:46:03] [64/459] CCKW
[16:46:04] [65/459] MCMC
[16:46:05] [66/459] DEES
[16:46:06] [67/459] SABT
[16:46:07] [68/459] VSPP
[16:46:08] [69/459] ABCT
[16:46:09] [70/459] JVTB
[16:46:09] [71/459] VCBD
[16:46:10] [72/459] RMGG
[16:46:11] [73/459] RNMH
[16:46:12] [74/459] SPGL
[16:46:13] [75/459] JTTR
[16:46:13] [76/459] SICS
[16:46:14] [77/459] SRMI
[16:46:16] [78/459] SSIJ
[16:46:17] [79/459] KFMT
[16:46:18] [80/459] VBIT
[16:46:19] [81/459] JKCT
[16:46:20] [82/459] GCGP
[16:46:21] [83/459] GDCS
[16:46:22] [84/459] TRBA
[16:46:23] [85/459] QUST
[16:46:24] [86/459] VSHM
[16:46:24] [87/459] SDCP
[16:46:25] [88/459] SNVS
[16:46:26] [89/459] NYTO
[16:46:27] [90/459] URWC
[16:46:28] [91/459] GTWH
[16:46:29] [92/459] PFCM
[16:46:30] [93/459] KRTA
[16:46:31] [94/459] AXMC
[16:46:31] [95/459] EVMC
[16:46:32] [96/459] HGSM
[16:46:34] [97/459] ACVM
[16:46:35] [98/459] PSKL
[16:46:35] [99/459] RDMP
[16:46:36] [100/459] RHGH
[16:46:37] [101/459] OMCM
[16:46:38] [102/459] DCCP
[16:46:39] [103/459] MCPB
[16:46:40] [104/459] ALCI
[16:46:41] [105/459] BLMX
[16:46:42] [106/459] BTMV
[16:46:42] [107/459] FVPN
[16:46:43] [108/459] CMAR
[16:46:44] [109/459] CEIM
[16:46:45] [110/459] CMVA
[16:46:46] [111/459] CPIV
[16:46:47] [112/459] CNPE
[16:46:48] [113/459] COLV
[16:46:49] [114/459] DNNV
[16:46:50] [115/459] HCAD
[16:46:50] [116/459] TAKA
[16:46:51] [117/459] INVD
[16:46:52] [118/459] IRMM
[16:46:53] [119/459] INSE
[16:46:54] [120/459] MRSW
[16:46:56] [121/459] MCVD
[16:46:57] [122/459] MCSO
[16:46:58] [123/459] PEVM
[16:46:58] [124/459] PVNL
[16:46:59] [125/459] PTCV
[16:47:00] [126/459] PRTC
[16:47:01] [127/459] RCVA
[16:47:02] [128/459] MTBN
[16:47:03] [129/459] LUCP
[16:47:03] [130/459] FMPT
[16:47:04] [131/459] JLSL
[16:47:05] [132/459] SBHA
[16:47:06] [133/459] SHRC
[16:47:07] [134/459] AVPS
[16:47:09] [135/459] STPM
[16:47:09] [136/459] ATRD
[16:47:10] [137/459] VTED
[16:47:11] [138/459] ACAI
[16:47:12] [139/459] SMAE
[16:47:13] [140/459] VMAT
[16:47:14] [141/459] LKCT
[16:47:15] [142/459] JTVK
[16:47:16] [143/459] PRTY
[16:47:16] [144/459] GETT
[16:47:17] [145/459] ESAP
[16:47:18] [146/459] NCPM
[16:47:19] [147/459] PCPA
[16:47:20] [148/459] MMOM
[16:47:21] [149/459] PHUP
[16:47:21] [150/459] CCPI
[16:47:22] [151/459] CNTD
[16:47:23] [152/459] NLJR
[16:47:24] [153/459] SRNG
[16:47:25] [154/459] MHAL
[16:47:25] [155/459] PNSM
[16:47:26] [156/459] DRMY
[16:47:27] [157/459] CCMU
[16:47:28] [158/459] SCMY
[16:47:29] [159/459] PVSY
[16:47:30] [160/459] SDLM
[16:47:31] [161/459] ICCM
[16:47:31] [162/459] PYSU
[16:47:32] [163/459] GATM
[16:47:33] [164/459] WOTM
[16:47:34] [165/459] RKTS
[16:47:35] [166/459] PMTY
[16:47:35] [167/459] LYMS
[16:47:36] [168/459] TGCA
[16:47:37] [169/459] DSTA
[16:47:38] [170/459] CNGE
[16:47:40] [171/459] VSTG
[16:47:40] [172/459] GTCK
[16:47:41] [173/459] TGNT
[16:47:42] [174/459] ASLC
[16:47:43] [175/459] SSST
[16:47:44] [176/459] KBTT
[16:47:45] [177/459] HKCP
[16:47:46] [178/459] SWLC
[16:47:47] [179/459] RTND
[16:47:48] [180/459] PKKT
[16:47:48] [181/459] HSTK
[16:47:49] [182/459] SPTT
[16:47:50] [183/459] IMPM
[16:47:51] [184/459] SCMV
[16:47:52] [185/459] SPCT
[16:47:53] [186/459] JBCA
[16:47:53] [187/459] ATTR
[16:47:54] [188/459] SPMT
[16:47:55] [189/459] LCTM
[16:47:56] [190/459] SCVL
[16:47:56] [191/459] SCVT
[16:47:57] [192/459] KRIC
[16:47:58] [193/459] CTMG
[16:47:59] [194/459] ACNC
[16:48:00] [195/459] DMCK
[16:48:00] [196/459] KMTV
[16:48:01] [197/459] PFCJ
[16:48:02] [198/459] VNMD
[16:48:03] [199/459] VPCZ
[16:48:04] [200/459] SRYR
[16:48:05] [201/459] SYTR
[16:48:06] [202/459] GATR
[16:48:06] [203/459] URTR
[16:48:08] [204/459] MKSM
[16:48:08] [205/459] VSMH
[16:48:09] [206/459] SKRJ
[16:48:10] [207/459] SSJR
[16:48:11] [208/459] SVSM
[16:48:12] [209/459] RUCM
[16:48:12] [210/459] PRKN
[16:48:13] [211/459] RROH
[16:48:14] [212/459] SCTN
[16:48:15] [213/459] RTDM
[16:48:16] [214/459] ASRM
[16:48:16] [215/459] SKMD
[16:48:17] [216/459] SUTD
[16:48:18] [217/459] SADM
[16:48:19] [218/459] WCNR
[16:48:20] [219/459] CNED
[16:48:21] [220/459] MPDB
[16:48:22] [221/459] KTBH
[16:48:23] [222/459] IDRM
[16:48:23] [223/459] PJJT
[16:48:24] [224/459] PFCV
[16:48:26] [225/459] AACT
[16:48:27] [226/459] AAAD
[16:48:28] [227/459] ANES
[16:48:29] [228/459] MNCA
[16:48:30] [229/459] RMGU
[16:48:31] [230/459] DLCN
[16:48:32] [231/459] LJWT
[16:48:33] [232/459] MCBG
[16:48:34] [233/459] MYBG
[16:48:35] [234/459] GCCA
[16:48:36] [235/459] GCGA
[16:48:37] [236/459] ECGN
[16:48:38] [237/459] PRAB
[16:48:38] [238/459] PNMP
[16:48:39] [239/459] GCPT
[16:48:40] [240/459] ROYN
[16:48:41] [241/459] VATM
[16:48:42] [242/459] KSNT
[16:48:43] [243/459] ACTC
[16:48:44] [244/459] PLTD
[16:48:45] [245/459] SKMK
[16:48:46] [246/459] CMTT
[16:48:46] [247/459] SMXP
[16:48:48] [248/459] SCMX
[16:48:49] [249/459] ACXN
[16:48:50] [250/459] ASWT
[16:48:50] [251/459] VVVL
[16:48:51] [252/459] NAGO
[16:48:52] [253/459] SNCN
[16:48:53] [254/459] MCKP
[16:48:54] [255/459] SAMO
[16:48:55] [256/459] JBTV
[16:48:55] [257/459] DCVV
[16:48:56] [258/459] KMSV
[16:48:57] [259/459] KDCN
[16:48:58] [260/459] CNCP
[16:48:59] [261/459] HAMC
[16:48:59] [262/459] CCVZ
[16:49:00] [263/459] NCCK
[16:49:01] [264/459] MCHR
[16:49:01] [265/459] SCHT
[16:49:02] [266/459] ESSH
[16:49:03] [267/459] CUJC
[16:49:04] [268/459] PECP
[16:49:05] [269/459] PMMI
[16:49:06] [270/459] PCCH
[16:49:07] [271/459] PRPM
[16:49:08] [272/459] PVKL
[16:49:09] [273/459] CBSM
[16:49:09] [274/459] PVCZ
[16:49:10] [275/459] PCVV
[16:49:11] [276/459] CTMJ
[16:49:12] [277/459] RCPS
[16:49:13] [278/459] PCIT
[16:49:14] [279/459] FNCH
[16:49:16] [280/459] INZD
[16:49:16] [281/459] INPC
[16:49:17] [282/459] LCZP
[16:49:18] [283/459] SMCB
[16:49:19] [284/459] PTSB
[16:49:20] [285/459] TPSI
[16:49:21] [286/459] KHMJ
[16:49:21] [287/459] RCCJ
[16:49:22] [288/459] NCJA
[16:49:23] [289/459] NCJN
[16:49:24] [290/459] BTDP
[16:49:24] [291/459] PADY
[16:49:25] [292/459] NYBH
[16:49:26] [293/459] MTBR
[16:49:27] [294/459] KRBC
[16:49:28] [295/459] DKTI
[16:49:28] [296/459] ANAN
[16:49:29] [297/459] INBP
[16:49:30] [298/459] PATB
[16:49:31] [299/459] RGNT
[16:49:32] [300/459] CGPM
[16:49:33] [301/459] INTN
[16:49:34] [302/459] MCMP
[16:49:35] [303/459] ASRG
[16:49:36] [304/459] CXJD
[16:49:37] [305/459] SPCP
[16:49:39] [306/459] CSTP
[16:49:39] [307/459] PKVC
[16:49:40] [308/459] ESCP
[16:49:41] [309/459] CAEP
[16:49:42] [310/459] CCSP
[16:49:43] [311/459] KTPC
[16:49:44] [312/459] DACA
[16:49:45] [313/459] NVKY
[16:49:46] [314/459] PTIN
[16:49:46] [315/459] SCIN
[16:49:47] [316/459] MCTY
[16:49:48] [317/459] PCMX
[16:49:50] [318/459] INIC
[16:49:51] [319/459] MMZM
[16:49:52] [320/459] SSLP
[16:49:53] [321/459] DTDT
[16:49:53] [322/459] FFCX
[16:49:54] [323/459] RCMM
[16:49:55] [324/459] KYID
[16:49:56] [325/459] CSCI
[16:49:57] [326/459] FCMC
[16:49:57] [327/459] MMXI
[16:49:58] [328/459] ASTC
[16:49:59] [329/459] CMRA
[16:50:00] [330/459] DICI
[16:50:01] [331/459] KDIN
[16:50:02] [332/459] PRFI
[16:50:03] [333/459] SVFC
[16:50:04] [334/459] UCPL
[16:50:04] [335/459] COOC
[16:50:05] [336/459] SCAL
[16:50:07] [337/459] SVFF
[16:50:08] [338/459] VCMG
[16:50:08] [339/459] UUCT
[16:50:09] [340/459] GCSE
[16:50:10] [341/459] SUSC
[16:50:11] [342/459] MISC
[16:50:12] [343/459] RMBL
[16:50:13] [344/459] CMXN
[16:50:14] [345/459] PVBK
[16:50:15] [346/459] HHCG
[16:50:16] [347/459] SCAG
[16:50:17] [348/459] CNPR
[16:50:18] [349/459] CSER
[16:50:19] [350/459] HLWD
[16:50:19] [351/459] BOLY
[16:50:20] [352/459] SSPG
[16:50:21] [353/459] MUPX
[16:50:22] [354/459] HAMR
[16:50:23] [355/459] SDNC
[16:50:24] [356/459] RTEN
[16:50:25] [357/459] SDTD
[16:50:26] [358/459] KAWS
[16:50:26] [359/459] CMZX
[16:50:27] [360/459] DCDD
[16:50:28] [361/459] ALSN
[16:50:29] [362/459] IMXS
[16:50:29] [363/459] PVFF
[16:50:30] [364/459] PVOO
[16:50:31] [365/459] CFBS
[16:50:32] [366/459] PVER
[16:50:33] [367/459] PPNX
[16:50:34] [368/459] CNRM
[16:50:34] [369/459] PVWW
[16:50:35] [370/459] INMB
[16:50:36] [371/459] CPJR
[16:50:37] [372/459] INRZ
[16:50:38] [373/459] PMSR
[16:50:38] [374/459] GPGM
[16:50:39] [375/459] PGWB
[16:50:40] [376/459] PMBR
[16:50:41] [377/459] GPAM
[16:50:41] [378/459] INBC
[16:50:42] [379/459] PZVK
[16:50:43] [380/459] CPEB
[16:50:44] [381/459] FMLB
[16:50:45] [382/459] INBG
[16:50:46] [383/459] GPBR
[16:50:46] [384/459] PAAS
[16:50:47] [385/459] VTBR
[16:50:48] [386/459] GPMY
[16:50:49] [387/459] GYBU
[16:50:50] [388/459] INBJ
[16:50:51] [389/459] LKTH
[16:50:52] [390/459] NSBR
[16:50:53] [391/459] PDRD
[16:50:53] [392/459] VRBL
[16:50:54] [393/459] VTGB
[16:50:55] [394/459] VTSK
[16:50:56] [395/459] BKDV
[16:50:57] [396/459] SVTB
[16:50:58] [397/459] MLDT
[16:50:59] [398/459] NRBL
[16:51:00] [399/459] SLTR
[16:51:00] [400/459] VNKA
[16:51:01] [401/459] TDCA
[16:51:02] [402/459] INBM
[16:51:02] [403/459] SSNR
[16:51:03] [404/459] BHAC
[16:51:05] [405/459] SDSD
[16:51:05] [406/459] SAMP
[16:51:07] [407/459] RATK
[16:51:08] [408/459] KCBI
[16:51:08] [409/459] URBL
[16:51:09] [410/459] MKBG
[16:51:10] [411/459] ASTB
[16:51:11] [412/459] VBWT
[16:51:12] [413/459] GPSM
[16:51:13] [414/459] ROON
[16:51:13] [415/459] CHTH
[16:51:14] [416/459] SSPA
[16:51:15] [417/459] ANBL
[16:51:16] [418/459] VTBE
[16:51:17] [419/459] SVKT
[16:51:18] [420/459] SVYK
[16:51:19] [421/459] PTBK
[16:51:19] [422/459] RKTB
[16:51:20] [423/459] BALT
[16:51:21] [424/459] STSV
[16:51:22] [425/459] VCCB
[16:51:23] [426/459] SLTB
[16:51:23] [427/459] SBCR
[16:51:24] [428/459] VDCS
[16:51:25] [429/459] MDKI
[16:51:25] [430/459] SMRN
[16:51:26] [431/459] PTBC
[16:51:27] [432/459] RADI
[16:51:28] [433/459] ADCR
[16:51:29] [434/459] SDCS
[16:51:30] [435/459] SRPJ
[16:51:31] [436/459] ARTS
[16:51:31] [437/459] SRHK
[16:51:32] [438/459] SPAY
[16:51:33] [439/459] GPTB
[16:51:34] [440/459] SNNN
[16:51:35] [441/459] BALJ
[16:51:35] [442/459] TRIG
[16:51:36] [443/459] GTYT
[16:51:37] [444/459] ATGN
[16:51:38] [445/459] ANTE
[16:51:39] [446/459] BDCG
[16:51:39] [447/459] VECI
[16:51:40] [448/459] SCPR
[16:51:41] [449/459] RTEA
[16:51:42] [450/459] JSAI
[16:51:43] [451/459] VJTP
[16:51:43] [452/459] GNDS
[16:51:44] [453/459] PAXA
[16:51:45] [454/459] CGGM
[16:51:46] [455/459] ACKZ
[16:51:47] [456/459] EMCC
[16:51:48] [457/459] KLSK
[16:51:48] [458/459] AVCK
[16:51:49] [459/459] JTCK
[16:51:50] 🧹 Deduping shows
[16:51:50] ✅ DONE | Shows=65 | Movies=9
[04:42:33] 🚀 SCRIPT STARTED
[04:42:33] [1/459] NECA
[04:42:33] 🧠 New identity created
[04:42:34] [2/459] BJLC
[04:42:35] [3/459] BASU
[04:42:36] [4/459] RUPI
[04:42:37] [5/459] LCBK
[04:42:38] [6/459] PMAC
[04:42:39] [7/459] AMLC
[04:42:40] [8/459] LICL
[04:42:41] [9/459] UDMM
[04:42:42] [10/459] STBZ
[04:42:44] [11/459] UUBT
[04:42:45] [12/459] SJKC
[04:42:45] [13/459] TUAL
[04:42:46] [14/459] MRSE
[04:42:47] [15/459] RMRK
[04:42:48] [16/459] TTKP
[04:42:49] [17/459] KTKO
[04:42:49] [18/459] SDBK
[04:42:50] [19/459] MCPR
[04:42:51] [20/459] CHTI
[04:42:52] [21/459] GCCP
[04:42:53] [22/459] SRMY
[04:42:54] [23/459] NYST
[04:42:55] [24/459] NYAG
[04:42:55] [25/459] SBMT
[04:42:56] [26/459] INGA
[04:42:57] [27/459] WSIC
[04:42:59] [28/459] SCSS
[04:42:59] [29/459] COPG
[04:43:00] [30/459] RCGR
[04:43:01] [31/459] TCZA
[04:43:02] [32/459] CNLP
[04:43:03] [33/459] CLKN
[04:43:03] [34/459] LHDF
[04:43:04] [35/459] ELKC
[04:43:05] [36/459] VCEM
[04:43:06] [37/459] SSZA
[04:43:06] [38/459] KRMT
[04:43:07] [39/459] LCMV
[04:43:09] [40/459] AYCZ
[04:43:10] [41/459] CUMS
[04:43:11] [42/459] BOCK
[04:43:11] [43/459] PNMR
[04:43:12] [44/459] PJCP
[04:43:13] [45/459] JDDD
[04:43:14] [46/459] STMS
[04:43:15] [47/459] FLMB
[04:43:16] [48/459] PKCM
[04:43:17] [49/459] SPPR
[04:43:18] [50/459] EYLH
[04:43:19] [51/459] RJCC
[04:43:20] [52/459] MMPS
[04:43:21] [53/459] SHMX
[04:43:22] [54/459] CCNL
[04:43:22] [55/459] RCNV
[04:43:23] [56/459] MAAG
[04:43:24] [57/459] LXCM
[04:43:25] [58/459] RCNI
[04:43:26] [59/459] SNNI
[04:43:27] [60/459] LALC
[04:43:28] [61/459] SOCN
[04:43:28] [62/459] JHTP
[04:43:29] [63/459] PITP
[04:43:30] [64/459] CCKW
[04:43:31] [65/459] MCMC
[04:43:32] [66/459] DEES
[04:43:33] [67/459] SABT
[04:43:34] [68/459] VSPP
[04:43:35] [69/459] ABCT
[04:43:35] [70/459] JVTB
[04:43:36] [71/459] VCBD
[04:43:37] [72/459] RMGG
[04:43:38] [73/459] RNMH
[04:43:39] [74/459] SPGL
[04:43:39] [75/459] JTTR
[04:43:40] [76/459] SICS
[04:43:41] [77/459] SRMI
[04:43:42] [78/459] SSIJ
[04:43:43] [79/459] KFMT
[04:43:44] [80/459] VBIT
[04:43:45] [81/459] JKCT
[04:43:46] [82/459] GCGP
[04:43:47] [83/459] GDCS
[04:43:48] [84/459] TRBA
[04:43:49] [85/459] QUST
[04:43:51] [86/459] VSHM
[04:43:52] [87/459] SDCP
[04:43:52] [88/459] SNVS
[04:43:54] [89/459] NYTO
[04:43:55] [90/459] URWC
[04:43:56] [91/459] GTWH
[04:43:56] [92/459] PFCM
[04:43:57] [93/459] KRTA
[04:43:58] [94/459] AXMC
[04:44:00] [95/459] EVMC
[04:44:01] [96/459] HGSM
[04:44:02] [97/459] ACVM
[04:44:02] [98/459] PSKL
[04:44:03] [99/459] RDMP
[04:44:04] [100/459] RHGH
[04:44:06] [101/459] OMCM
[04:44:06] [102/459] DCCP
[04:44:07] [103/459] MCPB
[04:44:08] [104/459] ALCI
[04:44:09] [105/459] BLMX
[04:44:09] [106/459] BTMV
[04:44:11] [107/459] FVPN
[04:44:12] [108/459] CMAR
[04:44:13] [109/459] CEIM
[04:44:14] [110/459] CMVA
[04:44:15] [111/459] CPIV
[04:44:16] [112/459] CNPE
[04:44:16] [113/459] COLV
[04:44:17] [114/459] DNNV
[04:44:18] [115/459] HCAD
[04:44:20] [116/459] TAKA
[04:44:21] [117/459] INVD
[04:44:22] [118/459] IRMM
[04:44:23] [119/459] INSE
[04:44:23] [120/459] MRSW
[04:44:24] [121/459] MCVD
[04:44:26] [122/459] MCSO
[04:44:27] [123/459] PEVM
[04:44:28] [124/459] PVNL
[04:44:29] [125/459] PTCV
[04:44:30] [126/459] PRTC
[04:44:30] [127/459] RCVA
[04:44:31] [128/459] MTBN
[04:44:32] [129/459] LUCP
[04:44:34] [130/459] FMPT
[04:44:35] [131/459] JLSL
[04:44:35] [132/459] SBHA
[04:44:36] [133/459] SHRC
[04:44:37] [134/459] AVPS
[04:44:38] [135/459] STPM
[04:44:39] [136/459] ATRD
[04:44:40] [137/459] VTED
[04:44:41] [138/459] ACAI
[04:44:42] [139/459] SMAE
[04:44:43] [140/459] VMAT
[04:44:44] [141/459] LKCT
[04:44:45] [142/459] JTVK
[04:44:46] [143/459] PRTY
[04:44:47] [144/459] GETT
[04:44:47] [145/459] ESAP
[04:44:48] [146/459] NCPM
[04:44:49] [147/459] PCPA
[04:44:50] [148/459] MMOM
[04:44:51] [149/459] PHUP
[04:44:52] [150/459] CCPI
[04:44:53] [151/459] CNTD
[04:44:54] [152/459] NLJR
[04:44:55] [153/459] SRNG
[04:44:56] [154/459] MHAL
[04:44:57] [155/459] PNSM
[04:44:58] [156/459] DRMY
[04:44:59] [157/459] CCMU
[04:45:00] [158/459] SCMY
[04:45:00] [159/459] PVSY
[04:45:01] [160/459] SDLM
[04:45:03] [161/459] ICCM
[04:45:04] [162/459] PYSU
[04:45:04] [163/459] GATM
[04:45:05] [164/459] WOTM
[04:45:06] [165/459] RKTS
[04:45:07] [166/459] PMTY
[04:45:08] [167/459] LYMS
[04:45:09] [168/459] TGCA
[04:45:10] [169/459] DSTA
[04:45:10] [170/459] CNGE
[04:45:11] [171/459] VSTG
[04:45:12] [172/459] GTCK
[04:45:13] [173/459] TGNT
[04:45:13] [174/459] ASLC
[04:45:14] [175/459] SSST
[04:45:15] [176/459] KBTT
[04:45:16] [177/459] HKCP
[04:45:17] [178/459] SWLC
[04:45:18] [179/459] RTND
[04:45:19] [180/459] PKKT
[04:45:20] [181/459] HSTK
[04:45:21] [182/459] SPTT
[04:45:21] [183/459] IMPM
[04:45:22] [184/459] SCMV
[04:45:24] [185/459] SPCT
[04:45:25] [186/459] JBCA
[04:45:26] [187/459] ATTR
[04:45:27] [188/459] SPMT
[04:45:28] [189/459] LCTM
[04:45:29] [190/459] SCVL
[04:45:30] [191/459] SCVT
[04:45:31] [192/459] KRIC
[04:45:31] [193/459] CTMG
[04:45:32] [194/459] ACNC
[04:45:33] [195/459] DMCK
[04:45:34] [196/459] KMTV
[04:45:35] [197/459] PFCJ
[04:45:36] [198/459] VNMD
[04:45:36] [199/459] VPCZ
[04:45:38] [200/459] SRYR
[04:45:40] [201/459] SYTR
[04:45:40] [202/459] GATR
[04:45:41] [203/459] URTR
[04:45:42] [204/459] MKSM
[04:45:43] [205/459] VSMH
[04:45:44] [206/459] SKRJ
[04:45:45] [207/459] SSJR
[04:45:46] [208/459] SVSM
[04:45:47] [209/459] RUCM
[04:45:48] [210/459] PRKN
[04:45:48] [211/459] RROH
[04:45:49] [212/459] SCTN
[04:45:50] [213/459] RTDM
[04:45:51] [214/459] ASRM
[04:45:52] [215/459] SKMD
[04:45:52] [216/459] SUTD
[04:45:53] [217/459] SADM
[04:45:54] [218/459] WCNR
[04:45:55] [219/459] CNED
[04:45:57] [220/459] MPDB
[04:45:57] [221/459] KTBH
[04:45:58] [222/459] IDRM
[04:45:59] [223/459] PJJT
[04:46:00] [224/459] PFCV
[04:46:01] [225/459] AACT
[04:46:02] [226/459] AAAD
[04:46:02] [227/459] ANES
[04:46:03] [228/459] MNCA
[04:46:04] [229/459] RMGU
[04:46:05] [230/459] DLCN
[04:46:06] [231/459] LJWT
[04:46:07] [232/459] MCBG
[04:46:08] [233/459] MYBG
[04:46:09] [234/459] GCCA
[04:46:09] [235/459] GCGA
[04:46:10] [236/459] ECGN
[04:46:12] [237/459] PRAB
[04:46:12] [238/459] PNMP
[04:46:13] [239/459] GCPT
[04:46:14] [240/459] ROYN
[04:46:14] [241/459] VATM
[04:46:15] [242/459] KSNT
[04:46:16] [243/459] ACTC
[04:46:17] [244/459] PLTD
[04:46:18] [245/459] SKMK
[04:46:19] [246/459] CMTT
[04:46:20] [247/459] SMXP
[04:46:21] [248/459] SCMX
[04:46:21] [249/459] ACXN
[04:46:22] [250/459] ASWT
[04:46:23] [251/459] VVVL
[04:46:24] [252/459] NAGO
[04:46:25] [253/459] SNCN
[04:46:25] [254/459] MCKP
[04:46:26] [255/459] SAMO
[04:46:27] [256/459] JBTV
[04:46:28] [257/459] DCVV
[04:46:28] [258/459] KMSV
[04:46:29] [259/459] KDCN
[04:46:30] [260/459] CNCP
[04:46:31] [261/459] HAMC
[04:46:32] [262/459] CCVZ
[04:46:33] [263/459] NCCK
[04:46:34] [264/459] MCHR
[04:46:35] [265/459] SCHT
[04:46:36] [266/459] ESSH
[04:46:37] [267/459] CUJC
[04:46:37] [268/459] PECP
[04:46:38] [269/459] PMMI
[04:46:39] [270/459] PCCH
[04:46:40] [271/459] PRPM
[04:46:41] [272/459] PVKL
[04:46:41] [273/459] CBSM
[04:46:42] [274/459] PVCZ
[04:46:43] [275/459] PCVV
[04:46:44] [276/459] CTMJ
[04:46:45] [277/459] RCPS
[04:46:46] [278/459] PCIT
[04:46:46] [279/459] FNCH
[04:46:47] [280/459] INZD
[04:46:48] [281/459] INPC
[04:46:49] [282/459] LCZP
[04:46:50] [283/459] SMCB
[04:46:51] [284/459] PTSB
[04:46:52] [285/459] TPSI
[04:46:53] [286/459] KHMJ
[04:46:54] [287/459] RCCJ
[04:46:55] [288/459] NCJA
[04:46:56] [289/459] NCJN
[04:46:57] [290/459] BTDP
[04:46:57] [291/459] PADY
[04:46:58] [292/459] NYBH
[04:46:59] [293/459] MTBR
[04:47:00] [294/459] KRBC
[04:47:01] [295/459] DKTI
[04:47:02] [296/459] ANAN
[04:47:03] [297/459] INBP
[04:47:04] [298/459] PATB
[04:47:05] [299/459] RGNT
[04:47:06] [300/459] CGPM
[04:47:07] [301/459] INTN
[04:47:08] [302/459] MCMP
[04:47:09] [303/459] ASRG
[04:47:10] [304/459] CXJD
[04:47:11] [305/459] SPCP
[04:47:12] [306/459] CSTP
[04:47:13] [307/459] PKVC
[04:47:14] [308/459] ESCP
[04:47:15] [309/459] CAEP
[04:47:16] [310/459] CCSP
[04:47:17] [311/459] KTPC
[04:47:18] [312/459] DACA
[04:47:19] [313/459] NVKY
[04:47:19] [314/459] PTIN
[04:47:20] [315/459] SCIN
[04:47:21] [316/459] MCTY
[04:47:22] [317/459] PCMX
[04:47:23] [318/459] INIC
[04:47:24] [319/459] MMZM
[04:47:24] [320/459] SSLP
[04:47:25] [321/459] DTDT
[04:47:26] [322/459] FFCX
[04:47:27] [323/459] RCMM
[04:47:28] [324/459] KYID
[04:47:29] [325/459] CSCI
[04:47:31] [326/459] FCMC
[04:47:32] [327/459] MMXI
[04:47:32] [328/459] ASTC
[04:47:33] [329/459] CMRA
[04:47:34] [330/459] DICI
[04:47:35] [331/459] KDIN
[04:47:36] [332/459] PRFI
[04:47:37] [333/459] SVFC
[04:47:38] [334/459] UCPL
[04:47:39] [335/459] COOC
[04:47:40] [336/459] SCAL
[04:47:41] [337/459] SVFF
[04:47:42] [338/459] VCMG
[04:47:43] [339/459] UUCT
[04:47:44] [340/459] GCSE
[04:47:45] [341/459] SUSC
[04:47:46] [342/459] MISC
[04:47:47] [343/459] RMBL
[04:47:48] [344/459] CMXN
[04:47:49] [345/459] PVBK
[04:47:49] [346/459] HHCG
[04:47:51] [347/459] SCAG
[04:47:52] [348/459] CNPR
[04:47:52] [349/459] CSER
[04:47:53] [350/459] HLWD
[04:47:54] [351/459] BOLY
[04:47:55] [352/459] SSPG
[04:47:56] [353/459] MUPX
[04:47:57] [354/459] HAMR
[04:47:57] [355/459] SDNC
[04:47:59] [356/459] RTEN
[04:48:00] [357/459] SDTD
[04:48:01] [358/459] KAWS
[04:48:02] [359/459] CMZX
[04:48:03] [360/459] DCDD
[04:48:04] [361/459] ALSN
[04:48:05] [362/459] IMXS
[04:48:05] [363/459] PVFF
[04:48:06] [364/459] PVOO
[04:48:07] [365/459] CFBS
[04:48:08] [366/459] PVER
[04:48:09] [367/459] PPNX
[04:48:10] [368/459] CNRM
[04:48:11] [369/459] PVWW
[04:48:12] [370/459] INMB
[04:48:13] [371/459] CPJR
[04:48:14] [372/459] INRZ
[04:48:15] [373/459] PMSR
[04:48:16] [374/459] GPGM
[04:48:16] [375/459] PGWB
[04:48:18] [376/459] PMBR
[04:48:19] [377/459] GPAM
[04:48:20] [378/459] INBC
[04:48:21] [379/459] PZVK
[04:48:22] [380/459] CPEB
[04:48:23] [381/459] FMLB
[04:48:24] [382/459] INBG
[04:48:25] [383/459] GPBR
[04:48:26] [384/459] PAAS
[04:48:26] [385/459] VTBR
[04:48:27] [386/459] GPMY
[04:48:28] [387/459] GYBU
[04:48:29] [388/459] INBJ
[04:48:30] [389/459] LKTH
[04:48:31] [390/459] NSBR
[04:48:31] [391/459] PDRD
[04:48:32] [392/459] VRBL
[04:48:33] [393/459] VTGB
[04:48:34] [394/459] VTSK
[04:48:35] [395/459] BKDV
[04:48:35] [396/459] SVTB
[04:48:36] [397/459] MLDT
[04:48:38] [398/459] NRBL
[04:48:39] [399/459] SLTR
[04:48:40] [400/459] VNKA
[04:48:40] [401/459] TDCA
[04:48:42] [402/459] INBM
[04:48:43] [403/459] SSNR
[04:48:44] [404/459] BHAC
[04:48:45] [405/459] SDSD
[04:48:46] [406/459] SAMP
[04:48:46] [407/459] RATK
[04:48:47] [408/459] KCBI
[04:48:48] [409/459] URBL
[04:48:49] [410/459] MKBG
[04:48:50] [411/459] ASTB
[04:48:51] [412/459] VBWT
[04:48:52] [413/459] GPSM
[04:48:54] [414/459] ROON
[04:48:55] [415/459] CHTH
[04:48:56] [416/459] SSPA
[04:48:57] [417/459] ANBL
[04:48:57] [418/459] VTBE
[04:48:58] [419/459] SVKT
[04:48:59] [420/459] SVYK
[04:49:00] [421/459] PTBK
[04:49:01] [422/459] RKTB
[04:49:02] [423/459] BALT
[04:49:02] [424/459] STSV
[04:49:03] [425/459] VCCB
[04:49:04] [426/459] SLTB
[04:49:05] [427/459] SBCR
[04:49:07] [428/459] VDCS
[04:49:09] [429/459] MDKI
[04:49:09] [430/459] SMRN
[04:49:10] [431/459] PTBC
[04:49:11] [432/459] RADI
[04:49:12] [433/459] ADCR
[04:49:13] [434/459] SDCS
[04:49:14] [435/459] SRPJ
[04:49:15] [436/459] ARTS
[04:49:16] [437/459] SRHK
[04:49:16] [438/459] SPAY
[04:49:17] [439/459] GPTB
[04:49:18] [440/459] SNNN
[04:49:19] [441/459] BALJ
[04:49:20] [442/459] TRIG
[04:49:20] [443/459] GTYT
[04:49:21] [444/459] ATGN
[04:49:22] [445/459] ANTE
[04:49:23] [446/459] BDCG
[04:49:24] [447/459] VECI
[04:49:25] [448/459] SCPR
[04:49:26] [449/459] RTEA
[04:49:26] [450/459] JSAI
[04:49:27] [451/459] VJTP
[04:49:28] [452/459] GNDS
[04:49:29] [453/459] PAXA
[04:49:30] [454/459] CGGM
[04:49:31] [455/459] ACKZ
[04:49:32] [456/459] EMCC
[04:49:33] [457/459] KLSK
[04:49:34] [458/459] AVCK
[04:49:35] [459/459] JTCK
[04:49:36] 🧹 Deduping shows
[04:49:36] ✅ DONE | Shows=71 | Movies=10
