[10:14:06] 🚀 SCRIPT STARTED
[10:14:06] [1/459] MBDC
[10:14:06] 🧠 New identity created
[10:14:06] [2/459] CHKM
[10:14:07] [3/459] JTKZ
[10:14:08] [4/459] CMCT
[10:14:09] [5/459] ASHO
[10:14:10] [6/459] ECDG
[10:14:11] [7/459] SPAT
[10:14:12] [8/459] HILC
[10:14:13] [9/459] SPPH
[10:14:14] [10/459] SBHN
[10:14:15] [11/459] RRCA
[10:14:16] [12/459] APAA
[10:14:16] [13/459] RAME
[10:14:17] [14/459] TMMS
[10:14:19] [15/459] BATK
[10:14:20] [16/459] LKOP
[10:14:21] [17/459] AMTT
[10:14:21] [18/459] PTGK
[10:14:22] [19/459] ANRS
[10:14:23] [20/459] VWBW
[10:14:24] [21/459] SVFG
[10:14:25] [22/459] STAT
[10:14:26] [23/459] GDCV
[10:14:27] [24/459] VEBI
[10:14:28] [25/459] VDSS
[10:14:29] [26/459] NTHV
[10:14:30] [27/459] AOCH
[10:14:30] [28/459] KASR
[10:14:31] [29/459] AYCS
[10:14:32] [30/459] SHAI
[10:14:33] [31/459] SKPE
[10:14:34] [32/459] SBTA
[10:14:34] [33/459] RTTD
[10:14:35] [34/459] CCJD
[10:14:36] [35/459] RSJJ
[10:14:37] [36/459] RKND
[10:14:38] [37/459] SVTX
[10:14:38] [38/459] BAKM
[10:14:39] [39/459] SVDC
[10:14:40] [40/459] MNCV
[10:14:41] [41/459] SJGC
[10:14:42] [42/459] MTPK
[10:14:43] [43/459] GATP
[10:14:44] [44/459] ABTS
[10:14:44] [45/459] ABDE
[10:14:45] [46/459] RCNM
[10:14:46] [47/459] KTHV
[10:14:47] [48/459] MDGJ
[10:14:48] [49/459] SMLM
[10:14:49] [50/459] JTMA
[10:14:50] [51/459] ACKP
[10:14:51] [52/459] SRTA
[10:14:51] [53/459] STAY
[10:14:52] [54/459] MAVO
[10:14:54] [55/459] APTS
[10:14:55] [56/459] OMEA
[10:14:56] [57/459] TTFD
[10:14:57] [58/459] MJCU
[10:14:58] [59/459] CXTE
[10:14:59] [60/459] CTPX
[10:15:00] [61/459] ASSL
[10:15:01] [62/459] CMVB
[10:15:01] [63/459] VPUR
[10:15:02] [64/459] JJDA
[10:15:03] [65/459] INBL
[10:15:04] [66/459] BIKB
[10:15:05] [67/459] NTBB
[10:15:06] [68/459] GLOB
[10:15:06] [69/459] SNTB
[10:15:07] [70/459] CHGV
[10:15:09] [71/459] SSBZ
[10:15:10] [72/459] PRDB
[10:15:11] [73/459] ISMT
[10:15:11] [74/459] MCSD
[10:15:12] [75/459] JBTT
[10:15:13] [76/459] GEKR
[10:15:14] [77/459] PVUN
[10:15:15] [78/459] NRTB
[10:15:16] [79/459] PRAA
[10:15:16] [80/459] PCBL
[10:15:17] [81/459] PTCM
[10:15:18] [82/459] KHNN
[10:15:20] [83/459] OMJE
[10:15:20] [84/459] STGN
[10:15:21] [85/459] RPMS
[10:15:22] [86/459] NWAD
[10:15:23] [87/459] BLCK
[10:15:24] [88/459] SVAA
[10:15:25] [89/459] URVM
[10:15:26] [90/459] ANTM
[10:15:27] [91/459] VJYM
[10:15:28] [92/459] MAZZ
[10:15:28] [93/459] CSHM
[10:15:29] [94/459] WGMH
[10:15:30] [95/459] SALN
[10:15:31] [96/459] BRTP
[10:15:31] [97/459] SVTA
[10:15:32] [98/459] SBTP
[10:15:33] [99/459] VLSS
[10:15:34] [100/459] SRJA
[10:15:35] [101/459] ANCG
[10:15:36] [102/459] CGGC
[10:15:37] [103/459] CRJA
[10:15:37] [104/459] USCR
[10:15:38] [105/459] MMEF
[10:15:39] [106/459] JCRJ
[10:15:40] [107/459] ADCM
[10:15:41] [108/459] BMYK
[10:15:42] [109/459] KICS
[10:15:43] [110/459] MBBT
[10:15:44] [111/459] MACK
[10:15:45] [112/459] CLDR
[10:15:45] [113/459] JYCR
[10:15:46] [114/459] DCRP
[10:15:47] [115/459] RAHT
[10:15:48] [116/459] CSSM
[10:15:49] [117/459] ATPK
[10:15:49] [118/459] KLRT
[10:15:50] [119/459] SRDD
[10:15:50] [120/459] CKMC
[10:15:51] [121/459] KRVM
[10:15:52] [122/459] AKCP
[10:15:52] [123/459] CNCV
[10:15:53] [124/459] PACT
[10:15:53] [125/459] NATP
[10:15:54] [126/459] PCPK
[10:15:55] [127/459] SMHO
[10:15:55] [128/459] CWTK
[10:15:56] [129/459] RVKZ
[10:15:56] [130/459] ASPD
[10:15:57] [131/459] VTKZ
[10:15:57] [132/459] LCSO
[10:15:58] [133/459] PRDY
[10:15:58] [134/459] RCAP
[10:15:59] [135/459] RGAR
[10:15:59] [136/459] RCAC
[10:16:00] [137/459] PMOD
[10:16:00] [138/459] PVCN
[10:16:00] [139/459] SCRZ
[10:16:01] [140/459] PVPC
[10:16:02] [141/459] STID
[10:16:02] [142/459] NEDD
[10:16:03] [143/459] BNBA
[10:16:03] [144/459] NTCD
[10:16:04] [145/459] OCDE
[10:16:04] [146/459] CCDU
[10:16:05] [147/459] CRXH
[10:16:05] [148/459] VLVT
[10:16:06] [149/459] CICI
[10:16:07] [150/459] SUCB
[10:16:07] [151/459] TCBP
[10:16:07] [152/459] SCCY
[10:16:08] [153/459] LXCY
[10:16:08] [154/459] NCMD
[10:16:09] [155/459] PHCS
[10:16:09] [156/459] DUXR
[10:16:10] [157/459] VNKS
[10:16:11] [158/459] SEDP
[10:16:11] [159/459] SVEN
[10:16:11] [160/459] SRKM
[10:16:12] [161/459] JTLT
[10:16:12] [162/459] SVSS
[10:16:13] [163/459] AMDE
[10:16:14] [164/459] WVRN
[10:16:14] [165/459] ISMG
[10:16:14] [166/459] WVKS
[10:16:15] [167/459] USCG
[10:16:16] [168/459] IOTG
[10:16:16] [169/459] RRJM
[10:16:17] [170/459] EDMP
[10:16:17] [171/459] SCGZ
[10:16:18] [172/459] GMGX
[10:16:19] [173/459] OMTP
[10:16:19] [174/459] MITD
[10:16:20] [175/459] SMMD
[10:16:20] [176/459] STML
[10:16:21] [177/459] MCFS
[10:16:21] [178/459] FPKA
[10:16:22] [179/459] OMLR
[10:16:23] [180/459] KKSC
[10:16:23] [181/459] RVMA
[10:16:24] [182/459] SCLL
[10:16:24] [183/459] SCDK
[10:16:25] [184/459] SXMI
[10:16:25] [185/459] SHDN
[10:16:26] [186/459] PAAD
[10:16:26] [187/459] UUCB
[10:16:27] [188/459] JHOL
[10:16:27] [189/459] SGWT
[10:16:28] [190/459] SRII
[10:16:29] [191/459] SGCK
[10:16:29] [192/459] SVVB
[10:16:30] [193/459] DMHA
[10:16:30] [194/459] PPNL
[10:16:31] [195/459] CPNL
[10:16:32] [196/459] WVLD
[10:16:32] [197/459] PSLV
[10:16:33] [198/459] VTTL
[10:16:33] [199/459] NPAD
[10:16:34] [200/459] PVCS
[10:16:35] [201/459] MCHL
[10:16:35] [202/459] PPLL
[10:16:36] [203/459] MALO
[10:16:36] [204/459] SWBH
[10:16:37] [205/459] PUGB
[10:16:37] [206/459] INBB
[10:16:38] [207/459] INNS
[10:16:38] [208/459] MCPT
[10:16:39] [209/459] SCMI
[10:16:40] [210/459] OCON
[10:16:40] [211/459] SCSM
[10:16:41] [212/459] RJVN
[10:16:41] [213/459] AMDK
[10:16:42] [214/459] ISMR
[10:16:43] [215/459] SMTD
[10:16:43] [216/459] VTDD
[10:16:44] [217/459] PDDZ
[10:16:44] [218/459] PCCK
[10:16:45] [219/459] INAM
[10:16:45] [220/459] FNKT
[10:16:46] [221/459] GDKA
[10:16:46] [222/459] MAYU
[10:16:47] [223/459] TCGU
[10:16:47] [224/459] KDCA
[10:16:48] [225/459] DOMY
[10:16:49] [226/459] PDDD
[10:16:49] [227/459] BJTS
[10:16:50] [228/459] VTCA
[10:16:50] [229/459] SBTM
[10:16:51] [230/459] SEET
[10:16:51] [231/459] SSTJ
[10:16:52] [232/459] SVNT
[10:16:53] [233/459] PPPR
[10:16:53] [234/459] PVYS
[10:16:54] [235/459] IOSE
[10:16:55] [236/459] ACTV
[10:16:55] [237/459] APVE
[10:16:56] [238/459] TCCL
[10:16:56] [239/459] SCMO
[10:16:57] [240/459] SAUM
[10:16:58] [241/459] KCJS
[10:16:58] [242/459] NJCJ
[10:16:59] [243/459] NECF
[10:17:00] [244/459] CCGW
[10:17:00] [245/459] CCMG
[10:17:01] [246/459] NYRG
[10:17:01] [247/459] NCSQ
[10:17:02] [248/459] GRCG
[10:17:03] [249/459] CCBT
[10:17:03] [250/459] ACGA
[10:17:03] [251/459] INAG
[10:17:04] [252/459] FUCG
[10:17:04] [253/459] AICF
[10:17:05] [254/459] GRGA
[10:17:05] [255/459] GDCN
[10:17:06] [256/459] RRCG
[10:17:07] [257/459] SDCH
[10:17:07] [258/459] WVJM
[10:17:08] [259/459] JCCZ
[10:17:08] [260/459] CNCL
[10:17:09] [261/459] TMLV
[10:17:09] [262/459] MEMB
[10:17:10] [263/459] SGTD
[10:17:10] [264/459] CONX
[10:17:11] [265/459] CCMH
[10:17:12] [266/459] ACMC
[10:17:12] [267/459] DTPD
[10:17:13] [268/459] POJA
[10:17:13] [269/459] FNBH
[10:17:14] [270/459] CGCB
[10:17:14] [271/459] RACN
[10:17:15] [272/459] JTSM
[10:17:15] [273/459] SCDN
[10:17:16] [274/459] AACK
[10:17:17] [275/459] RMCE
[10:17:17] [276/459] BSGB
[10:17:18] [277/459] MRCB
[10:17:18] [278/459] SRVR
[10:17:19] [279/459] VTKK
[10:17:19] [280/459] AMST
[10:17:20] [281/459] APCY
[10:17:21] [282/459] LMHO
[10:17:21] [283/459] MTZH
[10:17:22] [284/459] AMZB
[10:17:22] [285/459] SUVT
[10:17:23] [286/459] RCIP
[10:17:23] [287/459] KESR
[10:17:24] [288/459] SNKC
[10:17:25] [289/459] SCED
[10:17:25] [290/459] DVCA
[10:17:26] [291/459] VCDT
[10:17:27] [292/459] RRDI
[10:17:27] [293/459] DFCH
[10:17:28] [294/459] INSC
[10:17:28] [295/459] RGTR
[10:17:29] [296/459] FMOT
[10:17:29] [297/459] SCPM
[10:17:30] [298/459] GCDT
[10:17:31] [299/459] BRKT
[10:17:31] [300/459] DEMP
[10:17:32] [301/459] SRLC
[10:17:32] [302/459] KSTT
[10:17:33] [303/459] SMMT
[10:17:34] [304/459] SILM
[10:17:34] [305/459] JCVM
[10:17:35] [306/459] KCSV
[10:17:35] [307/459] MHLK
[10:17:36] [308/459] SLVL
[10:17:37] [309/459] RJKP
[10:17:37] [310/459] BBPC
[10:17:38] [311/459] MXCB
[10:17:38] [312/459] TCPK
[10:17:39] [313/459] RTBR
[10:17:40] [314/459] GAUT
[10:17:40] [315/459] DVCF
[10:17:41] [316/459] JTSB
[10:17:41] [317/459] SBLS
[10:17:42] [318/459] UDAY
[10:17:43] [319/459] PTNP
[10:17:43] [320/459] DMKT
[10:17:44] [321/459] NTDT
[10:17:44] [322/459] SHDJ
[10:17:44] [323/459] OTNC
[10:17:45] [324/459] RNTW
[10:17:45] [325/459] GCMI
[10:17:46] [326/459] CRCM
[10:17:46] [327/459] NNCZ
[10:17:47] [328/459] OEMO
[10:17:47] [329/459] PVJM
[10:17:48] [330/459] CPJI
[10:17:48] [331/459] RMCJ
[10:17:49] [332/459] CNWJ
[10:17:50] [333/459] EPJM
[10:17:50] [334/459] FNJJ
[10:17:51] [335/459] GCMJ
[10:17:51] [336/459] INPS
[10:17:52] [337/459] BICJ
[10:17:53] [338/459] ISTJ
[10:17:53] [339/459] INJC
[10:17:54] [340/459] GLXJ
[10:17:54] [341/459] INEM
[10:17:55] [342/459] JTMN
[10:17:55] [343/459] FRCJ
[10:17:56] [344/459] DDJP
[10:17:57] [345/459] INJV
[10:17:57] [346/459] GOLC
[10:17:58] [347/459] KOCI
[10:17:58] [348/459] FSTD
[10:17:59] [349/459] PACJ
[10:18:00] [350/459] GMCN
[10:18:00] [351/459] MMDJ
[10:18:01] [352/459] GODH
[10:18:01] [353/459] SKYN
[10:18:02] [354/459] NCTH
[10:18:03] [355/459] SKVZ
[10:18:03] [356/459] SVML
[10:18:04] [357/459] ACVZ
[10:18:04] [358/459] SURA
[10:18:05] [359/459] RTRB
[10:18:05] [360/459] LLCT
[10:18:06] [361/459] ATTS
[10:18:06] [362/459] JYCM
[10:18:07] [363/459] CTKR
[10:18:08] [364/459] LCKR
[10:18:08] [365/459] NYCV
[10:18:09] [366/459] NYOH
[10:18:09] [367/459] NOVX
[10:18:10] [368/459] MRGK
[10:18:10] [369/459] MOON
[10:18:11] [370/459] SBUC
[10:18:11] [371/459] GSVA
[10:18:12] [372/459] VIAK
[10:18:12] [373/459] SMVZ
[10:18:13] [374/459] MATE
[10:18:13] [375/459] RDCN
[10:18:14] [376/459] ASBL
[10:18:14] [377/459] ASVS
[10:18:15] [378/459] ASSR
[10:18:15] [379/459] SSKN
[10:18:16] [380/459] DRPV
[10:18:17] [381/459] MRHT
[10:18:17] [382/459] BSCN
[10:18:18] [383/459] RKNX
[10:18:18] [384/459] MSMC
[10:18:19] [385/459] MSCJ
[10:18:19] [386/459] BTBJ
[10:18:19] [387/459] MJCC
[10:18:20] [388/459] IOMM
[10:18:21] [389/459] ADGR
[10:18:21] [390/459] MYCP
[10:18:21] [391/459] IGCM
[10:18:22] [392/459] PGRK
[10:18:23] [393/459] VPGO
[10:18:24] [394/459] KOMS
[10:18:24] [395/459] URGG
[10:18:25] [396/459] GOST
[10:18:25] [397/459] LACT
[10:18:26] [398/459] BWCM
[10:18:26] [399/459] NCCW
[10:18:27] [400/459] SKYC
[10:18:28] [401/459] CCPM
[10:18:28] [402/459] VCBT
[10:18:29] [403/459] SDKR
[10:18:29] [404/459] CTYB
[10:18:30] [405/459] SHCX
[10:18:30] [406/459] RCUN
[10:18:31] [407/459] CNRA
[10:18:31] [408/459] RFCA
[10:18:32] [409/459] RDCU
[10:18:33] [410/459] SARK
[10:18:33] [411/459] SPPP
[10:18:34] [412/459] ADMB
[10:18:35] [413/459] JYOE
[10:18:35] [414/459] SRMD
[10:18:35] [415/459] RJDH
[10:18:36] [416/459] SSTD
[10:18:36] [417/459] AACV
[10:18:37] [418/459] PPVD
[10:18:37] [419/459] STCP
[10:18:38] [420/459] ANJR
[10:18:38] [421/459] ANLS
[10:18:39] [422/459] BIJO
[10:18:39] [423/459] AVAB
[10:18:40] [424/459] SPMD
[10:18:40] [425/459] SVJL
[10:18:41] [426/459] SDDJ
[10:18:41] [427/459] SLTU
[10:18:42] [428/459] SAKA
[10:18:43] [429/459] PMAM
[10:18:43] [430/459] FNAM
[10:18:44] [431/459] ACAM
[10:18:44] [432/459] SCMM
[10:18:45] [433/459] PMAK
[10:18:45] [434/459] NYSA
[10:18:46] [435/459] FCPA
[10:18:46] [436/459] GDAN
[10:18:47] [437/459] RSCA
[10:18:47] [438/459] DMAN
[10:18:48] [439/459] DZCM
[10:18:48] [440/459] NSGL
[10:18:49] [441/459] CCPP
[10:18:49] [442/459] PSMG
[10:18:50] [443/459] GSER
[10:18:51] [444/459] FCCT
[10:18:51] [445/459] FCTB
[10:18:52] [446/459] LCNK
[10:18:52] [447/459] SKTY
[10:18:53] [448/459] INAA
[10:18:54] [449/459] RCWN
[10:18:54] [450/459] VAIS
[10:18:55] [451/459] CVMN
[10:18:55] [452/459] INTS
[10:18:56] [453/459] FRGS
[10:18:57] [454/459] DTCK
[10:18:57] [455/459] MCMH
[10:18:58] [456/459] ECRR
[10:18:58] [457/459] RLLP
[10:18:59] [458/459] CCSN
[10:18:59] [459/459] CCBA
[10:19:00] 🧹 Deduping shows
[10:19:00] ✅ DONE | Shows=80 | Movies=6
[16:45:06] 🚀 SCRIPT STARTED
[16:45:06] [1/459] MBDC
[16:45:06] 🧠 New identity created
[16:45:07] [2/459] CHKM
[16:45:08] [3/459] JTKZ
[16:45:09] [4/459] CMCT
[16:45:10] [5/459] ASHO
[16:45:11] [6/459] ECDG
[16:45:11] [7/459] SPAT
[16:45:12] [8/459] HILC
[16:45:13] [9/459] SPPH
[16:45:14] [10/459] SBHN
[16:45:16] [11/459] RRCA
[16:45:17] [12/459] APAA
[16:45:17] [13/459] RAME
[16:45:18] [14/459] TMMS
[16:45:19] [15/459] BATK
[16:45:20] [16/459] LKOP
[16:45:20] [17/459] AMTT
[16:45:21] [18/459] PTGK
[16:45:22] [19/459] ANRS
[16:45:23] [20/459] VWBW
[16:45:24] [21/459] SVFG
[16:45:25] [22/459] STAT
[16:45:26] [23/459] GDCV
[16:45:26] [24/459] VEBI
[16:45:27] [25/459] VDSS
[16:45:28] [26/459] NTHV
[16:45:29] [27/459] AOCH
[16:45:30] [28/459] KASR
[16:45:31] [29/459] AYCS
[16:45:32] [30/459] SHAI
[16:45:34] [31/459] SKPE
[16:45:35] [32/459] SBTA
[16:45:36] [33/459] RTTD
[16:45:38] [34/459] CCJD
[16:45:39] [35/459] RSJJ
[16:45:39] [36/459] RKND
[16:45:40] [37/459] SVTX
[16:45:41] [38/459] BAKM
[16:45:42] [39/459] SVDC
[16:45:43] [40/459] MNCV
[16:45:44] [41/459] SJGC
[16:45:44] [42/459] MTPK
[16:45:46] [43/459] GATP
[16:45:47] [44/459] ABTS
[16:45:48] [45/459] ABDE
[16:45:48] [46/459] RCNM
[16:45:49] [47/459] KTHV
[16:45:50] [48/459] MDGJ
[16:45:51] [49/459] SMLM
[16:45:52] [50/459] JTMA
[16:45:53] [51/459] ACKP
[16:45:53] [52/459] SRTA
[16:45:54] [53/459] STAY
[16:45:56] [54/459] MAVO
[16:45:56] [55/459] APTS
[16:45:57] [56/459] OMEA
[16:45:58] [57/459] TTFD
[16:45:59] [58/459] MJCU
[16:46:00] [59/459] CXTE
[16:46:00] [60/459] CTPX
[16:46:01] [61/459] ASSL
[16:46:02] [62/459] CMVB
[16:46:03] [63/459] VPUR
[16:46:03] [64/459] JJDA
[16:46:04] [65/459] INBL
[16:46:06] [66/459] BIKB
[16:46:07] [67/459] NTBB
[16:46:07] [68/459] GLOB
[16:46:08] [69/459] SNTB
[16:46:10] [70/459] CHGV
[16:46:11] [71/459] SSBZ
[16:46:13] [72/459] PRDB
[16:46:13] [73/459] ISMT
[16:46:14] [74/459] MCSD
[16:46:15] [75/459] JBTT
[16:46:16] [76/459] GEKR
[16:46:17] [77/459] PVUN
[16:46:18] [78/459] NRTB
[16:46:19] [79/459] PRAA
[16:46:20] [80/459] PCBL
[16:46:20] [81/459] PTCM
[16:46:21] [82/459] KHNN
[16:46:22] [83/459] OMJE
[16:46:23] [84/459] STGN
[16:46:24] [85/459] RPMS
[16:46:25] [86/459] NWAD
[16:46:26] [87/459] BLCK
[16:46:27] [88/459] SVAA
[16:46:27] [89/459] URVM
[16:46:28] [90/459] ANTM
[16:46:29] [91/459] VJYM
[16:46:30] [92/459] MAZZ
[16:46:31] [93/459] CSHM
[16:46:32] [94/459] WGMH
[16:46:33] [95/459] SALN
[16:46:34] [96/459] BRTP
[16:46:34] [97/459] SVTA
[16:46:35] [98/459] SBTP
[16:46:36] [99/459] VLSS
[16:46:37] [100/459] SRJA
[16:46:38] [101/459] ANCG
[16:46:38] [102/459] CGGC
[16:46:39] [103/459] CRJA
[16:46:40] [104/459] USCR
[16:46:41] [105/459] MMEF
[16:46:42] [106/459] JCRJ
[16:46:43] [107/459] ADCM
[16:46:44] [108/459] BMYK
[16:46:46] [109/459] KICS
[16:46:47] [110/459] MBBT
[16:46:48] [111/459] MACK
[16:46:48] [112/459] CLDR
[16:46:49] [113/459] JYCR
[16:46:51] [114/459] DCRP
[16:46:52] [115/459] RAHT
[16:46:53] [116/459] CSSM
[16:46:53] [117/459] ATPK
[16:46:54] [118/459] KLRT
[16:46:55] [119/459] SRDD
[16:46:56] [120/459] CKMC
[16:46:57] [121/459] KRVM
[16:46:59] [122/459] AKCP
[16:46:59] [123/459] CNCV
[16:47:00] [124/459] PACT
[16:47:01] [125/459] NATP
[16:47:02] [126/459] PCPK
[16:47:03] [127/459] SMHO
[16:47:04] [128/459] CWTK
[16:47:05] [129/459] RVKZ
[16:47:07] [130/459] ASPD
[16:47:07] [131/459] VTKZ
[16:47:08] [132/459] LCSO
[16:47:09] [133/459] PRDY
[16:47:10] [134/459] RCAP
[16:47:10] [135/459] RGAR
[16:47:11] [136/459] RCAC
[16:47:12] [137/459] PMOD
[16:47:13] [138/459] PVCN
[16:47:14] [139/459] SCRZ
[16:47:15] [140/459] PVPC
[16:47:16] [141/459] STID
[16:47:16] [142/459] NEDD
[16:47:17] [143/459] BNBA
[16:47:18] [144/459] NTCD
[16:47:19] [145/459] OCDE
[16:47:19] [146/459] CCDU
[16:47:20] [147/459] CRXH
[16:47:21] [148/459] VLVT
[16:47:22] [149/459] CICI
[16:47:23] [150/459] SUCB
[16:47:24] [151/459] TCBP
[16:47:25] [152/459] SCCY
[16:47:26] [153/459] LXCY
[16:47:27] [154/459] NCMD
[16:47:28] [155/459] PHCS
[16:47:29] [156/459] DUXR
[16:47:29] [157/459] VNKS
[16:47:30] [158/459] SEDP
[16:47:31] [159/459] SVEN
[16:47:32] [160/459] SRKM
[16:47:33] [161/459] JTLT
[16:47:34] [162/459] SVSS
[16:47:35] [163/459] AMDE
[16:47:36] [164/459] WVRN
[16:47:37] [165/459] ISMG
[16:47:38] [166/459] WVKS
[16:47:39] [167/459] USCG
[16:47:40] [168/459] IOTG
[16:47:41] [169/459] RRJM
[16:47:42] [170/459] EDMP
[16:47:43] [171/459] SCGZ
[16:47:44] [172/459] GMGX
[16:47:45] [173/459] OMTP
[16:47:45] [174/459] MITD
[16:47:46] [175/459] SMMD
[16:47:47] [176/459] STML
[16:47:49] [177/459] MCFS
[16:47:50] [178/459] FPKA
[16:47:51] [179/459] OMLR
[16:47:52] [180/459] KKSC
[16:47:52] [181/459] RVMA
[16:47:53] [182/459] SCLL
[16:47:54] [183/459] SCDK
[16:47:55] [184/459] SXMI
[16:47:56] [185/459] SHDN
[16:47:57] [186/459] PAAD
[16:47:58] [187/459] UUCB
[16:47:59] [188/459] JHOL
[16:47:59] [189/459] SGWT
[16:48:00] [190/459] SRII
[16:48:01] [191/459] SGCK
[16:48:02] [192/459] SVVB
[16:48:03] [193/459] DMHA
[16:48:04] [194/459] PPNL
[16:48:05] [195/459] CPNL
[16:48:06] [196/459] WVLD
[16:48:07] [197/459] PSLV
[16:48:08] [198/459] VTTL
[16:48:09] [199/459] NPAD
[16:48:09] [200/459] PVCS
[16:48:10] [201/459] MCHL
[16:48:11] [202/459] PPLL
[16:48:12] [203/459] MALO
[16:48:13] [204/459] SWBH
[16:48:13] [205/459] PUGB
[16:48:14] [206/459] INBB
[16:48:15] [207/459] INNS
[16:48:16] [208/459] MCPT
[16:48:17] [209/459] SCMI
[16:48:18] [210/459] OCON
[16:48:18] [211/459] SCSM
[16:48:19] [212/459] RJVN
[16:48:20] [213/459] AMDK
[16:48:21] [214/459] ISMR
[16:48:22] [215/459] SMTD
[16:48:23] [216/459] VTDD
[16:48:24] [217/459] PDDZ
[16:48:25] [218/459] PCCK
[16:48:26] [219/459] INAM
[16:48:27] [220/459] FNKT
[16:48:28] [221/459] GDKA
[16:48:28] [222/459] MAYU
[16:48:29] [223/459] TCGU
[16:48:30] [224/459] KDCA
[16:48:31] [225/459] DOMY
[16:48:31] [226/459] PDDD
[16:48:32] [227/459] BJTS
[16:48:33] [228/459] VTCA
[16:48:34] [229/459] SBTM
[16:48:35] [230/459] SEET
[16:48:35] [231/459] SSTJ
[16:48:36] [232/459] SVNT
[16:48:37] [233/459] PPPR
[16:48:38] [234/459] PVYS
[16:48:39] [235/459] IOSE
[16:48:40] [236/459] ACTV
[16:48:41] [237/459] APVE
[16:48:43] [238/459] TCCL
[16:48:44] [239/459] SCMO
[16:48:45] [240/459] SAUM
[16:48:46] [241/459] KCJS
[16:48:47] [242/459] NJCJ
[16:48:47] [243/459] NECF
[16:48:49] [244/459] CCGW
[16:48:50] [245/459] CCMG
[16:48:51] [246/459] NYRG
[16:48:52] [247/459] NCSQ
[16:48:53] [248/459] GRCG
[16:48:54] [249/459] CCBT
[16:48:54] [250/459] ACGA
[16:48:55] [251/459] INAG
[16:48:56] [252/459] FUCG
[16:48:57] [253/459] AICF
[16:48:58] [254/459] GRGA
[16:48:58] [255/459] GDCN
[16:48:59] [256/459] RRCG
[16:49:00] [257/459] SDCH
[16:49:01] [258/459] WVJM
[16:49:02] [259/459] JCCZ
[16:49:03] [260/459] CNCL
[16:49:04] [261/459] TMLV
[16:49:05] [262/459] MEMB
[16:49:06] [263/459] SGTD
[16:49:06] [264/459] CONX
[16:49:07] [265/459] CCMH
[16:49:08] [266/459] ACMC
[16:49:09] [267/459] DTPD
[16:49:10] [268/459] POJA
[16:49:11] [269/459] FNBH
[16:49:12] [270/459] CGCB
[16:49:13] [271/459] RACN
[16:49:14] [272/459] JTSM
[16:49:14] [273/459] SCDN
[16:49:15] [274/459] AACK
[16:49:17] [275/459] RMCE
[16:49:18] [276/459] BSGB
[16:49:18] [277/459] MRCB
[16:49:19] [278/459] SRVR
[16:49:20] [279/459] VTKK
[16:49:20] [280/459] AMST
[16:49:22] [281/459] APCY
[16:49:22] [282/459] LMHO
[16:49:23] [283/459] MTZH
[16:49:24] [284/459] AMZB
[16:49:24] [285/459] SUVT
[16:49:25] [286/459] RCIP
[16:49:26] [287/459] KESR
[16:49:27] [288/459] SNKC
[16:49:28] [289/459] SCED
[16:49:28] [290/459] DVCA
[16:49:29] [291/459] VCDT
[16:49:30] [292/459] RRDI
[16:49:30] [293/459] DFCH
[16:49:31] [294/459] INSC
[16:49:32] [295/459] RGTR
[16:49:34] [296/459] FMOT
[16:49:34] [297/459] SCPM
[16:49:35] [298/459] GCDT
[16:49:36] [299/459] BRKT
[16:49:37] [300/459] DEMP
[16:49:38] [301/459] SRLC
[16:49:38] [302/459] KSTT
[16:49:39] [303/459] SMMT
[16:49:40] [304/459] SILM
[16:49:41] [305/459] JCVM
[16:49:41] [306/459] KCSV
[16:49:42] [307/459] MHLK
[16:49:43] [308/459] SLVL
[16:49:44] [309/459] RJKP
[16:49:45] [310/459] BBPC
[16:49:47] [311/459] MXCB
[16:49:47] [312/459] TCPK
[16:49:48] [313/459] RTBR
[16:49:49] [314/459] GAUT
[16:49:50] [315/459] DVCF
[16:49:50] [316/459] JTSB
[16:49:51] [317/459] SBLS
[16:49:52] [318/459] UDAY
[16:49:54] [319/459] PTNP
[16:49:54] [320/459] DMKT
[16:49:55] [321/459] NTDT
[16:49:56] [322/459] SHDJ
[16:49:58] [323/459] OTNC
[16:49:59] [324/459] RNTW
[16:49:59] [325/459] GCMI
[16:50:00] [326/459] CRCM
[16:50:01] [327/459] NNCZ
[16:50:02] [328/459] OEMO
[16:50:03] [329/459] PVJM
[16:50:04] [330/459] CPJI
[16:50:05] [331/459] RMCJ
[16:50:06] [332/459] CNWJ
[16:50:06] [333/459] EPJM
[16:50:07] [334/459] FNJJ
[16:50:08] [335/459] GCMJ
[16:50:09] [336/459] INPS
[16:50:10] [337/459] BICJ
[16:50:11] [338/459] ISTJ
[16:50:11] [339/459] INJC
[16:50:12] [340/459] GLXJ
[16:50:13] [341/459] INEM
[16:50:14] [342/459] JTMN
[16:50:15] [343/459] FRCJ
[16:50:16] [344/459] DDJP
[16:50:17] [345/459] INJV
[16:50:19] [346/459] GOLC
[16:50:19] [347/459] KOCI
[16:50:20] [348/459] FSTD
[16:50:21] [349/459] PACJ
[16:50:22] [350/459] GMCN
[16:50:23] [351/459] MMDJ
[16:50:24] [352/459] GODH
[16:50:25] [353/459] SKYN
[16:50:26] [354/459] NCTH
[16:50:27] [355/459] SKVZ
[16:50:28] [356/459] SVML
[16:50:29] [357/459] ACVZ
[16:50:30] [358/459] SURA
[16:50:31] [359/459] RTRB
[16:50:32] [360/459] LLCT
[16:50:33] [361/459] ATTS
[16:50:34] [362/459] JYCM
[16:50:35] [363/459] CTKR
[16:50:35] [364/459] LCKR
[16:50:36] [365/459] NYCV
[16:50:37] [366/459] NYOH
[16:50:38] [367/459] NOVX
[16:50:39] [368/459] MRGK
[16:50:40] [369/459] MOON
[16:50:40] [370/459] SBUC
[16:50:41] [371/459] GSVA
[16:50:42] [372/459] VIAK
[16:50:43] [373/459] SMVZ
[16:50:44] [374/459] MATE
[16:50:45] [375/459] RDCN
[16:50:46] [376/459] ASBL
[16:50:47] [377/459] ASVS
[16:50:49] [378/459] ASSR
[16:50:50] [379/459] SSKN
[16:50:51] [380/459] DRPV
[16:50:52] [381/459] MRHT
[16:50:53] [382/459] BSCN
[16:50:53] [383/459] RKNX
[16:50:55] [384/459] MSMC
[16:50:56] [385/459] MSCJ
[16:50:57] [386/459] BTBJ
[16:50:58] [387/459] MJCC
[16:50:59] [388/459] IOMM
[16:51:00] [389/459] ADGR
[16:51:02] [390/459] MYCP
[16:51:02] [391/459] IGCM
[16:51:03] [392/459] PGRK
[16:51:04] [393/459] VPGO
[16:51:06] [394/459] KOMS
[16:51:07] [395/459] URGG
[16:51:07] [396/459] GOST
[16:51:08] [397/459] LACT
[16:51:09] [398/459] BWCM
[16:51:10] [399/459] NCCW
[16:51:12] [400/459] SKYC
[16:51:12] [401/459] CCPM
[16:51:13] [402/459] VCBT
[16:51:14] [403/459] SDKR
[16:51:15] [404/459] CTYB
[16:51:15] [405/459] SHCX
[16:51:16] [406/459] RCUN
[16:51:17] [407/459] CNRA
[16:51:18] [408/459] RFCA
[16:51:19] [409/459] RDCU
[16:51:20] [410/459] SARK
[16:51:20] [411/459] SPPP
[16:51:21] [412/459] ADMB
[16:51:22] [413/459] JYOE
[16:51:23] [414/459] SRMD
[16:51:24] [415/459] RJDH
[16:51:25] [416/459] SSTD
[16:51:26] [417/459] AACV
[16:51:27] [418/459] PPVD
[16:51:28] [419/459] STCP
[16:51:29] [420/459] ANJR
[16:51:30] [421/459] ANLS
[16:51:30] [422/459] BIJO
[16:51:31] [423/459] AVAB
[16:51:32] [424/459] SPMD
[16:51:33] [425/459] SVJL
[16:51:34] [426/459] SDDJ
[16:51:35] [427/459] SLTU
[16:51:36] [428/459] SAKA
[16:51:37] [429/459] PMAM
[16:51:38] [430/459] FNAM
[16:51:38] [431/459] ACAM
[16:51:40] [432/459] SCMM
[16:51:41] [433/459] PMAK
[16:51:41] [434/459] NYSA
[16:51:42] [435/459] FCPA
[16:51:43] [436/459] GDAN
[16:51:44] [437/459] RSCA
[16:51:45] [438/459] DMAN
[16:51:45] [439/459] DZCM
[16:51:46] [440/459] NSGL
[16:51:47] [441/459] CCPP
[16:51:48] [442/459] PSMG
[16:51:49] [443/459] GSER
[16:51:50] [444/459] FCCT
[16:51:51] [445/459] FCTB
[16:51:52] [446/459] LCNK
[16:51:53] [447/459] SKTY
[16:51:54] [448/459] INAA
[16:51:55] [449/459] RCWN
[16:51:56] [450/459] VAIS
[16:51:57] [451/459] CVMN
[16:51:57] [452/459] INTS
[16:51:58] [453/459] FRGS
[16:51:59] [454/459] DTCK
[16:52:00] [455/459] MCMH
[16:52:01] [456/459] ECRR
[16:52:01] [457/459] RLLP
[16:52:02] [458/459] CCSN
[16:52:03] [459/459] CCBA
[16:52:05] 🧹 Deduping shows
[16:52:05] ✅ DONE | Shows=118 | Movies=8
[04:42:30] 🚀 SCRIPT STARTED
[04:42:30] [1/459] MBDC
[04:42:30] 🧠 New identity created
[04:42:31] [2/459] CHKM
[04:42:32] [3/459] JTKZ
[04:42:32] [4/459] CMCT
[04:42:33] [5/459] ASHO
[04:42:34] [6/459] ECDG
[04:42:35] [7/459] SPAT
[04:42:35] [8/459] HILC
[04:42:36] [9/459] SPPH
[04:42:36] [10/459] SBHN
[04:42:37] [11/459] RRCA
[04:42:37] [12/459] APAA
[04:42:38] [13/459] RAME
[04:42:39] [14/459] TMMS
[04:42:39] [15/459] BATK
[04:42:40] [16/459] LKOP
[04:42:41] [17/459] AMTT
[04:42:41] [18/459] PTGK
[04:42:42] [19/459] ANRS
[04:42:43] [20/459] VWBW
[04:42:43] [21/459] SVFG
[04:42:44] [22/459] STAT
[04:42:44] [23/459] GDCV
[04:42:45] [24/459] VEBI
[04:42:46] [25/459] VDSS
[04:42:46] [26/459] NTHV
[04:42:47] [27/459] AOCH
[04:42:48] [28/459] KASR
[04:42:48] [29/459] AYCS
[04:42:49] [30/459] SHAI
[04:42:49] [31/459] SKPE
[04:42:50] [32/459] SBTA
[04:42:50] [33/459] RTTD
[04:42:51] [34/459] CCJD
[04:42:52] [35/459] RSJJ
[04:42:52] [36/459] RKND
[04:42:53] [37/459] SVTX
[04:42:53] [38/459] BAKM
[04:42:54] [39/459] SVDC
[04:42:54] [40/459] MNCV
[04:42:55] [41/459] SJGC
[04:42:55] [42/459] MTPK
[04:42:56] [43/459] GATP
[04:42:56] [44/459] ABTS
[04:42:57] [45/459] ABDE
[04:42:58] [46/459] RCNM
[04:42:58] [47/459] KTHV
[04:42:59] [48/459] MDGJ
[04:42:59] [49/459] SMLM
[04:43:00] [50/459] JTMA
[04:43:01] [51/459] ACKP
[04:43:01] [52/459] SRTA
[04:43:02] [53/459] STAY
[04:43:02] [54/459] MAVO
[04:43:03] [55/459] APTS
[04:43:04] [56/459] OMEA
[04:43:04] [57/459] TTFD
[04:43:05] [58/459] MJCU
[04:43:05] [59/459] CXTE
[04:43:06] [60/459] CTPX
[04:43:06] [61/459] ASSL
[04:43:07] [62/459] CMVB
[04:43:08] [63/459] VPUR
[04:43:08] [64/459] JJDA
[04:43:09] [65/459] INBL
[04:43:09] [66/459] BIKB
[04:43:10] [67/459] NTBB
[04:43:10] [68/459] GLOB
[04:43:11] [69/459] SNTB
[04:43:11] [70/459] CHGV
[04:43:12] [71/459] SSBZ
[04:43:13] [72/459] PRDB
[04:43:13] [73/459] ISMT
[04:43:14] [74/459] MCSD
[04:43:14] [75/459] JBTT
[04:43:15] [76/459] GEKR
[04:43:15] [77/459] PVUN
[04:43:16] [78/459] NRTB
[04:43:17] [79/459] PRAA
[04:43:17] [80/459] PCBL
[04:43:18] [81/459] PTCM
[04:43:19] [82/459] KHNN
[04:43:19] [83/459] OMJE
[04:43:20] [84/459] STGN
[04:43:20] [85/459] RPMS
[04:43:21] [86/459] NWAD
[04:43:22] [87/459] BLCK
[04:43:22] [88/459] SVAA
[04:43:23] [89/459] URVM
[04:43:23] [90/459] ANTM
[04:43:24] [91/459] VJYM
[04:43:25] [92/459] MAZZ
[04:43:25] [93/459] CSHM
[04:43:26] [94/459] WGMH
[04:43:27] [95/459] SALN
[04:43:27] [96/459] BRTP
[04:43:28] [97/459] SVTA
[04:43:28] [98/459] SBTP
[04:43:29] [99/459] VLSS
[04:43:29] [100/459] SRJA
[04:43:30] [101/459] ANCG
[04:43:30] [102/459] CGGC
[04:43:31] [103/459] CRJA
[04:43:32] [104/459] USCR
[04:43:32] [105/459] MMEF
[04:43:33] [106/459] JCRJ
[04:43:33] [107/459] ADCM
[04:43:34] [108/459] BMYK
[04:43:35] [109/459] KICS
[04:43:35] [110/459] MBBT
[04:43:36] [111/459] MACK
[04:43:37] [112/459] CLDR
[04:43:37] [113/459] JYCR
[04:43:38] [114/459] DCRP
[04:43:39] [115/459] RAHT
[04:43:39] [116/459] CSSM
[04:43:40] [117/459] ATPK
[04:43:40] [118/459] KLRT
[04:43:41] [119/459] SRDD
[04:43:41] [120/459] CKMC
[04:43:42] [121/459] KRVM
[04:43:43] [122/459] AKCP
[04:43:43] [123/459] CNCV
[04:43:44] [124/459] PACT
[04:43:44] [125/459] NATP
[04:43:45] [126/459] PCPK
[04:43:46] [127/459] SMHO
[04:43:46] [128/459] CWTK
[04:43:47] [129/459] RVKZ
[04:43:47] [130/459] ASPD
[04:43:48] [131/459] VTKZ
[04:43:48] [132/459] LCSO
[04:43:49] [133/459] PRDY
[04:43:49] [134/459] RCAP
[04:43:50] [135/459] RGAR
[04:43:51] [136/459] RCAC
[04:43:52] [137/459] PMOD
[04:43:52] [138/459] PVCN
[04:43:53] [139/459] SCRZ
[04:43:53] [140/459] PVPC
[04:43:53] [141/459] STID
[04:43:54] [142/459] NEDD
[04:43:55] [143/459] BNBA
[04:43:55] [144/459] NTCD
[04:43:56] [145/459] OCDE
[04:43:57] [146/459] CCDU
[04:43:58] [147/459] CRXH
[04:43:58] [148/459] VLVT
[04:43:59] [149/459] CICI
[04:43:59] [150/459] SUCB
[04:43:59] [151/459] TCBP
[04:44:00] [152/459] SCCY
[04:44:01] [153/459] LXCY
[04:44:01] [154/459] NCMD
[04:44:02] [155/459] PHCS
[04:44:02] [156/459] DUXR
[04:44:03] [157/459] VNKS
[04:44:03] [158/459] SEDP
[04:44:04] [159/459] SVEN
[04:44:04] [160/459] SRKM
[04:44:05] [161/459] JTLT
[04:44:06] [162/459] SVSS
[04:44:06] [163/459] AMDE
[04:44:07] [164/459] WVRN
[04:44:08] [165/459] ISMG
[04:44:08] [166/459] WVKS
[04:44:09] [167/459] USCG
[04:44:09] [168/459] IOTG
[04:44:10] [169/459] RRJM
[04:44:10] [170/459] EDMP
[04:44:11] [171/459] SCGZ
[04:44:11] [172/459] GMGX
[04:44:12] [173/459] OMTP
[04:44:13] [174/459] MITD
[04:44:13] [175/459] SMMD
[04:44:13] [176/459] STML
[04:44:14] [177/459] MCFS
[04:44:15] [178/459] FPKA
[04:44:15] [179/459] OMLR
[04:44:16] [180/459] KKSC
[04:44:16] [181/459] RVMA
[04:44:17] [182/459] SCLL
[04:44:18] [183/459] SCDK
[04:44:18] [184/459] SXMI
[04:44:19] [185/459] SHDN
[04:44:20] [186/459] PAAD
[04:44:21] [187/459] UUCB
[04:44:21] [188/459] JHOL
[04:44:22] [189/459] SGWT
[04:44:22] [190/459] SRII
[04:44:23] [191/459] SGCK
[04:44:23] [192/459] SVVB
[04:44:24] [193/459] DMHA
[04:44:24] [194/459] PPNL
[04:44:25] [195/459] CPNL
[04:44:25] [196/459] WVLD
[04:44:26] [197/459] PSLV
[04:44:27] [198/459] VTTL
[04:44:27] [199/459] NPAD
[04:44:28] [200/459] PVCS
[04:44:28] [201/459] MCHL
[04:44:29] [202/459] PPLL
[04:44:29] [203/459] MALO
[04:44:30] [204/459] SWBH
[04:44:30] [205/459] PUGB
[04:44:31] [206/459] INBB
[04:44:32] [207/459] INNS
[04:44:32] [208/459] MCPT
[04:44:33] [209/459] SCMI
[04:44:33] [210/459] OCON
[04:44:34] [211/459] SCSM
[04:44:35] [212/459] RJVN
[04:44:35] [213/459] AMDK
[04:44:36] [214/459] ISMR
[04:44:37] [215/459] SMTD
[04:44:37] [216/459] VTDD
[04:44:38] [217/459] PDDZ
[04:44:38] [218/459] PCCK
[04:44:39] [219/459] INAM
[04:44:39] [220/459] FNKT
[04:44:40] [221/459] GDKA
[04:44:41] [222/459] MAYU
[04:44:41] [223/459] TCGU
[04:44:42] [224/459] KDCA
[04:44:42] [225/459] DOMY
[04:44:43] [226/459] PDDD
[04:44:43] [227/459] BJTS
[04:44:44] [228/459] VTCA
[04:44:44] [229/459] SBTM
[04:44:45] [230/459] SEET
[04:44:45] [231/459] SSTJ
[04:44:46] [232/459] SVNT
[04:44:46] [233/459] PPPR
[04:44:47] [234/459] PVYS
[04:44:47] [235/459] IOSE
[04:44:48] [236/459] ACTV
[04:44:49] [237/459] APVE
[04:44:49] [238/459] TCCL
[04:44:50] [239/459] SCMO
[04:44:50] [240/459] SAUM
[04:44:51] [241/459] KCJS
[04:44:52] [242/459] NJCJ
[04:44:52] [243/459] NECF
[04:44:53] [244/459] CCGW
[04:44:53] [245/459] CCMG
[04:44:54] [246/459] NYRG
[04:44:55] [247/459] NCSQ
[04:44:55] [248/459] GRCG
[04:44:56] [249/459] CCBT
[04:44:56] [250/459] ACGA
[04:44:57] [251/459] INAG
[04:44:57] [252/459] FUCG
[04:44:58] [253/459] AICF
[04:44:58] [254/459] GRGA
[04:44:59] [255/459] GDCN
[04:45:00] [256/459] RRCG
[04:45:00] [257/459] SDCH
[04:45:01] [258/459] WVJM
[04:45:01] [259/459] JCCZ
[04:45:02] [260/459] CNCL
[04:45:03] [261/459] TMLV
[04:45:03] [262/459] MEMB
[04:45:04] [263/459] SGTD
[04:45:04] [264/459] CONX
[04:45:05] [265/459] CCMH
[04:45:06] [266/459] ACMC
[04:45:06] [267/459] DTPD
[04:45:07] [268/459] POJA
[04:45:07] [269/459] FNBH
[04:45:08] [270/459] CGCB
[04:45:08] [271/459] RACN
[04:45:09] [272/459] JTSM
[04:45:09] [273/459] SCDN
[04:45:10] [274/459] AACK
[04:45:11] [275/459] RMCE
[04:45:11] [276/459] BSGB
[04:45:12] [277/459] MRCB
[04:45:13] [278/459] SRVR
[04:45:13] [279/459] VTKK
[04:45:14] [280/459] AMST
[04:45:14] [281/459] APCY
[04:45:15] [282/459] LMHO
[04:45:15] [283/459] MTZH
[04:45:16] [284/459] AMZB
[04:45:17] [285/459] SUVT
[04:45:17] [286/459] RCIP
[04:45:18] [287/459] KESR
[04:45:18] [288/459] SNKC
[04:45:19] [289/459] SCED
[04:45:20] [290/459] DVCA
[04:45:20] [291/459] VCDT
[04:45:21] [292/459] RRDI
[04:45:21] [293/459] DFCH
[04:45:21] [294/459] INSC
[04:45:22] [295/459] RGTR
[04:45:23] [296/459] FMOT
[04:45:23] [297/459] SCPM
[04:45:24] [298/459] GCDT
[04:45:25] [299/459] BRKT
[04:45:25] [300/459] DEMP
[04:45:26] [301/459] SRLC
[04:45:26] [302/459] KSTT
[04:45:27] [303/459] SMMT
[04:45:28] [304/459] SILM
[04:45:28] [305/459] JCVM
[04:45:29] [306/459] KCSV
[04:45:30] [307/459] MHLK
[04:45:30] [308/459] SLVL
[04:45:31] [309/459] RJKP
[04:45:31] [310/459] BBPC
[04:45:32] [311/459] MXCB
[04:45:32] [312/459] TCPK
[04:45:33] [313/459] RTBR
[04:45:33] [314/459] GAUT
[04:45:34] [315/459] DVCF
[04:45:34] [316/459] JTSB
[04:45:35] [317/459] SBLS
[04:45:35] [318/459] UDAY
[04:45:36] [319/459] PTNP
[04:45:37] [320/459] DMKT
[04:45:37] [321/459] NTDT
[04:45:38] [322/459] SHDJ
[04:45:38] [323/459] OTNC
[04:45:39] [324/459] RNTW
[04:45:39] [325/459] GCMI
[04:45:40] [326/459] CRCM
[04:45:40] [327/459] NNCZ
[04:45:41] [328/459] OEMO
[04:45:42] [329/459] PVJM
[04:45:42] [330/459] CPJI
[04:45:43] [331/459] RMCJ
[04:45:44] [332/459] CNWJ
[04:45:44] [333/459] EPJM
[04:45:45] [334/459] FNJJ
[04:45:45] [335/459] GCMJ
[04:45:46] [336/459] INPS
[04:45:46] [337/459] BICJ
[04:45:47] [338/459] ISTJ
[04:45:47] [339/459] INJC
[04:45:48] [340/459] GLXJ
[04:45:48] [341/459] INEM
[04:45:49] [342/459] JTMN
[04:45:50] [343/459] FRCJ
[04:45:50] [344/459] DDJP
[04:45:51] [345/459] INJV
[04:45:52] [346/459] GOLC
[04:45:52] [347/459] KOCI
[04:45:53] [348/459] FSTD
[04:45:54] [349/459] PACJ
[04:45:54] [350/459] GMCN
[04:45:55] [351/459] MMDJ
[04:45:55] [352/459] GODH
[04:45:56] [353/459] SKYN
[04:45:57] [354/459] NCTH
[04:45:57] [355/459] SKVZ
[04:45:58] [356/459] SVML
[04:45:59] [357/459] ACVZ
[04:45:59] [358/459] SURA
[04:46:00] [359/459] RTRB
[04:46:00] [360/459] LLCT
[04:46:01] [361/459] ATTS
[04:46:01] [362/459] JYCM
[04:46:02] [363/459] CTKR
[04:46:03] [364/459] LCKR
[04:46:03] [365/459] NYCV
[04:46:04] [366/459] NYOH
[04:46:05] [367/459] NOVX
[04:46:05] [368/459] MRGK
[04:46:06] [369/459] MOON
[04:46:07] [370/459] SBUC
[04:46:07] [371/459] GSVA
[04:46:08] [372/459] VIAK
[04:46:09] [373/459] SMVZ
[04:46:09] [374/459] MATE
[04:46:10] [375/459] RDCN
[04:46:10] [376/459] ASBL
[04:46:11] [377/459] ASVS
[04:46:11] [378/459] ASSR
[04:46:12] [379/459] SSKN
[04:46:12] [380/459] DRPV
[04:46:13] [381/459] MRHT
[04:46:14] [382/459] BSCN
[04:46:14] [383/459] RKNX
[04:46:15] [384/459] MSMC
[04:46:15] [385/459] MSCJ
[04:46:16] [386/459] BTBJ
[04:46:16] [387/459] MJCC
[04:46:17] [388/459] IOMM
[04:46:18] [389/459] ADGR
[04:46:18] [390/459] MYCP
[04:46:19] [391/459] IGCM
[04:46:19] [392/459] PGRK
[04:46:20] [393/459] VPGO
[04:46:21] [394/459] KOMS
[04:46:22] [395/459] URGG
[04:46:22] [396/459] GOST
[04:46:22] [397/459] LACT
[04:46:23] [398/459] BWCM
[04:46:23] [399/459] NCCW
[04:46:24] [400/459] SKYC
[04:46:25] [401/459] CCPM
[04:46:25] [402/459] VCBT
[04:46:26] [403/459] SDKR
[04:46:26] [404/459] CTYB
[04:46:27] [405/459] SHCX
[04:46:27] [406/459] RCUN
[04:46:28] [407/459] CNRA
[04:46:29] [408/459] RFCA
[04:46:29] [409/459] RDCU
[04:46:30] [410/459] SARK
[04:46:30] [411/459] SPPP
[04:46:31] [412/459] ADMB
[04:46:32] [413/459] JYOE
[04:46:32] [414/459] SRMD
[04:46:33] [415/459] RJDH
[04:46:33] [416/459] SSTD
[04:46:34] [417/459] AACV
[04:46:34] [418/459] PPVD
[04:46:35] [419/459] STCP
[04:46:35] [420/459] ANJR
[04:46:36] [421/459] ANLS
[04:46:36] [422/459] BIJO
[04:46:37] [423/459] AVAB
[04:46:37] [424/459] SPMD
[04:46:38] [425/459] SVJL
[04:46:39] [426/459] SDDJ
[04:46:39] [427/459] SLTU
[04:46:40] [428/459] SAKA
[04:46:40] [429/459] PMAM
[04:46:41] [430/459] FNAM
[04:46:41] [431/459] ACAM
[04:46:42] [432/459] SCMM
[04:46:42] [433/459] PMAK
[04:46:43] [434/459] NYSA
[04:46:44] [435/459] FCPA
[04:46:44] [436/459] GDAN
[04:46:45] [437/459] RSCA
[04:46:45] [438/459] DMAN
[04:46:46] [439/459] DZCM
[04:46:46] [440/459] NSGL
[04:46:47] [441/459] CCPP
[04:46:47] [442/459] PSMG
[04:46:48] [443/459] GSER
[04:46:49] [444/459] FCCT
[04:46:49] [445/459] FCTB
[04:46:50] [446/459] LCNK
[04:46:50] [447/459] SKTY
[04:46:51] [448/459] INAA
[04:46:51] [449/459] RCWN
[04:46:52] [450/459] VAIS
[04:46:52] [451/459] CVMN
[04:46:53] [452/459] INTS
[04:46:53] [453/459] FRGS
[04:46:54] [454/459] DTCK
[04:46:54] [455/459] MCMH
[04:46:55] [456/459] ECRR
[04:46:55] [457/459] RLLP
[04:46:56] [458/459] CCSN
[04:46:56] [459/459] CCBA
[04:46:57] 🧹 Deduping shows
[04:46:57] ✅ DONE | Shows=131 | Movies=9
[11:53:14] 🚀 SCRIPT STARTED
[11:53:14] [1/459] MBDC
[11:53:14] 🧠 New identity created
[11:53:15] [2/459] CHKM
[11:53:16] [3/459] JTKZ
[11:53:17] [4/459] CMCT
[11:53:17] [5/459] ASHO
[11:53:18] [6/459] ECDG
[11:53:20] [7/459] SPAT
[11:53:20] [8/459] HILC
[11:53:21] [9/459] SPPH
[11:53:22] [10/459] SBHN
[11:53:23] [11/459] RRCA
[11:53:24] [12/459] APAA
[11:53:25] [13/459] RAME
[11:53:26] [14/459] TMMS
[11:53:27] [15/459] BATK
[11:53:28] [16/459] LKOP
[11:53:28] [17/459] AMTT
[11:53:30] [18/459] PTGK
[11:53:30] [19/459] ANRS
[11:53:31] [20/459] VWBW
[11:53:32] [21/459] SVFG
[11:53:33] [22/459] STAT
[11:53:34] [23/459] GDCV
[11:53:35] [24/459] VEBI
[11:53:36] [25/459] VDSS
[11:53:37] [26/459] NTHV
[11:53:38] [27/459] AOCH
[11:53:39] [28/459] KASR
[11:53:40] [29/459] AYCS
[11:53:41] [30/459] SHAI
[11:53:41] [31/459] SKPE
[11:53:42] [32/459] SBTA
[11:53:43] [33/459] RTTD
[11:53:44] [34/459] CCJD
[11:53:45] [35/459] RSJJ
[11:53:46] [36/459] RKND
[11:53:47] [37/459] SVTX
[11:53:48] [38/459] BAKM
[11:53:48] [39/459] SVDC
[11:53:49] [40/459] MNCV
[11:53:51] [41/459] SJGC
[11:53:52] [42/459] MTPK
[11:53:52] [43/459] GATP
[11:53:53] [44/459] ABTS
[11:53:55] [45/459] ABDE
[11:53:56] [46/459] RCNM
[11:53:57] [47/459] KTHV
[11:53:58] [48/459] MDGJ
[11:53:58] [49/459] SMLM
[11:53:59] [50/459] JTMA
[11:54:00] [51/459] ACKP
[11:54:01] [52/459] SRTA
[11:54:02] [53/459] STAY
[11:54:03] [54/459] MAVO
[11:54:03] [55/459] APTS
[11:54:04] [56/459] OMEA
[11:54:05] [57/459] TTFD
[11:54:06] [58/459] MJCU
[11:54:07] [59/459] CXTE
[11:54:08] [60/459] CTPX
[11:54:09] [61/459] ASSL
[11:54:10] [62/459] CMVB
[11:54:11] [63/459] VPUR
[11:54:12] [64/459] JJDA
[11:54:13] [65/459] INBL
[11:54:15] [66/459] BIKB
[11:54:15] [67/459] NTBB
[11:54:17] [68/459] GLOB
[11:54:18] [69/459] SNTB
[11:54:19] [70/459] CHGV
[11:54:20] [71/459] SSBZ
[11:54:21] [72/459] PRDB
[11:54:21] [73/459] ISMT
[11:54:22] [74/459] MCSD
[11:54:23] [75/459] JBTT
[11:54:24] [76/459] GEKR
[11:54:25] [77/459] PVUN
[11:54:26] [78/459] NRTB
[11:54:27] [79/459] PRAA
[11:54:27] [80/459] PCBL
[11:54:29] [81/459] PTCM
[11:54:30] [82/459] KHNN
[11:54:32] [83/459] OMJE
[11:54:33] [84/459] STGN
[11:54:34] [85/459] RPMS
[11:54:35] [86/459] NWAD
[11:54:36] [87/459] BLCK
[11:54:36] [88/459] SVAA
[11:54:37] [89/459] URVM
[11:54:38] [90/459] ANTM
[11:54:39] [91/459] VJYM
[11:54:40] [92/459] MAZZ
[11:54:40] [93/459] CSHM
[11:54:41] [94/459] WGMH
[11:54:43] [95/459] SALN
[11:54:44] [96/459] BRTP
[11:54:45] [97/459] SVTA
[11:54:45] [98/459] SBTP
[11:54:46] [99/459] VLSS
[11:54:47] [100/459] SRJA
[11:54:48] [101/459] ANCG
[11:54:49] [102/459] CGGC
[11:54:50] [103/459] CRJA
[11:54:50] [104/459] USCR
[11:54:51] [105/459] MMEF
[11:54:52] [106/459] JCRJ
[11:54:53] [107/459] ADCM
[11:54:54] [108/459] BMYK
[11:54:55] [109/459] KICS
[11:54:55] [110/459] MBBT
[11:54:56] [111/459] MACK
[11:54:58] [112/459] CLDR
[11:54:58] [113/459] JYCR
[11:54:59] [114/459] DCRP
[11:55:00] [115/459] RAHT
[11:55:01] [116/459] CSSM
[11:55:02] [117/459] ATPK
[11:55:02] [118/459] KLRT
[11:55:03] [119/459] SRDD
[11:55:04] [120/459] CKMC
[11:55:04] [121/459] KRVM
[11:55:05] [122/459] AKCP
[11:55:06] [123/459] CNCV
[11:55:07] [124/459] PACT
[11:55:08] [125/459] NATP
[11:55:09] [126/459] PCPK
[11:55:10] [127/459] SMHO
[11:55:10] [128/459] CWTK
[11:55:11] [129/459] RVKZ
[11:55:12] [130/459] ASPD
[11:55:13] [131/459] VTKZ
[11:55:14] [132/459] LCSO
[11:55:15] [133/459] PRDY
[11:55:16] [134/459] RCAP
[11:55:16] [135/459] RGAR
[11:55:17] [136/459] RCAC
[11:55:18] [137/459] PMOD
[11:55:19] [138/459] PVCN
[11:55:20] [139/459] SCRZ
[11:55:21] [140/459] PVPC
[11:55:22] [141/459] STID
[11:55:22] [142/459] NEDD
[11:55:23] [143/459] BNBA
[11:55:24] [144/459] NTCD
[11:55:25] [145/459] OCDE
[11:55:26] [146/459] CCDU
[11:55:27] [147/459] CRXH
[11:55:27] [148/459] VLVT
[11:55:28] [149/459] CICI
[11:55:29] [150/459] SUCB
[11:55:30] [151/459] TCBP
[11:55:31] [152/459] SCCY
[11:55:31] [153/459] LXCY
[11:55:32] [154/459] NCMD
[11:55:33] [155/459] PHCS
[11:55:33] [156/459] DUXR
[11:55:34] [157/459] VNKS
[11:55:35] [158/459] SEDP
[11:55:36] [159/459] SVEN
[11:55:37] [160/459] SRKM
[11:55:37] [161/459] JTLT
[11:55:39] [162/459] SVSS
[11:55:40] [163/459] AMDE
[11:55:40] [164/459] WVRN
[11:55:41] [165/459] ISMG
[11:55:42] [166/459] WVKS
[11:55:43] [167/459] USCG
[11:55:44] [168/459] IOTG
[11:55:44] [169/459] RRJM
[11:55:45] [170/459] EDMP
[11:55:46] [171/459] SCGZ
[11:55:47] [172/459] GMGX
[11:55:48] [173/459] OMTP
[11:55:49] [174/459] MITD
[11:55:50] [175/459] SMMD
[11:55:50] [176/459] STML
[11:55:51] [177/459] MCFS
[11:55:52] [178/459] FPKA
[11:55:52] [179/459] OMLR
[11:55:53] [180/459] KKSC
[11:55:54] [181/459] RVMA
[11:55:55] [182/459] SCLL
[11:55:56] [183/459] SCDK
[11:55:57] [184/459] SXMI
[11:55:58] [185/459] SHDN
[11:55:59] [186/459] PAAD
[11:56:00] [187/459] UUCB
[11:56:00] [188/459] JHOL
[11:56:01] [189/459] SGWT
[11:56:02] [190/459] SRII
[11:56:03] [191/459] SGCK
[11:56:03] [192/459] SVVB
[11:56:04] [193/459] DMHA
[11:56:05] [194/459] PPNL
[11:56:06] [195/459] CPNL
[11:56:07] [196/459] WVLD
[11:56:07] [197/459] PSLV
[11:56:08] [198/459] VTTL
[11:56:09] [199/459] NPAD
[11:56:10] [200/459] PVCS
[11:56:10] [201/459] MCHL
[11:56:11] [202/459] PPLL
[11:56:12] [203/459] MALO
[11:56:14] [204/459] SWBH
[11:56:14] [205/459] PUGB
[11:56:15] [206/459] INBB
[11:56:16] [207/459] INNS
[11:56:17] [208/459] MCPT
[11:56:17] [209/459] SCMI
[11:56:18] [210/459] OCON
[11:56:19] [211/459] SCSM
[11:56:20] [212/459] RJVN
[11:56:21] [213/459] AMDK
[11:56:22] [214/459] ISMR
[11:56:22] [215/459] SMTD
[11:56:23] [216/459] VTDD
[11:56:24] [217/459] PDDZ
[11:56:26] [218/459] PCCK
[11:56:27] [219/459] INAM
[11:56:28] [220/459] FNKT
[11:56:29] [221/459] GDKA
[11:56:30] [222/459] MAYU
[11:56:31] [223/459] TCGU
[11:56:32] [224/459] KDCA
[11:56:32] [225/459] DOMY
[11:56:33] [226/459] PDDD
[11:56:35] [227/459] BJTS
[11:56:36] [228/459] VTCA
[11:56:38] [229/459] SBTM
[11:56:39] [230/459] SEET
[11:56:40] [231/459] SSTJ
[11:56:41] [232/459] SVNT
[11:56:42] [233/459] PPPR
[11:56:42] [234/459] PVYS
[11:56:43] [235/459] IOSE
[11:56:44] [236/459] ACTV
[11:56:45] [237/459] APVE
[11:56:45] [238/459] TCCL
[11:56:47] [239/459] SCMO
[11:56:48] [240/459] SAUM
[11:56:49] [241/459] KCJS
[11:56:49] [242/459] NJCJ
[11:56:50] [243/459] NECF
[11:56:51] [244/459] CCGW
[11:56:52] [245/459] CCMG
[11:56:53] [246/459] NYRG
[11:56:54] [247/459] NCSQ
[11:56:55] [248/459] GRCG
[11:56:55] [249/459] CCBT
[11:56:56] [250/459] ACGA
[11:56:57] [251/459] INAG
[11:56:58] [252/459] FUCG
[11:56:59] [253/459] AICF
[11:57:00] [254/459] GRGA
[11:57:01] [255/459] GDCN
[11:57:02] [256/459] RRCG
[11:57:03] [257/459] SDCH
[11:57:04] [258/459] WVJM
[11:57:04] [259/459] JCCZ
[11:57:05] [260/459] CNCL
[11:57:06] [261/459] TMLV
[11:57:07] [262/459] MEMB
[11:57:08] [263/459] SGTD
[11:57:09] [264/459] CONX
[11:57:10] [265/459] CCMH
[11:57:11] [266/459] ACMC
[11:57:12] [267/459] DTPD
[11:57:12] [268/459] POJA
[11:57:13] [269/459] FNBH
[11:57:14] [270/459] CGCB
[11:57:15] [271/459] RACN
[11:57:17] [272/459] JTSM
[11:57:17] [273/459] SCDN
[11:57:18] [274/459] AACK
[11:57:19] [275/459] RMCE
[11:57:20] [276/459] BSGB
[11:57:20] [277/459] MRCB
[11:57:21] [278/459] SRVR
[11:57:22] [279/459] VTKK
[11:57:23] [280/459] AMST
[11:57:24] [281/459] APCY
[11:57:24] [282/459] LMHO
[11:57:25] [283/459] MTZH
[11:57:26] [284/459] AMZB
[11:57:27] [285/459] SUVT
[11:57:27] [286/459] RCIP
[11:57:28] [287/459] KESR
[11:57:29] [288/459] SNKC
[11:57:30] [289/459] SCED
[11:57:31] [290/459] DVCA
[11:57:32] [291/459] VCDT
[11:57:33] [292/459] RRDI
[11:57:34] [293/459] DFCH
[11:57:34] [294/459] INSC
[11:57:35] [295/459] RGTR
[11:57:36] [296/459] FMOT
[11:57:37] [297/459] SCPM
[11:57:38] [298/459] GCDT
[11:57:39] [299/459] BRKT
[11:57:40] [300/459] DEMP
[11:57:41] [301/459] SRLC
[11:57:42] [302/459] KSTT
[11:57:43] [303/459] SMMT
[11:57:44] [304/459] SILM
[11:57:44] [305/459] JCVM
[11:57:45] [306/459] KCSV
[11:57:46] [307/459] MHLK
[11:57:47] [308/459] SLVL
[11:57:48] [309/459] RJKP
[11:57:49] [310/459] BBPC
[11:57:49] [311/459] MXCB
[11:57:50] [312/459] TCPK
[11:57:51] [313/459] RTBR
[11:57:52] [314/459] GAUT
[11:57:53] [315/459] DVCF
[11:57:54] [316/459] JTSB
[11:57:55] [317/459] SBLS
[11:57:56] [318/459] UDAY
[11:57:57] [319/459] PTNP
[11:57:58] [320/459] DMKT
[11:57:59] [321/459] NTDT
[11:57:59] [322/459] SHDJ
[11:58:00] [323/459] OTNC
[11:58:01] [324/459] RNTW
[11:58:02] [325/459] GCMI
[11:58:03] [326/459] CRCM
[11:58:04] [327/459] NNCZ
[11:58:05] [328/459] OEMO
[11:58:06] [329/459] PVJM
[11:58:06] [330/459] CPJI
[11:58:07] [331/459] RMCJ
[11:58:08] [332/459] CNWJ
[11:58:09] [333/459] EPJM
[11:58:09] [334/459] FNJJ
[11:58:10] [335/459] GCMJ
[11:58:12] [336/459] INPS
[11:58:12] [337/459] BICJ
[11:58:13] [338/459] ISTJ
[11:58:14] [339/459] INJC
[11:58:15] [340/459] GLXJ
[11:58:16] [341/459] INEM
[11:58:16] [342/459] JTMN
[11:58:17] [343/459] FRCJ
[11:58:19] [344/459] DDJP
[11:58:20] [345/459] INJV
[11:58:20] [346/459] GOLC
[11:58:21] [347/459] KOCI
[11:58:22] [348/459] FSTD
[11:58:23] [349/459] PACJ
[11:58:23] [350/459] GMCN
[11:58:24] [351/459] MMDJ
[11:58:25] [352/459] GODH
[11:58:26] [353/459] SKYN
[11:58:27] [354/459] NCTH
[11:58:27] [355/459] SKVZ
[11:58:29] [356/459] SVML
[11:58:30] [357/459] ACVZ
[11:58:31] [358/459] SURA
[11:58:31] [359/459] RTRB
[11:58:32] [360/459] LLCT
[11:58:33] [361/459] ATTS
[11:58:34] [362/459] JYCM
[11:58:34] [363/459] CTKR
[11:58:36] [364/459] LCKR
[11:58:36] [365/459] NYCV
[11:58:37] [366/459] NYOH
[11:58:38] [367/459] NOVX
[11:58:39] [368/459] MRGK
[11:58:40] [369/459] MOON
[11:58:41] [370/459] SBUC
[11:58:42] [371/459] GSVA
[11:58:42] [372/459] VIAK
[11:58:43] [373/459] SMVZ
[11:58:44] [374/459] MATE
[11:58:45] [375/459] RDCN
[11:58:46] [376/459] ASBL
[11:58:47] [377/459] ASVS
[11:58:47] [378/459] ASSR
[11:58:48] [379/459] SSKN
[11:58:49] [380/459] DRPV
[11:58:50] [381/459] MRHT
[11:58:51] [382/459] BSCN
[11:58:52] [383/459] RKNX
[11:58:53] [384/459] MSMC
[11:58:54] [385/459] MSCJ
[11:58:55] [386/459] BTBJ
[11:58:56] [387/459] MJCC
[11:58:57] [388/459] IOMM
[11:58:57] [389/459] ADGR
[11:58:58] [390/459] MYCP
[11:58:59] [391/459] IGCM
[11:59:00] [392/459] PGRK
[11:59:01] [393/459] VPGO
[11:59:02] [394/459] KOMS
[11:59:02] [395/459] URGG
[11:59:03] [396/459] GOST
[11:59:05] [397/459] LACT
[11:59:05] [398/459] BWCM
[11:59:06] [399/459] NCCW
[11:59:07] [400/459] SKYC
[11:59:08] [401/459] CCPM
[11:59:09] [402/459] VCBT
[11:59:10] [403/459] SDKR
[11:59:10] [404/459] CTYB
[11:59:11] [405/459] SHCX
[11:59:12] [406/459] RCUN
[11:59:13] [407/459] CNRA
[11:59:14] [408/459] RFCA
[11:59:15] [409/459] RDCU
[11:59:16] [410/459] SARK
[11:59:17] [411/459] SPPP
[11:59:18] [412/459] ADMB
[11:59:19] [413/459] JYOE
[11:59:20] [414/459] SRMD
[11:59:21] [415/459] RJDH
[11:59:22] [416/459] SSTD
[11:59:23] [417/459] AACV
[11:59:24] [418/459] PPVD
[11:59:25] [419/459] STCP
[11:59:26] [420/459] ANJR
[11:59:27] [421/459] ANLS
[11:59:27] [422/459] BIJO
[11:59:28] [423/459] AVAB
[11:59:29] [424/459] SPMD
[11:59:30] [425/459] SVJL
[11:59:31] [426/459] SDDJ
[11:59:32] [427/459] SLTU
[11:59:33] [428/459] SAKA
[11:59:34] [429/459] PMAM
[11:59:35] [430/459] FNAM
[11:59:35] [431/459] ACAM
[11:59:36] [432/459] SCMM
[11:59:37] [433/459] PMAK
[11:59:38] [434/459] NYSA
[11:59:39] [435/459] FCPA
[11:59:40] [436/459] GDAN
[11:59:41] [437/459] RSCA
[11:59:41] [438/459] DMAN
[11:59:42] [439/459] DZCM
[11:59:43] [440/459] NSGL
[11:59:44] [441/459] CCPP
[11:59:45] [442/459] PSMG
[11:59:46] [443/459] GSER
[11:59:47] [444/459] FCCT
[11:59:48] [445/459] FCTB
[11:59:49] [446/459] LCNK
[11:59:50] [447/459] SKTY
[11:59:51] [448/459] INAA
[11:59:52] [449/459] RCWN
[11:59:53] [450/459] VAIS
[11:59:54] [451/459] CVMN
[11:59:55] [452/459] INTS
[11:59:56] [453/459] FRGS
[11:59:57] [454/459] DTCK
[11:59:57] [455/459] MCMH
[11:59:58] [456/459] ECRR
[11:59:59] [457/459] RLLP
[12:00:00] [458/459] CCSN
[12:00:01] [459/459] CCBA
[12:00:02] 🧹 Deduping shows
[12:00:02] ✅ DONE | Shows=149 | Movies=11
