[10:15:51] 🚀 SCRIPT STARTED
[10:15:51] [1/459] FNDB
[10:15:51] 🧠 New identity created
[10:15:52] [2/459] AMBH
[10:15:53] [3/459] PRHN
[10:15:54] [4/459] ACPM
[10:15:55] [5/459] PVFS
[10:15:56] [6/459] AACN
[10:15:57] [7/459] ACAS
[10:15:58] [8/459] CTNR
[10:15:59] [9/459] MMAH
[10:16:00] [10/459] CPMH
[10:16:01] [11/459] IGMH
[10:16:02] [12/459] ABCS
[10:16:02] [13/459] CMMA
[10:16:03] [14/459] GPRH
[10:16:04] [15/459] PNNG
[10:16:05] [16/459] AMCA
[10:16:06] [17/459] ISTN
[10:16:07] [18/459] PIIC
[10:16:08] [19/459] AHMH
[10:16:09] [20/459] ASHN
[10:16:10] [21/459] INHY
[10:16:11] [22/459] SRMO
[10:16:11] [23/459] PIMH
[10:16:12] [24/459] PVTS
[10:16:13] [25/459] MMCA
[10:16:14] [26/459] AKYJ
[10:16:15] [27/459] BRKH
[10:16:16] [28/459] MAHM
[10:16:17] [29/459] CPHY
[10:16:19] [30/459] PVTP
[10:16:20] [31/459] SMMR
[10:16:21] [32/459] PVHM
[10:16:22] [33/459] SNDY
[10:16:23] [34/459] GOKU
[10:16:24] [35/459] ACEV
[10:16:24] [36/459] PVUM
[10:16:25] [37/459] VSWA
[10:16:26] [38/459] IPRS
[10:16:27] [39/459] ASGN
[10:16:28] [40/459] BKMV
[10:16:28] [41/459] PVYH
[10:16:29] [42/459] INKM
[10:16:30] [43/459] ARJU
[10:16:31] [44/459] JJPP
[10:16:32] [45/459] SSRM
[10:16:33] [46/459] HMHD
[10:16:33] [47/459] SNKH
[10:16:34] [48/459] ACHI
[10:16:35] [49/459] MRAA
[10:16:36] [50/459] INMH
[10:16:37] [51/459] ARMH
[10:16:38] [52/459] DVRR
[10:16:39] [53/459] SUDA
[10:16:40] [54/459] MCSS
[10:16:41] [55/459] VRKC
[10:16:42] [56/459] PRCX
[10:16:43] [57/459] ASJY
[10:16:44] [58/459] MTHY
[10:16:45] [59/459] SRCM
[10:16:46] [60/459] TVHY
[10:16:46] [61/459] STHD
[10:16:47] [62/459] CPCL
[10:16:48] [63/459] PSMJ
[10:16:49] [64/459] MRGT
[10:16:50] [65/459] ARYH
[10:16:50] [66/459] VTRB
[10:16:51] [67/459] SCHC
[10:16:52] [68/459] MRRG
[10:16:53] [69/459] SPCB
[10:16:54] [70/459] AMCM
[10:16:55] [71/459] IVNM
[10:16:56] [72/459] TRHY
[10:16:57] [73/459] PTTH
[10:16:58] [74/459] RKMH
[10:16:59] [75/459] PRCS
[10:17:00] [76/459] VAJA
[10:17:01] [77/459] BJNG
[10:17:02] [78/459] SCVM
[10:17:03] [79/459] GNHB
[10:17:04] [80/459] TLUR
[10:17:05] [81/459] UKCC
[10:17:06] [82/459] SRKR
[10:17:06] [83/459] RMKN
[10:17:07] [84/459] SLRT
[10:17:08] [85/459] LKMT
[10:17:09] [86/459] SSRJ
[10:17:10] [87/459] SPHT
[10:17:11] [88/459] ANTT
[10:17:12] [89/459] SRCH
[10:17:12] [90/459] SRCA
[10:17:13] [91/459] ARTH
[10:17:14] [92/459] MCBH
[10:17:15] [93/459] SNIB
[10:17:16] [94/459] SART
[10:17:17] [95/459] SKTA
[10:17:18] [96/459] YAKT
[10:17:18] [97/459] MLCK
[10:17:19] [98/459] ANTS
[10:17:20] [99/459] DGCA
[10:17:21] [100/459] SGMP
[10:17:22] [101/459] ASWN
[10:17:23] [102/459] KFVU
[10:17:24] [103/459] POOR
[10:17:25] [104/459] GKDN
[10:17:25] [105/459] EOSE
[10:17:26] [106/459] GTTT
[10:17:27] [107/459] ARRO
[10:17:28] [108/459] CMMK
[10:17:29] [109/459] MSCN
[10:17:30] [110/459] GDKH
[10:17:31] [111/459] DLMT
[10:17:32] [112/459] PVMF
[10:17:33] [113/459] CPCK
[10:17:35] [114/459] VMHE
[10:17:36] [115/459] PVLC
[10:17:37] [116/459] PCVB
[10:17:37] [117/459] SNYK
[10:17:38] [118/459] KTEK
[10:17:39] [119/459] PCNM
[10:17:40] [120/459] NTTR
[10:17:41] [121/459] CPSK
[10:17:41] [122/459] JMMA
[10:17:42] [123/459] GCFK
[10:17:44] [124/459] MYCA
[10:17:45] [125/459] KSNP
[10:17:46] [126/459] PMCE
[10:17:47] [127/459] SCKI
[10:17:47] [128/459] FSMA
[10:17:48] [129/459] CETA
[10:17:49] [130/459] MCIK
[10:17:51] [131/459] MYCR
[10:17:51] [132/459] EVMP
[10:17:53] [133/459] SSGT
[10:17:53] [134/459] KCTK
[10:17:54] [135/459] ZTKC
[10:17:55] [136/459] MMTA
[10:17:56] [137/459] MAJT
[10:17:57] [138/459] ACPK
[10:17:57] [139/459] JMAX
[10:17:58] [140/459] SETK
[10:17:59] [141/459] CAIS
[10:18:00] [142/459] AGCD
[10:18:01] [143/459] URCL
[10:18:02] [144/459] VTDS
[10:18:03] [145/459] JCNM
[10:18:04] [146/459] KCAM
[10:18:05] [147/459] ADCU
[10:18:06] [148/459] GXYN
[10:18:06] [149/459] SMJG
[10:18:07] [150/459] EYCJ
[10:18:08] [151/459] CCEJ
[10:18:09] [152/459] MARS
[10:18:10] [153/459] CPVJ
[10:18:11] [154/459] INVP
[10:18:12] [155/459] CPOV
[10:18:13] [156/459] VIJK
[10:18:14] [157/459] LAIM
[10:18:15] [158/459] STHV
[10:18:15] [159/459] SVLJ
[10:18:16] [160/459] ATVJ
[10:18:17] [161/459] JTSC
[10:18:18] [162/459] RMTV
[10:18:19] [163/459] MGGG
[10:18:19] [164/459] SWTH
[10:18:20] [165/459] INVJ
[10:18:21] [166/459] PRSV
[10:18:22] [167/459] JATV
[10:18:23] [168/459] RCVD
[10:18:24] [169/459] BDMA
[10:18:25] [170/459] BLJI
[10:18:26] [171/459] SWOT
[10:18:27] [172/459] SWRN
[10:18:28] [173/459] TVRA
[10:18:29] [174/459] VCSV
[10:18:30] [175/459] NVRN
[10:18:32] [176/459] SIKC
[10:18:33] [177/459] VAKR
[10:18:34] [178/459] SYLN
[10:18:35] [179/459] KLJL
[10:18:36] [180/459] LKMY
[10:18:37] [181/459] VSLY
[10:18:38] [182/459] CIKO
[10:18:39] [183/459] GPBG
[10:18:40] [184/459] CECM
[10:18:40] [185/459] SLKB
[10:18:41] [186/459] MTBO
[10:18:42] [187/459] SSHB
[10:18:43] [188/459] VPCS
[10:18:45] [189/459] RCSR
[10:18:45] [190/459] RJRM
[10:18:46] [191/459] KPPB
[10:18:47] [192/459] SEDC
[10:18:48] [193/459] SCAI
[10:18:50] [194/459] RMTR
[10:18:50] [195/459] ASST
[10:18:51] [196/459] GCAK
[10:18:52] [197/459] ANNK
[10:18:53] [198/459] KDDF
[10:18:54] [199/459] NRDP
[10:18:55] [200/459] PLAK
[10:18:56] [201/459] GCMC
[10:18:57] [202/459] ALPY
[10:18:57] [203/459] SICE
[10:18:58] [204/459] SISR
[10:18:59] [205/459] SRPZ
[10:19:00] [206/459] SRSW
[10:19:01] [207/459] SUYA
[10:19:02] [208/459] AMMT
[10:19:03] [209/459] BHCU
[10:19:03] [210/459] KLPA
[10:19:05] [211/459] NVKH
[10:19:06] [212/459] JMRC
[10:19:07] [213/459] KTTT
[10:19:08] [214/459] MAGH
[10:19:09] [215/459] MMMX
[10:19:10] [216/459] SALJ
[10:19:11] [217/459] GTJA
[10:19:12] [218/459] MAHT
[10:19:12] [219/459] SSNN
[10:19:13] [220/459] ARRP
[10:19:14] [221/459] ATNS
[10:19:15] [222/459] SKDT
[10:19:16] [223/459] ACAT
[10:19:17] [224/459] APRC
[10:19:18] [225/459] SWAG
[10:19:18] [226/459] SDPT
[10:19:19] [227/459] STPS
[10:19:20] [228/459] WWCZ
[10:19:21] [229/459] LLCH
[10:19:22] [230/459] MZHA
[10:19:23] [231/459] CRJG
[10:19:24] [232/459] JGTK
[10:19:24] [233/459] KCSR
[10:19:25] [234/459] CHTL
[10:19:26] [235/459] EDSR
[10:19:27] [236/459] CSWO
[10:19:28] [237/459] CPVM
[10:19:28] [238/459] MXBY
[10:19:29] [239/459] FMMA
[10:19:30] [240/459] POVI
[10:19:31] [241/459] MTHB
[10:19:32] [242/459] INRC
[10:19:33] [243/459] PIPP
[10:19:34] [244/459] BMXC
[10:19:35] [245/459] PCMM
[10:19:36] [246/459] PMKM
[10:19:38] [247/459] GATY
[10:19:39] [248/459] IMCM
[10:19:40] [249/459] POPE
[10:19:41] [250/459] MTCR
[10:19:41] [251/459] PVAE
[10:19:42] [252/459] PVMI
[10:19:43] [253/459] CPNM
[10:19:45] [254/459] FMRL
[10:19:46] [255/459] MCIW
[10:19:47] [256/459] MXBO
[10:19:48] [257/459] FMKY
[10:19:49] [258/459] FMDA
[10:19:50] [259/459] THAB
[10:19:51] [260/459] PRCW
[10:19:52] [261/459] PITI
[10:19:52] [262/459] MCFF
[10:19:53] [263/459] PDDV
[10:19:54] [264/459] MCRM
[10:19:55] [265/459] KKMB
[10:19:55] [266/459] INKO
[10:19:56] [267/459] PLXP
[10:19:58] [268/459] MMHA
[10:19:59] [269/459] FMVS
[10:19:59] [270/459] POLM
[10:20:00] [271/459] STER
[10:20:01] [272/459] PVWJ
[10:20:02] [273/459] IMJW
[10:20:02] [274/459] FNAN
[10:20:03] [275/459] CAGL
[10:20:04] [276/459] IPBG
[10:20:05] [277/459] SMFV
[10:20:06] [278/459] MMMR
[10:20:07] [279/459] MMWM
[10:20:08] [280/459] FNCM
[10:20:09] [281/459] MDVA
[10:20:11] [282/459] MMET
[10:20:12] [283/459] MIDO
[10:20:12] [284/459] INNP
[10:20:13] [285/459] MIFU
[10:20:14] [286/459] MMSZ
[10:20:15] [287/459] BMXA
[10:20:16] [288/459] MCAA
[10:20:16] [289/459] SCVP
[10:20:17] [290/459] PLUS
[10:20:18] [291/459] MUCK
[10:20:19] [292/459] MTMA
[10:20:20] [293/459] HPVR
[10:20:21] [294/459] PMPK
[10:20:21] [295/459] MAJB
[10:20:22] [296/459] CTRR
[10:20:23] [297/459] MCTG
[10:20:24] [298/459] MACE
[10:20:25] [299/459] AAAS
[10:20:26] [300/459] CPVV
[10:20:26] [301/459] RCHG
[10:20:27] [302/459] MCNE
[10:20:29] [303/459] EMNC
[10:20:30] [304/459] MCAN
[10:20:30] [305/459] TCDM
[10:20:31] [306/459] IRGT
[10:20:32] [307/459] GCMG
[10:20:33] [308/459] MXSN
[10:20:34] [309/459] MXCK
[10:20:35] [310/459] MCRC
[10:20:36] [311/459] RSMI
[10:20:37] [312/459] WAML
[10:20:38] [313/459] MTSC
[10:20:39] [314/459] FMDR
[10:20:40] [315/459] LEPV
[10:20:41] [316/459] MTGD
[10:20:42] [317/459] IMOB
[10:20:44] [318/459] CLMM
[10:20:45] [319/459] PZCD
[10:20:46] [320/459] GOCS
[10:20:46] [321/459] KCMA
[10:20:47] [322/459] CCMP
[10:20:48] [323/459] MTSU
[10:20:49] [324/459] SNGL
[10:20:50] [325/459] MMMC
[10:20:50] [326/459] MMAA
[10:20:51] [327/459] GCDM
[10:20:52] [328/459] KTMV
[10:20:53] [329/459] AETE
[10:20:53] [330/459] OMCS
[10:20:54] [331/459] GDCD
[10:20:55] [332/459] NYMD
[10:20:56] [333/459] RNCV
[10:20:57] [334/459] KKMT
[10:20:57] [335/459] GDTH
[10:20:58] [336/459] KMMV
[10:20:59] [337/459] NHCG
[10:21:00] [338/459] PJDW
[10:21:01] [339/459] MMCV
[10:21:02] [340/459] FQSA
[10:21:03] [341/459] KURL
[10:21:03] [342/459] NNNX
[10:21:04] [343/459] AMAU
[10:21:05] [344/459] VVVM
[10:21:06] [345/459] VECU
[10:21:06] [346/459] WCVR
[10:21:07] [347/459] MTGG
[10:21:08] [348/459] SGTG
[10:21:09] [349/459] MNTG
[10:21:10] [350/459] JDDG
[10:21:11] [351/459] MBTK
[10:21:11] [352/459] SGCD
[10:21:12] [353/459] MCTC
[10:21:13] [354/459] JTPC
[10:21:14] [355/459] SDKT
[10:21:15] [356/459] KRCC
[10:21:15] [357/459] RMMD
[10:21:16] [358/459] AAME
[10:21:17] [359/459] TMWC
[10:21:17] [360/459] NRWY
[10:21:18] [361/459] CITD
[10:21:19] [362/459] VERD
[10:21:20] [363/459] MKSK
[10:21:21] [364/459] STSM
[10:21:22] [365/459] MJDG
[10:21:23] [366/459] RKPM
[10:21:25] [367/459] SSCE
[10:21:26] [368/459] VMAE
[10:21:26] [369/459] SBRU
[10:21:27] [370/459] AMBC
[10:21:28] [371/459] AMLU
[10:21:29] [372/459] INVZ
[10:21:30] [373/459] LGTV
[10:21:30] [374/459] SVAD
[10:21:31] [375/459] SMSA
[10:21:32] [376/459] SPCZ
[10:21:34] [377/459] GTCX
[10:21:35] [378/459] SCSL
[10:21:35] [379/459] SAHU
[10:21:36] [380/459] NCDA
[10:21:37] [381/459] SCCG
[10:21:38] [382/459] VKTL
[10:21:39] [383/459] PUUJ
[10:21:40] [384/459] STEJ
[10:21:41] [385/459] RJAL
[10:21:41] [386/459] ACJC
[10:21:42] [387/459] VTHC
[10:21:43] [388/459] ARVB
[10:21:44] [389/459] AUBB
[10:21:45] [390/459] GDBR
[10:21:46] [391/459] PVND
[10:21:47] [392/459] BGRJ
[10:21:48] [393/459] RJMM
[10:21:49] [394/459] MCSA
[10:21:50] [395/459] BODA
[10:21:51] [396/459] JAGG
[10:21:52] [397/459] SCGA
[10:21:53] [398/459] LRCM
[10:21:53] [399/459] CPCN
[10:21:54] [400/459] SSTF
[10:21:55] [401/459] SRXP
[10:21:56] [402/459] CNFX
[10:21:56] [403/459] ANDI
[10:21:57] [404/459] SYEW
[10:21:58] [405/459] RCRE
[10:21:59] [406/459] SCRW
[10:22:00] [407/459] MBKR
[10:22:01] [408/459] ASNT
[10:22:01] [409/459] JTMT
[10:22:02] [410/459] SHAY
[10:22:03] [411/459] VRTH
[10:22:04] [412/459] SPTI
[10:22:05] [413/459] DPTD
[10:22:05] [414/459] TGSN
[10:22:06] [415/459] RCWV
[10:22:07] [416/459] OCUR
[10:22:08] [417/459] KSTC
[10:22:09] [418/459] SANI
[10:22:09] [419/459] MLCA
[10:22:11] [420/459] EGCA
[10:22:11] [421/459] SYSN
[10:22:12] [422/459] PKTA
[10:22:13] [423/459] PRCC
[10:22:14] [424/459] KSTR
[10:22:14] [425/459] SNTP
[10:22:15] [426/459] RCHA
[10:22:16] [427/459] SEEA
[10:22:17] [428/459] ALAT
[10:22:18] [429/459] AATV
[10:22:19] [430/459] RJTE
[10:22:20] [431/459] AAPP
[10:22:21] [432/459] PMMH
[10:22:21] [433/459] INRJ
[10:22:22] [434/459] SARB
[10:22:23] [435/459] PCJL
[10:22:24] [436/459] PFJJ
[10:22:25] [437/459] GRDC
[10:22:26] [438/459] BCBA
[10:22:27] [439/459] VIXL
[10:22:27] [440/459] CSTL
[10:22:28] [441/459] MTDK
[10:22:29] [442/459] TDAC
[10:22:30] [443/459] GTDN
[10:22:31] [444/459] TTDE
[10:22:32] [445/459] ASTS
[10:22:33] [446/459] CPNS
[10:22:34] [447/459] PVVW
[10:22:35] [448/459] USEB
[10:22:36] [449/459] DTYN
[10:22:37] [450/459] PVLE
[10:22:38] [451/459] CIPS
[10:22:39] [452/459] PAEG
[10:22:40] [453/459] PTCW
[10:22:41] [454/459] G3SR
[10:22:42] [455/459] PGND
[10:22:43] [456/459] INVM
[10:22:43] [457/459] SPIA
[10:22:44] [458/459] PCSN
[10:22:45] [459/459] PPGV
[10:22:46] 🧹 Deduping shows
[10:22:46] ✅ DONE | Shows=64 | Movies=9
