[10:14:18] 🚀 SCRIPT STARTED
[10:14:18] [1/296] CDCA
[10:14:18] 🧠 New identity created
[10:14:19] [2/296] MNSR
[10:14:20] [3/296] CSSL
[10:14:21] [4/296] BGGM
[10:14:22] [5/296] MANT
[10:14:23] [6/296] SOOY
[10:14:24] [7/296] VPPK
[10:14:24] [8/296] MYHJ
[10:14:25] [9/296] KSCK
[10:14:26] [10/296] KATK
[10:14:27] [11/296] RTRT
[10:14:28] [12/296] SSTT
[10:14:29] [13/296] SSTV
[10:14:30] [14/296] LACM
[10:14:31] [15/296] SGMG
[10:14:32] [16/296] KACX
[10:14:33] [17/296] GVCP
[10:14:34] [18/296] CSNC
[10:14:34] [19/296] SXCB
[10:14:35] [20/296] BAHS
[10:14:37] [21/296] PCBI
[10:14:38] [22/296] PSSM
[10:14:39] [23/296] RCOK
[10:14:40] [24/296] SCPF
[10:14:40] [25/296] SSAS
[10:14:41] [26/296] EVMM
[10:14:42] [27/296] SYCB
[10:14:43] [28/296] GCKI
[10:14:44] [29/296] IAET
[10:14:45] [30/296] DDTD
[10:14:46] [31/296] GMDH
[10:14:47] [32/296] STLE
[10:14:47] [33/296] JTRA
[10:14:48] [34/296] RPPA
[10:14:49] [35/296] ARUT
[10:14:50] [36/296] JTVM
[10:14:51] [37/296] SWRH
[10:14:52] [38/296] DCPC
[10:14:53] [39/296] RAPR
[10:14:54] [40/296] GCRT
[10:14:55] [41/296] ATUN
[10:14:56] [42/296] LTRM
[10:14:57] [43/296] TASR
[10:14:58] [44/296] RLLC
[10:14:59] [45/296] MABI
[10:14:59] [46/296] SVHB
[10:15:00] [47/296] NVTB
[10:15:01] [48/296] KCKG
[10:15:02] [49/296] SSRN
[10:15:03] [50/296] VDDC
[10:15:04] [51/296] GKTK
[10:15:05] [52/296] YFSN
[10:15:06] [53/296] GCSG
[10:15:07] [54/296] ESSM
[10:15:08] [55/296] KRIH
[10:15:09] [56/296] GCDS
[10:15:10] [57/296] CCSH
[10:15:11] [58/296] ACSK
[10:15:12] [59/296] APRK
[10:15:12] [60/296] ADKM
[10:15:13] [61/296] SRDM
[10:15:14] [62/296] RMOG
[10:15:15] [63/296] SJMY
[10:15:16] [64/296] PGGC
[10:15:17] [65/296] INGM
[10:15:18] [66/296] LSCB
[10:15:18] [67/296] STAD
[10:15:19] [68/296] MCCR
[10:15:20] [69/296] ABCC
[10:15:21] [70/296] RKCC
[10:15:22] [71/296] RTCR
[10:15:23] [72/296] GGBC
[10:15:24] [73/296] GCSD
[10:15:25] [74/296] LPTY
[10:15:26] [75/296] MCFD
[10:15:27] [76/296] HENN
[10:15:27] [77/296] SMKU
[10:15:28] [78/296] TNZC
[10:15:29] [79/296] DRCD
[10:15:30] [80/296] DLCD
[10:15:31] [81/296] RCDA
[10:15:32] [82/296] COSM
[10:15:33] [83/296] MCMJ
[10:15:34] [84/296] CSTR
[10:15:34] [85/296] CVDK
[10:15:35] [86/296] INRR
[10:15:36] [87/296] RJRT
[10:15:37] [88/296] IRMR
[10:15:38] [89/296] SRCF
[10:15:39] [90/296] GRCR
[10:15:41] [91/296] SURC
[10:15:41] [92/296] NMNH
[10:15:42] [93/296] SVBL
[10:15:43] [94/296] KACI
[10:15:44] [95/296] TDGO
[10:15:45] [96/296] KTBR
[10:15:45] [97/296] PMAD
[10:15:46] [98/296] CCPN
[10:15:47] [99/296] SBTK
[10:15:48] [100/296] LMDK
[10:15:49] [101/296] PGDA
[10:15:49] [102/296] SRML
[10:15:50] [103/296] EVCK
[10:15:51] [104/296] RTTK
[10:15:52] [105/296] SRTU
[10:15:53] [106/296] VRSA
[10:15:54] [107/296] VARS
[10:15:55] [108/296] DSCZ
[10:15:56] [109/296] GAGA
[10:15:57] [110/296] SARV
[10:15:58] [111/296] SEEG
[10:15:58] [112/296] GLCA
[10:15:59] [113/296] APAS
[10:16:00] [114/296] VCIA
[10:16:01] [115/296] SJTA
[10:16:02] [116/296] SABM
[10:16:03] [117/296] PPAG
[10:16:03] [118/296] RVCA
[10:16:04] [119/296] CCIA
[10:16:05] [120/296] HTAG
[10:16:06] [121/296] SMBI
[10:16:07] [122/296] MCJR
[10:16:07] [123/296] CCJR
[10:16:08] [124/296] SINF
[10:16:10] [125/296] CPLX
[10:16:11] [126/296] KKTJ
[10:16:12] [127/296] GDBW
[10:16:13] [128/296] CSUB
[10:16:14] [129/296] DABA
[10:16:15] [130/296] TITR
[10:16:16] [131/296] NYCR
[10:16:17] [132/296] RTRY
[10:16:18] [133/296] JTJL
[10:16:18] [134/296] SJCP
[10:16:19] [135/296] KCCA
[10:16:20] [136/296] MLPG
[10:16:21] [137/296] VRCK
[10:16:21] [138/296] SRIN
[10:16:22] [139/296] CXMK
[10:16:23] [140/296] SKAD
[10:16:24] [141/296] AVTR
[10:16:25] [142/296] PTAJ
[10:16:26] [143/296] SCNK
[10:16:28] [144/296] STTI
[10:16:28] [145/296] KACR
[10:16:29] [146/296] SSDX
[10:16:30] [147/296] VRTJ
[10:16:31] [148/296] RAJD
[10:16:31] [149/296] SCIP
[10:16:32] [150/296] RJSL
[10:16:33] [151/296] ARRS
[10:16:34] [152/296] ASMS
[10:16:35] [153/296] RDTS
[10:16:35] [154/296] DVMY
[10:16:37] [155/296] RASA
[10:16:38] [156/296] INOM
[10:16:38] [157/296] SPRS
[10:16:39] [158/296] SGCS
[10:16:40] [159/296] SALM
[10:16:41] [160/296] PKHC
[10:16:42] [161/296] RCSV
[10:16:43] [162/296] CPKC
[10:16:44] [163/296] AACD
[10:16:44] [164/296] GGCV
[10:16:46] [165/296] SMKD
[10:16:47] [166/296] NBCH
[10:16:47] [167/296] AMCB
[10:16:48] [168/296] OPCN
[10:16:49] [169/296] DCIN
[10:16:50] [170/296] INGW
[10:16:51] [171/296] PKKW
[10:16:52] [172/296] FNGW
[10:16:53] [173/296] GCGD
[10:16:54] [174/296] MSTW
[10:16:55] [175/296] KCCG
[10:16:55] [176/296] MRSS
[10:16:56] [177/296] CLCF
[10:16:57] [178/296] EETS
[10:16:58] [179/296] AATR
[10:16:58] [180/296] CMMN
[10:16:59] [181/296] SCCJ
[10:17:00] [182/296] CDTK
[10:17:01] [183/296] AICP
[10:17:02] [184/296] FNBP
[10:17:03] [185/296] CBPB
[10:17:04] [186/296] CPAS
[10:17:05] [187/296] MAPM
[10:17:06] [188/296] PASD
[10:17:07] [189/296] JCMN
[10:17:07] [190/296] MALB
[10:17:08] [191/296] SACG
[10:17:09] [192/296] DDRX
[10:17:10] [193/296] DDXB
[10:17:10] [194/296] RAMC
[10:17:11] [195/296] SANC
[10:17:12] [196/296] BCBP
[10:17:13] [197/296] ALPC
[10:17:14] [198/296] RBAC
[10:17:14] [199/296] RAJL
[10:17:15] [200/296] MPDX
[10:17:16] [201/296] MUSC
[10:17:16] [202/296] VKMK
[10:17:17] [203/296] SKCG
[10:17:18] [204/296] ANCN
[10:17:19] [205/296] MMCJ
[10:17:20] [206/296] DCAK
[10:17:21] [207/296] SCKG
[10:17:22] [208/296] LMCK
[10:17:23] [209/296] CKKX
[10:17:24] [210/296] ANKU
[10:17:24] [211/296] CSMD
[10:17:25] [212/296] MKMP
[10:17:27] [213/296] SVBG
[10:17:27] [214/296] ROOP
[10:17:28] [215/296] GDMT
[10:17:29] [216/296] FPPF
[10:17:30] [217/296] SFUU
[10:17:31] [218/296] ANCB
[10:17:31] [219/296] SMMC
[10:17:32] [220/296] UGKT
[10:17:33] [221/296] JVRM
[10:17:34] [222/296] BATG
[10:17:35] [223/296] RATE
[10:17:35] [224/296] SKME
[10:17:36] [225/296] LMTP
[10:17:37] [226/296] TCBD
[10:17:38] [227/296] ESBD
[10:17:39] [228/296] GDCU
[10:17:40] [229/296] SNKT
[10:17:41] [230/296] SRNK
[10:17:42] [231/296] SMED
[10:17:42] [232/296] CSQS
[10:17:43] [233/296] ALCS
[10:17:45] [234/296] KCKN
[10:17:45] [235/296] VCCL
[10:17:46] [236/296] MCDA
[10:17:47] [237/296] SHMI
[10:17:48] [238/296] SKHA
[10:17:49] [239/296] SVFK
[10:17:49] [240/296] INVB
[10:17:50] [241/296] MELD
[10:17:51] [242/296] JTYS
[10:17:52] [243/296] INCM
[10:17:53] [244/296] MCDV
[10:17:53] [245/296] KSGK
[10:17:54] [246/296] ICMG
[10:17:55] [247/296] CSCV
[10:17:55] [248/296] STMD
[10:17:56] [249/296] STTR
[10:17:57] [250/296] INVC
[10:17:58] [251/296] JTBL
[10:17:59] [252/296] SRVV
[10:18:00] [253/296] MAVC
[10:18:01] [254/296] SRPP
[10:18:02] [255/296] JGDM
[10:18:03] [256/296] MBSJ
[10:18:04] [257/296] SSLL
[10:18:05] [258/296] SLKP
[10:18:06] [259/296] NSRV
[10:18:07] [260/296] UTDV
[10:18:08] [261/296] KICM
[10:18:09] [262/296] KCMD
[10:18:10] [263/296] TTPP
[10:18:10] [264/296] KMPV
[10:18:11] [265/296] SKTV
[10:18:12] [266/296] STCV
[10:18:13] [267/296] SRDA
[10:18:14] [268/296] JTSX
[10:18:15] [269/296] STBV
[10:18:16] [270/296] APVZ
[10:18:16] [271/296] GSTV
[10:18:17] [272/296] NMVS
[10:18:18] [273/296] SKRT
[10:18:19] [274/296] RMDV
[10:18:19] [275/296] RATG
[10:18:20] [276/296] SJYV
[10:18:21] [277/296] NDGP
[10:18:22] [278/296] SNDG
[10:18:23] [279/296] INSR
[10:18:24] [280/296] INSO
[10:18:24] [281/296] CCSI
[10:18:25] [282/296] RASM
[10:18:27] [283/296] NEWC
[10:18:27] [284/296] VSHL
[10:18:28] [285/296] BISW
[10:18:29] [286/296] GCNG
[10:18:30] [287/296] CWSC
[10:18:31] [288/296] SKAN
[10:18:31] [289/296] SEHP
[10:18:32] [290/296] CCOA
[10:18:33] [291/296] MCAJ
[10:18:34] [292/296] ACDE
[10:18:35] [293/296] AACM
[10:18:36] [294/296] JJCK
[10:18:37] [295/296] RCMO
[10:18:37] [296/296] GDAW
[10:18:38] 🧹 Deduping shows
[10:18:38] ✅ DONE | Shows=56 | Movies=4
