[10:14:08] 🚀 SCRIPT STARTED
[10:14:08] [1/324] GCTA
[10:14:08] 🧠 New identity created
[10:14:09] [2/324] TOPN
[10:14:11] [3/324] MCUS
[10:14:12] [4/324] SHRL
[10:14:13] [5/324] UPTP
[10:14:14] [6/324] TMMP
[10:14:15] [7/324] DNRP
[10:14:16] [8/324] SRLT
[10:14:17] [9/324] RCNS
[10:14:18] [10/324] DCBH
[10:14:19] [11/324] NAGJ
[10:14:20] [12/324] JVRC
[10:14:21] [13/324] KRJG
[10:14:21] [14/324] SRTJ
[10:14:22] [15/324] CMXM
[10:14:23] [16/324] STMI
[10:14:24] [17/324] SLST
[10:14:25] [18/324] DTCN
[10:14:26] [19/324] STYN
[10:14:27] [20/324] SZVR
[10:14:27] [21/324] SRKO
[10:14:28] [22/324] JTGT
[10:14:29] [23/324] SVFD
[10:14:30] [24/324] SISD
[10:14:32] [25/324] ABDD
[10:14:32] [26/324] DRCA
[10:14:33] [27/324] AVCS
[10:14:34] [28/324] MVKH
[10:14:35] [29/324] ACPR
[10:14:36] [30/324] STIP
[10:14:37] [31/324] MTRA
[10:14:38] [32/324] RMKH
[10:14:39] [33/324] NKRL
[10:14:40] [34/324] PCWN
[10:14:41] [35/324] BLMT
[10:14:43] [36/324] GDPG
[10:14:44] [37/324] SRMX
[10:14:45] [38/324] JACP
[10:14:45] [39/324] CPSH
[10:14:47] [40/324] MCCD
[10:14:48] [41/324] ECGH
[10:14:49] [42/324] MKCK
[10:14:49] [43/324] SRMM
[10:14:50] [44/324] SKYR
[10:14:51] [45/324] PCKC
[10:14:52] [46/324] JCMA
[10:14:53] [47/324] BSMP
[10:14:54] [48/324] VSPA
[10:14:55] [49/324] DJYA
[10:14:55] [50/324] DIMP
[10:14:56] [51/324] FXDR
[10:14:58] [52/324] SSRC
[10:14:59] [53/324] STHP
[10:14:59] [54/324] CPPD
[10:15:00] [55/324] FCLK
[10:15:01] [56/324] SCPP
[10:15:02] [57/324] DCMJ
[10:15:03] [58/324] RCCR
[10:15:04] [59/324] INMT
[10:15:04] [60/324] LXTK
[10:15:05] [61/324] SRYK
[10:15:06] [62/324] SGDK
[10:15:07] [63/324] PPKA
[10:15:08] [64/324] SPKA
[10:15:08] [65/324] CGHH
[10:15:09] [66/324] DCJN
[10:15:11] [67/324] SRKV
[10:15:12] [68/324] SAJC
[10:15:13] [69/324] SUSR
[10:15:13] [70/324] STYG
[10:15:14] [71/324] NTKP
[10:15:15] [72/324] AKTG
[10:15:17] [73/324] CGCM
[10:15:18] [74/324] TULC
[10:15:19] [75/324] NYYZ
[10:15:20] [76/324] NYBW
[10:15:21] [77/324] MACB
[10:15:22] [78/324] SLVT
[10:15:23] [79/324] SANA
[10:15:23] [80/324] ACMR
[10:15:24] [81/324] CPKN
[10:15:25] [82/324] DLGK
[10:15:26] [83/324] CWCK
[10:15:27] [84/324] FDDH
[10:15:27] [85/324] MMMD
[10:15:28] [86/324] CMEH
[10:15:29] [87/324] GGGV
[10:15:30] [88/324] SPJL
[10:15:31] [89/324] RCCD
[10:15:32] [90/324] STTZ
[10:15:33] [91/324] BTCF
[10:15:34] [92/324] TSTZ
[10:15:35] [93/324] IPMM
[10:15:36] [94/324] PMPW
[10:15:37] [95/324] PCMZ
[10:15:38] [96/324] ESEM
[10:15:39] [97/324] PIPO
[10:15:40] [98/324] MATK
[10:15:41] [99/324] PGHM
[10:15:42] [100/324] CTSR
[10:15:43] [101/324] CYKR
[10:15:44] [102/324] MSCM
[10:15:45] [103/324] RFNP
[10:15:45] [104/324] PDCP
[10:15:46] [105/324] NPSE
[10:15:48] [106/324] MKML
[10:15:49] [107/324] FTDP
[10:15:50] [108/324] MMXA
[10:15:50] [109/324] CEPO
[10:15:51] [110/324] CMVP
[10:15:53] [111/324] SGTH
[10:15:54] [112/324] SAYN
[10:15:55] [113/324] URVS
[10:15:56] [114/324] VJTN
[10:15:56] [115/324] BBYK
[10:15:57] [116/324] SHBO
[10:15:58] [117/324] VCMR
[10:15:59] [118/324] MACT
[10:16:00] [119/324] JMNP
[10:16:01] [120/324] VICS
[10:16:02] [121/324] VCDA
[10:16:03] [122/324] GCMM
[10:16:04] [123/324] INVS
[10:16:05] [124/324] SCGM
[10:16:05] [125/324] PCDA
[10:16:06] [126/324] KDCT
[10:16:08] [127/324] JACS
[10:16:09] [128/324] GMMC
[10:16:10] [129/324] AICM
[10:16:11] [130/324] TJCM
[10:16:12] [131/324] RMTI
[10:16:12] [132/324] SHAC
[10:16:14] [133/324] APJC
[10:16:15] [134/324] GCTG
[10:16:16] [135/324] SSMC
[10:16:18] [136/324] THRM
[10:16:18] [137/324] RBCT
[10:16:19] [138/324] DIKT
[10:16:20] [139/324] MIDL
[10:16:21] [140/324] VCSN
[10:16:22] [141/324] SKTG
[10:16:23] [142/324] SMWC
[10:16:24] [143/324] MNKH
[10:16:25] [144/324] PIAT
[10:16:25] [145/324] LTTP
[10:16:26] [146/324] PTPU
[10:16:27] [147/324] ACMG
[10:16:28] [148/324] SHMM
[10:16:29] [149/324] MCMN
[10:16:29] [150/324] GLDC
[10:16:30] [151/324] HOUT
[10:16:31] [152/324] SVRP
[10:16:32] [153/324] PVDN
[10:16:33] [154/324] SCPY
[10:16:34] [155/324] DTPY
[10:16:35] [156/324] GKCS
[10:16:36] [157/324] NCAM
[10:16:37] [158/324] BSRM
[10:16:38] [159/324] RCLC
[10:16:39] [160/324] SKKD
[10:16:40] [161/324] ACHU
[10:16:42] [162/324] RSCF
[10:16:42] [163/324] IMSH
[10:16:43] [164/324] MACX
[10:16:44] [165/324] HMMW
[10:16:45] [166/324] JTCP
[10:16:46] [167/324] SREN
[10:16:47] [168/324] PJRR
[10:16:48] [169/324] INAC
[10:16:48] [170/324] BMCA
[10:16:49] [171/324] SHCB
[10:16:50] [172/324] GABA
[10:16:51] [173/324] SBCT
[10:16:53] [174/324] GCMA
[10:16:54] [175/324] MYTK
[10:16:55] [176/324] INZS
[10:16:56] [177/324] RMIK
[10:16:56] [178/324] NYCH
[10:16:57] [179/324] RAVE
[10:16:58] [180/324] PSXM
[10:16:59] [181/324] MCGP
[10:17:00] [182/324] PDDK
[10:17:01] [183/324] SPCK
[10:17:02] [184/324] MCRL
[10:17:03] [185/324] MHKT
[10:17:04] [186/324] ANRR
[10:17:04] [187/324] SAPK
[10:17:05] [188/324] NCUK
[10:17:06] [189/324] JUGA
[10:17:07] [190/324] DBSC
[10:17:08] [191/324] LALK
[10:17:09] [192/324] GUCK
[10:17:10] [193/324] STSG
[10:17:11] [194/324] PPPZ
[10:17:11] [195/324] CNCY
[10:17:12] [196/324] MTAR
[10:17:13] [197/324] VNKD
[10:17:14] [198/324] KMAJ
[10:17:14] [199/324] ACXK
[10:17:15] [200/324] UTKC
[10:17:16] [201/324] PBLK
[10:17:17] [202/324] ACBX
[10:17:18] [203/324] PTGM
[10:17:19] [204/324] BTDA
[10:17:20] [205/324] PJMB
[10:17:21] [206/324] TPDA
[10:17:22] [207/324] AMOE
[10:17:23] [208/324] PRHT
[10:17:23] [209/324] PRTA
[10:17:24] [210/324] STAM
[10:17:25] [211/324] MSAA
[10:17:26] [212/324] SDLU
[10:17:27] [213/324] RCHH
[10:17:28] [214/324] KANT
[10:17:28] [215/324] FCRT
[10:17:29] [216/324] DNKM
[10:17:30] [217/324] RYCP
[10:17:30] [218/324] MYRP
[10:17:31] [219/324] PPAK
[10:17:32] [220/324] NVPK
[10:17:34] [221/324] PRMC
[10:17:35] [222/324] JBCS
[10:17:36] [223/324] GXCK
[10:17:37] [224/324] USKO
[10:17:38] [225/324] GTEM
[10:17:38] [226/324] SMBU
[10:17:39] [227/324] VETC
[10:17:40] [228/324] LCDA
[10:17:41] [229/324] MTVT
[10:17:42] [230/324] PYCP
[10:17:43] [231/324] PNSC
[10:17:44] [232/324] PPCC
[10:17:44] [233/324] TGRT
[10:17:45] [234/324] JYOT
[10:17:46] [235/324] SRCZ
[10:17:47] [236/324] SJTE
[10:17:48] [237/324] DESC
[10:17:49] [238/324] JHVN
[10:17:50] [239/324] IPSG
[10:17:51] [240/324] IPCM
[10:17:52] [241/324] PDRS
[10:17:53] [242/324] ANCV
[10:17:53] [243/324] CMVV
[10:17:54] [244/324] SHYP
[10:17:55] [245/324] DNCS
[10:17:56] [246/324] GAJK
[10:17:57] [247/324] AKTN
[10:17:57] [248/324] KAYA
[10:17:58] [249/324] SBRC
[10:17:59] [250/324] CHTP
[10:18:00] [251/324] SHRT
[10:18:01] [252/324] BCKU
[10:18:02] [253/324] FCPS
[10:18:03] [254/324] ARDD
[10:18:04] [255/324] CPCM
[10:18:05] [256/324] CGSM
[10:18:06] [257/324] PSMP
[10:18:07] [258/324] SDAL
[10:18:08] [259/324] RTNB
[10:18:09] [260/324] LMCR
[10:18:09] [261/324] CIMA
[10:18:11] [262/324] RNAS
[10:18:12] [263/324] LITH
[10:18:13] [264/324] PBOX
[10:18:14] [265/324] FRTS
[10:18:15] [266/324] RKIC
[10:18:16] [267/324] PTAI
[10:18:17] [268/324] GCIC
[10:18:18] [269/324] FNAS
[10:18:19] [270/324] SCAR
[10:18:21] [271/324] MTCA
[10:18:22] [272/324] SCTS
[10:18:22] [273/324] SYCS
[10:18:23] [274/324] RDMS
[10:18:24] [275/324] KAMP
[10:18:25] [276/324] ERSD
[10:18:26] [277/324] MJMJ
[10:18:27] [278/324] SRCJ
[10:18:27] [279/324] SCXE
[10:18:29] [280/324] SVFR
[10:18:30] [281/324] BHCS
[10:18:31] [282/324] IMCC
[10:18:32] [283/324] PCBO
[10:18:33] [284/324] PRVN
[10:18:34] [285/324] AUPM
[10:18:35] [286/324] INBW
[10:18:35] [287/324] SVCW
[10:18:36] [288/324] RKCF
[10:18:37] [289/324] UVBH
[10:18:38] [290/324] DNCY
[10:18:39] [291/324] ABCN
[10:18:40] [292/324] PRUR
[10:18:42] [293/324] PFMR
[10:18:42] [294/324] RKCN
[10:18:43] [295/324] CFEA
[10:18:45] [296/324] SDBG
[10:18:46] [297/324] SNAR
[10:18:47] [298/324] YISI
[10:18:48] [299/324] JCFF
[10:18:49] [300/324] VTRK
[10:18:50] [301/324] PCLZ
[10:18:51] [302/324] DIMY
[10:18:51] [303/324] BBTS
[10:18:52] [304/324] GATH
[10:18:53] [305/324] GTMN
[10:18:54] [306/324] VTMH
[10:18:55] [307/324] CCKP
[10:18:56] [308/324] GPKA
[10:18:57] [309/324] MHCL
[10:18:58] [310/324] ATCL
[10:18:59] [311/324] SBCK
[10:19:00] [312/324] AMMR
[10:19:01] [313/324] MADC
[10:19:02] [314/324] TMMA
[10:19:02] [315/324] CACC
[10:19:03] [316/324] CHAL
[10:19:04] [317/324] DURG
[10:19:06] [318/324] GMKU
[10:19:06] [319/324] GECA
[10:19:07] [320/324] KYRR
[10:19:08] [321/324] KSDE
[10:19:10] [322/324] LMCI
[10:19:11] [323/324] NKCP
[10:19:11] [324/324] BGTC
[10:19:13] 🧹 Deduping shows
[10:19:13] ✅ DONE | Shows=38 | Movies=6
[16:46:46] 🚀 SCRIPT STARTED
[16:46:46] [1/324] GCTA
[16:46:46] 🧠 New identity created
[16:46:47] [2/324] TOPN
[16:46:47] [3/324] MCUS
[16:46:48] [4/324] SHRL
[16:46:49] [5/324] UPTP
[16:46:50] [6/324] TMMP
[16:46:51] [7/324] DNRP
[16:46:52] [8/324] SRLT
[16:46:53] [9/324] RCNS
[16:46:55] [10/324] DCBH
[16:46:57] [11/324] NAGJ
[16:46:58] [12/324] JVRC
[16:46:58] [13/324] KRJG
[16:46:59] [14/324] SRTJ
[16:47:00] [15/324] CMXM
[16:47:01] [16/324] STMI
[16:47:02] [17/324] SLST
[16:47:03] [18/324] DTCN
[16:47:04] [19/324] STYN
[16:47:05] [20/324] SZVR
[16:47:06] [21/324] SRKO
[16:47:07] [22/324] JTGT
[16:47:08] [23/324] SVFD
[16:47:09] [24/324] SISD
[16:47:10] [25/324] ABDD
[16:47:11] [26/324] DRCA
[16:47:12] [27/324] AVCS
[16:47:13] [28/324] MVKH
[16:47:14] [29/324] ACPR
[16:47:15] [30/324] STIP
[16:47:16] [31/324] MTRA
[16:47:17] [32/324] RMKH
[16:47:18] [33/324] NKRL
[16:47:19] [34/324] PCWN
[16:47:20] [35/324] BLMT
[16:47:21] [36/324] GDPG
[16:47:22] [37/324] SRMX
[16:47:23] [38/324] JACP
[16:47:24] [39/324] CPSH
[16:47:25] [40/324] MCCD
[16:47:26] [41/324] ECGH
[16:47:27] [42/324] MKCK
[16:47:28] [43/324] SRMM
[16:47:28] [44/324] SKYR
[16:47:29] [45/324] PCKC
[16:47:30] [46/324] JCMA
[16:47:31] [47/324] BSMP
[16:47:32] [48/324] VSPA
[16:47:33] [49/324] DJYA
[16:47:34] [50/324] DIMP
[16:47:35] [51/324] FXDR
[16:47:36] [52/324] SSRC
[16:47:37] [53/324] STHP
[16:47:38] [54/324] CPPD
[16:47:39] [55/324] FCLK
[16:47:40] [56/324] SCPP
[16:47:41] [57/324] DCMJ
[16:47:42] [58/324] RCCR
[16:47:43] [59/324] INMT
[16:47:43] [60/324] LXTK
[16:47:44] [61/324] SRYK
[16:47:45] [62/324] SGDK
[16:47:46] [63/324] PPKA
[16:47:48] [64/324] SPKA
[16:47:49] [65/324] CGHH
[16:47:50] [66/324] DCJN
[16:47:52] [67/324] SRKV
[16:47:53] [68/324] SAJC
[16:47:54] [69/324] SUSR
[16:47:55] [70/324] STYG
[16:47:56] [71/324] NTKP
[16:47:57] [72/324] AKTG
[16:47:58] [73/324] CGCM
[16:47:59] [74/324] TULC
[16:47:59] [75/324] NYYZ
[16:48:00] [76/324] NYBW
[16:48:01] [77/324] MACB
[16:48:02] [78/324] SLVT
[16:48:03] [79/324] SANA
[16:48:04] [80/324] ACMR
[16:48:05] [81/324] CPKN
[16:48:06] [82/324] DLGK
[16:48:07] [83/324] CWCK
[16:48:08] [84/324] FDDH
[16:48:09] [85/324] MMMD
[16:48:10] [86/324] CMEH
[16:48:11] [87/324] GGGV
[16:48:12] [88/324] SPJL
[16:48:13] [89/324] RCCD
[16:48:13] [90/324] STTZ
[16:48:15] [91/324] BTCF
[16:48:16] [92/324] TSTZ
[16:48:17] [93/324] IPMM
[16:48:18] [94/324] PMPW
[16:48:19] [95/324] PCMZ
[16:48:20] [96/324] ESEM
[16:48:21] [97/324] PIPO
[16:48:22] [98/324] MATK
[16:48:23] [99/324] PGHM
[16:48:24] [100/324] CTSR
[16:48:25] [101/324] CYKR
[16:48:25] [102/324] MSCM
[16:48:26] [103/324] RFNP
[16:48:27] [104/324] PDCP
[16:48:28] [105/324] NPSE
[16:48:29] [106/324] MKML
[16:48:30] [107/324] FTDP
[16:48:31] [108/324] MMXA
[16:48:31] [109/324] CEPO
[16:48:32] [110/324] CMVP
[16:48:33] [111/324] SGTH
[16:48:34] [112/324] SAYN
[16:48:35] [113/324] URVS
[16:48:36] [114/324] VJTN
[16:48:37] [115/324] BBYK
[16:48:38] [116/324] SHBO
[16:48:39] [117/324] VCMR
[16:48:40] [118/324] MACT
[16:48:41] [119/324] JMNP
[16:48:42] [120/324] VICS
[16:48:42] [121/324] VCDA
[16:48:43] [122/324] GCMM
[16:48:45] [123/324] INVS
[16:48:46] [124/324] SCGM
[16:48:47] [125/324] PCDA
[16:48:49] [126/324] KDCT
[16:48:49] [127/324] JACS
[16:48:50] [128/324] GMMC
[16:48:51] [129/324] AICM
[16:48:52] [130/324] TJCM
[16:48:54] [131/324] RMTI
[16:48:55] [132/324] SHAC
[16:48:55] [133/324] APJC
[16:48:56] [134/324] GCTG
[16:48:57] [135/324] SSMC
[16:48:58] [136/324] THRM
[16:48:59] [137/324] RBCT
[16:49:00] [138/324] DIKT
[16:49:01] [139/324] MIDL
[16:49:02] [140/324] VCSN
[16:49:02] [141/324] SKTG
[16:49:03] [142/324] SMWC
[16:49:04] [143/324] MNKH
[16:49:05] [144/324] PIAT
[16:49:06] [145/324] LTTP
[16:49:07] [146/324] PTPU
[16:49:08] [147/324] ACMG
[16:49:09] [148/324] SHMM
[16:49:10] [149/324] MCMN
[16:49:10] [150/324] GLDC
[16:49:11] [151/324] HOUT
[16:49:12] [152/324] SVRP
[16:49:13] [153/324] PVDN
[16:49:14] [154/324] SCPY
[16:49:15] [155/324] DTPY
[16:49:16] [156/324] GKCS
[16:49:17] [157/324] NCAM
[16:49:18] [158/324] BSRM
[16:49:18] [159/324] RCLC
[16:49:19] [160/324] SKKD
[16:49:20] [161/324] ACHU
[16:49:22] [162/324] RSCF
[16:49:23] [163/324] IMSH
[16:49:24] [164/324] MACX
[16:49:25] [165/324] HMMW
[16:49:25] [166/324] JTCP
[16:49:26] [167/324] SREN
[16:49:27] [168/324] PJRR
[16:49:28] [169/324] INAC
[16:49:29] [170/324] BMCA
[16:49:31] [171/324] SHCB
[16:49:32] [172/324] GABA
[16:49:33] [173/324] SBCT
[16:49:34] [174/324] GCMA
[16:49:35] [175/324] MYTK
[16:49:35] [176/324] INZS
[16:49:36] [177/324] RMIK
[16:49:37] [178/324] NYCH
[16:49:38] [179/324] RAVE
[16:49:39] [180/324] PSXM
[16:49:40] [181/324] MCGP
[16:49:42] [182/324] PDDK
[16:49:43] [183/324] SPCK
[16:49:44] [184/324] MCRL
[16:49:44] [185/324] MHKT
[16:49:45] [186/324] ANRR
[16:49:46] [187/324] SAPK
[16:49:47] [188/324] NCUK
[16:49:48] [189/324] JUGA
[16:49:49] [190/324] DBSC
[16:49:50] [191/324] LALK
[16:49:51] [192/324] GUCK
[16:49:52] [193/324] STSG
[16:49:54] [194/324] PPPZ
[16:49:54] [195/324] CNCY
[16:49:56] [196/324] MTAR
[16:49:57] [197/324] VNKD
[16:49:58] [198/324] KMAJ
[16:49:58] [199/324] ACXK
[16:49:59] [200/324] UTKC
[16:50:00] [201/324] PBLK
[16:50:01] [202/324] ACBX
[16:50:03] [203/324] PTGM
[16:50:04] [204/324] BTDA
[16:50:05] [205/324] PJMB
[16:50:06] [206/324] TPDA
[16:50:07] [207/324] AMOE
[16:50:07] [208/324] PRHT
[16:50:08] [209/324] PRTA
[16:50:10] [210/324] STAM
[16:50:11] [211/324] MSAA
[16:50:12] [212/324] SDLU
[16:50:13] [213/324] RCHH
[16:50:14] [214/324] KANT
[16:50:15] [215/324] FCRT
[16:50:16] [216/324] DNKM
[16:50:16] [217/324] RYCP
[16:50:17] [218/324] MYRP
[16:50:18] [219/324] PPAK
[16:50:19] [220/324] NVPK
[16:50:20] [221/324] PRMC
[16:50:22] [222/324] JBCS
[16:50:22] [223/324] GXCK
[16:50:23] [224/324] USKO
[16:50:24] [225/324] GTEM
[16:50:25] [226/324] SMBU
[16:50:27] [227/324] VETC
[16:50:28] [228/324] LCDA
[16:50:29] [229/324] MTVT
[16:50:29] [230/324] PYCP
[16:50:30] [231/324] PNSC
[16:50:31] [232/324] PPCC
[16:50:32] [233/324] TGRT
[16:50:33] [234/324] JYOT
[16:50:34] [235/324] SRCZ
[16:50:35] [236/324] SJTE
[16:50:36] [237/324] DESC
[16:50:37] [238/324] JHVN
[16:50:38] [239/324] IPSG
[16:50:38] [240/324] IPCM
[16:50:39] [241/324] PDRS
[16:50:40] [242/324] ANCV
[16:50:41] [243/324] CMVV
[16:50:42] [244/324] SHYP
[16:50:43] [245/324] DNCS
[16:50:44] [246/324] GAJK
[16:50:45] [247/324] AKTN
[16:50:45] [248/324] KAYA
[16:50:47] [249/324] SBRC
[16:50:48] [250/324] CHTP
[16:50:49] [251/324] SHRT
[16:50:50] [252/324] BCKU
[16:50:51] [253/324] FCPS
[16:50:52] [254/324] ARDD
[16:50:53] [255/324] CPCM
[16:50:53] [256/324] CGSM
[16:50:54] [257/324] PSMP
[16:50:55] [258/324] SDAL
[16:50:56] [259/324] RTNB
[16:50:57] [260/324] LMCR
[16:50:58] [261/324] CIMA
[16:50:59] [262/324] RNAS
[16:51:00] [263/324] LITH
[16:51:01] [264/324] PBOX
[16:51:03] [265/324] FRTS
[16:51:03] [266/324] RKIC
[16:51:04] [267/324] PTAI
[16:51:05] [268/324] GCIC
[16:51:06] [269/324] FNAS
[16:51:07] [270/324] SCAR
[16:51:07] [271/324] MTCA
[16:51:08] [272/324] SCTS
[16:51:09] [273/324] SYCS
[16:51:10] [274/324] RDMS
[16:51:11] [275/324] KAMP
[16:51:12] [276/324] ERSD
[16:51:13] [277/324] MJMJ
[16:51:13] [278/324] SRCJ
[16:51:14] [279/324] SCXE
[16:51:15] [280/324] SVFR
[16:51:16] [281/324] BHCS
[16:51:17] [282/324] IMCC
[16:51:18] [283/324] PCBO
[16:51:19] [284/324] PRVN
[16:51:20] [285/324] AUPM
[16:51:21] [286/324] INBW
[16:51:22] [287/324] SVCW
[16:51:23] [288/324] RKCF
[16:51:24] [289/324] UVBH
[16:51:24] [290/324] DNCY
[16:51:25] [291/324] ABCN
[16:51:26] [292/324] PRUR
[16:51:28] [293/324] PFMR
[16:51:29] [294/324] RKCN
[16:51:30] [295/324] CFEA
[16:51:30] [296/324] SDBG
[16:51:31] [297/324] SNAR
[16:51:32] [298/324] YISI
[16:51:33] [299/324] JCFF
[16:51:34] [300/324] VTRK
[16:51:35] [301/324] PCLZ
[16:51:36] [302/324] DIMY
[16:51:36] [303/324] BBTS
[16:51:37] [304/324] GATH
[16:51:38] [305/324] GTMN
[16:51:39] [306/324] VTMH
[16:51:40] [307/324] CCKP
[16:51:41] [308/324] GPKA
[16:51:42] [309/324] MHCL
[16:51:43] [310/324] ATCL
[16:51:44] [311/324] SBCK
[16:51:45] [312/324] AMMR
[16:51:46] [313/324] MADC
[16:51:47] [314/324] TMMA
[16:51:48] [315/324] CACC
[16:51:49] [316/324] CHAL
[16:51:50] [317/324] DURG
[16:51:51] [318/324] GMKU
[16:51:52] [319/324] GECA
[16:51:53] [320/324] KYRR
[16:51:53] [321/324] KSDE
[16:51:54] [322/324] LMCI
[16:51:55] [323/324] NKCP
[16:51:56] [324/324] BGTC
[16:51:57] 🧹 Deduping shows
[16:51:57] ✅ DONE | Shows=58 | Movies=7
