[10:04:19] 🚀 SCRIPT STARTED
[10:04:19] [1/445] TGMR
[10:04:19] 🧠 New identity created
[10:04:21] [2/445] CXKR
[10:04:22] [3/445] SROP
[10:04:23] [4/445] GTSV
[10:04:24] [5/445] SNTY
[10:04:25] [6/445] SMYY
[10:04:26] [7/445] CNCS
[10:04:27] [8/445] CSTM
[10:04:28] [9/445] NUCD
[10:04:29] [10/445] SHCZ
[10:04:30] [11/445] NJCT
[10:04:30] [12/445] COPC
[10:04:31] [13/445] STVV
[10:04:32] [14/445] SKRN
[10:04:33] [15/445] APPZ
[10:04:34] [16/445] YMGN
[10:04:35] [17/445] SVTU
[10:04:35] [18/445] GTAD
[10:04:36] [19/445] PSUS
[10:04:37] [20/445] SMCD
[10:04:38] [21/445] CMCM
[10:04:39] [22/445] SYCT
[10:04:39] [23/445] STLY
[10:04:40] [24/445] CMHU
[10:04:41] [25/445] CMSA
[10:04:42] [26/445] CLCU
[10:04:43] [27/445] PPNT
[10:04:44] [28/445] JTAB
[10:04:45] [29/445] BUUC
[10:04:46] [30/445] BSVK
[10:04:47] [31/445] VVVQ
[10:04:47] [32/445] TKMU
[10:04:48] [33/445] ESYL
[10:04:50] [34/445] ACHP
[10:04:51] [35/445] BTKD
[10:04:52] [36/445] DESA
[10:04:53] [37/445] GBCT
[10:04:55] [38/445] BLLD
[10:04:55] [39/445] SKNT
[10:04:57] [40/445] SSTE
[10:04:58] [41/445] VJMR
[10:04:59] [42/445] NTPU
[10:05:00] [43/445] RDKN
[10:05:01] [44/445] ADGC
[10:05:02] [45/445] VRBP
[10:05:03] [46/445] NMNA
[10:05:04] [47/445] CMMX
[10:05:05] [48/445] PTKO
[10:05:05] [49/445] RBML
[10:05:06] [50/445] SAIC
[10:05:07] [51/445] SVTJ
[10:05:08] [52/445] MRTE
[10:05:09] [53/445] RBTP
[10:05:09] [54/445] NLPS
[10:05:10] [55/445] GTNA
[10:05:11] [56/445] DGGC
[10:05:12] [57/445] SMCR
[10:05:13] [58/445] SCGD
[10:05:15] [59/445] SRRJ
[10:05:15] [60/445] CNRY
[10:05:16] [61/445] KTDI
[10:05:17] [62/445] SNJL
[10:05:18] [63/445] RKMD
[10:05:19] [64/445] SMDC
[10:05:20] [65/445] TADG
[10:05:21] [66/445] MCGS
[10:05:22] [67/445] PETK
[10:05:23] [68/445] CHAG
[10:05:23] [69/445] KSTL
[10:05:24] [70/445] AADS
[10:05:25] [71/445] NTHZ
[10:05:26] [72/445] HCKI
[10:05:27] [73/445] SSEF
[10:05:27] [74/445] MCGX
[10:05:29] [75/445] ERRA
[10:05:30] [76/445] SDTW
[10:05:31] [77/445] RMPK
[10:05:32] [78/445] PTHK
[10:05:33] [79/445] PXCS
[10:05:33] [80/445] SVLU
[10:05:35] [81/445] STAH
[10:05:36] [82/445] JRGF
[10:05:36] [83/445] CDOK
[10:05:37] [84/445] CMSG
[10:05:38] [85/445] APTD
[10:05:39] [86/445] KMPG
[10:05:40] [87/445] MUTJ
[10:05:41] [88/445] VCCI
[10:05:42] [89/445] URBE
[10:05:43] [90/445] TCTS
[10:05:44] [91/445] STSN
[10:05:45] [92/445] AKCH
[10:05:46] [93/445] APSC
[10:05:46] [94/445] VLTB
[10:05:47] [95/445] SANU
[10:05:48] [96/445] AXAM
[10:05:49] [97/445] MGMG
[10:05:50] [98/445] HTBY
[10:05:50] [99/445] MMZS
[10:05:51] [100/445] SUDR
[10:05:52] [101/445] CCAD
[10:05:53] [102/445] SKKC
[10:05:54] [103/445] RMCD
[10:05:55] [104/445] SBCQ
[10:05:56] [105/445] DCCT
[10:05:57] [106/445] VTKP
[10:05:57] [107/445] MLAM
[10:05:58] [108/445] SAVT
[10:06:00] [109/445] GEPL
[10:06:01] [110/445] AMCD
[10:06:01] [111/445] CCXR
[10:06:02] [112/445] GRNG
[10:06:03] [113/445] EBCA
[10:06:04] [114/445] CNVG
[10:06:05] [115/445] MWSS
[10:06:06] [116/445] VBOR
[10:06:07] [117/445] NEEB
[10:06:07] [118/445] SUTH
[10:06:08] [119/445] ANDB
[10:06:09] [120/445] MMXS
[10:06:10] [121/445] CNPD
[10:06:11] [122/445] SDCE
[10:06:13] [123/445] DHCB
[10:06:13] [124/445] ODEN
[10:06:14] [125/445] TNTC
[10:06:15] [126/445] VBKM
[10:06:16] [127/445] RZYM
[10:06:17] [128/445] JEMC
[10:06:17] [129/445] CMAU
[10:06:18] [130/445] SIVP
[10:06:19] [131/445] ATAG
[10:06:20] [132/445] CHTM
[10:06:21] [133/445] AAEE
[10:06:22] [134/445] IWPM
[10:06:22] [135/445] KCMW
[10:06:23] [136/445] MCTD
[10:06:24] [137/445] SPWR
[10:06:26] [138/445] SDPO
[10:06:27] [139/445] PCSK
[10:06:27] [140/445] ACHV
[10:06:28] [141/445] SVLA
[10:06:29] [142/445] PICT
[10:06:31] [143/445] BXDR
[10:06:32] [144/445] SPWA
[10:06:33] [145/445] MCKO
[10:06:34] [146/445] RTHK
[10:06:34] [147/445] CCMF
[10:06:35] [148/445] MRGB
[10:06:36] [149/445] CPLC
[10:06:37] [150/445] RACD
[10:06:39] [151/445] ATKT
[10:06:40] [152/445] SARN
[10:06:41] [153/445] KKUI
[10:06:42] [154/445] RGCM
[10:06:43] [155/445] BRVP
[10:06:44] [156/445] HRSR
[10:06:44] [157/445] GKGM
[10:06:45] [158/445] TTCD
[10:06:46] [159/445] PTTI
[10:06:47] [160/445] MPTT
[10:06:48] [161/445] CVTT
[10:06:48] [162/445] PCXD
[10:06:49] [163/445] GCDC
[10:06:50] [164/445] CCCF
[10:06:52] [165/445] MRAD
[10:06:53] [166/445] CPLK
[10:06:54] [167/445] SATB
[10:06:54] [168/445] SNVG
[10:06:56] [169/445] JMBA
[10:06:57] [170/445] TEJA
[10:06:58] [171/445] STYO
[10:06:58] [172/445] JTBP
[10:06:59] [173/445] KRGD
[10:07:00] [174/445] SLJJ
[10:07:01] [175/445] SPTJ
[10:07:02] [176/445] SWJG
[10:07:03] [177/445] LKRT
[10:07:04] [178/445] KCKA
[10:07:04] [179/445] SNCR
[10:07:05] [180/445] SMKL
[10:07:06] [181/445] GCFA
[10:07:07] [182/445] DDCK
[10:07:08] [183/445] NCHJ
[10:07:09] [184/445] RDMA
[10:07:10] [185/445] SVSV
[10:07:11] [186/445] SCJG
[10:07:11] [187/445] VKLP
[10:07:12] [188/445] NWCC
[10:07:14] [189/445] VKNS
[10:07:15] [190/445] SDDP
[10:07:16] [191/445] ACSI
[10:07:17] [192/445] SATG
[10:07:18] [193/445] SCMW
[10:07:19] [194/445] LKTK
[10:07:19] [195/445] VCKV
[10:07:20] [196/445] KKPE
[10:07:21] [197/445] KIGH
[10:07:22] [198/445] SRPM
[10:07:22] [199/445] SCAH
[10:07:23] [200/445] MUTA
[10:07:24] [201/445] SEPU
[10:07:25] [202/445] INOA
[10:07:26] [203/445] BASK
[10:07:27] [204/445] NECB
[10:07:27] [205/445] GTTG
[10:07:28] [206/445] ASSA
[10:07:29] [207/445] ANCL
[10:07:30] [208/445] GCTI
[10:07:30] [209/445] RCTS
[10:07:31] [210/445] ACNL
[10:07:32] [211/445] MYCT
[10:07:33] [212/445] NMHT
[10:07:34] [213/445] MDIT
[10:07:35] [214/445] LATG
[10:07:36] [215/445] SMTY
[10:07:37] [216/445] CVCT
[10:07:37] [217/445] RAMB
[10:07:38] [218/445] TGMS
[10:07:39] [219/445] BHEL
[10:07:40] [220/445] SHCT
[10:07:41] [221/445] SVCT
[10:07:42] [222/445] MRIY
[10:07:43] [223/445] SARO
[10:07:43] [224/445] STCT
[10:07:45] [225/445] JKKC
[10:07:46] [226/445] PLTT
[10:07:47] [227/445] SRNT
[10:07:48] [228/445] YAST
[10:07:49] [229/445] PERL
[10:07:49] [230/445] CICM
[10:07:50] [231/445] MMTR
[10:07:51] [232/445] ABTK
[10:07:52] [233/445] ATYY
[10:07:53] [234/445] ASTK
[10:07:54] [235/445] VVCK
[10:07:54] [236/445] ATKY
[10:07:55] [237/445] GWEK
[10:07:56] [238/445] SVFH
[10:07:57] [239/445] SLTA
[10:07:58] [240/445] AASH
[10:07:58] [241/445] ACXB
[10:07:59] [242/445] SMTX
[10:08:00] [243/445] AZDH
[10:08:01] [244/445] CMMH
[10:08:02] [245/445] SCSZ
[10:08:02] [246/445] SCKP
[10:08:03] [247/445] NXTM
[10:08:04] [248/445] NWCS
[10:08:06] [249/445] CXMH
[10:08:07] [250/445] PCMA
[10:08:08] [251/445] SGCM
[10:08:09] [252/445] SDTU
[10:08:09] [253/445] MMVI
[10:08:10] [254/445] JKCM
[10:08:11] [255/445] VCMM
[10:08:12] [256/445] SYEE
[10:08:13] [257/445] VASD
[10:08:14] [258/445] BDRB
[10:08:15] [259/445] LASM
[10:08:16] [260/445] DCRL
[10:08:17] [261/445] DVPM
[10:08:18] [262/445] SBMJ
[10:08:19] [263/445] CBMU
[10:08:19] [264/445] IUBS
[10:08:20] [265/445] INAP
[10:08:21] [266/445] SRRC
[10:08:21] [267/445] SAGR
[10:08:22] [268/445] CPMJ
[10:08:23] [269/445] ATJL
[10:08:24] [270/445] NNTD
[10:08:25] [271/445] JHCJ
[10:08:26] [272/445] CMMP
[10:08:27] [273/445] RSDR
[10:08:28] [274/445] AMTI
[10:08:29] [275/445] NYSG
[10:08:30] [276/445] AVSG
[10:08:31] [277/445] SYTP
[10:08:31] [278/445] LARC
[10:08:32] [279/445] RJTP
[10:08:33] [280/445] LAKC
[10:08:34] [281/445] MCXE
[10:08:34] [282/445] CCZC
[10:08:35] [283/445] AVCH
[10:08:36] [284/445] CMBE
[10:08:37] [285/445] MRRC
[10:08:38] [286/445] PCPY
[10:08:39] [287/445] SRMH
[10:08:40] [288/445] SVGS
[10:08:40] [289/445] PCSE
[10:08:41] [290/445] SVFT
[10:08:42] [291/445] TNZP
[10:08:43] [292/445] ICTP
[10:08:45] [293/445] ACTZ
[10:08:46] [294/445] GTUR
[10:08:46] [295/445] MAFC
[10:08:47] [296/445] MINL
[10:08:48] [297/445] MRCL
[10:08:49] [298/445] RCRP
[10:08:50] [299/445] RFFG
[10:08:51] [300/445] RMAS
[10:08:51] [301/445] INVR
[10:08:52] [302/445] RMAR
[10:08:53] [303/445] CNIS
[10:08:54] [304/445] RHRJ
[10:08:55] [305/445] INXR
[10:08:56] [306/445] VALT
[10:08:56] [307/445] LCSH
[10:08:57] [308/445] CMVS
[10:08:59] [309/445] CNMS
[10:09:00] [310/445] ROOG
[10:09:01] [311/445] ISRM
[10:09:02] [312/445] RCRM
[10:09:02] [313/445] ACJA
[10:09:03] [314/445] RCVS
[10:09:04] [315/445] CPUS
[10:09:05] [316/445] TGCS
[10:09:05] [317/445] RKCJ
[10:09:07] [318/445] MKSB
[10:09:08] [319/445] TCSJ
[10:09:09] [320/445] RMGP
[10:09:10] [321/445] CLLP
[10:09:11] [322/445] RCMV
[10:09:12] [323/445] CCKS
[10:09:13] [324/445] RSRP
[10:09:14] [325/445] APLP
[10:09:15] [326/445] CNVS
[10:09:15] [327/445] RMVY
[10:09:16] [328/445] PGBD
[10:09:17] [329/445] KLMS
[10:09:17] [330/445] RUST
[10:09:18] [331/445] MASM
[10:09:19] [332/445] BACS
[10:09:20] [333/445] BWST
[10:09:21] [334/445] RRFH
[10:09:22] [335/445] SJTM
[10:09:22] [336/445] BEMR
[10:09:23] [337/445] MCGR
[10:09:24] [338/445] SDSK
[10:09:24] [339/445] VBOL
[10:09:25] [340/445] RMGM
[10:09:26] [341/445] NOPL
[10:09:27] [342/445] MKJK
[10:09:28] [343/445] CVRN
[10:09:28] [344/445] MMEN
[10:09:29] [345/445] AMNG
[10:09:30] [346/445] INTM
[10:09:31] [347/445] SLCZ
[10:09:31] [348/445] AMJN
[10:09:32] [349/445] ACJN
[10:09:33] [350/445] AMKN
[10:09:34] [351/445] BTCN
[10:09:35] [352/445] AMBT
[10:09:35] [353/445] PACN
[10:09:36] [354/445] LCNS
[10:09:37] [355/445] PPKC
[10:09:38] [356/445] JYYN
[10:09:39] [357/445] JTNR
[10:09:40] [358/445] GTEE
[10:09:41] [359/445] SRNM
[10:09:41] [360/445] SDTC
[10:09:42] [361/445] VPCA
[10:09:43] [362/445] VLRA
[10:09:44] [363/445] SHKR
[10:09:45] [364/445] SBKD
[10:09:45] [365/445] SAAD
[10:09:46] [366/445] JTGN
[10:09:47] [367/445] SLAM
[10:09:48] [368/445] VTPM
[10:09:48] [369/445] ANPT
[10:09:49] [370/445] PUNB
[10:09:50] [371/445] CPKT
[10:09:51] [372/445] CNWE
[10:09:52] [373/445] ECPP
[10:09:53] [374/445] CPAR
[10:09:53] [375/445] ESBW
[10:09:54] [376/445] PKPU
[10:09:55] [377/445] CPRP
[10:09:56] [378/445] RAHU
[10:09:57] [379/445] RHMN
[10:09:58] [380/445] FMJP
[10:09:58] [381/445] CTMP
[10:09:59] [382/445] INPN
[10:10:00] [383/445] STTG
[10:10:02] [384/445] CTRD
[10:10:03] [385/445] PUVB
[10:10:04] [386/445] ESVP
[10:10:06] [387/445] CPFT
[10:10:07] [388/445] LCPC
[10:10:08] [389/445] VBCT
[10:10:08] [390/445] FSCW
[10:10:09] [391/445] VCMP
[10:10:10] [392/445] ASHC
[10:10:11] [393/445] VLCX
[10:10:12] [394/445] SHEV
[10:10:14] [395/445] APCO
[10:10:15] [396/445] SILC
[10:10:16] [397/445] SNMR
[10:10:17] [398/445] KYBO
[10:10:18] [399/445] SATK
[10:10:19] [400/445] SSCS
[10:10:20] [401/445] CLSB
[10:10:21] [402/445] KMJR
[10:10:22] [403/445] FSCK
[10:10:22] [404/445] NNKA
[10:10:23] [405/445] CLMK
[10:10:24] [406/445] DMPZ
[10:10:25] [407/445] INQM
[10:10:25] [408/445] CAML
[10:10:26] [409/445] INRK
[10:10:27] [410/445] IMKN
[10:10:28] [411/445] SVNR
[10:10:30] [412/445] INSL
[10:10:30] [413/445] MSMA
[10:10:31] [414/445] MCKK
[10:10:32] [415/445] FCHP
[10:10:33] [416/445] SFCR
[10:10:34] [417/445] NACK
[10:10:35] [418/445] PVAK
[10:10:35] [419/445] INER
[10:10:36] [420/445] RDBK
[10:10:37] [421/445] SVFN
[10:10:39] [422/445] IFRM
[10:10:40] [423/445] ATCK
[10:10:41] [424/445] ASKO
[10:10:42] [425/445] STKT
[10:10:42] [426/445] SVFB
[10:10:43] [427/445] INKS
[10:10:44] [428/445] PCRA
[10:10:45] [429/445] ATJA
[10:10:46] [430/445] IMJN
[10:10:47] [431/445] INHD
[10:10:48] [432/445] BARA
[10:10:49] [433/445] MCSL
[10:10:49] [434/445] RTOY
[10:10:50] [435/445] MENO
[10:10:51] [436/445] PUDM
[10:10:52] [437/445] PRCN
[10:10:52] [438/445] JMJR
[10:10:54] [439/445] SSGK
[10:10:55] [440/445] SSRL
[10:10:56] [441/445] JYKL
[10:10:56] [442/445] ACNB
[10:10:57] [443/445] SONP
[10:10:58] [444/445] EMCI
[10:10:59] [445/445] MRJH
[10:11:00] 🧹 Deduping shows
[10:11:00] ✅ DONE | Shows=576 | Movies=56
[16:43:03] 🚀 SCRIPT STARTED
[16:43:03] [1/445] TGMR
[16:43:03] 🧠 New identity created
[16:43:03] [2/445] CXKR
[16:43:04] [3/445] SROP
[16:43:05] [4/445] GTSV
[16:43:06] [5/445] SNTY
[16:43:07] [6/445] SMYY
[16:43:08] [7/445] CNCS
[16:43:09] [8/445] CSTM
[16:43:09] [9/445] NUCD
[16:43:10] [10/445] SHCZ
[16:43:11] [11/445] NJCT
[16:43:12] [12/445] COPC
[16:43:13] [13/445] STVV
[16:43:14] [14/445] SKRN
[16:43:14] [15/445] APPZ
[16:43:15] [16/445] YMGN
[16:43:16] [17/445] SVTU
[16:43:17] [18/445] GTAD
[16:43:19] [19/445] PSUS
[16:43:20] [20/445] SMCD
[16:43:21] [21/445] CMCM
[16:43:22] [22/445] SYCT
[16:43:23] [23/445] STLY
[16:43:24] [24/445] CMHU
[16:43:26] [25/445] CMSA
[16:43:27] [26/445] CLCU
[16:43:27] [27/445] PPNT
[16:43:28] [28/445] JTAB
[16:43:29] [29/445] BUUC
[16:43:30] [30/445] BSVK
[16:43:31] [31/445] VVVQ
[16:43:32] [32/445] TKMU
[16:43:32] [33/445] ESYL
[16:43:33] [34/445] ACHP
[16:43:35] [35/445] BTKD
[16:43:36] [36/445] DESA
[16:43:36] [37/445] GBCT
[16:43:37] [38/445] BLLD
[16:43:38] [39/445] SKNT
[16:43:39] [40/445] SSTE
[16:43:40] [41/445] VJMR
[16:43:41] [42/445] NTPU
[16:43:42] [43/445] RDKN
[16:43:43] [44/445] ADGC
[16:43:43] [45/445] VRBP
[16:43:44] [46/445] NMNA
[16:43:45] [47/445] CMMX
[16:43:46] [48/445] PTKO
[16:43:47] [49/445] RBML
[16:43:48] [50/445] SAIC
[16:43:49] [51/445] SVTJ
[16:43:49] [52/445] MRTE
[16:43:50] [53/445] RBTP
[16:43:51] [54/445] NLPS
[16:43:52] [55/445] GTNA
[16:43:53] [56/445] DGGC
[16:43:54] [57/445] SMCR
[16:43:55] [58/445] SCGD
[16:43:56] [59/445] SRRJ
[16:43:57] [60/445] CNRY
[16:43:58] [61/445] KTDI
[16:43:59] [62/445] SNJL
[16:43:59] [63/445] RKMD
[16:44:00] [64/445] SMDC
[16:44:02] [65/445] TADG
[16:44:03] [66/445] MCGS
[16:44:04] [67/445] PETK
[16:44:04] [68/445] CHAG
[16:44:05] [69/445] KSTL
[16:44:07] [70/445] AADS
[16:44:08] [71/445] NTHZ
[16:44:09] [72/445] HCKI
[16:44:10] [73/445] SSEF
[16:44:11] [74/445] MCGX
[16:44:12] [75/445] ERRA
[16:44:13] [76/445] SDTW
[16:44:15] [77/445] RMPK
[16:44:15] [78/445] PTHK
[16:44:17] [79/445] PXCS
[16:44:18] [80/445] SVLU
[16:44:19] [81/445] STAH
[16:44:20] [82/445] JRGF
[16:44:20] [83/445] CDOK
[16:44:21] [84/445] CMSG
[16:44:22] [85/445] APTD
[16:44:23] [86/445] KMPG
[16:44:24] [87/445] MUTJ
[16:44:25] [88/445] VCCI
[16:44:26] [89/445] URBE
[16:44:26] [90/445] TCTS
[16:44:27] [91/445] STSN
[16:44:28] [92/445] AKCH
[16:44:29] [93/445] APSC
[16:44:29] [94/445] VLTB
[16:44:30] [95/445] SANU
[16:44:31] [96/445] AXAM
[16:44:32] [97/445] MGMG
[16:44:32] [98/445] HTBY
[16:44:33] [99/445] MMZS
[16:44:34] [100/445] SUDR
[16:44:35] [101/445] CCAD
[16:44:36] [102/445] SKKC
[16:44:36] [103/445] RMCD
[16:44:37] [104/445] SBCQ
[16:44:38] [105/445] DCCT
[16:44:39] [106/445] VTKP
[16:44:40] [107/445] MLAM
[16:44:41] [108/445] SAVT
[16:44:41] [109/445] GEPL
[16:44:43] [110/445] AMCD
[16:44:44] [111/445] CCXR
[16:44:45] [112/445] GRNG
[16:44:46] [113/445] EBCA
[16:44:47] [114/445] CNVG
[16:44:48] [115/445] MWSS
[16:44:48] [116/445] VBOR
[16:44:50] [117/445] NEEB
[16:44:51] [118/445] SUTH
[16:44:52] [119/445] ANDB
[16:44:52] [120/445] MMXS
[16:44:53] [121/445] CNPD
[16:44:54] [122/445] SDCE
[16:44:55] [123/445] DHCB
[16:44:56] [124/445] ODEN
[16:44:57] [125/445] TNTC
[16:44:58] [126/445] VBKM
[16:44:59] [127/445] RZYM
[16:45:00] [128/445] JEMC
[16:45:01] [129/445] CMAU
[16:45:02] [130/445] SIVP
[16:45:02] [131/445] ATAG
[16:45:03] [132/445] CHTM
[16:45:04] [133/445] AAEE
[16:45:05] [134/445] IWPM
[16:45:06] [135/445] KCMW
[16:45:07] [136/445] MCTD
[16:45:08] [137/445] SPWR
[16:45:09] [138/445] SDPO
[16:45:09] [139/445] PCSK
[16:45:10] [140/445] ACHV
[16:45:11] [141/445] SVLA
[16:45:12] [142/445] PICT
[16:45:13] [143/445] BXDR
[16:45:14] [144/445] SPWA
[16:45:16] [145/445] MCKO
[16:45:16] [146/445] RTHK
[16:45:17] [147/445] CCMF
[16:45:19] [148/445] MRGB
[16:45:20] [149/445] CPLC
[16:45:20] [150/445] RACD
[16:45:21] [151/445] ATKT
[16:45:22] [152/445] SARN
[16:45:23] [153/445] KKUI
[16:45:24] [154/445] RGCM
[16:45:25] [155/445] BRVP
[16:45:25] [156/445] HRSR
[16:45:26] [157/445] GKGM
[16:45:28] [158/445] TTCD
[16:45:29] [159/445] PTTI
[16:45:29] [160/445] MPTT
[16:45:30] [161/445] CVTT
[16:45:31] [162/445] PCXD
[16:45:32] [163/445] GCDC
[16:45:33] [164/445] CCCF
[16:45:33] [165/445] MRAD
[16:45:34] [166/445] CPLK
[16:45:35] [167/445] SATB
[16:45:36] [168/445] SNVG
[16:45:37] [169/445] JMBA
[16:45:39] [170/445] TEJA
[16:45:39] [171/445] STYO
[16:45:40] [172/445] JTBP
[16:45:41] [173/445] KRGD
[16:45:42] [174/445] SLJJ
[16:45:43] [175/445] SPTJ
[16:45:44] [176/445] SWJG
[16:45:44] [177/445] LKRT
[16:45:45] [178/445] KCKA
[16:45:46] [179/445] SNCR
[16:45:47] [180/445] SMKL
[16:45:49] [181/445] GCFA
[16:45:50] [182/445] DDCK
[16:45:51] [183/445] NCHJ
[16:45:52] [184/445] RDMA
[16:45:53] [185/445] SVSV
[16:45:54] [186/445] SCJG
[16:45:55] [187/445] VKLP
[16:45:56] [188/445] NWCC
[16:45:57] [189/445] VKNS
[16:45:57] [190/445] SDDP
[16:45:58] [191/445] ACSI
[16:46:00] [192/445] SATG
[16:46:01] [193/445] SCMW
[16:46:01] [194/445] LKTK
[16:46:02] [195/445] VCKV
[16:46:04] [196/445] KKPE
[16:46:05] [197/445] KIGH
[16:46:06] [198/445] SRPM
[16:46:07] [199/445] SCAH
[16:46:08] [200/445] MUTA
[16:46:09] [201/445] SEPU
[16:46:10] [202/445] INOA
[16:46:11] [203/445] BASK
[16:46:13] [204/445] NECB
[16:46:14] [205/445] GTTG
[16:46:15] [206/445] ASSA
[16:46:15] [207/445] ANCL
[16:46:16] [208/445] GCTI
[16:46:17] [209/445] RCTS
[16:46:18] [210/445] ACNL
[16:46:19] [211/445] MYCT
[16:46:20] [212/445] NMHT
[16:46:20] [213/445] MDIT
[16:46:21] [214/445] LATG
[16:46:22] [215/445] SMTY
[16:46:24] [216/445] CVCT
[16:46:25] [217/445] RAMB
[16:46:26] [218/445] TGMS
[16:46:27] [219/445] BHEL
[16:46:27] [220/445] SHCT
[16:46:28] [221/445] SVCT
[16:46:29] [222/445] MRIY
[16:46:30] [223/445] SARO
[16:46:31] [224/445] STCT
[16:46:32] [225/445] JKKC
[16:46:33] [226/445] PLTT
[16:46:34] [227/445] SRNT
[16:46:36] [228/445] YAST
[16:46:37] [229/445] PERL
[16:46:38] [230/445] CICM
[16:46:39] [231/445] MMTR
[16:46:40] [232/445] ABTK
[16:46:40] [233/445] ATYY
[16:46:41] [234/445] ASTK
[16:46:42] [235/445] VVCK
[16:46:43] [236/445] ATKY
[16:46:44] [237/445] GWEK
[16:46:45] [238/445] SVFH
[16:46:45] [239/445] SLTA
[16:46:46] [240/445] AASH
[16:46:47] [241/445] ACXB
[16:46:48] [242/445] SMTX
[16:46:49] [243/445] AZDH
[16:46:50] [244/445] CMMH
[16:46:51] [245/445] SCSZ
[16:46:52] [246/445] SCKP
[16:46:53] [247/445] NXTM
[16:46:54] [248/445] NWCS
[16:46:55] [249/445] CXMH
[16:46:55] [250/445] PCMA
[16:46:56] [251/445] SGCM
[16:46:57] [252/445] SDTU
[16:46:58] [253/445] MMVI
[16:46:59] [254/445] JKCM
[16:47:00] [255/445] VCMM
[16:47:01] [256/445] SYEE
[16:47:01] [257/445] VASD
[16:47:02] [258/445] BDRB
[16:47:03] [259/445] LASM
[16:47:04] [260/445] DCRL
[16:47:06] [261/445] DVPM
[16:47:07] [262/445] SBMJ
[16:47:07] [263/445] CBMU
[16:47:08] [264/445] IUBS
[16:47:09] [265/445] INAP
[16:47:10] [266/445] SRRC
[16:47:11] [267/445] SAGR
[16:47:12] [268/445] CPMJ
[16:47:13] [269/445] ATJL
[16:47:14] [270/445] NNTD
[16:47:15] [271/445] JHCJ
[16:47:16] [272/445] CMMP
[16:47:17] [273/445] RSDR
[16:47:18] [274/445] AMTI
[16:47:18] [275/445] NYSG
[16:47:19] [276/445] AVSG
[16:47:20] [277/445] SYTP
[16:47:21] [278/445] LARC
[16:47:22] [279/445] RJTP
[16:47:22] [280/445] LAKC
[16:47:23] [281/445] MCXE
[16:47:24] [282/445] CCZC
[16:47:25] [283/445] AVCH
[16:47:26] [284/445] CMBE
[16:47:27] [285/445] MRRC
[16:47:28] [286/445] PCPY
[16:47:29] [287/445] SRMH
[16:47:29] [288/445] SVGS
[16:47:30] [289/445] PCSE
[16:47:31] [290/445] SVFT
[16:47:32] [291/445] TNZP
[16:47:33] [292/445] ICTP
[16:47:34] [293/445] ACTZ
[16:47:35] [294/445] GTUR
[16:47:35] [295/445] MAFC
[16:47:36] [296/445] MINL
[16:47:37] [297/445] MRCL
[16:47:39] [298/445] RCRP
[16:47:40] [299/445] RFFG
[16:47:40] [300/445] RMAS
[16:47:42] [301/445] INVR
[16:47:43] [302/445] RMAR
[16:47:43] [303/445] CNIS
[16:47:45] [304/445] RHRJ
[16:47:47] [305/445] INXR
[16:47:49] [306/445] VALT
[16:47:50] [307/445] LCSH
[16:47:50] [308/445] CMVS
[16:47:51] [309/445] CNMS
[16:47:52] [310/445] ROOG
[16:47:53] [311/445] ISRM
[16:47:54] [312/445] RCRM
[16:47:55] [313/445] ACJA
[16:47:56] [314/445] RCVS
[16:47:57] [315/445] CPUS
[16:47:59] [316/445] TGCS
[16:48:00] [317/445] RKCJ
[16:48:01] [318/445] MKSB
[16:48:02] [319/445] TCSJ
[16:48:03] [320/445] RMGP
[16:48:04] [321/445] CLLP
[16:48:05] [322/445] RCMV
[16:48:07] [323/445] CCKS
[16:48:07] [324/445] RSRP
[16:48:08] [325/445] APLP
[16:48:09] [326/445] CNVS
[16:48:10] [327/445] RMVY
[16:48:10] [328/445] PGBD
[16:48:11] [329/445] KLMS
[16:48:12] [330/445] RUST
[16:48:13] [331/445] MASM
[16:48:14] [332/445] BACS
[16:48:15] [333/445] BWST
[16:48:16] [334/445] RRFH
[16:48:17] [335/445] SJTM
[16:48:19] [336/445] BEMR
[16:48:20] [337/445] MCGR
[16:48:21] [338/445] SDSK
[16:48:23] [339/445] VBOL
[16:48:24] [340/445] RMGM
[16:48:24] [341/445] NOPL
[16:48:26] [342/445] MKJK
[16:48:27] [343/445] CVRN
[16:48:28] [344/445] MMEN
[16:48:29] [345/445] AMNG
[16:48:30] [346/445] INTM
[16:48:31] [347/445] SLCZ
[16:48:32] [348/445] AMJN
[16:48:33] [349/445] ACJN
[16:48:34] [350/445] AMKN
[16:48:36] [351/445] BTCN
[16:48:37] [352/445] AMBT
[16:48:38] [353/445] PACN
[16:48:39] [354/445] LCNS
[16:48:39] [355/445] PPKC
[16:48:40] [356/445] JYYN
[16:48:41] [357/445] JTNR
[16:48:42] [358/445] GTEE
[16:48:43] [359/445] SRNM
[16:48:45] [360/445] SDTC
[16:48:46] [361/445] VPCA
[16:48:47] [362/445] VLRA
[16:48:48] [363/445] SHKR
[16:48:50] [364/445] SBKD
[16:48:50] [365/445] SAAD
[16:48:52] [366/445] JTGN
[16:48:53] [367/445] SLAM
[16:48:54] [368/445] VTPM
[16:48:55] [369/445] ANPT
[16:48:56] [370/445] PUNB
[16:48:57] [371/445] CPKT
[16:48:58] [372/445] CNWE
[16:49:00] [373/445] ECPP
[16:49:01] [374/445] CPAR
[16:49:01] [375/445] ESBW
[16:49:02] [376/445] PKPU
[16:49:03] [377/445] CPRP
[16:49:04] [378/445] RAHU
[16:49:05] [379/445] RHMN
[16:49:05] [380/445] FMJP
[16:49:06] [381/445] CTMP
[16:49:07] [382/445] INPN
[16:49:08] [383/445] STTG
[16:49:09] [384/445] CTRD
[16:49:10] [385/445] PUVB
[16:49:11] [386/445] ESVP
[16:49:13] [387/445] CPFT
[16:49:14] [388/445] LCPC
[16:49:15] [389/445] VBCT
[16:49:15] [390/445] FSCW
[16:49:16] [391/445] VCMP
[16:49:17] [392/445] ASHC
[16:49:18] [393/445] VLCX
[16:49:19] [394/445] SHEV
[16:49:20] [395/445] APCO
[16:49:21] [396/445] SILC
[16:49:22] [397/445] SNMR
[16:49:23] [398/445] KYBO
[16:49:24] [399/445] SATK
[16:49:26] [400/445] SSCS
[16:49:27] [401/445] CLSB
[16:49:28] [402/445] KMJR
[16:49:29] [403/445] FSCK
[16:49:30] [404/445] NNKA
[16:49:30] [405/445] CLMK
[16:49:31] [406/445] DMPZ
[16:49:32] [407/445] INQM
[16:49:33] [408/445] CAML
[16:49:34] [409/445] INRK
[16:49:35] [410/445] IMKN
[16:49:36] [411/445] SVNR
[16:49:37] [412/445] INSL
[16:49:38] [413/445] MSMA
[16:49:39] [414/445] MCKK
[16:49:40] [415/445] FCHP
[16:49:41] [416/445] SFCR
[16:49:42] [417/445] NACK
[16:49:42] [418/445] PVAK
[16:49:43] [419/445] INER
[16:49:44] [420/445] RDBK
[16:49:45] [421/445] SVFN
[16:49:46] [422/445] IFRM
[16:49:46] [423/445] ATCK
[16:49:47] [424/445] ASKO
[16:49:48] [425/445] STKT
[16:49:49] [426/445] SVFB
[16:49:50] [427/445] INKS
[16:49:51] [428/445] PCRA
[16:49:52] [429/445] ATJA
[16:49:53] [430/445] IMJN
[16:49:54] [431/445] INHD
[16:49:55] [432/445] BARA
[16:49:55] [433/445] MCSL
[16:49:56] [434/445] RTOY
[16:49:57] [435/445] MENO
[16:49:58] [436/445] PUDM
[16:49:59] [437/445] PRCN
[16:49:59] [438/445] JMJR
[16:50:00] [439/445] SSGK
[16:50:01] [440/445] SSRL
[16:50:02] [441/445] JYKL
[16:50:03] [442/445] ACNB
[16:50:04] [443/445] SONP
[16:50:06] [444/445] EMCI
[16:50:06] [445/445] MRJH
[16:50:07] 🧹 Deduping shows
[16:50:07] ✅ DONE | Shows=696 | Movies=61
