[10:04:29] 🚀 SCRIPT STARTED
[10:04:29] [1/459] MBDC
[10:04:29] 🧠 New identity created
[10:04:30] [2/459] CHKM
[10:04:31] [3/459] JTKZ
[10:04:32] [4/459] CMCT
[10:04:33] [5/459] ASHO
[10:04:34] [6/459] ECDG
[10:04:35] [7/459] SPAT
[10:04:36] [8/459] HILC
[10:04:37] [9/459] SPPH
[10:04:38] [10/459] SBHN
[10:04:39] [11/459] RRCA
[10:04:39] [12/459] APAA
[10:04:40] [13/459] RAME
[10:04:41] [14/459] TMMS
[10:04:42] [15/459] BATK
[10:04:43] [16/459] LKOP
[10:04:45] [17/459] AMTT
[10:04:45] [18/459] PTGK
[10:04:47] [19/459] ANRS
[10:04:48] [20/459] VWBW
[10:04:50] [21/459] SVFG
[10:04:51] [22/459] STAT
[10:04:51] [23/459] GDCV
[10:04:52] [24/459] VEBI
[10:04:53] [25/459] VDSS
[10:04:54] [26/459] NTHV
[10:04:55] [27/459] AOCH
[10:04:56] [28/459] KASR
[10:04:57] [29/459] AYCS
[10:04:58] [30/459] SHAI
[10:04:59] [31/459] SKPE
[10:05:00] [32/459] SBTA
[10:05:01] [33/459] RTTD
[10:05:01] [34/459] CCJD
[10:05:03] [35/459] RSJJ
[10:05:04] [36/459] RKND
[10:05:06] [37/459] SVTX
[10:05:07] [38/459] BAKM
[10:05:07] [39/459] SVDC
[10:05:09] [40/459] MNCV
[10:05:10] [41/459] SJGC
[10:05:11] [42/459] MTPK
[10:05:12] [43/459] GATP
[10:05:12] [44/459] ABTS
[10:05:14] [45/459] ABDE
[10:05:15] [46/459] RCNM
[10:05:16] [47/459] KTHV
[10:05:16] [48/459] MDGJ
[10:05:17] [49/459] SMLM
[10:05:18] [50/459] JTMA
[10:05:19] [51/459] ACKP
[10:05:20] [52/459] SRTA
[10:05:21] [53/459] STAY
[10:05:22] [54/459] MAVO
[10:05:23] [55/459] APTS
[10:05:24] [56/459] OMEA
[10:05:25] [57/459] TTFD
[10:05:26] [58/459] MJCU
[10:05:27] [59/459] CXTE
[10:05:28] [60/459] CTPX
[10:05:29] [61/459] ASSL
[10:05:30] [62/459] CMVB
[10:05:31] [63/459] VPUR
[10:05:31] [64/459] JJDA
[10:05:32] [65/459] INBL
[10:05:33] [66/459] BIKB
[10:05:35] [67/459] NTBB
[10:05:36] [68/459] GLOB
[10:05:37] [69/459] SNTB
[10:05:37] [70/459] CHGV
[10:05:38] [71/459] SSBZ
[10:05:39] [72/459] PRDB
[10:05:40] [73/459] ISMT
[10:05:41] [74/459] MCSD
[10:05:42] [75/459] JBTT
[10:05:43] [76/459] GEKR
[10:05:43] [77/459] PVUN
[10:05:45] [78/459] NRTB
[10:05:46] [79/459] PRAA
[10:05:47] [80/459] PCBL
[10:05:48] [81/459] PTCM
[10:05:49] [82/459] KHNN
[10:05:50] [83/459] OMJE
[10:05:51] [84/459] STGN
[10:05:52] [85/459] RPMS
[10:05:53] [86/459] NWAD
[10:05:54] [87/459] BLCK
[10:05:55] [88/459] SVAA
[10:05:56] [89/459] URVM
[10:05:58] [90/459] ANTM
[10:05:59] [91/459] VJYM
[10:06:00] [92/459] MAZZ
[10:06:00] [93/459] CSHM
[10:06:01] [94/459] WGMH
[10:06:02] [95/459] SALN
[10:06:03] [96/459] BRTP
[10:06:04] [97/459] SVTA
[10:06:04] [98/459] SBTP
[10:06:05] [99/459] VLSS
[10:06:06] [100/459] SRJA
[10:06:07] [101/459] ANCG
[10:06:08] [102/459] CGGC
[10:06:09] [103/459] CRJA
[10:06:10] [104/459] USCR
[10:06:11] [105/459] MMEF
[10:06:12] [106/459] JCRJ
[10:06:13] [107/459] ADCM
[10:06:13] [108/459] BMYK
[10:06:14] [109/459] KICS
[10:06:15] [110/459] MBBT
[10:06:16] [111/459] MACK
[10:06:17] [112/459] CLDR
[10:06:18] [113/459] JYCR
[10:06:19] [114/459] DCRP
[10:06:20] [115/459] RAHT
[10:06:21] [116/459] CSSM
[10:06:22] [117/459] ATPK
[10:06:23] [118/459] KLRT
[10:06:24] [119/459] SRDD
[10:06:25] [120/459] CKMC
[10:06:26] [121/459] KRVM
[10:06:27] [122/459] AKCP
[10:06:27] [123/459] CNCV
[10:06:28] [124/459] PACT
[10:06:29] [125/459] NATP
[10:06:30] [126/459] PCPK
[10:06:31] [127/459] SMHO
[10:06:32] [128/459] CWTK
[10:06:33] [129/459] RVKZ
[10:06:34] [130/459] ASPD
[10:06:35] [131/459] VTKZ
[10:06:35] [132/459] LCSO
[10:06:36] [133/459] PRDY
[10:06:37] [134/459] RCAP
[10:06:38] [135/459] RGAR
[10:06:39] [136/459] RCAC
[10:06:40] [137/459] PMOD
[10:06:40] [138/459] PVCN
[10:06:41] [139/459] SCRZ
[10:06:42] [140/459] PVPC
[10:06:43] [141/459] STID
[10:06:44] [142/459] NEDD
[10:06:45] [143/459] BNBA
[10:06:46] [144/459] NTCD
[10:06:47] [145/459] OCDE
[10:06:47] [146/459] CCDU
[10:06:48] [147/459] CRXH
[10:06:49] [148/459] VLVT
[10:06:50] [149/459] CICI
[10:06:51] [150/459] SUCB
[10:06:52] [151/459] TCBP
[10:06:53] [152/459] SCCY
[10:06:54] [153/459] LXCY
[10:06:54] [154/459] NCMD
[10:06:55] [155/459] PHCS
[10:06:56] [156/459] DUXR
[10:06:57] [157/459] VNKS
[10:06:58] [158/459] SEDP
[10:06:59] [159/459] SVEN
[10:07:00] [160/459] SRKM
[10:07:02] [161/459] JTLT
[10:07:03] [162/459] SVSS
[10:07:04] [163/459] AMDE
[10:07:04] [164/459] WVRN
[10:07:05] [165/459] ISMG
[10:07:06] [166/459] WVKS
[10:07:07] [167/459] USCG
[10:07:08] [168/459] IOTG
[10:07:09] [169/459] RRJM
[10:07:10] [170/459] EDMP
[10:07:10] [171/459] SCGZ
[10:07:11] [172/459] GMGX
[10:07:12] [173/459] OMTP
[10:07:13] [174/459] MITD
[10:07:13] [175/459] SMMD
[10:07:15] [176/459] STML
[10:07:16] [177/459] MCFS
[10:07:17] [178/459] FPKA
[10:07:19] [179/459] OMLR
[10:07:20] [180/459] KKSC
[10:07:22] [181/459] RVMA
[10:07:23] [182/459] SCLL
[10:07:24] [183/459] SCDK
[10:07:24] [184/459] SXMI
[10:07:25] [185/459] SHDN
[10:07:26] [186/459] PAAD
[10:07:27] [187/459] UUCB
[10:07:28] [188/459] JHOL
[10:07:29] [189/459] SGWT
[10:07:29] [190/459] SRII
[10:07:30] [191/459] SGCK
[10:07:31] [192/459] SVVB
[10:07:32] [193/459] DMHA
[10:07:32] [194/459] PPNL
[10:07:33] [195/459] CPNL
[10:07:34] [196/459] WVLD
[10:07:35] [197/459] PSLV
[10:07:37] [198/459] VTTL
[10:07:38] [199/459] NPAD
[10:07:39] [200/459] PVCS
[10:07:39] [201/459] MCHL
[10:07:40] [202/459] PPLL
[10:07:41] [203/459] MALO
[10:07:43] [204/459] SWBH
[10:07:45] [205/459] PUGB
[10:07:46] [206/459] INBB
[10:07:46] [207/459] INNS
[10:07:47] [208/459] MCPT
[10:07:48] [209/459] SCMI
[10:07:49] [210/459] OCON
[10:07:50] [211/459] SCSM
[10:07:51] [212/459] RJVN
[10:07:52] [213/459] AMDK
[10:07:53] [214/459] ISMR
[10:07:54] [215/459] SMTD
[10:07:55] [216/459] VTDD
[10:07:56] [217/459] PDDZ
[10:07:56] [218/459] PCCK
[10:07:57] [219/459] INAM
[10:07:58] [220/459] FNKT
[10:07:59] [221/459] GDKA
[10:08:00] [222/459] MAYU
[10:08:00] [223/459] TCGU
[10:08:01] [224/459] KDCA
[10:08:02] [225/459] DOMY
[10:08:03] [226/459] PDDD
[10:08:04] [227/459] BJTS
[10:08:05] [228/459] VTCA
[10:08:06] [229/459] SBTM
[10:08:06] [230/459] SEET
[10:08:07] [231/459] SSTJ
[10:08:08] [232/459] SVNT
[10:08:09] [233/459] PPPR
[10:08:10] [234/459] PVYS
[10:08:10] [235/459] IOSE
[10:08:11] [236/459] ACTV
[10:08:12] [237/459] APVE
[10:08:13] [238/459] TCCL
[10:08:14] [239/459] SCMO
[10:08:15] [240/459] SAUM
[10:08:15] [241/459] KCJS
[10:08:16] [242/459] NJCJ
[10:08:17] [243/459] NECF
[10:08:18] [244/459] CCGW
[10:08:18] [245/459] CCMG
[10:08:19] [246/459] NYRG
[10:08:20] [247/459] NCSQ
[10:08:21] [248/459] GRCG
[10:08:23] [249/459] CCBT
[10:08:24] [250/459] ACGA
[10:08:24] [251/459] INAG
[10:08:25] [252/459] FUCG
[10:08:26] [253/459] AICF
[10:08:27] [254/459] GRGA
[10:08:28] [255/459] GDCN
[10:08:28] [256/459] RRCG
[10:08:29] [257/459] SDCH
[10:08:30] [258/459] WVJM
[10:08:31] [259/459] JCCZ
[10:08:32] [260/459] CNCL
[10:08:33] [261/459] TMLV
[10:08:34] [262/459] MEMB
[10:08:34] [263/459] SGTD
[10:08:35] [264/459] CONX
[10:08:36] [265/459] CCMH
[10:08:37] [266/459] ACMC
[10:08:38] [267/459] DTPD
[10:08:39] [268/459] POJA
[10:08:40] [269/459] FNBH
[10:08:40] [270/459] CGCB
[10:08:42] [271/459] RACN
[10:08:43] [272/459] JTSM
[10:08:44] [273/459] SCDN
[10:08:45] [274/459] AACK
[10:08:45] [275/459] RMCE
[10:08:46] [276/459] BSGB
[10:08:47] [277/459] MRCB
[10:08:48] [278/459] SRVR
[10:08:49] [279/459] VTKK
[10:08:50] [280/459] AMST
[10:08:51] [281/459] APCY
[10:08:52] [282/459] LMHO
[10:08:53] [283/459] MTZH
[10:08:54] [284/459] AMZB
[10:08:55] [285/459] SUVT
[10:08:55] [286/459] RCIP
[10:08:56] [287/459] KESR
[10:08:57] [288/459] SNKC
[10:08:58] [289/459] SCED
[10:08:59] [290/459] DVCA
[10:09:00] [291/459] VCDT
[10:09:01] [292/459] RRDI
[10:09:02] [293/459] DFCH
[10:09:03] [294/459] INSC
[10:09:04] [295/459] RGTR
[10:09:06] [296/459] FMOT
[10:09:07] [297/459] SCPM
[10:09:07] [298/459] GCDT
[10:09:08] [299/459] BRKT
[10:09:09] [300/459] DEMP
[10:09:11] [301/459] SRLC
[10:09:12] [302/459] KSTT
[10:09:12] [303/459] SMMT
[10:09:13] [304/459] SILM
[10:09:14] [305/459] JCVM
[10:09:15] [306/459] KCSV
[10:09:16] [307/459] MHLK
[10:09:16] [308/459] SLVL
[10:09:17] [309/459] RJKP
[10:09:18] [310/459] BBPC
[10:09:19] [311/459] MXCB
[10:09:20] [312/459] TCPK
[10:09:21] [313/459] RTBR
[10:09:21] [314/459] GAUT
[10:09:23] [315/459] DVCF
[10:09:24] [316/459] JTSB
[10:09:24] [317/459] SBLS
[10:09:25] [318/459] UDAY
[10:09:26] [319/459] PTNP
[10:09:27] [320/459] DMKT
[10:09:28] [321/459] NTDT
[10:09:29] [322/459] SHDJ
[10:09:30] [323/459] OTNC
[10:09:31] [324/459] RNTW
[10:09:32] [325/459] GCMI
[10:09:33] [326/459] CRCM
[10:09:34] [327/459] NNCZ
[10:09:36] [328/459] OEMO
[10:09:37] [329/459] PVJM
[10:09:38] [330/459] CPJI
[10:09:39] [331/459] RMCJ
[10:09:40] [332/459] CNWJ
[10:09:41] [333/459] EPJM
[10:09:42] [334/459] FNJJ
[10:09:43] [335/459] GCMJ
[10:09:44] [336/459] INPS
[10:09:45] [337/459] BICJ
[10:09:46] [338/459] ISTJ
[10:09:48] [339/459] INJC
[10:09:48] [340/459] GLXJ
[10:09:49] [341/459] INEM
[10:09:50] [342/459] JTMN
[10:09:51] [343/459] FRCJ
[10:09:52] [344/459] DDJP
[10:09:53] [345/459] INJV
[10:09:54] [346/459] GOLC
[10:09:55] [347/459] KOCI
[10:09:55] [348/459] FSTD
[10:09:56] [349/459] PACJ
[10:09:57] [350/459] GMCN
[10:09:58] [351/459] MMDJ
[10:09:59] [352/459] GODH
[10:09:59] [353/459] SKYN
[10:10:00] [354/459] NCTH
[10:10:01] [355/459] SKVZ
[10:10:02] [356/459] SVML
[10:10:03] [357/459] ACVZ
[10:10:04] [358/459] SURA
[10:10:05] [359/459] RTRB
[10:10:06] [360/459] LLCT
[10:10:07] [361/459] ATTS
[10:10:08] [362/459] JYCM
[10:10:10] [363/459] CTKR
[10:10:11] [364/459] LCKR
[10:10:12] [365/459] NYCV
[10:10:13] [366/459] NYOH
[10:10:14] [367/459] NOVX
[10:10:14] [368/459] MRGK
[10:10:15] [369/459] MOON
[10:10:16] [370/459] SBUC
[10:10:17] [371/459] GSVA
[10:10:18] [372/459] VIAK
[10:10:19] [373/459] SMVZ
[10:10:20] [374/459] MATE
[10:10:20] [375/459] RDCN
[10:10:21] [376/459] ASBL
[10:10:22] [377/459] ASVS
[10:10:23] [378/459] ASSR
[10:10:24] [379/459] SSKN
[10:10:25] [380/459] DRPV
[10:10:26] [381/459] MRHT
[10:10:27] [382/459] BSCN
[10:10:28] [383/459] RKNX
[10:10:28] [384/459] MSMC
[10:10:29] [385/459] MSCJ
[10:10:30] [386/459] BTBJ
[10:10:31] [387/459] MJCC
[10:10:32] [388/459] IOMM
[10:10:32] [389/459] ADGR
[10:10:33] [390/459] MYCP
[10:10:34] [391/459] IGCM
[10:10:35] [392/459] PGRK
[10:10:36] [393/459] VPGO
[10:10:37] [394/459] KOMS
[10:10:37] [395/459] URGG
[10:10:38] [396/459] GOST
[10:10:40] [397/459] LACT
[10:10:41] [398/459] BWCM
[10:10:42] [399/459] NCCW
[10:10:42] [400/459] SKYC
[10:10:43] [401/459] CCPM
[10:10:44] [402/459] VCBT
[10:10:45] [403/459] SDKR
[10:10:46] [404/459] CTYB
[10:10:47] [405/459] SHCX
[10:10:48] [406/459] RCUN
[10:10:48] [407/459] CNRA
[10:10:49] [408/459] RFCA
[10:10:50] [409/459] RDCU
[10:10:51] [410/459] SARK
[10:10:52] [411/459] SPPP
[10:10:53] [412/459] ADMB
[10:10:54] [413/459] JYOE
[10:10:55] [414/459] SRMD
[10:10:56] [415/459] RJDH
[10:10:56] [416/459] SSTD
[10:10:57] [417/459] AACV
[10:10:58] [418/459] PPVD
[10:10:59] [419/459] STCP
[10:11:00] [420/459] ANJR
[10:11:01] [421/459] ANLS
[10:11:02] [422/459] BIJO
[10:11:03] [423/459] AVAB
[10:11:04] [424/459] SPMD
[10:11:05] [425/459] SVJL
[10:11:06] [426/459] SDDJ
[10:11:07] [427/459] SLTU
[10:11:07] [428/459] SAKA
[10:11:09] [429/459] PMAM
[10:11:09] [430/459] FNAM
[10:11:10] [431/459] ACAM
[10:11:11] [432/459] SCMM
[10:11:12] [433/459] PMAK
[10:11:13] [434/459] NYSA
[10:11:14] [435/459] FCPA
[10:11:15] [436/459] GDAN
[10:11:16] [437/459] RSCA
[10:11:17] [438/459] DMAN
[10:11:17] [439/459] DZCM
[10:11:18] [440/459] NSGL
[10:11:19] [441/459] CCPP
[10:11:20] [442/459] PSMG
[10:11:21] [443/459] GSER
[10:11:22] [444/459] FCCT
[10:11:23] [445/459] FCTB
[10:11:24] [446/459] LCNK
[10:11:24] [447/459] SKTY
[10:11:25] [448/459] INAA
[10:11:26] [449/459] RCWN
[10:11:27] [450/459] VAIS
[10:11:27] [451/459] CVMN
[10:11:28] [452/459] INTS
[10:11:29] [453/459] FRGS
[10:11:31] [454/459] DTCK
[10:11:32] [455/459] MCMH
[10:11:33] [456/459] ECRR
[10:11:34] [457/459] RLLP
[10:11:35] [458/459] CCSN
[10:11:36] [459/459] CCBA
[10:11:36] 🧹 Deduping shows
[10:11:36] ✅ DONE | Shows=825 | Movies=62
