[10:04:20] 🚀 SCRIPT STARTED
[10:04:20] [1/459] FNDB
[10:04:20] 🧠 New identity created
[10:04:21] [2/459] AMBH
[10:04:22] [3/459] PRHN
[10:04:23] [4/459] ACPM
[10:04:24] [5/459] PVFS
[10:04:25] [6/459] AACN
[10:04:26] [7/459] ACAS
[10:04:27] [8/459] CTNR
[10:04:27] [9/459] MMAH
[10:04:28] [10/459] CPMH
[10:04:29] [11/459] IGMH
[10:04:30] [12/459] ABCS
[10:04:31] [13/459] CMMA
[10:04:32] [14/459] GPRH
[10:04:33] [15/459] PNNG
[10:04:33] [16/459] AMCA
[10:04:34] [17/459] ISTN
[10:04:35] [18/459] PIIC
[10:04:36] [19/459] AHMH
[10:04:37] [20/459] ASHN
[10:04:38] [21/459] INHY
[10:04:39] [22/459] SRMO
[10:04:40] [23/459] PIMH
[10:04:41] [24/459] PVTS
[10:04:42] [25/459] MMCA
[10:04:43] [26/459] AKYJ
[10:04:44] [27/459] BRKH
[10:04:45] [28/459] MAHM
[10:04:46] [29/459] CPHY
[10:04:47] [30/459] PVTP
[10:04:48] [31/459] SMMR
[10:04:49] [32/459] PVHM
[10:04:50] [33/459] SNDY
[10:04:52] [34/459] GOKU
[10:04:53] [35/459] ACEV
[10:04:53] [36/459] PVUM
[10:04:54] [37/459] VSWA
[10:04:55] [38/459] IPRS
[10:04:56] [39/459] ASGN
[10:04:57] [40/459] BKMV
[10:04:59] [41/459] PVYH
[10:04:59] [42/459] INKM
[10:05:01] [43/459] ARJU
[10:05:02] [44/459] JJPP
[10:05:03] [45/459] SSRM
[10:05:04] [46/459] HMHD
[10:05:04] [47/459] SNKH
[10:05:05] [48/459] ACHI
[10:05:06] [49/459] MRAA
[10:05:07] [50/459] INMH
[10:05:07] [51/459] ARMH
[10:05:08] [52/459] DVRR
[10:05:09] [53/459] SUDA
[10:05:10] [54/459] MCSS
[10:05:11] [55/459] VRKC
[10:05:12] [56/459] PRCX
[10:05:13] [57/459] ASJY
[10:05:13] [58/459] MTHY
[10:05:14] [59/459] SRCM
[10:05:15] [60/459] TVHY
[10:05:16] [61/459] STHD
[10:05:17] [62/459] CPCL
[10:05:18] [63/459] PSMJ
[10:05:19] [64/459] MRGT
[10:05:20] [65/459] ARYH
[10:05:20] [66/459] VTRB
[10:05:21] [67/459] SCHC
[10:05:22] [68/459] MRRG
[10:05:23] [69/459] SPCB
[10:05:24] [70/459] AMCM
[10:05:25] [71/459] IVNM
[10:05:26] [72/459] TRHY
[10:05:26] [73/459] PTTH
[10:05:27] [74/459] RKMH
[10:05:28] [75/459] PRCS
[10:05:30] [76/459] VAJA
[10:05:31] [77/459] BJNG
[10:05:33] [78/459] SCVM
[10:05:33] [79/459] GNHB
[10:05:34] [80/459] TLUR
[10:05:35] [81/459] UKCC
[10:05:36] [82/459] SRKR
[10:05:37] [83/459] RMKN
[10:05:38] [84/459] SLRT
[10:05:38] [85/459] LKMT
[10:05:39] [86/459] SSRJ
[10:05:40] [87/459] SPHT
[10:05:41] [88/459] ANTT
[10:05:42] [89/459] SRCH
[10:05:43] [90/459] SRCA
[10:05:44] [91/459] ARTH
[10:05:44] [92/459] MCBH
[10:05:45] [93/459] SNIB
[10:05:46] [94/459] SART
[10:05:47] [95/459] SKTA
[10:05:48] [96/459] YAKT
[10:05:49] [97/459] MLCK
[10:05:50] [98/459] ANTS
[10:05:51] [99/459] DGCA
[10:05:52] [100/459] SGMP
[10:05:53] [101/459] ASWN
[10:05:54] [102/459] KFVU
[10:05:55] [103/459] POOR
[10:05:56] [104/459] GKDN
[10:05:56] [105/459] EOSE
[10:05:57] [106/459] GTTT
[10:05:58] [107/459] ARRO
[10:05:59] [108/459] CMMK
[10:06:00] [109/459] MSCN
[10:06:01] [110/459] GDKH
[10:06:02] [111/459] DLMT
[10:06:02] [112/459] PVMF
[10:06:03] [113/459] CPCK
[10:06:04] [114/459] VMHE
[10:06:05] [115/459] PVLC
[10:06:06] [116/459] PCVB
[10:06:07] [117/459] SNYK
[10:06:08] [118/459] KTEK
[10:06:08] [119/459] PCNM
[10:06:09] [120/459] NTTR
[10:06:10] [121/459] CPSK
[10:06:11] [122/459] JMMA
[10:06:12] [123/459] GCFK
[10:06:13] [124/459] MYCA
[10:06:13] [125/459] KSNP
[10:06:14] [126/459] PMCE
[10:06:15] [127/459] SCKI
[10:06:17] [128/459] FSMA
[10:06:17] [129/459] CETA
[10:06:18] [130/459] MCIK
[10:06:19] [131/459] MYCR
[10:06:20] [132/459] EVMP
[10:06:21] [133/459] SSGT
[10:06:22] [134/459] KCTK
[10:06:23] [135/459] ZTKC
[10:06:23] [136/459] MMTA
[10:06:24] [137/459] MAJT
[10:06:25] [138/459] ACPK
[10:06:26] [139/459] JMAX
[10:06:27] [140/459] SETK
[10:06:28] [141/459] CAIS
[10:06:28] [142/459] AGCD
[10:06:29] [143/459] URCL
[10:06:30] [144/459] VTDS
[10:06:31] [145/459] JCNM
[10:06:32] [146/459] KCAM
[10:06:33] [147/459] ADCU
[10:06:34] [148/459] GXYN
[10:06:36] [149/459] SMJG
[10:06:36] [150/459] EYCJ
[10:06:38] [151/459] CCEJ
[10:06:39] [152/459] MARS
[10:06:39] [153/459] CPVJ
[10:06:40] [154/459] INVP
[10:06:41] [155/459] CPOV
[10:06:42] [156/459] VIJK
[10:06:43] [157/459] LAIM
[10:06:44] [158/459] STHV
[10:06:45] [159/459] SVLJ
[10:06:45] [160/459] ATVJ
[10:06:46] [161/459] JTSC
[10:06:48] [162/459] RMTV
[10:06:48] [163/459] MGGG
[10:06:49] [164/459] SWTH
[10:06:50] [165/459] INVJ
[10:06:51] [166/459] PRSV
[10:06:52] [167/459] JATV
[10:06:53] [168/459] RCVD
[10:06:55] [169/459] BDMA
[10:06:56] [170/459] BLJI
[10:06:56] [171/459] SWOT
[10:06:57] [172/459] SWRN
[10:06:58] [173/459] TVRA
[10:06:59] [174/459] VCSV
[10:07:00] [175/459] NVRN
[10:07:01] [176/459] SIKC
[10:07:02] [177/459] VAKR
[10:07:03] [178/459] SYLN
[10:07:04] [179/459] KLJL
[10:07:05] [180/459] LKMY
[10:07:06] [181/459] VSLY
[10:07:06] [182/459] CIKO
[10:07:07] [183/459] GPBG
[10:07:08] [184/459] CECM
[10:07:09] [185/459] SLKB
[10:07:10] [186/459] MTBO
[10:07:10] [187/459] SSHB
[10:07:11] [188/459] VPCS
[10:07:12] [189/459] RCSR
[10:07:13] [190/459] RJRM
[10:07:14] [191/459] KPPB
[10:07:14] [192/459] SEDC
[10:07:15] [193/459] SCAI
[10:07:16] [194/459] RMTR
[10:07:17] [195/459] ASST
[10:07:18] [196/459] GCAK
[10:07:19] [197/459] ANNK
[10:07:20] [198/459] KDDF
[10:07:21] [199/459] NRDP
[10:07:22] [200/459] PLAK
[10:07:23] [201/459] GCMC
[10:07:24] [202/459] ALPY
[10:07:25] [203/459] SICE
[10:07:26] [204/459] SISR
[10:07:27] [205/459] SRPZ
[10:07:29] [206/459] SRSW
[10:07:30] [207/459] SUYA
[10:07:31] [208/459] AMMT
[10:07:31] [209/459] BHCU
[10:07:33] [210/459] KLPA
[10:07:34] [211/459] NVKH
[10:07:35] [212/459] JMRC
[10:07:36] [213/459] KTTT
[10:07:37] [214/459] MAGH
[10:07:38] [215/459] MMMX
[10:07:39] [216/459] SALJ
[10:07:40] [217/459] GTJA
[10:07:40] [218/459] MAHT
[10:07:41] [219/459] SSNN
[10:07:42] [220/459] ARRP
[10:07:43] [221/459] ATNS
[10:07:44] [222/459] SKDT
[10:07:45] [223/459] ACAT
[10:07:46] [224/459] APRC
[10:07:46] [225/459] SWAG
[10:07:47] [226/459] SDPT
[10:07:48] [227/459] STPS
[10:07:49] [228/459] WWCZ
[10:07:50] [229/459] LLCH
[10:07:51] [230/459] MZHA
[10:07:51] [231/459] CRJG
[10:07:52] [232/459] JGTK
[10:07:53] [233/459] KCSR
[10:07:54] [234/459] CHTL
[10:07:55] [235/459] EDSR
[10:07:56] [236/459] CSWO
[10:07:57] [237/459] CPVM
[10:07:57] [238/459] MXBY
[10:07:58] [239/459] FMMA
[10:07:59] [240/459] POVI
[10:08:00] [241/459] MTHB
[10:08:01] [242/459] INRC
[10:08:02] [243/459] PIPP
[10:08:03] [244/459] BMXC
[10:08:03] [245/459] PCMM
[10:08:05] [246/459] PMKM
[10:08:06] [247/459] GATY
[10:08:07] [248/459] IMCM
[10:08:08] [249/459] POPE
[10:08:09] [250/459] MTCR
[10:08:10] [251/459] PVAE
[10:08:11] [252/459] PVMI
[10:08:12] [253/459] CPNM
[10:08:12] [254/459] FMRL
[10:08:13] [255/459] MCIW
[10:08:14] [256/459] MXBO
[10:08:15] [257/459] FMKY
[10:08:16] [258/459] FMDA
[10:08:16] [259/459] THAB
[10:08:17] [260/459] PRCW
[10:08:18] [261/459] PITI
[10:08:18] [262/459] MCFF
[10:08:19] [263/459] PDDV
[10:08:20] [264/459] MCRM
[10:08:21] [265/459] KKMB
[10:08:22] [266/459] INKO
[10:08:23] [267/459] PLXP
[10:08:24] [268/459] MMHA
[10:08:25] [269/459] FMVS
[10:08:25] [270/459] POLM
[10:08:26] [271/459] STER
[10:08:27] [272/459] PVWJ
[10:08:28] [273/459] IMJW
[10:08:29] [274/459] FNAN
[10:08:30] [275/459] CAGL
[10:08:31] [276/459] IPBG
[10:08:32] [277/459] SMFV
[10:08:33] [278/459] MMMR
[10:08:34] [279/459] MMWM
[10:08:35] [280/459] FNCM
[10:08:35] [281/459] MDVA
[10:08:36] [282/459] MMET
[10:08:37] [283/459] MIDO
[10:08:38] [284/459] INNP
[10:08:39] [285/459] MIFU
[10:08:40] [286/459] MMSZ
[10:08:41] [287/459] BMXA
[10:08:42] [288/459] MCAA
[10:08:43] [289/459] SCVP
[10:08:43] [290/459] PLUS
[10:08:44] [291/459] MUCK
[10:08:45] [292/459] MTMA
[10:08:46] [293/459] HPVR
[10:08:47] [294/459] PMPK
[10:08:47] [295/459] MAJB
[10:08:48] [296/459] CTRR
[10:08:49] [297/459] MCTG
[10:08:50] [298/459] MACE
[10:08:51] [299/459] AAAS
[10:08:52] [300/459] CPVV
[10:08:53] [301/459] RCHG
[10:08:53] [302/459] MCNE
[10:08:54] [303/459] EMNC
[10:08:55] [304/459] MCAN
[10:08:56] [305/459] TCDM
[10:08:57] [306/459] IRGT
[10:08:57] [307/459] GCMG
[10:08:58] [308/459] MXSN
[10:08:59] [309/459] MXCK
[10:09:00] [310/459] MCRC
[10:09:01] [311/459] RSMI
[10:09:02] [312/459] WAML
[10:09:03] [313/459] MTSC
[10:09:04] [314/459] FMDR
[10:09:05] [315/459] LEPV
[10:09:06] [316/459] MTGD
[10:09:06] [317/459] IMOB
[10:09:07] [318/459] CLMM
[10:09:08] [319/459] PZCD
[10:09:09] [320/459] GOCS
[10:09:10] [321/459] KCMA
[10:09:11] [322/459] CCMP
[10:09:11] [323/459] MTSU
[10:09:12] [324/459] SNGL
[10:09:13] [325/459] MMMC
[10:09:14] [326/459] MMAA
[10:09:15] [327/459] GCDM
[10:09:16] [328/459] KTMV
[10:09:17] [329/459] AETE
[10:09:18] [330/459] OMCS
[10:09:19] [331/459] GDCD
[10:09:19] [332/459] NYMD
[10:09:20] [333/459] RNCV
[10:09:21] [334/459] KKMT
[10:09:22] [335/459] GDTH
[10:09:23] [336/459] KMMV
[10:09:24] [337/459] NHCG
[10:09:25] [338/459] PJDW
[10:09:26] [339/459] MMCV
[10:09:27] [340/459] FQSA
[10:09:28] [341/459] KURL
[10:09:29] [342/459] NNNX
[10:09:30] [343/459] AMAU
[10:09:31] [344/459] VVVM
[10:09:32] [345/459] VECU
[10:09:33] [346/459] WCVR
[10:09:34] [347/459] MTGG
[10:09:35] [348/459] SGTG
[10:09:36] [349/459] MNTG
[10:09:37] [350/459] JDDG
[10:09:38] [351/459] MBTK
[10:09:39] [352/459] SGCD
[10:09:40] [353/459] MCTC
[10:09:41] [354/459] JTPC
[10:09:41] [355/459] SDKT
[10:09:42] [356/459] KRCC
[10:09:43] [357/459] RMMD
[10:09:44] [358/459] AAME
[10:09:45] [359/459] TMWC
[10:09:46] [360/459] NRWY
[10:09:46] [361/459] CITD
[10:09:47] [362/459] VERD
[10:09:48] [363/459] MKSK
[10:09:49] [364/459] STSM
[10:09:50] [365/459] MJDG
[10:09:51] [366/459] RKPM
[10:09:51] [367/459] SSCE
[10:09:52] [368/459] VMAE
[10:09:54] [369/459] SBRU
[10:09:54] [370/459] AMBC
[10:09:55] [371/459] AMLU
[10:09:56] [372/459] INVZ
[10:09:57] [373/459] LGTV
[10:09:58] [374/459] SVAD
[10:09:59] [375/459] SMSA
[10:09:59] [376/459] SPCZ
[10:10:01] [377/459] GTCX
[10:10:01] [378/459] SCSL
[10:10:02] [379/459] SAHU
[10:10:03] [380/459] NCDA
[10:10:04] [381/459] SCCG
[10:10:05] [382/459] VKTL
[10:10:06] [383/459] PUUJ
[10:10:06] [384/459] STEJ
[10:10:07] [385/459] RJAL
[10:10:08] [386/459] ACJC
[10:10:09] [387/459] VTHC
[10:10:10] [388/459] ARVB
[10:10:11] [389/459] AUBB
[10:10:11] [390/459] GDBR
[10:10:12] [391/459] PVND
[10:10:13] [392/459] BGRJ
[10:10:14] [393/459] RJMM
[10:10:15] [394/459] MCSA
[10:10:16] [395/459] BODA
[10:10:17] [396/459] JAGG
[10:10:18] [397/459] SCGA
[10:10:19] [398/459] LRCM
[10:10:20] [399/459] CPCN
[10:10:20] [400/459] SSTF
[10:10:21] [401/459] SRXP
[10:10:22] [402/459] CNFX
[10:10:23] [403/459] ANDI
[10:10:24] [404/459] SYEW
[10:10:24] [405/459] RCRE
[10:10:25] [406/459] SCRW
[10:10:26] [407/459] MBKR
[10:10:27] [408/459] ASNT
[10:10:28] [409/459] JTMT
[10:10:28] [410/459] SHAY
[10:10:29] [411/459] VRTH
[10:10:30] [412/459] SPTI
[10:10:31] [413/459] DPTD
[10:10:31] [414/459] TGSN
[10:10:32] [415/459] RCWV
[10:10:33] [416/459] OCUR
[10:10:34] [417/459] KSTC
[10:10:35] [418/459] SANI
[10:10:36] [419/459] MLCA
[10:10:37] [420/459] EGCA
[10:10:38] [421/459] SYSN
[10:10:39] [422/459] PKTA
[10:10:40] [423/459] PRCC
[10:10:41] [424/459] KSTR
[10:10:41] [425/459] SNTP
[10:10:42] [426/459] RCHA
[10:10:43] [427/459] SEEA
[10:10:44] [428/459] ALAT
[10:10:45] [429/459] AATV
[10:10:46] [430/459] RJTE
[10:10:46] [431/459] AAPP
[10:10:47] [432/459] PMMH
[10:10:48] [433/459] INRJ
[10:10:49] [434/459] SARB
[10:10:50] [435/459] PCJL
[10:10:50] [436/459] PFJJ
[10:10:51] [437/459] GRDC
[10:10:52] [438/459] BCBA
[10:10:53] [439/459] VIXL
[10:10:53] [440/459] CSTL
[10:10:54] [441/459] MTDK
[10:10:55] [442/459] TDAC
[10:10:56] [443/459] GTDN
[10:10:56] [444/459] TTDE
[10:10:57] [445/459] ASTS
[10:10:58] [446/459] CPNS
[10:11:00] [447/459] PVVW
[10:11:00] [448/459] USEB
[10:11:01] [449/459] DTYN
[10:11:02] [450/459] PVLE
[10:11:03] [451/459] CIPS
[10:11:04] [452/459] PAEG
[10:11:06] [453/459] PTCW
[10:11:06] [454/459] G3SR
[10:11:07] [455/459] PGND
[10:11:08] [456/459] INVM
[10:11:09] [457/459] SPIA
[10:11:10] [458/459] PCSN
[10:11:10] [459/459] PPGV
[10:11:11] 🧹 Deduping shows
[10:11:11] ✅ DONE | Shows=617 | Movies=52
[16:48:31] 🚀 SCRIPT STARTED
[16:48:31] [1/459] FNDB
[16:48:32] 🧠 New identity created
[16:48:32] [2/459] AMBH
[16:48:33] [3/459] PRHN
[16:48:34] [4/459] ACPM
[16:48:35] [5/459] PVFS
[16:48:36] [6/459] AACN
[16:48:37] [7/459] ACAS
[16:48:38] [8/459] CTNR
[16:48:39] [9/459] MMAH
[16:48:40] [10/459] CPMH
[16:48:41] [11/459] IGMH
[16:48:42] [12/459] ABCS
[16:48:43] [13/459] CMMA
[16:48:44] [14/459] GPRH
[16:48:45] [15/459] PNNG
[16:48:46] [16/459] AMCA
[16:48:47] [17/459] ISTN
[16:48:48] [18/459] PIIC
[16:48:48] [19/459] AHMH
[16:48:49] [20/459] ASHN
[16:48:50] [21/459] INHY
[16:48:51] [22/459] SRMO
[16:48:52] [23/459] PIMH
[16:48:53] [24/459] PVTS
[16:48:54] [25/459] MMCA
[16:48:55] [26/459] AKYJ
[16:48:55] [27/459] BRKH
[16:48:56] [28/459] MAHM
[16:48:57] [29/459] CPHY
[16:48:58] [30/459] PVTP
[16:48:59] [31/459] SMMR
[16:49:00] [32/459] PVHM
[16:49:00] [33/459] SNDY
[16:49:01] [34/459] GOKU
[16:49:02] [35/459] ACEV
[16:49:03] [36/459] PVUM
[16:49:04] [37/459] VSWA
[16:49:04] [38/459] IPRS
[16:49:05] [39/459] ASGN
[16:49:06] [40/459] BKMV
[16:49:07] [41/459] PVYH
[16:49:08] [42/459] INKM
[16:49:09] [43/459] ARJU
[16:49:10] [44/459] JJPP
[16:49:10] [45/459] SSRM
[16:49:11] [46/459] HMHD
[16:49:12] [47/459] SNKH
[16:49:13] [48/459] ACHI
[16:49:13] [49/459] MRAA
[16:49:14] [50/459] INMH
[16:49:15] [51/459] ARMH
[16:49:16] [52/459] DVRR
[16:49:17] [53/459] SUDA
[16:49:18] [54/459] MCSS
[16:49:19] [55/459] VRKC
[16:49:20] [56/459] PRCX
[16:49:20] [57/459] ASJY
[16:49:21] [58/459] MTHY
[16:49:22] [59/459] SRCM
[16:49:23] [60/459] TVHY
[16:49:24] [61/459] STHD
[16:49:25] [62/459] CPCL
[16:49:26] [63/459] PSMJ
[16:49:27] [64/459] MRGT
[16:49:27] [65/459] ARYH
[16:49:28] [66/459] VTRB
[16:49:30] [67/459] SCHC
[16:49:31] [68/459] MRRG
[16:49:32] [69/459] SPCB
[16:49:33] [70/459] AMCM
[16:49:34] [71/459] IVNM
[16:49:35] [72/459] TRHY
[16:49:36] [73/459] PTTH
[16:49:37] [74/459] RKMH
[16:49:38] [75/459] PRCS
[16:49:39] [76/459] VAJA
[16:49:39] [77/459] BJNG
[16:49:40] [78/459] SCVM
[16:49:41] [79/459] GNHB
[16:49:42] [80/459] TLUR
[16:49:43] [81/459] UKCC
[16:49:44] [82/459] SRKR
[16:49:45] [83/459] RMKN
[16:49:46] [84/459] SLRT
[16:49:47] [85/459] LKMT
[16:49:48] [86/459] SSRJ
[16:49:49] [87/459] SPHT
[16:49:50] [88/459] ANTT
[16:49:51] [89/459] SRCH
[16:49:52] [90/459] SRCA
[16:49:53] [91/459] ARTH
[16:49:54] [92/459] MCBH
[16:49:55] [93/459] SNIB
[16:49:56] [94/459] SART
[16:49:57] [95/459] SKTA
[16:49:58] [96/459] YAKT
[16:49:59] [97/459] MLCK
[16:50:00] [98/459] ANTS
[16:50:00] [99/459] DGCA
[16:50:01] [100/459] SGMP
[16:50:02] [101/459] ASWN
[16:50:03] [102/459] KFVU
[16:50:04] [103/459] POOR
[16:50:05] [104/459] GKDN
[16:50:06] [105/459] EOSE
[16:50:07] [106/459] GTTT
[16:50:08] [107/459] ARRO
[16:50:09] [108/459] CMMK
[16:50:09] [109/459] MSCN
[16:50:10] [110/459] GDKH
[16:50:11] [111/459] DLMT
[16:50:12] [112/459] PVMF
[16:50:13] [113/459] CPCK
[16:50:14] [114/459] VMHE
[16:50:14] [115/459] PVLC
[16:50:15] [116/459] PCVB
[16:50:16] [117/459] SNYK
[16:50:17] [118/459] KTEK
[16:50:19] [119/459] PCNM
[16:50:19] [120/459] NTTR
[16:50:20] [121/459] CPSK
[16:50:21] [122/459] JMMA
[16:50:21] [123/459] GCFK
[16:50:22] [124/459] MYCA
[16:50:24] [125/459] KSNP
[16:50:24] [126/459] PMCE
[16:50:25] [127/459] SCKI
[16:50:26] [128/459] FSMA
[16:50:27] [129/459] CETA
[16:50:27] [130/459] MCIK
[16:50:28] [131/459] MYCR
[16:50:29] [132/459] EVMP
[16:50:30] [133/459] SSGT
[16:50:30] [134/459] KCTK
[16:50:31] [135/459] ZTKC
[16:50:32] [136/459] MMTA
[16:50:33] [137/459] MAJT
[16:50:34] [138/459] ACPK
[16:50:35] [139/459] JMAX
[16:50:35] [140/459] SETK
[16:50:36] [141/459] CAIS
[16:50:37] [142/459] AGCD
[16:50:38] [143/459] URCL
[16:50:39] [144/459] VTDS
[16:50:39] [145/459] JCNM
[16:50:40] [146/459] KCAM
[16:50:42] [147/459] ADCU
[16:50:42] [148/459] GXYN
[16:50:43] [149/459] SMJG
[16:50:43] [150/459] EYCJ
[16:50:44] [151/459] CCEJ
[16:50:45] [152/459] MARS
[16:50:46] [153/459] CPVJ
[16:50:46] [154/459] INVP
[16:50:47] [155/459] CPOV
[16:50:48] [156/459] VIJK
[16:50:49] [157/459] LAIM
[16:50:50] [158/459] STHV
[16:50:51] [159/459] SVLJ
[16:50:51] [160/459] ATVJ
[16:50:52] [161/459] JTSC
[16:50:53] [162/459] RMTV
[16:50:54] [163/459] MGGG
[16:50:55] [164/459] SWTH
[16:50:55] [165/459] INVJ
[16:50:56] [166/459] PRSV
[16:50:57] [167/459] JATV
[16:50:57] [168/459] RCVD
[16:50:58] [169/459] BDMA
[16:50:59] [170/459] BLJI
[16:51:00] [171/459] SWOT
[16:51:01] [172/459] SWRN
[16:51:01] [173/459] TVRA
[16:51:02] [174/459] VCSV
[16:51:03] [175/459] NVRN
[16:51:04] [176/459] SIKC
[16:51:04] [177/459] VAKR
[16:51:05] [178/459] SYLN
[16:51:06] [179/459] KLJL
[16:51:07] [180/459] LKMY
[16:51:08] [181/459] VSLY
[16:51:09] [182/459] CIKO
[16:51:09] [183/459] GPBG
[16:51:10] [184/459] CECM
[16:51:11] [185/459] SLKB
[16:51:12] [186/459] MTBO
[16:51:13] [187/459] SSHB
[16:51:14] [188/459] VPCS
[16:51:14] [189/459] RCSR
[16:51:15] [190/459] RJRM
[16:51:16] [191/459] KPPB
[16:51:16] [192/459] SEDC
[16:51:17] [193/459] SCAI
[16:51:18] [194/459] RMTR
[16:51:18] [195/459] ASST
[16:51:19] [196/459] GCAK
[16:51:20] [197/459] ANNK
[16:51:21] [198/459] KDDF
[16:51:22] [199/459] NRDP
[16:51:23] [200/459] PLAK
[16:51:23] [201/459] GCMC
[16:51:24] [202/459] ALPY
[16:51:25] [203/459] SICE
[16:51:25] [204/459] SISR
[16:51:27] [205/459] SRPZ
[16:51:28] [206/459] SRSW
[16:51:28] [207/459] SUYA
[16:51:29] [208/459] AMMT
[16:51:30] [209/459] BHCU
[16:51:31] [210/459] KLPA
[16:51:32] [211/459] NVKH
[16:51:32] [212/459] JMRC
[16:51:34] [213/459] KTTT
[16:51:35] [214/459] MAGH
[16:51:36] [215/459] MMMX
[16:51:36] [216/459] SALJ
[16:51:37] [217/459] GTJA
[16:51:38] [218/459] MAHT
[16:51:39] [219/459] SSNN
[16:51:40] [220/459] ARRP
[16:51:40] [221/459] ATNS
[16:51:41] [222/459] SKDT
[16:51:42] [223/459] ACAT
[16:51:42] [224/459] APRC
[16:51:43] [225/459] SWAG
[16:51:44] [226/459] SDPT
[16:51:45] [227/459] STPS
[16:51:45] [228/459] WWCZ
[16:51:46] [229/459] LLCH
[16:51:47] [230/459] MZHA
[16:51:48] [231/459] CRJG
[16:51:48] [232/459] JGTK
[16:51:49] [233/459] KCSR
[16:51:50] [234/459] CHTL
[16:51:51] [235/459] EDSR
[16:51:52] [236/459] CSWO
[16:51:53] [237/459] CPVM
[16:51:53] [238/459] MXBY
[16:51:54] [239/459] FMMA
[16:51:55] [240/459] POVI
[16:51:55] [241/459] MTHB
[16:51:56] [242/459] INRC
[16:51:57] [243/459] PIPP
[16:51:58] [244/459] BMXC
[16:51:58] [245/459] PCMM
[16:51:59] [246/459] PMKM
[16:52:00] [247/459] GATY
[16:52:01] [248/459] IMCM
[16:52:02] [249/459] POPE
[16:52:02] [250/459] MTCR
[16:52:03] [251/459] PVAE
[16:52:04] [252/459] PVMI
[16:52:04] [253/459] CPNM
[16:52:05] [254/459] FMRL
[16:52:06] [255/459] MCIW
[16:52:07] [256/459] MXBO
[16:52:08] [257/459] FMKY
[16:52:08] [258/459] FMDA
[16:52:09] [259/459] THAB
[16:52:10] [260/459] PRCW
[16:52:11] [261/459] PITI
[16:52:12] [262/459] MCFF
[16:52:12] [263/459] PDDV
[16:52:13] [264/459] MCRM
[16:52:14] [265/459] KKMB
[16:52:15] [266/459] INKO
[16:52:16] [267/459] PLXP
[16:52:17] [268/459] MMHA
[16:52:17] [269/459] FMVS
[16:52:19] [270/459] POLM
[16:52:20] [271/459] STER
[16:52:20] [272/459] PVWJ
[16:52:21] [273/459] IMJW
[16:52:21] [274/459] FNAN
[16:52:22] [275/459] CAGL
[16:52:23] [276/459] IPBG
[16:52:24] [277/459] SMFV
[16:52:24] [278/459] MMMR
[16:52:25] [279/459] MMWM
[16:52:26] [280/459] FNCM
[16:52:27] [281/459] MDVA
[16:52:27] [282/459] MMET
[16:52:28] [283/459] MIDO
[16:52:29] [284/459] INNP
[16:52:30] [285/459] MIFU
[16:52:31] [286/459] MMSZ
[16:52:31] [287/459] BMXA
[16:52:32] [288/459] MCAA
[16:52:33] [289/459] SCVP
[16:52:35] [290/459] PLUS
[16:52:35] [291/459] MUCK
[16:52:36] [292/459] MTMA
[16:52:37] [293/459] HPVR
[16:52:37] [294/459] PMPK
[16:52:38] [295/459] MAJB
[16:52:39] [296/459] CTRR
[16:52:39] [297/459] MCTG
[16:52:40] [298/459] MACE
[16:52:41] [299/459] AAAS
[16:52:42] [300/459] CPVV
[16:52:43] [301/459] RCHG
[16:52:44] [302/459] MCNE
[16:52:44] [303/459] EMNC
[16:52:45] [304/459] MCAN
[16:52:46] [305/459] TCDM
[16:52:47] [306/459] IRGT
[16:52:48] [307/459] GCMG
[16:52:48] [308/459] MXSN
[16:52:49] [309/459] MXCK
[16:52:50] [310/459] MCRC
[16:52:51] [311/459] RSMI
[16:52:51] [312/459] WAML
[16:52:52] [313/459] MTSC
[16:52:53] [314/459] FMDR
[16:52:54] [315/459] LEPV
[16:52:55] [316/459] MTGD
[16:52:55] [317/459] IMOB
[16:52:56] [318/459] CLMM
[16:52:57] [319/459] PZCD
[16:52:58] [320/459] GOCS
[16:52:59] [321/459] KCMA
[16:53:00] [322/459] CCMP
[16:53:00] [323/459] MTSU
[16:53:02] [324/459] SNGL
[16:53:02] [325/459] MMMC
[16:53:03] [326/459] MMAA
[16:53:04] [327/459] GCDM
[16:53:04] [328/459] KTMV
[16:53:05] [329/459] AETE
[16:53:06] [330/459] OMCS
[16:53:07] [331/459] GDCD
[16:53:07] [332/459] NYMD
[16:53:08] [333/459] RNCV
[16:53:09] [334/459] KKMT
[16:53:10] [335/459] GDTH
[16:53:11] [336/459] KMMV
[16:53:12] [337/459] NHCG
[16:53:13] [338/459] PJDW
[16:53:13] [339/459] MMCV
[16:53:14] [340/459] FQSA
[16:53:15] [341/459] KURL
[16:53:16] [342/459] NNNX
[16:53:16] [343/459] AMAU
[16:53:17] [344/459] VVVM
[16:53:18] [345/459] VECU
[16:53:19] [346/459] WCVR
[16:53:20] [347/459] MTGG
[16:53:21] [348/459] SGTG
[16:53:21] [349/459] MNTG
[16:53:22] [350/459] JDDG
[16:53:23] [351/459] MBTK
[16:53:24] [352/459] SGCD
[16:53:25] [353/459] MCTC
[16:53:25] [354/459] JTPC
[16:53:26] [355/459] SDKT
[16:53:27] [356/459] KRCC
[16:53:28] [357/459] RMMD
[16:53:29] [358/459] AAME
[16:53:29] [359/459] TMWC
[16:53:30] [360/459] NRWY
[16:53:31] [361/459] CITD
[16:53:32] [362/459] VERD
[16:53:32] [363/459] MKSK
[16:53:33] [364/459] STSM
[16:53:34] [365/459] MJDG
[16:53:35] [366/459] RKPM
[16:53:36] [367/459] SSCE
[16:53:36] [368/459] VMAE
[16:53:37] [369/459] SBRU
[16:53:38] [370/459] AMBC
[16:53:39] [371/459] AMLU
[16:53:40] [372/459] INVZ
[16:53:41] [373/459] LGTV
[16:53:42] [374/459] SVAD
[16:53:43] [375/459] SMSA
[16:53:44] [376/459] SPCZ
[16:53:44] [377/459] GTCX
[16:53:45] [378/459] SCSL
[16:53:46] [379/459] SAHU
[16:53:47] [380/459] NCDA
[16:53:48] [381/459] SCCG
[16:53:48] [382/459] VKTL
[16:53:49] [383/459] PUUJ
[16:53:50] [384/459] STEJ
[16:53:51] [385/459] RJAL
[16:53:52] [386/459] ACJC
[16:53:53] [387/459] VTHC
[16:53:54] [388/459] ARVB
[16:53:54] [389/459] AUBB
[16:53:55] [390/459] GDBR
[16:53:56] [391/459] PVND
[16:53:57] [392/459] BGRJ
[16:53:57] [393/459] RJMM
[16:53:58] [394/459] MCSA
[16:53:59] [395/459] BODA
[16:53:59] [396/459] JAGG
[16:54:00] [397/459] SCGA
[16:54:01] [398/459] LRCM
[16:54:02] [399/459] CPCN
[16:54:03] [400/459] SSTF
[16:54:04] [401/459] SRXP
[16:54:05] [402/459] CNFX
[16:54:05] [403/459] ANDI
[16:54:06] [404/459] SYEW
[16:54:06] [405/459] RCRE
[16:54:07] [406/459] SCRW
[16:54:08] [407/459] MBKR
[16:54:09] [408/459] ASNT
[16:54:10] [409/459] JTMT
[16:54:11] [410/459] SHAY
[16:54:11] [411/459] VRTH
[16:54:12] [412/459] SPTI
[16:54:13] [413/459] DPTD
[16:54:14] [414/459] TGSN
[16:54:14] [415/459] RCWV
[16:54:15] [416/459] OCUR
[16:54:16] [417/459] KSTC
[16:54:17] [418/459] SANI
[16:54:17] [419/459] MLCA
[16:54:18] [420/459] EGCA
[16:54:19] [421/459] SYSN
[16:54:20] [422/459] PKTA
[16:54:20] [423/459] PRCC
[16:54:21] [424/459] KSTR
[16:54:22] [425/459] SNTP
[16:54:23] [426/459] RCHA
[16:54:24] [427/459] SEEA
[16:54:26] [428/459] ALAT
[16:54:26] [429/459] AATV
[16:54:27] [430/459] RJTE
[16:54:28] [431/459] AAPP
[16:54:28] [432/459] PMMH
[16:54:29] [433/459] INRJ
[16:54:30] [434/459] SARB
[16:54:30] [435/459] PCJL
[16:54:31] [436/459] PFJJ
[16:54:32] [437/459] GRDC
[16:54:33] [438/459] BCBA
[16:54:34] [439/459] VIXL
[16:54:34] [440/459] CSTL
[16:54:36] [441/459] MTDK
[16:54:36] [442/459] TDAC
[16:54:37] [443/459] GTDN
[16:54:38] [444/459] TTDE
[16:54:39] [445/459] ASTS
[16:54:40] [446/459] CPNS
[16:54:40] [447/459] PVVW
[16:54:41] [448/459] USEB
[16:54:42] [449/459] DTYN
[16:54:43] [450/459] PVLE
[16:54:44] [451/459] CIPS
[16:54:44] [452/459] PAEG
[16:54:45] [453/459] PTCW
[16:54:46] [454/459] G3SR
[16:54:47] [455/459] PGND
[16:54:47] [456/459] INVM
[16:54:48] [457/459] SPIA
[16:54:49] [458/459] PCSN
[16:54:50] [459/459] PPGV
[16:54:50] 🧹 Deduping shows
[16:54:50] ✅ DONE | Shows=713 | Movies=58
