[10:04:18] 🚀 SCRIPT STARTED
[10:04:18] [1/296] CDCA
[10:04:18] 🧠 New identity created
[10:04:19] [2/296] MNSR
[10:04:20] [3/296] CSSL
[10:04:20] [4/296] BGGM
[10:04:21] [5/296] MANT
[10:04:23] [6/296] SOOY
[10:04:25] [7/296] VPPK
[10:04:26] [8/296] MYHJ
[10:04:27] [9/296] KSCK
[10:04:27] [10/296] KATK
[10:04:28] [11/296] RTRT
[10:04:29] [12/296] SSTT
[10:04:30] [13/296] SSTV
[10:04:31] [14/296] LACM
[10:04:32] [15/296] SGMG
[10:04:33] [16/296] KACX
[10:04:34] [17/296] GVCP
[10:04:35] [18/296] CSNC
[10:04:36] [19/296] SXCB
[10:04:37] [20/296] BAHS
[10:04:38] [21/296] PCBI
[10:04:39] [22/296] PSSM
[10:04:40] [23/296] RCOK
[10:04:41] [24/296] SCPF
[10:04:42] [25/296] SSAS
[10:04:43] [26/296] EVMM
[10:04:43] [27/296] SYCB
[10:04:44] [28/296] GCKI
[10:04:45] [29/296] IAET
[10:04:46] [30/296] DDTD
[10:04:46] [31/296] GMDH
[10:04:47] [32/296] STLE
[10:04:48] [33/296] JTRA
[10:04:49] [34/296] RPPA
[10:04:50] [35/296] ARUT
[10:04:50] [36/296] JTVM
[10:04:51] [37/296] SWRH
[10:04:52] [38/296] DCPC
[10:04:53] [39/296] RAPR
[10:04:54] [40/296] GCRT
[10:04:55] [41/296] ATUN
[10:04:56] [42/296] LTRM
[10:04:57] [43/296] TASR
[10:04:58] [44/296] RLLC
[10:04:58] [45/296] MABI
[10:04:59] [46/296] SVHB
[10:05:01] [47/296] NVTB
[10:05:02] [48/296] KCKG
[10:05:02] [49/296] SSRN
[10:05:04] [50/296] VDDC
[10:05:05] [51/296] GKTK
[10:05:05] [52/296] YFSN
[10:05:06] [53/296] GCSG
[10:05:08] [54/296] ESSM
[10:05:09] [55/296] KRIH
[10:05:10] [56/296] GCDS
[10:05:11] [57/296] CCSH
[10:05:11] [58/296] ACSK
[10:05:12] [59/296] APRK
[10:05:13] [60/296] ADKM
[10:05:14] [61/296] SRDM
[10:05:16] [62/296] RMOG
[10:05:17] [63/296] SJMY
[10:05:18] [64/296] PGGC
[10:05:19] [65/296] INGM
[10:05:20] [66/296] LSCB
[10:05:20] [67/296] STAD
[10:05:21] [68/296] MCCR
[10:05:22] [69/296] ABCC
[10:05:23] [70/296] RKCC
[10:05:24] [71/296] RTCR
[10:05:25] [72/296] GGBC
[10:05:26] [73/296] GCSD
[10:05:27] [74/296] LPTY
[10:05:28] [75/296] MCFD
[10:05:28] [76/296] HENN
[10:05:29] [77/296] SMKU
[10:05:30] [78/296] TNZC
[10:05:31] [79/296] DRCD
[10:05:32] [80/296] DLCD
[10:05:33] [81/296] RCDA
[10:05:34] [82/296] COSM
[10:05:34] [83/296] MCMJ
[10:05:35] [84/296] CSTR
[10:05:36] [85/296] CVDK
[10:05:37] [86/296] INRR
[10:05:38] [87/296] RJRT
[10:05:39] [88/296] IRMR
[10:05:40] [89/296] SRCF
[10:05:41] [90/296] GRCR
[10:05:42] [91/296] SURC
[10:05:43] [92/296] NMNH
[10:05:43] [93/296] SVBL
[10:05:44] [94/296] KACI
[10:05:45] [95/296] TDGO
[10:05:46] [96/296] KTBR
[10:05:47] [97/296] PMAD
[10:05:48] [98/296] CCPN
[10:05:49] [99/296] SBTK
[10:05:50] [100/296] LMDK
[10:05:51] [101/296] PGDA
[10:05:51] [102/296] SRML
[10:05:52] [103/296] EVCK
[10:05:53] [104/296] RTTK
[10:05:54] [105/296] SRTU
[10:05:55] [106/296] VRSA
[10:05:56] [107/296] VARS
[10:05:57] [108/296] DSCZ
[10:05:58] [109/296] GAGA
[10:05:58] [110/296] SARV
[10:05:59] [111/296] SEEG
[10:06:00] [112/296] GLCA
[10:06:02] [113/296] APAS
[10:06:03] [114/296] VCIA
[10:06:04] [115/296] SJTA
[10:06:05] [116/296] SABM
[10:06:05] [117/296] PPAG
[10:06:06] [118/296] RVCA
[10:06:07] [119/296] CCIA
[10:06:08] [120/296] HTAG
[10:06:08] [121/296] SMBI
[10:06:09] [122/296] MCJR
[10:06:11] [123/296] CCJR
[10:06:12] [124/296] SINF
[10:06:13] [125/296] CPLX
[10:06:14] [126/296] KKTJ
[10:06:14] [127/296] GDBW
[10:06:15] [128/296] CSUB
[10:06:16] [129/296] DABA
[10:06:17] [130/296] TITR
[10:06:18] [131/296] NYCR
[10:06:19] [132/296] RTRY
[10:06:19] [133/296] JTJL
[10:06:20] [134/296] SJCP
[10:06:21] [135/296] KCCA
[10:06:22] [136/296] MLPG
[10:06:23] [137/296] VRCK
[10:06:24] [138/296] SRIN
[10:06:24] [139/296] CXMK
[10:06:25] [140/296] SKAD
[10:06:26] [141/296] AVTR
[10:06:27] [142/296] PTAJ
[10:06:28] [143/296] SCNK
[10:06:29] [144/296] STTI
[10:06:30] [145/296] KACR
[10:06:31] [146/296] SSDX
[10:06:31] [147/296] VRTJ
[10:06:32] [148/296] RAJD
[10:06:34] [149/296] SCIP
[10:06:34] [150/296] RJSL
[10:06:36] [151/296] ARRS
[10:06:37] [152/296] ASMS
[10:06:39] [153/296] RDTS
[10:06:39] [154/296] DVMY
[10:06:40] [155/296] RASA
[10:06:41] [156/296] INOM
[10:06:42] [157/296] SPRS
[10:06:43] [158/296] SGCS
[10:06:44] [159/296] SALM
[10:06:44] [160/296] PKHC
[10:06:45] [161/296] RCSV
[10:06:46] [162/296] CPKC
[10:06:48] [163/296] AACD
[10:06:48] [164/296] GGCV
[10:06:49] [165/296] SMKD
[10:06:50] [166/296] NBCH
[10:06:51] [167/296] AMCB
[10:06:52] [168/296] OPCN
[10:06:53] [169/296] DCIN
[10:06:55] [170/296] INGW
[10:06:57] [171/296] PKKW
[10:06:57] [172/296] FNGW
[10:06:58] [173/296] GCGD
[10:06:59] [174/296] MSTW
[10:07:00] [175/296] KCCG
[10:07:01] [176/296] MRSS
[10:07:02] [177/296] CLCF
[10:07:02] [178/296] EETS
[10:07:04] [179/296] AATR
[10:07:05] [180/296] CMMN
[10:07:06] [181/296] SCCJ
[10:07:07] [182/296] CDTK
[10:07:09] [183/296] AICP
[10:07:10] [184/296] FNBP
[10:07:10] [185/296] CBPB
[10:07:11] [186/296] CPAS
[10:07:12] [187/296] MAPM
[10:07:13] [188/296] PASD
[10:07:13] [189/296] JCMN
[10:07:14] [190/296] MALB
[10:07:15] [191/296] SACG
[10:07:16] [192/296] DDRX
[10:07:17] [193/296] DDXB
[10:07:17] [194/296] RAMC
[10:07:18] [195/296] SANC
[10:07:19] [196/296] BCBP
[10:07:20] [197/296] ALPC
[10:07:21] [198/296] RBAC
[10:07:22] [199/296] RAJL
[10:07:23] [200/296] MPDX
[10:07:24] [201/296] MUSC
[10:07:25] [202/296] VKMK
[10:07:25] [203/296] SKCG
[10:07:26] [204/296] ANCN
[10:07:27] [205/296] MMCJ
[10:07:28] [206/296] DCAK
[10:07:28] [207/296] SCKG
[10:07:29] [208/296] LMCK
[10:07:30] [209/296] CKKX
[10:07:31] [210/296] ANKU
[10:07:32] [211/296] CSMD
[10:07:32] [212/296] MKMP
[10:07:34] [213/296] SVBG
[10:07:35] [214/296] ROOP
[10:07:36] [215/296] GDMT
[10:07:38] [216/296] FPPF
[10:07:38] [217/296] SFUU
[10:07:39] [218/296] ANCB
[10:07:40] [219/296] SMMC
[10:07:41] [220/296] UGKT
[10:07:41] [221/296] JVRM
[10:07:42] [222/296] BATG
[10:07:43] [223/296] RATE
[10:07:44] [224/296] SKME
[10:07:45] [225/296] LMTP
[10:07:46] [226/296] TCBD
[10:07:47] [227/296] ESBD
[10:07:49] [228/296] GDCU
[10:07:50] [229/296] SNKT
[10:07:51] [230/296] SRNK
[10:07:52] [231/296] SMED
[10:07:53] [232/296] CSQS
[10:07:53] [233/296] ALCS
[10:07:54] [234/296] KCKN
[10:07:55] [235/296] VCCL
[10:07:56] [236/296] MCDA
[10:07:56] [237/296] SHMI
[10:07:57] [238/296] SKHA
[10:07:58] [239/296] SVFK
[10:07:59] [240/296] INVB
[10:08:00] [241/296] MELD
[10:08:02] [242/296] JTYS
[10:08:03] [243/296] INCM
[10:08:04] [244/296] MCDV
[10:08:05] [245/296] KSGK
[10:08:06] [246/296] ICMG
[10:08:07] [247/296] CSCV
[10:08:08] [248/296] STMD
[10:08:08] [249/296] STTR
[10:08:09] [250/296] INVC
[10:08:10] [251/296] JTBL
[10:08:11] [252/296] SRVV
[10:08:12] [253/296] MAVC
[10:08:12] [254/296] SRPP
[10:08:13] [255/296] JGDM
[10:08:14] [256/296] MBSJ
[10:08:15] [257/296] SSLL
[10:08:16] [258/296] SLKP
[10:08:17] [259/296] NSRV
[10:08:18] [260/296] UTDV
[10:08:19] [261/296] KICM
[10:08:20] [262/296] KCMD
[10:08:21] [263/296] TTPP
[10:08:22] [264/296] KMPV
[10:08:23] [265/296] SKTV
[10:08:25] [266/296] STCV
[10:08:25] [267/296] SRDA
[10:08:26] [268/296] JTSX
[10:08:27] [269/296] STBV
[10:08:28] [270/296] APVZ
[10:08:29] [271/296] GSTV
[10:08:31] [272/296] NMVS
[10:08:31] [273/296] SKRT
[10:08:32] [274/296] RMDV
[10:08:33] [275/296] RATG
[10:08:34] [276/296] SJYV
[10:08:35] [277/296] NDGP
[10:08:35] [278/296] SNDG
[10:08:36] [279/296] INSR
[10:08:37] [280/296] INSO
[10:08:38] [281/296] CCSI
[10:08:39] [282/296] RASM
[10:08:40] [283/296] NEWC
[10:08:41] [284/296] VSHL
[10:08:41] [285/296] BISW
[10:08:42] [286/296] GCNG
[10:08:43] [287/296] CWSC
[10:08:44] [288/296] SKAN
[10:08:45] [289/296] SEHP
[10:08:46] [290/296] CCOA
[10:08:47] [291/296] MCAJ
[10:08:48] [292/296] ACDE
[10:08:49] [293/296] AACM
[10:08:50] [294/296] JJCK
[10:08:50] [295/296] RCMO
[10:08:51] [296/296] GDAW
[10:08:52] 🧹 Deduping shows
[10:08:52] ✅ DONE | Shows=460 | Movies=42
