[10:04:17] 🚀 SCRIPT STARTED
[10:04:17] [1/324] GCTA
[10:04:17] 🧠 New identity created
[10:04:18] [2/324] TOPN
[10:04:19] [3/324] MCUS
[10:04:19] [4/324] SHRL
[10:04:21] [5/324] UPTP
[10:04:22] [6/324] TMMP
[10:04:22] [7/324] DNRP
[10:04:23] [8/324] SRLT
[10:04:24] [9/324] RCNS
[10:04:25] [10/324] DCBH
[10:04:26] [11/324] NAGJ
[10:04:27] [12/324] JVRC
[10:04:28] [13/324] KRJG
[10:04:29] [14/324] SRTJ
[10:04:30] [15/324] CMXM
[10:04:31] [16/324] STMI
[10:04:31] [17/324] SLST
[10:04:32] [18/324] DTCN
[10:04:33] [19/324] STYN
[10:04:34] [20/324] SZVR
[10:04:36] [21/324] SRKO
[10:04:37] [22/324] JTGT
[10:04:38] [23/324] SVFD
[10:04:38] [24/324] SISD
[10:04:39] [25/324] ABDD
[10:04:40] [26/324] DRCA
[10:04:41] [27/324] AVCS
[10:04:42] [28/324] MVKH
[10:04:42] [29/324] ACPR
[10:04:43] [30/324] STIP
[10:04:44] [31/324] MTRA
[10:04:46] [32/324] RMKH
[10:04:46] [33/324] NKRL
[10:04:47] [34/324] PCWN
[10:04:48] [35/324] BLMT
[10:04:49] [36/324] GDPG
[10:04:50] [37/324] SRMX
[10:04:50] [38/324] JACP
[10:04:51] [39/324] CPSH
[10:04:53] [40/324] MCCD
[10:04:54] [41/324] ECGH
[10:04:55] [42/324] MKCK
[10:04:56] [43/324] SRMM
[10:04:56] [44/324] SKYR
[10:04:58] [45/324] PCKC
[10:04:59] [46/324] JCMA
[10:05:00] [47/324] BSMP
[10:05:00] [48/324] VSPA
[10:05:01] [49/324] DJYA
[10:05:02] [50/324] DIMP
[10:05:04] [51/324] FXDR
[10:05:05] [52/324] SSRC
[10:05:06] [53/324] STHP
[10:05:06] [54/324] CPPD
[10:05:07] [55/324] FCLK
[10:05:08] [56/324] SCPP
[10:05:09] [57/324] DCMJ
[10:05:10] [58/324] RCCR
[10:05:11] [59/324] INMT
[10:05:12] [60/324] LXTK
[10:05:12] [61/324] SRYK
[10:05:13] [62/324] SGDK
[10:05:14] [63/324] PPKA
[10:05:15] [64/324] SPKA
[10:05:16] [65/324] CGHH
[10:05:16] [66/324] DCJN
[10:05:17] [67/324] SRKV
[10:05:18] [68/324] SAJC
[10:05:19] [69/324] SUSR
[10:05:19] [70/324] STYG
[10:05:20] [71/324] NTKP
[10:05:21] [72/324] AKTG
[10:05:22] [73/324] CGCM
[10:05:23] [74/324] TULC
[10:05:23] [75/324] NYYZ
[10:05:24] [76/324] NYBW
[10:05:25] [77/324] MACB
[10:05:26] [78/324] SLVT
[10:05:27] [79/324] SANA
[10:05:28] [80/324] ACMR
[10:05:29] [81/324] CPKN
[10:05:30] [82/324] DLGK
[10:05:30] [83/324] CWCK
[10:05:31] [84/324] FDDH
[10:05:33] [85/324] MMMD
[10:05:33] [86/324] CMEH
[10:05:34] [87/324] GGGV
[10:05:35] [88/324] SPJL
[10:05:36] [89/324] RCCD
[10:05:38] [90/324] STTZ
[10:05:39] [91/324] BTCF
[10:05:39] [92/324] TSTZ
[10:05:40] [93/324] IPMM
[10:05:41] [94/324] PMPW
[10:05:42] [95/324] PCMZ
[10:05:43] [96/324] ESEM
[10:05:43] [97/324] PIPO
[10:05:44] [98/324] MATK
[10:05:45] [99/324] PGHM
[10:05:46] [100/324] CTSR
[10:05:47] [101/324] CYKR
[10:05:47] [102/324] MSCM
[10:05:49] [103/324] RFNP
[10:05:49] [104/324] PDCP
[10:05:51] [105/324] NPSE
[10:05:52] [106/324] MKML
[10:05:53] [107/324] FTDP
[10:05:53] [108/324] MMXA
[10:05:54] [109/324] CEPO
[10:05:56] [110/324] CMVP
[10:05:57] [111/324] SGTH
[10:05:57] [112/324] SAYN
[10:05:58] [113/324] URVS
[10:05:59] [114/324] VJTN
[10:06:00] [115/324] BBYK
[10:06:01] [116/324] SHBO
[10:06:02] [117/324] VCMR
[10:06:03] [118/324] MACT
[10:06:03] [119/324] JMNP
[10:06:04] [120/324] VICS
[10:06:06] [121/324] VCDA
[10:06:06] [122/324] GCMM
[10:06:07] [123/324] INVS
[10:06:08] [124/324] SCGM
[10:06:09] [125/324] PCDA
[10:06:10] [126/324] KDCT
[10:06:11] [127/324] JACS
[10:06:12] [128/324] GMMC
[10:06:13] [129/324] AICM
[10:06:13] [130/324] TJCM
[10:06:15] [131/324] RMTI
[10:06:16] [132/324] SHAC
[10:06:16] [133/324] APJC
[10:06:17] [134/324] GCTG
[10:06:19] [135/324] SSMC
[10:06:20] [136/324] THRM
[10:06:20] [137/324] RBCT
[10:06:21] [138/324] DIKT
[10:06:22] [139/324] MIDL
[10:06:23] [140/324] VCSN
[10:06:24] [141/324] SKTG
[10:06:25] [142/324] SMWC
[10:06:25] [143/324] MNKH
[10:06:26] [144/324] PIAT
[10:06:27] [145/324] LTTP
[10:06:28] [146/324] PTPU
[10:06:29] [147/324] ACMG
[10:06:29] [148/324] SHMM
[10:06:30] [149/324] MCMN
[10:06:31] [150/324] GLDC
[10:06:32] [151/324] HOUT
[10:06:33] [152/324] SVRP
[10:06:33] [153/324] PVDN
[10:06:34] [154/324] SCPY
[10:06:35] [155/324] DTPY
[10:06:36] [156/324] GKCS
[10:06:38] [157/324] NCAM
[10:06:38] [158/324] BSRM
[10:06:39] [159/324] RCLC
[10:06:40] [160/324] SKKD
[10:06:41] [161/324] ACHU
[10:06:42] [162/324] RSCF
[10:06:43] [163/324] IMSH
[10:06:45] [164/324] MACX
[10:06:45] [165/324] HMMW
[10:06:46] [166/324] JTCP
[10:06:47] [167/324] SREN
[10:06:48] [168/324] PJRR
[10:06:49] [169/324] INAC
[10:06:50] [170/324] BMCA
[10:06:50] [171/324] SHCB
[10:06:51] [172/324] GABA
[10:06:52] [173/324] SBCT
[10:06:52] [174/324] GCMA
[10:06:53] [175/324] MYTK
[10:06:54] [176/324] INZS
[10:06:55] [177/324] RMIK
[10:06:56] [178/324] NYCH
[10:06:57] [179/324] RAVE
[10:06:58] [180/324] PSXM
[10:06:59] [181/324] MCGP
[10:07:00] [182/324] PDDK
[10:07:01] [183/324] SPCK
[10:07:02] [184/324] MCRL
[10:07:03] [185/324] MHKT
[10:07:04] [186/324] ANRR
[10:07:04] [187/324] SAPK
[10:07:05] [188/324] NCUK
[10:07:06] [189/324] JUGA
[10:07:07] [190/324] DBSC
[10:07:08] [191/324] LALK
[10:07:09] [192/324] GUCK
[10:07:10] [193/324] STSG
[10:07:11] [194/324] PPPZ
[10:07:12] [195/324] CNCY
[10:07:13] [196/324] MTAR
[10:07:14] [197/324] VNKD
[10:07:15] [198/324] KMAJ
[10:07:15] [199/324] ACXK
[10:07:16] [200/324] UTKC
[10:07:17] [201/324] PBLK
[10:07:18] [202/324] ACBX
[10:07:19] [203/324] PTGM
[10:07:20] [204/324] BTDA
[10:07:21] [205/324] PJMB
[10:07:22] [206/324] TPDA
[10:07:22] [207/324] AMOE
[10:07:23] [208/324] PRHT
[10:07:24] [209/324] PRTA
[10:07:25] [210/324] STAM
[10:07:26] [211/324] MSAA
[10:07:27] [212/324] SDLU
[10:07:28] [213/324] RCHH
[10:07:28] [214/324] KANT
[10:07:29] [215/324] FCRT
[10:07:31] [216/324] DNKM
[10:07:32] [217/324] RYCP
[10:07:33] [218/324] MYRP
[10:07:34] [219/324] PPAK
[10:07:35] [220/324] NVPK
[10:07:36] [221/324] PRMC
[10:07:37] [222/324] JBCS
[10:07:38] [223/324] GXCK
[10:07:39] [224/324] USKO
[10:07:40] [225/324] GTEM
[10:07:40] [226/324] SMBU
[10:07:42] [227/324] VETC
[10:07:43] [228/324] LCDA
[10:07:44] [229/324] MTVT
[10:07:44] [230/324] PYCP
[10:07:45] [231/324] PNSC
[10:07:46] [232/324] PPCC
[10:07:47] [233/324] TGRT
[10:07:48] [234/324] JYOT
[10:07:49] [235/324] SRCZ
[10:07:50] [236/324] SJTE
[10:07:51] [237/324] DESC
[10:07:52] [238/324] JHVN
[10:07:53] [239/324] IPSG
[10:07:54] [240/324] IPCM
[10:07:54] [241/324] PDRS
[10:07:55] [242/324] ANCV
[10:07:56] [243/324] CMVV
[10:07:57] [244/324] SHYP
[10:07:58] [245/324] DNCS
[10:07:58] [246/324] GAJK
[10:07:59] [247/324] AKTN
[10:08:00] [248/324] KAYA
[10:08:01] [249/324] SBRC
[10:08:02] [250/324] CHTP
[10:08:03] [251/324] SHRT
[10:08:04] [252/324] BCKU
[10:08:05] [253/324] FCPS
[10:08:06] [254/324] ARDD
[10:08:07] [255/324] CPCM
[10:08:07] [256/324] CGSM
[10:08:08] [257/324] PSMP
[10:08:09] [258/324] SDAL
[10:08:10] [259/324] RTNB
[10:08:11] [260/324] LMCR
[10:08:12] [261/324] CIMA
[10:08:13] [262/324] RNAS
[10:08:15] [263/324] LITH
[10:08:16] [264/324] PBOX
[10:08:16] [265/324] FRTS
[10:08:18] [266/324] RKIC
[10:08:20] [267/324] PTAI
[10:08:20] [268/324] GCIC
[10:08:21] [269/324] FNAS
[10:08:23] [270/324] SCAR
[10:08:24] [271/324] MTCA
[10:08:25] [272/324] SCTS
[10:08:25] [273/324] SYCS
[10:08:26] [274/324] RDMS
[10:08:27] [275/324] KAMP
[10:08:28] [276/324] ERSD
[10:08:29] [277/324] MJMJ
[10:08:29] [278/324] SRCJ
[10:08:30] [279/324] SCXE
[10:08:31] [280/324] SVFR
[10:08:32] [281/324] BHCS
[10:08:33] [282/324] IMCC
[10:08:34] [283/324] PCBO
[10:08:35] [284/324] PRVN
[10:08:36] [285/324] AUPM
[10:08:36] [286/324] INBW
[10:08:37] [287/324] SVCW
[10:08:38] [288/324] RKCF
[10:08:39] [289/324] UVBH
[10:08:40] [290/324] DNCY
[10:08:41] [291/324] ABCN
[10:08:41] [292/324] PRUR
[10:08:42] [293/324] PFMR
[10:08:43] [294/324] RKCN
[10:08:44] [295/324] CFEA
[10:08:45] [296/324] SDBG
[10:08:46] [297/324] SNAR
[10:08:46] [298/324] YISI
[10:08:48] [299/324] JCFF
[10:08:49] [300/324] VTRK
[10:08:50] [301/324] PCLZ
[10:08:51] [302/324] DIMY
[10:08:52] [303/324] BBTS
[10:08:53] [304/324] GATH
[10:08:54] [305/324] GTMN
[10:08:55] [306/324] VTMH
[10:08:56] [307/324] CCKP
[10:08:56] [308/324] GPKA
[10:08:57] [309/324] MHCL
[10:08:58] [310/324] ATCL
[10:08:59] [311/324] SBCK
[10:09:00] [312/324] AMMR
[10:09:01] [313/324] MADC
[10:09:01] [314/324] TMMA
[10:09:02] [315/324] CACC
[10:09:04] [316/324] CHAL
[10:09:05] [317/324] DURG
[10:09:06] [318/324] GMKU
[10:09:06] [319/324] GECA
[10:09:07] [320/324] KYRR
[10:09:08] [321/324] KSDE
[10:09:09] [322/324] LMCI
[10:09:10] [323/324] NKCP
[10:09:11] [324/324] BGTC
[10:09:12] 🧹 Deduping shows
[10:09:12] ✅ DONE | Shows=529 | Movies=52
