[00:45:19] 🚀 BMS DAILY TRACKER STARTED
[00:45:19] [1/296] CDCA
[00:45:19] 🧠 New identity
[00:45:20] [2/296] MNSR
[00:45:21] [3/296] CSSL
[00:45:22] [4/296] BGGM
[00:45:23] [5/296] MANT
[00:45:24] [6/296] SOOY
[00:45:25] [7/296] VPPK
[00:45:25] [8/296] MYHJ
[00:45:26] [9/296] KSCK
[00:45:28] [10/296] KATK
[00:45:29] [11/296] RTRT
[00:45:30] [12/296] SSTT
[00:45:30] [13/296] SSTV
[00:45:31] [14/296] LACM
[00:45:33] [15/296] SGMG
[00:45:33] [16/296] KACX
[00:45:34] [17/296] GVCP
[00:45:35] [18/296] CSNC
[00:45:36] [19/296] SXCB
[00:45:37] [20/296] BAHS
[00:45:38] [21/296] PCBI
[00:45:39] [22/296] PSSM
[00:45:40] [23/296] RCOK
[00:45:41] [24/296] SCPF
[00:45:42] [25/296] SSAS
[00:45:43] [26/296] EVMM
[00:45:43] [27/296] SYCB
[00:45:44] [28/296] GCKI
[00:45:45] [29/296] IAET
[00:45:46] [30/296] DDTD
[00:45:47] [31/296] GMDH
[00:45:48] [32/296] STLE
[00:45:49] [33/296] JTRA
[00:45:50] [34/296] RPPA
[00:45:51] [35/296] ARUT
[00:45:52] [36/296] JTVM
[00:45:53] [37/296] SWRH
[00:45:54] [38/296] DCPC
[00:45:55] [39/296] RAPR
[00:45:56] [40/296] GCRT
[00:45:57] [41/296] ATUN
[00:45:58] [42/296] LTRM
[00:45:59] [43/296] TASR
[00:46:00] [44/296] RLLC
[00:46:01] [45/296] MABI
[00:46:02] [46/296] SVHB
[00:46:03] [47/296] NVTB
[00:46:03] [48/296] KCKG
[00:46:04] [49/296] SSRN
[00:46:05] [50/296] VDDC
[00:46:06] [51/296] GKTK
[00:46:08] [52/296] YFSN
[00:46:09] [53/296] GCSG
[00:46:10] [54/296] ESSM
[00:46:12] [55/296] KRIH
[00:46:13] [56/296] GCDS
[00:46:14] [57/296] CCSH
[00:46:14] [58/296] ACSK
[00:46:15] [59/296] APRK
[00:46:16] [60/296] ADKM
[00:46:17] [61/296] SRDM
[00:46:18] [62/296] RMOG
[00:46:18] [63/296] SJMY
[00:46:19] [64/296] PGGC
[00:46:20] [65/296] INGM
[00:46:21] [66/296] LSCB
[00:46:22] [67/296] STAD
[00:46:23] [68/296] MCCR
[00:46:24] [69/296] ABCC
[00:46:26] [70/296] RKCC
[00:46:26] [71/296] RTCR
[00:46:27] [72/296] GGBC
[00:46:28] [73/296] GCSD
[00:46:29] [74/296] LPTY
[00:46:30] [75/296] MCFD
[00:46:31] [76/296] HENN
[00:46:32] [77/296] SMKU
[00:46:33] [78/296] TNZC
[00:46:33] [79/296] DRCD
[00:46:34] [80/296] DLCD
[00:46:35] [81/296] RCDA
[00:46:36] [82/296] COSM
[00:46:37] [83/296] MCMJ
[00:46:38] [84/296] CSTR
[00:46:39] [85/296] CVDK
[00:46:40] [86/296] INRR
[00:46:41] [87/296] RJRT
[00:46:42] [88/296] IRMR
[00:46:43] [89/296] SRCF
[00:46:44] [90/296] GRCR
[00:46:45] [91/296] SURC
[00:46:46] [92/296] NMNH
[00:46:47] [93/296] SVBL
[00:46:48] [94/296] KACI
[00:46:48] [95/296] TDGO
[00:46:49] [96/296] KTBR
[00:46:50] [97/296] PMAD
[00:46:51] [98/296] CCPN
[00:46:52] [99/296] SBTK
[00:46:53] [100/296] LMDK
[00:46:54] [101/296] PGDA
[00:46:55] [102/296] SRML
[00:46:56] [103/296] EVCK
[00:46:57] [104/296] RTTK
[00:46:57] [105/296] SRTU
[00:46:58] [106/296] VRSA
[00:46:59] [107/296] VARS
[00:47:00] [108/296] DSCZ
[00:47:01] [109/296] GAGA
[00:47:02] [110/296] SARV
[00:47:03] [111/296] SEEG
[00:47:04] [112/296] GLCA
[00:47:05] [113/296] APAS
[00:47:06] [114/296] VCIA
[00:47:07] [115/296] SJTA
[00:47:07] [116/296] SABM
[00:47:09] [117/296] PPAG
[00:47:10] [118/296] RVCA
[00:47:11] [119/296] CCIA
[00:47:12] [120/296] HTAG
[00:47:12] [121/296] SMBI
[00:47:13] [122/296] MCJR
[00:47:14] [123/296] CCJR
[00:47:15] [124/296] SINF
[00:47:16] [125/296] CPLX
[00:47:17] [126/296] KKTJ
[00:47:18] [127/296] GDBW
[00:47:19] [128/296] CSUB
[00:47:19] [129/296] DABA
[00:47:20] [130/296] TITR
[00:47:21] [131/296] NYCR
[00:47:22] [132/296] RTRY
[00:47:23] [133/296] JTJL
[00:47:23] [134/296] SJCP
[00:47:24] [135/296] KCCA
[00:47:25] [136/296] MLPG
[00:47:26] [137/296] VRCK
[00:47:27] [138/296] SRIN
[00:47:28] [139/296] CXMK
[00:47:28] [140/296] SKAD
[00:47:29] [141/296] AVTR
[00:47:30] [142/296] PTAJ
[00:47:31] [143/296] SCNK
[00:47:32] [144/296] STTI
[00:47:33] [145/296] KACR
[00:47:34] [146/296] SSDX
[00:47:34] [147/296] VRTJ
[00:47:35] [148/296] RAJD
[00:47:36] [149/296] SCIP
[00:47:37] [150/296] RJSL
[00:47:38] [151/296] ARRS
[00:47:39] [152/296] ASMS
[00:47:40] [153/296] RDTS
[00:47:41] [154/296] DVMY
[00:47:42] [155/296] RASA
[00:47:43] [156/296] INOM
[00:47:44] [157/296] SPRS
[00:47:45] [158/296] SGCS
[00:47:46] [159/296] SALM
[00:47:47] [160/296] PKHC
[00:47:48] [161/296] RCSV
[00:47:49] [162/296] CPKC
[00:47:50] [163/296] AACD
[00:47:51] [164/296] GGCV
[00:47:52] [165/296] SMKD
[00:47:53] [166/296] NBCH
[00:47:53] [167/296] AMCB
[00:47:54] [168/296] OPCN
[00:47:55] [169/296] DCIN
[00:47:56] [170/296] INGW
[00:47:57] [171/296] PKKW
[00:47:59] [172/296] FNGW
[00:48:00] [173/296] GCGD
[00:48:01] [174/296] MSTW
[00:48:02] [175/296] KCCG
[00:48:03] [176/296] MRSS
[00:48:04] [177/296] CLCF
[00:48:05] [178/296] EETS
[00:48:06] [179/296] AATR
[00:48:07] [180/296] CMMN
[00:48:09] [181/296] SCCJ
[00:48:10] [182/296] CDTK
[00:48:11] [183/296] AICP
[00:48:12] [184/296] FNBP
[00:48:12] [185/296] CBPB
[00:48:13] [186/296] CPAS
[00:48:14] [187/296] MAPM
[00:48:15] [188/296] PASD
[00:48:16] [189/296] JCMN
[00:48:18] [190/296] MALB
[00:48:19] [191/296] SACG
[00:48:20] [192/296] DDRX
[00:48:21] [193/296] DDXB
[00:48:22] [194/296] RAMC
[00:48:23] [195/296] SANC
[00:48:24] [196/296] BCBP
[00:48:25] [197/296] ALPC
[00:48:26] [198/296] RBAC
[00:48:27] [199/296] RAJL
[00:48:28] [200/296] MPDX
[00:48:29] [201/296] MUSC
[00:48:30] [202/296] VKMK
[00:48:30] [203/296] SKCG
[00:48:31] [204/296] ANCN
[00:48:32] [205/296] MMCJ
[00:48:33] [206/296] DCAK
[00:48:34] [207/296] SCKG
[00:48:35] [208/296] LMCK
[00:48:36] [209/296] CKKX
[00:48:36] [210/296] ANKU
[00:48:37] [211/296] CSMD
[00:48:38] [212/296] MKMP
[00:48:40] [213/296] SVBG
[00:48:41] [214/296] ROOP
[00:48:42] [215/296] GDMT
[00:48:43] [216/296] FPPF
[00:48:43] [217/296] SFUU
[00:48:44] [218/296] ANCB
[00:48:45] [219/296] SMMC
[00:48:46] [220/296] UGKT
[00:48:46] [221/296] JVRM
[00:48:47] [222/296] BATG
[00:48:48] [223/296] RATE
[00:48:49] [224/296] SKME
[00:48:50] [225/296] LMTP
[00:48:51] [226/296] TCBD
[00:48:52] [227/296] ESBD
[00:48:52] [228/296] GDCU
[00:48:53] [229/296] SNKT
[00:48:54] [230/296] SRNK
[00:48:55] [231/296] SMED
[00:48:56] [232/296] CSQS
[00:48:57] [233/296] ALCS
[00:48:58] [234/296] KCKN
[00:48:59] [235/296] VCCL
[00:49:00] [236/296] MCDA
[00:49:01] [237/296] SHMI
[00:49:02] [238/296] SKHA
[00:49:03] [239/296] SVFK
[00:49:04] [240/296] INVB
[00:49:05] [241/296] MELD
[00:49:06] [242/296] JTYS
[00:49:07] [243/296] INCM
[00:49:08] [244/296] MCDV
[00:49:09] [245/296] KSGK
[00:49:10] [246/296] ICMG
[00:49:10] [247/296] CSCV
[00:49:11] [248/296] STMD
[00:49:12] [249/296] STTR
[00:49:13] [250/296] INVC
[00:49:14] [251/296] JTBL
[00:49:15] [252/296] SRVV
[00:49:16] [253/296] MAVC
[00:49:16] [254/296] SRPP
[00:49:17] [255/296] JGDM
[00:49:18] [256/296] MBSJ
[00:49:19] [257/296] SSLL
[00:49:20] [258/296] SLKP
[00:49:21] [259/296] NSRV
[00:49:22] [260/296] UTDV
[00:49:22] [261/296] KICM
[00:49:24] [262/296] KCMD
[00:49:25] [263/296] TTPP
[00:49:26] [264/296] KMPV
[00:49:27] [265/296] SKTV
[00:49:27] [266/296] STCV
[00:49:28] [267/296] SRDA
[00:49:29] [268/296] JTSX
[00:49:31] [269/296] STBV
[00:49:33] [270/296] APVZ
[00:49:33] [271/296] GSTV
[00:49:34] [272/296] NMVS
[00:49:35] [273/296] SKRT
[00:49:36] [274/296] RMDV
[00:49:37] [275/296] RATG
[00:49:38] [276/296] SJYV
[00:49:39] [277/296] NDGP
[00:49:40] [278/296] SNDG
[00:49:41] [279/296] INSR
[00:49:41] [280/296] INSO
[00:49:42] [281/296] CCSI
[00:49:43] [282/296] RASM
[00:49:44] [283/296] NEWC
[00:49:45] [284/296] VSHL
[00:49:46] [285/296] BISW
[00:49:46] [286/296] GCNG
[00:49:47] [287/296] CWSC
[00:49:48] [288/296] SKAN
[00:49:49] [289/296] SEHP
[00:49:51] [290/296] CCOA
[00:49:51] [291/296] MCAJ
[00:49:52] [292/296] ACDE
[00:49:54] [293/296] AACM
[00:49:54] [294/296] JJCK
[00:49:55] [295/296] RCMO
[00:49:56] [296/296] GDAW
[00:49:58] ✅ DONE | Shows=0 | Movies=0
