[00:45:18] 🚀 BMS DAILY TRACKER STARTED
[00:45:18] [1/324] GCTA
[00:45:18] 🧠 New identity
[00:45:20] [2/324] TOPN
[00:45:21] [3/324] MCUS
[00:45:22] [4/324] SHRL
[00:45:23] [5/324] UPTP
[00:45:24] [6/324] TMMP
[00:45:25] [7/324] DNRP
[00:45:26] [8/324] SRLT
[00:45:27] [9/324] RCNS
[00:45:28] [10/324] DCBH
[00:45:29] [11/324] NAGJ
[00:45:29] [12/324] JVRC
[00:45:30] [13/324] KRJG
[00:45:31] [14/324] SRTJ
[00:45:32] [15/324] CMXM
[00:45:32] [16/324] STMI
[00:45:33] [17/324] SLST
[00:45:34] [18/324] DTCN
[00:45:35] [19/324] STYN
[00:45:36] [20/324] SZVR
[00:45:37] [21/324] SRKO
[00:45:38] [22/324] JTGT
[00:45:39] [23/324] SVFD
[00:45:40] [24/324] SISD
[00:45:41] [25/324] ABDD
[00:45:42] [26/324] DRCA
[00:45:42] [27/324] AVCS
[00:45:43] [28/324] MVKH
[00:45:44] [29/324] ACPR
[00:45:45] [30/324] STIP
[00:45:46] [31/324] MTRA
[00:45:48] [32/324] RMKH
[00:45:49] [33/324] NKRL
[00:45:50] [34/324] PCWN
[00:45:50] [35/324] BLMT
[00:45:51] [36/324] GDPG
[00:45:52] [37/324] SRMX
[00:45:53] [38/324] JACP
[00:45:54] [39/324] CPSH
[00:45:55] [40/324] MCCD
[00:45:56] [41/324] ECGH
[00:45:57] [42/324] MKCK
[00:45:58] [43/324] SRMM
[00:46:00] [44/324] SKYR
[00:46:00] [45/324] PCKC
[00:46:02] [46/324] JCMA
[00:46:03] [47/324] BSMP
[00:46:04] [48/324] VSPA
[00:46:04] [49/324] DJYA
[00:46:05] [50/324] DIMP
[00:46:06] [51/324] FXDR
[00:46:07] [52/324] SSRC
[00:46:08] [53/324] STHP
[00:46:09] [54/324] CPPD
[00:46:11] [55/324] FCLK
[00:46:12] [56/324] SCPP
[00:46:13] [57/324] DCMJ
[00:46:14] [58/324] RCCR
[00:46:15] [59/324] INMT
[00:46:16] [60/324] LXTK
[00:46:17] [61/324] SRYK
[00:46:18] [62/324] SGDK
[00:46:19] [63/324] PPKA
[00:46:20] [64/324] SPKA
[00:46:20] [65/324] CGHH
[00:46:21] [66/324] DCJN
[00:46:22] [67/324] SRKV
[00:46:23] [68/324] SAJC
[00:46:25] [69/324] SUSR
[00:46:26] [70/324] STYG
[00:46:27] [71/324] NTKP
[00:46:27] [72/324] AKTG
[00:46:28] [73/324] CGCM
[00:46:29] [74/324] TULC
[00:46:30] [75/324] NYYZ
[00:46:31] [76/324] NYBW
[00:46:31] [77/324] MACB
[00:46:32] [78/324] SLVT
[00:46:33] [79/324] SANA
[00:46:33] [80/324] ACMR
[00:46:34] [81/324] CPKN
[00:46:35] [82/324] DLGK
[00:46:37] [83/324] CWCK
[00:46:37] [84/324] FDDH
[00:46:39] [85/324] MMMD
[00:46:40] [86/324] CMEH
[00:46:40] [87/324] GGGV
[00:46:41] [88/324] SPJL
[00:46:43] [89/324] RCCD
[00:46:43] [90/324] STTZ
[00:46:44] [91/324] BTCF
[00:46:45] [92/324] TSTZ
[00:46:46] [93/324] IPMM
[00:46:47] [94/324] PMPW
[00:46:48] [95/324] PCMZ
[00:46:48] [96/324] ESEM
[00:46:49] [97/324] PIPO
[00:46:50] [98/324] MATK
[00:46:51] [99/324] PGHM
[00:46:52] [100/324] CTSR
[00:46:53] [101/324] CYKR
[00:46:54] [102/324] MSCM
[00:46:55] [103/324] RFNP
[00:46:56] [104/324] PDCP
[00:46:58] [105/324] NPSE
[00:46:58] [106/324] MKML
[00:46:59] [107/324] FTDP
[00:47:00] [108/324] MMXA
[00:47:01] [109/324] CEPO
[00:47:02] [110/324] CMVP
[00:47:03] [111/324] SGTH
[00:47:04] [112/324] SAYN
[00:47:05] [113/324] URVS
[00:47:06] [114/324] VJTN
[00:47:07] [115/324] BBYK
[00:47:08] [116/324] SHBO
[00:47:09] [117/324] VCMR
[00:47:09] [118/324] MACT
[00:47:10] [119/324] JMNP
[00:47:11] [120/324] VICS
[00:47:12] [121/324] VCDA
[00:47:13] [122/324] GCMM
[00:47:14] [123/324] INVS
[00:47:14] [124/324] SCGM
[00:47:15] [125/324] PCDA
[00:47:16] [126/324] KDCT
[00:47:17] [127/324] JACS
[00:47:19] [128/324] GMMC
[00:47:20] [129/324] AICM
[00:47:21] [130/324] TJCM
[00:47:22] [131/324] RMTI
[00:47:23] [132/324] SHAC
[00:47:24] [133/324] APJC
[00:47:24] [134/324] GCTG
[00:47:25] [135/324] SSMC
[00:47:26] [136/324] THRM
[00:47:27] [137/324] RBCT
[00:47:28] [138/324] DIKT
[00:47:30] [139/324] MIDL
[00:47:30] [140/324] VCSN
[00:47:31] [141/324] SKTG
[00:47:32] [142/324] SMWC
[00:47:33] [143/324] MNKH
[00:47:34] [144/324] PIAT
[00:47:35] [145/324] LTTP
[00:47:35] [146/324] PTPU
[00:47:36] [147/324] ACMG
[00:47:37] [148/324] SHMM
[00:47:37] [149/324] MCMN
[00:47:38] [150/324] GLDC
[00:47:39] [151/324] HOUT
[00:47:40] [152/324] SVRP
[00:47:41] [153/324] PVDN
[00:47:41] [154/324] SCPY
[00:47:42] [155/324] DTPY
[00:47:43] [156/324] GKCS
[00:47:44] [157/324] NCAM
[00:47:45] [158/324] BSRM
[00:47:46] [159/324] RCLC
[00:47:47] [160/324] SKKD
[00:47:47] [161/324] ACHU
[00:47:49] [162/324] RSCF
[00:47:50] [163/324] IMSH
[00:47:51] [164/324] MACX
[00:47:52] [165/324] HMMW
[00:47:53] [166/324] JTCP
[00:47:54] [167/324] SREN
[00:47:55] [168/324] PJRR
[00:47:55] [169/324] INAC
[00:47:56] [170/324] BMCA
[00:47:57] [171/324] SHCB
[00:47:58] [172/324] GABA
[00:47:59] [173/324] SBCT
[00:48:00] [174/324] GCMA
[00:48:01] [175/324] MYTK
[00:48:01] [176/324] INZS
[00:48:02] [177/324] RMIK
[00:48:03] [178/324] NYCH
[00:48:04] [179/324] RAVE
[00:48:05] [180/324] PSXM
[00:48:06] [181/324] MCGP
[00:48:07] [182/324] PDDK
[00:48:08] [183/324] SPCK
[00:48:09] [184/324] MCRL
[00:48:09] [185/324] MHKT
[00:48:10] [186/324] ANRR
[00:48:11] [187/324] SAPK
[00:48:12] [188/324] NCUK
[00:48:13] [189/324] JUGA
[00:48:14] [190/324] DBSC
[00:48:14] [191/324] LALK
[00:48:15] [192/324] GUCK
[00:48:16] [193/324] STSG
[00:48:17] [194/324] PPPZ
[00:48:18] [195/324] CNCY
[00:48:19] [196/324] MTAR
[00:48:19] [197/324] VNKD
[00:48:20] [198/324] KMAJ
[00:48:21] [199/324] ACXK
[00:48:22] [200/324] UTKC
[00:48:22] [201/324] PBLK
[00:48:23] [202/324] ACBX
[00:48:25] [203/324] PTGM
[00:48:26] [204/324] BTDA
[00:48:26] [205/324] PJMB
[00:48:27] [206/324] TPDA
[00:48:28] [207/324] AMOE
[00:48:29] [208/324] PRHT
[00:48:30] [209/324] PRTA
[00:48:31] [210/324] STAM
[00:48:32] [211/324] MSAA
[00:48:32] [212/324] SDLU
[00:48:33] [213/324] RCHH
[00:48:34] [214/324] KANT
[00:48:34] [215/324] FCRT
[00:48:36] [216/324] DNKM
[00:48:37] [217/324] RYCP
[00:48:38] [218/324] MYRP
[00:48:39] [219/324] PPAK
[00:48:39] [220/324] NVPK
[00:48:40] [221/324] PRMC
[00:48:41] [222/324] JBCS
[00:48:42] [223/324] GXCK
[00:48:43] [224/324] USKO
[00:48:43] [225/324] GTEM
[00:48:44] [226/324] SMBU
[00:48:45] [227/324] VETC
[00:48:46] [228/324] LCDA
[00:48:47] [229/324] MTVT
[00:48:48] [230/324] PYCP
[00:48:49] [231/324] PNSC
[00:48:50] [232/324] PPCC
[00:48:50] [233/324] TGRT
[00:48:51] [234/324] JYOT
[00:48:53] [235/324] SRCZ
[00:48:55] [236/324] SJTE
[00:48:55] [237/324] DESC
[00:48:56] [238/324] JHVN
[00:48:57] [239/324] IPSG
[00:48:58] [240/324] IPCM
[00:48:59] [241/324] PDRS
[00:49:00] [242/324] ANCV
[00:49:00] [243/324] CMVV
[00:49:01] [244/324] SHYP
[00:49:02] [245/324] DNCS
[00:49:03] [246/324] GAJK
[00:49:04] [247/324] AKTN
[00:49:04] [248/324] KAYA
[00:49:05] [249/324] SBRC
[00:49:06] [250/324] CHTP
[00:49:07] [251/324] SHRT
[00:49:08] [252/324] BCKU
[00:49:08] [253/324] FCPS
[00:49:09] [254/324] ARDD
[00:49:10] [255/324] CPCM
[00:49:11] [256/324] CGSM
[00:49:12] [257/324] PSMP
[00:49:13] [258/324] SDAL
[00:49:14] [259/324] RTNB
[00:49:15] [260/324] LMCR
[00:49:15] [261/324] CIMA
[00:49:16] [262/324] RNAS
[00:49:17] [263/324] LITH
[00:49:18] [264/324] PBOX
[00:49:19] [265/324] FRTS
[00:49:20] [266/324] RKIC
[00:49:20] [267/324] PTAI
[00:49:21] [268/324] GCIC
[00:49:22] [269/324] FNAS
[00:49:23] [270/324] SCAR
[00:49:24] [271/324] MTCA
[00:49:25] [272/324] SCTS
[00:49:26] [273/324] SYCS
[00:49:27] [274/324] RDMS
[00:49:28] [275/324] KAMP
[00:49:29] [276/324] ERSD
[00:49:29] [277/324] MJMJ
[00:49:30] [278/324] SRCJ
[00:49:31] [279/324] SCXE
[00:49:32] [280/324] SVFR
[00:49:33] [281/324] BHCS
[00:49:33] [282/324] IMCC
[00:49:34] [283/324] PCBO
[00:49:35] [284/324] PRVN
[00:49:36] [285/324] AUPM
[00:49:36] [286/324] INBW
[00:49:37] [287/324] SVCW
[00:49:39] [288/324] RKCF
[00:49:40] [289/324] UVBH
[00:49:41] [290/324] DNCY
[00:49:42] [291/324] ABCN
[00:49:43] [292/324] PRUR
[00:49:44] [293/324] PFMR
[00:49:45] [294/324] RKCN
[00:49:46] [295/324] CFEA
[00:49:46] [296/324] SDBG
[00:49:47] [297/324] SNAR
[00:49:48] [298/324] YISI
[00:49:49] [299/324] JCFF
[00:49:50] [300/324] VTRK
[00:49:50] [301/324] PCLZ
[00:49:51] [302/324] DIMY
[00:49:52] [303/324] BBTS
[00:49:53] [304/324] GATH
[00:49:54] [305/324] GTMN
[00:49:55] [306/324] VTMH
[00:49:56] [307/324] CCKP
[00:49:56] [308/324] GPKA
[00:49:57] [309/324] MHCL
[00:49:58] [310/324] ATCL
[00:49:59] [311/324] SBCK
[00:50:00] [312/324] AMMR
[00:50:01] [313/324] MADC
[00:50:02] [314/324] TMMA
[00:50:03] [315/324] CACC
[00:50:04] [316/324] CHAL
[00:50:06] [317/324] DURG
[00:50:06] [318/324] GMKU
[00:50:07] [319/324] GECA
[00:50:08] [320/324] KYRR
[00:50:09] [321/324] KSDE
[00:50:10] [322/324] LMCI
[00:50:11] [323/324] NKCP
[00:50:12] [324/324] BGTC
[00:50:12] ✅ DONE | Shows=0 | Movies=0
