[00:45:22] 🚀 BMS DAILY TRACKER STARTED
[00:45:22] [1/459] FNDB
[00:45:22] 🧠 New identity
[00:45:23] [2/459] AMBH
[00:45:24] [3/459] PRHN
[00:45:25] [4/459] ACPM
[00:45:26] [5/459] PVFS
[00:45:27] [6/459] AACN
[00:45:28] [7/459] ACAS
[00:45:29] [8/459] CTNR
[00:45:30] [9/459] MMAH
[00:45:31] [10/459] CPMH
[00:45:32] [11/459] IGMH
[00:45:33] [12/459] ABCS
[00:45:34] [13/459] CMMA
[00:45:35] [14/459] GPRH
[00:45:36] [15/459] PNNG
[00:45:37] [16/459] AMCA
[00:45:39] [17/459] ISTN
[00:45:40] [18/459] PIIC
[00:45:41] [19/459] AHMH
[00:45:42] [20/459] ASHN
[00:45:42] [21/459] INHY
[00:45:43] [22/459] SRMO
[00:45:44] [23/459] PIMH
[00:45:46] [24/459] PVTS
[00:45:48] [25/459] MMCA
[00:45:49] [26/459] AKYJ
[00:45:50] [27/459] BRKH
[00:45:51] [28/459] MAHM
[00:45:52] [29/459] CPHY
[00:45:53] [30/459] PVTP
[00:45:55] [31/459] SMMR
[00:45:55] [32/459] PVHM
[00:45:56] [33/459] SNDY
[00:45:57] [34/459] GOKU
[00:45:59] [35/459] ACEV
[00:46:00] [36/459] PVUM
[00:46:01] [37/459] VSWA
[00:46:02] [38/459] IPRS
[00:46:03] [39/459] ASGN
[00:46:04] [40/459] BKMV
[00:46:05] [41/459] PVYH
[00:46:06] [42/459] INKM
[00:46:06] [43/459] ARJU
[00:46:07] [44/459] JJPP
[00:46:08] [45/459] SSRM
[00:46:09] [46/459] HMHD
[00:46:10] [47/459] SNKH
[00:46:11] [48/459] ACHI
[00:46:12] [49/459] MRAA
[00:46:13] [50/459] INMH
[00:46:14] [51/459] ARMH
[00:46:15] [52/459] DVRR
[00:46:16] [53/459] SUDA
[00:46:17] [54/459] MCSS
[00:46:18] [55/459] VRKC
[00:46:19] [56/459] PRCX
[00:46:20] [57/459] ASJY
[00:46:20] [58/459] MTHY
[00:46:21] [59/459] SRCM
[00:46:22] [60/459] TVHY
[00:46:23] [61/459] STHD
[00:46:24] [62/459] CPCL
[00:46:25] [63/459] PSMJ
[00:46:27] [64/459] MRGT
[00:46:27] [65/459] ARYH
[00:46:28] [66/459] VTRB
[00:46:29] [67/459] SCHC
[00:46:30] [68/459] MRRG
[00:46:31] [69/459] SPCB
[00:46:32] [70/459] AMCM
[00:46:33] [71/459] IVNM
[00:46:33] [72/459] TRHY
[00:46:34] [73/459] PTTH
[00:46:35] [74/459] RKMH
[00:46:36] [75/459] PRCS
[00:46:37] [76/459] VAJA
[00:46:38] [77/459] BJNG
[00:46:39] [78/459] SCVM
[00:46:40] [79/459] GNHB
[00:46:41] [80/459] TLUR
[00:46:42] [81/459] UKCC
[00:46:43] [82/459] SRKR
[00:46:43] [83/459] RMKN
[00:46:44] [84/459] SLRT
[00:46:45] [85/459] LKMT
[00:46:46] [86/459] SSRJ
[00:46:47] [87/459] SPHT
[00:46:48] [88/459] ANTT
[00:46:49] [89/459] SRCH
[00:46:50] [90/459] SRCA
[00:46:51] [91/459] ARTH
[00:46:51] [92/459] MCBH
[00:46:52] [93/459] SNIB
[00:46:53] [94/459] SART
[00:46:54] [95/459] SKTA
[00:46:55] [96/459] YAKT
[00:46:56] [97/459] MLCK
[00:46:56] [98/459] ANTS
[00:46:57] [99/459] DGCA
[00:46:58] [100/459] SGMP
[00:47:00] [101/459] ASWN
[00:47:01] [102/459] KFVU
[00:47:01] [103/459] POOR
[00:47:02] [104/459] GKDN
[00:47:03] [105/459] EOSE
[00:47:04] [106/459] GTTT
[00:47:05] [107/459] ARRO
[00:47:06] [108/459] CMMK
[00:47:07] [109/459] MSCN
[00:47:08] [110/459] GDKH
[00:47:09] [111/459] DLMT
[00:47:10] [112/459] PVMF
[00:47:11] [113/459] CPCK
[00:47:12] [114/459] VMHE
[00:47:13] [115/459] PVLC
[00:47:14] [116/459] PCVB
[00:47:16] [117/459] SNYK
[00:47:17] [118/459] KTEK
[00:47:18] [119/459] PCNM
[00:47:19] [120/459] NTTR
[00:47:19] [121/459] CPSK
[00:47:20] [122/459] JMMA
[00:47:21] [123/459] GCFK
[00:47:22] [124/459] MYCA
[00:47:23] [125/459] KSNP
[00:47:24] [126/459] PMCE
[00:47:25] [127/459] SCKI
[00:47:26] [128/459] FSMA
[00:47:27] [129/459] CETA
[00:47:28] [130/459] MCIK
[00:47:29] [131/459] MYCR
[00:47:29] [132/459] EVMP
[00:47:31] [133/459] SSGT
[00:47:32] [134/459] KCTK
[00:47:33] [135/459] ZTKC
[00:47:33] [136/459] MMTA
[00:47:34] [137/459] MAJT
[00:47:35] [138/459] ACPK
[00:47:36] [139/459] JMAX
[00:47:37] [140/459] SETK
[00:47:38] [141/459] CAIS
[00:47:39] [142/459] AGCD
[00:47:40] [143/459] URCL
[00:47:41] [144/459] VTDS
[00:47:42] [145/459] JCNM
[00:47:42] [146/459] KCAM
[00:47:43] [147/459] ADCU
[00:47:44] [148/459] GXYN
[00:47:45] [149/459] SMJG
[00:47:46] [150/459] EYCJ
[00:47:46] [151/459] CCEJ
[00:47:47] [152/459] MARS
[00:47:48] [153/459] CPVJ
[00:47:49] [154/459] INVP
[00:47:50] [155/459] CPOV
[00:47:51] [156/459] VIJK
[00:47:52] [157/459] LAIM
[00:47:53] [158/459] STHV
[00:47:53] [159/459] SVLJ
[00:47:54] [160/459] ATVJ
[00:47:55] [161/459] JTSC
[00:47:56] [162/459] RMTV
[00:47:57] [163/459] MGGG
[00:47:58] [164/459] SWTH
[00:48:00] [165/459] INVJ
[00:48:01] [166/459] PRSV
[00:48:02] [167/459] JATV
[00:48:02] [168/459] RCVD
[00:48:03] [169/459] BDMA
[00:48:04] [170/459] BLJI
[00:48:04] [171/459] SWOT
[00:48:05] [172/459] SWRN
[00:48:06] [173/459] TVRA
[00:48:07] [174/459] VCSV
[00:48:08] [175/459] NVRN
[00:48:08] [176/459] SIKC
[00:48:09] [177/459] VAKR
[00:48:10] [178/459] SYLN
[00:48:11] [179/459] KLJL
[00:48:12] [180/459] LKMY
[00:48:13] [181/459] VSLY
[00:48:14] [182/459] CIKO
[00:48:14] [183/459] GPBG
[00:48:16] [184/459] CECM
[00:48:17] [185/459] SLKB
[00:48:18] [186/459] MTBO
[00:48:19] [187/459] SSHB
[00:48:20] [188/459] VPCS
[00:48:20] [189/459] RCSR
[00:48:21] [190/459] RJRM
[00:48:22] [191/459] KPPB
[00:48:22] [192/459] SEDC
[00:48:23] [193/459] SCAI
[00:48:24] [194/459] RMTR
[00:48:25] [195/459] ASST
[00:48:26] [196/459] GCAK
[00:48:27] [197/459] ANNK
[00:48:29] [198/459] KDDF
[00:48:30] [199/459] NRDP
[00:48:30] [200/459] PLAK
[00:48:31] [201/459] GCMC
[00:48:32] [202/459] ALPY
[00:48:33] [203/459] SICE
[00:48:34] [204/459] SISR
[00:48:35] [205/459] SRPZ
[00:48:35] [206/459] SRSW
[00:48:36] [207/459] SUYA
[00:48:37] [208/459] AMMT
[00:48:38] [209/459] BHCU
[00:48:38] [210/459] KLPA
[00:48:40] [211/459] NVKH
[00:48:41] [212/459] JMRC
[00:48:42] [213/459] KTTT
[00:48:43] [214/459] MAGH
[00:48:44] [215/459] MMMX
[00:48:45] [216/459] SALJ
[00:48:45] [217/459] GTJA
[00:48:46] [218/459] MAHT
[00:48:47] [219/459] SSNN
[00:48:49] [220/459] ARRP
[00:48:50] [221/459] ATNS
[00:48:50] [222/459] SKDT
[00:48:51] [223/459] ACAT
[00:48:52] [224/459] APRC
[00:48:53] [225/459] SWAG
[00:48:54] [226/459] SDPT
[00:48:54] [227/459] STPS
[00:48:55] [228/459] WWCZ
[00:48:56] [229/459] LLCH
[00:48:57] [230/459] MZHA
[00:48:57] [231/459] CRJG
[00:48:58] [232/459] JGTK
[00:48:59] [233/459] KCSR
[00:49:00] [234/459] CHTL
[00:49:01] [235/459] EDSR
[00:49:03] [236/459] CSWO
[00:49:03] [237/459] CPVM
[00:49:04] [238/459] MXBY
[00:49:05] [239/459] FMMA
[00:49:07] [240/459] POVI
[00:49:07] [241/459] MTHB
[00:49:08] [242/459] INRC
[00:49:09] [243/459] PIPP
[00:49:10] [244/459] BMXC
[00:49:11] [245/459] PCMM
[00:49:12] [246/459] PMKM
[00:49:13] [247/459] GATY
[00:49:14] [248/459] IMCM
[00:49:15] [249/459] POPE
[00:49:16] [250/459] MTCR
[00:49:16] [251/459] PVAE
[00:49:17] [252/459] PVMI
[00:49:18] [253/459] CPNM
[00:49:19] [254/459] FMRL
[00:49:20] [255/459] MCIW
[00:49:20] [256/459] MXBO
[00:49:21] [257/459] FMKY
[00:49:23] [258/459] FMDA
[00:49:24] [259/459] THAB
[00:49:25] [260/459] PRCW
[00:49:26] [261/459] PITI
[00:49:27] [262/459] MCFF
[00:49:28] [263/459] PDDV
[00:49:29] [264/459] MCRM
[00:49:30] [265/459] KKMB
[00:49:31] [266/459] INKO
[00:49:32] [267/459] PLXP
[00:49:33] [268/459] MMHA
[00:49:34] [269/459] FMVS
[00:49:35] [270/459] POLM
[00:49:36] [271/459] STER
[00:49:37] [272/459] PVWJ
[00:49:38] [273/459] IMJW
[00:49:39] [274/459] FNAN
[00:49:40] [275/459] CAGL
[00:49:41] [276/459] IPBG
[00:49:42] [277/459] SMFV
[00:49:43] [278/459] MMMR
[00:49:44] [279/459] MMWM
[00:49:45] [280/459] FNCM
[00:49:46] [281/459] MDVA
[00:49:46] [282/459] MMET
[00:49:47] [283/459] MIDO
[00:49:48] [284/459] INNP
[00:49:49] [285/459] MIFU
[00:49:50] [286/459] MMSZ
[00:49:51] [287/459] BMXA
[00:49:51] [288/459] MCAA
[00:49:52] [289/459] SCVP
[00:49:53] [290/459] PLUS
[00:49:54] [291/459] MUCK
[00:49:55] [292/459] MTMA
[00:49:55] [293/459] HPVR
[00:49:56] [294/459] PMPK
[00:49:57] [295/459] MAJB
[00:49:58] [296/459] CTRR
[00:49:59] [297/459] MCTG
[00:50:00] [298/459] MACE
[00:50:00] [299/459] AAAS
[00:50:01] [300/459] CPVV
[00:50:02] [301/459] RCHG
[00:50:03] [302/459] MCNE
[00:50:04] [303/459] EMNC
[00:50:05] [304/459] MCAN
[00:50:05] [305/459] TCDM
[00:50:06] [306/459] IRGT
[00:50:07] [307/459] GCMG
[00:50:08] [308/459] MXSN
[00:50:09] [309/459] MXCK
[00:50:10] [310/459] MCRC
[00:50:11] [311/459] RSMI
[00:50:12] [312/459] WAML
[00:50:12] [313/459] MTSC
[00:50:13] [314/459] FMDR
[00:50:14] [315/459] LEPV
[00:50:16] [316/459] MTGD
[00:50:16] [317/459] IMOB
[00:50:17] [318/459] CLMM
[00:50:18] [319/459] PZCD
[00:50:20] [320/459] GOCS
[00:50:21] [321/459] KCMA
[00:50:22] [322/459] CCMP
[00:50:22] [323/459] MTSU
[00:50:23] [324/459] SNGL
[00:50:24] [325/459] MMMC
[00:50:25] [326/459] MMAA
[00:50:26] [327/459] GCDM
[00:50:27] [328/459] KTMV
[00:50:28] [329/459] AETE
[00:50:29] [330/459] OMCS
[00:50:30] [331/459] GDCD
[00:50:30] [332/459] NYMD
[00:50:31] [333/459] RNCV
[00:50:32] [334/459] KKMT
[00:50:33] [335/459] GDTH
[00:50:34] [336/459] KMMV
[00:50:35] [337/459] NHCG
[00:50:35] [338/459] PJDW
[00:50:36] [339/459] MMCV
[00:50:37] [340/459] FQSA
[00:50:38] [341/459] KURL
[00:50:39] [342/459] NNNX
[00:50:40] [343/459] AMAU
[00:50:41] [344/459] VVVM
[00:50:41] [345/459] VECU
[00:50:42] [346/459] WCVR
[00:50:43] [347/459] MTGG
[00:50:44] [348/459] SGTG
[00:50:45] [349/459] MNTG
[00:50:45] [350/459] JDDG
[00:50:46] [351/459] MBTK
[00:50:47] [352/459] SGCD
[00:50:49] [353/459] MCTC
[00:50:50] [354/459] JTPC
[00:50:50] [355/459] SDKT
[00:50:52] [356/459] KRCC
[00:50:53] [357/459] RMMD
[00:50:54] [358/459] AAME
[00:50:55] [359/459] TMWC
[00:50:56] [360/459] NRWY
[00:50:57] [361/459] CITD
[00:50:58] [362/459] VERD
[00:51:00] [363/459] MKSK
[00:51:01] [364/459] STSM
[00:51:03] [365/459] MJDG
[00:51:04] [366/459] RKPM
[00:51:05] [367/459] SSCE
[00:51:06] [368/459] VMAE
[00:51:07] [369/459] SBRU
[00:51:08] [370/459] AMBC
[00:51:08] [371/459] AMLU
[00:51:09] [372/459] INVZ
[00:51:10] [373/459] LGTV
[00:51:11] [374/459] SVAD
[00:51:12] [375/459] SMSA
[00:51:13] [376/459] SPCZ
[00:51:13] [377/459] GTCX
[00:51:14] [378/459] SCSL
[00:51:16] [379/459] SAHU
[00:51:17] [380/459] NCDA
[00:51:18] [381/459] SCCG
[00:51:19] [382/459] VKTL
[00:51:20] [383/459] PUUJ
[00:51:20] [384/459] STEJ
[00:51:21] [385/459] RJAL
[00:51:22] [386/459] ACJC
[00:51:23] [387/459] VTHC
[00:51:23] [388/459] ARVB
[00:51:24] [389/459] AUBB
[00:51:25] [390/459] GDBR
[00:51:26] [391/459] PVND
[00:51:27] [392/459] BGRJ
[00:51:28] [393/459] RJMM
[00:51:29] [394/459] MCSA
[00:51:30] [395/459] BODA
[00:51:31] [396/459] JAGG
[00:51:32] [397/459] SCGA
[00:51:33] [398/459] LRCM
[00:51:35] [399/459] CPCN
[00:51:36] [400/459] SSTF
[00:51:37] [401/459] SRXP
[00:51:38] [402/459] CNFX
[00:51:39] [403/459] ANDI
[00:51:39] [404/459] SYEW
[00:51:40] [405/459] RCRE
[00:51:41] [406/459] SCRW
[00:51:42] [407/459] MBKR
[00:51:44] [408/459] ASNT
[00:51:45] [409/459] JTMT
[00:51:46] [410/459] SHAY
[00:51:47] [411/459] VRTH
[00:51:48] [412/459] SPTI
[00:51:49] [413/459] DPTD
[00:51:50] [414/459] TGSN
[00:51:50] [415/459] RCWV
[00:51:51] [416/459] OCUR
[00:51:52] [417/459] KSTC
[00:51:53] [418/459] SANI
[00:51:55] [419/459] MLCA
[00:51:55] [420/459] EGCA
[00:51:56] [421/459] SYSN
[00:51:57] [422/459] PKTA
[00:51:58] [423/459] PRCC
[00:52:00] [424/459] KSTR
[00:52:01] [425/459] SNTP
[00:52:02] [426/459] RCHA
[00:52:03] [427/459] SEEA
[00:52:04] [428/459] ALAT
[00:52:05] [429/459] AATV
[00:52:06] [430/459] RJTE
[00:52:07] [431/459] AAPP
[00:52:07] [432/459] PMMH
[00:52:08] [433/459] INRJ
[00:52:09] [434/459] SARB
[00:52:10] [435/459] PCJL
[00:52:11] [436/459] PFJJ
[00:52:12] [437/459] GRDC
[00:52:14] [438/459] BCBA
[00:52:14] [439/459] VIXL
[00:52:15] [440/459] CSTL
[00:52:16] [441/459] MTDK
[00:52:17] [442/459] TDAC
[00:52:18] [443/459] GTDN
[00:52:19] [444/459] TTDE
[00:52:21] [445/459] ASTS
[00:52:22] [446/459] CPNS
[00:52:22] [447/459] PVVW
[00:52:23] [448/459] USEB
[00:52:24] [449/459] DTYN
[00:52:25] [450/459] PVLE
[00:52:26] [451/459] CIPS
[00:52:27] [452/459] PAEG
[00:52:27] [453/459] PTCW
[00:52:28] [454/459] G3SR
[00:52:29] [455/459] PGND
[00:52:30] [456/459] INVM
[00:52:32] [457/459] SPIA
[00:52:33] [458/459] PCSN
[00:52:33] [459/459] PPGV
[00:52:35] ✅ DONE | Shows=1 | Movies=1
[01:51:05] 🚀 BMS DAILY TRACKER STARTED
[01:51:05] [1/459] FNDB
[01:51:05] 🧠 New identity
[01:51:06] [2/459] AMBH
[01:51:07] [3/459] PRHN
[01:51:08] [4/459] ACPM
[01:51:09] [5/459] PVFS
[01:51:10] [6/459] AACN
[01:51:11] [7/459] ACAS
[01:51:12] [8/459] CTNR
[01:51:13] [9/459] MMAH
[01:51:14] [10/459] CPMH
[01:51:15] [11/459] IGMH
[01:51:16] [12/459] ABCS
[01:51:16] [13/459] CMMA
[01:51:18] [14/459] GPRH
[01:51:19] [15/459] PNNG
[01:51:20] [16/459] AMCA
[01:51:21] [17/459] ISTN
[01:51:22] [18/459] PIIC
[01:51:22] [19/459] AHMH
[01:51:23] [20/459] ASHN
[01:51:24] [21/459] INHY
[01:51:25] [22/459] SRMO
[01:51:26] [23/459] PIMH
[01:51:27] [24/459] PVTS
[01:51:29] [25/459] MMCA
[01:51:29] [26/459] AKYJ
[01:51:30] [27/459] BRKH
[01:51:31] [28/459] MAHM
[01:51:32] [29/459] CPHY
[01:51:33] [30/459] PVTP
[01:51:33] [31/459] SMMR
[01:51:35] [32/459] PVHM
[01:51:35] [33/459] SNDY
[01:51:36] [34/459] GOKU
[01:51:37] [35/459] ACEV
[01:51:38] [36/459] PVUM
[01:51:38] [37/459] VSWA
[01:51:39] [38/459] IPRS
[01:51:40] [39/459] ASGN
[01:51:42] [40/459] BKMV
[01:51:43] [41/459] PVYH
[01:51:44] [42/459] INKM
[01:51:45] [43/459] ARJU
[01:51:45] [44/459] JJPP
[01:51:46] [45/459] SSRM
[01:51:47] [46/459] HMHD
[01:51:48] [47/459] SNKH
[01:51:49] [48/459] ACHI
[01:51:50] [49/459] MRAA
[01:51:51] [50/459] INMH
[01:51:52] [51/459] ARMH
[01:51:53] [52/459] DVRR
[01:51:54] [53/459] SUDA
[01:51:55] [54/459] MCSS
[01:51:56] [55/459] VRKC
[01:51:57] [56/459] PRCX
[01:51:58] [57/459] ASJY
[01:51:59] [58/459] MTHY
[01:52:00] [59/459] SRCM
[01:52:01] [60/459] TVHY
[01:52:02] [61/459] STHD
[01:52:03] [62/459] CPCL
[01:52:03] [63/459] PSMJ
[01:52:04] [64/459] MRGT
[01:52:05] [65/459] ARYH
[01:52:06] [66/459] VTRB
[01:52:07] [67/459] SCHC
[01:52:08] [68/459] MRRG
[01:52:08] [69/459] SPCB
[01:52:09] [70/459] AMCM
[01:52:10] [71/459] IVNM
[01:52:11] [72/459] TRHY
[01:52:12] [73/459] PTTH
[01:52:13] [74/459] RKMH
[01:52:15] [75/459] PRCS
[01:52:16] [76/459] VAJA
[01:52:17] [77/459] BJNG
[01:52:18] [78/459] SCVM
[01:52:19] [79/459] GNHB
[01:52:20] [80/459] TLUR
[01:52:21] [81/459] UKCC
[01:52:22] [82/459] SRKR
[01:52:23] [83/459] RMKN
[01:52:23] [84/459] SLRT
[01:52:24] [85/459] LKMT
[01:52:26] [86/459] SSRJ
[01:52:27] [87/459] SPHT
[01:52:28] [88/459] ANTT
[01:52:30] [89/459] SRCH
[01:52:31] [90/459] SRCA
[01:52:31] [91/459] ARTH
[01:52:32] [92/459] MCBH
[01:52:33] [93/459] SNIB
[01:52:34] [94/459] SART
[01:52:35] [95/459] SKTA
[01:52:36] [96/459] YAKT
[01:52:37] [97/459] MLCK
[01:52:38] [98/459] ANTS
[01:52:39] [99/459] DGCA
[01:52:39] [100/459] SGMP
[01:52:40] [101/459] ASWN
[01:52:41] [102/459] KFVU
[01:52:42] [103/459] POOR
[01:52:43] [104/459] GKDN
[01:52:43] [105/459] EOSE
[01:52:44] [106/459] GTTT
[01:52:45] [107/459] ARRO
[01:52:47] [108/459] CMMK
[01:52:48] [109/459] MSCN
[01:52:50] [110/459] GDKH
[01:52:51] [111/459] DLMT
[01:52:51] [112/459] PVMF
[01:52:53] [113/459] CPCK
[01:52:54] [114/459] VMHE
[01:52:55] [115/459] PVLC
[01:52:57] [116/459] PCVB
[01:52:58] [117/459] SNYK
[01:52:59] [118/459] KTEK
[01:53:00] [119/459] PCNM
[01:53:01] [120/459] NTTR
[01:53:02] [121/459] CPSK
[01:53:03] [122/459] JMMA
[01:53:04] [123/459] GCFK
[01:53:05] [124/459] MYCA
[01:53:06] [125/459] KSNP
[01:53:06] [126/459] PMCE
[01:53:07] [127/459] SCKI
[01:53:08] [128/459] FSMA
[01:53:09] [129/459] CETA
[01:53:10] [130/459] MCIK
[01:53:11] [131/459] MYCR
[01:53:12] [132/459] EVMP
[01:53:12] [133/459] SSGT
[01:53:14] [134/459] KCTK
[01:53:15] [135/459] ZTKC
[01:53:16] [136/459] MMTA
[01:53:16] [137/459] MAJT
[01:53:18] [138/459] ACPK
[01:53:20] [139/459] JMAX
[01:53:20] [140/459] SETK
[01:53:21] [141/459] CAIS
[01:53:22] [142/459] AGCD
[01:53:23] [143/459] URCL
[01:53:24] [144/459] VTDS
[01:53:24] [145/459] JCNM
[01:53:25] [146/459] KCAM
[01:53:26] [147/459] ADCU
[01:53:27] [148/459] GXYN
[01:53:28] [149/459] SMJG
[01:53:29] [150/459] EYCJ
[01:53:29] [151/459] CCEJ
[01:53:30] [152/459] MARS
[01:53:31] [153/459] CPVJ
[01:53:32] [154/459] INVP
[01:53:32] [155/459] CPOV
[01:53:33] [156/459] VIJK
[01:53:34] [157/459] LAIM
[01:53:35] [158/459] STHV
[01:53:36] [159/459] SVLJ
[01:53:36] [160/459] ATVJ
[01:53:37] [161/459] JTSC
[01:53:38] [162/459] RMTV
[01:53:39] [163/459] MGGG
[01:53:39] [164/459] SWTH
[01:53:40] [165/459] INVJ
[01:53:41] [166/459] PRSV
[01:53:42] [167/459] JATV
[01:53:43] [168/459] RCVD
[01:53:44] [169/459] BDMA
[01:53:45] [170/459] BLJI
[01:53:46] [171/459] SWOT
[01:53:47] [172/459] SWRN
[01:53:48] [173/459] TVRA
[01:53:49] [174/459] VCSV
[01:53:50] [175/459] NVRN
[01:53:50] [176/459] SIKC
[01:53:51] [177/459] VAKR
[01:53:52] [178/459] SYLN
[01:53:53] [179/459] KLJL
[01:53:55] [180/459] LKMY
[01:53:56] [181/459] VSLY
[01:53:56] [182/459] CIKO
[01:53:57] [183/459] GPBG
[01:53:58] [184/459] CECM
[01:53:59] [185/459] SLKB
[01:54:00] [186/459] MTBO
[01:54:01] [187/459] SSHB
[01:54:02] [188/459] VPCS
[01:54:02] [189/459] RCSR
[01:54:03] [190/459] RJRM
[01:54:04] [191/459] KPPB
[01:54:05] [192/459] SEDC
[01:54:06] [193/459] SCAI
[01:54:07] [194/459] RMTR
[01:54:08] [195/459] ASST
[01:54:09] [196/459] GCAK
[01:54:10] [197/459] ANNK
[01:54:11] [198/459] KDDF
[01:54:12] [199/459] NRDP
[01:54:13] [200/459] PLAK
[01:54:14] [201/459] GCMC
[01:54:14] [202/459] ALPY
[01:54:15] [203/459] SICE
[01:54:16] [204/459] SISR
[01:54:17] [205/459] SRPZ
[01:54:18] [206/459] SRSW
[01:54:19] [207/459] SUYA
[01:54:20] [208/459] AMMT
[01:54:21] [209/459] BHCU
[01:54:22] [210/459] KLPA
[01:54:23] [211/459] NVKH
[01:54:23] [212/459] JMRC
[01:54:24] [213/459] KTTT
[01:54:25] [214/459] MAGH
[01:54:25] [215/459] MMMX
[01:54:26] [216/459] SALJ
[01:54:28] [217/459] GTJA
[01:54:29] [218/459] MAHT
[01:54:30] [219/459] SSNN
[01:54:30] [220/459] ARRP
[01:54:31] [221/459] ATNS
[01:54:32] [222/459] SKDT
[01:54:33] [223/459] ACAT
[01:54:34] [224/459] APRC
[01:54:34] [225/459] SWAG
[01:54:35] [226/459] SDPT
[01:54:37] [227/459] STPS
[01:54:38] [228/459] WWCZ
[01:54:39] [229/459] LLCH
[01:54:39] [230/459] MZHA
[01:54:40] [231/459] CRJG
[01:54:41] [232/459] JGTK
[01:54:42] [233/459] KCSR
[01:54:43] [234/459] CHTL
[01:54:44] [235/459] EDSR
[01:54:45] [236/459] CSWO
[01:54:45] [237/459] CPVM
[01:54:46] [238/459] MXBY
[01:54:47] [239/459] FMMA
[01:54:48] [240/459] POVI
[01:54:49] [241/459] MTHB
[01:54:50] [242/459] INRC
[01:54:51] [243/459] PIPP
[01:54:53] [244/459] BMXC
[01:54:54] [245/459] PCMM
[01:54:55] [246/459] PMKM
[01:54:57] [247/459] GATY
[01:54:57] [248/459] IMCM
[01:54:59] [249/459] POPE
[01:55:00] [250/459] MTCR
[01:55:01] [251/459] PVAE
[01:55:02] [252/459] PVMI
[01:55:03] [253/459] CPNM
[01:55:04] [254/459] FMRL
[01:55:05] [255/459] MCIW
[01:55:05] [256/459] MXBO
[01:55:06] [257/459] FMKY
[01:55:07] [258/459] FMDA
[01:55:08] [259/459] THAB
[01:55:09] [260/459] PRCW
[01:55:09] [261/459] PITI
[01:55:10] [262/459] MCFF
[01:55:12] [263/459] PDDV
[01:55:13] [264/459] MCRM
[01:55:14] [265/459] KKMB
[01:55:14] [266/459] INKO
[01:55:15] [267/459] PLXP
[01:55:16] [268/459] MMHA
[01:55:17] [269/459] FMVS
[01:55:18] [270/459] POLM
[01:55:19] [271/459] STER
[01:55:19] [272/459] PVWJ
[01:55:20] [273/459] IMJW
[01:55:22] [274/459] FNAN
[01:55:23] [275/459] CAGL
[01:55:24] [276/459] IPBG
[01:55:25] [277/459] SMFV
[01:55:26] [278/459] MMMR
[01:55:27] [279/459] MMWM
[01:55:29] [280/459] FNCM
[01:55:30] [281/459] MDVA
[01:55:31] [282/459] MMET
[01:55:31] [283/459] MIDO
[01:55:32] [284/459] INNP
[01:55:33] [285/459] MIFU
[01:55:34] [286/459] MMSZ
[01:55:35] [287/459] BMXA
[01:55:36] [288/459] MCAA
[01:55:36] [289/459] SCVP
[01:55:37] [290/459] PLUS
[01:55:38] [291/459] MUCK
[01:55:39] [292/459] MTMA
[01:55:40] [293/459] HPVR
[01:55:41] [294/459] PMPK
[01:55:41] [295/459] MAJB
[01:55:42] [296/459] CTRR
[01:55:43] [297/459] MCTG
[01:55:44] [298/459] MACE
[01:55:44] [299/459] AAAS
[01:55:45] [300/459] CPVV
[01:55:46] [301/459] RCHG
[01:55:48] [302/459] MCNE
[01:55:48] [303/459] EMNC
[01:55:49] [304/459] MCAN
[01:55:50] [305/459] TCDM
[01:55:51] [306/459] IRGT
[01:55:52] [307/459] GCMG
[01:55:53] [308/459] MXSN
[01:55:54] [309/459] MXCK
[01:55:55] [310/459] MCRC
[01:55:56] [311/459] RSMI
[01:55:56] [312/459] WAML
[01:55:58] [313/459] MTSC
[01:55:59] [314/459] FMDR
[01:55:59] [315/459] LEPV
[01:56:00] [316/459] MTGD
[01:56:01] [317/459] IMOB
[01:56:02] [318/459] CLMM
[01:56:03] [319/459] PZCD
[01:56:03] [320/459] GOCS
[01:56:04] [321/459] KCMA
[01:56:05] [322/459] CCMP
[01:56:06] [323/459] MTSU
[01:56:08] [324/459] SNGL
[01:56:08] [325/459] MMMC
[01:56:09] [326/459] MMAA
[01:56:10] [327/459] GCDM
[01:56:11] [328/459] KTMV
[01:56:12] [329/459] AETE
[01:56:13] [330/459] OMCS
[01:56:14] [331/459] GDCD
[01:56:15] [332/459] NYMD
[01:56:17] [333/459] RNCV
[01:56:18] [334/459] KKMT
[01:56:19] [335/459] GDTH
[01:56:20] [336/459] KMMV
[01:56:21] [337/459] NHCG
[01:56:21] [338/459] PJDW
[01:56:22] [339/459] MMCV
[01:56:23] [340/459] FQSA
[01:56:24] [341/459] KURL
[01:56:25] [342/459] NNNX
[01:56:26] [343/459] AMAU
[01:56:27] [344/459] VVVM
[01:56:28] [345/459] VECU
[01:56:29] [346/459] WCVR
[01:56:30] [347/459] MTGG
[01:56:31] [348/459] SGTG
[01:56:32] [349/459] MNTG
[01:56:33] [350/459] JDDG
[01:56:34] [351/459] MBTK
[01:56:36] [352/459] SGCD
[01:56:37] [353/459] MCTC
[01:56:38] [354/459] JTPC
[01:56:39] [355/459] SDKT
[01:56:40] [356/459] KRCC
[01:56:41] [357/459] RMMD
[01:56:41] [358/459] AAME
[01:56:42] [359/459] TMWC
[01:56:43] [360/459] NRWY
[01:56:44] [361/459] CITD
[01:56:45] [362/459] VERD
[01:56:46] [363/459] MKSK
[01:56:46] [364/459] STSM
[01:56:47] [365/459] MJDG
[01:56:48] [366/459] RKPM
[01:56:49] [367/459] SSCE
[01:56:50] [368/459] VMAE
[01:56:52] [369/459] SBRU
[01:56:53] [370/459] AMBC
[01:56:54] [371/459] AMLU
[01:56:55] [372/459] INVZ
[01:56:55] [373/459] LGTV
[01:56:56] [374/459] SVAD
[01:56:57] [375/459] SMSA
[01:56:58] [376/459] SPCZ
[01:56:59] [377/459] GTCX
[01:57:00] [378/459] SCSL
[01:57:01] [379/459] SAHU
[01:57:02] [380/459] NCDA
[01:57:03] [381/459] SCCG
[01:57:04] [382/459] VKTL
[01:57:04] [383/459] PUUJ
[01:57:05] [384/459] STEJ
[01:57:06] [385/459] RJAL
[01:57:07] [386/459] ACJC
[01:57:08] [387/459] VTHC
[01:57:10] [388/459] ARVB
[01:57:10] [389/459] AUBB
[01:57:11] [390/459] GDBR
[01:57:12] [391/459] PVND
[01:57:13] [392/459] BGRJ
[01:57:13] [393/459] RJMM
[01:57:14] [394/459] MCSA
[01:57:15] [395/459] BODA
[01:57:17] [396/459] JAGG
[01:57:18] [397/459] SCGA
[01:57:18] [398/459] LRCM
[01:57:19] [399/459] CPCN
[01:57:20] [400/459] SSTF
[01:57:21] [401/459] SRXP
[01:57:21] [402/459] CNFX
[01:57:22] [403/459] ANDI
[01:57:24] [404/459] SYEW
[01:57:26] [405/459] RCRE
[01:57:27] [406/459] SCRW
[01:57:28] [407/459] MBKR
[01:57:29] [408/459] ASNT
[01:57:30] [409/459] JTMT
[01:57:31] [410/459] SHAY
[01:57:32] [411/459] VRTH
[01:57:33] [412/459] SPTI
[01:57:33] [413/459] DPTD
[01:57:34] [414/459] TGSN
[01:57:35] [415/459] RCWV
[01:57:36] [416/459] OCUR
[01:57:37] [417/459] KSTC
[01:57:38] [418/459] SANI
[01:57:39] [419/459] MLCA
[01:57:40] [420/459] EGCA
[01:57:42] [421/459] SYSN
[01:57:42] [422/459] PKTA
[01:57:43] [423/459] PRCC
[01:57:44] [424/459] KSTR
[01:57:45] [425/459] SNTP
[01:57:46] [426/459] RCHA
[01:57:46] [427/459] SEEA
[01:57:47] [428/459] ALAT
[01:57:48] [429/459] AATV
[01:57:49] [430/459] RJTE
[01:57:50] [431/459] AAPP
[01:57:51] [432/459] PMMH
[01:57:52] [433/459] INRJ
[01:57:52] [434/459] SARB
[01:57:53] [435/459] PCJL
[01:57:54] [436/459] PFJJ
[01:57:55] [437/459] GRDC
[01:57:56] [438/459] BCBA
[01:57:57] [439/459] VIXL
[01:57:58] [440/459] CSTL
[01:57:59] [441/459] MTDK
[01:58:00] [442/459] TDAC
[01:58:01] [443/459] GTDN
[01:58:02] [444/459] TTDE
[01:58:02] [445/459] ASTS
[01:58:03] [446/459] CPNS
[01:58:05] [447/459] PVVW
[01:58:05] [448/459] USEB
[01:58:06] [449/459] DTYN
[01:58:08] [450/459] PVLE
[01:58:09] [451/459] CIPS
[01:58:10] [452/459] PAEG
[01:58:11] [453/459] PTCW
[01:58:12] [454/459] G3SR
[01:58:12] [455/459] PGND
[01:58:13] [456/459] INVM
[01:58:14] [457/459] SPIA
[01:58:16] [458/459] PCSN
[01:58:17] [459/459] PPGV
[01:58:18] ✅ DONE | Shows=2 | Movies=2
[02:48:34] 🚀 BMS DAILY TRACKER STARTED
[02:48:34] [1/459] FNDB
[02:48:34] 🧠 New identity
[02:48:35] [2/459] AMBH
[02:48:36] [3/459] PRHN
[02:48:37] [4/459] ACPM
[02:48:38] [5/459] PVFS
[02:48:39] [6/459] AACN
[02:48:40] [7/459] ACAS
[02:48:41] [8/459] CTNR
[02:48:42] [9/459] MMAH
[02:48:43] [10/459] CPMH
[02:48:44] [11/459] IGMH
[02:48:45] [12/459] ABCS
[02:48:46] [13/459] CMMA
[02:48:47] [14/459] GPRH
[02:48:48] [15/459] PNNG
[02:48:49] [16/459] AMCA
[02:48:49] [17/459] ISTN
[02:48:50] [18/459] PIIC
[02:48:51] [19/459] AHMH
[02:48:52] [20/459] ASHN
[02:48:53] [21/459] INHY
[02:48:54] [22/459] SRMO
[02:48:56] [23/459] PIMH
[02:48:57] [24/459] PVTS
[02:48:58] [25/459] MMCA
[02:48:58] [26/459] AKYJ
[02:48:59] [27/459] BRKH
[02:49:00] [28/459] MAHM
[02:49:01] [29/459] CPHY
[02:49:03] [30/459] PVTP
[02:49:03] [31/459] SMMR
[02:49:04] [32/459] PVHM
[02:49:05] [33/459] SNDY
[02:49:06] [34/459] GOKU
[02:49:07] [35/459] ACEV
[02:49:08] [36/459] PVUM
[02:49:08] [37/459] VSWA
[02:49:09] [38/459] IPRS
[02:49:10] [39/459] ASGN
[02:49:11] [40/459] BKMV
[02:49:12] [41/459] PVYH
[02:49:13] [42/459] INKM
[02:49:14] [43/459] ARJU
[02:49:14] [44/459] JJPP
[02:49:15] [45/459] SSRM
[02:49:16] [46/459] HMHD
[02:49:17] [47/459] SNKH
[02:49:18] [48/459] ACHI
[02:49:19] [49/459] MRAA
[02:49:20] [50/459] INMH
[02:49:21] [51/459] ARMH
[02:49:22] [52/459] DVRR
[02:49:22] [53/459] SUDA
[02:49:23] [54/459] MCSS
[02:49:24] [55/459] VRKC
[02:49:25] [56/459] PRCX
[02:49:26] [57/459] ASJY
[02:49:27] [58/459] MTHY
[02:49:28] [59/459] SRCM
[02:49:29] [60/459] TVHY
[02:49:30] [61/459] STHD
[02:49:31] [62/459] CPCL
[02:49:32] [63/459] PSMJ
[02:49:33] [64/459] MRGT
[02:49:33] [65/459] ARYH
[02:49:34] [66/459] VTRB
[02:49:35] [67/459] SCHC
[02:49:36] [68/459] MRRG
[02:49:37] [69/459] SPCB
[02:49:38] [70/459] AMCM
[02:49:39] [71/459] IVNM
[02:49:39] [72/459] TRHY
[02:49:40] [73/459] PTTH
[02:49:41] [74/459] RKMH
[02:49:42] [75/459] PRCS
[02:49:43] [76/459] VAJA
[02:49:44] [77/459] BJNG
[02:49:45] [78/459] SCVM
[02:49:46] [79/459] GNHB
[02:49:47] [80/459] TLUR
[02:49:48] [81/459] UKCC
[02:49:49] [82/459] SRKR
[02:49:50] [83/459] RMKN
[02:49:52] [84/459] SLRT
[02:49:53] [85/459] LKMT
[02:49:54] [86/459] SSRJ
[02:49:55] [87/459] SPHT
[02:49:56] [88/459] ANTT
[02:49:57] [89/459] SRCH
[02:49:58] [90/459] SRCA
[02:49:58] [91/459] ARTH
[02:49:59] [92/459] MCBH
[02:50:00] [93/459] SNIB
[02:50:01] [94/459] SART
[02:50:02] [95/459] SKTA
[02:50:03] [96/459] YAKT
[02:50:04] [97/459] MLCK
[02:50:05] [98/459] ANTS
[02:50:06] [99/459] DGCA
[02:50:07] [100/459] SGMP
[02:50:07] [101/459] ASWN
[02:50:08] [102/459] KFVU
[02:50:09] [103/459] POOR
[02:50:10] [104/459] GKDN
[02:50:11] [105/459] EOSE
[02:50:12] [106/459] GTTT
[02:50:13] [107/459] ARRO
[02:50:14] [108/459] CMMK
[02:50:15] [109/459] MSCN
[02:50:15] [110/459] GDKH
[02:50:16] [111/459] DLMT
[02:50:17] [112/459] PVMF
[02:50:18] [113/459] CPCK
[02:50:19] [114/459] VMHE
[02:50:20] [115/459] PVLC
[02:50:21] [116/459] PCVB
[02:50:22] [117/459] SNYK
[02:50:22] [118/459] KTEK
[02:50:23] [119/459] PCNM
[02:50:24] [120/459] NTTR
[02:50:25] [121/459] CPSK
[02:50:26] [122/459] JMMA
[02:50:27] [123/459] GCFK
[02:50:27] [124/459] MYCA
[02:50:29] [125/459] KSNP
[02:50:30] [126/459] PMCE
[02:50:30] [127/459] SCKI
[02:50:31] [128/459] FSMA
[02:50:32] [129/459] CETA
[02:50:34] [130/459] MCIK
[02:50:34] [131/459] MYCR
[02:50:35] [132/459] EVMP
[02:50:36] [133/459] SSGT
[02:50:37] [134/459] KCTK
[02:50:38] [135/459] ZTKC
[02:50:38] [136/459] MMTA
[02:50:39] [137/459] MAJT
[02:50:40] [138/459] ACPK
[02:50:41] [139/459] JMAX
[02:50:42] [140/459] SETK
[02:50:43] [141/459] CAIS
[02:50:43] [142/459] AGCD
[02:50:45] [143/459] URCL
[02:50:46] [144/459] VTDS
[02:50:47] [145/459] JCNM
[02:50:47] [146/459] KCAM
[02:50:49] [147/459] ADCU
[02:50:50] [148/459] GXYN
[02:50:50] [149/459] SMJG
[02:50:52] [150/459] EYCJ
[02:50:53] [151/459] CCEJ
[02:50:54] [152/459] MARS
[02:50:55] [153/459] CPVJ
[02:50:55] [154/459] INVP
[02:50:56] [155/459] CPOV
[02:50:57] [156/459] VIJK
[02:50:58] [157/459] LAIM
[02:50:59] [158/459] STHV
[02:51:00] [159/459] SVLJ
[02:51:00] [160/459] ATVJ
[02:51:01] [161/459] JTSC
[02:51:02] [162/459] RMTV
[02:51:03] [163/459] MGGG
[02:51:03] [164/459] SWTH
[02:51:04] [165/459] INVJ
[02:51:05] [166/459] PRSV
[02:51:06] [167/459] JATV
[02:51:07] [168/459] RCVD
[02:51:08] [169/459] BDMA
[02:51:08] [170/459] BLJI
[02:51:10] [171/459] SWOT
[02:51:11] [172/459] SWRN
[02:51:11] [173/459] TVRA
[02:51:12] [174/459] VCSV
[02:51:13] [175/459] NVRN
[02:51:14] [176/459] SIKC
[02:51:15] [177/459] VAKR
[02:51:16] [178/459] SYLN
[02:51:17] [179/459] KLJL
[02:51:18] [180/459] LKMY
[02:51:18] [181/459] VSLY
[02:51:19] [182/459] CIKO
[02:51:20] [183/459] GPBG
[02:51:21] [184/459] CECM
[02:51:22] [185/459] SLKB
[02:51:22] [186/459] MTBO
[02:51:23] [187/459] SSHB
[02:51:24] [188/459] VPCS
[02:51:25] [189/459] RCSR
[02:51:26] [190/459] RJRM
[02:51:27] [191/459] KPPB
[02:51:28] [192/459] SEDC
[02:51:28] [193/459] SCAI
[02:51:29] [194/459] RMTR
[02:51:30] [195/459] ASST
[02:51:31] [196/459] GCAK
[02:51:32] [197/459] ANNK
[02:51:33] [198/459] KDDF
[02:51:34] [199/459] NRDP
[02:51:34] [200/459] PLAK
[02:51:35] [201/459] GCMC
[02:51:36] [202/459] ALPY
[02:51:37] [203/459] SICE
[02:51:38] [204/459] SISR
[02:51:39] [205/459] SRPZ
[02:51:40] [206/459] SRSW
[02:51:41] [207/459] SUYA
[02:51:42] [208/459] AMMT
[02:51:43] [209/459] BHCU
[02:51:43] [210/459] KLPA
[02:51:44] [211/459] NVKH
[02:51:45] [212/459] JMRC
[02:51:46] [213/459] KTTT
[02:51:48] [214/459] MAGH
[02:51:49] [215/459] MMMX
[02:51:50] [216/459] SALJ
[02:51:51] [217/459] GTJA
[02:51:52] [218/459] MAHT
[02:51:53] [219/459] SSNN
[02:51:54] [220/459] ARRP
[02:51:54] [221/459] ATNS
[02:51:55] [222/459] SKDT
[02:51:57] [223/459] ACAT
[02:51:58] [224/459] APRC
[02:51:58] [225/459] SWAG
[02:51:59] [226/459] SDPT
[02:52:00] [227/459] STPS
[02:52:01] [228/459] WWCZ
[02:52:02] [229/459] LLCH
[02:52:03] [230/459] MZHA
[02:52:04] [231/459] CRJG
[02:52:04] [232/459] JGTK
[02:52:05] [233/459] KCSR
[02:52:06] [234/459] CHTL
[02:52:07] [235/459] EDSR
[02:52:08] [236/459] CSWO
[02:52:09] [237/459] CPVM
[02:52:10] [238/459] MXBY
[02:52:11] [239/459] FMMA
[02:52:12] [240/459] POVI
[02:52:12] [241/459] MTHB
[02:52:13] [242/459] INRC
[02:52:14] [243/459] PIPP
[02:52:15] [244/459] BMXC
[02:52:17] [245/459] PCMM
[02:52:18] [246/459] PMKM
[02:52:19] [247/459] GATY
[02:52:19] [248/459] IMCM
[02:52:20] [249/459] POPE
[02:52:21] [250/459] MTCR
[02:52:22] [251/459] PVAE
[02:52:23] [252/459] PVMI
[02:52:24] [253/459] CPNM
[02:52:26] [254/459] FMRL
[02:52:26] [255/459] MCIW
[02:52:27] [256/459] MXBO
[02:52:28] [257/459] FMKY
[02:52:29] [258/459] FMDA
[02:52:30] [259/459] THAB
[02:52:30] [260/459] PRCW
[02:52:31] [261/459] PITI
[02:52:32] [262/459] MCFF
[02:52:33] [263/459] PDDV
[02:52:34] [264/459] MCRM
[02:52:35] [265/459] KKMB
[02:52:35] [266/459] INKO
[02:52:36] [267/459] PLXP
[02:52:37] [268/459] MMHA
[02:52:38] [269/459] FMVS
[02:52:39] [270/459] POLM
[02:52:40] [271/459] STER
[02:52:40] [272/459] PVWJ
[02:52:41] [273/459] IMJW
[02:52:42] [274/459] FNAN
[02:52:43] [275/459] CAGL
[02:52:44] [276/459] IPBG
[02:52:45] [277/459] SMFV
[02:52:46] [278/459] MMMR
[02:52:47] [279/459] MMWM
[02:52:48] [280/459] FNCM
[02:52:49] [281/459] MDVA
[02:52:49] [282/459] MMET
[02:52:50] [283/459] MIDO
[02:52:51] [284/459] INNP
[02:52:52] [285/459] MIFU
[02:52:53] [286/459] MMSZ
[02:52:54] [287/459] BMXA
[02:52:55] [288/459] MCAA
[02:52:55] [289/459] SCVP
[02:52:56] [290/459] PLUS
[02:52:57] [291/459] MUCK
[02:52:59] [292/459] MTMA
[02:53:00] [293/459] HPVR
[02:53:00] [294/459] PMPK
[02:53:01] [295/459] MAJB
[02:53:02] [296/459] CTRR
[02:53:03] [297/459] MCTG
[02:53:05] [298/459] MACE
[02:53:05] [299/459] AAAS
[02:53:06] [300/459] CPVV
[02:53:07] [301/459] RCHG
[02:53:08] [302/459] MCNE
[02:53:09] [303/459] EMNC
[02:53:10] [304/459] MCAN
[02:53:11] [305/459] TCDM
[02:53:12] [306/459] IRGT
[02:53:13] [307/459] GCMG
[02:53:14] [308/459] MXSN
[02:53:14] [309/459] MXCK
[02:53:15] [310/459] MCRC
[02:53:16] [311/459] RSMI
[02:53:17] [312/459] WAML
[02:53:18] [313/459] MTSC
[02:53:19] [314/459] FMDR
[02:53:19] [315/459] LEPV
[02:53:20] [316/459] MTGD
[02:53:21] [317/459] IMOB
[02:53:22] [318/459] CLMM
[02:53:23] [319/459] PZCD
[02:53:24] [320/459] GOCS
[02:53:24] [321/459] KCMA
[02:53:25] [322/459] CCMP
[02:53:26] [323/459] MTSU
[02:53:27] [324/459] SNGL
[02:53:28] [325/459] MMMC
[02:53:28] [326/459] MMAA
[02:53:29] [327/459] GCDM
[02:53:31] [328/459] KTMV
[02:53:31] [329/459] AETE
[02:53:32] [330/459] OMCS
[02:53:33] [331/459] GDCD
[02:53:34] [332/459] NYMD
[02:53:35] [333/459] RNCV
[02:53:35] [334/459] KKMT
[02:53:37] [335/459] GDTH
[02:53:38] [336/459] KMMV
[02:53:39] [337/459] NHCG
[02:53:40] [338/459] PJDW
[02:53:40] [339/459] MMCV
[02:53:41] [340/459] FQSA
[02:53:42] [341/459] KURL
[02:53:43] [342/459] NNNX
[02:53:44] [343/459] AMAU
[02:53:45] [344/459] VVVM
[02:53:46] [345/459] VECU
[02:53:46] [346/459] WCVR
[02:53:47] [347/459] MTGG
[02:53:48] [348/459] SGTG
[02:53:49] [349/459] MNTG
[02:53:50] [350/459] JDDG
[02:53:50] [351/459] MBTK
[02:53:51] [352/459] SGCD
[02:53:52] [353/459] MCTC
[02:53:53] [354/459] JTPC
[02:53:54] [355/459] SDKT
[02:53:55] [356/459] KRCC
[02:53:56] [357/459] RMMD
[02:53:57] [358/459] AAME
[02:53:58] [359/459] TMWC
[02:53:59] [360/459] NRWY
[02:54:00] [361/459] CITD
[02:54:00] [362/459] VERD
[02:54:01] [363/459] MKSK
[02:54:02] [364/459] STSM
[02:54:03] [365/459] MJDG
[02:54:04] [366/459] RKPM
[02:54:05] [367/459] SSCE
[02:54:06] [368/459] VMAE
[02:54:07] [369/459] SBRU
[02:54:08] [370/459] AMBC
[02:54:09] [371/459] AMLU
[02:54:10] [372/459] INVZ
[02:54:11] [373/459] LGTV
[02:54:12] [374/459] SVAD
[02:54:13] [375/459] SMSA
[02:54:13] [376/459] SPCZ
[02:54:15] [377/459] GTCX
[02:54:16] [378/459] SCSL
[02:54:17] [379/459] SAHU
[02:54:18] [380/459] NCDA
[02:54:18] [381/459] SCCG
[02:54:19] [382/459] VKTL
[02:54:20] [383/459] PUUJ
[02:54:21] [384/459] STEJ
[02:54:22] [385/459] RJAL
[02:54:23] [386/459] ACJC
[02:54:24] [387/459] VTHC
[02:54:25] [388/459] ARVB
[02:54:26] [389/459] AUBB
[02:54:26] [390/459] GDBR
[02:54:27] [391/459] PVND
[02:54:28] [392/459] BGRJ
[02:54:29] [393/459] RJMM
[02:54:30] [394/459] MCSA
[02:54:31] [395/459] BODA
[02:54:32] [396/459] JAGG
[02:54:32] [397/459] SCGA
[02:54:33] [398/459] LRCM
[02:54:34] [399/459] CPCN
[02:54:35] [400/459] SSTF
[02:54:35] [401/459] SRXP
[02:54:36] [402/459] CNFX
[02:54:37] [403/459] ANDI
[02:54:38] [404/459] SYEW
[02:54:39] [405/459] RCRE
[02:54:40] [406/459] SCRW
[02:54:40] [407/459] MBKR
[02:54:42] [408/459] ASNT
[02:54:43] [409/459] JTMT
[02:54:43] [410/459] SHAY
[02:54:44] [411/459] VRTH
[02:54:45] [412/459] SPTI
[02:54:46] [413/459] DPTD
[02:54:47] [414/459] TGSN
[02:54:48] [415/459] RCWV
[02:54:49] [416/459] OCUR
[02:54:50] [417/459] KSTC
[02:54:51] [418/459] SANI
[02:54:52] [419/459] MLCA
[02:54:53] [420/459] EGCA
[02:54:54] [421/459] SYSN
[02:54:54] [422/459] PKTA
[02:54:55] [423/459] PRCC
[02:54:57] [424/459] KSTR
[02:54:58] [425/459] SNTP
[02:54:59] [426/459] RCHA
[02:55:00] [427/459] SEEA
[02:55:00] [428/459] ALAT
[02:55:02] [429/459] AATV
[02:55:03] [430/459] RJTE
[02:55:04] [431/459] AAPP
[02:55:05] [432/459] PMMH
[02:55:06] [433/459] INRJ
[02:55:07] [434/459] SARB
[02:55:08] [435/459] PCJL
[02:55:09] [436/459] PFJJ
[02:55:09] [437/459] GRDC
[02:55:10] [438/459] BCBA
[02:55:12] [439/459] VIXL
[02:55:12] [440/459] CSTL
[02:55:13] [441/459] MTDK
[02:55:14] [442/459] TDAC
[02:55:15] [443/459] GTDN
[02:55:16] [444/459] TTDE
[02:55:17] [445/459] ASTS
[02:55:18] [446/459] CPNS
[02:55:18] [447/459] PVVW
[02:55:19] [448/459] USEB
[02:55:20] [449/459] DTYN
[02:55:21] [450/459] PVLE
[02:55:22] [451/459] CIPS
[02:55:22] [452/459] PAEG
[02:55:23] [453/459] PTCW
[02:55:24] [454/459] G3SR
[02:55:25] [455/459] PGND
[02:55:26] [456/459] INVM
[02:55:27] [457/459] SPIA
[02:55:28] [458/459] PCSN
[02:55:30] [459/459] PPGV
[02:55:31] ✅ DONE | Shows=3 | Movies=3
