[09:58:47] 🚀 SCRIPT STARTED
[09:58:47] [1/459] NECA
[09:58:47] 🧠 New identity created
[09:58:48] [2/459] BJLC
[09:58:49] [3/459] BASU
[09:58:51] [4/459] RUPI
[09:58:52] [5/459] LCBK
[09:58:53] [6/459] PMAC
[09:58:54] [7/459] AMLC
[09:58:55] [8/459] LICL
[09:58:56] [9/459] UDMM
[09:58:57] [10/459] STBZ
[09:58:58] [11/459] UUBT
[09:58:59] [12/459] SJKC
[09:59:00] [13/459] TUAL
[09:59:01] [14/459] MRSE
[09:59:02] [15/459] RMRK
[09:59:03] [16/459] TTKP
[09:59:04] [17/459] KTKO
[09:59:05] [18/459] SDBK
[09:59:06] [19/459] MCPR
[09:59:06] [20/459] CHTI
[09:59:07] [21/459] GCCP
[09:59:08] [22/459] SRMY
[09:59:09] [23/459] NYST
[09:59:10] [24/459] NYAG
[09:59:11] [25/459] SBMT
[09:59:12] [26/459] INGA
[09:59:13] [27/459] WSIC
[09:59:14] [28/459] SCSS
[09:59:15] [29/459] COPG
[09:59:16] [30/459] RCGR
[09:59:17] [31/459] TCZA
[09:59:18] [32/459] CNLP
[09:59:19] [33/459] CLKN
[09:59:20] [34/459] LHDF
[09:59:21] [35/459] ELKC
[09:59:22] [36/459] VCEM
[09:59:23] [37/459] SSZA
[09:59:24] [38/459] KRMT
[09:59:25] [39/459] LCMV
[09:59:26] [40/459] AYCZ
[09:59:26] [41/459] CUMS
[09:59:27] [42/459] BOCK
[09:59:28] [43/459] PNMR
[09:59:29] [44/459] PJCP
[09:59:30] [45/459] JDDD
[09:59:32] [46/459] STMS
[09:59:33] [47/459] FLMB
[09:59:33] [48/459] PKCM
[09:59:34] [49/459] SPPR
[09:59:35] [50/459] EYLH
[09:59:36] [51/459] RJCC
[09:59:37] [52/459] MMPS
[09:59:38] [53/459] SHMX
[09:59:39] [54/459] CCNL
[09:59:40] [55/459] RCNV
[09:59:41] [56/459] MAAG
[09:59:41] [57/459] LXCM
[09:59:42] [58/459] RCNI
[09:59:43] [59/459] SNNI
[09:59:45] [60/459] LALC
[09:59:46] [61/459] SOCN
[09:59:46] [62/459] JHTP
[09:59:48] [63/459] PITP
[09:59:48] [64/459] CCKW
[09:59:50] [65/459] MCMC
[09:59:51] [66/459] DEES
[09:59:53] [67/459] SABT
[09:59:54] [68/459] VSPP
[09:59:55] [69/459] ABCT
[09:59:56] [70/459] JVTB
[09:59:57] [71/459] VCBD
[09:59:58] [72/459] RMGG
[09:59:59] [73/459] RNMH
[10:00:00] [74/459] SPGL
[10:00:00] [75/459] JTTR
[10:00:02] [76/459] SICS
[10:00:03] [77/459] SRMI
[10:00:04] [78/459] SSIJ
[10:00:05] [79/459] KFMT
[10:00:06] [80/459] VBIT
[10:00:06] [81/459] JKCT
[10:00:07] [82/459] GCGP
[10:00:08] [83/459] GDCS
[10:00:08] [84/459] TRBA
[10:00:09] [85/459] QUST
[10:00:10] [86/459] VSHM
[10:00:11] [87/459] SDCP
[10:00:12] [88/459] SNVS
[10:00:12] [89/459] NYTO
[10:00:13] [90/459] URWC
[10:00:14] [91/459] GTWH
[10:00:15] [92/459] PFCM
[10:00:16] [93/459] KRTA
[10:00:16] [94/459] AXMC
[10:00:17] [95/459] EVMC
[10:00:18] [96/459] HGSM
[10:00:19] [97/459] ACVM
[10:00:20] [98/459] PSKL
[10:00:21] [99/459] RDMP
[10:00:21] [100/459] RHGH
[10:00:23] [101/459] OMCM
[10:00:23] [102/459] DCCP
[10:00:24] [103/459] MCPB
[10:00:25] [104/459] ALCI
[10:00:26] [105/459] BLMX
[10:00:27] [106/459] BTMV
[10:00:28] [107/459] FVPN
[10:00:28] [108/459] CMAR
[10:00:29] [109/459] CEIM
[10:00:30] [110/459] CMVA
[10:00:31] [111/459] CPIV
[10:00:32] [112/459] CNPE
[10:00:33] [113/459] COLV
[10:00:34] [114/459] DNNV
[10:00:35] [115/459] HCAD
[10:00:36] [116/459] TAKA
[10:00:37] [117/459] INVD
[10:00:38] [118/459] IRMM
[10:00:39] [119/459] INSE
[10:00:40] [120/459] MRSW
[10:00:41] [121/459] MCVD
[10:00:42] [122/459] MCSO
[10:00:43] [123/459] PEVM
[10:00:44] [124/459] PVNL
[10:00:45] [125/459] PTCV
[10:00:46] [126/459] PRTC
[10:00:47] [127/459] RCVA
[10:00:48] [128/459] MTBN
[10:00:49] [129/459] LUCP
[10:00:50] [130/459] FMPT
[10:00:51] [131/459] JLSL
[10:00:52] [132/459] SBHA
[10:00:53] [133/459] SHRC
[10:00:54] [134/459] AVPS
[10:00:55] [135/459] STPM
[10:00:56] [136/459] ATRD
[10:00:57] [137/459] VTED
[10:00:58] [138/459] ACAI
[10:00:58] [139/459] SMAE
[10:00:59] [140/459] VMAT
[10:01:00] [141/459] LKCT
[10:01:01] [142/459] JTVK
[10:01:02] [143/459] PRTY
[10:01:03] [144/459] GETT
[10:01:04] [145/459] ESAP
[10:01:05] [146/459] NCPM
[10:01:05] [147/459] PCPA
[10:01:06] [148/459] MMOM
[10:01:07] [149/459] PHUP
[10:01:08] [150/459] CCPI
[10:01:09] [151/459] CNTD
[10:01:09] [152/459] NLJR
[10:01:10] [153/459] SRNG
[10:01:11] [154/459] MHAL
[10:01:12] [155/459] PNSM
[10:01:13] [156/459] DRMY
[10:01:14] [157/459] CCMU
[10:01:15] [158/459] SCMY
[10:01:16] [159/459] PVSY
[10:01:17] [160/459] SDLM
[10:01:18] [161/459] ICCM
[10:01:19] [162/459] PYSU
[10:01:20] [163/459] GATM
[10:01:21] [164/459] WOTM
[10:01:21] [165/459] RKTS
[10:01:23] [166/459] PMTY
[10:01:24] [167/459] LYMS
[10:01:25] [168/459] TGCA
[10:01:26] [169/459] DSTA
[10:01:26] [170/459] CNGE
[10:01:27] [171/459] VSTG
[10:01:28] [172/459] GTCK
[10:01:29] [173/459] TGNT
[10:01:30] [174/459] ASLC
[10:01:31] [175/459] SSST
[10:01:32] [176/459] KBTT
[10:01:32] [177/459] HKCP
[10:01:33] [178/459] SWLC
[10:01:34] [179/459] RTND
[10:01:36] [180/459] PKKT
[10:01:36] [181/459] HSTK
[10:01:37] [182/459] SPTT
[10:01:38] [183/459] IMPM
[10:01:39] [184/459] SCMV
[10:01:40] [185/459] SPCT
[10:01:41] [186/459] JBCA
[10:01:42] [187/459] ATTR
[10:01:43] [188/459] SPMT
[10:01:44] [189/459] LCTM
[10:01:44] [190/459] SCVL
[10:01:45] [191/459] SCVT
[10:01:46] [192/459] KRIC
[10:01:47] [193/459] CTMG
[10:01:48] [194/459] ACNC
[10:01:48] [195/459] DMCK
[10:01:49] [196/459] KMTV
[10:01:50] [197/459] PFCJ
[10:01:51] [198/459] VNMD
[10:01:51] [199/459] VPCZ
[10:01:52] [200/459] SRYR
[10:01:53] [201/459] SYTR
[10:01:54] [202/459] GATR
[10:01:55] [203/459] URTR
[10:01:56] [204/459] MKSM
[10:01:57] [205/459] VSMH
[10:01:57] [206/459] SKRJ
[10:01:58] [207/459] SSJR
[10:01:59] [208/459] SVSM
[10:02:00] [209/459] RUCM
[10:02:01] [210/459] PRKN
[10:02:02] [211/459] RROH
[10:02:03] [212/459] SCTN
[10:02:04] [213/459] RTDM
[10:02:04] [214/459] ASRM
[10:02:05] [215/459] SKMD
[10:02:06] [216/459] SUTD
[10:02:07] [217/459] SADM
[10:02:08] [218/459] WCNR
[10:02:09] [219/459] CNED
[10:02:10] [220/459] MPDB
[10:02:11] [221/459] KTBH
[10:02:13] [222/459] IDRM
[10:02:13] [223/459] PJJT
[10:02:14] [224/459] PFCV
[10:02:16] [225/459] AACT
[10:02:16] [226/459] AAAD
[10:02:17] [227/459] ANES
[10:02:18] [228/459] MNCA
[10:02:19] [229/459] RMGU
[10:02:20] [230/459] DLCN
[10:02:21] [231/459] LJWT
[10:02:22] [232/459] MCBG
[10:02:22] [233/459] MYBG
[10:02:23] [234/459] GCCA
[10:02:24] [235/459] GCGA
[10:02:26] [236/459] ECGN
[10:02:27] [237/459] PRAB
[10:02:28] [238/459] PNMP
[10:02:29] [239/459] GCPT
[10:02:30] [240/459] ROYN
[10:02:31] [241/459] VATM
[10:02:32] [242/459] KSNT
[10:02:33] [243/459] ACTC
[10:02:33] [244/459] PLTD
[10:02:34] [245/459] SKMK
[10:02:35] [246/459] CMTT
[10:02:37] [247/459] SMXP
[10:02:37] [248/459] SCMX
[10:02:39] [249/459] ACXN
[10:02:40] [250/459] ASWT
[10:02:41] [251/459] VVVL
[10:02:42] [252/459] NAGO
[10:02:42] [253/459] SNCN
[10:02:43] [254/459] MCKP
[10:02:44] [255/459] SAMO
[10:02:45] [256/459] JBTV
[10:02:46] [257/459] DCVV
[10:02:46] [258/459] KMSV
[10:02:47] [259/459] KDCN
[10:02:48] [260/459] CNCP
[10:02:50] [261/459] HAMC
[10:02:51] [262/459] CCVZ
[10:02:51] [263/459] NCCK
[10:02:52] [264/459] MCHR
[10:02:53] [265/459] SCHT
[10:02:54] [266/459] ESSH
[10:02:55] [267/459] CUJC
[10:02:56] [268/459] PECP
[10:02:56] [269/459] PMMI
[10:02:57] [270/459] PCCH
[10:02:58] [271/459] PRPM
[10:02:59] [272/459] PVKL
[10:03:00] [273/459] CBSM
[10:03:01] [274/459] PVCZ
[10:03:02] [275/459] PCVV
[10:03:03] [276/459] CTMJ
[10:03:04] [277/459] RCPS
[10:03:04] [278/459] PCIT
[10:03:05] [279/459] FNCH
[10:03:06] [280/459] INZD
[10:03:07] [281/459] INPC
[10:03:08] [282/459] LCZP
[10:03:08] [283/459] SMCB
[10:03:09] [284/459] PTSB
[10:03:10] [285/459] TPSI
[10:03:11] [286/459] KHMJ
[10:03:12] [287/459] RCCJ
[10:03:13] [288/459] NCJA
[10:03:14] [289/459] NCJN
[10:03:15] [290/459] BTDP
[10:03:16] [291/459] PADY
[10:03:17] [292/459] NYBH
[10:03:17] [293/459] MTBR
[10:03:19] [294/459] KRBC
[10:03:20] [295/459] DKTI
[10:03:21] [296/459] ANAN
[10:03:22] [297/459] INBP
[10:03:22] [298/459] PATB
[10:03:23] [299/459] RGNT
[10:03:24] [300/459] CGPM
[10:03:25] [301/459] INTN
[10:03:26] [302/459] MCMP
[10:03:27] [303/459] ASRG
[10:03:28] [304/459] CXJD
[10:03:29] [305/459] SPCP
[10:03:29] [306/459] CSTP
[10:03:30] [307/459] PKVC
[10:03:32] [308/459] ESCP
[10:03:33] [309/459] CAEP
[10:03:33] [310/459] CCSP
[10:03:35] [311/459] KTPC
[10:03:36] [312/459] DACA
[10:03:37] [313/459] NVKY
[10:03:38] [314/459] PTIN
[10:03:38] [315/459] SCIN
[10:03:39] [316/459] MCTY
[10:03:40] [317/459] PCMX
[10:03:41] [318/459] INIC
[10:03:42] [319/459] MMZM
[10:03:43] [320/459] SSLP
[10:03:44] [321/459] DTDT
[10:03:44] [322/459] FFCX
[10:03:45] [323/459] RCMM
[10:03:46] [324/459] KYID
[10:03:47] [325/459] CSCI
[10:03:48] [326/459] FCMC
[10:03:49] [327/459] MMXI
[10:03:50] [328/459] ASTC
[10:03:51] [329/459] CMRA
[10:03:52] [330/459] DICI
[10:03:53] [331/459] KDIN
[10:03:53] [332/459] PRFI
[10:03:54] [333/459] SVFC
[10:03:55] [334/459] UCPL
[10:03:57] [335/459] COOC
[10:03:58] [336/459] SCAL
[10:03:58] [337/459] SVFF
[10:03:59] [338/459] VCMG
[10:04:00] [339/459] UUCT
[10:04:01] [340/459] GCSE
[10:04:02] [341/459] SUSC
[10:04:03] [342/459] MISC
[10:04:04] [343/459] RMBL
[10:04:05] [344/459] CMXN
[10:04:06] [345/459] PVBK
[10:04:07] [346/459] HHCG
[10:04:08] [347/459] SCAG
[10:04:09] [348/459] CNPR
[10:04:10] [349/459] CSER
[10:04:11] [350/459] HLWD
[10:04:12] [351/459] BOLY
[10:04:13] [352/459] SSPG
[10:04:13] [353/459] MUPX
[10:04:14] [354/459] HAMR
[10:04:15] [355/459] SDNC
[10:04:16] [356/459] RTEN
[10:04:17] [357/459] SDTD
[10:04:18] [358/459] KAWS
[10:04:19] [359/459] CMZX
[10:04:20] [360/459] DCDD
[10:04:21] [361/459] ALSN
[10:04:22] [362/459] IMXS
[10:04:22] [363/459] PVFF
[10:04:23] [364/459] PVOO
[10:04:24] [365/459] CFBS
[10:04:25] [366/459] PVER
[10:04:26] [367/459] PPNX
[10:04:27] [368/459] CNRM
[10:04:28] [369/459] PVWW
[10:04:29] [370/459] INMB
[10:04:29] [371/459] CPJR
[10:04:30] [372/459] INRZ
[10:04:31] [373/459] PMSR
[10:04:32] [374/459] GPGM
[10:04:33] [375/459] PGWB
[10:04:34] [376/459] PMBR
[10:04:35] [377/459] GPAM
[10:04:36] [378/459] INBC
[10:04:37] [379/459] PZVK
[10:04:38] [380/459] CPEB
[10:04:39] [381/459] FMLB
[10:04:40] [382/459] INBG
[10:04:41] [383/459] GPBR
[10:04:42] [384/459] PAAS
[10:04:43] [385/459] VTBR
[10:04:44] [386/459] GPMY
[10:04:46] [387/459] GYBU
[10:04:47] [388/459] INBJ
[10:04:47] [389/459] LKTH
[10:04:48] [390/459] NSBR
[10:04:49] [391/459] PDRD
[10:04:50] [392/459] VRBL
[10:04:51] [393/459] VTGB
[10:04:52] [394/459] VTSK
[10:04:53] [395/459] BKDV
[10:04:53] [396/459] SVTB
[10:04:55] [397/459] MLDT
[10:04:56] [398/459] NRBL
[10:04:58] [399/459] SLTR
[10:04:59] [400/459] VNKA
[10:04:59] [401/459] TDCA
[10:05:00] [402/459] INBM
[10:05:01] [403/459] SSNR
[10:05:02] [404/459] BHAC
[10:05:03] [405/459] SDSD
[10:05:04] [406/459] SAMP
[10:05:05] [407/459] RATK
[10:05:05] [408/459] KCBI
[10:05:06] [409/459] URBL
[10:05:07] [410/459] MKBG
[10:05:08] [411/459] ASTB
[10:05:09] [412/459] VBWT
[10:05:10] [413/459] GPSM
[10:05:11] [414/459] ROON
[10:05:12] [415/459] CHTH
[10:05:13] [416/459] SSPA
[10:05:13] [417/459] ANBL
[10:05:14] [418/459] VTBE
[10:05:16] [419/459] SVKT
[10:05:16] [420/459] SVYK
[10:05:17] [421/459] PTBK
[10:05:18] [422/459] RKTB
[10:05:19] [423/459] BALT
[10:05:20] [424/459] STSV
[10:05:22] [425/459] VCCB
[10:05:22] [426/459] SLTB
[10:05:23] [427/459] SBCR
[10:05:24] [428/459] VDCS
[10:05:25] [429/459] MDKI
[10:05:26] [430/459] SMRN
[10:05:27] [431/459] PTBC
[10:05:28] [432/459] RADI
[10:05:29] [433/459] ADCR
[10:05:30] [434/459] SDCS
[10:05:31] [435/459] SRPJ
[10:05:32] [436/459] ARTS
[10:05:32] [437/459] SRHK
[10:05:33] [438/459] SPAY
[10:05:34] [439/459] GPTB
[10:05:35] [440/459] SNNN
[10:05:36] [441/459] BALJ
[10:05:37] [442/459] TRIG
[10:05:38] [443/459] GTYT
[10:05:39] [444/459] ATGN
[10:05:40] [445/459] ANTE
[10:05:41] [446/459] BDCG
[10:05:41] [447/459] VECI
[10:05:42] [448/459] SCPR
[10:05:43] [449/459] RTEA
[10:05:44] [450/459] JSAI
[10:05:45] [451/459] VJTP
[10:05:46] [452/459] GNDS
[10:05:47] [453/459] PAXA
[10:05:48] [454/459] CGGM
[10:05:48] [455/459] ACKZ
[10:05:49] [456/459] EMCC
[10:05:50] [457/459] KLSK
[10:05:51] [458/459] AVCK
[10:05:52] [459/459] JTCK
[10:05:52] 🧹 Deduping shows
[10:05:52] ✅ DONE | Shows=317 | Movies=22
