[09:58:44] 🚀 SCRIPT STARTED
[09:58:44] [1/459] MBDC
[09:58:44] 🧠 New identity created
[09:58:45] [2/459] CHKM
[09:58:47] [3/459] JTKZ
[09:58:47] [4/459] CMCT
[09:58:48] [5/459] ASHO
[09:58:49] [6/459] ECDG
[09:58:50] [7/459] SPAT
[09:58:51] [8/459] HILC
[09:58:52] [9/459] SPPH
[09:58:52] [10/459] SBHN
[09:58:53] [11/459] RRCA
[09:58:54] [12/459] APAA
[09:58:55] [13/459] RAME
[09:58:56] [14/459] TMMS
[09:58:57] [15/459] BATK
[09:58:58] [16/459] LKOP
[09:58:58] [17/459] AMTT
[09:58:59] [18/459] PTGK
[09:59:00] [19/459] ANRS
[09:59:01] [20/459] VWBW
[09:59:02] [21/459] SVFG
[09:59:03] [22/459] STAT
[09:59:03] [23/459] GDCV
[09:59:04] [24/459] VEBI
[09:59:05] [25/459] VDSS
[09:59:06] [26/459] NTHV
[09:59:07] [27/459] AOCH
[09:59:08] [28/459] KASR
[09:59:08] [29/459] AYCS
[09:59:09] [30/459] SHAI
[09:59:10] [31/459] SKPE
[09:59:11] [32/459] SBTA
[09:59:12] [33/459] RTTD
[09:59:12] [34/459] CCJD
[09:59:13] [35/459] RSJJ
[09:59:14] [36/459] RKND
[09:59:15] [37/459] SVTX
[09:59:16] [38/459] BAKM
[09:59:17] [39/459] SVDC
[09:59:18] [40/459] MNCV
[09:59:18] [41/459] SJGC
[09:59:19] [42/459] MTPK
[09:59:20] [43/459] GATP
[09:59:21] [44/459] ABTS
[09:59:22] [45/459] ABDE
[09:59:23] [46/459] RCNM
[09:59:24] [47/459] KTHV
[09:59:24] [48/459] MDGJ
[09:59:25] [49/459] SMLM
[09:59:26] [50/459] JTMA
[09:59:27] [51/459] ACKP
[09:59:28] [52/459] SRTA
[09:59:29] [53/459] STAY
[09:59:29] [54/459] MAVO
[09:59:30] [55/459] APTS
[09:59:31] [56/459] OMEA
[09:59:32] [57/459] TTFD
[09:59:33] [58/459] MJCU
[09:59:33] [59/459] CXTE
[09:59:34] [60/459] CTPX
[09:59:35] [61/459] ASSL
[09:59:36] [62/459] CMVB
[09:59:37] [63/459] VPUR
[09:59:38] [64/459] JJDA
[09:59:39] [65/459] INBL
[09:59:40] [66/459] BIKB
[09:59:41] [67/459] NTBB
[09:59:42] [68/459] GLOB
[09:59:43] [69/459] SNTB
[09:59:44] [70/459] CHGV
[09:59:45] [71/459] SSBZ
[09:59:45] [72/459] PRDB
[09:59:46] [73/459] ISMT
[09:59:47] [74/459] MCSD
[09:59:48] [75/459] JBTT
[09:59:49] [76/459] GEKR
[09:59:50] [77/459] PVUN
[09:59:50] [78/459] NRTB
[09:59:51] [79/459] PRAA
[09:59:52] [80/459] PCBL
[09:59:54] [81/459] PTCM
[09:59:54] [82/459] KHNN
[09:59:55] [83/459] OMJE
[09:59:56] [84/459] STGN
[09:59:57] [85/459] RPMS
[09:59:57] [86/459] NWAD
[09:59:58] [87/459] BLCK
[09:59:59] [88/459] SVAA
[10:00:00] [89/459] URVM
[10:00:01] [90/459] ANTM
[10:00:02] [91/459] VJYM
[10:00:03] [92/459] MAZZ
[10:00:04] [93/459] CSHM
[10:00:04] [94/459] WGMH
[10:00:05] [95/459] SALN
[10:00:06] [96/459] BRTP
[10:00:08] [97/459] SVTA
[10:00:09] [98/459] SBTP
[10:00:10] [99/459] VLSS
[10:00:11] [100/459] SRJA
[10:00:12] [101/459] ANCG
[10:00:13] [102/459] CGGC
[10:00:15] [103/459] CRJA
[10:00:15] [104/459] USCR
[10:00:16] [105/459] MMEF
[10:00:17] [106/459] JCRJ
[10:00:18] [107/459] ADCM
[10:00:19] [108/459] BMYK
[10:00:19] [109/459] KICS
[10:00:20] [110/459] MBBT
[10:00:21] [111/459] MACK
[10:00:21] [112/459] CLDR
[10:00:22] [113/459] JYCR
[10:00:23] [114/459] DCRP
[10:00:24] [115/459] RAHT
[10:00:25] [116/459] CSSM
[10:00:25] [117/459] ATPK
[10:00:26] [118/459] KLRT
[10:00:27] [119/459] SRDD
[10:00:28] [120/459] CKMC
[10:00:29] [121/459] KRVM
[10:00:30] [122/459] AKCP
[10:00:31] [123/459] CNCV
[10:00:31] [124/459] PACT
[10:00:32] [125/459] NATP
[10:00:33] [126/459] PCPK
[10:00:34] [127/459] SMHO
[10:00:35] [128/459] CWTK
[10:00:35] [129/459] RVKZ
[10:00:36] [130/459] ASPD
[10:00:38] [131/459] VTKZ
[10:00:38] [132/459] LCSO
[10:00:39] [133/459] PRDY
[10:00:41] [134/459] RCAP
[10:00:42] [135/459] RGAR
[10:00:42] [136/459] RCAC
[10:00:43] [137/459] PMOD
[10:00:44] [138/459] PVCN
[10:00:45] [139/459] SCRZ
[10:00:46] [140/459] PVPC
[10:00:47] [141/459] STID
[10:00:48] [142/459] NEDD
[10:00:49] [143/459] BNBA
[10:00:50] [144/459] NTCD
[10:00:51] [145/459] OCDE
[10:00:52] [146/459] CCDU
[10:00:52] [147/459] CRXH
[10:00:53] [148/459] VLVT
[10:00:54] [149/459] CICI
[10:00:55] [150/459] SUCB
[10:00:56] [151/459] TCBP
[10:00:57] [152/459] SCCY
[10:00:58] [153/459] LXCY
[10:00:58] [154/459] NCMD
[10:00:59] [155/459] PHCS
[10:01:00] [156/459] DUXR
[10:01:01] [157/459] VNKS
[10:01:02] [158/459] SEDP
[10:01:02] [159/459] SVEN
[10:01:03] [160/459] SRKM
[10:01:04] [161/459] JTLT
[10:01:05] [162/459] SVSS
[10:01:06] [163/459] AMDE
[10:01:06] [164/459] WVRN
[10:01:07] [165/459] ISMG
[10:01:08] [166/459] WVKS
[10:01:08] [167/459] USCG
[10:01:09] [168/459] IOTG
[10:01:10] [169/459] RRJM
[10:01:11] [170/459] EDMP
[10:01:12] [171/459] SCGZ
[10:01:13] [172/459] GMGX
[10:01:14] [173/459] OMTP
[10:01:15] [174/459] MITD
[10:01:16] [175/459] SMMD
[10:01:17] [176/459] STML
[10:01:17] [177/459] MCFS
[10:01:18] [178/459] FPKA
[10:01:19] [179/459] OMLR
[10:01:20] [180/459] KKSC
[10:01:21] [181/459] RVMA
[10:01:22] [182/459] SCLL
[10:01:22] [183/459] SCDK
[10:01:23] [184/459] SXMI
[10:01:24] [185/459] SHDN
[10:01:25] [186/459] PAAD
[10:01:26] [187/459] UUCB
[10:01:26] [188/459] JHOL
[10:01:27] [189/459] SGWT
[10:01:28] [190/459] SRII
[10:01:28] [191/459] SGCK
[10:01:29] [192/459] SVVB
[10:01:30] [193/459] DMHA
[10:01:31] [194/459] PPNL
[10:01:31] [195/459] CPNL
[10:01:32] [196/459] WVLD
[10:01:33] [197/459] PSLV
[10:01:34] [198/459] VTTL
[10:01:34] [199/459] NPAD
[10:01:35] [200/459] PVCS
[10:01:36] [201/459] MCHL
[10:01:37] [202/459] PPLL
[10:01:38] [203/459] MALO
[10:01:38] [204/459] SWBH
[10:01:39] [205/459] PUGB
[10:01:40] [206/459] INBB
[10:01:41] [207/459] INNS
[10:01:42] [208/459] MCPT
[10:01:43] [209/459] SCMI
[10:01:44] [210/459] OCON
[10:01:45] [211/459] SCSM
[10:01:46] [212/459] RJVN
[10:01:47] [213/459] AMDK
[10:01:47] [214/459] ISMR
[10:01:48] [215/459] SMTD
[10:01:50] [216/459] VTDD
[10:01:50] [217/459] PDDZ
[10:01:52] [218/459] PCCK
[10:01:53] [219/459] INAM
[10:01:54] [220/459] FNKT
[10:01:54] [221/459] GDKA
[10:01:55] [222/459] MAYU
[10:01:57] [223/459] TCGU
[10:01:58] [224/459] KDCA
[10:01:59] [225/459] DOMY
[10:01:59] [226/459] PDDD
[10:02:00] [227/459] BJTS
[10:02:01] [228/459] VTCA
[10:02:02] [229/459] SBTM
[10:02:02] [230/459] SEET
[10:02:03] [231/459] SSTJ
[10:02:04] [232/459] SVNT
[10:02:05] [233/459] PPPR
[10:02:06] [234/459] PVYS
[10:02:07] [235/459] IOSE
[10:02:07] [236/459] ACTV
[10:02:08] [237/459] APVE
[10:02:09] [238/459] TCCL
[10:02:10] [239/459] SCMO
[10:02:11] [240/459] SAUM
[10:02:12] [241/459] KCJS
[10:02:16] [242/459] NJCJ
[10:02:17] [243/459] NECF
[10:02:18] [244/459] CCGW
[10:02:19] [245/459] CCMG
[10:02:20] [246/459] NYRG
[10:02:21] [247/459] NCSQ
[10:02:22] [248/459] GRCG
[10:02:23] [249/459] CCBT
[10:02:24] [250/459] ACGA
[10:02:26] [251/459] INAG
[10:02:26] [252/459] FUCG
[10:02:27] [253/459] AICF
[10:02:28] [254/459] GRGA
[10:02:28] [255/459] GDCN
[10:02:29] [256/459] RRCG
[10:02:30] [257/459] SDCH
[10:02:31] [258/459] WVJM
[10:02:32] [259/459] JCCZ
[10:02:33] [260/459] CNCL
[10:02:34] [261/459] TMLV
[10:02:35] [262/459] MEMB
[10:02:35] [263/459] SGTD
[10:02:36] [264/459] CONX
[10:02:38] [265/459] CCMH
[10:02:39] [266/459] ACMC
[10:02:39] [267/459] DTPD
[10:02:40] [268/459] POJA
[10:02:41] [269/459] FNBH
[10:02:42] [270/459] CGCB
[10:02:42] [271/459] RACN
[10:02:43] [272/459] JTSM
[10:02:45] [273/459] SCDN
[10:02:46] [274/459] AACK
[10:02:46] [275/459] RMCE
[10:02:47] [276/459] BSGB
[10:02:48] [277/459] MRCB
[10:02:49] [278/459] SRVR
[10:02:50] [279/459] VTKK
[10:02:51] [280/459] AMST
[10:02:51] [281/459] APCY
[10:02:53] [282/459] LMHO
[10:02:54] [283/459] MTZH
[10:02:54] [284/459] AMZB
[10:02:55] [285/459] SUVT
[10:02:56] [286/459] RCIP
[10:02:57] [287/459] KESR
[10:02:58] [288/459] SNKC
[10:02:59] [289/459] SCED
[10:03:00] [290/459] DVCA
[10:03:00] [291/459] VCDT
[10:03:01] [292/459] RRDI
[10:03:02] [293/459] DFCH
[10:03:03] [294/459] INSC
[10:03:04] [295/459] RGTR
[10:03:04] [296/459] FMOT
[10:03:05] [297/459] SCPM
[10:03:06] [298/459] GCDT
[10:03:07] [299/459] BRKT
[10:03:08] [300/459] DEMP
[10:03:09] [301/459] SRLC
[10:03:10] [302/459] KSTT
[10:03:10] [303/459] SMMT
[10:03:11] [304/459] SILM
[10:03:12] [305/459] JCVM
[10:03:13] [306/459] KCSV
[10:03:13] [307/459] MHLK
[10:03:14] [308/459] SLVL
[10:03:15] [309/459] RJKP
[10:03:16] [310/459] BBPC
[10:03:17] [311/459] MXCB
[10:03:18] [312/459] TCPK
[10:03:19] [313/459] RTBR
[10:03:20] [314/459] GAUT
[10:03:20] [315/459] DVCF
[10:03:21] [316/459] JTSB
[10:03:23] [317/459] SBLS
[10:03:24] [318/459] UDAY
[10:03:24] [319/459] PTNP
[10:03:25] [320/459] DMKT
[10:03:26] [321/459] NTDT
[10:03:27] [322/459] SHDJ
[10:03:28] [323/459] OTNC
[10:03:29] [324/459] RNTW
[10:03:30] [325/459] GCMI
[10:03:31] [326/459] CRCM
[10:03:31] [327/459] NNCZ
[10:03:32] [328/459] OEMO
[10:03:33] [329/459] PVJM
[10:03:34] [330/459] CPJI
[10:03:35] [331/459] RMCJ
[10:03:36] [332/459] CNWJ
[10:03:37] [333/459] EPJM
[10:03:37] [334/459] FNJJ
[10:03:39] [335/459] GCMJ
[10:03:39] [336/459] INPS
[10:03:40] [337/459] BICJ
[10:03:41] [338/459] ISTJ
[10:03:43] [339/459] INJC
[10:03:44] [340/459] GLXJ
[10:03:44] [341/459] INEM
[10:03:45] [342/459] JTMN
[10:03:46] [343/459] FRCJ
[10:03:47] [344/459] DDJP
[10:03:47] [345/459] INJV
[10:03:48] [346/459] GOLC
[10:03:49] [347/459] KOCI
[10:03:50] [348/459] FSTD
[10:03:51] [349/459] PACJ
[10:03:52] [350/459] GMCN
[10:03:53] [351/459] MMDJ
[10:03:54] [352/459] GODH
[10:03:54] [353/459] SKYN
[10:03:55] [354/459] NCTH
[10:03:56] [355/459] SKVZ
[10:03:57] [356/459] SVML
[10:03:58] [357/459] ACVZ
[10:03:59] [358/459] SURA
[10:04:00] [359/459] RTRB
[10:04:01] [360/459] LLCT
[10:04:02] [361/459] ATTS
[10:04:02] [362/459] JYCM
[10:04:04] [363/459] CTKR
[10:04:05] [364/459] LCKR
[10:04:06] [365/459] NYCV
[10:04:07] [366/459] NYOH
[10:04:08] [367/459] NOVX
[10:04:09] [368/459] MRGK
[10:04:10] [369/459] MOON
[10:04:11] [370/459] SBUC
[10:04:12] [371/459] GSVA
[10:04:13] [372/459] VIAK
[10:04:14] [373/459] SMVZ
[10:04:14] [374/459] MATE
[10:04:15] [375/459] RDCN
[10:04:16] [376/459] ASBL
[10:04:17] [377/459] ASVS
[10:04:18] [378/459] ASSR
[10:04:18] [379/459] SSKN
[10:04:19] [380/459] DRPV
[10:04:20] [381/459] MRHT
[10:04:21] [382/459] BSCN
[10:04:22] [383/459] RKNX
[10:04:22] [384/459] MSMC
[10:04:24] [385/459] MSCJ
[10:04:24] [386/459] BTBJ
[10:04:25] [387/459] MJCC
[10:04:26] [388/459] IOMM
[10:04:27] [389/459] ADGR
[10:04:28] [390/459] MYCP
[10:04:29] [391/459] IGCM
[10:04:29] [392/459] PGRK
[10:04:30] [393/459] VPGO
[10:04:31] [394/459] KOMS
[10:04:32] [395/459] URGG
[10:04:33] [396/459] GOST
[10:04:33] [397/459] LACT
[10:04:34] [398/459] BWCM
[10:04:35] [399/459] NCCW
[10:04:35] [400/459] SKYC
[10:04:36] [401/459] CCPM
[10:04:37] [402/459] VCBT
[10:04:38] [403/459] SDKR
[10:04:38] [404/459] CTYB
[10:04:39] [405/459] SHCX
[10:04:40] [406/459] RCUN
[10:04:41] [407/459] CNRA
[10:04:42] [408/459] RFCA
[10:04:42] [409/459] RDCU
[10:04:43] [410/459] SARK
[10:04:44] [411/459] SPPP
[10:04:45] [412/459] ADMB
[10:04:46] [413/459] JYOE
[10:04:47] [414/459] SRMD
[10:04:47] [415/459] RJDH
[10:04:48] [416/459] SSTD
[10:04:49] [417/459] AACV
[10:04:50] [418/459] PPVD
[10:04:50] [419/459] STCP
[10:04:51] [420/459] ANJR
[10:04:52] [421/459] ANLS
[10:04:53] [422/459] BIJO
[10:04:54] [423/459] AVAB
[10:04:55] [424/459] SPMD
[10:04:56] [425/459] SVJL
[10:04:57] [426/459] SDDJ
[10:04:58] [427/459] SLTU
[10:04:58] [428/459] SAKA
[10:04:59] [429/459] PMAM
[10:05:00] [430/459] FNAM
[10:05:01] [431/459] ACAM
[10:05:01] [432/459] SCMM
[10:05:02] [433/459] PMAK
[10:05:04] [434/459] NYSA
[10:05:05] [435/459] FCPA
[10:05:06] [436/459] GDAN
[10:05:07] [437/459] RSCA
[10:05:07] [438/459] DMAN
[10:05:09] [439/459] DZCM
[10:05:10] [440/459] NSGL
[10:05:11] [441/459] CCPP
[10:05:12] [442/459] PSMG
[10:05:13] [443/459] GSER
[10:05:13] [444/459] FCCT
[10:05:14] [445/459] FCTB
[10:05:15] [446/459] LCNK
[10:05:16] [447/459] SKTY
[10:05:16] [448/459] INAA
[10:05:17] [449/459] RCWN
[10:05:18] [450/459] VAIS
[10:05:19] [451/459] CVMN
[10:05:20] [452/459] INTS
[10:05:21] [453/459] FRGS
[10:05:21] [454/459] DTCK
[10:05:22] [455/459] MCMH
[10:05:23] [456/459] ECRR
[10:05:24] [457/459] RLLP
[10:05:24] [458/459] CCSN
[10:05:25] [459/459] CCBA
[10:05:26] 🧹 Deduping shows
[10:05:26] ✅ DONE | Shows=584 | Movies=40
