[09:58:47] 🚀 SCRIPT STARTED
[09:58:47] [1/459] FNDB
[09:58:47] 🧠 New identity created
[09:58:49] [2/459] AMBH
[09:58:50] [3/459] PRHN
[09:58:51] [4/459] ACPM
[09:58:52] [5/459] PVFS
[09:58:53] [6/459] AACN
[09:58:54] [7/459] ACAS
[09:58:55] [8/459] CTNR
[09:58:56] [9/459] MMAH
[09:58:58] [10/459] CPMH
[09:58:59] [11/459] IGMH
[09:58:59] [12/459] ABCS
[09:59:00] [13/459] CMMA
[09:59:02] [14/459] GPRH
[09:59:03] [15/459] PNNG
[09:59:04] [16/459] AMCA
[09:59:05] [17/459] ISTN
[09:59:06] [18/459] PIIC
[09:59:07] [19/459] AHMH
[09:59:07] [20/459] ASHN
[09:59:08] [21/459] INHY
[09:59:10] [22/459] SRMO
[09:59:11] [23/459] PIMH
[09:59:12] [24/459] PVTS
[09:59:13] [25/459] MMCA
[09:59:14] [26/459] AKYJ
[09:59:15] [27/459] BRKH
[09:59:15] [28/459] MAHM
[09:59:16] [29/459] CPHY
[09:59:17] [30/459] PVTP
[09:59:18] [31/459] SMMR
[09:59:18] [32/459] PVHM
[09:59:20] [33/459] SNDY
[09:59:21] [34/459] GOKU
[09:59:22] [35/459] ACEV
[09:59:23] [36/459] PVUM
[09:59:24] [37/459] VSWA
[09:59:24] [38/459] IPRS
[09:59:26] [39/459] ASGN
[09:59:26] [40/459] BKMV
[09:59:28] [41/459] PVYH
[09:59:29] [42/459] INKM
[09:59:30] [43/459] ARJU
[09:59:31] [44/459] JJPP
[09:59:32] [45/459] SSRM
[09:59:33] [46/459] HMHD
[09:59:33] [47/459] SNKH
[09:59:34] [48/459] ACHI
[09:59:35] [49/459] MRAA
[09:59:36] [50/459] INMH
[09:59:38] [51/459] ARMH
[09:59:39] [52/459] DVRR
[09:59:40] [53/459] SUDA
[09:59:41] [54/459] MCSS
[09:59:42] [55/459] VRKC
[09:59:42] [56/459] PRCX
[09:59:43] [57/459] ASJY
[09:59:44] [58/459] MTHY
[09:59:45] [59/459] SRCM
[09:59:47] [60/459] TVHY
[09:59:48] [61/459] STHD
[09:59:49] [62/459] CPCL
[09:59:50] [63/459] PSMJ
[09:59:51] [64/459] MRGT
[09:59:52] [65/459] ARYH
[09:59:52] [66/459] VTRB
[09:59:53] [67/459] SCHC
[09:59:55] [68/459] MRRG
[09:59:56] [69/459] SPCB
[09:59:57] [70/459] AMCM
[09:59:58] [71/459] IVNM
[09:59:58] [72/459] TRHY
[09:59:59] [73/459] PTTH
[10:00:00] [74/459] RKMH
[10:00:01] [75/459] PRCS
[10:00:02] [76/459] VAJA
[10:00:03] [77/459] BJNG
[10:00:03] [78/459] SCVM
[10:00:04] [79/459] GNHB
[10:00:05] [80/459] TLUR
[10:00:06] [81/459] UKCC
[10:00:07] [82/459] SRKR
[10:00:08] [83/459] RMKN
[10:00:08] [84/459] SLRT
[10:00:09] [85/459] LKMT
[10:00:10] [86/459] SSRJ
[10:00:12] [87/459] SPHT
[10:00:13] [88/459] ANTT
[10:00:13] [89/459] SRCH
[10:00:14] [90/459] SRCA
[10:00:15] [91/459] ARTH
[10:00:16] [92/459] MCBH
[10:00:17] [93/459] SNIB
[10:00:18] [94/459] SART
[10:00:19] [95/459] SKTA
[10:00:20] [96/459] YAKT
[10:00:21] [97/459] MLCK
[10:00:22] [98/459] ANTS
[10:00:23] [99/459] DGCA
[10:00:24] [100/459] SGMP
[10:00:25] [101/459] ASWN
[10:00:26] [102/459] KFVU
[10:00:27] [103/459] POOR
[10:00:28] [104/459] GKDN
[10:00:29] [105/459] EOSE
[10:00:30] [106/459] GTTT
[10:00:31] [107/459] ARRO
[10:00:31] [108/459] CMMK
[10:00:32] [109/459] MSCN
[10:00:33] [110/459] GDKH
[10:00:34] [111/459] DLMT
[10:00:35] [112/459] PVMF
[10:00:36] [113/459] CPCK
[10:00:37] [114/459] VMHE
[10:00:39] [115/459] PVLC
[10:00:39] [116/459] PCVB
[10:00:40] [117/459] SNYK
[10:00:41] [118/459] KTEK
[10:00:42] [119/459] PCNM
[10:00:43] [120/459] NTTR
[10:00:44] [121/459] CPSK
[10:00:45] [122/459] JMMA
[10:00:46] [123/459] GCFK
[10:00:47] [124/459] MYCA
[10:00:48] [125/459] KSNP
[10:00:48] [126/459] PMCE
[10:00:49] [127/459] SCKI
[10:00:50] [128/459] FSMA
[10:00:51] [129/459] CETA
[10:00:52] [130/459] MCIK
[10:00:53] [131/459] MYCR
[10:00:54] [132/459] EVMP
[10:00:55] [133/459] SSGT
[10:00:56] [134/459] KCTK
[10:00:58] [135/459] ZTKC
[10:00:59] [136/459] MMTA
[10:01:00] [137/459] MAJT
[10:01:01] [138/459] ACPK
[10:01:02] [139/459] JMAX
[10:01:03] [140/459] SETK
[10:01:03] [141/459] CAIS
[10:01:04] [142/459] AGCD
[10:01:05] [143/459] URCL
[10:01:06] [144/459] VTDS
[10:01:07] [145/459] JCNM
[10:01:08] [146/459] KCAM
[10:01:09] [147/459] ADCU
[10:01:10] [148/459] GXYN
[10:01:11] [149/459] SMJG
[10:01:12] [150/459] EYCJ
[10:01:13] [151/459] CCEJ
[10:01:13] [152/459] MARS
[10:01:14] [153/459] CPVJ
[10:01:15] [154/459] INVP
[10:01:16] [155/459] CPOV
[10:01:16] [156/459] VIJK
[10:01:17] [157/459] LAIM
[10:01:18] [158/459] STHV
[10:01:19] [159/459] SVLJ
[10:01:20] [160/459] ATVJ
[10:01:21] [161/459] JTSC
[10:01:22] [162/459] RMTV
[10:01:23] [163/459] MGGG
[10:01:23] [164/459] SWTH
[10:01:24] [165/459] INVJ
[10:01:25] [166/459] PRSV
[10:01:26] [167/459] JATV
[10:01:27] [168/459] RCVD
[10:01:28] [169/459] BDMA
[10:01:28] [170/459] BLJI
[10:01:29] [171/459] SWOT
[10:01:30] [172/459] SWRN
[10:01:31] [173/459] TVRA
[10:01:32] [174/459] VCSV
[10:01:33] [175/459] NVRN
[10:01:34] [176/459] SIKC
[10:01:36] [177/459] VAKR
[10:01:37] [178/459] SYLN
[10:01:37] [179/459] KLJL
[10:01:38] [180/459] LKMY
[10:01:39] [181/459] VSLY
[10:01:40] [182/459] CIKO
[10:01:41] [183/459] GPBG
[10:01:42] [184/459] CECM
[10:01:43] [185/459] SLKB
[10:01:44] [186/459] MTBO
[10:01:45] [187/459] SSHB
[10:01:46] [188/459] VPCS
[10:01:47] [189/459] RCSR
[10:01:48] [190/459] RJRM
[10:01:48] [191/459] KPPB
[10:01:49] [192/459] SEDC
[10:01:50] [193/459] SCAI
[10:01:51] [194/459] RMTR
[10:01:52] [195/459] ASST
[10:01:53] [196/459] GCAK
[10:01:54] [197/459] ANNK
[10:01:54] [198/459] KDDF
[10:01:55] [199/459] NRDP
[10:01:56] [200/459] PLAK
[10:01:57] [201/459] GCMC
[10:01:57] [202/459] ALPY
[10:01:58] [203/459] SICE
[10:02:00] [204/459] SISR
[10:02:01] [205/459] SRPZ
[10:02:02] [206/459] SRSW
[10:02:03] [207/459] SUYA
[10:02:03] [208/459] AMMT
[10:02:04] [209/459] BHCU
[10:02:05] [210/459] KLPA
[10:02:06] [211/459] NVKH
[10:02:07] [212/459] JMRC
[10:02:09] [213/459] KTTT
[10:02:09] [214/459] MAGH
[10:02:10] [215/459] MMMX
[10:02:11] [216/459] SALJ
[10:02:12] [217/459] GTJA
[10:02:13] [218/459] MAHT
[10:02:14] [219/459] SSNN
[10:02:14] [220/459] ARRP
[10:02:15] [221/459] ATNS
[10:02:16] [222/459] SKDT
[10:02:17] [223/459] ACAT
[10:02:18] [224/459] APRC
[10:02:19] [225/459] SWAG
[10:02:20] [226/459] SDPT
[10:02:20] [227/459] STPS
[10:02:22] [228/459] WWCZ
[10:02:23] [229/459] LLCH
[10:02:24] [230/459] MZHA
[10:02:25] [231/459] CRJG
[10:02:26] [232/459] JGTK
[10:02:27] [233/459] KCSR
[10:02:28] [234/459] CHTL
[10:02:29] [235/459] EDSR
[10:02:30] [236/459] CSWO
[10:02:31] [237/459] CPVM
[10:02:32] [238/459] MXBY
[10:02:33] [239/459] FMMA
[10:02:34] [240/459] POVI
[10:02:34] [241/459] MTHB
[10:02:36] [242/459] INRC
[10:02:37] [243/459] PIPP
[10:02:38] [244/459] BMXC
[10:02:39] [245/459] PCMM
[10:02:40] [246/459] PMKM
[10:02:40] [247/459] GATY
[10:02:41] [248/459] IMCM
[10:02:42] [249/459] POPE
[10:02:43] [250/459] MTCR
[10:02:44] [251/459] PVAE
[10:02:45] [252/459] PVMI
[10:02:46] [253/459] CPNM
[10:02:47] [254/459] FMRL
[10:02:47] [255/459] MCIW
[10:02:48] [256/459] MXBO
[10:02:49] [257/459] FMKY
[10:02:49] [258/459] FMDA
[10:02:50] [259/459] THAB
[10:02:51] [260/459] PRCW
[10:02:52] [261/459] PITI
[10:02:53] [262/459] MCFF
[10:02:54] [263/459] PDDV
[10:02:55] [264/459] MCRM
[10:02:56] [265/459] KKMB
[10:02:57] [266/459] INKO
[10:02:58] [267/459] PLXP
[10:02:59] [268/459] MMHA
[10:03:00] [269/459] FMVS
[10:03:01] [270/459] POLM
[10:03:02] [271/459] STER
[10:03:02] [272/459] PVWJ
[10:03:03] [273/459] IMJW
[10:03:04] [274/459] FNAN
[10:03:05] [275/459] CAGL
[10:03:06] [276/459] IPBG
[10:03:07] [277/459] SMFV
[10:03:08] [278/459] MMMR
[10:03:09] [279/459] MMWM
[10:03:10] [280/459] FNCM
[10:03:11] [281/459] MDVA
[10:03:12] [282/459] MMET
[10:03:13] [283/459] MIDO
[10:03:14] [284/459] INNP
[10:03:15] [285/459] MIFU
[10:03:16] [286/459] MMSZ
[10:03:17] [287/459] BMXA
[10:03:17] [288/459] MCAA
[10:03:18] [289/459] SCVP
[10:03:19] [290/459] PLUS
[10:03:20] [291/459] MUCK
[10:03:21] [292/459] MTMA
[10:03:22] [293/459] HPVR
[10:03:23] [294/459] PMPK
[10:03:24] [295/459] MAJB
[10:03:25] [296/459] CTRR
[10:03:25] [297/459] MCTG
[10:03:26] [298/459] MACE
[10:03:27] [299/459] AAAS
[10:03:28] [300/459] CPVV
[10:03:29] [301/459] RCHG
[10:03:30] [302/459] MCNE
[10:03:30] [303/459] EMNC
[10:03:31] [304/459] MCAN
[10:03:32] [305/459] TCDM
[10:03:33] [306/459] IRGT
[10:03:34] [307/459] GCMG
[10:03:35] [308/459] MXSN
[10:03:36] [309/459] MXCK
[10:03:36] [310/459] MCRC
[10:03:38] [311/459] RSMI
[10:03:39] [312/459] WAML
[10:03:40] [313/459] MTSC
[10:03:41] [314/459] FMDR
[10:03:43] [315/459] LEPV
[10:03:43] [316/459] MTGD
[10:03:44] [317/459] IMOB
[10:03:45] [318/459] CLMM
[10:03:46] [319/459] PZCD
[10:03:47] [320/459] GOCS
[10:03:48] [321/459] KCMA
[10:03:49] [322/459] CCMP
[10:03:49] [323/459] MTSU
[10:03:50] [324/459] SNGL
[10:03:51] [325/459] MMMC
[10:03:52] [326/459] MMAA
[10:03:53] [327/459] GCDM
[10:03:54] [328/459] KTMV
[10:03:56] [329/459] AETE
[10:03:57] [330/459] OMCS
[10:03:57] [331/459] GDCD
[10:03:58] [332/459] NYMD
[10:03:59] [333/459] RNCV
[10:04:00] [334/459] KKMT
[10:04:01] [335/459] GDTH
[10:04:01] [336/459] KMMV
[10:04:02] [337/459] NHCG
[10:04:03] [338/459] PJDW
[10:04:04] [339/459] MMCV
[10:04:05] [340/459] FQSA
[10:04:06] [341/459] KURL
[10:04:07] [342/459] NNNX
[10:04:07] [343/459] AMAU
[10:04:08] [344/459] VVVM
[10:04:09] [345/459] VECU
[10:04:10] [346/459] WCVR
[10:04:10] [347/459] MTGG
[10:04:11] [348/459] SGTG
[10:04:12] [349/459] MNTG
[10:04:13] [350/459] JDDG
[10:04:14] [351/459] MBTK
[10:04:14] [352/459] SGCD
[10:04:15] [353/459] MCTC
[10:04:16] [354/459] JTPC
[10:04:17] [355/459] SDKT
[10:04:18] [356/459] KRCC
[10:04:19] [357/459] RMMD
[10:04:20] [358/459] AAME
[10:04:20] [359/459] TMWC
[10:04:21] [360/459] NRWY
[10:04:22] [361/459] CITD
[10:04:23] [362/459] VERD
[10:04:24] [363/459] MKSK
[10:04:25] [364/459] STSM
[10:04:26] [365/459] MJDG
[10:04:27] [366/459] RKPM
[10:04:28] [367/459] SSCE
[10:04:29] [368/459] VMAE
[10:04:30] [369/459] SBRU
[10:04:31] [370/459] AMBC
[10:04:31] [371/459] AMLU
[10:04:32] [372/459] INVZ
[10:04:33] [373/459] LGTV
[10:04:34] [374/459] SVAD
[10:04:34] [375/459] SMSA
[10:04:35] [376/459] SPCZ
[10:04:36] [377/459] GTCX
[10:04:37] [378/459] SCSL
[10:04:38] [379/459] SAHU
[10:04:39] [380/459] NCDA
[10:04:40] [381/459] SCCG
[10:04:41] [382/459] VKTL
[10:04:41] [383/459] PUUJ
[10:04:42] [384/459] STEJ
[10:04:43] [385/459] RJAL
[10:04:44] [386/459] ACJC
[10:04:45] [387/459] VTHC
[10:04:46] [388/459] ARVB
[10:04:47] [389/459] AUBB
[10:04:48] [390/459] GDBR
[10:04:49] [391/459] PVND
[10:04:50] [392/459] BGRJ
[10:04:51] [393/459] RJMM
[10:04:51] [394/459] MCSA
[10:04:52] [395/459] BODA
[10:04:53] [396/459] JAGG
[10:04:54] [397/459] SCGA
[10:04:55] [398/459] LRCM
[10:04:56] [399/459] CPCN
[10:04:58] [400/459] SSTF
[10:05:00] [401/459] SRXP
[10:05:01] [402/459] CNFX
[10:05:02] [403/459] ANDI
[10:05:02] [404/459] SYEW
[10:05:03] [405/459] RCRE
[10:05:05] [406/459] SCRW
[10:05:06] [407/459] MBKR
[10:05:06] [408/459] ASNT
[10:05:07] [409/459] JTMT
[10:05:08] [410/459] SHAY
[10:05:10] [411/459] VRTH
[10:05:11] [412/459] SPTI
[10:05:12] [413/459] DPTD
[10:05:13] [414/459] TGSN
[10:05:14] [415/459] RCWV
[10:05:14] [416/459] OCUR
[10:05:15] [417/459] KSTC
[10:05:16] [418/459] SANI
[10:05:17] [419/459] MLCA
[10:05:18] [420/459] EGCA
[10:05:19] [421/459] SYSN
[10:05:19] [422/459] PKTA
[10:05:20] [423/459] PRCC
[10:05:21] [424/459] KSTR
[10:05:22] [425/459] SNTP
[10:05:23] [426/459] RCHA
[10:05:23] [427/459] SEEA
[10:05:25] [428/459] ALAT
[10:05:26] [429/459] AATV
[10:05:26] [430/459] RJTE
[10:05:27] [431/459] AAPP
[10:05:29] [432/459] PMMH
[10:05:30] [433/459] INRJ
[10:05:31] [434/459] SARB
[10:05:33] [435/459] PCJL
[10:05:34] [436/459] PFJJ
[10:05:35] [437/459] GRDC
[10:05:36] [438/459] BCBA
[10:05:37] [439/459] VIXL
[10:05:38] [440/459] CSTL
[10:05:38] [441/459] MTDK
[10:05:40] [442/459] TDAC
[10:05:41] [443/459] GTDN
[10:05:42] [444/459] TTDE
[10:05:44] [445/459] ASTS
[10:05:44] [446/459] CPNS
[10:05:45] [447/459] PVVW
[10:05:46] [448/459] USEB
[10:05:47] [449/459] DTYN
[10:05:49] [450/459] PVLE
[10:05:50] [451/459] CIPS
[10:05:50] [452/459] PAEG
[10:05:51] [453/459] PTCW
[10:05:52] [454/459] G3SR
[10:05:53] [455/459] PGND
[10:05:54] [456/459] INVM
[10:05:55] [457/459] SPIA
[10:05:56] [458/459] PCSN
[10:05:57] [459/459] PPGV
[10:05:57] 🧹 Deduping shows
[10:05:57] ✅ DONE | Shows=246 | Movies=21
