[09:58:46] 🚀 SCRIPT STARTED
[09:58:46] [1/324] GCTA
[09:58:46] 🧠 New identity created
[09:58:47] [2/324] TOPN
[09:58:48] [3/324] MCUS
[09:58:49] [4/324] SHRL
[09:58:50] [5/324] UPTP
[09:58:51] [6/324] TMMP
[09:58:52] [7/324] DNRP
[09:58:53] [8/324] SRLT
[09:58:54] [9/324] RCNS
[09:58:55] [10/324] DCBH
[09:58:57] [11/324] NAGJ
[09:58:58] [12/324] JVRC
[09:58:59] [13/324] KRJG
[09:59:00] [14/324] SRTJ
[09:59:01] [15/324] CMXM
[09:59:02] [16/324] STMI
[09:59:02] [17/324] SLST
[09:59:03] [18/324] DTCN
[09:59:04] [19/324] STYN
[09:59:05] [20/324] SZVR
[09:59:06] [21/324] SRKO
[09:59:07] [22/324] JTGT
[09:59:08] [23/324] SVFD
[09:59:09] [24/324] SISD
[09:59:09] [25/324] ABDD
[09:59:10] [26/324] DRCA
[09:59:11] [27/324] AVCS
[09:59:12] [28/324] MVKH
[09:59:13] [29/324] ACPR
[09:59:14] [30/324] STIP
[09:59:15] [31/324] MTRA
[09:59:16] [32/324] RMKH
[09:59:17] [33/324] NKRL
[09:59:18] [34/324] PCWN
[09:59:19] [35/324] BLMT
[09:59:20] [36/324] GDPG
[09:59:20] [37/324] SRMX
[09:59:21] [38/324] JACP
[09:59:22] [39/324] CPSH
[09:59:23] [40/324] MCCD
[09:59:24] [41/324] ECGH
[09:59:25] [42/324] MKCK
[09:59:26] [43/324] SRMM
[09:59:27] [44/324] SKYR
[09:59:27] [45/324] PCKC
[09:59:28] [46/324] JCMA
[09:59:30] [47/324] BSMP
[09:59:31] [48/324] VSPA
[09:59:31] [49/324] DJYA
[09:59:32] [50/324] DIMP
[09:59:33] [51/324] FXDR
[09:59:34] [52/324] SSRC
[09:59:35] [53/324] STHP
[09:59:36] [54/324] CPPD
[09:59:37] [55/324] FCLK
[09:59:38] [56/324] SCPP
[09:59:39] [57/324] DCMJ
[09:59:40] [58/324] RCCR
[09:59:41] [59/324] INMT
[09:59:42] [60/324] LXTK
[09:59:43] [61/324] SRYK
[09:59:45] [62/324] SGDK
[09:59:46] [63/324] PPKA
[09:59:46] [64/324] SPKA
[09:59:47] [65/324] CGHH
[09:59:49] [66/324] DCJN
[09:59:50] [67/324] SRKV
[09:59:50] [68/324] SAJC
[09:59:52] [69/324] SUSR
[09:59:52] [70/324] STYG
[09:59:54] [71/324] NTKP
[09:59:55] [72/324] AKTG
[09:59:56] [73/324] CGCM
[09:59:56] [74/324] TULC
[09:59:57] [75/324] NYYZ
[09:59:58] [76/324] NYBW
[09:59:59] [77/324] MACB
[10:00:00] [78/324] SLVT
[10:00:00] [79/324] SANA
[10:00:01] [80/324] ACMR
[10:00:02] [81/324] CPKN
[10:00:03] [82/324] DLGK
[10:00:04] [83/324] CWCK
[10:00:05] [84/324] FDDH
[10:00:06] [85/324] MMMD
[10:00:07] [86/324] CMEH
[10:00:08] [87/324] GGGV
[10:00:09] [88/324] SPJL
[10:00:10] [89/324] RCCD
[10:00:10] [90/324] STTZ
[10:00:11] [91/324] BTCF
[10:00:13] [92/324] TSTZ
[10:00:14] [93/324] IPMM
[10:00:15] [94/324] PMPW
[10:00:16] [95/324] PCMZ
[10:00:17] [96/324] ESEM
[10:00:18] [97/324] PIPO
[10:00:19] [98/324] MATK
[10:00:19] [99/324] PGHM
[10:00:20] [100/324] CTSR
[10:00:21] [101/324] CYKR
[10:00:22] [102/324] MSCM
[10:00:23] [103/324] RFNP
[10:00:24] [104/324] PDCP
[10:00:25] [105/324] NPSE
[10:00:26] [106/324] MKML
[10:00:27] [107/324] FTDP
[10:00:27] [108/324] MMXA
[10:00:28] [109/324] CEPO
[10:00:29] [110/324] CMVP
[10:00:30] [111/324] SGTH
[10:00:31] [112/324] SAYN
[10:00:32] [113/324] URVS
[10:00:32] [114/324] VJTN
[10:00:33] [115/324] BBYK
[10:00:34] [116/324] SHBO
[10:00:35] [117/324] VCMR
[10:00:36] [118/324] MACT
[10:00:37] [119/324] JMNP
[10:00:37] [120/324] VICS
[10:00:38] [121/324] VCDA
[10:00:39] [122/324] GCMM
[10:00:40] [123/324] INVS
[10:00:41] [124/324] SCGM
[10:00:41] [125/324] PCDA
[10:00:43] [126/324] KDCT
[10:00:44] [127/324] JACS
[10:00:45] [128/324] GMMC
[10:00:45] [129/324] AICM
[10:00:46] [130/324] TJCM
[10:00:47] [131/324] RMTI
[10:00:48] [132/324] SHAC
[10:00:49] [133/324] APJC
[10:00:50] [134/324] GCTG
[10:00:50] [135/324] SSMC
[10:00:51] [136/324] THRM
[10:00:52] [137/324] RBCT
[10:00:53] [138/324] DIKT
[10:00:54] [139/324] MIDL
[10:00:55] [140/324] VCSN
[10:00:55] [141/324] SKTG
[10:00:56] [142/324] SMWC
[10:00:57] [143/324] MNKH
[10:00:57] [144/324] PIAT
[10:00:58] [145/324] LTTP
[10:00:59] [146/324] PTPU
[10:01:00] [147/324] ACMG
[10:01:00] [148/324] SHMM
[10:01:01] [149/324] MCMN
[10:01:02] [150/324] GLDC
[10:01:03] [151/324] HOUT
[10:01:03] [152/324] SVRP
[10:01:04] [153/324] PVDN
[10:01:05] [154/324] SCPY
[10:01:06] [155/324] DTPY
[10:01:07] [156/324] GKCS
[10:01:07] [157/324] NCAM
[10:01:08] [158/324] BSRM
[10:01:09] [159/324] RCLC
[10:01:10] [160/324] SKKD
[10:01:11] [161/324] ACHU
[10:01:12] [162/324] RSCF
[10:01:12] [163/324] IMSH
[10:01:13] [164/324] MACX
[10:01:14] [165/324] HMMW
[10:01:15] [166/324] JTCP
[10:01:15] [167/324] SREN
[10:01:16] [168/324] PJRR
[10:01:17] [169/324] INAC
[10:01:18] [170/324] BMCA
[10:01:19] [171/324] SHCB
[10:01:20] [172/324] GABA
[10:01:21] [173/324] SBCT
[10:01:22] [174/324] GCMA
[10:01:23] [175/324] MYTK
[10:01:24] [176/324] INZS
[10:01:25] [177/324] RMIK
[10:01:26] [178/324] NYCH
[10:01:27] [179/324] RAVE
[10:01:28] [180/324] PSXM
[10:01:29] [181/324] MCGP
[10:01:30] [182/324] PDDK
[10:01:31] [183/324] SPCK
[10:01:32] [184/324] MCRL
[10:01:33] [185/324] MHKT
[10:01:34] [186/324] ANRR
[10:01:35] [187/324] SAPK
[10:01:36] [188/324] NCUK
[10:01:37] [189/324] JUGA
[10:01:37] [190/324] DBSC
[10:01:38] [191/324] LALK
[10:01:39] [192/324] GUCK
[10:01:40] [193/324] STSG
[10:01:41] [194/324] PPPZ
[10:01:41] [195/324] CNCY
[10:01:42] [196/324] MTAR
[10:01:43] [197/324] VNKD
[10:01:44] [198/324] KMAJ
[10:01:45] [199/324] ACXK
[10:01:45] [200/324] UTKC
[10:01:46] [201/324] PBLK
[10:01:47] [202/324] ACBX
[10:01:48] [203/324] PTGM
[10:01:49] [204/324] BTDA
[10:01:50] [205/324] PJMB
[10:01:50] [206/324] TPDA
[10:01:51] [207/324] AMOE
[10:01:52] [208/324] PRHT
[10:01:54] [209/324] PRTA
[10:01:55] [210/324] STAM
[10:01:56] [211/324] MSAA
[10:01:57] [212/324] SDLU
[10:01:58] [213/324] RCHH
[10:01:59] [214/324] KANT
[10:02:00] [215/324] FCRT
[10:02:01] [216/324] DNKM
[10:02:02] [217/324] RYCP
[10:02:02] [218/324] MYRP
[10:02:03] [219/324] PPAK
[10:02:04] [220/324] NVPK
[10:02:05] [221/324] PRMC
[10:02:06] [222/324] JBCS
[10:02:07] [223/324] GXCK
[10:02:08] [224/324] USKO
[10:02:09] [225/324] GTEM
[10:02:10] [226/324] SMBU
[10:02:11] [227/324] VETC
[10:02:12] [228/324] LCDA
[10:02:17] [229/324] MTVT
[10:02:17] [230/324] PYCP
[10:02:18] [231/324] PNSC
[10:02:19] [232/324] PPCC
[10:02:20] [233/324] TGRT
[10:02:21] [234/324] JYOT
[10:02:22] [235/324] SRCZ
[10:02:23] [236/324] SJTE
[10:02:24] [237/324] DESC
[10:02:24] [238/324] JHVN
[10:02:25] [239/324] IPSG
[10:02:26] [240/324] IPCM
[10:02:27] [241/324] PDRS
[10:02:28] [242/324] ANCV
[10:02:29] [243/324] CMVV
[10:02:30] [244/324] SHYP
[10:02:31] [245/324] DNCS
[10:02:32] [246/324] GAJK
[10:02:32] [247/324] AKTN
[10:02:33] [248/324] KAYA
[10:02:34] [249/324] SBRC
[10:02:35] [250/324] CHTP
[10:02:36] [251/324] SHRT
[10:02:36] [252/324] BCKU
[10:02:38] [253/324] FCPS
[10:02:39] [254/324] ARDD
[10:02:40] [255/324] CPCM
[10:02:41] [256/324] CGSM
[10:02:41] [257/324] PSMP
[10:02:42] [258/324] SDAL
[10:02:43] [259/324] RTNB
[10:02:44] [260/324] LMCR
[10:02:45] [261/324] CIMA
[10:02:45] [262/324] RNAS
[10:02:46] [263/324] LITH
[10:02:47] [264/324] PBOX
[10:02:48] [265/324] FRTS
[10:02:50] [266/324] RKIC
[10:02:51] [267/324] PTAI
[10:02:51] [268/324] GCIC
[10:02:53] [269/324] FNAS
[10:02:54] [270/324] SCAR
[10:02:55] [271/324] MTCA
[10:02:56] [272/324] SCTS
[10:02:56] [273/324] SYCS
[10:02:57] [274/324] RDMS
[10:02:58] [275/324] KAMP
[10:02:59] [276/324] ERSD
[10:03:00] [277/324] MJMJ
[10:03:00] [278/324] SRCJ
[10:03:01] [279/324] SCXE
[10:03:02] [280/324] SVFR
[10:03:03] [281/324] BHCS
[10:03:04] [282/324] IMCC
[10:03:05] [283/324] PCBO
[10:03:06] [284/324] PRVN
[10:03:07] [285/324] AUPM
[10:03:08] [286/324] INBW
[10:03:09] [287/324] SVCW
[10:03:10] [288/324] RKCF
[10:03:11] [289/324] UVBH
[10:03:11] [290/324] DNCY
[10:03:12] [291/324] ABCN
[10:03:13] [292/324] PRUR
[10:03:14] [293/324] PFMR
[10:03:15] [294/324] RKCN
[10:03:16] [295/324] CFEA
[10:03:17] [296/324] SDBG
[10:03:17] [297/324] SNAR
[10:03:18] [298/324] YISI
[10:03:19] [299/324] JCFF
[10:03:20] [300/324] VTRK
[10:03:21] [301/324] PCLZ
[10:03:22] [302/324] DIMY
[10:03:23] [303/324] BBTS
[10:03:24] [304/324] GATH
[10:03:25] [305/324] GTMN
[10:03:25] [306/324] VTMH
[10:03:26] [307/324] CCKP
[10:03:28] [308/324] GPKA
[10:03:28] [309/324] MHCL
[10:03:29] [310/324] ATCL
[10:03:30] [311/324] SBCK
[10:03:30] [312/324] AMMR
[10:03:31] [313/324] MADC
[10:03:32] [314/324] TMMA
[10:03:33] [315/324] CACC
[10:03:34] [316/324] CHAL
[10:03:35] [317/324] DURG
[10:03:36] [318/324] GMKU
[10:03:37] [319/324] GECA
[10:03:38] [320/324] KYRR
[10:03:39] [321/324] KSDE
[10:03:40] [322/324] LMCI
[10:03:41] [323/324] NKCP
[10:03:42] [324/324] BGTC
[10:03:42] 🧹 Deduping shows
[10:03:42] ✅ DONE | Shows=436 | Movies=27
