[00:00:33] 🚀 BMS DAILY TRACKER STARTED
[00:00:33] [1/459] FNDB
[00:00:33] 🧠 New identity
[00:00:34] [2/459] AMBH
[00:00:35] [3/459] PRHN
[00:00:36] [4/459] ACPM
[00:00:37] [5/459] PVFS
[00:00:38] [6/459] AACN
[00:00:39] [7/459] ACAS
[00:00:40] [8/459] CTNR
[00:00:41] [9/459] MMAH
[00:00:42] [10/459] CPMH
[00:00:43] [11/459] IGMH
[00:00:44] [12/459] ABCS
[00:00:45] [13/459] CMMA
[00:00:45] [14/459] GPRH
[00:00:46] [15/459] PNNG
[00:00:47] [16/459] AMCA
[00:00:48] [17/459] ISTN
[00:00:49] [18/459] PIIC
[00:00:50] [19/459] AHMH
[00:00:51] [20/459] ASHN
[00:00:52] [21/459] INHY
[00:00:54] [22/459] SRMO
[00:00:55] [23/459] PIMH
[00:00:57] [24/459] PVTS
[00:00:57] [25/459] MMCA
[00:00:58] [26/459] AKYJ
[00:01:00] [27/459] BRKH
[00:01:01] [28/459] MAHM
[00:01:02] [29/459] CPHY
[00:01:03] [30/459] PVTP
[00:01:04] [31/459] SMMR
[00:01:04] [32/459] PVHM
[00:01:05] [33/459] SNDY
[00:01:06] [34/459] GOKU
[00:01:07] [35/459] ACEV
[00:01:08] [36/459] PVUM
[00:01:09] [37/459] VSWA
[00:01:10] [38/459] IPRS
[00:01:11] [39/459] ASGN
[00:01:12] [40/459] BKMV
[00:01:13] [41/459] PVYH
[00:01:14] [42/459] INKM
[00:01:14] [43/459] ARJU
[00:01:15] [44/459] JJPP
[00:01:16] [45/459] SSRM
[00:01:17] [46/459] HMHD
[00:01:18] [47/459] SNKH
[00:01:19] [48/459] ACHI
[00:01:20] [49/459] MRAA
[00:01:21] [50/459] INMH
[00:01:22] [51/459] ARMH
[00:01:23] [52/459] DVRR
[00:01:23] [53/459] SUDA
[00:01:24] [54/459] MCSS
[00:01:25] [55/459] VRKC
[00:01:26] [56/459] PRCX
[00:01:28] [57/459] ASJY
[00:01:28] [58/459] MTHY
[00:01:29] [59/459] SRCM
[00:01:30] [60/459] TVHY
[00:01:31] [61/459] STHD
[00:01:32] [62/459] CPCL
[00:01:33] [63/459] PSMJ
[00:01:34] [64/459] MRGT
[00:01:35] [65/459] ARYH
[00:01:35] [66/459] VTRB
[00:01:36] [67/459] SCHC
[00:01:37] [68/459] MRRG
[00:01:38] [69/459] SPCB
[00:01:38] [70/459] AMCM
[00:01:40] [71/459] IVNM
[00:01:41] [72/459] TRHY
[00:01:41] [73/459] PTTH
[00:01:42] [74/459] RKMH
[00:01:43] [75/459] PRCS
[00:01:44] [76/459] VAJA
[00:01:44] [77/459] BJNG
[00:01:45] [78/459] SCVM
[00:01:46] [79/459] GNHB
[00:01:47] [80/459] TLUR
[00:01:48] [81/459] UKCC
[00:01:49] [82/459] SRKR
[00:01:50] [83/459] RMKN
[00:01:51] [84/459] SLRT
[00:01:52] [85/459] LKMT
[00:01:53] [86/459] SSRJ
[00:01:54] [87/459] SPHT
[00:01:54] [88/459] ANTT
[00:01:55] [89/459] SRCH
[00:01:56] [90/459] SRCA
[00:01:57] [91/459] ARTH
[00:01:58] [92/459] MCBH
[00:01:58] [93/459] SNIB
[00:01:59] [94/459] SART
[00:02:00] [95/459] SKTA
[00:02:01] [96/459] YAKT
[00:02:02] [97/459] MLCK
[00:02:03] [98/459] ANTS
[00:02:04] [99/459] DGCA
[00:02:04] [100/459] SGMP
[00:02:05] [101/459] ASWN
[00:02:06] [102/459] KFVU
[00:02:07] [103/459] POOR
[00:02:08] [104/459] GKDN
[00:02:09] [105/459] EOSE
[00:02:09] [106/459] GTTT
[00:02:11] [107/459] ARRO
[00:02:11] [108/459] CMMK
[00:02:12] [109/459] MSCN
[00:02:13] [110/459] GDKH
[00:02:14] [111/459] DLMT
[00:02:15] [112/459] PVMF
[00:02:15] [113/459] CPCK
[00:02:16] [114/459] VMHE
[00:02:18] [115/459] PVLC
[00:02:18] [116/459] PCVB
[00:02:19] [117/459] SNYK
[00:02:20] [118/459] KTEK
[00:02:21] [119/459] PCNM
[00:02:21] [120/459] NTTR
[00:02:22] [121/459] CPSK
[00:02:23] [122/459] JMMA
[00:02:24] [123/459] GCFK
[00:02:25] [124/459] MYCA
[00:02:25] [125/459] KSNP
[00:02:26] [126/459] PMCE
[00:02:28] [127/459] SCKI
[00:02:28] [128/459] FSMA
[00:02:29] [129/459] CETA
[00:02:29] [130/459] MCIK
[00:02:31] [131/459] MYCR
[00:02:32] [132/459] EVMP
[00:02:32] [133/459] SSGT
[00:02:33] [134/459] KCTK
[00:02:34] [135/459] ZTKC
[00:02:35] [136/459] MMTA
[00:02:36] [137/459] MAJT
[00:02:37] [138/459] ACPK
[00:02:38] [139/459] JMAX
[00:02:39] [140/459] SETK
[00:02:40] [141/459] CAIS
[00:02:41] [142/459] AGCD
[00:02:41] [143/459] URCL
[00:02:42] [144/459] VTDS
[00:02:43] [145/459] JCNM
[00:02:44] [146/459] KCAM
[00:02:45] [147/459] ADCU
[00:02:45] [148/459] GXYN
[00:02:46] [149/459] SMJG
[00:02:47] [150/459] EYCJ
[00:02:49] [151/459] CCEJ
[00:02:49] [152/459] MARS
[00:02:50] [153/459] CPVJ
[00:02:51] [154/459] INVP
[00:02:51] [155/459] CPOV
[00:02:52] [156/459] VIJK
[00:02:53] [157/459] LAIM
[00:02:54] [158/459] STHV
[00:02:55] [159/459] SVLJ
[00:02:55] [160/459] ATVJ
[00:02:56] [161/459] JTSC
[00:02:57] [162/459] RMTV
[00:02:59] [163/459] MGGG
[00:02:59] [164/459] SWTH
[00:03:00] [165/459] INVJ
[00:03:00] [166/459] PRSV
[00:03:01] [167/459] JATV
[00:03:02] [168/459] RCVD
[00:03:04] [169/459] BDMA
[00:03:04] [170/459] BLJI
[00:03:05] [171/459] SWOT
[00:03:06] [172/459] SWRN
[00:03:07] [173/459] TVRA
[00:03:08] [174/459] VCSV
[00:03:09] [175/459] NVRN
[00:03:10] [176/459] SIKC
[00:03:10] [177/459] VAKR
[00:03:11] [178/459] SYLN
[00:03:13] [179/459] KLJL
[00:03:14] [180/459] LKMY
[00:03:15] [181/459] VSLY
[00:03:15] [182/459] CIKO
[00:03:17] [183/459] GPBG
[00:03:18] [184/459] CECM
[00:03:18] [185/459] SLKB
[00:03:19] [186/459] MTBO
[00:03:20] [187/459] SSHB
[00:03:20] [188/459] VPCS
[00:03:21] [189/459] RCSR
[00:03:22] [190/459] RJRM
[00:03:23] [191/459] KPPB
[00:03:24] [192/459] SEDC
[00:03:25] [193/459] SCAI
[00:03:25] [194/459] RMTR
[00:03:26] [195/459] ASST
[00:03:27] [196/459] GCAK
[00:03:28] [197/459] ANNK
[00:03:29] [198/459] KDDF
[00:03:29] [199/459] NRDP
[00:03:30] [200/459] PLAK
[00:03:31] [201/459] GCMC
[00:03:32] [202/459] ALPY
[00:03:33] [203/459] SICE
[00:03:34] [204/459] SISR
[00:03:34] [205/459] SRPZ
[00:03:35] [206/459] SRSW
[00:03:36] [207/459] SUYA
[00:03:38] [208/459] AMMT
[00:03:38] [209/459] BHCU
[00:03:39] [210/459] KLPA
[00:03:40] [211/459] NVKH
[00:03:40] [212/459] JMRC
[00:03:41] [213/459] KTTT
[00:03:42] [214/459] MAGH
[00:03:43] [215/459] MMMX
[00:03:44] [216/459] SALJ
[00:03:45] [217/459] GTJA
[00:03:45] [218/459] MAHT
[00:03:46] [219/459] SSNN
[00:03:48] [220/459] ARRP
[00:03:48] [221/459] ATNS
[00:03:49] [222/459] SKDT
[00:03:49] [223/459] ACAT
[00:03:50] [224/459] APRC
[00:03:51] [225/459] SWAG
[00:03:52] [226/459] SDPT
[00:03:52] [227/459] STPS
[00:03:53] [228/459] WWCZ
[00:03:54] [229/459] LLCH
[00:03:55] [230/459] MZHA
[00:03:56] [231/459] CRJG
[00:03:57] [232/459] JGTK
[00:03:57] [233/459] KCSR
[00:03:58] [234/459] CHTL
[00:03:59] [235/459] EDSR
[00:04:00] [236/459] CSWO
[00:04:00] [237/459] CPVM
[00:04:01] [238/459] MXBY
[00:04:02] [239/459] FMMA
[00:04:03] [240/459] POVI
[00:04:03] [241/459] MTHB
[00:04:04] [242/459] INRC
[00:04:05] [243/459] PIPP
[00:04:06] [244/459] BMXC
[00:04:07] [245/459] PCMM
[00:04:07] [246/459] PMKM
[00:04:08] [247/459] GATY
[00:04:09] [248/459] IMCM
[00:04:10] [249/459] POPE
[00:04:11] [250/459] MTCR
[00:04:12] [251/459] PVAE
[00:04:13] [252/459] PVMI
[00:04:13] [253/459] CPNM
[00:04:14] [254/459] FMRL
[00:04:15] [255/459] MCIW
[00:04:16] [256/459] MXBO
[00:04:16] [257/459] FMKY
[00:04:17] [258/459] FMDA
[00:04:18] [259/459] THAB
[00:04:19] [260/459] PRCW
[00:04:20] [261/459] PITI
[00:04:21] [262/459] MCFF
[00:04:22] [263/459] PDDV
[00:04:23] [264/459] MCRM
[00:04:24] [265/459] KKMB
[00:04:25] [266/459] INKO
[00:04:26] [267/459] PLXP
[00:04:26] [268/459] MMHA
[00:04:27] [269/459] FMVS
[00:04:28] [270/459] POLM
[00:04:29] [271/459] STER
[00:04:30] [272/459] PVWJ
[00:04:31] [273/459] IMJW
[00:04:32] [274/459] FNAN
[00:04:33] [275/459] CAGL
[00:04:33] [276/459] IPBG
[00:04:34] [277/459] SMFV
[00:04:36] [278/459] MMMR
[00:04:37] [279/459] MMWM
[00:04:37] [280/459] FNCM
[00:04:38] [281/459] MDVA
[00:04:39] [282/459] MMET
[00:04:40] [283/459] MIDO
[00:04:41] [284/459] INNP
[00:04:42] [285/459] MIFU
[00:04:42] [286/459] MMSZ
[00:04:43] [287/459] BMXA
[00:04:44] [288/459] MCAA
[00:04:45] [289/459] SCVP
[00:04:46] [290/459] PLUS
[00:04:47] [291/459] MUCK
[00:04:47] [292/459] MTMA
[00:04:48] [293/459] HPVR
[00:04:49] [294/459] PMPK
[00:04:50] [295/459] MAJB
[00:04:51] [296/459] CTRR
[00:04:52] [297/459] MCTG
[00:04:53] [298/459] MACE
[00:04:54] [299/459] AAAS
[00:04:55] [300/459] CPVV
[00:04:56] [301/459] RCHG
[00:04:57] [302/459] MCNE
[00:04:57] [303/459] EMNC
[00:04:58] [304/459] MCAN
[00:04:59] [305/459] TCDM
[00:05:00] [306/459] IRGT
[00:05:01] [307/459] GCMG
[00:05:02] [308/459] MXSN
[00:05:03] [309/459] MXCK
[00:05:04] [310/459] MCRC
[00:05:04] [311/459] RSMI
[00:05:05] [312/459] WAML
[00:05:06] [313/459] MTSC
[00:05:07] [314/459] FMDR
[00:05:08] [315/459] LEPV
[00:05:09] [316/459] MTGD
[00:05:10] [317/459] IMOB
[00:05:10] [318/459] CLMM
[00:05:11] [319/459] PZCD
[00:05:12] [320/459] GOCS
[00:05:14] [321/459] KCMA
[00:05:15] [322/459] CCMP
[00:05:16] [323/459] MTSU
[00:05:17] [324/459] SNGL
[00:05:17] [325/459] MMMC
[00:05:18] [326/459] MMAA
[00:05:19] [327/459] GCDM
[00:05:20] [328/459] KTMV
[00:05:20] [329/459] AETE
[00:05:21] [330/459] OMCS
[00:05:22] [331/459] GDCD
[00:05:23] [332/459] NYMD
[00:05:23] [333/459] RNCV
[00:05:24] [334/459] KKMT
[00:05:25] [335/459] GDTH
[00:05:26] [336/459] KMMV
[00:05:27] [337/459] NHCG
[00:05:28] [338/459] PJDW
[00:05:28] [339/459] MMCV
[00:05:29] [340/459] FQSA
[00:05:30] [341/459] KURL
[00:05:31] [342/459] NNNX
[00:05:32] [343/459] AMAU
[00:05:33] [344/459] VVVM
[00:05:34] [345/459] VECU
[00:05:34] [346/459] WCVR
[00:05:35] [347/459] MTGG
[00:05:37] [348/459] SGTG
[00:05:38] [349/459] MNTG
[00:05:39] [350/459] JDDG
[00:05:40] [351/459] MBTK
[00:05:40] [352/459] SGCD
[00:05:41] [353/459] MCTC
[00:05:42] [354/459] JTPC
[00:05:43] [355/459] SDKT
[00:05:44] [356/459] KRCC
[00:05:44] [357/459] RMMD
[00:05:45] [358/459] AAME
[00:05:46] [359/459] TMWC
[00:05:47] [360/459] NRWY
[00:05:48] [361/459] CITD
[00:05:49] [362/459] VERD
[00:05:50] [363/459] MKSK
[00:05:50] [364/459] STSM
[00:05:51] [365/459] MJDG
[00:05:52] [366/459] RKPM
[00:05:53] [367/459] SSCE
[00:05:54] [368/459] VMAE
[00:05:54] [369/459] SBRU
[00:05:55] [370/459] AMBC
[00:05:56] [371/459] AMLU
[00:05:57] [372/459] INVZ
[00:05:58] [373/459] LGTV
[00:05:58] [374/459] SVAD
[00:06:00] [375/459] SMSA
[00:06:01] [376/459] SPCZ
[00:06:02] [377/459] GTCX
[00:06:03] [378/459] SCSL
[00:06:04] [379/459] SAHU
[00:06:04] [380/459] NCDA
[00:06:05] [381/459] SCCG
[00:06:06] [382/459] VKTL
[00:06:07] [383/459] PUUJ
[00:06:08] [384/459] STEJ
[00:06:09] [385/459] RJAL
[00:06:10] [386/459] ACJC
[00:06:10] [387/459] VTHC
[00:06:11] [388/459] ARVB
[00:06:12] [389/459] AUBB
[00:06:13] [390/459] GDBR
[00:06:14] [391/459] PVND
[00:06:15] [392/459] BGRJ
[00:06:16] [393/459] RJMM
[00:06:17] [394/459] MCSA
[00:06:18] [395/459] BODA
[00:06:19] [396/459] JAGG
[00:06:21] [397/459] SCGA
[00:06:22] [398/459] LRCM
[00:06:23] [399/459] CPCN
[00:06:24] [400/459] SSTF
[00:06:24] [401/459] SRXP
[00:06:25] [402/459] CNFX
[00:06:26] [403/459] ANDI
[00:06:27] [404/459] SYEW
[00:06:28] [405/459] RCRE
[00:06:29] [406/459] SCRW
[00:06:29] [407/459] MBKR
[00:06:30] [408/459] ASNT
[00:06:31] [409/459] JTMT
[00:06:33] [410/459] SHAY
[00:06:34] [411/459] VRTH
[00:06:34] [412/459] SPTI
[00:06:35] [413/459] DPTD
[00:06:36] [414/459] TGSN
[00:06:37] [415/459] RCWV
[00:06:38] [416/459] OCUR
[00:06:38] [417/459] KSTC
[00:06:39] [418/459] SANI
[00:06:40] [419/459] MLCA
[00:06:41] [420/459] EGCA
[00:06:42] [421/459] SYSN
[00:06:43] [422/459] PKTA
[00:06:44] [423/459] PRCC
[00:06:45] [424/459] KSTR
[00:06:46] [425/459] SNTP
[00:06:47] [426/459] RCHA
[00:06:48] [427/459] SEEA
[00:06:49] [428/459] ALAT
[00:06:50] [429/459] AATV
[00:06:51] [430/459] RJTE
[00:06:52] [431/459] AAPP
[00:06:52] [432/459] PMMH
[00:06:53] [433/459] INRJ
[00:06:54] [434/459] SARB
[00:06:55] [435/459] PCJL
[00:06:56] [436/459] PFJJ
[00:06:57] [437/459] GRDC
[00:06:58] [438/459] BCBA
[00:06:58] [439/459] VIXL
[00:06:59] [440/459] CSTL
[00:07:00] [441/459] MTDK
[00:07:01] [442/459] TDAC
[00:07:02] [443/459] GTDN
[00:07:03] [444/459] TTDE
[00:07:04] [445/459] ASTS
[00:07:04] [446/459] CPNS
[00:07:05] [447/459] PVVW
[00:07:06] [448/459] USEB
[00:07:07] [449/459] DTYN
[00:07:08] [450/459] PVLE
[00:07:09] [451/459] CIPS
[00:07:10] [452/459] PAEG
[00:07:10] [453/459] PTCW
[00:07:12] [454/459] G3SR
[00:07:12] [455/459] PGND
[00:07:14] [456/459] INVM
[00:07:15] [457/459] SPIA
[00:07:16] [458/459] PCSN
[00:07:16] [459/459] PPGV
[00:07:17] ✅ DONE | Shows=0 | Movies=0
