[00:00:35] 🚀 BMS DAILY TRACKER STARTED
[00:00:35] [1/445] TGMR
[00:00:35] 🧠 New identity
[00:00:37] [2/445] CXKR
[00:00:39] [3/445] SROP
[00:00:39] [4/445] GTSV
[00:00:40] [5/445] SNTY
[00:00:41] [6/445] SMYY
[00:00:42] [7/445] CNCS
[00:00:43] [8/445] CSTM
[00:00:44] [9/445] NUCD
[00:00:45] [10/445] SHCZ
[00:00:46] [11/445] NJCT
[00:00:48] [12/445] COPC
[00:00:49] [13/445] STVV
[00:00:50] [14/445] SKRN
[00:00:51] [15/445] APPZ
[00:00:53] [16/445] YMGN
[00:00:54] [17/445] SVTU
[00:00:54] [18/445] GTAD
[00:00:55] [19/445] PSUS
[00:00:56] [20/445] SMCD
[00:00:57] [21/445] CMCM
[00:00:58] [22/445] SYCT
[00:00:58] [23/445] STLY
[00:00:59] [24/445] CMHU
[00:01:00] [25/445] CMSA
[00:01:01] [26/445] CLCU
[00:01:02] [27/445] PPNT
[00:01:03] [28/445] JTAB
[00:01:04] [29/445] BUUC
[00:01:05] [30/445] BSVK
[00:01:06] [31/445] VVVQ
[00:01:07] [32/445] TKMU
[00:01:08] [33/445] ESYL
[00:01:09] [34/445] ACHP
[00:01:11] [35/445] BTKD
[00:01:13] [36/445] DESA
[00:01:13] [37/445] GBCT
[00:01:14] [38/445] BLLD
[00:01:15] [39/445] SKNT
[00:01:16] [40/445] SSTE
[00:01:17] [41/445] VJMR
[00:01:18] [42/445] NTPU
[00:01:19] [43/445] RDKN
[00:01:20] [44/445] ADGC
[00:01:21] [45/445] VRBP
[00:01:21] [46/445] NMNA
[00:01:22] [47/445] CMMX
[00:01:23] [48/445] PTKO
[00:01:25] [49/445] RBML
[00:01:26] [50/445] SAIC
[00:01:27] [51/445] SVTJ
[00:01:27] [52/445] MRTE
[00:01:29] [53/445] RBTP
[00:01:30] [54/445] NLPS
[00:01:31] [55/445] GTNA
[00:01:33] [56/445] DGGC
[00:01:34] [57/445] SMCR
[00:01:35] [58/445] SCGD
[00:01:36] [59/445] SRRJ
[00:01:37] [60/445] CNRY
[00:01:38] [61/445] KTDI
[00:01:39] [62/445] SNJL
[00:01:40] [63/445] RKMD
[00:01:41] [64/445] SMDC
[00:01:41] [65/445] TADG
[00:01:42] [66/445] MCGS
[00:01:43] [67/445] PETK
[00:01:44] [68/445] CHAG
[00:01:45] [69/445] KSTL
[00:01:46] [70/445] AADS
[00:01:47] [71/445] NTHZ
[00:01:47] [72/445] HCKI
[00:01:49] [73/445] SSEF
[00:01:50] [74/445] MCGX
[00:01:51] [75/445] ERRA
[00:01:52] [76/445] SDTW
[00:01:53] [77/445] RMPK
[00:01:55] [78/445] PTHK
[00:01:55] [79/445] PXCS
[00:01:56] [80/445] SVLU
[00:01:57] [81/445] STAH
[00:01:58] [82/445] JRGF
[00:01:59] [83/445] CDOK
[00:02:00] [84/445] CMSG
[00:02:02] [85/445] APTD
[00:02:03] [86/445] KMPG
[00:02:04] [87/445] MUTJ
[00:02:05] [88/445] VCCI
[00:02:06] [89/445] URBE
[00:02:08] [90/445] TCTS
[00:02:09] [91/445] STSN
[00:02:10] [92/445] AKCH
[00:02:11] [93/445] APSC
[00:02:13] [94/445] VLTB
[00:02:14] [95/445] SANU
[00:02:15] [96/445] AXAM
[00:02:16] [97/445] MGMG
[00:02:17] [98/445] HTBY
[00:02:18] [99/445] MMZS
[00:02:19] [100/445] SUDR
[00:02:20] [101/445] CCAD
[00:02:20] [102/445] SKKC
[00:02:21] [103/445] RMCD
[00:02:22] [104/445] SBCQ
[00:02:23] [105/445] DCCT
[00:02:24] [106/445] VTKP
[00:02:25] [107/445] MLAM
[00:02:26] [108/445] SAVT
[00:02:26] [109/445] GEPL
[00:02:27] [110/445] AMCD
[00:02:29] [111/445] CCXR
[00:02:30] [112/445] GRNG
[00:02:31] [113/445] EBCA
[00:02:32] [114/445] CNVG
[00:02:32] [115/445] MWSS
[00:02:34] [116/445] VBOR
[00:02:35] [117/445] NEEB
[00:02:36] [118/445] SUTH
[00:02:37] [119/445] ANDB
[00:02:38] [120/445] MMXS
[00:02:39] [121/445] CNPD
[00:02:40] [122/445] SDCE
[00:02:41] [123/445] DHCB
[00:02:42] [124/445] ODEN
[00:02:43] [125/445] TNTC
[00:02:44] [126/445] VBKM
[00:02:45] [127/445] RZYM
[00:02:45] [128/445] JEMC
[00:02:46] [129/445] CMAU
[00:02:47] [130/445] SIVP
[00:02:48] [131/445] ATAG
[00:02:49] [132/445] CHTM
[00:02:50] [133/445] AAEE
[00:02:51] [134/445] IWPM
[00:02:52] [135/445] KCMW
[00:02:53] [136/445] MCTD
[00:02:53] [137/445] SPWR
[00:02:54] [138/445] SDPO
[00:02:55] [139/445] PCSK
[00:02:56] [140/445] ACHV
[00:02:57] [141/445] SVLA
[00:02:58] [142/445] PICT
[00:02:59] [143/445] BXDR
[00:03:00] [144/445] SPWA
[00:03:01] [145/445] MCKO
[00:03:02] [146/445] RTHK
[00:03:03] [147/445] CCMF
[00:03:04] [148/445] MRGB
[00:03:05] [149/445] CPLC
[00:03:06] [150/445] RACD
[00:03:07] [151/445] ATKT
[00:03:08] [152/445] SARN
[00:03:09] [153/445] KKUI
[00:03:10] [154/445] RGCM
[00:03:10] [155/445] BRVP
[00:03:11] [156/445] HRSR
[00:03:13] [157/445] GKGM
[00:03:14] [158/445] TTCD
[00:03:15] [159/445] PTTI
[00:03:16] [160/445] MPTT
[00:03:17] [161/445] CVTT
[00:03:18] [162/445] PCXD
[00:03:20] [163/445] GCDC
[00:03:21] [164/445] CCCF
[00:03:22] [165/445] MRAD
[00:03:23] [166/445] CPLK
[00:03:24] [167/445] SATB
[00:03:25] [168/445] SNVG
[00:03:26] [169/445] JMBA
[00:03:27] [170/445] TEJA
[00:03:28] [171/445] STYO
[00:03:29] [172/445] JTBP
[00:03:30] [173/445] KRGD
[00:03:31] [174/445] SLJJ
[00:03:32] [175/445] SPTJ
[00:03:33] [176/445] SWJG
[00:03:34] [177/445] LKRT
[00:03:35] [178/445] KCKA
[00:03:36] [179/445] SNCR
[00:03:36] [180/445] SMKL
[00:03:37] [181/445] GCFA
[00:03:39] [182/445] DDCK
[00:03:40] [183/445] NCHJ
[00:03:40] [184/445] RDMA
[00:03:41] [185/445] SVSV
[00:03:42] [186/445] SCJG
[00:03:43] [187/445] VKLP
[00:03:44] [188/445] NWCC
[00:03:45] [189/445] VKNS
[00:03:45] [190/445] SDDP
[00:03:47] [191/445] ACSI
[00:03:48] [192/445] SATG
[00:03:49] [193/445] SCMW
[00:03:50] [194/445] LKTK
[00:03:51] [195/445] VCKV
[00:03:52] [196/445] KKPE
[00:03:53] [197/445] KIGH
[00:03:54] [198/445] SRPM
[00:03:55] [199/445] SCAH
[00:03:56] [200/445] MUTA
[00:03:57] [201/445] SEPU
[00:03:58] [202/445] INOA
[00:03:59] [203/445] BASK
[00:04:00] [204/445] NECB
[00:04:01] [205/445] GTTG
[00:04:02] [206/445] ASSA
[00:04:03] [207/445] ANCL
[00:04:04] [208/445] GCTI
[00:04:05] [209/445] RCTS
[00:04:06] [210/445] ACNL
[00:04:07] [211/445] MYCT
[00:04:07] [212/445] NMHT
[00:04:08] [213/445] MDIT
[00:04:09] [214/445] LATG
[00:04:10] [215/445] SMTY
[00:04:11] [216/445] CVCT
[00:04:13] [217/445] RAMB
[00:04:14] [218/445] TGMS
[00:04:15] [219/445] BHEL
[00:04:16] [220/445] SHCT
[00:04:17] [221/445] SVCT
[00:04:18] [222/445] MRIY
[00:04:19] [223/445] SARO
[00:04:21] [224/445] STCT
[00:04:21] [225/445] JKKC
[00:04:23] [226/445] PLTT
[00:04:24] [227/445] SRNT
[00:04:25] [228/445] YAST
[00:04:26] [229/445] PERL
[00:04:27] [230/445] CICM
[00:04:27] [231/445] MMTR
[00:04:28] [232/445] ABTK
[00:04:29] [233/445] ATYY
[00:04:31] [234/445] ASTK
[00:04:32] [235/445] VVCK
[00:04:33] [236/445] ATKY
[00:04:33] [237/445] GWEK
[00:04:35] [238/445] SVFH
[00:04:35] [239/445] SLTA
[00:04:37] [240/445] AASH
[00:04:39] [241/445] ACXB
[00:04:39] [242/445] SMTX
[00:04:41] [243/445] AZDH
[00:04:42] [244/445] CMMH
[00:04:43] [245/445] SCSZ
[00:04:44] [246/445] SCKP
[00:04:44] [247/445] NXTM
[00:04:45] [248/445] NWCS
[00:04:46] [249/445] CXMH
[00:04:47] [250/445] PCMA
[00:04:49] [251/445] SGCM
[00:04:49] [252/445] SDTU
[00:04:50] [253/445] MMVI
[00:04:51] [254/445] JKCM
[00:04:52] [255/445] VCMM
[00:04:53] [256/445] SYEE
[00:04:53] [257/445] VASD
[00:04:55] [258/445] BDRB
[00:04:56] [259/445] LASM
[00:04:58] [260/445] DCRL
[00:04:59] [261/445] DVPM
[00:05:00] [262/445] SBMJ
[00:05:01] [263/445] CBMU
[00:05:02] [264/445] IUBS
[00:05:03] [265/445] INAP
[00:05:04] [266/445] SRRC
[00:05:05] [267/445] SAGR
[00:05:06] [268/445] CPMJ
[00:05:06] [269/445] ATJL
[00:05:07] [270/445] NNTD
[00:05:08] [271/445] JHCJ
[00:05:09] [272/445] CMMP
[00:05:10] [273/445] RSDR
[00:05:12] [274/445] AMTI
[00:05:13] [275/445] NYSG
[00:05:14] [276/445] AVSG
[00:05:15] [277/445] SYTP
[00:05:16] [278/445] LARC
[00:05:17] [279/445] RJTP
[00:05:18] [280/445] LAKC
[00:05:19] [281/445] MCXE
[00:05:21] [282/445] CCZC
[00:05:22] [283/445] AVCH
[00:05:22] [284/445] CMBE
[00:05:23] [285/445] MRRC
[00:05:24] [286/445] PCPY
[00:05:25] [287/445] SRMH
[00:05:26] [288/445] SVGS
[00:05:28] [289/445] PCSE
[00:05:29] [290/445] SVFT
[00:05:29] [291/445] TNZP
[00:05:31] [292/445] ICTP
[00:05:32] [293/445] ACTZ
[00:05:33] [294/445] GTUR
[00:05:35] [295/445] MAFC
[00:05:36] [296/445] MINL
[00:05:37] [297/445] MRCL
[00:05:38] [298/445] RCRP
[00:05:38] [299/445] RFFG
[00:05:39] [300/445] RMAS
[00:05:40] [301/445] INVR
[00:05:41] [302/445] RMAR
[00:05:42] [303/445] CNIS
[00:05:42] [304/445] RHRJ
[00:05:43] [305/445] INXR
[00:05:44] [306/445] VALT
[00:05:45] [307/445] LCSH
[00:05:46] [308/445] CMVS
[00:05:47] [309/445] CNMS
[00:05:48] [310/445] ROOG
[00:05:49] [311/445] ISRM
[00:05:50] [312/445] RCRM
[00:05:51] [313/445] ACJA
[00:05:53] [314/445] RCVS
[00:05:55] [315/445] CPUS
[00:05:56] [316/445] TGCS
[00:05:57] [317/445] RKCJ
[00:05:57] [318/445] MKSB
[00:05:58] [319/445] TCSJ
[00:05:59] [320/445] RMGP
[00:06:00] [321/445] CLLP
[00:06:02] [322/445] RCMV
[00:06:03] [323/445] CCKS
[00:06:04] [324/445] RSRP
[00:06:06] [325/445] APLP
[00:06:08] [326/445] CNVS
[00:06:09] [327/445] RMVY
[00:06:09] [328/445] PGBD
[00:06:10] [329/445] KLMS
[00:06:11] [330/445] RUST
[00:06:13] [331/445] MASM
[00:06:14] [332/445] BACS
[00:06:15] [333/445] BWST
[00:06:16] [334/445] RRFH
[00:06:17] [335/445] SJTM
[00:06:19] [336/445] BEMR
[00:06:20] [337/445] MCGR
[00:06:21] [338/445] SDSK
[00:06:23] [339/445] VBOL
[00:06:24] [340/445] RMGM
[00:06:25] [341/445] NOPL
[00:06:27] [342/445] MKJK
[00:06:28] [343/445] CVRN
[00:06:29] [344/445] MMEN
[00:06:29] [345/445] AMNG
[00:06:30] [346/445] INTM
[00:06:31] [347/445] SLCZ
[00:06:33] [348/445] AMJN
[00:06:33] [349/445] ACJN
[00:06:34] [350/445] AMKN
[00:06:36] [351/445] BTCN
[00:06:37] [352/445] AMBT
[00:06:38] [353/445] PACN
[00:06:39] [354/445] LCNS
[00:06:40] [355/445] PPKC
[00:06:40] [356/445] JYYN
[00:06:41] [357/445] JTNR
[00:06:42] [358/445] GTEE
[00:06:43] [359/445] SRNM
[00:06:44] [360/445] SDTC
[00:06:46] [361/445] VPCA
[00:06:47] [362/445] VLRA
[00:06:48] [363/445] SHKR
[00:06:49] [364/445] SBKD
[00:06:49] [365/445] SAAD
[00:06:50] [366/445] JTGN
[00:06:51] [367/445] SLAM
[00:06:52] [368/445] VTPM
[00:06:54] [369/445] ANPT
[00:06:55] [370/445] PUNB
[00:06:56] [371/445] CPKT
[00:06:57] [372/445] CNWE
[00:06:59] [373/445] ECPP
[00:07:00] [374/445] CPAR
[00:07:02] [375/445] ESBW
[00:07:02] [376/445] PKPU
[00:07:03] [377/445] CPRP
[00:07:04] [378/445] RAHU
[00:07:05] [379/445] RHMN
[00:07:06] [380/445] FMJP
[00:07:06] [381/445] CTMP
[00:07:07] [382/445] INPN
[00:07:08] [383/445] STTG
[00:07:09] [384/445] CTRD
[00:07:10] [385/445] PUVB
[00:07:11] [386/445] ESVP
[00:07:13] [387/445] CPFT
[00:07:14] [388/445] LCPC
[00:07:15] [389/445] VBCT
[00:07:16] [390/445] FSCW
[00:07:17] [391/445] VCMP
[00:07:18] [392/445] ASHC
[00:07:19] [393/445] VLCX
[00:07:20] [394/445] SHEV
[00:07:21] [395/445] APCO
[00:07:22] [396/445] SILC
[00:07:23] [397/445] SNMR
[00:07:24] [398/445] KYBO
[00:07:24] [399/445] SATK
[00:07:25] [400/445] SSCS
[00:07:26] [401/445] CLSB
[00:07:27] [402/445] KMJR
[00:07:28] [403/445] FSCK
[00:07:29] [404/445] NNKA
[00:07:30] [405/445] CLMK
[00:07:31] [406/445] DMPZ
[00:07:32] [407/445] INQM
[00:07:33] [408/445] CAML
[00:07:34] [409/445] INRK
[00:07:35] [410/445] IMKN
[00:07:36] [411/445] SVNR
[00:07:37] [412/445] INSL
[00:07:38] [413/445] MSMA
[00:07:39] [414/445] MCKK
[00:07:41] [415/445] FCHP
[00:07:42] [416/445] SFCR
[00:07:43] [417/445] NACK
[00:07:44] [418/445] PVAK
[00:07:45] [419/445] INER
[00:07:46] [420/445] RDBK
[00:07:47] [421/445] SVFN
[00:07:48] [422/445] IFRM
[00:07:49] [423/445] ATCK
[00:07:50] [424/445] ASKO
[00:07:52] [425/445] STKT
[00:07:53] [426/445] SVFB
[00:07:54] [427/445] INKS
[00:07:55] [428/445] PCRA
[00:07:56] [429/445] ATJA
[00:07:56] [430/445] IMJN
[00:07:57] [431/445] INHD
[00:07:58] [432/445] BARA
[00:08:00] [433/445] MCSL
[00:08:01] [434/445] RTOY
[00:08:01] [435/445] MENO
[00:08:02] [436/445] PUDM
[00:08:03] [437/445] PRCN
[00:08:04] [438/445] JMJR
[00:08:05] [439/445] SSGK
[00:08:05] [440/445] SSRL
[00:08:07] [441/445] JYKL
[00:08:08] [442/445] ACNB
[00:08:09] [443/445] SONP
[00:08:11] [444/445] EMCI
[00:08:12] [445/445] MRJH
[00:08:13] ✅ DONE | Shows=0 | Movies=0
