[00:00:28] 🚀 BMS DAILY TRACKER STARTED
[00:00:28] [1/459] MBDC
[00:00:28] 🧠 New identity
[00:00:29] [2/459] CHKM
[00:00:31] [3/459] JTKZ
[00:00:32] [4/459] CMCT
[00:00:33] [5/459] ASHO
[00:00:34] [6/459] ECDG
[00:00:35] [7/459] SPAT
[00:00:36] [8/459] HILC
[00:00:37] [9/459] SPPH
[00:00:38] [10/459] SBHN
[00:00:39] [11/459] RRCA
[00:00:39] [12/459] APAA
[00:00:40] [13/459] RAME
[00:00:41] [14/459] TMMS
[00:00:42] [15/459] BATK
[00:00:43] [16/459] LKOP
[00:00:44] [17/459] AMTT
[00:00:45] [18/459] PTGK
[00:00:47] [19/459] ANRS
[00:00:47] [20/459] VWBW
[00:00:48] [21/459] SVFG
[00:00:49] [22/459] STAT
[00:00:50] [23/459] GDCV
[00:00:51] [24/459] VEBI
[00:00:52] [25/459] VDSS
[00:00:53] [26/459] NTHV
[00:00:54] [27/459] AOCH
[00:00:55] [28/459] KASR
[00:00:56] [29/459] AYCS
[00:00:57] [30/459] SHAI
[00:00:57] [31/459] SKPE
[00:00:58] [32/459] SBTA
[00:00:59] [33/459] RTTD
[00:01:00] [34/459] CCJD
[00:01:01] [35/459] RSJJ
[00:01:02] [36/459] RKND
[00:01:02] [37/459] SVTX
[00:01:03] [38/459] BAKM
[00:01:04] [39/459] SVDC
[00:01:05] [40/459] MNCV
[00:01:06] [41/459] SJGC
[00:01:07] [42/459] MTPK
[00:01:08] [43/459] GATP
[00:01:09] [44/459] ABTS
[00:01:10] [45/459] ABDE
[00:01:11] [46/459] RCNM
[00:01:11] [47/459] KTHV
[00:01:12] [48/459] MDGJ
[00:01:14] [49/459] SMLM
[00:01:14] [50/459] JTMA
[00:01:15] [51/459] ACKP
[00:01:16] [52/459] SRTA
[00:01:17] [53/459] STAY
[00:01:18] [54/459] MAVO
[00:01:19] [55/459] APTS
[00:01:20] [56/459] OMEA
[00:01:20] [57/459] TTFD
[00:01:21] [58/459] MJCU
[00:01:22] [59/459] CXTE
[00:01:23] [60/459] CTPX
[00:01:24] [61/459] ASSL
[00:01:25] [62/459] CMVB
[00:01:26] [63/459] VPUR
[00:01:27] [64/459] JJDA
[00:01:28] [65/459] INBL
[00:01:28] [66/459] BIKB
[00:01:29] [67/459] NTBB
[00:01:30] [68/459] GLOB
[00:01:31] [69/459] SNTB
[00:01:31] [70/459] CHGV
[00:01:32] [71/459] SSBZ
[00:01:33] [72/459] PRDB
[00:01:34] [73/459] ISMT
[00:01:34] [74/459] MCSD
[00:01:35] [75/459] JBTT
[00:01:36] [76/459] GEKR
[00:01:37] [77/459] PVUN
[00:01:38] [78/459] NRTB
[00:01:39] [79/459] PRAA
[00:01:39] [80/459] PCBL
[00:01:40] [81/459] PTCM
[00:01:41] [82/459] KHNN
[00:01:42] [83/459] OMJE
[00:01:42] [84/459] STGN
[00:01:44] [85/459] RPMS
[00:01:45] [86/459] NWAD
[00:01:45] [87/459] BLCK
[00:01:46] [88/459] SVAA
[00:01:47] [89/459] URVM
[00:01:47] [90/459] ANTM
[00:01:48] [91/459] VJYM
[00:01:49] [92/459] MAZZ
[00:01:50] [93/459] CSHM
[00:01:51] [94/459] WGMH
[00:01:52] [95/459] SALN
[00:01:52] [96/459] BRTP
[00:01:53] [97/459] SVTA
[00:01:54] [98/459] SBTP
[00:01:55] [99/459] VLSS
[00:01:56] [100/459] SRJA
[00:01:57] [101/459] ANCG
[00:01:57] [102/459] CGGC
[00:01:58] [103/459] CRJA
[00:01:59] [104/459] USCR
[00:02:00] [105/459] MMEF
[00:02:01] [106/459] JCRJ
[00:02:02] [107/459] ADCM
[00:02:02] [108/459] BMYK
[00:02:04] [109/459] KICS
[00:02:04] [110/459] MBBT
[00:02:05] [111/459] MACK
[00:02:05] [112/459] CLDR
[00:02:06] [113/459] JYCR
[00:02:07] [114/459] DCRP
[00:02:08] [115/459] RAHT
[00:02:09] [116/459] CSSM
[00:02:09] [117/459] ATPK
[00:02:11] [118/459] KLRT
[00:02:11] [119/459] SRDD
[00:02:12] [120/459] CKMC
[00:02:13] [121/459] KRVM
[00:02:14] [122/459] AKCP
[00:02:14] [123/459] CNCV
[00:02:16] [124/459] PACT
[00:02:17] [125/459] NATP
[00:02:18] [126/459] PCPK
[00:02:18] [127/459] SMHO
[00:02:19] [128/459] CWTK
[00:02:20] [129/459] RVKZ
[00:02:21] [130/459] ASPD
[00:02:21] [131/459] VTKZ
[00:02:22] [132/459] LCSO
[00:02:23] [133/459] PRDY
[00:02:24] [134/459] RCAP
[00:02:25] [135/459] RGAR
[00:02:26] [136/459] RCAC
[00:02:26] [137/459] PMOD
[00:02:27] [138/459] PVCN
[00:02:28] [139/459] SCRZ
[00:02:28] [140/459] PVPC
[00:02:29] [141/459] STID
[00:02:30] [142/459] NEDD
[00:02:31] [143/459] BNBA
[00:02:32] [144/459] NTCD
[00:02:33] [145/459] OCDE
[00:02:33] [146/459] CCDU
[00:02:34] [147/459] CRXH
[00:02:35] [148/459] VLVT
[00:02:36] [149/459] CICI
[00:02:37] [150/459] SUCB
[00:02:37] [151/459] TCBP
[00:02:39] [152/459] SCCY
[00:02:39] [153/459] LXCY
[00:02:40] [154/459] NCMD
[00:02:41] [155/459] PHCS
[00:02:42] [156/459] DUXR
[00:02:43] [157/459] VNKS
[00:02:44] [158/459] SEDP
[00:02:45] [159/459] SVEN
[00:02:45] [160/459] SRKM
[00:02:46] [161/459] JTLT
[00:02:47] [162/459] SVSS
[00:02:48] [163/459] AMDE
[00:02:49] [164/459] WVRN
[00:02:49] [165/459] ISMG
[00:02:50] [166/459] WVKS
[00:02:51] [167/459] USCG
[00:02:52] [168/459] IOTG
[00:02:52] [169/459] RRJM
[00:02:53] [170/459] EDMP
[00:02:54] [171/459] SCGZ
[00:02:55] [172/459] GMGX
[00:02:56] [173/459] OMTP
[00:02:56] [174/459] MITD
[00:02:57] [175/459] SMMD
[00:02:58] [176/459] STML
[00:02:59] [177/459] MCFS
[00:03:00] [178/459] FPKA
[00:03:01] [179/459] OMLR
[00:03:02] [180/459] KKSC
[00:03:02] [181/459] RVMA
[00:03:03] [182/459] SCLL
[00:03:04] [183/459] SCDK
[00:03:05] [184/459] SXMI
[00:03:06] [185/459] SHDN
[00:03:07] [186/459] PAAD
[00:03:08] [187/459] UUCB
[00:03:08] [188/459] JHOL
[00:03:09] [189/459] SGWT
[00:03:10] [190/459] SRII
[00:03:11] [191/459] SGCK
[00:03:12] [192/459] SVVB
[00:03:12] [193/459] DMHA
[00:03:13] [194/459] PPNL
[00:03:14] [195/459] CPNL
[00:03:15] [196/459] WVLD
[00:03:16] [197/459] PSLV
[00:03:17] [198/459] VTTL
[00:03:17] [199/459] NPAD
[00:03:18] [200/459] PVCS
[00:03:19] [201/459] MCHL
[00:03:20] [202/459] PPLL
[00:03:21] [203/459] MALO
[00:03:21] [204/459] SWBH
[00:03:22] [205/459] PUGB
[00:03:23] [206/459] INBB
[00:03:25] [207/459] INNS
[00:03:25] [208/459] MCPT
[00:03:26] [209/459] SCMI
[00:03:26] [210/459] OCON
[00:03:28] [211/459] SCSM
[00:03:29] [212/459] RJVN
[00:03:29] [213/459] AMDK
[00:03:30] [214/459] ISMR
[00:03:31] [215/459] SMTD
[00:03:33] [216/459] VTDD
[00:03:33] [217/459] PDDZ
[00:03:34] [218/459] PCCK
[00:03:35] [219/459] INAM
[00:03:36] [220/459] FNKT
[00:03:37] [221/459] GDKA
[00:03:38] [222/459] MAYU
[00:03:39] [223/459] TCGU
[00:03:39] [224/459] KDCA
[00:03:40] [225/459] DOMY
[00:03:41] [226/459] PDDD
[00:03:41] [227/459] BJTS
[00:03:42] [228/459] VTCA
[00:03:43] [229/459] SBTM
[00:03:44] [230/459] SEET
[00:03:45] [231/459] SSTJ
[00:03:46] [232/459] SVNT
[00:03:46] [233/459] PPPR
[00:03:47] [234/459] PVYS
[00:03:49] [235/459] IOSE
[00:03:49] [236/459] ACTV
[00:03:51] [237/459] APVE
[00:03:51] [238/459] TCCL
[00:03:52] [239/459] SCMO
[00:03:53] [240/459] SAUM
[00:03:54] [241/459] KCJS
[00:03:54] [242/459] NJCJ
[00:03:55] [243/459] NECF
[00:03:56] [244/459] CCGW
[00:03:57] [245/459] CCMG
[00:03:58] [246/459] NYRG
[00:03:59] [247/459] NCSQ
[00:04:00] [248/459] GRCG
[00:04:00] [249/459] CCBT
[00:04:02] [250/459] ACGA
[00:04:02] [251/459] INAG
[00:04:03] [252/459] FUCG
[00:04:03] [253/459] AICF
[00:04:04] [254/459] GRGA
[00:04:05] [255/459] GDCN
[00:04:06] [256/459] RRCG
[00:04:07] [257/459] SDCH
[00:04:08] [258/459] WVJM
[00:04:09] [259/459] JCCZ
[00:04:09] [260/459] CNCL
[00:04:10] [261/459] TMLV
[00:04:11] [262/459] MEMB
[00:04:12] [263/459] SGTD
[00:04:13] [264/459] CONX
[00:04:14] [265/459] CCMH
[00:04:14] [266/459] ACMC
[00:04:15] [267/459] DTPD
[00:04:16] [268/459] POJA
[00:04:17] [269/459] FNBH
[00:04:18] [270/459] CGCB
[00:04:18] [271/459] RACN
[00:04:19] [272/459] JTSM
[00:04:20] [273/459] SCDN
[00:04:21] [274/459] AACK
[00:04:22] [275/459] RMCE
[00:04:23] [276/459] BSGB
[00:04:24] [277/459] MRCB
[00:04:24] [278/459] SRVR
[00:04:25] [279/459] VTKK
[00:04:26] [280/459] AMST
[00:04:27] [281/459] APCY
[00:04:28] [282/459] LMHO
[00:04:28] [283/459] MTZH
[00:04:29] [284/459] AMZB
[00:04:30] [285/459] SUVT
[00:04:31] [286/459] RCIP
[00:04:33] [287/459] KESR
[00:04:34] [288/459] SNKC
[00:04:35] [289/459] SCED
[00:04:35] [290/459] DVCA
[00:04:36] [291/459] VCDT
[00:04:37] [292/459] RRDI
[00:04:37] [293/459] DFCH
[00:04:38] [294/459] INSC
[00:04:39] [295/459] RGTR
[00:04:40] [296/459] FMOT
[00:04:41] [297/459] SCPM
[00:04:41] [298/459] GCDT
[00:04:43] [299/459] BRKT
[00:04:43] [300/459] DEMP
[00:04:45] [301/459] SRLC
[00:04:46] [302/459] KSTT
[00:04:46] [303/459] SMMT
[00:04:47] [304/459] SILM
[00:04:48] [305/459] JCVM
[00:04:48] [306/459] KCSV
[00:04:49] [307/459] MHLK
[00:04:50] [308/459] SLVL
[00:04:51] [309/459] RJKP
[00:04:52] [310/459] BBPC
[00:04:52] [311/459] MXCB
[00:04:54] [312/459] TCPK
[00:04:55] [313/459] RTBR
[00:04:56] [314/459] GAUT
[00:04:57] [315/459] DVCF
[00:04:58] [316/459] JTSB
[00:04:58] [317/459] SBLS
[00:05:00] [318/459] UDAY
[00:05:01] [319/459] PTNP
[00:05:02] [320/459] DMKT
[00:05:02] [321/459] NTDT
[00:05:03] [322/459] SHDJ
[00:05:04] [323/459] OTNC
[00:05:05] [324/459] RNTW
[00:05:06] [325/459] GCMI
[00:05:06] [326/459] CRCM
[00:05:07] [327/459] NNCZ
[00:05:09] [328/459] OEMO
[00:05:09] [329/459] PVJM
[00:05:10] [330/459] CPJI
[00:05:11] [331/459] RMCJ
[00:05:12] [332/459] CNWJ
[00:05:13] [333/459] EPJM
[00:05:14] [334/459] FNJJ
[00:05:15] [335/459] GCMJ
[00:05:15] [336/459] INPS
[00:05:17] [337/459] BICJ
[00:05:17] [338/459] ISTJ
[00:05:18] [339/459] INJC
[00:05:19] [340/459] GLXJ
[00:05:20] [341/459] INEM
[00:05:21] [342/459] JTMN
[00:05:23] [343/459] FRCJ
[00:05:23] [344/459] DDJP
[00:05:24] [345/459] INJV
[00:05:24] [346/459] GOLC
[00:05:25] [347/459] KOCI
[00:05:26] [348/459] FSTD
[00:05:28] [349/459] PACJ
[00:05:28] [350/459] GMCN
[00:05:29] [351/459] MMDJ
[00:05:30] [352/459] GODH
[00:05:31] [353/459] SKYN
[00:05:33] [354/459] NCTH
[00:05:33] [355/459] SKVZ
[00:05:34] [356/459] SVML
[00:05:35] [357/459] ACVZ
[00:05:36] [358/459] SURA
[00:05:37] [359/459] RTRB
[00:05:38] [360/459] LLCT
[00:05:39] [361/459] ATTS
[00:05:40] [362/459] JYCM
[00:05:41] [363/459] CTKR
[00:05:42] [364/459] LCKR
[00:05:43] [365/459] NYCV
[00:05:44] [366/459] NYOH
[00:05:45] [367/459] NOVX
[00:05:46] [368/459] MRGK
[00:05:47] [369/459] MOON
[00:05:47] [370/459] SBUC
[00:05:48] [371/459] GSVA
[00:05:49] [372/459] VIAK
[00:05:50] [373/459] SMVZ
[00:05:50] [374/459] MATE
[00:05:51] [375/459] RDCN
[00:05:52] [376/459] ASBL
[00:05:53] [377/459] ASVS
[00:05:54] [378/459] ASSR
[00:05:55] [379/459] SSKN
[00:05:56] [380/459] DRPV
[00:05:57] [381/459] MRHT
[00:05:58] [382/459] BSCN
[00:05:59] [383/459] RKNX
[00:06:01] [384/459] MSMC
[00:06:01] [385/459] MSCJ
[00:06:02] [386/459] BTBJ
[00:06:03] [387/459] MJCC
[00:06:04] [388/459] IOMM
[00:06:05] [389/459] ADGR
[00:06:06] [390/459] MYCP
[00:06:07] [391/459] IGCM
[00:06:08] [392/459] PGRK
[00:06:09] [393/459] VPGO
[00:06:11] [394/459] KOMS
[00:06:12] [395/459] URGG
[00:06:12] [396/459] GOST
[00:06:14] [397/459] LACT
[00:06:15] [398/459] BWCM
[00:06:15] [399/459] NCCW
[00:06:17] [400/459] SKYC
[00:06:17] [401/459] CCPM
[00:06:18] [402/459] VCBT
[00:06:19] [403/459] SDKR
[00:06:20] [404/459] CTYB
[00:06:21] [405/459] SHCX
[00:06:21] [406/459] RCUN
[00:06:22] [407/459] CNRA
[00:06:23] [408/459] RFCA
[00:06:24] [409/459] RDCU
[00:06:25] [410/459] SARK
[00:06:26] [411/459] SPPP
[00:06:26] [412/459] ADMB
[00:06:27] [413/459] JYOE
[00:06:28] [414/459] SRMD
[00:06:29] [415/459] RJDH
[00:06:30] [416/459] SSTD
[00:06:31] [417/459] AACV
[00:06:32] [418/459] PPVD
[00:06:33] [419/459] STCP
[00:06:33] [420/459] ANJR
[00:06:34] [421/459] ANLS
[00:06:35] [422/459] BIJO
[00:06:36] [423/459] AVAB
[00:06:36] [424/459] SPMD
[00:06:37] [425/459] SVJL
[00:06:38] [426/459] SDDJ
[00:06:39] [427/459] SLTU
[00:06:40] [428/459] SAKA
[00:06:40] [429/459] PMAM
[00:06:41] [430/459] FNAM
[00:06:42] [431/459] ACAM
[00:06:43] [432/459] SCMM
[00:06:44] [433/459] PMAK
[00:06:45] [434/459] NYSA
[00:06:46] [435/459] FCPA
[00:06:47] [436/459] GDAN
[00:06:48] [437/459] RSCA
[00:06:49] [438/459] DMAN
[00:06:50] [439/459] DZCM
[00:06:50] [440/459] NSGL
[00:06:51] [441/459] CCPP
[00:06:52] [442/459] PSMG
[00:06:52] [443/459] GSER
[00:06:53] [444/459] FCCT
[00:06:54] [445/459] FCTB
[00:06:55] [446/459] LCNK
[00:06:56] [447/459] SKTY
[00:06:57] [448/459] INAA
[00:06:58] [449/459] RCWN
[00:06:59] [450/459] VAIS
[00:06:59] [451/459] CVMN
[00:07:00] [452/459] INTS
[00:07:01] [453/459] FRGS
[00:07:02] [454/459] DTCK
[00:07:03] [455/459] MCMH
[00:07:04] [456/459] ECRR
[00:07:05] [457/459] RLLP
[00:07:05] [458/459] CCSN
[00:07:06] [459/459] CCBA
[00:07:07] ✅ DONE | Shows=0 | Movies=0
