[00:00:31] 🚀 BMS DAILY TRACKER STARTED
[00:00:31] [1/459] NECA
[00:00:31] 🧠 New identity
[00:00:32] [2/459] BJLC
[00:00:33] [3/459] BASU
[00:00:34] [4/459] RUPI
[00:00:35] [5/459] LCBK
[00:00:36] [6/459] PMAC
[00:00:37] [7/459] AMLC
[00:00:37] [8/459] LICL
[00:00:38] [9/459] UDMM
[00:00:39] [10/459] STBZ
[00:00:40] [11/459] UUBT
[00:00:41] [12/459] SJKC
[00:00:42] [13/459] TUAL
[00:00:43] [14/459] MRSE
[00:00:44] [15/459] RMRK
[00:00:45] [16/459] TTKP
[00:00:46] [17/459] KTKO
[00:00:47] [18/459] SDBK
[00:00:48] [19/459] MCPR
[00:00:50] [20/459] CHTI
[00:00:51] [21/459] GCCP
[00:00:52] [22/459] SRMY
[00:00:54] [23/459] NYST
[00:00:54] [24/459] NYAG
[00:00:55] [25/459] SBMT
[00:00:56] [26/459] INGA
[00:00:57] [27/459] WSIC
[00:00:58] [28/459] SCSS
[00:00:59] [29/459] COPG
[00:01:00] [30/459] RCGR
[00:01:00] [31/459] TCZA
[00:01:01] [32/459] CNLP
[00:01:02] [33/459] CLKN
[00:01:03] [34/459] LHDF
[00:01:04] [35/459] ELKC
[00:01:05] [36/459] VCEM
[00:01:06] [37/459] SSZA
[00:01:07] [38/459] KRMT
[00:01:08] [39/459] LCMV
[00:01:09] [40/459] AYCZ
[00:01:09] [41/459] CUMS
[00:01:11] [42/459] BOCK
[00:01:11] [43/459] PNMR
[00:01:12] [44/459] PJCP
[00:01:13] [45/459] JDDD
[00:01:14] [46/459] STMS
[00:01:15] [47/459] FLMB
[00:01:15] [48/459] PKCM
[00:01:16] [49/459] SPPR
[00:01:17] [50/459] EYLH
[00:01:18] [51/459] RJCC
[00:01:19] [52/459] MMPS
[00:01:20] [53/459] SHMX
[00:01:20] [54/459] CCNL
[00:01:21] [55/459] RCNV
[00:01:22] [56/459] MAAG
[00:01:23] [57/459] LXCM
[00:01:24] [58/459] RCNI
[00:01:25] [59/459] SNNI
[00:01:26] [60/459] LALC
[00:01:27] [61/459] SOCN
[00:01:27] [62/459] JHTP
[00:01:28] [63/459] PITP
[00:01:29] [64/459] CCKW
[00:01:30] [65/459] MCMC
[00:01:31] [66/459] DEES
[00:01:32] [67/459] SABT
[00:01:34] [68/459] VSPP
[00:01:34] [69/459] ABCT
[00:01:35] [70/459] JVTB
[00:01:36] [71/459] VCBD
[00:01:37] [72/459] RMGG
[00:01:38] [73/459] RNMH
[00:01:39] [74/459] SPGL
[00:01:40] [75/459] JTTR
[00:01:40] [76/459] SICS
[00:01:41] [77/459] SRMI
[00:01:42] [78/459] SSIJ
[00:01:43] [79/459] KFMT
[00:01:44] [80/459] VBIT
[00:01:44] [81/459] JKCT
[00:01:45] [82/459] GCGP
[00:01:46] [83/459] GDCS
[00:01:47] [84/459] TRBA
[00:01:48] [85/459] QUST
[00:01:49] [86/459] VSHM
[00:01:50] [87/459] SDCP
[00:01:50] [88/459] SNVS
[00:01:51] [89/459] NYTO
[00:01:52] [90/459] URWC
[00:01:53] [91/459] GTWH
[00:01:54] [92/459] PFCM
[00:01:54] [93/459] KRTA
[00:01:56] [94/459] AXMC
[00:01:56] [95/459] EVMC
[00:01:57] [96/459] HGSM
[00:01:58] [97/459] ACVM
[00:01:59] [98/459] PSKL
[00:01:59] [99/459] RDMP
[00:02:00] [100/459] RHGH
[00:02:01] [101/459] OMCM
[00:02:02] [102/459] DCCP
[00:02:03] [103/459] MCPB
[00:02:04] [104/459] ALCI
[00:02:05] [105/459] BLMX
[00:02:05] [106/459] BTMV
[00:02:06] [107/459] FVPN
[00:02:07] [108/459] CMAR
[00:02:08] [109/459] CEIM
[00:02:09] [110/459] CMVA
[00:02:11] [111/459] CPIV
[00:02:11] [112/459] CNPE
[00:02:12] [113/459] COLV
[00:02:13] [114/459] DNNV
[00:02:13] [115/459] HCAD
[00:02:14] [116/459] TAKA
[00:02:15] [117/459] INVD
[00:02:16] [118/459] IRMM
[00:02:17] [119/459] INSE
[00:02:18] [120/459] MRSW
[00:02:18] [121/459] MCVD
[00:02:20] [122/459] MCSO
[00:02:21] [123/459] PEVM
[00:02:21] [124/459] PVNL
[00:02:22] [125/459] PTCV
[00:02:23] [126/459] PRTC
[00:02:24] [127/459] RCVA
[00:02:25] [128/459] MTBN
[00:02:26] [129/459] LUCP
[00:02:27] [130/459] FMPT
[00:02:28] [131/459] JLSL
[00:02:28] [132/459] SBHA
[00:02:29] [133/459] SHRC
[00:02:30] [134/459] AVPS
[00:02:31] [135/459] STPM
[00:02:32] [136/459] ATRD
[00:02:32] [137/459] VTED
[00:02:33] [138/459] ACAI
[00:02:34] [139/459] SMAE
[00:02:35] [140/459] VMAT
[00:02:36] [141/459] LKCT
[00:02:37] [142/459] JTVK
[00:02:37] [143/459] PRTY
[00:02:38] [144/459] GETT
[00:02:39] [145/459] ESAP
[00:02:40] [146/459] NCPM
[00:02:40] [147/459] PCPA
[00:02:41] [148/459] MMOM
[00:02:42] [149/459] PHUP
[00:02:44] [150/459] CCPI
[00:02:44] [151/459] CNTD
[00:02:45] [152/459] NLJR
[00:02:46] [153/459] SRNG
[00:02:46] [154/459] MHAL
[00:02:47] [155/459] PNSM
[00:02:48] [156/459] DRMY
[00:02:49] [157/459] CCMU
[00:02:50] [158/459] SCMY
[00:02:50] [159/459] PVSY
[00:02:51] [160/459] SDLM
[00:02:52] [161/459] ICCM
[00:02:53] [162/459] PYSU
[00:02:54] [163/459] GATM
[00:02:54] [164/459] WOTM
[00:02:56] [165/459] RKTS
[00:02:56] [166/459] PMTY
[00:02:57] [167/459] LYMS
[00:02:58] [168/459] TGCA
[00:02:58] [169/459] DSTA
[00:02:59] [170/459] CNGE
[00:03:00] [171/459] VSTG
[00:03:01] [172/459] GTCK
[00:03:02] [173/459] TGNT
[00:03:03] [174/459] ASLC
[00:03:04] [175/459] SSST
[00:03:04] [176/459] KBTT
[00:03:05] [177/459] HKCP
[00:03:06] [178/459] SWLC
[00:03:07] [179/459] RTND
[00:03:07] [180/459] PKKT
[00:03:08] [181/459] HSTK
[00:03:09] [182/459] SPTT
[00:03:10] [183/459] IMPM
[00:03:11] [184/459] SCMV
[00:03:12] [185/459] SPCT
[00:03:12] [186/459] JBCA
[00:03:14] [187/459] ATTR
[00:03:14] [188/459] SPMT
[00:03:15] [189/459] LCTM
[00:03:16] [190/459] SCVL
[00:03:17] [191/459] SCVT
[00:03:18] [192/459] KRIC
[00:03:19] [193/459] CTMG
[00:03:20] [194/459] ACNC
[00:03:20] [195/459] DMCK
[00:03:21] [196/459] KMTV
[00:03:22] [197/459] PFCJ
[00:03:23] [198/459] VNMD
[00:03:24] [199/459] VPCZ
[00:03:25] [200/459] SRYR
[00:03:26] [201/459] SYTR
[00:03:27] [202/459] GATR
[00:03:28] [203/459] URTR
[00:03:29] [204/459] MKSM
[00:03:30] [205/459] VSMH
[00:03:30] [206/459] SKRJ
[00:03:31] [207/459] SSJR
[00:03:32] [208/459] SVSM
[00:03:33] [209/459] RUCM
[00:03:34] [210/459] PRKN
[00:03:35] [211/459] RROH
[00:03:36] [212/459] SCTN
[00:03:37] [213/459] RTDM
[00:03:38] [214/459] ASRM
[00:03:38] [215/459] SKMD
[00:03:39] [216/459] SUTD
[00:03:40] [217/459] SADM
[00:03:41] [218/459] WCNR
[00:03:42] [219/459] CNED
[00:03:43] [220/459] MPDB
[00:03:44] [221/459] KTBH
[00:03:45] [222/459] IDRM
[00:03:45] [223/459] PJJT
[00:03:46] [224/459] PFCV
[00:03:48] [225/459] AACT
[00:03:49] [226/459] AAAD
[00:03:49] [227/459] ANES
[00:03:50] [228/459] MNCA
[00:03:51] [229/459] RMGU
[00:03:51] [230/459] DLCN
[00:03:52] [231/459] LJWT
[00:03:53] [232/459] MCBG
[00:03:54] [233/459] MYBG
[00:03:55] [234/459] GCCA
[00:03:56] [235/459] GCGA
[00:03:57] [236/459] ECGN
[00:03:58] [237/459] PRAB
[00:03:58] [238/459] PNMP
[00:03:59] [239/459] GCPT
[00:04:00] [240/459] ROYN
[00:04:01] [241/459] VATM
[00:04:02] [242/459] KSNT
[00:04:03] [243/459] ACTC
[00:04:04] [244/459] PLTD
[00:04:04] [245/459] SKMK
[00:04:05] [246/459] CMTT
[00:04:07] [247/459] SMXP
[00:04:08] [248/459] SCMX
[00:04:08] [249/459] ACXN
[00:04:09] [250/459] ASWT
[00:04:10] [251/459] VVVL
[00:04:10] [252/459] NAGO
[00:04:11] [253/459] SNCN
[00:04:12] [254/459] MCKP
[00:04:13] [255/459] SAMO
[00:04:13] [256/459] JBTV
[00:04:14] [257/459] DCVV
[00:04:15] [258/459] KMSV
[00:04:16] [259/459] KDCN
[00:04:18] [260/459] CNCP
[00:04:18] [261/459] HAMC
[00:04:19] [262/459] CCVZ
[00:04:20] [263/459] NCCK
[00:04:21] [264/459] MCHR
[00:04:21] [265/459] SCHT
[00:04:22] [266/459] ESSH
[00:04:23] [267/459] CUJC
[00:04:24] [268/459] PECP
[00:04:25] [269/459] PMMI
[00:04:26] [270/459] PCCH
[00:04:27] [271/459] PRPM
[00:04:27] [272/459] PVKL
[00:04:28] [273/459] CBSM
[00:04:29] [274/459] PVCZ
[00:04:31] [275/459] PCVV
[00:04:31] [276/459] CTMJ
[00:04:32] [277/459] RCPS
[00:04:33] [278/459] PCIT
[00:04:34] [279/459] FNCH
[00:04:34] [280/459] INZD
[00:04:35] [281/459] INPC
[00:04:36] [282/459] LCZP
[00:04:37] [283/459] SMCB
[00:04:38] [284/459] PTSB
[00:04:39] [285/459] TPSI
[00:04:40] [286/459] KHMJ
[00:04:40] [287/459] RCCJ
[00:04:41] [288/459] NCJA
[00:04:43] [289/459] NCJN
[00:04:43] [290/459] BTDP
[00:04:44] [291/459] PADY
[00:04:45] [292/459] NYBH
[00:04:45] [293/459] MTBR
[00:04:46] [294/459] KRBC
[00:04:48] [295/459] DKTI
[00:04:49] [296/459] ANAN
[00:04:49] [297/459] INBP
[00:04:50] [298/459] PATB
[00:04:51] [299/459] RGNT
[00:04:52] [300/459] CGPM
[00:04:53] [301/459] INTN
[00:04:53] [302/459] MCMP
[00:04:54] [303/459] ASRG
[00:04:55] [304/459] CXJD
[00:04:56] [305/459] SPCP
[00:04:57] [306/459] CSTP
[00:04:58] [307/459] PKVC
[00:04:59] [308/459] ESCP
[00:05:00] [309/459] CAEP
[00:05:01] [310/459] CCSP
[00:05:01] [311/459] KTPC
[00:05:02] [312/459] DACA
[00:05:03] [313/459] NVKY
[00:05:04] [314/459] PTIN
[00:05:05] [315/459] SCIN
[00:05:05] [316/459] MCTY
[00:05:06] [317/459] PCMX
[00:05:07] [318/459] INIC
[00:05:08] [319/459] MMZM
[00:05:09] [320/459] SSLP
[00:05:10] [321/459] DTDT
[00:05:11] [322/459] FFCX
[00:05:12] [323/459] RCMM
[00:05:12] [324/459] KYID
[00:05:13] [325/459] CSCI
[00:05:14] [326/459] FCMC
[00:05:15] [327/459] MMXI
[00:05:16] [328/459] ASTC
[00:05:17] [329/459] CMRA
[00:05:17] [330/459] DICI
[00:05:18] [331/459] KDIN
[00:05:19] [332/459] PRFI
[00:05:20] [333/459] SVFC
[00:05:21] [334/459] UCPL
[00:05:22] [335/459] COOC
[00:05:23] [336/459] SCAL
[00:05:23] [337/459] SVFF
[00:05:25] [338/459] VCMG
[00:05:25] [339/459] UUCT
[00:05:26] [340/459] GCSE
[00:05:27] [341/459] SUSC
[00:05:28] [342/459] MISC
[00:05:29] [343/459] RMBL
[00:05:30] [344/459] CMXN
[00:05:31] [345/459] PVBK
[00:05:32] [346/459] HHCG
[00:05:33] [347/459] SCAG
[00:05:34] [348/459] CNPR
[00:05:36] [349/459] CSER
[00:05:36] [350/459] HLWD
[00:05:37] [351/459] BOLY
[00:05:38] [352/459] SSPG
[00:05:40] [353/459] MUPX
[00:05:41] [354/459] HAMR
[00:05:43] [355/459] SDNC
[00:05:43] [356/459] RTEN
[00:05:44] [357/459] SDTD
[00:05:45] [358/459] KAWS
[00:05:46] [359/459] CMZX
[00:05:47] [360/459] DCDD
[00:05:48] [361/459] ALSN
[00:05:49] [362/459] IMXS
[00:05:50] [363/459] PVFF
[00:05:51] [364/459] PVOO
[00:05:52] [365/459] CFBS
[00:05:53] [366/459] PVER
[00:05:53] [367/459] PPNX
[00:05:54] [368/459] CNRM
[00:05:55] [369/459] PVWW
[00:05:56] [370/459] INMB
[00:05:57] [371/459] CPJR
[00:05:58] [372/459] INRZ
[00:05:58] [373/459] PMSR
[00:05:59] [374/459] GPGM
[00:06:00] [375/459] PGWB
[00:06:01] [376/459] PMBR
[00:06:02] [377/459] GPAM
[00:06:03] [378/459] INBC
[00:06:04] [379/459] PZVK
[00:06:05] [380/459] CPEB
[00:06:05] [381/459] FMLB
[00:06:06] [382/459] INBG
[00:06:07] [383/459] GPBR
[00:06:08] [384/459] PAAS
[00:06:09] [385/459] VTBR
[00:06:10] [386/459] GPMY
[00:06:11] [387/459] GYBU
[00:06:11] [388/459] INBJ
[00:06:12] [389/459] LKTH
[00:06:13] [390/459] NSBR
[00:06:14] [391/459] PDRD
[00:06:15] [392/459] VRBL
[00:06:16] [393/459] VTGB
[00:06:17] [394/459] VTSK
[00:06:18] [395/459] BKDV
[00:06:19] [396/459] SVTB
[00:06:20] [397/459] MLDT
[00:06:21] [398/459] NRBL
[00:06:22] [399/459] SLTR
[00:06:23] [400/459] VNKA
[00:06:24] [401/459] TDCA
[00:06:25] [402/459] INBM
[00:06:26] [403/459] SSNR
[00:06:27] [404/459] BHAC
[00:06:27] [405/459] SDSD
[00:06:28] [406/459] SAMP
[00:06:29] [407/459] RATK
[00:06:30] [408/459] KCBI
[00:06:31] [409/459] URBL
[00:06:32] [410/459] MKBG
[00:06:33] [411/459] ASTB
[00:06:34] [412/459] VBWT
[00:06:35] [413/459] GPSM
[00:06:35] [414/459] ROON
[00:06:36] [415/459] CHTH
[00:06:37] [416/459] SSPA
[00:06:38] [417/459] ANBL
[00:06:39] [418/459] VTBE
[00:06:40] [419/459] SVKT
[00:06:41] [420/459] SVYK
[00:06:42] [421/459] PTBK
[00:06:42] [422/459] RKTB
[00:06:43] [423/459] BALT
[00:06:44] [424/459] STSV
[00:06:45] [425/459] VCCB
[00:06:46] [426/459] SLTB
[00:06:47] [427/459] SBCR
[00:06:48] [428/459] VDCS
[00:06:48] [429/459] MDKI
[00:06:49] [430/459] SMRN
[00:06:50] [431/459] PTBC
[00:06:51] [432/459] RADI
[00:06:52] [433/459] ADCR
[00:06:52] [434/459] SDCS
[00:06:53] [435/459] SRPJ
[00:06:54] [436/459] ARTS
[00:06:55] [437/459] SRHK
[00:06:56] [438/459] SPAY
[00:06:57] [439/459] GPTB
[00:06:58] [440/459] SNNN
[00:06:59] [441/459] BALJ
[00:07:00] [442/459] TRIG
[00:07:00] [443/459] GTYT
[00:07:01] [444/459] ATGN
[00:07:02] [445/459] ANTE
[00:07:03] [446/459] BDCG
[00:07:04] [447/459] VECI
[00:07:05] [448/459] SCPR
[00:07:06] [449/459] RTEA
[00:07:08] [450/459] JSAI
[00:07:09] [451/459] VJTP
[00:07:10] [452/459] GNDS
[00:07:11] [453/459] PAXA
[00:07:12] [454/459] CGGM
[00:07:13] [455/459] ACKZ
[00:07:14] [456/459] EMCC
[00:07:14] [457/459] KLSK
[00:07:15] [458/459] AVCK
[00:07:16] [459/459] JTCK
[00:07:17] ✅ DONE | Shows=0 | Movies=0
[00:50:23] 🚀 BMS DAILY TRACKER STARTED
[00:50:23] [1/459] NECA
[00:50:23] 🧠 New identity
[00:50:24] [2/459] BJLC
[00:50:25] [3/459] BASU
[00:50:25] [4/459] RUPI
[00:50:26] [5/459] LCBK
[00:50:27] [6/459] PMAC
[00:50:28] [7/459] AMLC
[00:50:29] [8/459] LICL
[00:50:30] [9/459] UDMM
[00:50:31] [10/459] STBZ
[00:50:32] [11/459] UUBT
[00:50:33] [12/459] SJKC
[00:50:34] [13/459] TUAL
[00:50:35] [14/459] MRSE
[00:50:36] [15/459] RMRK
[00:50:36] [16/459] TTKP
[00:50:37] [17/459] KTKO
[00:50:38] [18/459] SDBK
[00:50:39] [19/459] MCPR
[00:50:41] [20/459] CHTI
[00:50:41] [21/459] GCCP
[00:50:43] [22/459] SRMY
[00:50:45] [23/459] NYST
[00:50:45] [24/459] NYAG
[00:50:46] [25/459] SBMT
[00:50:47] [26/459] INGA
[00:50:48] [27/459] WSIC
[00:50:49] [28/459] SCSS
[00:50:51] [29/459] COPG
[00:50:52] [30/459] RCGR
[00:50:53] [31/459] TCZA
[00:50:53] [32/459] CNLP
[00:50:55] [33/459] CLKN
[00:50:56] [34/459] LHDF
[00:50:57] [35/459] ELKC
[00:50:58] [36/459] VCEM
[00:51:00] [37/459] SSZA
[00:51:01] [38/459] KRMT
[00:51:01] [39/459] LCMV
[00:51:02] [40/459] AYCZ
[00:51:03] [41/459] CUMS
[00:51:04] [42/459] BOCK
[00:51:06] [43/459] PNMR
[00:51:07] [44/459] PJCP
[00:51:08] [45/459] JDDD
[00:51:09] [46/459] STMS
[00:51:10] [47/459] FLMB
[00:51:10] [48/459] PKCM
[00:51:11] [49/459] SPPR
[00:51:12] [50/459] EYLH
[00:51:13] [51/459] RJCC
[00:51:14] [52/459] MMPS
[00:51:15] [53/459] SHMX
[00:51:16] [54/459] CCNL
[00:51:17] [55/459] RCNV
[00:51:18] [56/459] MAAG
[00:51:18] [57/459] LXCM
[00:51:19] [58/459] RCNI
[00:51:20] [59/459] SNNI
[00:51:21] [60/459] LALC
[00:51:22] [61/459] SOCN
[00:51:24] [62/459] JHTP
[00:51:24] [63/459] PITP
[00:51:25] [64/459] CCKW
[00:51:27] [65/459] MCMC
[00:51:28] [66/459] DEES
[00:51:29] [67/459] SABT
[00:51:30] [68/459] VSPP
[00:51:31] [69/459] ABCT
[00:51:32] [70/459] JVTB
[00:51:33] [71/459] VCBD
[00:51:33] [72/459] RMGG
[00:51:35] [73/459] RNMH
[00:51:35] [74/459] SPGL
[00:51:36] [75/459] JTTR
[00:51:38] [76/459] SICS
[00:51:39] [77/459] SRMI
[00:51:40] [78/459] SSIJ
[00:51:41] [79/459] KFMT
[00:51:42] [80/459] VBIT
[00:51:43] [81/459] JKCT
[00:51:44] [82/459] GCGP
[00:51:45] [83/459] GDCS
[00:51:46] [84/459] TRBA
[00:51:47] [85/459] QUST
[00:51:48] [86/459] VSHM
[00:51:49] [87/459] SDCP
[00:51:49] [88/459] SNVS
[00:51:51] [89/459] NYTO
[00:51:52] [90/459] URWC
[00:51:53] [91/459] GTWH
[00:51:54] [92/459] PFCM
[00:51:55] [93/459] KRTA
[00:51:56] [94/459] AXMC
[00:51:57] [95/459] EVMC
[00:51:58] [96/459] HGSM
[00:51:59] [97/459] ACVM
[00:52:00] [98/459] PSKL
[00:52:01] [99/459] RDMP
[00:52:02] [100/459] RHGH
[00:52:03] [101/459] OMCM
[00:52:05] [102/459] DCCP
[00:52:06] [103/459] MCPB
[00:52:07] [104/459] ALCI
[00:52:08] [105/459] BLMX
[00:52:09] [106/459] BTMV
[00:52:10] [107/459] FVPN
[00:52:11] [108/459] CMAR
[00:52:12] [109/459] CEIM
[00:52:13] [110/459] CMVA
[00:52:14] [111/459] CPIV
[00:52:15] [112/459] CNPE
[00:52:16] [113/459] COLV
[00:52:17] [114/459] DNNV
[00:52:18] [115/459] HCAD
[00:52:19] [116/459] TAKA
[00:52:20] [117/459] INVD
[00:52:21] [118/459] IRMM
[00:52:22] [119/459] INSE
[00:52:23] [120/459] MRSW
[00:52:24] [121/459] MCVD
[00:52:24] [122/459] MCSO
[00:52:25] [123/459] PEVM
[00:52:26] [124/459] PVNL
[00:52:27] [125/459] PTCV
[00:52:28] [126/459] PRTC
[00:52:28] [127/459] RCVA
[00:52:30] [128/459] MTBN
[00:52:31] [129/459] LUCP
[00:52:32] [130/459] FMPT
[00:52:33] [131/459] JLSL
[00:52:34] [132/459] SBHA
[00:52:35] [133/459] SHRC
[00:52:35] [134/459] AVPS
[00:52:36] [135/459] STPM
[00:52:38] [136/459] ATRD
[00:52:39] [137/459] VTED
[00:52:40] [138/459] ACAI
[00:52:41] [139/459] SMAE
[00:52:42] [140/459] VMAT
[00:52:43] [141/459] LKCT
[00:52:43] [142/459] JTVK
[00:52:44] [143/459] PRTY
[00:52:45] [144/459] GETT
[00:52:47] [145/459] ESAP
[00:52:48] [146/459] NCPM
[00:52:49] [147/459] PCPA
[00:52:49] [148/459] MMOM
[00:52:50] [149/459] PHUP
[00:52:51] [150/459] CCPI
[00:52:52] [151/459] CNTD
[00:52:53] [152/459] NLJR
[00:52:54] [153/459] SRNG
[00:52:55] [154/459] MHAL
[00:52:55] [155/459] PNSM
[00:52:57] [156/459] DRMY
[00:52:58] [157/459] CCMU
[00:52:59] [158/459] SCMY
[00:52:59] [159/459] PVSY
[00:53:00] [160/459] SDLM
[00:53:01] [161/459] ICCM
[00:53:02] [162/459] PYSU
[00:53:03] [163/459] GATM
[00:53:03] [164/459] WOTM
[00:53:05] [165/459] RKTS
[00:53:06] [166/459] PMTY
[00:53:07] [167/459] LYMS
[00:53:07] [168/459] TGCA
[00:53:08] [169/459] DSTA
[00:53:09] [170/459] CNGE
[00:53:10] [171/459] VSTG
[00:53:11] [172/459] GTCK
[00:53:12] [173/459] TGNT
[00:53:13] [174/459] ASLC
[00:53:14] [175/459] SSST
[00:53:15] [176/459] KBTT
[00:53:16] [177/459] HKCP
[00:53:17] [178/459] SWLC
[00:53:17] [179/459] RTND
[00:53:18] [180/459] PKKT
[00:53:19] [181/459] HSTK
[00:53:20] [182/459] SPTT
[00:53:21] [183/459] IMPM
[00:53:23] [184/459] SCMV
[00:53:24] [185/459] SPCT
[00:53:25] [186/459] JBCA
[00:53:26] [187/459] ATTR
[00:53:27] [188/459] SPMT
[00:53:28] [189/459] LCTM
[00:53:29] [190/459] SCVL
[00:53:30] [191/459] SCVT
[00:53:32] [192/459] KRIC
[00:53:33] [193/459] CTMG
[00:53:34] [194/459] ACNC
[00:53:35] [195/459] DMCK
[00:53:36] [196/459] KMTV
[00:53:37] [197/459] PFCJ
[00:53:39] [198/459] VNMD
[00:53:39] [199/459] VPCZ
[00:53:40] [200/459] SRYR
[00:53:41] [201/459] SYTR
[00:53:42] [202/459] GATR
[00:53:42] [203/459] URTR
[00:53:44] [204/459] MKSM
[00:53:45] [205/459] VSMH
[00:53:46] [206/459] SKRJ
[00:53:47] [207/459] SSJR
[00:53:48] [208/459] SVSM
[00:53:49] [209/459] RUCM
[00:53:50] [210/459] PRKN
[00:53:51] [211/459] RROH
[00:53:52] [212/459] SCTN
[00:53:53] [213/459] RTDM
[00:53:54] [214/459] ASRM
[00:53:54] [215/459] SKMD
[00:53:55] [216/459] SUTD
[00:53:56] [217/459] SADM
[00:53:57] [218/459] WCNR
[00:53:58] [219/459] CNED
[00:53:59] [220/459] MPDB
[00:54:00] [221/459] KTBH
[00:54:02] [222/459] IDRM
[00:54:02] [223/459] PJJT
[00:54:03] [224/459] PFCV
[00:54:04] [225/459] AACT
[00:54:05] [226/459] AAAD
[00:54:06] [227/459] ANES
[00:54:07] [228/459] MNCA
[00:54:07] [229/459] RMGU
[00:54:09] [230/459] DLCN
[00:54:09] [231/459] LJWT
[00:54:10] [232/459] MCBG
[00:54:11] [233/459] MYBG
[00:54:12] [234/459] GCCA
[00:54:13] [235/459] GCGA
[00:54:14] [236/459] ECGN
[00:54:15] [237/459] PRAB
[00:54:16] [238/459] PNMP
[00:54:17] [239/459] GCPT
[00:54:17] [240/459] ROYN
[00:54:18] [241/459] VATM
[00:54:19] [242/459] KSNT
[00:54:21] [243/459] ACTC
[00:54:21] [244/459] PLTD
[00:54:22] [245/459] SKMK
[00:54:24] [246/459] CMTT
[00:54:25] [247/459] SMXP
[00:54:25] [248/459] SCMX
[00:54:26] [249/459] ACXN
[00:54:27] [250/459] ASWT
[00:54:28] [251/459] VVVL
[00:54:29] [252/459] NAGO
[00:54:30] [253/459] SNCN
[00:54:31] [254/459] MCKP
[00:54:32] [255/459] SAMO
[00:54:32] [256/459] JBTV
[00:54:33] [257/459] DCVV
[00:54:34] [258/459] KMSV
[00:54:35] [259/459] KDCN
[00:54:36] [260/459] CNCP
[00:54:36] [261/459] HAMC
[00:54:37] [262/459] CCVZ
[00:54:38] [263/459] NCCK
[00:54:39] [264/459] MCHR
[00:54:40] [265/459] SCHT
[00:54:41] [266/459] ESSH
[00:54:42] [267/459] CUJC
[00:54:44] [268/459] PECP
[00:54:45] [269/459] PMMI
[00:54:45] [270/459] PCCH
[00:54:46] [271/459] PRPM
[00:54:47] [272/459] PVKL
[00:54:48] [273/459] CBSM
[00:54:49] [274/459] PVCZ
[00:54:50] [275/459] PCVV
[00:54:52] [276/459] CTMJ
[00:54:53] [277/459] RCPS
[00:54:54] [278/459] PCIT
[00:54:55] [279/459] FNCH
[00:54:56] [280/459] INZD
[00:54:57] [281/459] INPC
[00:54:58] [282/459] LCZP
[00:54:59] [283/459] SMCB
[00:55:00] [284/459] PTSB
[00:55:01] [285/459] TPSI
[00:55:02] [286/459] KHMJ
[00:55:03] [287/459] RCCJ
[00:55:04] [288/459] NCJA
[00:55:05] [289/459] NCJN
[00:55:06] [290/459] BTDP
[00:55:07] [291/459] PADY
[00:55:07] [292/459] NYBH
[00:55:08] [293/459] MTBR
[00:55:09] [294/459] KRBC
[00:55:10] [295/459] DKTI
[00:55:11] [296/459] ANAN
[00:55:12] [297/459] INBP
[00:55:12] [298/459] PATB
[00:55:13] [299/459] RGNT
[00:55:14] [300/459] CGPM
[00:55:15] [301/459] INTN
[00:55:15] [302/459] MCMP
[00:55:16] [303/459] ASRG
[00:55:17] [304/459] CXJD
[00:55:18] [305/459] SPCP
[00:55:19] [306/459] CSTP
[00:55:19] [307/459] PKVC
[00:55:20] [308/459] ESCP
[00:55:21] [309/459] CAEP
[00:55:23] [310/459] CCSP
[00:55:24] [311/459] KTPC
[00:55:25] [312/459] DACA
[00:55:26] [313/459] NVKY
[00:55:26] [314/459] PTIN
[00:55:27] [315/459] SCIN
[00:55:28] [316/459] MCTY
[00:55:29] [317/459] PCMX
[00:55:30] [318/459] INIC
[00:55:31] [319/459] MMZM
[00:55:32] [320/459] SSLP
[00:55:33] [321/459] DTDT
[00:55:33] [322/459] FFCX
[00:55:34] [323/459] RCMM
[00:55:35] [324/459] KYID
[00:55:36] [325/459] CSCI
[00:55:37] [326/459] FCMC
[00:55:38] [327/459] MMXI
[00:55:40] [328/459] ASTC
[00:55:41] [329/459] CMRA
[00:55:42] [330/459] DICI
[00:55:42] [331/459] KDIN
[00:55:43] [332/459] PRFI
[00:55:44] [333/459] SVFC
[00:55:46] [334/459] UCPL
[00:55:47] [335/459] COOC
[00:55:47] [336/459] SCAL
[00:55:48] [337/459] SVFF
[00:55:49] [338/459] VCMG
[00:55:51] [339/459] UUCT
[00:55:52] [340/459] GCSE
[00:55:53] [341/459] SUSC
[00:55:54] [342/459] MISC
[00:55:54] [343/459] RMBL
[00:55:55] [344/459] CMXN
[00:55:56] [345/459] PVBK
[00:55:57] [346/459] HHCG
[00:55:58] [347/459] SCAG
[00:55:59] [348/459] CNPR
[00:56:00] [349/459] CSER
[00:56:01] [350/459] HLWD
[00:56:02] [351/459] BOLY
[00:56:03] [352/459] SSPG
[00:56:05] [353/459] MUPX
[00:56:06] [354/459] HAMR
[00:56:07] [355/459] SDNC
[00:56:08] [356/459] RTEN
[00:56:09] [357/459] SDTD
[00:56:11] [358/459] KAWS
[00:56:11] [359/459] CMZX
[00:56:12] [360/459] DCDD
[00:56:13] [361/459] ALSN
[00:56:14] [362/459] IMXS
[00:56:15] [363/459] PVFF
[00:56:16] [364/459] PVOO
[00:56:17] [365/459] CFBS
[00:56:18] [366/459] PVER
[00:56:19] [367/459] PPNX
[00:56:21] [368/459] CNRM
[00:56:22] [369/459] PVWW
[00:56:23] [370/459] INMB
[00:56:24] [371/459] CPJR
[00:56:24] [372/459] INRZ
[00:56:25] [373/459] PMSR
[00:56:26] [374/459] GPGM
[00:56:28] [375/459] PGWB
[00:56:30] [376/459] PMBR
[00:56:30] [377/459] GPAM
[00:56:31] [378/459] INBC
[00:56:32] [379/459] PZVK
[00:56:33] [380/459] CPEB
[00:56:34] [381/459] FMLB
[00:56:35] [382/459] INBG
[00:56:35] [383/459] GPBR
[00:56:36] [384/459] PAAS
[00:56:37] [385/459] VTBR
[00:56:38] [386/459] GPMY
[00:56:39] [387/459] GYBU
[00:56:40] [388/459] INBJ
[00:56:41] [389/459] LKTH
[00:56:42] [390/459] NSBR
[00:56:43] [391/459] PDRD
[00:56:44] [392/459] VRBL
[00:56:44] [393/459] VTGB
[00:56:45] [394/459] VTSK
[00:56:46] [395/459] BKDV
[00:56:48] [396/459] SVTB
[00:56:49] [397/459] MLDT
[00:56:50] [398/459] NRBL
[00:56:51] [399/459] SLTR
[00:56:51] [400/459] VNKA
[00:56:52] [401/459] TDCA
[00:56:53] [402/459] INBM
[00:56:55] [403/459] SSNR
[00:56:56] [404/459] BHAC
[00:56:57] [405/459] SDSD
[00:56:58] [406/459] SAMP
[00:56:59] [407/459] RATK
[00:57:00] [408/459] KCBI
[00:57:01] [409/459] URBL
[00:57:01] [410/459] MKBG
[00:57:02] [411/459] ASTB
[00:57:03] [412/459] VBWT
[00:57:04] [413/459] GPSM
[00:57:05] [414/459] ROON
[00:57:05] [415/459] CHTH
[00:57:07] [416/459] SSPA
[00:57:08] [417/459] ANBL
[00:57:08] [418/459] VTBE
[00:57:09] [419/459] SVKT
[00:57:10] [420/459] SVYK
[00:57:11] [421/459] PTBK
[00:57:12] [422/459] RKTB
[00:57:12] [423/459] BALT
[00:57:13] [424/459] STSV
[00:57:14] [425/459] VCCB
[00:57:15] [426/459] SLTB
[00:57:16] [427/459] SBCR
[00:57:17] [428/459] VDCS
[00:57:18] [429/459] MDKI
[00:57:20] [430/459] SMRN
[00:57:20] [431/459] PTBC
[00:57:21] [432/459] RADI
[00:57:22] [433/459] ADCR
[00:57:23] [434/459] SDCS
[00:57:25] [435/459] SRPJ
[00:57:26] [436/459] ARTS
[00:57:27] [437/459] SRHK
[00:57:28] [438/459] SPAY
[00:57:29] [439/459] GPTB
[00:57:30] [440/459] SNNN
[00:57:31] [441/459] BALJ
[00:57:31] [442/459] TRIG
[00:57:32] [443/459] GTYT
[00:57:33] [444/459] ATGN
[00:57:34] [445/459] ANTE
[00:57:35] [446/459] BDCG
[00:57:36] [447/459] VECI
[00:57:37] [448/459] SCPR
[00:57:38] [449/459] RTEA
[00:57:38] [450/459] JSAI
[00:57:39] [451/459] VJTP
[00:57:40] [452/459] GNDS
[00:57:41] [453/459] PAXA
[00:57:42] [454/459] CGGM
[00:57:42] [455/459] ACKZ
[00:57:43] [456/459] EMCC
[00:57:44] [457/459] KLSK
[00:57:45] [458/459] AVCK
[00:57:46] [459/459] JTCK
[00:57:47] ✅ DONE | Shows=0 | Movies=0
[01:53:33] 🚀 BMS DAILY TRACKER STARTED
[01:53:33] [1/459] NECA
[01:53:33] 🧠 New identity
[01:53:34] [2/459] BJLC
[01:53:35] [3/459] BASU
[01:53:35] [4/459] RUPI
[01:53:36] [5/459] LCBK
[01:53:37] [6/459] PMAC
[01:53:37] [7/459] AMLC
[01:53:38] [8/459] LICL
[01:53:38] [9/459] UDMM
[01:53:39] [10/459] STBZ
[01:53:39] [11/459] UUBT
[01:53:40] [12/459] SJKC
[01:53:40] [13/459] TUAL
[01:53:41] [14/459] MRSE
[01:53:42] [15/459] RMRK
[01:53:42] [16/459] TTKP
[01:53:43] [17/459] KTKO
[01:53:43] [18/459] SDBK
[01:53:44] [19/459] MCPR
[01:53:44] [20/459] CHTI
[01:53:45] [21/459] GCCP
[01:53:45] [22/459] SRMY
[01:53:46] [23/459] NYST
[01:53:46] [24/459] NYAG
[01:53:47] [25/459] SBMT
[01:53:48] [26/459] INGA
[01:53:48] [27/459] WSIC
[01:53:49] [28/459] SCSS
[01:53:49] [29/459] COPG
[01:53:50] [30/459] RCGR
[01:53:50] [31/459] TCZA
[01:53:51] [32/459] CNLP
[01:53:51] [33/459] CLKN
[01:53:52] [34/459] LHDF
[01:53:53] [35/459] ELKC
[01:53:53] [36/459] VCEM
[01:53:54] [37/459] SSZA
[01:53:54] [38/459] KRMT
[01:53:55] [39/459] LCMV
[01:53:55] [40/459] AYCZ
[01:53:56] [41/459] CUMS
[01:53:57] [42/459] BOCK
[01:53:57] [43/459] PNMR
[01:53:58] [44/459] PJCP
[01:53:59] [45/459] JDDD
[01:53:59] [46/459] STMS
[01:54:00] [47/459] FLMB
[01:54:00] [48/459] PKCM
[01:54:01] [49/459] SPPR
[01:54:01] [50/459] EYLH
[01:54:02] [51/459] RJCC
[01:54:02] [52/459] MMPS
[01:54:03] [53/459] SHMX
[01:54:04] [54/459] CCNL
[01:54:04] [55/459] RCNV
[01:54:04] [56/459] MAAG
[01:54:05] [57/459] LXCM
[01:54:05] [58/459] RCNI
[01:54:06] [59/459] SNNI
[01:54:06] [60/459] LALC
[01:54:07] [61/459] SOCN
[01:54:08] [62/459] JHTP
[01:54:08] [63/459] PITP
[01:54:08] [64/459] CCKW
[01:54:09] [65/459] MCMC
[01:54:09] [66/459] DEES
[01:54:10] [67/459] SABT
[01:54:11] [68/459] VSPP
[01:54:11] [69/459] ABCT
[01:54:12] [70/459] JVTB
[01:54:12] [71/459] VCBD
[01:54:13] [72/459] RMGG
[01:54:14] [73/459] RNMH
[01:54:14] [74/459] SPGL
[01:54:15] [75/459] JTTR
[01:54:15] [76/459] SICS
[01:54:16] [77/459] SRMI
[01:54:16] [78/459] SSIJ
[01:54:17] [79/459] KFMT
[01:54:18] [80/459] VBIT
[01:54:18] [81/459] JKCT
[01:54:19] [82/459] GCGP
[01:54:20] [83/459] GDCS
[01:54:20] [84/459] TRBA
[01:54:20] [85/459] QUST
[01:54:21] [86/459] VSHM
[01:54:22] [87/459] SDCP
[01:54:22] [88/459] SNVS
[01:54:23] [89/459] NYTO
[01:54:23] [90/459] URWC
[01:54:24] [91/459] GTWH
[01:54:24] [92/459] PFCM
[01:54:25] [93/459] KRTA
[01:54:25] [94/459] AXMC
[01:54:26] [95/459] EVMC
[01:54:26] [96/459] HGSM
[01:54:27] [97/459] ACVM
[01:54:28] [98/459] PSKL
[01:54:28] [99/459] RDMP
[01:54:29] [100/459] RHGH
[01:54:30] [101/459] OMCM
[01:54:30] [102/459] DCCP
[01:54:31] [103/459] MCPB
[01:54:31] [104/459] ALCI
[01:54:32] [105/459] BLMX
[01:54:32] [106/459] BTMV
[01:54:33] [107/459] FVPN
[01:54:34] [108/459] CMAR
[01:54:34] [109/459] CEIM
[01:54:35] [110/459] CMVA
[01:54:35] [111/459] CPIV
[01:54:36] [112/459] CNPE
[01:54:37] [113/459] COLV
[01:54:37] [114/459] DNNV
[01:54:38] [115/459] HCAD
[01:54:38] [116/459] TAKA
[01:54:39] [117/459] INVD
[01:54:39] [118/459] IRMM
[01:54:40] [119/459] INSE
[01:54:40] [120/459] MRSW
[01:54:41] [121/459] MCVD
[01:54:42] [122/459] MCSO
[01:54:42] [123/459] PEVM
[01:54:43] [124/459] PVNL
[01:54:43] [125/459] PTCV
[01:54:44] [126/459] PRTC
[01:54:44] [127/459] RCVA
[01:54:45] [128/459] MTBN
[01:54:45] [129/459] LUCP
[01:54:46] [130/459] FMPT
[01:54:46] [131/459] JLSL
[01:54:47] [132/459] SBHA
[01:54:47] [133/459] SHRC
[01:54:48] [134/459] AVPS
[01:54:49] [135/459] STPM
[01:54:49] [136/459] ATRD
[01:54:50] [137/459] VTED
[01:54:50] [138/459] ACAI
[01:54:51] [139/459] SMAE
[01:54:52] [140/459] VMAT
[01:54:52] [141/459] LKCT
[01:54:53] [142/459] JTVK
[01:54:53] [143/459] PRTY
[01:54:53] [144/459] GETT
[01:54:54] [145/459] ESAP
[01:54:55] [146/459] NCPM
[01:54:55] [147/459] PCPA
[01:54:56] [148/459] MMOM
[01:54:56] [149/459] PHUP
[01:54:57] [150/459] CCPI
[01:54:57] [151/459] CNTD
[01:54:58] [152/459] NLJR
[01:54:58] [153/459] SRNG
[01:54:59] [154/459] MHAL
[01:54:59] [155/459] PNSM
[01:55:00] [156/459] DRMY
[01:55:00] [157/459] CCMU
[01:55:01] [158/459] SCMY
[01:55:01] [159/459] PVSY
[01:55:02] [160/459] SDLM
[01:55:03] [161/459] ICCM
[01:55:03] [162/459] PYSU
[01:55:04] [163/459] GATM
[01:55:04] [164/459] WOTM
[01:55:05] [165/459] RKTS
[01:55:05] [166/459] PMTY
[01:55:06] [167/459] LYMS
[01:55:07] [168/459] TGCA
[01:55:07] [169/459] DSTA
[01:55:08] [170/459] CNGE
[01:55:08] [171/459] VSTG
[01:55:09] [172/459] GTCK
[01:55:09] [173/459] TGNT
[01:55:10] [174/459] ASLC
[01:55:11] [175/459] SSST
[01:55:11] [176/459] KBTT
[01:55:12] [177/459] HKCP
[01:55:12] [178/459] SWLC
[01:55:13] [179/459] RTND
[01:55:13] [180/459] PKKT
[01:55:14] [181/459] HSTK
[01:55:14] [182/459] SPTT
[01:55:15] [183/459] IMPM
[01:55:15] [184/459] SCMV
[01:55:16] [185/459] SPCT
[01:55:16] [186/459] JBCA
[01:55:17] [187/459] ATTR
[01:55:18] [188/459] SPMT
[01:55:18] [189/459] LCTM
[01:55:19] [190/459] SCVL
[01:55:20] [191/459] SCVT
[01:55:20] [192/459] KRIC
[01:55:21] [193/459] CTMG
[01:55:21] [194/459] ACNC
[01:55:22] [195/459] DMCK
[01:55:22] [196/459] KMTV
[01:55:23] [197/459] PFCJ
[01:55:23] [198/459] VNMD
[01:55:24] [199/459] VPCZ
[01:55:25] [200/459] SRYR
[01:55:25] [201/459] SYTR
[01:55:26] [202/459] GATR
[01:55:26] [203/459] URTR
[01:55:27] [204/459] MKSM
[01:55:28] [205/459] VSMH
[01:55:28] [206/459] SKRJ
[01:55:29] [207/459] SSJR
[01:55:29] [208/459] SVSM
[01:55:30] [209/459] RUCM
[01:55:30] [210/459] PRKN
[01:55:31] [211/459] RROH
[01:55:32] [212/459] SCTN
[01:55:32] [213/459] RTDM
[01:55:33] [214/459] ASRM
[01:55:33] [215/459] SKMD
[01:55:34] [216/459] SUTD
[01:55:34] [217/459] SADM
[01:55:35] [218/459] WCNR
[01:55:35] [219/459] CNED
[01:55:36] [220/459] MPDB
[01:55:36] [221/459] KTBH
[01:55:37] [222/459] IDRM
[01:55:37] [223/459] PJJT
[01:55:38] [224/459] PFCV
[01:55:39] [225/459] AACT
[01:55:39] [226/459] AAAD
[01:55:40] [227/459] ANES
[01:55:40] [228/459] MNCA
[01:55:41] [229/459] RMGU
[01:55:42] [230/459] DLCN
[01:55:42] [231/459] LJWT
[01:55:42] [232/459] MCBG
[01:55:43] [233/459] MYBG
[01:55:44] [234/459] GCCA
[01:55:44] [235/459] GCGA
[01:55:45] [236/459] ECGN
[01:55:45] [237/459] PRAB
[01:55:46] [238/459] PNMP
[01:55:46] [239/459] GCPT
[01:55:47] [240/459] ROYN
[01:55:47] [241/459] VATM
[01:55:48] [242/459] KSNT
[01:55:49] [243/459] ACTC
[01:55:49] [244/459] PLTD
[01:55:50] [245/459] SKMK
[01:55:50] [246/459] CMTT
[01:55:51] [247/459] SMXP
[01:55:51] [248/459] SCMX
[01:55:52] [249/459] ACXN
[01:55:53] [250/459] ASWT
[01:55:53] [251/459] VVVL
[01:55:54] [252/459] NAGO
[01:55:55] [253/459] SNCN
[01:55:55] [254/459] MCKP
[01:55:56] [255/459] SAMO
[01:55:56] [256/459] JBTV
[01:55:57] [257/459] DCVV
[01:55:57] [258/459] KMSV
[01:55:58] [259/459] KDCN
[01:55:58] [260/459] CNCP
[01:55:59] [261/459] HAMC
[01:56:00] [262/459] CCVZ
[01:56:00] [263/459] NCCK
[01:56:01] [264/459] MCHR
[01:56:01] [265/459] SCHT
[01:56:02] [266/459] ESSH
[01:56:02] [267/459] CUJC
[01:56:03] [268/459] PECP
[01:56:03] [269/459] PMMI
[01:56:04] [270/459] PCCH
[01:56:05] [271/459] PRPM
[01:56:05] [272/459] PVKL
[01:56:06] [273/459] CBSM
[01:56:06] [274/459] PVCZ
[01:56:07] [275/459] PCVV
[01:56:07] [276/459] CTMJ
[01:56:08] [277/459] RCPS
[01:56:09] [278/459] PCIT
[01:56:09] [279/459] FNCH
[01:56:10] [280/459] INZD
[01:56:10] [281/459] INPC
[01:56:11] [282/459] LCZP
[01:56:11] [283/459] SMCB
[01:56:12] [284/459] PTSB
[01:56:13] [285/459] TPSI
[01:56:13] [286/459] KHMJ
[01:56:14] [287/459] RCCJ
[01:56:14] [288/459] NCJA
[01:56:15] [289/459] NCJN
[01:56:15] [290/459] BTDP
[01:56:16] [291/459] PADY
[01:56:16] [292/459] NYBH
[01:56:17] [293/459] MTBR
[01:56:18] [294/459] KRBC
[01:56:18] [295/459] DKTI
[01:56:19] [296/459] ANAN
[01:56:19] [297/459] INBP
[01:56:20] [298/459] PATB
[01:56:21] [299/459] RGNT
[01:56:21] [300/459] CGPM
[01:56:22] [301/459] INTN
[01:56:22] [302/459] MCMP
[01:56:23] [303/459] ASRG
[01:56:23] [304/459] CXJD
[01:56:24] [305/459] SPCP
[01:56:24] [306/459] CSTP
[01:56:25] [307/459] PKVC
[01:56:25] [308/459] ESCP
[01:56:26] [309/459] CAEP
[01:56:27] [310/459] CCSP
[01:56:27] [311/459] KTPC
[01:56:28] [312/459] DACA
[01:56:28] [313/459] NVKY
[01:56:29] [314/459] PTIN
[01:56:30] [315/459] SCIN
[01:56:30] [316/459] MCTY
[01:56:31] [317/459] PCMX
[01:56:31] [318/459] INIC
[01:56:32] [319/459] MMZM
[01:56:32] [320/459] SSLP
[01:56:33] [321/459] DTDT
[01:56:33] [322/459] FFCX
[01:56:34] [323/459] RCMM
[01:56:34] [324/459] KYID
[01:56:35] [325/459] CSCI
[01:56:36] [326/459] FCMC
[01:56:36] [327/459] MMXI
[01:56:37] [328/459] ASTC
[01:56:38] [329/459] CMRA
[01:56:38] [330/459] DICI
[01:56:39] [331/459] KDIN
[01:56:39] [332/459] PRFI
[01:56:40] [333/459] SVFC
[01:56:40] [334/459] UCPL
[01:56:41] [335/459] COOC
[01:56:41] [336/459] SCAL
[01:56:42] [337/459] SVFF
[01:56:43] [338/459] VCMG
[01:56:43] [339/459] UUCT
[01:56:44] [340/459] GCSE
[01:56:44] [341/459] SUSC
[01:56:45] [342/459] MISC
[01:56:45] [343/459] RMBL
[01:56:46] [344/459] CMXN
[01:56:47] [345/459] PVBK
[01:56:47] [346/459] HHCG
[01:56:48] [347/459] SCAG
[01:56:48] [348/459] CNPR
[01:56:49] [349/459] CSER
[01:56:49] [350/459] HLWD
[01:56:50] [351/459] BOLY
[01:56:51] [352/459] SSPG
[01:56:51] [353/459] MUPX
[01:56:52] [354/459] HAMR
[01:56:52] [355/459] SDNC
[01:56:53] [356/459] RTEN
[01:56:53] [357/459] SDTD
[01:56:54] [358/459] KAWS
[01:56:54] [359/459] CMZX
[01:56:55] [360/459] DCDD
[01:56:55] [361/459] ALSN
[01:56:56] [362/459] IMXS
[01:56:56] [363/459] PVFF
[01:56:57] [364/459] PVOO
[01:56:58] [365/459] CFBS
[01:56:58] [366/459] PVER
[01:56:58] [367/459] PPNX
[01:56:59] [368/459] CNRM
[01:57:00] [369/459] PVWW
[01:57:00] [370/459] INMB
[01:57:01] [371/459] CPJR
[01:57:01] [372/459] INRZ
[01:57:02] [373/459] PMSR
[01:57:02] [374/459] GPGM
[01:57:03] [375/459] PGWB
[01:57:04] [376/459] PMBR
[01:57:04] [377/459] GPAM
[01:57:05] [378/459] INBC
[01:57:05] [379/459] PZVK
[01:57:06] [380/459] CPEB
[01:57:07] [381/459] FMLB
[01:57:07] [382/459] INBG
[01:57:08] [383/459] GPBR
[01:57:08] [384/459] PAAS
[01:57:09] [385/459] VTBR
[01:57:09] [386/459] GPMY
[01:57:10] [387/459] GYBU
[01:57:10] [388/459] INBJ
[01:57:11] [389/459] LKTH
[01:57:12] [390/459] NSBR
[01:57:12] [391/459] PDRD
[01:57:13] [392/459] VRBL
[01:57:13] [393/459] VTGB
[01:57:14] [394/459] VTSK
[01:57:14] [395/459] BKDV
[01:57:15] [396/459] SVTB
[01:57:16] [397/459] MLDT
[01:57:16] [398/459] NRBL
[01:57:17] [399/459] SLTR
[01:57:17] [400/459] VNKA
[01:57:18] [401/459] TDCA
[01:57:19] [402/459] INBM
[01:57:19] [403/459] SSNR
[01:57:20] [404/459] BHAC
[01:57:20] [405/459] SDSD
[01:57:21] [406/459] SAMP
[01:57:21] [407/459] RATK
[01:57:22] [408/459] KCBI
[01:57:23] [409/459] URBL
[01:57:23] [410/459] MKBG
[01:57:24] [411/459] ASTB
[01:57:24] [412/459] VBWT
[01:57:25] [413/459] GPSM
[01:57:25] [414/459] ROON
[01:57:26] [415/459] CHTH
[01:57:26] [416/459] SSPA
[01:57:27] [417/459] ANBL
[01:57:27] [418/459] VTBE
[01:57:28] [419/459] SVKT
[01:57:28] [420/459] SVYK
[01:57:29] [421/459] PTBK
[01:57:30] [422/459] RKTB
[01:57:30] [423/459] BALT
[01:57:31] [424/459] STSV
[01:57:32] [425/459] VCCB
[01:57:32] [426/459] SLTB
[01:57:33] [427/459] SBCR
[01:57:33] [428/459] VDCS
[01:57:33] [429/459] MDKI
[01:57:34] [430/459] SMRN
[01:57:35] [431/459] PTBC
[01:57:35] [432/459] RADI
[01:57:36] [433/459] ADCR
[01:57:36] [434/459] SDCS
[01:57:37] [435/459] SRPJ
[01:57:38] [436/459] ARTS
[01:57:39] [437/459] SRHK
[01:57:39] [438/459] SPAY
[01:57:40] [439/459] GPTB
[01:57:40] [440/459] SNNN
[01:57:41] [441/459] BALJ
[01:57:41] [442/459] TRIG
[01:57:42] [443/459] GTYT
[01:57:42] [444/459] ATGN
[01:57:43] [445/459] ANTE
[01:57:44] [446/459] BDCG
[01:57:44] [447/459] VECI
[01:57:45] [448/459] SCPR
[01:57:45] [449/459] RTEA
[01:57:46] [450/459] JSAI
[01:57:46] [451/459] VJTP
[01:57:47] [452/459] GNDS
[01:57:48] [453/459] PAXA
[01:57:48] [454/459] CGGM
[01:57:49] [455/459] ACKZ
[01:57:49] [456/459] EMCC
[01:57:50] [457/459] KLSK
[01:57:50] [458/459] AVCK
[01:57:51] [459/459] JTCK
[01:57:51] ✅ DONE | Shows=0 | Movies=0
