[00:00:34] 🚀 BMS DAILY TRACKER STARTED
[00:00:34] [1/296] CDCA
[00:00:34] 🧠 New identity
[00:00:35] [2/296] MNSR
[00:00:37] [3/296] CSSL
[00:00:38] [4/296] BGGM
[00:00:39] [5/296] MANT
[00:00:39] [6/296] SOOY
[00:00:41] [7/296] VPPK
[00:00:42] [8/296] MYHJ
[00:00:43] [9/296] KSCK
[00:00:43] [10/296] KATK
[00:00:44] [11/296] RTRT
[00:00:45] [12/296] SSTT
[00:00:46] [13/296] SSTV
[00:00:47] [14/296] LACM
[00:00:48] [15/296] SGMG
[00:00:49] [16/296] KACX
[00:00:50] [17/296] GVCP
[00:00:51] [18/296] CSNC
[00:00:52] [19/296] SXCB
[00:00:53] [20/296] BAHS
[00:00:54] [21/296] PCBI
[00:00:55] [22/296] PSSM
[00:00:56] [23/296] RCOK
[00:00:57] [24/296] SCPF
[00:00:58] [25/296] SSAS
[00:00:59] [26/296] EVMM
[00:01:00] [27/296] SYCB
[00:01:01] [28/296] GCKI
[00:01:03] [29/296] IAET
[00:01:04] [30/296] DDTD
[00:01:04] [31/296] GMDH
[00:01:05] [32/296] STLE
[00:01:06] [33/296] JTRA
[00:01:08] [34/296] RPPA
[00:01:09] [35/296] ARUT
[00:01:10] [36/296] JTVM
[00:01:11] [37/296] SWRH
[00:01:12] [38/296] DCPC
[00:01:13] [39/296] RAPR
[00:01:14] [40/296] GCRT
[00:01:15] [41/296] ATUN
[00:01:15] [42/296] LTRM
[00:01:16] [43/296] TASR
[00:01:17] [44/296] RLLC
[00:01:18] [45/296] MABI
[00:01:19] [46/296] SVHB
[00:01:20] [47/296] NVTB
[00:01:20] [48/296] KCKG
[00:01:21] [49/296] SSRN
[00:01:22] [50/296] VDDC
[00:01:23] [51/296] GKTK
[00:01:24] [52/296] YFSN
[00:01:25] [53/296] GCSG
[00:01:27] [54/296] ESSM
[00:01:27] [55/296] KRIH
[00:01:28] [56/296] GCDS
[00:01:29] [57/296] CCSH
[00:01:29] [58/296] ACSK
[00:01:30] [59/296] APRK
[00:01:31] [60/296] ADKM
[00:01:32] [61/296] SRDM
[00:01:33] [62/296] RMOG
[00:01:34] [63/296] SJMY
[00:01:34] [64/296] PGGC
[00:01:35] [65/296] INGM
[00:01:36] [66/296] LSCB
[00:01:37] [67/296] STAD
[00:01:38] [68/296] MCCR
[00:01:38] [69/296] ABCC
[00:01:40] [70/296] RKCC
[00:01:40] [71/296] RTCR
[00:01:41] [72/296] GGBC
[00:01:42] [73/296] GCSD
[00:01:43] [74/296] LPTY
[00:01:43] [75/296] MCFD
[00:01:44] [76/296] HENN
[00:01:45] [77/296] SMKU
[00:01:46] [78/296] TNZC
[00:01:47] [79/296] DRCD
[00:01:47] [80/296] DLCD
[00:01:48] [81/296] RCDA
[00:01:49] [82/296] COSM
[00:01:50] [83/296] MCMJ
[00:01:51] [84/296] CSTR
[00:01:52] [85/296] CVDK
[00:01:53] [86/296] INRR
[00:01:54] [87/296] RJRT
[00:01:55] [88/296] IRMR
[00:01:55] [89/296] SRCF
[00:01:56] [90/296] GRCR
[00:01:57] [91/296] SURC
[00:01:58] [92/296] NMNH
[00:01:59] [93/296] SVBL
[00:01:59] [94/296] KACI
[00:02:00] [95/296] TDGO
[00:02:01] [96/296] KTBR
[00:02:02] [97/296] PMAD
[00:02:03] [98/296] CCPN
[00:02:04] [99/296] SBTK
[00:02:05] [100/296] LMDK
[00:02:05] [101/296] PGDA
[00:02:06] [102/296] SRML
[00:02:07] [103/296] EVCK
[00:02:07] [104/296] RTTK
[00:02:08] [105/296] SRTU
[00:02:09] [106/296] VRSA
[00:02:10] [107/296] VARS
[00:02:10] [108/296] DSCZ
[00:02:11] [109/296] GAGA
[00:02:12] [110/296] SARV
[00:02:13] [111/296] SEEG
[00:02:13] [112/296] GLCA
[00:02:14] [113/296] APAS
[00:02:15] [114/296] VCIA
[00:02:16] [115/296] SJTA
[00:02:17] [116/296] SABM
[00:02:18] [117/296] PPAG
[00:02:18] [118/296] RVCA
[00:02:20] [119/296] CCIA
[00:02:20] [120/296] HTAG
[00:02:21] [121/296] SMBI
[00:02:22] [122/296] MCJR
[00:02:23] [123/296] CCJR
[00:02:24] [124/296] SINF
[00:02:25] [125/296] CPLX
[00:02:25] [126/296] KKTJ
[00:02:26] [127/296] GDBW
[00:02:27] [128/296] CSUB
[00:02:28] [129/296] DABA
[00:02:28] [130/296] TITR
[00:02:29] [131/296] NYCR
[00:02:30] [132/296] RTRY
[00:02:31] [133/296] JTJL
[00:02:32] [134/296] SJCP
[00:02:32] [135/296] KCCA
[00:02:33] [136/296] MLPG
[00:02:34] [137/296] VRCK
[00:02:35] [138/296] SRIN
[00:02:35] [139/296] CXMK
[00:02:37] [140/296] SKAD
[00:02:38] [141/296] AVTR
[00:02:39] [142/296] PTAJ
[00:02:39] [143/296] SCNK
[00:02:40] [144/296] STTI
[00:02:41] [145/296] KACR
[00:02:42] [146/296] SSDX
[00:02:43] [147/296] VRTJ
[00:02:44] [148/296] RAJD
[00:02:44] [149/296] SCIP
[00:02:45] [150/296] RJSL
[00:02:46] [151/296] ARRS
[00:02:47] [152/296] ASMS
[00:02:48] [153/296] RDTS
[00:02:49] [154/296] DVMY
[00:02:50] [155/296] RASA
[00:02:50] [156/296] INOM
[00:02:51] [157/296] SPRS
[00:02:52] [158/296] SGCS
[00:02:53] [159/296] SALM
[00:02:54] [160/296] PKHC
[00:02:55] [161/296] RCSV
[00:02:55] [162/296] CPKC
[00:02:56] [163/296] AACD
[00:02:57] [164/296] GGCV
[00:02:58] [165/296] SMKD
[00:03:00] [166/296] NBCH
[00:03:00] [167/296] AMCB
[00:03:01] [168/296] OPCN
[00:03:02] [169/296] DCIN
[00:03:03] [170/296] INGW
[00:03:04] [171/296] PKKW
[00:03:04] [172/296] FNGW
[00:03:05] [173/296] GCGD
[00:03:06] [174/296] MSTW
[00:03:07] [175/296] KCCG
[00:03:08] [176/296] MRSS
[00:03:09] [177/296] CLCF
[00:03:10] [178/296] EETS
[00:03:11] [179/296] AATR
[00:03:12] [180/296] CMMN
[00:03:13] [181/296] SCCJ
[00:03:14] [182/296] CDTK
[00:03:14] [183/296] AICP
[00:03:15] [184/296] FNBP
[00:03:16] [185/296] CBPB
[00:03:17] [186/296] CPAS
[00:03:18] [187/296] MAPM
[00:03:19] [188/296] PASD
[00:03:19] [189/296] JCMN
[00:03:20] [190/296] MALB
[00:03:21] [191/296] SACG
[00:03:22] [192/296] DDRX
[00:03:23] [193/296] DDXB
[00:03:24] [194/296] RAMC
[00:03:25] [195/296] SANC
[00:03:26] [196/296] BCBP
[00:03:27] [197/296] ALPC
[00:03:27] [198/296] RBAC
[00:03:28] [199/296] RAJL
[00:03:29] [200/296] MPDX
[00:03:29] [201/296] MUSC
[00:03:30] [202/296] VKMK
[00:03:31] [203/296] SKCG
[00:03:32] [204/296] ANCN
[00:03:33] [205/296] MMCJ
[00:03:35] [206/296] DCAK
[00:03:35] [207/296] SCKG
[00:03:37] [208/296] LMCK
[00:03:38] [209/296] CKKX
[00:03:39] [210/296] ANKU
[00:03:39] [211/296] CSMD
[00:03:40] [212/296] MKMP
[00:03:41] [213/296] SVBG
[00:03:42] [214/296] ROOP
[00:03:43] [215/296] GDMT
[00:03:44] [216/296] FPPF
[00:03:45] [217/296] SFUU
[00:03:46] [218/296] ANCB
[00:03:46] [219/296] SMMC
[00:03:47] [220/296] UGKT
[00:03:48] [221/296] JVRM
[00:03:49] [222/296] BATG
[00:03:50] [223/296] RATE
[00:03:51] [224/296] SKME
[00:03:52] [225/296] LMTP
[00:03:53] [226/296] TCBD
[00:03:54] [227/296] ESBD
[00:03:55] [228/296] GDCU
[00:03:56] [229/296] SNKT
[00:03:57] [230/296] SRNK
[00:03:58] [231/296] SMED
[00:03:58] [232/296] CSQS
[00:03:59] [233/296] ALCS
[00:04:00] [234/296] KCKN
[00:04:01] [235/296] VCCL
[00:04:01] [236/296] MCDA
[00:04:02] [237/296] SHMI
[00:04:03] [238/296] SKHA
[00:04:04] [239/296] SVFK
[00:04:05] [240/296] INVB
[00:04:05] [241/296] MELD
[00:04:06] [242/296] JTYS
[00:04:07] [243/296] INCM
[00:04:08] [244/296] MCDV
[00:04:08] [245/296] KSGK
[00:04:10] [246/296] ICMG
[00:04:10] [247/296] CSCV
[00:04:11] [248/296] STMD
[00:04:12] [249/296] STTR
[00:04:13] [250/296] INVC
[00:04:14] [251/296] JTBL
[00:04:14] [252/296] SRVV
[00:04:15] [253/296] MAVC
[00:04:16] [254/296] SRPP
[00:04:17] [255/296] JGDM
[00:04:18] [256/296] MBSJ
[00:04:19] [257/296] SSLL
[00:04:19] [258/296] SLKP
[00:04:20] [259/296] NSRV
[00:04:21] [260/296] UTDV
[00:04:22] [261/296] KICM
[00:04:23] [262/296] KCMD
[00:04:24] [263/296] TTPP
[00:04:25] [264/296] KMPV
[00:04:26] [265/296] SKTV
[00:04:26] [266/296] STCV
[00:04:27] [267/296] SRDA
[00:04:28] [268/296] JTSX
[00:04:28] [269/296] STBV
[00:04:29] [270/296] APVZ
[00:04:30] [271/296] GSTV
[00:04:31] [272/296] NMVS
[00:04:31] [273/296] SKRT
[00:04:32] [274/296] RMDV
[00:04:33] [275/296] RATG
[00:04:34] [276/296] SJYV
[00:04:35] [277/296] NDGP
[00:04:36] [278/296] SNDG
[00:04:37] [279/296] INSR
[00:04:38] [280/296] INSO
[00:04:38] [281/296] CCSI
[00:04:39] [282/296] RASM
[00:04:40] [283/296] NEWC
[00:04:41] [284/296] VSHL
[00:04:41] [285/296] BISW
[00:04:42] [286/296] GCNG
[00:04:43] [287/296] CWSC
[00:04:44] [288/296] SKAN
[00:04:45] [289/296] SEHP
[00:04:46] [290/296] CCOA
[00:04:46] [291/296] MCAJ
[00:04:47] [292/296] ACDE
[00:04:48] [293/296] AACM
[00:04:49] [294/296] JJCK
[00:04:50] [295/296] RCMO
[00:04:51] [296/296] GDAW
[00:04:52] ✅ DONE | Shows=0 | Movies=0
[00:51:44] 🚀 BMS DAILY TRACKER STARTED
[00:51:44] [1/296] CDCA
[00:51:44] 🧠 New identity
[00:51:45] [2/296] MNSR
[00:51:46] [3/296] CSSL
[00:51:47] [4/296] BGGM
[00:51:48] [5/296] MANT
[00:51:48] [6/296] SOOY
[00:51:49] [7/296] VPPK
[00:51:51] [8/296] MYHJ
[00:51:52] [9/296] KSCK
[00:51:53] [10/296] KATK
[00:51:55] [11/296] RTRT
[00:51:56] [12/296] SSTT
[00:51:57] [13/296] SSTV
[00:51:58] [14/296] LACM
[00:51:59] [15/296] SGMG
[00:52:00] [16/296] KACX
[00:52:01] [17/296] GVCP
[00:52:01] [18/296] CSNC
[00:52:02] [19/296] SXCB
[00:52:03] [20/296] BAHS
[00:52:04] [21/296] PCBI
[00:52:05] [22/296] PSSM
[00:52:06] [23/296] RCOK
[00:52:06] [24/296] SCPF
[00:52:08] [25/296] SSAS
[00:52:09] [26/296] EVMM
[00:52:10] [27/296] SYCB
[00:52:11] [28/296] GCKI
[00:52:12] [29/296] IAET
[00:52:13] [30/296] DDTD
[00:52:14] [31/296] GMDH
[00:52:15] [32/296] STLE
[00:52:16] [33/296] JTRA
[00:52:17] [34/296] RPPA
[00:52:18] [35/296] ARUT
[00:52:19] [36/296] JTVM
[00:52:20] [37/296] SWRH
[00:52:21] [38/296] DCPC
[00:52:22] [39/296] RAPR
[00:52:23] [40/296] GCRT
[00:52:23] [41/296] ATUN
[00:52:24] [42/296] LTRM
[00:52:25] [43/296] TASR
[00:52:26] [44/296] RLLC
[00:52:26] [45/296] MABI
[00:52:27] [46/296] SVHB
[00:52:28] [47/296] NVTB
[00:52:29] [48/296] KCKG
[00:52:31] [49/296] SSRN
[00:52:32] [50/296] VDDC
[00:52:33] [51/296] GKTK
[00:52:34] [52/296] YFSN
[00:52:36] [53/296] GCSG
[00:52:37] [54/296] ESSM
[00:52:37] [55/296] KRIH
[00:52:38] [56/296] GCDS
[00:52:40] [57/296] CCSH
[00:52:41] [58/296] ACSK
[00:52:41] [59/296] APRK
[00:52:42] [60/296] ADKM
[00:52:43] [61/296] SRDM
[00:52:44] [62/296] RMOG
[00:52:44] [63/296] SJMY
[00:52:45] [64/296] PGGC
[00:52:46] [65/296] INGM
[00:52:47] [66/296] LSCB
[00:52:49] [67/296] STAD
[00:52:49] [68/296] MCCR
[00:52:50] [69/296] ABCC
[00:52:51] [70/296] RKCC
[00:52:52] [71/296] RTCR
[00:52:53] [72/296] GGBC
[00:52:54] [73/296] GCSD
[00:52:55] [74/296] LPTY
[00:52:55] [75/296] MCFD
[00:52:56] [76/296] HENN
[00:52:57] [77/296] SMKU
[00:52:58] [78/296] TNZC
[00:52:59] [79/296] DRCD
[00:52:59] [80/296] DLCD
[00:53:00] [81/296] RCDA
[00:53:01] [82/296] COSM
[00:53:02] [83/296] MCMJ
[00:53:03] [84/296] CSTR
[00:53:04] [85/296] CVDK
[00:53:05] [86/296] INRR
[00:53:06] [87/296] RJRT
[00:53:06] [88/296] IRMR
[00:53:07] [89/296] SRCF
[00:53:08] [90/296] GRCR
[00:53:09] [91/296] SURC
[00:53:10] [92/296] NMNH
[00:53:11] [93/296] SVBL
[00:53:11] [94/296] KACI
[00:53:13] [95/296] TDGO
[00:53:15] [96/296] KTBR
[00:53:16] [97/296] PMAD
[00:53:17] [98/296] CCPN
[00:53:18] [99/296] SBTK
[00:53:19] [100/296] LMDK
[00:53:21] [101/296] PGDA
[00:53:22] [102/296] SRML
[00:53:23] [103/296] EVCK
[00:53:25] [104/296] RTTK
[00:53:25] [105/296] SRTU
[00:53:26] [106/296] VRSA
[00:53:27] [107/296] VARS
[00:53:28] [108/296] DSCZ
[00:53:29] [109/296] GAGA
[00:53:30] [110/296] SARV
[00:53:31] [111/296] SEEG
[00:53:32] [112/296] GLCA
[00:53:33] [113/296] APAS
[00:53:34] [114/296] VCIA
[00:53:35] [115/296] SJTA
[00:53:37] [116/296] SABM
[00:53:38] [117/296] PPAG
[00:53:39] [118/296] RVCA
[00:53:40] [119/296] CCIA
[00:53:40] [120/296] HTAG
[00:53:41] [121/296] SMBI
[00:53:42] [122/296] MCJR
[00:53:43] [123/296] CCJR
[00:53:44] [124/296] SINF
[00:53:45] [125/296] CPLX
[00:53:45] [126/296] KKTJ
[00:53:46] [127/296] GDBW
[00:53:47] [128/296] CSUB
[00:53:48] [129/296] DABA
[00:53:49] [130/296] TITR
[00:53:50] [131/296] NYCR
[00:53:51] [132/296] RTRY
[00:53:52] [133/296] JTJL
[00:53:52] [134/296] SJCP
[00:53:53] [135/296] KCCA
[00:53:54] [136/296] MLPG
[00:53:55] [137/296] VRCK
[00:53:57] [138/296] SRIN
[00:53:58] [139/296] CXMK
[00:53:59] [140/296] SKAD
[00:54:00] [141/296] AVTR
[00:54:00] [142/296] PTAJ
[00:54:01] [143/296] SCNK
[00:54:02] [144/296] STTI
[00:54:03] [145/296] KACR
[00:54:04] [146/296] SSDX
[00:54:04] [147/296] VRTJ
[00:54:05] [148/296] RAJD
[00:54:06] [149/296] SCIP
[00:54:07] [150/296] RJSL
[00:54:08] [151/296] ARRS
[00:54:08] [152/296] ASMS
[00:54:09] [153/296] RDTS
[00:54:10] [154/296] DVMY
[00:54:11] [155/296] RASA
[00:54:12] [156/296] INOM
[00:54:13] [157/296] SPRS
[00:54:14] [158/296] SGCS
[00:54:15] [159/296] SALM
[00:54:16] [160/296] PKHC
[00:54:17] [161/296] RCSV
[00:54:17] [162/296] CPKC
[00:54:18] [163/296] AACD
[00:54:19] [164/296] GGCV
[00:54:20] [165/296] SMKD
[00:54:21] [166/296] NBCH
[00:54:22] [167/296] AMCB
[00:54:22] [168/296] OPCN
[00:54:23] [169/296] DCIN
[00:54:24] [170/296] INGW
[00:54:25] [171/296] PKKW
[00:54:26] [172/296] FNGW
[00:54:27] [173/296] GCGD
[00:54:28] [174/296] MSTW
[00:54:29] [175/296] KCCG
[00:54:31] [176/296] MRSS
[00:54:32] [177/296] CLCF
[00:54:33] [178/296] EETS
[00:54:35] [179/296] AATR
[00:54:35] [180/296] CMMN
[00:54:36] [181/296] SCCJ
[00:54:37] [182/296] CDTK
[00:54:38] [183/296] AICP
[00:54:39] [184/296] FNBP
[00:54:40] [185/296] CBPB
[00:54:41] [186/296] CPAS
[00:54:43] [187/296] MAPM
[00:54:44] [188/296] PASD
[00:54:45] [189/296] JCMN
[00:54:46] [190/296] MALB
[00:54:46] [191/296] SACG
[00:54:47] [192/296] DDRX
[00:54:49] [193/296] DDXB
[00:54:50] [194/296] RAMC
[00:54:51] [195/296] SANC
[00:54:51] [196/296] BCBP
[00:54:52] [197/296] ALPC
[00:54:53] [198/296] RBAC
[00:54:55] [199/296] RAJL
[00:54:56] [200/296] MPDX
[00:54:56] [201/296] MUSC
[00:54:58] [202/296] VKMK
[00:54:59] [203/296] SKCG
[00:55:00] [204/296] ANCN
[00:55:00] [205/296] MMCJ
[00:55:01] [206/296] DCAK
[00:55:02] [207/296] SCKG
[00:55:04] [208/296] LMCK
[00:55:05] [209/296] CKKX
[00:55:05] [210/296] ANKU
[00:55:07] [211/296] CSMD
[00:55:08] [212/296] MKMP
[00:55:09] [213/296] SVBG
[00:55:10] [214/296] ROOP
[00:55:11] [215/296] GDMT
[00:55:13] [216/296] FPPF
[00:55:13] [217/296] SFUU
[00:55:14] [218/296] ANCB
[00:55:15] [219/296] SMMC
[00:55:17] [220/296] UGKT
[00:55:17] [221/296] JVRM
[00:55:18] [222/296] BATG
[00:55:19] [223/296] RATE
[00:55:20] [224/296] SKME
[00:55:21] [225/296] LMTP
[00:55:22] [226/296] TCBD
[00:55:23] [227/296] ESBD
[00:55:23] [228/296] GDCU
[00:55:24] [229/296] SNKT
[00:55:26] [230/296] SRNK
[00:55:27] [231/296] SMED
[00:55:27] [232/296] CSQS
[00:55:28] [233/296] ALCS
[00:55:30] [234/296] KCKN
[00:55:31] [235/296] VCCL
[00:55:33] [236/296] MCDA
[00:55:33] [237/296] SHMI
[00:55:34] [238/296] SKHA
[00:55:35] [239/296] SVFK
[00:55:36] [240/296] INVB
[00:55:37] [241/296] MELD
[00:55:38] [242/296] JTYS
[00:55:38] [243/296] INCM
[00:55:39] [244/296] MCDV
[00:55:40] [245/296] KSGK
[00:55:42] [246/296] ICMG
[00:55:43] [247/296] CSCV
[00:55:44] [248/296] STMD
[00:55:45] [249/296] STTR
[00:55:47] [250/296] INVC
[00:55:48] [251/296] JTBL
[00:55:49] [252/296] SRVV
[00:55:50] [253/296] MAVC
[00:55:50] [254/296] SRPP
[00:55:52] [255/296] JGDM
[00:55:54] [256/296] MBSJ
[00:55:54] [257/296] SSLL
[00:55:55] [258/296] SLKP
[00:55:56] [259/296] NSRV
[00:55:57] [260/296] UTDV
[00:55:58] [261/296] KICM
[00:55:58] [262/296] KCMD
[00:55:59] [263/296] TTPP
[00:56:00] [264/296] KMPV
[00:56:01] [265/296] SKTV
[00:56:02] [266/296] STCV
[00:56:03] [267/296] SRDA
[00:56:05] [268/296] JTSX
[00:56:05] [269/296] STBV
[00:56:06] [270/296] APVZ
[00:56:07] [271/296] GSTV
[00:56:08] [272/296] NMVS
[00:56:09] [273/296] SKRT
[00:56:10] [274/296] RMDV
[00:56:11] [275/296] RATG
[00:56:12] [276/296] SJYV
[00:56:13] [277/296] NDGP
[00:56:14] [278/296] SNDG
[00:56:15] [279/296] INSR
[00:56:16] [280/296] INSO
[00:56:17] [281/296] CCSI
[00:56:18] [282/296] RASM
[00:56:19] [283/296] NEWC
[00:56:20] [284/296] VSHL
[00:56:21] [285/296] BISW
[00:56:22] [286/296] GCNG
[00:56:22] [287/296] CWSC
[00:56:23] [288/296] SKAN
[00:56:24] [289/296] SEHP
[00:56:25] [290/296] CCOA
[00:56:26] [291/296] MCAJ
[00:56:28] [292/296] ACDE
[00:56:29] [293/296] AACM
[00:56:30] [294/296] JJCK
[00:56:31] [295/296] RCMO
[00:56:32] [296/296] GDAW
[00:56:33] ✅ DONE | Shows=0 | Movies=0
[01:53:32] 🚀 BMS DAILY TRACKER STARTED
[01:53:32] [1/296] CDCA
[01:53:32] 🧠 New identity
[01:53:33] [2/296] MNSR
[01:53:34] [3/296] CSSL
[01:53:34] [4/296] BGGM
[01:53:35] [5/296] MANT
[01:53:36] [6/296] SOOY
[01:53:36] [7/296] VPPK
[01:53:37] [8/296] MYHJ
[01:53:37] [9/296] KSCK
[01:53:38] [10/296] KATK
[01:53:38] [11/296] RTRT
[01:53:39] [12/296] SSTT
[01:53:40] [13/296] SSTV
[01:53:40] [14/296] LACM
[01:53:41] [15/296] SGMG
[01:53:41] [16/296] KACX
[01:53:42] [17/296] GVCP
[01:53:42] [18/296] CSNC
[01:53:43] [19/296] SXCB
[01:53:44] [20/296] BAHS
[01:53:44] [21/296] PCBI
[01:53:45] [22/296] PSSM
[01:53:46] [23/296] RCOK
[01:53:46] [24/296] SCPF
[01:53:47] [25/296] SSAS
[01:53:47] [26/296] EVMM
[01:53:48] [27/296] SYCB
[01:53:49] [28/296] GCKI
[01:53:49] [29/296] IAET
[01:53:50] [30/296] DDTD
[01:53:50] [31/296] GMDH
[01:53:51] [32/296] STLE
[01:53:52] [33/296] JTRA
[01:53:52] [34/296] RPPA
[01:53:53] [35/296] ARUT
[01:53:54] [36/296] JTVM
[01:53:54] [37/296] SWRH
[01:53:55] [38/296] DCPC
[01:53:56] [39/296] RAPR
[01:53:56] [40/296] GCRT
[01:53:57] [41/296] ATUN
[01:53:57] [42/296] LTRM
[01:53:58] [43/296] TASR
[01:53:58] [44/296] RLLC
[01:53:59] [45/296] MABI
[01:54:00] [46/296] SVHB
[01:54:00] [47/296] NVTB
[01:54:01] [48/296] KCKG
[01:54:01] [49/296] SSRN
[01:54:02] [50/296] VDDC
[01:54:03] [51/296] GKTK
[01:54:03] [52/296] YFSN
[01:54:04] [53/296] GCSG
[01:54:04] [54/296] ESSM
[01:54:05] [55/296] KRIH
[01:54:06] [56/296] GCDS
[01:54:06] [57/296] CCSH
[01:54:07] [58/296] ACSK
[01:54:07] [59/296] APRK
[01:54:08] [60/296] ADKM
[01:54:08] [61/296] SRDM
[01:54:09] [62/296] RMOG
[01:54:09] [63/296] SJMY
[01:54:10] [64/296] PGGC
[01:54:11] [65/296] INGM
[01:54:11] [66/296] LSCB
[01:54:12] [67/296] STAD
[01:54:13] [68/296] MCCR
[01:54:13] [69/296] ABCC
[01:54:14] [70/296] RKCC
[01:54:14] [71/296] RTCR
[01:54:15] [72/296] GGBC
[01:54:15] [73/296] GCSD
[01:54:16] [74/296] LPTY
[01:54:16] [75/296] MCFD
[01:54:17] [76/296] HENN
[01:54:17] [77/296] SMKU
[01:54:18] [78/296] TNZC
[01:54:18] [79/296] DRCD
[01:54:19] [80/296] DLCD
[01:54:20] [81/296] RCDA
[01:54:20] [82/296] COSM
[01:54:21] [83/296] MCMJ
[01:54:22] [84/296] CSTR
[01:54:22] [85/296] CVDK
[01:54:23] [86/296] INRR
[01:54:24] [87/296] RJRT
[01:54:24] [88/296] IRMR
[01:54:24] [89/296] SRCF
[01:54:25] [90/296] GRCR
[01:54:25] [91/296] SURC
[01:54:26] [92/296] NMNH
[01:54:27] [93/296] SVBL
[01:54:27] [94/296] KACI
[01:54:28] [95/296] TDGO
[01:54:28] [96/296] KTBR
[01:54:29] [97/296] PMAD
[01:54:29] [98/296] CCPN
[01:54:30] [99/296] SBTK
[01:54:30] [100/296] LMDK
[01:54:31] [101/296] PGDA
[01:54:31] [102/296] SRML
[01:54:32] [103/296] EVCK
[01:54:32] [104/296] RTTK
[01:54:33] [105/296] SRTU
[01:54:34] [106/296] VRSA
[01:54:34] [107/296] VARS
[01:54:35] [108/296] DSCZ
[01:54:35] [109/296] GAGA
[01:54:36] [110/296] SARV
[01:54:36] [111/296] SEEG
[01:54:37] [112/296] GLCA
[01:54:38] [113/296] APAS
[01:54:38] [114/296] VCIA
[01:54:39] [115/296] SJTA
[01:54:39] [116/296] SABM
[01:54:40] [117/296] PPAG
[01:54:40] [118/296] RVCA
[01:54:41] [119/296] CCIA
[01:54:42] [120/296] HTAG
[01:54:42] [121/296] SMBI
[01:54:43] [122/296] MCJR
[01:54:43] [123/296] CCJR
[01:54:44] [124/296] SINF
[01:54:44] [125/296] CPLX
[01:54:45] [126/296] KKTJ
[01:54:45] [127/296] GDBW
[01:54:46] [128/296] CSUB
[01:54:46] [129/296] DABA
[01:54:47] [130/296] TITR
[01:54:47] [131/296] NYCR
[01:54:48] [132/296] RTRY
[01:54:49] [133/296] JTJL
[01:54:49] [134/296] SJCP
[01:54:50] [135/296] KCCA
[01:54:50] [136/296] MLPG
[01:54:51] [137/296] VRCK
[01:54:52] [138/296] SRIN
[01:54:52] [139/296] CXMK
[01:54:53] [140/296] SKAD
[01:54:54] [141/296] AVTR
[01:54:54] [142/296] PTAJ
[01:54:55] [143/296] SCNK
[01:54:56] [144/296] STTI
[01:54:56] [145/296] KACR
[01:54:57] [146/296] SSDX
[01:54:57] [147/296] VRTJ
[01:54:58] [148/296] RAJD
[01:54:58] [149/296] SCIP
[01:54:59] [150/296] RJSL
[01:55:00] [151/296] ARRS
[01:55:00] [152/296] ASMS
[01:55:00] [153/296] RDTS
[01:55:01] [154/296] DVMY
[01:55:02] [155/296] RASA
[01:55:02] [156/296] INOM
[01:55:03] [157/296] SPRS
[01:55:03] [158/296] SGCS
[01:55:04] [159/296] SALM
[01:55:05] [160/296] PKHC
[01:55:05] [161/296] RCSV
[01:55:06] [162/296] CPKC
[01:55:06] [163/296] AACD
[01:55:07] [164/296] GGCV
[01:55:08] [165/296] SMKD
[01:55:08] [166/296] NBCH
[01:55:09] [167/296] AMCB
[01:55:09] [168/296] OPCN
[01:55:10] [169/296] DCIN
[01:55:10] [170/296] INGW
[01:55:11] [171/296] PKKW
[01:55:11] [172/296] FNGW
[01:55:12] [173/296] GCGD
[01:55:12] [174/296] MSTW
[01:55:13] [175/296] KCCG
[01:55:14] [176/296] MRSS
[01:55:14] [177/296] CLCF
[01:55:14] [178/296] EETS
[01:55:15] [179/296] AATR
[01:55:16] [180/296] CMMN
[01:55:16] [181/296] SCCJ
[01:55:17] [182/296] CDTK
[01:55:17] [183/296] AICP
[01:55:18] [184/296] FNBP
[01:55:18] [185/296] CBPB
[01:55:19] [186/296] CPAS
[01:55:20] [187/296] MAPM
[01:55:20] [188/296] PASD
[01:55:21] [189/296] JCMN
[01:55:21] [190/296] MALB
[01:55:22] [191/296] SACG
[01:55:22] [192/296] DDRX
[01:55:23] [193/296] DDXB
[01:55:24] [194/296] RAMC
[01:55:24] [195/296] SANC
[01:55:25] [196/296] BCBP
[01:55:26] [197/296] ALPC
[01:55:26] [198/296] RBAC
[01:55:27] [199/296] RAJL
[01:55:27] [200/296] MPDX
[01:55:28] [201/296] MUSC
[01:55:28] [202/296] VKMK
[01:55:29] [203/296] SKCG
[01:55:29] [204/296] ANCN
[01:55:30] [205/296] MMCJ
[01:55:30] [206/296] DCAK
[01:55:31] [207/296] SCKG
[01:55:31] [208/296] LMCK
[01:55:32] [209/296] CKKX
[01:55:32] [210/296] ANKU
[01:55:33] [211/296] CSMD
[01:55:33] [212/296] MKMP
[01:55:34] [213/296] SVBG
[01:55:34] [214/296] ROOP
[01:55:35] [215/296] GDMT
[01:55:36] [216/296] FPPF
[01:55:36] [217/296] SFUU
[01:55:37] [218/296] ANCB
[01:55:37] [219/296] SMMC
[01:55:37] [220/296] UGKT
[01:55:38] [221/296] JVRM
[01:55:38] [222/296] BATG
[01:55:39] [223/296] RATE
[01:55:40] [224/296] SKME
[01:55:40] [225/296] LMTP
[01:55:41] [226/296] TCBD
[01:55:41] [227/296] ESBD
[01:55:42] [228/296] GDCU
[01:55:42] [229/296] SNKT
[01:55:43] [230/296] SRNK
[01:55:44] [231/296] SMED
[01:55:44] [232/296] CSQS
[01:55:45] [233/296] ALCS
[01:55:45] [234/296] KCKN
[01:55:46] [235/296] VCCL
[01:55:46] [236/296] MCDA
[01:55:47] [237/296] SHMI
[01:55:48] [238/296] SKHA
[01:55:48] [239/296] SVFK
[01:55:49] [240/296] INVB
[01:55:49] [241/296] MELD
[01:55:50] [242/296] JTYS
[01:55:50] [243/296] INCM
[01:55:51] [244/296] MCDV
[01:55:52] [245/296] KSGK
[01:55:52] [246/296] ICMG
[01:55:53] [247/296] CSCV
[01:55:53] [248/296] STMD
[01:55:54] [249/296] STTR
[01:55:54] [250/296] INVC
[01:55:55] [251/296] JTBL
[01:55:55] [252/296] SRVV
[01:55:56] [253/296] MAVC
[01:55:57] [254/296] SRPP
[01:55:57] [255/296] JGDM
[01:55:58] [256/296] MBSJ
[01:55:58] [257/296] SSLL
[01:55:59] [258/296] SLKP
[01:55:59] [259/296] NSRV
[01:56:00] [260/296] UTDV
[01:56:01] [261/296] KICM
[01:56:01] [262/296] KCMD
[01:56:02] [263/296] TTPP
[01:56:02] [264/296] KMPV
[01:56:03] [265/296] SKTV
[01:56:03] [266/296] STCV
[01:56:04] [267/296] SRDA
[01:56:04] [268/296] JTSX
[01:56:05] [269/296] STBV
[01:56:05] [270/296] APVZ
[01:56:06] [271/296] GSTV
[01:56:07] [272/296] NMVS
[01:56:07] [273/296] SKRT
[01:56:08] [274/296] RMDV
[01:56:09] [275/296] RATG
[01:56:09] [276/296] SJYV
[01:56:10] [277/296] NDGP
[01:56:10] [278/296] SNDG
[01:56:11] [279/296] INSR
[01:56:12] [280/296] INSO
[01:56:12] [281/296] CCSI
[01:56:13] [282/296] RASM
[01:56:13] [283/296] NEWC
[01:56:14] [284/296] VSHL
[01:56:14] [285/296] BISW
[01:56:15] [286/296] GCNG
[01:56:15] [287/296] CWSC
[01:56:16] [288/296] SKAN
[01:56:16] [289/296] SEHP
[01:56:17] [290/296] CCOA
[01:56:17] [291/296] MCAJ
[01:56:18] [292/296] ACDE
[01:56:18] [293/296] AACM
[01:56:19] [294/296] JJCK
[01:56:19] [295/296] RCMO
[01:56:20] [296/296] GDAW
[01:56:20] ✅ DONE | Shows=0 | Movies=0
