[00:00:39] 🚀 BMS DAILY TRACKER STARTED
[00:00:39] [1/324] GCTA
[00:00:39] 🧠 New identity
[00:00:40] [2/324] TOPN
[00:00:41] [3/324] MCUS
[00:00:42] [4/324] SHRL
[00:00:43] [5/324] UPTP
[00:00:43] [6/324] TMMP
[00:00:45] [7/324] DNRP
[00:00:45] [8/324] SRLT
[00:00:46] [9/324] RCNS
[00:00:48] [10/324] DCBH
[00:00:49] [11/324] NAGJ
[00:00:49] [12/324] JVRC
[00:00:50] [13/324] KRJG
[00:00:51] [14/324] SRTJ
[00:00:52] [15/324] CMXM
[00:00:53] [16/324] STMI
[00:00:54] [17/324] SLST
[00:00:54] [18/324] DTCN
[00:00:56] [19/324] STYN
[00:00:57] [20/324] SZVR
[00:00:58] [21/324] SRKO
[00:00:59] [22/324] JTGT
[00:01:00] [23/324] SVFD
[00:01:01] [24/324] SISD
[00:01:02] [25/324] ABDD
[00:01:03] [26/324] DRCA
[00:01:04] [27/324] AVCS
[00:01:04] [28/324] MVKH
[00:01:05] [29/324] ACPR
[00:01:06] [30/324] STIP
[00:01:07] [31/324] MTRA
[00:01:08] [32/324] RMKH
[00:01:08] [33/324] NKRL
[00:01:09] [34/324] PCWN
[00:01:10] [35/324] BLMT
[00:01:11] [36/324] GDPG
[00:01:12] [37/324] SRMX
[00:01:13] [38/324] JACP
[00:01:14] [39/324] CPSH
[00:01:14] [40/324] MCCD
[00:01:16] [41/324] ECGH
[00:01:17] [42/324] MKCK
[00:01:18] [43/324] SRMM
[00:01:19] [44/324] SKYR
[00:01:19] [45/324] PCKC
[00:01:20] [46/324] JCMA
[00:01:21] [47/324] BSMP
[00:01:22] [48/324] VSPA
[00:01:23] [49/324] DJYA
[00:01:23] [50/324] DIMP
[00:01:24] [51/324] FXDR
[00:01:25] [52/324] SSRC
[00:01:26] [53/324] STHP
[00:01:27] [54/324] CPPD
[00:01:28] [55/324] FCLK
[00:01:29] [56/324] SCPP
[00:01:29] [57/324] DCMJ
[00:01:30] [58/324] RCCR
[00:01:31] [59/324] INMT
[00:01:33] [60/324] LXTK
[00:01:34] [61/324] SRYK
[00:01:34] [62/324] SGDK
[00:01:35] [63/324] PPKA
[00:01:36] [64/324] SPKA
[00:01:37] [65/324] CGHH
[00:01:38] [66/324] DCJN
[00:01:38] [67/324] SRKV
[00:01:40] [68/324] SAJC
[00:01:40] [69/324] SUSR
[00:01:41] [70/324] STYG
[00:01:42] [71/324] NTKP
[00:01:42] [72/324] AKTG
[00:01:43] [73/324] CGCM
[00:01:44] [74/324] TULC
[00:01:45] [75/324] NYYZ
[00:01:46] [76/324] NYBW
[00:01:47] [77/324] MACB
[00:01:48] [78/324] SLVT
[00:01:49] [79/324] SANA
[00:01:49] [80/324] ACMR
[00:01:50] [81/324] CPKN
[00:01:51] [82/324] DLGK
[00:01:52] [83/324] CWCK
[00:01:53] [84/324] FDDH
[00:01:54] [85/324] MMMD
[00:01:55] [86/324] CMEH
[00:01:56] [87/324] GGGV
[00:01:56] [88/324] SPJL
[00:01:57] [89/324] RCCD
[00:01:58] [90/324] STTZ
[00:01:59] [91/324] BTCF
[00:02:00] [92/324] TSTZ
[00:02:02] [93/324] IPMM
[00:02:02] [94/324] PMPW
[00:02:03] [95/324] PCMZ
[00:02:04] [96/324] ESEM
[00:02:05] [97/324] PIPO
[00:02:06] [98/324] MATK
[00:02:06] [99/324] PGHM
[00:02:07] [100/324] CTSR
[00:02:08] [101/324] CYKR
[00:02:09] [102/324] MSCM
[00:02:10] [103/324] RFNP
[00:02:10] [104/324] PDCP
[00:02:11] [105/324] NPSE
[00:02:12] [106/324] MKML
[00:02:13] [107/324] FTDP
[00:02:14] [108/324] MMXA
[00:02:15] [109/324] CEPO
[00:02:16] [110/324] CMVP
[00:02:16] [111/324] SGTH
[00:02:17] [112/324] SAYN
[00:02:18] [113/324] URVS
[00:02:19] [114/324] VJTN
[00:02:20] [115/324] BBYK
[00:02:21] [116/324] SHBO
[00:02:21] [117/324] VCMR
[00:02:22] [118/324] MACT
[00:02:24] [119/324] JMNP
[00:02:25] [120/324] VICS
[00:02:25] [121/324] VCDA
[00:02:26] [122/324] GCMM
[00:02:27] [123/324] INVS
[00:02:28] [124/324] SCGM
[00:02:28] [125/324] PCDA
[00:02:29] [126/324] KDCT
[00:02:30] [127/324] JACS
[00:02:31] [128/324] GMMC
[00:02:32] [129/324] AICM
[00:02:33] [130/324] TJCM
[00:02:34] [131/324] RMTI
[00:02:35] [132/324] SHAC
[00:02:36] [133/324] APJC
[00:02:37] [134/324] GCTG
[00:02:38] [135/324] SSMC
[00:02:38] [136/324] THRM
[00:02:40] [137/324] RBCT
[00:02:41] [138/324] DIKT
[00:02:41] [139/324] MIDL
[00:02:42] [140/324] VCSN
[00:02:43] [141/324] SKTG
[00:02:44] [142/324] SMWC
[00:02:45] [143/324] MNKH
[00:02:46] [144/324] PIAT
[00:02:47] [145/324] LTTP
[00:02:48] [146/324] PTPU
[00:02:48] [147/324] ACMG
[00:02:49] [148/324] SHMM
[00:02:50] [149/324] MCMN
[00:02:51] [150/324] GLDC
[00:02:52] [151/324] HOUT
[00:02:53] [152/324] SVRP
[00:02:54] [153/324] PVDN
[00:02:54] [154/324] SCPY
[00:02:55] [155/324] DTPY
[00:02:56] [156/324] GKCS
[00:02:56] [157/324] NCAM
[00:02:57] [158/324] BSRM
[00:02:58] [159/324] RCLC
[00:02:59] [160/324] SKKD
[00:02:59] [161/324] ACHU
[00:03:00] [162/324] RSCF
[00:03:01] [163/324] IMSH
[00:03:02] [164/324] MACX
[00:03:03] [165/324] HMMW
[00:03:04] [166/324] JTCP
[00:03:05] [167/324] SREN
[00:03:06] [168/324] PJRR
[00:03:07] [169/324] INAC
[00:03:08] [170/324] BMCA
[00:03:08] [171/324] SHCB
[00:03:09] [172/324] GABA
[00:03:10] [173/324] SBCT
[00:03:11] [174/324] GCMA
[00:03:12] [175/324] MYTK
[00:03:13] [176/324] INZS
[00:03:13] [177/324] RMIK
[00:03:14] [178/324] NYCH
[00:03:16] [179/324] RAVE
[00:03:16] [180/324] PSXM
[00:03:17] [181/324] MCGP
[00:03:19] [182/324] PDDK
[00:03:19] [183/324] SPCK
[00:03:20] [184/324] MCRL
[00:03:21] [185/324] MHKT
[00:03:23] [186/324] ANRR
[00:03:24] [187/324] SAPK
[00:03:24] [188/324] NCUK
[00:03:25] [189/324] JUGA
[00:03:26] [190/324] DBSC
[00:03:27] [191/324] LALK
[00:03:27] [192/324] GUCK
[00:03:28] [193/324] STSG
[00:03:29] [194/324] PPPZ
[00:03:30] [195/324] CNCY
[00:03:32] [196/324] MTAR
[00:03:32] [197/324] VNKD
[00:03:33] [198/324] KMAJ
[00:03:34] [199/324] ACXK
[00:03:34] [200/324] UTKC
[00:03:35] [201/324] PBLK
[00:03:36] [202/324] ACBX
[00:03:37] [203/324] PTGM
[00:03:37] [204/324] BTDA
[00:03:38] [205/324] PJMB
[00:03:39] [206/324] TPDA
[00:03:40] [207/324] AMOE
[00:03:41] [208/324] PRHT
[00:03:42] [209/324] PRTA
[00:03:43] [210/324] STAM
[00:03:43] [211/324] MSAA
[00:03:44] [212/324] SDLU
[00:03:45] [213/324] RCHH
[00:03:45] [214/324] KANT
[00:03:46] [215/324] FCRT
[00:03:47] [216/324] DNKM
[00:03:48] [217/324] RYCP
[00:03:49] [218/324] MYRP
[00:03:49] [219/324] PPAK
[00:03:50] [220/324] NVPK
[00:03:51] [221/324] PRMC
[00:03:52] [222/324] JBCS
[00:03:53] [223/324] GXCK
[00:03:54] [224/324] USKO
[00:03:55] [225/324] GTEM
[00:03:55] [226/324] SMBU
[00:03:56] [227/324] VETC
[00:03:57] [228/324] LCDA
[00:03:58] [229/324] MTVT
[00:04:00] [230/324] PYCP
[00:04:00] [231/324] PNSC
[00:04:01] [232/324] PPCC
[00:04:02] [233/324] TGRT
[00:04:02] [234/324] JYOT
[00:04:03] [235/324] SRCZ
[00:04:05] [236/324] SJTE
[00:04:05] [237/324] DESC
[00:04:06] [238/324] JHVN
[00:04:07] [239/324] IPSG
[00:04:08] [240/324] IPCM
[00:04:09] [241/324] PDRS
[00:04:10] [242/324] ANCV
[00:04:11] [243/324] CMVV
[00:04:12] [244/324] SHYP
[00:04:12] [245/324] DNCS
[00:04:13] [246/324] GAJK
[00:04:14] [247/324] AKTN
[00:04:15] [248/324] KAYA
[00:04:16] [249/324] SBRC
[00:04:17] [250/324] CHTP
[00:04:18] [251/324] SHRT
[00:04:18] [252/324] BCKU
[00:04:19] [253/324] FCPS
[00:04:20] [254/324] ARDD
[00:04:21] [255/324] CPCM
[00:04:22] [256/324] CGSM
[00:04:22] [257/324] PSMP
[00:04:23] [258/324] SDAL
[00:04:24] [259/324] RTNB
[00:04:25] [260/324] LMCR
[00:04:26] [261/324] CIMA
[00:04:27] [262/324] RNAS
[00:04:28] [263/324] LITH
[00:04:29] [264/324] PBOX
[00:04:29] [265/324] FRTS
[00:04:30] [266/324] RKIC
[00:04:31] [267/324] PTAI
[00:04:32] [268/324] GCIC
[00:04:33] [269/324] FNAS
[00:04:34] [270/324] SCAR
[00:04:35] [271/324] MTCA
[00:04:36] [272/324] SCTS
[00:04:37] [273/324] SYCS
[00:04:37] [274/324] RDMS
[00:04:38] [275/324] KAMP
[00:04:39] [276/324] ERSD
[00:04:40] [277/324] MJMJ
[00:04:41] [278/324] SRCJ
[00:04:42] [279/324] SCXE
[00:04:43] [280/324] SVFR
[00:04:44] [281/324] BHCS
[00:04:44] [282/324] IMCC
[00:04:45] [283/324] PCBO
[00:04:46] [284/324] PRVN
[00:04:47] [285/324] AUPM
[00:04:48] [286/324] INBW
[00:04:49] [287/324] SVCW
[00:04:49] [288/324] RKCF
[00:04:51] [289/324] UVBH
[00:04:52] [290/324] DNCY
[00:04:52] [291/324] ABCN
[00:04:53] [292/324] PRUR
[00:04:54] [293/324] PFMR
[00:04:55] [294/324] RKCN
[00:04:56] [295/324] CFEA
[00:04:57] [296/324] SDBG
[00:04:58] [297/324] SNAR
[00:04:58] [298/324] YISI
[00:04:59] [299/324] JCFF
[00:05:00] [300/324] VTRK
[00:05:01] [301/324] PCLZ
[00:05:02] [302/324] DIMY
[00:05:02] [303/324] BBTS
[00:05:03] [304/324] GATH
[00:05:04] [305/324] GTMN
[00:05:05] [306/324] VTMH
[00:05:06] [307/324] CCKP
[00:05:07] [308/324] GPKA
[00:05:08] [309/324] MHCL
[00:05:08] [310/324] ATCL
[00:05:09] [311/324] SBCK
[00:05:10] [312/324] AMMR
[00:05:11] [313/324] MADC
[00:05:12] [314/324] TMMA
[00:05:12] [315/324] CACC
[00:05:13] [316/324] CHAL
[00:05:14] [317/324] DURG
[00:05:15] [318/324] GMKU
[00:05:16] [319/324] GECA
[00:05:17] [320/324] KYRR
[00:05:18] [321/324] KSDE
[00:05:19] [322/324] LMCI
[00:05:20] [323/324] NKCP
[00:05:20] [324/324] BGTC
[00:05:21] ✅ DONE | Shows=0 | Movies=0
[00:51:20] 🚀 BMS DAILY TRACKER STARTED
[00:51:20] [1/324] GCTA
[00:51:20] 🧠 New identity
[00:51:21] [2/324] TOPN
[00:51:22] [3/324] MCUS
[00:51:22] [4/324] SHRL
[00:51:23] [5/324] UPTP
[00:51:24] [6/324] TMMP
[00:51:25] [7/324] DNRP
[00:51:25] [8/324] SRLT
[00:51:26] [9/324] RCNS
[00:51:27] [10/324] DCBH
[00:51:28] [11/324] NAGJ
[00:51:29] [12/324] JVRC
[00:51:30] [13/324] KRJG
[00:51:31] [14/324] SRTJ
[00:51:31] [15/324] CMXM
[00:51:32] [16/324] STMI
[00:51:34] [17/324] SLST
[00:51:35] [18/324] DTCN
[00:51:35] [19/324] STYN
[00:51:36] [20/324] SZVR
[00:51:37] [21/324] SRKO
[00:51:38] [22/324] JTGT
[00:51:39] [23/324] SVFD
[00:51:39] [24/324] SISD
[00:51:40] [25/324] ABDD
[00:51:42] [26/324] DRCA
[00:51:43] [27/324] AVCS
[00:51:44] [28/324] MVKH
[00:51:46] [29/324] ACPR
[00:51:47] [30/324] STIP
[00:51:48] [31/324] MTRA
[00:51:49] [32/324] RMKH
[00:51:50] [33/324] NKRL
[00:51:51] [34/324] PCWN
[00:51:52] [35/324] BLMT
[00:51:53] [36/324] GDPG
[00:51:53] [37/324] SRMX
[00:51:54] [38/324] JACP
[00:51:55] [39/324] CPSH
[00:51:56] [40/324] MCCD
[00:51:57] [41/324] ECGH
[00:51:58] [42/324] MKCK
[00:51:59] [43/324] SRMM
[00:52:00] [44/324] SKYR
[00:52:01] [45/324] PCKC
[00:52:01] [46/324] JCMA
[00:52:02] [47/324] BSMP
[00:52:03] [48/324] VSPA
[00:52:05] [49/324] DJYA
[00:52:06] [50/324] DIMP
[00:52:07] [51/324] FXDR
[00:52:08] [52/324] SSRC
[00:52:09] [53/324] STHP
[00:52:11] [54/324] CPPD
[00:52:12] [55/324] FCLK
[00:52:12] [56/324] SCPP
[00:52:13] [57/324] DCMJ
[00:52:14] [58/324] RCCR
[00:52:15] [59/324] INMT
[00:52:16] [60/324] LXTK
[00:52:17] [61/324] SRYK
[00:52:18] [62/324] SGDK
[00:52:19] [63/324] PPKA
[00:52:20] [64/324] SPKA
[00:52:22] [65/324] CGHH
[00:52:23] [66/324] DCJN
[00:52:24] [67/324] SRKV
[00:52:25] [68/324] SAJC
[00:52:26] [69/324] SUSR
[00:52:27] [70/324] STYG
[00:52:27] [71/324] NTKP
[00:52:28] [72/324] AKTG
[00:52:29] [73/324] CGCM
[00:52:30] [74/324] TULC
[00:52:31] [75/324] NYYZ
[00:52:32] [76/324] NYBW
[00:52:33] [77/324] MACB
[00:52:34] [78/324] SLVT
[00:52:35] [79/324] SANA
[00:52:35] [80/324] ACMR
[00:52:36] [81/324] CPKN
[00:52:37] [82/324] DLGK
[00:52:38] [83/324] CWCK
[00:52:39] [84/324] FDDH
[00:52:40] [85/324] MMMD
[00:52:40] [86/324] CMEH
[00:52:41] [87/324] GGGV
[00:52:43] [88/324] SPJL
[00:52:43] [89/324] RCCD
[00:52:44] [90/324] STTZ
[00:52:45] [91/324] BTCF
[00:52:47] [92/324] TSTZ
[00:52:48] [93/324] IPMM
[00:52:49] [94/324] PMPW
[00:52:50] [95/324] PCMZ
[00:52:52] [96/324] ESEM
[00:52:53] [97/324] PIPO
[00:52:54] [98/324] MATK
[00:52:54] [99/324] PGHM
[00:52:55] [100/324] CTSR
[00:52:56] [101/324] CYKR
[00:52:57] [102/324] MSCM
[00:52:58] [103/324] RFNP
[00:53:00] [104/324] PDCP
[00:53:01] [105/324] NPSE
[00:53:01] [106/324] MKML
[00:53:02] [107/324] FTDP
[00:53:04] [108/324] MMXA
[00:53:05] [109/324] CEPO
[00:53:06] [110/324] CMVP
[00:53:06] [111/324] SGTH
[00:53:07] [112/324] SAYN
[00:53:08] [113/324] URVS
[00:53:09] [114/324] VJTN
[00:53:10] [115/324] BBYK
[00:53:11] [116/324] SHBO
[00:53:12] [117/324] VCMR
[00:53:13] [118/324] MACT
[00:53:13] [119/324] JMNP
[00:53:14] [120/324] VICS
[00:53:15] [121/324] VCDA
[00:53:17] [122/324] GCMM
[00:53:18] [123/324] INVS
[00:53:19] [124/324] SCGM
[00:53:20] [125/324] PCDA
[00:53:21] [126/324] KDCT
[00:53:22] [127/324] JACS
[00:53:23] [128/324] GMMC
[00:53:25] [129/324] AICM
[00:53:26] [130/324] TJCM
[00:53:27] [131/324] RMTI
[00:53:27] [132/324] SHAC
[00:53:28] [133/324] APJC
[00:53:29] [134/324] GCTG
[00:53:31] [135/324] SSMC
[00:53:32] [136/324] THRM
[00:53:33] [137/324] RBCT
[00:53:35] [138/324] DIKT
[00:53:36] [139/324] MIDL
[00:53:37] [140/324] VCSN
[00:53:38] [141/324] SKTG
[00:53:38] [142/324] SMWC
[00:53:39] [143/324] MNKH
[00:53:40] [144/324] PIAT
[00:53:41] [145/324] LTTP
[00:53:42] [146/324] PTPU
[00:53:42] [147/324] ACMG
[00:53:43] [148/324] SHMM
[00:53:45] [149/324] MCMN
[00:53:46] [150/324] GLDC
[00:53:46] [151/324] HOUT
[00:53:47] [152/324] SVRP
[00:53:48] [153/324] PVDN
[00:53:49] [154/324] SCPY
[00:53:50] [155/324] DTPY
[00:53:51] [156/324] GKCS
[00:53:52] [157/324] NCAM
[00:53:53] [158/324] BSRM
[00:53:54] [159/324] RCLC
[00:53:55] [160/324] SKKD
[00:53:56] [161/324] ACHU
[00:53:57] [162/324] RSCF
[00:53:58] [163/324] IMSH
[00:53:59] [164/324] MACX
[00:54:00] [165/324] HMMW
[00:54:00] [166/324] JTCP
[00:54:02] [167/324] SREN
[00:54:03] [168/324] PJRR
[00:54:04] [169/324] INAC
[00:54:05] [170/324] BMCA
[00:54:06] [171/324] SHCB
[00:54:07] [172/324] GABA
[00:54:08] [173/324] SBCT
[00:54:09] [174/324] GCMA
[00:54:10] [175/324] MYTK
[00:54:11] [176/324] INZS
[00:54:13] [177/324] RMIK
[00:54:14] [178/324] NYCH
[00:54:15] [179/324] RAVE
[00:54:15] [180/324] PSXM
[00:54:16] [181/324] MCGP
[00:54:17] [182/324] PDDK
[00:54:18] [183/324] SPCK
[00:54:19] [184/324] MCRL
[00:54:20] [185/324] MHKT
[00:54:21] [186/324] ANRR
[00:54:22] [187/324] SAPK
[00:54:24] [188/324] NCUK
[00:54:26] [189/324] JUGA
[00:54:27] [190/324] DBSC
[00:54:28] [191/324] LALK
[00:54:28] [192/324] GUCK
[00:54:29] [193/324] STSG
[00:54:30] [194/324] PPPZ
[00:54:31] [195/324] CNCY
[00:54:31] [196/324] MTAR
[00:54:33] [197/324] VNKD
[00:54:34] [198/324] KMAJ
[00:54:34] [199/324] ACXK
[00:54:36] [200/324] UTKC
[00:54:37] [201/324] PBLK
[00:54:38] [202/324] ACBX
[00:54:39] [203/324] PTGM
[00:54:40] [204/324] BTDA
[00:54:41] [205/324] PJMB
[00:54:42] [206/324] TPDA
[00:54:43] [207/324] AMOE
[00:54:44] [208/324] PRHT
[00:54:45] [209/324] PRTA
[00:54:46] [210/324] STAM
[00:54:47] [211/324] MSAA
[00:54:48] [212/324] SDLU
[00:54:49] [213/324] RCHH
[00:54:50] [214/324] KANT
[00:54:51] [215/324] FCRT
[00:54:52] [216/324] DNKM
[00:54:53] [217/324] RYCP
[00:54:53] [218/324] MYRP
[00:54:54] [219/324] PPAK
[00:54:56] [220/324] NVPK
[00:54:57] [221/324] PRMC
[00:54:58] [222/324] JBCS
[00:54:58] [223/324] GXCK
[00:54:59] [224/324] USKO
[00:55:00] [225/324] GTEM
[00:55:01] [226/324] SMBU
[00:55:02] [227/324] VETC
[00:55:02] [228/324] LCDA
[00:55:03] [229/324] MTVT
[00:55:05] [230/324] PYCP
[00:55:05] [231/324] PNSC
[00:55:06] [232/324] PPCC
[00:55:07] [233/324] TGRT
[00:55:08] [234/324] JYOT
[00:55:09] [235/324] SRCZ
[00:55:10] [236/324] SJTE
[00:55:10] [237/324] DESC
[00:55:11] [238/324] JHVN
[00:55:12] [239/324] IPSG
[00:55:13] [240/324] IPCM
[00:55:14] [241/324] PDRS
[00:55:14] [242/324] ANCV
[00:55:15] [243/324] CMVV
[00:55:16] [244/324] SHYP
[00:55:17] [245/324] DNCS
[00:55:18] [246/324] GAJK
[00:55:19] [247/324] AKTN
[00:55:20] [248/324] KAYA
[00:55:22] [249/324] SBRC
[00:55:23] [250/324] CHTP
[00:55:24] [251/324] SHRT
[00:55:24] [252/324] BCKU
[00:55:25] [253/324] FCPS
[00:55:26] [254/324] ARDD
[00:55:27] [255/324] CPCM
[00:55:28] [256/324] CGSM
[00:55:28] [257/324] PSMP
[00:55:29] [258/324] SDAL
[00:55:30] [259/324] RTNB
[00:55:32] [260/324] LMCR
[00:55:33] [261/324] CIMA
[00:55:34] [262/324] RNAS
[00:55:35] [263/324] LITH
[00:55:37] [264/324] PBOX
[00:55:38] [265/324] FRTS
[00:55:39] [266/324] RKIC
[00:55:40] [267/324] PTAI
[00:55:41] [268/324] GCIC
[00:55:43] [269/324] FNAS
[00:55:43] [270/324] SCAR
[00:55:45] [271/324] MTCA
[00:55:46] [272/324] SCTS
[00:55:47] [273/324] SYCS
[00:55:48] [274/324] RDMS
[00:55:49] [275/324] KAMP
[00:55:50] [276/324] ERSD
[00:55:51] [277/324] MJMJ
[00:55:52] [278/324] SRCJ
[00:55:53] [279/324] SCXE
[00:55:54] [280/324] SVFR
[00:55:55] [281/324] BHCS
[00:55:56] [282/324] IMCC
[00:55:57] [283/324] PCBO
[00:55:58] [284/324] PRVN
[00:55:58] [285/324] AUPM
[00:55:59] [286/324] INBW
[00:56:00] [287/324] SVCW
[00:56:01] [288/324] RKCF
[00:56:02] [289/324] UVBH
[00:56:02] [290/324] DNCY
[00:56:04] [291/324] ABCN
[00:56:05] [292/324] PRUR
[00:56:06] [293/324] PFMR
[00:56:07] [294/324] RKCN
[00:56:08] [295/324] CFEA
[00:56:09] [296/324] SDBG
[00:56:09] [297/324] SNAR
[00:56:10] [298/324] YISI
[00:56:11] [299/324] JCFF
[00:56:12] [300/324] VTRK
[00:56:13] [301/324] PCLZ
[00:56:14] [302/324] DIMY
[00:56:15] [303/324] BBTS
[00:56:16] [304/324] GATH
[00:56:17] [305/324] GTMN
[00:56:18] [306/324] VTMH
[00:56:19] [307/324] CCKP
[00:56:20] [308/324] GPKA
[00:56:21] [309/324] MHCL
[00:56:22] [310/324] ATCL
[00:56:22] [311/324] SBCK
[00:56:23] [312/324] AMMR
[00:56:24] [313/324] MADC
[00:56:25] [314/324] TMMA
[00:56:26] [315/324] CACC
[00:56:26] [316/324] CHAL
[00:56:27] [317/324] DURG
[00:56:28] [318/324] GMKU
[00:56:29] [319/324] GECA
[00:56:30] [320/324] KYRR
[00:56:30] [321/324] KSDE
[00:56:31] [322/324] LMCI
[00:56:32] [323/324] NKCP
[00:56:33] [324/324] BGTC
[00:56:35] ✅ DONE | Shows=0 | Movies=0
