[00:46:14] 🚀 BMS DAILY TRACKER STARTED
[00:46:14] [1/459] FNDB
[00:46:14] 🧠 New identity
[00:46:15] [2/459] AMBH
[00:46:16] [3/459] PRHN
[00:46:18] [4/459] ACPM
[00:46:19] [5/459] PVFS
[00:46:19] [6/459] AACN
[00:46:20] [7/459] ACAS
[00:46:21] [8/459] CTNR
[00:46:22] [9/459] MMAH
[00:46:23] [10/459] CPMH
[00:46:24] [11/459] IGMH
[00:46:24] [12/459] ABCS
[00:46:25] [13/459] CMMA
[00:46:26] [14/459] GPRH
[00:46:27] [15/459] PNNG
[00:46:28] [16/459] AMCA
[00:46:29] [17/459] ISTN
[00:46:30] [18/459] PIIC
[00:46:30] [19/459] AHMH
[00:46:31] [20/459] ASHN
[00:46:32] [21/459] INHY
[00:46:33] [22/459] SRMO
[00:46:34] [23/459] PIMH
[00:46:35] [24/459] PVTS
[00:46:36] [25/459] MMCA
[00:46:38] [26/459] AKYJ
[00:46:39] [27/459] BRKH
[00:46:40] [28/459] MAHM
[00:46:41] [29/459] CPHY
[00:46:42] [30/459] PVTP
[00:46:43] [31/459] SMMR
[00:46:44] [32/459] PVHM
[00:46:45] [33/459] SNDY
[00:46:46] [34/459] GOKU
[00:46:47] [35/459] ACEV
[00:46:48] [36/459] PVUM
[00:46:49] [37/459] VSWA
[00:46:50] [38/459] IPRS
[00:46:51] [39/459] ASGN
[00:46:52] [40/459] BKMV
[00:46:53] [41/459] PVYH
[00:46:53] [42/459] INKM
[00:46:54] [43/459] ARJU
[00:46:55] [44/459] JJPP
[00:46:56] [45/459] SSRM
[00:46:57] [46/459] HMHD
[00:46:58] [47/459] SNKH
[00:46:59] [48/459] ACHI
[00:47:00] [49/459] MRAA
[00:47:01] [50/459] INMH
[00:47:02] [51/459] ARMH
[00:47:03] [52/459] DVRR
[00:47:04] [53/459] SUDA
[00:47:05] [54/459] MCSS
[00:47:06] [55/459] VRKC
[00:47:06] [56/459] PRCX
[00:47:08] [57/459] ASJY
[00:47:08] [58/459] MTHY
[00:47:09] [59/459] SRCM
[00:47:10] [60/459] TVHY
[00:47:11] [61/459] STHD
[00:47:12] [62/459] CPCL
[00:47:13] [63/459] PSMJ
[00:47:14] [64/459] MRGT
[00:47:15] [65/459] ARYH
[00:47:16] [66/459] VTRB
[00:47:17] [67/459] SCHC
[00:47:19] [68/459] MRRG
[00:47:20] [69/459] SPCB
[00:47:20] [70/459] AMCM
[00:47:21] [71/459] IVNM
[00:47:22] [72/459] TRHY
[00:47:23] [73/459] PTTH
[00:47:23] [74/459] RKMH
[00:47:25] [75/459] PRCS
[00:47:26] [76/459] VAJA
[00:47:26] [77/459] BJNG
[00:47:27] [78/459] SCVM
[00:47:28] [79/459] GNHB
[00:47:29] [80/459] TLUR
[00:47:30] [81/459] UKCC
[00:47:31] [82/459] SRKR
[00:47:32] [83/459] RMKN
[00:47:32] [84/459] SLRT
[00:47:33] [85/459] LKMT
[00:47:34] [86/459] SSRJ
[00:47:35] [87/459] SPHT
[00:47:36] [88/459] ANTT
[00:47:37] [89/459] SRCH
[00:47:38] [90/459] SRCA
[00:47:39] [91/459] ARTH
[00:47:40] [92/459] MCBH
[00:47:41] [93/459] SNIB
[00:47:41] [94/459] SART
[00:47:42] [95/459] SKTA
[00:47:43] [96/459] YAKT
[00:47:44] [97/459] MLCK
[00:47:45] [98/459] ANTS
[00:47:46] [99/459] DGCA
[00:47:47] [100/459] SGMP
[00:47:48] [101/459] ASWN
[00:47:49] [102/459] KFVU
[00:47:50] [103/459] POOR
[00:47:51] [104/459] GKDN
[00:47:52] [105/459] EOSE
[00:47:53] [106/459] GTTT
[00:47:54] [107/459] ARRO
[00:47:54] [108/459] CMMK
[00:47:55] [109/459] MSCN
[00:47:56] [110/459] GDKH
[00:47:57] [111/459] DLMT
[00:47:58] [112/459] PVMF
[00:47:58] [113/459] CPCK
[00:48:00] [114/459] VMHE
[00:48:01] [115/459] PVLC
[00:48:02] [116/459] PCVB
[00:48:03] [117/459] SNYK
[00:48:04] [118/459] KTEK
[00:48:05] [119/459] PCNM
[00:48:06] [120/459] NTTR
[00:48:06] [121/459] CPSK
[00:48:07] [122/459] JMMA
[00:48:08] [123/459] GCFK
[00:48:09] [124/459] MYCA
[00:48:11] [125/459] KSNP
[00:48:12] [126/459] PMCE
[00:48:12] [127/459] SCKI
[00:48:13] [128/459] FSMA
[00:48:14] [129/459] CETA
[00:48:15] [130/459] MCIK
[00:48:16] [131/459] MYCR
[00:48:17] [132/459] EVMP
[00:48:19] [133/459] SSGT
[00:48:20] [134/459] KCTK
[00:48:20] [135/459] ZTKC
[00:48:22] [136/459] MMTA
[00:48:22] [137/459] MAJT
[00:48:23] [138/459] ACPK
[00:48:24] [139/459] JMAX
[00:48:25] [140/459] SETK
[00:48:26] [141/459] CAIS
[00:48:27] [142/459] AGCD
[00:48:28] [143/459] URCL
[00:48:29] [144/459] VTDS
[00:48:30] [145/459] JCNM
[00:48:31] [146/459] KCAM
[00:48:32] [147/459] ADCU
[00:48:33] [148/459] GXYN
[00:48:33] [149/459] SMJG
[00:48:34] [150/459] EYCJ
[00:48:35] [151/459] CCEJ
[00:48:36] [152/459] MARS
[00:48:37] [153/459] CPVJ
[00:48:38] [154/459] INVP
[00:48:39] [155/459] CPOV
[00:48:41] [156/459] VIJK
[00:48:42] [157/459] LAIM
[00:48:42] [158/459] STHV
[00:48:43] [159/459] SVLJ
[00:48:44] [160/459] ATVJ
[00:48:45] [161/459] JTSC
[00:48:46] [162/459] RMTV
[00:48:47] [163/459] MGGG
[00:48:48] [164/459] SWTH
[00:48:49] [165/459] INVJ
[00:48:50] [166/459] PRSV
[00:48:51] [167/459] JATV
[00:48:52] [168/459] RCVD
[00:48:53] [169/459] BDMA
[00:48:54] [170/459] BLJI
[00:48:55] [171/459] SWOT
[00:48:56] [172/459] SWRN
[00:48:57] [173/459] TVRA
[00:48:58] [174/459] VCSV
[00:48:59] [175/459] NVRN
[00:49:00] [176/459] SIKC
[00:49:01] [177/459] VAKR
[00:49:02] [178/459] SYLN
[00:49:03] [179/459] KLJL
[00:49:04] [180/459] LKMY
[00:49:04] [181/459] VSLY
[00:49:05] [182/459] CIKO
[00:49:07] [183/459] GPBG
[00:49:08] [184/459] CECM
[00:49:08] [185/459] SLKB
[00:49:10] [186/459] MTBO
[00:49:11] [187/459] SSHB
[00:49:12] [188/459] VPCS
[00:49:13] [189/459] RCSR
[00:49:14] [190/459] RJRM
[00:49:15] [191/459] KPPB
[00:49:16] [192/459] SEDC
[00:49:17] [193/459] SCAI
[00:49:18] [194/459] RMTR
[00:49:19] [195/459] ASST
[00:49:20] [196/459] GCAK
[00:49:20] [197/459] ANNK
[00:49:21] [198/459] KDDF
[00:49:22] [199/459] NRDP
[00:49:23] [200/459] PLAK
[00:49:24] [201/459] GCMC
[00:49:25] [202/459] ALPY
[00:49:25] [203/459] SICE
[00:49:26] [204/459] SISR
[00:49:27] [205/459] SRPZ
[00:49:28] [206/459] SRSW
[00:49:30] [207/459] SUYA
[00:49:30] [208/459] AMMT
[00:49:32] [209/459] BHCU
[00:49:32] [210/459] KLPA
[00:49:33] [211/459] NVKH
[00:49:34] [212/459] JMRC
[00:49:35] [213/459] KTTT
[00:49:36] [214/459] MAGH
[00:49:37] [215/459] MMMX
[00:49:38] [216/459] SALJ
[00:49:39] [217/459] GTJA
[00:49:40] [218/459] MAHT
[00:49:41] [219/459] SSNN
[00:49:41] [220/459] ARRP
[00:49:42] [221/459] ATNS
[00:49:43] [222/459] SKDT
[00:49:44] [223/459] ACAT
[00:49:45] [224/459] APRC
[00:49:46] [225/459] SWAG
[00:49:46] [226/459] SDPT
[00:49:47] [227/459] STPS
[00:49:48] [228/459] WWCZ
[00:49:49] [229/459] LLCH
[00:49:50] [230/459] MZHA
[00:49:51] [231/459] CRJG
[00:49:51] [232/459] JGTK
[00:49:52] [233/459] KCSR
[00:49:54] [234/459] CHTL
[00:49:54] [235/459] EDSR
[00:49:55] [236/459] CSWO
[00:49:57] [237/459] CPVM
[00:49:58] [238/459] MXBY
[00:49:59] [239/459] FMMA
[00:50:00] [240/459] POVI
[00:50:01] [241/459] MTHB
[00:50:02] [242/459] INRC
[00:50:03] [243/459] PIPP
[00:50:04] [244/459] BMXC
[00:50:04] [245/459] PCMM
[00:50:05] [246/459] PMKM
[00:50:06] [247/459] GATY
[00:50:06] [248/459] IMCM
[00:50:07] [249/459] POPE
[00:50:08] [250/459] MTCR
[00:50:09] [251/459] PVAE
[00:50:10] [252/459] PVMI
[00:50:11] [253/459] CPNM
[00:50:11] [254/459] FMRL
[00:50:12] [255/459] MCIW
[00:50:13] [256/459] MXBO
[00:50:14] [257/459] FMKY
[00:50:15] [258/459] FMDA
[00:50:16] [259/459] THAB
[00:50:17] [260/459] PRCW
[00:50:18] [261/459] PITI
[00:50:19] [262/459] MCFF
[00:50:19] [263/459] PDDV
[00:50:20] [264/459] MCRM
[00:50:21] [265/459] KKMB
[00:50:22] [266/459] INKO
[00:50:23] [267/459] PLXP
[00:50:24] [268/459] MMHA
[00:50:24] [269/459] FMVS
[00:50:25] [270/459] POLM
[00:50:26] [271/459] STER
[00:50:27] [272/459] PVWJ
[00:50:28] [273/459] IMJW
[00:50:29] [274/459] FNAN
[00:50:30] [275/459] CAGL
[00:50:31] [276/459] IPBG
[00:50:31] [277/459] SMFV
[00:50:32] [278/459] MMMR
[00:50:33] [279/459] MMWM
[00:50:34] [280/459] FNCM
[00:50:35] [281/459] MDVA
[00:50:36] [282/459] MMET
[00:50:37] [283/459] MIDO
[00:50:38] [284/459] INNP
[00:50:39] [285/459] MIFU
[00:50:40] [286/459] MMSZ
[00:50:41] [287/459] BMXA
[00:50:42] [288/459] MCAA
[00:50:43] [289/459] SCVP
[00:50:44] [290/459] PLUS
[00:50:45] [291/459] MUCK
[00:50:46] [292/459] MTMA
[00:50:47] [293/459] HPVR
[00:50:48] [294/459] PMPK
[00:50:49] [295/459] MAJB
[00:50:51] [296/459] CTRR
[00:50:52] [297/459] MCTG
[00:50:53] [298/459] MACE
[00:50:54] [299/459] AAAS
[00:50:54] [300/459] CPVV
[00:50:55] [301/459] RCHG
[00:50:56] [302/459] MCNE
[00:50:57] [303/459] EMNC
[00:50:58] [304/459] MCAN
[00:50:59] [305/459] TCDM
[00:51:00] [306/459] IRGT
[00:51:01] [307/459] GCMG
[00:51:01] [308/459] MXSN
[00:51:02] [309/459] MXCK
[00:51:03] [310/459] MCRC
[00:51:04] [311/459] RSMI
[00:51:05] [312/459] WAML
[00:51:06] [313/459] MTSC
[00:51:06] [314/459] FMDR
[00:51:07] [315/459] LEPV
[00:51:08] [316/459] MTGD
[00:51:09] [317/459] IMOB
[00:51:09] [318/459] CLMM
[00:51:10] [319/459] PZCD
[00:51:11] [320/459] GOCS
[00:51:12] [321/459] KCMA
[00:51:13] [322/459] CCMP
[00:51:14] [323/459] MTSU
[00:51:15] [324/459] SNGL
[00:51:15] [325/459] MMMC
[00:51:17] [326/459] MMAA
[00:51:18] [327/459] GCDM
[00:51:19] [328/459] KTMV
[00:51:20] [329/459] AETE
[00:51:21] [330/459] OMCS
[00:51:22] [331/459] GDCD
[00:51:23] [332/459] NYMD
[00:51:24] [333/459] RNCV
[00:51:24] [334/459] KKMT
[00:51:25] [335/459] GDTH
[00:51:26] [336/459] KMMV
[00:51:27] [337/459] NHCG
[00:51:28] [338/459] PJDW
[00:51:28] [339/459] MMCV
[00:51:29] [340/459] FQSA
[00:51:30] [341/459] KURL
[00:51:31] [342/459] NNNX
[00:51:32] [343/459] AMAU
[00:51:33] [344/459] VVVM
[00:51:33] [345/459] VECU
[00:51:34] [346/459] WCVR
[00:51:35] [347/459] MTGG
[00:51:36] [348/459] SGTG
[00:51:37] [349/459] MNTG
[00:51:38] [350/459] JDDG
[00:51:39] [351/459] MBTK
[00:51:40] [352/459] SGCD
[00:51:41] [353/459] MCTC
[00:51:41] [354/459] JTPC
[00:51:42] [355/459] SDKT
[00:51:43] [356/459] KRCC
[00:51:44] [357/459] RMMD
[00:51:45] [358/459] AAME
[00:51:45] [359/459] TMWC
[00:51:46] [360/459] NRWY
[00:51:47] [361/459] CITD
[00:51:48] [362/459] VERD
[00:51:49] [363/459] MKSK
[00:51:49] [364/459] STSM
[00:51:51] [365/459] MJDG
[00:51:52] [366/459] RKPM
[00:51:52] [367/459] SSCE
[00:51:53] [368/459] VMAE
[00:51:54] [369/459] SBRU
[00:51:55] [370/459] AMBC
[00:51:56] [371/459] AMLU
[00:51:56] [372/459] INVZ
[00:51:57] [373/459] LGTV
[00:51:58] [374/459] SVAD
[00:51:59] [375/459] SMSA
[00:52:00] [376/459] SPCZ
[00:52:01] [377/459] GTCX
[00:52:02] [378/459] SCSL
[00:52:03] [379/459] SAHU
[00:52:04] [380/459] NCDA
[00:52:05] [381/459] SCCG
[00:52:06] [382/459] VKTL
[00:52:07] [383/459] PUUJ
[00:52:07] [384/459] STEJ
[00:52:08] [385/459] RJAL
[00:52:09] [386/459] ACJC
[00:52:10] [387/459] VTHC
[00:52:11] [388/459] ARVB
[00:52:12] [389/459] AUBB
[00:52:13] [390/459] GDBR
[00:52:13] [391/459] PVND
[00:52:14] [392/459] BGRJ
[00:52:15] [393/459] RJMM
[00:52:16] [394/459] MCSA
[00:52:17] [395/459] BODA
[00:52:18] [396/459] JAGG
[00:52:18] [397/459] SCGA
[00:52:19] [398/459] LRCM
[00:52:20] [399/459] CPCN
[00:52:21] [400/459] SSTF
[00:52:21] [401/459] SRXP
[00:52:22] [402/459] CNFX
[00:52:23] [403/459] ANDI
[00:52:24] [404/459] SYEW
[00:52:25] [405/459] RCRE
[00:52:25] [406/459] SCRW
[00:52:26] [407/459] MBKR
[00:52:27] [408/459] ASNT
[00:52:28] [409/459] JTMT
[00:52:29] [410/459] SHAY
[00:52:30] [411/459] VRTH
[00:52:30] [412/459] SPTI
[00:52:31] [413/459] DPTD
[00:52:32] [414/459] TGSN
[00:52:33] [415/459] RCWV
[00:52:34] [416/459] OCUR
[00:52:35] [417/459] KSTC
[00:52:36] [418/459] SANI
[00:52:37] [419/459] MLCA
[00:52:38] [420/459] EGCA
[00:52:39] [421/459] SYSN
[00:52:40] [422/459] PKTA
[00:52:40] [423/459] PRCC
[00:52:41] [424/459] KSTR
[00:52:42] [425/459] SNTP
[00:52:43] [426/459] RCHA
[00:52:44] [427/459] SEEA
[00:52:45] [428/459] ALAT
[00:52:45] [429/459] AATV
[00:52:47] [430/459] RJTE
[00:52:48] [431/459] AAPP
[00:52:49] [432/459] PMMH
[00:52:49] [433/459] INRJ
[00:52:51] [434/459] SARB
[00:52:52] [435/459] PCJL
[00:52:53] [436/459] PFJJ
[00:52:54] [437/459] GRDC
[00:52:55] [438/459] BCBA
[00:52:56] [439/459] VIXL
[00:52:56] [440/459] CSTL
[00:52:58] [441/459] MTDK
[00:52:59] [442/459] TDAC
[00:53:00] [443/459] GTDN
[00:53:01] [444/459] TTDE
[00:53:02] [445/459] ASTS
[00:53:03] [446/459] CPNS
[00:53:04] [447/459] PVVW
[00:53:04] [448/459] USEB
[00:53:05] [449/459] DTYN
[00:53:06] [450/459] PVLE
[00:53:07] [451/459] CIPS
[00:53:08] [452/459] PAEG
[00:53:09] [453/459] PTCW
[00:53:10] [454/459] G3SR
[00:53:11] [455/459] PGND
[00:53:12] [456/459] INVM
[00:53:12] [457/459] SPIA
[00:53:13] [458/459] PCSN
[00:53:14] [459/459] PPGV
[00:53:15] ✅ DONE | Shows=0 | Movies=0
