[00:46:21] 🚀 BMS DAILY TRACKER STARTED
[00:46:21] [1/445] TGMR
[00:46:21] 🧠 New identity
[00:46:22] [2/445] CXKR
[00:46:23] [3/445] SROP
[00:46:23] [4/445] GTSV
[00:46:24] [5/445] SNTY
[00:46:25] [6/445] SMYY
[00:46:25] [7/445] CNCS
[00:46:26] [8/445] CSTM
[00:46:27] [9/445] NUCD
[00:46:27] [10/445] SHCZ
[00:46:28] [11/445] NJCT
[00:46:29] [12/445] COPC
[00:46:29] [13/445] STVV
[00:46:30] [14/445] SKRN
[00:46:31] [15/445] APPZ
[00:46:31] [16/445] YMGN
[00:46:31] [17/445] SVTU
[00:46:32] [18/445] GTAD
[00:46:33] [19/445] PSUS
[00:46:33] [20/445] SMCD
[00:46:34] [21/445] CMCM
[00:46:34] [22/445] SYCT
[00:46:35] [23/445] STLY
[00:46:36] [24/445] CMHU
[00:46:36] [25/445] CMSA
[00:46:37] [26/445] CLCU
[00:46:38] [27/445] PPNT
[00:46:38] [28/445] JTAB
[00:46:39] [29/445] BUUC
[00:46:39] [30/445] BSVK
[00:46:40] [31/445] VVVQ
[00:46:41] [32/445] TKMU
[00:46:41] [33/445] ESYL
[00:46:42] [34/445] ACHP
[00:46:42] [35/445] BTKD
[00:46:43] [36/445] DESA
[00:46:43] [37/445] GBCT
[00:46:44] [38/445] BLLD
[00:46:45] [39/445] SKNT
[00:46:45] [40/445] SSTE
[00:46:46] [41/445] VJMR
[00:46:46] [42/445] NTPU
[00:46:47] [43/445] RDKN
[00:46:47] [44/445] ADGC
[00:46:48] [45/445] VRBP
[00:46:48] [46/445] NMNA
[00:46:49] [47/445] CMMX
[00:46:50] [48/445] PTKO
[00:46:50] [49/445] RBML
[00:46:51] [50/445] SAIC
[00:46:51] [51/445] SVTJ
[00:46:52] [52/445] MRTE
[00:46:53] [53/445] RBTP
[00:46:53] [54/445] NLPS
[00:46:54] [55/445] GTNA
[00:46:54] [56/445] DGGC
[00:46:55] [57/445] SMCR
[00:46:56] [58/445] SCGD
[00:46:56] [59/445] SRRJ
[00:46:57] [60/445] CNRY
[00:46:57] [61/445] KTDI
[00:46:58] [62/445] SNJL
[00:46:58] [63/445] RKMD
[00:46:59] [64/445] SMDC
[00:46:59] [65/445] TADG
[00:47:00] [66/445] MCGS
[00:47:01] [67/445] PETK
[00:47:01] [68/445] CHAG
[00:47:02] [69/445] KSTL
[00:47:02] [70/445] AADS
[00:47:03] [71/445] NTHZ
[00:47:03] [72/445] HCKI
[00:47:04] [73/445] SSEF
[00:47:05] [74/445] MCGX
[00:47:05] [75/445] ERRA
[00:47:06] [76/445] SDTW
[00:47:06] [77/445] RMPK
[00:47:07] [78/445] PTHK
[00:47:08] [79/445] PXCS
[00:47:08] [80/445] SVLU
[00:47:09] [81/445] STAH
[00:47:09] [82/445] JRGF
[00:47:10] [83/445] CDOK
[00:47:10] [84/445] CMSG
[00:47:11] [85/445] APTD
[00:47:11] [86/445] KMPG
[00:47:12] [87/445] MUTJ
[00:47:13] [88/445] VCCI
[00:47:14] [89/445] URBE
[00:47:14] [90/445] TCTS
[00:47:15] [91/445] STSN
[00:47:15] [92/445] AKCH
[00:47:16] [93/445] APSC
[00:47:17] [94/445] VLTB
[00:47:17] [95/445] SANU
[00:47:18] [96/445] AXAM
[00:47:18] [97/445] MGMG
[00:47:19] [98/445] HTBY
[00:47:20] [99/445] MMZS
[00:47:20] [100/445] SUDR
[00:47:21] [101/445] CCAD
[00:47:21] [102/445] SKKC
[00:47:22] [103/445] RMCD
[00:47:22] [104/445] SBCQ
[00:47:23] [105/445] DCCT
[00:47:23] [106/445] VTKP
[00:47:24] [107/445] MLAM
[00:47:24] [108/445] SAVT
[00:47:25] [109/445] GEPL
[00:47:26] [110/445] AMCD
[00:47:26] [111/445] CCXR
[00:47:27] [112/445] GRNG
[00:47:27] [113/445] EBCA
[00:47:28] [114/445] CNVG
[00:47:29] [115/445] MWSS
[00:47:29] [116/445] VBOR
[00:47:30] [117/445] NEEB
[00:47:31] [118/445] SUTH
[00:47:31] [119/445] ANDB
[00:47:32] [120/445] MMXS
[00:47:32] [121/445] CNPD
[00:47:33] [122/445] SDCE
[00:47:33] [123/445] DHCB
[00:47:34] [124/445] ODEN
[00:47:35] [125/445] TNTC
[00:47:35] [126/445] VBKM
[00:47:36] [127/445] RZYM
[00:47:36] [128/445] JEMC
[00:47:37] [129/445] CMAU
[00:47:37] [130/445] SIVP
[00:47:38] [131/445] ATAG
[00:47:38] [132/445] CHTM
[00:47:39] [133/445] AAEE
[00:47:40] [134/445] IWPM
[00:47:41] [135/445] KCMW
[00:47:41] [136/445] MCTD
[00:47:42] [137/445] SPWR
[00:47:42] [138/445] SDPO
[00:47:43] [139/445] PCSK
[00:47:43] [140/445] ACHV
[00:47:44] [141/445] SVLA
[00:47:45] [142/445] PICT
[00:47:45] [143/445] BXDR
[00:47:46] [144/445] SPWA
[00:47:46] [145/445] MCKO
[00:47:47] [146/445] RTHK
[00:47:47] [147/445] CCMF
[00:47:48] [148/445] MRGB
[00:47:48] [149/445] CPLC
[00:47:49] [150/445] RACD
[00:47:49] [151/445] ATKT
[00:47:50] [152/445] SARN
[00:47:51] [153/445] KKUI
[00:47:51] [154/445] RGCM
[00:47:52] [155/445] BRVP
[00:47:52] [156/445] HRSR
[00:47:53] [157/445] GKGM
[00:47:53] [158/445] TTCD
[00:47:54] [159/445] PTTI
[00:47:54] [160/445] MPTT
[00:47:55] [161/445] CVTT
[00:47:55] [162/445] PCXD
[00:47:56] [163/445] GCDC
[00:47:57] [164/445] CCCF
[00:47:57] [165/445] MRAD
[00:47:58] [166/445] CPLK
[00:47:58] [167/445] SATB
[00:47:58] [168/445] SNVG
[00:47:59] [169/445] JMBA
[00:48:00] [170/445] TEJA
[00:48:00] [171/445] STYO
[00:48:01] [172/445] JTBP
[00:48:02] [173/445] KRGD
[00:48:02] [174/445] SLJJ
[00:48:03] [175/445] SPTJ
[00:48:03] [176/445] SWJG
[00:48:04] [177/445] LKRT
[00:48:05] [178/445] KCKA
[00:48:05] [179/445] SNCR
[00:48:06] [180/445] SMKL
[00:48:07] [181/445] GCFA
[00:48:07] [182/445] DDCK
[00:48:08] [183/445] NCHJ
[00:48:09] [184/445] RDMA
[00:48:09] [185/445] SVSV
[00:48:10] [186/445] SCJG
[00:48:10] [187/445] VKLP
[00:48:11] [188/445] NWCC
[00:48:12] [189/445] VKNS
[00:48:12] [190/445] SDDP
[00:48:13] [191/445] ACSI
[00:48:13] [192/445] SATG
[00:48:14] [193/445] SCMW
[00:48:14] [194/445] LKTK
[00:48:15] [195/445] VCKV
[00:48:15] [196/445] KKPE
[00:48:16] [197/445] KIGH
[00:48:17] [198/445] SRPM
[00:48:17] [199/445] SCAH
[00:48:18] [200/445] MUTA
[00:48:18] [201/445] SEPU
[00:48:19] [202/445] INOA
[00:48:19] [203/445] BASK
[00:48:20] [204/445] NECB
[00:48:20] [205/445] GTTG
[00:48:21] [206/445] ASSA
[00:48:21] [207/445] ANCL
[00:48:22] [208/445] GCTI
[00:48:22] [209/445] RCTS
[00:48:23] [210/445] ACNL
[00:48:23] [211/445] MYCT
[00:48:24] [212/445] NMHT
[00:48:24] [213/445] MDIT
[00:48:25] [214/445] LATG
[00:48:25] [215/445] SMTY
[00:48:26] [216/445] CVCT
[00:48:27] [217/445] RAMB
[00:48:27] [218/445] TGMS
[00:48:28] [219/445] BHEL
[00:48:28] [220/445] SHCT
[00:48:29] [221/445] SVCT
[00:48:29] [222/445] MRIY
[00:48:30] [223/445] SARO
[00:48:31] [224/445] STCT
[00:48:31] [225/445] JKKC
[00:48:32] [226/445] PLTT
[00:48:32] [227/445] SRNT
[00:48:33] [228/445] YAST
[00:48:33] [229/445] PERL
[00:48:34] [230/445] CICM
[00:48:34] [231/445] MMTR
[00:48:35] [232/445] ABTK
[00:48:36] [233/445] ATYY
[00:48:36] [234/445] ASTK
[00:48:37] [235/445] VVCK
[00:48:37] [236/445] ATKY
[00:48:37] [237/445] GWEK
[00:48:38] [238/445] SVFH
[00:48:39] [239/445] SLTA
[00:48:39] [240/445] AASH
[00:48:40] [241/445] ACXB
[00:48:41] [242/445] SMTX
[00:48:41] [243/445] AZDH
[00:48:42] [244/445] CMMH
[00:48:42] [245/445] SCSZ
[00:48:43] [246/445] SCKP
[00:48:43] [247/445] NXTM
[00:48:44] [248/445] NWCS
[00:48:44] [249/445] CXMH
[00:48:45] [250/445] PCMA
[00:48:46] [251/445] SGCM
[00:48:46] [252/445] SDTU
[00:48:47] [253/445] MMVI
[00:48:47] [254/445] JKCM
[00:48:48] [255/445] VCMM
[00:48:49] [256/445] SYEE
[00:48:49] [257/445] VASD
[00:48:50] [258/445] BDRB
[00:48:50] [259/445] LASM
[00:48:51] [260/445] DCRL
[00:48:51] [261/445] DVPM
[00:48:52] [262/445] SBMJ
[00:48:52] [263/445] CBMU
[00:48:53] [264/445] IUBS
[00:48:53] [265/445] INAP
[00:48:54] [266/445] SRRC
[00:48:55] [267/445] SAGR
[00:48:55] [268/445] CPMJ
[00:48:56] [269/445] ATJL
[00:48:56] [270/445] NNTD
[00:48:57] [271/445] JHCJ
[00:48:57] [272/445] CMMP
[00:48:58] [273/445] RSDR
[00:48:58] [274/445] AMTI
[00:48:59] [275/445] NYSG
[00:49:00] [276/445] AVSG
[00:49:00] [277/445] SYTP
[00:49:01] [278/445] LARC
[00:49:01] [279/445] RJTP
[00:49:02] [280/445] LAKC
[00:49:03] [281/445] MCXE
[00:49:03] [282/445] CCZC
[00:49:04] [283/445] AVCH
[00:49:05] [284/445] CMBE
[00:49:05] [285/445] MRRC
[00:49:06] [286/445] PCPY
[00:49:06] [287/445] SRMH
[00:49:07] [288/445] SVGS
[00:49:07] [289/445] PCSE
[00:49:08] [290/445] SVFT
[00:49:08] [291/445] TNZP
[00:49:09] [292/445] ICTP
[00:49:09] [293/445] ACTZ
[00:49:10] [294/445] GTUR
[00:49:10] [295/445] MAFC
[00:49:11] [296/445] MINL
[00:49:12] [297/445] MRCL
[00:49:12] [298/445] RCRP
[00:49:13] [299/445] RFFG
[00:49:13] [300/445] RMAS
[00:49:14] [301/445] INVR
[00:49:14] [302/445] RMAR
[00:49:15] [303/445] CNIS
[00:49:15] [304/445] RHRJ
[00:49:16] [305/445] INXR
[00:49:17] [306/445] VALT
[00:49:17] [307/445] LCSH
[00:49:18] [308/445] CMVS
[00:49:18] [309/445] CNMS
[00:49:19] [310/445] ROOG
[00:49:19] [311/445] ISRM
[00:49:20] [312/445] RCRM
[00:49:20] [313/445] ACJA
[00:49:21] [314/445] RCVS
[00:49:22] [315/445] CPUS
[00:49:22] [316/445] TGCS
[00:49:23] [317/445] RKCJ
[00:49:23] [318/445] MKSB
[00:49:24] [319/445] TCSJ
[00:49:24] [320/445] RMGP
[00:49:25] [321/445] CLLP
[00:49:26] [322/445] RCMV
[00:49:26] [323/445] CCKS
[00:49:27] [324/445] RSRP
[00:49:27] [325/445] APLP
[00:49:28] [326/445] CNVS
[00:49:28] [327/445] RMVY
[00:49:29] [328/445] PGBD
[00:49:29] [329/445] KLMS
[00:49:30] [330/445] RUST
[00:49:30] [331/445] MASM
[00:49:31] [332/445] BACS
[00:49:31] [333/445] BWST
[00:49:32] [334/445] RRFH
[00:49:32] [335/445] SJTM
[00:49:33] [336/445] BEMR
[00:49:34] [337/445] MCGR
[00:49:34] [338/445] SDSK
[00:49:34] [339/445] VBOL
[00:49:35] [340/445] RMGM
[00:49:35] [341/445] NOPL
[00:49:36] [342/445] MKJK
[00:49:36] [343/445] CVRN
[00:49:37] [344/445] MMEN
[00:49:37] [345/445] AMNG
[00:49:38] [346/445] INTM
[00:49:38] [347/445] SLCZ
[00:49:39] [348/445] AMJN
[00:49:39] [349/445] ACJN
[00:49:40] [350/445] AMKN
[00:49:40] [351/445] BTCN
[00:49:41] [352/445] AMBT
[00:49:42] [353/445] PACN
[00:49:42] [354/445] LCNS
[00:49:43] [355/445] PPKC
[00:49:43] [356/445] JYYN
[00:49:44] [357/445] JTNR
[00:49:44] [358/445] GTEE
[00:49:45] [359/445] SRNM
[00:49:45] [360/445] SDTC
[00:49:46] [361/445] VPCA
[00:49:46] [362/445] VLRA
[00:49:47] [363/445] SHKR
[00:49:48] [364/445] SBKD
[00:49:48] [365/445] SAAD
[00:49:48] [366/445] JTGN
[00:49:49] [367/445] SLAM
[00:49:50] [368/445] VTPM
[00:49:50] [369/445] ANPT
[00:49:51] [370/445] PUNB
[00:49:51] [371/445] CPKT
[00:49:52] [372/445] CNWE
[00:49:52] [373/445] ECPP
[00:49:53] [374/445] CPAR
[00:49:53] [375/445] ESBW
[00:49:54] [376/445] PKPU
[00:49:55] [377/445] CPRP
[00:49:55] [378/445] RAHU
[00:49:56] [379/445] RHMN
[00:49:56] [380/445] FMJP
[00:49:57] [381/445] CTMP
[00:49:57] [382/445] INPN
[00:49:58] [383/445] STTG
[00:49:58] [384/445] CTRD
[00:49:59] [385/445] PUVB
[00:50:00] [386/445] ESVP
[00:50:00] [387/445] CPFT
[00:50:01] [388/445] LCPC
[00:50:01] [389/445] VBCT
[00:50:02] [390/445] FSCW
[00:50:03] [391/445] VCMP
[00:50:03] [392/445] ASHC
[00:50:04] [393/445] VLCX
[00:50:05] [394/445] SHEV
[00:50:05] [395/445] APCO
[00:50:06] [396/445] SILC
[00:50:06] [397/445] SNMR
[00:50:07] [398/445] KYBO
[00:50:07] [399/445] SATK
[00:50:08] [400/445] SSCS
[00:50:09] [401/445] CLSB
[00:50:09] [402/445] KMJR
[00:50:10] [403/445] FSCK
[00:50:10] [404/445] NNKA
[00:50:11] [405/445] CLMK
[00:50:11] [406/445] DMPZ
[00:50:12] [407/445] INQM
[00:50:13] [408/445] CAML
[00:50:13] [409/445] INRK
[00:50:14] [410/445] IMKN
[00:50:14] [411/445] SVNR
[00:50:15] [412/445] INSL
[00:50:16] [413/445] MSMA
[00:50:16] [414/445] MCKK
[00:50:17] [415/445] FCHP
[00:50:17] [416/445] SFCR
[00:50:18] [417/445] NACK
[00:50:18] [418/445] PVAK
[00:50:19] [419/445] INER
[00:50:20] [420/445] RDBK
[00:50:20] [421/445] SVFN
[00:50:21] [422/445] IFRM
[00:50:21] [423/445] ATCK
[00:50:22] [424/445] ASKO
[00:50:23] [425/445] STKT
[00:50:23] [426/445] SVFB
[00:50:24] [427/445] INKS
[00:50:24] [428/445] PCRA
[00:50:25] [429/445] ATJA
[00:50:25] [430/445] IMJN
[00:50:26] [431/445] INHD
[00:50:26] [432/445] BARA
[00:50:27] [433/445] MCSL
[00:50:27] [434/445] RTOY
[00:50:28] [435/445] MENO
[00:50:28] [436/445] PUDM
[00:50:29] [437/445] PRCN
[00:50:30] [438/445] JMJR
[00:50:30] [439/445] SSGK
[00:50:31] [440/445] SSRL
[00:50:32] [441/445] JYKL
[00:50:32] [442/445] ACNB
[00:50:33] [443/445] SONP
[00:50:33] [444/445] EMCI
[00:50:34] [445/445] MRJH
[00:50:35] ✅ DONE | Shows=0 | Movies=0
