[00:46:23] 🚀 BMS DAILY TRACKER STARTED
[00:46:23] [1/296] CDCA
[00:46:23] 🧠 New identity
[00:46:24] [2/296] MNSR
[00:46:25] [3/296] CSSL
[00:46:26] [4/296] BGGM
[00:46:26] [5/296] MANT
[00:46:28] [6/296] SOOY
[00:46:29] [7/296] VPPK
[00:46:31] [8/296] MYHJ
[00:46:32] [9/296] KSCK
[00:46:33] [10/296] KATK
[00:46:33] [11/296] RTRT
[00:46:34] [12/296] SSTT
[00:46:35] [13/296] SSTV
[00:46:36] [14/296] LACM
[00:46:37] [15/296] SGMG
[00:46:38] [16/296] KACX
[00:46:39] [17/296] GVCP
[00:46:40] [18/296] CSNC
[00:46:40] [19/296] SXCB
[00:46:41] [20/296] BAHS
[00:46:42] [21/296] PCBI
[00:46:43] [22/296] PSSM
[00:46:45] [23/296] RCOK
[00:46:46] [24/296] SCPF
[00:46:47] [25/296] SSAS
[00:46:48] [26/296] EVMM
[00:46:48] [27/296] SYCB
[00:46:49] [28/296] GCKI
[00:46:50] [29/296] IAET
[00:46:51] [30/296] DDTD
[00:46:52] [31/296] GMDH
[00:46:52] [32/296] STLE
[00:46:53] [33/296] JTRA
[00:46:54] [34/296] RPPA
[00:46:55] [35/296] ARUT
[00:46:56] [36/296] JTVM
[00:46:57] [37/296] SWRH
[00:46:57] [38/296] DCPC
[00:46:58] [39/296] RAPR
[00:47:00] [40/296] GCRT
[00:47:01] [41/296] ATUN
[00:47:01] [42/296] LTRM
[00:47:02] [43/296] TASR
[00:47:04] [44/296] RLLC
[00:47:04] [45/296] MABI
[00:47:05] [46/296] SVHB
[00:47:06] [47/296] NVTB
[00:47:07] [48/296] KCKG
[00:47:08] [49/296] SSRN
[00:47:09] [50/296] VDDC
[00:47:10] [51/296] GKTK
[00:47:11] [52/296] YFSN
[00:47:11] [53/296] GCSG
[00:47:12] [54/296] ESSM
[00:47:13] [55/296] KRIH
[00:47:14] [56/296] GCDS
[00:47:15] [57/296] CCSH
[00:47:16] [58/296] ACSK
[00:47:17] [59/296] APRK
[00:47:18] [60/296] ADKM
[00:47:18] [61/296] SRDM
[00:47:20] [62/296] RMOG
[00:47:21] [63/296] SJMY
[00:47:22] [64/296] PGGC
[00:47:23] [65/296] INGM
[00:47:23] [66/296] LSCB
[00:47:24] [67/296] STAD
[00:47:25] [68/296] MCCR
[00:47:26] [69/296] ABCC
[00:47:27] [70/296] RKCC
[00:47:29] [71/296] RTCR
[00:47:29] [72/296] GGBC
[00:47:30] [73/296] GCSD
[00:47:31] [74/296] LPTY
[00:47:32] [75/296] MCFD
[00:47:33] [76/296] HENN
[00:47:34] [77/296] SMKU
[00:47:35] [78/296] TNZC
[00:47:36] [79/296] DRCD
[00:47:37] [80/296] DLCD
[00:47:38] [81/296] RCDA
[00:47:39] [82/296] COSM
[00:47:40] [83/296] MCMJ
[00:47:41] [84/296] CSTR
[00:47:42] [85/296] CVDK
[00:47:43] [86/296] INRR
[00:47:44] [87/296] RJRT
[00:47:44] [88/296] IRMR
[00:47:45] [89/296] SRCF
[00:47:46] [90/296] GRCR
[00:47:48] [91/296] SURC
[00:47:48] [92/296] NMNH
[00:47:49] [93/296] SVBL
[00:47:50] [94/296] KACI
[00:47:51] [95/296] TDGO
[00:47:52] [96/296] KTBR
[00:47:53] [97/296] PMAD
[00:47:53] [98/296] CCPN
[00:47:54] [99/296] SBTK
[00:47:56] [100/296] LMDK
[00:47:57] [101/296] PGDA
[00:47:58] [102/296] SRML
[00:47:59] [103/296] EVCK
[00:48:00] [104/296] RTTK
[00:48:00] [105/296] SRTU
[00:48:01] [106/296] VRSA
[00:48:02] [107/296] VARS
[00:48:03] [108/296] DSCZ
[00:48:04] [109/296] GAGA
[00:48:05] [110/296] SARV
[00:48:05] [111/296] SEEG
[00:48:06] [112/296] GLCA
[00:48:07] [113/296] APAS
[00:48:08] [114/296] VCIA
[00:48:09] [115/296] SJTA
[00:48:10] [116/296] SABM
[00:48:11] [117/296] PPAG
[00:48:12] [118/296] RVCA
[00:48:13] [119/296] CCIA
[00:48:13] [120/296] HTAG
[00:48:14] [121/296] SMBI
[00:48:15] [122/296] MCJR
[00:48:17] [123/296] CCJR
[00:48:18] [124/296] SINF
[00:48:19] [125/296] CPLX
[00:48:20] [126/296] KKTJ
[00:48:21] [127/296] GDBW
[00:48:22] [128/296] CSUB
[00:48:23] [129/296] DABA
[00:48:24] [130/296] TITR
[00:48:25] [131/296] NYCR
[00:48:25] [132/296] RTRY
[00:48:26] [133/296] JTJL
[00:48:27] [134/296] SJCP
[00:48:28] [135/296] KCCA
[00:48:29] [136/296] MLPG
[00:48:30] [137/296] VRCK
[00:48:31] [138/296] SRIN
[00:48:32] [139/296] CXMK
[00:48:33] [140/296] SKAD
[00:48:33] [141/296] AVTR
[00:48:34] [142/296] PTAJ
[00:48:35] [143/296] SCNK
[00:48:36] [144/296] STTI
[00:48:37] [145/296] KACR
[00:48:38] [146/296] SSDX
[00:48:39] [147/296] VRTJ
[00:48:40] [148/296] RAJD
[00:48:41] [149/296] SCIP
[00:48:42] [150/296] RJSL
[00:48:42] [151/296] ARRS
[00:48:43] [152/296] ASMS
[00:48:44] [153/296] RDTS
[00:48:45] [154/296] DVMY
[00:48:46] [155/296] RASA
[00:48:46] [156/296] INOM
[00:48:47] [157/296] SPRS
[00:48:48] [158/296] SGCS
[00:48:49] [159/296] SALM
[00:48:50] [160/296] PKHC
[00:48:51] [161/296] RCSV
[00:48:52] [162/296] CPKC
[00:48:53] [163/296] AACD
[00:48:54] [164/296] GGCV
[00:48:55] [165/296] SMKD
[00:48:56] [166/296] NBCH
[00:48:56] [167/296] AMCB
[00:48:58] [168/296] OPCN
[00:48:59] [169/296] DCIN
[00:48:59] [170/296] INGW
[00:49:00] [171/296] PKKW
[00:49:02] [172/296] FNGW
[00:49:02] [173/296] GCGD
[00:49:04] [174/296] MSTW
[00:49:05] [175/296] KCCG
[00:49:05] [176/296] MRSS
[00:49:06] [177/296] CLCF
[00:49:08] [178/296] EETS
[00:49:09] [179/296] AATR
[00:49:10] [180/296] CMMN
[00:49:11] [181/296] SCCJ
[00:49:12] [182/296] CDTK
[00:49:12] [183/296] AICP
[00:49:13] [184/296] FNBP
[00:49:14] [185/296] CBPB
[00:49:15] [186/296] CPAS
[00:49:15] [187/296] MAPM
[00:49:17] [188/296] PASD
[00:49:18] [189/296] JCMN
[00:49:18] [190/296] MALB
[00:49:19] [191/296] SACG
[00:49:20] [192/296] DDRX
[00:49:22] [193/296] DDXB
[00:49:23] [194/296] RAMC
[00:49:23] [195/296] SANC
[00:49:24] [196/296] BCBP
[00:49:25] [197/296] ALPC
[00:49:26] [198/296] RBAC
[00:49:27] [199/296] RAJL
[00:49:28] [200/296] MPDX
[00:49:29] [201/296] MUSC
[00:49:30] [202/296] VKMK
[00:49:30] [203/296] SKCG
[00:49:31] [204/296] ANCN
[00:49:32] [205/296] MMCJ
[00:49:33] [206/296] DCAK
[00:49:34] [207/296] SCKG
[00:49:35] [208/296] LMCK
[00:49:36] [209/296] CKKX
[00:49:37] [210/296] ANKU
[00:49:38] [211/296] CSMD
[00:49:39] [212/296] MKMP
[00:49:41] [213/296] SVBG
[00:49:42] [214/296] ROOP
[00:49:42] [215/296] GDMT
[00:49:43] [216/296] FPPF
[00:49:44] [217/296] SFUU
[00:49:45] [218/296] ANCB
[00:49:46] [219/296] SMMC
[00:49:47] [220/296] UGKT
[00:49:47] [221/296] JVRM
[00:49:48] [222/296] BATG
[00:49:49] [223/296] RATE
[00:49:50] [224/296] SKME
[00:49:51] [225/296] LMTP
[00:49:51] [226/296] TCBD
[00:49:52] [227/296] ESBD
[00:49:53] [228/296] GDCU
[00:49:54] [229/296] SNKT
[00:49:55] [230/296] SRNK
[00:49:55] [231/296] SMED
[00:49:56] [232/296] CSQS
[00:49:57] [233/296] ALCS
[00:49:58] [234/296] KCKN
[00:49:59] [235/296] VCCL
[00:50:00] [236/296] MCDA
[00:50:01] [237/296] SHMI
[00:50:02] [238/296] SKHA
[00:50:03] [239/296] SVFK
[00:50:04] [240/296] INVB
[00:50:05] [241/296] MELD
[00:50:05] [242/296] JTYS
[00:50:06] [243/296] INCM
[00:50:07] [244/296] MCDV
[00:50:09] [245/296] KSGK
[00:50:09] [246/296] ICMG
[00:50:10] [247/296] CSCV
[00:50:11] [248/296] STMD
[00:50:12] [249/296] STTR
[00:50:13] [250/296] INVC
[00:50:13] [251/296] JTBL
[00:50:15] [252/296] SRVV
[00:50:16] [253/296] MAVC
[00:50:17] [254/296] SRPP
[00:50:18] [255/296] JGDM
[00:50:19] [256/296] MBSJ
[00:50:19] [257/296] SSLL
[00:50:20] [258/296] SLKP
[00:50:21] [259/296] NSRV
[00:50:22] [260/296] UTDV
[00:50:23] [261/296] KICM
[00:50:24] [262/296] KCMD
[00:50:25] [263/296] TTPP
[00:50:25] [264/296] KMPV
[00:50:26] [265/296] SKTV
[00:50:27] [266/296] STCV
[00:50:28] [267/296] SRDA
[00:50:29] [268/296] JTSX
[00:50:30] [269/296] STBV
[00:50:30] [270/296] APVZ
[00:50:31] [271/296] GSTV
[00:50:32] [272/296] NMVS
[00:50:33] [273/296] SKRT
[00:50:34] [274/296] RMDV
[00:50:35] [275/296] RATG
[00:50:36] [276/296] SJYV
[00:50:37] [277/296] NDGP
[00:50:38] [278/296] SNDG
[00:50:38] [279/296] INSR
[00:50:39] [280/296] INSO
[00:50:40] [281/296] CCSI
[00:50:41] [282/296] RASM
[00:50:42] [283/296] NEWC
[00:50:42] [284/296] VSHL
[00:50:43] [285/296] BISW
[00:50:44] [286/296] GCNG
[00:50:45] [287/296] CWSC
[00:50:46] [288/296] SKAN
[00:50:47] [289/296] SEHP
[00:50:48] [290/296] CCOA
[00:50:49] [291/296] MCAJ
[00:50:50] [292/296] ACDE
[00:50:51] [293/296] AACM
[00:50:52] [294/296] JJCK
[00:50:52] [295/296] RCMO
[00:50:53] [296/296] GDAW
[00:50:54] ✅ DONE | Shows=0 | Movies=0
[01:51:25] 🚀 BMS DAILY TRACKER STARTED
[01:51:25] [1/296] CDCA
[01:51:25] 🧠 New identity
[01:51:26] [2/296] MNSR
[01:51:27] [3/296] CSSL
[01:51:28] [4/296] BGGM
[01:51:28] [5/296] MANT
[01:51:29] [6/296] SOOY
[01:51:29] [7/296] VPPK
[01:51:30] [8/296] MYHJ
[01:51:31] [9/296] KSCK
[01:51:31] [10/296] KATK
[01:51:32] [11/296] RTRT
[01:51:32] [12/296] SSTT
[01:51:33] [13/296] SSTV
[01:51:33] [14/296] LACM
[01:51:34] [15/296] SGMG
[01:51:35] [16/296] KACX
[01:51:35] [17/296] GVCP
[01:51:36] [18/296] CSNC
[01:51:37] [19/296] SXCB
[01:51:37] [20/296] BAHS
[01:51:38] [21/296] PCBI
[01:51:38] [22/296] PSSM
[01:51:39] [23/296] RCOK
[01:51:40] [24/296] SCPF
[01:51:40] [25/296] SSAS
[01:51:41] [26/296] EVMM
[01:51:42] [27/296] SYCB
[01:51:42] [28/296] GCKI
[01:51:43] [29/296] IAET
[01:51:43] [30/296] DDTD
[01:51:44] [31/296] GMDH
[01:51:44] [32/296] STLE
[01:51:45] [33/296] JTRA
[01:51:46] [34/296] RPPA
[01:51:46] [35/296] ARUT
[01:51:47] [36/296] JTVM
[01:51:47] [37/296] SWRH
[01:51:48] [38/296] DCPC
[01:51:48] [39/296] RAPR
[01:51:49] [40/296] GCRT
[01:51:49] [41/296] ATUN
[01:51:50] [42/296] LTRM
[01:51:50] [43/296] TASR
[01:51:51] [44/296] RLLC
[01:51:52] [45/296] MABI
[01:51:52] [46/296] SVHB
[01:51:53] [47/296] NVTB
[01:51:53] [48/296] KCKG
[01:51:54] [49/296] SSRN
[01:51:54] [50/296] VDDC
[01:51:55] [51/296] GKTK
[01:51:55] [52/296] YFSN
[01:51:56] [53/296] GCSG
[01:51:56] [54/296] ESSM
[01:51:57] [55/296] KRIH
[01:51:58] [56/296] GCDS
[01:51:59] [57/296] CCSH
[01:51:59] [58/296] ACSK
[01:52:00] [59/296] APRK
[01:52:00] [60/296] ADKM
[01:52:01] [61/296] SRDM
[01:52:02] [62/296] RMOG
[01:52:02] [63/296] SJMY
[01:52:03] [64/296] PGGC
[01:52:04] [65/296] INGM
[01:52:04] [66/296] LSCB
[01:52:05] [67/296] STAD
[01:52:06] [68/296] MCCR
[01:52:06] [69/296] ABCC
[01:52:07] [70/296] RKCC
[01:52:07] [71/296] RTCR
[01:52:08] [72/296] GGBC
[01:52:09] [73/296] GCSD
[01:52:09] [74/296] LPTY
[01:52:10] [75/296] MCFD
[01:52:11] [76/296] HENN
[01:52:11] [77/296] SMKU
[01:52:12] [78/296] TNZC
[01:52:12] [79/296] DRCD
[01:52:13] [80/296] DLCD
[01:52:14] [81/296] RCDA
[01:52:14] [82/296] COSM
[01:52:15] [83/296] MCMJ
[01:52:15] [84/296] CSTR
[01:52:16] [85/296] CVDK
[01:52:16] [86/296] INRR
[01:52:17] [87/296] RJRT
[01:52:17] [88/296] IRMR
[01:52:18] [89/296] SRCF
[01:52:19] [90/296] GRCR
[01:52:19] [91/296] SURC
[01:52:20] [92/296] NMNH
[01:52:20] [93/296] SVBL
[01:52:21] [94/296] KACI
[01:52:21] [95/296] TDGO
[01:52:22] [96/296] KTBR
[01:52:23] [97/296] PMAD
[01:52:23] [98/296] CCPN
[01:52:24] [99/296] SBTK
[01:52:24] [100/296] LMDK
[01:52:25] [101/296] PGDA
[01:52:26] [102/296] SRML
[01:52:26] [103/296] EVCK
[01:52:27] [104/296] RTTK
[01:52:28] [105/296] SRTU
[01:52:28] [106/296] VRSA
[01:52:29] [107/296] VARS
[01:52:30] [108/296] DSCZ
[01:52:30] [109/296] GAGA
[01:52:31] [110/296] SARV
[01:52:32] [111/296] SEEG
[01:52:32] [112/296] GLCA
[01:52:33] [113/296] APAS
[01:52:34] [114/296] VCIA
[01:52:34] [115/296] SJTA
[01:52:35] [116/296] SABM
[01:52:36] [117/296] PPAG
[01:52:36] [118/296] RVCA
[01:52:37] [119/296] CCIA
[01:52:38] [120/296] HTAG
[01:52:38] [121/296] SMBI
[01:52:39] [122/296] MCJR
[01:52:39] [123/296] CCJR
[01:52:40] [124/296] SINF
[01:52:41] [125/296] CPLX
[01:52:42] [126/296] KKTJ
[01:52:42] [127/296] GDBW
[01:52:43] [128/296] CSUB
[01:52:43] [129/296] DABA
[01:52:44] [130/296] TITR
[01:52:45] [131/296] NYCR
[01:52:45] [132/296] RTRY
[01:52:45] [133/296] JTJL
[01:52:46] [134/296] SJCP
[01:52:47] [135/296] KCCA
[01:52:47] [136/296] MLPG
[01:52:48] [137/296] VRCK
[01:52:49] [138/296] SRIN
[01:52:49] [139/296] CXMK
[01:52:50] [140/296] SKAD
[01:52:50] [141/296] AVTR
[01:52:51] [142/296] PTAJ
[01:52:52] [143/296] SCNK
[01:52:52] [144/296] STTI
[01:52:53] [145/296] KACR
[01:52:53] [146/296] SSDX
[01:52:54] [147/296] VRTJ
[01:52:54] [148/296] RAJD
[01:52:55] [149/296] SCIP
[01:52:56] [150/296] RJSL
[01:52:56] [151/296] ARRS
[01:52:57] [152/296] ASMS
[01:52:57] [153/296] RDTS
[01:52:58] [154/296] DVMY
[01:52:59] [155/296] RASA
[01:52:59] [156/296] INOM
[01:53:00] [157/296] SPRS
[01:53:01] [158/296] SGCS
[01:53:01] [159/296] SALM
[01:53:02] [160/296] PKHC
[01:53:03] [161/296] RCSV
[01:53:03] [162/296] CPKC
[01:53:04] [163/296] AACD
[01:53:04] [164/296] GGCV
[01:53:05] [165/296] SMKD
[01:53:06] [166/296] NBCH
[01:53:06] [167/296] AMCB
[01:53:07] [168/296] OPCN
[01:53:07] [169/296] DCIN
[01:53:08] [170/296] INGW
[01:53:08] [171/296] PKKW
[01:53:09] [172/296] FNGW
[01:53:10] [173/296] GCGD
[01:53:10] [174/296] MSTW
[01:53:11] [175/296] KCCG
[01:53:12] [176/296] MRSS
[01:53:12] [177/296] CLCF
[01:53:13] [178/296] EETS
[01:53:13] [179/296] AATR
[01:53:14] [180/296] CMMN
[01:53:14] [181/296] SCCJ
[01:53:15] [182/296] CDTK
[01:53:16] [183/296] AICP
[01:53:16] [184/296] FNBP
[01:53:17] [185/296] CBPB
[01:53:17] [186/296] CPAS
[01:53:18] [187/296] MAPM
[01:53:18] [188/296] PASD
[01:53:19] [189/296] JCMN
[01:53:20] [190/296] MALB
[01:53:20] [191/296] SACG
[01:53:21] [192/296] DDRX
[01:53:21] [193/296] DDXB
[01:53:22] [194/296] RAMC
[01:53:23] [195/296] SANC
[01:53:23] [196/296] BCBP
[01:53:24] [197/296] ALPC
[01:53:24] [198/296] RBAC
[01:53:25] [199/296] RAJL
[01:53:25] [200/296] MPDX
[01:53:26] [201/296] MUSC
[01:53:27] [202/296] VKMK
[01:53:27] [203/296] SKCG
[01:53:28] [204/296] ANCN
[01:53:28] [205/296] MMCJ
[01:53:29] [206/296] DCAK
[01:53:30] [207/296] SCKG
[01:53:30] [208/296] LMCK
[01:53:31] [209/296] CKKX
[01:53:32] [210/296] ANKU
[01:53:32] [211/296] CSMD
[01:53:33] [212/296] MKMP
[01:53:34] [213/296] SVBG
[01:53:34] [214/296] ROOP
[01:53:35] [215/296] GDMT
[01:53:36] [216/296] FPPF
[01:53:36] [217/296] SFUU
[01:53:37] [218/296] ANCB
[01:53:37] [219/296] SMMC
[01:53:38] [220/296] UGKT
[01:53:38] [221/296] JVRM
[01:53:39] [222/296] BATG
[01:53:39] [223/296] RATE
[01:53:40] [224/296] SKME
[01:53:41] [225/296] LMTP
[01:53:41] [226/296] TCBD
[01:53:42] [227/296] ESBD
[01:53:42] [228/296] GDCU
[01:53:43] [229/296] SNKT
[01:53:43] [230/296] SRNK
[01:53:44] [231/296] SMED
[01:53:45] [232/296] CSQS
[01:53:45] [233/296] ALCS
[01:53:46] [234/296] KCKN
[01:53:46] [235/296] VCCL
[01:53:47] [236/296] MCDA
[01:53:47] [237/296] SHMI
[01:53:48] [238/296] SKHA
[01:53:48] [239/296] SVFK
[01:53:49] [240/296] INVB
[01:53:50] [241/296] MELD
[01:53:50] [242/296] JTYS
[01:53:51] [243/296] INCM
[01:53:52] [244/296] MCDV
[01:53:52] [245/296] KSGK
[01:53:53] [246/296] ICMG
[01:53:54] [247/296] CSCV
[01:53:54] [248/296] STMD
[01:53:55] [249/296] STTR
[01:53:55] [250/296] INVC
[01:53:56] [251/296] JTBL
[01:53:57] [252/296] SRVV
[01:53:57] [253/296] MAVC
[01:53:58] [254/296] SRPP
[01:53:58] [255/296] JGDM
[01:53:59] [256/296] MBSJ
[01:54:00] [257/296] SSLL
[01:54:00] [258/296] SLKP
[01:54:01] [259/296] NSRV
[01:54:01] [260/296] UTDV
[01:54:02] [261/296] KICM
[01:54:03] [262/296] KCMD
[01:54:03] [263/296] TTPP
[01:54:04] [264/296] KMPV
[01:54:04] [265/296] SKTV
[01:54:05] [266/296] STCV
[01:54:06] [267/296] SRDA
[01:54:06] [268/296] JTSX
[01:54:07] [269/296] STBV
[01:54:07] [270/296] APVZ
[01:54:08] [271/296] GSTV
[01:54:09] [272/296] NMVS
[01:54:09] [273/296] SKRT
[01:54:10] [274/296] RMDV
[01:54:10] [275/296] RATG
[01:54:11] [276/296] SJYV
[01:54:11] [277/296] NDGP
[01:54:12] [278/296] SNDG
[01:54:13] [279/296] INSR
[01:54:13] [280/296] INSO
[01:54:14] [281/296] CCSI
[01:54:14] [282/296] RASM
[01:54:15] [283/296] NEWC
[01:54:15] [284/296] VSHL
[01:54:16] [285/296] BISW
[01:54:17] [286/296] GCNG
[01:54:17] [287/296] CWSC
[01:54:18] [288/296] SKAN
[01:54:19] [289/296] SEHP
[01:54:19] [290/296] CCOA
[01:54:20] [291/296] MCAJ
[01:54:20] [292/296] ACDE
[01:54:21] [293/296] AACM
[01:54:21] [294/296] JJCK
[01:54:22] [295/296] RCMO
[01:54:23] [296/296] GDAW
[01:54:23] ✅ DONE | Shows=0 | Movies=0
