[00:46:15] 🚀 BMS DAILY TRACKER STARTED
[00:46:15] [1/459] MBDC
[00:46:15] 🧠 New identity
[00:46:16] [2/459] CHKM
[00:46:17] [3/459] JTKZ
[00:46:18] [4/459] CMCT
[00:46:19] [5/459] ASHO
[00:46:20] [6/459] ECDG
[00:46:21] [7/459] SPAT
[00:46:22] [8/459] HILC
[00:46:23] [9/459] SPPH
[00:46:24] [10/459] SBHN
[00:46:25] [11/459] RRCA
[00:46:26] [12/459] APAA
[00:46:27] [13/459] RAME
[00:46:28] [14/459] TMMS
[00:46:29] [15/459] BATK
[00:46:30] [16/459] LKOP
[00:46:31] [17/459] AMTT
[00:46:32] [18/459] PTGK
[00:46:33] [19/459] ANRS
[00:46:33] [20/459] VWBW
[00:46:34] [21/459] SVFG
[00:46:35] [22/459] STAT
[00:46:36] [23/459] GDCV
[00:46:37] [24/459] VEBI
[00:46:38] [25/459] VDSS
[00:46:39] [26/459] NTHV
[00:46:40] [27/459] AOCH
[00:46:41] [28/459] KASR
[00:46:43] [29/459] AYCS
[00:46:44] [30/459] SHAI
[00:46:44] [31/459] SKPE
[00:46:45] [32/459] SBTA
[00:46:46] [33/459] RTTD
[00:46:47] [34/459] CCJD
[00:46:48] [35/459] RSJJ
[00:46:49] [36/459] RKND
[00:46:50] [37/459] SVTX
[00:46:51] [38/459] BAKM
[00:46:52] [39/459] SVDC
[00:46:52] [40/459] MNCV
[00:46:54] [41/459] SJGC
[00:46:54] [42/459] MTPK
[00:46:56] [43/459] GATP
[00:46:57] [44/459] ABTS
[00:46:57] [45/459] ABDE
[00:46:58] [46/459] RCNM
[00:46:59] [47/459] KTHV
[00:47:00] [48/459] MDGJ
[00:47:01] [49/459] SMLM
[00:47:02] [50/459] JTMA
[00:47:03] [51/459] ACKP
[00:47:04] [52/459] SRTA
[00:47:05] [53/459] STAY
[00:47:06] [54/459] MAVO
[00:47:07] [55/459] APTS
[00:47:08] [56/459] OMEA
[00:47:09] [57/459] TTFD
[00:47:10] [58/459] MJCU
[00:47:11] [59/459] CXTE
[00:47:12] [60/459] CTPX
[00:47:12] [61/459] ASSL
[00:47:13] [62/459] CMVB
[00:47:14] [63/459] VPUR
[00:47:15] [64/459] JJDA
[00:47:16] [65/459] INBL
[00:47:17] [66/459] BIKB
[00:47:18] [67/459] NTBB
[00:47:19] [68/459] GLOB
[00:47:20] [69/459] SNTB
[00:47:21] [70/459] CHGV
[00:47:22] [71/459] SSBZ
[00:47:22] [72/459] PRDB
[00:47:23] [73/459] ISMT
[00:47:24] [74/459] MCSD
[00:47:25] [75/459] JBTT
[00:47:26] [76/459] GEKR
[00:47:27] [77/459] PVUN
[00:47:28] [78/459] NRTB
[00:47:28] [79/459] PRAA
[00:47:29] [80/459] PCBL
[00:47:30] [81/459] PTCM
[00:47:31] [82/459] KHNN
[00:47:31] [83/459] OMJE
[00:47:32] [84/459] STGN
[00:47:34] [85/459] RPMS
[00:47:35] [86/459] NWAD
[00:47:36] [87/459] BLCK
[00:47:37] [88/459] SVAA
[00:47:37] [89/459] URVM
[00:47:38] [90/459] ANTM
[00:47:39] [91/459] VJYM
[00:47:40] [92/459] MAZZ
[00:47:41] [93/459] CSHM
[00:47:42] [94/459] WGMH
[00:47:43] [95/459] SALN
[00:47:44] [96/459] BRTP
[00:47:45] [97/459] SVTA
[00:47:46] [98/459] SBTP
[00:47:47] [99/459] VLSS
[00:47:48] [100/459] SRJA
[00:47:49] [101/459] ANCG
[00:47:50] [102/459] CGGC
[00:47:51] [103/459] CRJA
[00:47:52] [104/459] USCR
[00:47:53] [105/459] MMEF
[00:47:53] [106/459] JCRJ
[00:47:54] [107/459] ADCM
[00:47:55] [108/459] BMYK
[00:47:55] [109/459] KICS
[00:47:56] [110/459] MBBT
[00:47:57] [111/459] MACK
[00:47:58] [112/459] CLDR
[00:47:59] [113/459] JYCR
[00:48:00] [114/459] DCRP
[00:48:00] [115/459] RAHT
[00:48:02] [116/459] CSSM
[00:48:02] [117/459] ATPK
[00:48:03] [118/459] KLRT
[00:48:04] [119/459] SRDD
[00:48:05] [120/459] CKMC
[00:48:06] [121/459] KRVM
[00:48:07] [122/459] AKCP
[00:48:07] [123/459] CNCV
[00:48:08] [124/459] PACT
[00:48:09] [125/459] NATP
[00:48:10] [126/459] PCPK
[00:48:11] [127/459] SMHO
[00:48:11] [128/459] CWTK
[00:48:12] [129/459] RVKZ
[00:48:13] [130/459] ASPD
[00:48:14] [131/459] VTKZ
[00:48:15] [132/459] LCSO
[00:48:16] [133/459] PRDY
[00:48:17] [134/459] RCAP
[00:48:18] [135/459] RGAR
[00:48:19] [136/459] RCAC
[00:48:20] [137/459] PMOD
[00:48:21] [138/459] PVCN
[00:48:22] [139/459] SCRZ
[00:48:23] [140/459] PVPC
[00:48:24] [141/459] STID
[00:48:25] [142/459] NEDD
[00:48:26] [143/459] BNBA
[00:48:27] [144/459] NTCD
[00:48:28] [145/459] OCDE
[00:48:29] [146/459] CCDU
[00:48:29] [147/459] CRXH
[00:48:30] [148/459] VLVT
[00:48:31] [149/459] CICI
[00:48:32] [150/459] SUCB
[00:48:33] [151/459] TCBP
[00:48:34] [152/459] SCCY
[00:48:35] [153/459] LXCY
[00:48:36] [154/459] NCMD
[00:48:36] [155/459] PHCS
[00:48:37] [156/459] DUXR
[00:48:38] [157/459] VNKS
[00:48:39] [158/459] SEDP
[00:48:39] [159/459] SVEN
[00:48:40] [160/459] SRKM
[00:48:41] [161/459] JTLT
[00:48:42] [162/459] SVSS
[00:48:43] [163/459] AMDE
[00:48:44] [164/459] WVRN
[00:48:45] [165/459] ISMG
[00:48:45] [166/459] WVKS
[00:48:46] [167/459] USCG
[00:48:47] [168/459] IOTG
[00:48:48] [169/459] RRJM
[00:48:49] [170/459] EDMP
[00:48:49] [171/459] SCGZ
[00:48:51] [172/459] GMGX
[00:48:52] [173/459] OMTP
[00:48:53] [174/459] MITD
[00:48:53] [175/459] SMMD
[00:48:54] [176/459] STML
[00:48:55] [177/459] MCFS
[00:48:56] [178/459] FPKA
[00:48:57] [179/459] OMLR
[00:48:58] [180/459] KKSC
[00:48:59] [181/459] RVMA
[00:48:59] [182/459] SCLL
[00:49:00] [183/459] SCDK
[00:49:02] [184/459] SXMI
[00:49:03] [185/459] SHDN
[00:49:04] [186/459] PAAD
[00:49:05] [187/459] UUCB
[00:49:05] [188/459] JHOL
[00:49:06] [189/459] SGWT
[00:49:07] [190/459] SRII
[00:49:08] [191/459] SGCK
[00:49:08] [192/459] SVVB
[00:49:10] [193/459] DMHA
[00:49:11] [194/459] PPNL
[00:49:11] [195/459] CPNL
[00:49:12] [196/459] WVLD
[00:49:13] [197/459] PSLV
[00:49:14] [198/459] VTTL
[00:49:15] [199/459] NPAD
[00:49:16] [200/459] PVCS
[00:49:17] [201/459] MCHL
[00:49:18] [202/459] PPLL
[00:49:19] [203/459] MALO
[00:49:20] [204/459] SWBH
[00:49:21] [205/459] PUGB
[00:49:22] [206/459] INBB
[00:49:23] [207/459] INNS
[00:49:24] [208/459] MCPT
[00:49:25] [209/459] SCMI
[00:49:26] [210/459] OCON
[00:49:27] [211/459] SCSM
[00:49:28] [212/459] RJVN
[00:49:28] [213/459] AMDK
[00:49:30] [214/459] ISMR
[00:49:31] [215/459] SMTD
[00:49:31] [216/459] VTDD
[00:49:32] [217/459] PDDZ
[00:49:33] [218/459] PCCK
[00:49:35] [219/459] INAM
[00:49:35] [220/459] FNKT
[00:49:37] [221/459] GDKA
[00:49:38] [222/459] MAYU
[00:49:39] [223/459] TCGU
[00:49:40] [224/459] KDCA
[00:49:40] [225/459] DOMY
[00:49:41] [226/459] PDDD
[00:49:42] [227/459] BJTS
[00:49:43] [228/459] VTCA
[00:49:43] [229/459] SBTM
[00:49:44] [230/459] SEET
[00:49:45] [231/459] SSTJ
[00:49:46] [232/459] SVNT
[00:49:46] [233/459] PPPR
[00:49:47] [234/459] PVYS
[00:49:48] [235/459] IOSE
[00:49:49] [236/459] ACTV
[00:49:50] [237/459] APVE
[00:49:51] [238/459] TCCL
[00:49:52] [239/459] SCMO
[00:49:53] [240/459] SAUM
[00:49:53] [241/459] KCJS
[00:49:55] [242/459] NJCJ
[00:49:56] [243/459] NECF
[00:49:56] [244/459] CCGW
[00:49:57] [245/459] CCMG
[00:49:59] [246/459] NYRG
[00:49:59] [247/459] NCSQ
[00:50:00] [248/459] GRCG
[00:50:01] [249/459] CCBT
[00:50:02] [250/459] ACGA
[00:50:03] [251/459] INAG
[00:50:04] [252/459] FUCG
[00:50:04] [253/459] AICF
[00:50:05] [254/459] GRGA
[00:50:06] [255/459] GDCN
[00:50:07] [256/459] RRCG
[00:50:08] [257/459] SDCH
[00:50:08] [258/459] WVJM
[00:50:09] [259/459] JCCZ
[00:50:10] [260/459] CNCL
[00:50:11] [261/459] TMLV
[00:50:12] [262/459] MEMB
[00:50:13] [263/459] SGTD
[00:50:14] [264/459] CONX
[00:50:14] [265/459] CCMH
[00:50:15] [266/459] ACMC
[00:50:16] [267/459] DTPD
[00:50:17] [268/459] POJA
[00:50:18] [269/459] FNBH
[00:50:19] [270/459] CGCB
[00:50:19] [271/459] RACN
[00:50:20] [272/459] JTSM
[00:50:21] [273/459] SCDN
[00:50:22] [274/459] AACK
[00:50:23] [275/459] RMCE
[00:50:24] [276/459] BSGB
[00:50:25] [277/459] MRCB
[00:50:25] [278/459] SRVR
[00:50:26] [279/459] VTKK
[00:50:27] [280/459] AMST
[00:50:28] [281/459] APCY
[00:50:29] [282/459] LMHO
[00:50:29] [283/459] MTZH
[00:50:30] [284/459] AMZB
[00:50:31] [285/459] SUVT
[00:50:32] [286/459] RCIP
[00:50:33] [287/459] KESR
[00:50:34] [288/459] SNKC
[00:50:34] [289/459] SCED
[00:50:35] [290/459] DVCA
[00:50:36] [291/459] VCDT
[00:50:38] [292/459] RRDI
[00:50:38] [293/459] DFCH
[00:50:39] [294/459] INSC
[00:50:40] [295/459] RGTR
[00:50:41] [296/459] FMOT
[00:50:41] [297/459] SCPM
[00:50:42] [298/459] GCDT
[00:50:43] [299/459] BRKT
[00:50:44] [300/459] DEMP
[00:50:44] [301/459] SRLC
[00:50:45] [302/459] KSTT
[00:50:47] [303/459] SMMT
[00:50:48] [304/459] SILM
[00:50:48] [305/459] JCVM
[00:50:50] [306/459] KCSV
[00:50:51] [307/459] MHLK
[00:50:52] [308/459] SLVL
[00:50:52] [309/459] RJKP
[00:50:53] [310/459] BBPC
[00:50:54] [311/459] MXCB
[00:50:55] [312/459] TCPK
[00:50:55] [313/459] RTBR
[00:50:57] [314/459] GAUT
[00:50:57] [315/459] DVCF
[00:50:58] [316/459] JTSB
[00:50:59] [317/459] SBLS
[00:51:00] [318/459] UDAY
[00:51:01] [319/459] PTNP
[00:51:01] [320/459] DMKT
[00:51:02] [321/459] NTDT
[00:51:03] [322/459] SHDJ
[00:51:04] [323/459] OTNC
[00:51:05] [324/459] RNTW
[00:51:06] [325/459] GCMI
[00:51:07] [326/459] CRCM
[00:51:08] [327/459] NNCZ
[00:51:09] [328/459] OEMO
[00:51:10] [329/459] PVJM
[00:51:11] [330/459] CPJI
[00:51:13] [331/459] RMCJ
[00:51:13] [332/459] CNWJ
[00:51:14] [333/459] EPJM
[00:51:15] [334/459] FNJJ
[00:51:16] [335/459] GCMJ
[00:51:16] [336/459] INPS
[00:51:17] [337/459] BICJ
[00:51:18] [338/459] ISTJ
[00:51:19] [339/459] INJC
[00:51:20] [340/459] GLXJ
[00:51:21] [341/459] INEM
[00:51:21] [342/459] JTMN
[00:51:23] [343/459] FRCJ
[00:51:24] [344/459] DDJP
[00:51:25] [345/459] INJV
[00:51:26] [346/459] GOLC
[00:51:26] [347/459] KOCI
[00:51:27] [348/459] FSTD
[00:51:28] [349/459] PACJ
[00:51:29] [350/459] GMCN
[00:51:30] [351/459] MMDJ
[00:51:31] [352/459] GODH
[00:51:32] [353/459] SKYN
[00:51:32] [354/459] NCTH
[00:51:33] [355/459] SKVZ
[00:51:34] [356/459] SVML
[00:51:35] [357/459] ACVZ
[00:51:36] [358/459] SURA
[00:51:37] [359/459] RTRB
[00:51:38] [360/459] LLCT
[00:51:38] [361/459] ATTS
[00:51:39] [362/459] JYCM
[00:51:40] [363/459] CTKR
[00:51:41] [364/459] LCKR
[00:51:42] [365/459] NYCV
[00:51:43] [366/459] NYOH
[00:51:44] [367/459] NOVX
[00:51:45] [368/459] MRGK
[00:51:46] [369/459] MOON
[00:51:47] [370/459] SBUC
[00:51:47] [371/459] GSVA
[00:51:48] [372/459] VIAK
[00:51:49] [373/459] SMVZ
[00:51:51] [374/459] MATE
[00:51:51] [375/459] RDCN
[00:51:52] [376/459] ASBL
[00:51:53] [377/459] ASVS
[00:51:54] [378/459] ASSR
[00:51:55] [379/459] SSKN
[00:51:56] [380/459] DRPV
[00:51:57] [381/459] MRHT
[00:51:58] [382/459] BSCN
[00:51:59] [383/459] RKNX
[00:52:00] [384/459] MSMC
[00:52:01] [385/459] MSCJ
[00:52:01] [386/459] BTBJ
[00:52:02] [387/459] MJCC
[00:52:03] [388/459] IOMM
[00:52:04] [389/459] ADGR
[00:52:05] [390/459] MYCP
[00:52:05] [391/459] IGCM
[00:52:06] [392/459] PGRK
[00:52:08] [393/459] VPGO
[00:52:08] [394/459] KOMS
[00:52:09] [395/459] URGG
[00:52:10] [396/459] GOST
[00:52:11] [397/459] LACT
[00:52:12] [398/459] BWCM
[00:52:13] [399/459] NCCW
[00:52:14] [400/459] SKYC
[00:52:15] [401/459] CCPM
[00:52:16] [402/459] VCBT
[00:52:17] [403/459] SDKR
[00:52:17] [404/459] CTYB
[00:52:18] [405/459] SHCX
[00:52:19] [406/459] RCUN
[00:52:20] [407/459] CNRA
[00:52:21] [408/459] RFCA
[00:52:22] [409/459] RDCU
[00:52:23] [410/459] SARK
[00:52:24] [411/459] SPPP
[00:52:25] [412/459] ADMB
[00:52:26] [413/459] JYOE
[00:52:27] [414/459] SRMD
[00:52:27] [415/459] RJDH
[00:52:28] [416/459] SSTD
[00:52:29] [417/459] AACV
[00:52:30] [418/459] PPVD
[00:52:30] [419/459] STCP
[00:52:31] [420/459] ANJR
[00:52:32] [421/459] ANLS
[00:52:33] [422/459] BIJO
[00:52:34] [423/459] AVAB
[00:52:34] [424/459] SPMD
[00:52:35] [425/459] SVJL
[00:52:36] [426/459] SDDJ
[00:52:37] [427/459] SLTU
[00:52:38] [428/459] SAKA
[00:52:39] [429/459] PMAM
[00:52:40] [430/459] FNAM
[00:52:40] [431/459] ACAM
[00:52:41] [432/459] SCMM
[00:52:42] [433/459] PMAK
[00:52:43] [434/459] NYSA
[00:52:44] [435/459] FCPA
[00:52:45] [436/459] GDAN
[00:52:45] [437/459] RSCA
[00:52:46] [438/459] DMAN
[00:52:47] [439/459] DZCM
[00:52:48] [440/459] NSGL
[00:52:49] [441/459] CCPP
[00:52:50] [442/459] PSMG
[00:52:51] [443/459] GSER
[00:52:52] [444/459] FCCT
[00:52:53] [445/459] FCTB
[00:52:54] [446/459] LCNK
[00:52:55] [447/459] SKTY
[00:52:55] [448/459] INAA
[00:52:56] [449/459] RCWN
[00:52:57] [450/459] VAIS
[00:52:58] [451/459] CVMN
[00:52:59] [452/459] INTS
[00:53:00] [453/459] FRGS
[00:53:01] [454/459] DTCK
[00:53:01] [455/459] MCMH
[00:53:02] [456/459] ECRR
[00:53:03] [457/459] RLLP
[00:53:04] [458/459] CCSN
[00:53:05] [459/459] CCBA
[00:53:06] ✅ DONE | Shows=1 | Movies=1
