[00:46:22] 🚀 BMS DAILY TRACKER STARTED
[00:46:22] [1/324] GCTA
[00:46:22] 🧠 New identity
[00:46:23] [2/324] TOPN
[00:46:24] [3/324] MCUS
[00:46:25] [4/324] SHRL
[00:46:26] [5/324] UPTP
[00:46:27] [6/324] TMMP
[00:46:28] [7/324] DNRP
[00:46:29] [8/324] SRLT
[00:46:31] [9/324] RCNS
[00:46:33] [10/324] DCBH
[00:46:34] [11/324] NAGJ
[00:46:35] [12/324] JVRC
[00:46:35] [13/324] KRJG
[00:46:36] [14/324] SRTJ
[00:46:37] [15/324] CMXM
[00:46:38] [16/324] STMI
[00:46:39] [17/324] SLST
[00:46:39] [18/324] DTCN
[00:46:40] [19/324] STYN
[00:46:41] [20/324] SZVR
[00:46:42] [21/324] SRKO
[00:46:43] [22/324] JTGT
[00:46:44] [23/324] SVFD
[00:46:44] [24/324] SISD
[00:46:45] [25/324] ABDD
[00:46:46] [26/324] DRCA
[00:46:47] [27/324] AVCS
[00:46:48] [28/324] MVKH
[00:46:49] [29/324] ACPR
[00:46:49] [30/324] STIP
[00:46:50] [31/324] MTRA
[00:46:51] [32/324] RMKH
[00:46:52] [33/324] NKRL
[00:46:54] [34/324] PCWN
[00:46:55] [35/324] BLMT
[00:46:57] [36/324] GDPG
[00:46:57] [37/324] SRMX
[00:46:59] [38/324] JACP
[00:47:00] [39/324] CPSH
[00:47:01] [40/324] MCCD
[00:47:02] [41/324] ECGH
[00:47:03] [42/324] MKCK
[00:47:04] [43/324] SRMM
[00:47:05] [44/324] SKYR
[00:47:06] [45/324] PCKC
[00:47:07] [46/324] JCMA
[00:47:08] [47/324] BSMP
[00:47:08] [48/324] VSPA
[00:47:09] [49/324] DJYA
[00:47:10] [50/324] DIMP
[00:47:11] [51/324] FXDR
[00:47:13] [52/324] SSRC
[00:47:14] [53/324] STHP
[00:47:15] [54/324] CPPD
[00:47:15] [55/324] FCLK
[00:47:16] [56/324] SCPP
[00:47:17] [57/324] DCMJ
[00:47:18] [58/324] RCCR
[00:47:19] [59/324] INMT
[00:47:20] [60/324] LXTK
[00:47:21] [61/324] SRYK
[00:47:22] [62/324] SGDK
[00:47:23] [63/324] PPKA
[00:47:24] [64/324] SPKA
[00:47:25] [65/324] CGHH
[00:47:27] [66/324] DCJN
[00:47:28] [67/324] SRKV
[00:47:29] [68/324] SAJC
[00:47:29] [69/324] SUSR
[00:47:30] [70/324] STYG
[00:47:31] [71/324] NTKP
[00:47:32] [72/324] AKTG
[00:47:33] [73/324] CGCM
[00:47:34] [74/324] TULC
[00:47:35] [75/324] NYYZ
[00:47:36] [76/324] NYBW
[00:47:37] [77/324] MACB
[00:47:38] [78/324] SLVT
[00:47:39] [79/324] SANA
[00:47:40] [80/324] ACMR
[00:47:41] [81/324] CPKN
[00:47:42] [82/324] DLGK
[00:47:43] [83/324] CWCK
[00:47:44] [84/324] FDDH
[00:47:45] [85/324] MMMD
[00:47:46] [86/324] CMEH
[00:47:47] [87/324] GGGV
[00:47:47] [88/324] SPJL
[00:47:48] [89/324] RCCD
[00:47:49] [90/324] STTZ
[00:47:51] [91/324] BTCF
[00:47:51] [92/324] TSTZ
[00:47:53] [93/324] IPMM
[00:47:54] [94/324] PMPW
[00:47:55] [95/324] PCMZ
[00:47:56] [96/324] ESEM
[00:47:56] [97/324] PIPO
[00:47:57] [98/324] MATK
[00:47:58] [99/324] PGHM
[00:47:59] [100/324] CTSR
[00:48:00] [101/324] CYKR
[00:48:00] [102/324] MSCM
[00:48:01] [103/324] RFNP
[00:48:02] [104/324] PDCP
[00:48:03] [105/324] NPSE
[00:48:04] [106/324] MKML
[00:48:05] [107/324] FTDP
[00:48:06] [108/324] MMXA
[00:48:07] [109/324] CEPO
[00:48:08] [110/324] CMVP
[00:48:09] [111/324] SGTH
[00:48:10] [112/324] SAYN
[00:48:11] [113/324] URVS
[00:48:12] [114/324] VJTN
[00:48:13] [115/324] BBYK
[00:48:14] [116/324] SHBO
[00:48:15] [117/324] VCMR
[00:48:16] [118/324] MACT
[00:48:16] [119/324] JMNP
[00:48:17] [120/324] VICS
[00:48:18] [121/324] VCDA
[00:48:19] [122/324] GCMM
[00:48:20] [123/324] INVS
[00:48:21] [124/324] SCGM
[00:48:21] [125/324] PCDA
[00:48:22] [126/324] KDCT
[00:48:23] [127/324] JACS
[00:48:24] [128/324] GMMC
[00:48:25] [129/324] AICM
[00:48:26] [130/324] TJCM
[00:48:26] [131/324] RMTI
[00:48:27] [132/324] SHAC
[00:48:28] [133/324] APJC
[00:48:29] [134/324] GCTG
[00:48:30] [135/324] SSMC
[00:48:31] [136/324] THRM
[00:48:32] [137/324] RBCT
[00:48:33] [138/324] DIKT
[00:48:34] [139/324] MIDL
[00:48:35] [140/324] VCSN
[00:48:36] [141/324] SKTG
[00:48:37] [142/324] SMWC
[00:48:38] [143/324] MNKH
[00:48:40] [144/324] PIAT
[00:48:41] [145/324] LTTP
[00:48:42] [146/324] PTPU
[00:48:43] [147/324] ACMG
[00:48:44] [148/324] SHMM
[00:48:45] [149/324] MCMN
[00:48:46] [150/324] GLDC
[00:48:47] [151/324] HOUT
[00:48:48] [152/324] SVRP
[00:48:49] [153/324] PVDN
[00:48:50] [154/324] SCPY
[00:48:51] [155/324] DTPY
[00:48:52] [156/324] GKCS
[00:48:53] [157/324] NCAM
[00:48:54] [158/324] BSRM
[00:48:55] [159/324] RCLC
[00:48:56] [160/324] SKKD
[00:48:57] [161/324] ACHU
[00:48:58] [162/324] RSCF
[00:48:58] [163/324] IMSH
[00:48:59] [164/324] MACX
[00:49:01] [165/324] HMMW
[00:49:01] [166/324] JTCP
[00:49:02] [167/324] SREN
[00:49:03] [168/324] PJRR
[00:49:04] [169/324] INAC
[00:49:05] [170/324] BMCA
[00:49:06] [171/324] SHCB
[00:49:06] [172/324] GABA
[00:49:07] [173/324] SBCT
[00:49:08] [174/324] GCMA
[00:49:09] [175/324] MYTK
[00:49:09] [176/324] INZS
[00:49:10] [177/324] RMIK
[00:49:11] [178/324] NYCH
[00:49:12] [179/324] RAVE
[00:49:13] [180/324] PSXM
[00:49:14] [181/324] MCGP
[00:49:15] [182/324] PDDK
[00:49:16] [183/324] SPCK
[00:49:16] [184/324] MCRL
[00:49:17] [185/324] MHKT
[00:49:18] [186/324] ANRR
[00:49:19] [187/324] SAPK
[00:49:19] [188/324] NCUK
[00:49:20] [189/324] JUGA
[00:49:21] [190/324] DBSC
[00:49:22] [191/324] LALK
[00:49:23] [192/324] GUCK
[00:49:24] [193/324] STSG
[00:49:25] [194/324] PPPZ
[00:49:26] [195/324] CNCY
[00:49:26] [196/324] MTAR
[00:49:27] [197/324] VNKD
[00:49:28] [198/324] KMAJ
[00:49:29] [199/324] ACXK
[00:49:30] [200/324] UTKC
[00:49:31] [201/324] PBLK
[00:49:32] [202/324] ACBX
[00:49:33] [203/324] PTGM
[00:49:34] [204/324] BTDA
[00:49:34] [205/324] PJMB
[00:49:36] [206/324] TPDA
[00:49:37] [207/324] AMOE
[00:49:37] [208/324] PRHT
[00:49:38] [209/324] PRTA
[00:49:39] [210/324] STAM
[00:49:40] [211/324] MSAA
[00:49:41] [212/324] SDLU
[00:49:42] [213/324] RCHH
[00:49:43] [214/324] KANT
[00:49:44] [215/324] FCRT
[00:49:45] [216/324] DNKM
[00:49:46] [217/324] RYCP
[00:49:47] [218/324] MYRP
[00:49:48] [219/324] PPAK
[00:49:49] [220/324] NVPK
[00:49:51] [221/324] PRMC
[00:49:51] [222/324] JBCS
[00:49:52] [223/324] GXCK
[00:49:53] [224/324] USKO
[00:49:54] [225/324] GTEM
[00:49:56] [226/324] SMBU
[00:49:57] [227/324] VETC
[00:49:57] [228/324] LCDA
[00:49:58] [229/324] MTVT
[00:49:59] [230/324] PYCP
[00:50:00] [231/324] PNSC
[00:50:01] [232/324] PPCC
[00:50:02] [233/324] TGRT
[00:50:03] [234/324] JYOT
[00:50:04] [235/324] SRCZ
[00:50:05] [236/324] SJTE
[00:50:06] [237/324] DESC
[00:50:07] [238/324] JHVN
[00:50:08] [239/324] IPSG
[00:50:09] [240/324] IPCM
[00:50:10] [241/324] PDRS
[00:50:11] [242/324] ANCV
[00:50:12] [243/324] CMVV
[00:50:13] [244/324] SHYP
[00:50:14] [245/324] DNCS
[00:50:15] [246/324] GAJK
[00:50:15] [247/324] AKTN
[00:50:16] [248/324] KAYA
[00:50:17] [249/324] SBRC
[00:50:18] [250/324] CHTP
[00:50:19] [251/324] SHRT
[00:50:20] [252/324] BCKU
[00:50:21] [253/324] FCPS
[00:50:22] [254/324] ARDD
[00:50:23] [255/324] CPCM
[00:50:23] [256/324] CGSM
[00:50:24] [257/324] PSMP
[00:50:25] [258/324] SDAL
[00:50:26] [259/324] RTNB
[00:50:27] [260/324] LMCR
[00:50:28] [261/324] CIMA
[00:50:29] [262/324] RNAS
[00:50:30] [263/324] LITH
[00:50:30] [264/324] PBOX
[00:50:31] [265/324] FRTS
[00:50:32] [266/324] RKIC
[00:50:33] [267/324] PTAI
[00:50:34] [268/324] GCIC
[00:50:35] [269/324] FNAS
[00:50:36] [270/324] SCAR
[00:50:37] [271/324] MTCA
[00:50:37] [272/324] SCTS
[00:50:38] [273/324] SYCS
[00:50:40] [274/324] RDMS
[00:50:40] [275/324] KAMP
[00:50:41] [276/324] ERSD
[00:50:42] [277/324] MJMJ
[00:50:43] [278/324] SRCJ
[00:50:44] [279/324] SCXE
[00:50:45] [280/324] SVFR
[00:50:46] [281/324] BHCS
[00:50:46] [282/324] IMCC
[00:50:47] [283/324] PCBO
[00:50:48] [284/324] PRVN
[00:50:49] [285/324] AUPM
[00:50:50] [286/324] INBW
[00:50:51] [287/324] SVCW
[00:50:52] [288/324] RKCF
[00:50:52] [289/324] UVBH
[00:50:53] [290/324] DNCY
[00:50:54] [291/324] ABCN
[00:50:55] [292/324] PRUR
[00:50:55] [293/324] PFMR
[00:50:56] [294/324] RKCN
[00:50:57] [295/324] CFEA
[00:50:58] [296/324] SDBG
[00:50:59] [297/324] SNAR
[00:51:00] [298/324] YISI
[00:51:00] [299/324] JCFF
[00:51:01] [300/324] VTRK
[00:51:02] [301/324] PCLZ
[00:51:03] [302/324] DIMY
[00:51:04] [303/324] BBTS
[00:51:05] [304/324] GATH
[00:51:05] [305/324] GTMN
[00:51:06] [306/324] VTMH
[00:51:07] [307/324] CCKP
[00:51:08] [308/324] GPKA
[00:51:08] [309/324] MHCL
[00:51:09] [310/324] ATCL
[00:51:10] [311/324] SBCK
[00:51:11] [312/324] AMMR
[00:51:12] [313/324] MADC
[00:51:13] [314/324] TMMA
[00:51:14] [315/324] CACC
[00:51:16] [316/324] CHAL
[00:51:16] [317/324] DURG
[00:51:17] [318/324] GMKU
[00:51:18] [319/324] GECA
[00:51:19] [320/324] KYRR
[00:51:19] [321/324] KSDE
[00:51:20] [322/324] LMCI
[00:51:22] [323/324] NKCP
[00:51:23] [324/324] BGTC
[00:51:23] ✅ DONE | Shows=0 | Movies=0
