[00:46:17] 🚀 BMS DAILY TRACKER STARTED
[00:46:17] [1/459] NECA
[00:46:17] 🧠 New identity
[00:46:17] [2/459] BJLC
[00:46:18] [3/459] BASU
[00:46:19] [4/459] RUPI
[00:46:19] [5/459] LCBK
[00:46:20] [6/459] PMAC
[00:46:20] [7/459] AMLC
[00:46:21] [8/459] LICL
[00:46:21] [9/459] UDMM
[00:46:22] [10/459] STBZ
[00:46:23] [11/459] UUBT
[00:46:24] [12/459] SJKC
[00:46:24] [13/459] TUAL
[00:46:25] [14/459] MRSE
[00:46:26] [15/459] RMRK
[00:46:26] [16/459] TTKP
[00:46:27] [17/459] KTKO
[00:46:27] [18/459] SDBK
[00:46:28] [19/459] MCPR
[00:46:29] [20/459] CHTI
[00:46:29] [21/459] GCCP
[00:46:30] [22/459] SRMY
[00:46:31] [23/459] NYST
[00:46:31] [24/459] NYAG
[00:46:32] [25/459] SBMT
[00:46:33] [26/459] INGA
[00:46:33] [27/459] WSIC
[00:46:34] [28/459] SCSS
[00:46:34] [29/459] COPG
[00:46:35] [30/459] RCGR
[00:46:36] [31/459] TCZA
[00:46:36] [32/459] CNLP
[00:46:37] [33/459] CLKN
[00:46:38] [34/459] LHDF
[00:46:38] [35/459] ELKC
[00:46:39] [36/459] VCEM
[00:46:39] [37/459] SSZA
[00:46:40] [38/459] KRMT
[00:46:40] [39/459] LCMV
[00:46:41] [40/459] AYCZ
[00:46:42] [41/459] CUMS
[00:46:42] [42/459] BOCK
[00:46:43] [43/459] PNMR
[00:46:43] [44/459] PJCP
[00:46:44] [45/459] JDDD
[00:46:44] [46/459] STMS
[00:46:45] [47/459] FLMB
[00:46:45] [48/459] PKCM
[00:46:46] [49/459] SPPR
[00:46:46] [50/459] EYLH
[00:46:47] [51/459] RJCC
[00:46:48] [52/459] MMPS
[00:46:48] [53/459] SHMX
[00:46:49] [54/459] CCNL
[00:46:49] [55/459] RCNV
[00:46:50] [56/459] MAAG
[00:46:51] [57/459] LXCM
[00:46:51] [58/459] RCNI
[00:46:52] [59/459] SNNI
[00:46:52] [60/459] LALC
[00:46:53] [61/459] SOCN
[00:46:53] [62/459] JHTP
[00:46:54] [63/459] PITP
[00:46:55] [64/459] CCKW
[00:46:55] [65/459] MCMC
[00:46:56] [66/459] DEES
[00:46:56] [67/459] SABT
[00:46:57] [68/459] VSPP
[00:46:57] [69/459] ABCT
[00:46:58] [70/459] JVTB
[00:46:59] [71/459] VCBD
[00:46:59] [72/459] RMGG
[00:47:00] [73/459] RNMH
[00:47:01] [74/459] SPGL
[00:47:01] [75/459] JTTR
[00:47:02] [76/459] SICS
[00:47:02] [77/459] SRMI
[00:47:03] [78/459] SSIJ
[00:47:03] [79/459] KFMT
[00:47:04] [80/459] VBIT
[00:47:05] [81/459] JKCT
[00:47:05] [82/459] GCGP
[00:47:06] [83/459] GDCS
[00:47:07] [84/459] TRBA
[00:47:07] [85/459] QUST
[00:47:08] [86/459] VSHM
[00:47:09] [87/459] SDCP
[00:47:09] [88/459] SNVS
[00:47:10] [89/459] NYTO
[00:47:10] [90/459] URWC
[00:47:11] [91/459] GTWH
[00:47:12] [92/459] PFCM
[00:47:12] [93/459] KRTA
[00:47:13] [94/459] AXMC
[00:47:13] [95/459] EVMC
[00:47:14] [96/459] HGSM
[00:47:15] [97/459] ACVM
[00:47:15] [98/459] PSKL
[00:47:16] [99/459] RDMP
[00:47:16] [100/459] RHGH
[00:47:17] [101/459] OMCM
[00:47:17] [102/459] DCCP
[00:47:18] [103/459] MCPB
[00:47:19] [104/459] ALCI
[00:47:19] [105/459] BLMX
[00:47:20] [106/459] BTMV
[00:47:20] [107/459] FVPN
[00:47:21] [108/459] CMAR
[00:47:22] [109/459] CEIM
[00:47:22] [110/459] CMVA
[00:47:23] [111/459] CPIV
[00:47:24] [112/459] CNPE
[00:47:24] [113/459] COLV
[00:47:25] [114/459] DNNV
[00:47:25] [115/459] HCAD
[00:47:26] [116/459] TAKA
[00:47:27] [117/459] INVD
[00:47:27] [118/459] IRMM
[00:47:28] [119/459] INSE
[00:47:28] [120/459] MRSW
[00:47:29] [121/459] MCVD
[00:47:29] [122/459] MCSO
[00:47:30] [123/459] PEVM
[00:47:31] [124/459] PVNL
[00:47:31] [125/459] PTCV
[00:47:32] [126/459] PRTC
[00:47:32] [127/459] RCVA
[00:47:33] [128/459] MTBN
[00:47:33] [129/459] LUCP
[00:47:34] [130/459] FMPT
[00:47:35] [131/459] JLSL
[00:47:35] [132/459] SBHA
[00:47:36] [133/459] SHRC
[00:47:37] [134/459] AVPS
[00:47:37] [135/459] STPM
[00:47:38] [136/459] ATRD
[00:47:38] [137/459] VTED
[00:47:39] [138/459] ACAI
[00:47:40] [139/459] SMAE
[00:47:40] [140/459] VMAT
[00:47:40] [141/459] LKCT
[00:47:41] [142/459] JTVK
[00:47:42] [143/459] PRTY
[00:47:42] [144/459] GETT
[00:47:43] [145/459] ESAP
[00:47:44] [146/459] NCPM
[00:47:44] [147/459] PCPA
[00:47:45] [148/459] MMOM
[00:47:46] [149/459] PHUP
[00:47:46] [150/459] CCPI
[00:47:47] [151/459] CNTD
[00:47:47] [152/459] NLJR
[00:47:48] [153/459] SRNG
[00:47:49] [154/459] MHAL
[00:47:49] [155/459] PNSM
[00:47:50] [156/459] DRMY
[00:47:51] [157/459] CCMU
[00:47:51] [158/459] SCMY
[00:47:52] [159/459] PVSY
[00:47:53] [160/459] SDLM
[00:47:53] [161/459] ICCM
[00:47:54] [162/459] PYSU
[00:47:54] [163/459] GATM
[00:47:55] [164/459] WOTM
[00:47:56] [165/459] RKTS
[00:47:56] [166/459] PMTY
[00:47:57] [167/459] LYMS
[00:47:57] [168/459] TGCA
[00:47:58] [169/459] DSTA
[00:47:58] [170/459] CNGE
[00:47:59] [171/459] VSTG
[00:47:59] [172/459] GTCK
[00:48:00] [173/459] TGNT
[00:48:01] [174/459] ASLC
[00:48:01] [175/459] SSST
[00:48:02] [176/459] KBTT
[00:48:02] [177/459] HKCP
[00:48:03] [178/459] SWLC
[00:48:03] [179/459] RTND
[00:48:04] [180/459] PKKT
[00:48:05] [181/459] HSTK
[00:48:05] [182/459] SPTT
[00:48:06] [183/459] IMPM
[00:48:07] [184/459] SCMV
[00:48:08] [185/459] SPCT
[00:48:08] [186/459] JBCA
[00:48:09] [187/459] ATTR
[00:48:09] [188/459] SPMT
[00:48:10] [189/459] LCTM
[00:48:10] [190/459] SCVL
[00:48:11] [191/459] SCVT
[00:48:12] [192/459] KRIC
[00:48:12] [193/459] CTMG
[00:48:13] [194/459] ACNC
[00:48:13] [195/459] DMCK
[00:48:14] [196/459] KMTV
[00:48:14] [197/459] PFCJ
[00:48:15] [198/459] VNMD
[00:48:15] [199/459] VPCZ
[00:48:16] [200/459] SRYR
[00:48:17] [201/459] SYTR
[00:48:17] [202/459] GATR
[00:48:18] [203/459] URTR
[00:48:18] [204/459] MKSM
[00:48:19] [205/459] VSMH
[00:48:19] [206/459] SKRJ
[00:48:20] [207/459] SSJR
[00:48:21] [208/459] SVSM
[00:48:21] [209/459] RUCM
[00:48:21] [210/459] PRKN
[00:48:22] [211/459] RROH
[00:48:23] [212/459] SCTN
[00:48:23] [213/459] RTDM
[00:48:24] [214/459] ASRM
[00:48:24] [215/459] SKMD
[00:48:25] [216/459] SUTD
[00:48:25] [217/459] SADM
[00:48:26] [218/459] WCNR
[00:48:26] [219/459] CNED
[00:48:27] [220/459] MPDB
[00:48:28] [221/459] KTBH
[00:48:28] [222/459] IDRM
[00:48:29] [223/459] PJJT
[00:48:29] [224/459] PFCV
[00:48:30] [225/459] AACT
[00:48:31] [226/459] AAAD
[00:48:31] [227/459] ANES
[00:48:32] [228/459] MNCA
[00:48:32] [229/459] RMGU
[00:48:33] [230/459] DLCN
[00:48:33] [231/459] LJWT
[00:48:34] [232/459] MCBG
[00:48:34] [233/459] MYBG
[00:48:35] [234/459] GCCA
[00:48:36] [235/459] GCGA
[00:48:36] [236/459] ECGN
[00:48:37] [237/459] PRAB
[00:48:37] [238/459] PNMP
[00:48:38] [239/459] GCPT
[00:48:38] [240/459] ROYN
[00:48:39] [241/459] VATM
[00:48:39] [242/459] KSNT
[00:48:40] [243/459] ACTC
[00:48:40] [244/459] PLTD
[00:48:41] [245/459] SKMK
[00:48:41] [246/459] CMTT
[00:48:42] [247/459] SMXP
[00:48:42] [248/459] SCMX
[00:48:43] [249/459] ACXN
[00:48:44] [250/459] ASWT
[00:48:44] [251/459] VVVL
[00:48:44] [252/459] NAGO
[00:48:45] [253/459] SNCN
[00:48:46] [254/459] MCKP
[00:48:46] [255/459] SAMO
[00:48:47] [256/459] JBTV
[00:48:47] [257/459] DCVV
[00:48:48] [258/459] KMSV
[00:48:49] [259/459] KDCN
[00:48:49] [260/459] CNCP
[00:48:50] [261/459] HAMC
[00:48:51] [262/459] CCVZ
[00:48:51] [263/459] NCCK
[00:48:52] [264/459] MCHR
[00:48:52] [265/459] SCHT
[00:48:53] [266/459] ESSH
[00:48:53] [267/459] CUJC
[00:48:54] [268/459] PECP
[00:48:54] [269/459] PMMI
[00:48:55] [270/459] PCCH
[00:48:55] [271/459] PRPM
[00:48:56] [272/459] PVKL
[00:48:56] [273/459] CBSM
[00:48:57] [274/459] PVCZ
[00:48:57] [275/459] PCVV
[00:48:58] [276/459] CTMJ
[00:48:58] [277/459] RCPS
[00:48:59] [278/459] PCIT
[00:49:00] [279/459] FNCH
[00:49:00] [280/459] INZD
[00:49:01] [281/459] INPC
[00:49:01] [282/459] LCZP
[00:49:02] [283/459] SMCB
[00:49:03] [284/459] PTSB
[00:49:03] [285/459] TPSI
[00:49:04] [286/459] KHMJ
[00:49:04] [287/459] RCCJ
[00:49:05] [288/459] NCJA
[00:49:06] [289/459] NCJN
[00:49:06] [290/459] BTDP
[00:49:07] [291/459] PADY
[00:49:07] [292/459] NYBH
[00:49:08] [293/459] MTBR
[00:49:09] [294/459] KRBC
[00:49:09] [295/459] DKTI
[00:49:10] [296/459] ANAN
[00:49:11] [297/459] INBP
[00:49:11] [298/459] PATB
[00:49:12] [299/459] RGNT
[00:49:12] [300/459] CGPM
[00:49:13] [301/459] INTN
[00:49:13] [302/459] MCMP
[00:49:14] [303/459] ASRG
[00:49:15] [304/459] CXJD
[00:49:15] [305/459] SPCP
[00:49:16] [306/459] CSTP
[00:49:16] [307/459] PKVC
[00:49:17] [308/459] ESCP
[00:49:18] [309/459] CAEP
[00:49:19] [310/459] CCSP
[00:49:19] [311/459] KTPC
[00:49:20] [312/459] DACA
[00:49:20] [313/459] NVKY
[00:49:21] [314/459] PTIN
[00:49:21] [315/459] SCIN
[00:49:22] [316/459] MCTY
[00:49:22] [317/459] PCMX
[00:49:23] [318/459] INIC
[00:49:24] [319/459] MMZM
[00:49:24] [320/459] SSLP
[00:49:25] [321/459] DTDT
[00:49:25] [322/459] FFCX
[00:49:26] [323/459] RCMM
[00:49:27] [324/459] KYID
[00:49:27] [325/459] CSCI
[00:49:28] [326/459] FCMC
[00:49:28] [327/459] MMXI
[00:49:29] [328/459] ASTC
[00:49:30] [329/459] CMRA
[00:49:30] [330/459] DICI
[00:49:31] [331/459] KDIN
[00:49:31] [332/459] PRFI
[00:49:32] [333/459] SVFC
[00:49:33] [334/459] UCPL
[00:49:33] [335/459] COOC
[00:49:34] [336/459] SCAL
[00:49:34] [337/459] SVFF
[00:49:35] [338/459] VCMG
[00:49:36] [339/459] UUCT
[00:49:36] [340/459] GCSE
[00:49:37] [341/459] SUSC
[00:49:38] [342/459] MISC
[00:49:38] [343/459] RMBL
[00:49:39] [344/459] CMXN
[00:49:39] [345/459] PVBK
[00:49:40] [346/459] HHCG
[00:49:40] [347/459] SCAG
[00:49:41] [348/459] CNPR
[00:49:42] [349/459] CSER
[00:49:42] [350/459] HLWD
[00:49:43] [351/459] BOLY
[00:49:43] [352/459] SSPG
[00:49:44] [353/459] MUPX
[00:49:45] [354/459] HAMR
[00:49:45] [355/459] SDNC
[00:49:46] [356/459] RTEN
[00:49:46] [357/459] SDTD
[00:49:47] [358/459] KAWS
[00:49:48] [359/459] CMZX
[00:49:48] [360/459] DCDD
[00:49:49] [361/459] ALSN
[00:49:50] [362/459] IMXS
[00:49:50] [363/459] PVFF
[00:49:51] [364/459] PVOO
[00:49:51] [365/459] CFBS
[00:49:52] [366/459] PVER
[00:49:52] [367/459] PPNX
[00:49:53] [368/459] CNRM
[00:49:53] [369/459] PVWW
[00:49:54] [370/459] INMB
[00:49:54] [371/459] CPJR
[00:49:55] [372/459] INRZ
[00:49:55] [373/459] PMSR
[00:49:56] [374/459] GPGM
[00:49:56] [375/459] PGWB
[00:49:56] [376/459] PMBR
[00:49:57] [377/459] GPAM
[00:49:58] [378/459] INBC
[00:49:58] [379/459] PZVK
[00:49:59] [380/459] CPEB
[00:50:00] [381/459] FMLB
[00:50:00] [382/459] INBG
[00:50:01] [383/459] GPBR
[00:50:01] [384/459] PAAS
[00:50:02] [385/459] VTBR
[00:50:03] [386/459] GPMY
[00:50:03] [387/459] GYBU
[00:50:04] [388/459] INBJ
[00:50:05] [389/459] LKTH
[00:50:05] [390/459] NSBR
[00:50:06] [391/459] PDRD
[00:50:06] [392/459] VRBL
[00:50:07] [393/459] VTGB
[00:50:08] [394/459] VTSK
[00:50:08] [395/459] BKDV
[00:50:09] [396/459] SVTB
[00:50:10] [397/459] MLDT
[00:50:10] [398/459] NRBL
[00:50:11] [399/459] SLTR
[00:50:12] [400/459] VNKA
[00:50:12] [401/459] TDCA
[00:50:12] [402/459] INBM
[00:50:13] [403/459] SSNR
[00:50:13] [404/459] BHAC
[00:50:14] [405/459] SDSD
[00:50:14] [406/459] SAMP
[00:50:15] [407/459] RATK
[00:50:16] [408/459] KCBI
[00:50:16] [409/459] URBL
[00:50:17] [410/459] MKBG
[00:50:18] [411/459] ASTB
[00:50:18] [412/459] VBWT
[00:50:19] [413/459] GPSM
[00:50:19] [414/459] ROON
[00:50:20] [415/459] CHTH
[00:50:20] [416/459] SSPA
[00:50:21] [417/459] ANBL
[00:50:22] [418/459] VTBE
[00:50:22] [419/459] SVKT
[00:50:23] [420/459] SVYK
[00:50:23] [421/459] PTBK
[00:50:24] [422/459] RKTB
[00:50:24] [423/459] BALT
[00:50:25] [424/459] STSV
[00:50:26] [425/459] VCCB
[00:50:26] [426/459] SLTB
[00:50:27] [427/459] SBCR
[00:50:27] [428/459] VDCS
[00:50:28] [429/459] MDKI
[00:50:28] [430/459] SMRN
[00:50:29] [431/459] PTBC
[00:50:30] [432/459] RADI
[00:50:30] [433/459] ADCR
[00:50:31] [434/459] SDCS
[00:50:31] [435/459] SRPJ
[00:50:32] [436/459] ARTS
[00:50:32] [437/459] SRHK
[00:50:33] [438/459] SPAY
[00:50:34] [439/459] GPTB
[00:50:34] [440/459] SNNN
[00:50:35] [441/459] BALJ
[00:50:35] [442/459] TRIG
[00:50:36] [443/459] GTYT
[00:50:36] [444/459] ATGN
[00:50:37] [445/459] ANTE
[00:50:37] [446/459] BDCG
[00:50:38] [447/459] VECI
[00:50:38] [448/459] SCPR
[00:50:39] [449/459] RTEA
[00:50:40] [450/459] JSAI
[00:50:40] [451/459] VJTP
[00:50:41] [452/459] GNDS
[00:50:41] [453/459] PAXA
[00:50:42] [454/459] CGGM
[00:50:42] [455/459] ACKZ
[00:50:43] [456/459] EMCC
[00:50:43] [457/459] KLSK
[00:50:44] [458/459] AVCK
[00:50:45] [459/459] JTCK
[00:50:45] ✅ DONE | Shows=0 | Movies=0
