[00:01:58] 🚀 BMS DAILY TRACKER STARTED
[00:01:58] [1/296] CDCA
[00:01:58] 🧠 New identity
[00:01:59] [2/296] MNSR
[00:02:00] [3/296] CSSL
[00:02:01] [4/296] BGGM
[00:02:02] [5/296] MANT
[00:02:03] [6/296] SOOY
[00:02:04] [7/296] VPPK
[00:02:05] [8/296] MYHJ
[00:02:06] [9/296] KSCK
[00:02:07] [10/296] KATK
[00:02:08] [11/296] RTRT
[00:02:09] [12/296] SSTT
[00:02:10] [13/296] SSTV
[00:02:11] [14/296] LACM
[00:02:12] [15/296] SGMG
[00:02:13] [16/296] KACX
[00:02:14] [17/296] GVCP
[00:02:15] [18/296] CSNC
[00:02:16] [19/296] SXCB
[00:02:17] [20/296] BAHS
[00:02:17] [21/296] PCBI
[00:02:18] [22/296] PSSM
[00:02:19] [23/296] RCOK
[00:02:20] [24/296] SCPF
[00:02:21] [25/296] SSAS
[00:02:22] [26/296] EVMM
[00:02:23] [27/296] SYCB
[00:02:24] [28/296] GCKI
[00:02:24] [29/296] IAET
[00:02:25] [30/296] DDTD
[00:02:26] [31/296] GMDH
[00:02:27] [32/296] STLE
[00:02:28] [33/296] JTRA
[00:02:29] [34/296] RPPA
[00:02:30] [35/296] ARUT
[00:02:32] [36/296] JTVM
[00:02:36] [37/296] SWRH
[00:02:37] [38/296] DCPC
[00:02:38] [39/296] RAPR
[00:02:39] [40/296] GCRT
[00:02:39] [41/296] ATUN
[00:02:40] [42/296] LTRM
[00:02:41] [43/296] TASR
[00:02:42] [44/296] RLLC
[00:02:43] [45/296] MABI
[00:02:44] [46/296] SVHB
[00:02:45] [47/296] NVTB
[00:02:46] [48/296] KCKG
[00:02:46] [49/296] SSRN
[00:02:47] [50/296] VDDC
[00:02:48] [51/296] GKTK
[00:02:49] [52/296] YFSN
[00:02:50] [53/296] GCSG
[00:02:51] [54/296] ESSM
[00:02:52] [55/296] KRIH
[00:02:53] [56/296] GCDS
[00:02:54] [57/296] CCSH
[00:02:55] [58/296] ACSK
[00:02:56] [59/296] APRK
[00:02:57] [60/296] ADKM
[00:02:58] [61/296] SRDM
[00:02:59] [62/296] RMOG
[00:02:59] [63/296] SJMY
[00:03:00] [64/296] PGGC
[00:03:01] [65/296] INGM
[00:03:02] [66/296] LSCB
[00:03:03] [67/296] STAD
[00:03:05] [68/296] MCCR
[00:03:06] [69/296] ABCC
[00:03:07] [70/296] RKCC
[00:03:08] [71/296] RTCR
[00:03:10] [72/296] GGBC
[00:03:11] [73/296] GCSD
[00:03:12] [74/296] LPTY
[00:03:13] [75/296] MCFD
[00:03:15] [76/296] HENN
[00:03:15] [77/296] SMKU
[00:03:16] [78/296] TNZC
[00:03:17] [79/296] DRCD
[00:03:19] [80/296] DLCD
[00:03:20] [81/296] RCDA
[00:03:21] [82/296] COSM
[00:03:22] [83/296] MCMJ
[00:03:23] [84/296] CSTR
[00:03:23] [85/296] CVDK
[00:03:24] [86/296] INRR
[00:03:25] [87/296] RJRT
[00:03:26] [88/296] IRMR
[00:03:27] [89/296] SRCF
[00:03:28] [90/296] GRCR
[00:03:28] [91/296] SURC
[00:03:29] [92/296] NMNH
[00:03:30] [93/296] SVBL
[00:03:32] [94/296] KACI
[00:03:32] [95/296] TDGO
[00:03:34] [96/296] KTBR
[00:03:35] [97/296] PMAD
[00:03:36] [98/296] CCPN
[00:03:37] [99/296] SBTK
[00:03:38] [100/296] LMDK
[00:03:39] [101/296] PGDA
[00:03:40] [102/296] SRML
[00:03:40] [103/296] EVCK
[00:03:41] [104/296] RTTK
[00:03:42] [105/296] SRTU
[00:03:43] [106/296] VRSA
[00:03:44] [107/296] VARS
[00:03:44] [108/296] DSCZ
[00:03:45] [109/296] GAGA
[00:03:46] [110/296] SARV
[00:03:47] [111/296] SEEG
[00:03:48] [112/296] GLCA
[00:03:49] [113/296] APAS
[00:03:49] [114/296] VCIA
[00:03:50] [115/296] SJTA
[00:03:51] [116/296] SABM
[00:03:52] [117/296] PPAG
[00:03:53] [118/296] RVCA
[00:03:54] [119/296] CCIA
[00:03:55] [120/296] HTAG
[00:03:55] [121/296] SMBI
[00:03:56] [122/296] MCJR
[00:03:57] [123/296] CCJR
[00:03:58] [124/296] SINF
[00:03:59] [125/296] CPLX
[00:04:00] [126/296] KKTJ
[00:04:01] [127/296] GDBW
[00:04:02] [128/296] CSUB
[00:04:02] [129/296] DABA
[00:04:03] [130/296] TITR
[00:04:04] [131/296] NYCR
[00:04:05] [132/296] RTRY
[00:04:06] [133/296] JTJL
[00:04:10] [134/296] SJCP
[00:04:10] [135/296] KCCA
[00:04:11] [136/296] MLPG
[00:04:13] [137/296] VRCK
[00:04:14] [138/296] SRIN
[00:04:15] [139/296] CXMK
[00:04:16] [140/296] SKAD
[00:04:17] [141/296] AVTR
[00:04:18] [142/296] PTAJ
[00:04:19] [143/296] SCNK
[00:04:20] [144/296] STTI
[00:04:21] [145/296] KACR
[00:04:22] [146/296] SSDX
[00:04:23] [147/296] VRTJ
[00:04:24] [148/296] RAJD
[00:04:25] [149/296] SCIP
[00:04:25] [150/296] RJSL
[00:04:26] [151/296] ARRS
[00:04:27] [152/296] ASMS
[00:04:28] [153/296] RDTS
[00:04:29] [154/296] DVMY
[00:04:29] [155/296] RASA
[00:04:30] [156/296] INOM
[00:04:31] [157/296] SPRS
[00:04:32] [158/296] SGCS
[00:04:33] [159/296] SALM
[00:04:34] [160/296] PKHC
[00:04:36] [161/296] RCSV
[00:04:37] [162/296] CPKC
[00:04:38] [163/296] AACD
[00:04:39] [164/296] GGCV
[00:04:41] [165/296] SMKD
[00:04:42] [166/296] NBCH
[00:04:43] [167/296] AMCB
[00:04:44] [168/296] OPCN
[00:04:45] [169/296] DCIN
[00:04:46] [170/296] INGW
[00:04:46] [171/296] PKKW
[00:04:48] [172/296] FNGW
[00:04:49] [173/296] GCGD
[00:04:50] [174/296] MSTW
[00:04:51] [175/296] KCCG
[00:04:53] [176/296] MRSS
[00:04:53] [177/296] CLCF
[00:04:54] [178/296] EETS
[00:04:55] [179/296] AATR
[00:04:56] [180/296] CMMN
[00:04:57] [181/296] SCCJ
[00:04:58] [182/296] CDTK
[00:04:59] [183/296] AICP
[00:04:59] [184/296] FNBP
[00:05:01] [185/296] CBPB
[00:05:02] [186/296] CPAS
[00:05:03] [187/296] MAPM
[00:05:04] [188/296] PASD
[00:05:05] [189/296] JCMN
[00:05:07] [190/296] MALB
[00:05:09] [191/296] SACG
[00:05:10] [192/296] DDRX
[00:05:11] [193/296] DDXB
[00:05:12] [194/296] RAMC
[00:05:13] [195/296] SANC
[00:05:15] [196/296] BCBP
[00:05:15] [197/296] ALPC
[00:05:16] [198/296] RBAC
[00:05:17] [199/296] RAJL
[00:05:18] [200/296] MPDX
[00:05:19] [201/296] MUSC
[00:05:20] [202/296] VKMK
[00:05:20] [203/296] SKCG
[00:05:21] [204/296] ANCN
[00:05:22] [205/296] MMCJ
[00:05:24] [206/296] DCAK
[00:05:25] [207/296] SCKG
[00:05:25] [208/296] LMCK
[00:05:26] [209/296] CKKX
[00:05:27] [210/296] ANKU
[00:05:28] [211/296] CSMD
[00:05:31] [212/296] MKMP
[00:05:32] [213/296] SVBG
[00:05:33] [214/296] ROOP
[00:05:35] [215/296] GDMT
[00:05:35] [216/296] FPPF
[00:05:36] [217/296] SFUU
[00:05:37] [218/296] ANCB
[00:05:38] [219/296] SMMC
[00:05:39] [220/296] UGKT
[00:05:40] [221/296] JVRM
[00:05:41] [222/296] BATG
[00:05:42] [223/296] RATE
[00:05:42] [224/296] SKME
[00:05:43] [225/296] LMTP
[00:05:45] [226/296] TCBD
[00:05:46] [227/296] ESBD
[00:05:47] [228/296] GDCU
[00:05:48] [229/296] SNKT
[00:05:49] [230/296] SRNK
[00:05:50] [231/296] SMED
[00:05:50] [232/296] CSQS
[00:05:51] [233/296] ALCS
[00:05:52] [234/296] KCKN
[00:05:53] [235/296] VCCL
[00:05:54] [236/296] MCDA
[00:05:54] [237/296] SHMI
[00:05:55] [238/296] SKHA
[00:05:57] [239/296] SVFK
[00:05:58] [240/296] INVB
[00:05:59] [241/296] MELD
[00:06:00] [242/296] JTYS
[00:06:01] [243/296] INCM
[00:06:02] [244/296] MCDV
[00:06:03] [245/296] KSGK
[00:06:03] [246/296] ICMG
[00:06:04] [247/296] CSCV
[00:06:05] [248/296] STMD
[00:06:06] [249/296] STTR
[00:06:08] [250/296] INVC
[00:06:09] [251/296] JTBL
[00:06:09] [252/296] SRVV
[00:06:10] [253/296] MAVC
[00:06:11] [254/296] SRPP
[00:06:12] [255/296] JGDM
[00:06:12] [256/296] MBSJ
[00:06:13] [257/296] SSLL
[00:06:15] [258/296] SLKP
[00:06:16] [259/296] NSRV
[00:06:17] [260/296] UTDV
[00:06:17] [261/296] KICM
[00:06:18] [262/296] KCMD
[00:06:19] [263/296] TTPP
[00:06:20] [264/296] KMPV
[00:06:21] [265/296] SKTV
[00:06:22] [266/296] STCV
[00:06:24] [267/296] SRDA
[00:06:25] [268/296] JTSX
[00:06:26] [269/296] STBV
[00:06:28] [270/296] APVZ
[00:06:29] [271/296] GSTV
[00:06:30] [272/296] NMVS
[00:06:30] [273/296] SKRT
[00:06:31] [274/296] RMDV
[00:06:33] [275/296] RATG
[00:06:34] [276/296] SJYV
[00:06:35] [277/296] NDGP
[00:06:36] [278/296] SNDG
[00:06:37] [279/296] INSR
[00:06:37] [280/296] INSO
[00:06:39] [281/296] CCSI
[00:06:40] [282/296] RASM
[00:06:41] [283/296] NEWC
[00:06:42] [284/296] VSHL
[00:06:43] [285/296] BISW
[00:06:44] [286/296] GCNG
[00:06:45] [287/296] CWSC
[00:06:46] [288/296] SKAN
[00:06:47] [289/296] SEHP
[00:06:48] [290/296] CCOA
[00:06:49] [291/296] MCAJ
[00:06:50] [292/296] ACDE
[00:06:51] [293/296] AACM
[00:06:52] [294/296] JJCK
[00:06:52] [295/296] RCMO
[00:06:54] [296/296] GDAW
[00:06:55] ✅ DONE | Shows=0 | Movies=0
