[00:02:50] 🚀 BMS DAILY TRACKER STARTED
[00:02:50] [1/459] MBDC
[00:02:50] 🧠 New identity
[00:02:51] [2/459] CHKM
[00:02:52] [3/459] JTKZ
[00:02:53] [4/459] CMCT
[00:02:53] [5/459] ASHO
[00:02:54] [6/459] ECDG
[00:02:55] [7/459] SPAT
[00:02:56] [8/459] HILC
[00:02:57] [9/459] SPPH
[00:02:58] [10/459] SBHN
[00:02:59] [11/459] RRCA
[00:03:00] [12/459] APAA
[00:03:00] [13/459] RAME
[00:03:01] [14/459] TMMS
[00:03:02] [15/459] BATK
[00:03:03] [16/459] LKOP
[00:03:04] [17/459] AMTT
[00:03:05] [18/459] PTGK
[00:03:06] [19/459] ANRS
[00:03:06] [20/459] VWBW
[00:03:07] [21/459] SVFG
[00:03:08] [22/459] STAT
[00:03:09] [23/459] GDCV
[00:03:10] [24/459] VEBI
[00:03:11] [25/459] VDSS
[00:03:12] [26/459] NTHV
[00:03:13] [27/459] AOCH
[00:03:14] [28/459] KASR
[00:03:15] [29/459] AYCS
[00:03:16] [30/459] SHAI
[00:03:17] [31/459] SKPE
[00:03:18] [32/459] SBTA
[00:03:19] [33/459] RTTD
[00:03:20] [34/459] CCJD
[00:03:21] [35/459] RSJJ
[00:03:22] [36/459] RKND
[00:03:23] [37/459] SVTX
[00:03:23] [38/459] BAKM
[00:03:24] [39/459] SVDC
[00:03:25] [40/459] MNCV
[00:03:26] [41/459] SJGC
[00:03:27] [42/459] MTPK
[00:03:28] [43/459] GATP
[00:03:29] [44/459] ABTS
[00:03:29] [45/459] ABDE
[00:03:31] [46/459] RCNM
[00:03:32] [47/459] KTHV
[00:03:33] [48/459] MDGJ
[00:03:34] [49/459] SMLM
[00:03:35] [50/459] JTMA
[00:03:36] [51/459] ACKP
[00:03:36] [52/459] SRTA
[00:03:37] [53/459] STAY
[00:03:38] [54/459] MAVO
[00:03:39] [55/459] APTS
[00:03:40] [56/459] OMEA
[00:03:41] [57/459] TTFD
[00:03:42] [58/459] MJCU
[00:03:43] [59/459] CXTE
[00:03:44] [60/459] CTPX
[00:03:45] [61/459] ASSL
[00:03:46] [62/459] CMVB
[00:03:47] [63/459] VPUR
[00:03:48] [64/459] JJDA
[00:03:49] [65/459] INBL
[00:03:49] [66/459] BIKB
[00:03:50] [67/459] NTBB
[00:03:51] [68/459] GLOB
[00:03:52] [69/459] SNTB
[00:03:53] [70/459] CHGV
[00:03:54] [71/459] SSBZ
[00:03:55] [72/459] PRDB
[00:03:56] [73/459] ISMT
[00:03:57] [74/459] MCSD
[00:03:57] [75/459] JBTT
[00:03:58] [76/459] GEKR
[00:03:59] [77/459] PVUN
[00:04:06] [78/459] NRTB
[00:04:06] [79/459] PRAA
[00:04:07] [80/459] PCBL
[00:04:08] [81/459] PTCM
[00:04:09] [82/459] KHNN
[00:04:10] [83/459] OMJE
[00:04:11] [84/459] STGN
[00:04:12] [85/459] RPMS
[00:04:13] [86/459] NWAD
[00:04:13] [87/459] BLCK
[00:04:14] [88/459] SVAA
[00:04:15] [89/459] URVM
[00:04:16] [90/459] ANTM
[00:04:17] [91/459] VJYM
[00:04:18] [92/459] MAZZ
[00:04:19] [93/459] CSHM
[00:04:20] [94/459] WGMH
[00:04:21] [95/459] SALN
[00:04:21] [96/459] BRTP
[00:04:22] [97/459] SVTA
[00:04:23] [98/459] SBTP
[00:04:24] [99/459] VLSS
[00:04:25] [100/459] SRJA
[00:04:26] [101/459] ANCG
[00:04:26] [102/459] CGGC
[00:04:27] [103/459] CRJA
[00:04:28] [104/459] USCR
[00:04:29] [105/459] MMEF
[00:04:30] [106/459] JCRJ
[00:04:31] [107/459] ADCM
[00:04:32] [108/459] BMYK
[00:04:32] [109/459] KICS
[00:04:33] [110/459] MBBT
[00:04:34] [111/459] MACK
[00:04:35] [112/459] CLDR
[00:04:36] [113/459] JYCR
[00:04:37] [114/459] DCRP
[00:04:38] [115/459] RAHT
[00:04:39] [116/459] CSSM
[00:04:39] [117/459] ATPK
[00:04:40] [118/459] KLRT
[00:04:41] [119/459] SRDD
[00:04:42] [120/459] CKMC
[00:04:43] [121/459] KRVM
[00:04:44] [122/459] AKCP
[00:04:45] [123/459] CNCV
[00:04:45] [124/459] PACT
[00:04:46] [125/459] NATP
[00:04:47] [126/459] PCPK
[00:04:47] [127/459] SMHO
[00:04:48] [128/459] CWTK
[00:04:49] [129/459] RVKZ
[00:04:50] [130/459] ASPD
[00:04:51] [131/459] VTKZ
[00:04:52] [132/459] LCSO
[00:04:53] [133/459] PRDY
[00:04:53] [134/459] RCAP
[00:04:55] [135/459] RGAR
[00:04:56] [136/459] RCAC
[00:04:57] [137/459] PMOD
[00:04:58] [138/459] PVCN
[00:04:58] [139/459] SCRZ
[00:04:59] [140/459] PVPC
[00:05:00] [141/459] STID
[00:05:02] [142/459] NEDD
[00:05:03] [143/459] BNBA
[00:05:04] [144/459] NTCD
[00:05:05] [145/459] OCDE
[00:05:06] [146/459] CCDU
[00:05:07] [147/459] CRXH
[00:05:08] [148/459] VLVT
[00:05:08] [149/459] CICI
[00:05:09] [150/459] SUCB
[00:05:10] [151/459] TCBP
[00:05:11] [152/459] SCCY
[00:05:11] [153/459] LXCY
[00:05:12] [154/459] NCMD
[00:05:13] [155/459] PHCS
[00:05:14] [156/459] DUXR
[00:05:15] [157/459] VNKS
[00:05:16] [158/459] SEDP
[00:05:17] [159/459] SVEN
[00:05:18] [160/459] SRKM
[00:05:19] [161/459] JTLT
[00:05:20] [162/459] SVSS
[00:05:21] [163/459] AMDE
[00:05:22] [164/459] WVRN
[00:05:23] [165/459] ISMG
[00:05:24] [166/459] WVKS
[00:05:25] [167/459] USCG
[00:05:26] [168/459] IOTG
[00:05:27] [169/459] RRJM
[00:05:27] [170/459] EDMP
[00:05:29] [171/459] SCGZ
[00:05:30] [172/459] GMGX
[00:05:31] [173/459] OMTP
[00:05:32] [174/459] MITD
[00:05:32] [175/459] SMMD
[00:05:33] [176/459] STML
[00:05:34] [177/459] MCFS
[00:05:35] [178/459] FPKA
[00:05:35] [179/459] OMLR
[00:05:36] [180/459] KKSC
[00:05:37] [181/459] RVMA
[00:05:38] [182/459] SCLL
[00:05:39] [183/459] SCDK
[00:05:40] [184/459] SXMI
[00:05:41] [185/459] SHDN
[00:05:41] [186/459] PAAD
[00:05:42] [187/459] UUCB
[00:05:43] [188/459] JHOL
[00:05:44] [189/459] SGWT
[00:05:45] [190/459] SRII
[00:05:46] [191/459] SGCK
[00:05:47] [192/459] SVVB
[00:05:48] [193/459] DMHA
[00:05:50] [194/459] PPNL
[00:05:51] [195/459] CPNL
[00:05:52] [196/459] WVLD
[00:05:52] [197/459] PSLV
[00:05:53] [198/459] VTTL
[00:05:54] [199/459] NPAD
[00:05:58] [200/459] PVCS
[00:05:59] [201/459] MCHL
[00:06:00] [202/459] PPLL
[00:06:01] [203/459] MALO
[00:06:02] [204/459] SWBH
[00:06:02] [205/459] PUGB
[00:06:04] [206/459] INBB
[00:06:05] [207/459] INNS
[00:06:06] [208/459] MCPT
[00:06:06] [209/459] SCMI
[00:06:07] [210/459] OCON
[00:06:09] [211/459] SCSM
[00:06:09] [212/459] RJVN
[00:06:10] [213/459] AMDK
[00:06:11] [214/459] ISMR
[00:06:12] [215/459] SMTD
[00:06:13] [216/459] VTDD
[00:06:14] [217/459] PDDZ
[00:06:14] [218/459] PCCK
[00:06:15] [219/459] INAM
[00:06:16] [220/459] FNKT
[00:06:18] [221/459] GDKA
[00:06:19] [222/459] MAYU
[00:06:19] [223/459] TCGU
[00:06:20] [224/459] KDCA
[00:06:21] [225/459] DOMY
[00:06:22] [226/459] PDDD
[00:06:23] [227/459] BJTS
[00:06:25] [228/459] VTCA
[00:06:25] [229/459] SBTM
[00:06:26] [230/459] SEET
[00:06:27] [231/459] SSTJ
[00:06:28] [232/459] SVNT
[00:06:29] [233/459] PPPR
[00:06:30] [234/459] PVYS
[00:06:30] [235/459] IOSE
[00:06:31] [236/459] ACTV
[00:06:32] [237/459] APVE
[00:06:32] [238/459] TCCL
[00:06:33] [239/459] SCMO
[00:06:34] [240/459] SAUM
[00:06:35] [241/459] KCJS
[00:06:36] [242/459] NJCJ
[00:06:38] [243/459] NECF
[00:06:38] [244/459] CCGW
[00:06:39] [245/459] CCMG
[00:06:40] [246/459] NYRG
[00:06:41] [247/459] NCSQ
[00:06:42] [248/459] GRCG
[00:06:43] [249/459] CCBT
[00:06:43] [250/459] ACGA
[00:06:44] [251/459] INAG
[00:06:45] [252/459] FUCG
[00:06:46] [253/459] AICF
[00:06:47] [254/459] GRGA
[00:06:49] [255/459] GDCN
[00:06:50] [256/459] RRCG
[00:06:51] [257/459] SDCH
[00:06:51] [258/459] WVJM
[00:06:52] [259/459] JCCZ
[00:06:53] [260/459] CNCL
[00:06:54] [261/459] TMLV
[00:06:55] [262/459] MEMB
[00:06:56] [263/459] SGTD
[00:06:56] [264/459] CONX
[00:06:57] [265/459] CCMH
[00:06:58] [266/459] ACMC
[00:06:59] [267/459] DTPD
[00:07:00] [268/459] POJA
[00:07:02] [269/459] FNBH
[00:07:04] [270/459] CGCB
[00:07:04] [271/459] RACN
[00:07:06] [272/459] JTSM
[00:07:07] [273/459] SCDN
[00:07:08] [274/459] AACK
[00:07:09] [275/459] RMCE
[00:07:10] [276/459] BSGB
[00:07:10] [277/459] MRCB
[00:07:11] [278/459] SRVR
[00:07:12] [279/459] VTKK
[00:07:13] [280/459] AMST
[00:07:14] [281/459] APCY
[00:07:15] [282/459] LMHO
[00:07:16] [283/459] MTZH
[00:07:17] [284/459] AMZB
[00:07:17] [285/459] SUVT
[00:07:18] [286/459] RCIP
[00:07:19] [287/459] KESR
[00:07:20] [288/459] SNKC
[00:07:21] [289/459] SCED
[00:07:22] [290/459] DVCA
[00:07:23] [291/459] VCDT
[00:07:24] [292/459] RRDI
[00:07:25] [293/459] DFCH
[00:07:26] [294/459] INSC
[00:07:27] [295/459] RGTR
[00:07:27] [296/459] FMOT
[00:07:28] [297/459] SCPM
[00:07:29] [298/459] GCDT
[00:07:30] [299/459] BRKT
[00:07:31] [300/459] DEMP
[00:07:32] [301/459] SRLC
[00:07:33] [302/459] KSTT
[00:07:34] [303/459] SMMT
[00:07:34] [304/459] SILM
[00:07:35] [305/459] JCVM
[00:07:36] [306/459] KCSV
[00:07:37] [307/459] MHLK
[00:07:39] [308/459] SLVL
[00:07:39] [309/459] RJKP
[00:07:41] [310/459] BBPC
[00:07:42] [311/459] MXCB
[00:07:43] [312/459] TCPK
[00:07:44] [313/459] RTBR
[00:07:44] [314/459] GAUT
[00:07:45] [315/459] DVCF
[00:07:46] [316/459] JTSB
[00:07:47] [317/459] SBLS
[00:07:49] [318/459] UDAY
[00:07:50] [319/459] PTNP
[00:07:51] [320/459] DMKT
[00:07:51] [321/459] NTDT
[00:07:52] [322/459] SHDJ
[00:07:53] [323/459] OTNC
[00:07:54] [324/459] RNTW
[00:07:55] [325/459] GCMI
[00:07:56] [326/459] CRCM
[00:07:57] [327/459] NNCZ
[00:07:57] [328/459] OEMO
[00:07:58] [329/459] PVJM
[00:07:59] [330/459] CPJI
[00:08:00] [331/459] RMCJ
[00:08:01] [332/459] CNWJ
[00:08:01] [333/459] EPJM
[00:08:02] [334/459] FNJJ
[00:08:03] [335/459] GCMJ
[00:08:04] [336/459] INPS
[00:08:05] [337/459] BICJ
[00:08:05] [338/459] ISTJ
[00:08:06] [339/459] INJC
[00:08:08] [340/459] GLXJ
[00:08:09] [341/459] INEM
[00:08:09] [342/459] JTMN
[00:08:11] [343/459] FRCJ
[00:08:12] [344/459] DDJP
[00:08:13] [345/459] INJV
[00:08:14] [346/459] GOLC
[00:08:15] [347/459] KOCI
[00:08:16] [348/459] FSTD
[00:08:16] [349/459] PACJ
[00:08:17] [350/459] GMCN
[00:08:18] [351/459] MMDJ
[00:08:19] [352/459] GODH
[00:08:21] [353/459] SKYN
[00:08:21] [354/459] NCTH
[00:08:22] [355/459] SKVZ
[00:08:23] [356/459] SVML
[00:08:24] [357/459] ACVZ
[00:08:25] [358/459] SURA
[00:08:26] [359/459] RTRB
[00:08:27] [360/459] LLCT
[00:08:28] [361/459] ATTS
[00:08:29] [362/459] JYCM
[00:08:29] [363/459] CTKR
[00:08:30] [364/459] LCKR
[00:08:31] [365/459] NYCV
[00:08:32] [366/459] NYOH
[00:08:33] [367/459] NOVX
[00:08:36] [368/459] MRGK
[00:08:36] [369/459] MOON
[00:08:37] [370/459] SBUC
[00:08:39] [371/459] GSVA
[00:08:40] [372/459] VIAK
[00:08:41] [373/459] SMVZ
[00:08:41] [374/459] MATE
[00:08:42] [375/459] RDCN
[00:08:43] [376/459] ASBL
[00:08:44] [377/459] ASVS
[00:08:45] [378/459] ASSR
[00:08:46] [379/459] SSKN
[00:08:47] [380/459] DRPV
[00:08:47] [381/459] MRHT
[00:08:48] [382/459] BSCN
[00:08:49] [383/459] RKNX
[00:08:51] [384/459] MSMC
[00:08:52] [385/459] MSCJ
[00:08:54] [386/459] BTBJ
[00:08:55] [387/459] MJCC
[00:08:56] [388/459] IOMM
[00:08:57] [389/459] ADGR
[00:08:58] [390/459] MYCP
[00:08:58] [391/459] IGCM
[00:08:59] [392/459] PGRK
[00:09:00] [393/459] VPGO
[00:09:01] [394/459] KOMS
[00:09:02] [395/459] URGG
[00:09:03] [396/459] GOST
[00:09:03] [397/459] LACT
[00:09:04] [398/459] BWCM
[00:09:05] [399/459] NCCW
[00:09:06] [400/459] SKYC
[00:09:07] [401/459] CCPM
[00:09:08] [402/459] VCBT
[00:09:09] [403/459] SDKR
[00:09:09] [404/459] CTYB
[00:09:10] [405/459] SHCX
[00:09:11] [406/459] RCUN
[00:09:12] [407/459] CNRA
[00:09:13] [408/459] RFCA
[00:09:14] [409/459] RDCU
[00:09:15] [410/459] SARK
[00:09:15] [411/459] SPPP
[00:09:16] [412/459] ADMB
[00:09:17] [413/459] JYOE
[00:09:18] [414/459] SRMD
[00:09:19] [415/459] RJDH
[00:09:20] [416/459] SSTD
[00:09:21] [417/459] AACV
[00:09:21] [418/459] PPVD
[00:09:22] [419/459] STCP
[00:09:23] [420/459] ANJR
[00:09:24] [421/459] ANLS
[00:09:25] [422/459] BIJO
[00:09:25] [423/459] AVAB
[00:09:26] [424/459] SPMD
[00:09:27] [425/459] SVJL
[00:09:28] [426/459] SDDJ
[00:09:29] [427/459] SLTU
[00:09:30] [428/459] SAKA
[00:09:31] [429/459] PMAM
[00:09:32] [430/459] FNAM
[00:09:33] [431/459] ACAM
[00:09:34] [432/459] SCMM
[00:09:34] [433/459] PMAK
[00:09:35] [434/459] NYSA
[00:09:36] [435/459] FCPA
[00:09:37] [436/459] GDAN
[00:09:38] [437/459] RSCA
[00:09:39] [438/459] DMAN
[00:09:40] [439/459] DZCM
[00:09:41] [440/459] NSGL
[00:09:42] [441/459] CCPP
[00:09:43] [442/459] PSMG
[00:09:44] [443/459] GSER
[00:09:45] [444/459] FCCT
[00:09:46] [445/459] FCTB
[00:09:47] [446/459] LCNK
[00:09:48] [447/459] SKTY
[00:09:49] [448/459] INAA
[00:09:50] [449/459] RCWN
[00:09:51] [450/459] VAIS
[00:09:51] [451/459] CVMN
[00:09:52] [452/459] INTS
[00:09:53] [453/459] FRGS
[00:09:54] [454/459] DTCK
[00:09:55] [455/459] MCMH
[00:09:56] [456/459] ECRR
[00:09:57] [457/459] RLLP
[00:09:58] [458/459] CCSN
[00:09:59] [459/459] CCBA
[00:09:59] ✅ DONE | Shows=1 | Movies=1
