[10:21:44] 🚀 SCRIPT STARTED
[10:21:44] [1/445] TGMR
[10:21:44] 🧠 New identity created
[10:21:45] [2/445] CXKR
[10:21:46] [3/445] SROP
[10:21:47] [4/445] GTSV
[10:21:48] [5/445] SNTY
[10:21:48] [6/445] SMYY
[10:21:49] [7/445] CNCS
[10:21:50] [8/445] CSTM
[10:21:51] [9/445] NUCD
[10:21:52] [10/445] SHCZ
[10:21:53] [11/445] NJCT
[10:21:54] [12/445] COPC
[10:21:55] [13/445] STVV
[10:21:56] [14/445] SKRN
[10:21:57] [15/445] APPZ
[10:21:58] [16/445] YMGN
[10:21:59] [17/445] SVTU
[10:22:00] [18/445] GTAD
[10:22:00] [19/445] PSUS
[10:22:01] [20/445] SMCD
[10:22:02] [21/445] CMCM
[10:22:03] [22/445] SYCT
[10:22:03] [23/445] STLY
[10:22:04] [24/445] CMHU
[10:22:05] [25/445] CMSA
[10:22:06] [26/445] CLCU
[10:22:06] [27/445] PPNT
[10:22:07] [28/445] JTAB
[10:22:08] [29/445] BUUC
[10:22:09] [30/445] BSVK
[10:22:10] [31/445] VVVQ
[10:22:10] [32/445] TKMU
[10:22:11] [33/445] ESYL
[10:22:12] [34/445] ACHP
[10:22:13] [35/445] BTKD
[10:22:14] [36/445] DESA
[10:22:14] [37/445] GBCT
[10:22:15] [38/445] BLLD
[10:22:16] [39/445] SKNT
[10:22:17] [40/445] SSTE
[10:22:18] [41/445] VJMR
[10:22:19] [42/445] NTPU
[10:22:20] [43/445] RDKN
[10:22:20] [44/445] ADGC
[10:22:21] [45/445] VRBP
[10:22:23] [46/445] NMNA
[10:22:23] [47/445] CMMX
[10:22:24] [48/445] PTKO
[10:22:25] [49/445] RBML
[10:22:26] [50/445] SAIC
[10:22:26] [51/445] SVTJ
[10:22:27] [52/445] MRTE
[10:22:28] [53/445] RBTP
[10:22:29] [54/445] NLPS
[10:22:30] [55/445] GTNA
[10:22:30] [56/445] DGGC
[10:22:32] [57/445] SMCR
[10:22:33] [58/445] SCGD
[10:22:34] [59/445] SRRJ
[10:22:35] [60/445] CNRY
[10:22:36] [61/445] KTDI
[10:22:37] [62/445] SNJL
[10:22:38] [63/445] RKMD
[10:22:39] [64/445] SMDC
[10:22:40] [65/445] TADG
[10:22:41] [66/445] MCGS
[10:22:41] [67/445] PETK
[10:22:42] [68/445] CHAG
[10:22:43] [69/445] KSTL
[10:22:44] [70/445] AADS
[10:22:45] [71/445] NTHZ
[10:22:46] [72/445] HCKI
[10:22:46] [73/445] SSEF
[10:22:47] [74/445] MCGX
[10:22:48] [75/445] ERRA
[10:22:49] [76/445] SDTW
[10:22:50] [77/445] RMPK
[10:22:51] [78/445] PTHK
[10:22:51] [79/445] PXCS
[10:22:52] [80/445] SVLU
[10:22:53] [81/445] STAH
[10:22:54] [82/445] JRGF
[10:22:55] [83/445] CDOK
[10:22:56] [84/445] CMSG
[10:22:57] [85/445] APTD
[10:22:58] [86/445] KMPG
[10:22:59] [87/445] MUTJ
[10:23:00] [88/445] VCCI
[10:23:01] [89/445] URBE
[10:23:02] [90/445] TCTS
[10:23:02] [91/445] STSN
[10:23:03] [92/445] AKCH
[10:23:04] [93/445] APSC
[10:23:06] [94/445] VLTB
[10:23:07] [95/445] SANU
[10:23:07] [96/445] AXAM
[10:23:08] [97/445] MGMG
[10:23:09] [98/445] HTBY
[10:23:11] [99/445] MMZS
[10:23:11] [100/445] SUDR
[10:23:13] [101/445] CCAD
[10:23:14] [102/445] SKKC
[10:23:15] [103/445] RMCD
[10:23:17] [104/445] SBCQ
[10:23:17] [105/445] DCCT
[10:23:18] [106/445] VTKP
[10:23:19] [107/445] MLAM
[10:23:20] [108/445] SAVT
[10:23:21] [109/445] GEPL
[10:23:22] [110/445] AMCD
[10:23:23] [111/445] CCXR
[10:23:24] [112/445] GRNG
[10:23:25] [113/445] EBCA
[10:23:25] [114/445] CNVG
[10:23:26] [115/445] MWSS
[10:23:27] [116/445] VBOR
[10:23:27] [117/445] NEEB
[10:23:28] [118/445] SUTH
[10:23:29] [119/445] ANDB
[10:23:30] [120/445] MMXS
[10:23:30] [121/445] CNPD
[10:23:31] [122/445] SDCE
[10:23:32] [123/445] DHCB
[10:23:33] [124/445] ODEN
[10:23:34] [125/445] TNTC
[10:23:35] [126/445] VBKM
[10:23:35] [127/445] RZYM
[10:23:36] [128/445] JEMC
[10:23:37] [129/445] CMAU
[10:23:38] [130/445] SIVP
[10:23:38] [131/445] ATAG
[10:23:39] [132/445] CHTM
[10:23:40] [133/445] AAEE
[10:23:41] [134/445] IWPM
[10:23:43] [135/445] KCMW
[10:23:43] [136/445] MCTD
[10:23:44] [137/445] SPWR
[10:23:45] [138/445] SDPO
[10:23:46] [139/445] PCSK
[10:23:47] [140/445] ACHV
[10:23:48] [141/445] SVLA
[10:23:49] [142/445] PICT
[10:23:50] [143/445] BXDR
[10:23:51] [144/445] SPWA
[10:23:51] [145/445] MCKO
[10:23:52] [146/445] RTHK
[10:23:53] [147/445] CCMF
[10:23:54] [148/445] MRGB
[10:23:55] [149/445] CPLC
[10:23:56] [150/445] RACD
[10:23:57] [151/445] ATKT
[10:23:58] [152/445] SARN
[10:23:59] [153/445] KKUI
[10:24:00] [154/445] RGCM
[10:24:01] [155/445] BRVP
[10:24:02] [156/445] HRSR
[10:24:03] [157/445] GKGM
[10:24:03] [158/445] TTCD
[10:24:04] [159/445] PTTI
[10:24:05] [160/445] MPTT
[10:24:05] [161/445] CVTT
[10:24:06] [162/445] PCXD
[10:24:07] [163/445] GCDC
[10:24:08] [164/445] CCCF
[10:24:09] [165/445] MRAD
[10:24:10] [166/445] CPLK
[10:24:11] [167/445] SATB
[10:24:12] [168/445] SNVG
[10:24:13] [169/445] JMBA
[10:24:14] [170/445] TEJA
[10:24:15] [171/445] STYO
[10:24:15] [172/445] JTBP
[10:24:16] [173/445] KRGD
[10:24:17] [174/445] SLJJ
[10:24:18] [175/445] SPTJ
[10:24:19] [176/445] SWJG
[10:24:20] [177/445] LKRT
[10:24:21] [178/445] KCKA
[10:24:22] [179/445] SNCR
[10:24:23] [180/445] SMKL
[10:24:24] [181/445] GCFA
[10:24:25] [182/445] DDCK
[10:24:25] [183/445] NCHJ
[10:24:26] [184/445] RDMA
[10:24:27] [185/445] SVSV
[10:24:28] [186/445] SCJG
[10:24:30] [187/445] VKLP
[10:24:31] [188/445] NWCC
[10:24:32] [189/445] VKNS
[10:24:33] [190/445] SDDP
[10:24:34] [191/445] ACSI
[10:24:35] [192/445] SATG
[10:24:36] [193/445] SCMW
[10:24:37] [194/445] LKTK
[10:24:38] [195/445] VCKV
[10:24:39] [196/445] KKPE
[10:24:40] [197/445] KIGH
[10:24:41] [198/445] SRPM
[10:24:42] [199/445] SCAH
[10:24:43] [200/445] MUTA
[10:24:43] [201/445] SEPU
[10:24:44] [202/445] INOA
[10:24:45] [203/445] BASK
[10:24:46] [204/445] NECB
[10:24:47] [205/445] GTTG
[10:24:48] [206/445] ASSA
[10:24:49] [207/445] ANCL
[10:24:50] [208/445] GCTI
[10:24:51] [209/445] RCTS
[10:24:52] [210/445] ACNL
[10:24:53] [211/445] MYCT
[10:24:54] [212/445] NMHT
[10:24:55] [213/445] MDIT
[10:24:55] [214/445] LATG
[10:24:56] [215/445] SMTY
[10:24:57] [216/445] CVCT
[10:24:59] [217/445] RAMB
[10:24:59] [218/445] TGMS
[10:25:00] [219/445] BHEL
[10:25:01] [220/445] SHCT
[10:25:02] [221/445] SVCT
[10:25:03] [222/445] MRIY
[10:25:04] [223/445] SARO
[10:25:06] [224/445] STCT
[10:25:06] [225/445] JKKC
[10:25:07] [226/445] PLTT
[10:25:08] [227/445] SRNT
[10:25:09] [228/445] YAST
[10:25:10] [229/445] PERL
[10:25:10] [230/445] CICM
[10:25:12] [231/445] MMTR
[10:25:13] [232/445] ABTK
[10:25:14] [233/445] ATYY
[10:25:14] [234/445] ASTK
[10:25:15] [235/445] VVCK
[10:25:16] [236/445] ATKY
[10:25:17] [237/445] GWEK
[10:25:19] [238/445] SVFH
[10:25:19] [239/445] SLTA
[10:25:20] [240/445] AASH
[10:25:21] [241/445] ACXB
[10:25:22] [242/445] SMTX
[10:25:23] [243/445] AZDH
[10:25:24] [244/445] CMMH
[10:25:25] [245/445] SCSZ
[10:25:27] [246/445] SCKP
[10:25:27] [247/445] NXTM
[10:25:28] [248/445] NWCS
[10:25:29] [249/445] CXMH
[10:25:29] [250/445] PCMA
[10:25:30] [251/445] SGCM
[10:25:32] [252/445] SDTU
[10:25:33] [253/445] MMVI
[10:25:34] [254/445] JKCM
[10:25:34] [255/445] VCMM
[10:25:35] [256/445] SYEE
[10:25:36] [257/445] VASD
[10:25:37] [258/445] BDRB
[10:25:38] [259/445] LASM
[10:25:39] [260/445] DCRL
[10:25:40] [261/445] DVPM
[10:25:40] [262/445] SBMJ
[10:25:41] [263/445] CBMU
[10:25:42] [264/445] IUBS
[10:25:43] [265/445] INAP
[10:25:44] [266/445] SRRC
[10:25:45] [267/445] SAGR
[10:25:46] [268/445] CPMJ
[10:25:47] [269/445] ATJL
[10:25:48] [270/445] NNTD
[10:25:49] [271/445] JHCJ
[10:25:50] [272/445] CMMP
[10:25:51] [273/445] RSDR
[10:25:52] [274/445] AMTI
[10:25:53] [275/445] NYSG
[10:25:53] [276/445] AVSG
[10:25:54] [277/445] SYTP
[10:25:55] [278/445] LARC
[10:25:55] [279/445] RJTP
[10:25:56] [280/445] LAKC
[10:25:57] [281/445] MCXE
[10:25:58] [282/445] CCZC
[10:25:58] [283/445] AVCH
[10:25:59] [284/445] CMBE
[10:26:00] [285/445] MRRC
[10:26:01] [286/445] PCPY
[10:26:02] [287/445] SRMH
[10:26:03] [288/445] SVGS
[10:26:03] [289/445] PCSE
[10:26:05] [290/445] SVFT
[10:26:06] [291/445] TNZP
[10:26:07] [292/445] ICTP
[10:26:08] [293/445] ACTZ
[10:26:09] [294/445] GTUR
[10:26:10] [295/445] MAFC
[10:26:11] [296/445] MINL
[10:26:12] [297/445] MRCL
[10:26:13] [298/445] RCRP
[10:26:14] [299/445] RFFG
[10:26:15] [300/445] RMAS
[10:26:16] [301/445] INVR
[10:26:17] [302/445] RMAR
[10:26:18] [303/445] CNIS
[10:26:19] [304/445] RHRJ
[10:26:20] [305/445] INXR
[10:26:21] [306/445] VALT
[10:26:22] [307/445] LCSH
[10:26:22] [308/445] CMVS
[10:26:24] [309/445] CNMS
[10:26:25] [310/445] ROOG
[10:26:26] [311/445] ISRM
[10:26:27] [312/445] RCRM
[10:26:27] [313/445] ACJA
[10:26:28] [314/445] RCVS
[10:26:30] [315/445] CPUS
[10:26:30] [316/445] TGCS
[10:26:32] [317/445] RKCJ
[10:26:33] [318/445] MKSB
[10:26:34] [319/445] TCSJ
[10:26:35] [320/445] RMGP
[10:26:36] [321/445] CLLP
[10:26:36] [322/445] RCMV
[10:26:37] [323/445] CCKS
[10:26:38] [324/445] RSRP
[10:26:39] [325/445] APLP
[10:26:40] [326/445] CNVS
[10:26:41] [327/445] RMVY
[10:26:43] [328/445] PGBD
[10:26:44] [329/445] KLMS
[10:26:44] [330/445] RUST
[10:26:45] [331/445] MASM
[10:26:46] [332/445] BACS
[10:26:47] [333/445] BWST
[10:26:47] [334/445] RRFH
[10:26:48] [335/445] SJTM
[10:26:49] [336/445] BEMR
[10:26:50] [337/445] MCGR
[10:26:51] [338/445] SDSK
[10:26:51] [339/445] VBOL
[10:26:52] [340/445] RMGM
[10:26:53] [341/445] NOPL
[10:26:55] [342/445] MKJK
[10:26:56] [343/445] CVRN
[10:26:56] [344/445] MMEN
[10:26:57] [345/445] AMNG
[10:26:58] [346/445] INTM
[10:26:59] [347/445] SLCZ
[10:27:01] [348/445] AMJN
[10:27:02] [349/445] ACJN
[10:27:02] [350/445] AMKN
[10:27:04] [351/445] BTCN
[10:27:04] [352/445] AMBT
[10:27:05] [353/445] PACN
[10:27:07] [354/445] LCNS
[10:27:07] [355/445] PPKC
[10:27:08] [356/445] JYYN
[10:27:09] [357/445] JTNR
[10:27:10] [358/445] GTEE
[10:27:11] [359/445] SRNM
[10:27:13] [360/445] SDTC
[10:27:14] [361/445] VPCA
[10:27:15] [362/445] VLRA
[10:27:15] [363/445] SHKR
[10:27:16] [364/445] SBKD
[10:27:17] [365/445] SAAD
[10:27:18] [366/445] JTGN
[10:27:19] [367/445] SLAM
[10:27:20] [368/445] VTPM
[10:27:21] [369/445] ANPT
[10:27:22] [370/445] PUNB
[10:27:23] [371/445] CPKT
[10:27:24] [372/445] CNWE
[10:27:25] [373/445] ECPP
[10:27:26] [374/445] CPAR
[10:27:27] [375/445] ESBW
[10:27:28] [376/445] PKPU
[10:27:28] [377/445] CPRP
[10:27:29] [378/445] RAHU
[10:27:30] [379/445] RHMN
[10:27:31] [380/445] FMJP
[10:27:32] [381/445] CTMP
[10:27:33] [382/445] INPN
[10:27:33] [383/445] STTG
[10:27:34] [384/445] CTRD
[10:27:35] [385/445] PUVB
[10:27:36] [386/445] ESVP
[10:27:37] [387/445] CPFT
[10:27:38] [388/445] LCPC
[10:27:39] [389/445] VBCT
[10:27:40] [390/445] FSCW
[10:27:40] [391/445] VCMP
[10:27:41] [392/445] ASHC
[10:27:42] [393/445] VLCX
[10:27:42] [394/445] SHEV
[10:27:43] [395/445] APCO
[10:27:44] [396/445] SILC
[10:27:45] [397/445] SNMR
[10:27:46] [398/445] KYBO
[10:27:46] [399/445] SATK
[10:27:47] [400/445] SSCS
[10:27:49] [401/445] CLSB
[10:27:49] [402/445] KMJR
[10:27:50] [403/445] FSCK
[10:27:51] [404/445] NNKA
[10:27:52] [405/445] CLMK
[10:27:53] [406/445] DMPZ
[10:27:54] [407/445] INQM
[10:27:55] [408/445] CAML
[10:27:56] [409/445] INRK
[10:27:57] [410/445] IMKN
[10:27:58] [411/445] SVNR
[10:27:59] [412/445] INSL
[10:28:00] [413/445] MSMA
[10:28:01] [414/445] MCKK
[10:28:01] [415/445] FCHP
[10:28:03] [416/445] SFCR
[10:28:04] [417/445] NACK
[10:28:04] [418/445] PVAK
[10:28:06] [419/445] INER
[10:28:07] [420/445] RDBK
[10:28:08] [421/445] SVFN
[10:28:08] [422/445] IFRM
[10:28:10] [423/445] ATCK
[10:28:11] [424/445] ASKO
[10:28:12] [425/445] STKT
[10:28:13] [426/445] SVFB
[10:28:14] [427/445] INKS
[10:28:15] [428/445] PCRA
[10:28:15] [429/445] ATJA
[10:28:17] [430/445] IMJN
[10:28:18] [431/445] INHD
[10:28:18] [432/445] BARA
[10:28:19] [433/445] MCSL
[10:28:20] [434/445] RTOY
[10:28:21] [435/445] MENO
[10:28:22] [436/445] PUDM
[10:28:23] [437/445] PRCN
[10:28:24] [438/445] JMJR
[10:28:25] [439/445] SSGK
[10:28:26] [440/445] SSRL
[10:28:27] [441/445] JYKL
[10:28:28] [442/445] ACNB
[10:28:29] [443/445] SONP
[10:28:29] [444/445] EMCI
[10:28:31] [445/445] MRJH
[10:28:31] 🧹 Deduping shows
[10:28:31] ✅ DONE | Shows=83 | Movies=5
[16:45:50] 🚀 SCRIPT STARTED
[16:45:50] [1/445] TGMR
[16:45:50] 🧠 New identity created
[16:45:51] [2/445] CXKR
[16:45:52] [3/445] SROP
[16:45:53] [4/445] GTSV
[16:45:54] [5/445] SNTY
[16:45:55] [6/445] SMYY
[16:45:56] [7/445] CNCS
[16:45:57] [8/445] CSTM
[16:45:57] [9/445] NUCD
[16:45:59] [10/445] SHCZ
[16:46:00] [11/445] NJCT
[16:46:01] [12/445] COPC
[16:46:02] [13/445] STVV
[16:46:04] [14/445] SKRN
[16:46:05] [15/445] APPZ
[16:46:07] [16/445] YMGN
[16:46:07] [17/445] SVTU
[16:46:08] [18/445] GTAD
[16:46:09] [19/445] PSUS
[16:46:10] [20/445] SMCD
[16:46:11] [21/445] CMCM
[16:46:12] [22/445] SYCT
[16:46:12] [23/445] STLY
[16:46:13] [24/445] CMHU
[16:46:14] [25/445] CMSA
[16:46:15] [26/445] CLCU
[16:46:16] [27/445] PPNT
[16:46:17] [28/445] JTAB
[16:46:18] [29/445] BUUC
[16:46:19] [30/445] BSVK
[16:46:19] [31/445] VVVQ
[16:46:20] [32/445] TKMU
[16:46:21] [33/445] ESYL
[16:46:22] [34/445] ACHP
[16:46:23] [35/445] BTKD
[16:46:24] [36/445] DESA
[16:46:25] [37/445] GBCT
[16:46:26] [38/445] BLLD
[16:46:28] [39/445] SKNT
[16:46:29] [40/445] SSTE
[16:46:30] [41/445] VJMR
[16:46:31] [42/445] NTPU
[16:46:32] [43/445] RDKN
[16:46:33] [44/445] ADGC
[16:46:34] [45/445] VRBP
[16:46:35] [46/445] NMNA
[16:46:36] [47/445] CMMX
[16:46:37] [48/445] PTKO
[16:46:38] [49/445] RBML
[16:46:39] [50/445] SAIC
[16:46:39] [51/445] SVTJ
[16:46:40] [52/445] MRTE
[16:46:41] [53/445] RBTP
[16:46:42] [54/445] NLPS
[16:46:43] [55/445] GTNA
[16:46:44] [56/445] DGGC
[16:46:45] [57/445] SMCR
[16:46:46] [58/445] SCGD
[16:46:47] [59/445] SRRJ
[16:46:48] [60/445] CNRY
[16:46:49] [61/445] KTDI
[16:46:50] [62/445] SNJL
[16:46:51] [63/445] RKMD
[16:46:53] [64/445] SMDC
[16:46:54] [65/445] TADG
[16:46:54] [66/445] MCGS
[16:46:56] [67/445] PETK
[16:46:57] [68/445] CHAG
[16:46:58] [69/445] KSTL
[16:46:59] [70/445] AADS
[16:47:00] [71/445] NTHZ
[16:47:01] [72/445] HCKI
[16:47:02] [73/445] SSEF
[16:47:04] [74/445] MCGX
[16:47:05] [75/445] ERRA
[16:47:06] [76/445] SDTW
[16:47:07] [77/445] RMPK
[16:47:08] [78/445] PTHK
[16:47:09] [79/445] PXCS
[16:47:10] [80/445] SVLU
[16:47:10] [81/445] STAH
[16:47:11] [82/445] JRGF
[16:47:12] [83/445] CDOK
[16:47:13] [84/445] CMSG
[16:47:14] [85/445] APTD
[16:47:15] [86/445] KMPG
[16:47:16] [87/445] MUTJ
[16:47:17] [88/445] VCCI
[16:47:18] [89/445] URBE
[16:47:19] [90/445] TCTS
[16:47:21] [91/445] STSN
[16:47:22] [92/445] AKCH
[16:47:22] [93/445] APSC
[16:47:23] [94/445] VLTB
[16:47:25] [95/445] SANU
[16:47:25] [96/445] AXAM
[16:47:26] [97/445] MGMG
[16:47:27] [98/445] HTBY
[16:47:28] [99/445] MMZS
[16:47:29] [100/445] SUDR
[16:47:29] [101/445] CCAD
[16:47:30] [102/445] SKKC
[16:47:31] [103/445] RMCD
[16:47:32] [104/445] SBCQ
[16:47:33] [105/445] DCCT
[16:47:35] [106/445] VTKP
[16:47:36] [107/445] MLAM
[16:47:37] [108/445] SAVT
[16:47:39] [109/445] GEPL
[16:47:40] [110/445] AMCD
[16:47:41] [111/445] CCXR
[16:47:42] [112/445] GRNG
[16:47:44] [113/445] EBCA
[16:47:45] [114/445] CNVG
[16:47:45] [115/445] MWSS
[16:47:46] [116/445] VBOR
[16:47:47] [117/445] NEEB
[16:47:48] [118/445] SUTH
[16:47:49] [119/445] ANDB
[16:47:50] [120/445] MMXS
[16:47:51] [121/445] CNPD
[16:47:52] [122/445] SDCE
[16:47:53] [123/445] DHCB
[16:47:53] [124/445] ODEN
[16:47:54] [125/445] TNTC
[16:47:55] [126/445] VBKM
[16:47:56] [127/445] RZYM
[16:47:57] [128/445] JEMC
[16:47:58] [129/445] CMAU
[16:47:59] [130/445] SIVP
[16:47:59] [131/445] ATAG
[16:48:00] [132/445] CHTM
[16:48:01] [133/445] AAEE
[16:48:02] [134/445] IWPM
[16:48:03] [135/445] KCMW
[16:48:04] [136/445] MCTD
[16:48:05] [137/445] SPWR
[16:48:06] [138/445] SDPO
[16:48:07] [139/445] PCSK
[16:48:08] [140/445] ACHV
[16:48:09] [141/445] SVLA
[16:48:10] [142/445] PICT
[16:48:11] [143/445] BXDR
[16:48:13] [144/445] SPWA
[16:48:14] [145/445] MCKO
[16:48:15] [146/445] RTHK
[16:48:16] [147/445] CCMF
[16:48:17] [148/445] MRGB
[16:48:18] [149/445] CPLC
[16:48:19] [150/445] RACD
[16:48:21] [151/445] ATKT
[16:48:22] [152/445] SARN
[16:48:23] [153/445] KKUI
[16:48:25] [154/445] RGCM
[16:48:26] [155/445] BRVP
[16:48:27] [156/445] HRSR
[16:48:27] [157/445] GKGM
[16:48:29] [158/445] TTCD
[16:48:30] [159/445] PTTI
[16:48:31] [160/445] MPTT
[16:48:32] [161/445] CVTT
[16:48:33] [162/445] PCXD
[16:48:34] [163/445] GCDC
[16:48:35] [164/445] CCCF
[16:48:36] [165/445] MRAD
[16:48:38] [166/445] CPLK
[16:48:39] [167/445] SATB
[16:48:40] [168/445] SNVG
[16:48:41] [169/445] JMBA
[16:48:42] [170/445] TEJA
[16:48:44] [171/445] STYO
[16:48:45] [172/445] JTBP
[16:48:45] [173/445] KRGD
[16:48:47] [174/445] SLJJ
[16:48:48] [175/445] SPTJ
[16:48:49] [176/445] SWJG
[16:48:50] [177/445] LKRT
[16:48:52] [178/445] KCKA
[16:48:52] [179/445] SNCR
[16:48:53] [180/445] SMKL
[16:48:55] [181/445] GCFA
[16:48:56] [182/445] DDCK
[16:48:57] [183/445] NCHJ
[16:48:57] [184/445] RDMA
[16:48:59] [185/445] SVSV
[16:48:59] [186/445] SCJG
[16:49:01] [187/445] VKLP
[16:49:02] [188/445] NWCC
[16:49:03] [189/445] VKNS
[16:49:03] [190/445] SDDP
[16:49:04] [191/445] ACSI
[16:49:05] [192/445] SATG
[16:49:06] [193/445] SCMW
[16:49:07] [194/445] LKTK
[16:49:08] [195/445] VCKV
[16:49:09] [196/445] KKPE
[16:49:10] [197/445] KIGH
[16:49:10] [198/445] SRPM
[16:49:11] [199/445] SCAH
[16:49:13] [200/445] MUTA
[16:49:14] [201/445] SEPU
[16:49:14] [202/445] INOA
[16:49:16] [203/445] BASK
[16:49:17] [204/445] NECB
[16:49:18] [205/445] GTTG
[16:49:18] [206/445] ASSA
[16:49:19] [207/445] ANCL
[16:49:20] [208/445] GCTI
[16:49:21] [209/445] RCTS
[16:49:21] [210/445] ACNL
[16:49:23] [211/445] MYCT
[16:49:24] [212/445] NMHT
[16:49:25] [213/445] MDIT
[16:49:27] [214/445] LATG
[16:49:28] [215/445] SMTY
[16:49:29] [216/445] CVCT
[16:49:29] [217/445] RAMB
[16:49:31] [218/445] TGMS
[16:49:31] [219/445] BHEL
[16:49:32] [220/445] SHCT
[16:49:33] [221/445] SVCT
[16:49:33] [222/445] MRIY
[16:49:34] [223/445] SARO
[16:49:35] [224/445] STCT
[16:49:36] [225/445] JKKC
[16:49:37] [226/445] PLTT
[16:49:38] [227/445] SRNT
[16:49:39] [228/445] YAST
[16:49:40] [229/445] PERL
[16:49:41] [230/445] CICM
[16:49:42] [231/445] MMTR
[16:49:43] [232/445] ABTK
[16:49:44] [233/445] ATYY
[16:49:45] [234/445] ASTK
[16:49:46] [235/445] VVCK
[16:49:47] [236/445] ATKY
[16:49:47] [237/445] GWEK
[16:49:48] [238/445] SVFH
[16:49:49] [239/445] SLTA
[16:49:50] [240/445] AASH
[16:49:51] [241/445] ACXB
[16:49:51] [242/445] SMTX
[16:49:53] [243/445] AZDH
[16:49:54] [244/445] CMMH
[16:49:55] [245/445] SCSZ
[16:49:55] [246/445] SCKP
[16:49:56] [247/445] NXTM
[16:49:57] [248/445] NWCS
[16:49:58] [249/445] CXMH
[16:49:59] [250/445] PCMA
[16:49:59] [251/445] SGCM
[16:50:00] [252/445] SDTU
[16:50:01] [253/445] MMVI
[16:50:02] [254/445] JKCM
[16:50:03] [255/445] VCMM
[16:50:04] [256/445] SYEE
[16:50:05] [257/445] VASD
[16:50:06] [258/445] BDRB
[16:50:07] [259/445] LASM
[16:50:08] [260/445] DCRL
[16:50:08] [261/445] DVPM
[16:50:09] [262/445] SBMJ
[16:50:10] [263/445] CBMU
[16:50:11] [264/445] IUBS
[16:50:12] [265/445] INAP
[16:50:13] [266/445] SRRC
[16:50:14] [267/445] SAGR
[16:50:15] [268/445] CPMJ
[16:50:16] [269/445] ATJL
[16:50:16] [270/445] NNTD
[16:50:17] [271/445] JHCJ
[16:50:19] [272/445] CMMP
[16:50:21] [273/445] RSDR
[16:50:22] [274/445] AMTI
[16:50:23] [275/445] NYSG
[16:50:25] [276/445] AVSG
[16:50:26] [277/445] SYTP
[16:50:27] [278/445] LARC
[16:50:29] [279/445] RJTP
[16:50:30] [280/445] LAKC
[16:50:31] [281/445] MCXE
[16:50:32] [282/445] CCZC
[16:50:33] [283/445] AVCH
[16:50:33] [284/445] CMBE
[16:50:34] [285/445] MRRC
[16:50:35] [286/445] PCPY
[16:50:36] [287/445] SRMH
[16:50:37] [288/445] SVGS
[16:50:39] [289/445] PCSE
[16:50:40] [290/445] SVFT
[16:50:41] [291/445] TNZP
[16:50:42] [292/445] ICTP
[16:50:42] [293/445] ACTZ
[16:50:43] [294/445] GTUR
[16:50:45] [295/445] MAFC
[16:50:46] [296/445] MINL
[16:50:47] [297/445] MRCL
[16:50:49] [298/445] RCRP
[16:50:50] [299/445] RFFG
[16:50:51] [300/445] RMAS
[16:50:51] [301/445] INVR
[16:50:52] [302/445] RMAR
[16:50:53] [303/445] CNIS
[16:50:54] [304/445] RHRJ
[16:50:56] [305/445] INXR
[16:50:56] [306/445] VALT
[16:50:57] [307/445] LCSH
[16:50:58] [308/445] CMVS
[16:50:59] [309/445] CNMS
[16:51:00] [310/445] ROOG
[16:51:01] [311/445] ISRM
[16:51:02] [312/445] RCRM
[16:51:03] [313/445] ACJA
[16:51:05] [314/445] RCVS
[16:51:05] [315/445] CPUS
[16:51:07] [316/445] TGCS
[16:51:08] [317/445] RKCJ
[16:51:10] [318/445] MKSB
[16:51:11] [319/445] TCSJ
[16:51:11] [320/445] RMGP
[16:51:12] [321/445] CLLP
[16:51:13] [322/445] RCMV
[16:51:14] [323/445] CCKS
[16:51:16] [324/445] RSRP
[16:51:16] [325/445] APLP
[16:51:18] [326/445] CNVS
[16:51:19] [327/445] RMVY
[16:51:20] [328/445] PGBD
[16:51:22] [329/445] KLMS
[16:51:22] [330/445] RUST
[16:51:23] [331/445] MASM
[16:51:24] [332/445] BACS
[16:51:25] [333/445] BWST
[16:51:26] [334/445] RRFH
[16:51:26] [335/445] SJTM
[16:51:28] [336/445] BEMR
[16:51:29] [337/445] MCGR
[16:51:29] [338/445] SDSK
[16:51:30] [339/445] VBOL
[16:51:31] [340/445] RMGM
[16:51:32] [341/445] NOPL
[16:51:33] [342/445] MKJK
[16:51:34] [343/445] CVRN
[16:51:35] [344/445] MMEN
[16:51:36] [345/445] AMNG
[16:51:37] [346/445] INTM
[16:51:38] [347/445] SLCZ
[16:51:39] [348/445] AMJN
[16:51:39] [349/445] ACJN
[16:51:40] [350/445] AMKN
[16:51:41] [351/445] BTCN
[16:51:43] [352/445] AMBT
[16:51:44] [353/445] PACN
[16:51:46] [354/445] LCNS
[16:51:47] [355/445] PPKC
[16:51:48] [356/445] JYYN
[16:51:49] [357/445] JTNR
[16:51:51] [358/445] GTEE
[16:51:51] [359/445] SRNM
[16:51:52] [360/445] SDTC
[16:51:54] [361/445] VPCA
[16:51:56] [362/445] VLRA
[16:51:56] [363/445] SHKR
[16:51:57] [364/445] SBKD
[16:51:58] [365/445] SAAD
[16:52:00] [366/445] JTGN
[16:52:00] [367/445] SLAM
[16:52:02] [368/445] VTPM
[16:52:03] [369/445] ANPT
[16:52:04] [370/445] PUNB
[16:52:04] [371/445] CPKT
[16:52:05] [372/445] CNWE
[16:52:06] [373/445] ECPP
[16:52:07] [374/445] CPAR
[16:52:09] [375/445] ESBW
[16:52:09] [376/445] PKPU
[16:52:10] [377/445] CPRP
[16:52:12] [378/445] RAHU
[16:52:13] [379/445] RHMN
[16:52:14] [380/445] FMJP
[16:52:15] [381/445] CTMP
[16:52:16] [382/445] INPN
[16:52:17] [383/445] STTG
[16:52:17] [384/445] CTRD
[16:52:18] [385/445] PUVB
[16:52:19] [386/445] ESVP
[16:52:20] [387/445] CPFT
[16:52:21] [388/445] LCPC
[16:52:22] [389/445] VBCT
[16:52:23] [390/445] FSCW
[16:52:24] [391/445] VCMP
[16:52:24] [392/445] ASHC
[16:52:25] [393/445] VLCX
[16:52:26] [394/445] SHEV
[16:52:27] [395/445] APCO
[16:52:28] [396/445] SILC
[16:52:28] [397/445] SNMR
[16:52:29] [398/445] KYBO
[16:52:30] [399/445] SATK
[16:52:31] [400/445] SSCS
[16:52:32] [401/445] CLSB
[16:52:33] [402/445] KMJR
[16:52:34] [403/445] FSCK
[16:52:35] [404/445] NNKA
[16:52:36] [405/445] CLMK
[16:52:38] [406/445] DMPZ
[16:52:39] [407/445] INQM
[16:52:39] [408/445] CAML
[16:52:40] [409/445] INRK
[16:52:41] [410/445] IMKN
[16:52:42] [411/445] SVNR
[16:52:43] [412/445] INSL
[16:52:44] [413/445] MSMA
[16:52:45] [414/445] MCKK
[16:52:46] [415/445] FCHP
[16:52:47] [416/445] SFCR
[16:52:48] [417/445] NACK
[16:52:49] [418/445] PVAK
[16:52:50] [419/445] INER
[16:52:51] [420/445] RDBK
[16:52:52] [421/445] SVFN
[16:52:53] [422/445] IFRM
[16:52:53] [423/445] ATCK
[16:52:54] [424/445] ASKO
[16:52:55] [425/445] STKT
[16:52:56] [426/445] SVFB
[16:52:57] [427/445] INKS
[16:52:58] [428/445] PCRA
[16:52:59] [429/445] ATJA
[16:52:59] [430/445] IMJN
[16:53:00] [431/445] INHD
[16:53:01] [432/445] BARA
[16:53:02] [433/445] MCSL
[16:53:04] [434/445] RTOY
[16:53:04] [435/445] MENO
[16:53:05] [436/445] PUDM
[16:53:07] [437/445] PRCN
[16:53:08] [438/445] JMJR
[16:53:10] [439/445] SSGK
[16:53:11] [440/445] SSRL
[16:53:11] [441/445] JYKL
[16:53:13] [442/445] ACNB
[16:53:14] [443/445] SONP
[16:53:15] [444/445] EMCI
[16:53:16] [445/445] MRJH
[16:53:16] 🧹 Deduping shows
[16:53:16] ✅ DONE | Shows=95 | Movies=6
[04:43:44] 🚀 SCRIPT STARTED
[04:43:44] [1/445] TGMR
[04:43:44] 🧠 New identity created
[04:43:46] [2/445] CXKR
[04:43:46] [3/445] SROP
[04:43:47] [4/445] GTSV
[04:43:48] [5/445] SNTY
[04:43:50] [6/445] SMYY
[04:43:51] [7/445] CNCS
[04:43:51] [8/445] CSTM
[04:43:52] [9/445] NUCD
[04:43:53] [10/445] SHCZ
[04:43:54] [11/445] NJCT
[04:43:55] [12/445] COPC
[04:43:56] [13/445] STVV
[04:43:57] [14/445] SKRN
[04:43:58] [15/445] APPZ
[04:43:58] [16/445] YMGN
[04:44:00] [17/445] SVTU
[04:44:01] [18/445] GTAD
[04:44:02] [19/445] PSUS
[04:44:03] [20/445] SMCD
[04:44:04] [21/445] CMCM
[04:44:05] [22/445] SYCT
[04:44:06] [23/445] STLY
[04:44:06] [24/445] CMHU
[04:44:07] [25/445] CMSA
[04:44:08] [26/445] CLCU
[04:44:09] [27/445] PPNT
[04:44:10] [28/445] JTAB
[04:44:11] [29/445] BUUC
[04:44:12] [30/445] BSVK
[04:44:12] [31/445] VVVQ
[04:44:13] [32/445] TKMU
[04:44:14] [33/445] ESYL
[04:44:15] [34/445] ACHP
[04:44:16] [35/445] BTKD
[04:44:17] [36/445] DESA
[04:44:19] [37/445] GBCT
[04:44:19] [38/445] BLLD
[04:44:21] [39/445] SKNT
[04:44:22] [40/445] SSTE
[04:44:23] [41/445] VJMR
[04:44:23] [42/445] NTPU
[04:44:24] [43/445] RDKN
[04:44:25] [44/445] ADGC
[04:44:26] [45/445] VRBP
[04:44:27] [46/445] NMNA
[04:44:28] [47/445] CMMX
[04:44:29] [48/445] PTKO
[04:44:30] [49/445] RBML
[04:44:30] [50/445] SAIC
[04:44:31] [51/445] SVTJ
[04:44:32] [52/445] MRTE
[04:44:33] [53/445] RBTP
[04:44:34] [54/445] NLPS
[04:44:35] [55/445] GTNA
[04:44:36] [56/445] DGGC
[04:44:37] [57/445] SMCR
[04:44:39] [58/445] SCGD
[04:44:39] [59/445] SRRJ
[04:44:40] [60/445] CNRY
[04:44:41] [61/445] KTDI
[04:44:42] [62/445] SNJL
[04:44:43] [63/445] RKMD
[04:44:44] [64/445] SMDC
[04:44:45] [65/445] TADG
[04:44:46] [66/445] MCGS
[04:44:47] [67/445] PETK
[04:44:48] [68/445] CHAG
[04:44:48] [69/445] KSTL
[04:44:49] [70/445] AADS
[04:44:50] [71/445] NTHZ
[04:44:52] [72/445] HCKI
[04:44:53] [73/445] SSEF
[04:44:54] [74/445] MCGX
[04:44:55] [75/445] ERRA
[04:44:55] [76/445] SDTW
[04:44:56] [77/445] RMPK
[04:44:58] [78/445] PTHK
[04:44:59] [79/445] PXCS
[04:44:59] [80/445] SVLU
[04:45:00] [81/445] STAH
[04:45:01] [82/445] JRGF
[04:45:02] [83/445] CDOK
[04:45:04] [84/445] CMSG
[04:45:05] [85/445] APTD
[04:45:05] [86/445] KMPG
[04:45:06] [87/445] MUTJ
[04:45:07] [88/445] VCCI
[04:45:08] [89/445] URBE
[04:45:09] [90/445] TCTS
[04:45:09] [91/445] STSN
[04:45:10] [92/445] AKCH
[04:45:11] [93/445] APSC
[04:45:12] [94/445] VLTB
[04:45:12] [95/445] SANU
[04:45:13] [96/445] AXAM
[04:45:14] [97/445] MGMG
[04:45:15] [98/445] HTBY
[04:45:16] [99/445] MMZS
[04:45:16] [100/445] SUDR
[04:45:17] [101/445] CCAD
[04:45:18] [102/445] SKKC
[04:45:19] [103/445] RMCD
[04:45:19] [104/445] SBCQ
[04:45:20] [105/445] DCCT
[04:45:21] [106/445] VTKP
[04:45:22] [107/445] MLAM
[04:45:23] [108/445] SAVT
[04:45:24] [109/445] GEPL
[04:45:24] [110/445] AMCD
[04:45:25] [111/445] CCXR
[04:45:26] [112/445] GRNG
[04:45:27] [113/445] EBCA
[04:45:27] [114/445] CNVG
[04:45:28] [115/445] MWSS
[04:45:29] [116/445] VBOR
[04:45:30] [117/445] NEEB
[04:45:31] [118/445] SUTH
[04:45:31] [119/445] ANDB
[04:45:32] [120/445] MMXS
[04:45:33] [121/445] CNPD
[04:45:34] [122/445] SDCE
[04:45:35] [123/445] DHCB
[04:45:36] [124/445] ODEN
[04:45:37] [125/445] TNTC
[04:45:38] [126/445] VBKM
[04:45:40] [127/445] RZYM
[04:45:40] [128/445] JEMC
[04:45:41] [129/445] CMAU
[04:45:42] [130/445] SIVP
[04:45:42] [131/445] ATAG
[04:45:43] [132/445] CHTM
[04:45:44] [133/445] AAEE
[04:45:45] [134/445] IWPM
[04:45:46] [135/445] KCMW
[04:45:47] [136/445] MCTD
[04:45:48] [137/445] SPWR
[04:45:49] [138/445] SDPO
[04:45:50] [139/445] PCSK
[04:45:51] [140/445] ACHV
[04:45:52] [141/445] SVLA
[04:45:52] [142/445] PICT
[04:45:53] [143/445] BXDR
[04:45:54] [144/445] SPWA
[04:45:55] [145/445] MCKO
[04:45:56] [146/445] RTHK
[04:45:57] [147/445] CCMF
[04:45:57] [148/445] MRGB
[04:45:58] [149/445] CPLC
[04:45:59] [150/445] RACD
[04:46:00] [151/445] ATKT
[04:46:01] [152/445] SARN
[04:46:02] [153/445] KKUI
[04:46:02] [154/445] RGCM
[04:46:03] [155/445] BRVP
[04:46:04] [156/445] HRSR
[04:46:05] [157/445] GKGM
[04:46:05] [158/445] TTCD
[04:46:06] [159/445] PTTI
[04:46:07] [160/445] MPTT
[04:46:08] [161/445] CVTT
[04:46:09] [162/445] PCXD
[04:46:10] [163/445] GCDC
[04:46:11] [164/445] CCCF
[04:46:12] [165/445] MRAD
[04:46:13] [166/445] CPLK
[04:46:14] [167/445] SATB
[04:46:15] [168/445] SNVG
[04:46:15] [169/445] JMBA
[04:46:16] [170/445] TEJA
[04:46:17] [171/445] STYO
[04:46:18] [172/445] JTBP
[04:46:19] [173/445] KRGD
[04:46:20] [174/445] SLJJ
[04:46:21] [175/445] SPTJ
[04:46:21] [176/445] SWJG
[04:46:22] [177/445] LKRT
[04:46:23] [178/445] KCKA
[04:46:24] [179/445] SNCR
[04:46:25] [180/445] SMKL
[04:46:25] [181/445] GCFA
[04:46:26] [182/445] DDCK
[04:46:27] [183/445] NCHJ
[04:46:28] [184/445] RDMA
[04:46:29] [185/445] SVSV
[04:46:30] [186/445] SCJG
[04:46:30] [187/445] VKLP
[04:46:31] [188/445] NWCC
[04:46:32] [189/445] VKNS
[04:46:33] [190/445] SDDP
[04:46:34] [191/445] ACSI
[04:46:34] [192/445] SATG
[04:46:35] [193/445] SCMW
[04:46:36] [194/445] LKTK
[04:46:37] [195/445] VCKV
[04:46:38] [196/445] KKPE
[04:46:39] [197/445] KIGH
[04:46:40] [198/445] SRPM
[04:46:41] [199/445] SCAH
[04:46:41] [200/445] MUTA
[04:46:42] [201/445] SEPU
[04:46:43] [202/445] INOA
[04:46:44] [203/445] BASK
[04:46:44] [204/445] NECB
[04:46:45] [205/445] GTTG
[04:46:46] [206/445] ASSA
[04:46:47] [207/445] ANCL
[04:46:48] [208/445] GCTI
[04:46:49] [209/445] RCTS
[04:46:49] [210/445] ACNL
[04:46:51] [211/445] MYCT
[04:46:52] [212/445] NMHT
[04:46:53] [213/445] MDIT
[04:46:53] [214/445] LATG
[04:46:54] [215/445] SMTY
[04:46:55] [216/445] CVCT
[04:46:56] [217/445] RAMB
[04:46:56] [218/445] TGMS
[04:46:57] [219/445] BHEL
[04:46:58] [220/445] SHCT
[04:46:59] [221/445] SVCT
[04:47:00] [222/445] MRIY
[04:47:01] [223/445] SARO
[04:47:01] [224/445] STCT
[04:47:02] [225/445] JKKC
[04:47:04] [226/445] PLTT
[04:47:04] [227/445] SRNT
[04:47:05] [228/445] YAST
[04:47:06] [229/445] PERL
[04:47:07] [230/445] CICM
[04:47:08] [231/445] MMTR
[04:47:09] [232/445] ABTK
[04:47:10] [233/445] ATYY
[04:47:11] [234/445] ASTK
[04:47:11] [235/445] VVCK
[04:47:12] [236/445] ATKY
[04:47:13] [237/445] GWEK
[04:47:14] [238/445] SVFH
[04:47:15] [239/445] SLTA
[04:47:15] [240/445] AASH
[04:47:16] [241/445] ACXB
[04:47:17] [242/445] SMTX
[04:47:18] [243/445] AZDH
[04:47:19] [244/445] CMMH
[04:47:20] [245/445] SCSZ
[04:47:20] [246/445] SCKP
[04:47:21] [247/445] NXTM
[04:47:22] [248/445] NWCS
[04:47:23] [249/445] CXMH
[04:47:24] [250/445] PCMA
[04:47:25] [251/445] SGCM
[04:47:26] [252/445] SDTU
[04:47:27] [253/445] MMVI
[04:47:28] [254/445] JKCM
[04:47:28] [255/445] VCMM
[04:47:29] [256/445] SYEE
[04:47:30] [257/445] VASD
[04:47:31] [258/445] BDRB
[04:47:32] [259/445] LASM
[04:47:32] [260/445] DCRL
[04:47:33] [261/445] DVPM
[04:47:34] [262/445] SBMJ
[04:47:35] [263/445] CBMU
[04:47:36] [264/445] IUBS
[04:47:37] [265/445] INAP
[04:47:38] [266/445] SRRC
[04:47:39] [267/445] SAGR
[04:47:39] [268/445] CPMJ
[04:47:40] [269/445] ATJL
[04:47:41] [270/445] NNTD
[04:47:42] [271/445] JHCJ
[04:47:42] [272/445] CMMP
[04:47:44] [273/445] RSDR
[04:47:46] [274/445] AMTI
[04:47:47] [275/445] NYSG
[04:47:47] [276/445] AVSG
[04:47:48] [277/445] SYTP
[04:47:49] [278/445] LARC
[04:47:50] [279/445] RJTP
[04:47:51] [280/445] LAKC
[04:47:52] [281/445] MCXE
[04:47:53] [282/445] CCZC
[04:47:54] [283/445] AVCH
[04:47:55] [284/445] CMBE
[04:47:56] [285/445] MRRC
[04:47:56] [286/445] PCPY
[04:47:57] [287/445] SRMH
[04:47:58] [288/445] SVGS
[04:48:00] [289/445] PCSE
[04:48:00] [290/445] SVFT
[04:48:01] [291/445] TNZP
[04:48:02] [292/445] ICTP
[04:48:03] [293/445] ACTZ
[04:48:04] [294/445] GTUR
[04:48:04] [295/445] MAFC
[04:48:05] [296/445] MINL
[04:48:06] [297/445] MRCL
[04:48:07] [298/445] RCRP
[04:48:08] [299/445] RFFG
[04:48:09] [300/445] RMAS
[04:48:09] [301/445] INVR
[04:48:10] [302/445] RMAR
[04:48:11] [303/445] CNIS
[04:48:12] [304/445] RHRJ
[04:48:13] [305/445] INXR
[04:48:14] [306/445] VALT
[04:48:14] [307/445] LCSH
[04:48:15] [308/445] CMVS
[04:48:17] [309/445] CNMS
[04:48:18] [310/445] ROOG
[04:48:19] [311/445] ISRM
[04:48:19] [312/445] RCRM
[04:48:20] [313/445] ACJA
[04:48:21] [314/445] RCVS
[04:48:22] [315/445] CPUS
[04:48:23] [316/445] TGCS
[04:48:24] [317/445] RKCJ
[04:48:25] [318/445] MKSB
[04:48:26] [319/445] TCSJ
[04:48:26] [320/445] RMGP
[04:48:27] [321/445] CLLP
[04:48:28] [322/445] RCMV
[04:48:29] [323/445] CCKS
[04:48:30] [324/445] RSRP
[04:48:30] [325/445] APLP
[04:48:31] [326/445] CNVS
[04:48:32] [327/445] RMVY
[04:48:33] [328/445] PGBD
[04:48:33] [329/445] KLMS
[04:48:34] [330/445] RUST
[04:48:35] [331/445] MASM
[04:48:36] [332/445] BACS
[04:48:36] [333/445] BWST
[04:48:37] [334/445] RRFH
[04:48:38] [335/445] SJTM
[04:48:39] [336/445] BEMR
[04:48:40] [337/445] MCGR
[04:48:40] [338/445] SDSK
[04:48:41] [339/445] VBOL
[04:48:42] [340/445] RMGM
[04:48:43] [341/445] NOPL
[04:48:44] [342/445] MKJK
[04:48:45] [343/445] CVRN
[04:48:46] [344/445] MMEN
[04:48:47] [345/445] AMNG
[04:48:49] [346/445] INTM
[04:48:49] [347/445] SLCZ
[04:48:50] [348/445] AMJN
[04:48:51] [349/445] ACJN
[04:48:52] [350/445] AMKN
[04:48:52] [351/445] BTCN
[04:48:53] [352/445] AMBT
[04:48:55] [353/445] PACN
[04:48:56] [354/445] LCNS
[04:48:57] [355/445] PPKC
[04:48:58] [356/445] JYYN
[04:48:59] [357/445] JTNR
[04:49:00] [358/445] GTEE
[04:49:00] [359/445] SRNM
[04:49:01] [360/445] SDTC
[04:49:02] [361/445] VPCA
[04:49:03] [362/445] VLRA
[04:49:04] [363/445] SHKR
[04:49:04] [364/445] SBKD
[04:49:05] [365/445] SAAD
[04:49:06] [366/445] JTGN
[04:49:07] [367/445] SLAM
[04:49:08] [368/445] VTPM
[04:49:10] [369/445] ANPT
[04:49:11] [370/445] PUNB
[04:49:12] [371/445] CPKT
[04:49:13] [372/445] CNWE
[04:49:14] [373/445] ECPP
[04:49:15] [374/445] CPAR
[04:49:15] [375/445] ESBW
[04:49:16] [376/445] PKPU
[04:49:17] [377/445] CPRP
[04:49:18] [378/445] RAHU
[04:49:20] [379/445] RHMN
[04:49:21] [380/445] FMJP
[04:49:21] [381/445] CTMP
[04:49:22] [382/445] INPN
[04:49:23] [383/445] STTG
[04:49:24] [384/445] CTRD
[04:49:25] [385/445] PUVB
[04:49:26] [386/445] ESVP
[04:49:26] [387/445] CPFT
[04:49:27] [388/445] LCPC
[04:49:28] [389/445] VBCT
[04:49:30] [390/445] FSCW
[04:49:30] [391/445] VCMP
[04:49:31] [392/445] ASHC
[04:49:33] [393/445] VLCX
[04:49:34] [394/445] SHEV
[04:49:35] [395/445] APCO
[04:49:35] [396/445] SILC
[04:49:36] [397/445] SNMR
[04:49:37] [398/445] KYBO
[04:49:38] [399/445] SATK
[04:49:39] [400/445] SSCS
[04:49:39] [401/445] CLSB
[04:49:40] [402/445] KMJR
[04:49:42] [403/445] FSCK
[04:49:43] [404/445] NNKA
[04:49:44] [405/445] CLMK
[04:49:44] [406/445] DMPZ
[04:49:46] [407/445] INQM
[04:49:47] [408/445] CAML
[04:49:47] [409/445] INRK
[04:49:49] [410/445] IMKN
[04:49:49] [411/445] SVNR
[04:49:50] [412/445] INSL
[04:49:51] [413/445] MSMA
[04:49:52] [414/445] MCKK
[04:49:53] [415/445] FCHP
[04:49:53] [416/445] SFCR
[04:49:54] [417/445] NACK
[04:49:55] [418/445] PVAK
[04:49:56] [419/445] INER
[04:49:57] [420/445] RDBK
[04:49:58] [421/445] SVFN
[04:49:58] [422/445] IFRM
[04:49:59] [423/445] ATCK
[04:50:00] [424/445] ASKO
[04:50:01] [425/445] STKT
[04:50:02] [426/445] SVFB
[04:50:03] [427/445] INKS
[04:50:04] [428/445] PCRA
[04:50:05] [429/445] ATJA
[04:50:05] [430/445] IMJN
[04:50:06] [431/445] INHD
[04:50:07] [432/445] BARA
[04:50:08] [433/445] MCSL
[04:50:09] [434/445] RTOY
[04:50:10] [435/445] MENO
[04:50:10] [436/445] PUDM
[04:50:11] [437/445] PRCN
[04:50:12] [438/445] JMJR
[04:50:13] [439/445] SSGK
[04:50:14] [440/445] SSRL
[04:50:15] [441/445] JYKL
[04:50:16] [442/445] ACNB
[04:50:17] [443/445] SONP
[04:50:17] [444/445] EMCI
[04:50:18] [445/445] MRJH
[04:50:19] 🧹 Deduping shows
[04:50:19] ✅ DONE | Shows=97 | Movies=8
