[10:21:51] 🚀 SCRIPT STARTED
[10:21:51] [1/459] NECA
[10:21:51] 🧠 New identity created
[10:21:52] [2/459] BJLC
[10:21:54] [3/459] BASU
[10:21:55] [4/459] RUPI
[10:21:56] [5/459] LCBK
[10:21:57] [6/459] PMAC
[10:21:58] [7/459] AMLC
[10:21:59] [8/459] LICL
[10:22:00] [9/459] UDMM
[10:22:01] [10/459] STBZ
[10:22:02] [11/459] UUBT
[10:22:03] [12/459] SJKC
[10:22:03] [13/459] TUAL
[10:22:04] [14/459] MRSE
[10:22:06] [15/459] RMRK
[10:22:07] [16/459] TTKP
[10:22:08] [17/459] KTKO
[10:22:08] [18/459] SDBK
[10:22:09] [19/459] MCPR
[10:22:10] [20/459] CHTI
[10:22:11] [21/459] GCCP
[10:22:12] [22/459] SRMY
[10:22:14] [23/459] NYST
[10:22:15] [24/459] NYAG
[10:22:16] [25/459] SBMT
[10:22:17] [26/459] INGA
[10:22:18] [27/459] WSIC
[10:22:18] [28/459] SCSS
[10:22:19] [29/459] COPG
[10:22:21] [30/459] RCGR
[10:22:22] [31/459] TCZA
[10:22:23] [32/459] CNLP
[10:22:24] [33/459] CLKN
[10:22:25] [34/459] LHDF
[10:22:26] [35/459] ELKC
[10:22:28] [36/459] VCEM
[10:22:29] [37/459] SSZA
[10:22:30] [38/459] KRMT
[10:22:30] [39/459] LCMV
[10:22:31] [40/459] AYCZ
[10:22:33] [41/459] CUMS
[10:22:34] [42/459] BOCK
[10:22:34] [43/459] PNMR
[10:22:35] [44/459] PJCP
[10:22:36] [45/459] JDDD
[10:22:37] [46/459] STMS
[10:22:37] [47/459] FLMB
[10:22:38] [48/459] PKCM
[10:22:39] [49/459] SPPR
[10:22:40] [50/459] EYLH
[10:22:41] [51/459] RJCC
[10:22:41] [52/459] MMPS
[10:22:43] [53/459] SHMX
[10:22:44] [54/459] CCNL
[10:22:45] [55/459] RCNV
[10:22:47] [56/459] MAAG
[10:22:48] [57/459] LXCM
[10:22:49] [58/459] RCNI
[10:22:50] [59/459] SNNI
[10:22:51] [60/459] LALC
[10:22:52] [61/459] SOCN
[10:22:53] [62/459] JHTP
[10:22:54] [63/459] PITP
[10:22:56] [64/459] CCKW
[10:22:57] [65/459] MCMC
[10:22:58] [66/459] DEES
[10:22:59] [67/459] SABT
[10:23:00] [68/459] VSPP
[10:23:01] [69/459] ABCT
[10:23:02] [70/459] JVTB
[10:23:03] [71/459] VCBD
[10:23:04] [72/459] RMGG
[10:23:05] [73/459] RNMH
[10:23:06] [74/459] SPGL
[10:23:08] [75/459] JTTR
[10:23:08] [76/459] SICS
[10:23:09] [77/459] SRMI
[10:23:10] [78/459] SSIJ
[10:23:11] [79/459] KFMT
[10:23:12] [80/459] VBIT
[10:23:13] [81/459] JKCT
[10:23:14] [82/459] GCGP
[10:23:15] [83/459] GDCS
[10:23:16] [84/459] TRBA
[10:23:17] [85/459] QUST
[10:23:17] [86/459] VSHM
[10:23:18] [87/459] SDCP
[10:23:19] [88/459] SNVS
[10:23:20] [89/459] NYTO
[10:23:21] [90/459] URWC
[10:23:21] [91/459] GTWH
[10:23:23] [92/459] PFCM
[10:23:24] [93/459] KRTA
[10:23:25] [94/459] AXMC
[10:23:26] [95/459] EVMC
[10:23:27] [96/459] HGSM
[10:23:27] [97/459] ACVM
[10:23:28] [98/459] PSKL
[10:23:29] [99/459] RDMP
[10:23:30] [100/459] RHGH
[10:23:31] [101/459] OMCM
[10:23:32] [102/459] DCCP
[10:23:33] [103/459] MCPB
[10:23:34] [104/459] ALCI
[10:23:34] [105/459] BLMX
[10:23:35] [106/459] BTMV
[10:23:36] [107/459] FVPN
[10:23:37] [108/459] CMAR
[10:23:38] [109/459] CEIM
[10:23:39] [110/459] CMVA
[10:23:39] [111/459] CPIV
[10:23:40] [112/459] CNPE
[10:23:41] [113/459] COLV
[10:23:42] [114/459] DNNV
[10:23:43] [115/459] HCAD
[10:23:44] [116/459] TAKA
[10:23:45] [117/459] INVD
[10:23:45] [118/459] IRMM
[10:23:46] [119/459] INSE
[10:23:48] [120/459] MRSW
[10:23:49] [121/459] MCVD
[10:23:50] [122/459] MCSO
[10:23:51] [123/459] PEVM
[10:23:53] [124/459] PVNL
[10:23:54] [125/459] PTCV
[10:23:55] [126/459] PRTC
[10:23:56] [127/459] RCVA
[10:23:56] [128/459] MTBN
[10:23:57] [129/459] LUCP
[10:23:58] [130/459] FMPT
[10:23:59] [131/459] JLSL
[10:24:00] [132/459] SBHA
[10:24:01] [133/459] SHRC
[10:24:01] [134/459] AVPS
[10:24:02] [135/459] STPM
[10:24:03] [136/459] ATRD
[10:24:04] [137/459] VTED
[10:24:05] [138/459] ACAI
[10:24:06] [139/459] SMAE
[10:24:07] [140/459] VMAT
[10:24:08] [141/459] LKCT
[10:24:09] [142/459] JTVK
[10:24:10] [143/459] PRTY
[10:24:10] [144/459] GETT
[10:24:11] [145/459] ESAP
[10:24:12] [146/459] NCPM
[10:24:13] [147/459] PCPA
[10:24:14] [148/459] MMOM
[10:24:15] [149/459] PHUP
[10:24:15] [150/459] CCPI
[10:24:16] [151/459] CNTD
[10:24:17] [152/459] NLJR
[10:24:18] [153/459] SRNG
[10:24:20] [154/459] MHAL
[10:24:21] [155/459] PNSM
[10:24:22] [156/459] DRMY
[10:24:23] [157/459] CCMU
[10:24:23] [158/459] SCMY
[10:24:24] [159/459] PVSY
[10:24:25] [160/459] SDLM
[10:24:27] [161/459] ICCM
[10:24:29] [162/459] PYSU
[10:24:30] [163/459] GATM
[10:24:30] [164/459] WOTM
[10:24:31] [165/459] RKTS
[10:24:32] [166/459] PMTY
[10:24:33] [167/459] LYMS
[10:24:34] [168/459] TGCA
[10:24:34] [169/459] DSTA
[10:24:35] [170/459] CNGE
[10:24:36] [171/459] VSTG
[10:24:37] [172/459] GTCK
[10:24:38] [173/459] TGNT
[10:24:39] [174/459] ASLC
[10:24:40] [175/459] SSST
[10:24:41] [176/459] KBTT
[10:24:41] [177/459] HKCP
[10:24:42] [178/459] SWLC
[10:24:43] [179/459] RTND
[10:24:44] [180/459] PKKT
[10:24:45] [181/459] HSTK
[10:24:46] [182/459] SPTT
[10:24:47] [183/459] IMPM
[10:24:48] [184/459] SCMV
[10:24:49] [185/459] SPCT
[10:24:49] [186/459] JBCA
[10:24:50] [187/459] ATTR
[10:24:51] [188/459] SPMT
[10:24:52] [189/459] LCTM
[10:24:53] [190/459] SCVL
[10:24:54] [191/459] SCVT
[10:24:55] [192/459] KRIC
[10:24:56] [193/459] CTMG
[10:24:56] [194/459] ACNC
[10:24:57] [195/459] DMCK
[10:24:58] [196/459] KMTV
[10:24:59] [197/459] PFCJ
[10:25:00] [198/459] VNMD
[10:25:01] [199/459] VPCZ
[10:25:01] [200/459] SRYR
[10:25:02] [201/459] SYTR
[10:25:03] [202/459] GATR
[10:25:04] [203/459] URTR
[10:25:05] [204/459] MKSM
[10:25:05] [205/459] VSMH
[10:25:06] [206/459] SKRJ
[10:25:07] [207/459] SSJR
[10:25:08] [208/459] SVSM
[10:25:09] [209/459] RUCM
[10:25:10] [210/459] PRKN
[10:25:11] [211/459] RROH
[10:25:11] [212/459] SCTN
[10:25:12] [213/459] RTDM
[10:25:13] [214/459] ASRM
[10:25:14] [215/459] SKMD
[10:25:15] [216/459] SUTD
[10:25:16] [217/459] SADM
[10:25:16] [218/459] WCNR
[10:25:17] [219/459] CNED
[10:25:18] [220/459] MPDB
[10:25:19] [221/459] KTBH
[10:25:20] [222/459] IDRM
[10:25:21] [223/459] PJJT
[10:25:22] [224/459] PFCV
[10:25:23] [225/459] AACT
[10:25:23] [226/459] AAAD
[10:25:24] [227/459] ANES
[10:25:25] [228/459] MNCA
[10:25:27] [229/459] RMGU
[10:25:28] [230/459] DLCN
[10:25:29] [231/459] LJWT
[10:25:30] [232/459] MCBG
[10:25:31] [233/459] MYBG
[10:25:33] [234/459] GCCA
[10:25:34] [235/459] GCGA
[10:25:35] [236/459] ECGN
[10:25:37] [237/459] PRAB
[10:25:37] [238/459] PNMP
[10:25:38] [239/459] GCPT
[10:25:39] [240/459] ROYN
[10:25:40] [241/459] VATM
[10:25:41] [242/459] KSNT
[10:25:42] [243/459] ACTC
[10:25:43] [244/459] PLTD
[10:25:43] [245/459] SKMK
[10:25:44] [246/459] CMTT
[10:25:45] [247/459] SMXP
[10:25:46] [248/459] SCMX
[10:25:47] [249/459] ACXN
[10:25:47] [250/459] ASWT
[10:25:49] [251/459] VVVL
[10:25:50] [252/459] NAGO
[10:25:51] [253/459] SNCN
[10:25:52] [254/459] MCKP
[10:25:53] [255/459] SAMO
[10:25:54] [256/459] JBTV
[10:25:54] [257/459] DCVV
[10:25:55] [258/459] KMSV
[10:25:56] [259/459] KDCN
[10:25:58] [260/459] CNCP
[10:25:58] [261/459] HAMC
[10:25:59] [262/459] CCVZ
[10:26:00] [263/459] NCCK
[10:26:01] [264/459] MCHR
[10:26:02] [265/459] SCHT
[10:26:03] [266/459] ESSH
[10:26:03] [267/459] CUJC
[10:26:04] [268/459] PECP
[10:26:05] [269/459] PMMI
[10:26:07] [270/459] PCCH
[10:26:07] [271/459] PRPM
[10:26:08] [272/459] PVKL
[10:26:09] [273/459] CBSM
[10:26:10] [274/459] PVCZ
[10:26:11] [275/459] PCVV
[10:26:12] [276/459] CTMJ
[10:26:13] [277/459] RCPS
[10:26:13] [278/459] PCIT
[10:26:14] [279/459] FNCH
[10:26:16] [280/459] INZD
[10:26:17] [281/459] INPC
[10:26:18] [282/459] LCZP
[10:26:19] [283/459] SMCB
[10:26:20] [284/459] PTSB
[10:26:22] [285/459] TPSI
[10:26:23] [286/459] KHMJ
[10:26:23] [287/459] RCCJ
[10:26:24] [288/459] NCJA
[10:26:25] [289/459] NCJN
[10:26:26] [290/459] BTDP
[10:26:27] [291/459] PADY
[10:26:28] [292/459] NYBH
[10:26:29] [293/459] MTBR
[10:26:30] [294/459] KRBC
[10:26:31] [295/459] DKTI
[10:26:32] [296/459] ANAN
[10:26:34] [297/459] INBP
[10:26:34] [298/459] PATB
[10:26:35] [299/459] RGNT
[10:26:36] [300/459] CGPM
[10:26:37] [301/459] INTN
[10:26:37] [302/459] MCMP
[10:26:38] [303/459] ASRG
[10:26:39] [304/459] CXJD
[10:26:40] [305/459] SPCP
[10:26:41] [306/459] CSTP
[10:26:42] [307/459] PKVC
[10:26:42] [308/459] ESCP
[10:26:43] [309/459] CAEP
[10:26:45] [310/459] CCSP
[10:26:46] [311/459] KTPC
[10:26:47] [312/459] DACA
[10:26:48] [313/459] NVKY
[10:26:49] [314/459] PTIN
[10:26:50] [315/459] SCIN
[10:26:51] [316/459] MCTY
[10:26:51] [317/459] PCMX
[10:26:52] [318/459] INIC
[10:26:53] [319/459] MMZM
[10:26:54] [320/459] SSLP
[10:26:55] [321/459] DTDT
[10:26:56] [322/459] FFCX
[10:26:57] [323/459] RCMM
[10:26:58] [324/459] KYID
[10:26:58] [325/459] CSCI
[10:27:00] [326/459] FCMC
[10:27:01] [327/459] MMXI
[10:27:02] [328/459] ASTC
[10:27:03] [329/459] CMRA
[10:27:04] [330/459] DICI
[10:27:05] [331/459] KDIN
[10:27:06] [332/459] PRFI
[10:27:06] [333/459] SVFC
[10:27:07] [334/459] UCPL
[10:27:08] [335/459] COOC
[10:27:09] [336/459] SCAL
[10:27:10] [337/459] SVFF
[10:27:10] [338/459] VCMG
[10:27:11] [339/459] UUCT
[10:27:12] [340/459] GCSE
[10:27:13] [341/459] SUSC
[10:27:14] [342/459] MISC
[10:27:15] [343/459] RMBL
[10:27:16] [344/459] CMXN
[10:27:17] [345/459] PVBK
[10:27:18] [346/459] HHCG
[10:27:19] [347/459] SCAG
[10:27:20] [348/459] CNPR
[10:27:21] [349/459] CSER
[10:27:22] [350/459] HLWD
[10:27:23] [351/459] BOLY
[10:27:24] [352/459] SSPG
[10:27:26] [353/459] MUPX
[10:27:27] [354/459] HAMR
[10:27:27] [355/459] SDNC
[10:27:28] [356/459] RTEN
[10:27:29] [357/459] SDTD
[10:27:30] [358/459] KAWS
[10:27:31] [359/459] CMZX
[10:27:32] [360/459] DCDD
[10:27:33] [361/459] ALSN
[10:27:33] [362/459] IMXS
[10:27:34] [363/459] PVFF
[10:27:36] [364/459] PVOO
[10:27:37] [365/459] CFBS
[10:27:38] [366/459] PVER
[10:27:39] [367/459] PPNX
[10:27:40] [368/459] CNRM
[10:27:41] [369/459] PVWW
[10:27:42] [370/459] INMB
[10:27:42] [371/459] CPJR
[10:27:43] [372/459] INRZ
[10:27:44] [373/459] PMSR
[10:27:45] [374/459] GPGM
[10:27:45] [375/459] PGWB
[10:27:46] [376/459] PMBR
[10:27:47] [377/459] GPAM
[10:27:48] [378/459] INBC
[10:27:49] [379/459] PZVK
[10:27:50] [380/459] CPEB
[10:27:51] [381/459] FMLB
[10:27:52] [382/459] INBG
[10:27:53] [383/459] GPBR
[10:27:53] [384/459] PAAS
[10:27:54] [385/459] VTBR
[10:27:55] [386/459] GPMY
[10:27:56] [387/459] GYBU
[10:27:57] [388/459] INBJ
[10:27:58] [389/459] LKTH
[10:27:58] [390/459] NSBR
[10:27:59] [391/459] PDRD
[10:28:00] [392/459] VRBL
[10:28:01] [393/459] VTGB
[10:28:02] [394/459] VTSK
[10:28:03] [395/459] BKDV
[10:28:04] [396/459] SVTB
[10:28:04] [397/459] MLDT
[10:28:06] [398/459] NRBL
[10:28:06] [399/459] SLTR
[10:28:07] [400/459] VNKA
[10:28:08] [401/459] TDCA
[10:28:09] [402/459] INBM
[10:28:10] [403/459] SSNR
[10:28:11] [404/459] BHAC
[10:28:12] [405/459] SDSD
[10:28:13] [406/459] SAMP
[10:28:13] [407/459] RATK
[10:28:15] [408/459] KCBI
[10:28:17] [409/459] URBL
[10:28:18] [410/459] MKBG
[10:28:19] [411/459] ASTB
[10:28:20] [412/459] VBWT
[10:28:20] [413/459] GPSM
[10:28:21] [414/459] ROON
[10:28:23] [415/459] CHTH
[10:28:24] [416/459] SSPA
[10:28:25] [417/459] ANBL
[10:28:26] [418/459] VTBE
[10:28:27] [419/459] SVKT
[10:28:27] [420/459] SVYK
[10:28:28] [421/459] PTBK
[10:28:29] [422/459] RKTB
[10:28:30] [423/459] BALT
[10:28:31] [424/459] STSV
[10:28:32] [425/459] VCCB
[10:28:33] [426/459] SLTB
[10:28:33] [427/459] SBCR
[10:28:34] [428/459] VDCS
[10:28:35] [429/459] MDKI
[10:28:36] [430/459] SMRN
[10:28:37] [431/459] PTBC
[10:28:39] [432/459] RADI
[10:28:40] [433/459] ADCR
[10:28:41] [434/459] SDCS
[10:28:42] [435/459] SRPJ
[10:28:42] [436/459] ARTS
[10:28:43] [437/459] SRHK
[10:28:44] [438/459] SPAY
[10:28:45] [439/459] GPTB
[10:28:46] [440/459] SNNN
[10:28:47] [441/459] BALJ
[10:28:47] [442/459] TRIG
[10:28:49] [443/459] GTYT
[10:28:50] [444/459] ATGN
[10:28:51] [445/459] ANTE
[10:28:52] [446/459] BDCG
[10:28:53] [447/459] VECI
[10:28:54] [448/459] SCPR
[10:28:55] [449/459] RTEA
[10:28:55] [450/459] JSAI
[10:28:56] [451/459] VJTP
[10:28:57] [452/459] GNDS
[10:28:58] [453/459] PAXA
[10:28:59] [454/459] CGGM
[10:29:00] [455/459] ACKZ
[10:29:00] [456/459] EMCC
[10:29:01] [457/459] KLSK
[10:29:03] [458/459] AVCK
[10:29:04] [459/459] JTCK
[10:29:04] 🧹 Deduping shows
[10:29:04] ✅ DONE | Shows=98 | Movies=2
