[10:21:45] 🚀 SCRIPT STARTED
[10:21:45] [1/459] MBDC
[10:21:45] 🧠 New identity created
[10:21:46] [2/459] CHKM
[10:21:48] [3/459] JTKZ
[10:21:49] [4/459] CMCT
[10:21:49] [5/459] ASHO
[10:21:51] [6/459] ECDG
[10:21:52] [7/459] SPAT
[10:21:53] [8/459] HILC
[10:21:53] [9/459] SPPH
[10:21:54] [10/459] SBHN
[10:21:56] [11/459] RRCA
[10:21:57] [12/459] APAA
[10:21:57] [13/459] RAME
[10:21:58] [14/459] TMMS
[10:21:59] [15/459] BATK
[10:22:00] [16/459] LKOP
[10:22:01] [17/459] AMTT
[10:22:01] [18/459] PTGK
[10:22:02] [19/459] ANRS
[10:22:03] [20/459] VWBW
[10:22:04] [21/459] SVFG
[10:22:06] [22/459] STAT
[10:22:07] [23/459] GDCV
[10:22:08] [24/459] VEBI
[10:22:09] [25/459] VDSS
[10:22:10] [26/459] NTHV
[10:22:11] [27/459] AOCH
[10:22:12] [28/459] KASR
[10:22:13] [29/459] AYCS
[10:22:13] [30/459] SHAI
[10:22:14] [31/459] SKPE
[10:22:15] [32/459] SBTA
[10:22:16] [33/459] RTTD
[10:22:17] [34/459] CCJD
[10:22:18] [35/459] RSJJ
[10:22:18] [36/459] RKND
[10:22:19] [37/459] SVTX
[10:22:20] [38/459] BAKM
[10:22:21] [39/459] SVDC
[10:22:23] [40/459] MNCV
[10:22:23] [41/459] SJGC
[10:22:24] [42/459] MTPK
[10:22:25] [43/459] GATP
[10:22:26] [44/459] ABTS
[10:22:27] [45/459] ABDE
[10:22:28] [46/459] RCNM
[10:22:29] [47/459] KTHV
[10:22:30] [48/459] MDGJ
[10:22:31] [49/459] SMLM
[10:22:32] [50/459] JTMA
[10:22:33] [51/459] ACKP
[10:22:34] [52/459] SRTA
[10:22:34] [53/459] STAY
[10:22:35] [54/459] MAVO
[10:22:37] [55/459] APTS
[10:22:37] [56/459] OMEA
[10:22:39] [57/459] TTFD
[10:22:40] [58/459] MJCU
[10:22:41] [59/459] CXTE
[10:22:41] [60/459] CTPX
[10:22:42] [61/459] ASSL
[10:22:43] [62/459] CMVB
[10:22:43] [63/459] VPUR
[10:22:44] [64/459] JJDA
[10:22:45] [65/459] INBL
[10:22:46] [66/459] BIKB
[10:22:47] [67/459] NTBB
[10:22:48] [68/459] GLOB
[10:22:49] [69/459] SNTB
[10:22:50] [70/459] CHGV
[10:22:51] [71/459] SSBZ
[10:22:52] [72/459] PRDB
[10:22:52] [73/459] ISMT
[10:22:53] [74/459] MCSD
[10:22:54] [75/459] JBTT
[10:22:55] [76/459] GEKR
[10:22:56] [77/459] PVUN
[10:22:57] [78/459] NRTB
[10:22:58] [79/459] PRAA
[10:22:59] [80/459] PCBL
[10:23:00] [81/459] PTCM
[10:23:00] [82/459] KHNN
[10:23:01] [83/459] OMJE
[10:23:02] [84/459] STGN
[10:23:03] [85/459] RPMS
[10:23:04] [86/459] NWAD
[10:23:05] [87/459] BLCK
[10:23:06] [88/459] SVAA
[10:23:07] [89/459] URVM
[10:23:08] [90/459] ANTM
[10:23:09] [91/459] VJYM
[10:23:10] [92/459] MAZZ
[10:23:11] [93/459] CSHM
[10:23:12] [94/459] WGMH
[10:23:13] [95/459] SALN
[10:23:14] [96/459] BRTP
[10:23:15] [97/459] SVTA
[10:23:15] [98/459] SBTP
[10:23:16] [99/459] VLSS
[10:23:17] [100/459] SRJA
[10:23:18] [101/459] ANCG
[10:23:19] [102/459] CGGC
[10:23:20] [103/459] CRJA
[10:23:20] [104/459] USCR
[10:23:21] [105/459] MMEF
[10:23:22] [106/459] JCRJ
[10:23:22] [107/459] ADCM
[10:23:23] [108/459] BMYK
[10:23:24] [109/459] KICS
[10:23:25] [110/459] MBBT
[10:23:26] [111/459] MACK
[10:23:27] [112/459] CLDR
[10:23:27] [113/459] JYCR
[10:23:28] [114/459] DCRP
[10:23:29] [115/459] RAHT
[10:23:30] [116/459] CSSM
[10:23:31] [117/459] ATPK
[10:23:32] [118/459] KLRT
[10:23:32] [119/459] SRDD
[10:23:33] [120/459] CKMC
[10:23:34] [121/459] KRVM
[10:23:35] [122/459] AKCP
[10:23:36] [123/459] CNCV
[10:23:37] [124/459] PACT
[10:23:38] [125/459] NATP
[10:23:39] [126/459] PCPK
[10:23:40] [127/459] SMHO
[10:23:41] [128/459] CWTK
[10:23:42] [129/459] RVKZ
[10:23:43] [130/459] ASPD
[10:23:44] [131/459] VTKZ
[10:23:45] [132/459] LCSO
[10:23:46] [133/459] PRDY
[10:23:47] [134/459] RCAP
[10:23:48] [135/459] RGAR
[10:23:48] [136/459] RCAC
[10:23:49] [137/459] PMOD
[10:23:50] [138/459] PVCN
[10:23:51] [139/459] SCRZ
[10:23:52] [140/459] PVPC
[10:23:53] [141/459] STID
[10:23:53] [142/459] NEDD
[10:23:55] [143/459] BNBA
[10:23:56] [144/459] NTCD
[10:23:57] [145/459] OCDE
[10:23:58] [146/459] CCDU
[10:23:58] [147/459] CRXH
[10:23:59] [148/459] VLVT
[10:24:00] [149/459] CICI
[10:24:01] [150/459] SUCB
[10:24:02] [151/459] TCBP
[10:24:03] [152/459] SCCY
[10:24:04] [153/459] LXCY
[10:24:05] [154/459] NCMD
[10:24:06] [155/459] PHCS
[10:24:07] [156/459] DUXR
[10:24:08] [157/459] VNKS
[10:24:09] [158/459] SEDP
[10:24:10] [159/459] SVEN
[10:24:11] [160/459] SRKM
[10:24:12] [161/459] JTLT
[10:24:13] [162/459] SVSS
[10:24:14] [163/459] AMDE
[10:24:15] [164/459] WVRN
[10:24:15] [165/459] ISMG
[10:24:16] [166/459] WVKS
[10:24:18] [167/459] USCG
[10:24:18] [168/459] IOTG
[10:24:19] [169/459] RRJM
[10:24:21] [170/459] EDMP
[10:24:21] [171/459] SCGZ
[10:24:23] [172/459] GMGX
[10:24:24] [173/459] OMTP
[10:24:25] [174/459] MITD
[10:24:26] [175/459] SMMD
[10:24:27] [176/459] STML
[10:24:28] [177/459] MCFS
[10:24:29] [178/459] FPKA
[10:24:29] [179/459] OMLR
[10:24:30] [180/459] KKSC
[10:24:31] [181/459] RVMA
[10:24:32] [182/459] SCLL
[10:24:33] [183/459] SCDK
[10:24:34] [184/459] SXMI
[10:24:35] [185/459] SHDN
[10:24:36] [186/459] PAAD
[10:24:37] [187/459] UUCB
[10:24:38] [188/459] JHOL
[10:24:39] [189/459] SGWT
[10:24:40] [190/459] SRII
[10:24:40] [191/459] SGCK
[10:24:41] [192/459] SVVB
[10:24:42] [193/459] DMHA
[10:24:43] [194/459] PPNL
[10:24:44] [195/459] CPNL
[10:24:45] [196/459] WVLD
[10:24:46] [197/459] PSLV
[10:24:47] [198/459] VTTL
[10:24:47] [199/459] NPAD
[10:24:48] [200/459] PVCS
[10:24:49] [201/459] MCHL
[10:24:50] [202/459] PPLL
[10:24:51] [203/459] MALO
[10:24:52] [204/459] SWBH
[10:24:53] [205/459] PUGB
[10:24:54] [206/459] INBB
[10:24:55] [207/459] INNS
[10:24:56] [208/459] MCPT
[10:24:57] [209/459] SCMI
[10:24:58] [210/459] OCON
[10:24:58] [211/459] SCSM
[10:25:00] [212/459] RJVN
[10:25:01] [213/459] AMDK
[10:25:02] [214/459] ISMR
[10:25:02] [215/459] SMTD
[10:25:03] [216/459] VTDD
[10:25:04] [217/459] PDDZ
[10:25:05] [218/459] PCCK
[10:25:06] [219/459] INAM
[10:25:07] [220/459] FNKT
[10:25:08] [221/459] GDKA
[10:25:09] [222/459] MAYU
[10:25:09] [223/459] TCGU
[10:25:10] [224/459] KDCA
[10:25:11] [225/459] DOMY
[10:25:12] [226/459] PDDD
[10:25:13] [227/459] BJTS
[10:25:14] [228/459] VTCA
[10:25:15] [229/459] SBTM
[10:25:15] [230/459] SEET
[10:25:16] [231/459] SSTJ
[10:25:17] [232/459] SVNT
[10:25:18] [233/459] PPPR
[10:25:19] [234/459] PVYS
[10:25:20] [235/459] IOSE
[10:25:21] [236/459] ACTV
[10:25:21] [237/459] APVE
[10:25:22] [238/459] TCCL
[10:25:23] [239/459] SCMO
[10:25:24] [240/459] SAUM
[10:25:25] [241/459] KCJS
[10:25:26] [242/459] NJCJ
[10:25:26] [243/459] NECF
[10:25:27] [244/459] CCGW
[10:25:28] [245/459] CCMG
[10:25:29] [246/459] NYRG
[10:25:30] [247/459] NCSQ
[10:25:31] [248/459] GRCG
[10:25:32] [249/459] CCBT
[10:25:33] [250/459] ACGA
[10:25:34] [251/459] INAG
[10:25:35] [252/459] FUCG
[10:25:35] [253/459] AICF
[10:25:36] [254/459] GRGA
[10:25:37] [255/459] GDCN
[10:25:38] [256/459] RRCG
[10:25:38] [257/459] SDCH
[10:25:39] [258/459] WVJM
[10:25:40] [259/459] JCCZ
[10:25:41] [260/459] CNCL
[10:25:42] [261/459] TMLV
[10:25:43] [262/459] MEMB
[10:25:43] [263/459] SGTD
[10:25:44] [264/459] CONX
[10:25:45] [265/459] CCMH
[10:25:46] [266/459] ACMC
[10:25:47] [267/459] DTPD
[10:25:48] [268/459] POJA
[10:25:49] [269/459] FNBH
[10:25:50] [270/459] CGCB
[10:25:51] [271/459] RACN
[10:25:51] [272/459] JTSM
[10:25:52] [273/459] SCDN
[10:25:54] [274/459] AACK
[10:25:55] [275/459] RMCE
[10:25:56] [276/459] BSGB
[10:25:57] [277/459] MRCB
[10:25:58] [278/459] SRVR
[10:25:59] [279/459] VTKK
[10:26:00] [280/459] AMST
[10:26:01] [281/459] APCY
[10:26:02] [282/459] LMHO
[10:26:03] [283/459] MTZH
[10:26:04] [284/459] AMZB
[10:26:04] [285/459] SUVT
[10:26:06] [286/459] RCIP
[10:26:07] [287/459] KESR
[10:26:08] [288/459] SNKC
[10:26:09] [289/459] SCED
[10:26:09] [290/459] DVCA
[10:26:10] [291/459] VCDT
[10:26:11] [292/459] RRDI
[10:26:12] [293/459] DFCH
[10:26:13] [294/459] INSC
[10:26:14] [295/459] RGTR
[10:26:15] [296/459] FMOT
[10:26:16] [297/459] SCPM
[10:26:17] [298/459] GCDT
[10:26:18] [299/459] BRKT
[10:26:19] [300/459] DEMP
[10:26:20] [301/459] SRLC
[10:26:21] [302/459] KSTT
[10:26:22] [303/459] SMMT
[10:26:22] [304/459] SILM
[10:26:23] [305/459] JCVM
[10:26:24] [306/459] KCSV
[10:26:25] [307/459] MHLK
[10:26:25] [308/459] SLVL
[10:26:26] [309/459] RJKP
[10:26:27] [310/459] BBPC
[10:26:28] [311/459] MXCB
[10:26:29] [312/459] TCPK
[10:26:31] [313/459] RTBR
[10:26:32] [314/459] GAUT
[10:26:32] [315/459] DVCF
[10:26:33] [316/459] JTSB
[10:26:33] [317/459] SBLS
[10:26:34] [318/459] UDAY
[10:26:35] [319/459] PTNP
[10:26:37] [320/459] DMKT
[10:26:38] [321/459] NTDT
[10:26:38] [322/459] SHDJ
[10:26:39] [323/459] OTNC
[10:26:40] [324/459] RNTW
[10:26:41] [325/459] GCMI
[10:26:42] [326/459] CRCM
[10:26:43] [327/459] NNCZ
[10:26:44] [328/459] OEMO
[10:26:44] [329/459] PVJM
[10:26:45] [330/459] CPJI
[10:26:47] [331/459] RMCJ
[10:26:48] [332/459] CNWJ
[10:26:48] [333/459] EPJM
[10:26:49] [334/459] FNJJ
[10:26:50] [335/459] GCMJ
[10:26:51] [336/459] INPS
[10:26:52] [337/459] BICJ
[10:26:53] [338/459] ISTJ
[10:26:54] [339/459] INJC
[10:26:55] [340/459] GLXJ
[10:26:56] [341/459] INEM
[10:26:57] [342/459] JTMN
[10:26:58] [343/459] FRCJ
[10:26:59] [344/459] DDJP
[10:27:00] [345/459] INJV
[10:27:01] [346/459] GOLC
[10:27:02] [347/459] KOCI
[10:27:03] [348/459] FSTD
[10:27:04] [349/459] PACJ
[10:27:05] [350/459] GMCN
[10:27:06] [351/459] MMDJ
[10:27:08] [352/459] GODH
[10:27:09] [353/459] SKYN
[10:27:10] [354/459] NCTH
[10:27:10] [355/459] SKVZ
[10:27:12] [356/459] SVML
[10:27:13] [357/459] ACVZ
[10:27:14] [358/459] SURA
[10:27:15] [359/459] RTRB
[10:27:15] [360/459] LLCT
[10:27:16] [361/459] ATTS
[10:27:17] [362/459] JYCM
[10:27:18] [363/459] CTKR
[10:27:19] [364/459] LCKR
[10:27:19] [365/459] NYCV
[10:27:20] [366/459] NYOH
[10:27:21] [367/459] NOVX
[10:27:22] [368/459] MRGK
[10:27:23] [369/459] MOON
[10:27:24] [370/459] SBUC
[10:27:26] [371/459] GSVA
[10:27:27] [372/459] VIAK
[10:27:28] [373/459] SMVZ
[10:27:28] [374/459] MATE
[10:27:29] [375/459] RDCN
[10:27:30] [376/459] ASBL
[10:27:32] [377/459] ASVS
[10:27:32] [378/459] ASSR
[10:27:33] [379/459] SSKN
[10:27:34] [380/459] DRPV
[10:27:35] [381/459] MRHT
[10:27:36] [382/459] BSCN
[10:27:37] [383/459] RKNX
[10:27:37] [384/459] MSMC
[10:27:38] [385/459] MSCJ
[10:27:39] [386/459] BTBJ
[10:27:40] [387/459] MJCC
[10:27:41] [388/459] IOMM
[10:27:41] [389/459] ADGR
[10:27:42] [390/459] MYCP
[10:27:43] [391/459] IGCM
[10:27:44] [392/459] PGRK
[10:27:46] [393/459] VPGO
[10:27:46] [394/459] KOMS
[10:27:47] [395/459] URGG
[10:27:48] [396/459] GOST
[10:27:49] [397/459] LACT
[10:27:50] [398/459] BWCM
[10:27:51] [399/459] NCCW
[10:27:51] [400/459] SKYC
[10:27:53] [401/459] CCPM
[10:27:53] [402/459] VCBT
[10:27:55] [403/459] SDKR
[10:27:56] [404/459] CTYB
[10:27:57] [405/459] SHCX
[10:27:57] [406/459] RCUN
[10:27:59] [407/459] CNRA
[10:27:59] [408/459] RFCA
[10:28:00] [409/459] RDCU
[10:28:01] [410/459] SARK
[10:28:02] [411/459] SPPP
[10:28:03] [412/459] ADMB
[10:28:03] [413/459] JYOE
[10:28:04] [414/459] SRMD
[10:28:05] [415/459] RJDH
[10:28:06] [416/459] SSTD
[10:28:06] [417/459] AACV
[10:28:07] [418/459] PPVD
[10:28:08] [419/459] STCP
[10:28:09] [420/459] ANJR
[10:28:10] [421/459] ANLS
[10:28:10] [422/459] BIJO
[10:28:11] [423/459] AVAB
[10:28:12] [424/459] SPMD
[10:28:13] [425/459] SVJL
[10:28:14] [426/459] SDDJ
[10:28:15] [427/459] SLTU
[10:28:15] [428/459] SAKA
[10:28:16] [429/459] PMAM
[10:28:17] [430/459] FNAM
[10:28:18] [431/459] ACAM
[10:28:18] [432/459] SCMM
[10:28:19] [433/459] PMAK
[10:28:20] [434/459] NYSA
[10:28:21] [435/459] FCPA
[10:28:21] [436/459] GDAN
[10:28:22] [437/459] RSCA
[10:28:23] [438/459] DMAN
[10:28:24] [439/459] DZCM
[10:28:25] [440/459] NSGL
[10:28:25] [441/459] CCPP
[10:28:27] [442/459] PSMG
[10:28:28] [443/459] GSER
[10:28:28] [444/459] FCCT
[10:28:29] [445/459] FCTB
[10:28:30] [446/459] LCNK
[10:28:31] [447/459] SKTY
[10:28:32] [448/459] INAA
[10:28:32] [449/459] RCWN
[10:28:34] [450/459] VAIS
[10:28:35] [451/459] CVMN
[10:28:35] [452/459] INTS
[10:28:36] [453/459] FRGS
[10:28:37] [454/459] DTCK
[10:28:38] [455/459] MCMH
[10:28:39] [456/459] ECRR
[10:28:40] [457/459] RLLP
[10:28:41] [458/459] CCSN
[10:28:42] [459/459] CCBA
[10:28:42] 🧹 Deduping shows
[10:28:43] ✅ DONE | Shows=78 | Movies=8
