[10:21:49] 🚀 SCRIPT STARTED
[10:21:49] [1/459] FNDB
[10:21:49] 🧠 New identity created
[10:21:51] [2/459] AMBH
[10:21:52] [3/459] PRHN
[10:21:52] [4/459] ACPM
[10:21:53] [5/459] PVFS
[10:21:54] [6/459] AACN
[10:21:55] [7/459] ACAS
[10:21:56] [8/459] CTNR
[10:21:57] [9/459] MMAH
[10:21:58] [10/459] CPMH
[10:21:58] [11/459] IGMH
[10:21:59] [12/459] ABCS
[10:22:00] [13/459] CMMA
[10:22:01] [14/459] GPRH
[10:22:01] [15/459] PNNG
[10:22:02] [16/459] AMCA
[10:22:03] [17/459] ISTN
[10:22:04] [18/459] PIIC
[10:22:04] [19/459] AHMH
[10:22:05] [20/459] ASHN
[10:22:06] [21/459] INHY
[10:22:06] [22/459] SRMO
[10:22:07] [23/459] PIMH
[10:22:08] [24/459] PVTS
[10:22:09] [25/459] MMCA
[10:22:10] [26/459] AKYJ
[10:22:10] [27/459] BRKH
[10:22:11] [28/459] MAHM
[10:22:12] [29/459] CPHY
[10:22:12] [30/459] PVTP
[10:22:13] [31/459] SMMR
[10:22:14] [32/459] PVHM
[10:22:15] [33/459] SNDY
[10:22:15] [34/459] GOKU
[10:22:16] [35/459] ACEV
[10:22:17] [36/459] PVUM
[10:22:17] [37/459] VSWA
[10:22:18] [38/459] IPRS
[10:22:19] [39/459] ASGN
[10:22:20] [40/459] BKMV
[10:22:20] [41/459] PVYH
[10:22:21] [42/459] INKM
[10:22:22] [43/459] ARJU
[10:22:22] [44/459] JJPP
[10:22:23] [45/459] SSRM
[10:22:23] [46/459] HMHD
[10:22:24] [47/459] SNKH
[10:22:25] [48/459] ACHI
[10:22:26] [49/459] MRAA
[10:22:27] [50/459] INMH
[10:22:27] [51/459] ARMH
[10:22:28] [52/459] DVRR
[10:22:29] [53/459] SUDA
[10:22:29] [54/459] MCSS
[10:22:31] [55/459] VRKC
[10:22:31] [56/459] PRCX
[10:22:32] [57/459] ASJY
[10:22:33] [58/459] MTHY
[10:22:34] [59/459] SRCM
[10:22:35] [60/459] TVHY
[10:22:36] [61/459] STHD
[10:22:37] [62/459] CPCL
[10:22:37] [63/459] PSMJ
[10:22:38] [64/459] MRGT
[10:22:39] [65/459] ARYH
[10:22:40] [66/459] VTRB
[10:22:40] [67/459] SCHC
[10:22:41] [68/459] MRRG
[10:22:41] [69/459] SPCB
[10:22:42] [70/459] AMCM
[10:22:43] [71/459] IVNM
[10:22:43] [72/459] TRHY
[10:22:44] [73/459] PTTH
[10:22:45] [74/459] RKMH
[10:22:46] [75/459] PRCS
[10:22:47] [76/459] VAJA
[10:22:47] [77/459] BJNG
[10:22:48] [78/459] SCVM
[10:22:49] [79/459] GNHB
[10:22:49] [80/459] TLUR
[10:22:50] [81/459] UKCC
[10:22:51] [82/459] SRKR
[10:22:51] [83/459] RMKN
[10:22:52] [84/459] SLRT
[10:22:53] [85/459] LKMT
[10:22:53] [86/459] SSRJ
[10:22:54] [87/459] SPHT
[10:22:55] [88/459] ANTT
[10:22:55] [89/459] SRCH
[10:22:56] [90/459] SRCA
[10:22:57] [91/459] ARTH
[10:22:58] [92/459] MCBH
[10:22:59] [93/459] SNIB
[10:23:01] [94/459] SART
[10:23:02] [95/459] SKTA
[10:23:03] [96/459] YAKT
[10:23:03] [97/459] MLCK
[10:23:04] [98/459] ANTS
[10:23:04] [99/459] DGCA
[10:23:05] [100/459] SGMP
[10:23:06] [101/459] ASWN
[10:23:07] [102/459] KFVU
[10:23:08] [103/459] POOR
[10:23:09] [104/459] GKDN
[10:23:10] [105/459] EOSE
[10:23:10] [106/459] GTTT
[10:23:11] [107/459] ARRO
[10:23:13] [108/459] CMMK
[10:23:13] [109/459] MSCN
[10:23:14] [110/459] GDKH
[10:23:15] [111/459] DLMT
[10:23:16] [112/459] PVMF
[10:23:16] [113/459] CPCK
[10:23:17] [114/459] VMHE
[10:23:18] [115/459] PVLC
[10:23:18] [116/459] PCVB
[10:23:19] [117/459] SNYK
[10:23:20] [118/459] KTEK
[10:23:21] [119/459] PCNM
[10:23:22] [120/459] NTTR
[10:23:22] [121/459] CPSK
[10:23:23] [122/459] JMMA
[10:23:24] [123/459] GCFK
[10:23:24] [124/459] MYCA
[10:23:25] [125/459] KSNP
[10:23:26] [126/459] PMCE
[10:23:26] [127/459] SCKI
[10:23:27] [128/459] FSMA
[10:23:28] [129/459] CETA
[10:23:28] [130/459] MCIK
[10:23:29] [131/459] MYCR
[10:23:30] [132/459] EVMP
[10:23:31] [133/459] SSGT
[10:23:31] [134/459] KCTK
[10:23:32] [135/459] ZTKC
[10:23:33] [136/459] MMTA
[10:23:34] [137/459] MAJT
[10:23:34] [138/459] ACPK
[10:23:35] [139/459] JMAX
[10:23:37] [140/459] SETK
[10:23:38] [141/459] CAIS
[10:23:38] [142/459] AGCD
[10:23:39] [143/459] URCL
[10:23:40] [144/459] VTDS
[10:23:40] [145/459] JCNM
[10:23:42] [146/459] KCAM
[10:23:42] [147/459] ADCU
[10:23:43] [148/459] GXYN
[10:23:44] [149/459] SMJG
[10:23:44] [150/459] EYCJ
[10:23:45] [151/459] CCEJ
[10:23:46] [152/459] MARS
[10:23:46] [153/459] CPVJ
[10:23:47] [154/459] INVP
[10:23:48] [155/459] CPOV
[10:23:49] [156/459] VIJK
[10:23:50] [157/459] LAIM
[10:23:51] [158/459] STHV
[10:23:51] [159/459] SVLJ
[10:23:52] [160/459] ATVJ
[10:23:53] [161/459] JTSC
[10:23:54] [162/459] RMTV
[10:23:55] [163/459] MGGG
[10:23:56] [164/459] SWTH
[10:23:56] [165/459] INVJ
[10:23:57] [166/459] PRSV
[10:23:57] [167/459] JATV
[10:23:58] [168/459] RCVD
[10:23:58] [169/459] BDMA
[10:23:59] [170/459] BLJI
[10:24:00] [171/459] SWOT
[10:24:01] [172/459] SWRN
[10:24:02] [173/459] TVRA
[10:24:02] [174/459] VCSV
[10:24:03] [175/459] NVRN
[10:24:04] [176/459] SIKC
[10:24:04] [177/459] VAKR
[10:24:05] [178/459] SYLN
[10:24:06] [179/459] KLJL
[10:24:06] [180/459] LKMY
[10:24:07] [181/459] VSLY
[10:24:08] [182/459] CIKO
[10:24:08] [183/459] GPBG
[10:24:10] [184/459] CECM
[10:24:10] [185/459] SLKB
[10:24:11] [186/459] MTBO
[10:24:12] [187/459] SSHB
[10:24:12] [188/459] VPCS
[10:24:13] [189/459] RCSR
[10:24:13] [190/459] RJRM
[10:24:14] [191/459] KPPB
[10:24:15] [192/459] SEDC
[10:24:15] [193/459] SCAI
[10:24:16] [194/459] RMTR
[10:24:17] [195/459] ASST
[10:24:17] [196/459] GCAK
[10:24:18] [197/459] ANNK
[10:24:19] [198/459] KDDF
[10:24:20] [199/459] NRDP
[10:24:21] [200/459] PLAK
[10:24:22] [201/459] GCMC
[10:24:22] [202/459] ALPY
[10:24:23] [203/459] SICE
[10:24:24] [204/459] SISR
[10:24:25] [205/459] SRPZ
[10:24:26] [206/459] SRSW
[10:24:27] [207/459] SUYA
[10:24:27] [208/459] AMMT
[10:24:28] [209/459] BHCU
[10:24:29] [210/459] KLPA
[10:24:30] [211/459] NVKH
[10:24:30] [212/459] JMRC
[10:24:31] [213/459] KTTT
[10:24:32] [214/459] MAGH
[10:24:33] [215/459] MMMX
[10:24:33] [216/459] SALJ
[10:24:34] [217/459] GTJA
[10:24:35] [218/459] MAHT
[10:24:35] [219/459] SSNN
[10:24:36] [220/459] ARRP
[10:24:37] [221/459] ATNS
[10:24:38] [222/459] SKDT
[10:24:38] [223/459] ACAT
[10:24:39] [224/459] APRC
[10:24:40] [225/459] SWAG
[10:24:40] [226/459] SDPT
[10:24:42] [227/459] STPS
[10:24:42] [228/459] WWCZ
[10:24:43] [229/459] LLCH
[10:24:44] [230/459] MZHA
[10:24:45] [231/459] CRJG
[10:24:46] [232/459] JGTK
[10:24:46] [233/459] KCSR
[10:24:47] [234/459] CHTL
[10:24:48] [235/459] EDSR
[10:24:49] [236/459] CSWO
[10:24:49] [237/459] CPVM
[10:24:50] [238/459] MXBY
[10:24:51] [239/459] FMMA
[10:24:52] [240/459] POVI
[10:24:53] [241/459] MTHB
[10:24:53] [242/459] INRC
[10:24:54] [243/459] PIPP
[10:24:55] [244/459] BMXC
[10:24:55] [245/459] PCMM
[10:24:57] [246/459] PMKM
[10:24:57] [247/459] GATY
[10:24:58] [248/459] IMCM
[10:24:58] [249/459] POPE
[10:24:59] [250/459] MTCR
[10:24:59] [251/459] PVAE
[10:25:00] [252/459] PVMI
[10:25:01] [253/459] CPNM
[10:25:02] [254/459] FMRL
[10:25:02] [255/459] MCIW
[10:25:03] [256/459] MXBO
[10:25:03] [257/459] FMKY
[10:25:04] [258/459] FMDA
[10:25:05] [259/459] THAB
[10:25:05] [260/459] PRCW
[10:25:06] [261/459] PITI
[10:25:07] [262/459] MCFF
[10:25:08] [263/459] PDDV
[10:25:09] [264/459] MCRM
[10:25:09] [265/459] KKMB
[10:25:10] [266/459] INKO
[10:25:11] [267/459] PLXP
[10:25:12] [268/459] MMHA
[10:25:12] [269/459] FMVS
[10:25:13] [270/459] POLM
[10:25:14] [271/459] STER
[10:25:15] [272/459] PVWJ
[10:25:15] [273/459] IMJW
[10:25:16] [274/459] FNAN
[10:25:17] [275/459] CAGL
[10:25:18] [276/459] IPBG
[10:25:18] [277/459] SMFV
[10:25:19] [278/459] MMMR
[10:25:20] [279/459] MMWM
[10:25:20] [280/459] FNCM
[10:25:21] [281/459] MDVA
[10:25:22] [282/459] MMET
[10:25:23] [283/459] MIDO
[10:25:23] [284/459] INNP
[10:25:24] [285/459] MIFU
[10:25:25] [286/459] MMSZ
[10:25:26] [287/459] BMXA
[10:25:26] [288/459] MCAA
[10:25:27] [289/459] SCVP
[10:25:28] [290/459] PLUS
[10:25:29] [291/459] MUCK
[10:25:29] [292/459] MTMA
[10:25:30] [293/459] HPVR
[10:25:31] [294/459] PMPK
[10:25:31] [295/459] MAJB
[10:25:32] [296/459] CTRR
[10:25:32] [297/459] MCTG
[10:25:33] [298/459] MACE
[10:25:34] [299/459] AAAS
[10:25:34] [300/459] CPVV
[10:25:35] [301/459] RCHG
[10:25:35] [302/459] MCNE
[10:25:36] [303/459] EMNC
[10:25:37] [304/459] MCAN
[10:25:37] [305/459] TCDM
[10:25:38] [306/459] IRGT
[10:25:39] [307/459] GCMG
[10:25:40] [308/459] MXSN
[10:25:40] [309/459] MXCK
[10:25:41] [310/459] MCRC
[10:25:42] [311/459] RSMI
[10:25:42] [312/459] WAML
[10:25:43] [313/459] MTSC
[10:25:44] [314/459] FMDR
[10:25:44] [315/459] LEPV
[10:25:46] [316/459] MTGD
[10:25:46] [317/459] IMOB
[10:25:47] [318/459] CLMM
[10:25:47] [319/459] PZCD
[10:25:48] [320/459] GOCS
[10:25:49] [321/459] KCMA
[10:25:49] [322/459] CCMP
[10:25:50] [323/459] MTSU
[10:25:51] [324/459] SNGL
[10:25:52] [325/459] MMMC
[10:25:53] [326/459] MMAA
[10:25:53] [327/459] GCDM
[10:25:54] [328/459] KTMV
[10:25:54] [329/459] AETE
[10:25:55] [330/459] OMCS
[10:25:55] [331/459] GDCD
[10:25:56] [332/459] NYMD
[10:25:56] [333/459] RNCV
[10:25:57] [334/459] KKMT
[10:25:59] [335/459] GDTH
[10:25:59] [336/459] KMMV
[10:26:00] [337/459] NHCG
[10:26:00] [338/459] PJDW
[10:26:01] [339/459] MMCV
[10:26:02] [340/459] FQSA
[10:26:02] [341/459] KURL
[10:26:03] [342/459] NNNX
[10:26:03] [343/459] AMAU
[10:26:04] [344/459] VVVM
[10:26:05] [345/459] VECU
[10:26:06] [346/459] WCVR
[10:26:07] [347/459] MTGG
[10:26:07] [348/459] SGTG
[10:26:08] [349/459] MNTG
[10:26:09] [350/459] JDDG
[10:26:09] [351/459] MBTK
[10:26:10] [352/459] SGCD
[10:26:11] [353/459] MCTC
[10:26:11] [354/459] JTPC
[10:26:12] [355/459] SDKT
[10:26:12] [356/459] KRCC
[10:26:13] [357/459] RMMD
[10:26:14] [358/459] AAME
[10:26:15] [359/459] TMWC
[10:26:15] [360/459] NRWY
[10:26:16] [361/459] CITD
[10:26:17] [362/459] VERD
[10:26:18] [363/459] MKSK
[10:26:18] [364/459] STSM
[10:26:19] [365/459] MJDG
[10:26:19] [366/459] RKPM
[10:26:20] [367/459] SSCE
[10:26:21] [368/459] VMAE
[10:26:22] [369/459] SBRU
[10:26:23] [370/459] AMBC
[10:26:23] [371/459] AMLU
[10:26:24] [372/459] INVZ
[10:26:25] [373/459] LGTV
[10:26:26] [374/459] SVAD
[10:26:26] [375/459] SMSA
[10:26:28] [376/459] SPCZ
[10:26:29] [377/459] GTCX
[10:26:29] [378/459] SCSL
[10:26:30] [379/459] SAHU
[10:26:31] [380/459] NCDA
[10:26:32] [381/459] SCCG
[10:26:32] [382/459] VKTL
[10:26:33] [383/459] PUUJ
[10:26:34] [384/459] STEJ
[10:26:35] [385/459] RJAL
[10:26:36] [386/459] ACJC
[10:26:37] [387/459] VTHC
[10:26:37] [388/459] ARVB
[10:26:39] [389/459] AUBB
[10:26:39] [390/459] GDBR
[10:26:40] [391/459] PVND
[10:26:40] [392/459] BGRJ
[10:26:41] [393/459] RJMM
[10:26:42] [394/459] MCSA
[10:26:43] [395/459] BODA
[10:26:44] [396/459] JAGG
[10:26:45] [397/459] SCGA
[10:26:45] [398/459] LRCM
[10:26:46] [399/459] CPCN
[10:26:47] [400/459] SSTF
[10:26:48] [401/459] SRXP
[10:26:48] [402/459] CNFX
[10:26:50] [403/459] ANDI
[10:26:50] [404/459] SYEW
[10:26:51] [405/459] RCRE
[10:26:52] [406/459] SCRW
[10:26:53] [407/459] MBKR
[10:26:53] [408/459] ASNT
[10:26:54] [409/459] JTMT
[10:26:54] [410/459] SHAY
[10:26:55] [411/459] VRTH
[10:26:56] [412/459] SPTI
[10:26:56] [413/459] DPTD
[10:26:57] [414/459] TGSN
[10:26:58] [415/459] RCWV
[10:26:59] [416/459] OCUR
[10:27:00] [417/459] KSTC
[10:27:00] [418/459] SANI
[10:27:01] [419/459] MLCA
[10:27:02] [420/459] EGCA
[10:27:03] [421/459] SYSN
[10:27:03] [422/459] PKTA
[10:27:04] [423/459] PRCC
[10:27:05] [424/459] KSTR
[10:27:06] [425/459] SNTP
[10:27:07] [426/459] RCHA
[10:27:08] [427/459] SEEA
[10:27:08] [428/459] ALAT
[10:27:09] [429/459] AATV
[10:27:10] [430/459] RJTE
[10:27:11] [431/459] AAPP
[10:27:12] [432/459] PMMH
[10:27:13] [433/459] INRJ
[10:27:13] [434/459] SARB
[10:27:14] [435/459] PCJL
[10:27:14] [436/459] PFJJ
[10:27:15] [437/459] GRDC
[10:27:16] [438/459] BCBA
[10:27:17] [439/459] VIXL
[10:27:17] [440/459] CSTL
[10:27:18] [441/459] MTDK
[10:27:19] [442/459] TDAC
[10:27:19] [443/459] GTDN
[10:27:20] [444/459] TTDE
[10:27:21] [445/459] ASTS
[10:27:21] [446/459] CPNS
[10:27:22] [447/459] PVVW
[10:27:23] [448/459] USEB
[10:27:23] [449/459] DTYN
[10:27:24] [450/459] PVLE
[10:27:25] [451/459] CIPS
[10:27:26] [452/459] PAEG
[10:27:27] [453/459] PTCW
[10:27:27] [454/459] G3SR
[10:27:28] [455/459] PGND
[10:27:29] [456/459] INVM
[10:27:29] [457/459] SPIA
[10:27:30] [458/459] PCSN
[10:27:31] [459/459] PPGV
[10:27:31] 🧹 Deduping shows
[10:27:31] ✅ DONE | Shows=23 | Movies=6
