[10:21:48] 🚀 SCRIPT STARTED
[10:21:48] [1/296] CDCA
[10:21:48] 🧠 New identity created
[10:21:49] [2/296] MNSR
[10:21:50] [3/296] CSSL
[10:21:52] [4/296] BGGM
[10:21:53] [5/296] MANT
[10:21:55] [6/296] SOOY
[10:21:55] [7/296] VPPK
[10:21:56] [8/296] MYHJ
[10:21:57] [9/296] KSCK
[10:21:58] [10/296] KATK
[10:21:59] [11/296] RTRT
[10:22:00] [12/296] SSTT
[10:22:00] [13/296] SSTV
[10:22:01] [14/296] LACM
[10:22:02] [15/296] SGMG
[10:22:03] [16/296] KACX
[10:22:04] [17/296] GVCP
[10:22:04] [18/296] CSNC
[10:22:06] [19/296] SXCB
[10:22:07] [20/296] BAHS
[10:22:08] [21/296] PCBI
[10:22:09] [22/296] PSSM
[10:22:10] [23/296] RCOK
[10:22:11] [24/296] SCPF
[10:22:12] [25/296] SSAS
[10:22:13] [26/296] EVMM
[10:22:15] [27/296] SYCB
[10:22:16] [28/296] GCKI
[10:22:16] [29/296] IAET
[10:22:17] [30/296] DDTD
[10:22:18] [31/296] GMDH
[10:22:19] [32/296] STLE
[10:22:20] [33/296] JTRA
[10:22:21] [34/296] RPPA
[10:22:22] [35/296] ARUT
[10:22:23] [36/296] JTVM
[10:22:24] [37/296] SWRH
[10:22:24] [38/296] DCPC
[10:22:25] [39/296] RAPR
[10:22:26] [40/296] GCRT
[10:22:27] [41/296] ATUN
[10:22:29] [42/296] LTRM
[10:22:30] [43/296] TASR
[10:22:31] [44/296] RLLC
[10:22:33] [45/296] MABI
[10:22:34] [46/296] SVHB
[10:22:35] [47/296] NVTB
[10:22:36] [48/296] KCKG
[10:22:37] [49/296] SSRN
[10:22:38] [50/296] VDDC
[10:22:39] [51/296] GKTK
[10:22:40] [52/296] YFSN
[10:22:42] [53/296] GCSG
[10:22:43] [54/296] ESSM
[10:22:44] [55/296] KRIH
[10:22:45] [56/296] GCDS
[10:22:46] [57/296] CCSH
[10:22:47] [58/296] ACSK
[10:22:48] [59/296] APRK
[10:22:49] [60/296] ADKM
[10:22:50] [61/296] SRDM
[10:22:51] [62/296] RMOG
[10:22:52] [63/296] SJMY
[10:22:54] [64/296] PGGC
[10:22:55] [65/296] INGM
[10:22:55] [66/296] LSCB
[10:22:56] [67/296] STAD
[10:22:57] [68/296] MCCR
[10:22:59] [69/296] ABCC
[10:23:00] [70/296] RKCC
[10:23:01] [71/296] RTCR
[10:23:02] [72/296] GGBC
[10:23:03] [73/296] GCSD
[10:23:04] [74/296] LPTY
[10:23:05] [75/296] MCFD
[10:23:06] [76/296] HENN
[10:23:07] [77/296] SMKU
[10:23:08] [78/296] TNZC
[10:23:09] [79/296] DRCD
[10:23:11] [80/296] DLCD
[10:23:12] [81/296] RCDA
[10:23:12] [82/296] COSM
[10:23:13] [83/296] MCMJ
[10:23:14] [84/296] CSTR
[10:23:15] [85/296] CVDK
[10:23:16] [86/296] INRR
[10:23:17] [87/296] RJRT
[10:23:18] [88/296] IRMR
[10:23:18] [89/296] SRCF
[10:23:19] [90/296] GRCR
[10:23:21] [91/296] SURC
[10:23:21] [92/296] NMNH
[10:23:22] [93/296] SVBL
[10:23:23] [94/296] KACI
[10:23:24] [95/296] TDGO
[10:23:25] [96/296] KTBR
[10:23:26] [97/296] PMAD
[10:23:26] [98/296] CCPN
[10:23:28] [99/296] SBTK
[10:23:29] [100/296] LMDK
[10:23:30] [101/296] PGDA
[10:23:31] [102/296] SRML
[10:23:32] [103/296] EVCK
[10:23:32] [104/296] RTTK
[10:23:33] [105/296] SRTU
[10:23:34] [106/296] VRSA
[10:23:36] [107/296] VARS
[10:23:37] [108/296] DSCZ
[10:23:38] [109/296] GAGA
[10:23:39] [110/296] SARV
[10:23:40] [111/296] SEEG
[10:23:40] [112/296] GLCA
[10:23:41] [113/296] APAS
[10:23:42] [114/296] VCIA
[10:23:43] [115/296] SJTA
[10:23:45] [116/296] SABM
[10:23:45] [117/296] PPAG
[10:23:46] [118/296] RVCA
[10:23:47] [119/296] CCIA
[10:23:48] [120/296] HTAG
[10:23:48] [121/296] SMBI
[10:23:49] [122/296] MCJR
[10:23:50] [123/296] CCJR
[10:23:51] [124/296] SINF
[10:23:52] [125/296] CPLX
[10:23:53] [126/296] KKTJ
[10:23:54] [127/296] GDBW
[10:23:55] [128/296] CSUB
[10:23:56] [129/296] DABA
[10:23:57] [130/296] TITR
[10:23:58] [131/296] NYCR
[10:23:59] [132/296] RTRY
[10:23:59] [133/296] JTJL
[10:24:00] [134/296] SJCP
[10:24:01] [135/296] KCCA
[10:24:02] [136/296] MLPG
[10:24:03] [137/296] VRCK
[10:24:03] [138/296] SRIN
[10:24:04] [139/296] CXMK
[10:24:05] [140/296] SKAD
[10:24:06] [141/296] AVTR
[10:24:06] [142/296] PTAJ
[10:24:07] [143/296] SCNK
[10:24:08] [144/296] STTI
[10:24:09] [145/296] KACR
[10:24:10] [146/296] SSDX
[10:24:11] [147/296] VRTJ
[10:24:11] [148/296] RAJD
[10:24:13] [149/296] SCIP
[10:24:14] [150/296] RJSL
[10:24:14] [151/296] ARRS
[10:24:15] [152/296] ASMS
[10:24:16] [153/296] RDTS
[10:24:17] [154/296] DVMY
[10:24:18] [155/296] RASA
[10:24:18] [156/296] INOM
[10:24:19] [157/296] SPRS
[10:24:20] [158/296] SGCS
[10:24:21] [159/296] SALM
[10:24:22] [160/296] PKHC
[10:24:23] [161/296] RCSV
[10:24:24] [162/296] CPKC
[10:24:25] [163/296] AACD
[10:24:25] [164/296] GGCV
[10:24:26] [165/296] SMKD
[10:24:27] [166/296] NBCH
[10:24:27] [167/296] AMCB
[10:24:28] [168/296] OPCN
[10:24:29] [169/296] DCIN
[10:24:30] [170/296] INGW
[10:24:31] [171/296] PKKW
[10:24:32] [172/296] FNGW
[10:24:32] [173/296] GCGD
[10:24:33] [174/296] MSTW
[10:24:34] [175/296] KCCG
[10:24:35] [176/296] MRSS
[10:24:36] [177/296] CLCF
[10:24:37] [178/296] EETS
[10:24:38] [179/296] AATR
[10:24:38] [180/296] CMMN
[10:24:39] [181/296] SCCJ
[10:24:40] [182/296] CDTK
[10:24:41] [183/296] AICP
[10:24:42] [184/296] FNBP
[10:24:43] [185/296] CBPB
[10:24:44] [186/296] CPAS
[10:24:45] [187/296] MAPM
[10:24:46] [188/296] PASD
[10:24:47] [189/296] JCMN
[10:24:48] [190/296] MALB
[10:24:49] [191/296] SACG
[10:24:49] [192/296] DDRX
[10:24:50] [193/296] DDXB
[10:24:51] [194/296] RAMC
[10:24:52] [195/296] SANC
[10:24:52] [196/296] BCBP
[10:24:53] [197/296] ALPC
[10:24:54] [198/296] RBAC
[10:24:55] [199/296] RAJL
[10:24:56] [200/296] MPDX
[10:24:56] [201/296] MUSC
[10:24:57] [202/296] VKMK
[10:24:58] [203/296] SKCG
[10:24:59] [204/296] ANCN
[10:25:00] [205/296] MMCJ
[10:25:01] [206/296] DCAK
[10:25:02] [207/296] SCKG
[10:25:03] [208/296] LMCK
[10:25:04] [209/296] CKKX
[10:25:04] [210/296] ANKU
[10:25:05] [211/296] CSMD
[10:25:07] [212/296] MKMP
[10:25:08] [213/296] SVBG
[10:25:08] [214/296] ROOP
[10:25:09] [215/296] GDMT
[10:25:10] [216/296] FPPF
[10:25:11] [217/296] SFUU
[10:25:12] [218/296] ANCB
[10:25:13] [219/296] SMMC
[10:25:14] [220/296] UGKT
[10:25:15] [221/296] JVRM
[10:25:16] [222/296] BATG
[10:25:17] [223/296] RATE
[10:25:18] [224/296] SKME
[10:25:19] [225/296] LMTP
[10:25:20] [226/296] TCBD
[10:25:21] [227/296] ESBD
[10:25:22] [228/296] GDCU
[10:25:23] [229/296] SNKT
[10:25:23] [230/296] SRNK
[10:25:24] [231/296] SMED
[10:25:25] [232/296] CSQS
[10:25:26] [233/296] ALCS
[10:25:27] [234/296] KCKN
[10:25:28] [235/296] VCCL
[10:25:29] [236/296] MCDA
[10:25:29] [237/296] SHMI
[10:25:30] [238/296] SKHA
[10:25:31] [239/296] SVFK
[10:25:32] [240/296] INVB
[10:25:33] [241/296] MELD
[10:25:34] [242/296] JTYS
[10:25:35] [243/296] INCM
[10:25:36] [244/296] MCDV
[10:25:37] [245/296] KSGK
[10:25:38] [246/296] ICMG
[10:25:39] [247/296] CSCV
[10:25:39] [248/296] STMD
[10:25:40] [249/296] STTR
[10:25:41] [250/296] INVC
[10:25:42] [251/296] JTBL
[10:25:43] [252/296] SRVV
[10:25:44] [253/296] MAVC
[10:25:45] [254/296] SRPP
[10:25:46] [255/296] JGDM
[10:25:47] [256/296] MBSJ
[10:25:48] [257/296] SSLL
[10:25:49] [258/296] SLKP
[10:25:50] [259/296] NSRV
[10:25:51] [260/296] UTDV
[10:25:52] [261/296] KICM
[10:25:53] [262/296] KCMD
[10:25:54] [263/296] TTPP
[10:25:55] [264/296] KMPV
[10:25:56] [265/296] SKTV
[10:25:57] [266/296] STCV
[10:25:58] [267/296] SRDA
[10:25:59] [268/296] JTSX
[10:26:00] [269/296] STBV
[10:26:01] [270/296] APVZ
[10:26:02] [271/296] GSTV
[10:26:03] [272/296] NMVS
[10:26:04] [273/296] SKRT
[10:26:05] [274/296] RMDV
[10:26:06] [275/296] RATG
[10:26:07] [276/296] SJYV
[10:26:08] [277/296] NDGP
[10:26:09] [278/296] SNDG
[10:26:10] [279/296] INSR
[10:26:11] [280/296] INSO
[10:26:12] [281/296] CCSI
[10:26:13] [282/296] RASM
[10:26:13] [283/296] NEWC
[10:26:15] [284/296] VSHL
[10:26:16] [285/296] BISW
[10:26:17] [286/296] GCNG
[10:26:18] [287/296] CWSC
[10:26:18] [288/296] SKAN
[10:26:20] [289/296] SEHP
[10:26:21] [290/296] CCOA
[10:26:22] [291/296] MCAJ
[10:26:22] [292/296] ACDE
[10:26:24] [293/296] AACM
[10:26:25] [294/296] JJCK
[10:26:25] [295/296] RCMO
[10:26:26] [296/296] GDAW
[10:26:27] 🧹 Deduping shows
[10:26:27] ✅ DONE | Shows=28 | Movies=4
