[10:21:48] 🚀 SCRIPT STARTED
[10:21:48] [1/324] GCTA
[10:21:48] 🧠 New identity created
[10:21:49] [2/324] TOPN
[10:21:50] [3/324] MCUS
[10:21:51] [4/324] SHRL
[10:21:52] [5/324] UPTP
[10:21:53] [6/324] TMMP
[10:21:54] [7/324] DNRP
[10:21:54] [8/324] SRLT
[10:21:55] [9/324] RCNS
[10:21:56] [10/324] DCBH
[10:21:57] [11/324] NAGJ
[10:21:58] [12/324] JVRC
[10:21:58] [13/324] KRJG
[10:21:59] [14/324] SRTJ
[10:22:00] [15/324] CMXM
[10:22:01] [16/324] STMI
[10:22:01] [17/324] SLST
[10:22:02] [18/324] DTCN
[10:22:03] [19/324] STYN
[10:22:03] [20/324] SZVR
[10:22:04] [21/324] SRKO
[10:22:04] [22/324] JTGT
[10:22:05] [23/324] SVFD
[10:22:07] [24/324] SISD
[10:22:07] [25/324] ABDD
[10:22:08] [26/324] DRCA
[10:22:09] [27/324] AVCS
[10:22:10] [28/324] MVKH
[10:22:11] [29/324] ACPR
[10:22:11] [30/324] STIP
[10:22:12] [31/324] MTRA
[10:22:12] [32/324] RMKH
[10:22:13] [33/324] NKRL
[10:22:14] [34/324] PCWN
[10:22:15] [35/324] BLMT
[10:22:16] [36/324] GDPG
[10:22:17] [37/324] SRMX
[10:22:18] [38/324] JACP
[10:22:19] [39/324] CPSH
[10:22:20] [40/324] MCCD
[10:22:21] [41/324] ECGH
[10:22:22] [42/324] MKCK
[10:22:23] [43/324] SRMM
[10:22:24] [44/324] SKYR
[10:22:24] [45/324] PCKC
[10:22:25] [46/324] JCMA
[10:22:25] [47/324] BSMP
[10:22:27] [48/324] VSPA
[10:22:28] [49/324] DJYA
[10:22:29] [50/324] DIMP
[10:22:29] [51/324] FXDR
[10:22:30] [52/324] SSRC
[10:22:30] [53/324] STHP
[10:22:31] [54/324] CPPD
[10:22:32] [55/324] FCLK
[10:22:33] [56/324] SCPP
[10:22:33] [57/324] DCMJ
[10:22:34] [58/324] RCCR
[10:22:35] [59/324] INMT
[10:22:36] [60/324] LXTK
[10:22:36] [61/324] SRYK
[10:22:37] [62/324] SGDK
[10:22:37] [63/324] PPKA
[10:22:38] [64/324] SPKA
[10:22:39] [65/324] CGHH
[10:22:40] [66/324] DCJN
[10:22:40] [67/324] SRKV
[10:22:41] [68/324] SAJC
[10:22:42] [69/324] SUSR
[10:22:42] [70/324] STYG
[10:22:43] [71/324] NTKP
[10:22:44] [72/324] AKTG
[10:22:45] [73/324] CGCM
[10:22:45] [74/324] TULC
[10:22:46] [75/324] NYYZ
[10:22:47] [76/324] NYBW
[10:22:48] [77/324] MACB
[10:22:48] [78/324] SLVT
[10:22:49] [79/324] SANA
[10:22:49] [80/324] ACMR
[10:22:50] [81/324] CPKN
[10:22:51] [82/324] DLGK
[10:22:52] [83/324] CWCK
[10:22:52] [84/324] FDDH
[10:22:53] [85/324] MMMD
[10:22:54] [86/324] CMEH
[10:22:55] [87/324] GGGV
[10:22:56] [88/324] SPJL
[10:22:57] [89/324] RCCD
[10:22:58] [90/324] STTZ
[10:22:58] [91/324] BTCF
[10:22:59] [92/324] TSTZ
[10:23:00] [93/324] IPMM
[10:23:00] [94/324] PMPW
[10:23:01] [95/324] PCMZ
[10:23:02] [96/324] ESEM
[10:23:03] [97/324] PIPO
[10:23:03] [98/324] MATK
[10:23:04] [99/324] PGHM
[10:23:06] [100/324] CTSR
[10:23:06] [101/324] CYKR
[10:23:07] [102/324] MSCM
[10:23:08] [103/324] RFNP
[10:23:09] [104/324] PDCP
[10:23:10] [105/324] NPSE
[10:23:11] [106/324] MKML
[10:23:11] [107/324] FTDP
[10:23:12] [108/324] MMXA
[10:23:13] [109/324] CEPO
[10:23:14] [110/324] CMVP
[10:23:15] [111/324] SGTH
[10:23:16] [112/324] SAYN
[10:23:16] [113/324] URVS
[10:23:17] [114/324] VJTN
[10:23:19] [115/324] BBYK
[10:23:20] [116/324] SHBO
[10:23:21] [117/324] VCMR
[10:23:21] [118/324] MACT
[10:23:22] [119/324] JMNP
[10:23:23] [120/324] VICS
[10:23:24] [121/324] VCDA
[10:23:25] [122/324] GCMM
[10:23:26] [123/324] INVS
[10:23:27] [124/324] SCGM
[10:23:28] [125/324] PCDA
[10:23:29] [126/324] KDCT
[10:23:29] [127/324] JACS
[10:23:30] [128/324] GMMC
[10:23:31] [129/324] AICM
[10:23:32] [130/324] TJCM
[10:23:33] [131/324] RMTI
[10:23:34] [132/324] SHAC
[10:23:34] [133/324] APJC
[10:23:35] [134/324] GCTG
[10:23:36] [135/324] SSMC
[10:23:37] [136/324] THRM
[10:23:37] [137/324] RBCT
[10:23:38] [138/324] DIKT
[10:23:39] [139/324] MIDL
[10:23:40] [140/324] VCSN
[10:23:41] [141/324] SKTG
[10:23:42] [142/324] SMWC
[10:23:43] [143/324] MNKH
[10:23:44] [144/324] PIAT
[10:23:45] [145/324] LTTP
[10:23:45] [146/324] PTPU
[10:23:46] [147/324] ACMG
[10:23:47] [148/324] SHMM
[10:23:48] [149/324] MCMN
[10:23:49] [150/324] GLDC
[10:23:50] [151/324] HOUT
[10:23:50] [152/324] SVRP
[10:23:51] [153/324] PVDN
[10:23:52] [154/324] SCPY
[10:23:53] [155/324] DTPY
[10:23:54] [156/324] GKCS
[10:23:55] [157/324] NCAM
[10:23:55] [158/324] BSRM
[10:23:56] [159/324] RCLC
[10:23:57] [160/324] SKKD
[10:23:58] [161/324] ACHU
[10:23:59] [162/324] RSCF
[10:24:00] [163/324] IMSH
[10:24:00] [164/324] MACX
[10:24:01] [165/324] HMMW
[10:24:02] [166/324] JTCP
[10:24:03] [167/324] SREN
[10:24:04] [168/324] PJRR
[10:24:05] [169/324] INAC
[10:24:06] [170/324] BMCA
[10:24:06] [171/324] SHCB
[10:24:07] [172/324] GABA
[10:24:08] [173/324] SBCT
[10:24:09] [174/324] GCMA
[10:24:10] [175/324] MYTK
[10:24:11] [176/324] INZS
[10:24:12] [177/324] RMIK
[10:24:13] [178/324] NYCH
[10:24:14] [179/324] RAVE
[10:24:14] [180/324] PSXM
[10:24:16] [181/324] MCGP
[10:24:17] [182/324] PDDK
[10:24:18] [183/324] SPCK
[10:24:18] [184/324] MCRL
[10:24:19] [185/324] MHKT
[10:24:20] [186/324] ANRR
[10:24:21] [187/324] SAPK
[10:24:22] [188/324] NCUK
[10:24:23] [189/324] JUGA
[10:24:24] [190/324] DBSC
[10:24:25] [191/324] LALK
[10:24:26] [192/324] GUCK
[10:24:27] [193/324] STSG
[10:24:28] [194/324] PPPZ
[10:24:29] [195/324] CNCY
[10:24:29] [196/324] MTAR
[10:24:30] [197/324] VNKD
[10:24:31] [198/324] KMAJ
[10:24:32] [199/324] ACXK
[10:24:33] [200/324] UTKC
[10:24:33] [201/324] PBLK
[10:24:34] [202/324] ACBX
[10:24:35] [203/324] PTGM
[10:24:36] [204/324] BTDA
[10:24:37] [205/324] PJMB
[10:24:38] [206/324] TPDA
[10:24:40] [207/324] AMOE
[10:24:41] [208/324] PRHT
[10:24:41] [209/324] PRTA
[10:24:42] [210/324] STAM
[10:24:43] [211/324] MSAA
[10:24:44] [212/324] SDLU
[10:24:45] [213/324] RCHH
[10:24:46] [214/324] KANT
[10:24:47] [215/324] FCRT
[10:24:48] [216/324] DNKM
[10:24:49] [217/324] RYCP
[10:24:50] [218/324] MYRP
[10:24:51] [219/324] PPAK
[10:24:52] [220/324] NVPK
[10:24:53] [221/324] PRMC
[10:24:53] [222/324] JBCS
[10:24:54] [223/324] GXCK
[10:24:55] [224/324] USKO
[10:24:56] [225/324] GTEM
[10:24:56] [226/324] SMBU
[10:24:58] [227/324] VETC
[10:24:59] [228/324] LCDA
[10:24:59] [229/324] MTVT
[10:25:01] [230/324] PYCP
[10:25:02] [231/324] PNSC
[10:25:03] [232/324] PPCC
[10:25:04] [233/324] TGRT
[10:25:05] [234/324] JYOT
[10:25:06] [235/324] SRCZ
[10:25:07] [236/324] SJTE
[10:25:08] [237/324] DESC
[10:25:09] [238/324] JHVN
[10:25:09] [239/324] IPSG
[10:25:10] [240/324] IPCM
[10:25:11] [241/324] PDRS
[10:25:11] [242/324] ANCV
[10:25:12] [243/324] CMVV
[10:25:13] [244/324] SHYP
[10:25:14] [245/324] DNCS
[10:25:15] [246/324] GAJK
[10:25:15] [247/324] AKTN
[10:25:16] [248/324] KAYA
[10:25:17] [249/324] SBRC
[10:25:18] [250/324] CHTP
[10:25:19] [251/324] SHRT
[10:25:20] [252/324] BCKU
[10:25:21] [253/324] FCPS
[10:25:22] [254/324] ARDD
[10:25:23] [255/324] CPCM
[10:25:24] [256/324] CGSM
[10:25:25] [257/324] PSMP
[10:25:26] [258/324] SDAL
[10:25:27] [259/324] RTNB
[10:25:28] [260/324] LMCR
[10:25:29] [261/324] CIMA
[10:25:30] [262/324] RNAS
[10:25:31] [263/324] LITH
[10:25:31] [264/324] PBOX
[10:25:32] [265/324] FRTS
[10:25:33] [266/324] RKIC
[10:25:34] [267/324] PTAI
[10:25:35] [268/324] GCIC
[10:25:35] [269/324] FNAS
[10:25:36] [270/324] SCAR
[10:25:37] [271/324] MTCA
[10:25:38] [272/324] SCTS
[10:25:39] [273/324] SYCS
[10:25:39] [274/324] RDMS
[10:25:40] [275/324] KAMP
[10:25:41] [276/324] ERSD
[10:25:42] [277/324] MJMJ
[10:25:44] [278/324] SRCJ
[10:25:44] [279/324] SCXE
[10:25:45] [280/324] SVFR
[10:25:46] [281/324] BHCS
[10:25:47] [282/324] IMCC
[10:25:48] [283/324] PCBO
[10:25:48] [284/324] PRVN
[10:25:49] [285/324] AUPM
[10:25:50] [286/324] INBW
[10:25:51] [287/324] SVCW
[10:25:51] [288/324] RKCF
[10:25:52] [289/324] UVBH
[10:25:53] [290/324] DNCY
[10:25:54] [291/324] ABCN
[10:25:55] [292/324] PRUR
[10:25:56] [293/324] PFMR
[10:25:56] [294/324] RKCN
[10:25:57] [295/324] CFEA
[10:25:59] [296/324] SDBG
[10:26:00] [297/324] SNAR
[10:26:01] [298/324] YISI
[10:26:01] [299/324] JCFF
[10:26:02] [300/324] VTRK
[10:26:03] [301/324] PCLZ
[10:26:04] [302/324] DIMY
[10:26:05] [303/324] BBTS
[10:26:05] [304/324] GATH
[10:26:06] [305/324] GTMN
[10:26:07] [306/324] VTMH
[10:26:08] [307/324] CCKP
[10:26:09] [308/324] GPKA
[10:26:09] [309/324] MHCL
[10:26:11] [310/324] ATCL
[10:26:11] [311/324] SBCK
[10:26:12] [312/324] AMMR
[10:26:14] [313/324] MADC
[10:26:14] [314/324] TMMA
[10:26:15] [315/324] CACC
[10:26:16] [316/324] CHAL
[10:26:17] [317/324] DURG
[10:26:18] [318/324] GMKU
[10:26:18] [319/324] GECA
[10:26:19] [320/324] KYRR
[10:26:20] [321/324] KSDE
[10:26:21] [322/324] LMCI
[10:26:22] [323/324] NKCP
[10:26:23] [324/324] BGTC
[10:26:23] 🧹 Deduping shows
[10:26:23] ✅ DONE | Shows=142 | Movies=5
