[10:12:56] 🚀 SCRIPT STARTED
[10:12:56] [1/445] TGMR
[10:12:56] 🧠 New identity created
[10:12:57] [2/445] CXKR
[10:12:58] [3/445] SROP
[10:12:59] [4/445] GTSV
[10:13:00] [5/445] SNTY
[10:13:01] [6/445] SMYY
[10:13:02] [7/445] CNCS
[10:13:03] [8/445] CSTM
[10:13:03] [9/445] NUCD
[10:13:04] [10/445] SHCZ
[10:13:05] [11/445] NJCT
[10:13:06] [12/445] COPC
[10:13:07] [13/445] STVV
[10:13:08] [14/445] SKRN
[10:13:09] [15/445] APPZ
[10:13:10] [16/445] YMGN
[10:13:11] [17/445] SVTU
[10:13:12] [18/445] GTAD
[10:13:13] [19/445] PSUS
[10:13:14] [20/445] SMCD
[10:13:15] [21/445] CMCM
[10:13:16] [22/445] SYCT
[10:13:16] [23/445] STLY
[10:13:17] [24/445] CMHU
[10:13:18] [25/445] CMSA
[10:13:19] [26/445] CLCU
[10:13:20] [27/445] PPNT
[10:13:21] [28/445] JTAB
[10:13:22] [29/445] BUUC
[10:13:23] [30/445] BSVK
[10:13:25] [31/445] VVVQ
[10:13:25] [32/445] TKMU
[10:13:26] [33/445] ESYL
[10:13:27] [34/445] ACHP
[10:13:28] [35/445] BTKD
[10:13:29] [36/445] DESA
[10:13:30] [37/445] GBCT
[10:13:32] [38/445] BLLD
[10:13:32] [39/445] SKNT
[10:13:33] [40/445] SSTE
[10:13:34] [41/445] VJMR
[10:13:35] [42/445] NTPU
[10:13:36] [43/445] RDKN
[10:13:37] [44/445] ADGC
[10:13:38] [45/445] VRBP
[10:13:39] [46/445] NMNA
[10:13:39] [47/445] CMMX
[10:13:40] [48/445] PTKO
[10:13:42] [49/445] RBML
[10:13:43] [50/445] SAIC
[10:13:43] [51/445] SVTJ
[10:13:45] [52/445] MRTE
[10:13:46] [53/445] RBTP
[10:13:46] [54/445] NLPS
[10:13:47] [55/445] GTNA
[10:13:48] [56/445] DGGC
[10:13:49] [57/445] SMCR
[10:13:50] [58/445] SCGD
[10:13:50] [59/445] SRRJ
[10:13:51] [60/445] CNRY
[10:13:52] [61/445] KTDI
[10:13:53] [62/445] SNJL
[10:13:54] [63/445] RKMD
[10:13:55] [64/445] SMDC
[10:13:56] [65/445] TADG
[10:13:57] [66/445] MCGS
[10:13:57] [67/445] PETK
[10:13:58] [68/445] CHAG
[10:13:59] [69/445] KSTL
[10:14:00] [70/445] AADS
[10:14:01] [71/445] NTHZ
[10:14:02] [72/445] HCKI
[10:14:03] [73/445] SSEF
[10:14:04] [74/445] MCGX
[10:14:06] [75/445] ERRA
[10:14:07] [76/445] SDTW
[10:14:07] [77/445] RMPK
[10:14:09] [78/445] PTHK
[10:14:09] [79/445] PXCS
[10:14:10] [80/445] SVLU
[10:14:11] [81/445] STAH
[10:14:13] [82/445] JRGF
[10:14:13] [83/445] CDOK
[10:14:14] [84/445] CMSG
[10:14:15] [85/445] APTD
[10:14:16] [86/445] KMPG
[10:14:17] [87/445] MUTJ
[10:14:17] [88/445] VCCI
[10:14:18] [89/445] URBE
[10:14:19] [90/445] TCTS
[10:14:20] [91/445] STSN
[10:14:21] [92/445] AKCH
[10:14:23] [93/445] APSC
[10:14:24] [94/445] VLTB
[10:14:24] [95/445] SANU
[10:14:25] [96/445] AXAM
[10:14:26] [97/445] MGMG
[10:14:27] [98/445] HTBY
[10:14:28] [99/445] MMZS
[10:14:28] [100/445] SUDR
[10:14:29] [101/445] CCAD
[10:14:30] [102/445] SKKC
[10:14:31] [103/445] RMCD
[10:14:31] [104/445] SBCQ
[10:14:32] [105/445] DCCT
[10:14:33] [106/445] VTKP
[10:14:34] [107/445] MLAM
[10:14:35] [108/445] SAVT
[10:14:36] [109/445] GEPL
[10:14:37] [110/445] AMCD
[10:14:38] [111/445] CCXR
[10:14:39] [112/445] GRNG
[10:14:40] [113/445] EBCA
[10:14:41] [114/445] CNVG
[10:14:41] [115/445] MWSS
[10:14:42] [116/445] VBOR
[10:14:43] [117/445] NEEB
[10:14:43] [118/445] SUTH
[10:14:45] [119/445] ANDB
[10:14:45] [120/445] MMXS
[10:14:46] [121/445] CNPD
[10:14:47] [122/445] SDCE
[10:14:48] [123/445] DHCB
[10:14:49] [124/445] ODEN
[10:14:50] [125/445] TNTC
[10:14:50] [126/445] VBKM
[10:14:51] [127/445] RZYM
[10:14:52] [128/445] JEMC
[10:14:53] [129/445] CMAU
[10:14:54] [130/445] SIVP
[10:14:55] [131/445] ATAG
[10:14:57] [132/445] CHTM
[10:14:57] [133/445] AAEE
[10:14:58] [134/445] IWPM
[10:14:59] [135/445] KCMW
[10:15:00] [136/445] MCTD
[10:15:01] [137/445] SPWR
[10:15:02] [138/445] SDPO
[10:15:02] [139/445] PCSK
[10:15:03] [140/445] ACHV
[10:15:05] [141/445] SVLA
[10:15:06] [142/445] PICT
[10:15:07] [143/445] BXDR
[10:15:08] [144/445] SPWA
[10:15:09] [145/445] MCKO
[10:15:09] [146/445] RTHK
[10:15:10] [147/445] CCMF
[10:15:11] [148/445] MRGB
[10:15:12] [149/445] CPLC
[10:15:13] [150/445] RACD
[10:15:13] [151/445] ATKT
[10:15:14] [152/445] SARN
[10:15:15] [153/445] KKUI
[10:15:16] [154/445] RGCM
[10:15:17] [155/445] BRVP
[10:15:18] [156/445] HRSR
[10:15:19] [157/445] GKGM
[10:15:19] [158/445] TTCD
[10:15:20] [159/445] PTTI
[10:15:21] [160/445] MPTT
[10:15:22] [161/445] CVTT
[10:15:23] [162/445] PCXD
[10:15:24] [163/445] GCDC
[10:15:25] [164/445] CCCF
[10:15:26] [165/445] MRAD
[10:15:27] [166/445] CPLK
[10:15:28] [167/445] SATB
[10:15:29] [168/445] SNVG
[10:15:30] [169/445] JMBA
[10:15:31] [170/445] TEJA
[10:15:32] [171/445] STYO
[10:15:33] [172/445] JTBP
[10:15:34] [173/445] KRGD
[10:15:35] [174/445] SLJJ
[10:15:36] [175/445] SPTJ
[10:15:37] [176/445] SWJG
[10:15:38] [177/445] LKRT
[10:15:39] [178/445] KCKA
[10:15:40] [179/445] SNCR
[10:15:40] [180/445] SMKL
[10:15:41] [181/445] GCFA
[10:15:42] [182/445] DDCK
[10:15:43] [183/445] NCHJ
[10:15:44] [184/445] RDMA
[10:15:45] [185/445] SVSV
[10:15:46] [186/445] SCJG
[10:15:46] [187/445] VKLP
[10:15:47] [188/445] NWCC
[10:15:48] [189/445] VKNS
[10:15:49] [190/445] SDDP
[10:15:50] [191/445] ACSI
[10:15:51] [192/445] SATG
[10:15:52] [193/445] SCMW
[10:15:52] [194/445] LKTK
[10:15:53] [195/445] VCKV
[10:15:54] [196/445] KKPE
[10:15:55] [197/445] KIGH
[10:15:56] [198/445] SRPM
[10:15:57] [199/445] SCAH
[10:15:58] [200/445] MUTA
[10:15:59] [201/445] SEPU
[10:16:00] [202/445] INOA
[10:16:01] [203/445] BASK
[10:16:01] [204/445] NECB
[10:16:02] [205/445] GTTG
[10:16:03] [206/445] ASSA
[10:16:05] [207/445] ANCL
[10:16:06] [208/445] GCTI
[10:16:07] [209/445] RCTS
[10:16:07] [210/445] ACNL
[10:16:08] [211/445] MYCT
[10:16:09] [212/445] NMHT
[10:16:10] [213/445] MDIT
[10:16:11] [214/445] LATG
[10:16:12] [215/445] SMTY
[10:16:13] [216/445] CVCT
[10:16:13] [217/445] RAMB
[10:16:14] [218/445] TGMS
[10:16:15] [219/445] BHEL
[10:16:16] [220/445] SHCT
[10:16:17] [221/445] SVCT
[10:16:18] [222/445] MRIY
[10:16:18] [223/445] SARO
[10:16:19] [224/445] STCT
[10:16:20] [225/445] JKKC
[10:16:21] [226/445] PLTT
[10:16:22] [227/445] SRNT
[10:16:22] [228/445] YAST
[10:16:23] [229/445] PERL
[10:16:24] [230/445] CICM
[10:16:25] [231/445] MMTR
[10:16:26] [232/445] ABTK
[10:16:27] [233/445] ATYY
[10:16:28] [234/445] ASTK
[10:16:28] [235/445] VVCK
[10:16:30] [236/445] ATKY
[10:16:30] [237/445] GWEK
[10:16:31] [238/445] SVFH
[10:16:32] [239/445] SLTA
[10:16:33] [240/445] AASH
[10:16:34] [241/445] ACXB
[10:16:35] [242/445] SMTX
[10:16:35] [243/445] AZDH
[10:16:36] [244/445] CMMH
[10:16:38] [245/445] SCSZ
[10:16:39] [246/445] SCKP
[10:16:39] [247/445] NXTM
[10:16:40] [248/445] NWCS
[10:16:41] [249/445] CXMH
[10:16:42] [250/445] PCMA
[10:16:43] [251/445] SGCM
[10:16:44] [252/445] SDTU
[10:16:45] [253/445] MMVI
[10:16:46] [254/445] JKCM
[10:16:47] [255/445] VCMM
[10:16:48] [256/445] SYEE
[10:16:48] [257/445] VASD
[10:16:49] [258/445] BDRB
[10:16:50] [259/445] LASM
[10:16:50] [260/445] DCRL
[10:16:51] [261/445] DVPM
[10:16:52] [262/445] SBMJ
[10:16:53] [263/445] CBMU
[10:16:54] [264/445] IUBS
[10:16:55] [265/445] INAP
[10:16:56] [266/445] SRRC
[10:16:57] [267/445] SAGR
[10:16:58] [268/445] CPMJ
[10:16:59] [269/445] ATJL
[10:17:01] [270/445] NNTD
[10:17:02] [271/445] JHCJ
[10:17:03] [272/445] CMMP
[10:17:03] [273/445] RSDR
[10:17:04] [274/445] AMTI
[10:17:05] [275/445] NYSG
[10:17:06] [276/445] AVSG
[10:17:07] [277/445] SYTP
[10:17:07] [278/445] LARC
[10:17:08] [279/445] RJTP
[10:17:09] [280/445] LAKC
[10:17:10] [281/445] MCXE
[10:17:11] [282/445] CCZC
[10:17:12] [283/445] AVCH
[10:17:13] [284/445] CMBE
[10:17:14] [285/445] MRRC
[10:17:14] [286/445] PCPY
[10:17:15] [287/445] SRMH
[10:17:16] [288/445] SVGS
[10:17:17] [289/445] PCSE
[10:17:17] [290/445] SVFT
[10:17:18] [291/445] TNZP
[10:17:19] [292/445] ICTP
[10:17:20] [293/445] ACTZ
[10:17:21] [294/445] GTUR
[10:17:22] [295/445] MAFC
[10:17:23] [296/445] MINL
[10:17:24] [297/445] MRCL
[10:17:24] [298/445] RCRP
[10:17:25] [299/445] RFFG
[10:17:26] [300/445] RMAS
[10:17:27] [301/445] INVR
[10:17:28] [302/445] RMAR
[10:17:29] [303/445] CNIS
[10:17:29] [304/445] RHRJ
[10:17:30] [305/445] INXR
[10:17:31] [306/445] VALT
[10:17:32] [307/445] LCSH
[10:17:33] [308/445] CMVS
[10:17:33] [309/445] CNMS
[10:17:34] [310/445] ROOG
[10:17:35] [311/445] ISRM
[10:17:36] [312/445] RCRM
[10:17:37] [313/445] ACJA
[10:17:38] [314/445] RCVS
[10:17:39] [315/445] CPUS
[10:17:39] [316/445] TGCS
[10:17:41] [317/445] RKCJ
[10:17:41] [318/445] MKSB
[10:17:43] [319/445] TCSJ
[10:17:43] [320/445] RMGP
[10:17:44] [321/445] CLLP
[10:17:45] [322/445] RCMV
[10:17:46] [323/445] CCKS
[10:17:47] [324/445] RSRP
[10:17:48] [325/445] APLP
[10:17:49] [326/445] CNVS
[10:17:50] [327/445] RMVY
[10:17:51] [328/445] PGBD
[10:17:52] [329/445] KLMS
[10:17:53] [330/445] RUST
[10:17:53] [331/445] MASM
[10:17:54] [332/445] BACS
[10:17:55] [333/445] BWST
[10:17:56] [334/445] RRFH
[10:17:57] [335/445] SJTM
[10:17:58] [336/445] BEMR
[10:17:58] [337/445] MCGR
[10:17:59] [338/445] SDSK
[10:18:01] [339/445] VBOL
[10:18:02] [340/445] RMGM
[10:18:03] [341/445] NOPL
[10:18:04] [342/445] MKJK
[10:18:05] [343/445] CVRN
[10:18:06] [344/445] MMEN
[10:18:06] [345/445] AMNG
[10:18:08] [346/445] INTM
[10:18:09] [347/445] SLCZ
[10:18:09] [348/445] AMJN
[10:18:10] [349/445] ACJN
[10:18:11] [350/445] AMKN
[10:18:12] [351/445] BTCN
[10:18:13] [352/445] AMBT
[10:18:14] [353/445] PACN
[10:18:15] [354/445] LCNS
[10:18:16] [355/445] PPKC
[10:18:17] [356/445] JYYN
[10:18:17] [357/445] JTNR
[10:18:18] [358/445] GTEE
[10:18:20] [359/445] SRNM
[10:18:20] [360/445] SDTC
[10:18:22] [361/445] VPCA
[10:18:22] [362/445] VLRA
[10:18:23] [363/445] SHKR
[10:18:24] [364/445] SBKD
[10:18:25] [365/445] SAAD
[10:18:26] [366/445] JTGN
[10:18:27] [367/445] SLAM
[10:18:28] [368/445] VTPM
[10:18:29] [369/445] ANPT
[10:18:29] [370/445] PUNB
[10:18:30] [371/445] CPKT
[10:18:31] [372/445] CNWE
[10:18:32] [373/445] ECPP
[10:18:33] [374/445] CPAR
[10:18:34] [375/445] ESBW
[10:18:35] [376/445] PKPU
[10:18:35] [377/445] CPRP
[10:18:36] [378/445] RAHU
[10:18:37] [379/445] RHMN
[10:18:38] [380/445] FMJP
[10:18:39] [381/445] CTMP
[10:18:40] [382/445] INPN
[10:18:41] [383/445] STTG
[10:18:41] [384/445] CTRD
[10:18:43] [385/445] PUVB
[10:18:44] [386/445] ESVP
[10:18:45] [387/445] CPFT
[10:18:46] [388/445] LCPC
[10:18:46] [389/445] VBCT
[10:18:47] [390/445] FSCW
[10:18:48] [391/445] VCMP
[10:18:49] [392/445] ASHC
[10:18:50] [393/445] VLCX
[10:18:52] [394/445] SHEV
[10:18:53] [395/445] APCO
[10:18:54] [396/445] SILC
[10:18:54] [397/445] SNMR
[10:18:55] [398/445] KYBO
[10:18:56] [399/445] SATK
[10:18:58] [400/445] SSCS
[10:18:58] [401/445] CLSB
[10:18:59] [402/445] KMJR
[10:19:00] [403/445] FSCK
[10:19:00] [404/445] NNKA
[10:19:01] [405/445] CLMK
[10:19:02] [406/445] DMPZ
[10:19:03] [407/445] INQM
[10:19:04] [408/445] CAML
[10:19:05] [409/445] INRK
[10:19:06] [410/445] IMKN
[10:19:06] [411/445] SVNR
[10:19:07] [412/445] INSL
[10:19:08] [413/445] MSMA
[10:19:09] [414/445] MCKK
[10:19:10] [415/445] FCHP
[10:19:11] [416/445] SFCR
[10:19:12] [417/445] NACK
[10:19:13] [418/445] PVAK
[10:19:13] [419/445] INER
[10:19:14] [420/445] RDBK
[10:19:15] [421/445] SVFN
[10:19:15] [422/445] IFRM
[10:19:16] [423/445] ATCK
[10:19:17] [424/445] ASKO
[10:19:18] [425/445] STKT
[10:19:19] [426/445] SVFB
[10:19:19] [427/445] INKS
[10:19:20] [428/445] PCRA
[10:19:21] [429/445] ATJA
[10:19:22] [430/445] IMJN
[10:19:23] [431/445] INHD
[10:19:24] [432/445] BARA
[10:19:25] [433/445] MCSL
[10:19:27] [434/445] RTOY
[10:19:27] [435/445] MENO
[10:19:28] [436/445] PUDM
[10:19:29] [437/445] PRCN
[10:19:30] [438/445] JMJR
[10:19:31] [439/445] SSGK
[10:19:32] [440/445] SSRL
[10:19:33] [441/445] JYKL
[10:19:33] [442/445] ACNB
[10:19:34] [443/445] SONP
[10:19:35] [444/445] EMCI
[10:19:36] [445/445] MRJH
[10:19:37] 🧹 Deduping shows
[10:19:37] ✅ DONE | Shows=135 | Movies=7
