[10:12:59] 🚀 SCRIPT STARTED
[10:12:59] [1/459] MBDC
[10:12:59] 🧠 New identity created
[10:13:00] [2/459] CHKM
[10:13:01] [3/459] JTKZ
[10:13:02] [4/459] CMCT
[10:13:03] [5/459] ASHO
[10:13:04] [6/459] ECDG
[10:13:05] [7/459] SPAT
[10:13:06] [8/459] HILC
[10:13:06] [9/459] SPPH
[10:13:07] [10/459] SBHN
[10:13:08] [11/459] RRCA
[10:13:09] [12/459] APAA
[10:13:10] [13/459] RAME
[10:13:10] [14/459] TMMS
[10:13:11] [15/459] BATK
[10:13:12] [16/459] LKOP
[10:13:14] [17/459] AMTT
[10:13:15] [18/459] PTGK
[10:13:16] [19/459] ANRS
[10:13:17] [20/459] VWBW
[10:13:18] [21/459] SVFG
[10:13:19] [22/459] STAT
[10:13:20] [23/459] GDCV
[10:13:21] [24/459] VEBI
[10:13:22] [25/459] VDSS
[10:13:23] [26/459] NTHV
[10:13:24] [27/459] AOCH
[10:13:24] [28/459] KASR
[10:13:25] [29/459] AYCS
[10:13:26] [30/459] SHAI
[10:13:27] [31/459] SKPE
[10:13:28] [32/459] SBTA
[10:13:29] [33/459] RTTD
[10:13:30] [34/459] CCJD
[10:13:31] [35/459] RSJJ
[10:13:31] [36/459] RKND
[10:13:32] [37/459] SVTX
[10:13:33] [38/459] BAKM
[10:13:34] [39/459] SVDC
[10:13:36] [40/459] MNCV
[10:13:36] [41/459] SJGC
[10:13:37] [42/459] MTPK
[10:13:39] [43/459] GATP
[10:13:39] [44/459] ABTS
[10:13:40] [45/459] ABDE
[10:13:41] [46/459] RCNM
[10:13:42] [47/459] KTHV
[10:13:43] [48/459] MDGJ
[10:13:44] [49/459] SMLM
[10:13:45] [50/459] JTMA
[10:13:45] [51/459] ACKP
[10:13:46] [52/459] SRTA
[10:13:47] [53/459] STAY
[10:13:48] [54/459] MAVO
[10:13:48] [55/459] APTS
[10:13:49] [56/459] OMEA
[10:13:50] [57/459] TTFD
[10:13:51] [58/459] MJCU
[10:13:52] [59/459] CXTE
[10:13:53] [60/459] CTPX
[10:13:54] [61/459] ASSL
[10:13:54] [62/459] CMVB
[10:13:55] [63/459] VPUR
[10:13:56] [64/459] JJDA
[10:13:56] [65/459] INBL
[10:13:57] [66/459] BIKB
[10:13:58] [67/459] NTBB
[10:13:59] [68/459] GLOB
[10:14:00] [69/459] SNTB
[10:14:01] [70/459] CHGV
[10:14:01] [71/459] SSBZ
[10:14:02] [72/459] PRDB
[10:14:03] [73/459] ISMT
[10:14:04] [74/459] MCSD
[10:14:06] [75/459] JBTT
[10:14:07] [76/459] GEKR
[10:14:07] [77/459] PVUN
[10:14:08] [78/459] NRTB
[10:14:09] [79/459] PRAA
[10:14:10] [80/459] PCBL
[10:14:11] [81/459] PTCM
[10:14:12] [82/459] KHNN
[10:14:13] [83/459] OMJE
[10:14:14] [84/459] STGN
[10:14:14] [85/459] RPMS
[10:14:15] [86/459] NWAD
[10:14:16] [87/459] BLCK
[10:14:17] [88/459] SVAA
[10:14:18] [89/459] URVM
[10:14:19] [90/459] ANTM
[10:14:20] [91/459] VJYM
[10:14:20] [92/459] MAZZ
[10:14:21] [93/459] CSHM
[10:14:22] [94/459] WGMH
[10:14:24] [95/459] SALN
[10:14:24] [96/459] BRTP
[10:14:26] [97/459] SVTA
[10:14:27] [98/459] SBTP
[10:14:27] [99/459] VLSS
[10:14:28] [100/459] SRJA
[10:14:29] [101/459] ANCG
[10:14:30] [102/459] CGGC
[10:14:31] [103/459] CRJA
[10:14:32] [104/459] USCR
[10:14:32] [105/459] MMEF
[10:14:33] [106/459] JCRJ
[10:14:34] [107/459] ADCM
[10:14:34] [108/459] BMYK
[10:14:35] [109/459] KICS
[10:14:36] [110/459] MBBT
[10:14:37] [111/459] MACK
[10:14:38] [112/459] CLDR
[10:14:38] [113/459] JYCR
[10:14:39] [114/459] DCRP
[10:14:41] [115/459] RAHT
[10:14:42] [116/459] CSSM
[10:14:43] [117/459] ATPK
[10:14:43] [118/459] KLRT
[10:14:44] [119/459] SRDD
[10:14:45] [120/459] CKMC
[10:14:46] [121/459] KRVM
[10:14:47] [122/459] AKCP
[10:14:48] [123/459] CNCV
[10:14:48] [124/459] PACT
[10:14:49] [125/459] NATP
[10:14:50] [126/459] PCPK
[10:14:51] [127/459] SMHO
[10:14:52] [128/459] CWTK
[10:14:53] [129/459] RVKZ
[10:14:54] [130/459] ASPD
[10:14:55] [131/459] VTKZ
[10:14:56] [132/459] LCSO
[10:14:57] [133/459] PRDY
[10:14:58] [134/459] RCAP
[10:14:58] [135/459] RGAR
[10:14:59] [136/459] RCAC
[10:15:00] [137/459] PMOD
[10:15:02] [138/459] PVCN
[10:15:02] [139/459] SCRZ
[10:15:03] [140/459] PVPC
[10:15:04] [141/459] STID
[10:15:05] [142/459] NEDD
[10:15:06] [143/459] BNBA
[10:15:07] [144/459] NTCD
[10:15:08] [145/459] OCDE
[10:15:09] [146/459] CCDU
[10:15:11] [147/459] CRXH
[10:15:12] [148/459] VLVT
[10:15:13] [149/459] CICI
[10:15:13] [150/459] SUCB
[10:15:14] [151/459] TCBP
[10:15:16] [152/459] SCCY
[10:15:17] [153/459] LXCY
[10:15:18] [154/459] NCMD
[10:15:18] [155/459] PHCS
[10:15:19] [156/459] DUXR
[10:15:20] [157/459] VNKS
[10:15:21] [158/459] SEDP
[10:15:22] [159/459] SVEN
[10:15:22] [160/459] SRKM
[10:15:23] [161/459] JTLT
[10:15:24] [162/459] SVSS
[10:15:26] [163/459] AMDE
[10:15:26] [164/459] WVRN
[10:15:27] [165/459] ISMG
[10:15:28] [166/459] WVKS
[10:15:29] [167/459] USCG
[10:15:30] [168/459] IOTG
[10:15:30] [169/459] RRJM
[10:15:31] [170/459] EDMP
[10:15:32] [171/459] SCGZ
[10:15:33] [172/459] GMGX
[10:15:34] [173/459] OMTP
[10:15:35] [174/459] MITD
[10:15:36] [175/459] SMMD
[10:15:37] [176/459] STML
[10:15:38] [177/459] MCFS
[10:15:39] [178/459] FPKA
[10:15:40] [179/459] OMLR
[10:15:40] [180/459] KKSC
[10:15:41] [181/459] RVMA
[10:15:42] [182/459] SCLL
[10:15:43] [183/459] SCDK
[10:15:44] [184/459] SXMI
[10:15:45] [185/459] SHDN
[10:15:46] [186/459] PAAD
[10:15:46] [187/459] UUCB
[10:15:47] [188/459] JHOL
[10:15:48] [189/459] SGWT
[10:15:49] [190/459] SRII
[10:15:50] [191/459] SGCK
[10:15:50] [192/459] SVVB
[10:15:51] [193/459] DMHA
[10:15:52] [194/459] PPNL
[10:15:53] [195/459] CPNL
[10:15:55] [196/459] WVLD
[10:15:56] [197/459] PSLV
[10:15:57] [198/459] VTTL
[10:15:57] [199/459] NPAD
[10:15:58] [200/459] PVCS
[10:15:59] [201/459] MCHL
[10:16:00] [202/459] PPLL
[10:16:01] [203/459] MALO
[10:16:02] [204/459] SWBH
[10:16:02] [205/459] PUGB
[10:16:03] [206/459] INBB
[10:16:05] [207/459] INNS
[10:16:06] [208/459] MCPT
[10:16:06] [209/459] SCMI
[10:16:07] [210/459] OCON
[10:16:08] [211/459] SCSM
[10:16:09] [212/459] RJVN
[10:16:10] [213/459] AMDK
[10:16:11] [214/459] ISMR
[10:16:12] [215/459] SMTD
[10:16:12] [216/459] VTDD
[10:16:13] [217/459] PDDZ
[10:16:14] [218/459] PCCK
[10:16:15] [219/459] INAM
[10:16:16] [220/459] FNKT
[10:16:17] [221/459] GDKA
[10:16:18] [222/459] MAYU
[10:16:19] [223/459] TCGU
[10:16:20] [224/459] KDCA
[10:16:21] [225/459] DOMY
[10:16:22] [226/459] PDDD
[10:16:23] [227/459] BJTS
[10:16:24] [228/459] VTCA
[10:16:25] [229/459] SBTM
[10:16:25] [230/459] SEET
[10:16:26] [231/459] SSTJ
[10:16:28] [232/459] SVNT
[10:16:29] [233/459] PPPR
[10:16:30] [234/459] PVYS
[10:16:30] [235/459] IOSE
[10:16:31] [236/459] ACTV
[10:16:32] [237/459] APVE
[10:16:33] [238/459] TCCL
[10:16:33] [239/459] SCMO
[10:16:34] [240/459] SAUM
[10:16:36] [241/459] KCJS
[10:16:37] [242/459] NJCJ
[10:16:38] [243/459] NECF
[10:16:38] [244/459] CCGW
[10:16:39] [245/459] CCMG
[10:16:40] [246/459] NYRG
[10:16:40] [247/459] NCSQ
[10:16:41] [248/459] GRCG
[10:16:42] [249/459] CCBT
[10:16:43] [250/459] ACGA
[10:16:44] [251/459] INAG
[10:16:45] [252/459] FUCG
[10:16:46] [253/459] AICF
[10:16:47] [254/459] GRGA
[10:16:48] [255/459] GDCN
[10:16:49] [256/459] RRCG
[10:16:49] [257/459] SDCH
[10:16:50] [258/459] WVJM
[10:16:51] [259/459] JCCZ
[10:16:52] [260/459] CNCL
[10:16:53] [261/459] TMLV
[10:16:54] [262/459] MEMB
[10:16:55] [263/459] SGTD
[10:16:56] [264/459] CONX
[10:16:56] [265/459] CCMH
[10:16:57] [266/459] ACMC
[10:16:58] [267/459] DTPD
[10:16:59] [268/459] POJA
[10:16:59] [269/459] FNBH
[10:17:00] [270/459] CGCB
[10:17:02] [271/459] RACN
[10:17:02] [272/459] JTSM
[10:17:03] [273/459] SCDN
[10:17:04] [274/459] AACK
[10:17:05] [275/459] RMCE
[10:17:06] [276/459] BSGB
[10:17:06] [277/459] MRCB
[10:17:07] [278/459] SRVR
[10:17:08] [279/459] VTKK
[10:17:09] [280/459] AMST
[10:17:09] [281/459] APCY
[10:17:10] [282/459] LMHO
[10:17:11] [283/459] MTZH
[10:17:12] [284/459] AMZB
[10:17:13] [285/459] SUVT
[10:17:13] [286/459] RCIP
[10:17:14] [287/459] KESR
[10:17:15] [288/459] SNKC
[10:17:16] [289/459] SCED
[10:17:17] [290/459] DVCA
[10:17:18] [291/459] VCDT
[10:17:18] [292/459] RRDI
[10:17:19] [293/459] DFCH
[10:17:20] [294/459] INSC
[10:17:21] [295/459] RGTR
[10:17:22] [296/459] FMOT
[10:17:23] [297/459] SCPM
[10:17:24] [298/459] GCDT
[10:17:25] [299/459] BRKT
[10:17:26] [300/459] DEMP
[10:17:27] [301/459] SRLC
[10:17:28] [302/459] KSTT
[10:17:28] [303/459] SMMT
[10:17:29] [304/459] SILM
[10:17:30] [305/459] JCVM
[10:17:31] [306/459] KCSV
[10:17:31] [307/459] MHLK
[10:17:32] [308/459] SLVL
[10:17:34] [309/459] RJKP
[10:17:35] [310/459] BBPC
[10:17:36] [311/459] MXCB
[10:17:36] [312/459] TCPK
[10:17:37] [313/459] RTBR
[10:17:38] [314/459] GAUT
[10:17:39] [315/459] DVCF
[10:17:40] [316/459] JTSB
[10:17:42] [317/459] SBLS
[10:17:43] [318/459] UDAY
[10:17:43] [319/459] PTNP
[10:17:44] [320/459] DMKT
[10:17:45] [321/459] NTDT
[10:17:46] [322/459] SHDJ
[10:17:47] [323/459] OTNC
[10:17:48] [324/459] RNTW
[10:17:49] [325/459] GCMI
[10:17:50] [326/459] CRCM
[10:17:51] [327/459] NNCZ
[10:17:51] [328/459] OEMO
[10:17:52] [329/459] PVJM
[10:17:53] [330/459] CPJI
[10:17:54] [331/459] RMCJ
[10:17:54] [332/459] CNWJ
[10:17:55] [333/459] EPJM
[10:17:56] [334/459] FNJJ
[10:17:57] [335/459] GCMJ
[10:17:57] [336/459] INPS
[10:17:58] [337/459] BICJ
[10:17:59] [338/459] ISTJ
[10:18:01] [339/459] INJC
[10:18:01] [340/459] GLXJ
[10:18:02] [341/459] INEM
[10:18:03] [342/459] JTMN
[10:18:04] [343/459] FRCJ
[10:18:05] [344/459] DDJP
[10:18:06] [345/459] INJV
[10:18:07] [346/459] GOLC
[10:18:08] [347/459] KOCI
[10:18:09] [348/459] FSTD
[10:18:09] [349/459] PACJ
[10:18:10] [350/459] GMCN
[10:18:11] [351/459] MMDJ
[10:18:12] [352/459] GODH
[10:18:13] [353/459] SKYN
[10:18:14] [354/459] NCTH
[10:18:14] [355/459] SKVZ
[10:18:15] [356/459] SVML
[10:18:16] [357/459] ACVZ
[10:18:17] [358/459] SURA
[10:18:18] [359/459] RTRB
[10:18:19] [360/459] LLCT
[10:18:20] [361/459] ATTS
[10:18:21] [362/459] JYCM
[10:18:22] [363/459] CTKR
[10:18:23] [364/459] LCKR
[10:18:23] [365/459] NYCV
[10:18:24] [366/459] NYOH
[10:18:25] [367/459] NOVX
[10:18:26] [368/459] MRGK
[10:18:27] [369/459] MOON
[10:18:28] [370/459] SBUC
[10:18:28] [371/459] GSVA
[10:18:29] [372/459] VIAK
[10:18:30] [373/459] SMVZ
[10:18:31] [374/459] MATE
[10:18:32] [375/459] RDCN
[10:18:33] [376/459] ASBL
[10:18:34] [377/459] ASVS
[10:18:35] [378/459] ASSR
[10:18:36] [379/459] SSKN
[10:18:36] [380/459] DRPV
[10:18:37] [381/459] MRHT
[10:18:38] [382/459] BSCN
[10:18:40] [383/459] RKNX
[10:18:40] [384/459] MSMC
[10:18:41] [385/459] MSCJ
[10:18:42] [386/459] BTBJ
[10:18:43] [387/459] MJCC
[10:18:44] [388/459] IOMM
[10:18:45] [389/459] ADGR
[10:18:45] [390/459] MYCP
[10:18:46] [391/459] IGCM
[10:18:47] [392/459] PGRK
[10:18:48] [393/459] VPGO
[10:18:49] [394/459] KOMS
[10:18:50] [395/459] URGG
[10:18:51] [396/459] GOST
[10:18:52] [397/459] LACT
[10:18:53] [398/459] BWCM
[10:18:55] [399/459] NCCW
[10:18:55] [400/459] SKYC
[10:18:56] [401/459] CCPM
[10:18:57] [402/459] VCBT
[10:18:58] [403/459] SDKR
[10:18:59] [404/459] CTYB
[10:19:00] [405/459] SHCX
[10:19:01] [406/459] RCUN
[10:19:02] [407/459] CNRA
[10:19:03] [408/459] RFCA
[10:19:04] [409/459] RDCU
[10:19:05] [410/459] SARK
[10:19:06] [411/459] SPPP
[10:19:06] [412/459] ADMB
[10:19:07] [413/459] JYOE
[10:19:08] [414/459] SRMD
[10:19:09] [415/459] RJDH
[10:19:10] [416/459] SSTD
[10:19:12] [417/459] AACV
[10:19:12] [418/459] PPVD
[10:19:13] [419/459] STCP
[10:19:14] [420/459] ANJR
[10:19:15] [421/459] ANLS
[10:19:15] [422/459] BIJO
[10:19:16] [423/459] AVAB
[10:19:17] [424/459] SPMD
[10:19:18] [425/459] SVJL
[10:19:18] [426/459] SDDJ
[10:19:19] [427/459] SLTU
[10:19:20] [428/459] SAKA
[10:19:21] [429/459] PMAM
[10:19:22] [430/459] FNAM
[10:19:23] [431/459] ACAM
[10:19:24] [432/459] SCMM
[10:19:24] [433/459] PMAK
[10:19:25] [434/459] NYSA
[10:19:26] [435/459] FCPA
[10:19:27] [436/459] GDAN
[10:19:27] [437/459] RSCA
[10:19:28] [438/459] DMAN
[10:19:29] [439/459] DZCM
[10:19:30] [440/459] NSGL
[10:19:31] [441/459] CCPP
[10:19:32] [442/459] PSMG
[10:19:33] [443/459] GSER
[10:19:34] [444/459] FCCT
[10:19:35] [445/459] FCTB
[10:19:36] [446/459] LCNK
[10:19:37] [447/459] SKTY
[10:19:38] [448/459] INAA
[10:19:39] [449/459] RCWN
[10:19:39] [450/459] VAIS
[10:19:41] [451/459] CVMN
[10:19:42] [452/459] INTS
[10:19:43] [453/459] FRGS
[10:19:44] [454/459] DTCK
[10:19:45] [455/459] MCMH
[10:19:46] [456/459] ECRR
[10:19:47] [457/459] RLLP
[10:19:48] [458/459] CCSN
[10:19:50] [459/459] CCBA
[10:19:51] 🧹 Deduping shows
[10:19:51] ✅ DONE | Shows=209 | Movies=9
[16:41:51] 🚀 SCRIPT STARTED
[16:41:51] [1/459] MBDC
[16:41:51] 🧠 New identity created
[16:41:52] [2/459] CHKM
[16:41:52] [3/459] JTKZ
[16:41:54] [4/459] CMCT
[16:41:54] [5/459] ASHO
[16:41:56] [6/459] ECDG
[16:41:57] [7/459] SPAT
[16:41:58] [8/459] HILC
[16:42:00] [9/459] SPPH
[16:42:01] [10/459] SBHN
[16:42:02] [11/459] RRCA
[16:42:03] [12/459] APAA
[16:42:04] [13/459] RAME
[16:42:06] [14/459] TMMS
[16:42:06] [15/459] BATK
[16:42:08] [16/459] LKOP
[16:42:09] [17/459] AMTT
[16:42:11] [18/459] PTGK
[16:42:12] [19/459] ANRS
[16:42:13] [20/459] VWBW
[16:42:15] [21/459] SVFG
[16:42:16] [22/459] STAT
[16:42:17] [23/459] GDCV
[16:42:19] [24/459] VEBI
[16:42:19] [25/459] VDSS
[16:42:21] [26/459] NTHV
[16:42:22] [27/459] AOCH
[16:42:23] [28/459] KASR
[16:42:24] [29/459] AYCS
[16:42:25] [30/459] SHAI
[16:42:26] [31/459] SKPE
[16:42:27] [32/459] SBTA
[16:42:29] [33/459] RTTD
[16:42:30] [34/459] CCJD
[16:42:32] [35/459] RSJJ
[16:42:33] [36/459] RKND
[16:42:34] [37/459] SVTX
[16:42:35] [38/459] BAKM
[16:42:37] [39/459] SVDC
[16:42:38] [40/459] MNCV
[16:42:39] [41/459] SJGC
[16:42:40] [42/459] MTPK
[16:42:42] [43/459] GATP
[16:42:43] [44/459] ABTS
[16:42:45] [45/459] ABDE
[16:42:46] [46/459] RCNM
[16:42:48] [47/459] KTHV
[16:42:48] [48/459] MDGJ
[16:42:49] [49/459] SMLM
[16:42:51] [50/459] JTMA
[16:42:52] [51/459] ACKP
[16:42:54] [52/459] SRTA
[16:42:54] [53/459] STAY
[16:42:56] [54/459] MAVO
[16:42:57] [55/459] APTS
[16:42:59] [56/459] OMEA
[16:43:00] [57/459] TTFD
[16:43:01] [58/459] MJCU
[16:43:02] [59/459] CXTE
[16:43:03] [60/459] CTPX
[16:43:04] [61/459] ASSL
[16:43:05] [62/459] CMVB
[16:43:06] [63/459] VPUR
[16:43:06] [64/459] JJDA
[16:43:07] [65/459] INBL
[16:43:08] [66/459] BIKB
[16:43:09] [67/459] NTBB
[16:43:10] [68/459] GLOB
[16:43:12] [69/459] SNTB
[16:43:13] [70/459] CHGV
[16:43:14] [71/459] SSBZ
[16:43:15] [72/459] PRDB
[16:43:16] [73/459] ISMT
[16:43:17] [74/459] MCSD
[16:43:18] [75/459] JBTT
[16:43:19] [76/459] GEKR
[16:43:21] [77/459] PVUN
[16:43:22] [78/459] NRTB
[16:43:24] [79/459] PRAA
[16:43:25] [80/459] PCBL
[16:43:27] [81/459] PTCM
[16:43:28] [82/459] KHNN
[16:43:29] [83/459] OMJE
[16:43:30] [84/459] STGN
[16:43:31] [85/459] RPMS
[16:43:33] [86/459] NWAD
[16:43:34] [87/459] BLCK
[16:43:36] [88/459] SVAA
[16:43:37] [89/459] URVM
[16:43:39] [90/459] ANTM
[16:43:40] [91/459] VJYM
[16:43:41] [92/459] MAZZ
[16:43:42] [93/459] CSHM
[16:43:43] [94/459] WGMH
[16:43:44] [95/459] SALN
[16:43:45] [96/459] BRTP
[16:43:46] [97/459] SVTA
[16:43:47] [98/459] SBTP
[16:43:48] [99/459] VLSS
[16:43:49] [100/459] SRJA
[16:43:51] [101/459] ANCG
[16:43:52] [102/459] CGGC
[16:43:52] [103/459] CRJA
[16:43:53] [104/459] USCR
[16:43:54] [105/459] MMEF
[16:43:55] [106/459] JCRJ
[16:43:56] [107/459] ADCM
[16:43:58] [108/459] BMYK
[16:43:59] [109/459] KICS
[16:44:00] [110/459] MBBT
[16:44:01] [111/459] MACK
[16:44:02] [112/459] CLDR
[16:44:03] [113/459] JYCR
[16:44:04] [114/459] DCRP
[16:44:05] [115/459] RAHT
[16:44:07] [116/459] CSSM
[16:44:08] [117/459] ATPK
[16:44:09] [118/459] KLRT
[16:44:10] [119/459] SRDD
[16:44:12] [120/459] CKMC
[16:44:12] [121/459] KRVM
[16:44:13] [122/459] AKCP
[16:44:14] [123/459] CNCV
[16:44:16] [124/459] PACT
[16:44:17] [125/459] NATP
[16:44:18] [126/459] PCPK
[16:44:19] [127/459] SMHO
[16:44:20] [128/459] CWTK
[16:44:21] [129/459] RVKZ
[16:44:21] [130/459] ASPD
[16:44:22] [131/459] VTKZ
[16:44:23] [132/459] LCSO
[16:44:24] [133/459] PRDY
[16:44:25] [134/459] RCAP
[16:44:26] [135/459] RGAR
[16:44:27] [136/459] RCAC
[16:44:28] [137/459] PMOD
[16:44:30] [138/459] PVCN
[16:44:31] [139/459] SCRZ
[16:44:31] [140/459] PVPC
[16:44:33] [141/459] STID
[16:44:35] [142/459] NEDD
[16:44:36] [143/459] BNBA
[16:44:37] [144/459] NTCD
[16:44:38] [145/459] OCDE
[16:44:39] [146/459] CCDU
[16:44:40] [147/459] CRXH
[16:44:42] [148/459] VLVT
[16:44:43] [149/459] CICI
[16:44:44] [150/459] SUCB
[16:44:44] [151/459] TCBP
[16:44:46] [152/459] SCCY
[16:44:47] [153/459] LXCY
[16:44:48] [154/459] NCMD
[16:44:49] [155/459] PHCS
[16:44:50] [156/459] DUXR
[16:44:51] [157/459] VNKS
[16:44:52] [158/459] SEDP
[16:44:52] [159/459] SVEN
[16:44:53] [160/459] SRKM
[16:44:55] [161/459] JTLT
[16:44:56] [162/459] SVSS
[16:44:57] [163/459] AMDE
[16:44:58] [164/459] WVRN
[16:44:58] [165/459] ISMG
[16:45:00] [166/459] WVKS
[16:45:01] [167/459] USCG
[16:45:02] [168/459] IOTG
[16:45:03] [169/459] RRJM
[16:45:04] [170/459] EDMP
[16:45:06] [171/459] SCGZ
[16:45:07] [172/459] GMGX
[16:45:08] [173/459] OMTP
[16:45:09] [174/459] MITD
[16:45:11] [175/459] SMMD
[16:45:12] [176/459] STML
[16:45:14] [177/459] MCFS
[16:45:15] [178/459] FPKA
[16:45:16] [179/459] OMLR
[16:45:17] [180/459] KKSC
[16:45:18] [181/459] RVMA
[16:45:20] [182/459] SCLL
[16:45:21] [183/459] SCDK
[16:45:23] [184/459] SXMI
[16:45:23] [185/459] SHDN
[16:45:25] [186/459] PAAD
[16:45:26] [187/459] UUCB
[16:45:26] [188/459] JHOL
[16:45:28] [189/459] SGWT
[16:45:29] [190/459] SRII
[16:45:30] [191/459] SGCK
[16:45:31] [192/459] SVVB
[16:45:32] [193/459] DMHA
[16:45:33] [194/459] PPNL
[16:45:35] [195/459] CPNL
[16:45:36] [196/459] WVLD
[16:45:37] [197/459] PSLV
[16:45:38] [198/459] VTTL
[16:45:39] [199/459] NPAD
[16:45:40] [200/459] PVCS
[16:45:41] [201/459] MCHL
[16:45:42] [202/459] PPLL
[16:45:43] [203/459] MALO
[16:45:44] [204/459] SWBH
[16:45:45] [205/459] PUGB
[16:45:45] [206/459] INBB
[16:45:46] [207/459] INNS
[16:45:48] [208/459] MCPT
[16:45:49] [209/459] SCMI
[16:45:51] [210/459] OCON
[16:45:52] [211/459] SCSM
[16:45:53] [212/459] RJVN
[16:45:54] [213/459] AMDK
[16:45:56] [214/459] ISMR
[16:45:57] [215/459] SMTD
[16:45:57] [216/459] VTDD
[16:45:58] [217/459] PDDZ
[16:45:59] [218/459] PCCK
[16:46:00] [219/459] INAM
[16:46:02] [220/459] FNKT
[16:46:03] [221/459] GDKA
[16:46:05] [222/459] MAYU
[16:46:06] [223/459] TCGU
[16:46:07] [224/459] KDCA
[16:46:08] [225/459] DOMY
[16:46:09] [226/459] PDDD
[16:46:10] [227/459] BJTS
[16:46:11] [228/459] VTCA
[16:46:12] [229/459] SBTM
[16:46:14] [230/459] SEET
[16:46:15] [231/459] SSTJ
[16:46:16] [232/459] SVNT
[16:46:17] [233/459] PPPR
[16:46:19] [234/459] PVYS
[16:46:20] [235/459] IOSE
[16:46:21] [236/459] ACTV
[16:46:22] [237/459] APVE
[16:46:23] [238/459] TCCL
[16:46:24] [239/459] SCMO
[16:46:25] [240/459] SAUM
[16:46:26] [241/459] KCJS
[16:46:28] [242/459] NJCJ
[16:46:29] [243/459] NECF
[16:46:30] [244/459] CCGW
[16:46:31] [245/459] CCMG
[16:46:33] [246/459] NYRG
[16:46:34] [247/459] NCSQ
[16:46:35] [248/459] GRCG
[16:46:36] [249/459] CCBT
[16:46:37] [250/459] ACGA
[16:46:37] [251/459] INAG
[16:46:39] [252/459] FUCG
[16:46:40] [253/459] AICF
[16:46:42] [254/459] GRGA
[16:46:42] [255/459] GDCN
[16:46:44] [256/459] RRCG
[16:46:45] [257/459] SDCH
[16:46:46] [258/459] WVJM
[16:46:47] [259/459] JCCZ
[16:46:49] [260/459] CNCL
[16:46:50] [261/459] TMLV
[16:46:51] [262/459] MEMB
[16:46:53] [263/459] SGTD
[16:46:54] [264/459] CONX
[16:46:55] [265/459] CCMH
[16:46:56] [266/459] ACMC
[16:46:57] [267/459] DTPD
[16:46:59] [268/459] POJA
[16:47:00] [269/459] FNBH
[16:47:01] [270/459] CGCB
[16:47:02] [271/459] RACN
[16:47:03] [272/459] JTSM
[16:47:04] [273/459] SCDN
[16:47:05] [274/459] AACK
[16:47:05] [275/459] RMCE
[16:47:06] [276/459] BSGB
[16:47:08] [277/459] MRCB
[16:47:08] [278/459] SRVR
[16:47:09] [279/459] VTKK
[16:47:11] [280/459] AMST
[16:47:12] [281/459] APCY
[16:47:13] [282/459] LMHO
[16:47:14] [283/459] MTZH
[16:47:15] [284/459] AMZB
[16:47:16] [285/459] SUVT
[16:47:17] [286/459] RCIP
[16:47:18] [287/459] KESR
[16:47:20] [288/459] SNKC
[16:47:21] [289/459] SCED
[16:47:22] [290/459] DVCA
[16:47:23] [291/459] VCDT
[16:47:24] [292/459] RRDI
[16:47:25] [293/459] DFCH
[16:47:27] [294/459] INSC
[16:47:28] [295/459] RGTR
[16:47:28] [296/459] FMOT
[16:47:29] [297/459] SCPM
[16:47:31] [298/459] GCDT
[16:47:32] [299/459] BRKT
[16:47:32] [300/459] DEMP
[16:47:33] [301/459] SRLC
[16:47:34] [302/459] KSTT
[16:47:35] [303/459] SMMT
[16:47:36] [304/459] SILM
[16:47:37] [305/459] JCVM
[16:47:38] [306/459] KCSV
[16:47:38] [307/459] MHLK
[16:47:40] [308/459] SLVL
[16:47:40] [309/459] RJKP
[16:47:41] [310/459] BBPC
[16:47:43] [311/459] MXCB
[16:47:44] [312/459] TCPK
[16:47:45] [313/459] RTBR
[16:47:46] [314/459] GAUT
[16:47:48] [315/459] DVCF
[16:47:49] [316/459] JTSB
[16:47:50] [317/459] SBLS
[16:47:52] [318/459] UDAY
[16:47:52] [319/459] PTNP
[16:47:54] [320/459] DMKT
[16:47:54] [321/459] NTDT
[16:47:55] [322/459] SHDJ
[16:47:56] [323/459] OTNC
[16:47:57] [324/459] RNTW
[16:47:57] [325/459] GCMI
[16:47:58] [326/459] CRCM
[16:48:00] [327/459] NNCZ
[16:48:01] [328/459] OEMO
[16:48:02] [329/459] PVJM
[16:48:03] [330/459] CPJI
[16:48:05] [331/459] RMCJ
[16:48:06] [332/459] CNWJ
[16:48:07] [333/459] EPJM
[16:48:09] [334/459] FNJJ
[16:48:10] [335/459] GCMJ
[16:48:11] [336/459] INPS
[16:48:13] [337/459] BICJ
[16:48:14] [338/459] ISTJ
[16:48:15] [339/459] INJC
[16:48:16] [340/459] GLXJ
[16:48:17] [341/459] INEM
[16:48:18] [342/459] JTMN
[16:48:19] [343/459] FRCJ
[16:48:21] [344/459] DDJP
[16:48:21] [345/459] INJV
[16:48:22] [346/459] GOLC
[16:48:24] [347/459] KOCI
[16:48:25] [348/459] FSTD
[16:48:26] [349/459] PACJ
[16:48:28] [350/459] GMCN
[16:48:29] [351/459] MMDJ
[16:48:30] [352/459] GODH
[16:48:31] [353/459] SKYN
[16:48:33] [354/459] NCTH
[16:48:33] [355/459] SKVZ
[16:48:35] [356/459] SVML
[16:48:36] [357/459] ACVZ
[16:48:37] [358/459] SURA
[16:48:38] [359/459] RTRB
[16:48:39] [360/459] LLCT
[16:48:40] [361/459] ATTS
[16:48:41] [362/459] JYCM
[16:48:42] [363/459] CTKR
[16:48:43] [364/459] LCKR
[16:48:44] [365/459] NYCV
[16:48:45] [366/459] NYOH
[16:48:46] [367/459] NOVX
[16:48:47] [368/459] MRGK
[16:48:48] [369/459] MOON
[16:48:49] [370/459] SBUC
[16:48:51] [371/459] GSVA
[16:48:53] [372/459] VIAK
[16:48:53] [373/459] SMVZ
[16:48:55] [374/459] MATE
[16:48:56] [375/459] RDCN
[16:48:57] [376/459] ASBL
[16:48:58] [377/459] ASVS
[16:48:59] [378/459] ASSR
[16:49:00] [379/459] SSKN
[16:49:01] [380/459] DRPV
[16:49:02] [381/459] MRHT
[16:49:03] [382/459] BSCN
[16:49:03] [383/459] RKNX
[16:49:04] [384/459] MSMC
[16:49:05] [385/459] MSCJ
[16:49:07] [386/459] BTBJ
[16:49:08] [387/459] MJCC
[16:49:09] [388/459] IOMM
[16:49:11] [389/459] ADGR
[16:49:11] [390/459] MYCP
[16:49:12] [391/459] IGCM
[16:49:14] [392/459] PGRK
[16:49:14] [393/459] VPGO
[16:49:16] [394/459] KOMS
[16:49:17] [395/459] URGG
[16:49:18] [396/459] GOST
[16:49:19] [397/459] LACT
[16:49:19] [398/459] BWCM
[16:49:20] [399/459] NCCW
[16:49:21] [400/459] SKYC
[16:49:22] [401/459] CCPM
[16:49:23] [402/459] VCBT
[16:49:24] [403/459] SDKR
[16:49:25] [404/459] CTYB
[16:49:27] [405/459] SHCX
[16:49:28] [406/459] RCUN
[16:49:29] [407/459] CNRA
[16:49:30] [408/459] RFCA
[16:49:31] [409/459] RDCU
[16:49:32] [410/459] SARK
[16:49:34] [411/459] SPPP
[16:49:35] [412/459] ADMB
[16:49:37] [413/459] JYOE
[16:49:38] [414/459] SRMD
[16:49:40] [415/459] RJDH
[16:49:41] [416/459] SSTD
[16:49:42] [417/459] AACV
[16:49:43] [418/459] PPVD
[16:49:44] [419/459] STCP
[16:49:45] [420/459] ANJR
[16:49:46] [421/459] ANLS
[16:49:47] [422/459] BIJO
[16:49:49] [423/459] AVAB
[16:49:50] [424/459] SPMD
[16:49:51] [425/459] SVJL
[16:49:52] [426/459] SDDJ
[16:49:53] [427/459] SLTU
[16:49:54] [428/459] SAKA
[16:49:55] [429/459] PMAM
[16:49:56] [430/459] FNAM
[16:49:58] [431/459] ACAM
[16:49:59] [432/459] SCMM
[16:50:00] [433/459] PMAK
[16:50:02] [434/459] NYSA
[16:50:03] [435/459] FCPA
[16:50:04] [436/459] GDAN
[16:50:06] [437/459] RSCA
[16:50:07] [438/459] DMAN
[16:50:08] [439/459] DZCM
[16:50:09] [440/459] NSGL
[16:50:10] [441/459] CCPP
[16:50:11] [442/459] PSMG
[16:50:12] [443/459] GSER
[16:50:13] [444/459] FCCT
[16:50:15] [445/459] FCTB
[16:50:16] [446/459] LCNK
[16:50:17] [447/459] SKTY
[16:50:18] [448/459] INAA
[16:50:19] [449/459] RCWN
[16:50:20] [450/459] VAIS
[16:50:22] [451/459] CVMN
[16:50:22] [452/459] INTS
[16:50:23] [453/459] FRGS
[16:50:25] [454/459] DTCK
[16:50:26] [455/459] MCMH
[16:50:27] [456/459] ECRR
[16:50:28] [457/459] RLLP
[16:50:29] [458/459] CCSN
[16:50:29] [459/459] CCBA
[16:50:31] 🧹 Deduping shows
[16:50:31] ✅ DONE | Shows=217 | Movies=9
