[10:13:01] 🚀 SCRIPT STARTED
[10:13:01] [1/459] FNDB
[10:13:01] 🧠 New identity created
[10:13:02] [2/459] AMBH
[10:13:02] [3/459] PRHN
[10:13:03] [4/459] ACPM
[10:13:04] [5/459] PVFS
[10:13:05] [6/459] AACN
[10:13:06] [7/459] ACAS
[10:13:06] [8/459] CTNR
[10:13:07] [9/459] MMAH
[10:13:08] [10/459] CPMH
[10:13:09] [11/459] IGMH
[10:13:10] [12/459] ABCS
[10:13:11] [13/459] CMMA
[10:13:12] [14/459] GPRH
[10:13:13] [15/459] PNNG
[10:13:14] [16/459] AMCA
[10:13:15] [17/459] ISTN
[10:13:15] [18/459] PIIC
[10:13:16] [19/459] AHMH
[10:13:18] [20/459] ASHN
[10:13:18] [21/459] INHY
[10:13:19] [22/459] SRMO
[10:13:20] [23/459] PIMH
[10:13:21] [24/459] PVTS
[10:13:22] [25/459] MMCA
[10:13:23] [26/459] AKYJ
[10:13:24] [27/459] BRKH
[10:13:25] [28/459] MAHM
[10:13:26] [29/459] CPHY
[10:13:27] [30/459] PVTP
[10:13:28] [31/459] SMMR
[10:13:29] [32/459] PVHM
[10:13:30] [33/459] SNDY
[10:13:31] [34/459] GOKU
[10:13:32] [35/459] ACEV
[10:13:33] [36/459] PVUM
[10:13:34] [37/459] VSWA
[10:13:34] [38/459] IPRS
[10:13:35] [39/459] ASGN
[10:13:36] [40/459] BKMV
[10:13:37] [41/459] PVYH
[10:13:38] [42/459] INKM
[10:13:39] [43/459] ARJU
[10:13:39] [44/459] JJPP
[10:13:40] [45/459] SSRM
[10:13:41] [46/459] HMHD
[10:13:42] [47/459] SNKH
[10:13:43] [48/459] ACHI
[10:13:43] [49/459] MRAA
[10:13:44] [50/459] INMH
[10:13:45] [51/459] ARMH
[10:13:46] [52/459] DVRR
[10:13:46] [53/459] SUDA
[10:13:47] [54/459] MCSS
[10:13:48] [55/459] VRKC
[10:13:49] [56/459] PRCX
[10:13:50] [57/459] ASJY
[10:13:50] [58/459] MTHY
[10:13:51] [59/459] SRCM
[10:13:52] [60/459] TVHY
[10:13:53] [61/459] STHD
[10:13:54] [62/459] CPCL
[10:13:54] [63/459] PSMJ
[10:13:55] [64/459] MRGT
[10:13:56] [65/459] ARYH
[10:13:57] [66/459] VTRB
[10:13:57] [67/459] SCHC
[10:13:58] [68/459] MRRG
[10:13:59] [69/459] SPCB
[10:14:00] [70/459] AMCM
[10:14:01] [71/459] IVNM
[10:14:01] [72/459] TRHY
[10:14:02] [73/459] PTTH
[10:14:03] [74/459] RKMH
[10:14:04] [75/459] PRCS
[10:14:05] [76/459] VAJA
[10:14:06] [77/459] BJNG
[10:14:07] [78/459] SCVM
[10:14:07] [79/459] GNHB
[10:14:08] [80/459] TLUR
[10:14:09] [81/459] UKCC
[10:14:10] [82/459] SRKR
[10:14:11] [83/459] RMKN
[10:14:12] [84/459] SLRT
[10:14:13] [85/459] LKMT
[10:14:14] [86/459] SSRJ
[10:14:15] [87/459] SPHT
[10:14:16] [88/459] ANTT
[10:14:17] [89/459] SRCH
[10:14:17] [90/459] SRCA
[10:14:18] [91/459] ARTH
[10:14:19] [92/459] MCBH
[10:14:20] [93/459] SNIB
[10:14:21] [94/459] SART
[10:14:22] [95/459] SKTA
[10:14:23] [96/459] YAKT
[10:14:24] [97/459] MLCK
[10:14:25] [98/459] ANTS
[10:14:25] [99/459] DGCA
[10:14:26] [100/459] SGMP
[10:14:27] [101/459] ASWN
[10:14:28] [102/459] KFVU
[10:14:29] [103/459] POOR
[10:14:29] [104/459] GKDN
[10:14:30] [105/459] EOSE
[10:14:31] [106/459] GTTT
[10:14:32] [107/459] ARRO
[10:14:32] [108/459] CMMK
[10:14:33] [109/459] MSCN
[10:14:34] [110/459] GDKH
[10:14:35] [111/459] DLMT
[10:14:36] [112/459] PVMF
[10:14:37] [113/459] CPCK
[10:14:38] [114/459] VMHE
[10:14:38] [115/459] PVLC
[10:14:39] [116/459] PCVB
[10:14:40] [117/459] SNYK
[10:14:41] [118/459] KTEK
[10:14:42] [119/459] PCNM
[10:14:43] [120/459] NTTR
[10:14:43] [121/459] CPSK
[10:14:44] [122/459] JMMA
[10:14:45] [123/459] GCFK
[10:14:46] [124/459] MYCA
[10:14:47] [125/459] KSNP
[10:14:48] [126/459] PMCE
[10:14:50] [127/459] SCKI
[10:14:51] [128/459] FSMA
[10:14:51] [129/459] CETA
[10:14:52] [130/459] MCIK
[10:14:53] [131/459] MYCR
[10:14:54] [132/459] EVMP
[10:14:55] [133/459] SSGT
[10:14:56] [134/459] KCTK
[10:14:57] [135/459] ZTKC
[10:14:58] [136/459] MMTA
[10:14:59] [137/459] MAJT
[10:14:59] [138/459] ACPK
[10:15:00] [139/459] JMAX
[10:15:01] [140/459] SETK
[10:15:02] [141/459] CAIS
[10:15:03] [142/459] AGCD
[10:15:03] [143/459] URCL
[10:15:05] [144/459] VTDS
[10:15:06] [145/459] JCNM
[10:15:06] [146/459] KCAM
[10:15:07] [147/459] ADCU
[10:15:08] [148/459] GXYN
[10:15:09] [149/459] SMJG
[10:15:10] [150/459] EYCJ
[10:15:11] [151/459] CCEJ
[10:15:11] [152/459] MARS
[10:15:12] [153/459] CPVJ
[10:15:13] [154/459] INVP
[10:15:14] [155/459] CPOV
[10:15:15] [156/459] VIJK
[10:15:15] [157/459] LAIM
[10:15:17] [158/459] STHV
[10:15:18] [159/459] SVLJ
[10:15:19] [160/459] ATVJ
[10:15:19] [161/459] JTSC
[10:15:21] [162/459] RMTV
[10:15:22] [163/459] MGGG
[10:15:22] [164/459] SWTH
[10:15:23] [165/459] INVJ
[10:15:24] [166/459] PRSV
[10:15:25] [167/459] JATV
[10:15:26] [168/459] RCVD
[10:15:27] [169/459] BDMA
[10:15:28] [170/459] BLJI
[10:15:30] [171/459] SWOT
[10:15:31] [172/459] SWRN
[10:15:31] [173/459] TVRA
[10:15:32] [174/459] VCSV
[10:15:33] [175/459] NVRN
[10:15:34] [176/459] SIKC
[10:15:35] [177/459] VAKR
[10:15:36] [178/459] SYLN
[10:15:37] [179/459] KLJL
[10:15:38] [180/459] LKMY
[10:15:39] [181/459] VSLY
[10:15:40] [182/459] CIKO
[10:15:41] [183/459] GPBG
[10:15:42] [184/459] CECM
[10:15:43] [185/459] SLKB
[10:15:44] [186/459] MTBO
[10:15:44] [187/459] SSHB
[10:15:45] [188/459] VPCS
[10:15:46] [189/459] RCSR
[10:15:47] [190/459] RJRM
[10:15:49] [191/459] KPPB
[10:15:49] [192/459] SEDC
[10:15:50] [193/459] SCAI
[10:15:51] [194/459] RMTR
[10:15:52] [195/459] ASST
[10:15:53] [196/459] GCAK
[10:15:53] [197/459] ANNK
[10:15:54] [198/459] KDDF
[10:15:55] [199/459] NRDP
[10:15:56] [200/459] PLAK
[10:15:57] [201/459] GCMC
[10:15:58] [202/459] ALPY
[10:15:59] [203/459] SICE
[10:16:00] [204/459] SISR
[10:16:00] [205/459] SRPZ
[10:16:01] [206/459] SRSW
[10:16:02] [207/459] SUYA
[10:16:03] [208/459] AMMT
[10:16:03] [209/459] BHCU
[10:16:04] [210/459] KLPA
[10:16:05] [211/459] NVKH
[10:16:06] [212/459] JMRC
[10:16:07] [213/459] KTTT
[10:16:07] [214/459] MAGH
[10:16:08] [215/459] MMMX
[10:16:09] [216/459] SALJ
[10:16:10] [217/459] GTJA
[10:16:10] [218/459] MAHT
[10:16:11] [219/459] SSNN
[10:16:12] [220/459] ARRP
[10:16:13] [221/459] ATNS
[10:16:14] [222/459] SKDT
[10:16:15] [223/459] ACAT
[10:16:16] [224/459] APRC
[10:16:16] [225/459] SWAG
[10:16:17] [226/459] SDPT
[10:16:18] [227/459] STPS
[10:16:19] [228/459] WWCZ
[10:16:20] [229/459] LLCH
[10:16:20] [230/459] MZHA
[10:16:21] [231/459] CRJG
[10:16:22] [232/459] JGTK
[10:16:23] [233/459] KCSR
[10:16:24] [234/459] CHTL
[10:16:25] [235/459] EDSR
[10:16:26] [236/459] CSWO
[10:16:27] [237/459] CPVM
[10:16:27] [238/459] MXBY
[10:16:28] [239/459] FMMA
[10:16:29] [240/459] POVI
[10:16:30] [241/459] MTHB
[10:16:31] [242/459] INRC
[10:16:31] [243/459] PIPP
[10:16:33] [244/459] BMXC
[10:16:34] [245/459] PCMM
[10:16:35] [246/459] PMKM
[10:16:36] [247/459] GATY
[10:16:37] [248/459] IMCM
[10:16:38] [249/459] POPE
[10:16:39] [250/459] MTCR
[10:16:40] [251/459] PVAE
[10:16:42] [252/459] PVMI
[10:16:43] [253/459] CPNM
[10:16:44] [254/459] FMRL
[10:16:45] [255/459] MCIW
[10:16:45] [256/459] MXBO
[10:16:46] [257/459] FMKY
[10:16:47] [258/459] FMDA
[10:16:48] [259/459] THAB
[10:16:49] [260/459] PRCW
[10:16:50] [261/459] PITI
[10:16:51] [262/459] MCFF
[10:16:51] [263/459] PDDV
[10:16:52] [264/459] MCRM
[10:16:54] [265/459] KKMB
[10:16:55] [266/459] INKO
[10:16:56] [267/459] PLXP
[10:16:57] [268/459] MMHA
[10:16:58] [269/459] FMVS
[10:16:59] [270/459] POLM
[10:17:00] [271/459] STER
[10:17:01] [272/459] PVWJ
[10:17:02] [273/459] IMJW
[10:17:03] [274/459] FNAN
[10:17:04] [275/459] CAGL
[10:17:04] [276/459] IPBG
[10:17:05] [277/459] SMFV
[10:17:07] [278/459] MMMR
[10:17:08] [279/459] MMWM
[10:17:09] [280/459] FNCM
[10:17:10] [281/459] MDVA
[10:17:11] [282/459] MMET
[10:17:12] [283/459] MIDO
[10:17:14] [284/459] INNP
[10:17:14] [285/459] MIFU
[10:17:15] [286/459] MMSZ
[10:17:16] [287/459] BMXA
[10:17:17] [288/459] MCAA
[10:17:18] [289/459] SCVP
[10:17:18] [290/459] PLUS
[10:17:19] [291/459] MUCK
[10:17:20] [292/459] MTMA
[10:17:21] [293/459] HPVR
[10:17:22] [294/459] PMPK
[10:17:22] [295/459] MAJB
[10:17:23] [296/459] CTRR
[10:17:24] [297/459] MCTG
[10:17:25] [298/459] MACE
[10:17:26] [299/459] AAAS
[10:17:26] [300/459] CPVV
[10:17:27] [301/459] RCHG
[10:17:28] [302/459] MCNE
[10:17:29] [303/459] EMNC
[10:17:30] [304/459] MCAN
[10:17:31] [305/459] TCDM
[10:17:31] [306/459] IRGT
[10:17:33] [307/459] GCMG
[10:17:33] [308/459] MXSN
[10:17:34] [309/459] MXCK
[10:17:35] [310/459] MCRC
[10:17:36] [311/459] RSMI
[10:17:37] [312/459] WAML
[10:17:38] [313/459] MTSC
[10:17:39] [314/459] FMDR
[10:17:40] [315/459] LEPV
[10:17:41] [316/459] MTGD
[10:17:42] [317/459] IMOB
[10:17:43] [318/459] CLMM
[10:17:44] [319/459] PZCD
[10:17:45] [320/459] GOCS
[10:17:46] [321/459] KCMA
[10:17:46] [322/459] CCMP
[10:17:47] [323/459] MTSU
[10:17:48] [324/459] SNGL
[10:17:49] [325/459] MMMC
[10:17:50] [326/459] MMAA
[10:17:51] [327/459] GCDM
[10:17:52] [328/459] KTMV
[10:17:53] [329/459] AETE
[10:17:54] [330/459] OMCS
[10:17:55] [331/459] GDCD
[10:17:55] [332/459] NYMD
[10:17:56] [333/459] RNCV
[10:17:57] [334/459] KKMT
[10:17:58] [335/459] GDTH
[10:17:59] [336/459] KMMV
[10:17:59] [337/459] NHCG
[10:18:01] [338/459] PJDW
[10:18:01] [339/459] MMCV
[10:18:02] [340/459] FQSA
[10:18:04] [341/459] KURL
[10:18:05] [342/459] NNNX
[10:18:06] [343/459] AMAU
[10:18:06] [344/459] VVVM
[10:18:07] [345/459] VECU
[10:18:08] [346/459] WCVR
[10:18:09] [347/459] MTGG
[10:18:10] [348/459] SGTG
[10:18:10] [349/459] MNTG
[10:18:11] [350/459] JDDG
[10:18:12] [351/459] MBTK
[10:18:13] [352/459] SGCD
[10:18:14] [353/459] MCTC
[10:18:14] [354/459] JTPC
[10:18:15] [355/459] SDKT
[10:18:16] [356/459] KRCC
[10:18:17] [357/459] RMMD
[10:18:18] [358/459] AAME
[10:18:19] [359/459] TMWC
[10:18:21] [360/459] NRWY
[10:18:21] [361/459] CITD
[10:18:22] [362/459] VERD
[10:18:23] [363/459] MKSK
[10:18:24] [364/459] STSM
[10:18:25] [365/459] MJDG
[10:18:26] [366/459] RKPM
[10:18:27] [367/459] SSCE
[10:18:27] [368/459] VMAE
[10:18:28] [369/459] SBRU
[10:18:29] [370/459] AMBC
[10:18:30] [371/459] AMLU
[10:18:31] [372/459] INVZ
[10:18:32] [373/459] LGTV
[10:18:33] [374/459] SVAD
[10:18:33] [375/459] SMSA
[10:18:34] [376/459] SPCZ
[10:18:35] [377/459] GTCX
[10:18:36] [378/459] SCSL
[10:18:37] [379/459] SAHU
[10:18:38] [380/459] NCDA
[10:18:39] [381/459] SCCG
[10:18:40] [382/459] VKTL
[10:18:41] [383/459] PUUJ
[10:18:41] [384/459] STEJ
[10:18:42] [385/459] RJAL
[10:18:43] [386/459] ACJC
[10:18:44] [387/459] VTHC
[10:18:45] [388/459] ARVB
[10:18:45] [389/459] AUBB
[10:18:46] [390/459] GDBR
[10:18:47] [391/459] PVND
[10:18:48] [392/459] BGRJ
[10:18:48] [393/459] RJMM
[10:18:49] [394/459] MCSA
[10:18:50] [395/459] BODA
[10:18:52] [396/459] JAGG
[10:18:53] [397/459] SCGA
[10:18:54] [398/459] LRCM
[10:18:54] [399/459] CPCN
[10:18:55] [400/459] SSTF
[10:18:56] [401/459] SRXP
[10:18:57] [402/459] CNFX
[10:18:57] [403/459] ANDI
[10:18:58] [404/459] SYEW
[10:18:59] [405/459] RCRE
[10:19:00] [406/459] SCRW
[10:19:01] [407/459] MBKR
[10:19:01] [408/459] ASNT
[10:19:03] [409/459] JTMT
[10:19:04] [410/459] SHAY
[10:19:04] [411/459] VRTH
[10:19:05] [412/459] SPTI
[10:19:06] [413/459] DPTD
[10:19:07] [414/459] TGSN
[10:19:08] [415/459] RCWV
[10:19:08] [416/459] OCUR
[10:19:09] [417/459] KSTC
[10:19:10] [418/459] SANI
[10:19:11] [419/459] MLCA
[10:19:12] [420/459] EGCA
[10:19:13] [421/459] SYSN
[10:19:14] [422/459] PKTA
[10:19:15] [423/459] PRCC
[10:19:16] [424/459] KSTR
[10:19:16] [425/459] SNTP
[10:19:17] [426/459] RCHA
[10:19:18] [427/459] SEEA
[10:19:19] [428/459] ALAT
[10:19:20] [429/459] AATV
[10:19:21] [430/459] RJTE
[10:19:22] [431/459] AAPP
[10:19:23] [432/459] PMMH
[10:19:24] [433/459] INRJ
[10:19:24] [434/459] SARB
[10:19:25] [435/459] PCJL
[10:19:26] [436/459] PFJJ
[10:19:27] [437/459] GRDC
[10:19:28] [438/459] BCBA
[10:19:29] [439/459] VIXL
[10:19:30] [440/459] CSTL
[10:19:31] [441/459] MTDK
[10:19:31] [442/459] TDAC
[10:19:32] [443/459] GTDN
[10:19:33] [444/459] TTDE
[10:19:34] [445/459] ASTS
[10:19:35] [446/459] CPNS
[10:19:36] [447/459] PVVW
[10:19:37] [448/459] USEB
[10:19:38] [449/459] DTYN
[10:19:38] [450/459] PVLE
[10:19:39] [451/459] CIPS
[10:19:40] [452/459] PAEG
[10:19:41] [453/459] PTCW
[10:19:42] [454/459] G3SR
[10:19:43] [455/459] PGND
[10:19:44] [456/459] INVM
[10:19:45] [457/459] SPIA
[10:19:45] [458/459] PCSN
[10:19:47] [459/459] PPGV
[10:19:48] 🧹 Deduping shows
[10:19:48] ✅ DONE | Shows=109 | Movies=3
