[10:12:57] 🚀 SCRIPT STARTED
[10:12:57] [1/296] CDCA
[10:12:57] 🧠 New identity created
[10:12:57] [2/296] MNSR
[10:12:58] [3/296] CSSL
[10:12:59] [4/296] BGGM
[10:13:00] [5/296] MANT
[10:13:01] [6/296] SOOY
[10:13:02] [7/296] VPPK
[10:13:03] [8/296] MYHJ
[10:13:04] [9/296] KSCK
[10:13:04] [10/296] KATK
[10:13:05] [11/296] RTRT
[10:13:06] [12/296] SSTT
[10:13:07] [13/296] SSTV
[10:13:08] [14/296] LACM
[10:13:09] [15/296] SGMG
[10:13:10] [16/296] KACX
[10:13:10] [17/296] GVCP
[10:13:11] [18/296] CSNC
[10:13:12] [19/296] SXCB
[10:13:13] [20/296] BAHS
[10:13:14] [21/296] PCBI
[10:13:15] [22/296] PSSM
[10:13:16] [23/296] RCOK
[10:13:16] [24/296] SCPF
[10:13:17] [25/296] SSAS
[10:13:18] [26/296] EVMM
[10:13:18] [27/296] SYCB
[10:13:19] [28/296] GCKI
[10:13:20] [29/296] IAET
[10:13:21] [30/296] DDTD
[10:13:22] [31/296] GMDH
[10:13:23] [32/296] STLE
[10:13:23] [33/296] JTRA
[10:13:25] [34/296] RPPA
[10:13:26] [35/296] ARUT
[10:13:27] [36/296] JTVM
[10:13:27] [37/296] SWRH
[10:13:28] [38/296] DCPC
[10:13:29] [39/296] RAPR
[10:13:30] [40/296] GCRT
[10:13:31] [41/296] ATUN
[10:13:32] [42/296] LTRM
[10:13:33] [43/296] TASR
[10:13:33] [44/296] RLLC
[10:13:35] [45/296] MABI
[10:13:36] [46/296] SVHB
[10:13:37] [47/296] NVTB
[10:13:38] [48/296] KCKG
[10:13:38] [49/296] SSRN
[10:13:39] [50/296] VDDC
[10:13:40] [51/296] GKTK
[10:13:41] [52/296] YFSN
[10:13:41] [53/296] GCSG
[10:13:43] [54/296] ESSM
[10:13:43] [55/296] KRIH
[10:13:44] [56/296] GCDS
[10:13:45] [57/296] CCSH
[10:13:46] [58/296] ACSK
[10:13:47] [59/296] APRK
[10:13:47] [60/296] ADKM
[10:13:48] [61/296] SRDM
[10:13:50] [62/296] RMOG
[10:13:50] [63/296] SJMY
[10:13:51] [64/296] PGGC
[10:13:53] [65/296] INGM
[10:13:53] [66/296] LSCB
[10:13:54] [67/296] STAD
[10:13:55] [68/296] MCCR
[10:13:56] [69/296] ABCC
[10:13:57] [70/296] RKCC
[10:13:57] [71/296] RTCR
[10:13:59] [72/296] GGBC
[10:14:00] [73/296] GCSD
[10:14:01] [74/296] LPTY
[10:14:02] [75/296] MCFD
[10:14:03] [76/296] HENN
[10:14:04] [77/296] SMKU
[10:14:05] [78/296] TNZC
[10:14:06] [79/296] DRCD
[10:14:07] [80/296] DLCD
[10:14:08] [81/296] RCDA
[10:14:09] [82/296] COSM
[10:14:10] [83/296] MCMJ
[10:14:11] [84/296] CSTR
[10:14:12] [85/296] CVDK
[10:14:13] [86/296] INRR
[10:14:14] [87/296] RJRT
[10:14:14] [88/296] IRMR
[10:14:15] [89/296] SRCF
[10:14:16] [90/296] GRCR
[10:14:17] [91/296] SURC
[10:14:18] [92/296] NMNH
[10:14:18] [93/296] SVBL
[10:14:19] [94/296] KACI
[10:14:20] [95/296] TDGO
[10:14:21] [96/296] KTBR
[10:14:22] [97/296] PMAD
[10:14:23] [98/296] CCPN
[10:14:24] [99/296] SBTK
[10:14:25] [100/296] LMDK
[10:14:26] [101/296] PGDA
[10:14:26] [102/296] SRML
[10:14:27] [103/296] EVCK
[10:14:28] [104/296] RTTK
[10:14:29] [105/296] SRTU
[10:14:30] [106/296] VRSA
[10:14:31] [107/296] VARS
[10:14:32] [108/296] DSCZ
[10:14:33] [109/296] GAGA
[10:14:33] [110/296] SARV
[10:14:34] [111/296] SEEG
[10:14:35] [112/296] GLCA
[10:14:36] [113/296] APAS
[10:14:36] [114/296] VCIA
[10:14:37] [115/296] SJTA
[10:14:38] [116/296] SABM
[10:14:39] [117/296] PPAG
[10:14:40] [118/296] RVCA
[10:14:41] [119/296] CCIA
[10:14:41] [120/296] HTAG
[10:14:42] [121/296] SMBI
[10:14:43] [122/296] MCJR
[10:14:44] [123/296] CCJR
[10:14:44] [124/296] SINF
[10:14:45] [125/296] CPLX
[10:14:46] [126/296] KKTJ
[10:14:47] [127/296] GDBW
[10:14:48] [128/296] CSUB
[10:14:49] [129/296] DABA
[10:14:50] [130/296] TITR
[10:14:51] [131/296] NYCR
[10:14:52] [132/296] RTRY
[10:14:53] [133/296] JTJL
[10:14:53] [134/296] SJCP
[10:14:55] [135/296] KCCA
[10:14:55] [136/296] MLPG
[10:14:56] [137/296] VRCK
[10:14:57] [138/296] SRIN
[10:14:58] [139/296] CXMK
[10:14:59] [140/296] SKAD
[10:15:00] [141/296] AVTR
[10:15:00] [142/296] PTAJ
[10:15:01] [143/296] SCNK
[10:15:02] [144/296] STTI
[10:15:03] [145/296] KACR
[10:15:04] [146/296] SSDX
[10:15:05] [147/296] VRTJ
[10:15:06] [148/296] RAJD
[10:15:07] [149/296] SCIP
[10:15:08] [150/296] RJSL
[10:15:09] [151/296] ARRS
[10:15:10] [152/296] ASMS
[10:15:10] [153/296] RDTS
[10:15:11] [154/296] DVMY
[10:15:13] [155/296] RASA
[10:15:14] [156/296] INOM
[10:15:15] [157/296] SPRS
[10:15:16] [158/296] SGCS
[10:15:17] [159/296] SALM
[10:15:18] [160/296] PKHC
[10:15:19] [161/296] RCSV
[10:15:20] [162/296] CPKC
[10:15:20] [163/296] AACD
[10:15:21] [164/296] GGCV
[10:15:22] [165/296] SMKD
[10:15:22] [166/296] NBCH
[10:15:23] [167/296] AMCB
[10:15:24] [168/296] OPCN
[10:15:25] [169/296] DCIN
[10:15:26] [170/296] INGW
[10:15:27] [171/296] PKKW
[10:15:27] [172/296] FNGW
[10:15:28] [173/296] GCGD
[10:15:29] [174/296] MSTW
[10:15:30] [175/296] KCCG
[10:15:31] [176/296] MRSS
[10:15:32] [177/296] CLCF
[10:15:32] [178/296] EETS
[10:15:33] [179/296] AATR
[10:15:34] [180/296] CMMN
[10:15:35] [181/296] SCCJ
[10:15:36] [182/296] CDTK
[10:15:36] [183/296] AICP
[10:15:37] [184/296] FNBP
[10:15:38] [185/296] CBPB
[10:15:39] [186/296] CPAS
[10:15:40] [187/296] MAPM
[10:15:41] [188/296] PASD
[10:15:42] [189/296] JCMN
[10:15:43] [190/296] MALB
[10:15:43] [191/296] SACG
[10:15:44] [192/296] DDRX
[10:15:45] [193/296] DDXB
[10:15:46] [194/296] RAMC
[10:15:48] [195/296] SANC
[10:15:49] [196/296] BCBP
[10:15:49] [197/296] ALPC
[10:15:50] [198/296] RBAC
[10:15:51] [199/296] RAJL
[10:15:52] [200/296] MPDX
[10:15:53] [201/296] MUSC
[10:15:53] [202/296] VKMK
[10:15:54] [203/296] SKCG
[10:15:55] [204/296] ANCN
[10:15:57] [205/296] MMCJ
[10:15:57] [206/296] DCAK
[10:15:59] [207/296] SCKG
[10:16:00] [208/296] LMCK
[10:16:01] [209/296] CKKX
[10:16:02] [210/296] ANKU
[10:16:03] [211/296] CSMD
[10:16:04] [212/296] MKMP
[10:16:05] [213/296] SVBG
[10:16:06] [214/296] ROOP
[10:16:07] [215/296] GDMT
[10:16:08] [216/296] FPPF
[10:16:09] [217/296] SFUU
[10:16:10] [218/296] ANCB
[10:16:10] [219/296] SMMC
[10:16:11] [220/296] UGKT
[10:16:12] [221/296] JVRM
[10:16:13] [222/296] BATG
[10:16:14] [223/296] RATE
[10:16:15] [224/296] SKME
[10:16:16] [225/296] LMTP
[10:16:17] [226/296] TCBD
[10:16:18] [227/296] ESBD
[10:16:18] [228/296] GDCU
[10:16:19] [229/296] SNKT
[10:16:20] [230/296] SRNK
[10:16:21] [231/296] SMED
[10:16:22] [232/296] CSQS
[10:16:23] [233/296] ALCS
[10:16:24] [234/296] KCKN
[10:16:25] [235/296] VCCL
[10:16:26] [236/296] MCDA
[10:16:27] [237/296] SHMI
[10:16:28] [238/296] SKHA
[10:16:28] [239/296] SVFK
[10:16:29] [240/296] INVB
[10:16:30] [241/296] MELD
[10:16:31] [242/296] JTYS
[10:16:32] [243/296] INCM
[10:16:33] [244/296] MCDV
[10:16:34] [245/296] KSGK
[10:16:35] [246/296] ICMG
[10:16:36] [247/296] CSCV
[10:16:37] [248/296] STMD
[10:16:38] [249/296] STTR
[10:16:39] [250/296] INVC
[10:16:40] [251/296] JTBL
[10:16:41] [252/296] SRVV
[10:16:42] [253/296] MAVC
[10:16:43] [254/296] SRPP
[10:16:44] [255/296] JGDM
[10:16:45] [256/296] MBSJ
[10:16:46] [257/296] SSLL
[10:16:47] [258/296] SLKP
[10:16:48] [259/296] NSRV
[10:16:49] [260/296] UTDV
[10:16:50] [261/296] KICM
[10:16:52] [262/296] KCMD
[10:16:52] [263/296] TTPP
[10:16:53] [264/296] KMPV
[10:16:54] [265/296] SKTV
[10:16:55] [266/296] STCV
[10:16:56] [267/296] SRDA
[10:16:57] [268/296] JTSX
[10:16:57] [269/296] STBV
[10:16:58] [270/296] APVZ
[10:16:59] [271/296] GSTV
[10:17:01] [272/296] NMVS
[10:17:01] [273/296] SKRT
[10:17:02] [274/296] RMDV
[10:17:03] [275/296] RATG
[10:17:04] [276/296] SJYV
[10:17:05] [277/296] NDGP
[10:17:06] [278/296] SNDG
[10:17:07] [279/296] INSR
[10:17:08] [280/296] INSO
[10:17:08] [281/296] CCSI
[10:17:09] [282/296] RASM
[10:17:10] [283/296] NEWC
[10:17:11] [284/296] VSHL
[10:17:12] [285/296] BISW
[10:17:13] [286/296] GCNG
[10:17:14] [287/296] CWSC
[10:17:15] [288/296] SKAN
[10:17:16] [289/296] SEHP
[10:17:17] [290/296] CCOA
[10:17:18] [291/296] MCAJ
[10:17:18] [292/296] ACDE
[10:17:19] [293/296] AACM
[10:17:20] [294/296] JJCK
[10:17:22] [295/296] RCMO
[10:17:22] [296/296] GDAW
[10:17:23] 🧹 Deduping shows
[10:17:23] ✅ DONE | Shows=79 | Movies=4
[16:41:53] 🚀 SCRIPT STARTED
[16:41:53] [1/296] CDCA
[16:41:53] 🧠 New identity created
[16:41:54] [2/296] MNSR
[16:41:55] [3/296] CSSL
[16:41:57] [4/296] BGGM
[16:41:59] [5/296] MANT
[16:42:00] [6/296] SOOY
[16:42:01] [7/296] VPPK
[16:42:03] [8/296] MYHJ
[16:42:04] [9/296] KSCK
[16:42:06] [10/296] KATK
[16:42:07] [11/296] RTRT
[16:42:08] [12/296] SSTT
[16:42:09] [13/296] SSTV
[16:42:10] [14/296] LACM
[16:42:12] [15/296] SGMG
[16:42:13] [16/296] KACX
[16:42:14] [17/296] GVCP
[16:42:15] [18/296] CSNC
[16:42:16] [19/296] SXCB
[16:42:17] [20/296] BAHS
[16:42:18] [21/296] PCBI
[16:42:18] [22/296] PSSM
[16:42:19] [23/296] RCOK
[16:42:21] [24/296] SCPF
[16:42:22] [25/296] SSAS
[16:42:22] [26/296] EVMM
[16:42:24] [27/296] SYCB
[16:42:25] [28/296] GCKI
[16:42:26] [29/296] IAET
[16:42:26] [30/296] DDTD
[16:42:28] [31/296] GMDH
[16:42:29] [32/296] STLE
[16:42:31] [33/296] JTRA
[16:42:32] [34/296] RPPA
[16:42:33] [35/296] ARUT
[16:42:34] [36/296] JTVM
[16:42:36] [37/296] SWRH
[16:42:37] [38/296] DCPC
[16:42:39] [39/296] RAPR
[16:42:40] [40/296] GCRT
[16:42:41] [41/296] ATUN
[16:42:42] [42/296] LTRM
[16:42:44] [43/296] TASR
[16:42:44] [44/296] RLLC
[16:42:45] [45/296] MABI
[16:42:47] [46/296] SVHB
[16:42:47] [47/296] NVTB
[16:42:49] [48/296] KCKG
[16:42:50] [49/296] SSRN
[16:42:52] [50/296] VDDC
[16:42:52] [51/296] GKTK
[16:42:53] [52/296] YFSN
[16:42:55] [53/296] GCSG
[16:42:56] [54/296] ESSM
[16:42:57] [55/296] KRIH
[16:42:58] [56/296] GCDS
[16:42:59] [57/296] CCSH
[16:43:00] [58/296] ACSK
[16:43:01] [59/296] APRK
[16:43:02] [60/296] ADKM
[16:43:04] [61/296] SRDM
[16:43:05] [62/296] RMOG
[16:43:07] [63/296] SJMY
[16:43:08] [64/296] PGGC
[16:43:09] [65/296] INGM
[16:43:10] [66/296] LSCB
[16:43:12] [67/296] STAD
[16:43:13] [68/296] MCCR
[16:43:15] [69/296] ABCC
[16:43:16] [70/296] RKCC
[16:43:18] [71/296] RTCR
[16:43:19] [72/296] GGBC
[16:43:20] [73/296] GCSD
[16:43:21] [74/296] LPTY
[16:43:21] [75/296] MCFD
[16:43:22] [76/296] HENN
[16:43:23] [77/296] SMKU
[16:43:24] [78/296] TNZC
[16:43:25] [79/296] DRCD
[16:43:26] [80/296] DLCD
[16:43:27] [81/296] RCDA
[16:43:28] [82/296] COSM
[16:43:29] [83/296] MCMJ
[16:43:31] [84/296] CSTR
[16:43:32] [85/296] CVDK
[16:43:33] [86/296] INRR
[16:43:34] [87/296] RJRT
[16:43:34] [88/296] IRMR
[16:43:36] [89/296] SRCF
[16:43:37] [90/296] GRCR
[16:43:38] [91/296] SURC
[16:43:38] [92/296] NMNH
[16:43:40] [93/296] SVBL
[16:43:42] [94/296] KACI
[16:43:42] [95/296] TDGO
[16:43:44] [96/296] KTBR
[16:43:45] [97/296] PMAD
[16:43:47] [98/296] CCPN
[16:43:48] [99/296] SBTK
[16:43:49] [100/296] LMDK
[16:43:50] [101/296] PGDA
[16:43:51] [102/296] SRML
[16:43:52] [103/296] EVCK
[16:43:53] [104/296] RTTK
[16:43:54] [105/296] SRTU
[16:43:55] [106/296] VRSA
[16:43:56] [107/296] VARS
[16:43:57] [108/296] DSCZ
[16:43:59] [109/296] GAGA
[16:44:00] [110/296] SARV
[16:44:01] [111/296] SEEG
[16:44:02] [112/296] GLCA
[16:44:04] [113/296] APAS
[16:44:05] [114/296] VCIA
[16:44:06] [115/296] SJTA
[16:44:08] [116/296] SABM
[16:44:09] [117/296] PPAG
[16:44:09] [118/296] RVCA
[16:44:11] [119/296] CCIA
[16:44:12] [120/296] HTAG
[16:44:13] [121/296] SMBI
[16:44:14] [122/296] MCJR
[16:44:16] [123/296] CCJR
[16:44:17] [124/296] SINF
[16:44:18] [125/296] CPLX
[16:44:20] [126/296] KKTJ
[16:44:21] [127/296] GDBW
[16:44:22] [128/296] CSUB
[16:44:22] [129/296] DABA
[16:44:23] [130/296] TITR
[16:44:25] [131/296] NYCR
[16:44:26] [132/296] RTRY
[16:44:28] [133/296] JTJL
[16:44:29] [134/296] SJCP
[16:44:31] [135/296] KCCA
[16:44:32] [136/296] MLPG
[16:44:33] [137/296] VRCK
[16:44:34] [138/296] SRIN
[16:44:36] [139/296] CXMK
[16:44:36] [140/296] SKAD
[16:44:37] [141/296] AVTR
[16:44:38] [142/296] PTAJ
[16:44:40] [143/296] SCNK
[16:44:41] [144/296] STTI
[16:44:42] [145/296] KACR
[16:44:42] [146/296] SSDX
[16:44:44] [147/296] VRTJ
[16:44:45] [148/296] RAJD
[16:44:46] [149/296] SCIP
[16:44:46] [150/296] RJSL
[16:44:47] [151/296] ARRS
[16:44:49] [152/296] ASMS
[16:44:50] [153/296] RDTS
[16:44:52] [154/296] DVMY
[16:44:53] [155/296] RASA
[16:44:54] [156/296] INOM
[16:44:55] [157/296] SPRS
[16:44:56] [158/296] SGCS
[16:44:57] [159/296] SALM
[16:44:59] [160/296] PKHC
[16:45:00] [161/296] RCSV
[16:45:02] [162/296] CPKC
[16:45:02] [163/296] AACD
[16:45:04] [164/296] GGCV
[16:45:04] [165/296] SMKD
[16:45:05] [166/296] NBCH
[16:45:06] [167/296] AMCB
[16:45:07] [168/296] OPCN
[16:45:08] [169/296] DCIN
[16:45:09] [170/296] INGW
[16:45:10] [171/296] PKKW
[16:45:11] [172/296] FNGW
[16:45:12] [173/296] GCGD
[16:45:13] [174/296] MSTW
[16:45:14] [175/296] KCCG
[16:45:15] [176/296] MRSS
[16:45:16] [177/296] CLCF
[16:45:18] [178/296] EETS
[16:45:18] [179/296] AATR
[16:45:20] [180/296] CMMN
[16:45:21] [181/296] SCCJ
[16:45:22] [182/296] CDTK
[16:45:23] [183/296] AICP
[16:45:23] [184/296] FNBP
[16:45:24] [185/296] CBPB
[16:45:26] [186/296] CPAS
[16:45:27] [187/296] MAPM
[16:45:28] [188/296] PASD
[16:45:29] [189/296] JCMN
[16:45:30] [190/296] MALB
[16:45:31] [191/296] SACG
[16:45:32] [192/296] DDRX
[16:45:32] [193/296] DDXB
[16:45:34] [194/296] RAMC
[16:45:34] [195/296] SANC
[16:45:36] [196/296] BCBP
[16:45:37] [197/296] ALPC
[16:45:38] [198/296] RBAC
[16:45:39] [199/296] RAJL
[16:45:40] [200/296] MPDX
[16:45:41] [201/296] MUSC
[16:45:42] [202/296] VKMK
[16:45:43] [203/296] SKCG
[16:45:44] [204/296] ANCN
[16:45:46] [205/296] MMCJ
[16:45:47] [206/296] DCAK
[16:45:48] [207/296] SCKG
[16:45:49] [208/296] LMCK
[16:45:50] [209/296] CKKX
[16:45:50] [210/296] ANKU
[16:45:52] [211/296] CSMD
[16:45:53] [212/296] MKMP
[16:45:54] [213/296] SVBG
[16:45:55] [214/296] ROOP
[16:45:56] [215/296] GDMT
[16:45:57] [216/296] FPPF
[16:45:59] [217/296] SFUU
[16:46:00] [218/296] ANCB
[16:46:01] [219/296] SMMC
[16:46:03] [220/296] UGKT
[16:46:03] [221/296] JVRM
[16:46:05] [222/296] BATG
[16:46:05] [223/296] RATE
[16:46:07] [224/296] SKME
[16:46:08] [225/296] LMTP
[16:46:10] [226/296] TCBD
[16:46:10] [227/296] ESBD
[16:46:12] [228/296] GDCU
[16:46:13] [229/296] SNKT
[16:46:15] [230/296] SRNK
[16:46:16] [231/296] SMED
[16:46:18] [232/296] CSQS
[16:46:19] [233/296] ALCS
[16:46:20] [234/296] KCKN
[16:46:21] [235/296] VCCL
[16:46:22] [236/296] MCDA
[16:46:23] [237/296] SHMI
[16:46:24] [238/296] SKHA
[16:46:24] [239/296] SVFK
[16:46:25] [240/296] INVB
[16:46:27] [241/296] MELD
[16:46:27] [242/296] JTYS
[16:46:28] [243/296] INCM
[16:46:29] [244/296] MCDV
[16:46:31] [245/296] KSGK
[16:46:32] [246/296] ICMG
[16:46:34] [247/296] CSCV
[16:46:35] [248/296] STMD
[16:46:36] [249/296] STTR
[16:46:38] [250/296] INVC
[16:46:38] [251/296] JTBL
[16:46:39] [252/296] SRVV
[16:46:40] [253/296] MAVC
[16:46:42] [254/296] SRPP
[16:46:43] [255/296] JGDM
[16:46:44] [256/296] MBSJ
[16:46:46] [257/296] SSLL
[16:46:47] [258/296] SLKP
[16:46:47] [259/296] NSRV
[16:46:48] [260/296] UTDV
[16:46:50] [261/296] KICM
[16:46:51] [262/296] KCMD
[16:46:52] [263/296] TTPP
[16:46:53] [264/296] KMPV
[16:46:54] [265/296] SKTV
[16:46:55] [266/296] STCV
[16:46:56] [267/296] SRDA
[16:46:57] [268/296] JTSX
[16:46:58] [269/296] STBV
[16:47:00] [270/296] APVZ
[16:47:01] [271/296] GSTV
[16:47:02] [272/296] NMVS
[16:47:03] [273/296] SKRT
[16:47:03] [274/296] RMDV
[16:47:05] [275/296] RATG
[16:47:06] [276/296] SJYV
[16:47:06] [277/296] NDGP
[16:47:08] [278/296] SNDG
[16:47:09] [279/296] INSR
[16:47:10] [280/296] INSO
[16:47:11] [281/296] CCSI
[16:47:12] [282/296] RASM
[16:47:13] [283/296] NEWC
[16:47:14] [284/296] VSHL
[16:47:15] [285/296] BISW
[16:47:16] [286/296] GCNG
[16:47:17] [287/296] CWSC
[16:47:18] [288/296] SKAN
[16:47:19] [289/296] SEHP
[16:47:20] [290/296] CCOA
[16:47:21] [291/296] MCAJ
[16:47:22] [292/296] ACDE
[16:47:23] [293/296] AACM
[16:47:24] [294/296] JJCK
[16:47:24] [295/296] RCMO
[16:47:26] [296/296] GDAW
[16:47:27] 🧹 Deduping shows
[16:47:27] ✅ DONE | Shows=84 | Movies=4
