[10:12:59] 🚀 SCRIPT STARTED
[10:12:59] [1/324] GCTA
[10:13:00] 🧠 New identity created
[10:13:00] [2/324] TOPN
[10:13:01] [3/324] MCUS
[10:13:02] [4/324] SHRL
[10:13:03] [5/324] UPTP
[10:13:04] [6/324] TMMP
[10:13:05] [7/324] DNRP
[10:13:06] [8/324] SRLT
[10:13:07] [9/324] RCNS
[10:13:08] [10/324] DCBH
[10:13:09] [11/324] NAGJ
[10:13:09] [12/324] JVRC
[10:13:10] [13/324] KRJG
[10:13:11] [14/324] SRTJ
[10:13:12] [15/324] CMXM
[10:13:13] [16/324] STMI
[10:13:14] [17/324] SLST
[10:13:15] [18/324] DTCN
[10:13:16] [19/324] STYN
[10:13:16] [20/324] SZVR
[10:13:17] [21/324] SRKO
[10:13:18] [22/324] JTGT
[10:13:19] [23/324] SVFD
[10:13:20] [24/324] SISD
[10:13:21] [25/324] ABDD
[10:13:21] [26/324] DRCA
[10:13:22] [27/324] AVCS
[10:13:23] [28/324] MVKH
[10:13:24] [29/324] ACPR
[10:13:25] [30/324] STIP
[10:13:25] [31/324] MTRA
[10:13:26] [32/324] RMKH
[10:13:27] [33/324] NKRL
[10:13:28] [34/324] PCWN
[10:13:29] [35/324] BLMT
[10:13:30] [36/324] GDPG
[10:13:31] [37/324] SRMX
[10:13:32] [38/324] JACP
[10:13:33] [39/324] CPSH
[10:13:33] [40/324] MCCD
[10:13:34] [41/324] ECGH
[10:13:35] [42/324] MKCK
[10:13:36] [43/324] SRMM
[10:13:37] [44/324] SKYR
[10:13:38] [45/324] PCKC
[10:13:38] [46/324] JCMA
[10:13:39] [47/324] BSMP
[10:13:41] [48/324] VSPA
[10:13:41] [49/324] DJYA
[10:13:43] [50/324] DIMP
[10:13:44] [51/324] FXDR
[10:13:45] [52/324] SSRC
[10:13:45] [53/324] STHP
[10:13:46] [54/324] CPPD
[10:13:48] [55/324] FCLK
[10:13:49] [56/324] SCPP
[10:13:49] [57/324] DCMJ
[10:13:50] [58/324] RCCR
[10:13:51] [59/324] INMT
[10:13:53] [60/324] LXTK
[10:13:53] [61/324] SRYK
[10:13:54] [62/324] SGDK
[10:13:55] [63/324] PPKA
[10:13:56] [64/324] SPKA
[10:13:58] [65/324] CGHH
[10:13:58] [66/324] DCJN
[10:13:59] [67/324] SRKV
[10:14:00] [68/324] SAJC
[10:14:01] [69/324] SUSR
[10:14:02] [70/324] STYG
[10:14:03] [71/324] NTKP
[10:14:04] [72/324] AKTG
[10:14:04] [73/324] CGCM
[10:14:05] [74/324] TULC
[10:14:06] [75/324] NYYZ
[10:14:07] [76/324] NYBW
[10:14:08] [77/324] MACB
[10:14:09] [78/324] SLVT
[10:14:10] [79/324] SANA
[10:14:11] [80/324] ACMR
[10:14:12] [81/324] CPKN
[10:14:13] [82/324] DLGK
[10:14:13] [83/324] CWCK
[10:14:14] [84/324] FDDH
[10:14:15] [85/324] MMMD
[10:14:16] [86/324] CMEH
[10:14:17] [87/324] GGGV
[10:14:18] [88/324] SPJL
[10:14:19] [89/324] RCCD
[10:14:19] [90/324] STTZ
[10:14:20] [91/324] BTCF
[10:14:21] [92/324] TSTZ
[10:14:22] [93/324] IPMM
[10:14:23] [94/324] PMPW
[10:14:24] [95/324] PCMZ
[10:14:25] [96/324] ESEM
[10:14:26] [97/324] PIPO
[10:14:27] [98/324] MATK
[10:14:27] [99/324] PGHM
[10:14:28] [100/324] CTSR
[10:14:29] [101/324] CYKR
[10:14:30] [102/324] MSCM
[10:14:31] [103/324] RFNP
[10:14:31] [104/324] PDCP
[10:14:33] [105/324] NPSE
[10:14:34] [106/324] MKML
[10:14:34] [107/324] FTDP
[10:14:35] [108/324] MMXA
[10:14:36] [109/324] CEPO
[10:14:37] [110/324] CMVP
[10:14:38] [111/324] SGTH
[10:14:39] [112/324] SAYN
[10:14:40] [113/324] URVS
[10:14:40] [114/324] VJTN
[10:14:41] [115/324] BBYK
[10:14:42] [116/324] SHBO
[10:14:43] [117/324] VCMR
[10:14:44] [118/324] MACT
[10:14:45] [119/324] JMNP
[10:14:46] [120/324] VICS
[10:14:46] [121/324] VCDA
[10:14:47] [122/324] GCMM
[10:14:49] [123/324] INVS
[10:14:49] [124/324] SCGM
[10:14:50] [125/324] PCDA
[10:14:51] [126/324] KDCT
[10:14:52] [127/324] JACS
[10:14:53] [128/324] GMMC
[10:14:54] [129/324] AICM
[10:14:55] [130/324] TJCM
[10:14:56] [131/324] RMTI
[10:14:56] [132/324] SHAC
[10:14:57] [133/324] APJC
[10:14:58] [134/324] GCTG
[10:14:59] [135/324] SSMC
[10:15:00] [136/324] THRM
[10:15:00] [137/324] RBCT
[10:15:01] [138/324] DIKT
[10:15:02] [139/324] MIDL
[10:15:03] [140/324] VCSN
[10:15:04] [141/324] SKTG
[10:15:05] [142/324] SMWC
[10:15:06] [143/324] MNKH
[10:15:07] [144/324] PIAT
[10:15:07] [145/324] LTTP
[10:15:08] [146/324] PTPU
[10:15:09] [147/324] ACMG
[10:15:10] [148/324] SHMM
[10:15:11] [149/324] MCMN
[10:15:12] [150/324] GLDC
[10:15:13] [151/324] HOUT
[10:15:14] [152/324] SVRP
[10:15:14] [153/324] PVDN
[10:15:15] [154/324] SCPY
[10:15:16] [155/324] DTPY
[10:15:17] [156/324] GKCS
[10:15:18] [157/324] NCAM
[10:15:19] [158/324] BSRM
[10:15:19] [159/324] RCLC
[10:15:20] [160/324] SKKD
[10:15:21] [161/324] ACHU
[10:15:22] [162/324] RSCF
[10:15:22] [163/324] IMSH
[10:15:24] [164/324] MACX
[10:15:24] [165/324] HMMW
[10:15:25] [166/324] JTCP
[10:15:26] [167/324] SREN
[10:15:27] [168/324] PJRR
[10:15:27] [169/324] INAC
[10:15:29] [170/324] BMCA
[10:15:29] [171/324] SHCB
[10:15:30] [172/324] GABA
[10:15:32] [173/324] SBCT
[10:15:33] [174/324] GCMA
[10:15:34] [175/324] MYTK
[10:15:35] [176/324] INZS
[10:15:36] [177/324] RMIK
[10:15:37] [178/324] NYCH
[10:15:38] [179/324] RAVE
[10:15:39] [180/324] PSXM
[10:15:40] [181/324] MCGP
[10:15:41] [182/324] PDDK
[10:15:42] [183/324] SPCK
[10:15:43] [184/324] MCRL
[10:15:44] [185/324] MHKT
[10:15:44] [186/324] ANRR
[10:15:45] [187/324] SAPK
[10:15:46] [188/324] NCUK
[10:15:47] [189/324] JUGA
[10:15:48] [190/324] DBSC
[10:15:48] [191/324] LALK
[10:15:50] [192/324] GUCK
[10:15:51] [193/324] STSG
[10:15:52] [194/324] PPPZ
[10:15:53] [195/324] CNCY
[10:15:54] [196/324] MTAR
[10:15:54] [197/324] VNKD
[10:15:55] [198/324] KMAJ
[10:15:56] [199/324] ACXK
[10:15:57] [200/324] UTKC
[10:15:58] [201/324] PBLK
[10:15:58] [202/324] ACBX
[10:15:59] [203/324] PTGM
[10:16:00] [204/324] BTDA
[10:16:01] [205/324] PJMB
[10:16:02] [206/324] TPDA
[10:16:04] [207/324] AMOE
[10:16:05] [208/324] PRHT
[10:16:06] [209/324] PRTA
[10:16:07] [210/324] STAM
[10:16:08] [211/324] MSAA
[10:16:09] [212/324] SDLU
[10:16:09] [213/324] RCHH
[10:16:11] [214/324] KANT
[10:16:12] [215/324] FCRT
[10:16:12] [216/324] DNKM
[10:16:13] [217/324] RYCP
[10:16:14] [218/324] MYRP
[10:16:15] [219/324] PPAK
[10:16:16] [220/324] NVPK
[10:16:17] [221/324] PRMC
[10:16:18] [222/324] JBCS
[10:16:18] [223/324] GXCK
[10:16:19] [224/324] USKO
[10:16:20] [225/324] GTEM
[10:16:21] [226/324] SMBU
[10:16:21] [227/324] VETC
[10:16:22] [228/324] LCDA
[10:16:23] [229/324] MTVT
[10:16:24] [230/324] PYCP
[10:16:25] [231/324] PNSC
[10:16:26] [232/324] PPCC
[10:16:26] [233/324] TGRT
[10:16:27] [234/324] JYOT
[10:16:28] [235/324] SRCZ
[10:16:29] [236/324] SJTE
[10:16:30] [237/324] DESC
[10:16:30] [238/324] JHVN
[10:16:31] [239/324] IPSG
[10:16:32] [240/324] IPCM
[10:16:33] [241/324] PDRS
[10:16:34] [242/324] ANCV
[10:16:34] [243/324] CMVV
[10:16:35] [244/324] SHYP
[10:16:36] [245/324] DNCS
[10:16:37] [246/324] GAJK
[10:16:38] [247/324] AKTN
[10:16:39] [248/324] KAYA
[10:16:39] [249/324] SBRC
[10:16:40] [250/324] CHTP
[10:16:41] [251/324] SHRT
[10:16:42] [252/324] BCKU
[10:16:43] [253/324] FCPS
[10:16:44] [254/324] ARDD
[10:16:45] [255/324] CPCM
[10:16:45] [256/324] CGSM
[10:16:46] [257/324] PSMP
[10:16:47] [258/324] SDAL
[10:16:48] [259/324] RTNB
[10:16:48] [260/324] LMCR
[10:16:49] [261/324] CIMA
[10:16:50] [262/324] RNAS
[10:16:51] [263/324] LITH
[10:16:52] [264/324] PBOX
[10:16:52] [265/324] FRTS
[10:16:53] [266/324] RKIC
[10:16:54] [267/324] PTAI
[10:16:55] [268/324] GCIC
[10:16:56] [269/324] FNAS
[10:16:56] [270/324] SCAR
[10:16:57] [271/324] MTCA
[10:16:58] [272/324] SCTS
[10:16:59] [273/324] SYCS
[10:17:00] [274/324] RDMS
[10:17:01] [275/324] KAMP
[10:17:01] [276/324] ERSD
[10:17:02] [277/324] MJMJ
[10:17:03] [278/324] SRCJ
[10:17:04] [279/324] SCXE
[10:17:05] [280/324] SVFR
[10:17:05] [281/324] BHCS
[10:17:06] [282/324] IMCC
[10:17:07] [283/324] PCBO
[10:17:08] [284/324] PRVN
[10:17:09] [285/324] AUPM
[10:17:10] [286/324] INBW
[10:17:11] [287/324] SVCW
[10:17:12] [288/324] RKCF
[10:17:13] [289/324] UVBH
[10:17:14] [290/324] DNCY
[10:17:15] [291/324] ABCN
[10:17:15] [292/324] PRUR
[10:17:16] [293/324] PFMR
[10:17:17] [294/324] RKCN
[10:17:18] [295/324] CFEA
[10:17:19] [296/324] SDBG
[10:17:20] [297/324] SNAR
[10:17:20] [298/324] YISI
[10:17:21] [299/324] JCFF
[10:17:22] [300/324] VTRK
[10:17:23] [301/324] PCLZ
[10:17:23] [302/324] DIMY
[10:17:24] [303/324] BBTS
[10:17:25] [304/324] GATH
[10:17:26] [305/324] GTMN
[10:17:27] [306/324] VTMH
[10:17:28] [307/324] CCKP
[10:17:28] [308/324] GPKA
[10:17:29] [309/324] MHCL
[10:17:30] [310/324] ATCL
[10:17:31] [311/324] SBCK
[10:17:32] [312/324] AMMR
[10:17:33] [313/324] MADC
[10:17:34] [314/324] TMMA
[10:17:35] [315/324] CACC
[10:17:35] [316/324] CHAL
[10:17:36] [317/324] DURG
[10:17:37] [318/324] GMKU
[10:17:38] [319/324] GECA
[10:17:39] [320/324] KYRR
[10:17:40] [321/324] KSDE
[10:17:41] [322/324] LMCI
[10:17:42] [323/324] NKCP
[10:17:44] [324/324] BGTC
[10:17:45] 🧹 Deduping shows
[10:17:45] ✅ DONE | Shows=136 | Movies=5
[16:41:55] 🚀 SCRIPT STARTED
[16:41:55] [1/324] GCTA
[16:41:55] 🧠 New identity created
[16:41:56] [2/324] TOPN
[16:41:57] [3/324] MCUS
[16:41:58] [4/324] SHRL
[16:41:59] [5/324] UPTP
[16:42:00] [6/324] TMMP
[16:42:00] [7/324] DNRP
[16:42:02] [8/324] SRLT
[16:42:03] [9/324] RCNS
[16:42:04] [10/324] DCBH
[16:42:05] [11/324] NAGJ
[16:42:06] [12/324] JVRC
[16:42:06] [13/324] KRJG
[16:42:07] [14/324] SRTJ
[16:42:08] [15/324] CMXM
[16:42:10] [16/324] STMI
[16:42:11] [17/324] SLST
[16:42:12] [18/324] DTCN
[16:42:13] [19/324] STYN
[16:42:14] [20/324] SZVR
[16:42:15] [21/324] SRKO
[16:42:16] [22/324] JTGT
[16:42:17] [23/324] SVFD
[16:42:18] [24/324] SISD
[16:42:19] [25/324] ABDD
[16:42:20] [26/324] DRCA
[16:42:21] [27/324] AVCS
[16:42:22] [28/324] MVKH
[16:42:23] [29/324] ACPR
[16:42:24] [30/324] STIP
[16:42:25] [31/324] MTRA
[16:42:26] [32/324] RMKH
[16:42:27] [33/324] NKRL
[16:42:29] [34/324] PCWN
[16:42:30] [35/324] BLMT
[16:42:31] [36/324] GDPG
[16:42:32] [37/324] SRMX
[16:42:32] [38/324] JACP
[16:42:33] [39/324] CPSH
[16:42:34] [40/324] MCCD
[16:42:35] [41/324] ECGH
[16:42:36] [42/324] MKCK
[16:42:37] [43/324] SRMM
[16:42:38] [44/324] SKYR
[16:42:39] [45/324] PCKC
[16:42:40] [46/324] JCMA
[16:42:41] [47/324] BSMP
[16:42:41] [48/324] VSPA
[16:42:42] [49/324] DJYA
[16:42:43] [50/324] DIMP
[16:42:44] [51/324] FXDR
[16:42:45] [52/324] SSRC
[16:42:45] [53/324] STHP
[16:42:46] [54/324] CPPD
[16:42:47] [55/324] FCLK
[16:42:48] [56/324] SCPP
[16:42:50] [57/324] DCMJ
[16:42:51] [58/324] RCCR
[16:42:51] [59/324] INMT
[16:42:52] [60/324] LXTK
[16:42:53] [61/324] SRYK
[16:42:54] [62/324] SGDK
[16:42:55] [63/324] PPKA
[16:42:55] [64/324] SPKA
[16:42:56] [65/324] CGHH
[16:42:57] [66/324] DCJN
[16:42:58] [67/324] SRKV
[16:42:59] [68/324] SAJC
[16:43:00] [69/324] SUSR
[16:43:01] [70/324] STYG
[16:43:01] [71/324] NTKP
[16:43:02] [72/324] AKTG
[16:43:03] [73/324] CGCM
[16:43:04] [74/324] TULC
[16:43:06] [75/324] NYYZ
[16:43:06] [76/324] NYBW
[16:43:07] [77/324] MACB
[16:43:08] [78/324] SLVT
[16:43:09] [79/324] SANA
[16:43:10] [80/324] ACMR
[16:43:10] [81/324] CPKN
[16:43:11] [82/324] DLGK
[16:43:12] [83/324] CWCK
[16:43:13] [84/324] FDDH
[16:43:14] [85/324] MMMD
[16:43:14] [86/324] CMEH
[16:43:15] [87/324] GGGV
[16:43:16] [88/324] SPJL
[16:43:17] [89/324] RCCD
[16:43:18] [90/324] STTZ
[16:43:18] [91/324] BTCF
[16:43:19] [92/324] TSTZ
[16:43:20] [93/324] IPMM
[16:43:21] [94/324] PMPW
[16:43:22] [95/324] PCMZ
[16:43:22] [96/324] ESEM
[16:43:23] [97/324] PIPO
[16:43:24] [98/324] MATK
[16:43:25] [99/324] PGHM
[16:43:26] [100/324] CTSR
[16:43:27] [101/324] CYKR
[16:43:28] [102/324] MSCM
[16:43:29] [103/324] RFNP
[16:43:30] [104/324] PDCP
[16:43:31] [105/324] NPSE
[16:43:31] [106/324] MKML
[16:43:32] [107/324] FTDP
[16:43:33] [108/324] MMXA
[16:43:34] [109/324] CEPO
[16:43:35] [110/324] CMVP
[16:43:36] [111/324] SGTH
[16:43:37] [112/324] SAYN
[16:43:38] [113/324] URVS
[16:43:39] [114/324] VJTN
[16:43:40] [115/324] BBYK
[16:43:41] [116/324] SHBO
[16:43:42] [117/324] VCMR
[16:43:45] [118/324] MACT
[16:43:46] [119/324] JMNP
[16:43:46] [120/324] VICS
[16:43:47] [121/324] VCDA
[16:43:48] [122/324] GCMM
[16:43:49] [123/324] INVS
[16:43:50] [124/324] SCGM
[16:43:51] [125/324] PCDA
[16:43:52] [126/324] KDCT
[16:43:53] [127/324] JACS
[16:43:54] [128/324] GMMC
[16:43:54] [129/324] AICM
[16:43:55] [130/324] TJCM
[16:43:56] [131/324] RMTI
[16:43:57] [132/324] SHAC
[16:43:58] [133/324] APJC
[16:43:59] [134/324] GCTG
[16:44:00] [135/324] SSMC
[16:44:02] [136/324] THRM
[16:44:02] [137/324] RBCT
[16:44:04] [138/324] DIKT
[16:44:05] [139/324] MIDL
[16:44:05] [140/324] VCSN
[16:44:06] [141/324] SKTG
[16:44:07] [142/324] SMWC
[16:44:08] [143/324] MNKH
[16:44:08] [144/324] PIAT
[16:44:09] [145/324] LTTP
[16:44:10] [146/324] PTPU
[16:44:11] [147/324] ACMG
[16:44:12] [148/324] SHMM
[16:44:13] [149/324] MCMN
[16:44:14] [150/324] GLDC
[16:44:15] [151/324] HOUT
[16:44:17] [152/324] SVRP
[16:44:18] [153/324] PVDN
[16:44:19] [154/324] SCPY
[16:44:20] [155/324] DTPY
[16:44:21] [156/324] GKCS
[16:44:22] [157/324] NCAM
[16:44:23] [158/324] BSRM
[16:44:24] [159/324] RCLC
[16:44:25] [160/324] SKKD
[16:44:26] [161/324] ACHU
[16:44:27] [162/324] RSCF
[16:44:28] [163/324] IMSH
[16:44:29] [164/324] MACX
[16:44:30] [165/324] HMMW
[16:44:31] [166/324] JTCP
[16:44:32] [167/324] SREN
[16:44:33] [168/324] PJRR
[16:44:34] [169/324] INAC
[16:44:34] [170/324] BMCA
[16:44:35] [171/324] SHCB
[16:44:36] [172/324] GABA
[16:44:37] [173/324] SBCT
[16:44:38] [174/324] GCMA
[16:44:39] [175/324] MYTK
[16:44:40] [176/324] INZS
[16:44:41] [177/324] RMIK
[16:44:42] [178/324] NYCH
[16:44:43] [179/324] RAVE
[16:44:44] [180/324] PSXM
[16:44:44] [181/324] MCGP
[16:44:45] [182/324] PDDK
[16:44:46] [183/324] SPCK
[16:44:47] [184/324] MCRL
[16:44:48] [185/324] MHKT
[16:44:49] [186/324] ANRR
[16:44:50] [187/324] SAPK
[16:44:50] [188/324] NCUK
[16:44:51] [189/324] JUGA
[16:44:52] [190/324] DBSC
[16:44:53] [191/324] LALK
[16:44:54] [192/324] GUCK
[16:44:55] [193/324] STSG
[16:44:56] [194/324] PPPZ
[16:44:57] [195/324] CNCY
[16:44:58] [196/324] MTAR
[16:44:59] [197/324] VNKD
[16:45:01] [198/324] KMAJ
[16:45:01] [199/324] ACXK
[16:45:02] [200/324] UTKC
[16:45:03] [201/324] PBLK
[16:45:04] [202/324] ACBX
[16:45:05] [203/324] PTGM
[16:45:06] [204/324] BTDA
[16:45:07] [205/324] PJMB
[16:45:08] [206/324] TPDA
[16:45:09] [207/324] AMOE
[16:45:10] [208/324] PRHT
[16:45:11] [209/324] PRTA
[16:45:12] [210/324] STAM
[16:45:14] [211/324] MSAA
[16:45:14] [212/324] SDLU
[16:45:16] [213/324] RCHH
[16:45:17] [214/324] KANT
[16:45:17] [215/324] FCRT
[16:45:19] [216/324] DNKM
[16:45:20] [217/324] RYCP
[16:45:21] [218/324] MYRP
[16:45:22] [219/324] PPAK
[16:45:23] [220/324] NVPK
[16:45:24] [221/324] PRMC
[16:45:24] [222/324] JBCS
[16:45:25] [223/324] GXCK
[16:45:26] [224/324] USKO
[16:45:27] [225/324] GTEM
[16:45:28] [226/324] SMBU
[16:45:29] [227/324] VETC
[16:45:29] [228/324] LCDA
[16:45:30] [229/324] MTVT
[16:45:31] [230/324] PYCP
[16:45:31] [231/324] PNSC
[16:45:32] [232/324] PPCC
[16:45:33] [233/324] TGRT
[16:45:34] [234/324] JYOT
[16:45:35] [235/324] SRCZ
[16:45:36] [236/324] SJTE
[16:45:36] [237/324] DESC
[16:45:37] [238/324] JHVN
[16:45:38] [239/324] IPSG
[16:45:39] [240/324] IPCM
[16:45:40] [241/324] PDRS
[16:45:41] [242/324] ANCV
[16:45:42] [243/324] CMVV
[16:45:43] [244/324] SHYP
[16:45:44] [245/324] DNCS
[16:45:44] [246/324] GAJK
[16:45:45] [247/324] AKTN
[16:45:46] [248/324] KAYA
[16:45:47] [249/324] SBRC
[16:45:48] [250/324] CHTP
[16:45:49] [251/324] SHRT
[16:45:50] [252/324] BCKU
[16:45:51] [253/324] FCPS
[16:45:52] [254/324] ARDD
[16:45:53] [255/324] CPCM
[16:45:55] [256/324] CGSM
[16:45:55] [257/324] PSMP
[16:45:56] [258/324] SDAL
[16:45:57] [259/324] RTNB
[16:45:58] [260/324] LMCR
[16:45:59] [261/324] CIMA
[16:45:59] [262/324] RNAS
[16:46:00] [263/324] LITH
[16:46:01] [264/324] PBOX
[16:46:02] [265/324] FRTS
[16:46:03] [266/324] RKIC
[16:46:04] [267/324] PTAI
[16:46:05] [268/324] GCIC
[16:46:05] [269/324] FNAS
[16:46:06] [270/324] SCAR
[16:46:07] [271/324] MTCA
[16:46:08] [272/324] SCTS
[16:46:10] [273/324] SYCS
[16:46:10] [274/324] RDMS
[16:46:11] [275/324] KAMP
[16:46:12] [276/324] ERSD
[16:46:13] [277/324] MJMJ
[16:46:13] [278/324] SRCJ
[16:46:14] [279/324] SCXE
[16:46:15] [280/324] SVFR
[16:46:16] [281/324] BHCS
[16:46:17] [282/324] IMCC
[16:46:18] [283/324] PCBO
[16:46:19] [284/324] PRVN
[16:46:19] [285/324] AUPM
[16:46:20] [286/324] INBW
[16:46:21] [287/324] SVCW
[16:46:22] [288/324] RKCF
[16:46:23] [289/324] UVBH
[16:46:24] [290/324] DNCY
[16:46:24] [291/324] ABCN
[16:46:25] [292/324] PRUR
[16:46:26] [293/324] PFMR
[16:46:26] [294/324] RKCN
[16:46:27] [295/324] CFEA
[16:46:28] [296/324] SDBG
[16:46:29] [297/324] SNAR
[16:46:30] [298/324] YISI
[16:46:31] [299/324] JCFF
[16:46:32] [300/324] VTRK
[16:46:33] [301/324] PCLZ
[16:46:34] [302/324] DIMY
[16:46:35] [303/324] BBTS
[16:46:36] [304/324] GATH
[16:46:37] [305/324] GTMN
[16:46:37] [306/324] VTMH
[16:46:38] [307/324] CCKP
[16:46:39] [308/324] GPKA
[16:46:41] [309/324] MHCL
[16:46:42] [310/324] ATCL
[16:46:43] [311/324] SBCK
[16:46:43] [312/324] AMMR
[16:46:45] [313/324] MADC
[16:46:46] [314/324] TMMA
[16:46:47] [315/324] CACC
[16:46:48] [316/324] CHAL
[16:46:50] [317/324] DURG
[16:46:50] [318/324] GMKU
[16:46:51] [319/324] GECA
[16:46:53] [320/324] KYRR
[16:46:54] [321/324] KSDE
[16:46:55] [322/324] LMCI
[16:46:55] [323/324] NKCP
[16:46:57] [324/324] BGTC
[16:46:57] 🧹 Deduping shows
[16:46:57] ✅ DONE | Shows=137 | Movies=5
