[00:45:29] 🚀 BMS DAILY TRACKER STARTED
[00:45:29] [1/459] MBDC
[00:45:30] 🧠 New identity
[00:45:31] [2/459] CHKM
[00:45:32] [3/459] JTKZ
[00:45:32] [4/459] CMCT
[00:45:33] [5/459] ASHO
[00:45:34] [6/459] ECDG
[00:45:35] [7/459] SPAT
[00:45:36] [8/459] HILC
[00:45:37] [9/459] SPPH
[00:45:38] [10/459] SBHN
[00:45:39] [11/459] RRCA
[00:45:40] [12/459] APAA
[00:45:41] [13/459] RAME
[00:45:42] [14/459] TMMS
[00:45:43] [15/459] BATK
[00:45:44] [16/459] LKOP
[00:45:45] [17/459] AMTT
[00:45:46] [18/459] PTGK
[00:45:47] [19/459] ANRS
[00:45:48] [20/459] VWBW
[00:45:49] [21/459] SVFG
[00:45:50] [22/459] STAT
[00:45:50] [23/459] GDCV
[00:45:51] [24/459] VEBI
[00:45:52] [25/459] VDSS
[00:45:54] [26/459] NTHV
[00:45:55] [27/459] AOCH
[00:45:56] [28/459] KASR
[00:45:57] [29/459] AYCS
[00:45:58] [30/459] SHAI
[00:45:59] [31/459] SKPE
[00:45:59] [32/459] SBTA
[00:46:01] [33/459] RTTD
[00:46:02] [34/459] CCJD
[00:46:03] [35/459] RSJJ
[00:46:03] [36/459] RKND
[00:46:04] [37/459] SVTX
[00:46:05] [38/459] BAKM
[00:46:06] [39/459] SVDC
[00:46:07] [40/459] MNCV
[00:46:08] [41/459] SJGC
[00:46:09] [42/459] MTPK
[00:46:10] [43/459] GATP
[00:46:12] [44/459] ABTS
[00:46:13] [45/459] ABDE
[00:46:14] [46/459] RCNM
[00:46:15] [47/459] KTHV
[00:46:16] [48/459] MDGJ
[00:46:16] [49/459] SMLM
[00:46:17] [50/459] JTMA
[00:46:18] [51/459] ACKP
[00:46:19] [52/459] SRTA
[00:46:20] [53/459] STAY
[00:46:21] [54/459] MAVO
[00:46:22] [55/459] APTS
[00:46:22] [56/459] OMEA
[00:46:23] [57/459] TTFD
[00:46:24] [58/459] MJCU
[00:46:26] [59/459] CXTE
[00:46:26] [60/459] CTPX
[00:46:27] [61/459] ASSL
[00:46:28] [62/459] CMVB
[00:46:28] [63/459] VPUR
[00:46:29] [64/459] JJDA
[00:46:31] [65/459] INBL
[00:46:32] [66/459] BIKB
[00:46:33] [67/459] NTBB
[00:46:34] [68/459] GLOB
[00:46:35] [69/459] SNTB
[00:46:36] [70/459] CHGV
[00:46:37] [71/459] SSBZ
[00:46:38] [72/459] PRDB
[00:46:39] [73/459] ISMT
[00:46:40] [74/459] MCSD
[00:46:41] [75/459] JBTT
[00:46:42] [76/459] GEKR
[00:46:43] [77/459] PVUN
[00:46:44] [78/459] NRTB
[00:46:44] [79/459] PRAA
[00:46:45] [80/459] PCBL
[00:46:46] [81/459] PTCM
[00:46:48] [82/459] KHNN
[00:46:49] [83/459] OMJE
[00:46:49] [84/459] STGN
[00:46:50] [85/459] RPMS
[00:46:51] [86/459] NWAD
[00:46:52] [87/459] BLCK
[00:46:53] [88/459] SVAA
[00:46:54] [89/459] URVM
[00:46:54] [90/459] ANTM
[00:46:55] [91/459] VJYM
[00:46:57] [92/459] MAZZ
[00:46:58] [93/459] CSHM
[00:46:59] [94/459] WGMH
[00:47:00] [95/459] SALN
[00:47:01] [96/459] BRTP
[00:47:01] [97/459] SVTA
[00:47:02] [98/459] SBTP
[00:47:03] [99/459] VLSS
[00:47:04] [100/459] SRJA
[00:47:05] [101/459] ANCG
[00:47:06] [102/459] CGGC
[00:47:07] [103/459] CRJA
[00:47:08] [104/459] USCR
[00:47:09] [105/459] MMEF
[00:47:10] [106/459] JCRJ
[00:47:11] [107/459] ADCM
[00:47:12] [108/459] BMYK
[00:47:13] [109/459] KICS
[00:47:14] [110/459] MBBT
[00:47:15] [111/459] MACK
[00:47:15] [112/459] CLDR
[00:47:16] [113/459] JYCR
[00:47:17] [114/459] DCRP
[00:47:18] [115/459] RAHT
[00:47:19] [116/459] CSSM
[00:47:19] [117/459] ATPK
[00:47:20] [118/459] KLRT
[00:47:21] [119/459] SRDD
[00:47:22] [120/459] CKMC
[00:47:23] [121/459] KRVM
[00:47:24] [122/459] AKCP
[00:47:25] [123/459] CNCV
[00:47:26] [124/459] PACT
[00:47:27] [125/459] NATP
[00:47:28] [126/459] PCPK
[00:47:29] [127/459] SMHO
[00:47:30] [128/459] CWTK
[00:47:31] [129/459] RVKZ
[00:47:31] [130/459] ASPD
[00:47:32] [131/459] VTKZ
[00:47:34] [132/459] LCSO
[00:47:35] [133/459] PRDY
[00:47:35] [134/459] RCAP
[00:47:36] [135/459] RGAR
[00:47:37] [136/459] RCAC
[00:47:38] [137/459] PMOD
[00:47:39] [138/459] PVCN
[00:47:39] [139/459] SCRZ
[00:47:40] [140/459] PVPC
[00:47:41] [141/459] STID
[00:47:43] [142/459] NEDD
[00:47:45] [143/459] BNBA
[00:47:45] [144/459] NTCD
[00:47:47] [145/459] OCDE
[00:47:48] [146/459] CCDU
[00:47:49] [147/459] CRXH
[00:47:50] [148/459] VLVT
[00:47:50] [149/459] CICI
[00:47:51] [150/459] SUCB
[00:47:52] [151/459] TCBP
[00:47:54] [152/459] SCCY
[00:47:55] [153/459] LXCY
[00:47:55] [154/459] NCMD
[00:47:56] [155/459] PHCS
[00:47:57] [156/459] DUXR
[00:47:58] [157/459] VNKS
[00:47:59] [158/459] SEDP
[00:48:00] [159/459] SVEN
[00:48:01] [160/459] SRKM
[00:48:01] [161/459] JTLT
[00:48:02] [162/459] SVSS
[00:48:03] [163/459] AMDE
[00:48:04] [164/459] WVRN
[00:48:05] [165/459] ISMG
[00:48:05] [166/459] WVKS
[00:48:06] [167/459] USCG
[00:48:07] [168/459] IOTG
[00:48:08] [169/459] RRJM
[00:48:09] [170/459] EDMP
[00:48:10] [171/459] SCGZ
[00:48:10] [172/459] GMGX
[00:48:11] [173/459] OMTP
[00:48:12] [174/459] MITD
[00:48:13] [175/459] SMMD
[00:48:14] [176/459] STML
[00:48:15] [177/459] MCFS
[00:48:16] [178/459] FPKA
[00:48:17] [179/459] OMLR
[00:48:18] [180/459] KKSC
[00:48:18] [181/459] RVMA
[00:48:19] [182/459] SCLL
[00:48:20] [183/459] SCDK
[00:48:21] [184/459] SXMI
[00:48:23] [185/459] SHDN
[00:48:24] [186/459] PAAD
[00:48:24] [187/459] UUCB
[00:48:25] [188/459] JHOL
[00:48:26] [189/459] SGWT
[00:48:27] [190/459] SRII
[00:48:28] [191/459] SGCK
[00:48:29] [192/459] SVVB
[00:48:31] [193/459] DMHA
[00:48:31] [194/459] PPNL
[00:48:32] [195/459] CPNL
[00:48:33] [196/459] WVLD
[00:48:34] [197/459] PSLV
[00:48:35] [198/459] VTTL
[00:48:36] [199/459] NPAD
[00:48:37] [200/459] PVCS
[00:48:38] [201/459] MCHL
[00:48:39] [202/459] PPLL
[00:48:40] [203/459] MALO
[00:48:41] [204/459] SWBH
[00:48:42] [205/459] PUGB
[00:48:43] [206/459] INBB
[00:48:44] [207/459] INNS
[00:48:45] [208/459] MCPT
[00:48:46] [209/459] SCMI
[00:48:46] [210/459] OCON
[00:48:47] [211/459] SCSM
[00:48:48] [212/459] RJVN
[00:48:49] [213/459] AMDK
[00:48:50] [214/459] ISMR
[00:48:51] [215/459] SMTD
[00:48:52] [216/459] VTDD
[00:48:53] [217/459] PDDZ
[00:48:54] [218/459] PCCK
[00:48:55] [219/459] INAM
[00:48:56] [220/459] FNKT
[00:48:57] [221/459] GDKA
[00:48:58] [222/459] MAYU
[00:48:59] [223/459] TCGU
[00:49:00] [224/459] KDCA
[00:49:01] [225/459] DOMY
[00:49:01] [226/459] PDDD
[00:49:02] [227/459] BJTS
[00:49:03] [228/459] VTCA
[00:49:04] [229/459] SBTM
[00:49:05] [230/459] SEET
[00:49:06] [231/459] SSTJ
[00:49:07] [232/459] SVNT
[00:49:08] [233/459] PPPR
[00:49:09] [234/459] PVYS
[00:49:11] [235/459] IOSE
[00:49:12] [236/459] ACTV
[00:49:12] [237/459] APVE
[00:49:13] [238/459] TCCL
[00:49:14] [239/459] SCMO
[00:49:15] [240/459] SAUM
[00:49:16] [241/459] KCJS
[00:49:18] [242/459] NJCJ
[00:49:18] [243/459] NECF
[00:49:19] [244/459] CCGW
[00:49:20] [245/459] CCMG
[00:49:21] [246/459] NYRG
[00:49:22] [247/459] NCSQ
[00:49:23] [248/459] GRCG
[00:49:24] [249/459] CCBT
[00:49:26] [250/459] ACGA
[00:49:27] [251/459] INAG
[00:49:28] [252/459] FUCG
[00:49:28] [253/459] AICF
[00:49:29] [254/459] GRGA
[00:49:30] [255/459] GDCN
[00:49:31] [256/459] RRCG
[00:49:32] [257/459] SDCH
[00:49:33] [258/459] WVJM
[00:49:34] [259/459] JCCZ
[00:49:35] [260/459] CNCL
[00:49:36] [261/459] TMLV
[00:49:37] [262/459] MEMB
[00:49:38] [263/459] SGTD
[00:49:38] [264/459] CONX
[00:49:39] [265/459] CCMH
[00:49:41] [266/459] ACMC
[00:49:42] [267/459] DTPD
[00:49:43] [268/459] POJA
[00:49:44] [269/459] FNBH
[00:49:45] [270/459] CGCB
[00:49:46] [271/459] RACN
[00:49:47] [272/459] JTSM
[00:49:48] [273/459] SCDN
[00:49:49] [274/459] AACK
[00:49:50] [275/459] RMCE
[00:49:51] [276/459] BSGB
[00:49:52] [277/459] MRCB
[00:49:53] [278/459] SRVR
[00:49:54] [279/459] VTKK
[00:49:55] [280/459] AMST
[00:49:55] [281/459] APCY
[00:49:56] [282/459] LMHO
[00:49:57] [283/459] MTZH
[00:49:58] [284/459] AMZB
[00:49:59] [285/459] SUVT
[00:50:00] [286/459] RCIP
[00:50:00] [287/459] KESR
[00:50:01] [288/459] SNKC
[00:50:02] [289/459] SCED
[00:50:03] [290/459] DVCA
[00:50:03] [291/459] VCDT
[00:50:04] [292/459] RRDI
[00:50:05] [293/459] DFCH
[00:50:07] [294/459] INSC
[00:50:08] [295/459] RGTR
[00:50:09] [296/459] FMOT
[00:50:10] [297/459] SCPM
[00:50:11] [298/459] GCDT
[00:50:11] [299/459] BRKT
[00:50:12] [300/459] DEMP
[00:50:13] [301/459] SRLC
[00:50:14] [302/459] KSTT
[00:50:15] [303/459] SMMT
[00:50:16] [304/459] SILM
[00:50:17] [305/459] JCVM
[00:50:18] [306/459] KCSV
[00:50:19] [307/459] MHLK
[00:50:20] [308/459] SLVL
[00:50:21] [309/459] RJKP
[00:50:22] [310/459] BBPC
[00:50:23] [311/459] MXCB
[00:50:24] [312/459] TCPK
[00:50:25] [313/459] RTBR
[00:50:25] [314/459] GAUT
[00:50:26] [315/459] DVCF
[00:50:27] [316/459] JTSB
[00:50:28] [317/459] SBLS
[00:50:30] [318/459] UDAY
[00:50:31] [319/459] PTNP
[00:50:31] [320/459] DMKT
[00:50:32] [321/459] NTDT
[00:50:33] [322/459] SHDJ
[00:50:34] [323/459] OTNC
[00:50:35] [324/459] RNTW
[00:50:36] [325/459] GCMI
[00:50:37] [326/459] CRCM
[00:50:38] [327/459] NNCZ
[00:50:39] [328/459] OEMO
[00:50:40] [329/459] PVJM
[00:50:40] [330/459] CPJI
[00:50:41] [331/459] RMCJ
[00:50:42] [332/459] CNWJ
[00:50:43] [333/459] EPJM
[00:50:44] [334/459] FNJJ
[00:50:45] [335/459] GCMJ
[00:50:46] [336/459] INPS
[00:50:47] [337/459] BICJ
[00:50:48] [338/459] ISTJ
[00:50:49] [339/459] INJC
[00:50:49] [340/459] GLXJ
[00:50:50] [341/459] INEM
[00:50:51] [342/459] JTMN
[00:50:52] [343/459] FRCJ
[00:50:53] [344/459] DDJP
[00:50:54] [345/459] INJV
[00:50:54] [346/459] GOLC
[00:50:55] [347/459] KOCI
[00:50:56] [348/459] FSTD
[00:50:57] [349/459] PACJ
[00:50:58] [350/459] GMCN
[00:50:58] [351/459] MMDJ
[00:50:59] [352/459] GODH
[00:51:00] [353/459] SKYN
[00:51:01] [354/459] NCTH
[00:51:02] [355/459] SKVZ
[00:51:03] [356/459] SVML
[00:51:04] [357/459] ACVZ
[00:51:05] [358/459] SURA
[00:51:06] [359/459] RTRB
[00:51:07] [360/459] LLCT
[00:51:07] [361/459] ATTS
[00:51:08] [362/459] JYCM
[00:51:10] [363/459] CTKR
[00:51:11] [364/459] LCKR
[00:51:12] [365/459] NYCV
[00:51:13] [366/459] NYOH
[00:51:14] [367/459] NOVX
[00:51:15] [368/459] MRGK
[00:51:16] [369/459] MOON
[00:51:17] [370/459] SBUC
[00:51:17] [371/459] GSVA
[00:51:18] [372/459] VIAK
[00:51:19] [373/459] SMVZ
[00:51:20] [374/459] MATE
[00:51:21] [375/459] RDCN
[00:51:22] [376/459] ASBL
[00:51:23] [377/459] ASVS
[00:51:24] [378/459] ASSR
[00:51:25] [379/459] SSKN
[00:51:25] [380/459] DRPV
[00:51:26] [381/459] MRHT
[00:51:27] [382/459] BSCN
[00:51:28] [383/459] RKNX
[00:51:30] [384/459] MSMC
[00:51:30] [385/459] MSCJ
[00:51:31] [386/459] BTBJ
[00:51:32] [387/459] MJCC
[00:51:33] [388/459] IOMM
[00:51:34] [389/459] ADGR
[00:51:35] [390/459] MYCP
[00:51:36] [391/459] IGCM
[00:51:37] [392/459] PGRK
[00:51:37] [393/459] VPGO
[00:51:38] [394/459] KOMS
[00:51:40] [395/459] URGG
[00:51:41] [396/459] GOST
[00:51:42] [397/459] LACT
[00:51:43] [398/459] BWCM
[00:51:45] [399/459] NCCW
[00:51:46] [400/459] SKYC
[00:51:46] [401/459] CCPM
[00:51:48] [402/459] VCBT
[00:51:49] [403/459] SDKR
[00:51:51] [404/459] CTYB
[00:51:52] [405/459] SHCX
[00:51:52] [406/459] RCUN
[00:51:54] [407/459] CNRA
[00:51:56] [408/459] RFCA
[00:51:56] [409/459] RDCU
[00:51:57] [410/459] SARK
[00:51:58] [411/459] SPPP
[00:52:00] [412/459] ADMB
[00:52:01] [413/459] JYOE
[00:52:02] [414/459] SRMD
[00:52:02] [415/459] RJDH
[00:52:03] [416/459] SSTD
[00:52:04] [417/459] AACV
[00:52:05] [418/459] PPVD
[00:52:06] [419/459] STCP
[00:52:06] [420/459] ANJR
[00:52:07] [421/459] ANLS
[00:52:08] [422/459] BIJO
[00:52:09] [423/459] AVAB
[00:52:10] [424/459] SPMD
[00:52:11] [425/459] SVJL
[00:52:11] [426/459] SDDJ
[00:52:12] [427/459] SLTU
[00:52:13] [428/459] SAKA
[00:52:14] [429/459] PMAM
[00:52:15] [430/459] FNAM
[00:52:16] [431/459] ACAM
[00:52:17] [432/459] SCMM
[00:52:18] [433/459] PMAK
[00:52:19] [434/459] NYSA
[00:52:19] [435/459] FCPA
[00:52:20] [436/459] GDAN
[00:52:21] [437/459] RSCA
[00:52:22] [438/459] DMAN
[00:52:23] [439/459] DZCM
[00:52:24] [440/459] NSGL
[00:52:25] [441/459] CCPP
[00:52:27] [442/459] PSMG
[00:52:28] [443/459] GSER
[00:52:30] [444/459] FCCT
[00:52:31] [445/459] FCTB
[00:52:32] [446/459] LCNK
[00:52:33] [447/459] SKTY
[00:52:33] [448/459] INAA
[00:52:34] [449/459] RCWN
[00:52:36] [450/459] VAIS
[00:52:37] [451/459] CVMN
[00:52:38] [452/459] INTS
[00:52:39] [453/459] FRGS
[00:52:40] [454/459] DTCK
[00:52:41] [455/459] MCMH
[00:52:42] [456/459] ECRR
[00:52:43] [457/459] RLLP
[00:52:44] [458/459] CCSN
[00:52:45] [459/459] CCBA
[00:52:45] ✅ DONE | Shows=0 | Movies=0
[01:52:36] 🚀 BMS DAILY TRACKER STARTED
[01:52:36] [1/459] MBDC
[01:52:36] 🧠 New identity
[01:52:37] [2/459] CHKM
[01:52:38] [3/459] JTKZ
[01:52:39] [4/459] CMCT
[01:52:41] [5/459] ASHO
[01:52:42] [6/459] ECDG
[01:52:42] [7/459] SPAT
[01:52:44] [8/459] HILC
[01:52:45] [9/459] SPPH
[01:52:46] [10/459] SBHN
[01:52:48] [11/459] RRCA
[01:52:49] [12/459] APAA
[01:52:50] [13/459] RAME
[01:52:52] [14/459] TMMS
[01:52:52] [15/459] BATK
[01:52:53] [16/459] LKOP
[01:52:54] [17/459] AMTT
[01:52:55] [18/459] PTGK
[01:52:56] [19/459] ANRS
[01:52:57] [20/459] VWBW
[01:52:57] [21/459] SVFG
[01:52:59] [22/459] STAT
[01:52:59] [23/459] GDCV
[01:53:00] [24/459] VEBI
[01:53:01] [25/459] VDSS
[01:53:02] [26/459] NTHV
[01:53:03] [27/459] AOCH
[01:53:04] [28/459] KASR
[01:53:05] [29/459] AYCS
[01:53:05] [30/459] SHAI
[01:53:06] [31/459] SKPE
[01:53:07] [32/459] SBTA
[01:53:08] [33/459] RTTD
[01:53:09] [34/459] CCJD
[01:53:10] [35/459] RSJJ
[01:53:11] [36/459] RKND
[01:53:12] [37/459] SVTX
[01:53:13] [38/459] BAKM
[01:53:14] [39/459] SVDC
[01:53:15] [40/459] MNCV
[01:53:16] [41/459] SJGC
[01:53:17] [42/459] MTPK
[01:53:18] [43/459] GATP
[01:53:19] [44/459] ABTS
[01:53:20] [45/459] ABDE
[01:53:21] [46/459] RCNM
[01:53:22] [47/459] KTHV
[01:53:23] [48/459] MDGJ
[01:53:24] [49/459] SMLM
[01:53:25] [50/459] JTMA
[01:53:26] [51/459] ACKP
[01:53:27] [52/459] SRTA
[01:53:28] [53/459] STAY
[01:53:29] [54/459] MAVO
[01:53:31] [55/459] APTS
[01:53:31] [56/459] OMEA
[01:53:32] [57/459] TTFD
[01:53:33] [58/459] MJCU
[01:53:35] [59/459] CXTE
[01:53:36] [60/459] CTPX
[01:53:36] [61/459] ASSL
[01:53:37] [62/459] CMVB
[01:53:38] [63/459] VPUR
[01:53:39] [64/459] JJDA
[01:53:40] [65/459] INBL
[01:53:41] [66/459] BIKB
[01:53:42] [67/459] NTBB
[01:53:43] [68/459] GLOB
[01:53:44] [69/459] SNTB
[01:53:45] [70/459] CHGV
[01:53:46] [71/459] SSBZ
[01:53:47] [72/459] PRDB
[01:53:48] [73/459] ISMT
[01:53:50] [74/459] MCSD
[01:53:50] [75/459] JBTT
[01:53:51] [76/459] GEKR
[01:53:52] [77/459] PVUN
[01:53:53] [78/459] NRTB
[01:53:54] [79/459] PRAA
[01:53:55] [80/459] PCBL
[01:53:56] [81/459] PTCM
[01:53:56] [82/459] KHNN
[01:53:58] [83/459] OMJE
[01:53:58] [84/459] STGN
[01:54:00] [85/459] RPMS
[01:54:01] [86/459] NWAD
[01:54:02] [87/459] BLCK
[01:54:03] [88/459] SVAA
[01:54:04] [89/459] URVM
[01:54:05] [90/459] ANTM
[01:54:05] [91/459] VJYM
[01:54:06] [92/459] MAZZ
[01:54:07] [93/459] CSHM
[01:54:08] [94/459] WGMH
[01:54:10] [95/459] SALN
[01:54:10] [96/459] BRTP
[01:54:11] [97/459] SVTA
[01:54:12] [98/459] SBTP
[01:54:13] [99/459] VLSS
[01:54:14] [100/459] SRJA
[01:54:15] [101/459] ANCG
[01:54:16] [102/459] CGGC
[01:54:17] [103/459] CRJA
[01:54:17] [104/459] USCR
[01:54:18] [105/459] MMEF
[01:54:19] [106/459] JCRJ
[01:54:21] [107/459] ADCM
[01:54:21] [108/459] BMYK
[01:54:22] [109/459] KICS
[01:54:23] [110/459] MBBT
[01:54:24] [111/459] MACK
[01:54:25] [112/459] CLDR
[01:54:26] [113/459] JYCR
[01:54:26] [114/459] DCRP
[01:54:27] [115/459] RAHT
[01:54:28] [116/459] CSSM
[01:54:29] [117/459] ATPK
[01:54:30] [118/459] KLRT
[01:54:31] [119/459] SRDD
[01:54:31] [120/459] CKMC
[01:54:32] [121/459] KRVM
[01:54:33] [122/459] AKCP
[01:54:34] [123/459] CNCV
[01:54:35] [124/459] PACT
[01:54:36] [125/459] NATP
[01:54:37] [126/459] PCPK
[01:54:37] [127/459] SMHO
[01:54:38] [128/459] CWTK
[01:54:39] [129/459] RVKZ
[01:54:40] [130/459] ASPD
[01:54:41] [131/459] VTKZ
[01:54:42] [132/459] LCSO
[01:54:43] [133/459] PRDY
[01:54:43] [134/459] RCAP
[01:54:44] [135/459] RGAR
[01:54:45] [136/459] RCAC
[01:54:46] [137/459] PMOD
[01:54:47] [138/459] PVCN
[01:54:48] [139/459] SCRZ
[01:54:49] [140/459] PVPC
[01:54:50] [141/459] STID
[01:54:50] [142/459] NEDD
[01:54:51] [143/459] BNBA
[01:54:52] [144/459] NTCD
[01:54:53] [145/459] OCDE
[01:54:54] [146/459] CCDU
[01:54:55] [147/459] CRXH
[01:54:56] [148/459] VLVT
[01:54:57] [149/459] CICI
[01:54:58] [150/459] SUCB
[01:54:59] [151/459] TCBP
[01:55:00] [152/459] SCCY
[01:55:01] [153/459] LXCY
[01:55:01] [154/459] NCMD
[01:55:02] [155/459] PHCS
[01:55:04] [156/459] DUXR
[01:55:05] [157/459] VNKS
[01:55:06] [158/459] SEDP
[01:55:07] [159/459] SVEN
[01:55:08] [160/459] SRKM
[01:55:08] [161/459] JTLT
[01:55:10] [162/459] SVSS
[01:55:10] [163/459] AMDE
[01:55:11] [164/459] WVRN
[01:55:12] [165/459] ISMG
[01:55:13] [166/459] WVKS
[01:55:14] [167/459] USCG
[01:55:15] [168/459] IOTG
[01:55:16] [169/459] RRJM
[01:55:17] [170/459] EDMP
[01:55:18] [171/459] SCGZ
[01:55:19] [172/459] GMGX
[01:55:20] [173/459] OMTP
[01:55:21] [174/459] MITD
[01:55:22] [175/459] SMMD
[01:55:23] [176/459] STML
[01:55:24] [177/459] MCFS
[01:55:25] [178/459] FPKA
[01:55:27] [179/459] OMLR
[01:55:28] [180/459] KKSC
[01:55:29] [181/459] RVMA
[01:55:31] [182/459] SCLL
[01:55:32] [183/459] SCDK
[01:55:33] [184/459] SXMI
[01:55:34] [185/459] SHDN
[01:55:35] [186/459] PAAD
[01:55:36] [187/459] UUCB
[01:55:36] [188/459] JHOL
[01:55:37] [189/459] SGWT
[01:55:38] [190/459] SRII
[01:55:40] [191/459] SGCK
[01:55:41] [192/459] SVVB
[01:55:42] [193/459] DMHA
[01:55:43] [194/459] PPNL
[01:55:44] [195/459] CPNL
[01:55:45] [196/459] WVLD
[01:55:46] [197/459] PSLV
[01:55:47] [198/459] VTTL
[01:55:48] [199/459] NPAD
[01:55:50] [200/459] PVCS
[01:55:51] [201/459] MCHL
[01:55:51] [202/459] PPLL
[01:55:52] [203/459] MALO
[01:55:53] [204/459] SWBH
[01:55:54] [205/459] PUGB
[01:55:55] [206/459] INBB
[01:55:57] [207/459] INNS
[01:55:58] [208/459] MCPT
[01:55:59] [209/459] SCMI
[01:56:00] [210/459] OCON
[01:56:00] [211/459] SCSM
[01:56:01] [212/459] RJVN
[01:56:02] [213/459] AMDK
[01:56:03] [214/459] ISMR
[01:56:05] [215/459] SMTD
[01:56:06] [216/459] VTDD
[01:56:06] [217/459] PDDZ
[01:56:07] [218/459] PCCK
[01:56:08] [219/459] INAM
[01:56:09] [220/459] FNKT
[01:56:10] [221/459] GDKA
[01:56:11] [222/459] MAYU
[01:56:12] [223/459] TCGU
[01:56:13] [224/459] KDCA
[01:56:13] [225/459] DOMY
[01:56:14] [226/459] PDDD
[01:56:15] [227/459] BJTS
[01:56:17] [228/459] VTCA
[01:56:18] [229/459] SBTM
[01:56:20] [230/459] SEET
[01:56:20] [231/459] SSTJ
[01:56:21] [232/459] SVNT
[01:56:22] [233/459] PPPR
[01:56:23] [234/459] PVYS
[01:56:24] [235/459] IOSE
[01:56:25] [236/459] ACTV
[01:56:26] [237/459] APVE
[01:56:27] [238/459] TCCL
[01:56:28] [239/459] SCMO
[01:56:29] [240/459] SAUM
[01:56:30] [241/459] KCJS
[01:56:31] [242/459] NJCJ
[01:56:31] [243/459] NECF
[01:56:32] [244/459] CCGW
[01:56:33] [245/459] CCMG
[01:56:34] [246/459] NYRG
[01:56:35] [247/459] NCSQ
[01:56:36] [248/459] GRCG
[01:56:37] [249/459] CCBT
[01:56:38] [250/459] ACGA
[01:56:39] [251/459] INAG
[01:56:40] [252/459] FUCG
[01:56:40] [253/459] AICF
[01:56:41] [254/459] GRGA
[01:56:42] [255/459] GDCN
[01:56:43] [256/459] RRCG
[01:56:44] [257/459] SDCH
[01:56:45] [258/459] WVJM
[01:56:46] [259/459] JCCZ
[01:56:47] [260/459] CNCL
[01:56:48] [261/459] TMLV
[01:56:50] [262/459] MEMB
[01:56:51] [263/459] SGTD
[01:56:52] [264/459] CONX
[01:56:53] [265/459] CCMH
[01:56:54] [266/459] ACMC
[01:56:56] [267/459] DTPD
[01:56:58] [268/459] POJA
[01:56:58] [269/459] FNBH
[01:56:59] [270/459] CGCB
[01:57:00] [271/459] RACN
[01:57:01] [272/459] JTSM
[01:57:03] [273/459] SCDN
[01:57:03] [274/459] AACK
[01:57:05] [275/459] RMCE
[01:57:06] [276/459] BSGB
[01:57:07] [277/459] MRCB
[01:57:08] [278/459] SRVR
[01:57:09] [279/459] VTKK
[01:57:10] [280/459] AMST
[01:57:10] [281/459] APCY
[01:57:11] [282/459] LMHO
[01:57:12] [283/459] MTZH
[01:57:13] [284/459] AMZB
[01:57:14] [285/459] SUVT
[01:57:16] [286/459] RCIP
[01:57:17] [287/459] KESR
[01:57:18] [288/459] SNKC
[01:57:18] [289/459] SCED
[01:57:19] [290/459] DVCA
[01:57:20] [291/459] VCDT
[01:57:21] [292/459] RRDI
[01:57:22] [293/459] DFCH
[01:57:23] [294/459] INSC
[01:57:24] [295/459] RGTR
[01:57:25] [296/459] FMOT
[01:57:26] [297/459] SCPM
[01:57:27] [298/459] GCDT
[01:57:28] [299/459] BRKT
[01:57:28] [300/459] DEMP
[01:57:30] [301/459] SRLC
[01:57:31] [302/459] KSTT
[01:57:32] [303/459] SMMT
[01:57:32] [304/459] SILM
[01:57:33] [305/459] JCVM
[01:57:34] [306/459] KCSV
[01:57:35] [307/459] MHLK
[01:57:36] [308/459] SLVL
[01:57:38] [309/459] RJKP
[01:57:38] [310/459] BBPC
[01:57:40] [311/459] MXCB
[01:57:40] [312/459] TCPK
[01:57:41] [313/459] RTBR
[01:57:42] [314/459] GAUT
[01:57:44] [315/459] DVCF
[01:57:45] [316/459] JTSB
[01:57:46] [317/459] SBLS
[01:57:47] [318/459] UDAY
[01:57:47] [319/459] PTNP
[01:57:49] [320/459] DMKT
[01:57:50] [321/459] NTDT
[01:57:51] [322/459] SHDJ
[01:57:52] [323/459] OTNC
[01:57:53] [324/459] RNTW
[01:57:54] [325/459] GCMI
[01:57:54] [326/459] CRCM
[01:57:55] [327/459] NNCZ
[01:57:56] [328/459] OEMO
[01:57:57] [329/459] PVJM
[01:57:58] [330/459] CPJI
[01:57:59] [331/459] RMCJ
[01:58:00] [332/459] CNWJ
[01:58:01] [333/459] EPJM
[01:58:02] [334/459] FNJJ
[01:58:02] [335/459] GCMJ
[01:58:03] [336/459] INPS
[01:58:04] [337/459] BICJ
[01:58:05] [338/459] ISTJ
[01:58:06] [339/459] INJC
[01:58:07] [340/459] GLXJ
[01:58:08] [341/459] INEM
[01:58:10] [342/459] JTMN
[01:58:11] [343/459] FRCJ
[01:58:12] [344/459] DDJP
[01:58:12] [345/459] INJV
[01:58:13] [346/459] GOLC
[01:58:14] [347/459] KOCI
[01:58:15] [348/459] FSTD
[01:58:16] [349/459] PACJ
[01:58:17] [350/459] GMCN
[01:58:18] [351/459] MMDJ
[01:58:19] [352/459] GODH
[01:58:19] [353/459] SKYN
[01:58:20] [354/459] NCTH
[01:58:21] [355/459] SKVZ
[01:58:22] [356/459] SVML
[01:58:23] [357/459] ACVZ
[01:58:24] [358/459] SURA
[01:58:25] [359/459] RTRB
[01:58:27] [360/459] LLCT
[01:58:27] [361/459] ATTS
[01:58:28] [362/459] JYCM
[01:58:29] [363/459] CTKR
[01:58:30] [364/459] LCKR
[01:58:31] [365/459] NYCV
[01:58:33] [366/459] NYOH
[01:58:33] [367/459] NOVX
[01:58:34] [368/459] MRGK
[01:58:35] [369/459] MOON
[01:58:36] [370/459] SBUC
[01:58:37] [371/459] GSVA
[01:58:38] [372/459] VIAK
[01:58:38] [373/459] SMVZ
[01:58:39] [374/459] MATE
[01:58:40] [375/459] RDCN
[01:58:41] [376/459] ASBL
[01:58:42] [377/459] ASVS
[01:58:43] [378/459] ASSR
[01:58:43] [379/459] SSKN
[01:58:45] [380/459] DRPV
[01:58:46] [381/459] MRHT
[01:58:47] [382/459] BSCN
[01:58:48] [383/459] RKNX
[01:58:49] [384/459] MSMC
[01:58:49] [385/459] MSCJ
[01:58:50] [386/459] BTBJ
[01:58:51] [387/459] MJCC
[01:58:52] [388/459] IOMM
[01:58:53] [389/459] ADGR
[01:58:54] [390/459] MYCP
[01:58:55] [391/459] IGCM
[01:58:56] [392/459] PGRK
[01:58:57] [393/459] VPGO
[01:58:57] [394/459] KOMS
[01:58:58] [395/459] URGG
[01:58:59] [396/459] GOST
[01:59:00] [397/459] LACT
[01:59:01] [398/459] BWCM
[01:59:02] [399/459] NCCW
[01:59:03] [400/459] SKYC
[01:59:04] [401/459] CCPM
[01:59:05] [402/459] VCBT
[01:59:06] [403/459] SDKR
[01:59:07] [404/459] CTYB
[01:59:08] [405/459] SHCX
[01:59:09] [406/459] RCUN
[01:59:09] [407/459] CNRA
[01:59:11] [408/459] RFCA
[01:59:12] [409/459] RDCU
[01:59:13] [410/459] SARK
[01:59:14] [411/459] SPPP
[01:59:15] [412/459] ADMB
[01:59:16] [413/459] JYOE
[01:59:17] [414/459] SRMD
[01:59:18] [415/459] RJDH
[01:59:19] [416/459] SSTD
[01:59:19] [417/459] AACV
[01:59:21] [418/459] PPVD
[01:59:22] [419/459] STCP
[01:59:23] [420/459] ANJR
[01:59:23] [421/459] ANLS
[01:59:24] [422/459] BIJO
[01:59:25] [423/459] AVAB
[01:59:26] [424/459] SPMD
[01:59:27] [425/459] SVJL
[01:59:28] [426/459] SDDJ
[01:59:29] [427/459] SLTU
[01:59:29] [428/459] SAKA
[01:59:30] [429/459] PMAM
[01:59:31] [430/459] FNAM
[01:59:32] [431/459] ACAM
[01:59:33] [432/459] SCMM
[01:59:34] [433/459] PMAK
[01:59:35] [434/459] NYSA
[01:59:36] [435/459] FCPA
[01:59:37] [436/459] GDAN
[01:59:37] [437/459] RSCA
[01:59:39] [438/459] DMAN
[01:59:40] [439/459] DZCM
[01:59:41] [440/459] NSGL
[01:59:42] [441/459] CCPP
[01:59:43] [442/459] PSMG
[01:59:44] [443/459] GSER
[01:59:45] [444/459] FCCT
[01:59:46] [445/459] FCTB
[01:59:47] [446/459] LCNK
[01:59:48] [447/459] SKTY
[01:59:49] [448/459] INAA
[01:59:50] [449/459] RCWN
[01:59:51] [450/459] VAIS
[01:59:52] [451/459] CVMN
[01:59:53] [452/459] INTS
[01:59:54] [453/459] FRGS
[01:59:55] [454/459] DTCK
[01:59:56] [455/459] MCMH
[01:59:57] [456/459] ECRR
[01:59:57] [457/459] RLLP
[01:59:58] [458/459] CCSN
[01:59:59] [459/459] CCBA
[02:00:00] ✅ DONE | Shows=4 | Movies=1
