[00:45:21] 🚀 BMS DAILY TRACKER STARTED
[00:45:21] [1/445] TGMR
[00:45:21] 🧠 New identity
[00:45:23] [2/445] CXKR
[00:45:23] [3/445] SROP
[00:45:24] [4/445] GTSV
[00:45:25] [5/445] SNTY
[00:45:27] [6/445] SMYY
[00:45:27] [7/445] CNCS
[00:45:28] [8/445] CSTM
[00:45:29] [9/445] NUCD
[00:45:30] [10/445] SHCZ
[00:45:31] [11/445] NJCT
[00:45:32] [12/445] COPC
[00:45:32] [13/445] STVV
[00:45:33] [14/445] SKRN
[00:45:34] [15/445] APPZ
[00:45:35] [16/445] YMGN
[00:45:36] [17/445] SVTU
[00:45:37] [18/445] GTAD
[00:45:38] [19/445] PSUS
[00:45:39] [20/445] SMCD
[00:45:39] [21/445] CMCM
[00:45:40] [22/445] SYCT
[00:45:41] [23/445] STLY
[00:45:42] [24/445] CMHU
[00:45:44] [25/445] CMSA
[00:45:44] [26/445] CLCU
[00:45:45] [27/445] PPNT
[00:45:46] [28/445] JTAB
[00:45:47] [29/445] BUUC
[00:45:48] [30/445] BSVK
[00:45:48] [31/445] VVVQ
[00:45:49] [32/445] TKMU
[00:45:50] [33/445] ESYL
[00:45:51] [34/445] ACHP
[00:45:51] [35/445] BTKD
[00:45:52] [36/445] DESA
[00:45:53] [37/445] GBCT
[00:45:54] [38/445] BLLD
[00:45:56] [39/445] SKNT
[00:45:56] [40/445] SSTE
[00:45:57] [41/445] VJMR
[00:45:58] [42/445] NTPU
[00:45:59] [43/445] RDKN
[00:46:00] [44/445] ADGC
[00:46:01] [45/445] VRBP
[00:46:02] [46/445] NMNA
[00:46:04] [47/445] CMMX
[00:46:05] [48/445] PTKO
[00:46:05] [49/445] RBML
[00:46:06] [50/445] SAIC
[00:46:07] [51/445] SVTJ
[00:46:08] [52/445] MRTE
[00:46:09] [53/445] RBTP
[00:46:10] [54/445] NLPS
[00:46:11] [55/445] GTNA
[00:46:12] [56/445] DGGC
[00:46:12] [57/445] SMCR
[00:46:13] [58/445] SCGD
[00:46:14] [59/445] SRRJ
[00:46:15] [60/445] CNRY
[00:46:16] [61/445] KTDI
[00:46:16] [62/445] SNJL
[00:46:17] [63/445] RKMD
[00:46:18] [64/445] SMDC
[00:46:20] [65/445] TADG
[00:46:20] [66/445] MCGS
[00:46:21] [67/445] PETK
[00:46:22] [68/445] CHAG
[00:46:23] [69/445] KSTL
[00:46:24] [70/445] AADS
[00:46:25] [71/445] NTHZ
[00:46:26] [72/445] HCKI
[00:46:27] [73/445] SSEF
[00:46:28] [74/445] MCGX
[00:46:29] [75/445] ERRA
[00:46:30] [76/445] SDTW
[00:46:31] [77/445] RMPK
[00:46:31] [78/445] PTHK
[00:46:32] [79/445] PXCS
[00:46:33] [80/445] SVLU
[00:46:34] [81/445] STAH
[00:46:35] [82/445] JRGF
[00:46:37] [83/445] CDOK
[00:46:37] [84/445] CMSG
[00:46:38] [85/445] APTD
[00:46:39] [86/445] KMPG
[00:46:40] [87/445] MUTJ
[00:46:42] [88/445] VCCI
[00:46:43] [89/445] URBE
[00:46:44] [90/445] TCTS
[00:46:44] [91/445] STSN
[00:46:45] [92/445] AKCH
[00:46:47] [93/445] APSC
[00:46:48] [94/445] VLTB
[00:46:49] [95/445] SANU
[00:46:50] [96/445] AXAM
[00:46:51] [97/445] MGMG
[00:46:52] [98/445] HTBY
[00:46:53] [99/445] MMZS
[00:46:54] [100/445] SUDR
[00:46:54] [101/445] CCAD
[00:46:55] [102/445] SKKC
[00:46:56] [103/445] RMCD
[00:46:57] [104/445] SBCQ
[00:46:58] [105/445] DCCT
[00:46:59] [106/445] VTKP
[00:47:00] [107/445] MLAM
[00:47:01] [108/445] SAVT
[00:47:02] [109/445] GEPL
[00:47:03] [110/445] AMCD
[00:47:04] [111/445] CCXR
[00:47:05] [112/445] GRNG
[00:47:05] [113/445] EBCA
[00:47:06] [114/445] CNVG
[00:47:07] [115/445] MWSS
[00:47:08] [116/445] VBOR
[00:47:09] [117/445] NEEB
[00:47:10] [118/445] SUTH
[00:47:12] [119/445] ANDB
[00:47:13] [120/445] MMXS
[00:47:14] [121/445] CNPD
[00:47:15] [122/445] SDCE
[00:47:16] [123/445] DHCB
[00:47:17] [124/445] ODEN
[00:47:18] [125/445] TNTC
[00:47:18] [126/445] VBKM
[00:47:19] [127/445] RZYM
[00:47:21] [128/445] JEMC
[00:47:22] [129/445] CMAU
[00:47:23] [130/445] SIVP
[00:47:24] [131/445] ATAG
[00:47:25] [132/445] CHTM
[00:47:25] [133/445] AAEE
[00:47:26] [134/445] IWPM
[00:47:27] [135/445] KCMW
[00:47:27] [136/445] MCTD
[00:47:28] [137/445] SPWR
[00:47:29] [138/445] SDPO
[00:47:30] [139/445] PCSK
[00:47:32] [140/445] ACHV
[00:47:32] [141/445] SVLA
[00:47:33] [142/445] PICT
[00:47:34] [143/445] BXDR
[00:47:35] [144/445] SPWA
[00:47:36] [145/445] MCKO
[00:47:37] [146/445] RTHK
[00:47:38] [147/445] CCMF
[00:47:39] [148/445] MRGB
[00:47:39] [149/445] CPLC
[00:47:40] [150/445] RACD
[00:47:41] [151/445] ATKT
[00:47:42] [152/445] SARN
[00:47:43] [153/445] KKUI
[00:47:44] [154/445] RGCM
[00:47:45] [155/445] BRVP
[00:47:45] [156/445] HRSR
[00:47:47] [157/445] GKGM
[00:47:48] [158/445] TTCD
[00:47:49] [159/445] PTTI
[00:47:51] [160/445] MPTT
[00:47:52] [161/445] CVTT
[00:47:52] [162/445] PCXD
[00:47:53] [163/445] GCDC
[00:47:54] [164/445] CCCF
[00:47:55] [165/445] MRAD
[00:47:56] [166/445] CPLK
[00:47:57] [167/445] SATB
[00:47:57] [168/445] SNVG
[00:47:58] [169/445] JMBA
[00:47:59] [170/445] TEJA
[00:48:01] [171/445] STYO
[00:48:01] [172/445] JTBP
[00:48:02] [173/445] KRGD
[00:48:03] [174/445] SLJJ
[00:48:04] [175/445] SPTJ
[00:48:05] [176/445] SWJG
[00:48:06] [177/445] LKRT
[00:48:07] [178/445] KCKA
[00:48:07] [179/445] SNCR
[00:48:09] [180/445] SMKL
[00:48:10] [181/445] GCFA
[00:48:11] [182/445] DDCK
[00:48:11] [183/445] NCHJ
[00:48:12] [184/445] RDMA
[00:48:13] [185/445] SVSV
[00:48:14] [186/445] SCJG
[00:48:15] [187/445] VKLP
[00:48:16] [188/445] NWCC
[00:48:16] [189/445] VKNS
[00:48:17] [190/445] SDDP
[00:48:18] [191/445] ACSI
[00:48:19] [192/445] SATG
[00:48:20] [193/445] SCMW
[00:48:22] [194/445] LKTK
[00:48:22] [195/445] VCKV
[00:48:23] [196/445] KKPE
[00:48:24] [197/445] KIGH
[00:48:25] [198/445] SRPM
[00:48:26] [199/445] SCAH
[00:48:27] [200/445] MUTA
[00:48:28] [201/445] SEPU
[00:48:28] [202/445] INOA
[00:48:29] [203/445] BASK
[00:48:30] [204/445] NECB
[00:48:32] [205/445] GTTG
[00:48:32] [206/445] ASSA
[00:48:33] [207/445] ANCL
[00:48:35] [208/445] GCTI
[00:48:36] [209/445] RCTS
[00:48:37] [210/445] ACNL
[00:48:38] [211/445] MYCT
[00:48:39] [212/445] NMHT
[00:48:40] [213/445] MDIT
[00:48:41] [214/445] LATG
[00:48:43] [215/445] SMTY
[00:48:44] [216/445] CVCT
[00:48:44] [217/445] RAMB
[00:48:45] [218/445] TGMS
[00:48:46] [219/445] BHEL
[00:48:47] [220/445] SHCT
[00:48:47] [221/445] SVCT
[00:48:48] [222/445] MRIY
[00:48:49] [223/445] SARO
[00:48:50] [224/445] STCT
[00:48:51] [225/445] JKKC
[00:48:53] [226/445] PLTT
[00:48:53] [227/445] SRNT
[00:48:55] [228/445] YAST
[00:48:56] [229/445] PERL
[00:48:57] [230/445] CICM
[00:48:58] [231/445] MMTR
[00:48:59] [232/445] ABTK
[00:49:00] [233/445] ATYY
[00:49:01] [234/445] ASTK
[00:49:02] [235/445] VVCK
[00:49:03] [236/445] ATKY
[00:49:04] [237/445] GWEK
[00:49:05] [238/445] SVFH
[00:49:06] [239/445] SLTA
[00:49:07] [240/445] AASH
[00:49:08] [241/445] ACXB
[00:49:08] [242/445] SMTX
[00:49:09] [243/445] AZDH
[00:49:10] [244/445] CMMH
[00:49:11] [245/445] SCSZ
[00:49:12] [246/445] SCKP
[00:49:13] [247/445] NXTM
[00:49:14] [248/445] NWCS
[00:49:15] [249/445] CXMH
[00:49:16] [250/445] PCMA
[00:49:17] [251/445] SGCM
[00:49:18] [252/445] SDTU
[00:49:18] [253/445] MMVI
[00:49:19] [254/445] JKCM
[00:49:20] [255/445] VCMM
[00:49:21] [256/445] SYEE
[00:49:22] [257/445] VASD
[00:49:24] [258/445] BDRB
[00:49:26] [259/445] LASM
[00:49:27] [260/445] DCRL
[00:49:27] [261/445] DVPM
[00:49:29] [262/445] SBMJ
[00:49:31] [263/445] CBMU
[00:49:31] [264/445] IUBS
[00:49:32] [265/445] INAP
[00:49:33] [266/445] SRRC
[00:49:34] [267/445] SAGR
[00:49:36] [268/445] CPMJ
[00:49:37] [269/445] ATJL
[00:49:38] [270/445] NNTD
[00:49:39] [271/445] JHCJ
[00:49:41] [272/445] CMMP
[00:49:42] [273/445] RSDR
[00:49:43] [274/445] AMTI
[00:49:44] [275/445] NYSG
[00:49:45] [276/445] AVSG
[00:49:45] [277/445] SYTP
[00:49:46] [278/445] LARC
[00:49:47] [279/445] RJTP
[00:49:48] [280/445] LAKC
[00:49:49] [281/445] MCXE
[00:49:50] [282/445] CCZC
[00:49:50] [283/445] AVCH
[00:49:52] [284/445] CMBE
[00:49:53] [285/445] MRRC
[00:49:54] [286/445] PCPY
[00:49:55] [287/445] SRMH
[00:49:56] [288/445] SVGS
[00:49:56] [289/445] PCSE
[00:49:57] [290/445] SVFT
[00:49:58] [291/445] TNZP
[00:49:59] [292/445] ICTP
[00:49:59] [293/445] ACTZ
[00:50:00] [294/445] GTUR
[00:50:01] [295/445] MAFC
[00:50:02] [296/445] MINL
[00:50:03] [297/445] MRCL
[00:50:04] [298/445] RCRP
[00:50:05] [299/445] RFFG
[00:50:06] [300/445] RMAS
[00:50:06] [301/445] INVR
[00:50:07] [302/445] RMAR
[00:50:08] [303/445] CNIS
[00:50:09] [304/445] RHRJ
[00:50:10] [305/445] INXR
[00:50:11] [306/445] VALT
[00:50:12] [307/445] LCSH
[00:50:13] [308/445] CMVS
[00:50:14] [309/445] CNMS
[00:50:15] [310/445] ROOG
[00:50:16] [311/445] ISRM
[00:50:17] [312/445] RCRM
[00:50:18] [313/445] ACJA
[00:50:19] [314/445] RCVS
[00:50:20] [315/445] CPUS
[00:50:21] [316/445] TGCS
[00:50:22] [317/445] RKCJ
[00:50:23] [318/445] MKSB
[00:50:24] [319/445] TCSJ
[00:50:25] [320/445] RMGP
[00:50:26] [321/445] CLLP
[00:50:27] [322/445] RCMV
[00:50:27] [323/445] CCKS
[00:50:28] [324/445] RSRP
[00:50:29] [325/445] APLP
[00:50:30] [326/445] CNVS
[00:50:32] [327/445] RMVY
[00:50:32] [328/445] PGBD
[00:50:33] [329/445] KLMS
[00:50:34] [330/445] RUST
[00:50:35] [331/445] MASM
[00:50:36] [332/445] BACS
[00:50:36] [333/445] BWST
[00:50:37] [334/445] RRFH
[00:50:38] [335/445] SJTM
[00:50:39] [336/445] BEMR
[00:50:40] [337/445] MCGR
[00:50:41] [338/445] SDSK
[00:50:42] [339/445] VBOL
[00:50:42] [340/445] RMGM
[00:50:43] [341/445] NOPL
[00:50:44] [342/445] MKJK
[00:50:46] [343/445] CVRN
[00:50:46] [344/445] MMEN
[00:50:47] [345/445] AMNG
[00:50:48] [346/445] INTM
[00:50:49] [347/445] SLCZ
[00:50:50] [348/445] AMJN
[00:50:51] [349/445] ACJN
[00:50:52] [350/445] AMKN
[00:50:53] [351/445] BTCN
[00:50:54] [352/445] AMBT
[00:50:54] [353/445] PACN
[00:50:55] [354/445] LCNS
[00:50:56] [355/445] PPKC
[00:50:57] [356/445] JYYN
[00:50:58] [357/445] JTNR
[00:50:59] [358/445] GTEE
[00:51:00] [359/445] SRNM
[00:51:01] [360/445] SDTC
[00:51:02] [361/445] VPCA
[00:51:03] [362/445] VLRA
[00:51:03] [363/445] SHKR
[00:51:04] [364/445] SBKD
[00:51:05] [365/445] SAAD
[00:51:06] [366/445] JTGN
[00:51:07] [367/445] SLAM
[00:51:08] [368/445] VTPM
[00:51:09] [369/445] ANPT
[00:51:10] [370/445] PUNB
[00:51:11] [371/445] CPKT
[00:51:11] [372/445] CNWE
[00:51:12] [373/445] ECPP
[00:51:13] [374/445] CPAR
[00:51:14] [375/445] ESBW
[00:51:15] [376/445] PKPU
[00:51:15] [377/445] CPRP
[00:51:16] [378/445] RAHU
[00:51:17] [379/445] RHMN
[00:51:18] [380/445] FMJP
[00:51:19] [381/445] CTMP
[00:51:20] [382/445] INPN
[00:51:21] [383/445] STTG
[00:51:22] [384/445] CTRD
[00:51:23] [385/445] PUVB
[00:51:24] [386/445] ESVP
[00:51:25] [387/445] CPFT
[00:51:26] [388/445] LCPC
[00:51:26] [389/445] VBCT
[00:51:27] [390/445] FSCW
[00:51:28] [391/445] VCMP
[00:51:29] [392/445] ASHC
[00:51:31] [393/445] VLCX
[00:51:32] [394/445] SHEV
[00:51:34] [395/445] APCO
[00:51:35] [396/445] SILC
[00:51:36] [397/445] SNMR
[00:51:36] [398/445] KYBO
[00:51:37] [399/445] SATK
[00:51:38] [400/445] SSCS
[00:51:39] [401/445] CLSB
[00:51:39] [402/445] KMJR
[00:51:40] [403/445] FSCK
[00:51:41] [404/445] NNKA
[00:51:42] [405/445] CLMK
[00:51:42] [406/445] DMPZ
[00:51:43] [407/445] INQM
[00:51:44] [408/445] CAML
[00:51:45] [409/445] INRK
[00:51:46] [410/445] IMKN
[00:51:46] [411/445] SVNR
[00:51:48] [412/445] INSL
[00:51:49] [413/445] MSMA
[00:51:50] [414/445] MCKK
[00:51:51] [415/445] FCHP
[00:51:52] [416/445] SFCR
[00:51:53] [417/445] NACK
[00:51:53] [418/445] PVAK
[00:51:54] [419/445] INER
[00:51:55] [420/445] RDBK
[00:51:56] [421/445] SVFN
[00:51:57] [422/445] IFRM
[00:51:57] [423/445] ATCK
[00:51:58] [424/445] ASKO
[00:52:00] [425/445] STKT
[00:52:00] [426/445] SVFB
[00:52:02] [427/445] INKS
[00:52:03] [428/445] PCRA
[00:52:04] [429/445] ATJA
[00:52:05] [430/445] IMJN
[00:52:06] [431/445] INHD
[00:52:06] [432/445] BARA
[00:52:07] [433/445] MCSL
[00:52:08] [434/445] RTOY
[00:52:09] [435/445] MENO
[00:52:09] [436/445] PUDM
[00:52:10] [437/445] PRCN
[00:52:11] [438/445] JMJR
[00:52:12] [439/445] SSGK
[00:52:13] [440/445] SSRL
[00:52:14] [441/445] JYKL
[00:52:15] [442/445] ACNB
[00:52:16] [443/445] SONP
[00:52:17] [444/445] EMCI
[00:52:18] [445/445] MRJH
[00:52:19] ✅ DONE | Shows=4 | Movies=1
