[00:45:14] 🚀 BMS DAILY TRACKER STARTED
[00:45:14] [1/296] CDCA
[00:45:14] 🧠 New identity
[00:45:15] [2/296] MNSR
[00:45:16] [3/296] CSSL
[00:45:17] [4/296] BGGM
[00:45:18] [5/296] MANT
[00:45:19] [6/296] SOOY
[00:45:20] [7/296] VPPK
[00:45:20] [8/296] MYHJ
[00:45:21] [9/296] KSCK
[00:45:22] [10/296] KATK
[00:45:23] [11/296] RTRT
[00:45:24] [12/296] SSTT
[00:45:24] [13/296] SSTV
[00:45:25] [14/296] LACM
[00:45:27] [15/296] SGMG
[00:45:28] [16/296] KACX
[00:45:29] [17/296] GVCP
[00:45:30] [18/296] CSNC
[00:45:31] [19/296] SXCB
[00:45:31] [20/296] BAHS
[00:45:32] [21/296] PCBI
[00:45:33] [22/296] PSSM
[00:45:35] [23/296] RCOK
[00:45:36] [24/296] SCPF
[00:45:37] [25/296] SSAS
[00:45:37] [26/296] EVMM
[00:45:38] [27/296] SYCB
[00:45:39] [28/296] GCKI
[00:45:40] [29/296] IAET
[00:45:41] [30/296] DDTD
[00:45:42] [31/296] GMDH
[00:45:43] [32/296] STLE
[00:45:44] [33/296] JTRA
[00:45:45] [34/296] RPPA
[00:45:46] [35/296] ARUT
[00:45:46] [36/296] JTVM
[00:45:47] [37/296] SWRH
[00:45:48] [38/296] DCPC
[00:45:49] [39/296] RAPR
[00:45:50] [40/296] GCRT
[00:45:50] [41/296] ATUN
[00:45:51] [42/296] LTRM
[00:45:52] [43/296] TASR
[00:45:53] [44/296] RLLC
[00:45:54] [45/296] MABI
[00:45:55] [46/296] SVHB
[00:45:55] [47/296] NVTB
[00:45:56] [48/296] KCKG
[00:45:57] [49/296] SSRN
[00:45:58] [50/296] VDDC
[00:45:59] [51/296] GKTK
[00:46:00] [52/296] YFSN
[00:46:01] [53/296] GCSG
[00:46:02] [54/296] ESSM
[00:46:03] [55/296] KRIH
[00:46:04] [56/296] GCDS
[00:46:05] [57/296] CCSH
[00:46:06] [58/296] ACSK
[00:46:06] [59/296] APRK
[00:46:08] [60/296] ADKM
[00:46:09] [61/296] SRDM
[00:46:10] [62/296] RMOG
[00:46:10] [63/296] SJMY
[00:46:11] [64/296] PGGC
[00:46:12] [65/296] INGM
[00:46:13] [66/296] LSCB
[00:46:14] [67/296] STAD
[00:46:15] [68/296] MCCR
[00:46:16] [69/296] ABCC
[00:46:17] [70/296] RKCC
[00:46:18] [71/296] RTCR
[00:46:19] [72/296] GGBC
[00:46:19] [73/296] GCSD
[00:46:20] [74/296] LPTY
[00:46:21] [75/296] MCFD
[00:46:22] [76/296] HENN
[00:46:23] [77/296] SMKU
[00:46:24] [78/296] TNZC
[00:46:25] [79/296] DRCD
[00:46:25] [80/296] DLCD
[00:46:26] [81/296] RCDA
[00:46:28] [82/296] COSM
[00:46:29] [83/296] MCMJ
[00:46:29] [84/296] CSTR
[00:46:30] [85/296] CVDK
[00:46:31] [86/296] INRR
[00:46:32] [87/296] RJRT
[00:46:34] [88/296] IRMR
[00:46:34] [89/296] SRCF
[00:46:35] [90/296] GRCR
[00:46:36] [91/296] SURC
[00:46:37] [92/296] NMNH
[00:46:38] [93/296] SVBL
[00:46:39] [94/296] KACI
[00:46:40] [95/296] TDGO
[00:46:40] [96/296] KTBR
[00:46:41] [97/296] PMAD
[00:46:42] [98/296] CCPN
[00:46:43] [99/296] SBTK
[00:46:44] [100/296] LMDK
[00:46:45] [101/296] PGDA
[00:46:45] [102/296] SRML
[00:46:46] [103/296] EVCK
[00:46:47] [104/296] RTTK
[00:46:48] [105/296] SRTU
[00:46:49] [106/296] VRSA
[00:46:50] [107/296] VARS
[00:46:50] [108/296] DSCZ
[00:46:51] [109/296] GAGA
[00:46:52] [110/296] SARV
[00:46:53] [111/296] SEEG
[00:46:54] [112/296] GLCA
[00:46:54] [113/296] APAS
[00:46:55] [114/296] VCIA
[00:46:56] [115/296] SJTA
[00:46:57] [116/296] SABM
[00:46:58] [117/296] PPAG
[00:46:59] [118/296] RVCA
[00:47:00] [119/296] CCIA
[00:47:01] [120/296] HTAG
[00:47:02] [121/296] SMBI
[00:47:03] [122/296] MCJR
[00:47:04] [123/296] CCJR
[00:47:04] [124/296] SINF
[00:47:05] [125/296] CPLX
[00:47:06] [126/296] KKTJ
[00:47:07] [127/296] GDBW
[00:47:07] [128/296] CSUB
[00:47:08] [129/296] DABA
[00:47:09] [130/296] TITR
[00:47:10] [131/296] NYCR
[00:47:11] [132/296] RTRY
[00:47:12] [133/296] JTJL
[00:47:13] [134/296] SJCP
[00:47:14] [135/296] KCCA
[00:47:16] [136/296] MLPG
[00:47:16] [137/296] VRCK
[00:47:17] [138/296] SRIN
[00:47:18] [139/296] CXMK
[00:47:19] [140/296] SKAD
[00:47:20] [141/296] AVTR
[00:47:21] [142/296] PTAJ
[00:47:21] [143/296] SCNK
[00:47:22] [144/296] STTI
[00:47:23] [145/296] KACR
[00:47:25] [146/296] SSDX
[00:47:25] [147/296] VRTJ
[00:47:26] [148/296] RAJD
[00:47:27] [149/296] SCIP
[00:47:28] [150/296] RJSL
[00:47:29] [151/296] ARRS
[00:47:29] [152/296] ASMS
[00:47:30] [153/296] RDTS
[00:47:32] [154/296] DVMY
[00:47:33] [155/296] RASA
[00:47:34] [156/296] INOM
[00:47:34] [157/296] SPRS
[00:47:35] [158/296] SGCS
[00:47:36] [159/296] SALM
[00:47:37] [160/296] PKHC
[00:47:38] [161/296] RCSV
[00:47:39] [162/296] CPKC
[00:47:40] [163/296] AACD
[00:47:40] [164/296] GGCV
[00:47:41] [165/296] SMKD
[00:47:42] [166/296] NBCH
[00:47:43] [167/296] AMCB
[00:47:44] [168/296] OPCN
[00:47:44] [169/296] DCIN
[00:47:45] [170/296] INGW
[00:47:46] [171/296] PKKW
[00:47:47] [172/296] FNGW
[00:47:48] [173/296] GCGD
[00:47:48] [174/296] MSTW
[00:47:49] [175/296] KCCG
[00:47:50] [176/296] MRSS
[00:47:51] [177/296] CLCF
[00:47:52] [178/296] EETS
[00:47:53] [179/296] AATR
[00:47:54] [180/296] CMMN
[00:47:55] [181/296] SCCJ
[00:47:55] [182/296] CDTK
[00:47:56] [183/296] AICP
[00:47:57] [184/296] FNBP
[00:47:58] [185/296] CBPB
[00:47:59] [186/296] CPAS
[00:48:00] [187/296] MAPM
[00:48:01] [188/296] PASD
[00:48:02] [189/296] JCMN
[00:48:03] [190/296] MALB
[00:48:04] [191/296] SACG
[00:48:04] [192/296] DDRX
[00:48:05] [193/296] DDXB
[00:48:06] [194/296] RAMC
[00:48:07] [195/296] SANC
[00:48:08] [196/296] BCBP
[00:48:09] [197/296] ALPC
[00:48:09] [198/296] RBAC
[00:48:10] [199/296] RAJL
[00:48:11] [200/296] MPDX
[00:48:12] [201/296] MUSC
[00:48:13] [202/296] VKMK
[00:48:14] [203/296] SKCG
[00:48:15] [204/296] ANCN
[00:48:16] [205/296] MMCJ
[00:48:17] [206/296] DCAK
[00:48:18] [207/296] SCKG
[00:48:19] [208/296] LMCK
[00:48:19] [209/296] CKKX
[00:48:20] [210/296] ANKU
[00:48:21] [211/296] CSMD
[00:48:23] [212/296] MKMP
[00:48:24] [213/296] SVBG
[00:48:25] [214/296] ROOP
[00:48:25] [215/296] GDMT
[00:48:26] [216/296] FPPF
[00:48:27] [217/296] SFUU
[00:48:28] [218/296] ANCB
[00:48:29] [219/296] SMMC
[00:48:31] [220/296] UGKT
[00:48:32] [221/296] JVRM
[00:48:33] [222/296] BATG
[00:48:34] [223/296] RATE
[00:48:34] [224/296] SKME
[00:48:35] [225/296] LMTP
[00:48:36] [226/296] TCBD
[00:48:37] [227/296] ESBD
[00:48:38] [228/296] GDCU
[00:48:39] [229/296] SNKT
[00:48:40] [230/296] SRNK
[00:48:40] [231/296] SMED
[00:48:41] [232/296] CSQS
[00:48:42] [233/296] ALCS
[00:48:43] [234/296] KCKN
[00:48:44] [235/296] VCCL
[00:48:44] [236/296] MCDA
[00:48:45] [237/296] SHMI
[00:48:46] [238/296] SKHA
[00:48:47] [239/296] SVFK
[00:48:48] [240/296] INVB
[00:48:49] [241/296] MELD
[00:48:49] [242/296] JTYS
[00:48:50] [243/296] INCM
[00:48:51] [244/296] MCDV
[00:48:52] [245/296] KSGK
[00:48:53] [246/296] ICMG
[00:48:53] [247/296] CSCV
[00:48:54] [248/296] STMD
[00:48:55] [249/296] STTR
[00:48:56] [250/296] INVC
[00:48:57] [251/296] JTBL
[00:48:58] [252/296] SRVV
[00:48:58] [253/296] MAVC
[00:48:59] [254/296] SRPP
[00:49:00] [255/296] JGDM
[00:49:01] [256/296] MBSJ
[00:49:02] [257/296] SSLL
[00:49:02] [258/296] SLKP
[00:49:03] [259/296] NSRV
[00:49:04] [260/296] UTDV
[00:49:05] [261/296] KICM
[00:49:06] [262/296] KCMD
[00:49:07] [263/296] TTPP
[00:49:08] [264/296] KMPV
[00:49:08] [265/296] SKTV
[00:49:09] [266/296] STCV
[00:49:10] [267/296] SRDA
[00:49:11] [268/296] JTSX
[00:49:11] [269/296] STBV
[00:49:13] [270/296] APVZ
[00:49:13] [271/296] GSTV
[00:49:14] [272/296] NMVS
[00:49:15] [273/296] SKRT
[00:49:16] [274/296] RMDV
[00:49:18] [275/296] RATG
[00:49:19] [276/296] SJYV
[00:49:19] [277/296] NDGP
[00:49:20] [278/296] SNDG
[00:49:21] [279/296] INSR
[00:49:22] [280/296] INSO
[00:49:22] [281/296] CCSI
[00:49:24] [282/296] RASM
[00:49:25] [283/296] NEWC
[00:49:26] [284/296] VSHL
[00:49:26] [285/296] BISW
[00:49:27] [286/296] GCNG
[00:49:28] [287/296] CWSC
[00:49:29] [288/296] SKAN
[00:49:30] [289/296] SEHP
[00:49:31] [290/296] CCOA
[00:49:32] [291/296] MCAJ
[00:49:33] [292/296] ACDE
[00:49:34] [293/296] AACM
[00:49:35] [294/296] JJCK
[00:49:36] [295/296] RCMO
[00:49:37] [296/296] GDAW
[00:49:38] ✅ DONE | Shows=3 | Movies=1
[01:51:49] 🚀 BMS DAILY TRACKER STARTED
[01:51:49] [1/296] CDCA
[01:51:49] 🧠 New identity
[01:51:51] [2/296] MNSR
[01:51:52] [3/296] CSSL
[01:51:53] [4/296] BGGM
[01:51:54] [5/296] MANT
[01:51:55] [6/296] SOOY
[01:51:57] [7/296] VPPK
[01:51:58] [8/296] MYHJ
[01:51:58] [9/296] KSCK
[01:51:59] [10/296] KATK
[01:52:00] [11/296] RTRT
[01:52:01] [12/296] SSTT
[01:52:02] [13/296] SSTV
[01:52:03] [14/296] LACM
[01:52:04] [15/296] SGMG
[01:52:05] [16/296] KACX
[01:52:06] [17/296] GVCP
[01:52:07] [18/296] CSNC
[01:52:08] [19/296] SXCB
[01:52:08] [20/296] BAHS
[01:52:09] [21/296] PCBI
[01:52:10] [22/296] PSSM
[01:52:12] [23/296] RCOK
[01:52:13] [24/296] SCPF
[01:52:14] [25/296] SSAS
[01:52:15] [26/296] EVMM
[01:52:16] [27/296] SYCB
[01:52:17] [28/296] GCKI
[01:52:18] [29/296] IAET
[01:52:19] [30/296] DDTD
[01:52:20] [31/296] GMDH
[01:52:21] [32/296] STLE
[01:52:22] [33/296] JTRA
[01:52:23] [34/296] RPPA
[01:52:24] [35/296] ARUT
[01:52:26] [36/296] JTVM
[01:52:26] [37/296] SWRH
[01:52:27] [38/296] DCPC
[01:52:28] [39/296] RAPR
[01:52:29] [40/296] GCRT
[01:52:31] [41/296] ATUN
[01:52:32] [42/296] LTRM
[01:52:33] [43/296] TASR
[01:52:34] [44/296] RLLC
[01:52:35] [45/296] MABI
[01:52:36] [46/296] SVHB
[01:52:37] [47/296] NVTB
[01:52:38] [48/296] KCKG
[01:52:38] [49/296] SSRN
[01:52:39] [50/296] VDDC
[01:52:40] [51/296] GKTK
[01:52:41] [52/296] YFSN
[01:52:42] [53/296] GCSG
[01:52:43] [54/296] ESSM
[01:52:44] [55/296] KRIH
[01:52:45] [56/296] GCDS
[01:52:46] [57/296] CCSH
[01:52:47] [58/296] ACSK
[01:52:48] [59/296] APRK
[01:52:49] [60/296] ADKM
[01:52:50] [61/296] SRDM
[01:52:51] [62/296] RMOG
[01:52:52] [63/296] SJMY
[01:52:53] [64/296] PGGC
[01:52:53] [65/296] INGM
[01:52:54] [66/296] LSCB
[01:52:55] [67/296] STAD
[01:52:56] [68/296] MCCR
[01:52:57] [69/296] ABCC
[01:52:58] [70/296] RKCC
[01:52:59] [71/296] RTCR
[01:53:00] [72/296] GGBC
[01:53:01] [73/296] GCSD
[01:53:02] [74/296] LPTY
[01:53:02] [75/296] MCFD
[01:53:03] [76/296] HENN
[01:53:04] [77/296] SMKU
[01:53:05] [78/296] TNZC
[01:53:06] [79/296] DRCD
[01:53:06] [80/296] DLCD
[01:53:07] [81/296] RCDA
[01:53:08] [82/296] COSM
[01:53:09] [83/296] MCMJ
[01:53:10] [84/296] CSTR
[01:53:11] [85/296] CVDK
[01:53:11] [86/296] INRR
[01:53:12] [87/296] RJRT
[01:53:13] [88/296] IRMR
[01:53:14] [89/296] SRCF
[01:53:15] [90/296] GRCR
[01:53:16] [91/296] SURC
[01:53:17] [92/296] NMNH
[01:53:18] [93/296] SVBL
[01:53:19] [94/296] KACI
[01:53:20] [95/296] TDGO
[01:53:20] [96/296] KTBR
[01:53:21] [97/296] PMAD
[01:53:22] [98/296] CCPN
[01:53:23] [99/296] SBTK
[01:53:24] [100/296] LMDK
[01:53:24] [101/296] PGDA
[01:53:25] [102/296] SRML
[01:53:26] [103/296] EVCK
[01:53:27] [104/296] RTTK
[01:53:28] [105/296] SRTU
[01:53:29] [106/296] VRSA
[01:53:30] [107/296] VARS
[01:53:30] [108/296] DSCZ
[01:53:31] [109/296] GAGA
[01:53:32] [110/296] SARV
[01:53:33] [111/296] SEEG
[01:53:34] [112/296] GLCA
[01:53:35] [113/296] APAS
[01:53:36] [114/296] VCIA
[01:53:37] [115/296] SJTA
[01:53:38] [116/296] SABM
[01:53:39] [117/296] PPAG
[01:53:39] [118/296] RVCA
[01:53:40] [119/296] CCIA
[01:53:41] [120/296] HTAG
[01:53:42] [121/296] SMBI
[01:53:43] [122/296] MCJR
[01:53:44] [123/296] CCJR
[01:53:45] [124/296] SINF
[01:53:46] [125/296] CPLX
[01:53:47] [126/296] KKTJ
[01:53:48] [127/296] GDBW
[01:53:49] [128/296] CSUB
[01:53:50] [129/296] DABA
[01:53:51] [130/296] TITR
[01:53:51] [131/296] NYCR
[01:53:52] [132/296] RTRY
[01:53:53] [133/296] JTJL
[01:53:54] [134/296] SJCP
[01:53:55] [135/296] KCCA
[01:53:56] [136/296] MLPG
[01:53:57] [137/296] VRCK
[01:53:58] [138/296] SRIN
[01:53:58] [139/296] CXMK
[01:53:59] [140/296] SKAD
[01:54:00] [141/296] AVTR
[01:54:01] [142/296] PTAJ
[01:54:02] [143/296] SCNK
[01:54:03] [144/296] STTI
[01:54:04] [145/296] KACR
[01:54:04] [146/296] SSDX
[01:54:05] [147/296] VRTJ
[01:54:06] [148/296] RAJD
[01:54:07] [149/296] SCIP
[01:54:08] [150/296] RJSL
[01:54:08] [151/296] ARRS
[01:54:09] [152/296] ASMS
[01:54:11] [153/296] RDTS
[01:54:12] [154/296] DVMY
[01:54:13] [155/296] RASA
[01:54:13] [156/296] INOM
[01:54:14] [157/296] SPRS
[01:54:15] [158/296] SGCS
[01:54:17] [159/296] SALM
[01:54:17] [160/296] PKHC
[01:54:18] [161/296] RCSV
[01:54:19] [162/296] CPKC
[01:54:20] [163/296] AACD
[01:54:21] [164/296] GGCV
[01:54:22] [165/296] SMKD
[01:54:22] [166/296] NBCH
[01:54:23] [167/296] AMCB
[01:54:24] [168/296] OPCN
[01:54:25] [169/296] DCIN
[01:54:26] [170/296] INGW
[01:54:26] [171/296] PKKW
[01:54:27] [172/296] FNGW
[01:54:28] [173/296] GCGD
[01:54:29] [174/296] MSTW
[01:54:30] [175/296] KCCG
[01:54:31] [176/296] MRSS
[01:54:32] [177/296] CLCF
[01:54:33] [178/296] EETS
[01:54:34] [179/296] AATR
[01:54:34] [180/296] CMMN
[01:54:35] [181/296] SCCJ
[01:54:36] [182/296] CDTK
[01:54:37] [183/296] AICP
[01:54:38] [184/296] FNBP
[01:54:39] [185/296] CBPB
[01:54:40] [186/296] CPAS
[01:54:41] [187/296] MAPM
[01:54:41] [188/296] PASD
[01:54:42] [189/296] JCMN
[01:54:43] [190/296] MALB
[01:54:45] [191/296] SACG
[01:54:46] [192/296] DDRX
[01:54:47] [193/296] DDXB
[01:54:47] [194/296] RAMC
[01:54:48] [195/296] SANC
[01:54:49] [196/296] BCBP
[01:54:50] [197/296] ALPC
[01:54:51] [198/296] RBAC
[01:54:52] [199/296] RAJL
[01:54:53] [200/296] MPDX
[01:54:54] [201/296] MUSC
[01:54:55] [202/296] VKMK
[01:54:56] [203/296] SKCG
[01:54:57] [204/296] ANCN
[01:54:57] [205/296] MMCJ
[01:54:58] [206/296] DCAK
[01:54:59] [207/296] SCKG
[01:55:01] [208/296] LMCK
[01:55:02] [209/296] CKKX
[01:55:02] [210/296] ANKU
[01:55:04] [211/296] CSMD
[01:55:05] [212/296] MKMP
[01:55:06] [213/296] SVBG
[01:55:07] [214/296] ROOP
[01:55:07] [215/296] GDMT
[01:55:08] [216/296] FPPF
[01:55:09] [217/296] SFUU
[01:55:10] [218/296] ANCB
[01:55:11] [219/296] SMMC
[01:55:12] [220/296] UGKT
[01:55:13] [221/296] JVRM
[01:55:14] [222/296] BATG
[01:55:15] [223/296] RATE
[01:55:16] [224/296] SKME
[01:55:18] [225/296] LMTP
[01:55:18] [226/296] TCBD
[01:55:19] [227/296] ESBD
[01:55:20] [228/296] GDCU
[01:55:21] [229/296] SNKT
[01:55:22] [230/296] SRNK
[01:55:23] [231/296] SMED
[01:55:24] [232/296] CSQS
[01:55:25] [233/296] ALCS
[01:55:26] [234/296] KCKN
[01:55:27] [235/296] VCCL
[01:55:28] [236/296] MCDA
[01:55:28] [237/296] SHMI
[01:55:29] [238/296] SKHA
[01:55:30] [239/296] SVFK
[01:55:31] [240/296] INVB
[01:55:33] [241/296] MELD
[01:55:34] [242/296] JTYS
[01:55:35] [243/296] INCM
[01:55:36] [244/296] MCDV
[01:55:36] [245/296] KSGK
[01:55:37] [246/296] ICMG
[01:55:38] [247/296] CSCV
[01:55:39] [248/296] STMD
[01:55:40] [249/296] STTR
[01:55:40] [250/296] INVC
[01:55:41] [251/296] JTBL
[01:55:42] [252/296] SRVV
[01:55:43] [253/296] MAVC
[01:55:44] [254/296] SRPP
[01:55:46] [255/296] JGDM
[01:55:47] [256/296] MBSJ
[01:55:48] [257/296] SSLL
[01:55:49] [258/296] SLKP
[01:55:50] [259/296] NSRV
[01:55:51] [260/296] UTDV
[01:55:52] [261/296] KICM
[01:55:53] [262/296] KCMD
[01:55:54] [263/296] TTPP
[01:55:55] [264/296] KMPV
[01:55:56] [265/296] SKTV
[01:55:57] [266/296] STCV
[01:55:58] [267/296] SRDA
[01:55:59] [268/296] JTSX
[01:56:00] [269/296] STBV
[01:56:01] [270/296] APVZ
[01:56:02] [271/296] GSTV
[01:56:02] [272/296] NMVS
[01:56:03] [273/296] SKRT
[01:56:04] [274/296] RMDV
[01:56:05] [275/296] RATG
[01:56:06] [276/296] SJYV
[01:56:08] [277/296] NDGP
[01:56:09] [278/296] SNDG
[01:56:10] [279/296] INSR
[01:56:11] [280/296] INSO
[01:56:12] [281/296] CCSI
[01:56:13] [282/296] RASM
[01:56:14] [283/296] NEWC
[01:56:15] [284/296] VSHL
[01:56:16] [285/296] BISW
[01:56:16] [286/296] GCNG
[01:56:17] [287/296] CWSC
[01:56:18] [288/296] SKAN
[01:56:19] [289/296] SEHP
[01:56:20] [290/296] CCOA
[01:56:21] [291/296] MCAJ
[01:56:22] [292/296] ACDE
[01:56:23] [293/296] AACM
[01:56:23] [294/296] JJCK
[01:56:24] [295/296] RCMO
[01:56:25] [296/296] GDAW
[01:56:26] ✅ DONE | Shows=5 | Movies=1
[02:50:27] 🚀 BMS DAILY TRACKER STARTED
[02:50:27] [1/296] CDCA
[02:50:27] 🧠 New identity
[02:50:28] [2/296] MNSR
[02:50:29] [3/296] CSSL
[02:50:30] [4/296] BGGM
[02:50:30] [5/296] MANT
[02:50:31] [6/296] SOOY
[02:50:32] [7/296] VPPK
[02:50:32] [8/296] MYHJ
[02:50:33] [9/296] KSCK
[02:50:34] [10/296] KATK
[02:50:36] [11/296] RTRT
[02:50:37] [12/296] SSTT
[02:50:38] [13/296] SSTV
[02:50:38] [14/296] LACM
[02:50:39] [15/296] SGMG
[02:50:40] [16/296] KACX
[02:50:41] [17/296] GVCP
[02:50:42] [18/296] CSNC
[02:50:43] [19/296] SXCB
[02:50:44] [20/296] BAHS
[02:50:45] [21/296] PCBI
[02:50:46] [22/296] PSSM
[02:50:47] [23/296] RCOK
[02:50:48] [24/296] SCPF
[02:50:48] [25/296] SSAS
[02:50:50] [26/296] EVMM
[02:50:51] [27/296] SYCB
[02:50:52] [28/296] GCKI
[02:50:52] [29/296] IAET
[02:50:53] [30/296] DDTD
[02:50:54] [31/296] GMDH
[02:50:55] [32/296] STLE
[02:50:56] [33/296] JTRA
[02:50:57] [34/296] RPPA
[02:50:58] [35/296] ARUT
[02:50:59] [36/296] JTVM
[02:51:00] [37/296] SWRH
[02:51:00] [38/296] DCPC
[02:51:01] [39/296] RAPR
[02:51:02] [40/296] GCRT
[02:51:04] [41/296] ATUN
[02:51:05] [42/296] LTRM
[02:51:06] [43/296] TASR
[02:51:07] [44/296] RLLC
[02:51:08] [45/296] MABI
[02:51:09] [46/296] SVHB
[02:51:09] [47/296] NVTB
[02:51:10] [48/296] KCKG
[02:51:11] [49/296] SSRN
[02:51:12] [50/296] VDDC
[02:51:13] [51/296] GKTK
[02:51:14] [52/296] YFSN
[02:51:15] [53/296] GCSG
[02:51:16] [54/296] ESSM
[02:51:17] [55/296] KRIH
[02:51:18] [56/296] GCDS
[02:51:19] [57/296] CCSH
[02:51:19] [58/296] ACSK
[02:51:20] [59/296] APRK
[02:51:21] [60/296] ADKM
[02:51:22] [61/296] SRDM
[02:51:23] [62/296] RMOG
[02:51:24] [63/296] SJMY
[02:51:24] [64/296] PGGC
[02:51:25] [65/296] INGM
[02:51:26] [66/296] LSCB
[02:51:27] [67/296] STAD
[02:51:28] [68/296] MCCR
[02:51:28] [69/296] ABCC
[02:51:29] [70/296] RKCC
[02:51:31] [71/296] RTCR
[02:51:32] [72/296] GGBC
[02:51:33] [73/296] GCSD
[02:51:33] [74/296] LPTY
[02:51:35] [75/296] MCFD
[02:51:37] [76/296] HENN
[02:51:37] [77/296] SMKU
[02:51:38] [78/296] TNZC
[02:51:39] [79/296] DRCD
[02:51:40] [80/296] DLCD
[02:51:41] [81/296] RCDA
[02:51:42] [82/296] COSM
[02:51:43] [83/296] MCMJ
[02:51:44] [84/296] CSTR
[02:51:45] [85/296] CVDK
[02:51:46] [86/296] INRR
[02:51:47] [87/296] RJRT
[02:51:48] [88/296] IRMR
[02:51:49] [89/296] SRCF
[02:51:50] [90/296] GRCR
[02:51:51] [91/296] SURC
[02:51:51] [92/296] NMNH
[02:51:52] [93/296] SVBL
[02:51:53] [94/296] KACI
[02:51:54] [95/296] TDGO
[02:51:55] [96/296] KTBR
[02:51:56] [97/296] PMAD
[02:51:57] [98/296] CCPN
[02:51:58] [99/296] SBTK
[02:51:59] [100/296] LMDK
[02:52:00] [101/296] PGDA
[02:52:01] [102/296] SRML
[02:52:01] [103/296] EVCK
[02:52:03] [104/296] RTTK
[02:52:04] [105/296] SRTU
[02:52:05] [106/296] VRSA
[02:52:06] [107/296] VARS
[02:52:07] [108/296] DSCZ
[02:52:08] [109/296] GAGA
[02:52:08] [110/296] SARV
[02:52:09] [111/296] SEEG
[02:52:10] [112/296] GLCA
[02:52:11] [113/296] APAS
[02:52:13] [114/296] VCIA
[02:52:15] [115/296] SJTA
[02:52:15] [116/296] SABM
[02:52:16] [117/296] PPAG
[02:52:17] [118/296] RVCA
[02:52:18] [119/296] CCIA
[02:52:18] [120/296] HTAG
[02:52:19] [121/296] SMBI
[02:52:20] [122/296] MCJR
[02:52:21] [123/296] CCJR
[02:52:22] [124/296] SINF
[02:52:23] [125/296] CPLX
[02:52:24] [126/296] KKTJ
[02:52:25] [127/296] GDBW
[02:52:25] [128/296] CSUB
[02:52:26] [129/296] DABA
[02:52:27] [130/296] TITR
[02:52:28] [131/296] NYCR
[02:52:29] [132/296] RTRY
[02:52:30] [133/296] JTJL
[02:52:31] [134/296] SJCP
[02:52:32] [135/296] KCCA
[02:52:32] [136/296] MLPG
[02:52:33] [137/296] VRCK
[02:52:34] [138/296] SRIN
[02:52:35] [139/296] CXMK
[02:52:36] [140/296] SKAD
[02:52:36] [141/296] AVTR
[02:52:37] [142/296] PTAJ
[02:52:38] [143/296] SCNK
[02:52:39] [144/296] STTI
[02:52:40] [145/296] KACR
[02:52:40] [146/296] SSDX
[02:52:41] [147/296] VRTJ
[02:52:42] [148/296] RAJD
[02:52:43] [149/296] SCIP
[02:52:44] [150/296] RJSL
[02:52:45] [151/296] ARRS
[02:52:46] [152/296] ASMS
[02:52:46] [153/296] RDTS
[02:52:47] [154/296] DVMY
[02:52:48] [155/296] RASA
[02:52:49] [156/296] INOM
[02:52:49] [157/296] SPRS
[02:52:50] [158/296] SGCS
[02:52:51] [159/296] SALM
[02:52:52] [160/296] PKHC
[02:52:53] [161/296] RCSV
[02:52:54] [162/296] CPKC
[02:52:55] [163/296] AACD
[02:52:56] [164/296] GGCV
[02:52:57] [165/296] SMKD
[02:52:58] [166/296] NBCH
[02:52:59] [167/296] AMCB
[02:53:00] [168/296] OPCN
[02:53:01] [169/296] DCIN
[02:53:01] [170/296] INGW
[02:53:02] [171/296] PKKW
[02:53:03] [172/296] FNGW
[02:53:05] [173/296] GCGD
[02:53:05] [174/296] MSTW
[02:53:06] [175/296] KCCG
[02:53:07] [176/296] MRSS
[02:53:08] [177/296] CLCF
[02:53:09] [178/296] EETS
[02:53:10] [179/296] AATR
[02:53:11] [180/296] CMMN
[02:53:12] [181/296] SCCJ
[02:53:13] [182/296] CDTK
[02:53:14] [183/296] AICP
[02:53:14] [184/296] FNBP
[02:53:15] [185/296] CBPB
[02:53:16] [186/296] CPAS
[02:53:17] [187/296] MAPM
[02:53:18] [188/296] PASD
[02:53:19] [189/296] JCMN
[02:53:20] [190/296] MALB
[02:53:20] [191/296] SACG
[02:53:22] [192/296] DDRX
[02:53:23] [193/296] DDXB
[02:53:24] [194/296] RAMC
[02:53:25] [195/296] SANC
[02:53:26] [196/296] BCBP
[02:53:27] [197/296] ALPC
[02:53:28] [198/296] RBAC
[02:53:28] [199/296] RAJL
[02:53:29] [200/296] MPDX
[02:53:30] [201/296] MUSC
[02:53:31] [202/296] VKMK
[02:53:32] [203/296] SKCG
[02:53:34] [204/296] ANCN
[02:53:35] [205/296] MMCJ
[02:53:36] [206/296] DCAK
[02:53:36] [207/296] SCKG
[02:53:37] [208/296] LMCK
[02:53:38] [209/296] CKKX
[02:53:39] [210/296] ANKU
[02:53:40] [211/296] CSMD
[02:53:41] [212/296] MKMP
[02:53:42] [213/296] SVBG
[02:53:42] [214/296] ROOP
[02:53:44] [215/296] GDMT
[02:53:44] [216/296] FPPF
[02:53:45] [217/296] SFUU
[02:53:46] [218/296] ANCB
[02:53:47] [219/296] SMMC
[02:53:48] [220/296] UGKT
[02:53:48] [221/296] JVRM
[02:53:49] [222/296] BATG
[02:53:50] [223/296] RATE
[02:53:51] [224/296] SKME
[02:53:51] [225/296] LMTP
[02:53:52] [226/296] TCBD
[02:53:53] [227/296] ESBD
[02:53:54] [228/296] GDCU
[02:53:55] [229/296] SNKT
[02:53:57] [230/296] SRNK
[02:53:57] [231/296] SMED
[02:53:58] [232/296] CSQS
[02:53:59] [233/296] ALCS
[02:54:00] [234/296] KCKN
[02:54:00] [235/296] VCCL
[02:54:01] [236/296] MCDA
[02:54:02] [237/296] SHMI
[02:54:03] [238/296] SKHA
[02:54:04] [239/296] SVFK
[02:54:05] [240/296] INVB
[02:54:06] [241/296] MELD
[02:54:07] [242/296] JTYS
[02:54:08] [243/296] INCM
[02:54:08] [244/296] MCDV
[02:54:09] [245/296] KSGK
[02:54:10] [246/296] ICMG
[02:54:11] [247/296] CSCV
[02:54:12] [248/296] STMD
[02:54:12] [249/296] STTR
[02:54:13] [250/296] INVC
[02:54:14] [251/296] JTBL
[02:54:15] [252/296] SRVV
[02:54:16] [253/296] MAVC
[02:54:16] [254/296] SRPP
[02:54:17] [255/296] JGDM
[02:54:18] [256/296] MBSJ
[02:54:19] [257/296] SSLL
[02:54:20] [258/296] SLKP
[02:54:21] [259/296] NSRV
[02:54:22] [260/296] UTDV
[02:54:22] [261/296] KICM
[02:54:23] [262/296] KCMD
[02:54:24] [263/296] TTPP
[02:54:25] [264/296] KMPV
[02:54:26] [265/296] SKTV
[02:54:26] [266/296] STCV
[02:54:27] [267/296] SRDA
[02:54:29] [268/296] JTSX
[02:54:29] [269/296] STBV
[02:54:30] [270/296] APVZ
[02:54:31] [271/296] GSTV
[02:54:32] [272/296] NMVS
[02:54:33] [273/296] SKRT
[02:54:34] [274/296] RMDV
[02:54:35] [275/296] RATG
[02:54:36] [276/296] SJYV
[02:54:37] [277/296] NDGP
[02:54:38] [278/296] SNDG
[02:54:39] [279/296] INSR
[02:54:40] [280/296] INSO
[02:54:41] [281/296] CCSI
[02:54:42] [282/296] RASM
[02:54:42] [283/296] NEWC
[02:54:43] [284/296] VSHL
[02:54:44] [285/296] BISW
[02:54:44] [286/296] GCNG
[02:54:46] [287/296] CWSC
[02:54:46] [288/296] SKAN
[02:54:47] [289/296] SEHP
[02:54:48] [290/296] CCOA
[02:54:49] [291/296] MCAJ
[02:54:50] [292/296] ACDE
[02:54:51] [293/296] AACM
[02:54:52] [294/296] JJCK
[02:54:52] [295/296] RCMO
[02:54:54] [296/296] GDAW
[02:54:55] ✅ DONE | Shows=7 | Movies=1
[03:48:35] 🚀 BMS DAILY TRACKER STARTED
[03:48:35] [1/296] CDCA
[03:48:35] 🧠 New identity
[03:48:36] [2/296] MNSR
[03:48:37] [3/296] CSSL
[03:48:38] [4/296] BGGM
[03:48:39] [5/296] MANT
[03:48:40] [6/296] SOOY
[03:48:41] [7/296] VPPK
[03:48:41] [8/296] MYHJ
[03:48:42] [9/296] KSCK
[03:48:44] [10/296] KATK
[03:48:45] [11/296] RTRT
[03:48:46] [12/296] SSTT
[03:48:47] [13/296] SSTV
[03:48:49] [14/296] LACM
[03:48:49] [15/296] SGMG
[03:48:50] [16/296] KACX
[03:48:51] [17/296] GVCP
[03:48:52] [18/296] CSNC
[03:48:53] [19/296] SXCB
[03:48:54] [20/296] BAHS
[03:48:55] [21/296] PCBI
[03:48:56] [22/296] PSSM
[03:48:57] [23/296] RCOK
[03:48:58] [24/296] SCPF
[03:48:59] [25/296] SSAS
[03:49:00] [26/296] EVMM
[03:49:01] [27/296] SYCB
[03:49:02] [28/296] GCKI
[03:49:03] [29/296] IAET
[03:49:03] [30/296] DDTD
[03:49:04] [31/296] GMDH
[03:49:05] [32/296] STLE
[03:49:06] [33/296] JTRA
[03:49:07] [34/296] RPPA
[03:49:08] [35/296] ARUT
[03:49:09] [36/296] JTVM
[03:49:10] [37/296] SWRH
[03:49:10] [38/296] DCPC
[03:49:11] [39/296] RAPR
[03:49:12] [40/296] GCRT
[03:49:13] [41/296] ATUN
[03:49:14] [42/296] LTRM
[03:49:15] [43/296] TASR
[03:49:16] [44/296] RLLC
[03:49:17] [45/296] MABI
[03:49:19] [46/296] SVHB
[03:49:20] [47/296] NVTB
[03:49:21] [48/296] KCKG
[03:49:21] [49/296] SSRN
[03:49:23] [50/296] VDDC
[03:49:24] [51/296] GKTK
[03:49:25] [52/296] YFSN
[03:49:26] [53/296] GCSG
[03:49:27] [54/296] ESSM
[03:49:28] [55/296] KRIH
[03:49:29] [56/296] GCDS
[03:49:29] [57/296] CCSH
[03:49:30] [58/296] ACSK
[03:49:31] [59/296] APRK
[03:49:32] [60/296] ADKM
[03:49:33] [61/296] SRDM
[03:49:34] [62/296] RMOG
[03:49:35] [63/296] SJMY
[03:49:36] [64/296] PGGC
[03:49:37] [65/296] INGM
[03:49:38] [66/296] LSCB
[03:49:39] [67/296] STAD
[03:49:40] [68/296] MCCR
[03:49:41] [69/296] ABCC
[03:49:42] [70/296] RKCC
[03:49:43] [71/296] RTCR
[03:49:44] [72/296] GGBC
[03:49:45] [73/296] GCSD
[03:49:46] [74/296] LPTY
[03:49:46] [75/296] MCFD
[03:49:47] [76/296] HENN
[03:49:48] [77/296] SMKU
[03:49:49] [78/296] TNZC
[03:49:50] [79/296] DRCD
[03:49:51] [80/296] DLCD
[03:49:52] [81/296] RCDA
[03:49:52] [82/296] COSM
[03:49:53] [83/296] MCMJ
[03:49:54] [84/296] CSTR
[03:49:55] [85/296] CVDK
[03:49:56] [86/296] INRR
[03:49:57] [87/296] RJRT
[03:49:57] [88/296] IRMR
[03:49:58] [89/296] SRCF
[03:49:59] [90/296] GRCR
[03:50:00] [91/296] SURC
[03:50:01] [92/296] NMNH
[03:50:02] [93/296] SVBL
[03:50:03] [94/296] KACI
[03:50:03] [95/296] TDGO
[03:50:04] [96/296] KTBR
[03:50:05] [97/296] PMAD
[03:50:07] [98/296] CCPN
[03:50:07] [99/296] SBTK
[03:50:08] [100/296] LMDK
[03:50:09] [101/296] PGDA
[03:50:10] [102/296] SRML
[03:50:11] [103/296] EVCK
[03:50:12] [104/296] RTTK
[03:50:13] [105/296] SRTU
[03:50:14] [106/296] VRSA
[03:50:15] [107/296] VARS
[03:50:16] [108/296] DSCZ
[03:50:17] [109/296] GAGA
[03:50:18] [110/296] SARV
[03:50:18] [111/296] SEEG
[03:50:19] [112/296] GLCA
[03:50:20] [113/296] APAS
[03:50:21] [114/296] VCIA
[03:50:22] [115/296] SJTA
[03:50:22] [116/296] SABM
[03:50:23] [117/296] PPAG
[03:50:24] [118/296] RVCA
[03:50:25] [119/296] CCIA
[03:50:26] [120/296] HTAG
[03:50:27] [121/296] SMBI
[03:50:28] [122/296] MCJR
[03:50:28] [123/296] CCJR
[03:50:29] [124/296] SINF
[03:50:30] [125/296] CPLX
[03:50:31] [126/296] KKTJ
[03:50:32] [127/296] GDBW
[03:50:33] [128/296] CSUB
[03:50:34] [129/296] DABA
[03:50:35] [130/296] TITR
[03:50:36] [131/296] NYCR
[03:50:37] [132/296] RTRY
[03:50:38] [133/296] JTJL
[03:50:39] [134/296] SJCP
[03:50:39] [135/296] KCCA
[03:50:40] [136/296] MLPG
[03:50:41] [137/296] VRCK
[03:50:42] [138/296] SRIN
[03:50:43] [139/296] CXMK
[03:50:44] [140/296] SKAD
[03:50:45] [141/296] AVTR
[03:50:46] [142/296] PTAJ
[03:50:47] [143/296] SCNK
[03:50:48] [144/296] STTI
[03:50:49] [145/296] KACR
[03:50:49] [146/296] SSDX
[03:50:51] [147/296] VRTJ
[03:50:52] [148/296] RAJD
[03:50:53] [149/296] SCIP
[03:50:53] [150/296] RJSL
[03:50:54] [151/296] ARRS
[03:50:56] [152/296] ASMS
[03:50:56] [153/296] RDTS
[03:50:57] [154/296] DVMY
[03:50:58] [155/296] RASA
[03:50:59] [156/296] INOM
[03:50:59] [157/296] SPRS
[03:51:00] [158/296] SGCS
[03:51:01] [159/296] SALM
[03:51:02] [160/296] PKHC
[03:51:03] [161/296] RCSV
[03:51:04] [162/296] CPKC
[03:51:05] [163/296] AACD
[03:51:06] [164/296] GGCV
[03:51:06] [165/296] SMKD
[03:51:07] [166/296] NBCH
[03:51:08] [167/296] AMCB
[03:51:09] [168/296] OPCN
[03:51:10] [169/296] DCIN
[03:51:11] [170/296] INGW
[03:51:11] [171/296] PKKW
[03:51:12] [172/296] FNGW
[03:51:13] [173/296] GCGD
[03:51:14] [174/296] MSTW
[03:51:15] [175/296] KCCG
[03:51:16] [176/296] MRSS
[03:51:16] [177/296] CLCF
[03:51:17] [178/296] EETS
[03:51:18] [179/296] AATR
[03:51:19] [180/296] CMMN
[03:51:20] [181/296] SCCJ
[03:51:21] [182/296] CDTK
[03:51:21] [183/296] AICP
[03:51:22] [184/296] FNBP
[03:51:23] [185/296] CBPB
[03:51:24] [186/296] CPAS
[03:51:25] [187/296] MAPM
[03:51:26] [188/296] PASD
[03:51:26] [189/296] JCMN
[03:51:27] [190/296] MALB
[03:51:28] [191/296] SACG
[03:51:29] [192/296] DDRX
[03:51:30] [193/296] DDXB
[03:51:31] [194/296] RAMC
[03:51:32] [195/296] SANC
[03:51:32] [196/296] BCBP
[03:51:34] [197/296] ALPC
[03:51:35] [198/296] RBAC
[03:51:36] [199/296] RAJL
[03:51:37] [200/296] MPDX
[03:51:38] [201/296] MUSC
[03:51:39] [202/296] VKMK
[03:51:40] [203/296] SKCG
[03:51:41] [204/296] ANCN
[03:51:42] [205/296] MMCJ
[03:51:43] [206/296] DCAK
[03:51:44] [207/296] SCKG
[03:51:45] [208/296] LMCK
[03:51:45] [209/296] CKKX
[03:51:46] [210/296] ANKU
[03:51:48] [211/296] CSMD
[03:51:49] [212/296] MKMP
[03:51:50] [213/296] SVBG
[03:51:50] [214/296] ROOP
[03:51:51] [215/296] GDMT
[03:51:52] [216/296] FPPF
[03:51:54] [217/296] SFUU
[03:51:54] [218/296] ANCB
[03:51:55] [219/296] SMMC
[03:51:56] [220/296] UGKT
[03:51:57] [221/296] JVRM
[03:51:58] [222/296] BATG
[03:51:58] [223/296] RATE
[03:51:59] [224/296] SKME
[03:52:00] [225/296] LMTP
[03:52:01] [226/296] TCBD
[03:52:02] [227/296] ESBD
[03:52:04] [228/296] GDCU
[03:52:05] [229/296] SNKT
[03:52:06] [230/296] SRNK
[03:52:07] [231/296] SMED
[03:52:08] [232/296] CSQS
[03:52:08] [233/296] ALCS
[03:52:09] [234/296] KCKN
[03:52:10] [235/296] VCCL
[03:52:11] [236/296] MCDA
[03:52:12] [237/296] SHMI
[03:52:13] [238/296] SKHA
[03:52:14] [239/296] SVFK
[03:52:14] [240/296] INVB
[03:52:15] [241/296] MELD
[03:52:17] [242/296] JTYS
[03:52:18] [243/296] INCM
[03:52:18] [244/296] MCDV
[03:52:19] [245/296] KSGK
[03:52:20] [246/296] ICMG
[03:52:21] [247/296] CSCV
[03:52:22] [248/296] STMD
[03:52:23] [249/296] STTR
[03:52:24] [250/296] INVC
[03:52:24] [251/296] JTBL
[03:52:25] [252/296] SRVV
[03:52:26] [253/296] MAVC
[03:52:27] [254/296] SRPP
[03:52:28] [255/296] JGDM
[03:52:29] [256/296] MBSJ
[03:52:30] [257/296] SSLL
[03:52:30] [258/296] SLKP
[03:52:31] [259/296] NSRV
[03:52:32] [260/296] UTDV
[03:52:33] [261/296] KICM
[03:52:33] [262/296] KCMD
[03:52:34] [263/296] TTPP
[03:52:36] [264/296] KMPV
[03:52:37] [265/296] SKTV
[03:52:38] [266/296] STCV
[03:52:39] [267/296] SRDA
[03:52:39] [268/296] JTSX
[03:52:40] [269/296] STBV
[03:52:41] [270/296] APVZ
[03:52:42] [271/296] GSTV
[03:52:43] [272/296] NMVS
[03:52:44] [273/296] SKRT
[03:52:46] [274/296] RMDV
[03:52:47] [275/296] RATG
[03:52:47] [276/296] SJYV
[03:52:48] [277/296] NDGP
[03:52:49] [278/296] SNDG
[03:52:50] [279/296] INSR
[03:52:51] [280/296] INSO
[03:52:52] [281/296] CCSI
[03:52:53] [282/296] RASM
[03:52:53] [283/296] NEWC
[03:52:54] [284/296] VSHL
[03:52:55] [285/296] BISW
[03:52:56] [286/296] GCNG
[03:52:57] [287/296] CWSC
[03:52:59] [288/296] SKAN
[03:53:00] [289/296] SEHP
[03:53:00] [290/296] CCOA
[03:53:01] [291/296] MCAJ
[03:53:02] [292/296] ACDE
[03:53:03] [293/296] AACM
[03:53:04] [294/296] JJCK
[03:53:04] [295/296] RCMO
[03:53:05] [296/296] GDAW
[03:53:07] ✅ DONE | Shows=36 | Movies=1
