[10:04:11] 🚀 SCRIPT STARTED
[10:04:11] [1/459] NECA
[10:04:11] 🧠 New identity created
[10:04:12] [2/459] BJLC
[10:04:13] [3/459] BASU
[10:04:13] [4/459] RUPI
[10:04:14] [5/459] LCBK
[10:04:15] [6/459] PMAC
[10:04:16] [7/459] AMLC
[10:04:17] [8/459] LICL
[10:04:18] [9/459] UDMM
[10:04:19] [10/459] STBZ
[10:04:20] [11/459] UUBT
[10:04:20] [12/459] SJKC
[10:04:21] [13/459] TUAL
[10:04:22] [14/459] MRSE
[10:04:23] [15/459] RMRK
[10:04:24] [16/459] TTKP
[10:04:25] [17/459] KTKO
[10:04:25] [18/459] SDBK
[10:04:26] [19/459] MCPR
[10:04:27] [20/459] CHTI
[10:04:28] [21/459] GCCP
[10:04:29] [22/459] SRMY
[10:04:30] [23/459] NYST
[10:04:30] [24/459] NYAG
[10:04:31] [25/459] SBMT
[10:04:33] [26/459] INGA
[10:04:33] [27/459] WSIC
[10:04:34] [28/459] SCSS
[10:04:35] [29/459] COPG
[10:04:36] [30/459] RCGR
[10:04:37] [31/459] TCZA
[10:04:38] [32/459] CNLP
[10:04:39] [33/459] CLKN
[10:04:39] [34/459] LHDF
[10:04:40] [35/459] ELKC
[10:04:41] [36/459] VCEM
[10:04:42] [37/459] SSZA
[10:04:43] [38/459] KRMT
[10:04:44] [39/459] LCMV
[10:04:45] [40/459] AYCZ
[10:04:46] [41/459] CUMS
[10:04:47] [42/459] BOCK
[10:04:47] [43/459] PNMR
[10:04:48] [44/459] PJCP
[10:04:49] [45/459] JDDD
[10:04:50] [46/459] STMS
[10:04:51] [47/459] FLMB
[10:04:53] [48/459] PKCM
[10:04:54] [49/459] SPPR
[10:04:55] [50/459] EYLH
[10:04:56] [51/459] RJCC
[10:04:57] [52/459] MMPS
[10:04:58] [53/459] SHMX
[10:04:59] [54/459] CCNL
[10:05:00] [55/459] RCNV
[10:05:00] [56/459] MAAG
[10:05:01] [57/459] LXCM
[10:05:02] [58/459] RCNI
[10:05:03] [59/459] SNNI
[10:05:04] [60/459] LALC
[10:05:05] [61/459] SOCN
[10:05:06] [62/459] JHTP
[10:05:06] [63/459] PITP
[10:05:07] [64/459] CCKW
[10:05:08] [65/459] MCMC
[10:05:09] [66/459] DEES
[10:05:10] [67/459] SABT
[10:05:10] [68/459] VSPP
[10:05:11] [69/459] ABCT
[10:05:12] [70/459] JVTB
[10:05:13] [71/459] VCBD
[10:05:14] [72/459] RMGG
[10:05:15] [73/459] RNMH
[10:05:15] [74/459] SPGL
[10:05:16] [75/459] JTTR
[10:05:17] [76/459] SICS
[10:05:18] [77/459] SRMI
[10:05:18] [78/459] SSIJ
[10:05:19] [79/459] KFMT
[10:05:20] [80/459] VBIT
[10:05:21] [81/459] JKCT
[10:05:22] [82/459] GCGP
[10:05:23] [83/459] GDCS
[10:05:24] [84/459] TRBA
[10:05:25] [85/459] QUST
[10:05:26] [86/459] VSHM
[10:05:27] [87/459] SDCP
[10:05:28] [88/459] SNVS
[10:05:29] [89/459] NYTO
[10:05:30] [90/459] URWC
[10:05:30] [91/459] GTWH
[10:05:32] [92/459] PFCM
[10:05:33] [93/459] KRTA
[10:05:33] [94/459] AXMC
[10:05:34] [95/459] EVMC
[10:05:35] [96/459] HGSM
[10:05:36] [97/459] ACVM
[10:05:37] [98/459] PSKL
[10:05:37] [99/459] RDMP
[10:05:38] [100/459] RHGH
[10:05:39] [101/459] OMCM
[10:05:40] [102/459] DCCP
[10:05:40] [103/459] MCPB
[10:05:41] [104/459] ALCI
[10:05:42] [105/459] BLMX
[10:05:43] [106/459] BTMV
[10:05:44] [107/459] FVPN
[10:05:45] [108/459] CMAR
[10:05:46] [109/459] CEIM
[10:05:46] [110/459] CMVA
[10:05:47] [111/459] CPIV
[10:05:48] [112/459] CNPE
[10:05:49] [113/459] COLV
[10:05:49] [114/459] DNNV
[10:05:50] [115/459] HCAD
[10:05:51] [116/459] TAKA
[10:05:51] [117/459] INVD
[10:05:52] [118/459] IRMM
[10:05:53] [119/459] INSE
[10:05:54] [120/459] MRSW
[10:05:55] [121/459] MCVD
[10:05:56] [122/459] MCSO
[10:05:57] [123/459] PEVM
[10:05:57] [124/459] PVNL
[10:05:58] [125/459] PTCV
[10:05:59] [126/459] PRTC
[10:06:00] [127/459] RCVA
[10:06:01] [128/459] MTBN
[10:06:02] [129/459] LUCP
[10:06:03] [130/459] FMPT
[10:06:04] [131/459] JLSL
[10:06:04] [132/459] SBHA
[10:06:05] [133/459] SHRC
[10:06:06] [134/459] AVPS
[10:06:06] [135/459] STPM
[10:06:07] [136/459] ATRD
[10:06:09] [137/459] VTED
[10:06:10] [138/459] ACAI
[10:06:11] [139/459] SMAE
[10:06:12] [140/459] VMAT
[10:06:13] [141/459] LKCT
[10:06:14] [142/459] JTVK
[10:06:14] [143/459] PRTY
[10:06:15] [144/459] GETT
[10:06:16] [145/459] ESAP
[10:06:17] [146/459] NCPM
[10:06:17] [147/459] PCPA
[10:06:18] [148/459] MMOM
[10:06:19] [149/459] PHUP
[10:06:20] [150/459] CCPI
[10:06:21] [151/459] CNTD
[10:06:22] [152/459] NLJR
[10:06:23] [153/459] SRNG
[10:06:23] [154/459] MHAL
[10:06:25] [155/459] PNSM
[10:06:26] [156/459] DRMY
[10:06:27] [157/459] CCMU
[10:06:28] [158/459] SCMY
[10:06:29] [159/459] PVSY
[10:06:30] [160/459] SDLM
[10:06:30] [161/459] ICCM
[10:06:31] [162/459] PYSU
[10:06:32] [163/459] GATM
[10:06:33] [164/459] WOTM
[10:06:33] [165/459] RKTS
[10:06:34] [166/459] PMTY
[10:06:36] [167/459] LYMS
[10:06:36] [168/459] TGCA
[10:06:37] [169/459] DSTA
[10:06:38] [170/459] CNGE
[10:06:40] [171/459] VSTG
[10:06:41] [172/459] GTCK
[10:06:41] [173/459] TGNT
[10:06:42] [174/459] ASLC
[10:06:43] [175/459] SSST
[10:06:44] [176/459] KBTT
[10:06:45] [177/459] HKCP
[10:06:46] [178/459] SWLC
[10:06:47] [179/459] RTND
[10:06:47] [180/459] PKKT
[10:06:48] [181/459] HSTK
[10:06:49] [182/459] SPTT
[10:06:50] [183/459] IMPM
[10:06:51] [184/459] SCMV
[10:06:52] [185/459] SPCT
[10:06:52] [186/459] JBCA
[10:06:53] [187/459] ATTR
[10:06:55] [188/459] SPMT
[10:06:56] [189/459] LCTM
[10:06:57] [190/459] SCVL
[10:06:57] [191/459] SCVT
[10:06:58] [192/459] KRIC
[10:06:59] [193/459] CTMG
[10:07:00] [194/459] ACNC
[10:07:01] [195/459] DMCK
[10:07:02] [196/459] KMTV
[10:07:02] [197/459] PFCJ
[10:07:03] [198/459] VNMD
[10:07:04] [199/459] VPCZ
[10:07:05] [200/459] SRYR
[10:07:06] [201/459] SYTR
[10:07:07] [202/459] GATR
[10:07:08] [203/459] URTR
[10:07:08] [204/459] MKSM
[10:07:09] [205/459] VSMH
[10:07:10] [206/459] SKRJ
[10:07:12] [207/459] SSJR
[10:07:13] [208/459] SVSM
[10:07:14] [209/459] RUCM
[10:07:15] [210/459] PRKN
[10:07:15] [211/459] RROH
[10:07:16] [212/459] SCTN
[10:07:17] [213/459] RTDM
[10:07:18] [214/459] ASRM
[10:07:19] [215/459] SKMD
[10:07:20] [216/459] SUTD
[10:07:21] [217/459] SADM
[10:07:22] [218/459] WCNR
[10:07:22] [219/459] CNED
[10:07:23] [220/459] MPDB
[10:07:25] [221/459] KTBH
[10:07:26] [222/459] IDRM
[10:07:26] [223/459] PJJT
[10:07:27] [224/459] PFCV
[10:07:28] [225/459] AACT
[10:07:29] [226/459] AAAD
[10:07:29] [227/459] ANES
[10:07:30] [228/459] MNCA
[10:07:31] [229/459] RMGU
[10:07:32] [230/459] DLCN
[10:07:33] [231/459] LJWT
[10:07:34] [232/459] MCBG
[10:07:35] [233/459] MYBG
[10:07:36] [234/459] GCCA
[10:07:36] [235/459] GCGA
[10:07:38] [236/459] ECGN
[10:07:39] [237/459] PRAB
[10:07:39] [238/459] PNMP
[10:07:40] [239/459] GCPT
[10:07:41] [240/459] ROYN
[10:07:42] [241/459] VATM
[10:07:43] [242/459] KSNT
[10:07:44] [243/459] ACTC
[10:07:44] [244/459] PLTD
[10:07:46] [245/459] SKMK
[10:07:47] [246/459] CMTT
[10:07:48] [247/459] SMXP
[10:07:49] [248/459] SCMX
[10:07:50] [249/459] ACXN
[10:07:50] [250/459] ASWT
[10:07:51] [251/459] VVVL
[10:07:52] [252/459] NAGO
[10:07:53] [253/459] SNCN
[10:07:54] [254/459] MCKP
[10:07:54] [255/459] SAMO
[10:07:55] [256/459] JBTV
[10:07:57] [257/459] DCVV
[10:07:58] [258/459] KMSV
[10:07:59] [259/459] KDCN
[10:08:00] [260/459] CNCP
[10:08:00] [261/459] HAMC
[10:08:01] [262/459] CCVZ
[10:08:02] [263/459] NCCK
[10:08:03] [264/459] MCHR
[10:08:04] [265/459] SCHT
[10:08:05] [266/459] ESSH
[10:08:06] [267/459] CUJC
[10:08:07] [268/459] PECP
[10:08:07] [269/459] PMMI
[10:08:08] [270/459] PCCH
[10:08:09] [271/459] PRPM
[10:08:10] [272/459] PVKL
[10:08:12] [273/459] CBSM
[10:08:13] [274/459] PVCZ
[10:08:14] [275/459] PCVV
[10:08:15] [276/459] CTMJ
[10:08:16] [277/459] RCPS
[10:08:17] [278/459] PCIT
[10:08:17] [279/459] FNCH
[10:08:18] [280/459] INZD
[10:08:19] [281/459] INPC
[10:08:20] [282/459] LCZP
[10:08:21] [283/459] SMCB
[10:08:22] [284/459] PTSB
[10:08:22] [285/459] TPSI
[10:08:23] [286/459] KHMJ
[10:08:24] [287/459] RCCJ
[10:08:25] [288/459] NCJA
[10:08:26] [289/459] NCJN
[10:08:27] [290/459] BTDP
[10:08:27] [291/459] PADY
[10:08:28] [292/459] NYBH
[10:08:29] [293/459] MTBR
[10:08:30] [294/459] KRBC
[10:08:31] [295/459] DKTI
[10:08:31] [296/459] ANAN
[10:08:32] [297/459] INBP
[10:08:33] [298/459] PATB
[10:08:34] [299/459] RGNT
[10:08:36] [300/459] CGPM
[10:08:37] [301/459] INTN
[10:08:37] [302/459] MCMP
[10:08:38] [303/459] ASRG
[10:08:39] [304/459] CXJD
[10:08:40] [305/459] SPCP
[10:08:41] [306/459] CSTP
[10:08:43] [307/459] PKVC
[10:08:44] [308/459] ESCP
[10:08:44] [309/459] CAEP
[10:08:45] [310/459] CCSP
[10:08:46] [311/459] KTPC
[10:08:47] [312/459] DACA
[10:08:48] [313/459] NVKY
[10:08:49] [314/459] PTIN
[10:08:50] [315/459] SCIN
[10:08:51] [316/459] MCTY
[10:08:51] [317/459] PCMX
[10:08:52] [318/459] INIC
[10:08:53] [319/459] MMZM
[10:08:54] [320/459] SSLP
[10:08:55] [321/459] DTDT
[10:08:56] [322/459] FFCX
[10:08:56] [323/459] RCMM
[10:08:57] [324/459] KYID
[10:08:59] [325/459] CSCI
[10:09:00] [326/459] FCMC
[10:09:01] [327/459] MMXI
[10:09:02] [328/459] ASTC
[10:09:03] [329/459] CMRA
[10:09:03] [330/459] DICI
[10:09:04] [331/459] KDIN
[10:09:05] [332/459] PRFI
[10:09:06] [333/459] SVFC
[10:09:07] [334/459] UCPL
[10:09:08] [335/459] COOC
[10:09:09] [336/459] SCAL
[10:09:10] [337/459] SVFF
[10:09:11] [338/459] VCMG
[10:09:12] [339/459] UUCT
[10:09:13] [340/459] GCSE
[10:09:14] [341/459] SUSC
[10:09:15] [342/459] MISC
[10:09:15] [343/459] RMBL
[10:09:16] [344/459] CMXN
[10:09:17] [345/459] PVBK
[10:09:18] [346/459] HHCG
[10:09:19] [347/459] SCAG
[10:09:20] [348/459] CNPR
[10:09:20] [349/459] CSER
[10:09:21] [350/459] HLWD
[10:09:23] [351/459] BOLY
[10:09:24] [352/459] SSPG
[10:09:24] [353/459] MUPX
[10:09:25] [354/459] HAMR
[10:09:26] [355/459] SDNC
[10:09:27] [356/459] RTEN
[10:09:28] [357/459] SDTD
[10:09:28] [358/459] KAWS
[10:09:29] [359/459] CMZX
[10:09:30] [360/459] DCDD
[10:09:31] [361/459] ALSN
[10:09:32] [362/459] IMXS
[10:09:33] [363/459] PVFF
[10:09:33] [364/459] PVOO
[10:09:34] [365/459] CFBS
[10:09:35] [366/459] PVER
[10:09:36] [367/459] PPNX
[10:09:37] [368/459] CNRM
[10:09:38] [369/459] PVWW
[10:09:38] [370/459] INMB
[10:09:39] [371/459] CPJR
[10:09:40] [372/459] INRZ
[10:09:41] [373/459] PMSR
[10:09:41] [374/459] GPGM
[10:09:42] [375/459] PGWB
[10:09:44] [376/459] PMBR
[10:09:45] [377/459] GPAM
[10:09:46] [378/459] INBC
[10:09:47] [379/459] PZVK
[10:09:47] [380/459] CPEB
[10:09:48] [381/459] FMLB
[10:09:49] [382/459] INBG
[10:09:50] [383/459] GPBR
[10:09:51] [384/459] PAAS
[10:09:52] [385/459] VTBR
[10:09:52] [386/459] GPMY
[10:09:53] [387/459] GYBU
[10:09:55] [388/459] INBJ
[10:09:56] [389/459] LKTH
[10:09:57] [390/459] NSBR
[10:09:58] [391/459] PDRD
[10:09:59] [392/459] VRBL
[10:10:00] [393/459] VTGB
[10:10:01] [394/459] VTSK
[10:10:02] [395/459] BKDV
[10:10:03] [396/459] SVTB
[10:10:04] [397/459] MLDT
[10:10:05] [398/459] NRBL
[10:10:06] [399/459] SLTR
[10:10:07] [400/459] VNKA
[10:10:07] [401/459] TDCA
[10:10:08] [402/459] INBM
[10:10:09] [403/459] SSNR
[10:10:10] [404/459] BHAC
[10:10:11] [405/459] SDSD
[10:10:11] [406/459] SAMP
[10:10:12] [407/459] RATK
[10:10:13] [408/459] KCBI
[10:10:14] [409/459] URBL
[10:10:15] [410/459] MKBG
[10:10:16] [411/459] ASTB
[10:10:17] [412/459] VBWT
[10:10:18] [413/459] GPSM
[10:10:18] [414/459] ROON
[10:10:19] [415/459] CHTH
[10:10:20] [416/459] SSPA
[10:10:21] [417/459] ANBL
[10:10:22] [418/459] VTBE
[10:10:23] [419/459] SVKT
[10:10:23] [420/459] SVYK
[10:10:24] [421/459] PTBK
[10:10:25] [422/459] RKTB
[10:10:26] [423/459] BALT
[10:10:27] [424/459] STSV
[10:10:28] [425/459] VCCB
[10:10:29] [426/459] SLTB
[10:10:29] [427/459] SBCR
[10:10:30] [428/459] VDCS
[10:10:31] [429/459] MDKI
[10:10:32] [430/459] SMRN
[10:10:33] [431/459] PTBC
[10:10:34] [432/459] RADI
[10:10:35] [433/459] ADCR
[10:10:35] [434/459] SDCS
[10:10:36] [435/459] SRPJ
[10:10:37] [436/459] ARTS
[10:10:38] [437/459] SRHK
[10:10:39] [438/459] SPAY
[10:10:40] [439/459] GPTB
[10:10:40] [440/459] SNNN
[10:10:41] [441/459] BALJ
[10:10:42] [442/459] TRIG
[10:10:43] [443/459] GTYT
[10:10:44] [444/459] ATGN
[10:10:45] [445/459] ANTE
[10:10:46] [446/459] BDCG
[10:10:46] [447/459] VECI
[10:10:47] [448/459] SCPR
[10:10:48] [449/459] RTEA
[10:10:49] [450/459] JSAI
[10:10:50] [451/459] VJTP
[10:10:51] [452/459] GNDS
[10:10:51] [453/459] PAXA
[10:10:52] [454/459] CGGM
[10:10:53] [455/459] ACKZ
[10:10:54] [456/459] EMCC
[10:10:55] [457/459] KLSK
[10:10:56] [458/459] AVCK
[10:10:57] [459/459] JTCK
[10:10:58] 🧹 Deduping shows
[10:10:58] ✅ DONE | Shows=306 | Movies=22
[16:49:55] 🚀 SCRIPT STARTED
[16:49:55] [1/459] NECA
[16:49:56] 🧠 New identity created
[16:49:56] [2/459] BJLC
[16:49:58] [3/459] BASU
[16:49:59] [4/459] RUPI
[16:50:00] [5/459] LCBK
[16:50:02] [6/459] PMAC
[16:50:03] [7/459] AMLC
[16:50:04] [8/459] LICL
[16:50:06] [9/459] UDMM
[16:50:07] [10/459] STBZ
[16:50:08] [11/459] UUBT
[16:50:09] [12/459] SJKC
[16:50:09] [13/459] TUAL
[16:50:10] [14/459] MRSE
[16:50:11] [15/459] RMRK
[16:50:12] [16/459] TTKP
[16:50:13] [17/459] KTKO
[16:50:14] [18/459] SDBK
[16:50:15] [19/459] MCPR
[16:50:16] [20/459] CHTI
[16:50:17] [21/459] GCCP
[16:50:18] [22/459] SRMY
[16:50:18] [23/459] NYST
[16:50:19] [24/459] NYAG
[16:50:20] [25/459] SBMT
[16:50:21] [26/459] INGA
[16:50:22] [27/459] WSIC
[16:50:23] [28/459] SCSS
[16:50:24] [29/459] COPG
[16:50:25] [30/459] RCGR
[16:50:26] [31/459] TCZA
[16:50:27] [32/459] CNLP
[16:50:28] [33/459] CLKN
[16:50:29] [34/459] LHDF
[16:50:30] [35/459] ELKC
[16:50:30] [36/459] VCEM
[16:50:31] [37/459] SSZA
[16:50:33] [38/459] KRMT
[16:50:34] [39/459] LCMV
[16:50:35] [40/459] AYCZ
[16:50:36] [41/459] CUMS
[16:50:37] [42/459] BOCK
[16:50:38] [43/459] PNMR
[16:50:39] [44/459] PJCP
[16:50:40] [45/459] JDDD
[16:50:41] [46/459] STMS
[16:50:42] [47/459] FLMB
[16:50:43] [48/459] PKCM
[16:50:44] [49/459] SPPR
[16:50:45] [50/459] EYLH
[16:50:46] [51/459] RJCC
[16:50:47] [52/459] MMPS
[16:50:48] [53/459] SHMX
[16:50:49] [54/459] CCNL
[16:50:50] [55/459] RCNV
[16:50:51] [56/459] MAAG
[16:50:52] [57/459] LXCM
[16:50:53] [58/459] RCNI
[16:50:54] [59/459] SNNI
[16:50:54] [60/459] LALC
[16:50:55] [61/459] SOCN
[16:50:56] [62/459] JHTP
[16:50:57] [63/459] PITP
[16:50:58] [64/459] CCKW
[16:50:59] [65/459] MCMC
[16:51:00] [66/459] DEES
[16:51:01] [67/459] SABT
[16:51:02] [68/459] VSPP
[16:51:03] [69/459] ABCT
[16:51:04] [70/459] JVTB
[16:51:05] [71/459] VCBD
[16:51:05] [72/459] RMGG
[16:51:06] [73/459] RNMH
[16:51:07] [74/459] SPGL
[16:51:08] [75/459] JTTR
[16:51:09] [76/459] SICS
[16:51:10] [77/459] SRMI
[16:51:11] [78/459] SSIJ
[16:51:11] [79/459] KFMT
[16:51:12] [80/459] VBIT
[16:51:13] [81/459] JKCT
[16:51:14] [82/459] GCGP
[16:51:15] [83/459] GDCS
[16:51:15] [84/459] TRBA
[16:51:16] [85/459] QUST
[16:51:17] [86/459] VSHM
[16:51:19] [87/459] SDCP
[16:51:19] [88/459] SNVS
[16:51:21] [89/459] NYTO
[16:51:21] [90/459] URWC
[16:51:22] [91/459] GTWH
[16:51:23] [92/459] PFCM
[16:51:24] [93/459] KRTA
[16:51:26] [94/459] AXMC
[16:51:27] [95/459] EVMC
[16:51:28] [96/459] HGSM
[16:51:28] [97/459] ACVM
[16:51:29] [98/459] PSKL
[16:51:30] [99/459] RDMP
[16:51:31] [100/459] RHGH
[16:51:32] [101/459] OMCM
[16:51:33] [102/459] DCCP
[16:51:34] [103/459] MCPB
[16:51:34] [104/459] ALCI
[16:51:35] [105/459] BLMX
[16:51:36] [106/459] BTMV
[16:51:37] [107/459] FVPN
[16:51:38] [108/459] CMAR
[16:51:39] [109/459] CEIM
[16:51:40] [110/459] CMVA
[16:51:41] [111/459] CPIV
[16:51:41] [112/459] CNPE
[16:51:42] [113/459] COLV
[16:51:43] [114/459] DNNV
[16:51:44] [115/459] HCAD
[16:51:45] [116/459] TAKA
[16:51:45] [117/459] INVD
[16:51:47] [118/459] IRMM
[16:51:48] [119/459] INSE
[16:51:49] [120/459] MRSW
[16:51:50] [121/459] MCVD
[16:51:51] [122/459] MCSO
[16:51:52] [123/459] PEVM
[16:51:52] [124/459] PVNL
[16:51:53] [125/459] PTCV
[16:51:54] [126/459] PRTC
[16:51:55] [127/459] RCVA
[16:51:56] [128/459] MTBN
[16:51:57] [129/459] LUCP
[16:51:57] [130/459] FMPT
[16:51:58] [131/459] JLSL
[16:51:59] [132/459] SBHA
[16:52:00] [133/459] SHRC
[16:52:01] [134/459] AVPS
[16:52:01] [135/459] STPM
[16:52:02] [136/459] ATRD
[16:52:03] [137/459] VTED
[16:52:04] [138/459] ACAI
[16:52:04] [139/459] SMAE
[16:52:05] [140/459] VMAT
[16:52:06] [141/459] LKCT
[16:52:07] [142/459] JTVK
[16:52:07] [143/459] PRTY
[16:52:08] [144/459] GETT
[16:52:09] [145/459] ESAP
[16:52:11] [146/459] NCPM
[16:52:12] [147/459] PCPA
[16:52:13] [148/459] MMOM
[16:52:13] [149/459] PHUP
[16:52:14] [150/459] CCPI
[16:52:15] [151/459] CNTD
[16:52:16] [152/459] NLJR
[16:52:17] [153/459] SRNG
[16:52:18] [154/459] MHAL
[16:52:19] [155/459] PNSM
[16:52:19] [156/459] DRMY
[16:52:20] [157/459] CCMU
[16:52:21] [158/459] SCMY
[16:52:22] [159/459] PVSY
[16:52:23] [160/459] SDLM
[16:52:23] [161/459] ICCM
[16:52:24] [162/459] PYSU
[16:52:25] [163/459] GATM
[16:52:26] [164/459] WOTM
[16:52:27] [165/459] RKTS
[16:52:28] [166/459] PMTY
[16:52:29] [167/459] LYMS
[16:52:30] [168/459] TGCA
[16:52:31] [169/459] DSTA
[16:52:31] [170/459] CNGE
[16:52:32] [171/459] VSTG
[16:52:33] [172/459] GTCK
[16:52:34] [173/459] TGNT
[16:52:35] [174/459] ASLC
[16:52:36] [175/459] SSST
[16:52:37] [176/459] KBTT
[16:52:38] [177/459] HKCP
[16:52:39] [178/459] SWLC
[16:52:40] [179/459] RTND
[16:52:41] [180/459] PKKT
[16:52:42] [181/459] HSTK
[16:52:44] [182/459] SPTT
[16:52:45] [183/459] IMPM
[16:52:46] [184/459] SCMV
[16:52:47] [185/459] SPCT
[16:52:48] [186/459] JBCA
[16:52:48] [187/459] ATTR
[16:52:49] [188/459] SPMT
[16:52:50] [189/459] LCTM
[16:52:51] [190/459] SCVL
[16:52:52] [191/459] SCVT
[16:52:52] [192/459] KRIC
[16:52:53] [193/459] CTMG
[16:52:54] [194/459] ACNC
[16:52:55] [195/459] DMCK
[16:52:56] [196/459] KMTV
[16:52:56] [197/459] PFCJ
[16:52:57] [198/459] VNMD
[16:52:58] [199/459] VPCZ
[16:52:59] [200/459] SRYR
[16:53:00] [201/459] SYTR
[16:53:01] [202/459] GATR
[16:53:02] [203/459] URTR
[16:53:03] [204/459] MKSM
[16:53:04] [205/459] VSMH
[16:53:04] [206/459] SKRJ
[16:53:05] [207/459] SSJR
[16:53:06] [208/459] SVSM
[16:53:07] [209/459] RUCM
[16:53:07] [210/459] PRKN
[16:53:08] [211/459] RROH
[16:53:09] [212/459] SCTN
[16:53:10] [213/459] RTDM
[16:53:11] [214/459] ASRM
[16:53:12] [215/459] SKMD
[16:53:13] [216/459] SUTD
[16:53:14] [217/459] SADM
[16:53:15] [218/459] WCNR
[16:53:15] [219/459] CNED
[16:53:16] [220/459] MPDB
[16:53:17] [221/459] KTBH
[16:53:18] [222/459] IDRM
[16:53:19] [223/459] PJJT
[16:53:20] [224/459] PFCV
[16:53:21] [225/459] AACT
[16:53:22] [226/459] AAAD
[16:53:23] [227/459] ANES
[16:53:24] [228/459] MNCA
[16:53:25] [229/459] RMGU
[16:53:26] [230/459] DLCN
[16:53:27] [231/459] LJWT
[16:53:27] [232/459] MCBG
[16:53:28] [233/459] MYBG
[16:53:29] [234/459] GCCA
[16:53:30] [235/459] GCGA
[16:53:31] [236/459] ECGN
[16:53:31] [237/459] PRAB
[16:53:32] [238/459] PNMP
[16:53:33] [239/459] GCPT
[16:53:34] [240/459] ROYN
[16:53:35] [241/459] VATM
[16:53:35] [242/459] KSNT
[16:53:36] [243/459] ACTC
[16:53:37] [244/459] PLTD
[16:53:38] [245/459] SKMK
[16:53:39] [246/459] CMTT
[16:53:40] [247/459] SMXP
[16:53:40] [248/459] SCMX
[16:53:41] [249/459] ACXN
[16:53:42] [250/459] ASWT
[16:53:43] [251/459] VVVL
[16:53:44] [252/459] NAGO
[16:53:45] [253/459] SNCN
[16:53:46] [254/459] MCKP
[16:53:46] [255/459] SAMO
[16:53:47] [256/459] JBTV
[16:53:48] [257/459] DCVV
[16:53:49] [258/459] KMSV
[16:53:50] [259/459] KDCN
[16:53:51] [260/459] CNCP
[16:53:51] [261/459] HAMC
[16:53:52] [262/459] CCVZ
[16:53:54] [263/459] NCCK
[16:53:55] [264/459] MCHR
[16:53:55] [265/459] SCHT
[16:53:57] [266/459] ESSH
[16:53:57] [267/459] CUJC
[16:53:58] [268/459] PECP
[16:53:59] [269/459] PMMI
[16:54:00] [270/459] PCCH
[16:54:01] [271/459] PRPM
[16:54:01] [272/459] PVKL
[16:54:03] [273/459] CBSM
[16:54:04] [274/459] PVCZ
[16:54:05] [275/459] PCVV
[16:54:06] [276/459] CTMJ
[16:54:06] [277/459] RCPS
[16:54:07] [278/459] PCIT
[16:54:08] [279/459] FNCH
[16:54:09] [280/459] INZD
[16:54:09] [281/459] INPC
[16:54:10] [282/459] LCZP
[16:54:11] [283/459] SMCB
[16:54:12] [284/459] PTSB
[16:54:13] [285/459] TPSI
[16:54:14] [286/459] KHMJ
[16:54:14] [287/459] RCCJ
[16:54:15] [288/459] NCJA
[16:54:16] [289/459] NCJN
[16:54:17] [290/459] BTDP
[16:54:18] [291/459] PADY
[16:54:19] [292/459] NYBH
[16:54:20] [293/459] MTBR
[16:54:21] [294/459] KRBC
[16:54:22] [295/459] DKTI
[16:54:23] [296/459] ANAN
[16:54:24] [297/459] INBP
[16:54:25] [298/459] PATB
[16:54:25] [299/459] RGNT
[16:54:26] [300/459] CGPM
[16:54:27] [301/459] INTN
[16:54:28] [302/459] MCMP
[16:54:29] [303/459] ASRG
[16:54:30] [304/459] CXJD
[16:54:30] [305/459] SPCP
[16:54:31] [306/459] CSTP
[16:54:32] [307/459] PKVC
[16:54:34] [308/459] ESCP
[16:54:35] [309/459] CAEP
[16:54:36] [310/459] CCSP
[16:54:36] [311/459] KTPC
[16:54:37] [312/459] DACA
[16:54:38] [313/459] NVKY
[16:54:39] [314/459] PTIN
[16:54:40] [315/459] SCIN
[16:54:41] [316/459] MCTY
[16:54:42] [317/459] PCMX
[16:54:43] [318/459] INIC
[16:54:44] [319/459] MMZM
[16:54:45] [320/459] SSLP
[16:54:45] [321/459] DTDT
[16:54:46] [322/459] FFCX
[16:54:47] [323/459] RCMM
[16:54:47] [324/459] KYID
[16:54:48] [325/459] CSCI
[16:54:49] [326/459] FCMC
[16:54:50] [327/459] MMXI
[16:54:51] [328/459] ASTC
[16:54:52] [329/459] CMRA
[16:54:53] [330/459] DICI
[16:54:53] [331/459] KDIN
[16:54:54] [332/459] PRFI
[16:54:55] [333/459] SVFC
[16:54:56] [334/459] UCPL
[16:54:57] [335/459] COOC
[16:54:58] [336/459] SCAL
[16:54:59] [337/459] SVFF
[16:54:59] [338/459] VCMG
[16:55:00] [339/459] UUCT
[16:55:01] [340/459] GCSE
[16:55:02] [341/459] SUSC
[16:55:03] [342/459] MISC
[16:55:04] [343/459] RMBL
[16:55:05] [344/459] CMXN
[16:55:05] [345/459] PVBK
[16:55:06] [346/459] HHCG
[16:55:07] [347/459] SCAG
[16:55:08] [348/459] CNPR
[16:55:09] [349/459] CSER
[16:55:09] [350/459] HLWD
[16:55:10] [351/459] BOLY
[16:55:11] [352/459] SSPG
[16:55:12] [353/459] MUPX
[16:55:13] [354/459] HAMR
[16:55:14] [355/459] SDNC
[16:55:15] [356/459] RTEN
[16:55:16] [357/459] SDTD
[16:55:17] [358/459] KAWS
[16:55:18] [359/459] CMZX
[16:55:18] [360/459] DCDD
[16:55:19] [361/459] ALSN
[16:55:20] [362/459] IMXS
[16:55:21] [363/459] PVFF
[16:55:22] [364/459] PVOO
[16:55:22] [365/459] CFBS
[16:55:23] [366/459] PVER
[16:55:24] [367/459] PPNX
[16:55:25] [368/459] CNRM
[16:55:26] [369/459] PVWW
[16:55:27] [370/459] INMB
[16:55:28] [371/459] CPJR
[16:55:29] [372/459] INRZ
[16:55:29] [373/459] PMSR
[16:55:31] [374/459] GPGM
[16:55:33] [375/459] PGWB
[16:55:33] [376/459] PMBR
[16:55:34] [377/459] GPAM
[16:55:35] [378/459] INBC
[16:55:36] [379/459] PZVK
[16:55:37] [380/459] CPEB
[16:55:38] [381/459] FMLB
[16:55:39] [382/459] INBG
[16:55:40] [383/459] GPBR
[16:55:41] [384/459] PAAS
[16:55:42] [385/459] VTBR
[16:55:43] [386/459] GPMY
[16:55:44] [387/459] GYBU
[16:55:44] [388/459] INBJ
[16:55:45] [389/459] LKTH
[16:55:46] [390/459] NSBR
[16:55:47] [391/459] PDRD
[16:55:48] [392/459] VRBL
[16:55:48] [393/459] VTGB
[16:55:49] [394/459] VTSK
[16:55:50] [395/459] BKDV
[16:55:51] [396/459] SVTB
[16:55:51] [397/459] MLDT
[16:55:52] [398/459] NRBL
[16:55:53] [399/459] SLTR
[16:55:54] [400/459] VNKA
[16:55:54] [401/459] TDCA
[16:55:55] [402/459] INBM
[16:55:56] [403/459] SSNR
[16:55:57] [404/459] BHAC
[16:55:59] [405/459] SDSD
[16:56:00] [406/459] SAMP
[16:56:01] [407/459] RATK
[16:56:02] [408/459] KCBI
[16:56:03] [409/459] URBL
[16:56:04] [410/459] MKBG
[16:56:05] [411/459] ASTB
[16:56:06] [412/459] VBWT
[16:56:07] [413/459] GPSM
[16:56:07] [414/459] ROON
[16:56:09] [415/459] CHTH
[16:56:10] [416/459] SSPA
[16:56:11] [417/459] ANBL
[16:56:12] [418/459] VTBE
[16:56:13] [419/459] SVKT
[16:56:14] [420/459] SVYK
[16:56:14] [421/459] PTBK
[16:56:16] [422/459] RKTB
[16:56:16] [423/459] BALT
[16:56:18] [424/459] STSV
[16:56:19] [425/459] VCCB
[16:56:20] [426/459] SLTB
[16:56:20] [427/459] SBCR
[16:56:21] [428/459] VDCS
[16:56:22] [429/459] MDKI
[16:56:23] [430/459] SMRN
[16:56:24] [431/459] PTBC
[16:56:25] [432/459] RADI
[16:56:26] [433/459] ADCR
[16:56:27] [434/459] SDCS
[16:56:27] [435/459] SRPJ
[16:56:28] [436/459] ARTS
[16:56:29] [437/459] SRHK
[16:56:30] [438/459] SPAY
[16:56:30] [439/459] GPTB
[16:56:31] [440/459] SNNN
[16:56:32] [441/459] BALJ
[16:56:33] [442/459] TRIG
[16:56:34] [443/459] GTYT
[16:56:35] [444/459] ATGN
[16:56:36] [445/459] ANTE
[16:56:36] [446/459] BDCG
[16:56:37] [447/459] VECI
[16:56:38] [448/459] SCPR
[16:56:39] [449/459] RTEA
[16:56:40] [450/459] JSAI
[16:56:41] [451/459] VJTP
[16:56:42] [452/459] GNDS
[16:56:43] [453/459] PAXA
[16:56:44] [454/459] CGGM
[16:56:45] [455/459] ACKZ
[16:56:46] [456/459] EMCC
[16:56:47] [457/459] KLSK
[16:56:47] [458/459] AVCK
[16:56:48] [459/459] JTCK
[16:56:49] 🧹 Deduping shows
[16:56:49] ✅ DONE | Shows=314 | Movies=23
[04:47:11] 🚀 SCRIPT STARTED
[04:47:11] [1/459] NECA
[04:47:11] 🧠 New identity created
[04:47:12] [2/459] BJLC
[04:47:12] [3/459] BASU
[04:47:13] [4/459] RUPI
[04:47:15] [5/459] LCBK
[04:47:15] [6/459] PMAC
[04:47:16] [7/459] AMLC
[04:47:17] [8/459] LICL
[04:47:18] [9/459] UDMM
[04:47:19] [10/459] STBZ
[04:47:19] [11/459] UUBT
[04:47:20] [12/459] SJKC
[04:47:21] [13/459] TUAL
[04:47:22] [14/459] MRSE
[04:47:23] [15/459] RMRK
[04:47:24] [16/459] TTKP
[04:47:25] [17/459] KTKO
[04:47:26] [18/459] SDBK
[04:47:27] [19/459] MCPR
[04:47:27] [20/459] CHTI
[04:47:28] [21/459] GCCP
[04:47:29] [22/459] SRMY
[04:47:30] [23/459] NYST
[04:47:31] [24/459] NYAG
[04:47:32] [25/459] SBMT
[04:47:32] [26/459] INGA
[04:47:33] [27/459] WSIC
[04:47:34] [28/459] SCSS
[04:47:35] [29/459] COPG
[04:47:35] [30/459] RCGR
[04:47:36] [31/459] TCZA
[04:47:37] [32/459] CNLP
[04:47:38] [33/459] CLKN
[04:47:39] [34/459] LHDF
[04:47:40] [35/459] ELKC
[04:47:41] [36/459] VCEM
[04:47:42] [37/459] SSZA
[04:47:43] [38/459] KRMT
[04:47:44] [39/459] LCMV
[04:47:45] [40/459] AYCZ
[04:47:46] [41/459] CUMS
[04:47:47] [42/459] BOCK
[04:47:47] [43/459] PNMR
[04:47:48] [44/459] PJCP
[04:47:49] [45/459] JDDD
[04:47:50] [46/459] STMS
[04:47:50] [47/459] FLMB
[04:47:51] [48/459] PKCM
[04:47:52] [49/459] SPPR
[04:47:53] [50/459] EYLH
[04:47:54] [51/459] RJCC
[04:47:55] [52/459] MMPS
[04:47:56] [53/459] SHMX
[04:47:56] [54/459] CCNL
[04:47:57] [55/459] RCNV
[04:47:58] [56/459] MAAG
[04:47:59] [57/459] LXCM
[04:48:00] [58/459] RCNI
[04:48:01] [59/459] SNNI
[04:48:02] [60/459] LALC
[04:48:03] [61/459] SOCN
[04:48:04] [62/459] JHTP
[04:48:05] [63/459] PITP
[04:48:06] [64/459] CCKW
[04:48:06] [65/459] MCMC
[04:48:07] [66/459] DEES
[04:48:08] [67/459] SABT
[04:48:09] [68/459] VSPP
[04:48:11] [69/459] ABCT
[04:48:12] [70/459] JVTB
[04:48:13] [71/459] VCBD
[04:48:14] [72/459] RMGG
[04:48:16] [73/459] RNMH
[04:48:16] [74/459] SPGL
[04:48:17] [75/459] JTTR
[04:48:18] [76/459] SICS
[04:48:18] [77/459] SRMI
[04:48:19] [78/459] SSIJ
[04:48:20] [79/459] KFMT
[04:48:21] [80/459] VBIT
[04:48:22] [81/459] JKCT
[04:48:23] [82/459] GCGP
[04:48:24] [83/459] GDCS
[04:48:25] [84/459] TRBA
[04:48:26] [85/459] QUST
[04:48:26] [86/459] VSHM
[04:48:27] [87/459] SDCP
[04:48:28] [88/459] SNVS
[04:48:29] [89/459] NYTO
[04:48:30] [90/459] URWC
[04:48:31] [91/459] GTWH
[04:48:32] [92/459] PFCM
[04:48:33] [93/459] KRTA
[04:48:34] [94/459] AXMC
[04:48:35] [95/459] EVMC
[04:48:35] [96/459] HGSM
[04:48:36] [97/459] ACVM
[04:48:37] [98/459] PSKL
[04:48:38] [99/459] RDMP
[04:48:39] [100/459] RHGH
[04:48:40] [101/459] OMCM
[04:48:41] [102/459] DCCP
[04:48:43] [103/459] MCPB
[04:48:43] [104/459] ALCI
[04:48:44] [105/459] BLMX
[04:48:45] [106/459] BTMV
[04:48:47] [107/459] FVPN
[04:48:47] [108/459] CMAR
[04:48:49] [109/459] CEIM
[04:48:49] [110/459] CMVA
[04:48:51] [111/459] CPIV
[04:48:52] [112/459] CNPE
[04:48:53] [113/459] COLV
[04:48:53] [114/459] DNNV
[04:48:54] [115/459] HCAD
[04:48:55] [116/459] TAKA
[04:48:56] [117/459] INVD
[04:48:56] [118/459] IRMM
[04:48:57] [119/459] INSE
[04:48:58] [120/459] MRSW
[04:48:59] [121/459] MCVD
[04:49:00] [122/459] MCSO
[04:49:02] [123/459] PEVM
[04:49:02] [124/459] PVNL
[04:49:03] [125/459] PTCV
[04:49:04] [126/459] PRTC
[04:49:06] [127/459] RCVA
[04:49:07] [128/459] MTBN
[04:49:07] [129/459] LUCP
[04:49:08] [130/459] FMPT
[04:49:09] [131/459] JLSL
[04:49:10] [132/459] SBHA
[04:49:10] [133/459] SHRC
[04:49:11] [134/459] AVPS
[04:49:12] [135/459] STPM
[04:49:13] [136/459] ATRD
[04:49:14] [137/459] VTED
[04:49:15] [138/459] ACAI
[04:49:16] [139/459] SMAE
[04:49:16] [140/459] VMAT
[04:49:17] [141/459] LKCT
[04:49:19] [142/459] JTVK
[04:49:19] [143/459] PRTY
[04:49:20] [144/459] GETT
[04:49:21] [145/459] ESAP
[04:49:22] [146/459] NCPM
[04:49:23] [147/459] PCPA
[04:49:24] [148/459] MMOM
[04:49:25] [149/459] PHUP
[04:49:26] [150/459] CCPI
[04:49:27] [151/459] CNTD
[04:49:28] [152/459] NLJR
[04:49:29] [153/459] SRNG
[04:49:30] [154/459] MHAL
[04:49:31] [155/459] PNSM
[04:49:32] [156/459] DRMY
[04:49:33] [157/459] CCMU
[04:49:34] [158/459] SCMY
[04:49:35] [159/459] PVSY
[04:49:36] [160/459] SDLM
[04:49:37] [161/459] ICCM
[04:49:38] [162/459] PYSU
[04:49:39] [163/459] GATM
[04:49:40] [164/459] WOTM
[04:49:41] [165/459] RKTS
[04:49:41] [166/459] PMTY
[04:49:42] [167/459] LYMS
[04:49:43] [168/459] TGCA
[04:49:44] [169/459] DSTA
[04:49:45] [170/459] CNGE
[04:49:45] [171/459] VSTG
[04:49:46] [172/459] GTCK
[04:49:47] [173/459] TGNT
[04:49:48] [174/459] ASLC
[04:49:49] [175/459] SSST
[04:49:50] [176/459] KBTT
[04:49:51] [177/459] HKCP
[04:49:52] [178/459] SWLC
[04:49:53] [179/459] RTND
[04:49:54] [180/459] PKKT
[04:49:54] [181/459] HSTK
[04:49:55] [182/459] SPTT
[04:49:56] [183/459] IMPM
[04:49:57] [184/459] SCMV
[04:49:58] [185/459] SPCT
[04:49:59] [186/459] JBCA
[04:50:00] [187/459] ATTR
[04:50:01] [188/459] SPMT
[04:50:02] [189/459] LCTM
[04:50:02] [190/459] SCVL
[04:50:03] [191/459] SCVT
[04:50:04] [192/459] KRIC
[04:50:05] [193/459] CTMG
[04:50:06] [194/459] ACNC
[04:50:07] [195/459] DMCK
[04:50:08] [196/459] KMTV
[04:50:08] [197/459] PFCJ
[04:50:09] [198/459] VNMD
[04:50:10] [199/459] VPCZ
[04:50:11] [200/459] SRYR
[04:50:12] [201/459] SYTR
[04:50:12] [202/459] GATR
[04:50:13] [203/459] URTR
[04:50:14] [204/459] MKSM
[04:50:15] [205/459] VSMH
[04:50:16] [206/459] SKRJ
[04:50:17] [207/459] SSJR
[04:50:18] [208/459] SVSM
[04:50:19] [209/459] RUCM
[04:50:20] [210/459] PRKN
[04:50:21] [211/459] RROH
[04:50:21] [212/459] SCTN
[04:50:22] [213/459] RTDM
[04:50:23] [214/459] ASRM
[04:50:24] [215/459] SKMD
[04:50:25] [216/459] SUTD
[04:50:25] [217/459] SADM
[04:50:26] [218/459] WCNR
[04:50:27] [219/459] CNED
[04:50:28] [220/459] MPDB
[04:50:29] [221/459] KTBH
[04:50:30] [222/459] IDRM
[04:50:30] [223/459] PJJT
[04:50:32] [224/459] PFCV
[04:50:32] [225/459] AACT
[04:50:33] [226/459] AAAD
[04:50:34] [227/459] ANES
[04:50:35] [228/459] MNCA
[04:50:36] [229/459] RMGU
[04:50:36] [230/459] DLCN
[04:50:37] [231/459] LJWT
[04:50:38] [232/459] MCBG
[04:50:38] [233/459] MYBG
[04:50:40] [234/459] GCCA
[04:50:41] [235/459] GCGA
[04:50:41] [236/459] ECGN
[04:50:42] [237/459] PRAB
[04:50:43] [238/459] PNMP
[04:50:44] [239/459] GCPT
[04:50:45] [240/459] ROYN
[04:50:46] [241/459] VATM
[04:50:47] [242/459] KSNT
[04:50:48] [243/459] ACTC
[04:50:49] [244/459] PLTD
[04:50:50] [245/459] SKMK
[04:50:51] [246/459] CMTT
[04:50:51] [247/459] SMXP
[04:50:53] [248/459] SCMX
[04:50:53] [249/459] ACXN
[04:50:54] [250/459] ASWT
[04:50:56] [251/459] VVVL
[04:50:57] [252/459] NAGO
[04:50:58] [253/459] SNCN
[04:51:00] [254/459] MCKP
[04:51:01] [255/459] SAMO
[04:51:01] [256/459] JBTV
[04:51:02] [257/459] DCVV
[04:51:03] [258/459] KMSV
[04:51:04] [259/459] KDCN
[04:51:05] [260/459] CNCP
[04:51:06] [261/459] HAMC
[04:51:06] [262/459] CCVZ
[04:51:08] [263/459] NCCK
[04:51:09] [264/459] MCHR
[04:51:10] [265/459] SCHT
[04:51:11] [266/459] ESSH
[04:51:12] [267/459] CUJC
[04:51:13] [268/459] PECP
[04:51:13] [269/459] PMMI
[04:51:14] [270/459] PCCH
[04:51:16] [271/459] PRPM
[04:51:16] [272/459] PVKL
[04:51:17] [273/459] CBSM
[04:51:18] [274/459] PVCZ
[04:51:19] [275/459] PCVV
[04:51:20] [276/459] CTMJ
[04:51:21] [277/459] RCPS
[04:51:22] [278/459] PCIT
[04:51:23] [279/459] FNCH
[04:51:24] [280/459] INZD
[04:51:25] [281/459] INPC
[04:51:25] [282/459] LCZP
[04:51:26] [283/459] SMCB
[04:51:27] [284/459] PTSB
[04:51:28] [285/459] TPSI
[04:51:29] [286/459] KHMJ
[04:51:30] [287/459] RCCJ
[04:51:30] [288/459] NCJA
[04:51:32] [289/459] NCJN
[04:51:33] [290/459] BTDP
[04:51:34] [291/459] PADY
[04:51:35] [292/459] NYBH
[04:51:36] [293/459] MTBR
[04:51:37] [294/459] KRBC
[04:51:38] [295/459] DKTI
[04:51:39] [296/459] ANAN
[04:51:40] [297/459] INBP
[04:51:41] [298/459] PATB
[04:51:42] [299/459] RGNT
[04:51:43] [300/459] CGPM
[04:51:44] [301/459] INTN
[04:51:45] [302/459] MCMP
[04:51:46] [303/459] ASRG
[04:51:47] [304/459] CXJD
[04:51:48] [305/459] SPCP
[04:51:49] [306/459] CSTP
[04:51:49] [307/459] PKVC
[04:51:50] [308/459] ESCP
[04:51:51] [309/459] CAEP
[04:51:52] [310/459] CCSP
[04:51:52] [311/459] KTPC
[04:51:53] [312/459] DACA
[04:51:54] [313/459] NVKY
[04:51:55] [314/459] PTIN
[04:51:56] [315/459] SCIN
[04:51:57] [316/459] MCTY
[04:51:58] [317/459] PCMX
[04:51:59] [318/459] INIC
[04:51:59] [319/459] MMZM
[04:52:00] [320/459] SSLP
[04:52:01] [321/459] DTDT
[04:52:02] [322/459] FFCX
[04:52:03] [323/459] RCMM
[04:52:03] [324/459] KYID
[04:52:05] [325/459] CSCI
[04:52:06] [326/459] FCMC
[04:52:07] [327/459] MMXI
[04:52:08] [328/459] ASTC
[04:52:09] [329/459] CMRA
[04:52:09] [330/459] DICI
[04:52:10] [331/459] KDIN
[04:52:11] [332/459] PRFI
[04:52:12] [333/459] SVFC
[04:52:13] [334/459] UCPL
[04:52:14] [335/459] COOC
[04:52:14] [336/459] SCAL
[04:52:15] [337/459] SVFF
[04:52:16] [338/459] VCMG
[04:52:17] [339/459] UUCT
[04:52:18] [340/459] GCSE
[04:52:19] [341/459] SUSC
[04:52:20] [342/459] MISC
[04:52:21] [343/459] RMBL
[04:52:22] [344/459] CMXN
[04:52:23] [345/459] PVBK
[04:52:24] [346/459] HHCG
[04:52:25] [347/459] SCAG
[04:52:26] [348/459] CNPR
[04:52:26] [349/459] CSER
[04:52:27] [350/459] HLWD
[04:52:28] [351/459] BOLY
[04:52:29] [352/459] SSPG
[04:52:30] [353/459] MUPX
[04:52:31] [354/459] HAMR
[04:52:32] [355/459] SDNC
[04:52:33] [356/459] RTEN
[04:52:34] [357/459] SDTD
[04:52:35] [358/459] KAWS
[04:52:36] [359/459] CMZX
[04:52:36] [360/459] DCDD
[04:52:37] [361/459] ALSN
[04:52:38] [362/459] IMXS
[04:52:39] [363/459] PVFF
[04:52:39] [364/459] PVOO
[04:52:40] [365/459] CFBS
[04:52:41] [366/459] PVER
[04:52:42] [367/459] PPNX
[04:52:43] [368/459] CNRM
[04:52:44] [369/459] PVWW
[04:52:45] [370/459] INMB
[04:52:45] [371/459] CPJR
[04:52:46] [372/459] INRZ
[04:52:48] [373/459] PMSR
[04:52:49] [374/459] GPGM
[04:52:49] [375/459] PGWB
[04:52:50] [376/459] PMBR
[04:52:51] [377/459] GPAM
[04:52:52] [378/459] INBC
[04:52:54] [379/459] PZVK
[04:52:55] [380/459] CPEB
[04:52:55] [381/459] FMLB
[04:52:56] [382/459] INBG
[04:52:57] [383/459] GPBR
[04:52:59] [384/459] PAAS
[04:53:00] [385/459] VTBR
[04:53:00] [386/459] GPMY
[04:53:01] [387/459] GYBU
[04:53:02] [388/459] INBJ
[04:53:03] [389/459] LKTH
[04:53:04] [390/459] NSBR
[04:53:04] [391/459] PDRD
[04:53:06] [392/459] VRBL
[04:53:07] [393/459] VTGB
[04:53:07] [394/459] VTSK
[04:53:08] [395/459] BKDV
[04:53:09] [396/459] SVTB
[04:53:10] [397/459] MLDT
[04:53:11] [398/459] NRBL
[04:53:12] [399/459] SLTR
[04:53:13] [400/459] VNKA
[04:53:13] [401/459] TDCA
[04:53:14] [402/459] INBM
[04:53:15] [403/459] SSNR
[04:53:16] [404/459] BHAC
[04:53:17] [405/459] SDSD
[04:53:18] [406/459] SAMP
[04:53:19] [407/459] RATK
[04:53:20] [408/459] KCBI
[04:53:21] [409/459] URBL
[04:53:21] [410/459] MKBG
[04:53:22] [411/459] ASTB
[04:53:23] [412/459] VBWT
[04:53:24] [413/459] GPSM
[04:53:25] [414/459] ROON
[04:53:26] [415/459] CHTH
[04:53:27] [416/459] SSPA
[04:53:28] [417/459] ANBL
[04:53:30] [418/459] VTBE
[04:53:31] [419/459] SVKT
[04:53:31] [420/459] SVYK
[04:53:32] [421/459] PTBK
[04:53:33] [422/459] RKTB
[04:53:34] [423/459] BALT
[04:53:35] [424/459] STSV
[04:53:37] [425/459] VCCB
[04:53:38] [426/459] SLTB
[04:53:39] [427/459] SBCR
[04:53:39] [428/459] VDCS
[04:53:40] [429/459] MDKI
[04:53:42] [430/459] SMRN
[04:53:42] [431/459] PTBC
[04:53:43] [432/459] RADI
[04:53:44] [433/459] ADCR
[04:53:46] [434/459] SDCS
[04:53:47] [435/459] SRPJ
[04:53:48] [436/459] ARTS
[04:53:49] [437/459] SRHK
[04:53:50] [438/459] SPAY
[04:53:51] [439/459] GPTB
[04:53:52] [440/459] SNNN
[04:53:52] [441/459] BALJ
[04:53:53] [442/459] TRIG
[04:53:54] [443/459] GTYT
[04:53:55] [444/459] ATGN
[04:53:56] [445/459] ANTE
[04:53:57] [446/459] BDCG
[04:53:58] [447/459] VECI
[04:53:59] [448/459] SCPR
[04:54:00] [449/459] RTEA
[04:54:00] [450/459] JSAI
[04:54:01] [451/459] VJTP
[04:54:02] [452/459] GNDS
[04:54:03] [453/459] PAXA
[04:54:03] [454/459] CGGM
[04:54:04] [455/459] ACKZ
[04:54:05] [456/459] EMCC
[04:54:06] [457/459] KLSK
[04:54:07] [458/459] AVCK
[04:54:08] [459/459] JTCK
[04:54:09] 🧹 Deduping shows
[04:54:09] ✅ DONE | Shows=341 | Movies=24
[11:50:43] 🚀 SCRIPT STARTED
[11:50:43] [1/459] NECA
[11:50:43] 🧠 New identity created
[11:50:44] [2/459] BJLC
[11:50:45] [3/459] BASU
[11:50:46] [4/459] RUPI
[11:50:47] [5/459] LCBK
[11:50:47] [6/459] PMAC
[11:50:49] [7/459] AMLC
[11:50:50] [8/459] LICL
[11:50:51] [9/459] UDMM
[11:50:52] [10/459] STBZ
[11:50:53] [11/459] UUBT
[11:50:53] [12/459] SJKC
[11:50:54] [13/459] TUAL
[11:50:56] [14/459] MRSE
[11:50:57] [15/459] RMRK
[11:50:58] [16/459] TTKP
[11:50:58] [17/459] KTKO
[11:50:59] [18/459] SDBK
[11:51:00] [19/459] MCPR
[11:51:02] [20/459] CHTI
[11:51:03] [21/459] GCCP
[11:51:04] [22/459] SRMY
[11:51:05] [23/459] NYST
[11:51:06] [24/459] NYAG
[11:51:07] [25/459] SBMT
[11:51:07] [26/459] INGA
[11:51:08] [27/459] WSIC
[11:51:09] [28/459] SCSS
[11:51:10] [29/459] COPG
[11:51:11] [30/459] RCGR
[11:51:12] [31/459] TCZA
[11:51:13] [32/459] CNLP
[11:51:14] [33/459] CLKN
[11:51:15] [34/459] LHDF
[11:51:16] [35/459] ELKC
[11:51:17] [36/459] VCEM
[11:51:19] [37/459] SSZA
[11:51:20] [38/459] KRMT
[11:51:21] [39/459] LCMV
[11:51:21] [40/459] AYCZ
[11:51:23] [41/459] CUMS
[11:51:24] [42/459] BOCK
[11:51:25] [43/459] PNMR
[11:51:25] [44/459] PJCP
[11:51:26] [45/459] JDDD
[11:51:27] [46/459] STMS
[11:51:28] [47/459] FLMB
[11:51:29] [48/459] PKCM
[11:51:29] [49/459] SPPR
[11:51:30] [50/459] EYLH
[11:51:31] [51/459] RJCC
[11:51:32] [52/459] MMPS
[11:51:33] [53/459] SHMX
[11:51:34] [54/459] CCNL
[11:51:35] [55/459] RCNV
[11:51:36] [56/459] MAAG
[11:51:37] [57/459] LXCM
[11:51:38] [58/459] RCNI
[11:51:39] [59/459] SNNI
[11:51:40] [60/459] LALC
[11:51:41] [61/459] SOCN
[11:51:42] [62/459] JHTP
[11:51:42] [63/459] PITP
[11:51:44] [64/459] CCKW
[11:51:45] [65/459] MCMC
[11:51:46] [66/459] DEES
[11:51:46] [67/459] SABT
[11:51:47] [68/459] VSPP
[11:51:48] [69/459] ABCT
[11:51:49] [70/459] JVTB
[11:51:50] [71/459] VCBD
[11:51:51] [72/459] RMGG
[11:51:52] [73/459] RNMH
[11:51:53] [74/459] SPGL
[11:51:53] [75/459] JTTR
[11:51:54] [76/459] SICS
[11:51:56] [77/459] SRMI
[11:51:57] [78/459] SSIJ
[11:51:59] [79/459] KFMT
[11:51:59] [80/459] VBIT
[11:52:00] [81/459] JKCT
[11:52:02] [82/459] GCGP
[11:52:03] [83/459] GDCS
[11:52:04] [84/459] TRBA
[11:52:04] [85/459] QUST
[11:52:05] [86/459] VSHM
[11:52:06] [87/459] SDCP
[11:52:07] [88/459] SNVS
[11:52:07] [89/459] NYTO
[11:52:09] [90/459] URWC
[11:52:10] [91/459] GTWH
[11:52:11] [92/459] PFCM
[11:52:12] [93/459] KRTA
[11:52:13] [94/459] AXMC
[11:52:14] [95/459] EVMC
[11:52:14] [96/459] HGSM
[11:52:15] [97/459] ACVM
[11:52:16] [98/459] PSKL
[11:52:17] [99/459] RDMP
[11:52:17] [100/459] RHGH
[11:52:18] [101/459] OMCM
[11:52:19] [102/459] DCCP
[11:52:20] [103/459] MCPB
[11:52:21] [104/459] ALCI
[11:52:22] [105/459] BLMX
[11:52:23] [106/459] BTMV
[11:52:24] [107/459] FVPN
[11:52:25] [108/459] CMAR
[11:52:25] [109/459] CEIM
[11:52:26] [110/459] CMVA
[11:52:27] [111/459] CPIV
[11:52:28] [112/459] CNPE
[11:52:29] [113/459] COLV
[11:52:30] [114/459] DNNV
[11:52:31] [115/459] HCAD
[11:52:32] [116/459] TAKA
[11:52:33] [117/459] INVD
[11:52:34] [118/459] IRMM
[11:52:35] [119/459] INSE
[11:52:35] [120/459] MRSW
[11:52:36] [121/459] MCVD
[11:52:37] [122/459] MCSO
[11:52:38] [123/459] PEVM
[11:52:39] [124/459] PVNL
[11:52:39] [125/459] PTCV
[11:52:40] [126/459] PRTC
[11:52:41] [127/459] RCVA
[11:52:42] [128/459] MTBN
[11:52:43] [129/459] LUCP
[11:52:44] [130/459] FMPT
[11:52:44] [131/459] JLSL
[11:52:46] [132/459] SBHA
[11:52:47] [133/459] SHRC
[11:52:47] [134/459] AVPS
[11:52:48] [135/459] STPM
[11:52:49] [136/459] ATRD
[11:52:50] [137/459] VTED
[11:52:51] [138/459] ACAI
[11:52:52] [139/459] SMAE
[11:52:52] [140/459] VMAT
[11:52:53] [141/459] LKCT
[11:52:54] [142/459] JTVK
[11:52:56] [143/459] PRTY
[11:52:56] [144/459] GETT
[11:52:57] [145/459] ESAP
[11:52:59] [146/459] NCPM
[11:52:59] [147/459] PCPA
[11:53:01] [148/459] MMOM
[11:53:02] [149/459] PHUP
[11:53:04] [150/459] CCPI
[11:53:04] [151/459] CNTD
[11:53:05] [152/459] NLJR
[11:53:07] [153/459] SRNG
[11:53:07] [154/459] MHAL
[11:53:08] [155/459] PNSM
[11:53:09] [156/459] DRMY
[11:53:10] [157/459] CCMU
[11:53:11] [158/459] SCMY
[11:53:11] [159/459] PVSY
[11:53:12] [160/459] SDLM
[11:53:13] [161/459] ICCM
[11:53:14] [162/459] PYSU
[11:53:14] [163/459] GATM
[11:53:15] [164/459] WOTM
[11:53:16] [165/459] RKTS
[11:53:17] [166/459] PMTY
[11:53:18] [167/459] LYMS
[11:53:19] [168/459] TGCA
[11:53:20] [169/459] DSTA
[11:53:21] [170/459] CNGE
[11:53:22] [171/459] VSTG
[11:53:23] [172/459] GTCK
[11:53:24] [173/459] TGNT
[11:53:24] [174/459] ASLC
[11:53:25] [175/459] SSST
[11:53:26] [176/459] KBTT
[11:53:27] [177/459] HKCP
[11:53:28] [178/459] SWLC
[11:53:29] [179/459] RTND
[11:53:30] [180/459] PKKT
[11:53:31] [181/459] HSTK
[11:53:31] [182/459] SPTT
[11:53:32] [183/459] IMPM
[11:53:33] [184/459] SCMV
[11:53:34] [185/459] SPCT
[11:53:35] [186/459] JBCA
[11:53:36] [187/459] ATTR
[11:53:37] [188/459] SPMT
[11:53:37] [189/459] LCTM
[11:53:38] [190/459] SCVL
[11:53:39] [191/459] SCVT
[11:53:40] [192/459] KRIC
[11:53:40] [193/459] CTMG
[11:53:41] [194/459] ACNC
[11:53:42] [195/459] DMCK
[11:53:43] [196/459] KMTV
[11:53:44] [197/459] PFCJ
[11:53:45] [198/459] VNMD
[11:53:45] [199/459] VPCZ
[11:53:46] [200/459] SRYR
[11:53:48] [201/459] SYTR
[11:53:49] [202/459] GATR
[11:53:50] [203/459] URTR
[11:53:51] [204/459] MKSM
[11:53:52] [205/459] VSMH
[11:53:53] [206/459] SKRJ
[11:53:54] [207/459] SSJR
[11:53:55] [208/459] SVSM
[11:53:56] [209/459] RUCM
[11:53:57] [210/459] PRKN
[11:53:58] [211/459] RROH
[11:53:58] [212/459] SCTN
[11:53:59] [213/459] RTDM
[11:54:00] [214/459] ASRM
[11:54:01] [215/459] SKMD
[11:54:02] [216/459] SUTD
[11:54:03] [217/459] SADM
[11:54:04] [218/459] WCNR
[11:54:04] [219/459] CNED
[11:54:06] [220/459] MPDB
[11:54:07] [221/459] KTBH
[11:54:07] [222/459] IDRM
[11:54:08] [223/459] PJJT
[11:54:09] [224/459] PFCV
[11:54:10] [225/459] AACT
[11:54:11] [226/459] AAAD
[11:54:12] [227/459] ANES
[11:54:14] [228/459] MNCA
[11:54:15] [229/459] RMGU
[11:54:15] [230/459] DLCN
[11:54:16] [231/459] LJWT
[11:54:17] [232/459] MCBG
[11:54:18] [233/459] MYBG
[11:54:19] [234/459] GCCA
[11:54:21] [235/459] GCGA
[11:54:22] [236/459] ECGN
[11:54:23] [237/459] PRAB
[11:54:24] [238/459] PNMP
[11:54:24] [239/459] GCPT
[11:54:25] [240/459] ROYN
[11:54:26] [241/459] VATM
[11:54:27] [242/459] KSNT
[11:54:28] [243/459] ACTC
[11:54:28] [244/459] PLTD
[11:54:29] [245/459] SKMK
[11:54:30] [246/459] CMTT
[11:54:31] [247/459] SMXP
[11:54:32] [248/459] SCMX
[11:54:33] [249/459] ACXN
[11:54:34] [250/459] ASWT
[11:54:34] [251/459] VVVL
[11:54:35] [252/459] NAGO
[11:54:36] [253/459] SNCN
[11:54:36] [254/459] MCKP
[11:54:37] [255/459] SAMO
[11:54:38] [256/459] JBTV
[11:54:39] [257/459] DCVV
[11:54:40] [258/459] KMSV
[11:54:41] [259/459] KDCN
[11:54:42] [260/459] CNCP
[11:54:42] [261/459] HAMC
[11:54:43] [262/459] CCVZ
[11:54:45] [263/459] NCCK
[11:54:46] [264/459] MCHR
[11:54:47] [265/459] SCHT
[11:54:48] [266/459] ESSH
[11:54:49] [267/459] CUJC
[11:54:49] [268/459] PECP
[11:54:50] [269/459] PMMI
[11:54:51] [270/459] PCCH
[11:54:52] [271/459] PRPM
[11:54:53] [272/459] PVKL
[11:54:54] [273/459] CBSM
[11:54:54] [274/459] PVCZ
[11:54:55] [275/459] PCVV
[11:54:56] [276/459] CTMJ
[11:54:57] [277/459] RCPS
[11:54:58] [278/459] PCIT
[11:54:59] [279/459] FNCH
[11:55:01] [280/459] INZD
[11:55:01] [281/459] INPC
[11:55:02] [282/459] LCZP
[11:55:03] [283/459] SMCB
[11:55:04] [284/459] PTSB
[11:55:05] [285/459] TPSI
[11:55:05] [286/459] KHMJ
[11:55:06] [287/459] RCCJ
[11:55:07] [288/459] NCJA
[11:55:08] [289/459] NCJN
[11:55:08] [290/459] BTDP
[11:55:09] [291/459] PADY
[11:55:10] [292/459] NYBH
[11:55:11] [293/459] MTBR
[11:55:12] [294/459] KRBC
[11:55:12] [295/459] DKTI
[11:55:13] [296/459] ANAN
[11:55:14] [297/459] INBP
[11:55:15] [298/459] PATB
[11:55:15] [299/459] RGNT
[11:55:16] [300/459] CGPM
[11:55:17] [301/459] INTN
[11:55:18] [302/459] MCMP
[11:55:19] [303/459] ASRG
[11:55:21] [304/459] CXJD
[11:55:21] [305/459] SPCP
[11:55:22] [306/459] CSTP
[11:55:23] [307/459] PKVC
[11:55:24] [308/459] ESCP
[11:55:25] [309/459] CAEP
[11:55:26] [310/459] CCSP
[11:55:27] [311/459] KTPC
[11:55:28] [312/459] DACA
[11:55:29] [313/459] NVKY
[11:55:29] [314/459] PTIN
[11:55:30] [315/459] SCIN
[11:55:31] [316/459] MCTY
[11:55:32] [317/459] PCMX
[11:55:33] [318/459] INIC
[11:55:34] [319/459] MMZM
[11:55:35] [320/459] SSLP
[11:55:35] [321/459] DTDT
[11:55:36] [322/459] FFCX
[11:55:37] [323/459] RCMM
[11:55:38] [324/459] KYID
[11:55:39] [325/459] CSCI
[11:55:40] [326/459] FCMC
[11:55:41] [327/459] MMXI
[11:55:42] [328/459] ASTC
[11:55:44] [329/459] CMRA
[11:55:44] [330/459] DICI
[11:55:45] [331/459] KDIN
[11:55:47] [332/459] PRFI
[11:55:49] [333/459] SVFC
[11:55:49] [334/459] UCPL
[11:55:50] [335/459] COOC
[11:55:51] [336/459] SCAL
[11:55:52] [337/459] SVFF
[11:55:53] [338/459] VCMG
[11:55:53] [339/459] UUCT
[11:55:54] [340/459] GCSE
[11:55:55] [341/459] SUSC
[11:55:56] [342/459] MISC
[11:55:57] [343/459] RMBL
[11:55:58] [344/459] CMXN
[11:55:58] [345/459] PVBK
[11:55:59] [346/459] HHCG
[11:56:00] [347/459] SCAG
[11:56:01] [348/459] CNPR
[11:56:02] [349/459] CSER
[11:56:03] [350/459] HLWD
[11:56:04] [351/459] BOLY
[11:56:05] [352/459] SSPG
[11:56:06] [353/459] MUPX
[11:56:07] [354/459] HAMR
[11:56:08] [355/459] SDNC
[11:56:09] [356/459] RTEN
[11:56:10] [357/459] SDTD
[11:56:11] [358/459] KAWS
[11:56:12] [359/459] CMZX
[11:56:13] [360/459] DCDD
[11:56:13] [361/459] ALSN
[11:56:14] [362/459] IMXS
[11:56:15] [363/459] PVFF
[11:56:16] [364/459] PVOO
[11:56:17] [365/459] CFBS
[11:56:18] [366/459] PVER
[11:56:19] [367/459] PPNX
[11:56:20] [368/459] CNRM
[11:56:21] [369/459] PVWW
[11:56:22] [370/459] INMB
[11:56:23] [371/459] CPJR
[11:56:24] [372/459] INRZ
[11:56:24] [373/459] PMSR
[11:56:25] [374/459] GPGM
[11:56:26] [375/459] PGWB
[11:56:27] [376/459] PMBR
[11:56:28] [377/459] GPAM
[11:56:29] [378/459] INBC
[11:56:30] [379/459] PZVK
[11:56:31] [380/459] CPEB
[11:56:32] [381/459] FMLB
[11:56:32] [382/459] INBG
[11:56:33] [383/459] GPBR
[11:56:34] [384/459] PAAS
[11:56:35] [385/459] VTBR
[11:56:37] [386/459] GPMY
[11:56:37] [387/459] GYBU
[11:56:38] [388/459] INBJ
[11:56:39] [389/459] LKTH
[11:56:40] [390/459] NSBR
[11:56:41] [391/459] PDRD
[11:56:41] [392/459] VRBL
[11:56:42] [393/459] VTGB
[11:56:43] [394/459] VTSK
[11:56:45] [395/459] BKDV
[11:56:46] [396/459] SVTB
[11:56:46] [397/459] MLDT
[11:56:47] [398/459] NRBL
[11:56:48] [399/459] SLTR
[11:56:49] [400/459] VNKA
[11:56:50] [401/459] TDCA
[11:56:51] [402/459] INBM
[11:56:52] [403/459] SSNR
[11:56:53] [404/459] BHAC
[11:56:54] [405/459] SDSD
[11:56:54] [406/459] SAMP
[11:56:55] [407/459] RATK
[11:56:56] [408/459] KCBI
[11:56:57] [409/459] URBL
[11:56:58] [410/459] MKBG
[11:56:59] [411/459] ASTB
[11:57:00] [412/459] VBWT
[11:57:01] [413/459] GPSM
[11:57:01] [414/459] ROON
[11:57:02] [415/459] CHTH
[11:57:03] [416/459] SSPA
[11:57:04] [417/459] ANBL
[11:57:04] [418/459] VTBE
[11:57:05] [419/459] SVKT
[11:57:07] [420/459] SVYK
[11:57:07] [421/459] PTBK
[11:57:08] [422/459] RKTB
[11:57:09] [423/459] BALT
[11:57:10] [424/459] STSV
[11:57:11] [425/459] VCCB
[11:57:12] [426/459] SLTB
[11:57:12] [427/459] SBCR
[11:57:13] [428/459] VDCS
[11:57:14] [429/459] MDKI
[11:57:15] [430/459] SMRN
[11:57:16] [431/459] PTBC
[11:57:17] [432/459] RADI
[11:57:19] [433/459] ADCR
[11:57:19] [434/459] SDCS
[11:57:20] [435/459] SRPJ
[11:57:21] [436/459] ARTS
[11:57:22] [437/459] SRHK
[11:57:23] [438/459] SPAY
[11:57:23] [439/459] GPTB
[11:57:24] [440/459] SNNN
[11:57:26] [441/459] BALJ
[11:57:26] [442/459] TRIG
[11:57:27] [443/459] GTYT
[11:57:28] [444/459] ATGN
[11:57:29] [445/459] ANTE
[11:57:30] [446/459] BDCG
[11:57:31] [447/459] VECI
[11:57:31] [448/459] SCPR
[11:57:32] [449/459] RTEA
[11:57:33] [450/459] JSAI
[11:57:34] [451/459] VJTP
[11:57:35] [452/459] GNDS
[11:57:36] [453/459] PAXA
[11:57:38] [454/459] CGGM
[11:57:38] [455/459] ACKZ
[11:57:40] [456/459] EMCC
[11:57:41] [457/459] KLSK
[11:57:42] [458/459] AVCK
[11:57:43] [459/459] JTCK
[11:57:44] 🧹 Deduping shows
[11:57:44] ✅ DONE | Shows=357 | Movies=26
