[10:04:09] 🚀 SCRIPT STARTED
[10:04:09] [1/459] FNDB
[10:04:09] 🧠 New identity created
[10:04:10] [2/459] AMBH
[10:04:11] [3/459] PRHN
[10:04:12] [4/459] ACPM
[10:04:13] [5/459] PVFS
[10:04:14] [6/459] AACN
[10:04:14] [7/459] ACAS
[10:04:15] [8/459] CTNR
[10:04:16] [9/459] MMAH
[10:04:17] [10/459] CPMH
[10:04:19] [11/459] IGMH
[10:04:20] [12/459] ABCS
[10:04:20] [13/459] CMMA
[10:04:21] [14/459] GPRH
[10:04:22] [15/459] PNNG
[10:04:23] [16/459] AMCA
[10:04:24] [17/459] ISTN
[10:04:25] [18/459] PIIC
[10:04:26] [19/459] AHMH
[10:04:27] [20/459] ASHN
[10:04:28] [21/459] INHY
[10:04:29] [22/459] SRMO
[10:04:30] [23/459] PIMH
[10:04:31] [24/459] PVTS
[10:04:32] [25/459] MMCA
[10:04:32] [26/459] AKYJ
[10:04:33] [27/459] BRKH
[10:04:34] [28/459] MAHM
[10:04:35] [29/459] CPHY
[10:04:36] [30/459] PVTP
[10:04:37] [31/459] SMMR
[10:04:37] [32/459] PVHM
[10:04:38] [33/459] SNDY
[10:04:39] [34/459] GOKU
[10:04:40] [35/459] ACEV
[10:04:41] [36/459] PVUM
[10:04:42] [37/459] VSWA
[10:04:43] [38/459] IPRS
[10:04:43] [39/459] ASGN
[10:04:44] [40/459] BKMV
[10:04:45] [41/459] PVYH
[10:04:46] [42/459] INKM
[10:04:47] [43/459] ARJU
[10:04:48] [44/459] JJPP
[10:04:49] [45/459] SSRM
[10:04:50] [46/459] HMHD
[10:04:50] [47/459] SNKH
[10:04:51] [48/459] ACHI
[10:04:52] [49/459] MRAA
[10:04:54] [50/459] INMH
[10:04:55] [51/459] ARMH
[10:04:56] [52/459] DVRR
[10:04:56] [53/459] SUDA
[10:04:57] [54/459] MCSS
[10:04:58] [55/459] VRKC
[10:04:59] [56/459] PRCX
[10:04:59] [57/459] ASJY
[10:05:00] [58/459] MTHY
[10:05:01] [59/459] SRCM
[10:05:02] [60/459] TVHY
[10:05:03] [61/459] STHD
[10:05:03] [62/459] CPCL
[10:05:04] [63/459] PSMJ
[10:05:05] [64/459] MRGT
[10:05:06] [65/459] ARYH
[10:05:07] [66/459] VTRB
[10:05:07] [67/459] SCHC
[10:05:08] [68/459] MRRG
[10:05:09] [69/459] SPCB
[10:05:10] [70/459] AMCM
[10:05:11] [71/459] IVNM
[10:05:12] [72/459] TRHY
[10:05:14] [73/459] PTTH
[10:05:15] [74/459] RKMH
[10:05:15] [75/459] PRCS
[10:05:16] [76/459] VAJA
[10:05:17] [77/459] BJNG
[10:05:18] [78/459] SCVM
[10:05:19] [79/459] GNHB
[10:05:19] [80/459] TLUR
[10:05:20] [81/459] UKCC
[10:05:21] [82/459] SRKR
[10:05:22] [83/459] RMKN
[10:05:22] [84/459] SLRT
[10:05:23] [85/459] LKMT
[10:05:24] [86/459] SSRJ
[10:05:25] [87/459] SPHT
[10:05:27] [88/459] ANTT
[10:05:27] [89/459] SRCH
[10:05:28] [90/459] SRCA
[10:05:29] [91/459] ARTH
[10:05:30] [92/459] MCBH
[10:05:31] [93/459] SNIB
[10:05:33] [94/459] SART
[10:05:33] [95/459] SKTA
[10:05:34] [96/459] YAKT
[10:05:35] [97/459] MLCK
[10:05:36] [98/459] ANTS
[10:05:37] [99/459] DGCA
[10:05:37] [100/459] SGMP
[10:05:38] [101/459] ASWN
[10:05:39] [102/459] KFVU
[10:05:40] [103/459] POOR
[10:05:40] [104/459] GKDN
[10:05:41] [105/459] EOSE
[10:05:42] [106/459] GTTT
[10:05:43] [107/459] ARRO
[10:05:44] [108/459] CMMK
[10:05:45] [109/459] MSCN
[10:05:45] [110/459] GDKH
[10:05:46] [111/459] DLMT
[10:05:47] [112/459] PVMF
[10:05:48] [113/459] CPCK
[10:05:49] [114/459] VMHE
[10:05:50] [115/459] PVLC
[10:05:51] [116/459] PCVB
[10:05:52] [117/459] SNYK
[10:05:52] [118/459] KTEK
[10:05:53] [119/459] PCNM
[10:05:54] [120/459] NTTR
[10:05:55] [121/459] CPSK
[10:05:56] [122/459] JMMA
[10:05:57] [123/459] GCFK
[10:05:57] [124/459] MYCA
[10:05:58] [125/459] KSNP
[10:06:00] [126/459] PMCE
[10:06:00] [127/459] SCKI
[10:06:01] [128/459] FSMA
[10:06:02] [129/459] CETA
[10:06:03] [130/459] MCIK
[10:06:04] [131/459] MYCR
[10:06:05] [132/459] EVMP
[10:06:06] [133/459] SSGT
[10:06:06] [134/459] KCTK
[10:06:07] [135/459] ZTKC
[10:06:08] [136/459] MMTA
[10:06:09] [137/459] MAJT
[10:06:10] [138/459] ACPK
[10:06:11] [139/459] JMAX
[10:06:12] [140/459] SETK
[10:06:13] [141/459] CAIS
[10:06:14] [142/459] AGCD
[10:06:15] [143/459] URCL
[10:06:15] [144/459] VTDS
[10:06:17] [145/459] JCNM
[10:06:17] [146/459] KCAM
[10:06:18] [147/459] ADCU
[10:06:20] [148/459] GXYN
[10:06:20] [149/459] SMJG
[10:06:21] [150/459] EYCJ
[10:06:22] [151/459] CCEJ
[10:06:23] [152/459] MARS
[10:06:24] [153/459] CPVJ
[10:06:24] [154/459] INVP
[10:06:25] [155/459] CPOV
[10:06:26] [156/459] VIJK
[10:06:27] [157/459] LAIM
[10:06:28] [158/459] STHV
[10:06:29] [159/459] SVLJ
[10:06:30] [160/459] ATVJ
[10:06:30] [161/459] JTSC
[10:06:31] [162/459] RMTV
[10:06:32] [163/459] MGGG
[10:06:33] [164/459] SWTH
[10:06:34] [165/459] INVJ
[10:06:34] [166/459] PRSV
[10:06:35] [167/459] JATV
[10:06:36] [168/459] RCVD
[10:06:37] [169/459] BDMA
[10:06:37] [170/459] BLJI
[10:06:38] [171/459] SWOT
[10:06:39] [172/459] SWRN
[10:06:40] [173/459] TVRA
[10:06:40] [174/459] VCSV
[10:06:41] [175/459] NVRN
[10:06:43] [176/459] SIKC
[10:06:43] [177/459] VAKR
[10:06:44] [178/459] SYLN
[10:06:46] [179/459] KLJL
[10:06:46] [180/459] LKMY
[10:06:47] [181/459] VSLY
[10:06:48] [182/459] CIKO
[10:06:49] [183/459] GPBG
[10:06:50] [184/459] CECM
[10:06:51] [185/459] SLKB
[10:06:51] [186/459] MTBO
[10:06:52] [187/459] SSHB
[10:06:53] [188/459] VPCS
[10:06:54] [189/459] RCSR
[10:06:55] [190/459] RJRM
[10:06:55] [191/459] KPPB
[10:06:56] [192/459] SEDC
[10:06:57] [193/459] SCAI
[10:06:58] [194/459] RMTR
[10:06:59] [195/459] ASST
[10:07:00] [196/459] GCAK
[10:07:00] [197/459] ANNK
[10:07:01] [198/459] KDDF
[10:07:02] [199/459] NRDP
[10:07:03] [200/459] PLAK
[10:07:04] [201/459] GCMC
[10:07:05] [202/459] ALPY
[10:07:05] [203/459] SICE
[10:07:06] [204/459] SISR
[10:07:07] [205/459] SRPZ
[10:07:08] [206/459] SRSW
[10:07:09] [207/459] SUYA
[10:07:10] [208/459] AMMT
[10:07:10] [209/459] BHCU
[10:07:11] [210/459] KLPA
[10:07:12] [211/459] NVKH
[10:07:13] [212/459] JMRC
[10:07:14] [213/459] KTTT
[10:07:15] [214/459] MAGH
[10:07:15] [215/459] MMMX
[10:07:16] [216/459] SALJ
[10:07:17] [217/459] GTJA
[10:07:18] [218/459] MAHT
[10:07:20] [219/459] SSNN
[10:07:20] [220/459] ARRP
[10:07:21] [221/459] ATNS
[10:07:22] [222/459] SKDT
[10:07:23] [223/459] ACAT
[10:07:24] [224/459] APRC
[10:07:25] [225/459] SWAG
[10:07:25] [226/459] SDPT
[10:07:27] [227/459] STPS
[10:07:28] [228/459] WWCZ
[10:07:29] [229/459] LLCH
[10:07:30] [230/459] MZHA
[10:07:31] [231/459] CRJG
[10:07:32] [232/459] JGTK
[10:07:33] [233/459] KCSR
[10:07:33] [234/459] CHTL
[10:07:34] [235/459] EDSR
[10:07:35] [236/459] CSWO
[10:07:36] [237/459] CPVM
[10:07:37] [238/459] MXBY
[10:07:37] [239/459] FMMA
[10:07:38] [240/459] POVI
[10:07:39] [241/459] MTHB
[10:07:40] [242/459] INRC
[10:07:41] [243/459] PIPP
[10:07:42] [244/459] BMXC
[10:07:43] [245/459] PCMM
[10:07:44] [246/459] PMKM
[10:07:45] [247/459] GATY
[10:07:46] [248/459] IMCM
[10:07:48] [249/459] POPE
[10:07:48] [250/459] MTCR
[10:07:49] [251/459] PVAE
[10:07:50] [252/459] PVMI
[10:07:51] [253/459] CPNM
[10:07:51] [254/459] FMRL
[10:07:53] [255/459] MCIW
[10:07:53] [256/459] MXBO
[10:07:54] [257/459] FMKY
[10:07:55] [258/459] FMDA
[10:07:56] [259/459] THAB
[10:07:56] [260/459] PRCW
[10:07:57] [261/459] PITI
[10:07:58] [262/459] MCFF
[10:07:59] [263/459] PDDV
[10:08:00] [264/459] MCRM
[10:08:01] [265/459] KKMB
[10:08:03] [266/459] INKO
[10:08:04] [267/459] PLXP
[10:08:05] [268/459] MMHA
[10:08:06] [269/459] FMVS
[10:08:06] [270/459] POLM
[10:08:07] [271/459] STER
[10:08:08] [272/459] PVWJ
[10:08:09] [273/459] IMJW
[10:08:09] [274/459] FNAN
[10:08:11] [275/459] CAGL
[10:08:12] [276/459] IPBG
[10:08:13] [277/459] SMFV
[10:08:14] [278/459] MMMR
[10:08:15] [279/459] MMWM
[10:08:16] [280/459] FNCM
[10:08:16] [281/459] MDVA
[10:08:17] [282/459] MMET
[10:08:18] [283/459] MIDO
[10:08:19] [284/459] INNP
[10:08:20] [285/459] MIFU
[10:08:21] [286/459] MMSZ
[10:08:22] [287/459] BMXA
[10:08:23] [288/459] MCAA
[10:08:24] [289/459] SCVP
[10:08:24] [290/459] PLUS
[10:08:25] [291/459] MUCK
[10:08:26] [292/459] MTMA
[10:08:28] [293/459] HPVR
[10:08:28] [294/459] PMPK
[10:08:29] [295/459] MAJB
[10:08:30] [296/459] CTRR
[10:08:31] [297/459] MCTG
[10:08:31] [298/459] MACE
[10:08:32] [299/459] AAAS
[10:08:33] [300/459] CPVV
[10:08:34] [301/459] RCHG
[10:08:35] [302/459] MCNE
[10:08:36] [303/459] EMNC
[10:08:37] [304/459] MCAN
[10:08:37] [305/459] TCDM
[10:08:38] [306/459] IRGT
[10:08:39] [307/459] GCMG
[10:08:40] [308/459] MXSN
[10:08:41] [309/459] MXCK
[10:08:41] [310/459] MCRC
[10:08:42] [311/459] RSMI
[10:08:44] [312/459] WAML
[10:08:44] [313/459] MTSC
[10:08:45] [314/459] FMDR
[10:08:46] [315/459] LEPV
[10:08:47] [316/459] MTGD
[10:08:48] [317/459] IMOB
[10:08:49] [318/459] CLMM
[10:08:49] [319/459] PZCD
[10:08:50] [320/459] GOCS
[10:08:51] [321/459] KCMA
[10:08:52] [322/459] CCMP
[10:08:53] [323/459] MTSU
[10:08:54] [324/459] SNGL
[10:08:54] [325/459] MMMC
[10:08:55] [326/459] MMAA
[10:08:56] [327/459] GCDM
[10:08:57] [328/459] KTMV
[10:08:58] [329/459] AETE
[10:08:59] [330/459] OMCS
[10:09:00] [331/459] GDCD
[10:09:01] [332/459] NYMD
[10:09:01] [333/459] RNCV
[10:09:03] [334/459] KKMT
[10:09:04] [335/459] GDTH
[10:09:04] [336/459] KMMV
[10:09:05] [337/459] NHCG
[10:09:06] [338/459] PJDW
[10:09:07] [339/459] MMCV
[10:09:08] [340/459] FQSA
[10:09:09] [341/459] KURL
[10:09:10] [342/459] NNNX
[10:09:11] [343/459] AMAU
[10:09:11] [344/459] VVVM
[10:09:12] [345/459] VECU
[10:09:13] [346/459] WCVR
[10:09:14] [347/459] MTGG
[10:09:15] [348/459] SGTG
[10:09:16] [349/459] MNTG
[10:09:17] [350/459] JDDG
[10:09:17] [351/459] MBTK
[10:09:18] [352/459] SGCD
[10:09:19] [353/459] MCTC
[10:09:20] [354/459] JTPC
[10:09:21] [355/459] SDKT
[10:09:22] [356/459] KRCC
[10:09:22] [357/459] RMMD
[10:09:23] [358/459] AAME
[10:09:24] [359/459] TMWC
[10:09:25] [360/459] NRWY
[10:09:25] [361/459] CITD
[10:09:26] [362/459] VERD
[10:09:28] [363/459] MKSK
[10:09:28] [364/459] STSM
[10:09:29] [365/459] MJDG
[10:09:30] [366/459] RKPM
[10:09:31] [367/459] SSCE
[10:09:31] [368/459] VMAE
[10:09:32] [369/459] SBRU
[10:09:34] [370/459] AMBC
[10:09:34] [371/459] AMLU
[10:09:35] [372/459] INVZ
[10:09:36] [373/459] LGTV
[10:09:37] [374/459] SVAD
[10:09:38] [375/459] SMSA
[10:09:39] [376/459] SPCZ
[10:09:40] [377/459] GTCX
[10:09:41] [378/459] SCSL
[10:09:42] [379/459] SAHU
[10:09:43] [380/459] NCDA
[10:09:44] [381/459] SCCG
[10:09:44] [382/459] VKTL
[10:09:45] [383/459] PUUJ
[10:09:46] [384/459] STEJ
[10:09:47] [385/459] RJAL
[10:09:48] [386/459] ACJC
[10:09:49] [387/459] VTHC
[10:09:50] [388/459] ARVB
[10:09:51] [389/459] AUBB
[10:09:52] [390/459] GDBR
[10:09:52] [391/459] PVND
[10:09:53] [392/459] BGRJ
[10:09:54] [393/459] RJMM
[10:09:55] [394/459] MCSA
[10:09:56] [395/459] BODA
[10:09:56] [396/459] JAGG
[10:09:57] [397/459] SCGA
[10:09:58] [398/459] LRCM
[10:09:59] [399/459] CPCN
[10:10:00] [400/459] SSTF
[10:10:01] [401/459] SRXP
[10:10:02] [402/459] CNFX
[10:10:03] [403/459] ANDI
[10:10:03] [404/459] SYEW
[10:10:04] [405/459] RCRE
[10:10:05] [406/459] SCRW
[10:10:06] [407/459] MBKR
[10:10:07] [408/459] ASNT
[10:10:07] [409/459] JTMT
[10:10:09] [410/459] SHAY
[10:10:10] [411/459] VRTH
[10:10:10] [412/459] SPTI
[10:10:11] [413/459] DPTD
[10:10:12] [414/459] TGSN
[10:10:13] [415/459] RCWV
[10:10:14] [416/459] OCUR
[10:10:15] [417/459] KSTC
[10:10:16] [418/459] SANI
[10:10:17] [419/459] MLCA
[10:10:18] [420/459] EGCA
[10:10:19] [421/459] SYSN
[10:10:19] [422/459] PKTA
[10:10:20] [423/459] PRCC
[10:10:21] [424/459] KSTR
[10:10:22] [425/459] SNTP
[10:10:22] [426/459] RCHA
[10:10:23] [427/459] SEEA
[10:10:24] [428/459] ALAT
[10:10:25] [429/459] AATV
[10:10:25] [430/459] RJTE
[10:10:27] [431/459] AAPP
[10:10:28] [432/459] PMMH
[10:10:29] [433/459] INRJ
[10:10:30] [434/459] SARB
[10:10:30] [435/459] PCJL
[10:10:31] [436/459] PFJJ
[10:10:32] [437/459] GRDC
[10:10:33] [438/459] BCBA
[10:10:34] [439/459] VIXL
[10:10:34] [440/459] CSTL
[10:10:35] [441/459] MTDK
[10:10:36] [442/459] TDAC
[10:10:37] [443/459] GTDN
[10:10:38] [444/459] TTDE
[10:10:39] [445/459] ASTS
[10:10:39] [446/459] CPNS
[10:10:40] [447/459] PVVW
[10:10:41] [448/459] USEB
[10:10:42] [449/459] DTYN
[10:10:43] [450/459] PVLE
[10:10:43] [451/459] CIPS
[10:10:44] [452/459] PAEG
[10:10:45] [453/459] PTCW
[10:10:46] [454/459] G3SR
[10:10:47] [455/459] PGND
[10:10:48] [456/459] INVM
[10:10:49] [457/459] SPIA
[10:10:49] [458/459] PCSN
[10:10:50] [459/459] PPGV
[10:10:51] 🧹 Deduping shows
[10:10:51] ✅ DONE | Shows=232 | Movies=20
[16:44:15] 🚀 SCRIPT STARTED
[16:44:15] [1/459] FNDB
[16:44:15] 🧠 New identity created
[16:44:16] [2/459] AMBH
[16:44:17] [3/459] PRHN
[16:44:18] [4/459] ACPM
[16:44:19] [5/459] PVFS
[16:44:20] [6/459] AACN
[16:44:20] [7/459] ACAS
[16:44:21] [8/459] CTNR
[16:44:22] [9/459] MMAH
[16:44:23] [10/459] CPMH
[16:44:24] [11/459] IGMH
[16:44:25] [12/459] ABCS
[16:44:27] [13/459] CMMA
[16:44:28] [14/459] GPRH
[16:44:28] [15/459] PNNG
[16:44:29] [16/459] AMCA
[16:44:30] [17/459] ISTN
[16:44:31] [18/459] PIIC
[16:44:31] [19/459] AHMH
[16:44:32] [20/459] ASHN
[16:44:33] [21/459] INHY
[16:44:34] [22/459] SRMO
[16:44:35] [23/459] PIMH
[16:44:36] [24/459] PVTS
[16:44:37] [25/459] MMCA
[16:44:38] [26/459] AKYJ
[16:44:39] [27/459] BRKH
[16:44:39] [28/459] MAHM
[16:44:40] [29/459] CPHY
[16:44:42] [30/459] PVTP
[16:44:43] [31/459] SMMR
[16:44:44] [32/459] PVHM
[16:44:44] [33/459] SNDY
[16:44:45] [34/459] GOKU
[16:44:46] [35/459] ACEV
[16:44:47] [36/459] PVUM
[16:44:48] [37/459] VSWA
[16:44:49] [38/459] IPRS
[16:44:49] [39/459] ASGN
[16:44:50] [40/459] BKMV
[16:44:51] [41/459] PVYH
[16:44:52] [42/459] INKM
[16:44:53] [43/459] ARJU
[16:44:54] [44/459] JJPP
[16:44:54] [45/459] SSRM
[16:44:55] [46/459] HMHD
[16:44:56] [47/459] SNKH
[16:44:57] [48/459] ACHI
[16:44:58] [49/459] MRAA
[16:44:59] [50/459] INMH
[16:45:00] [51/459] ARMH
[16:45:01] [52/459] DVRR
[16:45:02] [53/459] SUDA
[16:45:04] [54/459] MCSS
[16:45:04] [55/459] VRKC
[16:45:05] [56/459] PRCX
[16:45:06] [57/459] ASJY
[16:45:07] [58/459] MTHY
[16:45:08] [59/459] SRCM
[16:45:09] [60/459] TVHY
[16:45:09] [61/459] STHD
[16:45:10] [62/459] CPCL
[16:45:11] [63/459] PSMJ
[16:45:12] [64/459] MRGT
[16:45:13] [65/459] ARYH
[16:45:14] [66/459] VTRB
[16:45:15] [67/459] SCHC
[16:45:15] [68/459] MRRG
[16:45:16] [69/459] SPCB
[16:45:18] [70/459] AMCM
[16:45:18] [71/459] IVNM
[16:45:19] [72/459] TRHY
[16:45:20] [73/459] PTTH
[16:45:21] [74/459] RKMH
[16:45:22] [75/459] PRCS
[16:45:23] [76/459] VAJA
[16:45:24] [77/459] BJNG
[16:45:24] [78/459] SCVM
[16:45:25] [79/459] GNHB
[16:45:26] [80/459] TLUR
[16:45:27] [81/459] UKCC
[16:45:28] [82/459] SRKR
[16:45:28] [83/459] RMKN
[16:45:29] [84/459] SLRT
[16:45:30] [85/459] LKMT
[16:45:31] [86/459] SSRJ
[16:45:32] [87/459] SPHT
[16:45:33] [88/459] ANTT
[16:45:34] [89/459] SRCH
[16:45:34] [90/459] SRCA
[16:45:35] [91/459] ARTH
[16:45:36] [92/459] MCBH
[16:45:37] [93/459] SNIB
[16:45:38] [94/459] SART
[16:45:38] [95/459] SKTA
[16:45:39] [96/459] YAKT
[16:45:40] [97/459] MLCK
[16:45:40] [98/459] ANTS
[16:45:42] [99/459] DGCA
[16:45:43] [100/459] SGMP
[16:45:44] [101/459] ASWN
[16:45:46] [102/459] KFVU
[16:45:47] [103/459] POOR
[16:45:47] [104/459] GKDN
[16:45:48] [105/459] EOSE
[16:45:49] [106/459] GTTT
[16:45:50] [107/459] ARRO
[16:45:51] [108/459] CMMK
[16:45:51] [109/459] MSCN
[16:45:52] [110/459] GDKH
[16:45:53] [111/459] DLMT
[16:45:54] [112/459] PVMF
[16:45:55] [113/459] CPCK
[16:45:56] [114/459] VMHE
[16:45:57] [115/459] PVLC
[16:45:58] [116/459] PCVB
[16:45:58] [117/459] SNYK
[16:45:59] [118/459] KTEK
[16:46:00] [119/459] PCNM
[16:46:02] [120/459] NTTR
[16:46:02] [121/459] CPSK
[16:46:03] [122/459] JMMA
[16:46:05] [123/459] GCFK
[16:46:06] [124/459] MYCA
[16:46:07] [125/459] KSNP
[16:46:07] [126/459] PMCE
[16:46:08] [127/459] SCKI
[16:46:09] [128/459] FSMA
[16:46:10] [129/459] CETA
[16:46:11] [130/459] MCIK
[16:46:12] [131/459] MYCR
[16:46:13] [132/459] EVMP
[16:46:14] [133/459] SSGT
[16:46:15] [134/459] KCTK
[16:46:15] [135/459] ZTKC
[16:46:17] [136/459] MMTA
[16:46:18] [137/459] MAJT
[16:46:19] [138/459] ACPK
[16:46:20] [139/459] JMAX
[16:46:21] [140/459] SETK
[16:46:22] [141/459] CAIS
[16:46:23] [142/459] AGCD
[16:46:24] [143/459] URCL
[16:46:25] [144/459] VTDS
[16:46:25] [145/459] JCNM
[16:46:26] [146/459] KCAM
[16:46:27] [147/459] ADCU
[16:46:28] [148/459] GXYN
[16:46:28] [149/459] SMJG
[16:46:29] [150/459] EYCJ
[16:46:30] [151/459] CCEJ
[16:46:31] [152/459] MARS
[16:46:32] [153/459] CPVJ
[16:46:33] [154/459] INVP
[16:46:33] [155/459] CPOV
[16:46:34] [156/459] VIJK
[16:46:35] [157/459] LAIM
[16:46:36] [158/459] STHV
[16:46:37] [159/459] SVLJ
[16:46:38] [160/459] ATVJ
[16:46:38] [161/459] JTSC
[16:46:39] [162/459] RMTV
[16:46:40] [163/459] MGGG
[16:46:41] [164/459] SWTH
[16:46:42] [165/459] INVJ
[16:46:43] [166/459] PRSV
[16:46:44] [167/459] JATV
[16:46:46] [168/459] RCVD
[16:46:46] [169/459] BDMA
[16:46:47] [170/459] BLJI
[16:46:48] [171/459] SWOT
[16:46:49] [172/459] SWRN
[16:46:49] [173/459] TVRA
[16:46:50] [174/459] VCSV
[16:46:51] [175/459] NVRN
[16:46:52] [176/459] SIKC
[16:46:53] [177/459] VAKR
[16:46:54] [178/459] SYLN
[16:46:54] [179/459] KLJL
[16:46:55] [180/459] LKMY
[16:46:56] [181/459] VSLY
[16:46:57] [182/459] CIKO
[16:46:58] [183/459] GPBG
[16:46:58] [184/459] CECM
[16:46:59] [185/459] SLKB
[16:47:00] [186/459] MTBO
[16:47:01] [187/459] SSHB
[16:47:01] [188/459] VPCS
[16:47:02] [189/459] RCSR
[16:47:03] [190/459] RJRM
[16:47:04] [191/459] KPPB
[16:47:05] [192/459] SEDC
[16:47:06] [193/459] SCAI
[16:47:06] [194/459] RMTR
[16:47:07] [195/459] ASST
[16:47:08] [196/459] GCAK
[16:47:09] [197/459] ANNK
[16:47:10] [198/459] KDDF
[16:47:11] [199/459] NRDP
[16:47:12] [200/459] PLAK
[16:47:13] [201/459] GCMC
[16:47:14] [202/459] ALPY
[16:47:15] [203/459] SICE
[16:47:16] [204/459] SISR
[16:47:16] [205/459] SRPZ
[16:47:17] [206/459] SRSW
[16:47:18] [207/459] SUYA
[16:47:19] [208/459] AMMT
[16:47:20] [209/459] BHCU
[16:47:21] [210/459] KLPA
[16:47:22] [211/459] NVKH
[16:47:22] [212/459] JMRC
[16:47:23] [213/459] KTTT
[16:47:24] [214/459] MAGH
[16:47:25] [215/459] MMMX
[16:47:26] [216/459] SALJ
[16:47:27] [217/459] GTJA
[16:47:27] [218/459] MAHT
[16:47:28] [219/459] SSNN
[16:47:29] [220/459] ARRP
[16:47:30] [221/459] ATNS
[16:47:31] [222/459] SKDT
[16:47:32] [223/459] ACAT
[16:47:32] [224/459] APRC
[16:47:34] [225/459] SWAG
[16:47:35] [226/459] SDPT
[16:47:35] [227/459] STPS
[16:47:36] [228/459] WWCZ
[16:47:37] [229/459] LLCH
[16:47:38] [230/459] MZHA
[16:47:39] [231/459] CRJG
[16:47:40] [232/459] JGTK
[16:47:40] [233/459] KCSR
[16:47:41] [234/459] CHTL
[16:47:42] [235/459] EDSR
[16:47:43] [236/459] CSWO
[16:47:43] [237/459] CPVM
[16:47:44] [238/459] MXBY
[16:47:45] [239/459] FMMA
[16:47:46] [240/459] POVI
[16:47:47] [241/459] MTHB
[16:47:47] [242/459] INRC
[16:47:48] [243/459] PIPP
[16:47:49] [244/459] BMXC
[16:47:50] [245/459] PCMM
[16:47:51] [246/459] PMKM
[16:47:52] [247/459] GATY
[16:47:53] [248/459] IMCM
[16:47:53] [249/459] POPE
[16:47:54] [250/459] MTCR
[16:47:55] [251/459] PVAE
[16:47:56] [252/459] PVMI
[16:47:57] [253/459] CPNM
[16:47:58] [254/459] FMRL
[16:47:59] [255/459] MCIW
[16:48:00] [256/459] MXBO
[16:48:01] [257/459] FMKY
[16:48:02] [258/459] FMDA
[16:48:03] [259/459] THAB
[16:48:03] [260/459] PRCW
[16:48:04] [261/459] PITI
[16:48:05] [262/459] MCFF
[16:48:06] [263/459] PDDV
[16:48:07] [264/459] MCRM
[16:48:08] [265/459] KKMB
[16:48:09] [266/459] INKO
[16:48:09] [267/459] PLXP
[16:48:10] [268/459] MMHA
[16:48:12] [269/459] FMVS
[16:48:13] [270/459] POLM
[16:48:14] [271/459] STER
[16:48:15] [272/459] PVWJ
[16:48:16] [273/459] IMJW
[16:48:17] [274/459] FNAN
[16:48:17] [275/459] CAGL
[16:48:18] [276/459] IPBG
[16:48:19] [277/459] SMFV
[16:48:20] [278/459] MMMR
[16:48:20] [279/459] MMWM
[16:48:22] [280/459] FNCM
[16:48:23] [281/459] MDVA
[16:48:24] [282/459] MMET
[16:48:24] [283/459] MIDO
[16:48:25] [284/459] INNP
[16:48:26] [285/459] MIFU
[16:48:27] [286/459] MMSZ
[16:48:28] [287/459] BMXA
[16:48:28] [288/459] MCAA
[16:48:29] [289/459] SCVP
[16:48:30] [290/459] PLUS
[16:48:31] [291/459] MUCK
[16:48:32] [292/459] MTMA
[16:48:33] [293/459] HPVR
[16:48:33] [294/459] PMPK
[16:48:34] [295/459] MAJB
[16:48:35] [296/459] CTRR
[16:48:36] [297/459] MCTG
[16:48:37] [298/459] MACE
[16:48:37] [299/459] AAAS
[16:48:38] [300/459] CPVV
[16:48:39] [301/459] RCHG
[16:48:40] [302/459] MCNE
[16:48:41] [303/459] EMNC
[16:48:41] [304/459] MCAN
[16:48:42] [305/459] TCDM
[16:48:43] [306/459] IRGT
[16:48:44] [307/459] GCMG
[16:48:45] [308/459] MXSN
[16:48:46] [309/459] MXCK
[16:48:46] [310/459] MCRC
[16:48:47] [311/459] RSMI
[16:48:48] [312/459] WAML
[16:48:49] [313/459] MTSC
[16:48:50] [314/459] FMDR
[16:48:51] [315/459] LEPV
[16:48:52] [316/459] MTGD
[16:48:53] [317/459] IMOB
[16:48:54] [318/459] CLMM
[16:48:55] [319/459] PZCD
[16:48:56] [320/459] GOCS
[16:48:56] [321/459] KCMA
[16:48:57] [322/459] CCMP
[16:48:58] [323/459] MTSU
[16:48:59] [324/459] SNGL
[16:48:59] [325/459] MMMC
[16:49:01] [326/459] MMAA
[16:49:02] [327/459] GCDM
[16:49:02] [328/459] KTMV
[16:49:03] [329/459] AETE
[16:49:04] [330/459] OMCS
[16:49:05] [331/459] GDCD
[16:49:06] [332/459] NYMD
[16:49:07] [333/459] RNCV
[16:49:08] [334/459] KKMT
[16:49:10] [335/459] GDTH
[16:49:10] [336/459] KMMV
[16:49:11] [337/459] NHCG
[16:49:12] [338/459] PJDW
[16:49:14] [339/459] MMCV
[16:49:15] [340/459] FQSA
[16:49:16] [341/459] KURL
[16:49:16] [342/459] NNNX
[16:49:17] [343/459] AMAU
[16:49:18] [344/459] VVVM
[16:49:19] [345/459] VECU
[16:49:20] [346/459] WCVR
[16:49:20] [347/459] MTGG
[16:49:21] [348/459] SGTG
[16:49:22] [349/459] MNTG
[16:49:23] [350/459] JDDG
[16:49:23] [351/459] MBTK
[16:49:24] [352/459] SGCD
[16:49:25] [353/459] MCTC
[16:49:26] [354/459] JTPC
[16:49:27] [355/459] SDKT
[16:49:28] [356/459] KRCC
[16:49:29] [357/459] RMMD
[16:49:29] [358/459] AAME
[16:49:30] [359/459] TMWC
[16:49:31] [360/459] NRWY
[16:49:32] [361/459] CITD
[16:49:33] [362/459] VERD
[16:49:34] [363/459] MKSK
[16:49:35] [364/459] STSM
[16:49:36] [365/459] MJDG
[16:49:37] [366/459] RKPM
[16:49:37] [367/459] SSCE
[16:49:38] [368/459] VMAE
[16:49:39] [369/459] SBRU
[16:49:40] [370/459] AMBC
[16:49:41] [371/459] AMLU
[16:49:42] [372/459] INVZ
[16:49:43] [373/459] LGTV
[16:49:43] [374/459] SVAD
[16:49:44] [375/459] SMSA
[16:49:45] [376/459] SPCZ
[16:49:46] [377/459] GTCX
[16:49:48] [378/459] SCSL
[16:49:49] [379/459] SAHU
[16:49:49] [380/459] NCDA
[16:49:50] [381/459] SCCG
[16:49:51] [382/459] VKTL
[16:49:52] [383/459] PUUJ
[16:49:53] [384/459] STEJ
[16:49:54] [385/459] RJAL
[16:49:55] [386/459] ACJC
[16:49:56] [387/459] VTHC
[16:49:57] [388/459] ARVB
[16:49:58] [389/459] AUBB
[16:49:59] [390/459] GDBR
[16:50:01] [391/459] PVND
[16:50:02] [392/459] BGRJ
[16:50:03] [393/459] RJMM
[16:50:04] [394/459] MCSA
[16:50:05] [395/459] BODA
[16:50:06] [396/459] JAGG
[16:50:07] [397/459] SCGA
[16:50:09] [398/459] LRCM
[16:50:10] [399/459] CPCN
[16:50:10] [400/459] SSTF
[16:50:11] [401/459] SRXP
[16:50:12] [402/459] CNFX
[16:50:13] [403/459] ANDI
[16:50:14] [404/459] SYEW
[16:50:14] [405/459] RCRE
[16:50:15] [406/459] SCRW
[16:50:16] [407/459] MBKR
[16:50:17] [408/459] ASNT
[16:50:18] [409/459] JTMT
[16:50:19] [410/459] SHAY
[16:50:20] [411/459] VRTH
[16:50:21] [412/459] SPTI
[16:50:22] [413/459] DPTD
[16:50:23] [414/459] TGSN
[16:50:24] [415/459] RCWV
[16:50:25] [416/459] OCUR
[16:50:26] [417/459] KSTC
[16:50:27] [418/459] SANI
[16:50:28] [419/459] MLCA
[16:50:29] [420/459] EGCA
[16:50:29] [421/459] SYSN
[16:50:30] [422/459] PKTA
[16:50:31] [423/459] PRCC
[16:50:32] [424/459] KSTR
[16:50:32] [425/459] SNTP
[16:50:34] [426/459] RCHA
[16:50:35] [427/459] SEEA
[16:50:36] [428/459] ALAT
[16:50:36] [429/459] AATV
[16:50:38] [430/459] RJTE
[16:50:39] [431/459] AAPP
[16:50:39] [432/459] PMMH
[16:50:41] [433/459] INRJ
[16:50:42] [434/459] SARB
[16:50:43] [435/459] PCJL
[16:50:43] [436/459] PFJJ
[16:50:44] [437/459] GRDC
[16:50:45] [438/459] BCBA
[16:50:46] [439/459] VIXL
[16:50:47] [440/459] CSTL
[16:50:48] [441/459] MTDK
[16:50:49] [442/459] TDAC
[16:50:50] [443/459] GTDN
[16:50:51] [444/459] TTDE
[16:50:52] [445/459] ASTS
[16:50:52] [446/459] CPNS
[16:50:53] [447/459] PVVW
[16:50:54] [448/459] USEB
[16:50:55] [449/459] DTYN
[16:50:55] [450/459] PVLE
[16:50:56] [451/459] CIPS
[16:50:57] [452/459] PAEG
[16:50:58] [453/459] PTCW
[16:50:59] [454/459] G3SR
[16:50:59] [455/459] PGND
[16:51:00] [456/459] INVM
[16:51:01] [457/459] SPIA
[16:51:02] [458/459] PCSN
[16:51:03] [459/459] PPGV
[16:51:04] 🧹 Deduping shows
[16:51:04] ✅ DONE | Shows=242 | Movies=22
