[09:56:39] 🚀 SCRIPT STARTED
[09:56:39] [1/445] TGMR
[09:56:39] 🧠 New identity created
[09:56:40] [2/445] CXKR
[09:56:41] [3/445] SROP
[09:56:42] [4/445] GTSV
[09:56:43] [5/445] SNTY
[09:56:44] [6/445] SMYY
[09:56:45] [7/445] CNCS
[09:56:45] [8/445] CSTM
[09:56:47] [9/445] NUCD
[09:56:48] [10/445] SHCZ
[09:56:49] [11/445] NJCT
[09:56:50] [12/445] COPC
[09:56:51] [13/445] STVV
[09:56:52] [14/445] SKRN
[09:56:53] [15/445] APPZ
[09:56:54] [16/445] YMGN
[09:56:55] [17/445] SVTU
[09:56:56] [18/445] GTAD
[09:56:57] [19/445] PSUS
[09:56:58] [20/445] SMCD
[09:56:58] [21/445] CMCM
[09:57:00] [22/445] SYCT
[09:57:01] [23/445] STLY
[09:57:03] [24/445] CMHU
[09:57:04] [25/445] CMSA
[09:57:04] [26/445] CLCU
[09:57:05] [27/445] PPNT
[09:57:06] [28/445] JTAB
[09:57:07] [29/445] BUUC
[09:57:08] [30/445] BSVK
[09:57:09] [31/445] VVVQ
[09:57:10] [32/445] TKMU
[09:57:11] [33/445] ESYL
[09:57:12] [34/445] ACHP
[09:57:13] [35/445] BTKD
[09:57:14] [36/445] DESA
[09:57:15] [37/445] GBCT
[09:57:15] [38/445] BLLD
[09:57:16] [39/445] SKNT
[09:57:18] [40/445] SSTE
[09:57:19] [41/445] VJMR
[09:57:20] [42/445] NTPU
[09:57:21] [43/445] RDKN
[09:57:22] [44/445] ADGC
[09:57:22] [45/445] VRBP
[09:57:23] [46/445] NMNA
[09:57:24] [47/445] CMMX
[09:57:25] [48/445] PTKO
[09:57:27] [49/445] RBML
[09:57:28] [50/445] SAIC
[09:57:29] [51/445] SVTJ
[09:57:29] [52/445] MRTE
[09:57:31] [53/445] RBTP
[09:57:32] [54/445] NLPS
[09:57:33] [55/445] GTNA
[09:57:34] [56/445] DGGC
[09:57:34] [57/445] SMCR
[09:57:35] [58/445] SCGD
[09:57:36] [59/445] SRRJ
[09:57:37] [60/445] CNRY
[09:57:38] [61/445] KTDI
[09:57:39] [62/445] SNJL
[09:57:40] [63/445] RKMD
[09:57:41] [64/445] SMDC
[09:57:41] [65/445] TADG
[09:57:42] [66/445] MCGS
[09:57:43] [67/445] PETK
[09:57:44] [68/445] CHAG
[09:57:45] [69/445] KSTL
[09:57:46] [70/445] AADS
[09:57:46] [71/445] NTHZ
[09:57:47] [72/445] HCKI
[09:57:48] [73/445] SSEF
[09:57:49] [74/445] MCGX
[09:57:50] [75/445] ERRA
[09:57:51] [76/445] SDTW
[09:57:52] [77/445] RMPK
[09:57:53] [78/445] PTHK
[09:57:54] [79/445] PXCS
[09:57:55] [80/445] SVLU
[09:57:55] [81/445] STAH
[09:57:56] [82/445] JRGF
[09:57:57] [83/445] CDOK
[09:57:59] [84/445] CMSG
[09:58:01] [85/445] APTD
[09:58:02] [86/445] KMPG
[09:58:04] [87/445] MUTJ
[09:58:05] [88/445] VCCI
[09:58:06] [89/445] URBE
[09:58:07] [90/445] TCTS
[09:58:08] [91/445] STSN
[09:58:09] [92/445] AKCH
[09:58:09] [93/445] APSC
[09:58:10] [94/445] VLTB
[09:58:11] [95/445] SANU
[09:58:12] [96/445] AXAM
[09:58:14] [97/445] MGMG
[09:58:14] [98/445] HTBY
[09:58:15] [99/445] MMZS
[09:58:17] [100/445] SUDR
[09:58:18] [101/445] CCAD
[09:58:19] [102/445] SKKC
[09:58:20] [103/445] RMCD
[09:58:21] [104/445] SBCQ
[09:58:22] [105/445] DCCT
[09:58:23] [106/445] VTKP
[09:58:24] [107/445] MLAM
[09:58:24] [108/445] SAVT
[09:58:25] [109/445] GEPL
[09:58:26] [110/445] AMCD
[09:58:27] [111/445] CCXR
[09:58:28] [112/445] GRNG
[09:58:29] [113/445] EBCA
[09:58:29] [114/445] CNVG
[09:58:30] [115/445] MWSS
[09:58:31] [116/445] VBOR
[09:58:32] [117/445] NEEB
[09:58:33] [118/445] SUTH
[09:58:33] [119/445] ANDB
[09:58:34] [120/445] MMXS
[09:58:35] [121/445] CNPD
[09:58:36] [122/445] SDCE
[09:58:37] [123/445] DHCB
[09:58:39] [124/445] ODEN
[09:58:40] [125/445] TNTC
[09:58:41] [126/445] VBKM
[09:58:43] [127/445] RZYM
[09:58:44] [128/445] JEMC
[09:58:45] [129/445] CMAU
[09:58:46] [130/445] SIVP
[09:58:47] [131/445] ATAG
[09:58:47] [132/445] CHTM
[09:58:48] [133/445] AAEE
[09:58:49] [134/445] IWPM
[09:58:50] [135/445] KCMW
[09:58:50] [136/445] MCTD
[09:58:51] [137/445] SPWR
[09:58:52] [138/445] SDPO
[09:58:53] [139/445] PCSK
[09:58:53] [140/445] ACHV
[09:58:54] [141/445] SVLA
[09:58:55] [142/445] PICT
[09:58:56] [143/445] BXDR
[09:58:57] [144/445] SPWA
[09:58:58] [145/445] MCKO
[09:58:59] [146/445] RTHK
[09:59:01] [147/445] CCMF
[09:59:03] [148/445] MRGB
[09:59:05] [149/445] CPLC
[09:59:06] [150/445] RACD
[09:59:06] [151/445] ATKT
[09:59:07] [152/445] SARN
[09:59:08] [153/445] KKUI
[09:59:09] [154/445] RGCM
[09:59:10] [155/445] BRVP
[09:59:11] [156/445] HRSR
[09:59:12] [157/445] GKGM
[09:59:13] [158/445] TTCD
[09:59:14] [159/445] PTTI
[09:59:15] [160/445] MPTT
[09:59:16] [161/445] CVTT
[09:59:17] [162/445] PCXD
[09:59:20] [163/445] GCDC
[09:59:21] [164/445] CCCF
[09:59:22] [165/445] MRAD
[09:59:23] [166/445] CPLK
[09:59:24] [167/445] SATB
[09:59:26] [168/445] SNVG
[09:59:27] [169/445] JMBA
[09:59:27] [170/445] TEJA
[09:59:28] [171/445] STYO
[09:59:29] [172/445] JTBP
[09:59:30] [173/445] KRGD
[09:59:31] [174/445] SLJJ
[09:59:32] [175/445] SPTJ
[09:59:33] [176/445] SWJG
[09:59:34] [177/445] LKRT
[09:59:35] [178/445] KCKA
[09:59:36] [179/445] SNCR
[09:59:36] [180/445] SMKL
[09:59:38] [181/445] GCFA
[09:59:39] [182/445] DDCK
[09:59:40] [183/445] NCHJ
[09:59:41] [184/445] RDMA
[09:59:42] [185/445] SVSV
[09:59:42] [186/445] SCJG
[09:59:43] [187/445] VKLP
[09:59:44] [188/445] NWCC
[09:59:45] [189/445] VKNS
[09:59:46] [190/445] SDDP
[09:59:47] [191/445] ACSI
[09:59:48] [192/445] SATG
[09:59:48] [193/445] SCMW
[09:59:49] [194/445] LKTK
[09:59:51] [195/445] VCKV
[09:59:52] [196/445] KKPE
[09:59:52] [197/445] KIGH
[09:59:53] [198/445] SRPM
[09:59:54] [199/445] SCAH
[09:59:55] [200/445] MUTA
[09:59:56] [201/445] SEPU
[09:59:57] [202/445] INOA
[09:59:57] [203/445] BASK
[09:59:58] [204/445] NECB
[09:59:59] [205/445] GTTG
[10:00:00] [206/445] ASSA
[10:00:01] [207/445] ANCL
[10:00:02] [208/445] GCTI
[10:00:03] [209/445] RCTS
[10:00:04] [210/445] ACNL
[10:00:05] [211/445] MYCT
[10:00:06] [212/445] NMHT
[10:00:07] [213/445] MDIT
[10:00:08] [214/445] LATG
[10:00:09] [215/445] SMTY
[10:00:11] [216/445] CVCT
[10:00:12] [217/445] RAMB
[10:00:12] [218/445] TGMS
[10:00:14] [219/445] BHEL
[10:00:15] [220/445] SHCT
[10:00:16] [221/445] SVCT
[10:00:16] [222/445] MRIY
[10:00:17] [223/445] SARO
[10:00:18] [224/445] STCT
[10:00:19] [225/445] JKKC
[10:00:20] [226/445] PLTT
[10:00:21] [227/445] SRNT
[10:00:21] [228/445] YAST
[10:00:22] [229/445] PERL
[10:00:23] [230/445] CICM
[10:00:24] [231/445] MMTR
[10:00:25] [232/445] ABTK
[10:00:26] [233/445] ATYY
[10:00:27] [234/445] ASTK
[10:00:28] [235/445] VVCK
[10:00:29] [236/445] ATKY
[10:00:29] [237/445] GWEK
[10:00:30] [238/445] SVFH
[10:00:32] [239/445] SLTA
[10:00:33] [240/445] AASH
[10:00:34] [241/445] ACXB
[10:00:34] [242/445] SMTX
[10:00:35] [243/445] AZDH
[10:00:36] [244/445] CMMH
[10:00:37] [245/445] SCSZ
[10:00:38] [246/445] SCKP
[10:00:39] [247/445] NXTM
[10:00:40] [248/445] NWCS
[10:00:41] [249/445] CXMH
[10:00:42] [250/445] PCMA
[10:00:43] [251/445] SGCM
[10:00:44] [252/445] SDTU
[10:00:45] [253/445] MMVI
[10:00:46] [254/445] JKCM
[10:00:47] [255/445] VCMM
[10:00:48] [256/445] SYEE
[10:00:49] [257/445] VASD
[10:00:50] [258/445] BDRB
[10:00:50] [259/445] LASM
[10:00:51] [260/445] DCRL
[10:00:52] [261/445] DVPM
[10:00:53] [262/445] SBMJ
[10:00:53] [263/445] CBMU
[10:00:54] [264/445] IUBS
[10:00:56] [265/445] INAP
[10:00:57] [266/445] SRRC
[10:00:58] [267/445] SAGR
[10:00:59] [268/445] CPMJ
[10:00:59] [269/445] ATJL
[10:01:01] [270/445] NNTD
[10:01:02] [271/445] JHCJ
[10:01:02] [272/445] CMMP
[10:01:03] [273/445] RSDR
[10:01:04] [274/445] AMTI
[10:01:05] [275/445] NYSG
[10:01:06] [276/445] AVSG
[10:01:07] [277/445] SYTP
[10:01:08] [278/445] LARC
[10:01:08] [279/445] RJTP
[10:01:09] [280/445] LAKC
[10:01:10] [281/445] MCXE
[10:01:12] [282/445] CCZC
[10:01:13] [283/445] AVCH
[10:01:14] [284/445] CMBE
[10:01:15] [285/445] MRRC
[10:01:16] [286/445] PCPY
[10:01:17] [287/445] SRMH
[10:01:18] [288/445] SVGS
[10:01:19] [289/445] PCSE
[10:01:20] [290/445] SVFT
[10:01:21] [291/445] TNZP
[10:01:22] [292/445] ICTP
[10:01:23] [293/445] ACTZ
[10:01:24] [294/445] GTUR
[10:01:24] [295/445] MAFC
[10:01:26] [296/445] MINL
[10:01:27] [297/445] MRCL
[10:01:28] [298/445] RCRP
[10:01:29] [299/445] RFFG
[10:01:30] [300/445] RMAS
[10:01:31] [301/445] INVR
[10:01:32] [302/445] RMAR
[10:01:33] [303/445] CNIS
[10:01:34] [304/445] RHRJ
[10:01:35] [305/445] INXR
[10:01:36] [306/445] VALT
[10:01:37] [307/445] LCSH
[10:01:38] [308/445] CMVS
[10:01:38] [309/445] CNMS
[10:01:39] [310/445] ROOG
[10:01:40] [311/445] ISRM
[10:01:41] [312/445] RCRM
[10:01:42] [313/445] ACJA
[10:01:43] [314/445] RCVS
[10:01:44] [315/445] CPUS
[10:01:45] [316/445] TGCS
[10:01:46] [317/445] RKCJ
[10:01:46] [318/445] MKSB
[10:01:47] [319/445] TCSJ
[10:01:48] [320/445] RMGP
[10:01:49] [321/445] CLLP
[10:01:50] [322/445] RCMV
[10:01:50] [323/445] CCKS
[10:01:51] [324/445] RSRP
[10:01:52] [325/445] APLP
[10:01:53] [326/445] CNVS
[10:01:55] [327/445] RMVY
[10:01:56] [328/445] PGBD
[10:01:56] [329/445] KLMS
[10:01:57] [330/445] RUST
[10:01:58] [331/445] MASM
[10:01:59] [332/445] BACS
[10:02:00] [333/445] BWST
[10:02:01] [334/445] RRFH
[10:02:02] [335/445] SJTM
[10:02:03] [336/445] BEMR
[10:02:03] [337/445] MCGR
[10:02:04] [338/445] SDSK
[10:02:05] [339/445] VBOL
[10:02:07] [340/445] RMGM
[10:02:07] [341/445] NOPL
[10:02:09] [342/445] MKJK
[10:02:10] [343/445] CVRN
[10:02:11] [344/445] MMEN
[10:02:13] [345/445] AMNG
[10:02:14] [346/445] INTM
[10:02:15] [347/445] SLCZ
[10:02:16] [348/445] AMJN
[10:02:17] [349/445] ACJN
[10:02:18] [350/445] AMKN
[10:02:19] [351/445] BTCN
[10:02:19] [352/445] AMBT
[10:02:20] [353/445] PACN
[10:02:21] [354/445] LCNS
[10:02:22] [355/445] PPKC
[10:02:23] [356/445] JYYN
[10:02:24] [357/445] JTNR
[10:02:25] [358/445] GTEE
[10:02:26] [359/445] SRNM
[10:02:27] [360/445] SDTC
[10:02:27] [361/445] VPCA
[10:02:28] [362/445] VLRA
[10:02:29] [363/445] SHKR
[10:02:30] [364/445] SBKD
[10:02:31] [365/445] SAAD
[10:02:32] [366/445] JTGN
[10:02:34] [367/445] SLAM
[10:02:35] [368/445] VTPM
[10:02:36] [369/445] ANPT
[10:02:36] [370/445] PUNB
[10:02:37] [371/445] CPKT
[10:02:38] [372/445] CNWE
[10:02:39] [373/445] ECPP
[10:02:40] [374/445] CPAR
[10:02:41] [375/445] ESBW
[10:02:42] [376/445] PKPU
[10:02:43] [377/445] CPRP
[10:02:43] [378/445] RAHU
[10:02:44] [379/445] RHMN
[10:02:45] [380/445] FMJP
[10:02:46] [381/445] CTMP
[10:02:47] [382/445] INPN
[10:02:48] [383/445] STTG
[10:02:49] [384/445] CTRD
[10:02:49] [385/445] PUVB
[10:02:50] [386/445] ESVP
[10:02:51] [387/445] CPFT
[10:02:52] [388/445] LCPC
[10:02:53] [389/445] VBCT
[10:02:54] [390/445] FSCW
[10:02:55] [391/445] VCMP
[10:02:55] [392/445] ASHC
[10:02:56] [393/445] VLCX
[10:02:58] [394/445] SHEV
[10:02:59] [395/445] APCO
[10:02:59] [396/445] SILC
[10:03:00] [397/445] SNMR
[10:03:01] [398/445] KYBO
[10:03:02] [399/445] SATK
[10:03:03] [400/445] SSCS
[10:03:03] [401/445] CLSB
[10:03:05] [402/445] KMJR
[10:03:07] [403/445] FSCK
[10:03:08] [404/445] NNKA
[10:03:09] [405/445] CLMK
[10:03:09] [406/445] DMPZ
[10:03:10] [407/445] INQM
[10:03:11] [408/445] CAML
[10:03:12] [409/445] INRK
[10:03:13] [410/445] IMKN
[10:03:14] [411/445] SVNR
[10:03:14] [412/445] INSL
[10:03:15] [413/445] MSMA
[10:03:16] [414/445] MCKK
[10:03:17] [415/445] FCHP
[10:03:18] [416/445] SFCR
[10:03:19] [417/445] NACK
[10:03:20] [418/445] PVAK
[10:03:21] [419/445] INER
[10:03:22] [420/445] RDBK
[10:03:23] [421/445] SVFN
[10:03:24] [422/445] IFRM
[10:03:25] [423/445] ATCK
[10:03:26] [424/445] ASKO
[10:03:26] [425/445] STKT
[10:03:28] [426/445] SVFB
[10:03:30] [427/445] INKS
[10:03:30] [428/445] PCRA
[10:03:31] [429/445] ATJA
[10:03:32] [430/445] IMJN
[10:03:33] [431/445] INHD
[10:03:34] [432/445] BARA
[10:03:36] [433/445] MCSL
[10:03:37] [434/445] RTOY
[10:03:39] [435/445] MENO
[10:03:39] [436/445] PUDM
[10:03:40] [437/445] PRCN
[10:03:41] [438/445] JMJR
[10:03:42] [439/445] SSGK
[10:03:43] [440/445] SSRL
[10:03:44] [441/445] JYKL
[10:03:45] [442/445] ACNB
[10:03:45] [443/445] SONP
[10:03:46] [444/445] EMCI
[10:03:47] [445/445] MRJH
[10:03:48] 🧹 Deduping shows
[10:03:48] ✅ DONE | Shows=652 | Movies=61
