[09:56:42] 🚀 SCRIPT STARTED
[09:56:42] [1/459] NECA
[09:56:42] 🧠 New identity created
[09:56:43] [2/459] BJLC
[09:56:44] [3/459] BASU
[09:56:45] [4/459] RUPI
[09:56:46] [5/459] LCBK
[09:56:48] [6/459] PMAC
[09:56:49] [7/459] AMLC
[09:56:50] [8/459] LICL
[09:56:51] [9/459] UDMM
[09:56:51] [10/459] STBZ
[09:56:52] [11/459] UUBT
[09:56:54] [12/459] SJKC
[09:56:55] [13/459] TUAL
[09:56:56] [14/459] MRSE
[09:56:57] [15/459] RMRK
[09:56:58] [16/459] TTKP
[09:56:58] [17/459] KTKO
[09:56:59] [18/459] SDBK
[09:57:00] [19/459] MCPR
[09:57:01] [20/459] CHTI
[09:57:02] [21/459] GCCP
[09:57:03] [22/459] SRMY
[09:57:03] [23/459] NYST
[09:57:04] [24/459] NYAG
[09:57:06] [25/459] SBMT
[09:57:07] [26/459] INGA
[09:57:08] [27/459] WSIC
[09:57:09] [28/459] SCSS
[09:57:10] [29/459] COPG
[09:57:11] [30/459] RCGR
[09:57:13] [31/459] TCZA
[09:57:13] [32/459] CNLP
[09:57:14] [33/459] CLKN
[09:57:16] [34/459] LHDF
[09:57:17] [35/459] ELKC
[09:57:18] [36/459] VCEM
[09:57:20] [37/459] SSZA
[09:57:21] [38/459] KRMT
[09:57:22] [39/459] LCMV
[09:57:22] [40/459] AYCZ
[09:57:24] [41/459] CUMS
[09:57:25] [42/459] BOCK
[09:57:26] [43/459] PNMR
[09:57:27] [44/459] PJCP
[09:57:28] [45/459] JDDD
[09:57:28] [46/459] STMS
[09:57:29] [47/459] FLMB
[09:57:30] [48/459] PKCM
[09:57:31] [49/459] SPPR
[09:57:33] [50/459] EYLH
[09:57:33] [51/459] RJCC
[09:57:34] [52/459] MMPS
[09:57:35] [53/459] SHMX
[09:57:36] [54/459] CCNL
[09:57:38] [55/459] RCNV
[09:57:39] [56/459] MAAG
[09:57:40] [57/459] LXCM
[09:57:41] [58/459] RCNI
[09:57:42] [59/459] SNNI
[09:57:43] [60/459] LALC
[09:57:44] [61/459] SOCN
[09:57:45] [62/459] JHTP
[09:57:46] [63/459] PITP
[09:57:46] [64/459] CCKW
[09:57:47] [65/459] MCMC
[09:57:48] [66/459] DEES
[09:57:50] [67/459] SABT
[09:57:52] [68/459] VSPP
[09:57:52] [69/459] ABCT
[09:57:53] [70/459] JVTB
[09:57:54] [71/459] VCBD
[09:57:55] [72/459] RMGG
[09:57:56] [73/459] RNMH
[09:57:57] [74/459] SPGL
[09:57:57] [75/459] JTTR
[09:57:58] [76/459] SICS
[09:57:59] [77/459] SRMI
[09:58:00] [78/459] SSIJ
[09:58:01] [79/459] KFMT
[09:58:01] [80/459] VBIT
[09:58:02] [81/459] JKCT
[09:58:03] [82/459] GCGP
[09:58:04] [83/459] GDCS
[09:58:05] [84/459] TRBA
[09:58:06] [85/459] QUST
[09:58:07] [86/459] VSHM
[09:58:08] [87/459] SDCP
[09:58:09] [88/459] SNVS
[09:58:10] [89/459] NYTO
[09:58:11] [90/459] URWC
[09:58:13] [91/459] GTWH
[09:58:14] [92/459] PFCM
[09:58:15] [93/459] KRTA
[09:58:16] [94/459] AXMC
[09:58:18] [95/459] EVMC
[09:58:19] [96/459] HGSM
[09:58:20] [97/459] ACVM
[09:58:22] [98/459] PSKL
[09:58:22] [99/459] RDMP
[09:58:23] [100/459] RHGH
[09:58:25] [101/459] OMCM
[09:58:27] [102/459] DCCP
[09:58:27] [103/459] MCPB
[09:58:28] [104/459] ALCI
[09:58:29] [105/459] BLMX
[09:58:30] [106/459] BTMV
[09:58:31] [107/459] FVPN
[09:58:31] [108/459] CMAR
[09:58:32] [109/459] CEIM
[09:58:33] [110/459] CMVA
[09:58:34] [111/459] CPIV
[09:58:36] [112/459] CNPE
[09:58:36] [113/459] COLV
[09:58:37] [114/459] DNNV
[09:58:39] [115/459] HCAD
[09:58:39] [116/459] TAKA
[09:58:40] [117/459] INVD
[09:58:41] [118/459] IRMM
[09:58:42] [119/459] INSE
[09:58:43] [120/459] MRSW
[09:58:44] [121/459] MCVD
[09:58:44] [122/459] MCSO
[09:58:45] [123/459] PEVM
[09:58:46] [124/459] PVNL
[09:58:47] [125/459] PTCV
[09:58:48] [126/459] PRTC
[09:58:50] [127/459] RCVA
[09:58:51] [128/459] MTBN
[09:58:52] [129/459] LUCP
[09:58:53] [130/459] FMPT
[09:58:54] [131/459] JLSL
[09:58:55] [132/459] SBHA
[09:58:55] [133/459] SHRC
[09:58:57] [134/459] AVPS
[09:58:58] [135/459] STPM
[09:58:59] [136/459] ATRD
[09:59:01] [137/459] VTED
[09:59:02] [138/459] ACAI
[09:59:03] [139/459] SMAE
[09:59:04] [140/459] VMAT
[09:59:05] [141/459] LKCT
[09:59:07] [142/459] JTVK
[09:59:08] [143/459] PRTY
[09:59:09] [144/459] GETT
[09:59:10] [145/459] ESAP
[09:59:10] [146/459] NCPM
[09:59:11] [147/459] PCPA
[09:59:12] [148/459] MMOM
[09:59:13] [149/459] PHUP
[09:59:13] [150/459] CCPI
[09:59:15] [151/459] CNTD
[09:59:16] [152/459] NLJR
[09:59:17] [153/459] SRNG
[09:59:17] [154/459] MHAL
[09:59:18] [155/459] PNSM
[09:59:20] [156/459] DRMY
[09:59:21] [157/459] CCMU
[09:59:22] [158/459] SCMY
[09:59:22] [159/459] PVSY
[09:59:23] [160/459] SDLM
[09:59:24] [161/459] ICCM
[09:59:25] [162/459] PYSU
[09:59:26] [163/459] GATM
[09:59:26] [164/459] WOTM
[09:59:27] [165/459] RKTS
[09:59:28] [166/459] PMTY
[09:59:29] [167/459] LYMS
[09:59:30] [168/459] TGCA
[09:59:31] [169/459] DSTA
[09:59:32] [170/459] CNGE
[09:59:33] [171/459] VSTG
[09:59:34] [172/459] GTCK
[09:59:34] [173/459] TGNT
[09:59:35] [174/459] ASLC
[09:59:36] [175/459] SSST
[09:59:37] [176/459] KBTT
[09:59:38] [177/459] HKCP
[09:59:39] [178/459] SWLC
[09:59:40] [179/459] RTND
[09:59:41] [180/459] PKKT
[09:59:41] [181/459] HSTK
[09:59:42] [182/459] SPTT
[09:59:43] [183/459] IMPM
[09:59:45] [184/459] SCMV
[09:59:46] [185/459] SPCT
[09:59:46] [186/459] JBCA
[09:59:48] [187/459] ATTR
[09:59:49] [188/459] SPMT
[09:59:50] [189/459] LCTM
[09:59:50] [190/459] SCVL
[09:59:51] [191/459] SCVT
[09:59:53] [192/459] KRIC
[09:59:54] [193/459] CTMG
[09:59:54] [194/459] ACNC
[09:59:55] [195/459] DMCK
[09:59:56] [196/459] KMTV
[09:59:57] [197/459] PFCJ
[09:59:58] [198/459] VNMD
[09:59:58] [199/459] VPCZ
[09:59:59] [200/459] SRYR
[10:00:00] [201/459] SYTR
[10:00:01] [202/459] GATR
[10:00:02] [203/459] URTR
[10:00:03] [204/459] MKSM
[10:00:03] [205/459] VSMH
[10:00:04] [206/459] SKRJ
[10:00:05] [207/459] SSJR
[10:00:06] [208/459] SVSM
[10:00:06] [209/459] RUCM
[10:00:07] [210/459] PRKN
[10:00:08] [211/459] RROH
[10:00:09] [212/459] SCTN
[10:00:10] [213/459] RTDM
[10:00:11] [214/459] ASRM
[10:00:11] [215/459] SKMD
[10:00:12] [216/459] SUTD
[10:00:14] [217/459] SADM
[10:00:15] [218/459] WCNR
[10:00:16] [219/459] CNED
[10:00:17] [220/459] MPDB
[10:00:17] [221/459] KTBH
[10:00:18] [222/459] IDRM
[10:00:19] [223/459] PJJT
[10:00:20] [224/459] PFCV
[10:00:20] [225/459] AACT
[10:00:21] [226/459] AAAD
[10:00:22] [227/459] ANES
[10:00:23] [228/459] MNCA
[10:00:24] [229/459] RMGU
[10:00:24] [230/459] DLCN
[10:00:26] [231/459] LJWT
[10:00:27] [232/459] MCBG
[10:00:28] [233/459] MYBG
[10:00:29] [234/459] GCCA
[10:00:29] [235/459] GCGA
[10:00:30] [236/459] ECGN
[10:00:31] [237/459] PRAB
[10:00:32] [238/459] PNMP
[10:00:32] [239/459] GCPT
[10:00:33] [240/459] ROYN
[10:00:34] [241/459] VATM
[10:00:35] [242/459] KSNT
[10:00:36] [243/459] ACTC
[10:00:37] [244/459] PLTD
[10:00:38] [245/459] SKMK
[10:00:39] [246/459] CMTT
[10:00:40] [247/459] SMXP
[10:00:40] [248/459] SCMX
[10:00:41] [249/459] ACXN
[10:00:42] [250/459] ASWT
[10:00:42] [251/459] VVVL
[10:00:43] [252/459] NAGO
[10:00:44] [253/459] SNCN
[10:00:45] [254/459] MCKP
[10:00:46] [255/459] SAMO
[10:00:47] [256/459] JBTV
[10:00:48] [257/459] DCVV
[10:00:49] [258/459] KMSV
[10:00:50] [259/459] KDCN
[10:00:50] [260/459] CNCP
[10:00:52] [261/459] HAMC
[10:00:54] [262/459] CCVZ
[10:00:54] [263/459] NCCK
[10:00:55] [264/459] MCHR
[10:00:56] [265/459] SCHT
[10:00:57] [266/459] ESSH
[10:00:58] [267/459] CUJC
[10:00:58] [268/459] PECP
[10:00:59] [269/459] PMMI
[10:01:00] [270/459] PCCH
[10:01:01] [271/459] PRPM
[10:01:02] [272/459] PVKL
[10:01:04] [273/459] CBSM
[10:01:05] [274/459] PVCZ
[10:01:06] [275/459] PCVV
[10:01:07] [276/459] CTMJ
[10:01:07] [277/459] RCPS
[10:01:08] [278/459] PCIT
[10:01:09] [279/459] FNCH
[10:01:10] [280/459] INZD
[10:01:11] [281/459] INPC
[10:01:12] [282/459] LCZP
[10:01:13] [283/459] SMCB
[10:01:14] [284/459] PTSB
[10:01:15] [285/459] TPSI
[10:01:16] [286/459] KHMJ
[10:01:17] [287/459] RCCJ
[10:01:18] [288/459] NCJA
[10:01:19] [289/459] NCJN
[10:01:19] [290/459] BTDP
[10:01:20] [291/459] PADY
[10:01:21] [292/459] NYBH
[10:01:22] [293/459] MTBR
[10:01:23] [294/459] KRBC
[10:01:24] [295/459] DKTI
[10:01:24] [296/459] ANAN
[10:01:25] [297/459] INBP
[10:01:26] [298/459] PATB
[10:01:27] [299/459] RGNT
[10:01:29] [300/459] CGPM
[10:01:29] [301/459] INTN
[10:01:30] [302/459] MCMP
[10:01:32] [303/459] ASRG
[10:01:33] [304/459] CXJD
[10:01:35] [305/459] SPCP
[10:01:36] [306/459] CSTP
[10:01:36] [307/459] PKVC
[10:01:37] [308/459] ESCP
[10:01:38] [309/459] CAEP
[10:01:39] [310/459] CCSP
[10:01:40] [311/459] KTPC
[10:01:41] [312/459] DACA
[10:01:42] [313/459] NVKY
[10:01:43] [314/459] PTIN
[10:01:44] [315/459] SCIN
[10:01:44] [316/459] MCTY
[10:01:45] [317/459] PCMX
[10:01:46] [318/459] INIC
[10:01:48] [319/459] MMZM
[10:01:50] [320/459] SSLP
[10:01:51] [321/459] DTDT
[10:01:52] [322/459] FFCX
[10:01:53] [323/459] RCMM
[10:01:53] [324/459] KYID
[10:01:55] [325/459] CSCI
[10:01:56] [326/459] FCMC
[10:01:57] [327/459] MMXI
[10:01:58] [328/459] ASTC
[10:01:58] [329/459] CMRA
[10:01:59] [330/459] DICI
[10:02:00] [331/459] KDIN
[10:02:01] [332/459] PRFI
[10:02:02] [333/459] SVFC
[10:02:03] [334/459] UCPL
[10:02:03] [335/459] COOC
[10:02:04] [336/459] SCAL
[10:02:05] [337/459] SVFF
[10:02:06] [338/459] VCMG
[10:02:07] [339/459] UUCT
[10:02:08] [340/459] GCSE
[10:02:08] [341/459] SUSC
[10:02:09] [342/459] MISC
[10:02:10] [343/459] RMBL
[10:02:11] [344/459] CMXN
[10:02:12] [345/459] PVBK
[10:02:12] [346/459] HHCG
[10:02:13] [347/459] SCAG
[10:02:14] [348/459] CNPR
[10:02:15] [349/459] CSER
[10:02:17] [350/459] HLWD
[10:02:17] [351/459] BOLY
[10:02:19] [352/459] SSPG
[10:02:20] [353/459] MUPX
[10:02:21] [354/459] HAMR
[10:02:21] [355/459] SDNC
[10:02:22] [356/459] RTEN
[10:02:23] [357/459] SDTD
[10:02:24] [358/459] KAWS
[10:02:25] [359/459] CMZX
[10:02:26] [360/459] DCDD
[10:02:27] [361/459] ALSN
[10:02:28] [362/459] IMXS
[10:02:29] [363/459] PVFF
[10:02:29] [364/459] PVOO
[10:02:30] [365/459] CFBS
[10:02:31] [366/459] PVER
[10:02:32] [367/459] PPNX
[10:02:33] [368/459] CNRM
[10:02:34] [369/459] PVWW
[10:02:35] [370/459] INMB
[10:02:36] [371/459] CPJR
[10:02:36] [372/459] INRZ
[10:02:37] [373/459] PMSR
[10:02:38] [374/459] GPGM
[10:02:39] [375/459] PGWB
[10:02:40] [376/459] PMBR
[10:02:40] [377/459] GPAM
[10:02:43] [378/459] INBC
[10:02:44] [379/459] PZVK
[10:02:45] [380/459] CPEB
[10:02:46] [381/459] FMLB
[10:02:47] [382/459] INBG
[10:02:48] [383/459] GPBR
[10:02:49] [384/459] PAAS
[10:02:49] [385/459] VTBR
[10:02:50] [386/459] GPMY
[10:02:51] [387/459] GYBU
[10:02:52] [388/459] INBJ
[10:02:53] [389/459] LKTH
[10:02:54] [390/459] NSBR
[10:02:55] [391/459] PDRD
[10:02:55] [392/459] VRBL
[10:02:56] [393/459] VTGB
[10:02:57] [394/459] VTSK
[10:02:58] [395/459] BKDV
[10:02:59] [396/459] SVTB
[10:03:00] [397/459] MLDT
[10:03:00] [398/459] NRBL
[10:03:02] [399/459] SLTR
[10:03:03] [400/459] VNKA
[10:03:03] [401/459] TDCA
[10:03:04] [402/459] INBM
[10:03:05] [403/459] SSNR
[10:03:06] [404/459] BHAC
[10:03:07] [405/459] SDSD
[10:03:08] [406/459] SAMP
[10:03:09] [407/459] RATK
[10:03:09] [408/459] KCBI
[10:03:10] [409/459] URBL
[10:03:11] [410/459] MKBG
[10:03:12] [411/459] ASTB
[10:03:12] [412/459] VBWT
[10:03:13] [413/459] GPSM
[10:03:14] [414/459] ROON
[10:03:15] [415/459] CHTH
[10:03:16] [416/459] SSPA
[10:03:17] [417/459] ANBL
[10:03:18] [418/459] VTBE
[10:03:19] [419/459] SVKT
[10:03:19] [420/459] SVYK
[10:03:20] [421/459] PTBK
[10:03:21] [422/459] RKTB
[10:03:22] [423/459] BALT
[10:03:23] [424/459] STSV
[10:03:23] [425/459] VCCB
[10:03:24] [426/459] SLTB
[10:03:25] [427/459] SBCR
[10:03:26] [428/459] VDCS
[10:03:27] [429/459] MDKI
[10:03:27] [430/459] SMRN
[10:03:28] [431/459] PTBC
[10:03:29] [432/459] RADI
[10:03:30] [433/459] ADCR
[10:03:31] [434/459] SDCS
[10:03:32] [435/459] SRPJ
[10:03:32] [436/459] ARTS
[10:03:33] [437/459] SRHK
[10:03:34] [438/459] SPAY
[10:03:35] [439/459] GPTB
[10:03:37] [440/459] SNNN
[10:03:38] [441/459] BALJ
[10:03:39] [442/459] TRIG
[10:03:40] [443/459] GTYT
[10:03:41] [444/459] ATGN
[10:03:42] [445/459] ANTE
[10:03:43] [446/459] BDCG
[10:03:44] [447/459] VECI
[10:03:45] [448/459] SCPR
[10:03:46] [449/459] RTEA
[10:03:47] [450/459] JSAI
[10:03:47] [451/459] VJTP
[10:03:48] [452/459] GNDS
[10:03:49] [453/459] PAXA
[10:03:51] [454/459] CGGM
[10:03:52] [455/459] ACKZ
[10:03:53] [456/459] EMCC
[10:03:54] [457/459] KLSK
[10:03:55] [458/459] AVCK
[10:03:56] [459/459] JTCK
[10:03:57] 🧹 Deduping shows
[10:03:57] ✅ DONE | Shows=521 | Movies=57
[16:41:23] 🚀 SCRIPT STARTED
[16:41:23] [1/459] NECA
[16:41:23] 🧠 New identity created
[16:41:24] [2/459] BJLC
[16:41:26] [3/459] BASU
[16:41:27] [4/459] RUPI
[16:41:27] [5/459] LCBK
[16:41:28] [6/459] PMAC
[16:41:29] [7/459] AMLC
[16:41:30] [8/459] LICL
[16:41:31] [9/459] UDMM
[16:41:33] [10/459] STBZ
[16:41:33] [11/459] UUBT
[16:41:34] [12/459] SJKC
[16:41:35] [13/459] TUAL
[16:41:36] [14/459] MRSE
[16:41:37] [15/459] RMRK
[16:41:37] [16/459] TTKP
[16:41:39] [17/459] KTKO
[16:41:39] [18/459] SDBK
[16:41:40] [19/459] MCPR
[16:41:41] [20/459] CHTI
[16:41:42] [21/459] GCCP
[16:41:43] [22/459] SRMY
[16:41:43] [23/459] NYST
[16:41:44] [24/459] NYAG
[16:41:45] [25/459] SBMT
[16:41:46] [26/459] INGA
[16:41:47] [27/459] WSIC
[16:41:48] [28/459] SCSS
[16:41:48] [29/459] COPG
[16:41:49] [30/459] RCGR
[16:41:51] [31/459] TCZA
[16:41:51] [32/459] CNLP
[16:41:52] [33/459] CLKN
[16:41:53] [34/459] LHDF
[16:41:54] [35/459] ELKC
[16:41:55] [36/459] VCEM
[16:41:56] [37/459] SSZA
[16:41:57] [38/459] KRMT
[16:41:58] [39/459] LCMV
[16:41:59] [40/459] AYCZ
[16:41:59] [41/459] CUMS
[16:42:00] [42/459] BOCK
[16:42:01] [43/459] PNMR
[16:42:02] [44/459] PJCP
[16:42:03] [45/459] JDDD
[16:42:04] [46/459] STMS
[16:42:05] [47/459] FLMB
[16:42:07] [48/459] PKCM
[16:42:08] [49/459] SPPR
[16:42:09] [50/459] EYLH
[16:42:10] [51/459] RJCC
[16:42:11] [52/459] MMPS
[16:42:11] [53/459] SHMX
[16:42:12] [54/459] CCNL
[16:42:14] [55/459] RCNV
[16:42:15] [56/459] MAAG
[16:42:15] [57/459] LXCM
[16:42:17] [58/459] RCNI
[16:42:18] [59/459] SNNI
[16:42:18] [60/459] LALC
[16:42:19] [61/459] SOCN
[16:42:20] [62/459] JHTP
[16:42:21] [63/459] PITP
[16:42:22] [64/459] CCKW
[16:42:22] [65/459] MCMC
[16:42:23] [66/459] DEES
[16:42:24] [67/459] SABT
[16:42:25] [68/459] VSPP
[16:42:25] [69/459] ABCT
[16:42:27] [70/459] JVTB
[16:42:28] [71/459] VCBD
[16:42:29] [72/459] RMGG
[16:42:30] [73/459] RNMH
[16:42:31] [74/459] SPGL
[16:42:32] [75/459] JTTR
[16:42:32] [76/459] SICS
[16:42:33] [77/459] SRMI
[16:42:34] [78/459] SSIJ
[16:42:35] [79/459] KFMT
[16:42:36] [80/459] VBIT
[16:42:37] [81/459] JKCT
[16:42:38] [82/459] GCGP
[16:42:38] [83/459] GDCS
[16:42:39] [84/459] TRBA
[16:42:40] [85/459] QUST
[16:42:42] [86/459] VSHM
[16:42:42] [87/459] SDCP
[16:42:43] [88/459] SNVS
[16:42:44] [89/459] NYTO
[16:42:45] [90/459] URWC
[16:42:46] [91/459] GTWH
[16:42:47] [92/459] PFCM
[16:42:48] [93/459] KRTA
[16:42:48] [94/459] AXMC
[16:42:49] [95/459] EVMC
[16:42:50] [96/459] HGSM
[16:42:51] [97/459] ACVM
[16:42:52] [98/459] PSKL
[16:42:52] [99/459] RDMP
[16:42:53] [100/459] RHGH
[16:42:54] [101/459] OMCM
[16:42:55] [102/459] DCCP
[16:42:55] [103/459] MCPB
[16:42:56] [104/459] ALCI
[16:42:57] [105/459] BLMX
[16:42:58] [106/459] BTMV
[16:42:59] [107/459] FVPN
[16:43:00] [108/459] CMAR
[16:43:00] [109/459] CEIM
[16:43:01] [110/459] CMVA
[16:43:02] [111/459] CPIV
[16:43:03] [112/459] CNPE
[16:43:04] [113/459] COLV
[16:43:05] [114/459] DNNV
[16:43:06] [115/459] HCAD
[16:43:06] [116/459] TAKA
[16:43:07] [117/459] INVD
[16:43:08] [118/459] IRMM
[16:43:09] [119/459] INSE
[16:43:10] [120/459] MRSW
[16:43:11] [121/459] MCVD
[16:43:12] [122/459] MCSO
[16:43:13] [123/459] PEVM
[16:43:15] [124/459] PVNL
[16:43:16] [125/459] PTCV
[16:43:17] [126/459] PRTC
[16:43:18] [127/459] RCVA
[16:43:18] [128/459] MTBN
[16:43:19] [129/459] LUCP
[16:43:20] [130/459] FMPT
[16:43:21] [131/459] JLSL
[16:43:22] [132/459] SBHA
[16:43:23] [133/459] SHRC
[16:43:24] [134/459] AVPS
[16:43:25] [135/459] STPM
[16:43:26] [136/459] ATRD
[16:43:27] [137/459] VTED
[16:43:27] [138/459] ACAI
[16:43:28] [139/459] SMAE
[16:43:29] [140/459] VMAT
[16:43:31] [141/459] LKCT
[16:43:32] [142/459] JTVK
[16:43:32] [143/459] PRTY
[16:43:33] [144/459] GETT
[16:43:34] [145/459] ESAP
[16:43:35] [146/459] NCPM
[16:43:36] [147/459] PCPA
[16:43:37] [148/459] MMOM
[16:43:38] [149/459] PHUP
[16:43:39] [150/459] CCPI
[16:43:40] [151/459] CNTD
[16:43:42] [152/459] NLJR
[16:43:43] [153/459] SRNG
[16:43:43] [154/459] MHAL
[16:43:44] [155/459] PNSM
[16:43:45] [156/459] DRMY
[16:43:46] [157/459] CCMU
[16:43:46] [158/459] SCMY
[16:43:47] [159/459] PVSY
[16:43:48] [160/459] SDLM
[16:43:49] [161/459] ICCM
[16:43:50] [162/459] PYSU
[16:43:51] [163/459] GATM
[16:43:52] [164/459] WOTM
[16:43:52] [165/459] RKTS
[16:43:53] [166/459] PMTY
[16:43:54] [167/459] LYMS
[16:43:55] [168/459] TGCA
[16:43:56] [169/459] DSTA
[16:43:57] [170/459] CNGE
[16:43:58] [171/459] VSTG
[16:43:59] [172/459] GTCK
[16:43:59] [173/459] TGNT
[16:44:00] [174/459] ASLC
[16:44:02] [175/459] SSST
[16:44:03] [176/459] KBTT
[16:44:04] [177/459] HKCP
[16:44:04] [178/459] SWLC
[16:44:05] [179/459] RTND
[16:44:06] [180/459] PKKT
[16:44:07] [181/459] HSTK
[16:44:08] [182/459] SPTT
[16:44:09] [183/459] IMPM
[16:44:10] [184/459] SCMV
[16:44:11] [185/459] SPCT
[16:44:12] [186/459] JBCA
[16:44:12] [187/459] ATTR
[16:44:13] [188/459] SPMT
[16:44:14] [189/459] LCTM
[16:44:15] [190/459] SCVL
[16:44:16] [191/459] SCVT
[16:44:17] [192/459] KRIC
[16:44:18] [193/459] CTMG
[16:44:18] [194/459] ACNC
[16:44:19] [195/459] DMCK
[16:44:20] [196/459] KMTV
[16:44:22] [197/459] PFCJ
[16:44:22] [198/459] VNMD
[16:44:23] [199/459] VPCZ
[16:44:24] [200/459] SRYR
[16:44:24] [201/459] SYTR
[16:44:25] [202/459] GATR
[16:44:27] [203/459] URTR
[16:44:27] [204/459] MKSM
[16:44:29] [205/459] VSMH
[16:44:30] [206/459] SKRJ
[16:44:30] [207/459] SSJR
[16:44:31] [208/459] SVSM
[16:44:32] [209/459] RUCM
[16:44:33] [210/459] PRKN
[16:44:34] [211/459] RROH
[16:44:36] [212/459] SCTN
[16:44:36] [213/459] RTDM
[16:44:37] [214/459] ASRM
[16:44:38] [215/459] SKMD
[16:44:39] [216/459] SUTD
[16:44:40] [217/459] SADM
[16:44:41] [218/459] WCNR
[16:44:42] [219/459] CNED
[16:44:43] [220/459] MPDB
[16:44:44] [221/459] KTBH
[16:44:45] [222/459] IDRM
[16:44:46] [223/459] PJJT
[16:44:47] [224/459] PFCV
[16:44:48] [225/459] AACT
[16:44:48] [226/459] AAAD
[16:44:49] [227/459] ANES
[16:44:50] [228/459] MNCA
[16:44:51] [229/459] RMGU
[16:44:51] [230/459] DLCN
[16:44:52] [231/459] LJWT
[16:44:53] [232/459] MCBG
[16:44:55] [233/459] MYBG
[16:44:55] [234/459] GCCA
[16:44:56] [235/459] GCGA
[16:44:57] [236/459] ECGN
[16:44:58] [237/459] PRAB
[16:44:59] [238/459] PNMP
[16:44:59] [239/459] GCPT
[16:45:00] [240/459] ROYN
[16:45:01] [241/459] VATM
[16:45:02] [242/459] KSNT
[16:45:03] [243/459] ACTC
[16:45:03] [244/459] PLTD
[16:45:04] [245/459] SKMK
[16:45:05] [246/459] CMTT
[16:45:06] [247/459] SMXP
[16:45:07] [248/459] SCMX
[16:45:08] [249/459] ACXN
[16:45:08] [250/459] ASWT
[16:45:09] [251/459] VVVL
[16:45:10] [252/459] NAGO
[16:45:11] [253/459] SNCN
[16:45:11] [254/459] MCKP
[16:45:12] [255/459] SAMO
[16:45:13] [256/459] JBTV
[16:45:14] [257/459] DCVV
[16:45:15] [258/459] KMSV
[16:45:16] [259/459] KDCN
[16:45:16] [260/459] CNCP
[16:45:17] [261/459] HAMC
[16:45:18] [262/459] CCVZ
[16:45:19] [263/459] NCCK
[16:45:19] [264/459] MCHR
[16:45:20] [265/459] SCHT
[16:45:21] [266/459] ESSH
[16:45:22] [267/459] CUJC
[16:45:22] [268/459] PECP
[16:45:23] [269/459] PMMI
[16:45:24] [270/459] PCCH
[16:45:25] [271/459] PRPM
[16:45:25] [272/459] PVKL
[16:45:26] [273/459] CBSM
[16:45:27] [274/459] PVCZ
[16:45:28] [275/459] PCVV
[16:45:29] [276/459] CTMJ
[16:45:30] [277/459] RCPS
[16:45:30] [278/459] PCIT
[16:45:31] [279/459] FNCH
[16:45:32] [280/459] INZD
[16:45:33] [281/459] INPC
[16:45:34] [282/459] LCZP
[16:45:35] [283/459] SMCB
[16:45:36] [284/459] PTSB
[16:45:37] [285/459] TPSI
[16:45:37] [286/459] KHMJ
[16:45:38] [287/459] RCCJ
[16:45:39] [288/459] NCJA
[16:45:40] [289/459] NCJN
[16:45:41] [290/459] BTDP
[16:45:41] [291/459] PADY
[16:45:42] [292/459] NYBH
[16:45:43] [293/459] MTBR
[16:45:43] [294/459] KRBC
[16:45:44] [295/459] DKTI
[16:45:45] [296/459] ANAN
[16:45:46] [297/459] INBP
[16:45:47] [298/459] PATB
[16:45:48] [299/459] RGNT
[16:45:49] [300/459] CGPM
[16:45:49] [301/459] INTN
[16:45:50] [302/459] MCMP
[16:45:51] [303/459] ASRG
[16:45:52] [304/459] CXJD
[16:45:53] [305/459] SPCP
[16:45:54] [306/459] CSTP
[16:45:54] [307/459] PKVC
[16:45:55] [308/459] ESCP
[16:45:56] [309/459] CAEP
[16:45:57] [310/459] CCSP
[16:45:58] [311/459] KTPC
[16:45:58] [312/459] DACA
[16:46:00] [313/459] NVKY
[16:46:01] [314/459] PTIN
[16:46:02] [315/459] SCIN
[16:46:02] [316/459] MCTY
[16:46:03] [317/459] PCMX
[16:46:04] [318/459] INIC
[16:46:05] [319/459] MMZM
[16:46:06] [320/459] SSLP
[16:46:07] [321/459] DTDT
[16:46:08] [322/459] FFCX
[16:46:09] [323/459] RCMM
[16:46:10] [324/459] KYID
[16:46:11] [325/459] CSCI
[16:46:12] [326/459] FCMC
[16:46:13] [327/459] MMXI
[16:46:13] [328/459] ASTC
[16:46:14] [329/459] CMRA
[16:46:15] [330/459] DICI
[16:46:16] [331/459] KDIN
[16:46:17] [332/459] PRFI
[16:46:18] [333/459] SVFC
[16:46:19] [334/459] UCPL
[16:46:19] [335/459] COOC
[16:46:20] [336/459] SCAL
[16:46:21] [337/459] SVFF
[16:46:22] [338/459] VCMG
[16:46:23] [339/459] UUCT
[16:46:24] [340/459] GCSE
[16:46:25] [341/459] SUSC
[16:46:25] [342/459] MISC
[16:46:26] [343/459] RMBL
[16:46:27] [344/459] CMXN
[16:46:28] [345/459] PVBK
[16:46:28] [346/459] HHCG
[16:46:29] [347/459] SCAG
[16:46:31] [348/459] CNPR
[16:46:31] [349/459] CSER
[16:46:33] [350/459] HLWD
[16:46:33] [351/459] BOLY
[16:46:34] [352/459] SSPG
[16:46:35] [353/459] MUPX
[16:46:36] [354/459] HAMR
[16:46:37] [355/459] SDNC
[16:46:37] [356/459] RTEN
[16:46:38] [357/459] SDTD
[16:46:40] [358/459] KAWS
[16:46:41] [359/459] CMZX
[16:46:42] [360/459] DCDD
[16:46:43] [361/459] ALSN
[16:46:44] [362/459] IMXS
[16:46:45] [363/459] PVFF
[16:46:45] [364/459] PVOO
[16:46:46] [365/459] CFBS
[16:46:47] [366/459] PVER
[16:46:48] [367/459] PPNX
[16:46:49] [368/459] CNRM
[16:46:49] [369/459] PVWW
[16:46:50] [370/459] INMB
[16:46:51] [371/459] CPJR
[16:46:52] [372/459] INRZ
[16:46:53] [373/459] PMSR
[16:46:53] [374/459] GPGM
[16:46:54] [375/459] PGWB
[16:46:55] [376/459] PMBR
[16:46:56] [377/459] GPAM
[16:46:57] [378/459] INBC
[16:46:58] [379/459] PZVK
[16:46:59] [380/459] CPEB
[16:47:00] [381/459] FMLB
[16:47:01] [382/459] INBG
[16:47:02] [383/459] GPBR
[16:47:02] [384/459] PAAS
[16:47:03] [385/459] VTBR
[16:47:04] [386/459] GPMY
[16:47:05] [387/459] GYBU
[16:47:06] [388/459] INBJ
[16:47:07] [389/459] LKTH
[16:47:08] [390/459] NSBR
[16:47:08] [391/459] PDRD
[16:47:09] [392/459] VRBL
[16:47:10] [393/459] VTGB
[16:47:11] [394/459] VTSK
[16:47:11] [395/459] BKDV
[16:47:12] [396/459] SVTB
[16:47:13] [397/459] MLDT
[16:47:14] [398/459] NRBL
[16:47:15] [399/459] SLTR
[16:47:16] [400/459] VNKA
[16:47:17] [401/459] TDCA
[16:47:17] [402/459] INBM
[16:47:19] [403/459] SSNR
[16:47:20] [404/459] BHAC
[16:47:20] [405/459] SDSD
[16:47:21] [406/459] SAMP
[16:47:22] [407/459] RATK
[16:47:23] [408/459] KCBI
[16:47:24] [409/459] URBL
[16:47:24] [410/459] MKBG
[16:47:25] [411/459] ASTB
[16:47:26] [412/459] VBWT
[16:47:27] [413/459] GPSM
[16:47:28] [414/459] ROON
[16:47:28] [415/459] CHTH
[16:47:29] [416/459] SSPA
[16:47:30] [417/459] ANBL
[16:47:31] [418/459] VTBE
[16:47:32] [419/459] SVKT
[16:47:33] [420/459] SVYK
[16:47:33] [421/459] PTBK
[16:47:34] [422/459] RKTB
[16:47:35] [423/459] BALT
[16:47:36] [424/459] STSV
[16:47:37] [425/459] VCCB
[16:47:37] [426/459] SLTB
[16:47:38] [427/459] SBCR
[16:47:39] [428/459] VDCS
[16:47:40] [429/459] MDKI
[16:47:41] [430/459] SMRN
[16:47:42] [431/459] PTBC
[16:47:43] [432/459] RADI
[16:47:44] [433/459] ADCR
[16:47:44] [434/459] SDCS
[16:47:46] [435/459] SRPJ
[16:47:47] [436/459] ARTS
[16:47:48] [437/459] SRHK
[16:47:49] [438/459] SPAY
[16:47:49] [439/459] GPTB
[16:47:50] [440/459] SNNN
[16:47:51] [441/459] BALJ
[16:47:52] [442/459] TRIG
[16:47:53] [443/459] GTYT
[16:47:53] [444/459] ATGN
[16:47:54] [445/459] ANTE
[16:47:56] [446/459] BDCG
[16:47:57] [447/459] VECI
[16:47:57] [448/459] SCPR
[16:47:58] [449/459] RTEA
[16:47:59] [450/459] JSAI
[16:48:00] [451/459] VJTP
[16:48:00] [452/459] GNDS
[16:48:01] [453/459] PAXA
[16:48:02] [454/459] CGGM
[16:48:03] [455/459] ACKZ
[16:48:04] [456/459] EMCC
[16:48:04] [457/459] KLSK
[16:48:05] [458/459] AVCK
[16:48:06] [459/459] JTCK
[16:48:07] 🧹 Deduping shows
[16:48:07] ✅ DONE | Shows=564 | Movies=58
[04:43:39] 🚀 SCRIPT STARTED
[04:43:39] [1/459] NECA
[04:43:39] 🧠 New identity created
[04:43:41] [2/459] BJLC
[04:43:42] [3/459] BASU
[04:43:43] [4/459] RUPI
[04:43:45] [5/459] LCBK
[04:43:45] [6/459] PMAC
[04:43:46] [7/459] AMLC
[04:43:47] [8/459] LICL
[04:43:48] [9/459] UDMM
[04:43:49] [10/459] STBZ
[04:43:50] [11/459] UUBT
[04:43:50] [12/459] SJKC
[04:43:52] [13/459] TUAL
[04:43:53] [14/459] MRSE
[04:43:53] [15/459] RMRK
[04:43:54] [16/459] TTKP
[04:43:55] [17/459] KTKO
[04:43:56] [18/459] SDBK
[04:43:57] [19/459] MCPR
[04:43:58] [20/459] CHTI
[04:43:59] [21/459] GCCP
[04:44:00] [22/459] SRMY
[04:44:00] [23/459] NYST
[04:44:02] [24/459] NYAG
[04:44:03] [25/459] SBMT
[04:44:05] [26/459] INGA
[04:44:05] [27/459] WSIC
[04:44:06] [28/459] SCSS
[04:44:07] [29/459] COPG
[04:44:08] [30/459] RCGR
[04:44:09] [31/459] TCZA
[04:44:10] [32/459] CNLP
[04:44:11] [33/459] CLKN
[04:44:12] [34/459] LHDF
[04:44:12] [35/459] ELKC
[04:44:13] [36/459] VCEM
[04:44:14] [37/459] SSZA
[04:44:15] [38/459] KRMT
[04:44:16] [39/459] LCMV
[04:44:17] [40/459] AYCZ
[04:44:18] [41/459] CUMS
[04:44:19] [42/459] BOCK
[04:44:20] [43/459] PNMR
[04:44:21] [44/459] PJCP
[04:44:22] [45/459] JDDD
[04:44:23] [46/459] STMS
[04:44:24] [47/459] FLMB
[04:44:25] [48/459] PKCM
[04:44:26] [49/459] SPPR
[04:44:26] [50/459] EYLH
[04:44:27] [51/459] RJCC
[04:44:28] [52/459] MMPS
[04:44:29] [53/459] SHMX
[04:44:30] [54/459] CCNL
[04:44:31] [55/459] RCNV
[04:44:32] [56/459] MAAG
[04:44:33] [57/459] LXCM
[04:44:33] [58/459] RCNI
[04:44:34] [59/459] SNNI
[04:44:35] [60/459] LALC
[04:44:37] [61/459] SOCN
[04:44:37] [62/459] JHTP
[04:44:38] [63/459] PITP
[04:44:39] [64/459] CCKW
[04:44:40] [65/459] MCMC
[04:44:41] [66/459] DEES
[04:44:42] [67/459] SABT
[04:44:42] [68/459] VSPP
[04:44:43] [69/459] ABCT
[04:44:44] [70/459] JVTB
[04:44:45] [71/459] VCBD
[04:44:47] [72/459] RMGG
[04:44:48] [73/459] RNMH
[04:44:48] [74/459] SPGL
[04:44:50] [75/459] JTTR
[04:44:51] [76/459] SICS
[04:44:52] [77/459] SRMI
[04:44:53] [78/459] SSIJ
[04:44:54] [79/459] KFMT
[04:44:55] [80/459] VBIT
[04:44:56] [81/459] JKCT
[04:44:57] [82/459] GCGP
[04:44:58] [83/459] GDCS
[04:44:59] [84/459] TRBA
[04:45:00] [85/459] QUST
[04:45:01] [86/459] VSHM
[04:45:02] [87/459] SDCP
[04:45:03] [88/459] SNVS
[04:45:04] [89/459] NYTO
[04:45:04] [90/459] URWC
[04:45:05] [91/459] GTWH
[04:45:07] [92/459] PFCM
[04:45:08] [93/459] KRTA
[04:45:09] [94/459] AXMC
[04:45:10] [95/459] EVMC
[04:45:11] [96/459] HGSM
[04:45:12] [97/459] ACVM
[04:45:13] [98/459] PSKL
[04:45:14] [99/459] RDMP
[04:45:15] [100/459] RHGH
[04:45:17] [101/459] OMCM
[04:45:18] [102/459] DCCP
[04:45:18] [103/459] MCPB
[04:45:19] [104/459] ALCI
[04:45:20] [105/459] BLMX
[04:45:21] [106/459] BTMV
[04:45:22] [107/459] FVPN
[04:45:23] [108/459] CMAR
[04:45:24] [109/459] CEIM
[04:45:24] [110/459] CMVA
[04:45:25] [111/459] CPIV
[04:45:26] [112/459] CNPE
[04:45:27] [113/459] COLV
[04:45:28] [114/459] DNNV
[04:45:28] [115/459] HCAD
[04:45:29] [116/459] TAKA
[04:45:30] [117/459] INVD
[04:45:31] [118/459] IRMM
[04:45:32] [119/459] INSE
[04:45:34] [120/459] MRSW
[04:45:35] [121/459] MCVD
[04:45:36] [122/459] MCSO
[04:45:37] [123/459] PEVM
[04:45:38] [124/459] PVNL
[04:45:38] [125/459] PTCV
[04:45:40] [126/459] PRTC
[04:45:41] [127/459] RCVA
[04:45:42] [128/459] MTBN
[04:45:42] [129/459] LUCP
[04:45:43] [130/459] FMPT
[04:45:44] [131/459] JLSL
[04:45:44] [132/459] SBHA
[04:45:45] [133/459] SHRC
[04:45:46] [134/459] AVPS
[04:45:47] [135/459] STPM
[04:45:48] [136/459] ATRD
[04:45:49] [137/459] VTED
[04:45:49] [138/459] ACAI
[04:45:50] [139/459] SMAE
[04:45:51] [140/459] VMAT
[04:45:52] [141/459] LKCT
[04:45:53] [142/459] JTVK
[04:45:54] [143/459] PRTY
[04:45:55] [144/459] GETT
[04:45:56] [145/459] ESAP
[04:45:57] [146/459] NCPM
[04:45:58] [147/459] PCPA
[04:45:58] [148/459] MMOM
[04:45:59] [149/459] PHUP
[04:46:00] [150/459] CCPI
[04:46:01] [151/459] CNTD
[04:46:02] [152/459] NLJR
[04:46:02] [153/459] SRNG
[04:46:03] [154/459] MHAL
[04:46:04] [155/459] PNSM
[04:46:05] [156/459] DRMY
[04:46:06] [157/459] CCMU
[04:46:08] [158/459] SCMY
[04:46:09] [159/459] PVSY
[04:46:09] [160/459] SDLM
[04:46:10] [161/459] ICCM
[04:46:11] [162/459] PYSU
[04:46:12] [163/459] GATM
[04:46:13] [164/459] WOTM
[04:46:14] [165/459] RKTS
[04:46:15] [166/459] PMTY
[04:46:16] [167/459] LYMS
[04:46:17] [168/459] TGCA
[04:46:18] [169/459] DSTA
[04:46:19] [170/459] CNGE
[04:46:19] [171/459] VSTG
[04:46:20] [172/459] GTCK
[04:46:21] [173/459] TGNT
[04:46:22] [174/459] ASLC
[04:46:23] [175/459] SSST
[04:46:25] [176/459] KBTT
[04:46:25] [177/459] HKCP
[04:46:26] [178/459] SWLC
[04:46:27] [179/459] RTND
[04:46:28] [180/459] PKKT
[04:46:29] [181/459] HSTK
[04:46:30] [182/459] SPTT
[04:46:31] [183/459] IMPM
[04:46:32] [184/459] SCMV
[04:46:33] [185/459] SPCT
[04:46:34] [186/459] JBCA
[04:46:35] [187/459] ATTR
[04:46:36] [188/459] SPMT
[04:46:37] [189/459] LCTM
[04:46:37] [190/459] SCVL
[04:46:38] [191/459] SCVT
[04:46:39] [192/459] KRIC
[04:46:40] [193/459] CTMG
[04:46:41] [194/459] ACNC
[04:46:42] [195/459] DMCK
[04:46:43] [196/459] KMTV
[04:46:44] [197/459] PFCJ
[04:46:45] [198/459] VNMD
[04:46:46] [199/459] VPCZ
[04:46:47] [200/459] SRYR
[04:46:48] [201/459] SYTR
[04:46:49] [202/459] GATR
[04:46:50] [203/459] URTR
[04:46:50] [204/459] MKSM
[04:46:51] [205/459] VSMH
[04:46:52] [206/459] SKRJ
[04:46:54] [207/459] SSJR
[04:46:55] [208/459] SVSM
[04:46:56] [209/459] RUCM
[04:46:57] [210/459] PRKN
[04:46:58] [211/459] RROH
[04:46:58] [212/459] SCTN
[04:46:59] [213/459] RTDM
[04:47:00] [214/459] ASRM
[04:47:01] [215/459] SKMD
[04:47:02] [216/459] SUTD
[04:47:02] [217/459] SADM
[04:47:03] [218/459] WCNR
[04:47:04] [219/459] CNED
[04:47:05] [220/459] MPDB
[04:47:06] [221/459] KTBH
[04:47:07] [222/459] IDRM
[04:47:09] [223/459] PJJT
[04:47:10] [224/459] PFCV
[04:47:11] [225/459] AACT
[04:47:12] [226/459] AAAD
[04:47:12] [227/459] ANES
[04:47:13] [228/459] MNCA
[04:47:14] [229/459] RMGU
[04:47:15] [230/459] DLCN
[04:47:16] [231/459] LJWT
[04:47:17] [232/459] MCBG
[04:47:17] [233/459] MYBG
[04:47:18] [234/459] GCCA
[04:47:19] [235/459] GCGA
[04:47:20] [236/459] ECGN
[04:47:21] [237/459] PRAB
[04:47:22] [238/459] PNMP
[04:47:22] [239/459] GCPT
[04:47:23] [240/459] ROYN
[04:47:24] [241/459] VATM
[04:47:25] [242/459] KSNT
[04:47:26] [243/459] ACTC
[04:47:27] [244/459] PLTD
[04:47:28] [245/459] SKMK
[04:47:28] [246/459] CMTT
[04:47:29] [247/459] SMXP
[04:47:31] [248/459] SCMX
[04:47:32] [249/459] ACXN
[04:47:32] [250/459] ASWT
[04:47:34] [251/459] VVVL
[04:47:35] [252/459] NAGO
[04:47:37] [253/459] SNCN
[04:47:38] [254/459] MCKP
[04:47:39] [255/459] SAMO
[04:47:40] [256/459] JBTV
[04:47:42] [257/459] DCVV
[04:47:43] [258/459] KMSV
[04:47:44] [259/459] KDCN
[04:47:44] [260/459] CNCP
[04:47:45] [261/459] HAMC
[04:47:46] [262/459] CCVZ
[04:47:47] [263/459] NCCK
[04:47:48] [264/459] MCHR
[04:47:49] [265/459] SCHT
[04:47:51] [266/459] ESSH
[04:47:51] [267/459] CUJC
[04:47:52] [268/459] PECP
[04:47:53] [269/459] PMMI
[04:47:54] [270/459] PCCH
[04:47:55] [271/459] PRPM
[04:47:56] [272/459] PVKL
[04:47:57] [273/459] CBSM
[04:47:57] [274/459] PVCZ
[04:47:58] [275/459] PCVV
[04:47:59] [276/459] CTMJ
[04:48:00] [277/459] RCPS
[04:48:01] [278/459] PCIT
[04:48:02] [279/459] FNCH
[04:48:03] [280/459] INZD
[04:48:04] [281/459] INPC
[04:48:05] [282/459] LCZP
[04:48:06] [283/459] SMCB
[04:48:07] [284/459] PTSB
[04:48:08] [285/459] TPSI
[04:48:09] [286/459] KHMJ
[04:48:09] [287/459] RCCJ
[04:48:10] [288/459] NCJA
[04:48:11] [289/459] NCJN
[04:48:12] [290/459] BTDP
[04:48:13] [291/459] PADY
[04:48:14] [292/459] NYBH
[04:48:15] [293/459] MTBR
[04:48:17] [294/459] KRBC
[04:48:18] [295/459] DKTI
[04:48:19] [296/459] ANAN
[04:48:20] [297/459] INBP
[04:48:20] [298/459] PATB
[04:48:21] [299/459] RGNT
[04:48:22] [300/459] CGPM
[04:48:23] [301/459] INTN
[04:48:24] [302/459] MCMP
[04:48:25] [303/459] ASRG
[04:48:26] [304/459] CXJD
[04:48:27] [305/459] SPCP
[04:48:29] [306/459] CSTP
[04:48:30] [307/459] PKVC
[04:48:31] [308/459] ESCP
[04:48:31] [309/459] CAEP
[04:48:32] [310/459] CCSP
[04:48:33] [311/459] KTPC
[04:48:34] [312/459] DACA
[04:48:35] [313/459] NVKY
[04:48:36] [314/459] PTIN
[04:48:37] [315/459] SCIN
[04:48:38] [316/459] MCTY
[04:48:38] [317/459] PCMX
[04:48:39] [318/459] INIC
[04:48:40] [319/459] MMZM
[04:48:41] [320/459] SSLP
[04:48:42] [321/459] DTDT
[04:48:43] [322/459] FFCX
[04:48:44] [323/459] RCMM
[04:48:45] [324/459] KYID
[04:48:45] [325/459] CSCI
[04:48:46] [326/459] FCMC
[04:48:47] [327/459] MMXI
[04:48:48] [328/459] ASTC
[04:48:49] [329/459] CMRA
[04:48:50] [330/459] DICI
[04:48:50] [331/459] KDIN
[04:48:51] [332/459] PRFI
[04:48:52] [333/459] SVFC
[04:48:53] [334/459] UCPL
[04:48:54] [335/459] COOC
[04:48:54] [336/459] SCAL
[04:48:56] [337/459] SVFF
[04:48:57] [338/459] VCMG
[04:48:58] [339/459] UUCT
[04:48:59] [340/459] GCSE
[04:49:00] [341/459] SUSC
[04:49:01] [342/459] MISC
[04:49:02] [343/459] RMBL
[04:49:03] [344/459] CMXN
[04:49:04] [345/459] PVBK
[04:49:04] [346/459] HHCG
[04:49:05] [347/459] SCAG
[04:49:06] [348/459] CNPR
[04:49:08] [349/459] CSER
[04:49:09] [350/459] HLWD
[04:49:10] [351/459] BOLY
[04:49:11] [352/459] SSPG
[04:49:12] [353/459] MUPX
[04:49:13] [354/459] HAMR
[04:49:14] [355/459] SDNC
[04:49:15] [356/459] RTEN
[04:49:16] [357/459] SDTD
[04:49:17] [358/459] KAWS
[04:49:18] [359/459] CMZX
[04:49:19] [360/459] DCDD
[04:49:20] [361/459] ALSN
[04:49:21] [362/459] IMXS
[04:49:22] [363/459] PVFF
[04:49:23] [364/459] PVOO
[04:49:24] [365/459] CFBS
[04:49:25] [366/459] PVER
[04:49:26] [367/459] PPNX
[04:49:27] [368/459] CNRM
[04:49:27] [369/459] PVWW
[04:49:28] [370/459] INMB
[04:49:29] [371/459] CPJR
[04:49:30] [372/459] INRZ
[04:49:31] [373/459] PMSR
[04:49:32] [374/459] GPGM
[04:49:33] [375/459] PGWB
[04:49:34] [376/459] PMBR
[04:49:35] [377/459] GPAM
[04:49:36] [378/459] INBC
[04:49:37] [379/459] PZVK
[04:49:38] [380/459] CPEB
[04:49:38] [381/459] FMLB
[04:49:39] [382/459] INBG
[04:49:40] [383/459] GPBR
[04:49:41] [384/459] PAAS
[04:49:42] [385/459] VTBR
[04:49:43] [386/459] GPMY
[04:49:43] [387/459] GYBU
[04:49:44] [388/459] INBJ
[04:49:45] [389/459] LKTH
[04:49:46] [390/459] NSBR
[04:49:47] [391/459] PDRD
[04:49:47] [392/459] VRBL
[04:49:48] [393/459] VTGB
[04:49:49] [394/459] VTSK
[04:49:50] [395/459] BKDV
[04:49:51] [396/459] SVTB
[04:49:52] [397/459] MLDT
[04:49:53] [398/459] NRBL
[04:49:54] [399/459] SLTR
[04:49:55] [400/459] VNKA
[04:49:56] [401/459] TDCA
[04:49:57] [402/459] INBM
[04:49:57] [403/459] SSNR
[04:49:58] [404/459] BHAC
[04:49:59] [405/459] SDSD
[04:50:00] [406/459] SAMP
[04:50:01] [407/459] RATK
[04:50:01] [408/459] KCBI
[04:50:02] [409/459] URBL
[04:50:03] [410/459] MKBG
[04:50:04] [411/459] ASTB
[04:50:05] [412/459] VBWT
[04:50:06] [413/459] GPSM
[04:50:07] [414/459] ROON
[04:50:08] [415/459] CHTH
[04:50:08] [416/459] SSPA
[04:50:09] [417/459] ANBL
[04:50:10] [418/459] VTBE
[04:50:11] [419/459] SVKT
[04:50:12] [420/459] SVYK
[04:50:13] [421/459] PTBK
[04:50:14] [422/459] RKTB
[04:50:15] [423/459] BALT
[04:50:16] [424/459] STSV
[04:50:17] [425/459] VCCB
[04:50:18] [426/459] SLTB
[04:50:18] [427/459] SBCR
[04:50:19] [428/459] VDCS
[04:50:20] [429/459] MDKI
[04:50:21] [430/459] SMRN
[04:50:22] [431/459] PTBC
[04:50:23] [432/459] RADI
[04:50:23] [433/459] ADCR
[04:50:24] [434/459] SDCS
[04:50:25] [435/459] SRPJ
[04:50:26] [436/459] ARTS
[04:50:27] [437/459] SRHK
[04:50:28] [438/459] SPAY
[04:50:29] [439/459] GPTB
[04:50:30] [440/459] SNNN
[04:50:31] [441/459] BALJ
[04:50:31] [442/459] TRIG
[04:50:32] [443/459] GTYT
[04:50:33] [444/459] ATGN
[04:50:34] [445/459] ANTE
[04:50:34] [446/459] BDCG
[04:50:35] [447/459] VECI
[04:50:37] [448/459] SCPR
[04:50:38] [449/459] RTEA
[04:50:39] [450/459] JSAI
[04:50:40] [451/459] VJTP
[04:50:41] [452/459] GNDS
[04:50:41] [453/459] PAXA
[04:50:42] [454/459] CGGM
[04:50:43] [455/459] ACKZ
[04:50:44] [456/459] EMCC
[04:50:45] [457/459] KLSK
[04:50:46] [458/459] AVCK
[04:50:46] [459/459] JTCK
[04:50:47] 🧹 Deduping shows
[04:50:47] ✅ DONE | Shows=930 | Movies=68
