[09:56:38] 🚀 SCRIPT STARTED
[09:56:38] [1/459] MBDC
[09:56:38] 🧠 New identity created
[09:56:39] [2/459] CHKM
[09:56:40] [3/459] JTKZ
[09:56:41] [4/459] CMCT
[09:56:42] [5/459] ASHO
[09:56:43] [6/459] ECDG
[09:56:44] [7/459] SPAT
[09:56:45] [8/459] HILC
[09:56:46] [9/459] SPPH
[09:56:46] [10/459] SBHN
[09:56:47] [11/459] RRCA
[09:56:48] [12/459] APAA
[09:56:49] [13/459] RAME
[09:56:50] [14/459] TMMS
[09:56:51] [15/459] BATK
[09:56:52] [16/459] LKOP
[09:56:52] [17/459] AMTT
[09:56:54] [18/459] PTGK
[09:56:55] [19/459] ANRS
[09:56:56] [20/459] VWBW
[09:56:56] [21/459] SVFG
[09:56:58] [22/459] STAT
[09:56:59] [23/459] GDCV
[09:57:00] [24/459] VEBI
[09:57:01] [25/459] VDSS
[09:57:01] [26/459] NTHV
[09:57:02] [27/459] AOCH
[09:57:03] [28/459] KASR
[09:57:05] [29/459] AYCS
[09:57:05] [30/459] SHAI
[09:57:06] [31/459] SKPE
[09:57:07] [32/459] SBTA
[09:57:08] [33/459] RTTD
[09:57:09] [34/459] CCJD
[09:57:10] [35/459] RSJJ
[09:57:11] [36/459] RKND
[09:57:11] [37/459] SVTX
[09:57:12] [38/459] BAKM
[09:57:13] [39/459] SVDC
[09:57:14] [40/459] MNCV
[09:57:14] [41/459] SJGC
[09:57:15] [42/459] MTPK
[09:57:16] [43/459] GATP
[09:57:17] [44/459] ABTS
[09:57:18] [45/459] ABDE
[09:57:19] [46/459] RCNM
[09:57:20] [47/459] KTHV
[09:57:21] [48/459] MDGJ
[09:57:22] [49/459] SMLM
[09:57:23] [50/459] JTMA
[09:57:23] [51/459] ACKP
[09:57:24] [52/459] SRTA
[09:57:25] [53/459] STAY
[09:57:26] [54/459] MAVO
[09:57:27] [55/459] APTS
[09:57:28] [56/459] OMEA
[09:57:29] [57/459] TTFD
[09:57:29] [58/459] MJCU
[09:57:30] [59/459] CXTE
[09:57:31] [60/459] CTPX
[09:57:32] [61/459] ASSL
[09:57:33] [62/459] CMVB
[09:57:34] [63/459] VPUR
[09:57:35] [64/459] JJDA
[09:57:35] [65/459] INBL
[09:57:36] [66/459] BIKB
[09:57:37] [67/459] NTBB
[09:57:38] [68/459] GLOB
[09:57:38] [69/459] SNTB
[09:57:39] [70/459] CHGV
[09:57:41] [71/459] SSBZ
[09:57:42] [72/459] PRDB
[09:57:42] [73/459] ISMT
[09:57:43] [74/459] MCSD
[09:57:44] [75/459] JBTT
[09:57:45] [76/459] GEKR
[09:57:45] [77/459] PVUN
[09:57:46] [78/459] NRTB
[09:57:47] [79/459] PRAA
[09:57:48] [80/459] PCBL
[09:57:49] [81/459] PTCM
[09:57:50] [82/459] KHNN
[09:57:50] [83/459] OMJE
[09:57:51] [84/459] STGN
[09:57:52] [85/459] RPMS
[09:57:53] [86/459] NWAD
[09:57:53] [87/459] BLCK
[09:57:54] [88/459] SVAA
[09:57:55] [89/459] URVM
[09:57:56] [90/459] ANTM
[09:57:57] [91/459] VJYM
[09:57:58] [92/459] MAZZ
[09:57:59] [93/459] CSHM
[09:58:00] [94/459] WGMH
[09:58:00] [95/459] SALN
[09:58:01] [96/459] BRTP
[09:58:03] [97/459] SVTA
[09:58:04] [98/459] SBTP
[09:58:05] [99/459] VLSS
[09:58:06] [100/459] SRJA
[09:58:07] [101/459] ANCG
[09:58:08] [102/459] CGGC
[09:58:08] [103/459] CRJA
[09:58:09] [104/459] USCR
[09:58:10] [105/459] MMEF
[09:58:11] [106/459] JCRJ
[09:58:12] [107/459] ADCM
[09:58:13] [108/459] BMYK
[09:58:14] [109/459] KICS
[09:58:15] [110/459] MBBT
[09:58:16] [111/459] MACK
[09:58:17] [112/459] CLDR
[09:58:18] [113/459] JYCR
[09:58:19] [114/459] DCRP
[09:58:20] [115/459] RAHT
[09:58:21] [116/459] CSSM
[09:58:22] [117/459] ATPK
[09:58:22] [118/459] KLRT
[09:58:23] [119/459] SRDD
[09:58:24] [120/459] CKMC
[09:58:25] [121/459] KRVM
[09:58:26] [122/459] AKCP
[09:58:26] [123/459] CNCV
[09:58:27] [124/459] PACT
[09:58:28] [125/459] NATP
[09:58:29] [126/459] PCPK
[09:58:30] [127/459] SMHO
[09:58:31] [128/459] CWTK
[09:58:32] [129/459] RVKZ
[09:58:33] [130/459] ASPD
[09:58:34] [131/459] VTKZ
[09:58:35] [132/459] LCSO
[09:58:36] [133/459] PRDY
[09:58:37] [134/459] RCAP
[09:58:38] [135/459] RGAR
[09:58:38] [136/459] RCAC
[09:58:39] [137/459] PMOD
[09:58:40] [138/459] PVCN
[09:58:41] [139/459] SCRZ
[09:58:41] [140/459] PVPC
[09:58:42] [141/459] STID
[09:58:43] [142/459] NEDD
[09:58:44] [143/459] BNBA
[09:58:45] [144/459] NTCD
[09:58:46] [145/459] OCDE
[09:58:46] [146/459] CCDU
[09:58:47] [147/459] CRXH
[09:58:48] [148/459] VLVT
[09:58:49] [149/459] CICI
[09:58:50] [150/459] SUCB
[09:58:50] [151/459] TCBP
[09:58:51] [152/459] SCCY
[09:58:52] [153/459] LXCY
[09:58:53] [154/459] NCMD
[09:58:54] [155/459] PHCS
[09:58:54] [156/459] DUXR
[09:58:55] [157/459] VNKS
[09:58:56] [158/459] SEDP
[09:58:58] [159/459] SVEN
[09:58:59] [160/459] SRKM
[09:58:59] [161/459] JTLT
[09:59:00] [162/459] SVSS
[09:59:01] [163/459] AMDE
[09:59:02] [164/459] WVRN
[09:59:03] [165/459] ISMG
[09:59:04] [166/459] WVKS
[09:59:05] [167/459] USCG
[09:59:06] [168/459] IOTG
[09:59:07] [169/459] RRJM
[09:59:08] [170/459] EDMP
[09:59:09] [171/459] SCGZ
[09:59:09] [172/459] GMGX
[09:59:10] [173/459] OMTP
[09:59:11] [174/459] MITD
[09:59:12] [175/459] SMMD
[09:59:12] [176/459] STML
[09:59:13] [177/459] MCFS
[09:59:14] [178/459] FPKA
[09:59:15] [179/459] OMLR
[09:59:16] [180/459] KKSC
[09:59:16] [181/459] RVMA
[09:59:17] [182/459] SCLL
[09:59:18] [183/459] SCDK
[09:59:19] [184/459] SXMI
[09:59:20] [185/459] SHDN
[09:59:21] [186/459] PAAD
[09:59:22] [187/459] UUCB
[09:59:23] [188/459] JHOL
[09:59:24] [189/459] SGWT
[09:59:24] [190/459] SRII
[09:59:25] [191/459] SGCK
[09:59:26] [192/459] SVVB
[09:59:27] [193/459] DMHA
[09:59:27] [194/459] PPNL
[09:59:28] [195/459] CPNL
[09:59:29] [196/459] WVLD
[09:59:30] [197/459] PSLV
[09:59:31] [198/459] VTTL
[09:59:32] [199/459] NPAD
[09:59:33] [200/459] PVCS
[09:59:34] [201/459] MCHL
[09:59:35] [202/459] PPLL
[09:59:36] [203/459] MALO
[09:59:37] [204/459] SWBH
[09:59:38] [205/459] PUGB
[09:59:39] [206/459] INBB
[09:59:39] [207/459] INNS
[09:59:40] [208/459] MCPT
[09:59:41] [209/459] SCMI
[09:59:42] [210/459] OCON
[09:59:42] [211/459] SCSM
[09:59:43] [212/459] RJVN
[09:59:44] [213/459] AMDK
[09:59:45] [214/459] ISMR
[09:59:45] [215/459] SMTD
[09:59:46] [216/459] VTDD
[09:59:47] [217/459] PDDZ
[09:59:48] [218/459] PCCK
[09:59:48] [219/459] INAM
[09:59:50] [220/459] FNKT
[09:59:51] [221/459] GDKA
[09:59:52] [222/459] MAYU
[09:59:52] [223/459] TCGU
[09:59:53] [224/459] KDCA
[09:59:55] [225/459] DOMY
[09:59:55] [226/459] PDDD
[09:59:56] [227/459] BJTS
[09:59:57] [228/459] VTCA
[09:59:58] [229/459] SBTM
[09:59:58] [230/459] SEET
[09:59:59] [231/459] SSTJ
[10:00:00] [232/459] SVNT
[10:00:00] [233/459] PPPR
[10:00:01] [234/459] PVYS
[10:00:02] [235/459] IOSE
[10:00:03] [236/459] ACTV
[10:00:04] [237/459] APVE
[10:00:04] [238/459] TCCL
[10:00:05] [239/459] SCMO
[10:00:06] [240/459] SAUM
[10:00:07] [241/459] KCJS
[10:00:08] [242/459] NJCJ
[10:00:09] [243/459] NECF
[10:00:09] [244/459] CCGW
[10:00:10] [245/459] CCMG
[10:00:11] [246/459] NYRG
[10:00:12] [247/459] NCSQ
[10:00:13] [248/459] GRCG
[10:00:14] [249/459] CCBT
[10:00:15] [250/459] ACGA
[10:00:16] [251/459] INAG
[10:00:17] [252/459] FUCG
[10:00:18] [253/459] AICF
[10:00:19] [254/459] GRGA
[10:00:19] [255/459] GDCN
[10:00:21] [256/459] RRCG
[10:00:21] [257/459] SDCH
[10:00:22] [258/459] WVJM
[10:00:23] [259/459] JCCZ
[10:00:24] [260/459] CNCL
[10:00:25] [261/459] TMLV
[10:00:26] [262/459] MEMB
[10:00:27] [263/459] SGTD
[10:00:27] [264/459] CONX
[10:00:28] [265/459] CCMH
[10:00:29] [266/459] ACMC
[10:00:30] [267/459] DTPD
[10:00:31] [268/459] POJA
[10:00:32] [269/459] FNBH
[10:00:33] [270/459] CGCB
[10:00:34] [271/459] RACN
[10:00:35] [272/459] JTSM
[10:00:36] [273/459] SCDN
[10:00:37] [274/459] AACK
[10:00:38] [275/459] RMCE
[10:00:39] [276/459] BSGB
[10:00:40] [277/459] MRCB
[10:00:41] [278/459] SRVR
[10:00:42] [279/459] VTKK
[10:00:43] [280/459] AMST
[10:00:44] [281/459] APCY
[10:00:44] [282/459] LMHO
[10:00:45] [283/459] MTZH
[10:00:46] [284/459] AMZB
[10:00:47] [285/459] SUVT
[10:00:48] [286/459] RCIP
[10:00:49] [287/459] KESR
[10:00:50] [288/459] SNKC
[10:00:51] [289/459] SCED
[10:00:51] [290/459] DVCA
[10:00:53] [291/459] VCDT
[10:00:53] [292/459] RRDI
[10:00:54] [293/459] DFCH
[10:00:55] [294/459] INSC
[10:00:56] [295/459] RGTR
[10:00:57] [296/459] FMOT
[10:00:58] [297/459] SCPM
[10:00:58] [298/459] GCDT
[10:01:00] [299/459] BRKT
[10:01:01] [300/459] DEMP
[10:01:02] [301/459] SRLC
[10:01:03] [302/459] KSTT
[10:01:04] [303/459] SMMT
[10:01:05] [304/459] SILM
[10:01:06] [305/459] JCVM
[10:01:06] [306/459] KCSV
[10:01:07] [307/459] MHLK
[10:01:08] [308/459] SLVL
[10:01:09] [309/459] RJKP
[10:01:10] [310/459] BBPC
[10:01:11] [311/459] MXCB
[10:01:12] [312/459] TCPK
[10:01:12] [313/459] RTBR
[10:01:13] [314/459] GAUT
[10:01:14] [315/459] DVCF
[10:01:16] [316/459] JTSB
[10:01:17] [317/459] SBLS
[10:01:18] [318/459] UDAY
[10:01:18] [319/459] PTNP
[10:01:19] [320/459] DMKT
[10:01:21] [321/459] NTDT
[10:01:22] [322/459] SHDJ
[10:01:22] [323/459] OTNC
[10:01:23] [324/459] RNTW
[10:01:25] [325/459] GCMI
[10:01:25] [326/459] CRCM
[10:01:26] [327/459] NNCZ
[10:01:27] [328/459] OEMO
[10:01:28] [329/459] PVJM
[10:01:29] [330/459] CPJI
[10:01:29] [331/459] RMCJ
[10:01:30] [332/459] CNWJ
[10:01:31] [333/459] EPJM
[10:01:32] [334/459] FNJJ
[10:01:33] [335/459] GCMJ
[10:01:34] [336/459] INPS
[10:01:34] [337/459] BICJ
[10:01:35] [338/459] ISTJ
[10:01:36] [339/459] INJC
[10:01:37] [340/459] GLXJ
[10:01:38] [341/459] INEM
[10:01:39] [342/459] JTMN
[10:01:39] [343/459] FRCJ
[10:01:41] [344/459] DDJP
[10:01:41] [345/459] INJV
[10:01:42] [346/459] GOLC
[10:01:43] [347/459] KOCI
[10:01:44] [348/459] FSTD
[10:01:44] [349/459] PACJ
[10:01:45] [350/459] GMCN
[10:01:46] [351/459] MMDJ
[10:01:47] [352/459] GODH
[10:01:48] [353/459] SKYN
[10:01:49] [354/459] NCTH
[10:01:50] [355/459] SKVZ
[10:01:51] [356/459] SVML
[10:01:52] [357/459] ACVZ
[10:01:53] [358/459] SURA
[10:01:54] [359/459] RTRB
[10:01:55] [360/459] LLCT
[10:01:55] [361/459] ATTS
[10:01:56] [362/459] JYCM
[10:01:57] [363/459] CTKR
[10:01:58] [364/459] LCKR
[10:01:59] [365/459] NYCV
[10:02:00] [366/459] NYOH
[10:02:01] [367/459] NOVX
[10:02:02] [368/459] MRGK
[10:02:02] [369/459] MOON
[10:02:04] [370/459] SBUC
[10:02:05] [371/459] GSVA
[10:02:06] [372/459] VIAK
[10:02:06] [373/459] SMVZ
[10:02:07] [374/459] MATE
[10:02:08] [375/459] RDCN
[10:02:09] [376/459] ASBL
[10:02:10] [377/459] ASVS
[10:02:10] [378/459] ASSR
[10:02:11] [379/459] SSKN
[10:02:12] [380/459] DRPV
[10:02:13] [381/459] MRHT
[10:02:13] [382/459] BSCN
[10:02:14] [383/459] RKNX
[10:02:15] [384/459] MSMC
[10:02:16] [385/459] MSCJ
[10:02:16] [386/459] BTBJ
[10:02:17] [387/459] MJCC
[10:02:18] [388/459] IOMM
[10:02:19] [389/459] ADGR
[10:02:20] [390/459] MYCP
[10:02:21] [391/459] IGCM
[10:02:22] [392/459] PGRK
[10:02:23] [393/459] VPGO
[10:02:25] [394/459] KOMS
[10:02:26] [395/459] URGG
[10:02:26] [396/459] GOST
[10:02:27] [397/459] LACT
[10:02:28] [398/459] BWCM
[10:02:29] [399/459] NCCW
[10:02:29] [400/459] SKYC
[10:02:30] [401/459] CCPM
[10:02:32] [402/459] VCBT
[10:02:33] [403/459] SDKR
[10:02:33] [404/459] CTYB
[10:02:34] [405/459] SHCX
[10:02:35] [406/459] RCUN
[10:02:36] [407/459] CNRA
[10:02:37] [408/459] RFCA
[10:02:37] [409/459] RDCU
[10:02:38] [410/459] SARK
[10:02:39] [411/459] SPPP
[10:02:40] [412/459] ADMB
[10:02:41] [413/459] JYOE
[10:02:42] [414/459] SRMD
[10:02:42] [415/459] RJDH
[10:02:43] [416/459] SSTD
[10:02:44] [417/459] AACV
[10:02:45] [418/459] PPVD
[10:02:46] [419/459] STCP
[10:02:47] [420/459] ANJR
[10:02:47] [421/459] ANLS
[10:02:48] [422/459] BIJO
[10:02:50] [423/459] AVAB
[10:02:51] [424/459] SPMD
[10:02:52] [425/459] SVJL
[10:02:53] [426/459] SDDJ
[10:02:54] [427/459] SLTU
[10:02:54] [428/459] SAKA
[10:02:55] [429/459] PMAM
[10:02:56] [430/459] FNAM
[10:02:57] [431/459] ACAM
[10:02:58] [432/459] SCMM
[10:02:59] [433/459] PMAK
[10:03:01] [434/459] NYSA
[10:03:02] [435/459] FCPA
[10:03:03] [436/459] GDAN
[10:03:04] [437/459] RSCA
[10:03:05] [438/459] DMAN
[10:03:05] [439/459] DZCM
[10:03:06] [440/459] NSGL
[10:03:07] [441/459] CCPP
[10:03:08] [442/459] PSMG
[10:03:09] [443/459] GSER
[10:03:09] [444/459] FCCT
[10:03:10] [445/459] FCTB
[10:03:11] [446/459] LCNK
[10:03:12] [447/459] SKTY
[10:03:13] [448/459] INAA
[10:03:14] [449/459] RCWN
[10:03:15] [450/459] VAIS
[10:03:15] [451/459] CVMN
[10:03:16] [452/459] INTS
[10:03:18] [453/459] FRGS
[10:03:19] [454/459] DTCK
[10:03:20] [455/459] MCMH
[10:03:22] [456/459] ECRR
[10:03:22] [457/459] RLLP
[10:03:23] [458/459] CCSN
[10:03:24] [459/459] CCBA
[10:03:25] 🧹 Deduping shows
[10:03:25] ✅ DONE | Shows=810 | Movies=60
