[09:56:44] 🚀 SCRIPT STARTED
[09:56:44] [1/459] FNDB
[09:56:44] 🧠 New identity created
[09:56:45] [2/459] AMBH
[09:56:46] [3/459] PRHN
[09:56:47] [4/459] ACPM
[09:56:48] [5/459] PVFS
[09:56:48] [6/459] AACN
[09:56:49] [7/459] ACAS
[09:56:50] [8/459] CTNR
[09:56:51] [9/459] MMAH
[09:56:53] [10/459] CPMH
[09:56:55] [11/459] IGMH
[09:56:56] [12/459] ABCS
[09:56:57] [13/459] CMMA
[09:56:59] [14/459] GPRH
[09:56:59] [15/459] PNNG
[09:57:00] [16/459] AMCA
[09:57:01] [17/459] ISTN
[09:57:02] [18/459] PIIC
[09:57:03] [19/459] AHMH
[09:57:05] [20/459] ASHN
[09:57:06] [21/459] INHY
[09:57:07] [22/459] SRMO
[09:57:08] [23/459] PIMH
[09:57:09] [24/459] PVTS
[09:57:09] [25/459] MMCA
[09:57:10] [26/459] AKYJ
[09:57:11] [27/459] BRKH
[09:57:13] [28/459] MAHM
[09:57:14] [29/459] CPHY
[09:57:14] [30/459] PVTP
[09:57:15] [31/459] SMMR
[09:57:16] [32/459] PVHM
[09:57:17] [33/459] SNDY
[09:57:18] [34/459] GOKU
[09:57:19] [35/459] ACEV
[09:57:20] [36/459] PVUM
[09:57:21] [37/459] VSWA
[09:57:22] [38/459] IPRS
[09:57:24] [39/459] ASGN
[09:57:25] [40/459] BKMV
[09:57:26] [41/459] PVYH
[09:57:28] [42/459] INKM
[09:57:29] [43/459] ARJU
[09:57:30] [44/459] JJPP
[09:57:31] [45/459] SSRM
[09:57:32] [46/459] HMHD
[09:57:32] [47/459] SNKH
[09:57:33] [48/459] ACHI
[09:57:34] [49/459] MRAA
[09:57:35] [50/459] INMH
[09:57:36] [51/459] ARMH
[09:57:37] [52/459] DVRR
[09:57:37] [53/459] SUDA
[09:57:39] [54/459] MCSS
[09:57:40] [55/459] VRKC
[09:57:41] [56/459] PRCX
[09:57:42] [57/459] ASJY
[09:57:43] [58/459] MTHY
[09:57:43] [59/459] SRCM
[09:57:44] [60/459] TVHY
[09:57:45] [61/459] STHD
[09:57:46] [62/459] CPCL
[09:57:47] [63/459] PSMJ
[09:57:48] [64/459] MRGT
[09:57:49] [65/459] ARYH
[09:57:50] [66/459] VTRB
[09:57:51] [67/459] SCHC
[09:57:53] [68/459] MRRG
[09:57:55] [69/459] SPCB
[09:57:56] [70/459] AMCM
[09:57:56] [71/459] IVNM
[09:57:57] [72/459] TRHY
[09:57:58] [73/459] PTTH
[09:58:00] [74/459] RKMH
[09:58:01] [75/459] PRCS
[09:58:02] [76/459] VAJA
[09:58:02] [77/459] BJNG
[09:58:04] [78/459] SCVM
[09:58:05] [79/459] GNHB
[09:58:06] [80/459] TLUR
[09:58:07] [81/459] UKCC
[09:58:07] [82/459] SRKR
[09:58:08] [83/459] RMKN
[09:58:09] [84/459] SLRT
[09:58:10] [85/459] LKMT
[09:58:12] [86/459] SSRJ
[09:58:13] [87/459] SPHT
[09:58:14] [88/459] ANTT
[09:58:15] [89/459] SRCH
[09:58:15] [90/459] SRCA
[09:58:16] [91/459] ARTH
[09:58:17] [92/459] MCBH
[09:58:19] [93/459] SNIB
[09:58:20] [94/459] SART
[09:58:21] [95/459] SKTA
[09:58:21] [96/459] YAKT
[09:58:22] [97/459] MLCK
[09:58:24] [98/459] ANTS
[09:58:25] [99/459] DGCA
[09:58:27] [100/459] SGMP
[09:58:27] [101/459] ASWN
[09:58:28] [102/459] KFVU
[09:58:29] [103/459] POOR
[09:58:30] [104/459] GKDN
[09:58:32] [105/459] EOSE
[09:58:33] [106/459] GTTT
[09:58:34] [107/459] ARRO
[09:58:35] [108/459] CMMK
[09:58:36] [109/459] MSCN
[09:58:37] [110/459] GDKH
[09:58:37] [111/459] DLMT
[09:58:38] [112/459] PVMF
[09:58:40] [113/459] CPCK
[09:58:41] [114/459] VMHE
[09:58:42] [115/459] PVLC
[09:58:43] [116/459] PCVB
[09:58:44] [117/459] SNYK
[09:58:46] [118/459] KTEK
[09:58:47] [119/459] PCNM
[09:58:48] [120/459] NTTR
[09:58:49] [121/459] CPSK
[09:58:50] [122/459] JMMA
[09:58:51] [123/459] GCFK
[09:58:52] [124/459] MYCA
[09:58:53] [125/459] KSNP
[09:58:54] [126/459] PMCE
[09:58:55] [127/459] SCKI
[09:58:55] [128/459] FSMA
[09:58:56] [129/459] CETA
[09:58:57] [130/459] MCIK
[09:58:58] [131/459] MYCR
[09:58:59] [132/459] EVMP
[09:59:00] [133/459] SSGT
[09:59:00] [134/459] KCTK
[09:59:01] [135/459] ZTKC
[09:59:02] [136/459] MMTA
[09:59:03] [137/459] MAJT
[09:59:04] [138/459] ACPK
[09:59:05] [139/459] JMAX
[09:59:06] [140/459] SETK
[09:59:07] [141/459] CAIS
[09:59:08] [142/459] AGCD
[09:59:09] [143/459] URCL
[09:59:09] [144/459] VTDS
[09:59:10] [145/459] JCNM
[09:59:11] [146/459] KCAM
[09:59:12] [147/459] ADCU
[09:59:13] [148/459] GXYN
[09:59:14] [149/459] SMJG
[09:59:15] [150/459] EYCJ
[09:59:16] [151/459] CCEJ
[09:59:17] [152/459] MARS
[09:59:18] [153/459] CPVJ
[09:59:19] [154/459] INVP
[09:59:20] [155/459] CPOV
[09:59:21] [156/459] VIJK
[09:59:22] [157/459] LAIM
[09:59:23] [158/459] STHV
[09:59:24] [159/459] SVLJ
[09:59:25] [160/459] ATVJ
[09:59:26] [161/459] JTSC
[09:59:26] [162/459] RMTV
[09:59:28] [163/459] MGGG
[09:59:29] [164/459] SWTH
[09:59:30] [165/459] INVJ
[09:59:30] [166/459] PRSV
[09:59:31] [167/459] JATV
[09:59:32] [168/459] RCVD
[09:59:33] [169/459] BDMA
[09:59:34] [170/459] BLJI
[09:59:35] [171/459] SWOT
[09:59:36] [172/459] SWRN
[09:59:37] [173/459] TVRA
[09:59:38] [174/459] VCSV
[09:59:38] [175/459] NVRN
[09:59:39] [176/459] SIKC
[09:59:40] [177/459] VAKR
[09:59:41] [178/459] SYLN
[09:59:42] [179/459] KLJL
[09:59:43] [180/459] LKMY
[09:59:44] [181/459] VSLY
[09:59:45] [182/459] CIKO
[09:59:45] [183/459] GPBG
[09:59:46] [184/459] CECM
[09:59:47] [185/459] SLKB
[09:59:48] [186/459] MTBO
[09:59:49] [187/459] SSHB
[09:59:50] [188/459] VPCS
[09:59:51] [189/459] RCSR
[09:59:52] [190/459] RJRM
[09:59:53] [191/459] KPPB
[09:59:53] [192/459] SEDC
[09:59:54] [193/459] SCAI
[09:59:56] [194/459] RMTR
[09:59:57] [195/459] ASST
[09:59:57] [196/459] GCAK
[09:59:58] [197/459] ANNK
[10:00:00] [198/459] KDDF
[10:00:01] [199/459] NRDP
[10:00:02] [200/459] PLAK
[10:00:03] [201/459] GCMC
[10:00:04] [202/459] ALPY
[10:00:04] [203/459] SICE
[10:00:05] [204/459] SISR
[10:00:06] [205/459] SRPZ
[10:00:07] [206/459] SRSW
[10:00:08] [207/459] SUYA
[10:00:09] [208/459] AMMT
[10:00:10] [209/459] BHCU
[10:00:10] [210/459] KLPA
[10:00:11] [211/459] NVKH
[10:00:12] [212/459] JMRC
[10:00:13] [213/459] KTTT
[10:00:14] [214/459] MAGH
[10:00:15] [215/459] MMMX
[10:00:16] [216/459] SALJ
[10:00:17] [217/459] GTJA
[10:00:18] [218/459] MAHT
[10:00:18] [219/459] SSNN
[10:00:19] [220/459] ARRP
[10:00:20] [221/459] ATNS
[10:00:21] [222/459] SKDT
[10:00:22] [223/459] ACAT
[10:00:23] [224/459] APRC
[10:00:24] [225/459] SWAG
[10:00:25] [226/459] SDPT
[10:00:26] [227/459] STPS
[10:00:27] [228/459] WWCZ
[10:00:27] [229/459] LLCH
[10:00:29] [230/459] MZHA
[10:00:30] [231/459] CRJG
[10:00:31] [232/459] JGTK
[10:00:32] [233/459] KCSR
[10:00:32] [234/459] CHTL
[10:00:33] [235/459] EDSR
[10:00:34] [236/459] CSWO
[10:00:35] [237/459] CPVM
[10:00:36] [238/459] MXBY
[10:00:37] [239/459] FMMA
[10:00:38] [240/459] POVI
[10:00:38] [241/459] MTHB
[10:00:39] [242/459] INRC
[10:00:40] [243/459] PIPP
[10:00:41] [244/459] BMXC
[10:00:42] [245/459] PCMM
[10:00:43] [246/459] PMKM
[10:00:44] [247/459] GATY
[10:00:44] [248/459] IMCM
[10:00:45] [249/459] POPE
[10:00:46] [250/459] MTCR
[10:00:48] [251/459] PVAE
[10:00:48] [252/459] PVMI
[10:00:49] [253/459] CPNM
[10:00:50] [254/459] FMRL
[10:00:51] [255/459] MCIW
[10:00:52] [256/459] MXBO
[10:00:53] [257/459] FMKY
[10:00:54] [258/459] FMDA
[10:00:55] [259/459] THAB
[10:00:56] [260/459] PRCW
[10:00:57] [261/459] PITI
[10:00:58] [262/459] MCFF
[10:00:58] [263/459] PDDV
[10:00:59] [264/459] MCRM
[10:01:00] [265/459] KKMB
[10:01:01] [266/459] INKO
[10:01:02] [267/459] PLXP
[10:01:03] [268/459] MMHA
[10:01:04] [269/459] FMVS
[10:01:05] [270/459] POLM
[10:01:05] [271/459] STER
[10:01:06] [272/459] PVWJ
[10:01:08] [273/459] IMJW
[10:01:09] [274/459] FNAN
[10:01:10] [275/459] CAGL
[10:01:11] [276/459] IPBG
[10:01:12] [277/459] SMFV
[10:01:14] [278/459] MMMR
[10:01:15] [279/459] MMWM
[10:01:16] [280/459] FNCM
[10:01:16] [281/459] MDVA
[10:01:18] [282/459] MMET
[10:01:18] [283/459] MIDO
[10:01:19] [284/459] INNP
[10:01:20] [285/459] MIFU
[10:01:21] [286/459] MMSZ
[10:01:22] [287/459] BMXA
[10:01:24] [288/459] MCAA
[10:01:24] [289/459] SCVP
[10:01:25] [290/459] PLUS
[10:01:26] [291/459] MUCK
[10:01:27] [292/459] MTMA
[10:01:28] [293/459] HPVR
[10:01:29] [294/459] PMPK
[10:01:30] [295/459] MAJB
[10:01:31] [296/459] CTRR
[10:01:33] [297/459] MCTG
[10:01:34] [298/459] MACE
[10:01:35] [299/459] AAAS
[10:01:37] [300/459] CPVV
[10:01:37] [301/459] RCHG
[10:01:38] [302/459] MCNE
[10:01:39] [303/459] EMNC
[10:01:40] [304/459] MCAN
[10:01:42] [305/459] TCDM
[10:01:43] [306/459] IRGT
[10:01:44] [307/459] GCMG
[10:01:45] [308/459] MXSN
[10:01:46] [309/459] MXCK
[10:01:47] [310/459] MCRC
[10:01:48] [311/459] RSMI
[10:01:49] [312/459] WAML
[10:01:50] [313/459] MTSC
[10:01:51] [314/459] FMDR
[10:01:52] [315/459] LEPV
[10:01:54] [316/459] MTGD
[10:01:56] [317/459] IMOB
[10:01:57] [318/459] CLMM
[10:01:58] [319/459] PZCD
[10:01:59] [320/459] GOCS
[10:02:00] [321/459] KCMA
[10:02:01] [322/459] CCMP
[10:02:03] [323/459] MTSU
[10:02:03] [324/459] SNGL
[10:02:04] [325/459] MMMC
[10:02:05] [326/459] MMAA
[10:02:06] [327/459] GCDM
[10:02:07] [328/459] KTMV
[10:02:08] [329/459] AETE
[10:02:09] [330/459] OMCS
[10:02:11] [331/459] GDCD
[10:02:12] [332/459] NYMD
[10:02:12] [333/459] RNCV
[10:02:14] [334/459] KKMT
[10:02:15] [335/459] GDTH
[10:02:16] [336/459] KMMV
[10:02:17] [337/459] NHCG
[10:02:18] [338/459] PJDW
[10:02:20] [339/459] MMCV
[10:02:21] [340/459] FQSA
[10:02:22] [341/459] KURL
[10:02:23] [342/459] NNNX
[10:02:24] [343/459] AMAU
[10:02:25] [344/459] VVVM
[10:02:27] [345/459] VECU
[10:02:27] [346/459] WCVR
[10:02:28] [347/459] MTGG
[10:02:30] [348/459] SGTG
[10:02:30] [349/459] MNTG
[10:02:31] [350/459] JDDG
[10:02:32] [351/459] MBTK
[10:02:33] [352/459] SGCD
[10:02:34] [353/459] MCTC
[10:02:36] [354/459] JTPC
[10:02:37] [355/459] SDKT
[10:02:37] [356/459] KRCC
[10:02:40] [357/459] RMMD
[10:02:40] [358/459] AAME
[10:02:41] [359/459] TMWC
[10:02:42] [360/459] NRWY
[10:02:43] [361/459] CITD
[10:02:44] [362/459] VERD
[10:02:45] [363/459] MKSK
[10:02:46] [364/459] STSM
[10:02:47] [365/459] MJDG
[10:02:47] [366/459] RKPM
[10:02:48] [367/459] SSCE
[10:02:49] [368/459] VMAE
[10:02:50] [369/459] SBRU
[10:02:51] [370/459] AMBC
[10:02:52] [371/459] AMLU
[10:02:52] [372/459] INVZ
[10:02:53] [373/459] LGTV
[10:02:54] [374/459] SVAD
[10:02:55] [375/459] SMSA
[10:02:56] [376/459] SPCZ
[10:02:57] [377/459] GTCX
[10:02:57] [378/459] SCSL
[10:02:58] [379/459] SAHU
[10:02:59] [380/459] NCDA
[10:03:00] [381/459] SCCG
[10:03:01] [382/459] VKTL
[10:03:01] [383/459] PUUJ
[10:03:02] [384/459] STEJ
[10:03:03] [385/459] RJAL
[10:03:04] [386/459] ACJC
[10:03:05] [387/459] VTHC
[10:03:06] [388/459] ARVB
[10:03:07] [389/459] AUBB
[10:03:08] [390/459] GDBR
[10:03:09] [391/459] PVND
[10:03:10] [392/459] BGRJ
[10:03:10] [393/459] RJMM
[10:03:12] [394/459] MCSA
[10:03:13] [395/459] BODA
[10:03:14] [396/459] JAGG
[10:03:15] [397/459] SCGA
[10:03:16] [398/459] LRCM
[10:03:17] [399/459] CPCN
[10:03:18] [400/459] SSTF
[10:03:19] [401/459] SRXP
[10:03:20] [402/459] CNFX
[10:03:20] [403/459] ANDI
[10:03:21] [404/459] SYEW
[10:03:22] [405/459] RCRE
[10:03:23] [406/459] SCRW
[10:03:25] [407/459] MBKR
[10:03:25] [408/459] ASNT
[10:03:26] [409/459] JTMT
[10:03:27] [410/459] SHAY
[10:03:28] [411/459] VRTH
[10:03:29] [412/459] SPTI
[10:03:29] [413/459] DPTD
[10:03:30] [414/459] TGSN
[10:03:31] [415/459] RCWV
[10:03:32] [416/459] OCUR
[10:03:33] [417/459] KSTC
[10:03:33] [418/459] SANI
[10:03:34] [419/459] MLCA
[10:03:35] [420/459] EGCA
[10:03:36] [421/459] SYSN
[10:03:37] [422/459] PKTA
[10:03:38] [423/459] PRCC
[10:03:39] [424/459] KSTR
[10:03:41] [425/459] SNTP
[10:03:42] [426/459] RCHA
[10:03:43] [427/459] SEEA
[10:03:43] [428/459] ALAT
[10:03:44] [429/459] AATV
[10:03:46] [430/459] RJTE
[10:03:47] [431/459] AAPP
[10:03:47] [432/459] PMMH
[10:03:48] [433/459] INRJ
[10:03:49] [434/459] SARB
[10:03:50] [435/459] PCJL
[10:03:50] [436/459] PFJJ
[10:03:51] [437/459] GRDC
[10:03:52] [438/459] BCBA
[10:03:53] [439/459] VIXL
[10:03:54] [440/459] CSTL
[10:03:55] [441/459] MTDK
[10:03:55] [442/459] TDAC
[10:03:56] [443/459] GTDN
[10:03:57] [444/459] TTDE
[10:03:58] [445/459] ASTS
[10:03:59] [446/459] CPNS
[10:04:00] [447/459] PVVW
[10:04:01] [448/459] USEB
[10:04:02] [449/459] DTYN
[10:04:02] [450/459] PVLE
[10:04:03] [451/459] CIPS
[10:04:04] [452/459] PAEG
[10:04:06] [453/459] PTCW
[10:04:07] [454/459] G3SR
[10:04:08] [455/459] PGND
[10:04:09] [456/459] INVM
[10:04:10] [457/459] SPIA
[10:04:11] [458/459] PCSN
[10:04:12] [459/459] PPGV
[10:04:13] 🧹 Deduping shows
[10:04:13] ✅ DONE | Shows=520 | Movies=52
