[09:56:42] 🚀 SCRIPT STARTED
[09:56:42] [1/296] CDCA
[09:56:42] 🧠 New identity created
[09:56:43] [2/296] MNSR
[09:56:44] [3/296] CSSL
[09:56:45] [4/296] BGGM
[09:56:45] [5/296] MANT
[09:56:46] [6/296] SOOY
[09:56:47] [7/296] VPPK
[09:56:48] [8/296] MYHJ
[09:56:49] [9/296] KSCK
[09:56:50] [10/296] KATK
[09:56:52] [11/296] RTRT
[09:56:53] [12/296] SSTT
[09:56:54] [13/296] SSTV
[09:56:56] [14/296] LACM
[09:56:58] [15/296] SGMG
[09:56:58] [16/296] KACX
[09:56:59] [17/296] GVCP
[09:57:00] [18/296] CSNC
[09:57:01] [19/296] SXCB
[09:57:02] [20/296] BAHS
[09:57:03] [21/296] PCBI
[09:57:04] [22/296] PSSM
[09:57:05] [23/296] RCOK
[09:57:06] [24/296] SCPF
[09:57:07] [25/296] SSAS
[09:57:08] [26/296] EVMM
[09:57:09] [27/296] SYCB
[09:57:10] [28/296] GCKI
[09:57:11] [29/296] IAET
[09:57:12] [30/296] DDTD
[09:57:13] [31/296] GMDH
[09:57:14] [32/296] STLE
[09:57:15] [33/296] JTRA
[09:57:16] [34/296] RPPA
[09:57:18] [35/296] ARUT
[09:57:19] [36/296] JTVM
[09:57:19] [37/296] SWRH
[09:57:20] [38/296] DCPC
[09:57:22] [39/296] RAPR
[09:57:23] [40/296] GCRT
[09:57:25] [41/296] ATUN
[09:57:26] [42/296] LTRM
[09:57:28] [43/296] TASR
[09:57:28] [44/296] RLLC
[09:57:29] [45/296] MABI
[09:57:30] [46/296] SVHB
[09:57:31] [47/296] NVTB
[09:57:31] [48/296] KCKG
[09:57:32] [49/296] SSRN
[09:57:33] [50/296] VDDC
[09:57:34] [51/296] GKTK
[09:57:35] [52/296] YFSN
[09:57:35] [53/296] GCSG
[09:57:36] [54/296] ESSM
[09:57:37] [55/296] KRIH
[09:57:38] [56/296] GCDS
[09:57:40] [57/296] CCSH
[09:57:40] [58/296] ACSK
[09:57:41] 🔄 Identity reset
[09:57:41] ❌ ACSK | ConnectionError
[09:57:41] [59/296] APRK
[09:57:41] 🧠 New identity created
[09:57:42] [60/296] ADKM
[09:57:43] [61/296] SRDM
[09:57:44] [62/296] RMOG
[09:57:45] [63/296] SJMY
[09:57:46] [64/296] PGGC
[09:57:48] [65/296] INGM
[09:57:49] [66/296] LSCB
[09:57:49] [67/296] STAD
[09:57:50] [68/296] MCCR
[09:57:51] [69/296] ABCC
[09:57:52] [70/296] RKCC
[09:57:53] [71/296] RTCR
[09:57:54] [72/296] GGBC
[09:57:55] [73/296] GCSD
[09:57:56] [74/296] LPTY
[09:57:57] [75/296] MCFD
[09:57:58] [76/296] HENN
[09:57:59] [77/296] SMKU
[09:57:59] [78/296] TNZC
[09:58:00] [79/296] DRCD
[09:58:01] [80/296] DLCD
[09:58:03] [81/296] RCDA
[09:58:04] [82/296] COSM
[09:58:05] [83/296] MCMJ
[09:58:05] [84/296] CSTR
[09:58:06] [85/296] CVDK
[09:58:07] [86/296] INRR
[09:58:09] [87/296] RJRT
[09:58:10] [88/296] IRMR
[09:58:11] [89/296] SRCF
[09:58:12] [90/296] GRCR
[09:58:12] [91/296] SURC
[09:58:13] [92/296] NMNH
[09:58:14] [93/296] SVBL
[09:58:15] [94/296] KACI
[09:58:16] [95/296] TDGO
[09:58:17] [96/296] KTBR
[09:58:17] [97/296] PMAD
[09:58:19] [98/296] CCPN
[09:58:20] [99/296] SBTK
[09:58:21] [100/296] LMDK
[09:58:21] [101/296] PGDA
[09:58:22] [102/296] SRML
[09:58:23] [103/296] EVCK
[09:58:24] [104/296] RTTK
[09:58:25] [105/296] SRTU
[09:58:26] [106/296] VRSA
[09:58:26] [107/296] VARS
[09:58:27] [108/296] DSCZ
[09:58:28] [109/296] GAGA
[09:58:29] [110/296] SARV
[09:58:30] [111/296] SEEG
[09:58:32] [112/296] GLCA
[09:58:32] [113/296] APAS
[09:58:33] [114/296] VCIA
[09:58:34] [115/296] SJTA
[09:58:35] [116/296] SABM
[09:58:35] [117/296] PPAG
[09:58:36] [118/296] RVCA
[09:58:37] [119/296] CCIA
[09:58:38] [120/296] HTAG
[09:58:40] [121/296] SMBI
[09:58:41] [122/296] MCJR
[09:58:42] [123/296] CCJR
[09:58:43] [124/296] SINF
[09:58:44] [125/296] CPLX
[09:58:45] [126/296] KKTJ
[09:58:46] [127/296] GDBW
[09:58:47] [128/296] CSUB
[09:58:48] [129/296] DABA
[09:58:49] [130/296] TITR
[09:58:49] [131/296] NYCR
[09:58:50] [132/296] RTRY
[09:58:51] [133/296] JTJL
[09:58:52] [134/296] SJCP
[09:58:53] [135/296] KCCA
[09:58:54] [136/296] MLPG
[09:58:55] [137/296] VRCK
[09:58:56] [138/296] SRIN
[09:58:56] [139/296] CXMK
[09:58:58] [140/296] SKAD
[09:58:59] [141/296] AVTR
[09:59:00] [142/296] PTAJ
[09:59:01] [143/296] SCNK
[09:59:01] [144/296] STTI
[09:59:02] [145/296] KACR
[09:59:03] [146/296] SSDX
[09:59:04] [147/296] VRTJ
[09:59:06] [148/296] RAJD
[09:59:06] [149/296] SCIP
[09:59:08] [150/296] RJSL
[09:59:09] [151/296] ARRS
[09:59:10] [152/296] ASMS
[09:59:11] [153/296] RDTS
[09:59:12] [154/296] DVMY
[09:59:13] [155/296] RASA
[09:59:14] [156/296] INOM
[09:59:14] [157/296] SPRS
[09:59:15] [158/296] SGCS
[09:59:17] [159/296] SALM
[09:59:18] [160/296] PKHC
[09:59:19] [161/296] RCSV
[09:59:19] [162/296] CPKC
[09:59:20] [163/296] AACD
[09:59:22] [164/296] GGCV
[09:59:22] [165/296] SMKD
[09:59:23] [166/296] NBCH
[09:59:24] [167/296] AMCB
[09:59:25] [168/296] OPCN
[09:59:26] [169/296] DCIN
[09:59:27] [170/296] INGW
[09:59:29] [171/296] PKKW
[09:59:30] [172/296] FNGW
[09:59:31] [173/296] GCGD
[09:59:32] [174/296] MSTW
[09:59:33] [175/296] KCCG
[09:59:34] [176/296] MRSS
[09:59:35] [177/296] CLCF
[09:59:36] [178/296] EETS
[09:59:37] [179/296] AATR
[09:59:37] [180/296] CMMN
[09:59:39] [181/296] SCCJ
[09:59:40] [182/296] CDTK
[09:59:41] [183/296] AICP
[09:59:41] [184/296] FNBP
[09:59:42] [185/296] CBPB
[09:59:43] [186/296] CPAS
[09:59:44] [187/296] MAPM
[09:59:45] [188/296] PASD
[09:59:46] [189/296] JCMN
[09:59:47] [190/296] MALB
[09:59:48] [191/296] SACG
[09:59:48] [192/296] DDRX
[09:59:50] [193/296] DDXB
[09:59:51] [194/296] RAMC
[09:59:51] [195/296] SANC
[09:59:52] [196/296] BCBP
[09:59:53] [197/296] ALPC
[09:59:54] [198/296] RBAC
[09:59:54] [199/296] RAJL
[09:59:55] [200/296] MPDX
[09:59:56] [201/296] MUSC
[09:59:58] [202/296] VKMK
[09:59:59] [203/296] SKCG
[10:00:00] [204/296] ANCN
[10:00:01] [205/296] MMCJ
[10:00:02] [206/296] DCAK
[10:00:02] [207/296] SCKG
[10:00:03] [208/296] LMCK
[10:00:04] [209/296] CKKX
[10:00:05] [210/296] ANKU
[10:00:06] [211/296] CSMD
[10:00:07] [212/296] MKMP
[10:00:08] [213/296] SVBG
[10:00:09] [214/296] ROOP
[10:00:10] [215/296] GDMT
[10:00:11] [216/296] FPPF
[10:00:12] [217/296] SFUU
[10:00:13] [218/296] ANCB
[10:00:14] [219/296] SMMC
[10:00:16] [220/296] UGKT
[10:00:17] [221/296] JVRM
[10:00:17] [222/296] BATG
[10:00:18] [223/296] RATE
[10:00:20] [224/296] SKME
[10:00:20] [225/296] LMTP
[10:00:21] [226/296] TCBD
[10:00:22] [227/296] ESBD
[10:00:23] [228/296] GDCU
[10:00:25] [229/296] SNKT
[10:00:26] [230/296] SRNK
[10:00:27] [231/296] SMED
[10:00:28] [232/296] CSQS
[10:00:29] [233/296] ALCS
[10:00:29] [234/296] KCKN
[10:00:30] [235/296] VCCL
[10:00:31] [236/296] MCDA
[10:00:32] [237/296] SHMI
[10:00:33] [238/296] SKHA
[10:00:33] [239/296] SVFK
[10:00:34] [240/296] INVB
[10:00:36] [241/296] MELD
[10:00:37] [242/296] JTYS
[10:00:37] [243/296] INCM
[10:00:38] [244/296] MCDV
[10:00:39] [245/296] KSGK
[10:00:40] [246/296] ICMG
[10:00:41] [247/296] CSCV
[10:00:42] [248/296] STMD
[10:00:43] [249/296] STTR
[10:00:43] [250/296] INVC
[10:00:44] [251/296] JTBL
[10:00:46] [252/296] SRVV
[10:00:47] [253/296] MAVC
[10:00:48] [254/296] SRPP
[10:00:48] [255/296] JGDM
[10:00:49] [256/296] MBSJ
[10:00:50] [257/296] SSLL
[10:00:51] [258/296] SLKP
[10:00:52] [259/296] NSRV
[10:00:53] [260/296] UTDV
[10:00:54] [261/296] KICM
[10:00:54] [262/296] KCMD
[10:00:55] [263/296] TTPP
[10:00:56] [264/296] KMPV
[10:00:57] [265/296] SKTV
[10:00:58] [266/296] STCV
[10:00:58] [267/296] SRDA
[10:00:59] [268/296] JTSX
[10:01:00] [269/296] STBV
[10:01:01] [270/296] APVZ
[10:01:03] [271/296] GSTV
[10:01:03] [272/296] NMVS
[10:01:04] [273/296] SKRT
[10:01:06] [274/296] RMDV
[10:01:07] [275/296] RATG
[10:01:07] [276/296] SJYV
[10:01:08] [277/296] NDGP
[10:01:09] [278/296] SNDG
[10:01:10] [279/296] INSR
[10:01:10] [280/296] INSO
[10:01:11] [281/296] CCSI
[10:01:12] [282/296] RASM
[10:01:13] [283/296] NEWC
[10:01:14] [284/296] VSHL
[10:01:16] [285/296] BISW
[10:01:17] [286/296] GCNG
[10:01:18] [287/296] CWSC
[10:01:19] [288/296] SKAN
[10:01:20] [289/296] SEHP
[10:01:21] [290/296] CCOA
[10:01:22] [291/296] MCAJ
[10:01:23] [292/296] ACDE
[10:01:25] [293/296] AACM
[10:01:26] [294/296] JJCK
[10:01:27] [295/296] RCMO
[10:01:28] [296/296] GDAW
[10:01:28] 🧹 Deduping shows
[10:01:28] ✅ DONE | Shows=467 | Movies=45
