[09:56:40] 🚀 SCRIPT STARTED
[09:56:40] [1/324] GCTA
[09:56:40] 🧠 New identity created
[09:56:41] [2/324] TOPN
[09:56:42] [3/324] MCUS
[09:56:42] [4/324] SHRL
[09:56:44] [5/324] UPTP
[09:56:45] [6/324] TMMP
[09:56:45] [7/324] DNRP
[09:56:46] [8/324] SRLT
[09:56:47] [9/324] RCNS
[09:56:48] [10/324] DCBH
[09:56:49] [11/324] NAGJ
[09:56:50] [12/324] JVRC
[09:56:51] [13/324] KRJG
[09:56:52] [14/324] SRTJ
[09:56:52] [15/324] CMXM
[09:56:53] [16/324] STMI
[09:56:54] [17/324] SLST
[09:56:55] [18/324] DTCN
[09:56:56] [19/324] STYN
[09:56:57] [20/324] SZVR
[09:56:58] [21/324] SRKO
[09:56:58] [22/324] JTGT
[09:56:59] [23/324] SVFD
[09:57:01] [24/324] SISD
[09:57:02] [25/324] ABDD
[09:57:02] [26/324] DRCA
[09:57:03] [27/324] AVCS
[09:57:04] [28/324] MVKH
[09:57:05] [29/324] ACPR
[09:57:06] [30/324] STIP
[09:57:07] [31/324] MTRA
[09:57:08] [32/324] RMKH
[09:57:08] [33/324] NKRL
[09:57:09] [34/324] PCWN
[09:57:10] [35/324] BLMT
[09:57:11] [36/324] GDPG
[09:57:12] [37/324] SRMX
[09:57:12] [38/324] JACP
[09:57:13] [39/324] CPSH
[09:57:14] [40/324] MCCD
[09:57:15] [41/324] ECGH
[09:57:15] [42/324] MKCK
[09:57:16] [43/324] SRMM
[09:57:17] [44/324] SKYR
[09:57:18] [45/324] PCKC
[09:57:19] [46/324] JCMA
[09:57:20] [47/324] BSMP
[09:57:21] [48/324] VSPA
[09:57:21] [49/324] DJYA
[09:57:22] [50/324] DIMP
[09:57:23] [51/324] FXDR
[09:57:24] [52/324] SSRC
[09:57:25] [53/324] STHP
[09:57:26] [54/324] CPPD
[09:57:26] [55/324] FCLK
[09:57:27] [56/324] SCPP
[09:57:28] [57/324] DCMJ
[09:57:29] [58/324] RCCR
[09:57:30] [59/324] INMT
[09:57:31] [60/324] LXTK
[09:57:32] [61/324] SRYK
[09:57:32] [62/324] SGDK
[09:57:33] [63/324] PPKA
[09:57:34] [64/324] SPKA
[09:57:35] [65/324] CGHH
[09:57:36] [66/324] DCJN
[09:57:37] [67/324] SRKV
[09:57:37] [68/324] SAJC
[09:57:38] [69/324] SUSR
[09:57:39] [70/324] STYG
[09:57:40] [71/324] NTKP
[09:57:41] [72/324] AKTG
[09:57:42] [73/324] CGCM
[09:57:42] [74/324] TULC
[09:57:43] [75/324] NYYZ
[09:57:44] [76/324] NYBW
[09:57:45] [77/324] MACB
[09:57:46] [78/324] SLVT
[09:57:47] [79/324] SANA
[09:57:48] [80/324] ACMR
[09:57:49] [81/324] CPKN
[09:57:50] [82/324] DLGK
[09:57:51] [83/324] CWCK
[09:57:52] [84/324] FDDH
[09:57:52] [85/324] MMMD
[09:57:54] [86/324] CMEH
[09:57:55] [87/324] GGGV
[09:57:55] [88/324] SPJL
[09:57:56] [89/324] RCCD
[09:57:57] [90/324] STTZ
[09:57:58] [91/324] BTCF
[09:57:59] [92/324] TSTZ
[09:57:59] [93/324] IPMM
[09:58:00] [94/324] PMPW
[09:58:01] [95/324] PCMZ
[09:58:03] [96/324] ESEM
[09:58:04] [97/324] PIPO
[09:58:04] [98/324] MATK
[09:58:05] [99/324] PGHM
[09:58:07] [100/324] CTSR
[09:58:07] [101/324] CYKR
[09:58:09] [102/324] MSCM
[09:58:10] [103/324] RFNP
[09:58:11] [104/324] PDCP
[09:58:12] [105/324] NPSE
[09:58:12] [106/324] MKML
[09:58:13] [107/324] FTDP
[09:58:14] [108/324] MMXA
[09:58:15] [109/324] CEPO
[09:58:15] [110/324] CMVP
[09:58:16] [111/324] SGTH
[09:58:17] [112/324] SAYN
[09:58:18] [113/324] URVS
[09:58:18] [114/324] VJTN
[09:58:19] [115/324] BBYK
[09:58:20] [116/324] SHBO
[09:58:21] [117/324] VCMR
[09:58:22] [118/324] MACT
[09:58:23] [119/324] JMNP
[09:58:23] [120/324] VICS
[09:58:25] [121/324] VCDA
[09:58:26] [122/324] GCMM
[09:58:26] [123/324] INVS
[09:58:27] [124/324] SCGM
[09:58:29] [125/324] PCDA
[09:58:30] [126/324] KDCT
[09:58:31] [127/324] JACS
[09:58:31] [128/324] GMMC
[09:58:32] [129/324] AICM
[09:58:33] [130/324] TJCM
[09:58:34] [131/324] RMTI
[09:58:35] [132/324] SHAC
[09:58:36] [133/324] APJC
[09:58:37] [134/324] GCTG
[09:58:38] [135/324] SSMC
[09:58:39] [136/324] THRM
[09:58:40] [137/324] RBCT
[09:58:41] [138/324] DIKT
[09:58:42] [139/324] MIDL
[09:58:42] [140/324] VCSN
[09:58:43] [141/324] SKTG
[09:58:45] [142/324] SMWC
[09:58:46] [143/324] MNKH
[09:58:47] [144/324] PIAT
[09:58:47] [145/324] LTTP
[09:58:48] [146/324] PTPU
[09:58:49] [147/324] ACMG
[09:58:50] [148/324] SHMM
[09:58:51] [149/324] MCMN
[09:58:52] [150/324] GLDC
[09:58:53] [151/324] HOUT
[09:58:54] [152/324] SVRP
[09:58:54] [153/324] PVDN
[09:58:55] [154/324] SCPY
[09:58:56] [155/324] DTPY
[09:58:57] [156/324] GKCS
[09:58:58] [157/324] NCAM
[09:58:59] [158/324] BSRM
[09:59:00] [159/324] RCLC
[09:59:00] [160/324] SKKD
[09:59:01] [161/324] ACHU
[09:59:03] [162/324] RSCF
[09:59:04] [163/324] IMSH
[09:59:05] [164/324] MACX
[09:59:06] [165/324] HMMW
[09:59:07] [166/324] JTCP
[09:59:07] [167/324] SREN
[09:59:08] [168/324] PJRR
[09:59:09] [169/324] INAC
[09:59:10] [170/324] BMCA
[09:59:10] [171/324] SHCB
[09:59:11] [172/324] GABA
[09:59:12] [173/324] SBCT
[09:59:13] [174/324] GCMA
[09:59:14] [175/324] MYTK
[09:59:15] [176/324] INZS
[09:59:16] [177/324] RMIK
[09:59:16] [178/324] NYCH
[09:59:17] [179/324] RAVE
[09:59:18] [180/324] PSXM
[09:59:19] [181/324] MCGP
[09:59:20] [182/324] PDDK
[09:59:21] [183/324] SPCK
[09:59:22] [184/324] MCRL
[09:59:23] [185/324] MHKT
[09:59:24] [186/324] ANRR
[09:59:25] [187/324] SAPK
[09:59:26] [188/324] NCUK
[09:59:26] [189/324] JUGA
[09:59:27] [190/324] DBSC
[09:59:28] [191/324] LALK
[09:59:29] [192/324] GUCK
[09:59:31] [193/324] STSG
[09:59:31] [194/324] PPPZ
[09:59:32] [195/324] CNCY
[09:59:33] [196/324] MTAR
[09:59:34] [197/324] VNKD
[09:59:35] [198/324] KMAJ
[09:59:35] [199/324] ACXK
[09:59:36] [200/324] UTKC
[09:59:37] [201/324] PBLK
[09:59:38] [202/324] ACBX
[09:59:39] [203/324] PTGM
[09:59:40] [204/324] BTDA
[09:59:41] [205/324] PJMB
[09:59:42] [206/324] TPDA
[09:59:43] [207/324] AMOE
[09:59:44] [208/324] PRHT
[09:59:44] [209/324] PRTA
[09:59:45] [210/324] STAM
[09:59:46] [211/324] MSAA
[09:59:47] [212/324] SDLU
[09:59:48] [213/324] RCHH
[09:59:49] [214/324] KANT
[09:59:50] [215/324] FCRT
[09:59:52] [216/324] DNKM
[09:59:53] [217/324] RYCP
[09:59:54] [218/324] MYRP
[09:59:55] [219/324] PPAK
[09:59:56] [220/324] NVPK
[09:59:57] [221/324] PRMC
[09:59:58] [222/324] JBCS
[09:59:58] [223/324] GXCK
[09:59:59] [224/324] USKO
[10:00:00] [225/324] GTEM
[10:00:01] [226/324] SMBU
[10:00:02] [227/324] VETC
[10:00:03] [228/324] LCDA
[10:00:04] [229/324] MTVT
[10:00:05] [230/324] PYCP
[10:00:05] [231/324] PNSC
[10:00:06] [232/324] PPCC
[10:00:07] [233/324] TGRT
[10:00:08] [234/324] JYOT
[10:00:09] [235/324] SRCZ
[10:00:10] [236/324] SJTE
[10:00:11] [237/324] DESC
[10:00:11] [238/324] JHVN
[10:00:12] [239/324] IPSG
[10:00:13] [240/324] IPCM
[10:00:14] [241/324] PDRS
[10:00:15] [242/324] ANCV
[10:00:15] [243/324] CMVV
[10:00:16] [244/324] SHYP
[10:00:17] [245/324] DNCS
[10:00:18] [246/324] GAJK
[10:00:19] [247/324] AKTN
[10:00:20] [248/324] KAYA
[10:00:20] [249/324] SBRC
[10:00:21] [250/324] CHTP
[10:00:23] [251/324] SHRT
[10:00:23] [252/324] BCKU
[10:00:24] [253/324] FCPS
[10:00:25] [254/324] ARDD
[10:00:26] [255/324] CPCM
[10:00:27] [256/324] CGSM
[10:00:28] [257/324] PSMP
[10:00:29] [258/324] SDAL
[10:00:29] [259/324] RTNB
[10:00:30] [260/324] LMCR
[10:00:31] [261/324] CIMA
[10:00:32] [262/324] RNAS
[10:00:33] [263/324] LITH
[10:00:34] [264/324] PBOX
[10:00:35] [265/324] FRTS
[10:00:35] [266/324] RKIC
[10:00:36] [267/324] PTAI
[10:00:37] [268/324] GCIC
[10:00:38] [269/324] FNAS
[10:00:38] [270/324] SCAR
[10:00:40] [271/324] MTCA
[10:00:41] [272/324] SCTS
[10:00:42] [273/324] SYCS
[10:00:43] [274/324] RDMS
[10:00:44] [275/324] KAMP
[10:00:44] [276/324] ERSD
[10:00:45] [277/324] MJMJ
[10:00:46] [278/324] SRCJ
[10:00:47] [279/324] SCXE
[10:00:48] [280/324] SVFR
[10:00:48] [281/324] BHCS
[10:00:49] [282/324] IMCC
[10:00:50] [283/324] PCBO
[10:00:51] [284/324] PRVN
[10:00:52] [285/324] AUPM
[10:00:53] [286/324] INBW
[10:00:54] [287/324] SVCW
[10:00:54] [288/324] RKCF
[10:00:55] [289/324] UVBH
[10:00:56] [290/324] DNCY
[10:00:57] [291/324] ABCN
[10:00:58] [292/324] PRUR
[10:00:59] [293/324] PFMR
[10:01:00] [294/324] RKCN
[10:01:00] [295/324] CFEA
[10:01:01] [296/324] SDBG
[10:01:02] [297/324] SNAR
[10:01:03] [298/324] YISI
[10:01:04] [299/324] JCFF
[10:01:05] [300/324] VTRK
[10:01:06] [301/324] PCLZ
[10:01:07] [302/324] DIMY
[10:01:08] [303/324] BBTS
[10:01:08] [304/324] GATH
[10:01:09] [305/324] GTMN
[10:01:10] [306/324] VTMH
[10:01:11] [307/324] CCKP
[10:01:12] [308/324] GPKA
[10:01:13] [309/324] MHCL
[10:01:13] [310/324] ATCL
[10:01:14] [311/324] SBCK
[10:01:15] [312/324] AMMR
[10:01:16] [313/324] MADC
[10:01:17] [314/324] TMMA
[10:01:18] [315/324] CACC
[10:01:18] [316/324] CHAL
[10:01:19] [317/324] DURG
[10:01:20] [318/324] GMKU
[10:01:21] [319/324] GECA
[10:01:22] [320/324] KYRR
[10:01:23] [321/324] KSDE
[10:01:23] [322/324] LMCI
[10:01:24] [323/324] NKCP
[10:01:25] [324/324] BGTC
[10:01:25] 🧹 Deduping shows
[10:01:26] ✅ DONE | Shows=581 | Movies=52
[16:41:23] 🚀 SCRIPT STARTED
[16:41:23] [1/324] GCTA
[16:41:23] 🧠 New identity created
[16:41:24] [2/324] TOPN
[16:41:25] [3/324] MCUS
[16:41:25] [4/324] SHRL
[16:41:26] [5/324] UPTP
[16:41:27] [6/324] TMMP
[16:41:27] [7/324] DNRP
[16:41:28] [8/324] SRLT
[16:41:28] [9/324] RCNS
[16:41:29] [10/324] DCBH
[16:41:29] [11/324] NAGJ
[16:41:30] [12/324] JVRC
[16:41:31] [13/324] KRJG
[16:41:31] [14/324] SRTJ
[16:41:32] [15/324] CMXM
[16:41:32] [16/324] STMI
[16:41:33] [17/324] SLST
[16:41:33] [18/324] DTCN
[16:41:34] [19/324] STYN
[16:41:35] [20/324] SZVR
[16:41:35] [21/324] SRKO
[16:41:36] [22/324] JTGT
[16:41:36] [23/324] SVFD
[16:41:37] [24/324] SISD
[16:41:38] [25/324] ABDD
[16:41:38] [26/324] DRCA
[16:41:39] [27/324] AVCS
[16:41:39] [28/324] MVKH
[16:41:40] [29/324] ACPR
[16:41:41] [30/324] STIP
[16:41:41] [31/324] MTRA
[16:41:42] [32/324] RMKH
[16:41:43] [33/324] NKRL
[16:41:43] [34/324] PCWN
[16:41:44] [35/324] BLMT
[16:41:44] [36/324] GDPG
[16:41:45] [37/324] SRMX
[16:41:46] [38/324] JACP
[16:41:46] [39/324] CPSH
[16:41:47] [40/324] MCCD
[16:41:47] [41/324] ECGH
[16:41:48] [42/324] MKCK
[16:41:48] [43/324] SRMM
[16:41:49] [44/324] SKYR
[16:41:49] [45/324] PCKC
[16:41:50] [46/324] JCMA
[16:41:51] [47/324] BSMP
[16:41:51] [48/324] VSPA
[16:41:52] [49/324] DJYA
[16:41:52] [50/324] DIMP
[16:41:53] [51/324] FXDR
[16:41:54] [52/324] SSRC
[16:41:54] [53/324] STHP
[16:41:55] [54/324] CPPD
[16:41:55] [55/324] FCLK
[16:41:56] [56/324] SCPP
[16:41:57] [57/324] DCMJ
[16:41:57] [58/324] RCCR
[16:41:58] [59/324] INMT
[16:41:58] [60/324] LXTK
[16:41:59] [61/324] SRYK
[16:41:59] [62/324] SGDK
[16:42:00] [63/324] PPKA
[16:42:01] [64/324] SPKA
[16:42:01] [65/324] CGHH
[16:42:02] [66/324] DCJN
[16:42:02] [67/324] SRKV
[16:42:03] [68/324] SAJC
[16:42:04] [69/324] SUSR
[16:42:04] [70/324] STYG
[16:42:05] [71/324] NTKP
[16:42:06] [72/324] AKTG
[16:42:06] [73/324] CGCM
[16:42:07] [74/324] TULC
[16:42:08] [75/324] NYYZ
[16:42:08] [76/324] NYBW
[16:42:08] [77/324] MACB
[16:42:09] [78/324] SLVT
[16:42:09] [79/324] SANA
[16:42:10] [80/324] ACMR
[16:42:10] [81/324] CPKN
[16:42:11] [82/324] DLGK
[16:42:12] [83/324] CWCK
[16:42:12] [84/324] FDDH
[16:42:13] [85/324] MMMD
[16:42:13] [86/324] CMEH
[16:42:14] [87/324] GGGV
[16:42:14] [88/324] SPJL
[16:42:15] [89/324] RCCD
[16:42:15] [90/324] STTZ
[16:42:16] [91/324] BTCF
[16:42:17] [92/324] TSTZ
[16:42:18] [93/324] IPMM
[16:42:18] [94/324] PMPW
[16:42:18] [95/324] PCMZ
[16:42:19] [96/324] ESEM
[16:42:20] [97/324] PIPO
[16:42:20] [98/324] MATK
[16:42:21] [99/324] PGHM
[16:42:22] [100/324] CTSR
[16:42:22] [101/324] CYKR
[16:42:23] [102/324] MSCM
[16:42:23] [103/324] RFNP
[16:42:24] [104/324] PDCP
[16:42:24] [105/324] NPSE
[16:42:25] [106/324] MKML
[16:42:26] [107/324] FTDP
[16:42:26] [108/324] MMXA
[16:42:27] [109/324] CEPO
[16:42:27] [110/324] CMVP
[16:42:28] [111/324] SGTH
[16:42:28] [112/324] SAYN
[16:42:29] [113/324] URVS
[16:42:29] [114/324] VJTN
[16:42:30] [115/324] BBYK
[16:42:30] [116/324] SHBO
[16:42:31] [117/324] VCMR
[16:42:32] [118/324] MACT
[16:42:32] [119/324] JMNP
[16:42:33] [120/324] VICS
[16:42:34] [121/324] VCDA
[16:42:34] [122/324] GCMM
[16:42:35] [123/324] INVS
[16:42:35] [124/324] SCGM
[16:42:36] [125/324] PCDA
[16:42:37] [126/324] KDCT
[16:42:37] [127/324] JACS
[16:42:38] [128/324] GMMC
[16:42:38] [129/324] AICM
[16:42:39] [130/324] TJCM
[16:42:39] [131/324] RMTI
[16:42:40] [132/324] SHAC
[16:42:41] [133/324] APJC
[16:42:41] [134/324] GCTG
[16:42:42] [135/324] SSMC
[16:42:42] [136/324] THRM
[16:42:43] [137/324] RBCT
[16:42:43] [138/324] DIKT
[16:42:43] [139/324] MIDL
[16:42:44] [140/324] VCSN
[16:42:44] [141/324] SKTG
[16:42:45] [142/324] SMWC
[16:42:46] [143/324] MNKH
[16:42:46] [144/324] PIAT
[16:42:47] [145/324] LTTP
[16:42:48] [146/324] PTPU
[16:42:48] [147/324] ACMG
[16:42:49] [148/324] SHMM
[16:42:50] [149/324] MCMN
[16:42:50] [150/324] GLDC
[16:42:51] [151/324] HOUT
[16:42:51] [152/324] SVRP
[16:42:52] [153/324] PVDN
[16:42:52] [154/324] SCPY
[16:42:53] [155/324] DTPY
[16:42:54] [156/324] GKCS
[16:42:54] [157/324] NCAM
[16:42:55] [158/324] BSRM
[16:42:56] [159/324] RCLC
[16:42:57] [160/324] SKKD
[16:42:58] [161/324] ACHU
[16:42:58] [162/324] RSCF
[16:43:00] [163/324] IMSH
[16:43:01] [164/324] MACX
[16:43:01] [165/324] HMMW
[16:43:02] [166/324] JTCP
[16:43:03] [167/324] SREN
[16:43:04] [168/324] PJRR
[16:43:05] [169/324] INAC
[16:43:06] [170/324] BMCA
[16:43:06] [171/324] SHCB
[16:43:07] [172/324] GABA
[16:43:08] [173/324] SBCT
[16:43:09] [174/324] GCMA
[16:43:10] [175/324] MYTK
[16:43:11] [176/324] INZS
[16:43:11] [177/324] RMIK
[16:43:12] [178/324] NYCH
[16:43:13] [179/324] RAVE
[16:43:14] [180/324] PSXM
[16:43:15] [181/324] MCGP
[16:43:16] [182/324] PDDK
[16:43:16] [183/324] SPCK
[16:43:17] [184/324] MCRL
[16:43:18] [185/324] MHKT
[16:43:19] [186/324] ANRR
[16:43:20] [187/324] SAPK
[16:43:21] [188/324] NCUK
[16:43:21] [189/324] JUGA
[16:43:22] [190/324] DBSC
[16:43:23] [191/324] LALK
[16:43:24] [192/324] GUCK
[16:43:25] [193/324] STSG
[16:43:26] [194/324] PPPZ
[16:43:27] [195/324] CNCY
[16:43:27] [196/324] MTAR
[16:43:28] [197/324] VNKD
[16:43:29] [198/324] KMAJ
[16:43:30] [199/324] ACXK
[16:43:31] [200/324] UTKC
[16:43:31] [201/324] PBLK
[16:43:32] [202/324] ACBX
[16:43:34] [203/324] PTGM
[16:43:34] [204/324] BTDA
[16:43:35] [205/324] PJMB
[16:43:35] [206/324] TPDA
[16:43:36] [207/324] AMOE
[16:43:37] [208/324] PRHT
[16:43:38] [209/324] PRTA
[16:43:39] [210/324] STAM
[16:43:40] [211/324] MSAA
[16:43:40] [212/324] SDLU
[16:43:41] [213/324] RCHH
[16:43:42] [214/324] KANT
[16:43:43] [215/324] FCRT
[16:43:43] [216/324] DNKM
[16:43:44] [217/324] RYCP
[16:43:45] [218/324] MYRP
[16:43:46] [219/324] PPAK
[16:43:47] [220/324] NVPK
[16:43:48] [221/324] PRMC
[16:43:49] [222/324] JBCS
[16:43:49] [223/324] GXCK
[16:43:50] [224/324] USKO
[16:43:51] [225/324] GTEM
[16:43:52] [226/324] SMBU
[16:43:52] [227/324] VETC
[16:43:53] [228/324] LCDA
[16:43:54] [229/324] MTVT
[16:43:55] [230/324] PYCP
[16:43:56] [231/324] PNSC
[16:43:57] [232/324] PPCC
[16:43:57] [233/324] TGRT
[16:43:58] [234/324] JYOT
[16:43:59] [235/324] SRCZ
[16:44:00] [236/324] SJTE
[16:44:01] [237/324] DESC
[16:44:02] [238/324] JHVN
[16:44:03] [239/324] IPSG
[16:44:04] [240/324] IPCM
[16:44:05] [241/324] PDRS
[16:44:06] [242/324] ANCV
[16:44:06] [243/324] CMVV
[16:44:07] [244/324] SHYP
[16:44:08] [245/324] DNCS
[16:44:09] [246/324] GAJK
[16:44:10] [247/324] AKTN
[16:44:11] [248/324] KAYA
[16:44:12] [249/324] SBRC
[16:44:12] [250/324] CHTP
[16:44:14] [251/324] SHRT
[16:44:15] [252/324] BCKU
[16:44:15] [253/324] FCPS
[16:44:16] [254/324] ARDD
[16:44:18] [255/324] CPCM
[16:44:19] [256/324] CGSM
[16:44:19] [257/324] PSMP
[16:44:20] [258/324] SDAL
[16:44:21] [259/324] RTNB
[16:44:22] [260/324] LMCR
[16:44:23] [261/324] CIMA
[16:44:23] [262/324] RNAS
[16:44:24] [263/324] LITH
[16:44:25] [264/324] PBOX
[16:44:26] [265/324] FRTS
[16:44:27] [266/324] RKIC
[16:44:28] [267/324] PTAI
[16:44:29] [268/324] GCIC
[16:44:30] [269/324] FNAS
[16:44:30] [270/324] SCAR
[16:44:31] [271/324] MTCA
[16:44:32] [272/324] SCTS
[16:44:32] [273/324] SYCS
[16:44:33] [274/324] RDMS
[16:44:34] [275/324] KAMP
[16:44:35] [276/324] ERSD
[16:44:36] [277/324] MJMJ
[16:44:37] [278/324] SRCJ
[16:44:38] [279/324] SCXE
[16:44:39] [280/324] SVFR
[16:44:40] [281/324] BHCS
[16:44:40] [282/324] IMCC
[16:44:41] [283/324] PCBO
[16:44:41] [284/324] PRVN
[16:44:42] [285/324] AUPM
[16:44:43] [286/324] INBW
[16:44:44] [287/324] SVCW
[16:44:45] [288/324] RKCF
[16:44:45] [289/324] UVBH
[16:44:46] [290/324] DNCY
[16:44:47] [291/324] ABCN
[16:44:48] [292/324] PRUR
[16:44:49] [293/324] PFMR
[16:44:50] [294/324] RKCN
[16:44:51] [295/324] CFEA
[16:44:52] [296/324] SDBG
[16:44:53] [297/324] SNAR
[16:44:54] [298/324] YISI
[16:44:54] [299/324] JCFF
[16:44:55] [300/324] VTRK
[16:44:56] [301/324] PCLZ
[16:44:57] [302/324] DIMY
[16:44:58] [303/324] BBTS
[16:44:59] [304/324] GATH
[16:45:00] [305/324] GTMN
[16:45:01] [306/324] VTMH
[16:45:01] [307/324] CCKP
[16:45:02] [308/324] GPKA
[16:45:03] [309/324] MHCL
[16:45:04] [310/324] ATCL
[16:45:05] [311/324] SBCK
[16:45:06] [312/324] AMMR
[16:45:07] [313/324] MADC
[16:45:07] [314/324] TMMA
[16:45:08] [315/324] CACC
[16:45:09] [316/324] CHAL
[16:45:10] [317/324] DURG
[16:45:11] [318/324] GMKU
[16:45:12] [319/324] GECA
[16:45:13] [320/324] KYRR
[16:45:14] [321/324] KSDE
[16:45:15] [322/324] LMCI
[16:45:16] [323/324] NKCP
[16:45:17] [324/324] BGTC
[16:45:18] 🧹 Deduping shows
[16:45:18] ✅ DONE | Shows=620 | Movies=53
[04:46:23] 🚀 SCRIPT STARTED
[04:46:23] [1/324] GCTA
[04:46:23] 🧠 New identity created
[04:46:24] [2/324] TOPN
[04:46:25] [3/324] MCUS
[04:46:25] [4/324] SHRL
[04:46:27] [5/324] UPTP
[04:46:28] [6/324] TMMP
[04:46:29] [7/324] DNRP
[04:46:30] [8/324] SRLT
[04:46:31] [9/324] RCNS
[04:46:32] [10/324] DCBH
[04:46:33] [11/324] NAGJ
[04:46:34] [12/324] JVRC
[04:46:36] [13/324] KRJG
[04:46:36] [14/324] SRTJ
[04:46:37] [15/324] CMXM
[04:46:38] [16/324] STMI
[04:46:39] [17/324] SLST
[04:46:40] [18/324] DTCN
[04:46:41] [19/324] STYN
[04:46:42] [20/324] SZVR
[04:46:43] [21/324] SRKO
[04:46:43] [22/324] JTGT
[04:46:44] [23/324] SVFD
[04:46:45] [24/324] SISD
[04:46:46] [25/324] ABDD
[04:46:47] [26/324] DRCA
[04:46:48] [27/324] AVCS
[04:46:49] [28/324] MVKH
[04:46:50] [29/324] ACPR
[04:46:50] [30/324] STIP
[04:46:51] [31/324] MTRA
[04:46:53] [32/324] RMKH
[04:46:54] [33/324] NKRL
[04:46:54] [34/324] PCWN
[04:46:55] [35/324] BLMT
[04:46:56] [36/324] GDPG
[04:46:57] [37/324] SRMX
[04:46:58] [38/324] JACP
[04:46:59] [39/324] CPSH
[04:47:00] [40/324] MCCD
[04:47:02] [41/324] ECGH
[04:47:03] [42/324] MKCK
[04:47:04] [43/324] SRMM
[04:47:05] [44/324] SKYR
[04:47:06] [45/324] PCKC
[04:47:07] [46/324] JCMA
[04:47:08] [47/324] BSMP
[04:47:09] [48/324] VSPA
[04:47:09] [49/324] DJYA
[04:47:11] [50/324] DIMP
[04:47:12] [51/324] FXDR
[04:47:13] [52/324] SSRC
[04:47:14] [53/324] STHP
[04:47:14] [54/324] CPPD
[04:47:16] [55/324] FCLK
[04:47:17] [56/324] SCPP
[04:47:18] [57/324] DCMJ
[04:47:20] [58/324] RCCR
[04:47:20] [59/324] INMT
[04:47:21] [60/324] LXTK
[04:47:22] [61/324] SRYK
[04:47:23] [62/324] SGDK
[04:47:23] [63/324] PPKA
[04:47:24] [64/324] SPKA
[04:47:25] [65/324] CGHH
[04:47:26] [66/324] DCJN
[04:47:27] [67/324] SRKV
[04:47:28] [68/324] SAJC
[04:47:29] [69/324] SUSR
[04:47:30] [70/324] STYG
[04:47:31] [71/324] NTKP
[04:47:31] [72/324] AKTG
[04:47:33] [73/324] CGCM
[04:47:34] [74/324] TULC
[04:47:35] [75/324] NYYZ
[04:47:36] [76/324] NYBW
[04:47:36] [77/324] MACB
[04:47:37] [78/324] SLVT
[04:47:38] [79/324] SANA
[04:47:39] [80/324] ACMR
[04:47:40] [81/324] CPKN
[04:47:41] [82/324] DLGK
[04:47:42] [83/324] CWCK
[04:47:43] [84/324] FDDH
[04:47:44] [85/324] MMMD
[04:47:45] [86/324] CMEH
[04:47:46] [87/324] GGGV
[04:47:47] [88/324] SPJL
[04:47:48] [89/324] RCCD
[04:47:49] [90/324] STTZ
[04:47:50] [91/324] BTCF
[04:47:51] [92/324] TSTZ
[04:47:52] [93/324] IPMM
[04:47:53] [94/324] PMPW
[04:47:54] [95/324] PCMZ
[04:47:55] [96/324] ESEM
[04:47:56] [97/324] PIPO
[04:47:57] [98/324] MATK
[04:47:58] [99/324] PGHM
[04:47:59] [100/324] CTSR
[04:48:00] [101/324] CYKR
[04:48:00] [102/324] MSCM
[04:48:01] [103/324] RFNP
[04:48:02] [104/324] PDCP
[04:48:03] [105/324] NPSE
[04:48:04] [106/324] MKML
[04:48:05] [107/324] FTDP
[04:48:06] [108/324] MMXA
[04:48:06] [109/324] CEPO
[04:48:07] [110/324] CMVP
[04:48:08] [111/324] SGTH
[04:48:09] [112/324] SAYN
[04:48:10] [113/324] URVS
[04:48:11] [114/324] VJTN
[04:48:12] [115/324] BBYK
[04:48:13] [116/324] SHBO
[04:48:14] [117/324] VCMR
[04:48:15] [118/324] MACT
[04:48:15] [119/324] JMNP
[04:48:16] [120/324] VICS
[04:48:18] [121/324] VCDA
[04:48:19] [122/324] GCMM
[04:48:19] [123/324] INVS
[04:48:21] [124/324] SCGM
[04:48:22] [125/324] PCDA
[04:48:23] [126/324] KDCT
[04:48:24] [127/324] JACS
[04:48:24] [128/324] GMMC
[04:48:25] [129/324] AICM
[04:48:26] [130/324] TJCM
[04:48:27] [131/324] RMTI
[04:48:28] [132/324] SHAC
[04:48:29] [133/324] APJC
[04:48:30] [134/324] GCTG
[04:48:30] [135/324] SSMC
[04:48:31] [136/324] THRM
[04:48:32] [137/324] RBCT
[04:48:33] [138/324] DIKT
[04:48:34] [139/324] MIDL
[04:48:35] [140/324] VCSN
[04:48:36] [141/324] SKTG
[04:48:37] [142/324] SMWC
[04:48:37] [143/324] MNKH
[04:48:38] [144/324] PIAT
[04:48:39] [145/324] LTTP
[04:48:40] [146/324] PTPU
[04:48:42] [147/324] ACMG
[04:48:43] [148/324] SHMM
[04:48:44] [149/324] MCMN
[04:48:45] [150/324] GLDC
[04:48:45] [151/324] HOUT
[04:48:46] [152/324] SVRP
[04:48:47] [153/324] PVDN
[04:48:47] [154/324] SCPY
[04:48:48] [155/324] DTPY
[04:48:49] [156/324] GKCS
[04:48:50] [157/324] NCAM
[04:48:51] [158/324] BSRM
[04:48:52] [159/324] RCLC
[04:48:53] [160/324] SKKD
[04:48:53] [161/324] ACHU
[04:48:54] [162/324] RSCF
[04:48:55] [163/324] IMSH
[04:48:56] [164/324] MACX
[04:48:57] [165/324] HMMW
[04:48:58] [166/324] JTCP
[04:48:59] [167/324] SREN
[04:49:00] [168/324] PJRR
[04:49:01] [169/324] INAC
[04:49:02] [170/324] BMCA
[04:49:03] [171/324] SHCB
[04:49:04] [172/324] GABA
[04:49:05] [173/324] SBCT
[04:49:06] [174/324] GCMA
[04:49:07] [175/324] MYTK
[04:49:07] [176/324] INZS
[04:49:08] [177/324] RMIK
[04:49:09] [178/324] NYCH
[04:49:10] [179/324] RAVE
[04:49:11] [180/324] PSXM
[04:49:12] [181/324] MCGP
[04:49:13] [182/324] PDDK
[04:49:14] [183/324] SPCK
[04:49:15] [184/324] MCRL
[04:49:16] [185/324] MHKT
[04:49:17] [186/324] ANRR
[04:49:18] [187/324] SAPK
[04:49:19] [188/324] NCUK
[04:49:20] [189/324] JUGA
[04:49:21] [190/324] DBSC
[04:49:21] [191/324] LALK
[04:49:22] [192/324] GUCK
[04:49:23] [193/324] STSG
[04:49:24] [194/324] PPPZ
[04:49:25] [195/324] CNCY
[04:49:26] [196/324] MTAR
[04:49:26] [197/324] VNKD
[04:49:27] [198/324] KMAJ
[04:49:28] [199/324] ACXK
[04:49:29] [200/324] UTKC
[04:49:30] [201/324] PBLK
[04:49:31] [202/324] ACBX
[04:49:32] [203/324] PTGM
[04:49:32] [204/324] BTDA
[04:49:33] [205/324] PJMB
[04:49:34] [206/324] TPDA
[04:49:35] [207/324] AMOE
[04:49:37] [208/324] PRHT
[04:49:37] [209/324] PRTA
[04:49:38] [210/324] STAM
[04:49:40] [211/324] MSAA
[04:49:40] [212/324] SDLU
[04:49:41] [213/324] RCHH
[04:49:42] [214/324] KANT
[04:49:43] [215/324] FCRT
[04:49:44] [216/324] DNKM
[04:49:45] [217/324] RYCP
[04:49:46] [218/324] MYRP
[04:49:48] [219/324] PPAK
[04:49:49] [220/324] NVPK
[04:49:50] [221/324] PRMC
[04:49:51] [222/324] JBCS
[04:49:52] [223/324] GXCK
[04:49:53] [224/324] USKO
[04:49:53] [225/324] GTEM
[04:49:54] [226/324] SMBU
[04:49:56] [227/324] VETC
[04:49:57] [228/324] LCDA
[04:49:58] [229/324] MTVT
[04:49:59] [230/324] PYCP
[04:50:00] [231/324] PNSC
[04:50:01] [232/324] PPCC
[04:50:02] [233/324] TGRT
[04:50:03] [234/324] JYOT
[04:50:03] [235/324] SRCZ
[04:50:05] [236/324] SJTE
[04:50:06] [237/324] DESC
[04:50:07] [238/324] JHVN
[04:50:07] [239/324] IPSG
[04:50:08] [240/324] IPCM
[04:50:09] [241/324] PDRS
[04:50:10] [242/324] ANCV
[04:50:12] [243/324] CMVV
[04:50:13] [244/324] SHYP
[04:50:13] [245/324] DNCS
[04:50:14] [246/324] GAJK
[04:50:15] [247/324] AKTN
[04:50:16] [248/324] KAYA
[04:50:17] [249/324] SBRC
[04:50:18] [250/324] CHTP
[04:50:19] [251/324] SHRT
[04:50:20] [252/324] BCKU
[04:50:21] [253/324] FCPS
[04:50:22] [254/324] ARDD
[04:50:23] [255/324] CPCM
[04:50:24] [256/324] CGSM
[04:50:25] [257/324] PSMP
[04:50:26] [258/324] SDAL
[04:50:26] [259/324] RTNB
[04:50:27] [260/324] LMCR
[04:50:28] [261/324] CIMA
[04:50:30] [262/324] RNAS
[04:50:30] [263/324] LITH
[04:50:31] [264/324] PBOX
[04:50:32] [265/324] FRTS
[04:50:33] [266/324] RKIC
[04:50:34] [267/324] PTAI
[04:50:35] [268/324] GCIC
[04:50:36] [269/324] FNAS
[04:50:37] [270/324] SCAR
[04:50:38] [271/324] MTCA
[04:50:39] [272/324] SCTS
[04:50:39] [273/324] SYCS
[04:50:41] [274/324] RDMS
[04:50:41] [275/324] KAMP
[04:50:42] [276/324] ERSD
[04:50:43] [277/324] MJMJ
[04:50:44] [278/324] SRCJ
[04:50:45] [279/324] SCXE
[04:50:46] [280/324] SVFR
[04:50:47] [281/324] BHCS
[04:50:48] [282/324] IMCC
[04:50:49] [283/324] PCBO
[04:50:49] [284/324] PRVN
[04:50:50] [285/324] AUPM
[04:50:51] [286/324] INBW
[04:50:52] [287/324] SVCW
[04:50:52] [288/324] RKCF
[04:50:53] [289/324] UVBH
[04:50:54] [290/324] DNCY
[04:50:55] [291/324] ABCN
[04:50:56] [292/324] PRUR
[04:50:57] [293/324] PFMR
[04:50:58] [294/324] RKCN
[04:50:59] [295/324] CFEA
[04:50:59] [296/324] SDBG
[04:51:00] [297/324] SNAR
[04:51:02] [298/324] YISI
[04:51:03] [299/324] JCFF
[04:51:04] [300/324] VTRK
[04:51:05] [301/324] PCLZ
[04:51:05] [302/324] DIMY
[04:51:06] [303/324] BBTS
[04:51:07] [304/324] GATH
[04:51:08] [305/324] GTMN
[04:51:09] [306/324] VTMH
[04:51:10] [307/324] CCKP
[04:51:11] [308/324] GPKA
[04:51:12] [309/324] MHCL
[04:51:13] [310/324] ATCL
[04:51:14] [311/324] SBCK
[04:51:15] [312/324] AMMR
[04:51:16] [313/324] MADC
[04:51:17] [314/324] TMMA
[04:51:18] [315/324] CACC
[04:51:18] [316/324] CHAL
[04:51:19] [317/324] DURG
[04:51:20] [318/324] GMKU
[04:51:21] [319/324] GECA
[04:51:22] [320/324] KYRR
[04:51:23] [321/324] KSDE
[04:51:24] [322/324] LMCI
[04:51:25] [323/324] NKCP
[04:51:27] [324/324] BGTC
[04:51:28] 🧹 Deduping shows
[04:51:28] ✅ DONE | Shows=781 | Movies=57
