[10:04:00] 🚀 SCRIPT STARTED
[10:04:00] [1/445] TGMR
[10:04:00] 🧠 New identity created
[10:04:01] [2/445] CXKR
[10:04:02] [3/445] SROP
[10:04:03] [4/445] GTSV
[10:04:03] [5/445] SNTY
[10:04:04] [6/445] SMYY
[10:04:05] [7/445] CNCS
[10:04:06] [8/445] CSTM
[10:04:07] [9/445] NUCD
[10:04:09] [10/445] SHCZ
[10:04:09] [11/445] NJCT
[10:04:10] [12/445] COPC
[10:04:11] [13/445] STVV
[10:04:12] [14/445] SKRN
[10:04:13] [15/445] APPZ
[10:04:14] [16/445] YMGN
[10:04:15] [17/445] SVTU
[10:04:15] [18/445] GTAD
[10:04:16] [19/445] PSUS
[10:04:17] [20/445] SMCD
[10:04:18] [21/445] CMCM
[10:04:19] [22/445] SYCT
[10:04:20] [23/445] STLY
[10:04:21] [24/445] CMHU
[10:04:22] [25/445] CMSA
[10:04:23] [26/445] CLCU
[10:04:24] [27/445] PPNT
[10:04:24] [28/445] JTAB
[10:04:25] [29/445] BUUC
[10:04:26] [30/445] BSVK
[10:04:27] [31/445] VVVQ
[10:04:28] [32/445] TKMU
[10:04:29] [33/445] ESYL
[10:04:30] [34/445] ACHP
[10:04:31] [35/445] BTKD
[10:04:32] [36/445] DESA
[10:04:32] [37/445] GBCT
[10:04:33] [38/445] BLLD
[10:04:34] [39/445] SKNT
[10:04:35] [40/445] SSTE
[10:04:36] [41/445] VJMR
[10:04:37] [42/445] NTPU
[10:04:38] [43/445] RDKN
[10:04:39] [44/445] ADGC
[10:04:40] [45/445] VRBP
[10:04:41] [46/445] NMNA
[10:04:41] [47/445] CMMX
[10:04:42] [48/445] PTKO
[10:04:43] [49/445] RBML
[10:04:44] [50/445] SAIC
[10:04:45] [51/445] SVTJ
[10:04:46] [52/445] MRTE
[10:04:47] [53/445] RBTP
[10:04:48] [54/445] NLPS
[10:04:48] [55/445] GTNA
[10:04:49] [56/445] DGGC
[10:04:50] [57/445] SMCR
[10:04:51] [58/445] SCGD
[10:04:52] [59/445] SRRJ
[10:04:52] [60/445] CNRY
[10:04:53] [61/445] KTDI
[10:04:54] [62/445] SNJL
[10:04:56] [63/445] RKMD
[10:04:57] [64/445] SMDC
[10:04:57] [65/445] TADG
[10:04:58] [66/445] MCGS
[10:04:59] [67/445] PETK
[10:05:00] [68/445] CHAG
[10:05:00] [69/445] KSTL
[10:05:02] [70/445] AADS
[10:05:03] [71/445] NTHZ
[10:05:04] [72/445] HCKI
[10:05:04] [73/445] SSEF
[10:05:05] [74/445] MCGX
[10:05:06] [75/445] ERRA
[10:05:07] [76/445] SDTW
[10:05:08] [77/445] RMPK
[10:05:08] [78/445] PTHK
[10:05:09] [79/445] PXCS
[10:05:10] [80/445] SVLU
[10:05:11] [81/445] STAH
[10:05:12] [82/445] JRGF
[10:05:14] [83/445] CDOK
[10:05:14] [84/445] CMSG
[10:05:15] [85/445] APTD
[10:05:16] [86/445] KMPG
[10:05:17] [87/445] MUTJ
[10:05:18] [88/445] VCCI
[10:05:19] [89/445] URBE
[10:05:20] [90/445] TCTS
[10:05:21] [91/445] STSN
[10:05:21] [92/445] AKCH
[10:05:22] [93/445] APSC
[10:05:23] [94/445] VLTB
[10:05:24] [95/445] SANU
[10:05:25] [96/445] AXAM
[10:05:26] [97/445] MGMG
[10:05:26] [98/445] HTBY
[10:05:27] [99/445] MMZS
[10:05:28] [100/445] SUDR
[10:05:29] [101/445] CCAD
[10:05:29] [102/445] SKKC
[10:05:30] [103/445] RMCD
[10:05:31] [104/445] SBCQ
[10:05:32] [105/445] DCCT
[10:05:33] [106/445] VTKP
[10:05:34] [107/445] MLAM
[10:05:34] [108/445] SAVT
[10:05:35] [109/445] GEPL
[10:05:36] [110/445] AMCD
[10:05:36] [111/445] CCXR
[10:05:37] [112/445] GRNG
[10:05:38] [113/445] EBCA
[10:05:39] [114/445] CNVG
[10:05:40] [115/445] MWSS
[10:05:41] [116/445] VBOR
[10:05:41] [117/445] NEEB
[10:05:42] [118/445] SUTH
[10:05:43] [119/445] ANDB
[10:05:44] [120/445] MMXS
[10:05:45] [121/445] CNPD
[10:05:46] [122/445] SDCE
[10:05:46] [123/445] DHCB
[10:05:47] [124/445] ODEN
[10:05:48] [125/445] TNTC
[10:05:49] [126/445] VBKM
[10:05:49] [127/445] RZYM
[10:05:50] [128/445] JEMC
[10:05:51] [129/445] CMAU
[10:05:52] [130/445] SIVP
[10:05:53] [131/445] ATAG
[10:05:54] [132/445] CHTM
[10:05:54] [133/445] AAEE
[10:05:55] [134/445] IWPM
[10:05:56] [135/445] KCMW
[10:05:57] [136/445] MCTD
[10:05:57] [137/445] SPWR
[10:05:58] [138/445] SDPO
[10:05:59] [139/445] PCSK
[10:06:00] [140/445] ACHV
[10:06:01] [141/445] SVLA
[10:06:02] [142/445] PICT
[10:06:03] [143/445] BXDR
[10:06:03] [144/445] SPWA
[10:06:04] [145/445] MCKO
[10:06:05] [146/445] RTHK
[10:06:06] [147/445] CCMF
[10:06:07] [148/445] MRGB
[10:06:08] [149/445] CPLC
[10:06:08] [150/445] RACD
[10:06:09] [151/445] ATKT
[10:06:10] [152/445] SARN
[10:06:11] [153/445] KKUI
[10:06:12] [154/445] RGCM
[10:06:12] [155/445] BRVP
[10:06:14] [156/445] HRSR
[10:06:15] [157/445] GKGM
[10:06:15] [158/445] TTCD
[10:06:16] [159/445] PTTI
[10:06:17] [160/445] MPTT
[10:06:18] [161/445] CVTT
[10:06:19] [162/445] PCXD
[10:06:20] [163/445] GCDC
[10:06:20] [164/445] CCCF
[10:06:21] [165/445] MRAD
[10:06:22] [166/445] CPLK
[10:06:23] [167/445] SATB
[10:06:24] [168/445] SNVG
[10:06:24] [169/445] JMBA
[10:06:26] [170/445] TEJA
[10:06:27] [171/445] STYO
[10:06:27] [172/445] JTBP
[10:06:28] [173/445] KRGD
[10:06:29] [174/445] SLJJ
[10:06:30] [175/445] SPTJ
[10:06:31] [176/445] SWJG
[10:06:31] [177/445] LKRT
[10:06:32] [178/445] KCKA
[10:06:33] [179/445] SNCR
[10:06:34] [180/445] SMKL
[10:06:35] [181/445] GCFA
[10:06:36] [182/445] DDCK
[10:06:36] [183/445] NCHJ
[10:06:37] [184/445] RDMA
[10:06:38] [185/445] SVSV
[10:06:39] [186/445] SCJG
[10:06:40] [187/445] VKLP
[10:06:41] [188/445] NWCC
[10:06:41] [189/445] VKNS
[10:06:43] [190/445] SDDP
[10:06:45] [191/445] ACSI
[10:06:45] [192/445] SATG
[10:06:46] [193/445] SCMW
[10:06:47] [194/445] LKTK
[10:06:49] [195/445] VCKV
[10:06:50] [196/445] KKPE
[10:06:51] [197/445] KIGH
[10:06:51] [198/445] SRPM
[10:06:52] [199/445] SCAH
[10:06:53] [200/445] MUTA
[10:06:54] [201/445] SEPU
[10:06:55] [202/445] INOA
[10:06:56] [203/445] BASK
[10:06:57] [204/445] NECB
[10:06:58] [205/445] GTTG
[10:06:59] [206/445] ASSA
[10:07:00] [207/445] ANCL
[10:07:00] [208/445] GCTI
[10:07:01] [209/445] RCTS
[10:07:02] [210/445] ACNL
[10:07:03] [211/445] MYCT
[10:07:04] [212/445] NMHT
[10:07:05] [213/445] MDIT
[10:07:06] [214/445] LATG
[10:07:06] [215/445] SMTY
[10:07:07] [216/445] CVCT
[10:07:08] [217/445] RAMB
[10:07:09] [218/445] TGMS
[10:07:10] [219/445] BHEL
[10:07:11] [220/445] SHCT
[10:07:12] [221/445] SVCT
[10:07:12] [222/445] MRIY
[10:07:13] [223/445] SARO
[10:07:14] [224/445] STCT
[10:07:15] [225/445] JKKC
[10:07:16] [226/445] PLTT
[10:07:17] [227/445] SRNT
[10:07:18] [228/445] YAST
[10:07:19] [229/445] PERL
[10:07:19] [230/445] CICM
[10:07:20] [231/445] MMTR
[10:07:21] [232/445] ABTK
[10:07:22] [233/445] ATYY
[10:07:23] [234/445] ASTK
[10:07:24] [235/445] VVCK
[10:07:25] [236/445] ATKY
[10:07:26] [237/445] GWEK
[10:07:27] [238/445] SVFH
[10:07:28] [239/445] SLTA
[10:07:28] [240/445] AASH
[10:07:29] [241/445] ACXB
[10:07:31] [242/445] SMTX
[10:07:31] [243/445] AZDH
[10:07:32] [244/445] CMMH
[10:07:33] [245/445] SCSZ
[10:07:34] [246/445] SCKP
[10:07:35] [247/445] NXTM
[10:07:37] [248/445] NWCS
[10:07:38] [249/445] CXMH
[10:07:38] [250/445] PCMA
[10:07:39] [251/445] SGCM
[10:07:40] [252/445] SDTU
[10:07:41] [253/445] MMVI
[10:07:42] [254/445] JKCM
[10:07:43] [255/445] VCMM
[10:07:43] [256/445] SYEE
[10:07:44] [257/445] VASD
[10:07:45] [258/445] BDRB
[10:07:46] [259/445] LASM
[10:07:47] [260/445] DCRL
[10:07:47] [261/445] DVPM
[10:07:48] [262/445] SBMJ
[10:07:50] [263/445] CBMU
[10:07:51] [264/445] IUBS
[10:07:51] [265/445] INAP
[10:07:52] [266/445] SRRC
[10:07:53] [267/445] SAGR
[10:07:54] [268/445] CPMJ
[10:07:55] [269/445] ATJL
[10:07:56] [270/445] NNTD
[10:07:57] [271/445] JHCJ
[10:07:57] [272/445] CMMP
[10:07:58] [273/445] RSDR
[10:07:59] [274/445] AMTI
[10:08:00] [275/445] NYSG
[10:08:01] [276/445] AVSG
[10:08:02] [277/445] SYTP
[10:08:03] [278/445] LARC
[10:08:03] [279/445] RJTP
[10:08:05] [280/445] LAKC
[10:08:05] [281/445] MCXE
[10:08:06] [282/445] CCZC
[10:08:07] [283/445] AVCH
[10:08:08] [284/445] CMBE
[10:08:09] [285/445] MRRC
[10:08:10] [286/445] PCPY
[10:08:11] [287/445] SRMH
[10:08:12] [288/445] SVGS
[10:08:12] [289/445] PCSE
[10:08:14] [290/445] SVFT
[10:08:15] [291/445] TNZP
[10:08:15] [292/445] ICTP
[10:08:16] [293/445] ACTZ
[10:08:17] [294/445] GTUR
[10:08:19] [295/445] MAFC
[10:08:20] [296/445] MINL
[10:08:21] [297/445] MRCL
[10:08:21] [298/445] RCRP
[10:08:22] [299/445] RFFG
[10:08:23] [300/445] RMAS
[10:08:24] [301/445] INVR
[10:08:25] [302/445] RMAR
[10:08:26] [303/445] CNIS
[10:08:26] [304/445] RHRJ
[10:08:28] [305/445] INXR
[10:08:29] [306/445] VALT
[10:08:29] [307/445] LCSH
[10:08:30] [308/445] CMVS
[10:08:32] [309/445] CNMS
[10:08:33] [310/445] ROOG
[10:08:34] [311/445] ISRM
[10:08:35] [312/445] RCRM
[10:08:35] [313/445] ACJA
[10:08:36] [314/445] RCVS
[10:08:38] [315/445] CPUS
[10:08:39] [316/445] TGCS
[10:08:40] [317/445] RKCJ
[10:08:40] [318/445] MKSB
[10:08:41] [319/445] TCSJ
[10:08:42] [320/445] RMGP
[10:08:42] [321/445] CLLP
[10:08:43] [322/445] RCMV
[10:08:44] [323/445] CCKS
[10:08:45] [324/445] RSRP
[10:08:46] [325/445] APLP
[10:08:47] [326/445] CNVS
[10:08:49] [327/445] RMVY
[10:08:50] [328/445] PGBD
[10:08:51] [329/445] KLMS
[10:08:52] [330/445] RUST
[10:08:53] [331/445] MASM
[10:08:54] [332/445] BACS
[10:08:55] [333/445] BWST
[10:08:56] [334/445] RRFH
[10:08:57] [335/445] SJTM
[10:08:58] [336/445] BEMR
[10:08:59] [337/445] MCGR
[10:09:00] [338/445] SDSK
[10:09:01] [339/445] VBOL
[10:09:02] [340/445] RMGM
[10:09:03] [341/445] NOPL
[10:09:04] [342/445] MKJK
[10:09:04] [343/445] CVRN
[10:09:05] [344/445] MMEN
[10:09:06] [345/445] AMNG
[10:09:07] [346/445] INTM
[10:09:08] [347/445] SLCZ
[10:09:09] [348/445] AMJN
[10:09:10] [349/445] ACJN
[10:09:11] [350/445] AMKN
[10:09:13] [351/445] BTCN
[10:09:14] [352/445] AMBT
[10:09:14] [353/445] PACN
[10:09:15] [354/445] LCNS
[10:09:16] [355/445] PPKC
[10:09:17] [356/445] JYYN
[10:09:18] [357/445] JTNR
[10:09:19] [358/445] GTEE
[10:09:19] [359/445] SRNM
[10:09:20] [360/445] SDTC
[10:09:22] [361/445] VPCA
[10:09:23] [362/445] VLRA
[10:09:23] [363/445] SHKR
[10:09:24] [364/445] SBKD
[10:09:25] [365/445] SAAD
[10:09:26] [366/445] JTGN
[10:09:27] [367/445] SLAM
[10:09:27] [368/445] VTPM
[10:09:28] [369/445] ANPT
[10:09:29] [370/445] PUNB
[10:09:30] [371/445] CPKT
[10:09:31] [372/445] CNWE
[10:09:32] [373/445] ECPP
[10:09:33] [374/445] CPAR
[10:09:34] [375/445] ESBW
[10:09:34] [376/445] PKPU
[10:09:35] [377/445] CPRP
[10:09:36] [378/445] RAHU
[10:09:37] [379/445] RHMN
[10:09:38] [380/445] FMJP
[10:09:39] [381/445] CTMP
[10:09:39] [382/445] INPN
[10:09:40] [383/445] STTG
[10:09:41] [384/445] CTRD
[10:09:42] [385/445] PUVB
[10:09:43] [386/445] ESVP
[10:09:44] [387/445] CPFT
[10:09:45] [388/445] LCPC
[10:09:46] [389/445] VBCT
[10:09:47] [390/445] FSCW
[10:09:48] [391/445] VCMP
[10:09:48] [392/445] ASHC
[10:09:49] [393/445] VLCX
[10:09:51] [394/445] SHEV
[10:09:52] [395/445] APCO
[10:09:53] [396/445] SILC
[10:09:54] [397/445] SNMR
[10:09:55] [398/445] KYBO
[10:09:56] [399/445] SATK
[10:09:57] [400/445] SSCS
[10:09:58] [401/445] CLSB
[10:09:59] [402/445] KMJR
[10:10:00] [403/445] FSCK
[10:10:01] [404/445] NNKA
[10:10:02] [405/445] CLMK
[10:10:02] [406/445] DMPZ
[10:10:03] [407/445] INQM
[10:10:04] [408/445] CAML
[10:10:05] [409/445] INRK
[10:10:06] [410/445] IMKN
[10:10:06] [411/445] SVNR
[10:10:07] [412/445] INSL
[10:10:08] [413/445] MSMA
[10:10:09] [414/445] MCKK
[10:10:10] [415/445] FCHP
[10:10:11] [416/445] SFCR
[10:10:12] [417/445] NACK
[10:10:13] [418/445] PVAK
[10:10:13] [419/445] INER
[10:10:14] [420/445] RDBK
[10:10:15] [421/445] SVFN
[10:10:16] [422/445] IFRM
[10:10:17] [423/445] ATCK
[10:10:18] [424/445] ASKO
[10:10:19] [425/445] STKT
[10:10:19] [426/445] SVFB
[10:10:20] [427/445] INKS
[10:10:21] [428/445] PCRA
[10:10:22] [429/445] ATJA
[10:10:23] [430/445] IMJN
[10:10:24] [431/445] INHD
[10:10:25] [432/445] BARA
[10:10:26] [433/445] MCSL
[10:10:27] [434/445] RTOY
[10:10:28] [435/445] MENO
[10:10:28] [436/445] PUDM
[10:10:29] [437/445] PRCN
[10:10:30] [438/445] JMJR
[10:10:31] [439/445] SSGK
[10:10:32] [440/445] SSRL
[10:10:33] [441/445] JYKL
[10:10:34] [442/445] ACNB
[10:10:34] [443/445] SONP
[10:10:35] [444/445] EMCI
[10:10:36] [445/445] MRJH
[10:10:36] 🧹 Deduping shows
[10:10:36] ✅ DONE | Shows=89 | Movies=8
[16:44:44] 🚀 SCRIPT STARTED
[16:44:44] [1/445] TGMR
[16:44:44] 🧠 New identity created
[16:44:45] [2/445] CXKR
[16:44:46] [3/445] SROP
[16:44:47] [4/445] GTSV
[16:44:49] [5/445] SNTY
[16:44:50] [6/445] SMYY
[16:44:51] [7/445] CNCS
[16:44:52] [8/445] CSTM
[16:44:52] [9/445] NUCD
[16:44:53] [10/445] SHCZ
[16:44:54] [11/445] NJCT
[16:44:55] [12/445] COPC
[16:44:55] [13/445] STVV
[16:44:56] [14/445] SKRN
[16:44:57] [15/445] APPZ
[16:44:58] [16/445] YMGN
[16:44:59] [17/445] SVTU
[16:45:00] [18/445] GTAD
[16:45:01] [19/445] PSUS
[16:45:02] [20/445] SMCD
[16:45:03] [21/445] CMCM
[16:45:04] [22/445] SYCT
[16:45:05] [23/445] STLY
[16:45:06] [24/445] CMHU
[16:45:07] [25/445] CMSA
[16:45:08] [26/445] CLCU
[16:45:09] [27/445] PPNT
[16:45:10] [28/445] JTAB
[16:45:12] [29/445] BUUC
[16:45:12] [30/445] BSVK
[16:45:14] [31/445] VVVQ
[16:45:15] [32/445] TKMU
[16:45:16] [33/445] ESYL
[16:45:18] [34/445] ACHP
[16:45:19] [35/445] BTKD
[16:45:20] [36/445] DESA
[16:45:21] [37/445] GBCT
[16:45:22] [38/445] BLLD
[16:45:23] [39/445] SKNT
[16:45:24] [40/445] SSTE
[16:45:25] [41/445] VJMR
[16:45:26] [42/445] NTPU
[16:45:27] [43/445] RDKN
[16:45:28] [44/445] ADGC
[16:45:29] [45/445] VRBP
[16:45:30] [46/445] NMNA
[16:45:31] [47/445] CMMX
[16:45:32] [48/445] PTKO
[16:45:33] [49/445] RBML
[16:45:34] [50/445] SAIC
[16:45:35] [51/445] SVTJ
[16:45:36] [52/445] MRTE
[16:45:37] [53/445] RBTP
[16:45:38] [54/445] NLPS
[16:45:39] [55/445] GTNA
[16:45:39] [56/445] DGGC
[16:45:40] [57/445] SMCR
[16:45:41] [58/445] SCGD
[16:45:42] [59/445] SRRJ
[16:45:44] [60/445] CNRY
[16:45:44] [61/445] KTDI
[16:45:46] [62/445] SNJL
[16:45:46] [63/445] RKMD
[16:45:47] [64/445] SMDC
[16:45:48] [65/445] TADG
[16:45:49] [66/445] MCGS
[16:45:50] [67/445] PETK
[16:45:51] [68/445] CHAG
[16:45:52] [69/445] KSTL
[16:45:52] [70/445] AADS
[16:45:53] [71/445] NTHZ
[16:45:54] [72/445] HCKI
[16:45:55] [73/445] SSEF
[16:45:56] [74/445] MCGX
[16:45:57] [75/445] ERRA
[16:45:58] [76/445] SDTW
[16:45:59] [77/445] RMPK
[16:46:00] [78/445] PTHK
[16:46:01] [79/445] PXCS
[16:46:02] [80/445] SVLU
[16:46:03] [81/445] STAH
[16:46:04] [82/445] JRGF
[16:46:05] [83/445] CDOK
[16:46:06] [84/445] CMSG
[16:46:07] [85/445] APTD
[16:46:08] [86/445] KMPG
[16:46:09] [87/445] MUTJ
[16:46:10] [88/445] VCCI
[16:46:10] [89/445] URBE
[16:46:11] [90/445] TCTS
[16:46:13] [91/445] STSN
[16:46:13] [92/445] AKCH
[16:46:14] [93/445] APSC
[16:46:15] [94/445] VLTB
[16:46:16] [95/445] SANU
[16:46:17] [96/445] AXAM
[16:46:18] [97/445] MGMG
[16:46:18] [98/445] HTBY
[16:46:19] [99/445] MMZS
[16:46:20] [100/445] SUDR
[16:46:21] [101/445] CCAD
[16:46:22] [102/445] SKKC
[16:46:23] [103/445] RMCD
[16:46:23] [104/445] SBCQ
[16:46:24] [105/445] DCCT
[16:46:25] [106/445] VTKP
[16:46:26] [107/445] MLAM
[16:46:27] [108/445] SAVT
[16:46:28] [109/445] GEPL
[16:46:30] [110/445] AMCD
[16:46:31] [111/445] CCXR
[16:46:31] [112/445] GRNG
[16:46:32] [113/445] EBCA
[16:46:33] [114/445] CNVG
[16:46:34] [115/445] MWSS
[16:46:35] [116/445] VBOR
[16:46:36] [117/445] NEEB
[16:46:37] [118/445] SUTH
[16:46:38] [119/445] ANDB
[16:46:39] [120/445] MMXS
[16:46:40] [121/445] CNPD
[16:46:40] [122/445] SDCE
[16:46:41] [123/445] DHCB
[16:46:42] [124/445] ODEN
[16:46:43] [125/445] TNTC
[16:46:45] [126/445] VBKM
[16:46:45] [127/445] RZYM
[16:46:46] [128/445] JEMC
[16:46:47] [129/445] CMAU
[16:46:49] [130/445] SIVP
[16:46:50] [131/445] ATAG
[16:46:51] [132/445] CHTM
[16:46:53] [133/445] AAEE
[16:46:53] [134/445] IWPM
[16:46:54] [135/445] KCMW
[16:46:55] [136/445] MCTD
[16:46:57] [137/445] SPWR
[16:46:58] [138/445] SDPO
[16:46:59] [139/445] PCSK
[16:47:00] [140/445] ACHV
[16:47:00] [141/445] SVLA
[16:47:02] [142/445] PICT
[16:47:03] [143/445] BXDR
[16:47:04] [144/445] SPWA
[16:47:05] [145/445] MCKO
[16:47:06] [146/445] RTHK
[16:47:07] [147/445] CCMF
[16:47:08] [148/445] MRGB
[16:47:08] [149/445] CPLC
[16:47:09] [150/445] RACD
[16:47:10] [151/445] ATKT
[16:47:11] [152/445] SARN
[16:47:12] [153/445] KKUI
[16:47:13] [154/445] RGCM
[16:47:15] [155/445] BRVP
[16:47:16] [156/445] HRSR
[16:47:17] [157/445] GKGM
[16:47:17] [158/445] TTCD
[16:47:18] [159/445] PTTI
[16:47:19] [160/445] MPTT
[16:47:20] [161/445] CVTT
[16:47:21] [162/445] PCXD
[16:47:22] [163/445] GCDC
[16:47:24] [164/445] CCCF
[16:47:25] [165/445] MRAD
[16:47:26] [166/445] CPLK
[16:47:27] [167/445] SATB
[16:47:28] [168/445] SNVG
[16:47:29] [169/445] JMBA
[16:47:30] [170/445] TEJA
[16:47:31] [171/445] STYO
[16:47:32] [172/445] JTBP
[16:47:33] [173/445] KRGD
[16:47:34] [174/445] SLJJ
[16:47:35] [175/445] SPTJ
[16:47:36] [176/445] SWJG
[16:47:37] [177/445] LKRT
[16:47:38] [178/445] KCKA
[16:47:39] [179/445] SNCR
[16:47:40] [180/445] SMKL
[16:47:40] [181/445] GCFA
[16:47:41] [182/445] DDCK
[16:47:42] [183/445] NCHJ
[16:47:43] [184/445] RDMA
[16:47:44] [185/445] SVSV
[16:47:45] [186/445] SCJG
[16:47:46] [187/445] VKLP
[16:47:47] [188/445] NWCC
[16:47:48] [189/445] VKNS
[16:47:49] [190/445] SDDP
[16:47:49] [191/445] ACSI
[16:47:50] [192/445] SATG
[16:47:52] [193/445] SCMW
[16:47:53] [194/445] LKTK
[16:47:54] [195/445] VCKV
[16:47:54] [196/445] KKPE
[16:47:55] [197/445] KIGH
[16:47:56] [198/445] SRPM
[16:47:57] [199/445] SCAH
[16:47:58] [200/445] MUTA
[16:47:59] [201/445] SEPU
[16:48:00] [202/445] INOA
[16:48:01] [203/445] BASK
[16:48:02] [204/445] NECB
[16:48:03] [205/445] GTTG
[16:48:04] [206/445] ASSA
[16:48:05] [207/445] ANCL
[16:48:06] [208/445] GCTI
[16:48:07] [209/445] RCTS
[16:48:08] [210/445] ACNL
[16:48:08] [211/445] MYCT
[16:48:09] [212/445] NMHT
[16:48:10] [213/445] MDIT
[16:48:11] [214/445] LATG
[16:48:12] [215/445] SMTY
[16:48:13] [216/445] CVCT
[16:48:14] [217/445] RAMB
[16:48:15] [218/445] TGMS
[16:48:16] [219/445] BHEL
[16:48:17] [220/445] SHCT
[16:48:18] [221/445] SVCT
[16:48:19] [222/445] MRIY
[16:48:20] [223/445] SARO
[16:48:20] [224/445] STCT
[16:48:21] [225/445] JKKC
[16:48:22] [226/445] PLTT
[16:48:24] [227/445] SRNT
[16:48:25] [228/445] YAST
[16:48:26] [229/445] PERL
[16:48:27] [230/445] CICM
[16:48:28] [231/445] MMTR
[16:48:29] [232/445] ABTK
[16:48:30] [233/445] ATYY
[16:48:31] [234/445] ASTK
[16:48:32] [235/445] VVCK
[16:48:33] [236/445] ATKY
[16:48:34] [237/445] GWEK
[16:48:35] [238/445] SVFH
[16:48:35] [239/445] SLTA
[16:48:36] [240/445] AASH
[16:48:37] [241/445] ACXB
[16:48:38] [242/445] SMTX
[16:48:39] [243/445] AZDH
[16:48:40] [244/445] CMMH
[16:48:41] [245/445] SCSZ
[16:48:43] [246/445] SCKP
[16:48:44] [247/445] NXTM
[16:48:44] [248/445] NWCS
[16:48:45] [249/445] CXMH
[16:48:46] [250/445] PCMA
[16:48:47] [251/445] SGCM
[16:48:48] [252/445] SDTU
[16:48:49] [253/445] MMVI
[16:48:50] [254/445] JKCM
[16:48:51] [255/445] VCMM
[16:48:52] [256/445] SYEE
[16:48:52] [257/445] VASD
[16:48:53] [258/445] BDRB
[16:48:54] [259/445] LASM
[16:48:55] [260/445] DCRL
[16:48:56] [261/445] DVPM
[16:48:57] [262/445] SBMJ
[16:48:58] [263/445] CBMU
[16:48:58] [264/445] IUBS
[16:48:59] [265/445] INAP
[16:49:01] [266/445] SRRC
[16:49:02] [267/445] SAGR
[16:49:03] [268/445] CPMJ
[16:49:03] [269/445] ATJL
[16:49:04] [270/445] NNTD
[16:49:05] [271/445] JHCJ
[16:49:06] [272/445] CMMP
[16:49:07] [273/445] RSDR
[16:49:08] [274/445] AMTI
[16:49:09] [275/445] NYSG
[16:49:11] [276/445] AVSG
[16:49:12] [277/445] SYTP
[16:49:13] [278/445] LARC
[16:49:14] [279/445] RJTP
[16:49:15] [280/445] LAKC
[16:49:16] [281/445] MCXE
[16:49:17] [282/445] CCZC
[16:49:18] [283/445] AVCH
[16:49:19] [284/445] CMBE
[16:49:20] [285/445] MRRC
[16:49:21] [286/445] PCPY
[16:49:22] [287/445] SRMH
[16:49:23] [288/445] SVGS
[16:49:24] [289/445] PCSE
[16:49:25] [290/445] SVFT
[16:49:26] [291/445] TNZP
[16:49:27] [292/445] ICTP
[16:49:27] [293/445] ACTZ
[16:49:28] [294/445] GTUR
[16:49:29] [295/445] MAFC
[16:49:30] [296/445] MINL
[16:49:31] [297/445] MRCL
[16:49:32] [298/445] RCRP
[16:49:32] [299/445] RFFG
[16:49:33] [300/445] RMAS
[16:49:34] [301/445] INVR
[16:49:35] [302/445] RMAR
[16:49:36] [303/445] CNIS
[16:49:37] [304/445] RHRJ
[16:49:38] [305/445] INXR
[16:49:39] [306/445] VALT
[16:49:40] [307/445] LCSH
[16:49:41] [308/445] CMVS
[16:49:42] [309/445] CNMS
[16:49:43] [310/445] ROOG
[16:49:44] [311/445] ISRM
[16:49:44] [312/445] RCRM
[16:49:46] [313/445] ACJA
[16:49:47] [314/445] RCVS
[16:49:47] [315/445] CPUS
[16:49:49] [316/445] TGCS
[16:49:50] [317/445] RKCJ
[16:49:51] [318/445] MKSB
[16:49:52] [319/445] TCSJ
[16:49:53] [320/445] RMGP
[16:49:54] [321/445] CLLP
[16:49:55] [322/445] RCMV
[16:49:56] [323/445] CCKS
[16:49:57] [324/445] RSRP
[16:49:58] [325/445] APLP
[16:49:59] [326/445] CNVS
[16:50:00] [327/445] RMVY
[16:50:01] [328/445] PGBD
[16:50:01] [329/445] KLMS
[16:50:02] [330/445] RUST
[16:50:03] [331/445] MASM
[16:50:04] [332/445] BACS
[16:50:05] [333/445] BWST
[16:50:06] [334/445] RRFH
[16:50:07] [335/445] SJTM
[16:50:08] [336/445] BEMR
[16:50:09] [337/445] MCGR
[16:50:10] [338/445] SDSK
[16:50:11] [339/445] VBOL
[16:50:12] [340/445] RMGM
[16:50:13] [341/445] NOPL
[16:50:14] [342/445] MKJK
[16:50:15] [343/445] CVRN
[16:50:15] [344/445] MMEN
[16:50:16] [345/445] AMNG
[16:50:17] [346/445] INTM
[16:50:18] [347/445] SLCZ
[16:50:19] [348/445] AMJN
[16:50:20] [349/445] ACJN
[16:50:21] [350/445] AMKN
[16:50:22] [351/445] BTCN
[16:50:22] [352/445] AMBT
[16:50:23] [353/445] PACN
[16:50:24] [354/445] LCNS
[16:50:25] [355/445] PPKC
[16:50:26] [356/445] JYYN
[16:50:27] [357/445] JTNR
[16:50:27] [358/445] GTEE
[16:50:28] [359/445] SRNM
[16:50:29] [360/445] SDTC
[16:50:30] [361/445] VPCA
[16:50:31] [362/445] VLRA
[16:50:32] [363/445] SHKR
[16:50:34] [364/445] SBKD
[16:50:34] [365/445] SAAD
[16:50:35] [366/445] JTGN
[16:50:36] [367/445] SLAM
[16:50:37] [368/445] VTPM
[16:50:38] [369/445] ANPT
[16:50:39] [370/445] PUNB
[16:50:40] [371/445] CPKT
[16:50:41] [372/445] CNWE
[16:50:42] [373/445] ECPP
[16:50:43] [374/445] CPAR
[16:50:44] [375/445] ESBW
[16:50:45] [376/445] PKPU
[16:50:47] [377/445] CPRP
[16:50:48] [378/445] RAHU
[16:50:49] [379/445] RHMN
[16:50:50] [380/445] FMJP
[16:50:51] [381/445] CTMP
[16:50:52] [382/445] INPN
[16:50:53] [383/445] STTG
[16:50:54] [384/445] CTRD
[16:50:54] [385/445] PUVB
[16:50:55] [386/445] ESVP
[16:50:56] [387/445] CPFT
[16:50:57] [388/445] LCPC
[16:50:58] [389/445] VBCT
[16:50:59] [390/445] FSCW
[16:50:59] [391/445] VCMP
[16:51:00] [392/445] ASHC
[16:51:01] [393/445] VLCX
[16:51:02] [394/445] SHEV
[16:51:03] [395/445] APCO
[16:51:04] [396/445] SILC
[16:51:05] [397/445] SNMR
[16:51:06] [398/445] KYBO
[16:51:07] [399/445] SATK
[16:51:08] [400/445] SSCS
[16:51:09] [401/445] CLSB
[16:51:09] [402/445] KMJR
[16:51:10] [403/445] FSCK
[16:51:11] [404/445] NNKA
[16:51:12] [405/445] CLMK
[16:51:13] [406/445] DMPZ
[16:51:14] [407/445] INQM
[16:51:15] [408/445] CAML
[16:51:16] [409/445] INRK
[16:51:16] [410/445] IMKN
[16:51:17] [411/445] SVNR
[16:51:18] [412/445] INSL
[16:51:19] [413/445] MSMA
[16:51:20] [414/445] MCKK
[16:51:21] [415/445] FCHP
[16:51:22] [416/445] SFCR
[16:51:23] [417/445] NACK
[16:51:24] [418/445] PVAK
[16:51:24] [419/445] INER
[16:51:25] [420/445] RDBK
[16:51:26] [421/445] SVFN
[16:51:27] [422/445] IFRM
[16:51:27] [423/445] ATCK
[16:51:28] [424/445] ASKO
[16:51:29] [425/445] STKT
[16:51:30] [426/445] SVFB
[16:51:31] [427/445] INKS
[16:51:32] [428/445] PCRA
[16:51:33] [429/445] ATJA
[16:51:34] [430/445] IMJN
[16:51:34] [431/445] INHD
[16:51:35] [432/445] BARA
[16:51:36] [433/445] MCSL
[16:51:37] [434/445] RTOY
[16:51:38] [435/445] MENO
[16:51:39] [436/445] PUDM
[16:51:40] [437/445] PRCN
[16:51:41] [438/445] JMJR
[16:51:41] [439/445] SSGK
[16:51:42] [440/445] SSRL
[16:51:43] [441/445] JYKL
[16:51:44] [442/445] ACNB
[16:51:46] [443/445] SONP
[16:51:46] [444/445] EMCI
[16:51:47] [445/445] MRJH
[16:51:48] 🧹 Deduping shows
[16:51:48] ✅ DONE | Shows=126 | Movies=13
