[10:04:04] 🚀 SCRIPT STARTED
[10:04:04] [1/459] NECA
[10:04:04] 🧠 New identity created
[10:04:05] [2/459] BJLC
[10:04:06] [3/459] BASU
[10:04:07] [4/459] RUPI
[10:04:08] [5/459] LCBK
[10:04:09] [6/459] PMAC
[10:04:09] [7/459] AMLC
[10:04:10] [8/459] LICL
[10:04:12] [9/459] UDMM
[10:04:13] [10/459] STBZ
[10:04:14] [11/459] UUBT
[10:04:15] [12/459] SJKC
[10:04:15] [13/459] TUAL
[10:04:16] [14/459] MRSE
[10:04:17] [15/459] RMRK
[10:04:18] [16/459] TTKP
[10:04:19] [17/459] KTKO
[10:04:20] [18/459] SDBK
[10:04:21] [19/459] MCPR
[10:04:22] [20/459] CHTI
[10:04:23] [21/459] GCCP
[10:04:24] [22/459] SRMY
[10:04:24] [23/459] NYST
[10:04:25] [24/459] NYAG
[10:04:27] [25/459] SBMT
[10:04:27] [26/459] INGA
[10:04:29] [27/459] WSIC
[10:04:29] [28/459] SCSS
[10:04:31] [29/459] COPG
[10:04:32] [30/459] RCGR
[10:04:34] [31/459] TCZA
[10:04:35] [32/459] CNLP
[10:04:35] [33/459] CLKN
[10:04:36] [34/459] LHDF
[10:04:37] [35/459] ELKC
[10:04:38] [36/459] VCEM
[10:04:39] [37/459] SSZA
[10:04:40] [38/459] KRMT
[10:04:41] [39/459] LCMV
[10:04:42] [40/459] AYCZ
[10:04:43] [41/459] CUMS
[10:04:44] [42/459] BOCK
[10:04:45] [43/459] PNMR
[10:04:46] [44/459] PJCP
[10:04:47] [45/459] JDDD
[10:04:48] [46/459] STMS
[10:04:49] [47/459] FLMB
[10:04:50] [48/459] PKCM
[10:04:50] [49/459] SPPR
[10:04:51] [50/459] EYLH
[10:04:52] [51/459] RJCC
[10:04:53] [52/459] MMPS
[10:04:54] [53/459] SHMX
[10:04:55] [54/459] CCNL
[10:04:55] [55/459] RCNV
[10:04:56] [56/459] MAAG
[10:04:57] [57/459] LXCM
[10:04:59] [58/459] RCNI
[10:05:00] [59/459] SNNI
[10:05:01] [60/459] LALC
[10:05:02] [61/459] SOCN
[10:05:03] [62/459] JHTP
[10:05:04] [63/459] PITP
[10:05:04] [64/459] CCKW
[10:05:05] [65/459] MCMC
[10:05:06] [66/459] DEES
[10:05:07] [67/459] SABT
[10:05:08] [68/459] VSPP
[10:05:09] [69/459] ABCT
[10:05:10] [70/459] JVTB
[10:05:11] [71/459] VCBD
[10:05:11] [72/459] RMGG
[10:05:12] [73/459] RNMH
[10:05:14] [74/459] SPGL
[10:05:16] [75/459] JTTR
[10:05:17] [76/459] SICS
[10:05:18] [77/459] SRMI
[10:05:19] [78/459] SSIJ
[10:05:19] [79/459] KFMT
[10:05:21] [80/459] VBIT
[10:05:22] [81/459] JKCT
[10:05:22] [82/459] GCGP
[10:05:23] [83/459] GDCS
[10:05:24] [84/459] TRBA
[10:05:25] [85/459] QUST
[10:05:27] [86/459] VSHM
[10:05:28] [87/459] SDCP
[10:05:28] [88/459] SNVS
[10:05:29] [89/459] NYTO
[10:05:30] [90/459] URWC
[10:05:31] [91/459] GTWH
[10:05:33] [92/459] PFCM
[10:05:34] [93/459] KRTA
[10:05:34] [94/459] AXMC
[10:05:35] [95/459] EVMC
[10:05:37] [96/459] HGSM
[10:05:38] [97/459] ACVM
[10:05:39] [98/459] PSKL
[10:05:39] [99/459] RDMP
[10:05:41] [100/459] RHGH
[10:05:41] [101/459] OMCM
[10:05:42] [102/459] DCCP
[10:05:43] [103/459] MCPB
[10:05:44] [104/459] ALCI
[10:05:45] [105/459] BLMX
[10:05:46] [106/459] BTMV
[10:05:47] [107/459] FVPN
[10:05:48] [108/459] CMAR
[10:05:49] [109/459] CEIM
[10:05:49] [110/459] CMVA
[10:05:50] [111/459] CPIV
[10:05:51] [112/459] CNPE
[10:05:53] [113/459] COLV
[10:05:54] [114/459] DNNV
[10:05:55] [115/459] HCAD
[10:05:56] [116/459] TAKA
[10:05:57] [117/459] INVD
[10:05:58] [118/459] IRMM
[10:05:59] [119/459] INSE
[10:06:00] [120/459] MRSW
[10:06:00] [121/459] MCVD
[10:06:01] [122/459] MCSO
[10:06:03] [123/459] PEVM
[10:06:04] [124/459] PVNL
[10:06:05] [125/459] PTCV
[10:06:05] [126/459] PRTC
[10:06:06] [127/459] RCVA
[10:06:07] [128/459] MTBN
[10:06:08] [129/459] LUCP
[10:06:09] [130/459] FMPT
[10:06:10] [131/459] JLSL
[10:06:11] [132/459] SBHA
[10:06:12] [133/459] SHRC
[10:06:13] [134/459] AVPS
[10:06:14] [135/459] STPM
[10:06:15] [136/459] ATRD
[10:06:16] [137/459] VTED
[10:06:17] [138/459] ACAI
[10:06:18] [139/459] SMAE
[10:06:19] [140/459] VMAT
[10:06:20] [141/459] LKCT
[10:06:21] [142/459] JTVK
[10:06:22] [143/459] PRTY
[10:06:23] [144/459] GETT
[10:06:24] [145/459] ESAP
[10:06:25] [146/459] NCPM
[10:06:26] [147/459] PCPA
[10:06:27] [148/459] MMOM
[10:06:28] [149/459] PHUP
[10:06:29] [150/459] CCPI
[10:06:30] [151/459] CNTD
[10:06:31] [152/459] NLJR
[10:06:32] [153/459] SRNG
[10:06:34] [154/459] MHAL
[10:06:35] [155/459] PNSM
[10:06:35] [156/459] DRMY
[10:06:37] [157/459] CCMU
[10:06:37] [158/459] SCMY
[10:06:38] [159/459] PVSY
[10:06:39] [160/459] SDLM
[10:06:40] [161/459] ICCM
[10:06:41] [162/459] PYSU
[10:06:43] [163/459] GATM
[10:06:44] [164/459] WOTM
[10:06:44] [165/459] RKTS
[10:06:45] [166/459] PMTY
[10:06:46] [167/459] LYMS
[10:06:47] [168/459] TGCA
[10:06:48] [169/459] DSTA
[10:06:49] [170/459] CNGE
[10:06:50] [171/459] VSTG
[10:06:51] [172/459] GTCK
[10:06:52] [173/459] TGNT
[10:06:53] [174/459] ASLC
[10:06:54] [175/459] SSST
[10:06:55] [176/459] KBTT
[10:06:56] [177/459] HKCP
[10:06:58] [178/459] SWLC
[10:06:59] [179/459] RTND
[10:07:00] [180/459] PKKT
[10:07:00] [181/459] HSTK
[10:07:01] [182/459] SPTT
[10:07:02] [183/459] IMPM
[10:07:03] [184/459] SCMV
[10:07:04] [185/459] SPCT
[10:07:05] [186/459] JBCA
[10:07:06] [187/459] ATTR
[10:07:06] [188/459] SPMT
[10:07:07] [189/459] LCTM
[10:07:08] [190/459] SCVL
[10:07:09] [191/459] SCVT
[10:07:10] [192/459] KRIC
[10:07:11] [193/459] CTMG
[10:07:12] [194/459] ACNC
[10:07:13] [195/459] DMCK
[10:07:13] [196/459] KMTV
[10:07:14] [197/459] PFCJ
[10:07:15] [198/459] VNMD
[10:07:16] [199/459] VPCZ
[10:07:17] [200/459] SRYR
[10:07:19] [201/459] SYTR
[10:07:19] [202/459] GATR
[10:07:20] [203/459] URTR
[10:07:21] [204/459] MKSM
[10:07:22] [205/459] VSMH
[10:07:23] [206/459] SKRJ
[10:07:24] [207/459] SSJR
[10:07:25] [208/459] SVSM
[10:07:26] [209/459] RUCM
[10:07:27] [210/459] PRKN
[10:07:28] [211/459] RROH
[10:07:29] [212/459] SCTN
[10:07:29] [213/459] RTDM
[10:07:30] [214/459] ASRM
[10:07:32] [215/459] SKMD
[10:07:33] [216/459] SUTD
[10:07:34] [217/459] SADM
[10:07:35] [218/459] WCNR
[10:07:36] [219/459] CNED
[10:07:37] [220/459] MPDB
[10:07:39] [221/459] KTBH
[10:07:40] [222/459] IDRM
[10:07:41] [223/459] PJJT
[10:07:42] [224/459] PFCV
[10:07:43] [225/459] AACT
[10:07:43] [226/459] AAAD
[10:07:44] [227/459] ANES
[10:07:45] [228/459] MNCA
[10:07:46] [229/459] RMGU
[10:07:47] [230/459] DLCN
[10:07:48] [231/459] LJWT
[10:07:49] [232/459] MCBG
[10:07:50] [233/459] MYBG
[10:07:50] [234/459] GCCA
[10:07:51] [235/459] GCGA
[10:07:52] [236/459] ECGN
[10:07:53] [237/459] PRAB
[10:07:54] [238/459] PNMP
[10:07:54] [239/459] GCPT
[10:07:55] [240/459] ROYN
[10:07:56] [241/459] VATM
[10:07:57] [242/459] KSNT
[10:07:58] [243/459] ACTC
[10:07:59] [244/459] PLTD
[10:08:00] [245/459] SKMK
[10:08:01] [246/459] CMTT
[10:08:01] [247/459] SMXP
[10:08:02] [248/459] SCMX
[10:08:03] [249/459] ACXN
[10:08:04] [250/459] ASWT
[10:08:05] [251/459] VVVL
[10:08:06] [252/459] NAGO
[10:08:07] [253/459] SNCN
[10:08:08] [254/459] MCKP
[10:08:09] [255/459] SAMO
[10:08:10] [256/459] JBTV
[10:08:11] [257/459] DCVV
[10:08:12] [258/459] KMSV
[10:08:13] [259/459] KDCN
[10:08:13] [260/459] CNCP
[10:08:14] [261/459] HAMC
[10:08:15] [262/459] CCVZ
[10:08:16] [263/459] NCCK
[10:08:17] [264/459] MCHR
[10:08:18] [265/459] SCHT
[10:08:19] [266/459] ESSH
[10:08:20] [267/459] CUJC
[10:08:21] [268/459] PECP
[10:08:22] [269/459] PMMI
[10:08:22] [270/459] PCCH
[10:08:24] [271/459] PRPM
[10:08:25] [272/459] PVKL
[10:08:26] [273/459] CBSM
[10:08:27] [274/459] PVCZ
[10:08:27] [275/459] PCVV
[10:08:28] [276/459] CTMJ
[10:08:29] [277/459] RCPS
[10:08:30] [278/459] PCIT
[10:08:31] [279/459] FNCH
[10:08:32] [280/459] INZD
[10:08:33] [281/459] INPC
[10:08:34] [282/459] LCZP
[10:08:35] [283/459] SMCB
[10:08:35] [284/459] PTSB
[10:08:36] [285/459] TPSI
[10:08:37] [286/459] KHMJ
[10:08:38] [287/459] RCCJ
[10:08:39] [288/459] NCJA
[10:08:39] [289/459] NCJN
[10:08:40] [290/459] BTDP
[10:08:41] [291/459] PADY
[10:08:42] [292/459] NYBH
[10:08:42] [293/459] MTBR
[10:08:43] [294/459] KRBC
[10:08:44] [295/459] DKTI
[10:08:45] [296/459] ANAN
[10:08:45] [297/459] INBP
[10:08:47] [298/459] PATB
[10:08:48] [299/459] RGNT
[10:08:49] [300/459] CGPM
[10:08:49] [301/459] INTN
[10:08:51] [302/459] MCMP
[10:08:52] [303/459] ASRG
[10:08:53] [304/459] CXJD
[10:08:54] [305/459] SPCP
[10:08:54] [306/459] CSTP
[10:08:55] [307/459] PKVC
[10:08:56] [308/459] ESCP
[10:08:57] [309/459] CAEP
[10:08:58] [310/459] CCSP
[10:08:59] [311/459] KTPC
[10:09:00] [312/459] DACA
[10:09:01] [313/459] NVKY
[10:09:01] [314/459] PTIN
[10:09:02] [315/459] SCIN
[10:09:04] [316/459] MCTY
[10:09:04] [317/459] PCMX
[10:09:05] [318/459] INIC
[10:09:06] [319/459] MMZM
[10:09:07] [320/459] SSLP
[10:09:08] [321/459] DTDT
[10:09:09] [322/459] FFCX
[10:09:10] [323/459] RCMM
[10:09:10] [324/459] KYID
[10:09:11] [325/459] CSCI
[10:09:12] [326/459] FCMC
[10:09:13] [327/459] MMXI
[10:09:14] [328/459] ASTC
[10:09:15] [329/459] CMRA
[10:09:16] [330/459] DICI
[10:09:17] [331/459] KDIN
[10:09:18] [332/459] PRFI
[10:09:19] [333/459] SVFC
[10:09:20] [334/459] UCPL
[10:09:21] [335/459] COOC
[10:09:22] [336/459] SCAL
[10:09:23] [337/459] SVFF
[10:09:23] [338/459] VCMG
[10:09:24] [339/459] UUCT
[10:09:25] [340/459] GCSE
[10:09:26] [341/459] SUSC
[10:09:27] [342/459] MISC
[10:09:28] [343/459] RMBL
[10:09:28] [344/459] CMXN
[10:09:29] [345/459] PVBK
[10:09:30] [346/459] HHCG
[10:09:31] [347/459] SCAG
[10:09:32] [348/459] CNPR
[10:09:33] [349/459] CSER
[10:09:34] [350/459] HLWD
[10:09:35] [351/459] BOLY
[10:09:36] [352/459] SSPG
[10:09:37] [353/459] MUPX
[10:09:38] [354/459] HAMR
[10:09:39] [355/459] SDNC
[10:09:40] [356/459] RTEN
[10:09:41] [357/459] SDTD
[10:09:41] [358/459] KAWS
[10:09:43] [359/459] CMZX
[10:09:44] [360/459] DCDD
[10:09:45] [361/459] ALSN
[10:09:46] [362/459] IMXS
[10:09:47] [363/459] PVFF
[10:09:48] [364/459] PVOO
[10:09:49] [365/459] CFBS
[10:09:50] [366/459] PVER
[10:09:51] [367/459] PPNX
[10:09:52] [368/459] CNRM
[10:09:53] [369/459] PVWW
[10:09:54] [370/459] INMB
[10:09:55] [371/459] CPJR
[10:09:56] [372/459] INRZ
[10:09:57] [373/459] PMSR
[10:09:57] [374/459] GPGM
[10:09:58] [375/459] PGWB
[10:09:59] [376/459] PMBR
[10:10:01] [377/459] GPAM
[10:10:03] [378/459] INBC
[10:10:03] [379/459] PZVK
[10:10:04] [380/459] CPEB
[10:10:05] [381/459] FMLB
[10:10:06] [382/459] INBG
[10:10:07] [383/459] GPBR
[10:10:07] [384/459] PAAS
[10:10:09] [385/459] VTBR
[10:10:09] [386/459] GPMY
[10:10:10] [387/459] GYBU
[10:10:11] [388/459] INBJ
[10:10:12] [389/459] LKTH
[10:10:13] [390/459] NSBR
[10:10:14] [391/459] PDRD
[10:10:16] [392/459] VRBL
[10:10:16] [393/459] VTGB
[10:10:17] [394/459] VTSK
[10:10:18] [395/459] BKDV
[10:10:19] [396/459] SVTB
[10:10:20] [397/459] MLDT
[10:10:21] [398/459] NRBL
[10:10:22] [399/459] SLTR
[10:10:23] [400/459] VNKA
[10:10:23] [401/459] TDCA
[10:10:25] [402/459] INBM
[10:10:27] [403/459] SSNR
[10:10:28] [404/459] BHAC
[10:10:28] [405/459] SDSD
[10:10:29] [406/459] SAMP
[10:10:30] [407/459] RATK
[10:10:31] [408/459] KCBI
[10:10:32] [409/459] URBL
[10:10:33] [410/459] MKBG
[10:10:34] [411/459] ASTB
[10:10:35] [412/459] VBWT
[10:10:35] [413/459] GPSM
[10:10:36] [414/459] ROON
[10:10:37] [415/459] CHTH
[10:10:38] [416/459] SSPA
[10:10:39] [417/459] ANBL
[10:10:39] [418/459] VTBE
[10:10:41] [419/459] SVKT
[10:10:42] [420/459] SVYK
[10:10:42] [421/459] PTBK
[10:10:44] [422/459] RKTB
[10:10:45] [423/459] BALT
[10:10:45] [424/459] STSV
[10:10:46] [425/459] VCCB
[10:10:47] [426/459] SLTB
[10:10:48] [427/459] SBCR
[10:10:49] [428/459] VDCS
[10:10:49] [429/459] MDKI
[10:10:50] [430/459] SMRN
[10:10:51] [431/459] PTBC
[10:10:53] [432/459] RADI
[10:10:54] [433/459] ADCR
[10:10:55] [434/459] SDCS
[10:10:56] [435/459] SRPJ
[10:10:56] [436/459] ARTS
[10:10:57] [437/459] SRHK
[10:10:58] [438/459] SPAY
[10:10:59] [439/459] GPTB
[10:11:00] [440/459] SNNN
[10:11:02] [441/459] BALJ
[10:11:03] [442/459] TRIG
[10:11:04] [443/459] GTYT
[10:11:06] [444/459] ATGN
[10:11:07] [445/459] ANTE
[10:11:07] [446/459] BDCG
[10:11:08] [447/459] VECI
[10:11:09] [448/459] SCPR
[10:11:10] [449/459] RTEA
[10:11:11] [450/459] JSAI
[10:11:12] [451/459] VJTP
[10:11:13] [452/459] GNDS
[10:11:14] [453/459] PAXA
[10:11:15] [454/459] CGGM
[10:11:16] [455/459] ACKZ
[10:11:17] [456/459] EMCC
[10:11:18] [457/459] KLSK
[10:11:19] [458/459] AVCK
[10:11:20] [459/459] JTCK
[10:11:21] 🧹 Deduping shows
[10:11:21] ✅ DONE | Shows=70 | Movies=9
[16:44:44] 🚀 SCRIPT STARTED
[16:44:44] [1/459] NECA
[16:44:44] 🧠 New identity created
[16:44:46] [2/459] BJLC
[16:44:47] [3/459] BASU
[16:44:47] [4/459] RUPI
[16:44:48] [5/459] LCBK
[16:44:49] [6/459] PMAC
[16:44:50] [7/459] AMLC
[16:44:51] [8/459] LICL
[16:44:52] [9/459] UDMM
[16:44:53] [10/459] STBZ
[16:44:54] [11/459] UUBT
[16:44:55] [12/459] SJKC
[16:44:55] [13/459] TUAL
[16:44:56] [14/459] MRSE
[16:44:58] [15/459] RMRK
[16:44:59] [16/459] TTKP
[16:45:00] [17/459] KTKO
[16:45:01] [18/459] SDBK
[16:45:01] [19/459] MCPR
[16:45:02] [20/459] CHTI
[16:45:03] [21/459] GCCP
[16:45:04] [22/459] SRMY
[16:45:05] [23/459] NYST
[16:45:06] [24/459] NYAG
[16:45:07] [25/459] SBMT
[16:45:08] [26/459] INGA
[16:45:08] [27/459] WSIC
[16:45:09] [28/459] SCSS
[16:45:10] [29/459] COPG
[16:45:11] [30/459] RCGR
[16:45:12] [31/459] TCZA
[16:45:14] [32/459] CNLP
[16:45:15] [33/459] CLKN
[16:45:16] [34/459] LHDF
[16:45:17] [35/459] ELKC
[16:45:18] [36/459] VCEM
[16:45:19] [37/459] SSZA
[16:45:20] [38/459] KRMT
[16:45:21] [39/459] LCMV
[16:45:22] [40/459] AYCZ
[16:45:23] [41/459] CUMS
[16:45:24] [42/459] BOCK
[16:45:25] [43/459] PNMR
[16:45:26] [44/459] PJCP
[16:45:27] [45/459] JDDD
[16:45:28] [46/459] STMS
[16:45:29] [47/459] FLMB
[16:45:30] [48/459] PKCM
[16:45:31] [49/459] SPPR
[16:45:31] [50/459] EYLH
[16:45:32] [51/459] RJCC
[16:45:33] [52/459] MMPS
[16:45:34] [53/459] SHMX
[16:45:35] [54/459] CCNL
[16:45:36] [55/459] RCNV
[16:45:37] [56/459] MAAG
[16:45:38] [57/459] LXCM
[16:45:39] [58/459] RCNI
[16:45:40] [59/459] SNNI
[16:45:41] [60/459] LALC
[16:45:42] [61/459] SOCN
[16:45:43] [62/459] JHTP
[16:45:44] [63/459] PITP
[16:45:45] [64/459] CCKW
[16:45:46] [65/459] MCMC
[16:45:46] [66/459] DEES
[16:45:48] [67/459] SABT
[16:45:49] [68/459] VSPP
[16:45:51] [69/459] ABCT
[16:45:52] [70/459] JVTB
[16:45:54] [71/459] VCBD
[16:45:56] [72/459] RMGG
[16:45:57] [73/459] RNMH
[16:45:58] [74/459] SPGL
[16:45:59] [75/459] JTTR
[16:46:00] [76/459] SICS
[16:46:01] [77/459] SRMI
[16:46:02] [78/459] SSIJ
[16:46:03] [79/459] KFMT
[16:46:04] [80/459] VBIT
[16:46:05] [81/459] JKCT
[16:46:07] [82/459] GCGP
[16:46:08] [83/459] GDCS
[16:46:09] [84/459] TRBA
[16:46:10] [85/459] QUST
[16:46:11] [86/459] VSHM
[16:46:12] [87/459] SDCP
[16:46:14] [88/459] SNVS
[16:46:14] [89/459] NYTO
[16:46:15] [90/459] URWC
[16:46:16] [91/459] GTWH
[16:46:17] [92/459] PFCM
[16:46:18] [93/459] KRTA
[16:46:19] [94/459] AXMC
[16:46:20] [95/459] EVMC
[16:46:21] [96/459] HGSM
[16:46:22] [97/459] ACVM
[16:46:24] [98/459] PSKL
[16:46:25] [99/459] RDMP
[16:46:26] [100/459] RHGH
[16:46:26] [101/459] OMCM
[16:46:28] [102/459] DCCP
[16:46:28] [103/459] MCPB
[16:46:29] [104/459] ALCI
[16:46:30] [105/459] BLMX
[16:46:31] [106/459] BTMV
[16:46:32] [107/459] FVPN
[16:46:33] [108/459] CMAR
[16:46:34] [109/459] CEIM
[16:46:34] [110/459] CMVA
[16:46:35] [111/459] CPIV
[16:46:37] [112/459] CNPE
[16:46:38] [113/459] COLV
[16:46:38] [114/459] DNNV
[16:46:39] [115/459] HCAD
[16:46:40] [116/459] TAKA
[16:46:41] [117/459] INVD
[16:46:42] [118/459] IRMM
[16:46:43] [119/459] INSE
[16:46:44] [120/459] MRSW
[16:46:44] [121/459] MCVD
[16:46:45] [122/459] MCSO
[16:46:46] [123/459] PEVM
[16:46:47] [124/459] PVNL
[16:46:48] [125/459] PTCV
[16:46:48] [126/459] PRTC
[16:46:49] [127/459] RCVA
[16:46:50] [128/459] MTBN
[16:46:51] [129/459] LUCP
[16:46:51] [130/459] FMPT
[16:46:54] [131/459] JLSL
[16:46:55] [132/459] SBHA
[16:46:56] [133/459] SHRC
[16:46:57] [134/459] AVPS
[16:46:58] [135/459] STPM
[16:46:59] [136/459] ATRD
[16:47:00] [137/459] VTED
[16:47:01] [138/459] ACAI
[16:47:02] [139/459] SMAE
[16:47:02] [140/459] VMAT
[16:47:03] [141/459] LKCT
[16:47:04] [142/459] JTVK
[16:47:05] [143/459] PRTY
[16:47:06] [144/459] GETT
[16:47:07] [145/459] ESAP
[16:47:08] [146/459] NCPM
[16:47:09] [147/459] PCPA
[16:47:10] [148/459] MMOM
[16:47:10] [149/459] PHUP
[16:47:11] [150/459] CCPI
[16:47:12] [151/459] CNTD
[16:47:13] [152/459] NLJR
[16:47:14] [153/459] SRNG
[16:47:14] [154/459] MHAL
[16:47:15] [155/459] PNSM
[16:47:16] [156/459] DRMY
[16:47:17] [157/459] CCMU
[16:47:18] [158/459] SCMY
[16:47:18] [159/459] PVSY
[16:47:19] [160/459] SDLM
[16:47:20] [161/459] ICCM
[16:47:21] [162/459] PYSU
[16:47:22] [163/459] GATM
[16:47:23] [164/459] WOTM
[16:47:24] [165/459] RKTS
[16:47:25] [166/459] PMTY
[16:47:26] [167/459] LYMS
[16:47:28] [168/459] TGCA
[16:47:29] [169/459] DSTA
[16:47:32] [170/459] CNGE
[16:47:33] [171/459] VSTG
[16:47:34] [172/459] GTCK
[16:47:36] [173/459] TGNT
[16:47:37] [174/459] ASLC
[16:47:38] [175/459] SSST
[16:47:39] [176/459] KBTT
[16:47:39] [177/459] HKCP
[16:47:40] [178/459] SWLC
[16:47:42] [179/459] RTND
[16:47:43] [180/459] PKKT
[16:47:44] [181/459] HSTK
[16:47:45] [182/459] SPTT
[16:47:46] [183/459] IMPM
[16:47:47] [184/459] SCMV
[16:47:47] [185/459] SPCT
[16:47:49] [186/459] JBCA
[16:47:50] [187/459] ATTR
[16:47:50] [188/459] SPMT
[16:47:51] [189/459] LCTM
[16:47:52] [190/459] SCVL
[16:47:53] [191/459] SCVT
[16:47:54] [192/459] KRIC
[16:47:55] [193/459] CTMG
[16:47:56] [194/459] ACNC
[16:47:57] [195/459] DMCK
[16:47:58] [196/459] KMTV
[16:47:59] [197/459] PFCJ
[16:48:00] [198/459] VNMD
[16:48:00] [199/459] VPCZ
[16:48:01] [200/459] SRYR
[16:48:02] [201/459] SYTR
[16:48:03] [202/459] GATR
[16:48:04] [203/459] URTR
[16:48:06] [204/459] MKSM
[16:48:07] [205/459] VSMH
[16:48:08] [206/459] SKRJ
[16:48:10] [207/459] SSJR
[16:48:12] [208/459] SVSM
[16:48:13] [209/459] RUCM
[16:48:13] [210/459] PRKN
[16:48:14] [211/459] RROH
[16:48:19] [212/459] SCTN
[16:48:20] [213/459] RTDM
[16:48:21] [214/459] ASRM
[16:48:22] [215/459] SKMD
[16:48:23] [216/459] SUTD
[16:48:24] [217/459] SADM
[16:48:24] [218/459] WCNR
[16:48:26] [219/459] CNED
[16:48:27] [220/459] MPDB
[16:48:29] [221/459] KTBH
[16:48:30] [222/459] IDRM
[16:48:30] [223/459] PJJT
[16:48:31] [224/459] PFCV
[16:48:32] [225/459] AACT
[16:48:33] [226/459] AAAD
[16:48:35] [227/459] ANES
[16:48:36] [228/459] MNCA
[16:48:37] [229/459] RMGU
[16:48:38] [230/459] DLCN
[16:48:39] [231/459] LJWT
[16:48:40] [232/459] MCBG
[16:48:41] [233/459] MYBG
[16:48:42] [234/459] GCCA
[16:48:43] [235/459] GCGA
[16:48:44] [236/459] ECGN
[16:48:45] [237/459] PRAB
[16:48:47] [238/459] PNMP
[16:48:48] [239/459] GCPT
[16:48:49] [240/459] ROYN
[16:48:50] [241/459] VATM
[16:48:51] [242/459] KSNT
[16:48:52] [243/459] ACTC
[16:48:53] [244/459] PLTD
[16:48:54] [245/459] SKMK
[16:48:55] [246/459] CMTT
[16:48:55] [247/459] SMXP
[16:48:57] [248/459] SCMX
[16:48:58] [249/459] ACXN
[16:48:59] [250/459] ASWT
[16:49:01] [251/459] VVVL
[16:49:02] [252/459] NAGO
[16:49:03] [253/459] SNCN
[16:49:15] 🔄 Identity reset
[16:49:15] ❌ SNCN | ReadTimeout
[16:49:15] [254/459] MCKP
[16:49:15] 🧠 New identity created
[16:49:16] [255/459] SAMO
[16:49:18] [256/459] JBTV
[16:49:19] [257/459] DCVV
[16:49:20] [258/459] KMSV
[16:49:21] [259/459] KDCN
[16:49:22] [260/459] CNCP
[16:49:23] [261/459] HAMC
[16:49:24] [262/459] CCVZ
[16:49:25] [263/459] NCCK
[16:49:26] [264/459] MCHR
[16:49:27] [265/459] SCHT
[16:49:28] [266/459] ESSH
[16:49:29] [267/459] CUJC
[16:49:29] [268/459] PECP
[16:49:30] [269/459] PMMI
[16:49:31] [270/459] PCCH
[16:49:32] [271/459] PRPM
[16:49:33] [272/459] PVKL
[16:49:34] [273/459] CBSM
[16:49:35] [274/459] PVCZ
[16:49:36] [275/459] PCVV
[16:49:37] [276/459] CTMJ
[16:49:38] [277/459] RCPS
[16:49:39] [278/459] PCIT
[16:49:42] [279/459] FNCH
[16:49:42] [280/459] INZD
[16:49:44] [281/459] INPC
[16:49:45] [282/459] LCZP
[16:49:46] [283/459] SMCB
[16:49:47] [284/459] PTSB
[16:49:50] [285/459] TPSI
[16:49:51] [286/459] KHMJ
[16:49:51] [287/459] RCCJ
[16:49:52] [288/459] NCJA
[16:49:53] [289/459] NCJN
[16:49:56] [290/459] BTDP
[16:49:57] [291/459] PADY
[16:49:58] [292/459] NYBH
[16:50:00] [293/459] MTBR
[16:50:01] [294/459] KRBC
[16:50:02] [295/459] DKTI
[16:50:03] [296/459] ANAN
[16:50:03] [297/459] INBP
[16:50:04] [298/459] PATB
[16:50:06] [299/459] RGNT
[16:50:07] [300/459] CGPM
[16:50:08] [301/459] INTN
[16:50:09] [302/459] MCMP
[16:50:10] [303/459] ASRG
[16:50:10] [304/459] CXJD
[16:50:11] [305/459] SPCP
[16:50:12] [306/459] CSTP
[16:50:13] [307/459] PKVC
[16:50:14] [308/459] ESCP
[16:50:16] [309/459] CAEP
[16:50:17] [310/459] CCSP
[16:50:17] [311/459] KTPC
[16:50:18] [312/459] DACA
[16:50:19] [313/459] NVKY
[16:50:20] [314/459] PTIN
[16:50:21] [315/459] SCIN
[16:50:22] [316/459] MCTY
[16:50:23] [317/459] PCMX
[16:50:24] [318/459] INIC
[16:50:25] [319/459] MMZM
[16:50:26] [320/459] SSLP
[16:50:26] [321/459] DTDT
[16:50:28] [322/459] FFCX
[16:50:29] [323/459] RCMM
[16:50:30] [324/459] KYID
[16:50:30] [325/459] CSCI
[16:50:32] [326/459] FCMC
[16:50:33] [327/459] MMXI
[16:50:33] [328/459] ASTC
[16:50:34] [329/459] CMRA
[16:50:35] [330/459] DICI
[16:50:36] [331/459] KDIN
[16:50:38] [332/459] PRFI
[16:50:38] [333/459] SVFC
[16:50:39] [334/459] UCPL
[16:50:40] [335/459] COOC
[16:50:41] [336/459] SCAL
[16:50:42] [337/459] SVFF
[16:50:43] [338/459] VCMG
[16:50:44] [339/459] UUCT
[16:50:45] [340/459] GCSE
[16:50:46] [341/459] SUSC
[16:50:46] [342/459] MISC
[16:50:47] [343/459] RMBL
[16:50:48] [344/459] CMXN
[16:50:49] [345/459] PVBK
[16:50:50] [346/459] HHCG
[16:50:53] [347/459] SCAG
[16:50:54] [348/459] CNPR
[16:50:55] [349/459] CSER
[16:50:56] [350/459] HLWD
[16:50:57] [351/459] BOLY
[16:50:58] [352/459] SSPG
[16:50:59] [353/459] MUPX
[16:51:00] [354/459] HAMR
[16:51:00] [355/459] SDNC
[16:51:02] [356/459] RTEN
[16:51:03] [357/459] SDTD
[16:51:04] [358/459] KAWS
[16:51:04] [359/459] CMZX
[16:51:05] [360/459] DCDD
[16:51:06] [361/459] ALSN
[16:51:07] [362/459] IMXS
[16:51:09] [363/459] PVFF
[16:51:10] [364/459] PVOO
[16:51:11] [365/459] CFBS
[16:51:11] [366/459] PVER
[16:51:12] [367/459] PPNX
[16:51:13] [368/459] CNRM
[16:51:14] [369/459] PVWW
[16:51:15] [370/459] INMB
[16:51:16] [371/459] CPJR
[16:51:17] [372/459] INRZ
[16:51:18] [373/459] PMSR
[16:51:21] [374/459] GPGM
[16:51:22] [375/459] PGWB
[16:51:23] [376/459] PMBR
[16:51:24] [377/459] GPAM
[16:51:25] [378/459] INBC
[16:51:26] [379/459] PZVK
[16:51:26] [380/459] CPEB
[16:51:27] [381/459] FMLB
[16:51:29] [382/459] INBG
[16:51:32] [383/459] GPBR
[16:51:33] [384/459] PAAS
[16:51:34] [385/459] VTBR
[16:51:35] [386/459] GPMY
[16:51:36] [387/459] GYBU
[16:51:37] [388/459] INBJ
[16:51:37] [389/459] LKTH
[16:51:38] [390/459] NSBR
[16:51:39] [391/459] PDRD
[16:51:40] [392/459] VRBL
[16:51:41] [393/459] VTGB
[16:51:42] [394/459] VTSK
[16:51:42] [395/459] BKDV
[16:51:43] [396/459] SVTB
[16:51:44] [397/459] MLDT
[16:51:45] [398/459] NRBL
[16:51:46] [399/459] SLTR
[16:51:47] [400/459] VNKA
[16:51:48] [401/459] TDCA
[16:51:49] [402/459] INBM
[16:51:50] [403/459] SSNR
[16:51:50] [404/459] BHAC
[16:51:52] [405/459] SDSD
[16:51:52] [406/459] SAMP
[16:51:53] [407/459] RATK
[16:51:54] [408/459] KCBI
[16:51:56] [409/459] URBL
[16:51:56] [410/459] MKBG
[16:51:58] [411/459] ASTB
[16:51:59] [412/459] VBWT
[16:52:00] [413/459] GPSM
[16:52:00] [414/459] ROON
[16:52:01] [415/459] CHTH
[16:52:02] [416/459] SSPA
[16:52:04] [417/459] ANBL
[16:52:04] [418/459] VTBE
[16:52:05] [419/459] SVKT
[16:52:06] [420/459] SVYK
[16:52:07] [421/459] PTBK
[16:52:08] [422/459] RKTB
[16:52:09] [423/459] BALT
[16:52:10] [424/459] STSV
[16:52:10] [425/459] VCCB
[16:52:11] [426/459] SLTB
[16:52:12] [427/459] SBCR
[16:52:13] [428/459] VDCS
[16:52:14] [429/459] MDKI
[16:52:15] [430/459] SMRN
[16:52:16] [431/459] PTBC
[16:52:17] [432/459] RADI
[16:52:18] [433/459] ADCR
[16:52:19] [434/459] SDCS
[16:52:21] [435/459] SRPJ
[16:52:22] [436/459] ARTS
[16:52:22] [437/459] SRHK
[16:52:23] [438/459] SPAY
[16:52:24] [439/459] GPTB
[16:52:26] [440/459] SNNN
[16:52:26] [441/459] BALJ
[16:52:28] [442/459] TRIG
[16:52:29] [443/459] GTYT
[16:52:30] [444/459] ATGN
[16:52:31] [445/459] ANTE
[16:52:32] [446/459] BDCG
[16:52:33] [447/459] VECI
[16:52:34] [448/459] SCPR
[16:52:36] [449/459] RTEA
[16:52:37] [450/459] JSAI
[16:52:38] [451/459] VJTP
[16:52:39] [452/459] GNDS
[16:52:39] [453/459] PAXA
[16:52:40] [454/459] CGGM
[16:52:42] [455/459] ACKZ
[16:52:42] [456/459] EMCC
[16:52:44] [457/459] KLSK
[16:52:45] [458/459] AVCK
[16:52:45] [459/459] JTCK
[16:52:46] 🧹 Deduping shows
[16:52:46] ✅ DONE | Shows=128 | Movies=21
[04:44:37] 🚀 SCRIPT STARTED
[04:44:37] [1/459] NECA
[04:44:37] 🧠 New identity created
[04:44:38] [2/459] BJLC
[04:44:39] [3/459] BASU
[04:44:40] [4/459] RUPI
[04:44:40] [5/459] LCBK
[04:44:41] [6/459] PMAC
[04:44:41] [7/459] AMLC
[04:44:42] [8/459] LICL
[04:44:43] [9/459] UDMM
[04:44:44] [10/459] STBZ
[04:44:44] [11/459] UUBT
[04:44:45] [12/459] SJKC
[04:44:46] [13/459] TUAL
[04:44:46] [14/459] MRSE
[04:44:47] [15/459] RMRK
[04:44:48] [16/459] TTKP
[04:44:49] [17/459] KTKO
[04:44:49] [18/459] SDBK
[04:44:50] [19/459] MCPR
[04:44:51] [20/459] CHTI
[04:44:52] [21/459] GCCP
[04:44:52] [22/459] SRMY
[04:44:53] [23/459] NYST
[04:44:53] [24/459] NYAG
[04:44:54] [25/459] SBMT
[04:44:55] [26/459] INGA
[04:44:56] [27/459] WSIC
[04:44:56] [28/459] SCSS
[04:44:57] [29/459] COPG
[04:44:57] [30/459] RCGR
[04:44:58] [31/459] TCZA
[04:44:58] [32/459] CNLP
[04:44:59] [33/459] CLKN
[04:44:59] [34/459] LHDF
[04:45:00] [35/459] ELKC
[04:45:01] [36/459] VCEM
[04:45:01] [37/459] SSZA
[04:45:02] [38/459] KRMT
[04:45:03] [39/459] LCMV
[04:45:04] [40/459] AYCZ
[04:45:04] [41/459] CUMS
[04:45:05] [42/459] BOCK
[04:45:06] [43/459] PNMR
[04:45:06] [44/459] PJCP
[04:45:07] [45/459] JDDD
[04:45:07] [46/459] STMS
[04:45:08] [47/459] FLMB
[04:45:09] [48/459] PKCM
[04:45:09] [49/459] SPPR
[04:45:10] [50/459] EYLH
[04:45:11] [51/459] RJCC
[04:45:12] [52/459] MMPS
[04:45:13] [53/459] SHMX
[04:45:13] [54/459] CCNL
[04:45:14] [55/459] RCNV
[04:45:15] [56/459] MAAG
[04:45:15] [57/459] LXCM
[04:45:16] [58/459] RCNI
[04:45:16] [59/459] SNNI
[04:45:17] [60/459] LALC
[04:45:18] [61/459] SOCN
[04:45:18] [62/459] JHTP
[04:45:19] [63/459] PITP
[04:45:19] [64/459] CCKW
[04:45:20] [65/459] MCMC
[04:45:21] [66/459] DEES
[04:45:21] [67/459] SABT
[04:45:22] [68/459] VSPP
[04:45:23] [69/459] ABCT
[04:45:23] [70/459] JVTB
[04:45:24] [71/459] VCBD
[04:45:25] [72/459] RMGG
[04:45:25] [73/459] RNMH
[04:45:26] [74/459] SPGL
[04:45:27] [75/459] JTTR
[04:45:28] [76/459] SICS
[04:45:28] [77/459] SRMI
[04:45:29] [78/459] SSIJ
[04:45:30] [79/459] KFMT
[04:45:30] [80/459] VBIT
[04:45:31] [81/459] JKCT
[04:45:32] [82/459] GCGP
[04:45:33] [83/459] GDCS
[04:45:34] [84/459] TRBA
[04:45:35] [85/459] QUST
[04:45:35] [86/459] VSHM
[04:45:36] [87/459] SDCP
[04:45:37] [88/459] SNVS
[04:45:37] [89/459] NYTO
[04:45:38] [90/459] URWC
[04:45:38] [91/459] GTWH
[04:45:39] [92/459] PFCM
[04:45:40] [93/459] KRTA
[04:45:41] [94/459] AXMC
[04:45:42] [95/459] EVMC
[04:45:42] [96/459] HGSM
[04:45:43] [97/459] ACVM
[04:45:44] [98/459] PSKL
[04:45:44] [99/459] RDMP
[04:45:45] [100/459] RHGH
[04:45:45] [101/459] OMCM
[04:45:46] [102/459] DCCP
[04:45:46] [103/459] MCPB
[04:45:47] [104/459] ALCI
[04:45:48] [105/459] BLMX
[04:45:49] [106/459] BTMV
[04:45:50] [107/459] FVPN
[04:45:50] [108/459] CMAR
[04:45:51] [109/459] CEIM
[04:45:52] [110/459] CMVA
[04:45:52] [111/459] CPIV
[04:45:54] [112/459] CNPE
[04:45:54] [113/459] COLV
[04:45:55] [114/459] DNNV
[04:45:56] [115/459] HCAD
[04:45:56] [116/459] TAKA
[04:45:57] [117/459] INVD
[04:45:58] [118/459] IRMM
[04:45:58] [119/459] INSE
[04:45:59] [120/459] MRSW
[04:46:00] [121/459] MCVD
[04:46:00] [122/459] MCSO
[04:46:01] [123/459] PEVM
[04:46:02] [124/459] PVNL
[04:46:02] [125/459] PTCV
[04:46:03] [126/459] PRTC
[04:46:04] [127/459] RCVA
[04:46:04] [128/459] MTBN
[04:46:04] [129/459] LUCP
[04:46:05] [130/459] FMPT
[04:46:06] [131/459] JLSL
[04:46:06] [132/459] SBHA
[04:46:07] [133/459] SHRC
[04:46:08] [134/459] AVPS
[04:46:08] [135/459] STPM
[04:46:09] [136/459] ATRD
[04:46:10] [137/459] VTED
[04:46:10] [138/459] ACAI
[04:46:11] [139/459] SMAE
[04:46:12] [140/459] VMAT
[04:46:12] [141/459] LKCT
[04:46:13] [142/459] JTVK
[04:46:14] [143/459] PRTY
[04:46:14] [144/459] GETT
[04:46:15] [145/459] ESAP
[04:46:15] [146/459] NCPM
[04:46:16] [147/459] PCPA
[04:46:16] [148/459] MMOM
[04:46:17] [149/459] PHUP
[04:46:18] [150/459] CCPI
[04:46:18] [151/459] CNTD
[04:46:19] [152/459] NLJR
[04:46:19] [153/459] SRNG
[04:46:20] [154/459] MHAL
[04:46:21] [155/459] PNSM
[04:46:21] [156/459] DRMY
[04:46:22] [157/459] CCMU
[04:46:22] [158/459] SCMY
[04:46:23] [159/459] PVSY
[04:46:23] [160/459] SDLM
[04:46:23] [161/459] ICCM
[04:46:24] [162/459] PYSU
[04:46:25] [163/459] GATM
[04:46:25] [164/459] WOTM
[04:46:26] [165/459] RKTS
[04:46:27] [166/459] PMTY
[04:46:27] [167/459] LYMS
[04:46:28] [168/459] TGCA
[04:46:28] [169/459] DSTA
[04:46:29] [170/459] CNGE
[04:46:29] [171/459] VSTG
[04:46:30] [172/459] GTCK
[04:46:31] [173/459] TGNT
[04:46:32] [174/459] ASLC
[04:46:32] [175/459] SSST
[04:46:32] [176/459] KBTT
[04:46:33] [177/459] HKCP
[04:46:33] [178/459] SWLC
[04:46:34] [179/459] RTND
[04:46:35] [180/459] PKKT
[04:46:35] [181/459] HSTK
[04:46:36] [182/459] SPTT
[04:46:36] [183/459] IMPM
[04:46:37] [184/459] SCMV
[04:46:37] [185/459] SPCT
[04:46:38] [186/459] JBCA
[04:46:39] [187/459] ATTR
[04:46:39] [188/459] SPMT
[04:46:40] [189/459] LCTM
[04:46:41] [190/459] SCVL
[04:46:42] [191/459] SCVT
[04:46:43] [192/459] KRIC
[04:46:43] [193/459] CTMG
[04:46:44] [194/459] ACNC
[04:46:44] [195/459] DMCK
[04:46:45] [196/459] KMTV
[04:46:46] [197/459] PFCJ
[04:46:46] [198/459] VNMD
[04:46:47] [199/459] VPCZ
[04:46:48] [200/459] SRYR
[04:46:48] [201/459] SYTR
[04:46:49] [202/459] GATR
[04:46:50] [203/459] URTR
[04:46:50] [204/459] MKSM
[04:46:51] [205/459] VSMH
[04:46:51] [206/459] SKRJ
[04:46:52] [207/459] SSJR
[04:46:53] [208/459] SVSM
[04:46:53] [209/459] RUCM
[04:46:54] [210/459] PRKN
[04:46:55] [211/459] RROH
[04:46:55] [212/459] SCTN
[04:46:56] [213/459] RTDM
[04:46:57] [214/459] ASRM
[04:46:57] [215/459] SKMD
[04:46:58] [216/459] SUTD
[04:46:59] [217/459] SADM
[04:46:59] [218/459] WCNR
[04:47:00] [219/459] CNED
[04:47:00] [220/459] MPDB
[04:47:01] [221/459] KTBH
[04:47:02] [222/459] IDRM
[04:47:03] [223/459] PJJT
[04:47:03] [224/459] PFCV
[04:47:04] [225/459] AACT
[04:47:04] [226/459] AAAD
[04:47:05] [227/459] ANES
[04:47:06] [228/459] MNCA
[04:47:07] [229/459] RMGU
[04:47:08] [230/459] DLCN
[04:47:08] [231/459] LJWT
[04:47:09] [232/459] MCBG
[04:47:10] [233/459] MYBG
[04:47:10] [234/459] GCCA
[04:47:11] [235/459] GCGA
[04:47:11] [236/459] ECGN
[04:47:12] [237/459] PRAB
[04:47:13] [238/459] PNMP
[04:47:13] [239/459] GCPT
[04:47:14] [240/459] ROYN
[04:47:15] [241/459] VATM
[04:47:15] [242/459] KSNT
[04:47:16] [243/459] ACTC
[04:47:17] [244/459] PLTD
[04:47:17] [245/459] SKMK
[04:47:18] [246/459] CMTT
[04:47:19] [247/459] SMXP
[04:47:19] [248/459] SCMX
[04:47:20] [249/459] ACXN
[04:47:20] [250/459] ASWT
[04:47:21] [251/459] VVVL
[04:47:22] [252/459] NAGO
[04:47:22] [253/459] SNCN
[04:47:23] [254/459] MCKP
[04:47:24] [255/459] SAMO
[04:47:24] [256/459] JBTV
[04:47:25] [257/459] DCVV
[04:47:25] [258/459] KMSV
[04:47:26] [259/459] KDCN
[04:47:26] [260/459] CNCP
[04:47:27] [261/459] HAMC
[04:47:27] [262/459] CCVZ
[04:47:28] [263/459] NCCK
[04:47:29] [264/459] MCHR
[04:47:30] [265/459] SCHT
[04:47:30] [266/459] ESSH
[04:47:32] [267/459] CUJC
[04:47:33] [268/459] PECP
[04:47:33] [269/459] PMMI
[04:47:33] [270/459] PCCH
[04:47:34] [271/459] PRPM
[04:47:35] [272/459] PVKL
[04:47:35] [273/459] CBSM
[04:47:36] [274/459] PVCZ
[04:47:37] [275/459] PCVV
[04:47:38] [276/459] CTMJ
[04:47:38] [277/459] RCPS
[04:47:40] [278/459] PCIT
[04:47:41] [279/459] FNCH
[04:47:42] [280/459] INZD
[04:47:43] [281/459] INPC
[04:47:43] [282/459] LCZP
[04:47:44] [283/459] SMCB
[04:47:45] [284/459] PTSB
[04:47:45] [285/459] TPSI
[04:47:45] [286/459] KHMJ
[04:47:46] [287/459] RCCJ
[04:47:47] [288/459] NCJA
[04:47:47] [289/459] NCJN
[04:47:48] [290/459] BTDP
[04:47:49] [291/459] PADY
[04:47:49] [292/459] NYBH
[04:47:50] [293/459] MTBR
[04:47:51] [294/459] KRBC
[04:47:52] [295/459] DKTI
[04:47:52] [296/459] ANAN
[04:47:53] [297/459] INBP
[04:47:53] [298/459] PATB
[04:47:54] [299/459] RGNT
[04:47:55] [300/459] CGPM
[04:47:55] [301/459] INTN
[04:47:56] [302/459] MCMP
[04:47:57] [303/459] ASRG
[04:47:57] [304/459] CXJD
[04:47:58] [305/459] SPCP
[04:47:58] [306/459] CSTP
[04:47:59] [307/459] PKVC
[04:48:00] [308/459] ESCP
[04:48:00] [309/459] CAEP
[04:48:01] [310/459] CCSP
[04:48:01] [311/459] KTPC
[04:48:02] [312/459] DACA
[04:48:03] [313/459] NVKY
[04:48:03] [314/459] PTIN
[04:48:04] [315/459] SCIN
[04:48:05] [316/459] MCTY
[04:48:05] [317/459] PCMX
[04:48:06] [318/459] INIC
[04:48:07] [319/459] MMZM
[04:48:07] [320/459] SSLP
[04:48:08] [321/459] DTDT
[04:48:08] [322/459] FFCX
[04:48:09] [323/459] RCMM
[04:48:09] [324/459] KYID
[04:48:10] [325/459] CSCI
[04:48:11] [326/459] FCMC
[04:48:13] [327/459] MMXI
[04:48:13] [328/459] ASTC
[04:48:14] [329/459] CMRA
[04:48:14] [330/459] DICI
[04:48:15] [331/459] KDIN
[04:48:16] [332/459] PRFI
[04:48:17] [333/459] SVFC
[04:48:18] [334/459] UCPL
[04:48:19] [335/459] COOC
[04:48:19] [336/459] SCAL
[04:48:20] [337/459] SVFF
[04:48:21] [338/459] VCMG
[04:48:21] [339/459] UUCT
[04:48:22] [340/459] GCSE
[04:48:23] [341/459] SUSC
[04:48:23] [342/459] MISC
[04:48:24] [343/459] RMBL
[04:48:24] [344/459] CMXN
[04:48:25] [345/459] PVBK
[04:48:26] [346/459] HHCG
[04:48:27] [347/459] SCAG
[04:48:27] [348/459] CNPR
[04:48:28] [349/459] CSER
[04:48:29] [350/459] HLWD
[04:48:29] [351/459] BOLY
[04:48:30] [352/459] SSPG
[04:48:31] [353/459] MUPX
[04:48:31] [354/459] HAMR
[04:48:32] [355/459] SDNC
[04:48:32] [356/459] RTEN
[04:48:33] [357/459] SDTD
[04:48:34] [358/459] KAWS
[04:48:35] [359/459] CMZX
[04:48:35] [360/459] DCDD
[04:48:36] [361/459] ALSN
[04:48:37] [362/459] IMXS
[04:48:37] [363/459] PVFF
[04:48:38] [364/459] PVOO
[04:48:39] [365/459] CFBS
[04:48:39] [366/459] PVER
[04:48:40] [367/459] PPNX
[04:48:40] [368/459] CNRM
[04:48:41] [369/459] PVWW
[04:48:41] [370/459] INMB
[04:48:42] [371/459] CPJR
[04:48:43] [372/459] INRZ
[04:48:43] [373/459] PMSR
[04:48:44] [374/459] GPGM
[04:48:44] [375/459] PGWB
[04:48:45] [376/459] PMBR
[04:48:46] [377/459] GPAM
[04:48:46] [378/459] INBC
[04:48:47] [379/459] PZVK
[04:48:47] [380/459] CPEB
[04:48:48] [381/459] FMLB
[04:48:49] [382/459] INBG
[04:48:49] [383/459] GPBR
[04:48:50] [384/459] PAAS
[04:48:50] [385/459] VTBR
[04:48:52] [386/459] GPMY
[04:48:53] [387/459] GYBU
[04:48:53] [388/459] INBJ
[04:48:54] [389/459] LKTH
[04:48:54] [390/459] NSBR
[04:48:55] [391/459] PDRD
[04:48:56] [392/459] VRBL
[04:48:56] [393/459] VTGB
[04:48:57] [394/459] VTSK
[04:48:57] [395/459] BKDV
[04:48:58] [396/459] SVTB
[04:48:59] [397/459] MLDT
[04:49:00] [398/459] NRBL
[04:49:00] [399/459] SLTR
[04:49:01] [400/459] VNKA
[04:49:02] [401/459] TDCA
[04:49:02] [402/459] INBM
[04:49:04] [403/459] SSNR
[04:49:05] [404/459] BHAC
[04:49:05] [405/459] SDSD
[04:49:06] [406/459] SAMP
[04:49:07] [407/459] RATK
[04:49:08] [408/459] KCBI
[04:49:08] [409/459] URBL
[04:49:09] [410/459] MKBG
[04:49:09] [411/459] ASTB
[04:49:10] [412/459] VBWT
[04:49:11] [413/459] GPSM
[04:49:11] [414/459] ROON
[04:49:12] [415/459] CHTH
[04:49:13] [416/459] SSPA
[04:49:13] [417/459] ANBL
[04:49:15] [418/459] VTBE
[04:49:15] [419/459] SVKT
[04:49:16] [420/459] SVYK
[04:49:16] [421/459] PTBK
[04:49:17] [422/459] RKTB
[04:49:18] [423/459] BALT
[04:49:18] [424/459] STSV
[04:49:19] [425/459] VCCB
[04:49:20] [426/459] SLTB
[04:49:20] [427/459] SBCR
[04:49:21] [428/459] VDCS
[04:49:22] [429/459] MDKI
[04:49:22] [430/459] SMRN
[04:49:23] [431/459] PTBC
[04:49:23] [432/459] RADI
[04:49:24] [433/459] ADCR
[04:49:24] [434/459] SDCS
[04:49:25] [435/459] SRPJ
[04:49:26] [436/459] ARTS
[04:49:27] [437/459] SRHK
[04:49:28] [438/459] SPAY
[04:49:28] [439/459] GPTB
[04:49:29] [440/459] SNNN
[04:49:29] [441/459] BALJ
[04:49:30] [442/459] TRIG
[04:49:31] [443/459] GTYT
[04:49:31] [444/459] ATGN
[04:49:32] [445/459] ANTE
[04:49:32] [446/459] BDCG
[04:49:33] [447/459] VECI
[04:49:34] [448/459] SCPR
[04:49:35] [449/459] RTEA
[04:49:35] [450/459] JSAI
[04:49:36] [451/459] VJTP
[04:49:37] [452/459] GNDS
[04:49:37] [453/459] PAXA
[04:49:38] [454/459] CGGM
[04:49:38] [455/459] ACKZ
[04:49:39] [456/459] EMCC
[04:49:40] [457/459] KLSK
[04:49:40] [458/459] AVCK
[04:49:41] [459/459] JTCK
[04:49:41] 🧹 Deduping shows
[04:49:41] ✅ DONE | Shows=204 | Movies=25
[11:54:23] 🚀 SCRIPT STARTED
[11:54:23] [1/459] NECA
[11:54:23] 🧠 New identity created
[11:54:24] [2/459] BJLC
[11:54:25] [3/459] BASU
[11:54:26] [4/459] RUPI
[11:54:27] [5/459] LCBK
[11:54:28] [6/459] PMAC
[11:54:29] [7/459] AMLC
[11:54:30] [8/459] LICL
[11:54:31] [9/459] UDMM
[11:54:32] [10/459] STBZ
[11:54:33] [11/459] UUBT
[11:54:34] [12/459] SJKC
[11:54:35] [13/459] TUAL
[11:54:36] [14/459] MRSE
[11:54:37] [15/459] RMRK
[11:54:37] [16/459] TTKP
[11:54:39] [17/459] KTKO
[11:54:41] [18/459] SDBK
[11:54:41] [19/459] MCPR
[11:54:43] [20/459] CHTI
[11:54:43] [21/459] GCCP
[11:54:44] [22/459] SRMY
[11:54:45] [23/459] NYST
[11:54:46] [24/459] NYAG
[11:54:47] [25/459] SBMT
[11:54:47] [26/459] INGA
[11:54:48] [27/459] WSIC
[11:54:49] [28/459] SCSS
[11:54:50] [29/459] COPG
[11:54:52] [30/459] RCGR
[11:54:53] [31/459] TCZA
[11:54:53] [32/459] CNLP
[11:54:54] [33/459] CLKN
[11:54:55] [34/459] LHDF
[11:54:56] [35/459] ELKC
[11:54:57] [36/459] VCEM
[11:54:57] [37/459] SSZA
[11:54:58] [38/459] KRMT
[11:54:59] [39/459] LCMV
[11:55:00] [40/459] AYCZ
[11:55:02] [41/459] CUMS
[11:55:03] [42/459] BOCK
[11:55:03] [43/459] PNMR
[11:55:04] [44/459] PJCP
[11:55:05] [45/459] JDDD
[11:55:06] [46/459] STMS
[11:55:07] [47/459] FLMB
[11:55:08] [48/459] PKCM
[11:55:09] [49/459] SPPR
[11:55:10] [50/459] EYLH
[11:55:10] [51/459] RJCC
[11:55:11] [52/459] MMPS
[11:55:12] [53/459] SHMX
[11:55:13] [54/459] CCNL
[11:55:14] [55/459] RCNV
[11:55:15] [56/459] MAAG
[11:55:16] [57/459] LXCM
[11:55:17] [58/459] RCNI
[11:55:18] [59/459] SNNI
[11:55:19] [60/459] LALC
[11:55:20] [61/459] SOCN
[11:55:21] [62/459] JHTP
[11:55:22] [63/459] PITP
[11:55:24] [64/459] CCKW
[11:55:25] [65/459] MCMC
[11:55:25] [66/459] DEES
[11:55:26] [67/459] SABT
[11:55:27] [68/459] VSPP
[11:55:28] [69/459] ABCT
[11:55:29] [70/459] JVTB
[11:55:29] [71/459] VCBD
[11:55:30] [72/459] RMGG
[11:55:31] [73/459] RNMH
[11:55:32] [74/459] SPGL
[11:55:33] [75/459] JTTR
[11:55:33] [76/459] SICS
[11:55:34] [77/459] SRMI
[11:55:35] [78/459] SSIJ
[11:55:37] [79/459] KFMT
[11:55:37] [80/459] VBIT
[11:55:38] [81/459] JKCT
[11:55:39] [82/459] GCGP
[11:55:40] [83/459] GDCS
[11:55:41] [84/459] TRBA
[11:55:41] [85/459] QUST
[11:55:43] [86/459] VSHM
[11:55:44] [87/459] SDCP
[11:55:45] [88/459] SNVS
[11:55:46] [89/459] NYTO
[11:55:47] [90/459] URWC
[11:55:48] [91/459] GTWH
[11:55:48] [92/459] PFCM
[11:55:49] [93/459] KRTA
[11:55:50] [94/459] AXMC
[11:55:51] [95/459] EVMC
[11:55:51] [96/459] HGSM
[11:55:53] [97/459] ACVM
[11:55:54] [98/459] PSKL
[11:55:55] [99/459] RDMP
[11:55:56] [100/459] RHGH
[11:55:57] [101/459] OMCM
[11:55:57] [102/459] DCCP
[11:55:58] [103/459] MCPB
[11:55:59] [104/459] ALCI
[11:56:01] [105/459] BLMX
[11:56:01] [106/459] BTMV
[11:56:02] [107/459] FVPN
[11:56:03] [108/459] CMAR
[11:56:03] [109/459] CEIM
[11:56:04] [110/459] CMVA
[11:56:05] [111/459] CPIV
[11:56:06] [112/459] CNPE
[11:56:07] [113/459] COLV
[11:56:08] [114/459] DNNV
[11:56:09] [115/459] HCAD
[11:56:11] [116/459] TAKA
[11:56:12] [117/459] INVD
[11:56:12] [118/459] IRMM
[11:56:13] [119/459] INSE
[11:56:14] [120/459] MRSW
[11:56:15] [121/459] MCVD
[11:56:15] [122/459] MCSO
[11:56:16] [123/459] PEVM
[11:56:17] [124/459] PVNL
[11:56:18] [125/459] PTCV
[11:56:20] [126/459] PRTC
[11:56:20] [127/459] RCVA
[11:56:21] [128/459] MTBN
[11:56:22] [129/459] LUCP
[11:56:24] [130/459] FMPT
[11:56:24] [131/459] JLSL
[11:56:25] [132/459] SBHA
[11:56:26] [133/459] SHRC
[11:56:27] [134/459] AVPS
[11:56:28] [135/459] STPM
[11:56:29] [136/459] ATRD
[11:56:30] [137/459] VTED
[11:56:31] [138/459] ACAI
[11:56:31] [139/459] SMAE
[11:56:33] [140/459] VMAT
[11:56:34] [141/459] LKCT
[11:56:34] [142/459] JTVK
[11:56:35] [143/459] PRTY
[11:56:36] [144/459] GETT
[11:56:37] [145/459] ESAP
[11:56:38] [146/459] NCPM
[11:56:39] [147/459] PCPA
[11:56:39] [148/459] MMOM
[11:56:40] [149/459] PHUP
[11:56:41] [150/459] CCPI
[11:56:42] [151/459] CNTD
[11:56:43] [152/459] NLJR
[11:56:44] [153/459] SRNG
[11:56:45] [154/459] MHAL
[11:56:46] [155/459] PNSM
[11:56:47] [156/459] DRMY
[11:56:48] [157/459] CCMU
[11:56:48] [158/459] SCMY
[11:56:49] [159/459] PVSY
[11:56:51] [160/459] SDLM
[11:56:52] [161/459] ICCM
[11:56:53] [162/459] PYSU
[11:56:53] [163/459] GATM
[11:56:54] [164/459] WOTM
[11:56:55] [165/459] RKTS
[11:56:56] [166/459] PMTY
[11:56:57] [167/459] LYMS
[11:56:59] [168/459] TGCA
[11:57:00] [169/459] DSTA
[11:57:00] [170/459] CNGE
[11:57:01] [171/459] VSTG
[11:57:02] [172/459] GTCK
[11:57:04] [173/459] TGNT
[11:57:04] [174/459] ASLC
[11:57:05] [175/459] SSST
[11:57:06] [176/459] KBTT
[11:57:07] [177/459] HKCP
[11:57:08] [178/459] SWLC
[11:57:09] [179/459] RTND
[11:57:10] [180/459] PKKT
[11:57:11] [181/459] HSTK
[11:57:11] [182/459] SPTT
[11:57:12] [183/459] IMPM
[11:57:14] [184/459] SCMV
[11:57:15] [185/459] SPCT
[11:57:16] [186/459] JBCA
[11:57:17] [187/459] ATTR
[11:57:18] [188/459] SPMT
[11:57:19] [189/459] LCTM
[11:57:19] [190/459] SCVL
[11:57:21] [191/459] SCVT
[11:57:21] [192/459] KRIC
[11:57:22] [193/459] CTMG
[11:57:24] [194/459] ACNC
[11:57:25] [195/459] DMCK
[11:57:26] [196/459] KMTV
[11:57:27] [197/459] PFCJ
[11:57:28] [198/459] VNMD
[11:57:28] [199/459] VPCZ
[11:57:29] [200/459] SRYR
[11:57:30] [201/459] SYTR
[11:57:31] [202/459] GATR
[11:57:32] [203/459] URTR
[11:57:33] [204/459] MKSM
[11:57:34] [205/459] VSMH
[11:57:35] [206/459] SKRJ
[11:57:35] [207/459] SSJR
[11:57:36] [208/459] SVSM
[11:57:37] [209/459] RUCM
[11:57:38] [210/459] PRKN
[11:57:39] [211/459] RROH
[11:57:40] [212/459] SCTN
[11:57:42] [213/459] RTDM
[11:57:42] [214/459] ASRM
[11:57:43] [215/459] SKMD
[11:57:44] [216/459] SUTD
[11:57:45] [217/459] SADM
[11:57:46] [218/459] WCNR
[11:57:46] [219/459] CNED
[11:57:47] [220/459] MPDB
[11:57:48] [221/459] KTBH
[11:57:49] [222/459] IDRM
[11:57:50] [223/459] PJJT
[11:57:51] [224/459] PFCV
[11:57:51] [225/459] AACT
[11:57:52] [226/459] AAAD
[11:57:53] [227/459] ANES
[11:57:54] [228/459] MNCA
[11:57:55] [229/459] RMGU
[11:57:56] [230/459] DLCN
[11:57:57] [231/459] LJWT
[11:57:58] [232/459] MCBG
[11:57:58] [233/459] MYBG
[11:58:00] [234/459] GCCA
[11:58:01] [235/459] GCGA
[11:58:02] [236/459] ECGN
[11:58:03] [237/459] PRAB
[11:58:04] [238/459] PNMP
[11:58:05] [239/459] GCPT
[11:58:06] [240/459] ROYN
[11:58:07] [241/459] VATM
[11:58:08] [242/459] KSNT
[11:58:09] [243/459] ACTC
[11:58:10] [244/459] PLTD
[11:58:11] [245/459] SKMK
[11:58:11] [246/459] CMTT
[11:58:12] [247/459] SMXP
[11:58:13] [248/459] SCMX
[11:58:13] [249/459] ACXN
[11:58:14] [250/459] ASWT
[11:58:15] [251/459] VVVL
[11:58:16] [252/459] NAGO
[11:58:18] [253/459] SNCN
[11:58:19] [254/459] MCKP
[11:58:20] [255/459] SAMO
[11:58:20] [256/459] JBTV
[11:58:21] [257/459] DCVV
[11:58:23] [258/459] KMSV
[11:58:24] [259/459] KDCN
[11:58:25] [260/459] CNCP
[11:58:26] [261/459] HAMC
[11:58:27] [262/459] CCVZ
[11:58:28] [263/459] NCCK
[11:58:29] [264/459] MCHR
[11:58:30] [265/459] SCHT
[11:58:31] [266/459] ESSH
[11:58:32] [267/459] CUJC
[11:58:33] [268/459] PECP
[11:58:33] [269/459] PMMI
[11:58:35] [270/459] PCCH
[11:58:36] [271/459] PRPM
[11:58:36] [272/459] PVKL
[11:58:37] [273/459] CBSM
[11:58:38] [274/459] PVCZ
[11:58:39] [275/459] PCVV
[11:58:39] [276/459] CTMJ
[11:58:40] [277/459] RCPS
[11:58:41] [278/459] PCIT
[11:58:42] [279/459] FNCH
[11:58:43] [280/459] INZD
[11:58:44] [281/459] INPC
[11:58:46] [282/459] LCZP
[11:58:47] [283/459] SMCB
[11:58:48] [284/459] PTSB
[11:58:49] [285/459] TPSI
[11:58:50] [286/459] KHMJ
[11:58:51] [287/459] RCCJ
[11:58:53] [288/459] NCJA
[11:58:54] [289/459] NCJN
[11:58:55] [290/459] BTDP
[11:58:56] [291/459] PADY
[11:58:57] [292/459] NYBH
[11:58:58] [293/459] MTBR
[11:58:59] [294/459] KRBC
[11:59:00] [295/459] DKTI
[11:59:00] [296/459] ANAN
[11:59:02] [297/459] INBP
[11:59:02] [298/459] PATB
[11:59:04] [299/459] RGNT
[11:59:05] [300/459] CGPM
[11:59:06] [301/459] INTN
[11:59:07] [302/459] MCMP
[11:59:08] [303/459] ASRG
[11:59:08] [304/459] CXJD
[11:59:09] [305/459] SPCP
[11:59:10] [306/459] CSTP
[11:59:11] [307/459] PKVC
[11:59:12] [308/459] ESCP
[11:59:12] [309/459] CAEP
[11:59:13] [310/459] CCSP
[11:59:14] [311/459] KTPC
[11:59:15] [312/459] DACA
[11:59:15] [313/459] NVKY
[11:59:17] [314/459] PTIN
[11:59:18] [315/459] SCIN
[11:59:19] [316/459] MCTY
[11:59:20] [317/459] PCMX
[11:59:21] [318/459] INIC
[11:59:22] [319/459] MMZM
[11:59:23] [320/459] SSLP
[11:59:24] [321/459] DTDT
[11:59:25] [322/459] FFCX
[11:59:26] [323/459] RCMM
[11:59:27] [324/459] KYID
[11:59:28] [325/459] CSCI
[11:59:29] [326/459] FCMC
[11:59:29] [327/459] MMXI
[11:59:30] [328/459] ASTC
[11:59:31] [329/459] CMRA
[11:59:32] [330/459] DICI
[11:59:33] [331/459] KDIN
[11:59:34] [332/459] PRFI
[11:59:35] [333/459] SVFC
[11:59:36] [334/459] UCPL
[11:59:37] [335/459] COOC
[11:59:38] [336/459] SCAL
[11:59:39] [337/459] SVFF
[11:59:40] [338/459] VCMG
[11:59:40] [339/459] UUCT
[11:59:41] [340/459] GCSE
[11:59:42] [341/459] SUSC
[11:59:43] [342/459] MISC
[11:59:44] [343/459] RMBL
[11:59:45] [344/459] CMXN
[11:59:46] [345/459] PVBK
[11:59:47] [346/459] HHCG
[11:59:47] [347/459] SCAG
[11:59:48] [348/459] CNPR
[11:59:49] [349/459] CSER
[11:59:50] [350/459] HLWD
[11:59:50] [351/459] BOLY
[11:59:51] [352/459] SSPG
[11:59:52] [353/459] MUPX
[11:59:53] [354/459] HAMR
[11:59:54] [355/459] SDNC
[11:59:55] [356/459] RTEN
[11:59:56] [357/459] SDTD
[11:59:57] [358/459] KAWS
[11:59:58] [359/459] CMZX
[11:59:59] [360/459] DCDD
[12:00:00] [361/459] ALSN
[12:00:01] [362/459] IMXS
[12:00:02] [363/459] PVFF
[12:00:03] [364/459] PVOO
[12:00:04] [365/459] CFBS
[12:00:05] [366/459] PVER
[12:00:06] [367/459] PPNX
[12:00:07] [368/459] CNRM
[12:00:08] [369/459] PVWW
[12:00:08] [370/459] INMB
[12:00:09] [371/459] CPJR
[12:00:10] [372/459] INRZ
[12:00:11] [373/459] PMSR
[12:00:12] [374/459] GPGM
[12:00:12] [375/459] PGWB
[12:00:13] [376/459] PMBR
[12:00:14] [377/459] GPAM
[12:00:16] [378/459] INBC
[12:00:17] [379/459] PZVK
[12:00:17] [380/459] CPEB
[12:00:18] [381/459] FMLB
[12:00:20] [382/459] INBG
[12:00:20] [383/459] GPBR
[12:00:21] [384/459] PAAS
[12:00:22] [385/459] VTBR
[12:00:23] [386/459] GPMY
[12:00:24] [387/459] GYBU
[12:00:25] [388/459] INBJ
[12:00:26] [389/459] LKTH
[12:00:27] [390/459] NSBR
[12:00:28] [391/459] PDRD
[12:00:28] [392/459] VRBL
[12:00:30] [393/459] VTGB
[12:00:31] [394/459] VTSK
[12:00:32] [395/459] BKDV
[12:00:33] [396/459] SVTB
[12:00:33] [397/459] MLDT
[12:00:34] [398/459] NRBL
[12:00:35] [399/459] SLTR
[12:00:36] [400/459] VNKA
[12:00:37] [401/459] TDCA
[12:00:38] [402/459] INBM
[12:00:39] [403/459] SSNR
[12:00:40] [404/459] BHAC
[12:00:41] [405/459] SDSD
[12:00:42] [406/459] SAMP
[12:00:43] [407/459] RATK
[12:00:44] [408/459] KCBI
[12:00:45] [409/459] URBL
[12:00:45] [410/459] MKBG
[12:00:46] [411/459] ASTB
[12:00:47] [412/459] VBWT
[12:00:48] [413/459] GPSM
[12:00:49] [414/459] ROON
[12:00:50] [415/459] CHTH
[12:00:51] [416/459] SSPA
[12:00:52] [417/459] ANBL
[12:00:53] [418/459] VTBE
[12:00:54] [419/459] SVKT
[12:00:56] [420/459] SVYK
[12:00:56] [421/459] PTBK
[12:00:57] [422/459] RKTB
[12:00:58] [423/459] BALT
[12:01:00] [424/459] STSV
[12:01:01] [425/459] VCCB
[12:01:02] [426/459] SLTB
[12:01:02] [427/459] SBCR
[12:01:03] [428/459] VDCS
[12:01:04] [429/459] MDKI
[12:01:05] [430/459] SMRN
[12:01:06] [431/459] PTBC
[12:01:07] [432/459] RADI
[12:01:08] [433/459] ADCR
[12:01:10] [434/459] SDCS
[12:01:10] [435/459] SRPJ
[12:01:12] [436/459] ARTS
[12:01:13] [437/459] SRHK
[12:01:14] [438/459] SPAY
[12:01:15] [439/459] GPTB
[12:01:16] [440/459] SNNN
[12:01:17] [441/459] BALJ
[12:01:17] [442/459] TRIG
[12:01:18] [443/459] GTYT
[12:01:19] [444/459] ATGN
[12:01:20] [445/459] ANTE
[12:01:21] [446/459] BDCG
[12:01:23] [447/459] VECI
[12:01:24] [448/459] SCPR
[12:01:24] [449/459] RTEA
[12:01:25] [450/459] JSAI
[12:01:26] [451/459] VJTP
[12:01:27] [452/459] GNDS
[12:01:28] [453/459] PAXA
[12:01:29] [454/459] CGGM
[12:01:31] [455/459] ACKZ
[12:01:31] [456/459] EMCC
[12:01:33] [457/459] KLSK
[12:01:33] [458/459] AVCK
[12:01:34] [459/459] JTCK
[12:01:35] 🧹 Deduping shows
[12:01:35] ✅ DONE | Shows=229 | Movies=27
