[10:04:09] 🚀 SCRIPT STARTED
[10:04:09] [1/459] MBDC
[10:04:09] 🧠 New identity created
[10:04:10] [2/459] CHKM
[10:04:11] [3/459] JTKZ
[10:04:12] [4/459] CMCT
[10:04:13] [5/459] ASHO
[10:04:15] [6/459] ECDG
[10:04:16] [7/459] SPAT
[10:04:17] [8/459] HILC
[10:04:18] [9/459] SPPH
[10:04:18] [10/459] SBHN
[10:04:20] [11/459] RRCA
[10:04:21] [12/459] APAA
[10:04:22] [13/459] RAME
[10:04:23] [14/459] TMMS
[10:04:24] [15/459] BATK
[10:04:24] [16/459] LKOP
[10:04:25] [17/459] AMTT
[10:04:26] [18/459] PTGK
[10:04:27] [19/459] ANRS
[10:04:28] [20/459] VWBW
[10:04:29] [21/459] SVFG
[10:04:30] [22/459] STAT
[10:04:31] [23/459] GDCV
[10:04:32] [24/459] VEBI
[10:04:33] [25/459] VDSS
[10:04:34] [26/459] NTHV
[10:04:35] [27/459] AOCH
[10:04:36] [28/459] KASR
[10:04:37] [29/459] AYCS
[10:04:38] [30/459] SHAI
[10:04:39] [31/459] SKPE
[10:04:39] [32/459] SBTA
[10:04:41] [33/459] RTTD
[10:04:41] [34/459] CCJD
[10:04:42] [35/459] RSJJ
[10:04:43] [36/459] RKND
[10:04:44] [37/459] SVTX
[10:04:45] [38/459] BAKM
[10:04:46] [39/459] SVDC
[10:04:48] [40/459] MNCV
[10:04:48] [41/459] SJGC
[10:04:49] [42/459] MTPK
[10:04:50] [43/459] GATP
[10:04:51] [44/459] ABTS
[10:04:52] [45/459] ABDE
[10:04:53] [46/459] RCNM
[10:04:54] [47/459] KTHV
[10:04:55] [48/459] MDGJ
[10:04:55] [49/459] SMLM
[10:04:56] [50/459] JTMA
[10:04:57] [51/459] ACKP
[10:04:58] [52/459] SRTA
[10:04:59] [53/459] STAY
[10:05:00] [54/459] MAVO
[10:05:01] [55/459] APTS
[10:05:02] [56/459] OMEA
[10:05:03] [57/459] TTFD
[10:05:04] [58/459] MJCU
[10:05:05] [59/459] CXTE
[10:05:05] [60/459] CTPX
[10:05:06] [61/459] ASSL
[10:05:07] [62/459] CMVB
[10:05:08] [63/459] VPUR
[10:05:09] [64/459] JJDA
[10:05:10] [65/459] INBL
[10:05:11] [66/459] BIKB
[10:05:12] [67/459] NTBB
[10:05:12] [68/459] GLOB
[10:05:13] [69/459] SNTB
[10:05:14] [70/459] CHGV
[10:05:15] [71/459] SSBZ
[10:05:16] [72/459] PRDB
[10:05:17] [73/459] ISMT
[10:05:18] [74/459] MCSD
[10:05:19] [75/459] JBTT
[10:05:20] [76/459] GEKR
[10:05:21] [77/459] PVUN
[10:05:22] [78/459] NRTB
[10:05:23] [79/459] PRAA
[10:05:24] [80/459] PCBL
[10:05:25] [81/459] PTCM
[10:05:25] [82/459] KHNN
[10:05:26] [83/459] OMJE
[10:05:27] [84/459] STGN
[10:05:28] [85/459] RPMS
[10:05:29] [86/459] NWAD
[10:05:30] [87/459] BLCK
[10:05:31] [88/459] SVAA
[10:05:31] [89/459] URVM
[10:05:32] [90/459] ANTM
[10:05:33] [91/459] VJYM
[10:05:34] [92/459] MAZZ
[10:05:35] [93/459] CSHM
[10:05:36] [94/459] WGMH
[10:05:37] [95/459] SALN
[10:05:38] [96/459] BRTP
[10:05:38] [97/459] SVTA
[10:05:39] [98/459] SBTP
[10:05:40] [99/459] VLSS
[10:05:41] [100/459] SRJA
[10:05:42] [101/459] ANCG
[10:05:42] [102/459] CGGC
[10:05:43] [103/459] CRJA
[10:05:44] [104/459] USCR
[10:05:45] [105/459] MMEF
[10:05:46] [106/459] JCRJ
[10:05:47] [107/459] ADCM
[10:05:48] [108/459] BMYK
[10:05:49] [109/459] KICS
[10:05:49] [110/459] MBBT
[10:05:50] [111/459] MACK
[10:05:51] [112/459] CLDR
[10:05:52] [113/459] JYCR
[10:05:53] [114/459] DCRP
[10:05:54] [115/459] RAHT
[10:05:54] [116/459] CSSM
[10:05:55] [117/459] ATPK
[10:05:56] [118/459] KLRT
[10:05:57] [119/459] SRDD
[10:05:59] [120/459] CKMC
[10:06:00] [121/459] KRVM
[10:06:01] [122/459] AKCP
[10:06:02] [123/459] CNCV
[10:06:04] [124/459] PACT
[10:06:04] [125/459] NATP
[10:06:05] [126/459] PCPK
[10:06:06] [127/459] SMHO
[10:06:07] [128/459] CWTK
[10:06:08] [129/459] RVKZ
[10:06:09] [130/459] ASPD
[10:06:10] [131/459] VTKZ
[10:06:11] [132/459] LCSO
[10:06:11] [133/459] PRDY
[10:06:12] [134/459] RCAP
[10:06:13] [135/459] RGAR
[10:06:14] [136/459] RCAC
[10:06:15] [137/459] PMOD
[10:06:16] [138/459] PVCN
[10:06:17] [139/459] SCRZ
[10:06:18] [140/459] PVPC
[10:06:18] [141/459] STID
[10:06:19] [142/459] NEDD
[10:06:20] [143/459] BNBA
[10:06:21] [144/459] NTCD
[10:06:22] [145/459] OCDE
[10:06:23] [146/459] CCDU
[10:06:24] [147/459] CRXH
[10:06:25] [148/459] VLVT
[10:06:26] [149/459] CICI
[10:06:27] [150/459] SUCB
[10:06:28] [151/459] TCBP
[10:06:29] [152/459] SCCY
[10:06:30] [153/459] LXCY
[10:06:31] [154/459] NCMD
[10:06:31] [155/459] PHCS
[10:06:32] [156/459] DUXR
[10:06:33] [157/459] VNKS
[10:06:34] [158/459] SEDP
[10:06:34] [159/459] SVEN
[10:06:35] [160/459] SRKM
[10:06:36] [161/459] JTLT
[10:06:38] [162/459] SVSS
[10:06:39] [163/459] AMDE
[10:06:40] [164/459] WVRN
[10:06:41] [165/459] ISMG
[10:06:41] [166/459] WVKS
[10:06:42] [167/459] USCG
[10:06:43] [168/459] IOTG
[10:06:44] [169/459] RRJM
[10:06:45] [170/459] EDMP
[10:06:47] [171/459] SCGZ
[10:06:47] [172/459] GMGX
[10:06:48] [173/459] OMTP
[10:06:49] [174/459] MITD
[10:06:50] [175/459] SMMD
[10:06:51] [176/459] STML
[10:06:52] [177/459] MCFS
[10:06:53] [178/459] FPKA
[10:06:54] [179/459] OMLR
[10:06:55] [180/459] KKSC
[10:06:55] [181/459] RVMA
[10:06:56] [182/459] SCLL
[10:06:58] [183/459] SCDK
[10:06:59] [184/459] SXMI
[10:07:00] [185/459] SHDN
[10:07:00] [186/459] PAAD
[10:07:01] [187/459] UUCB
[10:07:02] [188/459] JHOL
[10:07:03] [189/459] SGWT
[10:07:04] [190/459] SRII
[10:07:04] [191/459] SGCK
[10:07:05] [192/459] SVVB
[10:07:06] [193/459] DMHA
[10:07:08] [194/459] PPNL
[10:07:09] [195/459] CPNL
[10:07:09] [196/459] WVLD
[10:07:10] [197/459] PSLV
[10:07:11] [198/459] VTTL
[10:07:12] [199/459] NPAD
[10:07:13] [200/459] PVCS
[10:07:14] [201/459] MCHL
[10:07:15] [202/459] PPLL
[10:07:15] [203/459] MALO
[10:07:17] [204/459] SWBH
[10:07:18] [205/459] PUGB
[10:07:20] [206/459] INBB
[10:07:21] [207/459] INNS
[10:07:22] [208/459] MCPT
[10:07:23] [209/459] SCMI
[10:07:24] [210/459] OCON
[10:07:25] [211/459] SCSM
[10:07:26] [212/459] RJVN
[10:07:27] [213/459] AMDK
[10:07:28] [214/459] ISMR
[10:07:29] [215/459] SMTD
[10:07:29] [216/459] VTDD
[10:07:30] [217/459] PDDZ
[10:07:31] [218/459] PCCK
[10:07:32] [219/459] INAM
[10:07:34] [220/459] FNKT
[10:07:35] [221/459] GDKA
[10:07:36] [222/459] MAYU
[10:07:37] [223/459] TCGU
[10:07:38] [224/459] KDCA
[10:07:39] [225/459] DOMY
[10:07:39] [226/459] PDDD
[10:07:40] [227/459] BJTS
[10:07:41] [228/459] VTCA
[10:07:42] [229/459] SBTM
[10:07:43] [230/459] SEET
[10:07:44] [231/459] SSTJ
[10:07:45] [232/459] SVNT
[10:07:46] [233/459] PPPR
[10:07:47] [234/459] PVYS
[10:07:48] [235/459] IOSE
[10:07:49] [236/459] ACTV
[10:07:49] [237/459] APVE
[10:07:50] [238/459] TCCL
[10:07:51] [239/459] SCMO
[10:07:52] [240/459] SAUM
[10:07:53] [241/459] KCJS
[10:07:54] [242/459] NJCJ
[10:07:54] [243/459] NECF
[10:07:55] [244/459] CCGW
[10:07:57] [245/459] CCMG
[10:07:58] [246/459] NYRG
[10:07:59] [247/459] NCSQ
[10:08:00] [248/459] GRCG
[10:08:01] [249/459] CCBT
[10:08:02] [250/459] ACGA
[10:08:03] [251/459] INAG
[10:08:04] [252/459] FUCG
[10:08:05] [253/459] AICF
[10:08:07] [254/459] GRGA
[10:08:07] [255/459] GDCN
[10:08:09] [256/459] RRCG
[10:08:10] [257/459] SDCH
[10:08:11] [258/459] WVJM
[10:08:12] [259/459] JCCZ
[10:08:13] [260/459] CNCL
[10:08:13] [261/459] TMLV
[10:08:15] [262/459] MEMB
[10:08:15] [263/459] SGTD
[10:08:17] [264/459] CONX
[10:08:17] [265/459] CCMH
[10:08:18] [266/459] ACMC
[10:08:19] [267/459] DTPD
[10:08:20] [268/459] POJA
[10:08:21] [269/459] FNBH
[10:08:21] [270/459] CGCB
[10:08:22] [271/459] RACN
[10:08:23] [272/459] JTSM
[10:08:24] [273/459] SCDN
[10:08:25] [274/459] AACK
[10:08:26] [275/459] RMCE
[10:08:27] [276/459] BSGB
[10:08:28] [277/459] MRCB
[10:08:29] [278/459] SRVR
[10:08:30] [279/459] VTKK
[10:08:30] [280/459] AMST
[10:08:31] [281/459] APCY
[10:08:32] [282/459] LMHO
[10:08:34] [283/459] MTZH
[10:08:35] [284/459] AMZB
[10:08:36] [285/459] SUVT
[10:08:36] [286/459] RCIP
[10:08:38] [287/459] KESR
[10:08:39] [288/459] SNKC
[10:08:40] [289/459] SCED
[10:08:41] [290/459] DVCA
[10:08:42] [291/459] VCDT
[10:08:43] [292/459] RRDI
[10:08:43] [293/459] DFCH
[10:08:44] [294/459] INSC
[10:08:45] [295/459] RGTR
[10:08:46] [296/459] FMOT
[10:08:47] [297/459] SCPM
[10:08:47] [298/459] GCDT
[10:08:49] [299/459] BRKT
[10:08:49] [300/459] DEMP
[10:08:50] [301/459] SRLC
[10:08:51] [302/459] KSTT
[10:08:52] [303/459] SMMT
[10:08:53] [304/459] SILM
[10:08:54] [305/459] JCVM
[10:08:55] [306/459] KCSV
[10:08:56] [307/459] MHLK
[10:08:57] [308/459] SLVL
[10:08:59] [309/459] RJKP
[10:09:00] [310/459] BBPC
[10:09:01] [311/459] MXCB
[10:09:02] [312/459] TCPK
[10:09:03] [313/459] RTBR
[10:09:04] [314/459] GAUT
[10:09:05] [315/459] DVCF
[10:09:06] [316/459] JTSB
[10:09:07] [317/459] SBLS
[10:09:08] [318/459] UDAY
[10:09:08] [319/459] PTNP
[10:09:09] [320/459] DMKT
[10:09:10] [321/459] NTDT
[10:09:11] [322/459] SHDJ
[10:09:12] [323/459] OTNC
[10:09:13] [324/459] RNTW
[10:09:15] [325/459] GCMI
[10:09:16] [326/459] CRCM
[10:09:17] [327/459] NNCZ
[10:09:18] [328/459] OEMO
[10:09:19] [329/459] PVJM
[10:09:20] [330/459] CPJI
[10:09:20] [331/459] RMCJ
[10:09:21] [332/459] CNWJ
[10:09:22] [333/459] EPJM
[10:09:23] [334/459] FNJJ
[10:09:24] [335/459] GCMJ
[10:09:25] [336/459] INPS
[10:09:26] [337/459] BICJ
[10:09:27] [338/459] ISTJ
[10:09:28] [339/459] INJC
[10:09:29] [340/459] GLXJ
[10:09:30] [341/459] INEM
[10:09:31] [342/459] JTMN
[10:09:32] [343/459] FRCJ
[10:09:33] [344/459] DDJP
[10:09:34] [345/459] INJV
[10:09:35] [346/459] GOLC
[10:09:36] [347/459] KOCI
[10:09:36] [348/459] FSTD
[10:09:37] [349/459] PACJ
[10:09:38] [350/459] GMCN
[10:09:39] [351/459] MMDJ
[10:09:40] [352/459] GODH
[10:09:41] [353/459] SKYN
[10:09:42] [354/459] NCTH
[10:09:43] [355/459] SKVZ
[10:09:44] [356/459] SVML
[10:09:44] [357/459] ACVZ
[10:09:45] [358/459] SURA
[10:09:46] [359/459] RTRB
[10:09:47] [360/459] LLCT
[10:09:48] [361/459] ATTS
[10:09:48] [362/459] JYCM
[10:09:49] [363/459] CTKR
[10:09:51] [364/459] LCKR
[10:09:52] [365/459] NYCV
[10:09:53] [366/459] NYOH
[10:09:54] [367/459] NOVX
[10:09:55] [368/459] MRGK
[10:09:55] [369/459] MOON
[10:09:56] [370/459] SBUC
[10:09:57] [371/459] GSVA
[10:09:58] [372/459] VIAK
[10:09:59] [373/459] SMVZ
[10:10:00] [374/459] MATE
[10:10:01] [375/459] RDCN
[10:10:02] [376/459] ASBL
[10:10:02] [377/459] ASVS
[10:10:03] [378/459] ASSR
[10:10:04] [379/459] SSKN
[10:10:05] [380/459] DRPV
[10:10:06] [381/459] MRHT
[10:10:07] [382/459] BSCN
[10:10:08] [383/459] RKNX
[10:10:09] [384/459] MSMC
[10:10:10] [385/459] MSCJ
[10:10:11] [386/459] BTBJ
[10:10:12] [387/459] MJCC
[10:10:12] [388/459] IOMM
[10:10:13] [389/459] ADGR
[10:10:14] [390/459] MYCP
[10:10:15] [391/459] IGCM
[10:10:16] [392/459] PGRK
[10:10:16] [393/459] VPGO
[10:10:17] [394/459] KOMS
[10:10:18] [395/459] URGG
[10:10:19] [396/459] GOST
[10:10:19] [397/459] LACT
[10:10:20] [398/459] BWCM
[10:10:21] [399/459] NCCW
[10:10:22] [400/459] SKYC
[10:10:23] [401/459] CCPM
[10:10:24] [402/459] VCBT
[10:10:25] [403/459] SDKR
[10:10:26] [404/459] CTYB
[10:10:27] [405/459] SHCX
[10:10:28] [406/459] RCUN
[10:10:28] [407/459] CNRA
[10:10:29] [408/459] RFCA
[10:10:31] [409/459] RDCU
[10:10:32] [410/459] SARK
[10:10:33] [411/459] SPPP
[10:10:34] [412/459] ADMB
[10:10:35] [413/459] JYOE
[10:10:36] [414/459] SRMD
[10:10:37] [415/459] RJDH
[10:10:37] [416/459] SSTD
[10:10:38] [417/459] AACV
[10:10:39] [418/459] PPVD
[10:10:40] [419/459] STCP
[10:10:41] [420/459] ANJR
[10:10:42] [421/459] ANLS
[10:10:43] [422/459] BIJO
[10:10:44] [423/459] AVAB
[10:10:45] [424/459] SPMD
[10:10:46] [425/459] SVJL
[10:10:46] [426/459] SDDJ
[10:10:47] [427/459] SLTU
[10:10:48] [428/459] SAKA
[10:10:49] [429/459] PMAM
[10:10:50] [430/459] FNAM
[10:10:52] [431/459] ACAM
[10:10:53] [432/459] SCMM
[10:10:54] [433/459] PMAK
[10:10:55] [434/459] NYSA
[10:10:56] [435/459] FCPA
[10:10:57] [436/459] GDAN
[10:10:58] [437/459] RSCA
[10:10:59] [438/459] DMAN
[10:11:00] [439/459] DZCM
[10:11:00] [440/459] NSGL
[10:11:01] [441/459] CCPP
[10:11:02] [442/459] PSMG
[10:11:03] [443/459] GSER
[10:11:04] [444/459] FCCT
[10:11:05] [445/459] FCTB
[10:11:05] [446/459] LCNK
[10:11:06] [447/459] SKTY
[10:11:07] [448/459] INAA
[10:11:08] [449/459] RCWN
[10:11:09] [450/459] VAIS
[10:11:10] [451/459] CVMN
[10:11:10] [452/459] INTS
[10:11:11] [453/459] FRGS
[10:11:12] [454/459] DTCK
[10:11:13] [455/459] MCMH
[10:11:14] [456/459] ECRR
[10:11:15] [457/459] RLLP
[10:11:16] [458/459] CCSN
[10:11:17] [459/459] CCBA
[10:11:18] 🧹 Deduping shows
[10:11:18] ✅ DONE | Shows=122 | Movies=10
[16:44:45] 🚀 SCRIPT STARTED
[16:44:45] [1/459] MBDC
[16:44:45] 🧠 New identity created
[16:44:46] [2/459] CHKM
[16:44:48] [3/459] JTKZ
[16:44:49] [4/459] CMCT
[16:44:50] [5/459] ASHO
[16:44:51] [6/459] ECDG
[16:44:52] [7/459] SPAT
[16:44:53] [8/459] HILC
[16:44:54] [9/459] SPPH
[16:44:55] [10/459] SBHN
[16:44:56] [11/459] RRCA
[16:44:56] [12/459] APAA
[16:44:57] [13/459] RAME
[16:44:58] [14/459] TMMS
[16:44:59] [15/459] BATK
[16:45:00] [16/459] LKOP
[16:45:01] [17/459] AMTT
[16:45:02] [18/459] PTGK
[16:45:03] [19/459] ANRS
[16:45:04] [20/459] VWBW
[16:45:05] [21/459] SVFG
[16:45:06] [22/459] STAT
[16:45:07] [23/459] GDCV
[16:45:08] [24/459] VEBI
[16:45:09] [25/459] VDSS
[16:45:10] [26/459] NTHV
[16:45:11] [27/459] AOCH
[16:45:12] [28/459] KASR
[16:45:13] [29/459] AYCS
[16:45:14] [30/459] SHAI
[16:45:16] [31/459] SKPE
[16:45:17] [32/459] SBTA
[16:45:18] [33/459] RTTD
[16:45:19] [34/459] CCJD
[16:45:20] [35/459] RSJJ
[16:45:20] [36/459] RKND
[16:45:21] [37/459] SVTX
[16:45:22] [38/459] BAKM
[16:45:23] [39/459] SVDC
[16:45:24] [40/459] MNCV
[16:45:25] [41/459] SJGC
[16:45:26] [42/459] MTPK
[16:45:27] [43/459] GATP
[16:45:28] [44/459] ABTS
[16:45:30] [45/459] ABDE
[16:45:31] [46/459] RCNM
[16:45:32] [47/459] KTHV
[16:45:33] [48/459] MDGJ
[16:45:34] [49/459] SMLM
[16:45:35] [50/459] JTMA
[16:45:36] [51/459] ACKP
[16:45:37] [52/459] SRTA
[16:45:38] [53/459] STAY
[16:45:39] [54/459] MAVO
[16:45:39] [55/459] APTS
[16:45:40] [56/459] OMEA
[16:45:41] [57/459] TTFD
[16:45:42] [58/459] MJCU
[16:45:43] [59/459] CXTE
[16:45:45] [60/459] CTPX
[16:45:46] [61/459] ASSL
[16:45:47] [62/459] CMVB
[16:45:48] [63/459] VPUR
[16:45:48] [64/459] JJDA
[16:45:49] [65/459] INBL
[16:45:51] [66/459] BIKB
[16:45:51] [67/459] NTBB
[16:45:52] [68/459] GLOB
[16:45:53] [69/459] SNTB
[16:45:54] [70/459] CHGV
[16:45:55] [71/459] SSBZ
[16:45:56] [72/459] PRDB
[16:45:56] [73/459] ISMT
[16:45:57] [74/459] MCSD
[16:45:58] [75/459] JBTT
[16:45:59] [76/459] GEKR
[16:46:01] [77/459] PVUN
[16:46:02] [78/459] NRTB
[16:46:03] [79/459] PRAA
[16:46:03] [80/459] PCBL
[16:46:04] [81/459] PTCM
[16:46:05] [82/459] KHNN
[16:46:06] [83/459] OMJE
[16:46:07] [84/459] STGN
[16:46:08] [85/459] RPMS
[16:46:09] [86/459] NWAD
[16:46:10] [87/459] BLCK
[16:46:11] [88/459] SVAA
[16:46:12] [89/459] URVM
[16:46:13] [90/459] ANTM
[16:46:13] [91/459] VJYM
[16:46:14] [92/459] MAZZ
[16:46:15] [93/459] CSHM
[16:46:16] [94/459] WGMH
[16:46:17] [95/459] SALN
[16:46:19] [96/459] BRTP
[16:46:19] [97/459] SVTA
[16:46:20] [98/459] SBTP
[16:46:21] [99/459] VLSS
[16:46:22] [100/459] SRJA
[16:46:23] [101/459] ANCG
[16:46:25] [102/459] CGGC
[16:46:25] [103/459] CRJA
[16:46:26] [104/459] USCR
[16:46:27] [105/459] MMEF
[16:46:28] [106/459] JCRJ
[16:46:29] [107/459] ADCM
[16:46:30] [108/459] BMYK
[16:46:30] [109/459] KICS
[16:46:31] [110/459] MBBT
[16:46:32] [111/459] MACK
[16:46:34] [112/459] CLDR
[16:46:34] [113/459] JYCR
[16:46:35] [114/459] DCRP
[16:46:36] [115/459] RAHT
[16:46:37] [116/459] CSSM
[16:46:38] [117/459] ATPK
[16:46:39] [118/459] KLRT
[16:46:39] [119/459] SRDD
[16:46:40] [120/459] CKMC
[16:46:42] [121/459] KRVM
[16:46:43] [122/459] AKCP
[16:46:44] [123/459] CNCV
[16:46:45] [124/459] PACT
[16:46:45] [125/459] NATP
[16:46:46] [126/459] PCPK
[16:46:47] [127/459] SMHO
[16:46:48] [128/459] CWTK
[16:46:49] [129/459] RVKZ
[16:46:50] [130/459] ASPD
[16:46:51] [131/459] VTKZ
[16:46:51] [132/459] LCSO
[16:46:52] [133/459] PRDY
[16:46:53] [134/459] RCAP
[16:46:54] [135/459] RGAR
[16:46:55] [136/459] RCAC
[16:46:56] [137/459] PMOD
[16:46:57] [138/459] PVCN
[16:46:58] [139/459] SCRZ
[16:46:59] [140/459] PVPC
[16:47:01] [141/459] STID
[16:47:02] [142/459] NEDD
[16:47:03] [143/459] BNBA
[16:47:03] [144/459] NTCD
[16:47:04] [145/459] OCDE
[16:47:06] [146/459] CCDU
[16:47:07] [147/459] CRXH
[16:47:08] [148/459] VLVT
[16:47:09] [149/459] CICI
[16:47:10] [150/459] SUCB
[16:47:11] [151/459] TCBP
[16:47:12] [152/459] SCCY
[16:47:14] [153/459] LXCY
[16:47:15] [154/459] NCMD
[16:47:16] [155/459] PHCS
[16:47:17] [156/459] DUXR
[16:47:18] [157/459] VNKS
[16:47:19] [158/459] SEDP
[16:47:20] [159/459] SVEN
[16:47:20] [160/459] SRKM
[16:47:21] [161/459] JTLT
[16:47:22] [162/459] SVSS
[16:47:23] [163/459] AMDE
[16:47:23] [164/459] WVRN
[16:47:25] [165/459] ISMG
[16:47:26] [166/459] WVKS
[16:47:27] [167/459] USCG
[16:47:28] [168/459] IOTG
[16:47:29] [169/459] RRJM
[16:47:30] [170/459] EDMP
[16:47:31] [171/459] SCGZ
[16:47:31] [172/459] GMGX
[16:47:32] [173/459] OMTP
[16:47:36] [174/459] MITD
[16:47:40] [175/459] SMMD
[16:47:41] [176/459] STML
[16:47:42] [177/459] MCFS
[16:47:43] [178/459] FPKA
[16:47:45] [179/459] OMLR
[16:47:45] [180/459] KKSC
[16:47:46] [181/459] RVMA
[16:47:47] [182/459] SCLL
[16:47:48] [183/459] SCDK
[16:47:50] [184/459] SXMI
[16:47:51] [185/459] SHDN
[16:47:53] [186/459] PAAD
[16:47:54] [187/459] UUCB
[16:47:55] [188/459] JHOL
[16:47:56] [189/459] SGWT
[16:47:57] [190/459] SRII
[16:47:58] [191/459] SGCK
[16:47:59] [192/459] SVVB
[16:48:00] [193/459] DMHA
[16:48:01] [194/459] PPNL
[16:48:01] [195/459] CPNL
[16:48:02] [196/459] WVLD
[16:48:03] [197/459] PSLV
[16:48:04] [198/459] VTTL
[16:48:05] [199/459] NPAD
[16:48:07] [200/459] PVCS
[16:48:07] [201/459] MCHL
[16:48:08] [202/459] PPLL
[16:48:09] [203/459] MALO
[16:48:10] [204/459] SWBH
[16:48:12] [205/459] PUGB
[16:48:13] [206/459] INBB
[16:48:14] [207/459] INNS
[16:48:15] [208/459] MCPT
[16:48:16] [209/459] SCMI
[16:48:17] [210/459] OCON
[16:48:18] [211/459] SCSM
[16:48:20] [212/459] RJVN
[16:48:21] [213/459] AMDK
[16:48:21] [214/459] ISMR
[16:48:22] [215/459] SMTD
[16:48:23] [216/459] VTDD
[16:48:24] [217/459] PDDZ
[16:48:25] [218/459] PCCK
[16:48:26] [219/459] INAM
[16:48:27] [220/459] FNKT
[16:48:28] [221/459] GDKA
[16:48:29] [222/459] MAYU
[16:48:30] [223/459] TCGU
[16:48:31] [224/459] KDCA
[16:48:33] [225/459] DOMY
[16:48:33] [226/459] PDDD
[16:48:34] [227/459] BJTS
[16:48:35] [228/459] VTCA
[16:48:36] [229/459] SBTM
[16:48:37] [230/459] SEET
[16:48:38] [231/459] SSTJ
[16:48:39] [232/459] SVNT
[16:48:41] [233/459] PPPR
[16:48:42] [234/459] PVYS
[16:48:43] [235/459] IOSE
[16:48:44] [236/459] ACTV
[16:48:44] [237/459] APVE
[16:48:45] [238/459] TCCL
[16:48:46] [239/459] SCMO
[16:48:47] [240/459] SAUM
[16:48:48] [241/459] KCJS
[16:48:50] [242/459] NJCJ
[16:48:51] [243/459] NECF
[16:48:52] [244/459] CCGW
[16:48:52] [245/459] CCMG
[16:48:54] [246/459] NYRG
[16:48:54] [247/459] NCSQ
[16:48:55] [248/459] GRCG
[16:48:56] [249/459] CCBT
[16:48:57] [250/459] ACGA
[16:48:58] [251/459] INAG
[16:48:59] [252/459] FUCG
[16:49:00] [253/459] AICF
[16:49:01] [254/459] GRGA
[16:49:01] [255/459] GDCN
[16:49:02] [256/459] RRCG
[16:49:03] [257/459] SDCH
[16:49:04] [258/459] WVJM
[16:49:06] [259/459] JCCZ
[16:49:07] [260/459] CNCL
[16:49:08] [261/459] TMLV
[16:49:09] [262/459] MEMB
[16:49:10] [263/459] SGTD
[16:49:11] [264/459] CONX
[16:49:12] [265/459] CCMH
[16:49:13] [266/459] ACMC
[16:49:13] [267/459] DTPD
[16:49:14] [268/459] POJA
[16:49:15] [269/459] FNBH
[16:49:16] [270/459] CGCB
[16:49:17] [271/459] RACN
[16:49:18] [272/459] JTSM
[16:49:19] [273/459] SCDN
[16:49:20] [274/459] AACK
[16:49:22] [275/459] RMCE
[16:49:23] [276/459] BSGB
[16:49:24] [277/459] MRCB
[16:49:25] [278/459] SRVR
[16:49:27] [279/459] VTKK
[16:49:27] [280/459] AMST
[16:49:28] [281/459] APCY
[16:49:30] [282/459] LMHO
[16:49:31] [283/459] MTZH
[16:49:32] [284/459] AMZB
[16:49:33] [285/459] SUVT
[16:49:33] [286/459] RCIP
[16:49:34] [287/459] KESR
[16:49:35] [288/459] SNKC
[16:49:36] [289/459] SCED
[16:49:37] [290/459] DVCA
[16:49:38] [291/459] VCDT
[16:49:39] [292/459] RRDI
[16:49:40] [293/459] DFCH
[16:49:41] [294/459] INSC
[16:49:42] [295/459] RGTR
[16:49:43] [296/459] FMOT
[16:49:44] [297/459] SCPM
[16:49:44] [298/459] GCDT
[16:49:46] [299/459] BRKT
[16:49:47] [300/459] DEMP
[16:49:48] [301/459] SRLC
[16:49:49] [302/459] KSTT
[16:49:50] [303/459] SMMT
[16:49:51] [304/459] SILM
[16:49:52] [305/459] JCVM
[16:49:53] [306/459] KCSV
[16:49:54] [307/459] MHLK
[16:49:55] [308/459] SLVL
[16:49:56] [309/459] RJKP
[16:49:57] [310/459] BBPC
[16:49:59] [311/459] MXCB
[16:50:00] [312/459] TCPK
[16:50:01] [313/459] RTBR
[16:50:02] [314/459] GAUT
[16:50:02] [315/459] DVCF
[16:50:03] [316/459] JTSB
[16:50:04] [317/459] SBLS
[16:50:05] [318/459] UDAY
[16:50:06] [319/459] PTNP
[16:50:07] [320/459] DMKT
[16:50:08] [321/459] NTDT
[16:50:09] [322/459] SHDJ
[16:50:10] [323/459] OTNC
[16:50:11] [324/459] RNTW
[16:50:12] [325/459] GCMI
[16:50:14] [326/459] CRCM
[16:50:14] [327/459] NNCZ
[16:50:15] [328/459] OEMO
[16:50:17] [329/459] PVJM
[16:50:17] [330/459] CPJI
[16:50:18] [331/459] RMCJ
[16:50:19] [332/459] CNWJ
[16:50:20] [333/459] EPJM
[16:50:21] [334/459] FNJJ
[16:50:22] [335/459] GCMJ
[16:50:23] [336/459] INPS
[16:50:24] [337/459] BICJ
[16:50:25] [338/459] ISTJ
[16:50:26] [339/459] INJC
[16:50:27] [340/459] GLXJ
[16:50:28] [341/459] INEM
[16:50:29] [342/459] JTMN
[16:50:30] [343/459] FRCJ
[16:50:31] [344/459] DDJP
[16:50:32] [345/459] INJV
[16:50:33] [346/459] GOLC
[16:50:33] [347/459] KOCI
[16:50:35] [348/459] FSTD
[16:50:37] [349/459] PACJ
[16:50:38] [350/459] GMCN
[16:50:39] [351/459] MMDJ
[16:50:40] [352/459] GODH
[16:50:40] [353/459] SKYN
[16:50:42] [354/459] NCTH
[16:50:43] [355/459] SKVZ
[16:50:44] [356/459] SVML
[16:50:45] [357/459] ACVZ
[16:50:46] [358/459] SURA
[16:50:46] [359/459] RTRB
[16:50:47] [360/459] LLCT
[16:50:49] [361/459] ATTS
[16:50:50] [362/459] JYCM
[16:50:51] [363/459] CTKR
[16:50:52] [364/459] LCKR
[16:50:53] [365/459] NYCV
[16:50:53] [366/459] NYOH
[16:50:54] [367/459] NOVX
[16:50:55] [368/459] MRGK
[16:50:56] [369/459] MOON
[16:50:57] [370/459] SBUC
[16:50:58] [371/459] GSVA
[16:50:59] [372/459] VIAK
[16:50:59] [373/459] SMVZ
[16:51:00] [374/459] MATE
[16:51:01] [375/459] RDCN
[16:51:02] [376/459] ASBL
[16:51:04] [377/459] ASVS
[16:51:04] [378/459] ASSR
[16:51:05] [379/459] SSKN
[16:51:06] [380/459] DRPV
[16:51:08] [381/459] MRHT
[16:51:09] [382/459] BSCN
[16:51:10] [383/459] RKNX
[16:51:11] [384/459] MSMC
[16:51:11] [385/459] MSCJ
[16:51:12] [386/459] BTBJ
[16:51:13] [387/459] MJCC
[16:51:14] [388/459] IOMM
[16:51:15] [389/459] ADGR
[16:51:16] [390/459] MYCP
[16:51:17] [391/459] IGCM
[16:51:19] [392/459] PGRK
[16:51:19] [393/459] VPGO
[16:51:20] [394/459] KOMS
[16:51:22] [395/459] URGG
[16:51:23] [396/459] GOST
[16:51:25] [397/459] LACT
[16:51:26] [398/459] BWCM
[16:51:27] [399/459] NCCW
[16:51:27] [400/459] SKYC
[16:51:29] [401/459] CCPM
[16:51:30] [402/459] VCBT
[16:51:31] [403/459] SDKR
[16:51:32] [404/459] CTYB
[16:51:32] [405/459] SHCX
[16:51:33] [406/459] RCUN
[16:51:34] [407/459] CNRA
[16:51:36] [408/459] RFCA
[16:51:37] [409/459] RDCU
[16:51:38] [410/459] SARK
[16:51:38] [411/459] SPPP
[16:51:39] [412/459] ADMB
[16:51:40] [413/459] JYOE
[16:51:41] [414/459] SRMD
[16:51:42] [415/459] RJDH
[16:51:44] [416/459] SSTD
[16:51:45] [417/459] AACV
[16:51:45] [418/459] PPVD
[16:51:46] [419/459] STCP
[16:51:47] [420/459] ANJR
[16:51:48] [421/459] ANLS
[16:51:49] [422/459] BIJO
[16:51:50] [423/459] AVAB
[16:51:51] [424/459] SPMD
[16:51:51] [425/459] SVJL
[16:51:52] [426/459] SDDJ
[16:51:53] [427/459] SLTU
[16:51:55] [428/459] SAKA
[16:51:56] [429/459] PMAM
[16:51:57] [430/459] FNAM
[16:51:57] [431/459] ACAM
[16:51:58] [432/459] SCMM
[16:51:59] [433/459] PMAK
[16:52:00] [434/459] NYSA
[16:52:01] [435/459] FCPA
[16:52:02] [436/459] GDAN
[16:52:03] [437/459] RSCA
[16:52:04] [438/459] DMAN
[16:52:05] [439/459] DZCM
[16:52:07] [440/459] NSGL
[16:52:08] [441/459] CCPP
[16:52:08] [442/459] PSMG
[16:52:10] [443/459] GSER
[16:52:11] [444/459] FCCT
[16:52:12] [445/459] FCTB
[16:52:13] [446/459] LCNK
[16:52:14] [447/459] SKTY
[16:52:15] [448/459] INAA
[16:52:16] [449/459] RCWN
[16:52:17] [450/459] VAIS
[16:52:17] [451/459] CVMN
[16:52:19] [452/459] INTS
[16:52:20] [453/459] FRGS
[16:52:21] [454/459] DTCK
[16:52:22] [455/459] MCMH
[16:52:23] [456/459] ECRR
[16:52:24] [457/459] RLLP
[16:52:25] [458/459] CCSN
[16:52:26] [459/459] CCBA
[16:52:27] 🧹 Deduping shows
[16:52:27] ✅ DONE | Shows=193 | Movies=12
[04:44:41] 🚀 SCRIPT STARTED
[04:44:41] [1/459] MBDC
[04:44:41] 🧠 New identity created
[04:44:42] [2/459] CHKM
[04:44:43] [3/459] JTKZ
[04:44:44] [4/459] CMCT
[04:44:45] [5/459] ASHO
[04:44:46] [6/459] ECDG
[04:44:47] [7/459] SPAT
[04:44:48] [8/459] HILC
[04:44:49] [9/459] SPPH
[04:44:50] [10/459] SBHN
[04:44:51] [11/459] RRCA
[04:44:53] [12/459] APAA
[04:44:54] [13/459] RAME
[04:44:54] [14/459] TMMS
[04:44:55] [15/459] BATK
[04:44:56] [16/459] LKOP
[04:44:57] [17/459] AMTT
[04:44:58] [18/459] PTGK
[04:44:58] [19/459] ANRS
[04:44:59] [20/459] VWBW
[04:45:00] [21/459] SVFG
[04:45:01] [22/459] STAT
[04:45:02] [23/459] GDCV
[04:45:03] [24/459] VEBI
[04:45:04] [25/459] VDSS
[04:45:05] [26/459] NTHV
[04:45:05] [27/459] AOCH
[04:45:07] [28/459] KASR
[04:45:08] [29/459] AYCS
[04:45:09] [30/459] SHAI
[04:45:09] [31/459] SKPE
[04:45:10] [32/459] SBTA
[04:45:11] [33/459] RTTD
[04:45:13] [34/459] CCJD
[04:45:14] [35/459] RSJJ
[04:45:15] [36/459] RKND
[04:45:16] [37/459] SVTX
[04:45:17] [38/459] BAKM
[04:45:18] [39/459] SVDC
[04:45:19] [40/459] MNCV
[04:45:21] [41/459] SJGC
[04:45:22] [42/459] MTPK
[04:45:23] [43/459] GATP
[04:45:24] [44/459] ABTS
[04:45:25] [45/459] ABDE
[04:45:26] [46/459] RCNM
[04:45:27] [47/459] KTHV
[04:45:27] [48/459] MDGJ
[04:45:28] [49/459] SMLM
[04:45:29] [50/459] JTMA
[04:45:30] [51/459] ACKP
[04:45:31] [52/459] SRTA
[04:45:32] [53/459] STAY
[04:45:33] [54/459] MAVO
[04:45:33] [55/459] APTS
[04:45:34] [56/459] OMEA
[04:45:36] [57/459] TTFD
[04:45:37] [58/459] MJCU
[04:45:38] [59/459] CXTE
[04:45:39] [60/459] CTPX
[04:45:40] [61/459] ASSL
[04:45:41] [62/459] CMVB
[04:45:41] [63/459] VPUR
[04:45:42] [64/459] JJDA
[04:45:43] [65/459] INBL
[04:45:44] [66/459] BIKB
[04:45:45] [67/459] NTBB
[04:45:46] [68/459] GLOB
[04:45:47] [69/459] SNTB
[04:45:48] [70/459] CHGV
[04:45:48] [71/459] SSBZ
[04:45:49] [72/459] PRDB
[04:45:50] [73/459] ISMT
[04:45:51] [74/459] MCSD
[04:45:52] [75/459] JBTT
[04:45:53] [76/459] GEKR
[04:45:53] [77/459] PVUN
[04:45:54] [78/459] NRTB
[04:45:55] [79/459] PRAA
[04:45:56] [80/459] PCBL
[04:45:57] [81/459] PTCM
[04:45:58] [82/459] KHNN
[04:45:59] [83/459] OMJE
[04:46:00] [84/459] STGN
[04:46:01] [85/459] RPMS
[04:46:01] [86/459] NWAD
[04:46:02] [87/459] BLCK
[04:46:03] [88/459] SVAA
[04:46:04] [89/459] URVM
[04:46:05] [90/459] ANTM
[04:46:06] [91/459] VJYM
[04:46:07] [92/459] MAZZ
[04:46:08] [93/459] CSHM
[04:46:09] [94/459] WGMH
[04:46:09] [95/459] SALN
[04:46:11] [96/459] BRTP
[04:46:12] [97/459] SVTA
[04:46:13] [98/459] SBTP
[04:46:14] [99/459] VLSS
[04:46:15] [100/459] SRJA
[04:46:16] [101/459] ANCG
[04:46:17] [102/459] CGGC
[04:46:17] [103/459] CRJA
[04:46:18] [104/459] USCR
[04:46:19] [105/459] MMEF
[04:46:20] [106/459] JCRJ
[04:46:21] [107/459] ADCM
[04:46:22] [108/459] BMYK
[04:46:23] [109/459] KICS
[04:46:24] [110/459] MBBT
[04:46:25] [111/459] MACK
[04:46:27] [112/459] CLDR
[04:46:28] [113/459] JYCR
[04:46:28] [114/459] DCRP
[04:46:29] [115/459] RAHT
[04:46:30] [116/459] CSSM
[04:46:31] [117/459] ATPK
[04:46:32] [118/459] KLRT
[04:46:33] [119/459] SRDD
[04:46:34] [120/459] CKMC
[04:46:35] [121/459] KRVM
[04:46:35] [122/459] AKCP
[04:46:37] [123/459] CNCV
[04:46:38] [124/459] PACT
[04:46:40] [125/459] NATP
[04:46:41] [126/459] PCPK
[04:46:41] [127/459] SMHO
[04:46:42] [128/459] CWTK
[04:46:43] [129/459] RVKZ
[04:46:44] [130/459] ASPD
[04:46:45] [131/459] VTKZ
[04:46:46] [132/459] LCSO
[04:46:47] [133/459] PRDY
[04:46:47] [134/459] RCAP
[04:46:48] [135/459] RGAR
[04:46:49] [136/459] RCAC
[04:46:50] [137/459] PMOD
[04:46:50] [138/459] PVCN
[04:46:51] [139/459] SCRZ
[04:46:52] [140/459] PVPC
[04:46:53] [141/459] STID
[04:46:54] [142/459] NEDD
[04:46:55] [143/459] BNBA
[04:46:55] [144/459] NTCD
[04:46:57] [145/459] OCDE
[04:46:57] [146/459] CCDU
[04:46:58] [147/459] CRXH
[04:46:59] [148/459] VLVT
[04:47:00] [149/459] CICI
[04:47:00] [150/459] SUCB
[04:47:01] [151/459] TCBP
[04:47:02] [152/459] SCCY
[04:47:03] [153/459] LXCY
[04:47:04] [154/459] NCMD
[04:47:05] [155/459] PHCS
[04:47:07] [156/459] DUXR
[04:47:07] [157/459] VNKS
[04:47:08] [158/459] SEDP
[04:47:09] [159/459] SVEN
[04:47:10] [160/459] SRKM
[04:47:11] [161/459] JTLT
[04:47:11] [162/459] SVSS
[04:47:12] [163/459] AMDE
[04:47:14] [164/459] WVRN
[04:47:15] [165/459] ISMG
[04:47:16] [166/459] WVKS
[04:47:17] [167/459] USCG
[04:47:18] [168/459] IOTG
[04:47:19] [169/459] RRJM
[04:47:20] [170/459] EDMP
[04:47:21] [171/459] SCGZ
[04:47:21] [172/459] GMGX
[04:47:22] [173/459] OMTP
[04:47:23] [174/459] MITD
[04:47:25] [175/459] SMMD
[04:47:26] [176/459] STML
[04:47:27] [177/459] MCFS
[04:47:28] [178/459] FPKA
[04:47:28] [179/459] OMLR
[04:47:29] [180/459] KKSC
[04:47:30] [181/459] RVMA
[04:47:31] [182/459] SCLL
[04:47:32] [183/459] SCDK
[04:47:33] [184/459] SXMI
[04:47:34] [185/459] SHDN
[04:47:35] [186/459] PAAD
[04:47:36] [187/459] UUCB
[04:47:37] [188/459] JHOL
[04:47:38] [189/459] SGWT
[04:47:39] [190/459] SRII
[04:47:40] [191/459] SGCK
[04:47:40] [192/459] SVVB
[04:47:41] [193/459] DMHA
[04:47:42] [194/459] PPNL
[04:47:43] [195/459] CPNL
[04:47:44] [196/459] WVLD
[04:47:44] [197/459] PSLV
[04:47:45] [198/459] VTTL
[04:47:46] [199/459] NPAD
[04:47:47] [200/459] PVCS
[04:47:49] [201/459] MCHL
[04:47:50] [202/459] PPLL
[04:47:50] [203/459] MALO
[04:47:51] [204/459] SWBH
[04:47:53] [205/459] PUGB
[04:47:55] [206/459] INBB
[04:47:56] [207/459] INNS
[04:47:57] [208/459] MCPT
[04:47:57] [209/459] SCMI
[04:47:58] [210/459] OCON
[04:47:59] [211/459] SCSM
[04:48:00] [212/459] RJVN
[04:48:01] [213/459] AMDK
[04:48:01] [214/459] ISMR
[04:48:02] [215/459] SMTD
[04:48:03] [216/459] VTDD
[04:48:03] [217/459] PDDZ
[04:48:05] [218/459] PCCK
[04:48:06] [219/459] INAM
[04:48:07] [220/459] FNKT
[04:48:08] [221/459] GDKA
[04:48:09] [222/459] MAYU
[04:48:09] [223/459] TCGU
[04:48:10] [224/459] KDCA
[04:48:11] [225/459] DOMY
[04:48:12] [226/459] PDDD
[04:48:13] [227/459] BJTS
[04:48:14] [228/459] VTCA
[04:48:15] [229/459] SBTM
[04:48:17] [230/459] SEET
[04:48:17] [231/459] SSTJ
[04:48:18] [232/459] SVNT
[04:48:19] [233/459] PPPR
[04:48:20] [234/459] PVYS
[04:48:21] [235/459] IOSE
[04:48:22] [236/459] ACTV
[04:48:23] [237/459] APVE
[04:48:24] [238/459] TCCL
[04:48:24] [239/459] SCMO
[04:48:25] [240/459] SAUM
[04:48:26] [241/459] KCJS
[04:48:27] [242/459] NJCJ
[04:48:28] [243/459] NECF
[04:48:29] [244/459] CCGW
[04:48:31] [245/459] CCMG
[04:48:32] [246/459] NYRG
[04:48:33] [247/459] NCSQ
[04:48:34] [248/459] GRCG
[04:48:35] [249/459] CCBT
[04:48:36] [250/459] ACGA
[04:48:38] [251/459] INAG
[04:48:39] [252/459] FUCG
[04:48:40] [253/459] AICF
[04:48:41] [254/459] GRGA
[04:48:42] [255/459] GDCN
[04:48:43] [256/459] RRCG
[04:48:43] [257/459] SDCH
[04:48:45] [258/459] WVJM
[04:48:46] [259/459] JCCZ
[04:48:46] [260/459] CNCL
[04:48:47] [261/459] TMLV
[04:48:48] [262/459] MEMB
[04:48:49] [263/459] SGTD
[04:48:50] [264/459] CONX
[04:48:51] [265/459] CCMH
[04:48:52] [266/459] ACMC
[04:48:53] [267/459] DTPD
[04:48:53] [268/459] POJA
[04:48:54] [269/459] FNBH
[04:48:55] [270/459] CGCB
[04:48:56] [271/459] RACN
[04:48:57] [272/459] JTSM
[04:48:58] [273/459] SCDN
[04:48:59] [274/459] AACK
[04:49:00] [275/459] RMCE
[04:49:01] [276/459] BSGB
[04:49:02] [277/459] MRCB
[04:49:03] [278/459] SRVR
[04:49:04] [279/459] VTKK
[04:49:05] [280/459] AMST
[04:49:06] [281/459] APCY
[04:49:07] [282/459] LMHO
[04:49:08] [283/459] MTZH
[04:49:08] [284/459] AMZB
[04:49:09] [285/459] SUVT
[04:49:10] [286/459] RCIP
[04:49:12] [287/459] KESR
[04:49:12] [288/459] SNKC
[04:49:13] [289/459] SCED
[04:49:14] [290/459] DVCA
[04:49:15] [291/459] VCDT
[04:49:16] [292/459] RRDI
[04:49:17] [293/459] DFCH
[04:49:17] [294/459] INSC
[04:49:19] [295/459] RGTR
[04:49:21] [296/459] FMOT
[04:49:21] [297/459] SCPM
[04:49:22] [298/459] GCDT
[04:49:24] [299/459] BRKT
[04:49:25] [300/459] DEMP
[04:49:27] [301/459] SRLC
[04:49:28] [302/459] KSTT
[04:49:28] [303/459] SMMT
[04:49:29] [304/459] SILM
[04:49:31] [305/459] JCVM
[04:49:31] [306/459] KCSV
[04:49:32] [307/459] MHLK
[04:49:33] [308/459] SLVL
[04:49:34] [309/459] RJKP
[04:49:35] [310/459] BBPC
[04:49:35] [311/459] MXCB
[04:49:36] [312/459] TCPK
[04:49:37] [313/459] RTBR
[04:49:38] [314/459] GAUT
[04:49:39] [315/459] DVCF
[04:49:40] [316/459] JTSB
[04:49:41] [317/459] SBLS
[04:49:41] [318/459] UDAY
[04:49:42] [319/459] PTNP
[04:49:43] [320/459] DMKT
[04:49:44] [321/459] NTDT
[04:49:46] [322/459] SHDJ
[04:49:47] [323/459] OTNC
[04:49:48] [324/459] RNTW
[04:49:48] [325/459] GCMI
[04:49:49] [326/459] CRCM
[04:49:50] [327/459] NNCZ
[04:49:51] [328/459] OEMO
[04:49:51] [329/459] PVJM
[04:49:53] [330/459] CPJI
[04:49:54] [331/459] RMCJ
[04:49:55] [332/459] CNWJ
[04:49:55] [333/459] EPJM
[04:49:56] [334/459] FNJJ
[04:49:57] [335/459] GCMJ
[04:49:58] [336/459] INPS
[04:49:59] [337/459] BICJ
[04:49:59] [338/459] ISTJ
[04:50:00] [339/459] INJC
[04:50:01] [340/459] GLXJ
[04:50:02] [341/459] INEM
[04:50:03] [342/459] JTMN
[04:50:04] [343/459] FRCJ
[04:50:05] [344/459] DDJP
[04:50:06] [345/459] INJV
[04:50:06] [346/459] GOLC
[04:50:07] [347/459] KOCI
[04:50:08] [348/459] FSTD
[04:50:09] [349/459] PACJ
[04:50:10] [350/459] GMCN
[04:50:11] [351/459] MMDJ
[04:50:12] [352/459] GODH
[04:50:13] [353/459] SKYN
[04:50:13] [354/459] NCTH
[04:50:14] [355/459] SKVZ
[04:50:15] [356/459] SVML
[04:50:16] [357/459] ACVZ
[04:50:17] [358/459] SURA
[04:50:17] [359/459] RTRB
[04:50:18] [360/459] LLCT
[04:50:19] [361/459] ATTS
[04:50:20] [362/459] JYCM
[04:50:21] [363/459] CTKR
[04:50:22] [364/459] LCKR
[04:50:23] [365/459] NYCV
[04:50:24] [366/459] NYOH
[04:50:24] [367/459] NOVX
[04:50:25] [368/459] MRGK
[04:50:26] [369/459] MOON
[04:50:27] [370/459] SBUC
[04:50:28] [371/459] GSVA
[04:50:29] [372/459] VIAK
[04:50:30] [373/459] SMVZ
[04:50:31] [374/459] MATE
[04:50:32] [375/459] RDCN
[04:50:33] [376/459] ASBL
[04:50:34] [377/459] ASVS
[04:50:35] [378/459] ASSR
[04:50:36] [379/459] SSKN
[04:50:37] [380/459] DRPV
[04:50:37] [381/459] MRHT
[04:50:39] [382/459] BSCN
[04:50:40] [383/459] RKNX
[04:50:41] [384/459] MSMC
[04:50:42] [385/459] MSCJ
[04:50:43] [386/459] BTBJ
[04:50:43] [387/459] MJCC
[04:50:44] [388/459] IOMM
[04:50:45] [389/459] ADGR
[04:50:46] [390/459] MYCP
[04:50:47] [391/459] IGCM
[04:50:48] [392/459] PGRK
[04:50:49] [393/459] VPGO
[04:50:50] [394/459] KOMS
[04:50:50] [395/459] URGG
[04:50:51] [396/459] GOST
[04:50:52] [397/459] LACT
[04:50:53] [398/459] BWCM
[04:50:54] [399/459] NCCW
[04:50:55] [400/459] SKYC
[04:50:56] [401/459] CCPM
[04:50:57] [402/459] VCBT
[04:50:57] [403/459] SDKR
[04:50:58] [404/459] CTYB
[04:50:59] [405/459] SHCX
[04:51:00] [406/459] RCUN
[04:51:01] [407/459] CNRA
[04:51:02] [408/459] RFCA
[04:51:03] [409/459] RDCU
[04:51:04] [410/459] SARK
[04:51:06] [411/459] SPPP
[04:51:07] [412/459] ADMB
[04:51:08] [413/459] JYOE
[04:51:09] [414/459] SRMD
[04:51:10] [415/459] RJDH
[04:51:11] [416/459] SSTD
[04:51:12] [417/459] AACV
[04:51:13] [418/459] PPVD
[04:51:13] [419/459] STCP
[04:51:14] [420/459] ANJR
[04:51:15] [421/459] ANLS
[04:51:17] [422/459] BIJO
[04:51:18] [423/459] AVAB
[04:51:19] [424/459] SPMD
[04:51:20] [425/459] SVJL
[04:51:21] [426/459] SDDJ
[04:51:22] [427/459] SLTU
[04:51:23] [428/459] SAKA
[04:51:24] [429/459] PMAM
[04:51:25] [430/459] FNAM
[04:51:26] [431/459] ACAM
[04:51:27] [432/459] SCMM
[04:51:28] [433/459] PMAK
[04:51:29] [434/459] NYSA
[04:51:31] [435/459] FCPA
[04:51:32] [436/459] GDAN
[04:51:33] [437/459] RSCA
[04:51:34] [438/459] DMAN
[04:51:34] [439/459] DZCM
[04:51:35] [440/459] NSGL
[04:51:36] [441/459] CCPP
[04:51:37] [442/459] PSMG
[04:51:37] [443/459] GSER
[04:51:38] [444/459] FCCT
[04:51:40] [445/459] FCTB
[04:51:41] [446/459] LCNK
[04:51:42] [447/459] SKTY
[04:51:42] [448/459] INAA
[04:51:43] [449/459] RCWN
[04:51:44] [450/459] VAIS
[04:51:45] [451/459] CVMN
[04:51:46] [452/459] INTS
[04:51:46] [453/459] FRGS
[04:51:47] [454/459] DTCK
[04:51:48] [455/459] MCMH
[04:51:49] [456/459] ECRR
[04:51:50] [457/459] RLLP
[04:51:51] [458/459] CCSN
[04:51:52] [459/459] CCBA
[04:51:52] 🧹 Deduping shows
[04:51:52] ✅ DONE | Shows=274 | Movies=22
[11:54:28] 🚀 SCRIPT STARTED
[11:54:28] [1/459] MBDC
[11:54:28] 🧠 New identity created
[11:54:29] [2/459] CHKM
[11:54:30] [3/459] JTKZ
[11:54:31] [4/459] CMCT
[11:54:32] [5/459] ASHO
[11:54:33] [6/459] ECDG
[11:54:34] [7/459] SPAT
[11:54:35] [8/459] HILC
[11:54:35] [9/459] SPPH
[11:54:37] [10/459] SBHN
[11:54:38] [11/459] RRCA
[11:54:39] [12/459] APAA
[11:54:40] [13/459] RAME
[11:54:41] [14/459] TMMS
[11:54:42] [15/459] BATK
[11:54:43] [16/459] LKOP
[11:54:43] [17/459] AMTT
[11:54:44] [18/459] PTGK
[11:54:45] [19/459] ANRS
[11:54:46] [20/459] VWBW
[11:54:47] [21/459] SVFG
[11:54:48] [22/459] STAT
[11:54:50] [23/459] GDCV
[11:54:51] [24/459] VEBI
[11:54:52] [25/459] VDSS
[11:54:52] [26/459] NTHV
[11:54:53] [27/459] AOCH
[11:54:54] [28/459] KASR
[11:54:56] [29/459] AYCS
[11:54:57] [30/459] SHAI
[11:54:57] [31/459] SKPE
[11:54:58] [32/459] SBTA
[11:54:59] [33/459] RTTD
[11:55:00] [34/459] CCJD
[11:55:01] [35/459] RSJJ
[11:55:03] [36/459] RKND
[11:55:04] [37/459] SVTX
[11:55:05] [38/459] BAKM
[11:55:05] [39/459] SVDC
[11:55:07] [40/459] MNCV
[11:55:08] [41/459] SJGC
[11:55:09] [42/459] MTPK
[11:55:09] [43/459] GATP
[11:55:10] [44/459] ABTS
[11:55:11] [45/459] ABDE
[11:55:12] [46/459] RCNM
[11:55:14] [47/459] KTHV
[11:55:14] [48/459] MDGJ
[11:55:15] [49/459] SMLM
[11:55:16] [50/459] JTMA
[11:55:17] [51/459] ACKP
[11:55:18] [52/459] SRTA
[11:55:19] [53/459] STAY
[11:55:20] [54/459] MAVO
[11:55:22] [55/459] APTS
[11:55:22] [56/459] OMEA
[11:55:23] [57/459] TTFD
[11:55:25] [58/459] MJCU
[11:55:25] [59/459] CXTE
[11:55:26] [60/459] CTPX
[11:55:27] [61/459] ASSL
[11:55:28] [62/459] CMVB
[11:55:29] [63/459] VPUR
[11:55:30] [64/459] JJDA
[11:55:31] [65/459] INBL
[11:55:33] [66/459] BIKB
[11:55:33] [67/459] NTBB
[11:55:34] [68/459] GLOB
[11:55:35] [69/459] SNTB
[11:55:36] [70/459] CHGV
[11:55:37] [71/459] SSBZ
[11:55:38] [72/459] PRDB
[11:55:39] [73/459] ISMT
[11:55:40] [74/459] MCSD
[11:55:41] [75/459] JBTT
[11:55:42] [76/459] GEKR
[11:55:42] [77/459] PVUN
[11:55:43] [78/459] NRTB
[11:55:44] [79/459] PRAA
[11:55:45] [80/459] PCBL
[11:55:46] [81/459] PTCM
[11:55:46] [82/459] KHNN
[11:55:48] [83/459] OMJE
[11:55:49] [84/459] STGN
[11:55:50] [85/459] RPMS
[11:55:51] [86/459] NWAD
[11:55:52] [87/459] BLCK
[11:55:53] [88/459] SVAA
[11:55:54] [89/459] URVM
[11:55:55] [90/459] ANTM
[11:55:56] [91/459] VJYM
[11:55:56] [92/459] MAZZ
[11:55:57] [93/459] CSHM
[11:55:58] [94/459] WGMH
[11:55:59] [95/459] SALN
[11:56:00] [96/459] BRTP
[11:56:01] [97/459] SVTA
[11:56:02] [98/459] SBTP
[11:56:03] [99/459] VLSS
[11:56:04] [100/459] SRJA
[11:56:05] [101/459] ANCG
[11:56:06] [102/459] CGGC
[11:56:07] [103/459] CRJA
[11:56:09] [104/459] USCR
[11:56:10] [105/459] MMEF
[11:56:11] [106/459] JCRJ
[11:56:12] [107/459] ADCM
[11:56:13] [108/459] BMYK
[11:56:14] [109/459] KICS
[11:56:15] [110/459] MBBT
[11:56:16] [111/459] MACK
[11:56:18] [112/459] CLDR
[11:56:18] [113/459] JYCR
[11:56:19] [114/459] DCRP
[11:56:21] [115/459] RAHT
[11:56:21] [116/459] CSSM
[11:56:22] [117/459] ATPK
[11:56:24] [118/459] KLRT
[11:56:25] [119/459] SRDD
[11:56:26] [120/459] CKMC
[11:56:27] [121/459] KRVM
[11:56:28] [122/459] AKCP
[11:56:29] [123/459] CNCV
[11:56:30] [124/459] PACT
[11:56:31] [125/459] NATP
[11:56:31] [126/459] PCPK
[11:56:32] [127/459] SMHO
[11:56:33] [128/459] CWTK
[11:56:34] [129/459] RVKZ
[11:56:34] [130/459] ASPD
[11:56:35] [131/459] VTKZ
[11:56:36] [132/459] LCSO
[11:56:37] [133/459] PRDY
[11:56:38] [134/459] RCAP
[11:56:39] [135/459] RGAR
[11:56:40] [136/459] RCAC
[11:56:40] [137/459] PMOD
[11:56:41] [138/459] PVCN
[11:56:42] [139/459] SCRZ
[11:56:43] [140/459] PVPC
[11:56:44] [141/459] STID
[11:56:45] [142/459] NEDD
[11:56:45] [143/459] BNBA
[11:56:46] [144/459] NTCD
[11:56:47] [145/459] OCDE
[11:56:49] [146/459] CCDU
[11:56:50] [147/459] CRXH
[11:56:51] [148/459] VLVT
[11:56:52] [149/459] CICI
[11:56:53] [150/459] SUCB
[11:56:54] [151/459] TCBP
[11:56:54] [152/459] SCCY
[11:56:56] [153/459] LXCY
[11:56:57] [154/459] NCMD
[11:56:58] [155/459] PHCS
[11:56:59] [156/459] DUXR
[11:57:00] [157/459] VNKS
[11:57:00] [158/459] SEDP
[11:57:01] [159/459] SVEN
[11:57:03] [160/459] SRKM
[11:57:03] [161/459] JTLT
[11:57:04] [162/459] SVSS
[11:57:05] [163/459] AMDE
[11:57:06] [164/459] WVRN
[11:57:07] [165/459] ISMG
[11:57:08] [166/459] WVKS
[11:57:09] [167/459] USCG
[11:57:10] [168/459] IOTG
[11:57:10] [169/459] RRJM
[11:57:11] [170/459] EDMP
[11:57:12] [171/459] SCGZ
[11:57:12] [172/459] GMGX
[11:57:13] [173/459] OMTP
[11:57:14] [174/459] MITD
[11:57:15] [175/459] SMMD
[11:57:17] [176/459] STML
[11:57:18] [177/459] MCFS
[11:57:18] [178/459] FPKA
[11:57:19] [179/459] OMLR
[11:57:20] [180/459] KKSC
[11:57:21] [181/459] RVMA
[11:57:22] [182/459] SCLL
[11:57:22] [183/459] SCDK
[11:57:23] [184/459] SXMI
[11:57:25] [185/459] SHDN
[11:57:25] [186/459] PAAD
[11:57:26] [187/459] UUCB
[11:57:27] [188/459] JHOL
[11:57:28] [189/459] SGWT
[11:57:29] [190/459] SRII
[11:57:30] [191/459] SGCK
[11:57:30] [192/459] SVVB
[11:57:31] [193/459] DMHA
[11:57:32] [194/459] PPNL
[11:57:33] [195/459] CPNL
[11:57:34] [196/459] WVLD
[11:57:34] [197/459] PSLV
[11:57:35] [198/459] VTTL
[11:57:36] [199/459] NPAD
[11:57:37] [200/459] PVCS
[11:57:38] [201/459] MCHL
[11:57:39] [202/459] PPLL
[11:57:40] [203/459] MALO
[11:57:40] [204/459] SWBH
[11:57:41] [205/459] PUGB
[11:57:43] [206/459] INBB
[11:57:44] [207/459] INNS
[11:57:45] [208/459] MCPT
[11:57:45] [209/459] SCMI
[11:57:46] [210/459] OCON
[11:57:47] [211/459] SCSM
[11:57:48] [212/459] RJVN
[11:57:49] [213/459] AMDK
[11:57:50] [214/459] ISMR
[11:57:51] [215/459] SMTD
[11:57:51] [216/459] VTDD
[11:57:53] [217/459] PDDZ
[11:57:54] [218/459] PCCK
[11:57:54] [219/459] INAM
[11:57:56] [220/459] FNKT
[11:57:57] [221/459] GDKA
[11:57:58] [222/459] MAYU
[11:57:58] [223/459] TCGU
[11:58:00] [224/459] KDCA
[11:58:01] [225/459] DOMY
[11:58:02] [226/459] PDDD
[11:58:02] [227/459] BJTS
[11:58:03] [228/459] VTCA
[11:58:04] [229/459] SBTM
[11:58:05] [230/459] SEET
[11:58:06] [231/459] SSTJ
[11:58:06] [232/459] SVNT
[11:58:07] [233/459] PPPR
[11:58:08] [234/459] PVYS
[11:58:09] [235/459] IOSE
[11:58:10] [236/459] ACTV
[11:58:11] [237/459] APVE
[11:58:13] [238/459] TCCL
[11:58:13] [239/459] SCMO
[11:58:14] [240/459] SAUM
[11:58:15] [241/459] KCJS
[11:58:17] [242/459] NJCJ
[11:58:18] [243/459] NECF
[11:58:19] [244/459] CCGW
[11:58:19] [245/459] CCMG
[11:58:20] [246/459] NYRG
[11:58:21] [247/459] NCSQ
[11:58:22] [248/459] GRCG
[11:58:23] [249/459] CCBT
[11:58:24] [250/459] ACGA
[11:58:25] [251/459] INAG
[11:58:25] [252/459] FUCG
[11:58:26] [253/459] AICF
[11:58:27] [254/459] GRGA
[11:58:28] [255/459] GDCN
[11:58:29] [256/459] RRCG
[11:58:31] [257/459] SDCH
[11:58:31] [258/459] WVJM
[11:58:33] [259/459] JCCZ
[11:58:34] [260/459] CNCL
[11:58:35] [261/459] TMLV
[11:58:36] [262/459] MEMB
[11:58:37] [263/459] SGTD
[11:58:38] [264/459] CONX
[11:58:40] [265/459] CCMH
[11:58:41] [266/459] ACMC
[11:58:41] [267/459] DTPD
[11:58:42] [268/459] POJA
[11:58:43] [269/459] FNBH
[11:58:44] [270/459] CGCB
[11:58:44] [271/459] RACN
[11:58:45] [272/459] JTSM
[11:58:47] [273/459] SCDN
[11:58:48] [274/459] AACK
[11:58:49] [275/459] RMCE
[11:58:50] [276/459] BSGB
[11:58:51] [277/459] MRCB
[11:58:52] [278/459] SRVR
[11:58:53] [279/459] VTKK
[11:58:54] [280/459] AMST
[11:58:54] [281/459] APCY
[11:58:56] [282/459] LMHO
[11:58:57] [283/459] MTZH
[11:58:58] [284/459] AMZB
[11:58:59] [285/459] SUVT
[11:59:00] [286/459] RCIP
[11:59:01] [287/459] KESR
[11:59:02] [288/459] SNKC
[11:59:02] [289/459] SCED
[11:59:03] [290/459] DVCA
[11:59:04] [291/459] VCDT
[11:59:05] [292/459] RRDI
[11:59:06] [293/459] DFCH
[11:59:07] [294/459] INSC
[11:59:08] [295/459] RGTR
[11:59:09] [296/459] FMOT
[11:59:10] [297/459] SCPM
[11:59:12] [298/459] GCDT
[11:59:13] [299/459] BRKT
[11:59:13] [300/459] DEMP
[11:59:14] [301/459] SRLC
[11:59:15] [302/459] KSTT
[11:59:16] [303/459] SMMT
[11:59:17] [304/459] SILM
[11:59:17] [305/459] JCVM
[11:59:18] [306/459] KCSV
[11:59:19] [307/459] MHLK
[11:59:20] [308/459] SLVL
[11:59:21] [309/459] RJKP
[11:59:22] [310/459] BBPC
[11:59:22] [311/459] MXCB
[11:59:23] [312/459] TCPK
[11:59:24] [313/459] RTBR
[11:59:25] [314/459] GAUT
[11:59:25] [315/459] DVCF
[11:59:27] [316/459] JTSB
[11:59:27] [317/459] SBLS
[11:59:28] [318/459] UDAY
[11:59:29] [319/459] PTNP
[11:59:30] [320/459] DMKT
[11:59:31] [321/459] NTDT
[11:59:31] [322/459] SHDJ
[11:59:32] [323/459] OTNC
[11:59:33] [324/459] RNTW
[11:59:34] [325/459] GCMI
[11:59:36] [326/459] CRCM
[11:59:37] [327/459] NNCZ
[11:59:38] [328/459] OEMO
[11:59:39] [329/459] PVJM
[11:59:40] [330/459] CPJI
[11:59:41] [331/459] RMCJ
[11:59:42] [332/459] CNWJ
[11:59:43] [333/459] EPJM
[11:59:44] [334/459] FNJJ
[11:59:45] [335/459] GCMJ
[11:59:46] [336/459] INPS
[11:59:47] [337/459] BICJ
[11:59:48] [338/459] ISTJ
[11:59:49] [339/459] INJC
[11:59:50] [340/459] GLXJ
[11:59:51] [341/459] INEM
[11:59:52] [342/459] JTMN
[11:59:53] [343/459] FRCJ
[11:59:54] [344/459] DDJP
[11:59:55] [345/459] INJV
[11:59:56] [346/459] GOLC
[11:59:57] [347/459] KOCI
[11:59:58] [348/459] FSTD
[11:59:58] [349/459] PACJ
[12:00:00] [350/459] GMCN
[12:00:01] [351/459] MMDJ
[12:00:01] [352/459] GODH
[12:00:03] [353/459] SKYN
[12:00:03] [354/459] NCTH
[12:00:04] [355/459] SKVZ
[12:00:05] [356/459] SVML
[12:00:06] [357/459] ACVZ
[12:00:07] [358/459] SURA
[12:00:08] [359/459] RTRB
[12:00:09] [360/459] LLCT
[12:00:10] [361/459] ATTS
[12:00:11] [362/459] JYCM
[12:00:11] [363/459] CTKR
[12:00:12] [364/459] LCKR
[12:00:13] [365/459] NYCV
[12:00:14] [366/459] NYOH
[12:00:15] [367/459] NOVX
[12:00:16] [368/459] MRGK
[12:00:16] [369/459] MOON
[12:00:18] [370/459] SBUC
[12:00:19] [371/459] GSVA
[12:00:20] [372/459] VIAK
[12:00:21] [373/459] SMVZ
[12:00:22] [374/459] MATE
[12:00:22] [375/459] RDCN
[12:00:23] [376/459] ASBL
[12:00:24] [377/459] ASVS
[12:00:25] [378/459] ASSR
[12:00:25] [379/459] SSKN
[12:00:26] [380/459] DRPV
[12:00:27] [381/459] MRHT
[12:00:28] [382/459] BSCN
[12:00:29] [383/459] RKNX
[12:00:30] [384/459] MSMC
[12:00:30] [385/459] MSCJ
[12:00:31] [386/459] BTBJ
[12:00:33] [387/459] MJCC
[12:00:34] [388/459] IOMM
[12:00:34] [389/459] ADGR
[12:00:35] [390/459] MYCP
[12:00:36] [391/459] IGCM
[12:00:37] [392/459] PGRK
[12:00:39] [393/459] VPGO
[12:00:40] [394/459] KOMS
[12:00:41] [395/459] URGG
[12:00:42] [396/459] GOST
[12:00:43] [397/459] LACT
[12:00:44] [398/459] BWCM
[12:00:45] [399/459] NCCW
[12:00:46] [400/459] SKYC
[12:00:47] [401/459] CCPM
[12:00:48] [402/459] VCBT
[12:00:48] [403/459] SDKR
[12:00:49] [404/459] CTYB
[12:00:51] [405/459] SHCX
[12:00:52] [406/459] RCUN
[12:00:53] [407/459] CNRA
[12:00:54] [408/459] RFCA
[12:00:55] [409/459] RDCU
[12:00:56] [410/459] SARK
[12:00:57] [411/459] SPPP
[12:00:59] [412/459] ADMB
[12:00:59] [413/459] JYOE
[12:01:00] [414/459] SRMD
[12:01:01] [415/459] RJDH
[12:01:02] [416/459] SSTD
[12:01:03] [417/459] AACV
[12:01:04] [418/459] PPVD
[12:01:05] [419/459] STCP
[12:01:06] [420/459] ANJR
[12:01:06] [421/459] ANLS
[12:01:07] [422/459] BIJO
[12:01:09] [423/459] AVAB
[12:01:09] [424/459] SPMD
[12:01:10] [425/459] SVJL
[12:01:11] [426/459] SDDJ
[12:01:13] [427/459] SLTU
[12:01:14] [428/459] SAKA
[12:01:16] [429/459] PMAM
[12:01:16] [430/459] FNAM
[12:01:18] [431/459] ACAM
[12:01:19] [432/459] SCMM
[12:01:20] [433/459] PMAK
[12:01:21] [434/459] NYSA
[12:01:21] [435/459] FCPA
[12:01:22] [436/459] GDAN
[12:01:23] [437/459] RSCA
[12:01:24] [438/459] DMAN
[12:01:25] [439/459] DZCM
[12:01:26] [440/459] NSGL
[12:01:27] [441/459] CCPP
[12:01:28] [442/459] PSMG
[12:01:29] [443/459] GSER
[12:01:30] [444/459] FCCT
[12:01:32] [445/459] FCTB
[12:01:33] [446/459] LCNK
[12:01:34] [447/459] SKTY
[12:01:34] [448/459] INAA
[12:01:36] [449/459] RCWN
[12:01:36] [450/459] VAIS
[12:01:37] [451/459] CVMN
[12:01:38] [452/459] INTS
[12:01:39] [453/459] FRGS
[12:01:40] [454/459] DTCK
[12:01:41] [455/459] MCMH
[12:01:42] [456/459] ECRR
[12:01:43] [457/459] RLLP
[12:01:44] [458/459] CCSN
[12:01:45] [459/459] CCBA
[12:01:46] 🧹 Deduping shows
[12:01:46] ✅ DONE | Shows=284 | Movies=25
[19:06:33] 🚀 SCRIPT STARTED
[19:06:33] [1/459] MBDC
[19:06:33] 🧠 New identity created
[19:06:34] [2/459] CHKM
[19:06:34] [3/459] JTKZ
[19:06:35] [4/459] CMCT
[19:06:36] [5/459] ASHO
[19:06:37] [6/459] ECDG
[19:06:38] [7/459] SPAT
[19:06:38] [8/459] HILC
[19:06:39] [9/459] SPPH
[19:06:40] [10/459] SBHN
[19:06:41] [11/459] RRCA
[19:06:43] [12/459] APAA
[19:06:44] [13/459] RAME
[19:06:44] [14/459] TMMS
[19:06:45] [15/459] BATK
[19:06:46] [16/459] LKOP
[19:06:47] [17/459] AMTT
[19:06:48] [18/459] PTGK
[19:06:49] [19/459] ANRS
[19:06:50] [20/459] VWBW
[19:06:51] [21/459] SVFG
[19:06:53] [22/459] STAT
[19:06:54] [23/459] GDCV
[19:06:55] [24/459] VEBI
[19:06:55] [25/459] VDSS
[19:06:56] [26/459] NTHV
[19:06:57] [27/459] AOCH
[19:06:58] [28/459] KASR
[19:06:59] [29/459] AYCS
[19:07:00] [30/459] SHAI
[19:07:01] [31/459] SKPE
[19:07:02] [32/459] SBTA
[19:07:03] [33/459] RTTD
[19:07:04] [34/459] CCJD
[19:07:05] [35/459] RSJJ
[19:07:05] [36/459] RKND
[19:07:06] [37/459] SVTX
[19:07:07] [38/459] BAKM
[19:07:08] [39/459] SVDC
[19:07:09] [40/459] MNCV
[19:07:10] [41/459] SJGC
[19:07:11] [42/459] MTPK
[19:07:12] [43/459] GATP
[19:07:13] [44/459] ABTS
[19:07:14] [45/459] ABDE
[19:07:15] [46/459] RCNM
[19:07:16] [47/459] KTHV
[19:07:17] [48/459] MDGJ
[19:07:18] [49/459] SMLM
[19:07:19] [50/459] JTMA
[19:07:20] [51/459] ACKP
[19:07:21] [52/459] SRTA
[19:07:22] [53/459] STAY
[19:07:23] [54/459] MAVO
[19:07:24] [55/459] APTS
[19:07:25] [56/459] OMEA
[19:07:26] [57/459] TTFD
[19:07:27] [58/459] MJCU
[19:07:27] [59/459] CXTE
[19:07:28] [60/459] CTPX
[19:07:30] [61/459] ASSL
[19:07:31] [62/459] CMVB
[19:07:31] [63/459] VPUR
[19:07:33] [64/459] JJDA
[19:07:34] [65/459] INBL
[19:07:35] [66/459] BIKB
[19:07:36] [67/459] NTBB
[19:07:38] [68/459] GLOB
[19:07:38] [69/459] SNTB
[19:07:39] [70/459] CHGV
[19:07:40] [71/459] SSBZ
[19:07:41] [72/459] PRDB
[19:07:42] [73/459] ISMT
[19:07:42] [74/459] MCSD
[19:07:43] [75/459] JBTT
[19:07:44] [76/459] GEKR
[19:07:45] [77/459] PVUN
[19:07:46] [78/459] NRTB
[19:07:47] [79/459] PRAA
[19:07:47] [80/459] PCBL
[19:07:48] [81/459] PTCM
[19:07:49] [82/459] KHNN
[19:07:50] [83/459] OMJE
[19:07:51] [84/459] STGN
[19:07:52] [85/459] RPMS
[19:07:52] [86/459] NWAD
[19:07:54] [87/459] BLCK
[19:07:55] [88/459] SVAA
[19:07:56] [89/459] URVM
[19:07:56] [90/459] ANTM
[19:07:57] [91/459] VJYM
[19:07:58] [92/459] MAZZ
[19:07:59] [93/459] CSHM
[19:08:00] [94/459] WGMH
[19:08:01] [95/459] SALN
[19:08:02] [96/459] BRTP
[19:08:03] [97/459] SVTA
[19:08:05] [98/459] SBTP
[19:08:06] [99/459] VLSS
[19:08:07] [100/459] SRJA
[19:08:07] [101/459] ANCG
[19:08:08] [102/459] CGGC
[19:08:09] [103/459] CRJA
[19:08:10] [104/459] USCR
[19:08:11] [105/459] MMEF
[19:08:12] [106/459] JCRJ
[19:08:12] [107/459] ADCM
[19:08:13] [108/459] BMYK
[19:08:14] [109/459] KICS
[19:08:15] [110/459] MBBT
[19:08:16] [111/459] MACK
[19:08:17] [112/459] CLDR
[19:08:18] [113/459] JYCR
[19:08:19] [114/459] DCRP
[19:08:20] [115/459] RAHT
[19:08:21] [116/459] CSSM
[19:08:22] [117/459] ATPK
[19:08:23] [118/459] KLRT
[19:08:24] [119/459] SRDD
[19:08:25] [120/459] CKMC
[19:08:25] [121/459] KRVM
[19:08:27] [122/459] AKCP
[19:08:28] [123/459] CNCV
[19:08:29] [124/459] PACT
[19:08:29] [125/459] NATP
[19:08:30] [126/459] PCPK
[19:08:31] [127/459] SMHO
[19:08:32] [128/459] CWTK
[19:08:33] [129/459] RVKZ
[19:08:34] [130/459] ASPD
[19:08:35] [131/459] VTKZ
[19:08:35] [132/459] LCSO
[19:08:36] [133/459] PRDY
[19:08:38] [134/459] RCAP
[19:08:38] [135/459] RGAR
[19:08:40] [136/459] RCAC
[19:08:40] [137/459] PMOD
[19:08:41] [138/459] PVCN
[19:08:42] [139/459] SCRZ
[19:08:43] [140/459] PVPC
[19:08:44] [141/459] STID
[19:08:45] [142/459] NEDD
[19:08:45] [143/459] BNBA
[19:08:46] [144/459] NTCD
[19:08:48] [145/459] OCDE
[19:08:49] [146/459] CCDU
[19:08:50] [147/459] CRXH
[19:08:51] [148/459] VLVT
[19:08:52] [149/459] CICI
[19:08:53] [150/459] SUCB
[19:08:54] [151/459] TCBP
[19:08:54] [152/459] SCCY
[19:08:56] [153/459] LXCY
[19:08:56] [154/459] NCMD
[19:08:57] [155/459] PHCS
[19:08:58] [156/459] DUXR
[19:08:59] [157/459] VNKS
[19:09:00] [158/459] SEDP
[19:09:02] [159/459] SVEN
[19:09:02] [160/459] SRKM
[19:09:03] [161/459] JTLT
[19:09:04] [162/459] SVSS
[19:09:05] [163/459] AMDE
[19:09:06] [164/459] WVRN
[19:09:06] [165/459] ISMG
[19:09:07] [166/459] WVKS
[19:09:08] [167/459] USCG
[19:09:08] [168/459] IOTG
[19:09:09] [169/459] RRJM
[19:09:10] [170/459] EDMP
[19:09:11] [171/459] SCGZ
[19:09:12] [172/459] GMGX
[19:09:13] [173/459] OMTP
[19:09:13] [174/459] MITD
[19:09:14] [175/459] SMMD
[19:09:15] [176/459] STML
[19:09:16] [177/459] MCFS
[19:09:17] [178/459] FPKA
[19:09:18] [179/459] OMLR
[19:09:19] [180/459] KKSC
[19:09:20] [181/459] RVMA
[19:09:20] [182/459] SCLL
[19:09:21] [183/459] SCDK
[19:09:22] [184/459] SXMI
[19:09:23] [185/459] SHDN
[19:09:24] [186/459] PAAD
[19:09:25] [187/459] UUCB
[19:09:26] [188/459] JHOL
[19:09:27] [189/459] SGWT
[19:09:28] [190/459] SRII
[19:09:28] [191/459] SGCK
[19:09:29] [192/459] SVVB
[19:09:30] [193/459] DMHA
[19:09:31] [194/459] PPNL
[19:09:32] [195/459] CPNL
[19:09:33] [196/459] WVLD
[19:09:33] [197/459] PSLV
[19:09:34] [198/459] VTTL
[19:09:35] [199/459] NPAD
[19:09:35] [200/459] PVCS
[19:09:36] [201/459] MCHL
[19:09:38] [202/459] PPLL
[19:09:38] [203/459] MALO
[19:09:39] [204/459] SWBH
[19:09:40] [205/459] PUGB
[19:09:41] [206/459] INBB
[19:09:42] [207/459] INNS
[19:09:43] [208/459] MCPT
[19:09:44] [209/459] SCMI
[19:09:45] [210/459] OCON
[19:09:46] [211/459] SCSM
[19:09:47] [212/459] RJVN
[19:09:48] [213/459] AMDK
[19:09:49] [214/459] ISMR
[19:09:50] [215/459] SMTD
[19:09:51] [216/459] VTDD
[19:09:52] [217/459] PDDZ
[19:09:53] [218/459] PCCK
[19:09:54] [219/459] INAM
[19:09:55] [220/459] FNKT
[19:09:56] [221/459] GDKA
[19:09:56] [222/459] MAYU
[19:09:57] [223/459] TCGU
[19:09:58] [224/459] KDCA
[19:09:59] [225/459] DOMY
[19:10:00] [226/459] PDDD
[19:10:00] [227/459] BJTS
[19:10:01] [228/459] VTCA
[19:10:02] [229/459] SBTM
[19:10:03] [230/459] SEET
[19:10:04] [231/459] SSTJ
[19:10:04] [232/459] SVNT
[19:10:05] [233/459] PPPR
[19:10:06] [234/459] PVYS
[19:10:08] [235/459] IOSE
[19:10:09] [236/459] ACTV
[19:10:10] [237/459] APVE
[19:10:10] [238/459] TCCL
[19:10:11] [239/459] SCMO
[19:10:12] [240/459] SAUM
[19:10:13] [241/459] KCJS
[19:10:14] [242/459] NJCJ
[19:10:15] [243/459] NECF
[19:10:16] [244/459] CCGW
[19:10:17] [245/459] CCMG
[19:10:18] [246/459] NYRG
[19:10:19] [247/459] NCSQ
[19:10:19] [248/459] GRCG
[19:10:20] [249/459] CCBT
[19:10:21] [250/459] ACGA
[19:10:22] [251/459] INAG
[19:10:23] [252/459] FUCG
[19:10:24] [253/459] AICF
[19:10:25] [254/459] GRGA
[19:10:25] [255/459] GDCN
[19:10:26] [256/459] RRCG
[19:10:27] [257/459] SDCH
[19:10:28] [258/459] WVJM
[19:10:29] [259/459] JCCZ
[19:10:30] [260/459] CNCL
[19:10:31] [261/459] TMLV
[19:10:32] [262/459] MEMB
[19:10:33] [263/459] SGTD
[19:10:34] [264/459] CONX
[19:10:35] [265/459] CCMH
[19:10:36] [266/459] ACMC
[19:10:37] [267/459] DTPD
[19:10:37] [268/459] POJA
[19:10:38] [269/459] FNBH
[19:10:39] [270/459] CGCB
[19:10:40] [271/459] RACN
[19:10:41] [272/459] JTSM
[19:10:41] [273/459] SCDN
[19:10:42] [274/459] AACK
[19:10:43] [275/459] RMCE
[19:10:45] [276/459] BSGB
[19:10:46] [277/459] MRCB
[19:10:46] [278/459] SRVR
[19:10:47] [279/459] VTKK
[19:10:48] [280/459] AMST
[19:10:49] [281/459] APCY
[19:10:50] [282/459] LMHO
[19:10:51] [283/459] MTZH
[19:10:51] [284/459] AMZB
[19:10:53] [285/459] SUVT
[19:10:54] [286/459] RCIP
[19:10:54] [287/459] KESR
[19:10:55] [288/459] SNKC
[19:10:56] [289/459] SCED
[19:10:57] [290/459] DVCA
[19:10:58] [291/459] VCDT
[19:10:59] [292/459] RRDI
[19:11:00] [293/459] DFCH
[19:11:01] [294/459] INSC
[19:11:02] [295/459] RGTR
[19:11:03] [296/459] FMOT
[19:11:04] [297/459] SCPM
[19:11:05] [298/459] GCDT
[19:11:06] [299/459] BRKT
[19:11:07] [300/459] DEMP
[19:11:07] [301/459] SRLC
[19:11:08] [302/459] KSTT
[19:11:09] [303/459] SMMT
[19:11:10] [304/459] SILM
[19:11:11] [305/459] JCVM
[19:11:11] [306/459] KCSV
[19:11:12] [307/459] MHLK
[19:11:13] [308/459] SLVL
[19:11:14] [309/459] RJKP
[19:11:15] [310/459] BBPC
[19:11:15] [311/459] MXCB
[19:11:16] [312/459] TCPK
[19:11:17] [313/459] RTBR
[19:11:17] [314/459] GAUT
[19:11:18] [315/459] DVCF
[19:11:19] [316/459] JTSB
[19:11:20] [317/459] SBLS
[19:11:21] [318/459] UDAY
[19:11:22] [319/459] PTNP
[19:11:23] [320/459] DMKT
[19:11:24] [321/459] NTDT
[19:11:25] [322/459] SHDJ
[19:11:25] [323/459] OTNC
[19:11:26] [324/459] RNTW
[19:11:27] [325/459] GCMI
[19:11:28] [326/459] CRCM
[19:11:29] [327/459] NNCZ
[19:11:30] [328/459] OEMO
[19:11:30] [329/459] PVJM
[19:11:31] [330/459] CPJI
[19:11:32] [331/459] RMCJ
[19:11:33] [332/459] CNWJ
[19:11:34] [333/459] EPJM
[19:11:35] [334/459] FNJJ
[19:11:37] [335/459] GCMJ
[19:11:37] [336/459] INPS
[19:11:38] [337/459] BICJ
[19:11:40] [338/459] ISTJ
[19:11:41] [339/459] INJC
[19:11:42] [340/459] GLXJ
[19:11:43] [341/459] INEM
[19:11:43] [342/459] JTMN
[19:11:44] [343/459] FRCJ
[19:11:45] [344/459] DDJP
[19:11:46] [345/459] INJV
[19:11:47] [346/459] GOLC
[19:11:48] [347/459] KOCI
[19:11:49] [348/459] FSTD
[19:11:50] [349/459] PACJ
[19:11:50] [350/459] GMCN
[19:11:51] [351/459] MMDJ
[19:11:52] [352/459] GODH
[19:11:53] [353/459] SKYN
[19:11:54] [354/459] NCTH
[19:11:55] [355/459] SKVZ
[19:11:55] [356/459] SVML
[19:11:56] [357/459] ACVZ
[19:11:57] [358/459] SURA
[19:11:58] [359/459] RTRB
[19:11:58] [360/459] LLCT
[19:11:59] [361/459] ATTS
[19:12:00] [362/459] JYCM
[19:12:01] [363/459] CTKR
[19:12:02] [364/459] LCKR
[19:12:02] [365/459] NYCV
[19:12:03] [366/459] NYOH
[19:12:04] [367/459] NOVX
[19:12:05] [368/459] MRGK
[19:12:06] [369/459] MOON
[19:12:07] [370/459] SBUC
[19:12:08] [371/459] GSVA
[19:12:09] [372/459] VIAK
[19:12:10] [373/459] SMVZ
[19:12:11] [374/459] MATE
[19:12:12] [375/459] RDCN
[19:12:13] [376/459] ASBL
[19:12:14] [377/459] ASVS
[19:12:15] [378/459] ASSR
[19:12:16] [379/459] SSKN
[19:12:16] [380/459] DRPV
[19:12:17] [381/459] MRHT
[19:12:18] [382/459] BSCN
[19:12:19] [383/459] RKNX
[19:12:20] [384/459] MSMC
[19:12:21] [385/459] MSCJ
[19:12:21] [386/459] BTBJ
[19:12:23] [387/459] MJCC
[19:12:24] [388/459] IOMM
[19:12:24] [389/459] ADGR
[19:12:25] [390/459] MYCP
[19:12:27] [391/459] IGCM
[19:12:28] [392/459] PGRK
[19:12:29] [393/459] VPGO
[19:12:29] [394/459] KOMS
[19:12:30] [395/459] URGG
[19:12:31] [396/459] GOST
[19:12:32] [397/459] LACT
[19:12:33] [398/459] BWCM
[19:12:34] [399/459] NCCW
[19:12:34] [400/459] SKYC
[19:12:35] [401/459] CCPM
[19:12:36] [402/459] VCBT
[19:12:37] [403/459] SDKR
[19:12:37] [404/459] CTYB
[19:12:38] [405/459] SHCX
[19:12:39] [406/459] RCUN
[19:12:41] [407/459] CNRA
[19:12:41] [408/459] RFCA
[19:12:42] [409/459] RDCU
[19:12:43] [410/459] SARK
[19:12:44] [411/459] SPPP
[19:12:44] [412/459] ADMB
[19:12:45] [413/459] JYOE
[19:12:46] [414/459] SRMD
[19:12:47] [415/459] RJDH
[19:12:48] [416/459] SSTD
[19:12:48] [417/459] AACV
[19:12:49] [418/459] PPVD
[19:12:50] [419/459] STCP
[19:12:51] [420/459] ANJR
[19:12:52] [421/459] ANLS
[19:12:53] [422/459] BIJO
[19:12:54] [423/459] AVAB
[19:12:55] [424/459] SPMD
[19:12:56] [425/459] SVJL
[19:12:57] [426/459] SDDJ
[19:12:58] [427/459] SLTU
[19:12:59] [428/459] SAKA
[19:12:59] [429/459] PMAM
[19:13:00] [430/459] FNAM
[19:13:01] [431/459] ACAM
[19:13:02] [432/459] SCMM
[19:13:03] [433/459] PMAK
[19:13:04] [434/459] NYSA
[19:13:05] [435/459] FCPA
[19:13:06] [436/459] GDAN
[19:13:07] [437/459] RSCA
[19:13:08] [438/459] DMAN
[19:13:08] [439/459] DZCM
[19:13:10] [440/459] NSGL
[19:13:10] [441/459] CCPP
[19:13:11] [442/459] PSMG
[19:13:12] [443/459] GSER
[19:13:14] [444/459] FCCT
[19:13:15] [445/459] FCTB
[19:13:16] [446/459] LCNK
[19:13:17] [447/459] SKTY
[19:13:17] [448/459] INAA
[19:13:18] [449/459] RCWN
[19:13:19] [450/459] VAIS
[19:13:20] [451/459] CVMN
[19:13:21] [452/459] INTS
[19:13:21] [453/459] FRGS
[19:13:22] [454/459] DTCK
[19:13:23] [455/459] MCMH
[19:13:24] [456/459] ECRR
[19:13:25] [457/459] RLLP
[19:13:26] [458/459] CCSN
[19:13:27] [459/459] CCBA
[19:13:28] 🧹 Deduping shows
[19:13:28] ✅ DONE | Shows=618 | Movies=43
[21:51:11] 🚀 SCRIPT STARTED
[21:51:11] [1/459] MBDC
[21:51:11] 🧠 New identity created
[21:51:12] [2/459] CHKM
[21:51:13] [3/459] JTKZ
[21:51:14] [4/459] CMCT
[21:51:17] [5/459] ASHO
[21:51:18] [6/459] ECDG
[21:51:19] [7/459] SPAT
[21:51:20] [8/459] HILC
[21:51:21] [9/459] SPPH
[21:51:23] [10/459] SBHN
[21:51:24] [11/459] RRCA
[21:51:25] [12/459] APAA
[21:51:26] [13/459] RAME
[21:51:27] [14/459] TMMS
[21:51:27] [15/459] BATK
[21:51:28] [16/459] LKOP
[21:51:30] [17/459] AMTT
[21:51:31] [18/459] PTGK
[21:51:32] [19/459] ANRS
[21:51:32] [20/459] VWBW
[21:51:33] [21/459] SVFG
[21:51:34] [22/459] STAT
[21:51:35] [23/459] GDCV
[21:51:36] [24/459] VEBI
[21:51:36] [25/459] VDSS
[21:51:37] [26/459] NTHV
[21:51:38] [27/459] AOCH
[21:51:39] [28/459] KASR
[21:51:40] [29/459] AYCS
[21:51:41] [30/459] SHAI
[21:51:42] [31/459] SKPE
[21:51:43] [32/459] SBTA
[21:51:44] [33/459] RTTD
[21:51:44] [34/459] CCJD
[21:51:45] [35/459] RSJJ
[21:51:46] [36/459] RKND
[21:51:47] [37/459] SVTX
[21:51:49] [38/459] BAKM
[21:51:50] [39/459] SVDC
[21:51:51] [40/459] MNCV
[21:51:51] [41/459] SJGC
[21:51:53] [42/459] MTPK
[21:51:54] [43/459] GATP
[21:51:55] [44/459] ABTS
[21:51:56] [45/459] ABDE
[21:51:57] [46/459] RCNM
[21:51:57] [47/459] KTHV
[21:51:58] [48/459] MDGJ
[21:51:59] [49/459] SMLM
[21:52:00] [50/459] JTMA
[21:52:01] [51/459] ACKP
[21:52:02] [52/459] SRTA
[21:52:03] [53/459] STAY
[21:52:04] [54/459] MAVO
[21:52:05] [55/459] APTS
[21:52:07] [56/459] OMEA
[21:52:08] [57/459] TTFD
[21:52:08] [58/459] MJCU
[21:52:09] [59/459] CXTE
[21:52:10] [60/459] CTPX
[21:52:11] [61/459] ASSL
[21:52:12] [62/459] CMVB
[21:52:13] [63/459] VPUR
[21:52:14] [64/459] JJDA
[21:52:16] [65/459] INBL
[21:52:17] [66/459] BIKB
[21:52:17] [67/459] NTBB
[21:52:18] [68/459] GLOB
[21:52:19] [69/459] SNTB
[21:52:20] [70/459] CHGV
[21:52:20] [71/459] SSBZ
[21:52:21] [72/459] PRDB
[21:52:22] [73/459] ISMT
[21:52:23] [74/459] MCSD
[21:52:24] [75/459] JBTT
[21:52:24] [76/459] GEKR
[21:52:25] [77/459] PVUN
[21:52:26] [78/459] NRTB
[21:52:27] [79/459] PRAA
[21:52:28] [80/459] PCBL
[21:52:29] [81/459] PTCM
[21:52:29] [82/459] KHNN
[21:52:30] [83/459] OMJE
[21:52:32] [84/459] STGN
[21:52:33] [85/459] RPMS
[21:52:33] [86/459] NWAD
[21:52:34] [87/459] BLCK
[21:52:35] [88/459] SVAA
[21:52:36] [89/459] URVM
[21:52:37] [90/459] ANTM
[21:52:38] [91/459] VJYM
[21:52:39] [92/459] MAZZ
[21:52:40] [93/459] CSHM
[21:52:41] [94/459] WGMH
[21:52:42] [95/459] SALN
[21:52:42] [96/459] BRTP
[21:52:43] [97/459] SVTA
[21:52:44] [98/459] SBTP
[21:52:45] [99/459] VLSS
[21:52:46] [100/459] SRJA
[21:52:47] [101/459] ANCG
[21:52:48] [102/459] CGGC
[21:52:48] [103/459] CRJA
[21:52:49] [104/459] USCR
[21:52:50] [105/459] MMEF
[21:52:51] [106/459] JCRJ
[21:52:52] [107/459] ADCM
[21:52:53] [108/459] BMYK
[21:52:54] [109/459] KICS
[21:52:55] [110/459] MBBT
[21:52:56] [111/459] MACK
[21:52:57] [112/459] CLDR
[21:52:58] [113/459] JYCR
[21:52:59] [114/459] DCRP
[21:53:01] [115/459] RAHT
[21:53:01] [116/459] CSSM
[21:53:02] [117/459] ATPK
[21:53:04] [118/459] KLRT
[21:53:05] [119/459] SRDD
[21:53:06] [120/459] CKMC
[21:53:07] [121/459] KRVM
[21:53:08] [122/459] AKCP
[21:53:09] [123/459] CNCV
[21:53:10] [124/459] PACT
[21:53:11] [125/459] NATP
[21:53:13] [126/459] PCPK
[21:53:14] [127/459] SMHO
[21:53:15] [128/459] CWTK
[21:53:16] [129/459] RVKZ
[21:53:16] [130/459] ASPD
[21:53:17] [131/459] VTKZ
[21:53:18] [132/459] LCSO
[21:53:19] [133/459] PRDY
[21:53:20] [134/459] RCAP
[21:53:21] [135/459] RGAR
[21:53:22] [136/459] RCAC
[21:53:23] [137/459] PMOD
[21:53:23] [138/459] PVCN
[21:53:24] [139/459] SCRZ
[21:53:25] [140/459] PVPC
[21:53:26] [141/459] STID
[21:53:27] [142/459] NEDD
[21:53:28] [143/459] BNBA
[21:53:29] [144/459] NTCD
[21:53:29] [145/459] OCDE
[21:53:30] [146/459] CCDU
[21:53:31] [147/459] CRXH
[21:53:32] [148/459] VLVT
[21:53:33] [149/459] CICI
[21:53:34] [150/459] SUCB
[21:53:34] [151/459] TCBP
[21:53:35] [152/459] SCCY
[21:53:36] [153/459] LXCY
[21:53:37] [154/459] NCMD
[21:53:37] [155/459] PHCS
[21:53:38] [156/459] DUXR
[21:53:40] [157/459] VNKS
[21:53:41] [158/459] SEDP
[21:53:42] [159/459] SVEN
[21:53:43] [160/459] SRKM
[21:53:44] [161/459] JTLT
[21:53:45] [162/459] SVSS
[21:53:46] [163/459] AMDE
[21:53:48] [164/459] WVRN
[21:53:49] [165/459] ISMG
[21:53:50] [166/459] WVKS
[21:53:50] [167/459] USCG
[21:53:51] [168/459] IOTG
[21:53:52] [169/459] RRJM
[21:53:53] [170/459] EDMP
[21:53:54] [171/459] SCGZ
[21:53:54] [172/459] GMGX
[21:53:55] [173/459] OMTP
[21:53:56] [174/459] MITD
[21:53:57] [175/459] SMMD
[21:53:59] [176/459] STML
[21:53:59] [177/459] MCFS
[21:54:00] [178/459] FPKA
[21:54:01] [179/459] OMLR
[21:54:02] [180/459] KKSC
[21:54:03] [181/459] RVMA
[21:54:04] [182/459] SCLL
[21:54:05] [183/459] SCDK
[21:54:06] [184/459] SXMI
[21:54:06] [185/459] SHDN
[21:54:07] [186/459] PAAD
[21:54:08] [187/459] UUCB
[21:54:09] [188/459] JHOL
[21:54:10] [189/459] SGWT
[21:54:11] [190/459] SRII
[21:54:11] [191/459] SGCK
[21:54:12] [192/459] SVVB
[21:54:13] [193/459] DMHA
[21:54:14] [194/459] PPNL
[21:54:15] [195/459] CPNL
[21:54:16] [196/459] WVLD
[21:54:17] [197/459] PSLV
[21:54:18] [198/459] VTTL
[21:54:18] [199/459] NPAD
[21:54:19] [200/459] PVCS
[21:54:20] [201/459] MCHL
[21:54:21] [202/459] PPLL
[21:54:22] [203/459] MALO
[21:54:23] [204/459] SWBH
[21:54:24] [205/459] PUGB
[21:54:25] [206/459] INBB
[21:54:25] [207/459] INNS
[21:54:26] [208/459] MCPT
[21:54:27] [209/459] SCMI
[21:54:28] [210/459] OCON
[21:54:29] [211/459] SCSM
[21:54:29] [212/459] RJVN
[21:54:30] [213/459] AMDK
[21:54:31] [214/459] ISMR
[21:54:32] [215/459] SMTD
[21:54:33] [216/459] VTDD
[21:54:34] [217/459] PDDZ
[21:54:35] [218/459] PCCK
[21:54:36] [219/459] INAM
[21:54:37] [220/459] FNKT
[21:54:38] [221/459] GDKA
[21:54:39] [222/459] MAYU
[21:54:40] [223/459] TCGU
[21:54:41] [224/459] KDCA
[21:54:42] [225/459] DOMY
[21:54:42] [226/459] PDDD
[21:54:43] [227/459] BJTS
[21:54:44] [228/459] VTCA
[21:54:45] [229/459] SBTM
[21:54:46] [230/459] SEET
[21:54:47] [231/459] SSTJ
[21:54:47] [232/459] SVNT
[21:54:48] [233/459] PPPR
[21:54:49] [234/459] PVYS
[21:54:50] [235/459] IOSE
[21:54:51] [236/459] ACTV
[21:54:52] [237/459] APVE
[21:54:53] [238/459] TCCL
[21:54:53] [239/459] SCMO
[21:54:54] [240/459] SAUM
[21:54:55] [241/459] KCJS
[21:54:56] [242/459] NJCJ
[21:54:57] [243/459] NECF
[21:54:58] [244/459] CCGW
[21:54:58] [245/459] CCMG
[21:54:59] [246/459] NYRG
[21:55:00] [247/459] NCSQ
[21:55:01] [248/459] GRCG
[21:55:03] [249/459] CCBT
[21:55:04] [250/459] ACGA
[21:55:05] [251/459] INAG
[21:55:05] [252/459] FUCG
[21:55:06] [253/459] AICF
[21:55:07] [254/459] GRGA
[21:55:08] [255/459] GDCN
[21:55:09] [256/459] RRCG
[21:55:10] [257/459] SDCH
[21:55:11] [258/459] WVJM
[21:55:11] [259/459] JCCZ
[21:55:12] [260/459] CNCL
[21:55:14] [261/459] TMLV
[21:55:15] [262/459] MEMB
[21:55:16] [263/459] SGTD
[21:55:17] [264/459] CONX
[21:55:18] [265/459] CCMH
[21:55:19] [266/459] ACMC
[21:55:20] [267/459] DTPD
[21:55:21] [268/459] POJA
[21:55:22] [269/459] FNBH
[21:55:22] [270/459] CGCB
[21:55:24] [271/459] RACN
[21:55:25] [272/459] JTSM
[21:55:25] [273/459] SCDN
[21:55:26] [274/459] AACK
[21:55:27] [275/459] RMCE
[21:55:28] [276/459] BSGB
[21:55:29] [277/459] MRCB
[21:55:30] [278/459] SRVR
[21:55:31] [279/459] VTKK
[21:55:32] [280/459] AMST
[21:55:33] [281/459] APCY
[21:55:34] [282/459] LMHO
[21:55:34] [283/459] MTZH
[21:55:35] [284/459] AMZB
[21:55:36] [285/459] SUVT
[21:55:37] [286/459] RCIP
[21:55:38] [287/459] KESR
[21:55:38] [288/459] SNKC
[21:55:39] [289/459] SCED
[21:55:40] [290/459] DVCA
[21:55:41] [291/459] VCDT
[21:55:42] [292/459] RRDI
[21:55:43] [293/459] DFCH
[21:55:44] [294/459] INSC
[21:55:45] [295/459] RGTR
[21:55:47] [296/459] FMOT
[21:55:47] [297/459] SCPM
[21:55:48] [298/459] GCDT
[21:55:49] [299/459] BRKT
[21:55:50] [300/459] DEMP
[21:55:52] [301/459] SRLC
[21:55:53] [302/459] KSTT
[21:55:53] [303/459] SMMT
[21:55:54] [304/459] SILM
[21:55:55] [305/459] JCVM
[21:55:56] [306/459] KCSV
[21:55:57] [307/459] MHLK
[21:55:57] [308/459] SLVL
[21:55:59] [309/459] RJKP
[21:56:00] [310/459] BBPC
[21:56:01] [311/459] MXCB
[21:56:02] [312/459] TCPK
[21:56:02] [313/459] RTBR
[21:56:03] [314/459] GAUT
[21:56:04] [315/459] DVCF
[21:56:05] [316/459] JTSB
[21:56:07] [317/459] SBLS
[21:56:07] [318/459] UDAY
[21:56:09] [319/459] PTNP
[21:56:09] [320/459] DMKT
[21:56:10] [321/459] NTDT
[21:56:11] [322/459] SHDJ
[21:56:12] [323/459] OTNC
[21:56:13] [324/459] RNTW
[21:56:14] [325/459] GCMI
[21:56:14] [326/459] CRCM
[21:56:15] [327/459] NNCZ
[21:56:16] [328/459] OEMO
[21:56:17] [329/459] PVJM
[21:56:18] [330/459] CPJI
[21:56:19] [331/459] RMCJ
[21:56:20] [332/459] CNWJ
[21:56:20] [333/459] EPJM
[21:56:21] [334/459] FNJJ
[21:56:22] [335/459] GCMJ
[21:56:23] [336/459] INPS
[21:56:24] [337/459] BICJ
[21:56:25] [338/459] ISTJ
[21:56:26] [339/459] INJC
[21:56:28] [340/459] GLXJ
[21:56:28] [341/459] INEM
[21:56:29] [342/459] JTMN
[21:56:30] [343/459] FRCJ
[21:56:31] [344/459] DDJP
[21:56:32] [345/459] INJV
[21:56:32] [346/459] GOLC
[21:56:34] [347/459] KOCI
[21:56:35] [348/459] FSTD
[21:56:36] [349/459] PACJ
[21:56:37] [350/459] GMCN
[21:56:38] [351/459] MMDJ
[21:56:39] [352/459] GODH
[21:56:40] [353/459] SKYN
[21:56:41] [354/459] NCTH
[21:56:42] [355/459] SKVZ
[21:56:43] [356/459] SVML
[21:56:43] [357/459] ACVZ
[21:56:44] [358/459] SURA
[21:56:45] [359/459] RTRB
[21:56:45] [360/459] LLCT
[21:56:46] [361/459] ATTS
[21:56:47] [362/459] JYCM
[21:56:48] [363/459] CTKR
[21:56:49] [364/459] LCKR
[21:56:50] [365/459] NYCV
[21:56:51] [366/459] NYOH
[21:56:52] [367/459] NOVX
[21:56:53] [368/459] MRGK
[21:56:55] [369/459] MOON
[21:56:56] [370/459] SBUC
[21:56:56] [371/459] GSVA
[21:56:57] [372/459] VIAK
[21:56:58] [373/459] SMVZ
[21:56:59] [374/459] MATE
[21:57:00] [375/459] RDCN
[21:57:01] [376/459] ASBL
[21:57:01] [377/459] ASVS
[21:57:02] [378/459] ASSR
[21:57:03] [379/459] SSKN
[21:57:04] [380/459] DRPV
[21:57:06] [381/459] MRHT
[21:57:07] [382/459] BSCN
[21:57:07] [383/459] RKNX
[21:57:08] [384/459] MSMC
[21:57:09] [385/459] MSCJ
[21:57:10] [386/459] BTBJ
[21:57:11] [387/459] MJCC
[21:57:12] [388/459] IOMM
[21:57:12] [389/459] ADGR
[21:57:13] [390/459] MYCP
[21:57:14] [391/459] IGCM
[21:57:15] [392/459] PGRK
[21:57:16] [393/459] VPGO
[21:57:17] [394/459] KOMS
[21:57:18] [395/459] URGG
[21:57:19] [396/459] GOST
[21:57:19] [397/459] LACT
[21:57:20] [398/459] BWCM
[21:57:21] [399/459] NCCW
[21:57:22] [400/459] SKYC
[21:57:23] [401/459] CCPM
[21:57:25] [402/459] VCBT
[21:57:26] [403/459] SDKR
[21:57:27] [404/459] CTYB
[21:57:28] [405/459] SHCX
[21:57:28] [406/459] RCUN
[21:57:29] [407/459] CNRA
[21:57:30] [408/459] RFCA
[21:57:31] [409/459] RDCU
[21:57:32] [410/459] SARK
[21:57:33] [411/459] SPPP
[21:57:33] [412/459] ADMB
[21:57:34] [413/459] JYOE
[21:57:35] [414/459] SRMD
[21:57:36] [415/459] RJDH
[21:57:37] [416/459] SSTD
[21:57:38] [417/459] AACV
[21:57:39] [418/459] PPVD
[21:57:39] [419/459] STCP
[21:57:40] [420/459] ANJR
[21:57:41] [421/459] ANLS
[21:57:43] [422/459] BIJO
[21:57:44] [423/459] AVAB
[21:57:45] [424/459] SPMD
[21:57:46] [425/459] SVJL
[21:57:47] [426/459] SDDJ
[21:57:49] [427/459] SLTU
[21:57:51] [428/459] SAKA
[21:57:52] [429/459] PMAM
[21:57:53] [430/459] FNAM
[21:57:53] [431/459] ACAM
[21:57:54] [432/459] SCMM
[21:57:55] [433/459] PMAK
[21:57:56] [434/459] NYSA
[21:57:57] [435/459] FCPA
[21:57:57] [436/459] GDAN
[21:57:58] [437/459] RSCA
[21:57:59] [438/459] DMAN
[21:58:00] [439/459] DZCM
[21:58:01] [440/459] NSGL
[21:58:01] [441/459] CCPP
[21:58:02] [442/459] PSMG
[21:58:03] [443/459] GSER
[21:58:04] [444/459] FCCT
[21:58:05] [445/459] FCTB
[21:58:07] [446/459] LCNK
[21:58:07] [447/459] SKTY
[21:58:08] [448/459] INAA
[21:58:09] [449/459] RCWN
[21:58:10] [450/459] VAIS
[21:58:12] [451/459] CVMN
[21:58:13] [452/459] INTS
[21:58:14] [453/459] FRGS
[21:58:15] [454/459] DTCK
[21:58:16] [455/459] MCMH
[21:58:16] [456/459] ECRR
[21:58:18] [457/459] RLLP
[21:58:19] [458/459] CCSN
[21:58:19] [459/459] CCBA
[21:58:20] 🧹 Deduping shows
[21:58:20] ✅ DONE | Shows=1005 | Movies=60
[03:46:06] 🚀 SCRIPT STARTED
[03:46:06] [1/459] MBDC
[03:46:06] 🧠 New identity created
[03:46:06] [2/459] CHKM
[03:46:07] [3/459] JTKZ
[03:46:07] [4/459] CMCT
[03:46:08] [5/459] ASHO
[03:46:10] [6/459] ECDG
[03:46:11] [7/459] SPAT
[03:46:12] [8/459] HILC
[03:46:12] [9/459] SPPH
[03:46:13] [10/459] SBHN
[03:46:13] [11/459] RRCA
[03:46:14] [12/459] APAA
[03:46:15] [13/459] RAME
[03:46:15] [14/459] TMMS
[03:46:16] [15/459] BATK
[03:46:16] [16/459] LKOP
[03:46:17] [17/459] AMTT
[03:46:18] [18/459] PTGK
[03:46:18] [19/459] ANRS
[03:46:19] [20/459] VWBW
[03:46:20] [21/459] SVFG
[03:46:20] [22/459] STAT
[03:46:21] [23/459] GDCV
[03:46:22] [24/459] VEBI
[03:46:23] [25/459] VDSS
[03:46:23] [26/459] NTHV
[03:46:24] [27/459] AOCH
[03:46:25] [28/459] KASR
[03:46:25] [29/459] AYCS
[03:46:27] [30/459] SHAI
[03:46:27] [31/459] SKPE
[03:46:28] [32/459] SBTA
[03:46:28] [33/459] RTTD
[03:46:29] [34/459] CCJD
[03:46:30] [35/459] RSJJ
[03:46:31] [36/459] RKND
[03:46:32] [37/459] SVTX
[03:46:33] [38/459] BAKM
[03:46:33] [39/459] SVDC
[03:46:35] [40/459] MNCV
[03:46:36] [41/459] SJGC
[03:46:37] [42/459] MTPK
[03:46:38] [43/459] GATP
[03:46:38] [44/459] ABTS
[03:46:39] [45/459] ABDE
[03:46:39] [46/459] RCNM
[03:46:40] [47/459] KTHV
[03:46:41] [48/459] MDGJ
[03:46:41] [49/459] SMLM
[03:46:42] [50/459] JTMA
[03:46:43] [51/459] ACKP
[03:46:43] [52/459] SRTA
[03:46:44] [53/459] STAY
[03:46:44] [54/459] MAVO
[03:46:45] [55/459] APTS
[03:46:46] [56/459] OMEA
[03:46:46] [57/459] TTFD
[03:46:47] [58/459] MJCU
[03:46:47] [59/459] CXTE
[03:46:48] [60/459] CTPX
[03:46:49] [61/459] ASSL
[03:46:50] [62/459] CMVB
[03:46:50] [63/459] VPUR
[03:46:51] [64/459] JJDA
[03:46:52] [65/459] INBL
[03:46:53] [66/459] BIKB
[03:46:53] [67/459] NTBB
[03:46:54] [68/459] GLOB
[03:46:54] [69/459] SNTB
[03:46:55] [70/459] CHGV
[03:46:55] [71/459] SSBZ
[03:46:56] [72/459] PRDB
[03:46:57] [73/459] ISMT
[03:46:58] [74/459] MCSD
[03:46:58] [75/459] JBTT
[03:46:59] [76/459] GEKR
[03:47:00] [77/459] PVUN
[03:47:00] [78/459] NRTB
[03:47:01] [79/459] PRAA
[03:47:02] [80/459] PCBL
[03:47:02] [81/459] PTCM
[03:47:03] [82/459] KHNN
[03:47:03] [83/459] OMJE
[03:47:04] [84/459] STGN
[03:47:05] [85/459] RPMS
[03:47:06] [86/459] NWAD
[03:47:06] [87/459] BLCK
[03:47:07] [88/459] SVAA
[03:47:08] [89/459] URVM
[03:47:08] [90/459] ANTM
[03:47:09] [91/459] VJYM
[03:47:09] [92/459] MAZZ
[03:47:10] [93/459] CSHM
[03:47:12] [94/459] WGMH
[03:47:13] [95/459] SALN
[03:47:14] [96/459] BRTP
[03:47:15] [97/459] SVTA
[03:47:16] [98/459] SBTP
[03:47:16] [99/459] VLSS
[03:47:17] [100/459] SRJA
[03:47:18] [101/459] ANCG
[03:47:18] [102/459] CGGC
[03:47:19] [103/459] CRJA
[03:47:20] [104/459] USCR
[03:47:21] [105/459] MMEF
[03:47:22] [106/459] JCRJ
[03:47:23] [107/459] ADCM
[03:47:23] [108/459] BMYK
[03:47:24] [109/459] KICS
[03:47:24] [110/459] MBBT
[03:47:25] [111/459] MACK
[03:47:25] [112/459] CLDR
[03:47:26] [113/459] JYCR
[03:47:27] [114/459] DCRP
[03:47:27] [115/459] RAHT
[03:47:28] [116/459] CSSM
[03:47:28] [117/459] ATPK
[03:47:29] [118/459] KLRT
[03:47:29] [119/459] SRDD
[03:47:30] [120/459] CKMC
[03:47:31] [121/459] KRVM
[03:47:31] [122/459] AKCP
[03:47:32] [123/459] CNCV
[03:47:32] [124/459] PACT
[03:47:33] [125/459] NATP
[03:47:34] [126/459] PCPK
[03:47:34] [127/459] SMHO
[03:47:34] [128/459] CWTK
[03:47:35] [129/459] RVKZ
[03:47:36] [130/459] ASPD
[03:47:37] [131/459] VTKZ
[03:47:37] [132/459] LCSO
[03:47:38] [133/459] PRDY
[03:47:38] [134/459] RCAP
[03:47:40] [135/459] RGAR
[03:47:41] [136/459] RCAC
[03:47:41] [137/459] PMOD
[03:47:42] [138/459] PVCN
[03:47:43] [139/459] SCRZ
[03:47:43] [140/459] PVPC
[03:47:44] [141/459] STID
[03:47:44] [142/459] NEDD
[03:47:45] [143/459] BNBA
[03:47:45] [144/459] NTCD
[03:47:46] [145/459] OCDE
[03:47:47] [146/459] CCDU
[03:47:47] [147/459] CRXH
[03:47:48] [148/459] VLVT
[03:47:49] [149/459] CICI
[03:47:49] [150/459] SUCB
[03:47:50] [151/459] TCBP
[03:47:51] [152/459] SCCY
[03:47:51] [153/459] LXCY
[03:47:52] [154/459] NCMD
[03:47:52] [155/459] PHCS
[03:47:53] [156/459] DUXR
[03:47:54] [157/459] VNKS
[03:47:55] [158/459] SEDP
[03:47:56] [159/459] SVEN
[03:47:56] [160/459] SRKM
[03:47:57] [161/459] JTLT
[03:47:57] [162/459] SVSS
[03:47:58] [163/459] AMDE
[03:47:59] [164/459] WVRN
[03:48:00] [165/459] ISMG
[03:48:00] [166/459] WVKS
[03:48:01] [167/459] USCG
[03:48:01] [168/459] IOTG
[03:48:02] [169/459] RRJM
[03:48:02] [170/459] EDMP
[03:48:03] [171/459] SCGZ
[03:48:04] [172/459] GMGX
[03:48:04] [173/459] OMTP
[03:48:05] [174/459] MITD
[03:48:07] [175/459] SMMD
[03:48:07] [176/459] STML
[03:48:08] [177/459] MCFS
[03:48:08] [178/459] FPKA
[03:48:09] [179/459] OMLR
[03:48:09] [180/459] KKSC
[03:48:10] [181/459] RVMA
[03:48:11] [182/459] SCLL
[03:48:11] [183/459] SCDK
[03:48:12] [184/459] SXMI
[03:48:13] [185/459] SHDN
[03:48:13] [186/459] PAAD
[03:48:14] [187/459] UUCB
[03:48:14] [188/459] JHOL
[03:48:15] [189/459] SGWT
[03:48:16] [190/459] SRII
[03:48:16] [191/459] SGCK
[03:48:17] [192/459] SVVB
[03:48:18] [193/459] DMHA
[03:48:18] [194/459] PPNL
[03:48:19] [195/459] CPNL
[03:48:19] [196/459] WVLD
[03:48:20] [197/459] PSLV
[03:48:21] [198/459] VTTL
[03:48:22] [199/459] NPAD
[03:48:22] [200/459] PVCS
[03:48:23] [201/459] MCHL
[03:48:23] [202/459] PPLL
[03:48:24] [203/459] MALO
[03:48:25] [204/459] SWBH
[03:48:25] [205/459] PUGB
[03:48:27] [206/459] INBB
[03:48:27] [207/459] INNS
[03:48:28] [208/459] MCPT
[03:48:29] [209/459] SCMI
[03:48:30] [210/459] OCON
[03:48:30] [211/459] SCSM
[03:48:32] [212/459] RJVN
[03:48:32] [213/459] AMDK
[03:48:33] [214/459] ISMR
[03:48:33] [215/459] SMTD
[03:48:34] [216/459] VTDD
[03:48:34] [217/459] PDDZ
[03:48:36] [218/459] PCCK
[03:48:36] [219/459] INAM
[03:48:38] [220/459] FNKT
[03:48:38] [221/459] GDKA
[03:48:39] [222/459] MAYU
[03:48:40] [223/459] TCGU
[03:48:40] [224/459] KDCA
[03:48:40] [225/459] DOMY
[03:48:42] [226/459] PDDD
[03:48:43] [227/459] BJTS
[03:48:43] [228/459] VTCA
[03:48:44] [229/459] SBTM
[03:48:45] [230/459] SEET
[03:48:46] [231/459] SSTJ
[03:48:46] [232/459] SVNT
[03:48:47] [233/459] PPPR
[03:48:48] [234/459] PVYS
[03:48:48] [235/459] IOSE
[03:48:49] [236/459] ACTV
[03:48:49] [237/459] APVE
[03:48:50] [238/459] TCCL
[03:48:50] [239/459] SCMO
[03:48:52] [240/459] SAUM
[03:48:52] [241/459] KCJS
[03:48:53] [242/459] NJCJ
[03:48:54] [243/459] NECF
[03:48:54] [244/459] CCGW
[03:48:56] [245/459] CCMG
[03:48:56] [246/459] NYRG
[03:48:57] [247/459] NCSQ
[03:48:57] [248/459] GRCG
[03:48:58] [249/459] CCBT
[03:48:59] [250/459] ACGA
[03:48:59] [251/459] INAG
[03:49:00] [252/459] FUCG
[03:49:01] [253/459] AICF
[03:49:01] [254/459] GRGA
[03:49:02] [255/459] GDCN
[03:49:02] [256/459] RRCG
[03:49:03] [257/459] SDCH
[03:49:03] [258/459] WVJM
[03:49:04] [259/459] JCCZ
[03:49:04] [260/459] CNCL
[03:49:05] [261/459] TMLV
[03:49:06] [262/459] MEMB
[03:49:06] [263/459] SGTD
[03:49:08] [264/459] CONX
[03:49:08] [265/459] CCMH
[03:49:10] [266/459] ACMC
[03:49:11] [267/459] DTPD
[03:49:11] [268/459] POJA
[03:49:12] [269/459] FNBH
[03:49:12] [270/459] CGCB
[03:49:13] [271/459] RACN
[03:49:14] [272/459] JTSM
[03:49:14] [273/459] SCDN
[03:49:15] [274/459] AACK
[03:49:15] [275/459] RMCE
[03:49:16] [276/459] BSGB
[03:49:16] [277/459] MRCB
[03:49:17] [278/459] SRVR
[03:49:18] [279/459] VTKK
[03:49:18] [280/459] AMST
[03:49:19] [281/459] APCY
[03:49:19] [282/459] LMHO
[03:49:20] [283/459] MTZH
[03:49:20] [284/459] AMZB
[03:49:21] [285/459] SUVT
[03:49:22] [286/459] RCIP
[03:49:22] [287/459] KESR
[03:49:23] [288/459] SNKC
[03:49:24] [289/459] SCED
[03:49:24] [290/459] DVCA
[03:49:25] [291/459] VCDT
[03:49:26] [292/459] RRDI
[03:49:26] [293/459] DFCH
[03:49:27] [294/459] INSC
[03:49:28] [295/459] RGTR
[03:49:28] [296/459] FMOT
[03:49:29] [297/459] SCPM
[03:49:30] [298/459] GCDT
[03:49:30] [299/459] BRKT
[03:49:31] [300/459] DEMP
[03:49:32] [301/459] SRLC
[03:49:32] [302/459] KSTT
[03:49:33] [303/459] SMMT
[03:49:34] [304/459] SILM
[03:49:35] [305/459] JCVM
[03:49:35] [306/459] KCSV
[03:49:36] [307/459] MHLK
[03:49:37] [308/459] SLVL
[03:49:37] [309/459] RJKP
[03:49:39] [310/459] BBPC
[03:49:39] [311/459] MXCB
[03:49:40] [312/459] TCPK
[03:49:41] [313/459] RTBR
[03:49:41] [314/459] GAUT
[03:49:42] [315/459] DVCF
[03:49:42] [316/459] JTSB
[03:49:44] [317/459] SBLS
[03:49:45] [318/459] UDAY
[03:49:45] [319/459] PTNP
[03:49:46] [320/459] DMKT
[03:49:46] [321/459] NTDT
[03:49:48] [322/459] SHDJ
[03:49:49] [323/459] OTNC
[03:49:49] [324/459] RNTW
[03:49:50] [325/459] GCMI
[03:49:51] [326/459] CRCM
[03:49:51] [327/459] NNCZ
[03:49:52] [328/459] OEMO
[03:49:52] [329/459] PVJM
[03:49:53] [330/459] CPJI
[03:49:53] [331/459] RMCJ
[03:49:54] [332/459] CNWJ
[03:49:55] [333/459] EPJM
[03:49:55] [334/459] FNJJ
[03:49:56] [335/459] GCMJ
[03:49:57] [336/459] INPS
[03:49:58] [337/459] BICJ
[03:49:59] [338/459] ISTJ
[03:49:59] [339/459] INJC
[03:50:01] [340/459] GLXJ
[03:50:01] [341/459] INEM
[03:50:02] [342/459] JTMN
[03:50:02] [343/459] FRCJ
[03:50:03] [344/459] DDJP
[03:50:04] [345/459] INJV
[03:50:04] [346/459] GOLC
[03:50:05] [347/459] KOCI
[03:50:05] [348/459] FSTD
[03:50:06] [349/459] PACJ
[03:50:07] [350/459] GMCN
[03:50:08] [351/459] MMDJ
[03:50:08] [352/459] GODH
[03:50:09] [353/459] SKYN
[03:50:10] [354/459] NCTH
[03:50:10] [355/459] SKVZ
[03:50:11] [356/459] SVML
[03:50:12] [357/459] ACVZ
[03:50:12] [358/459] SURA
[03:50:13] [359/459] RTRB
[03:50:13] [360/459] LLCT
[03:50:14] [361/459] ATTS
[03:50:14] [362/459] JYCM
[03:50:15] [363/459] CTKR
[03:50:16] [364/459] LCKR
[03:50:17] [365/459] NYCV
[03:50:18] [366/459] NYOH
[03:50:18] [367/459] NOVX
[03:50:19] [368/459] MRGK
[03:50:19] [369/459] MOON
[03:50:20] [370/459] SBUC
[03:50:21] [371/459] GSVA
[03:50:21] [372/459] VIAK
[03:50:22] [373/459] SMVZ
[03:50:22] [374/459] MATE
[03:50:23] [375/459] RDCN
[03:50:23] [376/459] ASBL
[03:50:25] [377/459] ASVS
[03:50:26] [378/459] ASSR
[03:50:27] [379/459] SSKN
[03:50:28] [380/459] DRPV
[03:50:29] [381/459] MRHT
[03:50:30] [382/459] BSCN
[03:50:30] [383/459] RKNX
[03:50:31] [384/459] MSMC
[03:50:31] [385/459] MSCJ
[03:50:33] [386/459] BTBJ
[03:50:34] [387/459] MJCC
[03:50:34] [388/459] IOMM
[03:50:35] [389/459] ADGR
[03:50:36] [390/459] MYCP
[03:50:36] [391/459] IGCM
[03:50:37] [392/459] PGRK
[03:50:37] [393/459] VPGO
[03:50:38] [394/459] KOMS
[03:50:39] [395/459] URGG
[03:50:39] [396/459] GOST
[03:50:41] [397/459] LACT
[03:50:42] [398/459] BWCM
[03:50:42] [399/459] NCCW
[03:50:43] [400/459] SKYC
[03:50:44] [401/459] CCPM
[03:50:45] [402/459] VCBT
[03:50:45] [403/459] SDKR
[03:50:46] [404/459] CTYB
[03:50:47] [405/459] SHCX
[03:50:47] [406/459] RCUN
[03:50:49] [407/459] CNRA
[03:50:49] [408/459] RFCA
[03:50:50] [409/459] RDCU
[03:50:50] [410/459] SARK
[03:50:52] [411/459] SPPP
[03:50:53] [412/459] ADMB
[03:50:53] [413/459] JYOE
[03:50:54] [414/459] SRMD
[03:50:54] [415/459] RJDH
[03:50:55] [416/459] SSTD
[03:50:55] [417/459] AACV
[03:50:56] [418/459] PPVD
[03:50:56] [419/459] STCP
[03:50:57] [420/459] ANJR
[03:50:58] [421/459] ANLS
[03:50:58] [422/459] BIJO
[03:50:59] [423/459] AVAB
[03:51:00] [424/459] SPMD
[03:51:00] [425/459] SVJL
[03:51:01] [426/459] SDDJ
[03:51:02] [427/459] SLTU
[03:51:02] [428/459] SAKA
[03:51:03] [429/459] PMAM
[03:51:03] [430/459] FNAM
[03:51:04] [431/459] ACAM
[03:51:04] [432/459] SCMM
[03:51:05] [433/459] PMAK
[03:51:06] [434/459] NYSA
[03:51:07] [435/459] FCPA
[03:51:08] [436/459] GDAN
[03:51:08] [437/459] RSCA
[03:51:09] [438/459] DMAN
[03:51:11] [439/459] DZCM
[03:51:11] [440/459] NSGL
[03:51:12] [441/459] CCPP
[03:51:14] [442/459] PSMG
[03:51:14] [443/459] GSER
[03:51:15] [444/459] FCCT
[03:51:16] [445/459] FCTB
[03:51:16] [446/459] LCNK
[03:51:18] [447/459] SKTY
[03:51:19] [448/459] INAA
[03:51:19] [449/459] RCWN
[03:51:20] [450/459] VAIS
[03:51:21] [451/459] CVMN
[03:51:21] [452/459] INTS
[03:51:22] [453/459] FRGS
[03:51:23] [454/459] DTCK
[03:51:24] [455/459] MCMH
[03:51:24] [456/459] ECRR
[03:51:25] [457/459] RLLP
[03:51:26] [458/459] CCSN
[03:51:26] [459/459] CCBA
[03:51:27] 🧹 Deduping shows
[03:51:27] ✅ DONE | Shows=1419 | Movies=70
