[10:04:02] 🚀 SCRIPT STARTED
[10:04:02] [1/459] FNDB
[10:04:02] 🧠 New identity created
[10:04:03] [2/459] AMBH
[10:04:04] [3/459] PRHN
[10:04:05] [4/459] ACPM
[10:04:06] [5/459] PVFS
[10:04:07] [6/459] AACN
[10:04:08] [7/459] ACAS
[10:04:09] [8/459] CTNR
[10:04:10] [9/459] MMAH
[10:04:11] [10/459] CPMH
[10:04:11] [11/459] IGMH
[10:04:12] [12/459] ABCS
[10:04:13] [13/459] CMMA
[10:04:14] [14/459] GPRH
[10:04:15] [15/459] PNNG
[10:04:16] [16/459] AMCA
[10:04:17] [17/459] ISTN
[10:04:18] [18/459] PIIC
[10:04:18] [19/459] AHMH
[10:04:19] [20/459] ASHN
[10:04:20] [21/459] INHY
[10:04:21] [22/459] SRMO
[10:04:22] [23/459] PIMH
[10:04:22] [24/459] PVTS
[10:04:23] [25/459] MMCA
[10:04:24] [26/459] AKYJ
[10:04:25] [27/459] BRKH
[10:04:26] [28/459] MAHM
[10:04:27] [29/459] CPHY
[10:04:27] [30/459] PVTP
[10:04:28] [31/459] SMMR
[10:04:29] [32/459] PVHM
[10:04:30] [33/459] SNDY
[10:04:31] [34/459] GOKU
[10:04:32] [35/459] ACEV
[10:04:33] [36/459] PVUM
[10:04:34] [37/459] VSWA
[10:04:35] [38/459] IPRS
[10:04:36] [39/459] ASGN
[10:04:37] [40/459] BKMV
[10:04:38] [41/459] PVYH
[10:04:39] [42/459] INKM
[10:04:40] [43/459] ARJU
[10:04:41] [44/459] JJPP
[10:04:42] [45/459] SSRM
[10:04:43] [46/459] HMHD
[10:04:43] [47/459] SNKH
[10:04:44] [48/459] ACHI
[10:04:45] [49/459] MRAA
[10:04:46] [50/459] INMH
[10:04:47] [51/459] ARMH
[10:04:49] [52/459] DVRR
[10:04:50] [53/459] SUDA
[10:04:51] [54/459] MCSS
[10:04:53] [55/459] VRKC
[10:04:54] [56/459] PRCX
[10:04:55] [57/459] ASJY
[10:04:55] [58/459] MTHY
[10:04:56] [59/459] SRCM
[10:04:57] [60/459] TVHY
[10:04:58] [61/459] STHD
[10:04:59] [62/459] CPCL
[10:05:00] [63/459] PSMJ
[10:05:01] [64/459] MRGT
[10:05:02] [65/459] ARYH
[10:05:02] [66/459] VTRB
[10:05:03] [67/459] SCHC
[10:05:04] [68/459] MRRG
[10:05:05] [69/459] SPCB
[10:05:06] [70/459] AMCM
[10:05:07] [71/459] IVNM
[10:05:08] [72/459] TRHY
[10:05:09] [73/459] PTTH
[10:05:10] [74/459] RKMH
[10:05:11] [75/459] PRCS
[10:05:11] [76/459] VAJA
[10:05:12] [77/459] BJNG
[10:05:13] [78/459] SCVM
[10:05:14] [79/459] GNHB
[10:05:14] [80/459] TLUR
[10:05:15] [81/459] UKCC
[10:05:16] [82/459] SRKR
[10:05:17] [83/459] RMKN
[10:05:18] [84/459] SLRT
[10:05:20] [85/459] LKMT
[10:05:20] [86/459] SSRJ
[10:05:21] [87/459] SPHT
[10:05:22] [88/459] ANTT
[10:05:23] [89/459] SRCH
[10:05:24] [90/459] SRCA
[10:05:26] [91/459] ARTH
[10:05:27] [92/459] MCBH
[10:05:27] [93/459] SNIB
[10:05:28] [94/459] SART
[10:05:29] [95/459] SKTA
[10:05:31] [96/459] YAKT
[10:05:32] [97/459] MLCK
[10:05:33] [98/459] ANTS
[10:05:34] [99/459] DGCA
[10:05:35] [100/459] SGMP
[10:05:36] [101/459] ASWN
[10:05:37] [102/459] KFVU
[10:05:37] [103/459] POOR
[10:05:38] [104/459] GKDN
[10:05:40] [105/459] EOSE
[10:05:41] [106/459] GTTT
[10:05:41] [107/459] ARRO
[10:05:42] [108/459] CMMK
[10:05:43] [109/459] MSCN
[10:05:44] [110/459] GDKH
[10:05:45] [111/459] DLMT
[10:05:46] [112/459] PVMF
[10:05:47] [113/459] CPCK
[10:05:48] [114/459] VMHE
[10:05:49] [115/459] PVLC
[10:05:50] [116/459] PCVB
[10:05:51] [117/459] SNYK
[10:05:52] [118/459] KTEK
[10:05:53] [119/459] PCNM
[10:05:54] [120/459] NTTR
[10:05:54] [121/459] CPSK
[10:05:55] [122/459] JMMA
[10:05:56] [123/459] GCFK
[10:05:57] [124/459] MYCA
[10:05:58] [125/459] KSNP
[10:05:58] [126/459] PMCE
[10:05:59] [127/459] SCKI
[10:06:00] [128/459] FSMA
[10:06:01] [129/459] CETA
[10:06:02] [130/459] MCIK
[10:06:02] [131/459] MYCR
[10:06:03] [132/459] EVMP
[10:06:04] [133/459] SSGT
[10:06:05] [134/459] KCTK
[10:06:06] [135/459] ZTKC
[10:06:07] [136/459] MMTA
[10:06:07] [137/459] MAJT
[10:06:08] [138/459] ACPK
[10:06:09] [139/459] JMAX
[10:06:10] [140/459] SETK
[10:06:11] [141/459] CAIS
[10:06:12] [142/459] AGCD
[10:06:12] [143/459] URCL
[10:06:14] [144/459] VTDS
[10:06:14] [145/459] JCNM
[10:06:15] [146/459] KCAM
[10:06:16] [147/459] ADCU
[10:06:17] [148/459] GXYN
[10:06:18] [149/459] SMJG
[10:06:19] [150/459] EYCJ
[10:06:20] [151/459] CCEJ
[10:06:20] [152/459] MARS
[10:06:21] [153/459] CPVJ
[10:06:22] [154/459] INVP
[10:06:23] [155/459] CPOV
[10:06:24] [156/459] VIJK
[10:06:25] [157/459] LAIM
[10:06:26] [158/459] STHV
[10:06:27] [159/459] SVLJ
[10:06:27] [160/459] ATVJ
[10:06:28] [161/459] JTSC
[10:06:29] [162/459] RMTV
[10:06:30] [163/459] MGGG
[10:06:31] [164/459] SWTH
[10:06:32] [165/459] INVJ
[10:06:32] [166/459] PRSV
[10:06:33] [167/459] JATV
[10:06:34] [168/459] RCVD
[10:06:35] [169/459] BDMA
[10:06:37] [170/459] BLJI
[10:06:37] [171/459] SWOT
[10:06:39] [172/459] SWRN
[10:06:40] [173/459] TVRA
[10:06:41] [174/459] VCSV
[10:06:41] [175/459] NVRN
[10:06:42] [176/459] SIKC
[10:06:43] [177/459] VAKR
[10:06:44] [178/459] SYLN
[10:06:45] [179/459] KLJL
[10:06:46] [180/459] LKMY
[10:06:46] [181/459] VSLY
[10:06:47] [182/459] CIKO
[10:06:48] [183/459] GPBG
[10:06:49] [184/459] CECM
[10:06:49] [185/459] SLKB
[10:06:50] [186/459] MTBO
[10:06:51] [187/459] SSHB
[10:06:52] [188/459] VPCS
[10:06:53] [189/459] RCSR
[10:06:53] [190/459] RJRM
[10:06:55] [191/459] KPPB
[10:06:56] [192/459] SEDC
[10:06:56] [193/459] SCAI
[10:06:57] [194/459] RMTR
[10:06:58] [195/459] ASST
[10:06:59] [196/459] GCAK
[10:07:01] [197/459] ANNK
[10:07:01] [198/459] KDDF
[10:07:02] [199/459] NRDP
[10:07:03] [200/459] PLAK
[10:07:04] [201/459] GCMC
[10:07:05] [202/459] ALPY
[10:07:06] [203/459] SICE
[10:07:07] [204/459] SISR
[10:07:08] [205/459] SRPZ
[10:07:09] [206/459] SRSW
[10:07:10] [207/459] SUYA
[10:07:11] [208/459] AMMT
[10:07:12] [209/459] BHCU
[10:07:12] [210/459] KLPA
[10:07:13] [211/459] NVKH
[10:07:14] [212/459] JMRC
[10:07:15] [213/459] KTTT
[10:07:16] [214/459] MAGH
[10:07:17] [215/459] MMMX
[10:07:18] [216/459] SALJ
[10:07:19] [217/459] GTJA
[10:07:20] [218/459] MAHT
[10:07:21] [219/459] SSNN
[10:07:21] [220/459] ARRP
[10:07:22] [221/459] ATNS
[10:07:23] [222/459] SKDT
[10:07:24] [223/459] ACAT
[10:07:24] [224/459] APRC
[10:07:25] [225/459] SWAG
[10:07:27] [226/459] SDPT
[10:07:28] [227/459] STPS
[10:07:28] [228/459] WWCZ
[10:07:29] [229/459] LLCH
[10:07:30] [230/459] MZHA
[10:07:31] [231/459] CRJG
[10:07:32] [232/459] JGTK
[10:07:33] [233/459] KCSR
[10:07:34] [234/459] CHTL
[10:07:35] [235/459] EDSR
[10:07:36] [236/459] CSWO
[10:07:36] [237/459] CPVM
[10:07:37] [238/459] MXBY
[10:07:38] [239/459] FMMA
[10:07:39] [240/459] POVI
[10:07:40] [241/459] MTHB
[10:07:41] [242/459] INRC
[10:07:42] [243/459] PIPP
[10:07:43] [244/459] BMXC
[10:07:44] [245/459] PCMM
[10:07:45] [246/459] PMKM
[10:07:45] [247/459] GATY
[10:07:46] [248/459] IMCM
[10:07:47] [249/459] POPE
[10:07:48] [250/459] MTCR
[10:07:48] [251/459] PVAE
[10:07:49] [252/459] PVMI
[10:07:50] [253/459] CPNM
[10:07:51] [254/459] FMRL
[10:07:52] [255/459] MCIW
[10:07:53] [256/459] MXBO
[10:07:54] [257/459] FMKY
[10:07:54] [258/459] FMDA
[10:07:55] [259/459] THAB
[10:07:56] [260/459] PRCW
[10:07:56] [261/459] PITI
[10:07:57] [262/459] MCFF
[10:07:58] [263/459] PDDV
[10:07:59] [264/459] MCRM
[10:08:00] [265/459] KKMB
[10:08:01] [266/459] INKO
[10:08:01] [267/459] PLXP
[10:08:02] [268/459] MMHA
[10:08:03] [269/459] FMVS
[10:08:04] [270/459] POLM
[10:08:04] [271/459] STER
[10:08:06] [272/459] PVWJ
[10:08:07] [273/459] IMJW
[10:08:08] [274/459] FNAN
[10:08:09] [275/459] CAGL
[10:08:10] [276/459] IPBG
[10:08:10] [277/459] SMFV
[10:08:11] [278/459] MMMR
[10:08:12] [279/459] MMWM
[10:08:13] [280/459] FNCM
[10:08:14] [281/459] MDVA
[10:08:15] [282/459] MMET
[10:08:15] [283/459] MIDO
[10:08:16] [284/459] INNP
[10:08:17] [285/459] MIFU
[10:08:18] [286/459] MMSZ
[10:08:19] [287/459] BMXA
[10:08:20] [288/459] MCAA
[10:08:20] [289/459] SCVP
[10:08:21] [290/459] PLUS
[10:08:22] [291/459] MUCK
[10:08:23] [292/459] MTMA
[10:08:24] [293/459] HPVR
[10:08:24] [294/459] PMPK
[10:08:25] [295/459] MAJB
[10:08:26] [296/459] CTRR
[10:08:27] [297/459] MCTG
[10:08:28] [298/459] MACE
[10:08:29] [299/459] AAAS
[10:08:30] [300/459] CPVV
[10:08:30] [301/459] RCHG
[10:08:31] [302/459] MCNE
[10:08:32] [303/459] EMNC
[10:08:33] [304/459] MCAN
[10:08:35] [305/459] TCDM
[10:08:35] [306/459] IRGT
[10:08:36] [307/459] GCMG
[10:08:38] [308/459] MXSN
[10:08:39] [309/459] MXCK
[10:08:40] [310/459] MCRC
[10:08:40] [311/459] RSMI
[10:08:41] [312/459] WAML
[10:08:42] [313/459] MTSC
[10:08:43] [314/459] FMDR
[10:08:44] [315/459] LEPV
[10:08:45] [316/459] MTGD
[10:08:46] [317/459] IMOB
[10:08:47] [318/459] CLMM
[10:08:48] [319/459] PZCD
[10:08:49] [320/459] GOCS
[10:08:50] [321/459] KCMA
[10:08:51] [322/459] CCMP
[10:08:52] [323/459] MTSU
[10:08:53] [324/459] SNGL
[10:08:54] [325/459] MMMC
[10:08:54] [326/459] MMAA
[10:08:55] [327/459] GCDM
[10:08:56] [328/459] KTMV
[10:08:57] [329/459] AETE
[10:08:58] [330/459] OMCS
[10:08:59] [331/459] GDCD
[10:09:01] [332/459] NYMD
[10:09:02] [333/459] RNCV
[10:09:02] [334/459] KKMT
[10:09:03] [335/459] GDTH
[10:09:04] [336/459] KMMV
[10:09:05] [337/459] NHCG
[10:09:05] [338/459] PJDW
[10:09:06] [339/459] MMCV
[10:09:07] [340/459] FQSA
[10:09:09] [341/459] KURL
[10:09:10] [342/459] NNNX
[10:09:10] [343/459] AMAU
[10:09:11] [344/459] VVVM
[10:09:12] [345/459] VECU
[10:09:13] [346/459] WCVR
[10:09:14] [347/459] MTGG
[10:09:14] [348/459] SGTG
[10:09:15] [349/459] MNTG
[10:09:16] [350/459] JDDG
[10:09:17] [351/459] MBTK
[10:09:18] [352/459] SGCD
[10:09:19] [353/459] MCTC
[10:09:20] [354/459] JTPC
[10:09:20] [355/459] SDKT
[10:09:21] [356/459] KRCC
[10:09:22] [357/459] RMMD
[10:09:24] [358/459] AAME
[10:09:24] [359/459] TMWC
[10:09:25] [360/459] NRWY
[10:09:26] [361/459] CITD
[10:09:27] [362/459] VERD
[10:09:28] [363/459] MKSK
[10:09:29] [364/459] STSM
[10:09:30] [365/459] MJDG
[10:09:31] [366/459] RKPM
[10:09:32] [367/459] SSCE
[10:09:33] [368/459] VMAE
[10:09:34] [369/459] SBRU
[10:09:35] [370/459] AMBC
[10:09:36] [371/459] AMLU
[10:09:37] [372/459] INVZ
[10:09:38] [373/459] LGTV
[10:09:39] [374/459] SVAD
[10:09:40] [375/459] SMSA
[10:09:41] [376/459] SPCZ
[10:09:41] [377/459] GTCX
[10:09:42] [378/459] SCSL
[10:09:43] [379/459] SAHU
[10:09:44] [380/459] NCDA
[10:09:46] [381/459] SCCG
[10:09:47] [382/459] VKTL
[10:09:47] [383/459] PUUJ
[10:09:48] [384/459] STEJ
[10:09:49] [385/459] RJAL
[10:09:50] [386/459] ACJC
[10:09:51] [387/459] VTHC
[10:09:52] [388/459] ARVB
[10:09:53] [389/459] AUBB
[10:09:53] [390/459] GDBR
[10:09:54] [391/459] PVND
[10:09:55] [392/459] BGRJ
[10:09:56] [393/459] RJMM
[10:09:56] [394/459] MCSA
[10:09:57] [395/459] BODA
[10:09:58] [396/459] JAGG
[10:09:59] [397/459] SCGA
[10:10:00] [398/459] LRCM
[10:10:01] [399/459] CPCN
[10:10:02] [400/459] SSTF
[10:10:02] [401/459] SRXP
[10:10:03] [402/459] CNFX
[10:10:04] [403/459] ANDI
[10:10:05] [404/459] SYEW
[10:10:06] [405/459] RCRE
[10:10:08] [406/459] SCRW
[10:10:08] [407/459] MBKR
[10:10:09] [408/459] ASNT
[10:10:10] [409/459] JTMT
[10:10:11] [410/459] SHAY
[10:10:11] [411/459] VRTH
[10:10:12] [412/459] SPTI
[10:10:13] [413/459] DPTD
[10:10:14] [414/459] TGSN
[10:10:15] [415/459] RCWV
[10:10:16] [416/459] OCUR
[10:10:17] [417/459] KSTC
[10:10:17] [418/459] SANI
[10:10:19] [419/459] MLCA
[10:10:20] [420/459] EGCA
[10:10:21] [421/459] SYSN
[10:10:21] [422/459] PKTA
[10:10:22] [423/459] PRCC
[10:10:23] [424/459] KSTR
[10:10:24] [425/459] SNTP
[10:10:25] [426/459] RCHA
[10:10:25] [427/459] SEEA
[10:10:26] [428/459] ALAT
[10:10:27] [429/459] AATV
[10:10:28] [430/459] RJTE
[10:10:29] [431/459] AAPP
[10:10:29] [432/459] PMMH
[10:10:30] [433/459] INRJ
[10:10:31] [434/459] SARB
[10:10:32] [435/459] PCJL
[10:10:32] [436/459] PFJJ
[10:10:33] [437/459] GRDC
[10:10:34] [438/459] BCBA
[10:10:35] [439/459] VIXL
[10:10:36] [440/459] CSTL
[10:10:37] [441/459] MTDK
[10:10:38] [442/459] TDAC
[10:10:38] [443/459] GTDN
[10:10:39] [444/459] TTDE
[10:10:40] [445/459] ASTS
[10:10:41] [446/459] CPNS
[10:10:42] [447/459] PVVW
[10:10:43] [448/459] USEB
[10:10:44] [449/459] DTYN
[10:10:45] [450/459] PVLE
[10:10:46] [451/459] CIPS
[10:10:46] [452/459] PAEG
[10:10:47] [453/459] PTCW
[10:10:48] [454/459] G3SR
[10:10:49] [455/459] PGND
[10:10:50] [456/459] INVM
[10:10:50] [457/459] SPIA
[10:10:51] [458/459] PCSN
[10:10:52] [459/459] PPGV
[10:10:54] 🧹 Deduping shows
[10:10:54] ✅ DONE | Shows=116 | Movies=14
[16:44:48] 🚀 SCRIPT STARTED
[16:44:48] [1/459] FNDB
[16:44:48] 🧠 New identity created
[16:44:49] [2/459] AMBH
[16:44:49] [3/459] PRHN
[16:44:50] [4/459] ACPM
[16:44:51] [5/459] PVFS
[16:44:53] [6/459] AACN
[16:44:54] [7/459] ACAS
[16:44:55] [8/459] CTNR
[16:44:55] [9/459] MMAH
[16:44:57] [10/459] CPMH
[16:44:58] [11/459] IGMH
[16:44:59] [12/459] ABCS
[16:45:00] [13/459] CMMA
[16:45:01] [14/459] GPRH
[16:45:02] [15/459] PNNG
[16:45:03] [16/459] AMCA
[16:45:04] [17/459] ISTN
[16:45:05] [18/459] PIIC
[16:45:06] [19/459] AHMH
[16:45:06] [20/459] ASHN
[16:45:08] [21/459] INHY
[16:45:09] [22/459] SRMO
[16:45:10] [23/459] PIMH
[16:45:11] [24/459] PVTS
[16:45:12] [25/459] MMCA
[16:45:13] [26/459] AKYJ
[16:45:13] [27/459] BRKH
[16:45:14] [28/459] MAHM
[16:45:15] [29/459] CPHY
[16:45:16] [30/459] PVTP
[16:45:17] [31/459] SMMR
[16:45:18] [32/459] PVHM
[16:45:19] [33/459] SNDY
[16:45:21] [34/459] GOKU
[16:45:22] [35/459] ACEV
[16:45:23] [36/459] PVUM
[16:45:24] [37/459] VSWA
[16:45:25] [38/459] IPRS
[16:45:26] [39/459] ASGN
[16:45:27] [40/459] BKMV
[16:45:27] [41/459] PVYH
[16:45:28] [42/459] INKM
[16:45:29] [43/459] ARJU
[16:45:30] [44/459] JJPP
[16:45:31] [45/459] SSRM
[16:45:32] [46/459] HMHD
[16:45:34] [47/459] SNKH
[16:45:35] [48/459] ACHI
[16:45:36] [49/459] MRAA
[16:45:36] [50/459] INMH
[16:45:37] [51/459] ARMH
[16:45:38] [52/459] DVRR
[16:45:40] [53/459] SUDA
[16:45:41] [54/459] MCSS
[16:45:41] [55/459] VRKC
[16:45:42] [56/459] PRCX
[16:45:43] [57/459] ASJY
[16:45:44] [58/459] MTHY
[16:45:45] [59/459] SRCM
[16:45:46] [60/459] TVHY
[16:45:46] [61/459] STHD
[16:45:47] [62/459] CPCL
[16:45:49] [63/459] PSMJ
[16:45:49] [64/459] MRGT
[16:45:50] [65/459] ARYH
[16:45:51] [66/459] VTRB
[16:45:52] [67/459] SCHC
[16:45:53] [68/459] MRRG
[16:45:55] [69/459] SPCB
[16:45:56] [70/459] AMCM
[16:45:57] [71/459] IVNM
[16:45:58] [72/459] TRHY
[16:45:58] [73/459] PTTH
[16:45:59] [74/459] RKMH
[16:46:00] [75/459] PRCS
[16:46:01] [76/459] VAJA
[16:46:02] [77/459] BJNG
[16:46:03] [78/459] SCVM
[16:46:04] [79/459] GNHB
[16:46:06] [80/459] TLUR
[16:46:07] [81/459] UKCC
[16:46:08] [82/459] SRKR
[16:46:09] [83/459] RMKN
[16:46:09] [84/459] SLRT
[16:46:10] [85/459] LKMT
[16:46:11] [86/459] SSRJ
[16:46:12] [87/459] SPHT
[16:46:13] [88/459] ANTT
[16:46:14] [89/459] SRCH
[16:46:15] [90/459] SRCA
[16:46:16] [91/459] ARTH
[16:46:17] [92/459] MCBH
[16:46:18] [93/459] SNIB
[16:46:18] [94/459] SART
[16:46:20] [95/459] SKTA
[16:46:21] [96/459] YAKT
[16:46:23] [97/459] MLCK
[16:46:23] [98/459] ANTS
[16:46:24] [99/459] DGCA
[16:46:25] [100/459] SGMP
[16:46:26] [101/459] ASWN
[16:46:27] [102/459] KFVU
[16:46:28] [103/459] POOR
[16:46:28] [104/459] GKDN
[16:46:29] [105/459] EOSE
[16:46:30] [106/459] GTTT
[16:46:32] [107/459] ARRO
[16:46:32] [108/459] CMMK
[16:46:33] [109/459] MSCN
[16:46:34] [110/459] GDKH
[16:46:35] [111/459] DLMT
[16:46:36] [112/459] PVMF
[16:46:37] [113/459] CPCK
[16:46:38] [114/459] VMHE
[16:46:39] [115/459] PVLC
[16:46:41] [116/459] PCVB
[16:46:42] [117/459] SNYK
[16:46:42] [118/459] KTEK
[16:46:43] [119/459] PCNM
[16:46:44] [120/459] NTTR
[16:46:46] [121/459] CPSK
[16:46:46] [122/459] JMMA
[16:46:47] [123/459] GCFK
[16:46:48] [124/459] MYCA
[16:46:49] [125/459] KSNP
[16:46:50] [126/459] PMCE
[16:46:51] [127/459] SCKI
[16:46:52] [128/459] FSMA
[16:46:54] [129/459] CETA
[16:46:55] [130/459] MCIK
[16:46:56] [131/459] MYCR
[16:46:57] [132/459] EVMP
[16:46:59] [133/459] SSGT
[16:47:00] [134/459] KCTK
[16:47:01] [135/459] ZTKC
[16:47:02] [136/459] MMTA
[16:47:03] [137/459] MAJT
[16:47:05] [138/459] ACPK
[16:47:06] [139/459] JMAX
[16:47:07] [140/459] SETK
[16:47:07] [141/459] CAIS
[16:47:08] [142/459] AGCD
[16:47:09] [143/459] URCL
[16:47:10] [144/459] VTDS
[16:47:11] [145/459] JCNM
[16:47:12] [146/459] KCAM
[16:47:13] [147/459] ADCU
[16:47:14] [148/459] GXYN
[16:47:14] [149/459] SMJG
[16:47:15] [150/459] EYCJ
[16:47:16] [151/459] CCEJ
[16:47:17] [152/459] MARS
[16:47:18] [153/459] CPVJ
[16:47:18] [154/459] INVP
[16:47:20] [155/459] CPOV
[16:47:21] [156/459] VIJK
[16:47:22] [157/459] LAIM
[16:47:23] [158/459] STHV
[16:47:24] [159/459] SVLJ
[16:47:25] [160/459] ATVJ
[16:47:27] [161/459] JTSC
[16:47:28] [162/459] RMTV
[16:47:29] [163/459] MGGG
[16:47:29] [164/459] SWTH
[16:47:30] [165/459] INVJ
[16:47:31] [166/459] PRSV
[16:47:32] [167/459] JATV
[16:47:33] [168/459] RCVD
[16:47:34] [169/459] BDMA
[16:47:35] [170/459] BLJI
[16:47:36] [171/459] SWOT
[16:47:37] [172/459] SWRN
[16:47:38] [173/459] TVRA
[16:47:39] [174/459] VCSV
[16:47:41] [175/459] NVRN
[16:47:42] [176/459] SIKC
[16:47:43] [177/459] VAKR
[16:47:43] [178/459] SYLN
[16:47:44] [179/459] KLJL
[16:47:45] [180/459] LKMY
[16:47:47] [181/459] VSLY
[16:47:48] [182/459] CIKO
[16:47:48] [183/459] GPBG
[16:47:49] [184/459] CECM
[16:47:50] [185/459] SLKB
[16:47:52] [186/459] MTBO
[16:47:53] [187/459] SSHB
[16:47:54] [188/459] VPCS
[16:47:56] [189/459] RCSR
[16:47:57] [190/459] RJRM
[16:47:58] [191/459] KPPB
[16:47:58] [192/459] SEDC
[16:47:59] [193/459] SCAI
[16:48:00] [194/459] RMTR
[16:48:01] [195/459] ASST
[16:48:02] [196/459] GCAK
[16:48:03] [197/459] ANNK
[16:48:04] [198/459] KDDF
[16:48:05] [199/459] NRDP
[16:48:05] [200/459] PLAK
[16:48:07] [201/459] GCMC
[16:48:08] [202/459] ALPY
[16:48:09] [203/459] SICE
[16:48:10] [204/459] SISR
[16:48:11] [205/459] SRPZ
[16:48:12] [206/459] SRSW
[16:48:13] [207/459] SUYA
[16:48:14] [208/459] AMMT
[16:48:14] [209/459] BHCU
[16:48:16] [210/459] KLPA
[16:48:17] [211/459] NVKH
[16:48:18] [212/459] JMRC
[16:48:20] [213/459] KTTT
[16:48:21] [214/459] MAGH
[16:48:21] [215/459] MMMX
[16:48:22] [216/459] SALJ
[16:48:23] [217/459] GTJA
[16:48:24] [218/459] MAHT
[16:48:25] [219/459] SSNN
[16:48:27] [220/459] ARRP
[16:48:28] [221/459] ATNS
[16:48:28] [222/459] SKDT
[16:48:30] [223/459] ACAT
[16:48:31] [224/459] APRC
[16:48:32] [225/459] SWAG
[16:48:33] [226/459] SDPT
[16:48:34] [227/459] STPS
[16:48:34] [228/459] WWCZ
[16:48:35] [229/459] LLCH
[16:48:36] [230/459] MZHA
[16:48:37] [231/459] CRJG
[16:48:38] [232/459] JGTK
[16:48:40] [233/459] KCSR
[16:48:41] [234/459] CHTL
[16:48:42] [235/459] EDSR
[16:48:43] [236/459] CSWO
[16:48:44] [237/459] CPVM
[16:48:45] [238/459] MXBY
[16:48:47] [239/459] FMMA
[16:48:49] [240/459] POVI
[16:48:50] [241/459] MTHB
[16:48:51] [242/459] INRC
[16:48:52] [243/459] PIPP
[16:48:53] [244/459] BMXC
[16:48:54] [245/459] PCMM
[16:48:55] [246/459] PMKM
[16:48:56] [247/459] GATY
[16:49:00] [248/459] IMCM
[16:49:01] [249/459] POPE
[16:49:02] [250/459] MTCR
[16:49:03] [251/459] PVAE
[16:49:04] [252/459] PVMI
[16:49:05] [253/459] CPNM
[16:49:07] [254/459] FMRL
[16:49:08] [255/459] MCIW
[16:49:09] [256/459] MXBO
[16:49:10] [257/459] FMKY
[16:49:11] [258/459] FMDA
[16:49:12] [259/459] THAB
[16:49:13] [260/459] PRCW
[16:49:13] [261/459] PITI
[16:49:14] [262/459] MCFF
[16:49:15] [263/459] PDDV
[16:49:16] [264/459] MCRM
[16:49:17] [265/459] KKMB
[16:49:17] [266/459] INKO
[16:49:18] [267/459] PLXP
[16:49:19] [268/459] MMHA
[16:49:21] [269/459] FMVS
[16:49:22] [270/459] POLM
[16:49:23] [271/459] STER
[16:49:24] [272/459] PVWJ
[16:49:26] [273/459] IMJW
[16:49:26] [274/459] FNAN
[16:49:27] [275/459] CAGL
[16:49:28] [276/459] IPBG
[16:49:29] [277/459] SMFV
[16:49:30] [278/459] MMMR
[16:49:32] [279/459] MMWM
[16:49:33] [280/459] FNCM
[16:49:34] [281/459] MDVA
[16:49:36] [282/459] MMET
[16:49:36] [283/459] MIDO
[16:49:37] [284/459] INNP
[16:49:38] [285/459] MIFU
[16:49:39] [286/459] MMSZ
[16:49:40] [287/459] BMXA
[16:49:41] [288/459] MCAA
[16:49:42] [289/459] SCVP
[16:49:43] [290/459] PLUS
[16:49:44] [291/459] MUCK
[16:49:45] [292/459] MTMA
[16:49:45] [293/459] HPVR
[16:49:46] [294/459] PMPK
[16:49:48] [295/459] MAJB
[16:49:49] [296/459] CTRR
[16:49:50] [297/459] MCTG
[16:49:50] [298/459] MACE
[16:49:52] [299/459] AAAS
[16:49:53] [300/459] CPVV
[16:49:55] [301/459] RCHG
[16:49:55] [302/459] MCNE
[16:49:56] [303/459] EMNC
[16:49:57] [304/459] MCAN
[16:49:58] [305/459] TCDM
[16:49:59] [306/459] IRGT
[16:50:00] [307/459] GCMG
[16:50:01] [308/459] MXSN
[16:50:02] [309/459] MXCK
[16:50:03] [310/459] MCRC
[16:50:04] [311/459] RSMI
[16:50:05] [312/459] WAML
[16:50:06] [313/459] MTSC
[16:50:07] [314/459] FMDR
[16:50:08] [315/459] LEPV
[16:50:09] [316/459] MTGD
[16:50:09] [317/459] IMOB
[16:50:10] [318/459] CLMM
[16:50:11] [319/459] PZCD
[16:50:12] [320/459] GOCS
[16:50:13] [321/459] KCMA
[16:50:14] [322/459] CCMP
[16:50:15] [323/459] MTSU
[16:50:15] [324/459] SNGL
[16:50:16] [325/459] MMMC
[16:50:18] [326/459] MMAA
[16:50:20] [327/459] GCDM
[16:50:21] [328/459] KTMV
[16:50:22] [329/459] AETE
[16:50:22] [330/459] OMCS
[16:50:23] [331/459] GDCD
[16:50:24] [332/459] NYMD
[16:50:25] [333/459] RNCV
[16:50:26] [334/459] KKMT
[16:50:27] [335/459] GDTH
[16:50:28] [336/459] KMMV
[16:50:29] [337/459] NHCG
[16:50:30] [338/459] PJDW
[16:50:31] [339/459] MMCV
[16:50:32] [340/459] FQSA
[16:50:33] [341/459] KURL
[16:50:33] [342/459] NNNX
[16:50:34] [343/459] AMAU
[16:50:35] [344/459] VVVM
[16:50:36] [345/459] VECU
[16:50:37] [346/459] WCVR
[16:50:38] [347/459] MTGG
[16:50:38] [348/459] SGTG
[16:50:39] [349/459] MNTG
[16:50:40] [350/459] JDDG
[16:50:41] [351/459] MBTK
[16:50:42] [352/459] SGCD
[16:50:42] [353/459] MCTC
[16:50:43] [354/459] JTPC
[16:50:44] [355/459] SDKT
[16:50:45] [356/459] KRCC
[16:50:46] [357/459] RMMD
[16:50:47] [358/459] AAME
[16:50:49] [359/459] TMWC
[16:50:50] [360/459] NRWY
[16:50:50] [361/459] CITD
[16:50:51] [362/459] VERD
[16:50:52] [363/459] MKSK
[16:50:54] [364/459] STSM
[16:50:56] [365/459] MJDG
[16:50:57] [366/459] RKPM
[16:50:58] [367/459] SSCE
[16:50:59] [368/459] VMAE
[16:51:00] [369/459] SBRU
[16:51:02] [370/459] AMBC
[16:51:03] [371/459] AMLU
[16:51:04] [372/459] INVZ
[16:51:05] [373/459] LGTV
[16:51:07] [374/459] SVAD
[16:51:07] [375/459] SMSA
[16:51:08] [376/459] SPCZ
[16:51:09] [377/459] GTCX
[16:51:10] [378/459] SCSL
[16:51:11] [379/459] SAHU
[16:51:12] [380/459] NCDA
[16:51:13] [381/459] SCCG
[16:51:14] [382/459] VKTL
[16:51:15] [383/459] PUUJ
[16:51:16] [384/459] STEJ
[16:51:17] [385/459] RJAL
[16:51:18] [386/459] ACJC
[16:51:19] [387/459] VTHC
[16:51:20] [388/459] ARVB
[16:51:21] [389/459] AUBB
[16:51:22] [390/459] GDBR
[16:51:23] [391/459] PVND
[16:51:25] [392/459] BGRJ
[16:51:25] [393/459] RJMM
[16:51:27] [394/459] MCSA
[16:51:28] [395/459] BODA
[16:51:29] [396/459] JAGG
[16:51:30] [397/459] SCGA
[16:51:31] [398/459] LRCM
[16:51:32] [399/459] CPCN
[16:51:34] [400/459] SSTF
[16:51:34] [401/459] SRXP
[16:51:35] [402/459] CNFX
[16:51:36] [403/459] ANDI
[16:51:37] [404/459] SYEW
[16:51:38] [405/459] RCRE
[16:51:40] [406/459] SCRW
[16:51:41] [407/459] MBKR
[16:51:42] [408/459] ASNT
[16:51:43] [409/459] JTMT
[16:51:43] [410/459] SHAY
[16:51:45] [411/459] VRTH
[16:51:46] [412/459] SPTI
[16:51:47] [413/459] DPTD
[16:51:48] [414/459] TGSN
[16:51:49] [415/459] RCWV
[16:51:49] [416/459] OCUR
[16:51:50] [417/459] KSTC
[16:51:52] [418/459] SANI
[16:51:53] [419/459] MLCA
[16:51:54] [420/459] EGCA
[16:51:55] [421/459] SYSN
[16:51:56] [422/459] PKTA
[16:51:57] [423/459] PRCC
[16:51:58] [424/459] KSTR
[16:51:59] [425/459] SNTP
[16:52:01] [426/459] RCHA
[16:52:02] [427/459] SEEA
[16:52:03] [428/459] ALAT
[16:52:04] [429/459] AATV
[16:52:05] [430/459] RJTE
[16:52:05] [431/459] AAPP
[16:52:06] [432/459] PMMH
[16:52:07] [433/459] INRJ
[16:52:08] [434/459] SARB
[16:52:09] [435/459] PCJL
[16:52:10] [436/459] PFJJ
[16:52:11] [437/459] GRDC
[16:52:12] [438/459] BCBA
[16:52:13] [439/459] VIXL
[16:52:14] [440/459] CSTL
[16:52:15] [441/459] MTDK
[16:52:16] [442/459] TDAC
[16:52:17] [443/459] GTDN
[16:52:17] [444/459] TTDE
[16:52:18] [445/459] ASTS
[16:52:19] [446/459] CPNS
[16:52:20] [447/459] PVVW
[16:52:21] [448/459] USEB
[16:52:22] [449/459] DTYN
[16:52:23] [450/459] PVLE
[16:52:25] [451/459] CIPS
[16:52:26] [452/459] PAEG
[16:52:27] [453/459] PTCW
[16:52:28] [454/459] G3SR
[16:52:29] [455/459] PGND
[16:52:30] [456/459] INVM
[16:52:31] [457/459] SPIA
[16:52:32] [458/459] PCSN
[16:52:32] [459/459] PPGV
[16:52:34] 🧹 Deduping shows
[16:52:34] ✅ DONE | Shows=199 | Movies=20
