[10:04:09] 🚀 SCRIPT STARTED
[10:04:09] [1/324] GCTA
[10:04:09] 🧠 New identity created
[10:04:10] [2/324] TOPN
[10:04:11] [3/324] MCUS
[10:04:12] [4/324] SHRL
[10:04:13] [5/324] UPTP
[10:04:14] [6/324] TMMP
[10:04:15] [7/324] DNRP
[10:04:15] [8/324] SRLT
[10:04:16] [9/324] RCNS
[10:04:18] [10/324] DCBH
[10:04:19] [11/324] NAGJ
[10:04:20] [12/324] JVRC
[10:04:21] [13/324] KRJG
[10:04:22] [14/324] SRTJ
[10:04:23] [15/324] CMXM
[10:04:24] [16/324] STMI
[10:04:25] [17/324] SLST
[10:04:26] [18/324] DTCN
[10:04:26] [19/324] STYN
[10:04:27] [20/324] SZVR
[10:04:28] [21/324] SRKO
[10:04:29] [22/324] JTGT
[10:04:30] [23/324] SVFD
[10:04:32] [24/324] SISD
[10:04:33] [25/324] ABDD
[10:04:34] [26/324] DRCA
[10:04:34] [27/324] AVCS
[10:04:36] [28/324] MVKH
[10:04:37] [29/324] ACPR
[10:04:38] [30/324] STIP
[10:04:39] [31/324] MTRA
[10:04:40] [32/324] RMKH
[10:04:41] [33/324] NKRL
[10:04:42] [34/324] PCWN
[10:04:43] [35/324] BLMT
[10:04:45] [36/324] GDPG
[10:04:46] [37/324] SRMX
[10:04:47] [38/324] JACP
[10:04:48] [39/324] CPSH
[10:04:48] [40/324] MCCD
[10:04:49] [41/324] ECGH
[10:04:51] [42/324] MKCK
[10:04:51] [43/324] SRMM
[10:04:52] [44/324] SKYR
[10:04:53] [45/324] PCKC
[10:04:54] [46/324] JCMA
[10:04:55] [47/324] BSMP
[10:04:56] [48/324] VSPA
[10:04:57] [49/324] DJYA
[10:04:58] [50/324] DIMP
[10:04:59] [51/324] FXDR
[10:05:00] [52/324] SSRC
[10:05:01] [53/324] STHP
[10:05:02] [54/324] CPPD
[10:05:02] [55/324] FCLK
[10:05:03] [56/324] SCPP
[10:05:04] [57/324] DCMJ
[10:05:05] [58/324] RCCR
[10:05:06] [59/324] INMT
[10:05:07] [60/324] LXTK
[10:05:09] [61/324] SRYK
[10:05:09] [62/324] SGDK
[10:05:10] [63/324] PPKA
[10:05:11] [64/324] SPKA
[10:05:12] [65/324] CGHH
[10:05:13] [66/324] DCJN
[10:05:14] [67/324] SRKV
[10:05:14] [68/324] SAJC
[10:05:15] [69/324] SUSR
[10:05:16] [70/324] STYG
[10:05:17] [71/324] NTKP
[10:05:18] [72/324] AKTG
[10:05:19] [73/324] CGCM
[10:05:20] [74/324] TULC
[10:05:21] [75/324] NYYZ
[10:05:22] [76/324] NYBW
[10:05:24] [77/324] MACB
[10:05:25] [78/324] SLVT
[10:05:25] [79/324] SANA
[10:05:27] [80/324] ACMR
[10:05:28] [81/324] CPKN
[10:05:28] [82/324] DLGK
[10:05:29] [83/324] CWCK
[10:05:30] [84/324] FDDH
[10:05:31] [85/324] MMMD
[10:05:32] [86/324] CMEH
[10:05:33] [87/324] GGGV
[10:05:34] [88/324] SPJL
[10:05:35] [89/324] RCCD
[10:05:36] [90/324] STTZ
[10:05:37] [91/324] BTCF
[10:05:37] [92/324] TSTZ
[10:05:38] [93/324] IPMM
[10:05:39] [94/324] PMPW
[10:05:41] [95/324] PCMZ
[10:05:42] [96/324] ESEM
[10:05:43] [97/324] PIPO
[10:05:44] [98/324] MATK
[10:05:45] [99/324] PGHM
[10:05:45] [100/324] CTSR
[10:05:46] [101/324] CYKR
[10:05:47] [102/324] MSCM
[10:05:48] [103/324] RFNP
[10:05:49] [104/324] PDCP
[10:05:50] [105/324] NPSE
[10:05:50] [106/324] MKML
[10:05:52] [107/324] FTDP
[10:05:53] [108/324] MMXA
[10:05:54] [109/324] CEPO
[10:05:55] [110/324] CMVP
[10:05:57] [111/324] SGTH
[10:05:58] [112/324] SAYN
[10:05:58] [113/324] URVS
[10:05:59] [114/324] VJTN
[10:06:01] [115/324] BBYK
[10:06:02] [116/324] SHBO
[10:06:03] [117/324] VCMR
[10:06:04] [118/324] MACT
[10:06:06] [119/324] JMNP
[10:06:07] [120/324] VICS
[10:06:08] [121/324] VCDA
[10:06:10] [122/324] GCMM
[10:06:10] [123/324] INVS
[10:06:12] [124/324] SCGM
[10:06:12] [125/324] PCDA
[10:06:13] [126/324] KDCT
[10:06:14] [127/324] JACS
[10:06:15] [128/324] GMMC
[10:06:17] [129/324] AICM
[10:06:18] [130/324] TJCM
[10:06:18] [131/324] RMTI
[10:06:19] [132/324] SHAC
[10:06:20] [133/324] APJC
[10:06:21] [134/324] GCTG
[10:06:22] [135/324] SSMC
[10:06:23] [136/324] THRM
[10:06:24] [137/324] RBCT
[10:06:25] [138/324] DIKT
[10:06:26] [139/324] MIDL
[10:06:26] [140/324] VCSN
[10:06:27] [141/324] SKTG
[10:06:28] [142/324] SMWC
[10:06:29] [143/324] MNKH
[10:06:30] [144/324] PIAT
[10:06:31] [145/324] LTTP
[10:06:31] [146/324] PTPU
[10:06:32] [147/324] ACMG
[10:06:33] [148/324] SHMM
[10:06:34] [149/324] MCMN
[10:06:34] [150/324] GLDC
[10:06:35] [151/324] HOUT
[10:06:36] [152/324] SVRP
[10:06:37] [153/324] PVDN
[10:06:38] [154/324] SCPY
[10:06:39] [155/324] DTPY
[10:06:40] [156/324] GKCS
[10:06:41] [157/324] NCAM
[10:06:41] [158/324] BSRM
[10:06:42] [159/324] RCLC
[10:06:43] [160/324] SKKD
[10:06:44] [161/324] ACHU
[10:06:44] [162/324] RSCF
[10:06:45] [163/324] IMSH
[10:06:46] [164/324] MACX
[10:06:47] [165/324] HMMW
[10:06:48] [166/324] JTCP
[10:06:49] [167/324] SREN
[10:06:50] [168/324] PJRR
[10:06:51] [169/324] INAC
[10:06:51] [170/324] BMCA
[10:06:52] [171/324] SHCB
[10:06:53] [172/324] GABA
[10:06:54] [173/324] SBCT
[10:06:56] [174/324] GCMA
[10:06:57] [175/324] MYTK
[10:06:58] [176/324] INZS
[10:06:59] [177/324] RMIK
[10:07:01] [178/324] NYCH
[10:07:01] [179/324] RAVE
[10:07:02] [180/324] PSXM
[10:07:04] [181/324] MCGP
[10:07:05] [182/324] PDDK
[10:07:07] [183/324] SPCK
[10:07:08] [184/324] MCRL
[10:07:09] [185/324] MHKT
[10:07:10] [186/324] ANRR
[10:07:12] [187/324] SAPK
[10:07:12] [188/324] NCUK
[10:07:13] [189/324] JUGA
[10:07:14] [190/324] DBSC
[10:07:15] [191/324] LALK
[10:07:16] [192/324] GUCK
[10:07:17] [193/324] STSG
[10:07:18] [194/324] PPPZ
[10:07:19] [195/324] CNCY
[10:07:20] [196/324] MTAR
[10:07:21] [197/324] VNKD
[10:07:22] [198/324] KMAJ
[10:07:23] [199/324] ACXK
[10:07:24] [200/324] UTKC
[10:07:24] [201/324] PBLK
[10:07:26] [202/324] ACBX
[10:07:27] [203/324] PTGM
[10:07:28] [204/324] BTDA
[10:07:29] [205/324] PJMB
[10:07:30] [206/324] TPDA
[10:07:31] [207/324] AMOE
[10:07:32] [208/324] PRHT
[10:07:33] [209/324] PRTA
[10:07:34] [210/324] STAM
[10:07:35] [211/324] MSAA
[10:07:36] [212/324] SDLU
[10:07:37] [213/324] RCHH
[10:07:37] [214/324] KANT
[10:07:38] [215/324] FCRT
[10:07:39] [216/324] DNKM
[10:07:41] [217/324] RYCP
[10:07:42] [218/324] MYRP
[10:07:43] [219/324] PPAK
[10:07:43] [220/324] NVPK
[10:07:44] [221/324] PRMC
[10:07:45] [222/324] JBCS
[10:07:46] [223/324] GXCK
[10:07:46] [224/324] USKO
[10:07:47] [225/324] GTEM
[10:07:48] [226/324] SMBU
[10:07:49] [227/324] VETC
[10:07:50] [228/324] LCDA
[10:07:51] [229/324] MTVT
[10:07:52] [230/324] PYCP
[10:07:53] [231/324] PNSC
[10:07:54] [232/324] PPCC
[10:07:55] [233/324] TGRT
[10:07:57] [234/324] JYOT
[10:07:58] [235/324] SRCZ
[10:07:59] [236/324] SJTE
[10:08:00] [237/324] DESC
[10:08:01] [238/324] JHVN
[10:08:02] [239/324] IPSG
[10:08:03] [240/324] IPCM
[10:08:03] [241/324] PDRS
[10:08:04] [242/324] ANCV
[10:08:05] [243/324] CMVV
[10:08:06] [244/324] SHYP
[10:08:07] [245/324] DNCS
[10:08:08] [246/324] GAJK
[10:08:09] [247/324] AKTN
[10:08:09] [248/324] KAYA
[10:08:10] [249/324] SBRC
[10:08:12] [250/324] CHTP
[10:08:13] [251/324] SHRT
[10:08:13] [252/324] BCKU
[10:08:14] [253/324] FCPS
[10:08:15] [254/324] ARDD
[10:08:17] [255/324] CPCM
[10:08:18] [256/324] CGSM
[10:08:19] [257/324] PSMP
[10:08:20] [258/324] SDAL
[10:08:21] [259/324] RTNB
[10:08:22] [260/324] LMCR
[10:08:23] [261/324] CIMA
[10:08:24] [262/324] RNAS
[10:08:25] [263/324] LITH
[10:08:26] [264/324] PBOX
[10:08:27] [265/324] FRTS
[10:08:27] [266/324] RKIC
[10:08:28] [267/324] PTAI
[10:08:30] [268/324] GCIC
[10:08:31] [269/324] FNAS
[10:08:32] [270/324] SCAR
[10:08:32] [271/324] MTCA
[10:08:33] [272/324] SCTS
[10:08:34] [273/324] SYCS
[10:08:35] [274/324] RDMS
[10:08:36] [275/324] KAMP
[10:08:37] [276/324] ERSD
[10:08:38] [277/324] MJMJ
[10:08:39] [278/324] SRCJ
[10:08:40] [279/324] SCXE
[10:08:41] [280/324] SVFR
[10:08:41] [281/324] BHCS
[10:08:43] [282/324] IMCC
[10:08:43] [283/324] PCBO
[10:08:44] [284/324] PRVN
[10:08:45] [285/324] AUPM
[10:08:46] [286/324] INBW
[10:08:47] [287/324] SVCW
[10:08:48] [288/324] RKCF
[10:08:49] [289/324] UVBH
[10:08:49] [290/324] DNCY
[10:08:50] [291/324] ABCN
[10:08:51] [292/324] PRUR
[10:08:52] [293/324] PFMR
[10:08:53] [294/324] RKCN
[10:08:54] [295/324] CFEA
[10:08:55] [296/324] SDBG
[10:08:55] [297/324] SNAR
[10:08:56] [298/324] YISI
[10:08:57] [299/324] JCFF
[10:08:58] [300/324] VTRK
[10:09:00] [301/324] PCLZ
[10:09:01] [302/324] DIMY
[10:09:02] [303/324] BBTS
[10:09:03] [304/324] GATH
[10:09:03] [305/324] GTMN
[10:09:05] [306/324] VTMH
[10:09:05] [307/324] CCKP
[10:09:06] [308/324] GPKA
[10:09:07] [309/324] MHCL
[10:09:08] [310/324] ATCL
[10:09:08] [311/324] SBCK
[10:09:09] [312/324] AMMR
[10:09:10] [313/324] MADC
[10:09:11] [314/324] TMMA
[10:09:12] [315/324] CACC
[10:09:13] [316/324] CHAL
[10:09:14] [317/324] DURG
[10:09:15] [318/324] GMKU
[10:09:15] [319/324] GECA
[10:09:16] [320/324] KYRR
[10:09:17] [321/324] KSDE
[10:09:18] [322/324] LMCI
[10:09:19] [323/324] NKCP
[10:09:20] [324/324] BGTC
[10:09:20] 🧹 Deduping shows
[10:09:20] ✅ DONE | Shows=70 | Movies=9
[16:44:42] 🚀 SCRIPT STARTED
[16:44:42] [1/324] GCTA
[16:44:42] 🧠 New identity created
[16:44:43] [2/324] TOPN
[16:44:44] [3/324] MCUS
[16:44:46] [4/324] SHRL
[16:44:47] [5/324] UPTP
[16:44:48] [6/324] TMMP
[16:44:49] [7/324] DNRP
[16:44:50] [8/324] SRLT
[16:44:52] [9/324] RCNS
[16:44:53] [10/324] DCBH
[16:44:54] [11/324] NAGJ
[16:44:55] [12/324] JVRC
[16:44:56] [13/324] KRJG
[16:44:57] [14/324] SRTJ
[16:44:58] [15/324] CMXM
[16:44:59] [16/324] STMI
[16:45:00] [17/324] SLST
[16:45:01] [18/324] DTCN
[16:45:02] [19/324] STYN
[16:45:03] [20/324] SZVR
[16:45:04] [21/324] SRKO
[16:45:05] [22/324] JTGT
[16:45:06] [23/324] SVFD
[16:45:07] [24/324] SISD
[16:45:08] [25/324] ABDD
[16:45:09] [26/324] DRCA
[16:45:10] [27/324] AVCS
[16:45:11] [28/324] MVKH
[16:45:12] [29/324] ACPR
[16:45:13] [30/324] STIP
[16:45:14] [31/324] MTRA
[16:45:15] [32/324] RMKH
[16:45:17] [33/324] NKRL
[16:45:17] [34/324] PCWN
[16:45:18] [35/324] BLMT
[16:45:19] [36/324] GDPG
[16:45:20] [37/324] SRMX
[16:45:21] [38/324] JACP
[16:45:22] [39/324] CPSH
[16:45:22] [40/324] MCCD
[16:45:23] [41/324] ECGH
[16:45:24] [42/324] MKCK
[16:45:26] [43/324] SRMM
[16:45:27] [44/324] SKYR
[16:45:27] [45/324] PCKC
[16:45:28] [46/324] JCMA
[16:45:29] [47/324] BSMP
[16:45:30] [48/324] VSPA
[16:45:31] [49/324] DJYA
[16:45:32] [50/324] DIMP
[16:45:33] [51/324] FXDR
[16:45:34] [52/324] SSRC
[16:45:35] [53/324] STHP
[16:45:36] [54/324] CPPD
[16:45:37] [55/324] FCLK
[16:45:37] [56/324] SCPP
[16:45:38] [57/324] DCMJ
[16:45:39] [58/324] RCCR
[16:45:40] [59/324] INMT
[16:45:41] [60/324] LXTK
[16:45:42] [61/324] SRYK
[16:45:43] [62/324] SGDK
[16:45:44] [63/324] PPKA
[16:45:45] [64/324] SPKA
[16:45:46] [65/324] CGHH
[16:45:46] [66/324] DCJN
[16:45:47] [67/324] SRKV
[16:45:48] [68/324] SAJC
[16:45:49] [69/324] SUSR
[16:45:50] [70/324] STYG
[16:45:51] [71/324] NTKP
[16:45:51] [72/324] AKTG
[16:45:52] [73/324] CGCM
[16:45:53] [74/324] TULC
[16:45:54] [75/324] NYYZ
[16:45:55] [76/324] NYBW
[16:45:56] [77/324] MACB
[16:45:57] [78/324] SLVT
[16:45:58] [79/324] SANA
[16:45:59] [80/324] ACMR
[16:46:00] [81/324] CPKN
[16:46:00] [82/324] DLGK
[16:46:01] [83/324] CWCK
[16:46:02] [84/324] FDDH
[16:46:03] [85/324] MMMD
[16:46:04] [86/324] CMEH
[16:46:06] [87/324] GGGV
[16:46:06] [88/324] SPJL
[16:46:07] [89/324] RCCD
[16:46:08] [90/324] STTZ
[16:46:10] [91/324] BTCF
[16:46:10] [92/324] TSTZ
[16:46:11] [93/324] IPMM
[16:46:12] [94/324] PMPW
[16:46:13] [95/324] PCMZ
[16:46:14] [96/324] ESEM
[16:46:15] [97/324] PIPO
[16:46:16] [98/324] MATK
[16:46:18] [99/324] PGHM
[16:46:19] [100/324] CTSR
[16:46:20] [101/324] CYKR
[16:46:21] [102/324] MSCM
[16:46:22] [103/324] RFNP
[16:46:23] [104/324] PDCP
[16:46:24] [105/324] NPSE
[16:46:25] [106/324] MKML
[16:46:26] [107/324] FTDP
[16:46:26] [108/324] MMXA
[16:46:28] [109/324] CEPO
[16:46:29] [110/324] CMVP
[16:46:30] [111/324] SGTH
[16:46:31] [112/324] SAYN
[16:46:32] [113/324] URVS
[16:46:33] [114/324] VJTN
[16:46:34] [115/324] BBYK
[16:46:35] [116/324] SHBO
[16:46:36] [117/324] VCMR
[16:46:37] [118/324] MACT
[16:46:38] [119/324] JMNP
[16:46:39] [120/324] VICS
[16:46:40] [121/324] VCDA
[16:46:41] [122/324] GCMM
[16:46:41] [123/324] INVS
[16:46:43] [124/324] SCGM
[16:46:44] [125/324] PCDA
[16:46:45] [126/324] KDCT
[16:46:46] [127/324] JACS
[16:46:47] [128/324] GMMC
[16:46:48] [129/324] AICM
[16:46:49] [130/324] TJCM
[16:46:49] [131/324] RMTI
[16:46:50] [132/324] SHAC
[16:46:51] [133/324] APJC
[16:46:52] [134/324] GCTG
[16:46:53] [135/324] SSMC
[16:46:54] [136/324] THRM
[16:46:54] [137/324] RBCT
[16:46:55] [138/324] DIKT
[16:46:56] [139/324] MIDL
[16:46:57] [140/324] VCSN
[16:46:58] [141/324] SKTG
[16:46:59] [142/324] SMWC
[16:47:00] [143/324] MNKH
[16:47:01] [144/324] PIAT
[16:47:02] [145/324] LTTP
[16:47:03] [146/324] PTPU
[16:47:03] [147/324] ACMG
[16:47:04] [148/324] SHMM
[16:47:05] [149/324] MCMN
[16:47:06] [150/324] GLDC
[16:47:07] [151/324] HOUT
[16:47:08] [152/324] SVRP
[16:47:09] [153/324] PVDN
[16:47:10] [154/324] SCPY
[16:47:11] [155/324] DTPY
[16:47:12] [156/324] GKCS
[16:47:13] [157/324] NCAM
[16:47:13] [158/324] BSRM
[16:47:14] [159/324] RCLC
[16:47:15] [160/324] SKKD
[16:47:16] [161/324] ACHU
[16:47:17] [162/324] RSCF
[16:47:18] [163/324] IMSH
[16:47:19] [164/324] MACX
[16:47:20] [165/324] HMMW
[16:47:20] [166/324] JTCP
[16:47:21] [167/324] SREN
[16:47:22] [168/324] PJRR
[16:47:22] [169/324] INAC
[16:47:23] [170/324] BMCA
[16:47:24] [171/324] SHCB
[16:47:26] [172/324] GABA
[16:47:27] [173/324] SBCT
[16:47:28] [174/324] GCMA
[16:47:29] [175/324] MYTK
[16:47:29] [176/324] INZS
[16:47:30] [177/324] RMIK
[16:47:32] [178/324] NYCH
[16:47:33] [179/324] RAVE
[16:47:33] [180/324] PSXM
[16:47:34] [181/324] MCGP
[16:47:35] [182/324] PDDK
[16:47:36] [183/324] SPCK
[16:47:37] [184/324] MCRL
[16:47:38] [185/324] MHKT
[16:47:39] [186/324] ANRR
[16:47:39] [187/324] SAPK
[16:47:41] [188/324] NCUK
[16:47:42] [189/324] JUGA
[16:47:42] [190/324] DBSC
[16:47:43] [191/324] LALK
[16:47:44] [192/324] GUCK
[16:47:45] [193/324] STSG
[16:47:48] [194/324] PPPZ
[16:47:49] [195/324] CNCY
[16:47:50] [196/324] MTAR
[16:47:51] [197/324] VNKD
[16:47:52] [198/324] KMAJ
[16:47:52] [199/324] ACXK
[16:47:54] [200/324] UTKC
[16:47:54] [201/324] PBLK
[16:47:55] [202/324] ACBX
[16:47:57] [203/324] PTGM
[16:47:58] [204/324] BTDA
[16:47:59] [205/324] PJMB
[16:48:00] [206/324] TPDA
[16:48:01] [207/324] AMOE
[16:48:02] [208/324] PRHT
[16:48:04] [209/324] PRTA
[16:48:05] [210/324] STAM
[16:48:06] [211/324] MSAA
[16:48:07] [212/324] SDLU
[16:48:07] [213/324] RCHH
[16:48:08] [214/324] KANT
[16:48:09] [215/324] FCRT
[16:48:11] [216/324] DNKM
[16:48:12] [217/324] RYCP
[16:48:13] [218/324] MYRP
[16:48:14] [219/324] PPAK
[16:48:15] [220/324] NVPK
[16:48:16] [221/324] PRMC
[16:48:17] [222/324] JBCS
[16:48:18] [223/324] GXCK
[16:48:19] [224/324] USKO
[16:48:19] [225/324] GTEM
[16:48:20] [226/324] SMBU
[16:48:21] [227/324] VETC
[16:48:22] [228/324] LCDA
[16:48:23] [229/324] MTVT
[16:48:24] [230/324] PYCP
[16:48:25] [231/324] PNSC
[16:48:26] [232/324] PPCC
[16:48:26] [233/324] TGRT
[16:48:27] [234/324] JYOT
[16:48:28] [235/324] SRCZ
[16:48:29] [236/324] SJTE
[16:48:30] [237/324] DESC
[16:48:31] [238/324] JHVN
[16:48:32] [239/324] IPSG
[16:48:33] [240/324] IPCM
[16:48:34] [241/324] PDRS
[16:48:34] [242/324] ANCV
[16:48:35] [243/324] CMVV
[16:48:36] [244/324] SHYP
[16:48:37] [245/324] DNCS
[16:48:38] [246/324] GAJK
[16:48:39] [247/324] AKTN
[16:48:40] [248/324] KAYA
[16:48:41] [249/324] SBRC
[16:48:42] [250/324] CHTP
[16:48:44] [251/324] SHRT
[16:48:45] [252/324] BCKU
[16:48:46] [253/324] FCPS
[16:48:47] [254/324] ARDD
[16:48:48] [255/324] CPCM
[16:48:49] [256/324] CGSM
[16:48:49] [257/324] PSMP
[16:48:50] [258/324] SDAL
[16:48:51] [259/324] RTNB
[16:48:52] [260/324] LMCR
[16:48:53] [261/324] CIMA
[16:48:54] [262/324] RNAS
[16:48:55] [263/324] LITH
[16:48:55] [264/324] PBOX
[16:48:56] [265/324] FRTS
[16:48:58] [266/324] RKIC
[16:48:59] [267/324] PTAI
[16:49:00] [268/324] GCIC
[16:49:01] [269/324] FNAS
[16:49:02] [270/324] SCAR
[16:49:03] [271/324] MTCA
[16:49:04] [272/324] SCTS
[16:49:05] [273/324] SYCS
[16:49:06] [274/324] RDMS
[16:49:06] [275/324] KAMP
[16:49:07] [276/324] ERSD
[16:49:09] [277/324] MJMJ
[16:49:10] [278/324] SRCJ
[16:49:11] [279/324] SCXE
[16:49:12] [280/324] SVFR
[16:49:13] [281/324] BHCS
[16:49:14] [282/324] IMCC
[16:49:15] [283/324] PCBO
[16:49:16] [284/324] PRVN
[16:49:17] [285/324] AUPM
[16:49:18] [286/324] INBW
[16:49:18] [287/324] SVCW
[16:49:19] [288/324] RKCF
[16:49:20] [289/324] UVBH
[16:49:21] [290/324] DNCY
[16:49:22] [291/324] ABCN
[16:49:23] [292/324] PRUR
[16:49:24] [293/324] PFMR
[16:49:25] [294/324] RKCN
[16:49:26] [295/324] CFEA
[16:49:27] [296/324] SDBG
[16:49:28] [297/324] SNAR
[16:49:29] [298/324] YISI
[16:49:30] [299/324] JCFF
[16:49:31] [300/324] VTRK
[16:49:32] [301/324] PCLZ
[16:49:33] [302/324] DIMY
[16:49:34] [303/324] BBTS
[16:49:34] [304/324] GATH
[16:49:35] [305/324] GTMN
[16:49:36] [306/324] VTMH
[16:49:37] [307/324] CCKP
[16:49:38] [308/324] GPKA
[16:49:39] [309/324] MHCL
[16:49:40] [310/324] ATCL
[16:49:41] [311/324] SBCK
[16:49:42] [312/324] AMMR
[16:49:43] [313/324] MADC
[16:49:44] [314/324] TMMA
[16:49:45] [315/324] CACC
[16:49:46] [316/324] CHAL
[16:49:47] [317/324] DURG
[16:49:48] [318/324] GMKU
[16:49:49] [319/324] GECA
[16:49:50] [320/324] KYRR
[16:49:52] [321/324] KSDE
[16:49:52] [322/324] LMCI
[16:49:53] [323/324] NKCP
[16:49:54] [324/324] BGTC
[16:49:55] 🧹 Deduping shows
[16:49:55] ✅ DONE | Shows=134 | Movies=17
[04:44:44] 🚀 SCRIPT STARTED
[04:44:44] [1/324] GCTA
[04:44:44] 🧠 New identity created
[04:44:45] [2/324] TOPN
[04:44:45] [3/324] MCUS
[04:44:46] [4/324] SHRL
[04:44:47] [5/324] UPTP
[04:44:48] [6/324] TMMP
[04:44:50] [7/324] DNRP
[04:44:50] [8/324] SRLT
[04:44:51] [9/324] RCNS
[04:44:52] [10/324] DCBH
[04:44:53] [11/324] NAGJ
[04:44:55] [12/324] JVRC
[04:44:56] [13/324] KRJG
[04:44:57] [14/324] SRTJ
[04:44:58] [15/324] CMXM
[04:44:59] [16/324] STMI
[04:45:00] [17/324] SLST
[04:45:01] [18/324] DTCN
[04:45:01] [19/324] STYN
[04:45:02] [20/324] SZVR
[04:45:03] [21/324] SRKO
[04:45:04] [22/324] JTGT
[04:45:05] [23/324] SVFD
[04:45:06] [24/324] SISD
[04:45:07] [25/324] ABDD
[04:45:07] [26/324] DRCA
[04:45:08] [27/324] AVCS
[04:45:09] [28/324] MVKH
[04:45:10] [29/324] ACPR
[04:45:11] [30/324] STIP
[04:45:12] [31/324] MTRA
[04:45:13] [32/324] RMKH
[04:45:15] [33/324] NKRL
[04:45:16] [34/324] PCWN
[04:45:17] [35/324] BLMT
[04:45:18] [36/324] GDPG
[04:45:18] [37/324] SRMX
[04:45:19] [38/324] JACP
[04:45:20] [39/324] CPSH
[04:45:21] [40/324] MCCD
[04:45:22] [41/324] ECGH
[04:45:23] [42/324] MKCK
[04:45:23] [43/324] SRMM
[04:45:24] [44/324] SKYR
[04:45:25] [45/324] PCKC
[04:45:26] [46/324] JCMA
[04:45:27] [47/324] BSMP
[04:45:28] [48/324] VSPA
[04:45:29] [49/324] DJYA
[04:45:30] [50/324] DIMP
[04:45:31] [51/324] FXDR
[04:45:32] [52/324] SSRC
[04:45:33] [53/324] STHP
[04:45:34] [54/324] CPPD
[04:45:35] [55/324] FCLK
[04:45:36] [56/324] SCPP
[04:45:36] [57/324] DCMJ
[04:45:37] [58/324] RCCR
[04:45:38] [59/324] INMT
[04:45:39] [60/324] LXTK
[04:45:40] [61/324] SRYK
[04:45:41] [62/324] SGDK
[04:45:41] [63/324] PPKA
[04:45:42] [64/324] SPKA
[04:45:43] [65/324] CGHH
[04:45:44] [66/324] DCJN
[04:45:45] [67/324] SRKV
[04:45:45] [68/324] SAJC
[04:45:46] [69/324] SUSR
[04:45:47] [70/324] STYG
[04:45:48] [71/324] NTKP
[04:45:49] [72/324] AKTG
[04:45:50] [73/324] CGCM
[04:45:51] [74/324] TULC
[04:45:51] [75/324] NYYZ
[04:45:52] [76/324] NYBW
[04:45:53] [77/324] MACB
[04:45:54] [78/324] SLVT
[04:45:55] [79/324] SANA
[04:45:56] [80/324] ACMR
[04:45:56] [81/324] CPKN
[04:45:57] [82/324] DLGK
[04:45:58] [83/324] CWCK
[04:45:59] [84/324] FDDH
[04:46:00] [85/324] MMMD
[04:46:01] [86/324] CMEH
[04:46:01] [87/324] GGGV
[04:46:02] [88/324] SPJL
[04:46:03] [89/324] RCCD
[04:46:04] [90/324] STTZ
[04:46:05] [91/324] BTCF
[04:46:06] [92/324] TSTZ
[04:46:06] [93/324] IPMM
[04:46:07] [94/324] PMPW
[04:46:08] [95/324] PCMZ
[04:46:09] [96/324] ESEM
[04:46:10] [97/324] PIPO
[04:46:11] [98/324] MATK
[04:46:12] [99/324] PGHM
[04:46:13] [100/324] CTSR
[04:46:14] [101/324] CYKR
[04:46:15] [102/324] MSCM
[04:46:16] [103/324] RFNP
[04:46:16] [104/324] PDCP
[04:46:17] [105/324] NPSE
[04:46:18] [106/324] MKML
[04:46:19] [107/324] FTDP
[04:46:19] [108/324] MMXA
[04:46:20] [109/324] CEPO
[04:46:21] [110/324] CMVP
[04:46:23] [111/324] SGTH
[04:46:23] [112/324] SAYN
[04:46:24] [113/324] URVS
[04:46:25] [114/324] VJTN
[04:46:26] [115/324] BBYK
[04:46:27] [116/324] SHBO
[04:46:28] [117/324] VCMR
[04:46:29] [118/324] MACT
[04:46:30] [119/324] JMNP
[04:46:31] [120/324] VICS
[04:46:32] [121/324] VCDA
[04:46:33] [122/324] GCMM
[04:46:34] [123/324] INVS
[04:46:35] [124/324] SCGM
[04:46:36] [125/324] PCDA
[04:46:37] [126/324] KDCT
[04:46:38] [127/324] JACS
[04:46:39] [128/324] GMMC
[04:46:40] [129/324] AICM
[04:46:41] [130/324] TJCM
[04:46:41] [131/324] RMTI
[04:46:43] [132/324] SHAC
[04:46:44] [133/324] APJC
[04:46:46] [134/324] GCTG
[04:46:46] [135/324] SSMC
[04:46:47] [136/324] THRM
[04:46:48] [137/324] RBCT
[04:46:49] [138/324] DIKT
[04:46:50] [139/324] MIDL
[04:46:51] [140/324] VCSN
[04:46:52] [141/324] SKTG
[04:46:52] [142/324] SMWC
[04:46:53] [143/324] MNKH
[04:46:54] [144/324] PIAT
[04:46:55] [145/324] LTTP
[04:46:56] [146/324] PTPU
[04:46:57] [147/324] ACMG
[04:46:58] [148/324] SHMM
[04:46:59] [149/324] MCMN
[04:47:00] [150/324] GLDC
[04:47:01] [151/324] HOUT
[04:47:02] [152/324] SVRP
[04:47:03] [153/324] PVDN
[04:47:04] [154/324] SCPY
[04:47:05] [155/324] DTPY
[04:47:06] [156/324] GKCS
[04:47:07] [157/324] NCAM
[04:47:08] [158/324] BSRM
[04:47:08] [159/324] RCLC
[04:47:09] [160/324] SKKD
[04:47:10] [161/324] ACHU
[04:47:11] [162/324] RSCF
[04:47:12] [163/324] IMSH
[04:47:13] [164/324] MACX
[04:47:15] [165/324] HMMW
[04:47:15] [166/324] JTCP
[04:47:16] [167/324] SREN
[04:47:17] [168/324] PJRR
[04:47:18] [169/324] INAC
[04:47:19] [170/324] BMCA
[04:47:20] [171/324] SHCB
[04:47:20] [172/324] GABA
[04:47:21] [173/324] SBCT
[04:47:22] [174/324] GCMA
[04:47:23] [175/324] MYTK
[04:47:24] [176/324] INZS
[04:47:25] [177/324] RMIK
[04:47:26] [178/324] NYCH
[04:47:27] [179/324] RAVE
[04:47:27] [180/324] PSXM
[04:47:28] [181/324] MCGP
[04:47:30] [182/324] PDDK
[04:47:31] [183/324] SPCK
[04:47:31] [184/324] MCRL
[04:47:32] [185/324] MHKT
[04:47:33] [186/324] ANRR
[04:47:34] [187/324] SAPK
[04:47:35] [188/324] NCUK
[04:47:36] [189/324] JUGA
[04:47:37] [190/324] DBSC
[04:47:38] [191/324] LALK
[04:47:39] [192/324] GUCK
[04:47:40] [193/324] STSG
[04:47:41] [194/324] PPPZ
[04:47:42] [195/324] CNCY
[04:47:43] [196/324] MTAR
[04:47:43] [197/324] VNKD
[04:47:44] [198/324] KMAJ
[04:47:45] [199/324] ACXK
[04:47:46] [200/324] UTKC
[04:47:47] [201/324] PBLK
[04:47:48] [202/324] ACBX
[04:47:49] [203/324] PTGM
[04:47:50] [204/324] BTDA
[04:47:51] [205/324] PJMB
[04:47:52] [206/324] TPDA
[04:47:53] [207/324] AMOE
[04:47:54] [208/324] PRHT
[04:47:55] [209/324] PRTA
[04:47:56] [210/324] STAM
[04:47:57] [211/324] MSAA
[04:47:58] [212/324] SDLU
[04:47:59] [213/324] RCHH
[04:48:00] [214/324] KANT
[04:48:00] [215/324] FCRT
[04:48:01] [216/324] DNKM
[04:48:02] [217/324] RYCP
[04:48:03] [218/324] MYRP
[04:48:04] [219/324] PPAK
[04:48:05] [220/324] NVPK
[04:48:06] [221/324] PRMC
[04:48:06] [222/324] JBCS
[04:48:07] [223/324] GXCK
[04:48:08] [224/324] USKO
[04:48:09] [225/324] GTEM
[04:48:10] [226/324] SMBU
[04:48:11] [227/324] VETC
[04:48:12] [228/324] LCDA
[04:48:12] [229/324] MTVT
[04:48:13] [230/324] PYCP
[04:48:14] [231/324] PNSC
[04:48:16] [232/324] PPCC
[04:48:16] [233/324] TGRT
[04:48:17] [234/324] JYOT
[04:48:18] [235/324] SRCZ
[04:48:19] [236/324] SJTE
[04:48:20] [237/324] DESC
[04:48:21] [238/324] JHVN
[04:48:21] [239/324] IPSG
[04:48:22] [240/324] IPCM
[04:48:24] [241/324] PDRS
[04:48:25] [242/324] ANCV
[04:48:25] [243/324] CMVV
[04:48:27] [244/324] SHYP
[04:48:28] [245/324] DNCS
[04:48:29] [246/324] GAJK
[04:48:29] [247/324] AKTN
[04:48:30] [248/324] KAYA
[04:48:31] [249/324] SBRC
[04:48:32] [250/324] CHTP
[04:48:33] [251/324] SHRT
[04:48:34] [252/324] BCKU
[04:48:34] [253/324] FCPS
[04:48:35] [254/324] ARDD
[04:48:37] [255/324] CPCM
[04:48:37] [256/324] CGSM
[04:48:38] [257/324] PSMP
[04:48:39] [258/324] SDAL
[04:48:40] [259/324] RTNB
[04:48:41] [260/324] LMCR
[04:48:42] [261/324] CIMA
[04:48:42] [262/324] RNAS
[04:48:43] [263/324] LITH
[04:48:44] [264/324] PBOX
[04:48:45] [265/324] FRTS
[04:48:45] [266/324] RKIC
[04:48:46] [267/324] PTAI
[04:48:47] [268/324] GCIC
[04:48:48] [269/324] FNAS
[04:48:50] [270/324] SCAR
[04:48:51] [271/324] MTCA
[04:48:53] [272/324] SCTS
[04:48:54] [273/324] SYCS
[04:48:55] [274/324] RDMS
[04:48:56] [275/324] KAMP
[04:48:57] [276/324] ERSD
[04:48:58] [277/324] MJMJ
[04:48:59] [278/324] SRCJ
[04:49:00] [279/324] SCXE
[04:49:01] [280/324] SVFR
[04:49:02] [281/324] BHCS
[04:49:03] [282/324] IMCC
[04:49:04] [283/324] PCBO
[04:49:06] [284/324] PRVN
[04:49:07] [285/324] AUPM
[04:49:08] [286/324] INBW
[04:49:09] [287/324] SVCW
[04:49:09] [288/324] RKCF
[04:49:10] [289/324] UVBH
[04:49:11] [290/324] DNCY
[04:49:12] [291/324] ABCN
[04:49:13] [292/324] PRUR
[04:49:14] [293/324] PFMR
[04:49:14] [294/324] RKCN
[04:49:16] [295/324] CFEA
[04:49:16] [296/324] SDBG
[04:49:17] [297/324] SNAR
[04:49:18] [298/324] YISI
[04:49:19] [299/324] JCFF
[04:49:20] [300/324] VTRK
[04:49:21] [301/324] PCLZ
[04:49:22] [302/324] DIMY
[04:49:23] [303/324] BBTS
[04:49:24] [304/324] GATH
[04:49:24] [305/324] GTMN
[04:49:25] [306/324] VTMH
[04:49:26] [307/324] CCKP
[04:49:27] [308/324] GPKA
[04:49:28] [309/324] MHCL
[04:49:29] [310/324] ATCL
[04:49:30] [311/324] SBCK
[04:49:31] [312/324] AMMR
[04:49:32] [313/324] MADC
[04:49:33] [314/324] TMMA
[04:49:34] [315/324] CACC
[04:49:35] [316/324] CHAL
[04:49:36] [317/324] DURG
[04:49:37] [318/324] GMKU
[04:49:38] [319/324] GECA
[04:49:39] [320/324] KYRR
[04:49:40] [321/324] KSDE
[04:49:40] [322/324] LMCI
[04:49:41] [323/324] NKCP
[04:49:42] [324/324] BGTC
[04:49:43] 🧹 Deduping shows
[04:49:43] ✅ DONE | Shows=226 | Movies=17
[11:54:27] 🚀 SCRIPT STARTED
[11:54:27] [1/324] GCTA
[11:54:27] 🧠 New identity created
[11:54:28] [2/324] TOPN
[11:54:29] [3/324] MCUS
[11:54:29] [4/324] SHRL
[11:54:30] [5/324] UPTP
[11:54:31] [6/324] TMMP
[11:54:32] [7/324] DNRP
[11:54:33] [8/324] SRLT
[11:54:34] [9/324] RCNS
[11:54:35] [10/324] DCBH
[11:54:35] [11/324] NAGJ
[11:54:36] [12/324] JVRC
[11:54:37] [13/324] KRJG
[11:54:39] [14/324] SRTJ
[11:54:40] [15/324] CMXM
[11:54:41] [16/324] STMI
[11:54:42] [17/324] SLST
[11:54:43] [18/324] DTCN
[11:54:44] [19/324] STYN
[11:54:45] [20/324] SZVR
[11:54:46] [21/324] SRKO
[11:54:47] [22/324] JTGT
[11:54:48] [23/324] SVFD
[11:54:49] [24/324] SISD
[11:54:50] [25/324] ABDD
[11:54:50] [26/324] DRCA
[11:54:51] [27/324] AVCS
[11:54:53] [28/324] MVKH
[11:54:54] [29/324] ACPR
[11:54:55] [30/324] STIP
[11:54:56] [31/324] MTRA
[11:54:57] [32/324] RMKH
[11:54:57] [33/324] NKRL
[11:54:58] [34/324] PCWN
[11:54:59] [35/324] BLMT
[11:55:00] [36/324] GDPG
[11:55:01] [37/324] SRMX
[11:55:01] [38/324] JACP
[11:55:02] [39/324] CPSH
[11:55:04] [40/324] MCCD
[11:55:06] [41/324] ECGH
[11:55:07] [42/324] MKCK
[11:55:07] [43/324] SRMM
[11:55:08] [44/324] SKYR
[11:55:09] [45/324] PCKC
[11:55:10] [46/324] JCMA
[11:55:11] [47/324] BSMP
[11:55:12] [48/324] VSPA
[11:55:13] [49/324] DJYA
[11:55:14] [50/324] DIMP
[11:55:15] [51/324] FXDR
[11:55:16] [52/324] SSRC
[11:55:16] [53/324] STHP
[11:55:17] [54/324] CPPD
[11:55:18] [55/324] FCLK
[11:55:19] [56/324] SCPP
[11:55:20] [57/324] DCMJ
[11:55:21] [58/324] RCCR
[11:55:22] [59/324] INMT
[11:55:23] [60/324] LXTK
[11:55:23] [61/324] SRYK
[11:55:25] [62/324] SGDK
[11:55:26] [63/324] PPKA
[11:55:26] [64/324] SPKA
[11:55:27] [65/324] CGHH
[11:55:28] [66/324] DCJN
[11:55:29] [67/324] SRKV
[11:55:30] [68/324] SAJC
[11:55:31] [69/324] SUSR
[11:55:32] [70/324] STYG
[11:55:34] [71/324] NTKP
[11:55:35] [72/324] AKTG
[11:55:36] [73/324] CGCM
[11:55:37] [74/324] TULC
[11:55:38] [75/324] NYYZ
[11:55:39] [76/324] NYBW
[11:55:40] [77/324] MACB
[11:55:41] [78/324] SLVT
[11:55:41] [79/324] SANA
[11:55:42] [80/324] ACMR
[11:55:43] [81/324] CPKN
[11:55:45] [82/324] DLGK
[11:55:46] [83/324] CWCK
[11:55:47] [84/324] FDDH
[11:55:48] [85/324] MMMD
[11:55:48] [86/324] CMEH
[11:55:49] [87/324] GGGV
[11:55:50] [88/324] SPJL
[11:55:51] [89/324] RCCD
[11:55:53] [90/324] STTZ
[11:55:54] [91/324] BTCF
[11:55:55] [92/324] TSTZ
[11:55:57] [93/324] IPMM
[11:55:58] [94/324] PMPW
[11:55:59] [95/324] PCMZ
[11:56:00] [96/324] ESEM
[11:56:01] [97/324] PIPO
[11:56:02] [98/324] MATK
[11:56:03] [99/324] PGHM
[11:56:03] [100/324] CTSR
[11:56:04] [101/324] CYKR
[11:56:05] [102/324] MSCM
[11:56:07] [103/324] RFNP
[11:56:08] [104/324] PDCP
[11:56:08] [105/324] NPSE
[11:56:09] [106/324] MKML
[11:56:10] [107/324] FTDP
[11:56:11] [108/324] MMXA
[11:56:12] [109/324] CEPO
[11:56:13] [110/324] CMVP
[11:56:14] [111/324] SGTH
[11:56:15] [112/324] SAYN
[11:56:15] [113/324] URVS
[11:56:16] [114/324] VJTN
[11:56:17] [115/324] BBYK
[11:56:18] [116/324] SHBO
[11:56:19] [117/324] VCMR
[11:56:20] [118/324] MACT
[11:56:21] [119/324] JMNP
[11:56:22] [120/324] VICS
[11:56:23] [121/324] VCDA
[11:56:23] [122/324] GCMM
[11:56:25] [123/324] INVS
[11:56:26] [124/324] SCGM
[11:56:27] [125/324] PCDA
[11:56:28] [126/324] KDCT
[11:56:29] [127/324] JACS
[11:56:30] [128/324] GMMC
[11:56:31] [129/324] AICM
[11:56:32] [130/324] TJCM
[11:56:33] [131/324] RMTI
[11:56:34] [132/324] SHAC
[11:56:35] [133/324] APJC
[11:56:35] [134/324] GCTG
[11:56:36] [135/324] SSMC
[11:56:37] [136/324] THRM
[11:56:38] [137/324] RBCT
[11:56:39] [138/324] DIKT
[11:56:40] [139/324] MIDL
[11:56:41] [140/324] VCSN
[11:56:42] [141/324] SKTG
[11:56:43] [142/324] SMWC
[11:56:43] [143/324] MNKH
[11:56:44] [144/324] PIAT
[11:56:45] [145/324] LTTP
[11:56:46] [146/324] PTPU
[11:56:47] [147/324] ACMG
[11:56:48] [148/324] SHMM
[11:56:50] [149/324] MCMN
[11:56:51] [150/324] GLDC
[11:56:51] [151/324] HOUT
[11:56:52] [152/324] SVRP
[11:56:54] [153/324] PVDN
[11:56:55] [154/324] SCPY
[11:56:56] [155/324] DTPY
[11:56:57] [156/324] GKCS
[11:56:57] [157/324] NCAM
[11:56:58] [158/324] BSRM
[11:56:59] [159/324] RCLC
[11:57:00] [160/324] SKKD
[11:57:01] [161/324] ACHU
[11:57:02] [162/324] RSCF
[11:57:03] [163/324] IMSH
[11:57:04] [164/324] MACX
[11:57:04] [165/324] HMMW
[11:57:05] [166/324] JTCP
[11:57:07] [167/324] SREN
[11:57:07] [168/324] PJRR
[11:57:08] [169/324] INAC
[11:57:09] [170/324] BMCA
[11:57:10] [171/324] SHCB
[11:57:11] [172/324] GABA
[11:57:11] [173/324] SBCT
[11:57:13] [174/324] GCMA
[11:57:14] [175/324] MYTK
[11:57:14] [176/324] INZS
[11:57:15] [177/324] RMIK
[11:57:17] [178/324] NYCH
[11:57:18] [179/324] RAVE
[11:57:19] [180/324] PSXM
[11:57:20] [181/324] MCGP
[11:57:21] [182/324] PDDK
[11:57:22] [183/324] SPCK
[11:57:23] [184/324] MCRL
[11:57:23] [185/324] MHKT
[11:57:24] [186/324] ANRR
[11:57:25] [187/324] SAPK
[11:57:27] [188/324] NCUK
[11:57:28] [189/324] JUGA
[11:57:30] [190/324] DBSC
[11:57:31] [191/324] LALK
[11:57:31] [192/324] GUCK
[11:57:33] [193/324] STSG
[11:57:34] [194/324] PPPZ
[11:57:35] [195/324] CNCY
[11:57:36] [196/324] MTAR
[11:57:37] [197/324] VNKD
[11:57:38] [198/324] KMAJ
[11:57:39] [199/324] ACXK
[11:57:40] [200/324] UTKC
[11:57:41] [201/324] PBLK
[11:57:42] [202/324] ACBX
[11:57:42] [203/324] PTGM
[11:57:43] [204/324] BTDA
[11:57:45] [205/324] PJMB
[11:57:47] [206/324] TPDA
[11:57:48] [207/324] AMOE
[11:57:48] [208/324] PRHT
[11:57:49] [209/324] PRTA
[11:57:50] [210/324] STAM
[11:57:51] [211/324] MSAA
[11:57:52] [212/324] SDLU
[11:57:53] [213/324] RCHH
[11:57:54] [214/324] KANT
[11:57:55] [215/324] FCRT
[11:57:56] [216/324] DNKM
[11:57:57] [217/324] RYCP
[11:57:57] [218/324] MYRP
[11:57:58] [219/324] PPAK
[11:57:59] [220/324] NVPK
[11:58:00] [221/324] PRMC
[11:58:01] [222/324] JBCS
[11:58:02] [223/324] GXCK
[11:58:02] [224/324] USKO
[11:58:03] [225/324] GTEM
[11:58:05] [226/324] SMBU
[11:58:06] [227/324] VETC
[11:58:07] [228/324] LCDA
[11:58:08] [229/324] MTVT
[11:58:09] [230/324] PYCP
[11:58:09] [231/324] PNSC
[11:58:10] [232/324] PPCC
[11:58:11] [233/324] TGRT
[11:58:12] [234/324] JYOT
[11:58:13] [235/324] SRCZ
[11:58:14] [236/324] SJTE
[11:58:15] [237/324] DESC
[11:58:16] [238/324] JHVN
[11:58:16] [239/324] IPSG
[11:58:17] [240/324] IPCM
[11:58:18] [241/324] PDRS
[11:58:19] [242/324] ANCV
[11:58:20] [243/324] CMVV
[11:58:21] [244/324] SHYP
[11:58:21] [245/324] DNCS
[11:58:22] [246/324] GAJK
[11:58:23] [247/324] AKTN
[11:58:24] [248/324] KAYA
[11:58:25] [249/324] SBRC
[11:58:27] [250/324] CHTP
[11:58:28] [251/324] SHRT
[11:58:28] [252/324] BCKU
[11:58:29] [253/324] FCPS
[11:58:30] [254/324] ARDD
[11:58:31] [255/324] CPCM
[11:58:33] [256/324] CGSM
[11:58:33] [257/324] PSMP
[11:58:34] [258/324] SDAL
[11:58:35] [259/324] RTNB
[11:58:35] [260/324] LMCR
[11:58:36] [261/324] CIMA
[11:58:37] [262/324] RNAS
[11:58:38] [263/324] LITH
[11:58:39] [264/324] PBOX
[11:58:40] [265/324] FRTS
[11:58:41] [266/324] RKIC
[11:58:42] [267/324] PTAI
[11:58:43] [268/324] GCIC
[11:58:43] [269/324] FNAS
[11:58:44] [270/324] SCAR
[11:58:45] [271/324] MTCA
[11:58:46] [272/324] SCTS
[11:58:47] [273/324] SYCS
[11:58:48] [274/324] RDMS
[11:58:49] [275/324] KAMP
[11:58:50] [276/324] ERSD
[11:58:51] [277/324] MJMJ
[11:58:52] [278/324] SRCJ
[11:58:53] [279/324] SCXE
[11:58:54] [280/324] SVFR
[11:58:55] [281/324] BHCS
[11:58:55] [282/324] IMCC
[11:58:56] [283/324] PCBO
[11:58:57] [284/324] PRVN
[11:58:58] [285/324] AUPM
[11:58:59] [286/324] INBW
[11:59:00] [287/324] SVCW
[11:59:01] [288/324] RKCF
[11:59:02] [289/324] UVBH
[11:59:02] [290/324] DNCY
[11:59:03] [291/324] ABCN
[11:59:04] [292/324] PRUR
[11:59:05] [293/324] PFMR
[11:59:06] [294/324] RKCN
[11:59:07] [295/324] CFEA
[11:59:07] [296/324] SDBG
[11:59:08] [297/324] SNAR
[11:59:09] [298/324] YISI
[11:59:10] [299/324] JCFF
[11:59:11] [300/324] VTRK
[11:59:11] [301/324] PCLZ
[11:59:12] [302/324] DIMY
[11:59:13] [303/324] BBTS
[11:59:14] [304/324] GATH
[11:59:15] [305/324] GTMN
[11:59:16] [306/324] VTMH
[11:59:17] [307/324] CCKP
[11:59:18] [308/324] GPKA
[11:59:19] [309/324] MHCL
[11:59:20] [310/324] ATCL
[11:59:21] [311/324] SBCK
[11:59:22] [312/324] AMMR
[11:59:23] [313/324] MADC
[11:59:24] [314/324] TMMA
[11:59:24] [315/324] CACC
[11:59:25] [316/324] CHAL
[11:59:26] [317/324] DURG
[11:59:28] [318/324] GMKU
[11:59:29] [319/324] GECA
[11:59:30] [320/324] KYRR
[11:59:31] [321/324] KSDE
[11:59:32] [322/324] LMCI
[11:59:32] [323/324] NKCP
[11:59:33] [324/324] BGTC
[11:59:35] 🧹 Deduping shows
[11:59:35] ✅ DONE | Shows=256 | Movies=21
