[10:12:18] 🚀 SCRIPT STARTED
[10:12:18] [1/445] TGMR
[10:12:18] 🧠 New identity created
[10:12:19] [2/445] CXKR
[10:12:20] [3/445] SROP
[10:12:21] [4/445] GTSV
[10:12:21] [5/445] SNTY
[10:12:22] [6/445] SMYY
[10:12:23] [7/445] CNCS
[10:12:24] [8/445] CSTM
[10:12:25] [9/445] NUCD
[10:12:26] [10/445] SHCZ
[10:12:27] [11/445] NJCT
[10:12:28] [12/445] COPC
[10:12:29] [13/445] STVV
[10:12:30] [14/445] SKRN
[10:12:31] [15/445] APPZ
[10:12:31] [16/445] YMGN
[10:12:32] [17/445] SVTU
[10:12:33] [18/445] GTAD
[10:12:34] [19/445] PSUS
[10:12:35] [20/445] SMCD
[10:12:36] [21/445] CMCM
[10:12:37] [22/445] SYCT
[10:12:38] [23/445] STLY
[10:12:39] [24/445] CMHU
[10:12:40] [25/445] CMSA
[10:12:40] [26/445] CLCU
[10:12:41] [27/445] PPNT
[10:12:42] [28/445] JTAB
[10:12:43] [29/445] BUUC
[10:12:44] [30/445] BSVK
[10:12:45] [31/445] VVVQ
[10:12:46] [32/445] TKMU
[10:12:47] [33/445] ESYL
[10:12:48] [34/445] ACHP
[10:12:49] [35/445] BTKD
[10:12:49] [36/445] DESA
[10:12:50] [37/445] GBCT
[10:12:51] [38/445] BLLD
[10:12:52] [39/445] SKNT
[10:12:53] [40/445] SSTE
[10:12:54] [41/445] VJMR
[10:12:55] [42/445] NTPU
[10:12:56] [43/445] RDKN
[10:12:57] [44/445] ADGC
[10:12:57] [45/445] VRBP
[10:12:58] [46/445] NMNA
[10:12:59] [47/445] CMMX
[10:13:00] [48/445] PTKO
[10:13:00] [49/445] RBML
[10:13:02] [50/445] SAIC
[10:13:03] [51/445] SVTJ
[10:13:04] [52/445] MRTE
[10:13:05] [53/445] RBTP
[10:13:06] [54/445] NLPS
[10:13:07] [55/445] GTNA
[10:13:08] [56/445] DGGC
[10:13:09] [57/445] SMCR
[10:13:10] [58/445] SCGD
[10:13:10] [59/445] SRRJ
[10:13:11] [60/445] CNRY
[10:13:12] [61/445] KTDI
[10:13:13] [62/445] SNJL
[10:13:14] [63/445] RKMD
[10:13:14] [64/445] SMDC
[10:13:15] [65/445] TADG
[10:13:16] [66/445] MCGS
[10:13:17] [67/445] PETK
[10:13:18] [68/445] CHAG
[10:13:19] [69/445] KSTL
[10:13:20] [70/445] AADS
[10:13:20] [71/445] NTHZ
[10:13:22] [72/445] HCKI
[10:13:23] [73/445] SSEF
[10:13:24] [74/445] MCGX
[10:13:25] [75/445] ERRA
[10:13:26] [76/445] SDTW
[10:13:26] [77/445] RMPK
[10:13:27] [78/445] PTHK
[10:13:28] [79/445] PXCS
[10:13:29] [80/445] SVLU
[10:13:30] [81/445] STAH
[10:13:31] [82/445] JRGF
[10:13:32] [83/445] CDOK
[10:13:33] [84/445] CMSG
[10:13:33] [85/445] APTD
[10:13:35] [86/445] KMPG
[10:13:36] [87/445] MUTJ
[10:13:36] [88/445] VCCI
[10:13:37] [89/445] URBE
[10:13:38] [90/445] TCTS
[10:13:39] [91/445] STSN
[10:13:40] [92/445] AKCH
[10:13:41] [93/445] APSC
[10:13:41] [94/445] VLTB
[10:13:42] [95/445] SANU
[10:13:44] [96/445] AXAM
[10:13:45] [97/445] MGMG
[10:13:46] [98/445] HTBY
[10:13:47] [99/445] MMZS
[10:13:48] [100/445] SUDR
[10:13:49] [101/445] CCAD
[10:13:50] [102/445] SKKC
[10:13:51] [103/445] RMCD
[10:13:53] [104/445] SBCQ
[10:13:54] [105/445] DCCT
[10:13:55] [106/445] VTKP
[10:13:56] [107/445] MLAM
[10:13:57] [108/445] SAVT
[10:13:57] [109/445] GEPL
[10:13:58] [110/445] AMCD
[10:13:59] [111/445] CCXR
[10:14:00] [112/445] GRNG
[10:14:01] [113/445] EBCA
[10:14:02] [114/445] CNVG
[10:14:03] [115/445] MWSS
[10:14:04] [116/445] VBOR
[10:14:05] [117/445] NEEB
[10:14:05] [118/445] SUTH
[10:14:06] [119/445] ANDB
[10:14:07] [120/445] MMXS
[10:14:08] [121/445] CNPD
[10:14:09] [122/445] SDCE
[10:14:10] [123/445] DHCB
[10:14:11] [124/445] ODEN
[10:14:11] [125/445] TNTC
[10:14:12] [126/445] VBKM
[10:14:14] [127/445] RZYM
[10:14:15] [128/445] JEMC
[10:14:15] [129/445] CMAU
[10:14:16] [130/445] SIVP
[10:14:17] [131/445] ATAG
[10:14:18] [132/445] CHTM
[10:14:19] [133/445] AAEE
[10:14:20] [134/445] IWPM
[10:14:20] [135/445] KCMW
[10:14:21] [136/445] MCTD
[10:14:22] [137/445] SPWR
[10:14:23] [138/445] SDPO
[10:14:24] [139/445] PCSK
[10:14:25] [140/445] ACHV
[10:14:25] [141/445] SVLA
[10:14:26] [142/445] PICT
[10:14:27] [143/445] BXDR
[10:14:28] [144/445] SPWA
[10:14:28] [145/445] MCKO
[10:14:29] [146/445] RTHK
[10:14:30] [147/445] CCMF
[10:14:31] [148/445] MRGB
[10:14:32] [149/445] CPLC
[10:14:33] [150/445] RACD
[10:14:34] [151/445] ATKT
[10:14:34] [152/445] SARN
[10:14:35] [153/445] KKUI
[10:14:36] [154/445] RGCM
[10:14:37] [155/445] BRVP
[10:14:38] [156/445] HRSR
[10:14:39] [157/445] GKGM
[10:14:40] [158/445] TTCD
[10:14:40] [159/445] PTTI
[10:14:41] [160/445] MPTT
[10:14:42] [161/445] CVTT
[10:14:43] [162/445] PCXD
[10:14:44] [163/445] GCDC
[10:14:44] [164/445] CCCF
[10:14:45] [165/445] MRAD
[10:14:46] [166/445] CPLK
[10:14:47] [167/445] SATB
[10:14:48] [168/445] SNVG
[10:14:49] [169/445] JMBA
[10:14:50] [170/445] TEJA
[10:14:51] [171/445] STYO
[10:14:52] [172/445] JTBP
[10:14:53] [173/445] KRGD
[10:14:54] [174/445] SLJJ
[10:14:55] [175/445] SPTJ
[10:14:55] [176/445] SWJG
[10:14:56] [177/445] LKRT
[10:14:57] [178/445] KCKA
[10:14:58] [179/445] SNCR
[10:14:58] [180/445] SMKL
[10:14:59] [181/445] GCFA
[10:15:00] [182/445] DDCK
[10:15:01] [183/445] NCHJ
[10:15:01] [184/445] RDMA
[10:15:02] [185/445] SVSV
[10:15:03] [186/445] SCJG
[10:15:04] [187/445] VKLP
[10:15:05] [188/445] NWCC
[10:15:06] [189/445] VKNS
[10:15:07] [190/445] SDDP
[10:15:07] [191/445] ACSI
[10:15:08] [192/445] SATG
[10:15:09] [193/445] SCMW
[10:15:10] [194/445] LKTK
[10:15:11] [195/445] VCKV
[10:15:12] [196/445] KKPE
[10:15:13] [197/445] KIGH
[10:15:14] [198/445] SRPM
[10:15:14] [199/445] SCAH
[10:15:15] [200/445] MUTA
[10:15:16] [201/445] SEPU
[10:15:17] [202/445] INOA
[10:15:18] [203/445] BASK
[10:15:20] [204/445] NECB
[10:15:21] [205/445] GTTG
[10:15:21] [206/445] ASSA
[10:15:23] [207/445] ANCL
[10:15:24] [208/445] GCTI
[10:15:25] [209/445] RCTS
[10:15:26] [210/445] ACNL
[10:15:27] [211/445] MYCT
[10:15:28] [212/445] NMHT
[10:15:29] [213/445] MDIT
[10:15:30] [214/445] LATG
[10:15:31] [215/445] SMTY
[10:15:31] [216/445] CVCT
[10:15:32] [217/445] RAMB
[10:15:33] [218/445] TGMS
[10:15:35] [219/445] BHEL
[10:15:35] [220/445] SHCT
[10:15:36] [221/445] SVCT
[10:15:37] [222/445] MRIY
[10:15:38] [223/445] SARO
[10:15:39] [224/445] STCT
[10:15:40] [225/445] JKKC
[10:15:40] [226/445] PLTT
[10:15:41] [227/445] SRNT
[10:15:42] [228/445] YAST
[10:15:43] [229/445] PERL
[10:15:43] [230/445] CICM
[10:15:44] [231/445] MMTR
[10:15:45] [232/445] ABTK
[10:15:46] [233/445] ATYY
[10:15:47] [234/445] ASTK
[10:15:48] [235/445] VVCK
[10:15:49] [236/445] ATKY
[10:15:50] [237/445] GWEK
[10:15:51] [238/445] SVFH
[10:15:52] [239/445] SLTA
[10:15:53] [240/445] AASH
[10:15:54] [241/445] ACXB
[10:15:55] [242/445] SMTX
[10:15:56] [243/445] AZDH
[10:15:56] [244/445] CMMH
[10:15:57] [245/445] SCSZ
[10:15:58] [246/445] SCKP
[10:15:59] [247/445] NXTM
[10:16:00] [248/445] NWCS
[10:16:01] [249/445] CXMH
[10:16:02] [250/445] PCMA
[10:16:03] [251/445] SGCM
[10:16:04] [252/445] SDTU
[10:16:05] [253/445] MMVI
[10:16:06] [254/445] JKCM
[10:16:07] [255/445] VCMM
[10:16:08] [256/445] SYEE
[10:16:09] [257/445] VASD
[10:16:10] [258/445] BDRB
[10:16:11] [259/445] LASM
[10:16:13] [260/445] DCRL
[10:16:14] [261/445] DVPM
[10:16:14] [262/445] SBMJ
[10:16:15] [263/445] CBMU
[10:16:16] [264/445] IUBS
[10:16:17] [265/445] INAP
[10:16:18] [266/445] SRRC
[10:16:19] [267/445] SAGR
[10:16:20] [268/445] CPMJ
[10:16:21] [269/445] ATJL
[10:16:22] [270/445] NNTD
[10:16:23] [271/445] JHCJ
[10:16:24] [272/445] CMMP
[10:16:25] [273/445] RSDR
[10:16:26] [274/445] AMTI
[10:16:26] [275/445] NYSG
[10:16:27] [276/445] AVSG
[10:16:28] [277/445] SYTP
[10:16:29] [278/445] LARC
[10:16:29] [279/445] RJTP
[10:16:30] [280/445] LAKC
[10:16:31] [281/445] MCXE
[10:16:31] [282/445] CCZC
[10:16:33] [283/445] AVCH
[10:16:34] [284/445] CMBE
[10:16:35] [285/445] MRRC
[10:16:36] [286/445] PCPY
[10:16:36] [287/445] SRMH
[10:16:37] [288/445] SVGS
[10:16:38] [289/445] PCSE
[10:16:39] [290/445] SVFT
[10:16:40] [291/445] TNZP
[10:16:41] [292/445] ICTP
[10:16:42] [293/445] ACTZ
[10:16:43] [294/445] GTUR
[10:16:43] [295/445] MAFC
[10:16:44] [296/445] MINL
[10:16:45] [297/445] MRCL
[10:16:45] [298/445] RCRP
[10:16:46] [299/445] RFFG
[10:16:47] [300/445] RMAS
[10:16:48] [301/445] INVR
[10:16:49] [302/445] RMAR
[10:16:50] [303/445] CNIS
[10:16:51] [304/445] RHRJ
[10:16:53] [305/445] INXR
[10:16:53] [306/445] VALT
[10:16:54] [307/445] LCSH
[10:16:55] [308/445] CMVS
[10:16:56] [309/445] CNMS
[10:16:57] [310/445] ROOG
[10:16:58] [311/445] ISRM
[10:16:59] [312/445] RCRM
[10:16:59] [313/445] ACJA
[10:17:01] [314/445] RCVS
[10:17:02] [315/445] CPUS
[10:17:02] [316/445] TGCS
[10:17:03] [317/445] RKCJ
[10:17:05] [318/445] MKSB
[10:17:06] [319/445] TCSJ
[10:17:06] [320/445] RMGP
[10:17:07] [321/445] CLLP
[10:17:08] [322/445] RCMV
[10:17:08] [323/445] CCKS
[10:17:09] [324/445] RSRP
[10:17:10] [325/445] APLP
[10:17:11] [326/445] CNVS
[10:17:12] [327/445] RMVY
[10:17:13] [328/445] PGBD
[10:17:13] [329/445] KLMS
[10:17:14] [330/445] RUST
[10:17:15] [331/445] MASM
[10:17:16] [332/445] BACS
[10:17:17] [333/445] BWST
[10:17:18] [334/445] RRFH
[10:17:19] [335/445] SJTM
[10:17:19] [336/445] BEMR
[10:17:20] [337/445] MCGR
[10:17:21] [338/445] SDSK
[10:17:22] [339/445] VBOL
[10:17:23] [340/445] RMGM
[10:17:24] [341/445] NOPL
[10:17:25] [342/445] MKJK
[10:17:26] [343/445] CVRN
[10:17:27] [344/445] MMEN
[10:17:27] [345/445] AMNG
[10:17:29] [346/445] INTM
[10:17:30] [347/445] SLCZ
[10:17:31] [348/445] AMJN
[10:17:31] [349/445] ACJN
[10:17:33] [350/445] AMKN
[10:17:34] [351/445] BTCN
[10:17:34] [352/445] AMBT
[10:17:35] [353/445] PACN
[10:17:36] [354/445] LCNS
[10:17:37] [355/445] PPKC
[10:17:38] [356/445] JYYN
[10:17:39] [357/445] JTNR
[10:17:40] [358/445] GTEE
[10:17:41] [359/445] SRNM
[10:17:42] [360/445] SDTC
[10:17:42] [361/445] VPCA
[10:17:43] [362/445] VLRA
[10:17:44] [363/445] SHKR
[10:17:45] [364/445] SBKD
[10:17:45] [365/445] SAAD
[10:17:46] [366/445] JTGN
[10:17:47] [367/445] SLAM
[10:17:48] [368/445] VTPM
[10:17:49] [369/445] ANPT
[10:17:50] [370/445] PUNB
[10:17:51] [371/445] CPKT
[10:17:52] [372/445] CNWE
[10:17:53] [373/445] ECPP
[10:17:54] [374/445] CPAR
[10:17:55] [375/445] ESBW
[10:17:57] [376/445] PKPU
[10:17:58] [377/445] CPRP
[10:17:58] [378/445] RAHU
[10:17:59] [379/445] RHMN
[10:18:00] [380/445] FMJP
[10:18:01] [381/445] CTMP
[10:18:02] [382/445] INPN
[10:18:03] [383/445] STTG
[10:18:04] [384/445] CTRD
[10:18:04] [385/445] PUVB
[10:18:05] [386/445] ESVP
[10:18:06] [387/445] CPFT
[10:18:07] [388/445] LCPC
[10:18:07] [389/445] VBCT
[10:18:08] [390/445] FSCW
[10:18:09] [391/445] VCMP
[10:18:10] [392/445] ASHC
[10:18:11] [393/445] VLCX
[10:18:11] [394/445] SHEV
[10:18:12] [395/445] APCO
[10:18:13] [396/445] SILC
[10:18:14] [397/445] SNMR
[10:18:15] [398/445] KYBO
[10:18:16] [399/445] SATK
[10:18:17] [400/445] SSCS
[10:18:18] [401/445] CLSB
[10:18:18] [402/445] KMJR
[10:18:19] [403/445] FSCK
[10:18:20] [404/445] NNKA
[10:18:21] [405/445] CLMK
[10:18:22] [406/445] DMPZ
[10:18:23] [407/445] INQM
[10:18:24] [408/445] CAML
[10:18:24] [409/445] INRK
[10:18:25] [410/445] IMKN
[10:18:26] [411/445] SVNR
[10:18:27] [412/445] INSL
[10:18:27] [413/445] MSMA
[10:18:28] [414/445] MCKK
[10:18:29] [415/445] FCHP
[10:18:30] [416/445] SFCR
[10:18:31] [417/445] NACK
[10:18:32] [418/445] PVAK
[10:18:33] [419/445] INER
[10:18:33] [420/445] RDBK
[10:18:34] [421/445] SVFN
[10:18:35] [422/445] IFRM
[10:18:36] [423/445] ATCK
[10:18:37] [424/445] ASKO
[10:18:37] [425/445] STKT
[10:18:38] [426/445] SVFB
[10:18:39] [427/445] INKS
[10:18:40] [428/445] PCRA
[10:18:41] [429/445] ATJA
[10:18:42] [430/445] IMJN
[10:18:43] [431/445] INHD
[10:18:43] [432/445] BARA
[10:18:44] [433/445] MCSL
[10:18:46] [434/445] RTOY
[10:18:46] [435/445] MENO
[10:18:47] [436/445] PUDM
[10:18:48] [437/445] PRCN
[10:18:49] [438/445] JMJR
[10:18:50] [439/445] SSGK
[10:18:50] [440/445] SSRL
[10:18:51] [441/445] JYKL
[10:18:52] [442/445] ACNB
[10:18:53] [443/445] SONP
[10:18:54] [444/445] EMCI
[10:18:55] [445/445] MRJH
[10:18:56] 🧹 Deduping shows
[10:18:56] ✅ DONE | Shows=39 | Movies=4
[16:41:58] 🚀 SCRIPT STARTED
[16:41:58] [1/445] TGMR
[16:41:59] 🧠 New identity created
[16:42:00] [2/445] CXKR
[16:42:00] [3/445] SROP
[16:42:01] [4/445] GTSV
[16:42:02] [5/445] SNTY
[16:42:03] [6/445] SMYY
[16:42:04] [7/445] CNCS
[16:42:05] [8/445] CSTM
[16:42:06] [9/445] NUCD
[16:42:07] [10/445] SHCZ
[16:42:08] [11/445] NJCT
[16:42:09] [12/445] COPC
[16:42:10] [13/445] STVV
[16:42:11] [14/445] SKRN
[16:42:12] [15/445] APPZ
[16:42:12] [16/445] YMGN
[16:42:13] [17/445] SVTU
[16:42:14] [18/445] GTAD
[16:42:15] [19/445] PSUS
[16:42:16] [20/445] SMCD
[16:42:17] [21/445] CMCM
[16:42:18] [22/445] SYCT
[16:42:19] [23/445] STLY
[16:42:20] [24/445] CMHU
[16:42:21] [25/445] CMSA
[16:42:22] [26/445] CLCU
[16:42:23] [27/445] PPNT
[16:42:24] [28/445] JTAB
[16:42:25] [29/445] BUUC
[16:42:26] [30/445] BSVK
[16:42:27] [31/445] VVVQ
[16:42:28] [32/445] TKMU
[16:42:28] [33/445] ESYL
[16:42:29] [34/445] ACHP
[16:42:30] [35/445] BTKD
[16:42:31] [36/445] DESA
[16:42:32] [37/445] GBCT
[16:42:33] [38/445] BLLD
[16:42:34] [39/445] SKNT
[16:42:35] [40/445] SSTE
[16:42:36] [41/445] VJMR
[16:42:37] [42/445] NTPU
[16:42:38] [43/445] RDKN
[16:42:39] [44/445] ADGC
[16:42:40] [45/445] VRBP
[16:42:41] [46/445] NMNA
[16:42:41] [47/445] CMMX
[16:42:42] [48/445] PTKO
[16:42:43] [49/445] RBML
[16:42:44] [50/445] SAIC
[16:42:45] [51/445] SVTJ
[16:42:45] [52/445] MRTE
[16:42:47] [53/445] RBTP
[16:42:48] [54/445] NLPS
[16:42:49] [55/445] GTNA
[16:42:50] [56/445] DGGC
[16:42:51] [57/445] SMCR
[16:42:52] [58/445] SCGD
[16:42:52] [59/445] SRRJ
[16:42:53] [60/445] CNRY
[16:42:54] [61/445] KTDI
[16:42:55] [62/445] SNJL
[16:42:56] [63/445] RKMD
[16:42:56] [64/445] SMDC
[16:42:57] [65/445] TADG
[16:42:58] [66/445] MCGS
[16:42:59] [67/445] PETK
[16:43:00] [68/445] CHAG
[16:43:01] [69/445] KSTL
[16:43:02] [70/445] AADS
[16:43:03] [71/445] NTHZ
[16:43:04] [72/445] HCKI
[16:43:05] [73/445] SSEF
[16:43:06] [74/445] MCGX
[16:43:07] [75/445] ERRA
[16:43:08] [76/445] SDTW
[16:43:09] [77/445] RMPK
[16:43:10] [78/445] PTHK
[16:43:11] [79/445] PXCS
[16:43:12] [80/445] SVLU
[16:43:13] [81/445] STAH
[16:43:14] [82/445] JRGF
[16:43:16] [83/445] CDOK
[16:43:17] [84/445] CMSG
[16:43:18] [85/445] APTD
[16:43:19] [86/445] KMPG
[16:43:20] [87/445] MUTJ
[16:43:20] [88/445] VCCI
[16:43:21] [89/445] URBE
[16:43:22] [90/445] TCTS
[16:43:23] [91/445] STSN
[16:43:25] [92/445] AKCH
[16:43:26] [93/445] APSC
[16:43:26] [94/445] VLTB
[16:43:27] [95/445] SANU
[16:43:28] [96/445] AXAM
[16:43:29] [97/445] MGMG
[16:43:30] [98/445] HTBY
[16:43:31] [99/445] MMZS
[16:43:32] [100/445] SUDR
[16:43:33] [101/445] CCAD
[16:43:34] [102/445] SKKC
[16:43:35] [103/445] RMCD
[16:43:36] [104/445] SBCQ
[16:43:37] [105/445] DCCT
[16:43:39] [106/445] VTKP
[16:43:40] [107/445] MLAM
[16:43:41] [108/445] SAVT
[16:43:42] [109/445] GEPL
[16:43:43] [110/445] AMCD
[16:43:44] [111/445] CCXR
[16:43:44] [112/445] GRNG
[16:43:45] [113/445] EBCA
[16:43:46] [114/445] CNVG
[16:43:47] [115/445] MWSS
[16:43:48] [116/445] VBOR
[16:43:49] [117/445] NEEB
[16:43:49] [118/445] SUTH
[16:43:50] [119/445] ANDB
[16:43:51] [120/445] MMXS
[16:43:52] [121/445] CNPD
[16:43:53] [122/445] SDCE
[16:43:54] [123/445] DHCB
[16:43:55] [124/445] ODEN
[16:43:56] [125/445] TNTC
[16:43:57] [126/445] VBKM
[16:43:58] [127/445] RZYM
[16:43:59] [128/445] JEMC
[16:44:00] [129/445] CMAU
[16:44:01] [130/445] SIVP
[16:44:01] [131/445] ATAG
[16:44:02] [132/445] CHTM
[16:44:03] [133/445] AAEE
[16:44:04] [134/445] IWPM
[16:44:06] [135/445] KCMW
[16:44:08] [136/445] MCTD
[16:44:08] [137/445] SPWR
[16:44:09] [138/445] SDPO
[16:44:10] [139/445] PCSK
[16:44:11] [140/445] ACHV
[16:44:11] [141/445] SVLA
[16:44:13] [142/445] PICT
[16:44:14] [143/445] BXDR
[16:44:15] [144/445] SPWA
[16:44:16] [145/445] MCKO
[16:44:17] [146/445] RTHK
[16:44:18] [147/445] CCMF
[16:44:19] [148/445] MRGB
[16:44:19] [149/445] CPLC
[16:44:21] [150/445] RACD
[16:44:22] [151/445] ATKT
[16:44:23] [152/445] SARN
[16:44:24] [153/445] KKUI
[16:44:25] [154/445] RGCM
[16:44:26] [155/445] BRVP
[16:44:26] [156/445] HRSR
[16:44:27] [157/445] GKGM
[16:44:28] [158/445] TTCD
[16:44:29] [159/445] PTTI
[16:44:30] [160/445] MPTT
[16:44:31] [161/445] CVTT
[16:44:32] [162/445] PCXD
[16:44:33] [163/445] GCDC
[16:44:33] [164/445] CCCF
[16:44:34] [165/445] MRAD
[16:44:35] [166/445] CPLK
[16:44:36] [167/445] SATB
[16:44:38] [168/445] SNVG
[16:44:38] [169/445] JMBA
[16:44:39] [170/445] TEJA
[16:44:40] [171/445] STYO
[16:44:42] [172/445] JTBP
[16:44:43] [173/445] KRGD
[16:44:44] [174/445] SLJJ
[16:44:44] [175/445] SPTJ
[16:44:45] [176/445] SWJG
[16:44:46] [177/445] LKRT
[16:44:47] [178/445] KCKA
[16:44:48] [179/445] SNCR
[16:44:49] [180/445] SMKL
[16:44:49] [181/445] GCFA
[16:44:51] [182/445] DDCK
[16:44:51] [183/445] NCHJ
[16:44:52] [184/445] RDMA
[16:44:53] [185/445] SVSV
[16:44:55] [186/445] SCJG
[16:44:56] [187/445] VKLP
[16:44:56] [188/445] NWCC
[16:44:57] [189/445] VKNS
[16:44:58] [190/445] SDDP
[16:44:59] [191/445] ACSI
[16:45:00] [192/445] SATG
[16:45:01] [193/445] SCMW
[16:45:02] [194/445] LKTK
[16:45:02] [195/445] VCKV
[16:45:03] [196/445] KKPE
[16:45:05] [197/445] KIGH
[16:45:06] [198/445] SRPM
[16:45:07] [199/445] SCAH
[16:45:08] [200/445] MUTA
[16:45:09] [201/445] SEPU
[16:45:09] [202/445] INOA
[16:45:10] [203/445] BASK
[16:45:11] [204/445] NECB
[16:45:12] [205/445] GTTG
[16:45:13] [206/445] ASSA
[16:45:13] [207/445] ANCL
[16:45:14] [208/445] GCTI
[16:45:15] [209/445] RCTS
[16:45:16] [210/445] ACNL
[16:45:16] [211/445] MYCT
[16:45:17] [212/445] NMHT
[16:45:18] [213/445] MDIT
[16:45:19] [214/445] LATG
[16:45:20] [215/445] SMTY
[16:45:21] [216/445] CVCT
[16:45:22] [217/445] RAMB
[16:45:22] [218/445] TGMS
[16:45:24] [219/445] BHEL
[16:45:25] [220/445] SHCT
[16:45:26] [221/445] SVCT
[16:45:27] [222/445] MRIY
[16:45:28] [223/445] SARO
[16:45:29] [224/445] STCT
[16:45:30] [225/445] JKKC
[16:45:31] [226/445] PLTT
[16:45:32] [227/445] SRNT
[16:45:34] [228/445] YAST
[16:45:35] [229/445] PERL
[16:45:35] [230/445] CICM
[16:45:36] [231/445] MMTR
[16:45:37] [232/445] ABTK
[16:45:38] [233/445] ATYY
[16:45:39] [234/445] ASTK
[16:45:40] [235/445] VVCK
[16:45:41] [236/445] ATKY
[16:45:42] [237/445] GWEK
[16:45:43] [238/445] SVFH
[16:45:43] [239/445] SLTA
[16:45:44] [240/445] AASH
[16:45:46] [241/445] ACXB
[16:45:47] [242/445] SMTX
[16:45:48] [243/445] AZDH
[16:45:48] [244/445] CMMH
[16:45:49] [245/445] SCSZ
[16:45:50] [246/445] SCKP
[16:45:51] [247/445] NXTM
[16:45:52] [248/445] NWCS
[16:45:52] [249/445] CXMH
[16:45:53] [250/445] PCMA
[16:45:54] [251/445] SGCM
[16:45:55] [252/445] SDTU
[16:45:57] [253/445] MMVI
[16:45:57] [254/445] JKCM
[16:45:58] [255/445] VCMM
[16:45:59] [256/445] SYEE
[16:46:00] [257/445] VASD
[16:46:01] [258/445] BDRB
[16:46:03] [259/445] LASM
[16:46:04] [260/445] DCRL
[16:46:05] [261/445] DVPM
[16:46:06] [262/445] SBMJ
[16:46:06] [263/445] CBMU
[16:46:07] [264/445] IUBS
[16:46:08] [265/445] INAP
[16:46:09] [266/445] SRRC
[16:46:10] [267/445] SAGR
[16:46:11] [268/445] CPMJ
[16:46:11] [269/445] ATJL
[16:46:12] [270/445] NNTD
[16:46:13] [271/445] JHCJ
[16:46:14] [272/445] CMMP
[16:46:15] [273/445] RSDR
[16:46:16] [274/445] AMTI
[16:46:17] [275/445] NYSG
[16:46:17] [276/445] AVSG
[16:46:18] [277/445] SYTP
[16:46:19] [278/445] LARC
[16:46:20] [279/445] RJTP
[16:46:21] [280/445] LAKC
[16:46:22] [281/445] MCXE
[16:46:23] [282/445] CCZC
[16:46:24] [283/445] AVCH
[16:46:25] [284/445] CMBE
[16:46:25] [285/445] MRRC
[16:46:27] [286/445] PCPY
[16:46:27] [287/445] SRMH
[16:46:28] [288/445] SVGS
[16:46:30] [289/445] PCSE
[16:46:31] [290/445] SVFT
[16:46:32] [291/445] TNZP
[16:46:33] [292/445] ICTP
[16:46:34] [293/445] ACTZ
[16:46:35] [294/445] GTUR
[16:46:36] [295/445] MAFC
[16:46:37] [296/445] MINL
[16:46:37] [297/445] MRCL
[16:46:38] [298/445] RCRP
[16:46:39] [299/445] RFFG
[16:46:41] [300/445] RMAS
[16:46:41] [301/445] INVR
[16:46:42] [302/445] RMAR
[16:46:43] [303/445] CNIS
[16:46:44] [304/445] RHRJ
[16:46:45] [305/445] INXR
[16:46:46] [306/445] VALT
[16:46:47] [307/445] LCSH
[16:46:48] [308/445] CMVS
[16:46:49] [309/445] CNMS
[16:46:50] [310/445] ROOG
[16:46:51] [311/445] ISRM
[16:46:52] [312/445] RCRM
[16:46:54] [313/445] ACJA
[16:46:55] [314/445] RCVS
[16:46:56] [315/445] CPUS
[16:46:57] [316/445] TGCS
[16:46:57] [317/445] RKCJ
[16:46:58] [318/445] MKSB
[16:46:59] [319/445] TCSJ
[16:47:00] [320/445] RMGP
[16:47:01] [321/445] CLLP
[16:47:02] [322/445] RCMV
[16:47:02] [323/445] CCKS
[16:47:03] [324/445] RSRP
[16:47:04] [325/445] APLP
[16:47:05] [326/445] CNVS
[16:47:06] [327/445] RMVY
[16:47:07] [328/445] PGBD
[16:47:08] [329/445] KLMS
[16:47:09] [330/445] RUST
[16:47:10] [331/445] MASM
[16:47:11] [332/445] BACS
[16:47:11] [333/445] BWST
[16:47:12] [334/445] RRFH
[16:47:13] [335/445] SJTM
[16:47:15] [336/445] BEMR
[16:47:16] [337/445] MCGR
[16:47:16] [338/445] SDSK
[16:47:17] [339/445] VBOL
[16:47:18] [340/445] RMGM
[16:47:19] [341/445] NOPL
[16:47:20] [342/445] MKJK
[16:47:21] [343/445] CVRN
[16:47:21] [344/445] MMEN
[16:47:22] [345/445] AMNG
[16:47:24] [346/445] INTM
[16:47:24] [347/445] SLCZ
[16:47:26] [348/445] AMJN
[16:47:27] [349/445] ACJN
[16:47:28] [350/445] AMKN
[16:47:29] [351/445] BTCN
[16:47:30] [352/445] AMBT
[16:47:31] [353/445] PACN
[16:47:31] [354/445] LCNS
[16:47:32] [355/445] PPKC
[16:47:34] [356/445] JYYN
[16:47:35] [357/445] JTNR
[16:47:36] [358/445] GTEE
[16:47:37] [359/445] SRNM
[16:47:38] [360/445] SDTC
[16:47:38] [361/445] VPCA
[16:47:39] [362/445] VLRA
[16:47:40] [363/445] SHKR
[16:47:41] [364/445] SBKD
[16:47:42] [365/445] SAAD
[16:47:43] [366/445] JTGN
[16:47:44] [367/445] SLAM
[16:47:45] [368/445] VTPM
[16:47:45] [369/445] ANPT
[16:47:46] [370/445] PUNB
[16:47:48] [371/445] CPKT
[16:47:49] [372/445] CNWE
[16:47:50] [373/445] ECPP
[16:47:50] [374/445] CPAR
[16:47:51] [375/445] ESBW
[16:47:52] [376/445] PKPU
[16:47:53] [377/445] CPRP
[16:47:54] [378/445] RAHU
[16:47:55] [379/445] RHMN
[16:47:56] [380/445] FMJP
[16:47:56] [381/445] CTMP
[16:47:57] [382/445] INPN
[16:47:58] [383/445] STTG
[16:47:59] [384/445] CTRD
[16:48:00] [385/445] PUVB
[16:48:01] [386/445] ESVP
[16:48:02] [387/445] CPFT
[16:48:02] [388/445] LCPC
[16:48:03] [389/445] VBCT
[16:48:04] [390/445] FSCW
[16:48:05] [391/445] VCMP
[16:48:06] [392/445] ASHC
[16:48:08] [393/445] VLCX
[16:48:08] [394/445] SHEV
[16:48:09] [395/445] APCO
[16:48:10] [396/445] SILC
[16:48:11] [397/445] SNMR
[16:48:12] [398/445] KYBO
[16:48:13] [399/445] SATK
[16:48:14] [400/445] SSCS
[16:48:15] [401/445] CLSB
[16:48:16] [402/445] KMJR
[16:48:16] [403/445] FSCK
[16:48:17] [404/445] NNKA
[16:48:18] [405/445] CLMK
[16:48:19] [406/445] DMPZ
[16:48:20] [407/445] INQM
[16:48:21] [408/445] CAML
[16:48:21] [409/445] INRK
[16:48:22] [410/445] IMKN
[16:48:23] [411/445] SVNR
[16:48:24] [412/445] INSL
[16:48:25] [413/445] MSMA
[16:48:26] [414/445] MCKK
[16:48:26] [415/445] FCHP
[16:48:27] [416/445] SFCR
[16:48:28] [417/445] NACK
[16:48:29] [418/445] PVAK
[16:48:30] [419/445] INER
[16:48:31] [420/445] RDBK
[16:48:31] [421/445] SVFN
[16:48:32] [422/445] IFRM
[16:48:33] [423/445] ATCK
[16:48:34] [424/445] ASKO
[16:48:35] [425/445] STKT
[16:48:36] [426/445] SVFB
[16:48:37] [427/445] INKS
[16:48:38] [428/445] PCRA
[16:48:39] [429/445] ATJA
[16:48:40] [430/445] IMJN
[16:48:41] [431/445] INHD
[16:48:42] [432/445] BARA
[16:48:43] [433/445] MCSL
[16:48:44] [434/445] RTOY
[16:48:45] [435/445] MENO
[16:48:46] [436/445] PUDM
[16:48:47] [437/445] PRCN
[16:48:48] [438/445] JMJR
[16:48:49] [439/445] SSGK
[16:48:50] [440/445] SSRL
[16:48:51] [441/445] JYKL
[16:48:53] [442/445] ACNB
[16:48:54] [443/445] SONP
[16:48:54] [444/445] EMCI
[16:48:55] [445/445] MRJH
[16:48:57] 🧹 Deduping shows
[16:48:57] ✅ DONE | Shows=74 | Movies=5
