[10:12:16] 🚀 SCRIPT STARTED
[10:12:16] [1/459] NECA
[10:12:16] 🧠 New identity created
[10:12:17] [2/459] BJLC
[10:12:19] [3/459] BASU
[10:12:20] [4/459] RUPI
[10:12:21] [5/459] LCBK
[10:12:22] [6/459] PMAC
[10:12:23] [7/459] AMLC
[10:12:23] [8/459] LICL
[10:12:24] [9/459] UDMM
[10:12:25] [10/459] STBZ
[10:12:26] [11/459] UUBT
[10:12:27] [12/459] SJKC
[10:12:28] [13/459] TUAL
[10:12:29] [14/459] MRSE
[10:12:30] [15/459] RMRK
[10:12:31] [16/459] TTKP
[10:12:32] [17/459] KTKO
[10:12:33] [18/459] SDBK
[10:12:34] [19/459] MCPR
[10:12:34] [20/459] CHTI
[10:12:35] [21/459] GCCP
[10:12:36] [22/459] SRMY
[10:12:38] [23/459] NYST
[10:12:39] [24/459] NYAG
[10:12:40] [25/459] SBMT
[10:12:41] [26/459] INGA
[10:12:42] [27/459] WSIC
[10:12:43] [28/459] SCSS
[10:12:45] [29/459] COPG
[10:12:45] [30/459] RCGR
[10:12:46] [31/459] TCZA
[10:12:47] [32/459] CNLP
[10:12:48] [33/459] CLKN
[10:12:49] [34/459] LHDF
[10:12:50] [35/459] ELKC
[10:12:51] [36/459] VCEM
[10:12:52] [37/459] SSZA
[10:12:53] [38/459] KRMT
[10:12:54] [39/459] LCMV
[10:12:55] [40/459] AYCZ
[10:12:56] [41/459] CUMS
[10:12:57] [42/459] BOCK
[10:12:57] [43/459] PNMR
[10:12:58] [44/459] PJCP
[10:12:59] [45/459] JDDD
[10:13:00] [46/459] STMS
[10:13:01] [47/459] FLMB
[10:13:01] [48/459] PKCM
[10:13:02] [49/459] SPPR
[10:13:03] [50/459] EYLH
[10:13:04] [51/459] RJCC
[10:13:05] [52/459] MMPS
[10:13:06] [53/459] SHMX
[10:13:07] [54/459] CCNL
[10:13:07] [55/459] RCNV
[10:13:08] [56/459] MAAG
[10:13:09] [57/459] LXCM
[10:13:10] [58/459] RCNI
[10:13:11] [59/459] SNNI
[10:13:12] [60/459] LALC
[10:13:13] [61/459] SOCN
[10:13:13] [62/459] JHTP
[10:13:14] [63/459] PITP
[10:13:15] [64/459] CCKW
[10:13:16] [65/459] MCMC
[10:13:17] [66/459] DEES
[10:13:18] [67/459] SABT
[10:13:19] [68/459] VSPP
[10:13:19] [69/459] ABCT
[10:13:20] [70/459] JVTB
[10:13:21] [71/459] VCBD
[10:13:22] [72/459] RMGG
[10:13:23] [73/459] RNMH
[10:13:24] [74/459] SPGL
[10:13:25] [75/459] JTTR
[10:13:25] [76/459] SICS
[10:13:26] [77/459] SRMI
[10:13:27] [78/459] SSIJ
[10:13:28] [79/459] KFMT
[10:13:29] [80/459] VBIT
[10:13:31] [81/459] JKCT
[10:13:31] [82/459] GCGP
[10:13:32] [83/459] GDCS
[10:13:33] [84/459] TRBA
[10:13:34] [85/459] QUST
[10:13:35] [86/459] VSHM
[10:13:36] [87/459] SDCP
[10:13:37] [88/459] SNVS
[10:13:38] [89/459] NYTO
[10:13:39] [90/459] URWC
[10:13:40] [91/459] GTWH
[10:13:42] [92/459] PFCM
[10:13:42] [93/459] KRTA
[10:13:43] [94/459] AXMC
[10:13:44] [95/459] EVMC
[10:13:45] [96/459] HGSM
[10:13:46] [97/459] ACVM
[10:13:46] [98/459] PSKL
[10:13:47] [99/459] RDMP
[10:13:48] [100/459] RHGH
[10:13:49] [101/459] OMCM
[10:13:50] [102/459] DCCP
[10:13:51] [103/459] MCPB
[10:13:52] [104/459] ALCI
[10:13:53] [105/459] BLMX
[10:13:54] [106/459] BTMV
[10:13:55] [107/459] FVPN
[10:13:56] [108/459] CMAR
[10:13:57] [109/459] CEIM
[10:13:58] [110/459] CMVA
[10:13:59] [111/459] CPIV
[10:14:00] [112/459] CNPE
[10:14:01] [113/459] COLV
[10:14:01] [114/459] DNNV
[10:14:02] [115/459] HCAD
[10:14:03] [116/459] TAKA
[10:14:04] [117/459] INVD
[10:14:05] [118/459] IRMM
[10:14:05] [119/459] INSE
[10:14:06] [120/459] MRSW
[10:14:07] [121/459] MCVD
[10:14:08] [122/459] MCSO
[10:14:09] [123/459] PEVM
[10:14:10] [124/459] PVNL
[10:14:11] [125/459] PTCV
[10:14:11] [126/459] PRTC
[10:14:12] [127/459] RCVA
[10:14:13] [128/459] MTBN
[10:14:14] [129/459] LUCP
[10:14:15] [130/459] FMPT
[10:14:16] [131/459] JLSL
[10:14:17] [132/459] SBHA
[10:14:17] [133/459] SHRC
[10:14:18] [134/459] AVPS
[10:14:19] [135/459] STPM
[10:14:20] [136/459] ATRD
[10:14:21] [137/459] VTED
[10:14:22] [138/459] ACAI
[10:14:22] [139/459] SMAE
[10:14:24] [140/459] VMAT
[10:14:25] [141/459] LKCT
[10:14:26] [142/459] JTVK
[10:14:27] [143/459] PRTY
[10:14:28] [144/459] GETT
[10:14:29] [145/459] ESAP
[10:14:29] [146/459] NCPM
[10:14:30] [147/459] PCPA
[10:14:31] [148/459] MMOM
[10:14:32] [149/459] PHUP
[10:14:32] [150/459] CCPI
[10:14:33] [151/459] CNTD
[10:14:34] [152/459] NLJR
[10:14:35] [153/459] SRNG
[10:14:36] [154/459] MHAL
[10:14:36] [155/459] PNSM
[10:14:37] [156/459] DRMY
[10:14:38] [157/459] CCMU
[10:14:39] [158/459] SCMY
[10:14:39] [159/459] PVSY
[10:14:40] [160/459] SDLM
[10:14:42] [161/459] ICCM
[10:14:43] [162/459] PYSU
[10:14:44] [163/459] GATM
[10:14:45] [164/459] WOTM
[10:14:46] [165/459] RKTS
[10:14:46] [166/459] PMTY
[10:14:47] [167/459] LYMS
[10:14:49] [168/459] TGCA
[10:14:50] [169/459] DSTA
[10:14:51] [170/459] CNGE
[10:14:51] [171/459] VSTG
[10:14:52] [172/459] GTCK
[10:14:53] [173/459] TGNT
[10:14:54] [174/459] ASLC
[10:14:54] [175/459] SSST
[10:14:55] [176/459] KBTT
[10:14:56] [177/459] HKCP
[10:14:57] [178/459] SWLC
[10:14:57] [179/459] RTND
[10:14:58] [180/459] PKKT
[10:14:59] [181/459] HSTK
[10:15:00] [182/459] SPTT
[10:15:01] [183/459] IMPM
[10:15:02] [184/459] SCMV
[10:15:03] [185/459] SPCT
[10:15:04] [186/459] JBCA
[10:15:05] [187/459] ATTR
[10:15:06] [188/459] SPMT
[10:15:06] [189/459] LCTM
[10:15:07] [190/459] SCVL
[10:15:09] [191/459] SCVT
[10:15:10] [192/459] KRIC
[10:15:10] [193/459] CTMG
[10:15:11] [194/459] ACNC
[10:15:12] [195/459] DMCK
[10:15:14] [196/459] KMTV
[10:15:15] [197/459] PFCJ
[10:15:17] [198/459] VNMD
[10:15:17] [199/459] VPCZ
[10:15:18] [200/459] SRYR
[10:15:19] [201/459] SYTR
[10:15:21] [202/459] GATR
[10:15:21] [203/459] URTR
[10:15:22] [204/459] MKSM
[10:15:23] [205/459] VSMH
[10:15:24] [206/459] SKRJ
[10:15:25] [207/459] SSJR
[10:15:26] [208/459] SVSM
[10:15:26] [209/459] RUCM
[10:15:27] [210/459] PRKN
[10:15:29] [211/459] RROH
[10:15:30] [212/459] SCTN
[10:15:31] [213/459] RTDM
[10:15:32] [214/459] ASRM
[10:15:33] [215/459] SKMD
[10:15:34] [216/459] SUTD
[10:15:35] [217/459] SADM
[10:15:36] [218/459] WCNR
[10:15:37] [219/459] CNED
[10:15:39] [220/459] MPDB
[10:15:40] [221/459] KTBH
[10:15:40] [222/459] IDRM
[10:15:42] [223/459] PJJT
[10:15:43] [224/459] PFCV
[10:15:44] [225/459] AACT
[10:15:45] [226/459] AAAD
[10:15:46] [227/459] ANES
[10:15:46] [228/459] MNCA
[10:15:47] [229/459] RMGU
[10:15:49] [230/459] DLCN
[10:15:50] [231/459] LJWT
[10:15:51] [232/459] MCBG
[10:15:51] [233/459] MYBG
[10:15:52] [234/459] GCCA
[10:15:53] [235/459] GCGA
[10:15:54] [236/459] ECGN
[10:15:55] [237/459] PRAB
[10:15:56] [238/459] PNMP
[10:15:56] [239/459] GCPT
[10:15:58] [240/459] ROYN
[10:15:59] [241/459] VATM
[10:16:00] [242/459] KSNT
[10:16:01] [243/459] ACTC
[10:16:01] [244/459] PLTD
[10:16:02] [245/459] SKMK
[10:16:03] [246/459] CMTT
[10:16:04] [247/459] SMXP
[10:16:05] [248/459] SCMX
[10:16:06] [249/459] ACXN
[10:16:07] [250/459] ASWT
[10:16:08] [251/459] VVVL
[10:16:09] [252/459] NAGO
[10:16:10] [253/459] SNCN
[10:16:11] [254/459] MCKP
[10:16:12] [255/459] SAMO
[10:16:13] [256/459] JBTV
[10:16:14] [257/459] DCVV
[10:16:15] [258/459] KMSV
[10:16:16] [259/459] KDCN
[10:16:17] [260/459] CNCP
[10:16:17] [261/459] HAMC
[10:16:19] [262/459] CCVZ
[10:16:20] [263/459] NCCK
[10:16:21] [264/459] MCHR
[10:16:21] [265/459] SCHT
[10:16:23] [266/459] ESSH
[10:16:24] [267/459] CUJC
[10:16:25] [268/459] PECP
[10:16:26] [269/459] PMMI
[10:16:27] [270/459] PCCH
[10:16:28] [271/459] PRPM
[10:16:28] [272/459] PVKL
[10:16:29] [273/459] CBSM
[10:16:30] [274/459] PVCZ
[10:16:31] [275/459] PCVV
[10:16:32] [276/459] CTMJ
[10:16:33] [277/459] RCPS
[10:16:33] [278/459] PCIT
[10:16:34] [279/459] FNCH
[10:16:35] [280/459] INZD
[10:16:36] [281/459] INPC
[10:16:36] [282/459] LCZP
[10:16:37] [283/459] SMCB
[10:16:39] [284/459] PTSB
[10:16:40] [285/459] TPSI
[10:16:41] [286/459] KHMJ
[10:16:42] [287/459] RCCJ
[10:16:43] [288/459] NCJA
[10:16:44] [289/459] NCJN
[10:16:45] [290/459] BTDP
[10:16:45] [291/459] PADY
[10:16:47] [292/459] NYBH
[10:16:48] [293/459] MTBR
[10:16:49] [294/459] KRBC
[10:16:50] [295/459] DKTI
[10:16:50] [296/459] ANAN
[10:16:51] [297/459] INBP
[10:16:52] [298/459] PATB
[10:16:53] [299/459] RGNT
[10:16:54] [300/459] CGPM
[10:16:55] [301/459] INTN
[10:16:56] [302/459] MCMP
[10:16:57] [303/459] ASRG
[10:16:58] [304/459] CXJD
[10:16:59] [305/459] SPCP
[10:16:59] [306/459] CSTP
[10:17:00] [307/459] PKVC
[10:17:01] [308/459] ESCP
[10:17:02] [309/459] CAEP
[10:17:03] [310/459] CCSP
[10:17:03] [311/459] KTPC
[10:17:04] [312/459] DACA
[10:17:05] [313/459] NVKY
[10:17:06] [314/459] PTIN
[10:17:07] [315/459] SCIN
[10:17:08] [316/459] MCTY
[10:17:08] [317/459] PCMX
[10:17:09] [318/459] INIC
[10:17:11] [319/459] MMZM
[10:17:12] [320/459] SSLP
[10:17:12] [321/459] DTDT
[10:17:13] [322/459] FFCX
[10:17:14] [323/459] RCMM
[10:17:15] [324/459] KYID
[10:17:16] [325/459] CSCI
[10:17:17] [326/459] FCMC
[10:17:18] [327/459] MMXI
[10:17:19] [328/459] ASTC
[10:17:20] [329/459] CMRA
[10:17:20] [330/459] DICI
[10:17:21] [331/459] KDIN
[10:17:22] [332/459] PRFI
[10:17:23] [333/459] SVFC
[10:17:23] [334/459] UCPL
[10:17:24] [335/459] COOC
[10:17:25] [336/459] SCAL
[10:17:26] [337/459] SVFF
[10:17:27] [338/459] VCMG
[10:17:28] [339/459] UUCT
[10:17:29] [340/459] GCSE
[10:17:30] [341/459] SUSC
[10:17:31] [342/459] MISC
[10:17:31] [343/459] RMBL
[10:17:32] [344/459] CMXN
[10:17:33] [345/459] PVBK
[10:17:34] [346/459] HHCG
[10:17:35] [347/459] SCAG
[10:17:36] [348/459] CNPR
[10:17:37] [349/459] CSER
[10:17:38] [350/459] HLWD
[10:17:38] [351/459] BOLY
[10:17:39] [352/459] SSPG
[10:17:40] [353/459] MUPX
[10:17:41] [354/459] HAMR
[10:17:42] [355/459] SDNC
[10:17:43] [356/459] RTEN
[10:17:44] [357/459] SDTD
[10:17:44] [358/459] KAWS
[10:17:45] [359/459] CMZX
[10:17:46] [360/459] DCDD
[10:17:47] [361/459] ALSN
[10:17:48] [362/459] IMXS
[10:17:49] [363/459] PVFF
[10:17:50] [364/459] PVOO
[10:17:50] [365/459] CFBS
[10:17:52] [366/459] PVER
[10:17:53] [367/459] PPNX
[10:17:54] [368/459] CNRM
[10:17:54] [369/459] PVWW
[10:17:55] [370/459] INMB
[10:17:56] [371/459] CPJR
[10:17:58] [372/459] INRZ
[10:17:59] [373/459] PMSR
[10:18:00] [374/459] GPGM
[10:18:00] [375/459] PGWB
[10:18:01] [376/459] PMBR
[10:18:02] [377/459] GPAM
[10:18:03] [378/459] INBC
[10:18:04] [379/459] PZVK
[10:18:05] [380/459] CPEB
[10:18:06] [381/459] FMLB
[10:18:06] [382/459] INBG
[10:18:07] [383/459] GPBR
[10:18:08] [384/459] PAAS
[10:18:10] [385/459] VTBR
[10:18:10] [386/459] GPMY
[10:18:12] [387/459] GYBU
[10:18:13] [388/459] INBJ
[10:18:14] [389/459] LKTH
[10:18:14] [390/459] NSBR
[10:18:15] [391/459] PDRD
[10:18:16] [392/459] VRBL
[10:18:17] [393/459] VTGB
[10:18:18] [394/459] VTSK
[10:18:19] [395/459] BKDV
[10:18:20] [396/459] SVTB
[10:18:21] [397/459] MLDT
[10:18:22] [398/459] NRBL
[10:18:24] [399/459] SLTR
[10:18:25] [400/459] VNKA
[10:18:26] [401/459] TDCA
[10:18:27] [402/459] INBM
[10:18:27] [403/459] SSNR
[10:18:28] [404/459] BHAC
[10:18:29] [405/459] SDSD
[10:18:30] [406/459] SAMP
[10:18:31] [407/459] RATK
[10:18:32] [408/459] KCBI
[10:18:32] [409/459] URBL
[10:18:33] [410/459] MKBG
[10:18:34] [411/459] ASTB
[10:18:35] [412/459] VBWT
[10:18:36] [413/459] GPSM
[10:18:36] [414/459] ROON
[10:18:38] [415/459] CHTH
[10:18:39] [416/459] SSPA
[10:18:39] [417/459] ANBL
[10:18:40] [418/459] VTBE
[10:18:41] [419/459] SVKT
[10:18:42] [420/459] SVYK
[10:18:43] [421/459] PTBK
[10:18:44] [422/459] RKTB
[10:18:45] [423/459] BALT
[10:18:45] [424/459] STSV
[10:18:46] [425/459] VCCB
[10:18:47] [426/459] SLTB
[10:18:47] [427/459] SBCR
[10:18:48] [428/459] VDCS
[10:18:50] [429/459] MDKI
[10:18:51] [430/459] SMRN
[10:18:52] [431/459] PTBC
[10:18:53] [432/459] RADI
[10:18:54] [433/459] ADCR
[10:18:54] [434/459] SDCS
[10:18:55] [435/459] SRPJ
[10:18:56] [436/459] ARTS
[10:18:57] [437/459] SRHK
[10:18:58] [438/459] SPAY
[10:18:59] [439/459] GPTB
[10:19:00] [440/459] SNNN
[10:19:01] [441/459] BALJ
[10:19:02] [442/459] TRIG
[10:19:02] [443/459] GTYT
[10:19:03] [444/459] ATGN
[10:19:04] [445/459] ANTE
[10:19:05] [446/459] BDCG
[10:19:06] [447/459] VECI
[10:19:07] [448/459] SCPR
[10:19:07] [449/459] RTEA
[10:19:09] [450/459] JSAI
[10:19:10] [451/459] VJTP
[10:19:12] [452/459] GNDS
[10:19:14] [453/459] PAXA
[10:19:14] [454/459] CGGM
[10:19:15] [455/459] ACKZ
[10:19:16] [456/459] EMCC
[10:19:17] [457/459] KLSK
[10:19:18] [458/459] AVCK
[10:19:19] [459/459] JTCK
[10:19:20] 🧹 Deduping shows
[10:19:20] ✅ DONE | Shows=29 | Movies=3
[16:42:00] 🚀 SCRIPT STARTED
[16:42:00] [1/459] NECA
[16:42:00] 🧠 New identity created
[16:42:01] [2/459] BJLC
[16:42:02] [3/459] BASU
[16:42:03] [4/459] RUPI
[16:42:04] [5/459] LCBK
[16:42:05] [6/459] PMAC
[16:42:07] [7/459] AMLC
[16:42:07] [8/459] LICL
[16:42:08] [9/459] UDMM
[16:42:09] [10/459] STBZ
[16:42:10] [11/459] UUBT
[16:42:12] [12/459] SJKC
[16:42:13] [13/459] TUAL
[16:42:13] [14/459] MRSE
[16:42:14] [15/459] RMRK
[16:42:15] [16/459] TTKP
[16:42:17] [17/459] KTKO
[16:42:18] [18/459] SDBK
[16:42:19] [19/459] MCPR
[16:42:20] [20/459] CHTI
[16:42:21] [21/459] GCCP
[16:42:22] [22/459] SRMY
[16:42:23] [23/459] NYST
[16:42:24] [24/459] NYAG
[16:42:26] [25/459] SBMT
[16:42:26] [26/459] INGA
[16:42:27] [27/459] WSIC
[16:42:28] [28/459] SCSS
[16:42:29] [29/459] COPG
[16:42:30] [30/459] RCGR
[16:42:31] [31/459] TCZA
[16:42:31] [32/459] CNLP
[16:42:32] [33/459] CLKN
[16:42:33] [34/459] LHDF
[16:42:34] [35/459] ELKC
[16:42:35] [36/459] VCEM
[16:42:37] [37/459] SSZA
[16:42:38] [38/459] KRMT
[16:42:39] [39/459] LCMV
[16:42:40] [40/459] AYCZ
[16:42:41] [41/459] CUMS
[16:42:41] [42/459] BOCK
[16:42:42] [43/459] PNMR
[16:42:44] [44/459] PJCP
[16:42:45] [45/459] JDDD
[16:42:45] [46/459] STMS
[16:42:46] [47/459] FLMB
[16:42:47] [48/459] PKCM
[16:42:48] [49/459] SPPR
[16:42:49] [50/459] EYLH
[16:42:49] [51/459] RJCC
[16:42:50] [52/459] MMPS
[16:42:51] [53/459] SHMX
[16:42:52] [54/459] CCNL
[16:42:53] [55/459] RCNV
[16:42:54] [56/459] MAAG
[16:42:55] [57/459] LXCM
[16:42:56] [58/459] RCNI
[16:42:57] [59/459] SNNI
[16:42:57] [60/459] LALC
[16:42:58] [61/459] SOCN
[16:42:59] [62/459] JHTP
[16:43:00] [63/459] PITP
[16:43:01] [64/459] CCKW
[16:43:03] [65/459] MCMC
[16:43:03] [66/459] DEES
[16:43:04] [67/459] SABT
[16:43:06] [68/459] VSPP
[16:43:07] [69/459] ABCT
[16:43:08] [70/459] JVTB
[16:43:08] [71/459] VCBD
[16:43:09] [72/459] RMGG
[16:43:10] [73/459] RNMH
[16:43:11] [74/459] SPGL
[16:43:12] [75/459] JTTR
[16:43:13] [76/459] SICS
[16:43:14] [77/459] SRMI
[16:43:15] [78/459] SSIJ
[16:43:16] [79/459] KFMT
[16:43:16] [80/459] VBIT
[16:43:17] [81/459] JKCT
[16:43:18] [82/459] GCGP
[16:43:19] [83/459] GDCS
[16:43:20] [84/459] TRBA
[16:43:20] [85/459] QUST
[16:43:21] [86/459] VSHM
[16:43:22] [87/459] SDCP
[16:43:23] [88/459] SNVS
[16:43:24] [89/459] NYTO
[16:43:25] [90/459] URWC
[16:43:25] [91/459] GTWH
[16:43:26] [92/459] PFCM
[16:43:27] [93/459] KRTA
[16:43:28] [94/459] AXMC
[16:43:29] [95/459] EVMC
[16:43:30] [96/459] HGSM
[16:43:31] [97/459] ACVM
[16:43:33] [98/459] PSKL
[16:43:34] [99/459] RDMP
[16:43:35] [100/459] RHGH
[16:43:35] [101/459] OMCM
[16:43:36] [102/459] DCCP
[16:43:37] [103/459] MCPB
[16:43:38] [104/459] ALCI
[16:43:39] [105/459] BLMX
[16:43:39] [106/459] BTMV
[16:43:40] [107/459] FVPN
[16:43:42] [108/459] CMAR
[16:43:42] [109/459] CEIM
[16:43:43] [110/459] CMVA
[16:43:44] [111/459] CPIV
[16:43:45] [112/459] CNPE
[16:43:46] [113/459] COLV
[16:43:46] [114/459] DNNV
[16:43:47] [115/459] HCAD
[16:43:48] [116/459] TAKA
[16:43:49] [117/459] INVD
[16:43:50] [118/459] IRMM
[16:43:51] [119/459] INSE
[16:43:52] [120/459] MRSW
[16:43:53] [121/459] MCVD
[16:43:53] [122/459] MCSO
[16:43:54] [123/459] PEVM
[16:43:55] [124/459] PVNL
[16:43:56] [125/459] PTCV
[16:43:57] [126/459] PRTC
[16:43:58] [127/459] RCVA
[16:43:58] [128/459] MTBN
[16:43:59] [129/459] LUCP
[16:44:00] [130/459] FMPT
[16:44:01] [131/459] JLSL
[16:44:02] [132/459] SBHA
[16:44:03] [133/459] SHRC
[16:44:04] [134/459] AVPS
[16:44:05] [135/459] STPM
[16:44:06] [136/459] ATRD
[16:44:07] [137/459] VTED
[16:44:09] [138/459] ACAI
[16:44:10] [139/459] SMAE
[16:44:10] [140/459] VMAT
[16:44:11] [141/459] LKCT
[16:44:12] [142/459] JTVK
[16:44:13] [143/459] PRTY
[16:44:13] [144/459] GETT
[16:44:14] [145/459] ESAP
[16:44:16] [146/459] NCPM
[16:44:17] [147/459] PCPA
[16:44:18] [148/459] MMOM
[16:44:18] [149/459] PHUP
[16:44:19] [150/459] CCPI
[16:44:20] [151/459] CNTD
[16:44:22] [152/459] NLJR
[16:44:22] [153/459] SRNG
[16:44:23] [154/459] MHAL
[16:44:24] [155/459] PNSM
[16:44:25] [156/459] DRMY
[16:44:26] [157/459] CCMU
[16:44:27] [158/459] SCMY
[16:44:28] [159/459] PVSY
[16:44:28] [160/459] SDLM
[16:44:29] [161/459] ICCM
[16:44:30] [162/459] PYSU
[16:44:31] [163/459] GATM
[16:44:31] [164/459] WOTM
[16:44:33] [165/459] RKTS
[16:44:34] [166/459] PMTY
[16:44:35] [167/459] LYMS
[16:44:36] [168/459] TGCA
[16:44:36] [169/459] DSTA
[16:44:38] [170/459] CNGE
[16:44:39] [171/459] VSTG
[16:44:40] [172/459] GTCK
[16:44:40] [173/459] TGNT
[16:44:41] [174/459] ASLC
[16:44:42] [175/459] SSST
[16:44:43] [176/459] KBTT
[16:44:43] [177/459] HKCP
[16:44:44] [178/459] SWLC
[16:44:45] [179/459] RTND
[16:44:46] [180/459] PKKT
[16:44:47] [181/459] HSTK
[16:44:48] [182/459] SPTT
[16:44:49] [183/459] IMPM
[16:44:50] [184/459] SCMV
[16:44:51] [185/459] SPCT
[16:44:52] [186/459] JBCA
[16:44:53] [187/459] ATTR
[16:44:53] [188/459] SPMT
[16:44:54] [189/459] LCTM
[16:44:55] [190/459] SCVL
[16:44:56] [191/459] SCVT
[16:44:57] [192/459] KRIC
[16:44:57] [193/459] CTMG
[16:44:59] [194/459] ACNC
[16:45:00] [195/459] DMCK
[16:45:01] [196/459] KMTV
[16:45:02] [197/459] PFCJ
[16:45:03] [198/459] VNMD
[16:45:03] [199/459] VPCZ
[16:45:05] [200/459] SRYR
[16:45:06] [201/459] SYTR
[16:45:07] [202/459] GATR
[16:45:08] [203/459] URTR
[16:45:09] [204/459] MKSM
[16:45:09] [205/459] VSMH
[16:45:10] [206/459] SKRJ
[16:45:11] [207/459] SSJR
[16:45:12] [208/459] SVSM
[16:45:13] [209/459] RUCM
[16:45:14] [210/459] PRKN
[16:45:14] [211/459] RROH
[16:45:15] [212/459] SCTN
[16:45:16] [213/459] RTDM
[16:45:17] [214/459] ASRM
[16:45:18] [215/459] SKMD
[16:45:18] [216/459] SUTD
[16:45:19] [217/459] SADM
[16:45:20] [218/459] WCNR
[16:45:21] [219/459] CNED
[16:45:22] [220/459] MPDB
[16:45:23] [221/459] KTBH
[16:45:24] [222/459] IDRM
[16:45:25] [223/459] PJJT
[16:45:25] [224/459] PFCV
[16:45:26] [225/459] AACT
[16:45:27] [226/459] AAAD
[16:45:28] [227/459] ANES
[16:45:29] [228/459] MNCA
[16:45:31] [229/459] RMGU
[16:45:31] [230/459] DLCN
[16:45:32] [231/459] LJWT
[16:45:33] [232/459] MCBG
[16:45:34] [233/459] MYBG
[16:45:35] [234/459] GCCA
[16:45:35] [235/459] GCGA
[16:45:37] [236/459] ECGN
[16:45:38] [237/459] PRAB
[16:45:39] [238/459] PNMP
[16:45:40] [239/459] GCPT
[16:45:41] [240/459] ROYN
[16:45:42] [241/459] VATM
[16:45:42] [242/459] KSNT
[16:45:43] [243/459] ACTC
[16:45:45] [244/459] PLTD
[16:45:46] [245/459] SKMK
[16:45:47] [246/459] CMTT
[16:45:48] [247/459] SMXP
[16:45:49] [248/459] SCMX
[16:45:49] [249/459] ACXN
[16:45:51] [250/459] ASWT
[16:45:51] [251/459] VVVL
[16:45:52] [252/459] NAGO
[16:45:53] [253/459] SNCN
[16:45:54] [254/459] MCKP
[16:45:55] [255/459] SAMO
[16:45:55] [256/459] JBTV
[16:45:56] [257/459] DCVV
[16:45:57] [258/459] KMSV
[16:45:58] [259/459] KDCN
[16:45:59] [260/459] CNCP
[16:46:00] [261/459] HAMC
[16:46:01] [262/459] CCVZ
[16:46:01] [263/459] NCCK
[16:46:02] [264/459] MCHR
[16:46:03] [265/459] SCHT
[16:46:04] [266/459] ESSH
[16:46:05] [267/459] CUJC
[16:46:06] [268/459] PECP
[16:46:06] [269/459] PMMI
[16:46:07] [270/459] PCCH
[16:46:09] [271/459] PRPM
[16:46:10] [272/459] PVKL
[16:46:11] [273/459] CBSM
[16:46:12] [274/459] PVCZ
[16:46:12] [275/459] PCVV
[16:46:13] [276/459] CTMJ
[16:46:15] [277/459] RCPS
[16:46:16] [278/459] PCIT
[16:46:17] [279/459] FNCH
[16:46:17] [280/459] INZD
[16:46:18] [281/459] INPC
[16:46:19] [282/459] LCZP
[16:46:20] [283/459] SMCB
[16:46:22] [284/459] PTSB
[16:46:22] [285/459] TPSI
[16:46:23] [286/459] KHMJ
[16:46:24] [287/459] RCCJ
[16:46:25] [288/459] NCJA
[16:46:26] [289/459] NCJN
[16:46:27] [290/459] BTDP
[16:46:28] [291/459] PADY
[16:46:28] [292/459] NYBH
[16:46:29] [293/459] MTBR
[16:46:30] [294/459] KRBC
[16:46:32] [295/459] DKTI
[16:46:33] [296/459] ANAN
[16:46:34] [297/459] INBP
[16:46:35] [298/459] PATB
[16:46:36] [299/459] RGNT
[16:46:36] [300/459] CGPM
[16:46:38] [301/459] INTN
[16:46:40] [302/459] MCMP
[16:46:41] [303/459] ASRG
[16:46:41] [304/459] CXJD
[16:46:43] [305/459] SPCP
[16:46:45] [306/459] CSTP
[16:46:46] [307/459] PKVC
[16:46:47] [308/459] ESCP
[16:46:48] [309/459] CAEP
[16:46:49] [310/459] CCSP
[16:46:50] [311/459] KTPC
[16:46:51] [312/459] DACA
[16:46:52] [313/459] NVKY
[16:46:53] [314/459] PTIN
[16:46:55] [315/459] SCIN
[16:46:55] [316/459] MCTY
[16:46:56] [317/459] PCMX
[16:46:57] [318/459] INIC
[16:46:58] [319/459] MMZM
[16:46:59] [320/459] SSLP
[16:47:00] [321/459] DTDT
[16:47:00] [322/459] FFCX
[16:47:01] [323/459] RCMM
[16:47:03] [324/459] KYID
[16:47:04] [325/459] CSCI
[16:47:05] [326/459] FCMC
[16:47:06] [327/459] MMXI
[16:47:07] [328/459] ASTC
[16:47:08] [329/459] CMRA
[16:47:09] [330/459] DICI
[16:47:10] [331/459] KDIN
[16:47:11] [332/459] PRFI
[16:47:11] [333/459] SVFC
[16:47:12] [334/459] UCPL
[16:47:13] [335/459] COOC
[16:47:14] [336/459] SCAL
[16:47:15] [337/459] SVFF
[16:47:16] [338/459] VCMG
[16:47:17] [339/459] UUCT
[16:47:18] [340/459] GCSE
[16:47:18] [341/459] SUSC
[16:47:20] [342/459] MISC
[16:47:21] [343/459] RMBL
[16:47:22] [344/459] CMXN
[16:47:22] [345/459] PVBK
[16:47:23] [346/459] HHCG
[16:47:24] [347/459] SCAG
[16:47:25] [348/459] CNPR
[16:47:26] [349/459] CSER
[16:47:27] [350/459] HLWD
[16:47:28] [351/459] BOLY
[16:47:28] [352/459] SSPG
[16:47:29] [353/459] MUPX
[16:47:30] [354/459] HAMR
[16:47:31] [355/459] SDNC
[16:47:32] [356/459] RTEN
[16:47:33] [357/459] SDTD
[16:47:34] [358/459] KAWS
[16:47:34] [359/459] CMZX
[16:47:36] [360/459] DCDD
[16:47:37] [361/459] ALSN
[16:47:38] [362/459] IMXS
[16:47:39] [363/459] PVFF
[16:47:39] [364/459] PVOO
[16:47:40] [365/459] CFBS
[16:47:41] [366/459] PVER
[16:47:42] [367/459] PPNX
[16:47:43] [368/459] CNRM
[16:47:44] [369/459] PVWW
[16:47:46] [370/459] INMB
[16:47:46] [371/459] CPJR
[16:47:47] [372/459] INRZ
[16:47:48] [373/459] PMSR
[16:47:49] [374/459] GPGM
[16:47:49] [375/459] PGWB
[16:47:50] [376/459] PMBR
[16:47:51] [377/459] GPAM
[16:47:53] [378/459] INBC
[16:47:54] [379/459] PZVK
[16:47:54] [380/459] CPEB
[16:47:56] [381/459] FMLB
[16:47:56] [382/459] INBG
[16:47:57] [383/459] GPBR
[16:47:58] [384/459] PAAS
[16:47:59] [385/459] VTBR
[16:48:00] [386/459] GPMY
[16:48:00] [387/459] GYBU
[16:48:02] [388/459] INBJ
[16:48:03] [389/459] LKTH
[16:48:04] [390/459] NSBR
[16:48:05] [391/459] PDRD
[16:48:05] [392/459] VRBL
[16:48:06] [393/459] VTGB
[16:48:07] [394/459] VTSK
[16:48:09] [395/459] BKDV
[16:48:11] [396/459] SVTB
[16:48:12] [397/459] MLDT
[16:48:13] [398/459] NRBL
[16:48:14] [399/459] SLTR
[16:48:14] [400/459] VNKA
[16:48:15] [401/459] TDCA
[16:48:16] [402/459] INBM
[16:48:17] [403/459] SSNR
[16:48:18] [404/459] BHAC
[16:48:19] [405/459] SDSD
[16:48:21] [406/459] SAMP
[16:48:22] [407/459] RATK
[16:48:23] [408/459] KCBI
[16:48:24] [409/459] URBL
[16:48:25] [410/459] MKBG
[16:48:25] [411/459] ASTB
[16:48:26] [412/459] VBWT
[16:48:27] [413/459] GPSM
[16:48:28] [414/459] ROON
[16:48:29] [415/459] CHTH
[16:48:30] [416/459] SSPA
[16:48:31] [417/459] ANBL
[16:48:32] [418/459] VTBE
[16:48:33] [419/459] SVKT
[16:48:34] [420/459] SVYK
[16:48:35] [421/459] PTBK
[16:48:36] [422/459] RKTB
[16:48:36] [423/459] BALT
[16:48:37] [424/459] STSV
[16:48:38] [425/459] VCCB
[16:48:39] [426/459] SLTB
[16:48:39] [427/459] SBCR
[16:48:40] [428/459] VDCS
[16:48:41] [429/459] MDKI
[16:48:42] [430/459] SMRN
[16:48:42] [431/459] PTBC
[16:48:43] [432/459] RADI
[16:48:44] [433/459] ADCR
[16:48:45] [434/459] SDCS
[16:48:46] [435/459] SRPJ
[16:48:47] [436/459] ARTS
[16:48:48] [437/459] SRHK
[16:48:48] [438/459] SPAY
[16:48:49] [439/459] GPTB
[16:48:50] [440/459] SNNN
[16:48:51] [441/459] BALJ
[16:48:52] [442/459] TRIG
[16:48:53] [443/459] GTYT
[16:48:53] [444/459] ATGN
[16:48:54] [445/459] ANTE
[16:48:55] [446/459] BDCG
[16:48:56] [447/459] VECI
[16:48:57] [448/459] SCPR
[16:48:58] [449/459] RTEA
[16:48:58] [450/459] JSAI
[16:48:59] [451/459] VJTP
[16:49:00] [452/459] GNDS
[16:49:01] [453/459] PAXA
[16:49:02] [454/459] CGGM
[16:49:03] [455/459] ACKZ
[16:49:04] [456/459] EMCC
[16:49:05] [457/459] KLSK
[16:49:06] [458/459] AVCK
[16:49:07] [459/459] JTCK
[16:49:08] 🧹 Deduping shows
[16:49:08] ✅ DONE | Shows=48 | Movies=3
