[10:12:24] 🚀 SCRIPT STARTED
[10:12:24] [1/459] MBDC
[10:12:24] 🧠 New identity created
[10:12:25] [2/459] CHKM
[10:12:26] [3/459] JTKZ
[10:12:27] [4/459] CMCT
[10:12:28] [5/459] ASHO
[10:12:28] [6/459] ECDG
[10:12:29] [7/459] SPAT
[10:12:30] [8/459] HILC
[10:12:31] [9/459] SPPH
[10:12:32] [10/459] SBHN
[10:12:33] [11/459] RRCA
[10:12:34] [12/459] APAA
[10:12:35] [13/459] RAME
[10:12:36] [14/459] TMMS
[10:12:37] [15/459] BATK
[10:12:38] [16/459] LKOP
[10:12:39] [17/459] AMTT
[10:12:40] [18/459] PTGK
[10:12:40] [19/459] ANRS
[10:12:41] [20/459] VWBW
[10:12:42] [21/459] SVFG
[10:12:43] [22/459] STAT
[10:12:44] [23/459] GDCV
[10:12:45] [24/459] VEBI
[10:12:45] [25/459] VDSS
[10:12:46] [26/459] NTHV
[10:12:47] [27/459] AOCH
[10:12:48] [28/459] KASR
[10:12:49] [29/459] AYCS
[10:12:51] [30/459] SHAI
[10:12:51] [31/459] SKPE
[10:12:53] [32/459] SBTA
[10:12:54] [33/459] RTTD
[10:12:55] [34/459] CCJD
[10:12:56] [35/459] RSJJ
[10:12:57] [36/459] RKND
[10:12:57] [37/459] SVTX
[10:12:59] [38/459] BAKM
[10:13:00] [39/459] SVDC
[10:13:01] [40/459] MNCV
[10:13:01] [41/459] SJGC
[10:13:02] [42/459] MTPK
[10:13:03] [43/459] GATP
[10:13:04] [44/459] ABTS
[10:13:05] [45/459] ABDE
[10:13:06] [46/459] RCNM
[10:13:07] [47/459] KTHV
[10:13:07] [48/459] MDGJ
[10:13:08] [49/459] SMLM
[10:13:09] [50/459] JTMA
[10:13:11] [51/459] ACKP
[10:13:12] [52/459] SRTA
[10:13:12] [53/459] STAY
[10:13:13] [54/459] MAVO
[10:13:15] [55/459] APTS
[10:13:16] [56/459] OMEA
[10:13:17] [57/459] TTFD
[10:13:18] [58/459] MJCU
[10:13:19] [59/459] CXTE
[10:13:20] [60/459] CTPX
[10:13:21] [61/459] ASSL
[10:13:22] [62/459] CMVB
[10:13:23] [63/459] VPUR
[10:13:24] [64/459] JJDA
[10:13:25] [65/459] INBL
[10:13:25] [66/459] BIKB
[10:13:27] [67/459] NTBB
[10:13:28] [68/459] GLOB
[10:13:29] [69/459] SNTB
[10:13:30] [70/459] CHGV
[10:13:31] [71/459] SSBZ
[10:13:32] [72/459] PRDB
[10:13:33] [73/459] ISMT
[10:13:34] [74/459] MCSD
[10:13:34] [75/459] JBTT
[10:13:35] [76/459] GEKR
[10:13:36] [77/459] PVUN
[10:13:37] [78/459] NRTB
[10:13:38] [79/459] PRAA
[10:13:39] [80/459] PCBL
[10:13:40] [81/459] PTCM
[10:13:41] [82/459] KHNN
[10:13:42] [83/459] OMJE
[10:13:43] [84/459] STGN
[10:13:43] [85/459] RPMS
[10:13:44] [86/459] NWAD
[10:13:45] [87/459] BLCK
[10:13:46] [88/459] SVAA
[10:13:47] [89/459] URVM
[10:13:48] [90/459] ANTM
[10:13:48] [91/459] VJYM
[10:13:49] [92/459] MAZZ
[10:13:50] [93/459] CSHM
[10:13:51] [94/459] WGMH
[10:13:52] [95/459] SALN
[10:13:52] [96/459] BRTP
[10:13:53] [97/459] SVTA
[10:13:54] [98/459] SBTP
[10:13:55] [99/459] VLSS
[10:13:55] [100/459] SRJA
[10:13:56] [101/459] ANCG
[10:13:57] [102/459] CGGC
[10:13:58] [103/459] CRJA
[10:13:59] [104/459] USCR
[10:13:59] [105/459] MMEF
[10:14:00] [106/459] JCRJ
[10:14:01] [107/459] ADCM
[10:14:02] [108/459] BMYK
[10:14:02] [109/459] KICS
[10:14:03] [110/459] MBBT
[10:14:05] [111/459] MACK
[10:14:06] [112/459] CLDR
[10:14:06] [113/459] JYCR
[10:14:07] [114/459] DCRP
[10:14:08] [115/459] RAHT
[10:14:10] [116/459] CSSM
[10:14:11] [117/459] ATPK
[10:14:12] [118/459] KLRT
[10:14:13] [119/459] SRDD
[10:14:14] [120/459] CKMC
[10:14:15] [121/459] KRVM
[10:14:16] [122/459] AKCP
[10:14:17] [123/459] CNCV
[10:14:17] [124/459] PACT
[10:14:18] [125/459] NATP
[10:14:19] [126/459] PCPK
[10:14:20] [127/459] SMHO
[10:14:20] [128/459] CWTK
[10:14:21] [129/459] RVKZ
[10:14:22] [130/459] ASPD
[10:14:24] [131/459] VTKZ
[10:14:25] [132/459] LCSO
[10:14:26] [133/459] PRDY
[10:14:26] [134/459] RCAP
[10:14:27] [135/459] RGAR
[10:14:28] [136/459] RCAC
[10:14:30] [137/459] PMOD
[10:14:31] [138/459] PVCN
[10:14:32] [139/459] SCRZ
[10:14:33] [140/459] PVPC
[10:14:34] [141/459] STID
[10:14:35] [142/459] NEDD
[10:14:36] [143/459] BNBA
[10:14:36] [144/459] NTCD
[10:14:37] [145/459] OCDE
[10:14:39] [146/459] CCDU
[10:14:40] [147/459] CRXH
[10:14:41] [148/459] VLVT
[10:14:42] [149/459] CICI
[10:14:43] [150/459] SUCB
[10:14:44] [151/459] TCBP
[10:14:45] [152/459] SCCY
[10:14:46] [153/459] LXCY
[10:14:47] [154/459] NCMD
[10:14:48] [155/459] PHCS
[10:14:49] [156/459] DUXR
[10:14:50] [157/459] VNKS
[10:14:51] [158/459] SEDP
[10:14:52] [159/459] SVEN
[10:14:53] [160/459] SRKM
[10:14:53] [161/459] JTLT
[10:14:54] [162/459] SVSS
[10:14:56] [163/459] AMDE
[10:14:57] [164/459] WVRN
[10:14:58] [165/459] ISMG
[10:14:59] [166/459] WVKS
[10:15:00] [167/459] USCG
[10:15:00] [168/459] IOTG
[10:15:01] [169/459] RRJM
[10:15:02] [170/459] EDMP
[10:15:03] [171/459] SCGZ
[10:15:04] [172/459] GMGX
[10:15:06] [173/459] OMTP
[10:15:07] [174/459] MITD
[10:15:08] [175/459] SMMD
[10:15:09] [176/459] STML
[10:15:10] [177/459] MCFS
[10:15:11] [178/459] FPKA
[10:15:13] [179/459] OMLR
[10:15:14] [180/459] KKSC
[10:15:15] [181/459] RVMA
[10:15:16] [182/459] SCLL
[10:15:16] [183/459] SCDK
[10:15:17] [184/459] SXMI
[10:15:18] [185/459] SHDN
[10:15:19] [186/459] PAAD
[10:15:20] [187/459] UUCB
[10:15:21] [188/459] JHOL
[10:15:22] [189/459] SGWT
[10:15:22] [190/459] SRII
[10:15:23] [191/459] SGCK
[10:15:24] [192/459] SVVB
[10:15:25] [193/459] DMHA
[10:15:27] [194/459] PPNL
[10:15:27] [195/459] CPNL
[10:15:28] [196/459] WVLD
[10:15:29] [197/459] PSLV
[10:15:30] [198/459] VTTL
[10:15:31] [199/459] NPAD
[10:15:32] [200/459] PVCS
[10:15:33] [201/459] MCHL
[10:15:34] [202/459] PPLL
[10:15:34] [203/459] MALO
[10:15:35] [204/459] SWBH
[10:15:36] [205/459] PUGB
[10:15:38] [206/459] INBB
[10:15:38] [207/459] INNS
[10:15:39] [208/459] MCPT
[10:15:40] [209/459] SCMI
[10:15:42] [210/459] OCON
[10:15:43] [211/459] SCSM
[10:15:44] [212/459] RJVN
[10:15:45] [213/459] AMDK
[10:15:46] [214/459] ISMR
[10:15:47] [215/459] SMTD
[10:15:48] [216/459] VTDD
[10:15:49] [217/459] PDDZ
[10:15:50] [218/459] PCCK
[10:15:51] [219/459] INAM
[10:15:51] [220/459] FNKT
[10:15:52] [221/459] GDKA
[10:15:53] [222/459] MAYU
[10:15:54] [223/459] TCGU
[10:15:55] [224/459] KDCA
[10:15:56] [225/459] DOMY
[10:15:57] [226/459] PDDD
[10:15:57] [227/459] BJTS
[10:15:58] [228/459] VTCA
[10:15:59] [229/459] SBTM
[10:16:00] [230/459] SEET
[10:16:00] [231/459] SSTJ
[10:16:01] [232/459] SVNT
[10:16:02] [233/459] PPPR
[10:16:03] [234/459] PVYS
[10:16:04] [235/459] IOSE
[10:16:05] [236/459] ACTV
[10:16:06] [237/459] APVE
[10:16:07] [238/459] TCCL
[10:16:07] [239/459] SCMO
[10:16:08] [240/459] SAUM
[10:16:09] [241/459] KCJS
[10:16:10] [242/459] NJCJ
[10:16:11] [243/459] NECF
[10:16:12] [244/459] CCGW
[10:16:13] [245/459] CCMG
[10:16:14] [246/459] NYRG
[10:16:15] [247/459] NCSQ
[10:16:16] [248/459] GRCG
[10:16:17] [249/459] CCBT
[10:16:18] [250/459] ACGA
[10:16:19] [251/459] INAG
[10:16:20] [252/459] FUCG
[10:16:21] [253/459] AICF
[10:16:22] [254/459] GRGA
[10:16:23] [255/459] GDCN
[10:16:23] [256/459] RRCG
[10:16:24] [257/459] SDCH
[10:16:25] [258/459] WVJM
[10:16:26] [259/459] JCCZ
[10:16:27] [260/459] CNCL
[10:16:28] [261/459] TMLV
[10:16:29] [262/459] MEMB
[10:16:31] [263/459] SGTD
[10:16:32] [264/459] CONX
[10:16:33] [265/459] CCMH
[10:16:34] [266/459] ACMC
[10:16:36] [267/459] DTPD
[10:16:37] [268/459] POJA
[10:16:38] [269/459] FNBH
[10:16:38] [270/459] CGCB
[10:16:39] [271/459] RACN
[10:16:40] [272/459] JTSM
[10:16:41] [273/459] SCDN
[10:16:43] [274/459] AACK
[10:16:44] [275/459] RMCE
[10:16:44] [276/459] BSGB
[10:16:45] [277/459] MRCB
[10:16:46] [278/459] SRVR
[10:16:47] [279/459] VTKK
[10:16:48] [280/459] AMST
[10:16:49] [281/459] APCY
[10:16:50] [282/459] LMHO
[10:16:51] [283/459] MTZH
[10:16:52] [284/459] AMZB
[10:16:53] [285/459] SUVT
[10:16:54] [286/459] RCIP
[10:16:55] [287/459] KESR
[10:16:56] [288/459] SNKC
[10:16:56] [289/459] SCED
[10:16:57] [290/459] DVCA
[10:16:58] [291/459] VCDT
[10:16:59] [292/459] RRDI
[10:17:00] [293/459] DFCH
[10:17:01] [294/459] INSC
[10:17:01] [295/459] RGTR
[10:17:02] [296/459] FMOT
[10:17:03] [297/459] SCPM
[10:17:04] [298/459] GCDT
[10:17:05] [299/459] BRKT
[10:17:06] [300/459] DEMP
[10:17:06] [301/459] SRLC
[10:17:07] [302/459] KSTT
[10:17:08] [303/459] SMMT
[10:17:09] [304/459] SILM
[10:17:10] [305/459] JCVM
[10:17:11] [306/459] KCSV
[10:17:12] [307/459] MHLK
[10:17:13] [308/459] SLVL
[10:17:14] [309/459] RJKP
[10:17:15] [310/459] BBPC
[10:17:16] [311/459] MXCB
[10:17:17] [312/459] TCPK
[10:17:18] [313/459] RTBR
[10:17:18] [314/459] GAUT
[10:17:19] [315/459] DVCF
[10:17:20] [316/459] JTSB
[10:17:21] [317/459] SBLS
[10:17:22] [318/459] UDAY
[10:17:23] [319/459] PTNP
[10:17:24] [320/459] DMKT
[10:17:25] [321/459] NTDT
[10:17:26] [322/459] SHDJ
[10:17:27] [323/459] OTNC
[10:17:27] [324/459] RNTW
[10:17:28] [325/459] GCMI
[10:17:29] [326/459] CRCM
[10:17:30] [327/459] NNCZ
[10:17:31] [328/459] OEMO
[10:17:32] [329/459] PVJM
[10:17:32] [330/459] CPJI
[10:17:33] [331/459] RMCJ
[10:17:34] [332/459] CNWJ
[10:17:35] [333/459] EPJM
[10:17:35] [334/459] FNJJ
[10:17:36] [335/459] GCMJ
[10:17:37] [336/459] INPS
[10:17:38] [337/459] BICJ
[10:17:39] [338/459] ISTJ
[10:17:41] [339/459] INJC
[10:17:42] [340/459] GLXJ
[10:17:42] [341/459] INEM
[10:17:43] [342/459] JTMN
[10:17:44] [343/459] FRCJ
[10:17:45] [344/459] DDJP
[10:17:46] [345/459] INJV
[10:17:47] [346/459] GOLC
[10:17:48] [347/459] KOCI
[10:17:48] [348/459] FSTD
[10:17:49] [349/459] PACJ
[10:17:50] [350/459] GMCN
[10:17:51] [351/459] MMDJ
[10:17:52] [352/459] GODH
[10:17:53] [353/459] SKYN
[10:17:54] [354/459] NCTH
[10:17:55] [355/459] SKVZ
[10:17:56] [356/459] SVML
[10:17:56] [357/459] ACVZ
[10:17:57] [358/459] SURA
[10:17:58] [359/459] RTRB
[10:17:59] [360/459] LLCT
[10:18:00] [361/459] ATTS
[10:18:01] [362/459] JYCM
[10:18:01] [363/459] CTKR
[10:18:02] [364/459] LCKR
[10:18:03] [365/459] NYCV
[10:18:05] [366/459] NYOH
[10:18:06] [367/459] NOVX
[10:18:07] [368/459] MRGK
[10:18:08] [369/459] MOON
[10:18:08] [370/459] SBUC
[10:18:09] [371/459] GSVA
[10:18:10] [372/459] VIAK
[10:18:11] [373/459] SMVZ
[10:18:11] [374/459] MATE
[10:18:12] [375/459] RDCN
[10:18:13] [376/459] ASBL
[10:18:14] [377/459] ASVS
[10:18:15] [378/459] ASSR
[10:18:16] [379/459] SSKN
[10:18:17] [380/459] DRPV
[10:18:19] [381/459] MRHT
[10:18:20] [382/459] BSCN
[10:18:21] [383/459] RKNX
[10:18:22] [384/459] MSMC
[10:18:22] [385/459] MSCJ
[10:18:23] [386/459] BTBJ
[10:18:24] [387/459] MJCC
[10:18:25] [388/459] IOMM
[10:18:26] [389/459] ADGR
[10:18:27] [390/459] MYCP
[10:18:28] [391/459] IGCM
[10:18:29] [392/459] PGRK
[10:18:29] [393/459] VPGO
[10:18:31] [394/459] KOMS
[10:18:32] [395/459] URGG
[10:18:32] [396/459] GOST
[10:18:33] [397/459] LACT
[10:18:34] [398/459] BWCM
[10:18:35] [399/459] NCCW
[10:18:36] [400/459] SKYC
[10:18:37] [401/459] CCPM
[10:18:39] [402/459] VCBT
[10:18:40] [403/459] SDKR
[10:18:41] [404/459] CTYB
[10:18:42] [405/459] SHCX
[10:18:43] [406/459] RCUN
[10:18:43] [407/459] CNRA
[10:18:44] [408/459] RFCA
[10:18:45] [409/459] RDCU
[10:18:46] [410/459] SARK
[10:18:47] [411/459] SPPP
[10:18:49] [412/459] ADMB
[10:18:49] [413/459] JYOE
[10:18:50] [414/459] SRMD
[10:18:51] [415/459] RJDH
[10:18:52] [416/459] SSTD
[10:18:53] [417/459] AACV
[10:18:54] [418/459] PPVD
[10:18:55] [419/459] STCP
[10:18:56] [420/459] ANJR
[10:18:57] [421/459] ANLS
[10:18:58] [422/459] BIJO
[10:18:59] [423/459] AVAB
[10:19:00] [424/459] SPMD
[10:19:00] [425/459] SVJL
[10:19:01] [426/459] SDDJ
[10:19:02] [427/459] SLTU
[10:19:03] [428/459] SAKA
[10:19:04] [429/459] PMAM
[10:19:05] [430/459] FNAM
[10:19:05] [431/459] ACAM
[10:19:06] [432/459] SCMM
[10:19:08] [433/459] PMAK
[10:19:09] [434/459] NYSA
[10:19:10] [435/459] FCPA
[10:19:11] [436/459] GDAN
[10:19:12] [437/459] RSCA
[10:19:12] [438/459] DMAN
[10:19:13] [439/459] DZCM
[10:19:14] [440/459] NSGL
[10:19:16] [441/459] CCPP
[10:19:16] [442/459] PSMG
[10:19:17] [443/459] GSER
[10:19:19] [444/459] FCCT
[10:19:20] [445/459] FCTB
[10:19:20] [446/459] LCNK
[10:19:21] [447/459] SKTY
[10:19:22] [448/459] INAA
[10:19:23] [449/459] RCWN
[10:19:24] [450/459] VAIS
[10:19:25] [451/459] CVMN
[10:19:26] [452/459] INTS
[10:19:27] [453/459] FRGS
[10:19:28] [454/459] DTCK
[10:19:29] [455/459] MCMH
[10:19:30] [456/459] ECRR
[10:19:31] [457/459] RLLP
[10:19:32] [458/459] CCSN
[10:19:33] [459/459] CCBA
[10:19:35] 🧹 Deduping shows
[10:19:35] ✅ DONE | Shows=30 | Movies=5
[16:47:45] 🚀 SCRIPT STARTED
[16:47:45] [1/459] MBDC
[16:47:45] 🧠 New identity created
[16:47:46] [2/459] CHKM
[16:47:47] [3/459] JTKZ
[16:47:48] [4/459] CMCT
[16:47:50] [5/459] ASHO
[16:47:51] [6/459] ECDG
[16:47:52] [7/459] SPAT
[16:47:53] [8/459] HILC
[16:47:54] [9/459] SPPH
[16:47:54] [10/459] SBHN
[16:47:56] [11/459] RRCA
[16:47:57] [12/459] APAA
[16:47:58] [13/459] RAME
[16:47:59] [14/459] TMMS
[16:48:00] [15/459] BATK
[16:48:01] [16/459] LKOP
[16:48:01] [17/459] AMTT
[16:48:02] [18/459] PTGK
[16:48:04] [19/459] ANRS
[16:48:05] [20/459] VWBW
[16:48:06] [21/459] SVFG
[16:48:07] [22/459] STAT
[16:48:07] [23/459] GDCV
[16:48:08] [24/459] VEBI
[16:48:09] [25/459] VDSS
[16:48:10] [26/459] NTHV
[16:48:11] [27/459] AOCH
[16:48:12] [28/459] KASR
[16:48:13] [29/459] AYCS
[16:48:13] [30/459] SHAI
[16:48:14] [31/459] SKPE
[16:48:15] [32/459] SBTA
[16:48:16] [33/459] RTTD
[16:48:17] [34/459] CCJD
[16:48:18] [35/459] RSJJ
[16:48:19] [36/459] RKND
[16:48:20] [37/459] SVTX
[16:48:20] [38/459] BAKM
[16:48:22] [39/459] SVDC
[16:48:22] [40/459] MNCV
[16:48:23] [41/459] SJGC
[16:48:24] [42/459] MTPK
[16:48:25] [43/459] GATP
[16:48:26] [44/459] ABTS
[16:48:27] [45/459] ABDE
[16:48:28] [46/459] RCNM
[16:48:29] [47/459] KTHV
[16:48:30] [48/459] MDGJ
[16:48:31] [49/459] SMLM
[16:48:31] [50/459] JTMA
[16:48:32] [51/459] ACKP
[16:48:33] [52/459] SRTA
[16:48:34] [53/459] STAY
[16:48:35] [54/459] MAVO
[16:48:36] [55/459] APTS
[16:48:37] [56/459] OMEA
[16:48:38] [57/459] TTFD
[16:48:39] [58/459] MJCU
[16:48:39] [59/459] CXTE
[16:48:40] [60/459] CTPX
[16:48:41] [61/459] ASSL
[16:48:43] [62/459] CMVB
[16:48:44] [63/459] VPUR
[16:48:44] [64/459] JJDA
[16:48:45] [65/459] INBL
[16:48:46] [66/459] BIKB
[16:48:47] [67/459] NTBB
[16:48:48] [68/459] GLOB
[16:48:49] [69/459] SNTB
[16:48:51] [70/459] CHGV
[16:48:53] [71/459] SSBZ
[16:48:53] [72/459] PRDB
[16:48:54] [73/459] ISMT
[16:48:55] [74/459] MCSD
[16:48:56] [75/459] JBTT
[16:48:57] [76/459] GEKR
[16:48:58] [77/459] PVUN
[16:49:00] [78/459] NRTB
[16:49:01] [79/459] PRAA
[16:49:02] [80/459] PCBL
[16:49:03] [81/459] PTCM
[16:49:04] [82/459] KHNN
[16:49:04] [83/459] OMJE
[16:49:05] [84/459] STGN
[16:49:07] [85/459] RPMS
[16:49:08] [86/459] NWAD
[16:49:09] [87/459] BLCK
[16:49:10] [88/459] SVAA
[16:49:11] [89/459] URVM
[16:49:11] [90/459] ANTM
[16:49:12] [91/459] VJYM
[16:49:13] [92/459] MAZZ
[16:49:14] [93/459] CSHM
[16:49:15] [94/459] WGMH
[16:49:15] [95/459] SALN
[16:49:16] [96/459] BRTP
[16:49:17] [97/459] SVTA
[16:49:18] [98/459] SBTP
[16:49:19] [99/459] VLSS
[16:49:20] [100/459] SRJA
[16:49:20] [101/459] ANCG
[16:49:22] [102/459] CGGC
[16:49:23] [103/459] CRJA
[16:49:24] [104/459] USCR
[16:49:25] [105/459] MMEF
[16:49:26] [106/459] JCRJ
[16:49:27] [107/459] ADCM
[16:49:27] [108/459] BMYK
[16:49:29] [109/459] KICS
[16:49:30] [110/459] MBBT
[16:49:31] [111/459] MACK
[16:49:31] [112/459] CLDR
[16:49:32] [113/459] JYCR
[16:49:34] [114/459] DCRP
[16:49:35] [115/459] RAHT
[16:49:36] [116/459] CSSM
[16:49:37] [117/459] ATPK
[16:49:38] [118/459] KLRT
[16:49:38] [119/459] SRDD
[16:49:39] [120/459] CKMC
[16:49:40] [121/459] KRVM
[16:49:41] [122/459] AKCP
[16:49:42] [123/459] CNCV
[16:49:44] [124/459] PACT
[16:49:45] [125/459] NATP
[16:49:45] [126/459] PCPK
[16:49:46] [127/459] SMHO
[16:49:47] [128/459] CWTK
[16:49:48] [129/459] RVKZ
[16:49:49] [130/459] ASPD
[16:49:50] [131/459] VTKZ
[16:49:51] [132/459] LCSO
[16:49:53] [133/459] PRDY
[16:49:54] [134/459] RCAP
[16:49:55] [135/459] RGAR
[16:49:55] [136/459] RCAC
[16:49:56] [137/459] PMOD
[16:49:57] [138/459] PVCN
[16:49:58] [139/459] SCRZ
[16:49:59] [140/459] PVPC
[16:50:00] [141/459] STID
[16:50:01] [142/459] NEDD
[16:50:02] [143/459] BNBA
[16:50:03] [144/459] NTCD
[16:50:04] [145/459] OCDE
[16:50:05] [146/459] CCDU
[16:50:06] [147/459] CRXH
[16:50:06] [148/459] VLVT
[16:50:07] [149/459] CICI
[16:50:08] [150/459] SUCB
[16:50:09] [151/459] TCBP
[16:50:09] [152/459] SCCY
[16:50:10] [153/459] LXCY
[16:50:11] [154/459] NCMD
[16:50:13] [155/459] PHCS
[16:50:14] [156/459] DUXR
[16:50:15] [157/459] VNKS
[16:50:17] [158/459] SEDP
[16:50:17] [159/459] SVEN
[16:50:18] [160/459] SRKM
[16:50:19] [161/459] JTLT
[16:50:20] [162/459] SVSS
[16:50:21] [163/459] AMDE
[16:50:21] [164/459] WVRN
[16:50:22] [165/459] ISMG
[16:50:23] [166/459] WVKS
[16:50:24] [167/459] USCG
[16:50:25] [168/459] IOTG
[16:50:26] [169/459] RRJM
[16:50:26] [170/459] EDMP
[16:50:27] [171/459] SCGZ
[16:50:28] [172/459] GMGX
[16:50:29] [173/459] OMTP
[16:50:30] [174/459] MITD
[16:50:31] [175/459] SMMD
[16:50:32] [176/459] STML
[16:50:33] [177/459] MCFS
[16:50:33] [178/459] FPKA
[16:50:34] [179/459] OMLR
[16:50:35] [180/459] KKSC
[16:50:36] [181/459] RVMA
[16:50:37] [182/459] SCLL
[16:50:38] [183/459] SCDK
[16:50:39] [184/459] SXMI
[16:50:40] [185/459] SHDN
[16:50:41] [186/459] PAAD
[16:50:41] [187/459] UUCB
[16:50:42] [188/459] JHOL
[16:50:43] [189/459] SGWT
[16:50:44] [190/459] SRII
[16:50:45] [191/459] SGCK
[16:50:45] [192/459] SVVB
[16:50:46] [193/459] DMHA
[16:50:47] [194/459] PPNL
[16:50:48] [195/459] CPNL
[16:50:49] [196/459] WVLD
[16:50:50] [197/459] PSLV
[16:50:51] [198/459] VTTL
[16:50:52] [199/459] NPAD
[16:50:53] [200/459] PVCS
[16:50:54] [201/459] MCHL
[16:50:54] [202/459] PPLL
[16:50:55] [203/459] MALO
[16:50:56] [204/459] SWBH
[16:50:57] [205/459] PUGB
[16:50:58] [206/459] INBB
[16:50:59] [207/459] INNS
[16:51:00] [208/459] MCPT
[16:51:00] [209/459] SCMI
[16:51:01] [210/459] OCON
[16:51:02] [211/459] SCSM
[16:51:03] [212/459] RJVN
[16:51:04] [213/459] AMDK
[16:51:05] [214/459] ISMR
[16:51:05] [215/459] SMTD
[16:51:06] [216/459] VTDD
[16:51:07] [217/459] PDDZ
[16:51:09] [218/459] PCCK
[16:51:09] [219/459] INAM
[16:51:10] [220/459] FNKT
[16:51:11] [221/459] GDKA
[16:51:12] [222/459] MAYU
[16:51:13] [223/459] TCGU
[16:51:14] [224/459] KDCA
[16:51:14] [225/459] DOMY
[16:51:15] [226/459] PDDD
[16:51:16] [227/459] BJTS
[16:51:17] [228/459] VTCA
[16:51:18] [229/459] SBTM
[16:51:18] [230/459] SEET
[16:51:20] [231/459] SSTJ
[16:51:20] [232/459] SVNT
[16:51:21] [233/459] PPPR
[16:51:22] [234/459] PVYS
[16:51:23] [235/459] IOSE
[16:51:24] [236/459] ACTV
[16:51:25] [237/459] APVE
[16:51:25] [238/459] TCCL
[16:51:26] [239/459] SCMO
[16:51:27] [240/459] SAUM
[16:51:28] [241/459] KCJS
[16:51:29] [242/459] NJCJ
[16:51:30] [243/459] NECF
[16:51:31] [244/459] CCGW
[16:51:32] [245/459] CCMG
[16:51:33] [246/459] NYRG
[16:51:34] [247/459] NCSQ
[16:51:34] [248/459] GRCG
[16:51:35] [249/459] CCBT
[16:51:36] [250/459] ACGA
[16:51:37] [251/459] INAG
[16:51:38] [252/459] FUCG
[16:51:39] [253/459] AICF
[16:51:40] [254/459] GRGA
[16:51:41] [255/459] GDCN
[16:51:41] [256/459] RRCG
[16:51:42] [257/459] SDCH
[16:51:43] [258/459] WVJM
[16:51:44] [259/459] JCCZ
[16:51:45] [260/459] CNCL
[16:51:46] [261/459] TMLV
[16:51:47] [262/459] MEMB
[16:51:48] [263/459] SGTD
[16:51:49] [264/459] CONX
[16:51:50] [265/459] CCMH
[16:51:51] [266/459] ACMC
[16:51:52] [267/459] DTPD
[16:51:54] [268/459] POJA
[16:51:54] [269/459] FNBH
[16:51:55] [270/459] CGCB
[16:51:56] [271/459] RACN
[16:51:57] [272/459] JTSM
[16:51:58] [273/459] SCDN
[16:51:59] [274/459] AACK
[16:51:59] [275/459] RMCE
[16:52:00] [276/459] BSGB
[16:52:01] [277/459] MRCB
[16:52:02] [278/459] SRVR
[16:52:03] [279/459] VTKK
[16:52:04] [280/459] AMST
[16:52:04] [281/459] APCY
[16:52:05] [282/459] LMHO
[16:52:06] [283/459] MTZH
[16:52:07] [284/459] AMZB
[16:52:08] [285/459] SUVT
[16:52:09] [286/459] RCIP
[16:52:10] [287/459] KESR
[16:52:11] [288/459] SNKC
[16:52:12] [289/459] SCED
[16:52:13] [290/459] DVCA
[16:52:14] [291/459] VCDT
[16:52:16] [292/459] RRDI
[16:52:17] [293/459] DFCH
[16:52:19] [294/459] INSC
[16:52:20] [295/459] RGTR
[16:52:21] [296/459] FMOT
[16:52:22] [297/459] SCPM
[16:52:23] [298/459] GCDT
[16:52:24] [299/459] BRKT
[16:52:25] [300/459] DEMP
[16:52:26] [301/459] SRLC
[16:52:26] [302/459] KSTT
[16:52:27] [303/459] SMMT
[16:52:28] [304/459] SILM
[16:52:29] [305/459] JCVM
[16:52:31] [306/459] KCSV
[16:52:32] [307/459] MHLK
[16:52:33] [308/459] SLVL
[16:52:34] [309/459] RJKP
[16:52:35] [310/459] BBPC
[16:52:35] [311/459] MXCB
[16:52:36] [312/459] TCPK
[16:52:37] [313/459] RTBR
[16:52:38] [314/459] GAUT
[16:52:39] [315/459] DVCF
[16:52:40] [316/459] JTSB
[16:52:41] [317/459] SBLS
[16:52:42] [318/459] UDAY
[16:52:43] [319/459] PTNP
[16:52:44] [320/459] DMKT
[16:52:45] [321/459] NTDT
[16:52:46] [322/459] SHDJ
[16:52:47] [323/459] OTNC
[16:52:47] [324/459] RNTW
[16:52:48] [325/459] GCMI
[16:52:49] [326/459] CRCM
[16:52:51] [327/459] NNCZ
[16:52:52] [328/459] OEMO
[16:52:52] [329/459] PVJM
[16:52:53] [330/459] CPJI
[16:52:54] [331/459] RMCJ
[16:52:55] [332/459] CNWJ
[16:52:56] [333/459] EPJM
[16:52:56] [334/459] FNJJ
[16:52:57] [335/459] GCMJ
[16:52:58] [336/459] INPS
[16:52:59] [337/459] BICJ
[16:53:00] [338/459] ISTJ
[16:53:01] [339/459] INJC
[16:53:02] [340/459] GLXJ
[16:53:03] [341/459] INEM
[16:53:04] [342/459] JTMN
[16:53:05] [343/459] FRCJ
[16:53:05] [344/459] DDJP
[16:53:06] [345/459] INJV
[16:53:07] [346/459] GOLC
[16:53:08] [347/459] KOCI
[16:53:09] [348/459] FSTD
[16:53:09] [349/459] PACJ
[16:53:10] [350/459] GMCN
[16:53:11] [351/459] MMDJ
[16:53:12] [352/459] GODH
[16:53:13] [353/459] SKYN
[16:53:14] [354/459] NCTH
[16:53:15] [355/459] SKVZ
[16:53:16] [356/459] SVML
[16:53:17] [357/459] ACVZ
[16:53:17] [358/459] SURA
[16:53:18] [359/459] RTRB
[16:53:19] [360/459] LLCT
[16:53:21] [361/459] ATTS
[16:53:22] [362/459] JYCM
[16:53:22] [363/459] CTKR
[16:53:23] [364/459] LCKR
[16:53:24] [365/459] NYCV
[16:53:25] [366/459] NYOH
[16:53:25] [367/459] NOVX
[16:53:26] [368/459] MRGK
[16:53:27] [369/459] MOON
[16:53:28] [370/459] SBUC
[16:53:29] [371/459] GSVA
[16:53:30] [372/459] VIAK
[16:53:30] [373/459] SMVZ
[16:53:31] [374/459] MATE
[16:53:33] [375/459] RDCN
[16:53:34] [376/459] ASBL
[16:53:35] [377/459] ASVS
[16:53:36] [378/459] ASSR
[16:53:37] [379/459] SSKN
[16:53:37] [380/459] DRPV
[16:53:38] [381/459] MRHT
[16:53:39] [382/459] BSCN
[16:53:40] [383/459] RKNX
[16:53:41] [384/459] MSMC
[16:53:42] [385/459] MSCJ
[16:53:43] [386/459] BTBJ
[16:53:44] [387/459] MJCC
[16:53:45] [388/459] IOMM
[16:53:45] [389/459] ADGR
[16:53:46] [390/459] MYCP
[16:53:47] [391/459] IGCM
[16:53:48] [392/459] PGRK
[16:53:49] [393/459] VPGO
[16:53:50] [394/459] KOMS
[16:53:51] [395/459] URGG
[16:53:51] [396/459] GOST
[16:53:52] [397/459] LACT
[16:53:53] [398/459] BWCM
[16:53:54] [399/459] NCCW
[16:53:55] [400/459] SKYC
[16:53:55] [401/459] CCPM
[16:53:56] [402/459] VCBT
[16:53:57] [403/459] SDKR
[16:53:58] [404/459] CTYB
[16:53:59] [405/459] SHCX
[16:54:00] [406/459] RCUN
[16:54:01] [407/459] CNRA
[16:54:02] [408/459] RFCA
[16:54:03] [409/459] RDCU
[16:54:04] [410/459] SARK
[16:54:05] [411/459] SPPP
[16:54:06] [412/459] ADMB
[16:54:07] [413/459] JYOE
[16:54:07] [414/459] SRMD
[16:54:08] [415/459] RJDH
[16:54:09] [416/459] SSTD
[16:54:10] [417/459] AACV
[16:54:11] [418/459] PPVD
[16:54:12] [419/459] STCP
[16:54:13] [420/459] ANJR
[16:54:14] [421/459] ANLS
[16:54:15] [422/459] BIJO
[16:54:16] [423/459] AVAB
[16:54:17] [424/459] SPMD
[16:54:17] [425/459] SVJL
[16:54:18] [426/459] SDDJ
[16:54:19] [427/459] SLTU
[16:54:20] [428/459] SAKA
[16:54:21] [429/459] PMAM
[16:54:22] [430/459] FNAM
[16:54:22] [431/459] ACAM
[16:54:23] [432/459] SCMM
[16:54:24] [433/459] PMAK
[16:54:25] [434/459] NYSA
[16:54:26] [435/459] FCPA
[16:54:27] [436/459] GDAN
[16:54:28] [437/459] RSCA
[16:54:28] [438/459] DMAN
[16:54:30] [439/459] DZCM
[16:54:31] [440/459] NSGL
[16:54:32] [441/459] CCPP
[16:54:33] [442/459] PSMG
[16:54:34] [443/459] GSER
[16:54:35] [444/459] FCCT
[16:54:36] [445/459] FCTB
[16:54:36] [446/459] LCNK
[16:54:37] [447/459] SKTY
[16:54:38] [448/459] INAA
[16:54:39] [449/459] RCWN
[16:54:39] [450/459] VAIS
[16:54:40] [451/459] CVMN
[16:54:41] [452/459] INTS
[16:54:42] [453/459] FRGS
[16:54:43] [454/459] DTCK
[16:54:45] [455/459] MCMH
[16:54:46] [456/459] ECRR
[16:54:46] [457/459] RLLP
[16:54:47] [458/459] CCSN
[16:54:48] [459/459] CCBA
[16:54:49] 🧹 Deduping shows
[16:54:49] ✅ DONE | Shows=71 | Movies=7
