[10:12:15] 🚀 SCRIPT STARTED
[10:12:15] [1/296] CDCA
[10:12:15] 🧠 New identity created
[10:12:16] [2/296] MNSR
[10:12:17] [3/296] CSSL
[10:12:18] [4/296] BGGM
[10:12:19] [5/296] MANT
[10:12:20] [6/296] SOOY
[10:12:21] [7/296] VPPK
[10:12:22] [8/296] MYHJ
[10:12:23] [9/296] KSCK
[10:12:24] [10/296] KATK
[10:12:25] [11/296] RTRT
[10:12:25] [12/296] SSTT
[10:12:26] [13/296] SSTV
[10:12:28] [14/296] LACM
[10:12:29] [15/296] SGMG
[10:12:30] [16/296] KACX
[10:12:30] [17/296] GVCP
[10:12:31] [18/296] CSNC
[10:12:32] [19/296] SXCB
[10:12:33] [20/296] BAHS
[10:12:34] [21/296] PCBI
[10:12:34] [22/296] PSSM
[10:12:35] [23/296] RCOK
[10:12:37] [24/296] SCPF
[10:12:38] [25/296] SSAS
[10:12:39] [26/296] EVMM
[10:12:40] [27/296] SYCB
[10:12:40] [28/296] GCKI
[10:12:41] [29/296] IAET
[10:12:42] [30/296] DDTD
[10:12:43] [31/296] GMDH
[10:12:44] [32/296] STLE
[10:12:44] [33/296] JTRA
[10:12:46] [34/296] RPPA
[10:12:47] [35/296] ARUT
[10:12:48] [36/296] JTVM
[10:12:49] [37/296] SWRH
[10:12:50] [38/296] DCPC
[10:12:50] [39/296] RAPR
[10:12:51] [40/296] GCRT
[10:12:52] [41/296] ATUN
[10:12:53] [42/296] LTRM
[10:12:53] [43/296] TASR
[10:12:54] [44/296] RLLC
[10:12:55] [45/296] MABI
[10:12:56] [46/296] SVHB
[10:12:56] [47/296] NVTB
[10:12:57] [48/296] KCKG
[10:12:58] [49/296] SSRN
[10:12:59] [50/296] VDDC
[10:13:00] [51/296] GKTK
[10:13:01] [52/296] YFSN
[10:13:01] [53/296] GCSG
[10:13:02] [54/296] ESSM
[10:13:03] [55/296] KRIH
[10:13:04] [56/296] GCDS
[10:13:05] [57/296] CCSH
[10:13:06] [58/296] ACSK
[10:13:07] [59/296] APRK
[10:13:08] [60/296] ADKM
[10:13:08] [61/296] SRDM
[10:13:10] [62/296] RMOG
[10:13:11] [63/296] SJMY
[10:13:11] [64/296] PGGC
[10:13:12] [65/296] INGM
[10:13:13] [66/296] LSCB
[10:13:14] [67/296] STAD
[10:13:15] [68/296] MCCR
[10:13:16] [69/296] ABCC
[10:13:17] [70/296] RKCC
[10:13:17] [71/296] RTCR
[10:13:18] [72/296] GGBC
[10:13:19] [73/296] GCSD
[10:13:20] [74/296] LPTY
[10:13:20] [75/296] MCFD
[10:13:21] [76/296] HENN
[10:13:22] [77/296] SMKU
[10:13:23] [78/296] TNZC
[10:13:24] [79/296] DRCD
[10:13:25] [80/296] DLCD
[10:13:26] [81/296] RCDA
[10:13:26] [82/296] COSM
[10:13:27] [83/296] MCMJ
[10:13:28] [84/296] CSTR
[10:13:29] [85/296] CVDK
[10:13:30] [86/296] INRR
[10:13:30] [87/296] RJRT
[10:13:31] [88/296] IRMR
[10:13:32] [89/296] SRCF
[10:13:34] [90/296] GRCR
[10:13:35] [91/296] SURC
[10:13:36] [92/296] NMNH
[10:13:38] [93/296] SVBL
[10:13:39] [94/296] KACI
[10:13:40] [95/296] TDGO
[10:13:41] [96/296] KTBR
[10:13:42] [97/296] PMAD
[10:13:42] [98/296] CCPN
[10:13:43] [99/296] SBTK
[10:13:44] [100/296] LMDK
[10:13:45] [101/296] PGDA
[10:13:46] [102/296] SRML
[10:13:47] [103/296] EVCK
[10:13:48] [104/296] RTTK
[10:13:49] [105/296] SRTU
[10:13:49] [106/296] VRSA
[10:13:50] [107/296] VARS
[10:13:51] [108/296] DSCZ
[10:13:52] [109/296] GAGA
[10:13:53] [110/296] SARV
[10:13:54] [111/296] SEEG
[10:13:55] [112/296] GLCA
[10:13:56] [113/296] APAS
[10:13:57] [114/296] VCIA
[10:13:58] [115/296] SJTA
[10:13:59] [116/296] SABM
[10:14:00] [117/296] PPAG
[10:14:01] [118/296] RVCA
[10:14:01] [119/296] CCIA
[10:14:02] [120/296] HTAG
[10:14:03] [121/296] SMBI
[10:14:04] [122/296] MCJR
[10:14:05] [123/296] CCJR
[10:14:05] [124/296] SINF
[10:14:06] [125/296] CPLX
[10:14:07] [126/296] KKTJ
[10:14:08] [127/296] GDBW
[10:14:09] [128/296] CSUB
[10:14:10] [129/296] DABA
[10:14:10] [130/296] TITR
[10:14:11] [131/296] NYCR
[10:14:12] [132/296] RTRY
[10:14:13] [133/296] JTJL
[10:14:14] [134/296] SJCP
[10:14:15] [135/296] KCCA
[10:14:16] [136/296] MLPG
[10:14:17] [137/296] VRCK
[10:14:18] [138/296] SRIN
[10:14:19] [139/296] CXMK
[10:14:20] [140/296] SKAD
[10:14:21] [141/296] AVTR
[10:14:22] [142/296] PTAJ
[10:14:22] [143/296] SCNK
[10:14:23] [144/296] STTI
[10:14:24] [145/296] KACR
[10:14:25] [146/296] SSDX
[10:14:26] [147/296] VRTJ
[10:14:27] [148/296] RAJD
[10:14:27] [149/296] SCIP
[10:14:28] [150/296] RJSL
[10:14:29] [151/296] ARRS
[10:14:30] [152/296] ASMS
[10:14:31] [153/296] RDTS
[10:14:32] [154/296] DVMY
[10:14:33] [155/296] RASA
[10:14:33] [156/296] INOM
[10:14:34] [157/296] SPRS
[10:14:35] [158/296] SGCS
[10:14:36] [159/296] SALM
[10:14:38] [160/296] PKHC
[10:14:39] [161/296] RCSV
[10:14:40] [162/296] CPKC
[10:14:40] [163/296] AACD
[10:14:41] [164/296] GGCV
[10:14:42] [165/296] SMKD
[10:14:43] [166/296] NBCH
[10:14:43] [167/296] AMCB
[10:14:44] [168/296] OPCN
[10:14:45] [169/296] DCIN
[10:14:47] [170/296] INGW
[10:14:48] [171/296] PKKW
[10:14:48] [172/296] FNGW
[10:14:49] [173/296] GCGD
[10:14:50] [174/296] MSTW
[10:14:51] [175/296] KCCG
[10:14:51] [176/296] MRSS
[10:14:52] [177/296] CLCF
[10:14:53] [178/296] EETS
[10:14:54] [179/296] AATR
[10:14:55] [180/296] CMMN
[10:14:56] [181/296] SCCJ
[10:14:57] [182/296] CDTK
[10:14:57] [183/296] AICP
[10:14:58] [184/296] FNBP
[10:14:59] [185/296] CBPB
[10:15:00] [186/296] CPAS
[10:15:01] [187/296] MAPM
[10:15:02] [188/296] PASD
[10:15:02] [189/296] JCMN
[10:15:04] [190/296] MALB
[10:15:05] [191/296] SACG
[10:15:06] [192/296] DDRX
[10:15:07] [193/296] DDXB
[10:15:08] [194/296] RAMC
[10:15:08] [195/296] SANC
[10:15:09] [196/296] BCBP
[10:15:10] [197/296] ALPC
[10:15:11] [198/296] RBAC
[10:15:12] [199/296] RAJL
[10:15:13] [200/296] MPDX
[10:15:14] [201/296] MUSC
[10:15:15] [202/296] VKMK
[10:15:15] [203/296] SKCG
[10:15:16] [204/296] ANCN
[10:15:17] [205/296] MMCJ
[10:15:18] [206/296] DCAK
[10:15:19] [207/296] SCKG
[10:15:20] [208/296] LMCK
[10:15:22] [209/296] CKKX
[10:15:23] [210/296] ANKU
[10:15:24] [211/296] CSMD
[10:15:24] [212/296] MKMP
[10:15:25] [213/296] SVBG
[10:15:26] [214/296] ROOP
[10:15:27] [215/296] GDMT
[10:15:28] [216/296] FPPF
[10:15:29] [217/296] SFUU
[10:15:29] [218/296] ANCB
[10:15:30] [219/296] SMMC
[10:15:31] [220/296] UGKT
[10:15:32] [221/296] JVRM
[10:15:32] [222/296] BATG
[10:15:33] [223/296] RATE
[10:15:34] [224/296] SKME
[10:15:35] [225/296] LMTP
[10:15:36] [226/296] TCBD
[10:15:37] [227/296] ESBD
[10:15:38] [228/296] GDCU
[10:15:39] [229/296] SNKT
[10:15:39] [230/296] SRNK
[10:15:40] [231/296] SMED
[10:15:41] [232/296] CSQS
[10:15:42] [233/296] ALCS
[10:15:43] [234/296] KCKN
[10:15:43] [235/296] VCCL
[10:15:45] [236/296] MCDA
[10:15:46] [237/296] SHMI
[10:15:47] [238/296] SKHA
[10:15:48] [239/296] SVFK
[10:15:49] [240/296] INVB
[10:15:50] [241/296] MELD
[10:15:51] [242/296] JTYS
[10:15:51] [243/296] INCM
[10:15:52] [244/296] MCDV
[10:15:53] [245/296] KSGK
[10:15:54] [246/296] ICMG
[10:15:55] [247/296] CSCV
[10:15:55] [248/296] STMD
[10:15:57] [249/296] STTR
[10:15:57] [250/296] INVC
[10:15:58] [251/296] JTBL
[10:15:59] [252/296] SRVV
[10:16:00] [253/296] MAVC
[10:16:02] [254/296] SRPP
[10:16:03] [255/296] JGDM
[10:16:04] [256/296] MBSJ
[10:16:05] [257/296] SSLL
[10:16:06] [258/296] SLKP
[10:16:07] [259/296] NSRV
[10:16:08] [260/296] UTDV
[10:16:09] [261/296] KICM
[10:16:10] [262/296] KCMD
[10:16:11] [263/296] TTPP
[10:16:12] [264/296] KMPV
[10:16:13] [265/296] SKTV
[10:16:14] [266/296] STCV
[10:16:14] [267/296] SRDA
[10:16:15] [268/296] JTSX
[10:16:16] [269/296] STBV
[10:16:17] [270/296] APVZ
[10:16:18] [271/296] GSTV
[10:16:19] [272/296] NMVS
[10:16:19] [273/296] SKRT
[10:16:20] [274/296] RMDV
[10:16:21] [275/296] RATG
[10:16:22] [276/296] SJYV
[10:16:22] [277/296] NDGP
[10:16:23] [278/296] SNDG
[10:16:24] [279/296] INSR
[10:16:25] [280/296] INSO
[10:16:26] [281/296] CCSI
[10:16:27] [282/296] RASM
[10:16:28] [283/296] NEWC
[10:16:29] [284/296] VSHL
[10:16:30] [285/296] BISW
[10:16:31] [286/296] GCNG
[10:16:32] [287/296] CWSC
[10:16:33] [288/296] SKAN
[10:16:33] [289/296] SEHP
[10:16:34] [290/296] CCOA
[10:16:35] [291/296] MCAJ
[10:16:36] [292/296] ACDE
[10:16:36] [293/296] AACM
[10:16:37] [294/296] JJCK
[10:16:38] [295/296] RCMO
[10:16:39] [296/296] GDAW
[10:16:40] 🧹 Deduping shows
[10:16:40] ✅ DONE | Shows=36 | Movies=2
