[10:12:20] 🚀 SCRIPT STARTED
[10:12:20] [1/324] GCTA
[10:12:20] 🧠 New identity created
[10:12:21] [2/324] TOPN
[10:12:22] [3/324] MCUS
[10:12:23] [4/324] SHRL
[10:12:24] [5/324] UPTP
[10:12:26] [6/324] TMMP
[10:12:26] [7/324] DNRP
[10:12:27] [8/324] SRLT
[10:12:28] [9/324] RCNS
[10:12:29] [10/324] DCBH
[10:12:30] [11/324] NAGJ
[10:12:31] [12/324] JVRC
[10:12:31] [13/324] KRJG
[10:12:32] [14/324] SRTJ
[10:12:34] [15/324] CMXM
[10:12:35] [16/324] STMI
[10:12:35] [17/324] SLST
[10:12:36] [18/324] DTCN
[10:12:37] [19/324] STYN
[10:12:38] [20/324] SZVR
[10:12:39] [21/324] SRKO
[10:12:40] [22/324] JTGT
[10:12:41] [23/324] SVFD
[10:12:41] [24/324] SISD
[10:12:42] [25/324] ABDD
[10:12:43] [26/324] DRCA
[10:12:44] [27/324] AVCS
[10:12:45] [28/324] MVKH
[10:12:46] [29/324] ACPR
[10:12:46] [30/324] STIP
[10:12:47] [31/324] MTRA
[10:12:48] [32/324] RMKH
[10:12:49] [33/324] NKRL
[10:12:50] [34/324] PCWN
[10:12:51] [35/324] BLMT
[10:12:52] [36/324] GDPG
[10:12:53] [37/324] SRMX
[10:12:54] [38/324] JACP
[10:12:54] [39/324] CPSH
[10:12:55] [40/324] MCCD
[10:12:56] [41/324] ECGH
[10:12:57] [42/324] MKCK
[10:12:58] [43/324] SRMM
[10:12:58] [44/324] SKYR
[10:12:59] [45/324] PCKC
[10:13:00] [46/324] JCMA
[10:13:01] [47/324] BSMP
[10:13:02] [48/324] VSPA
[10:13:03] [49/324] DJYA
[10:13:03] [50/324] DIMP
[10:13:05] [51/324] FXDR
[10:13:06] [52/324] SSRC
[10:13:06] [53/324] STHP
[10:13:07] [54/324] CPPD
[10:13:08] [55/324] FCLK
[10:13:09] [56/324] SCPP
[10:13:10] [57/324] DCMJ
[10:13:11] [58/324] RCCR
[10:13:11] [59/324] INMT
[10:13:13] [60/324] LXTK
[10:13:14] [61/324] SRYK
[10:13:16] [62/324] SGDK
[10:13:17] [63/324] PPKA
[10:13:18] [64/324] SPKA
[10:13:19] [65/324] CGHH
[10:13:20] [66/324] DCJN
[10:13:21] [67/324] SRKV
[10:13:22] [68/324] SAJC
[10:13:23] [69/324] SUSR
[10:13:24] [70/324] STYG
[10:13:25] [71/324] NTKP
[10:13:25] [72/324] AKTG
[10:13:26] [73/324] CGCM
[10:13:27] [74/324] TULC
[10:13:28] [75/324] NYYZ
[10:13:29] [76/324] NYBW
[10:13:29] [77/324] MACB
[10:13:31] [78/324] SLVT
[10:13:32] [79/324] SANA
[10:13:33] [80/324] ACMR
[10:13:35] [81/324] CPKN
[10:13:35] [82/324] DLGK
[10:13:36] [83/324] CWCK
[10:13:37] [84/324] FDDH
[10:13:38] [85/324] MMMD
[10:13:39] [86/324] CMEH
[10:13:39] [87/324] GGGV
[10:13:41] [88/324] SPJL
[10:13:42] [89/324] RCCD
[10:13:42] [90/324] STTZ
[10:13:43] [91/324] BTCF
[10:13:44] [92/324] TSTZ
[10:13:45] [93/324] IPMM
[10:13:45] [94/324] PMPW
[10:13:46] [95/324] PCMZ
[10:13:48] [96/324] ESEM
[10:13:49] [97/324] PIPO
[10:13:50] [98/324] MATK
[10:13:51] [99/324] PGHM
[10:13:51] [100/324] CTSR
[10:13:52] [101/324] CYKR
[10:13:53] [102/324] MSCM
[10:13:54] [103/324] RFNP
[10:13:54] [104/324] PDCP
[10:13:55] [105/324] NPSE
[10:13:56] [106/324] MKML
[10:13:58] [107/324] FTDP
[10:13:58] [108/324] MMXA
[10:13:59] [109/324] CEPO
[10:14:00] [110/324] CMVP
[10:14:01] [111/324] SGTH
[10:14:02] [112/324] SAYN
[10:14:02] [113/324] URVS
[10:14:04] [114/324] VJTN
[10:14:04] [115/324] BBYK
[10:14:06] [116/324] SHBO
[10:14:07] [117/324] VCMR
[10:14:07] [118/324] MACT
[10:14:08] [119/324] JMNP
[10:14:09] [120/324] VICS
[10:14:10] [121/324] VCDA
[10:14:11] [122/324] GCMM
[10:14:13] [123/324] INVS
[10:14:13] [124/324] SCGM
[10:14:14] [125/324] PCDA
[10:14:15] [126/324] KDCT
[10:14:16] [127/324] JACS
[10:14:17] [128/324] GMMC
[10:14:18] [129/324] AICM
[10:14:18] [130/324] TJCM
[10:14:19] [131/324] RMTI
[10:14:20] [132/324] SHAC
[10:14:21] [133/324] APJC
[10:14:21] [134/324] GCTG
[10:14:22] [135/324] SSMC
[10:14:23] [136/324] THRM
[10:14:24] [137/324] RBCT
[10:14:25] [138/324] DIKT
[10:14:26] [139/324] MIDL
[10:14:27] [140/324] VCSN
[10:14:27] [141/324] SKTG
[10:14:28] [142/324] SMWC
[10:14:29] [143/324] MNKH
[10:14:30] [144/324] PIAT
[10:14:31] [145/324] LTTP
[10:14:32] [146/324] PTPU
[10:14:33] [147/324] ACMG
[10:14:34] [148/324] SHMM
[10:14:34] [149/324] MCMN
[10:14:35] [150/324] GLDC
[10:14:36] [151/324] HOUT
[10:14:37] [152/324] SVRP
[10:14:37] [153/324] PVDN
[10:14:38] [154/324] SCPY
[10:14:39] [155/324] DTPY
[10:14:41] [156/324] GKCS
[10:14:41] [157/324] NCAM
[10:14:42] [158/324] BSRM
[10:14:43] [159/324] RCLC
[10:14:44] [160/324] SKKD
[10:14:45] [161/324] ACHU
[10:14:46] [162/324] RSCF
[10:14:47] [163/324] IMSH
[10:14:48] [164/324] MACX
[10:14:49] [165/324] HMMW
[10:14:50] [166/324] JTCP
[10:14:51] [167/324] SREN
[10:14:51] [168/324] PJRR
[10:14:53] [169/324] INAC
[10:14:53] [170/324] BMCA
[10:14:55] [171/324] SHCB
[10:14:56] [172/324] GABA
[10:14:57] [173/324] SBCT
[10:14:58] [174/324] GCMA
[10:14:58] [175/324] MYTK
[10:14:59] [176/324] INZS
[10:15:00] [177/324] RMIK
[10:15:01] [178/324] NYCH
[10:15:01] [179/324] RAVE
[10:15:02] [180/324] PSXM
[10:15:04] [181/324] MCGP
[10:15:05] [182/324] PDDK
[10:15:05] [183/324] SPCK
[10:15:06] [184/324] MCRL
[10:15:07] [185/324] MHKT
[10:15:08] [186/324] ANRR
[10:15:09] [187/324] SAPK
[10:15:10] [188/324] NCUK
[10:15:11] [189/324] JUGA
[10:15:11] [190/324] DBSC
[10:15:13] [191/324] LALK
[10:15:14] [192/324] GUCK
[10:15:15] [193/324] STSG
[10:15:15] [194/324] PPPZ
[10:15:16] [195/324] CNCY
[10:15:17] [196/324] MTAR
[10:15:18] [197/324] VNKD
[10:15:19] [198/324] KMAJ
[10:15:20] [199/324] ACXK
[10:15:20] [200/324] UTKC
[10:15:21] [201/324] PBLK
[10:15:22] [202/324] ACBX
[10:15:24] [203/324] PTGM
[10:15:25] [204/324] BTDA
[10:15:25] [205/324] PJMB
[10:15:26] [206/324] TPDA
[10:15:27] [207/324] AMOE
[10:15:28] [208/324] PRHT
[10:15:29] [209/324] PRTA
[10:15:30] [210/324] STAM
[10:15:31] [211/324] MSAA
[10:15:31] [212/324] SDLU
[10:15:32] [213/324] RCHH
[10:15:33] [214/324] KANT
[10:15:34] [215/324] FCRT
[10:15:35] [216/324] DNKM
[10:15:36] [217/324] RYCP
[10:15:36] [218/324] MYRP
[10:15:37] [219/324] PPAK
[10:15:38] [220/324] NVPK
[10:15:39] [221/324] PRMC
[10:15:39] [222/324] JBCS
[10:15:40] [223/324] GXCK
[10:15:41] [224/324] USKO
[10:15:42] [225/324] GTEM
[10:15:43] [226/324] SMBU
[10:15:44] [227/324] VETC
[10:15:44] [228/324] LCDA
[10:15:45] [229/324] MTVT
[10:15:46] [230/324] PYCP
[10:15:47] [231/324] PNSC
[10:15:48] [232/324] PPCC
[10:15:50] [233/324] TGRT
[10:15:51] [234/324] JYOT
[10:15:52] [235/324] SRCZ
[10:15:52] [236/324] SJTE
[10:15:53] [237/324] DESC
[10:15:54] [238/324] JHVN
[10:15:55] [239/324] IPSG
[10:15:56] [240/324] IPCM
[10:15:56] [241/324] PDRS
[10:15:57] [242/324] ANCV
[10:15:58] [243/324] CMVV
[10:15:59] [244/324] SHYP
[10:16:00] [245/324] DNCS
[10:16:01] [246/324] GAJK
[10:16:02] [247/324] AKTN
[10:16:02] [248/324] KAYA
[10:16:03] [249/324] SBRC
[10:16:04] [250/324] CHTP
[10:16:05] [251/324] SHRT
[10:16:06] [252/324] BCKU
[10:16:07] [253/324] FCPS
[10:16:08] [254/324] ARDD
[10:16:09] [255/324] CPCM
[10:16:10] [256/324] CGSM
[10:16:10] [257/324] PSMP
[10:16:11] [258/324] SDAL
[10:16:12] [259/324] RTNB
[10:16:13] [260/324] LMCR
[10:16:14] [261/324] CIMA
[10:16:15] [262/324] RNAS
[10:16:15] [263/324] LITH
[10:16:16] [264/324] PBOX
[10:16:17] [265/324] FRTS
[10:16:18] [266/324] RKIC
[10:16:19] [267/324] PTAI
[10:16:19] [268/324] GCIC
[10:16:20] [269/324] FNAS
[10:16:21] [270/324] SCAR
[10:16:22] [271/324] MTCA
[10:16:23] [272/324] SCTS
[10:16:23] [273/324] SYCS
[10:16:24] [274/324] RDMS
[10:16:25] [275/324] KAMP
[10:16:26] [276/324] ERSD
[10:16:27] [277/324] MJMJ
[10:16:28] [278/324] SRCJ
[10:16:29] [279/324] SCXE
[10:16:30] [280/324] SVFR
[10:16:31] [281/324] BHCS
[10:16:31] [282/324] IMCC
[10:16:32] [283/324] PCBO
[10:16:33] [284/324] PRVN
[10:16:34] [285/324] AUPM
[10:16:36] [286/324] INBW
[10:16:37] [287/324] SVCW
[10:16:37] [288/324] RKCF
[10:16:38] [289/324] UVBH
[10:16:39] [290/324] DNCY
[10:16:40] [291/324] ABCN
[10:16:41] [292/324] PRUR
[10:16:42] [293/324] PFMR
[10:16:44] [294/324] RKCN
[10:16:44] [295/324] CFEA
[10:16:45] [296/324] SDBG
[10:16:46] [297/324] SNAR
[10:16:47] [298/324] YISI
[10:16:48] [299/324] JCFF
[10:16:48] [300/324] VTRK
[10:16:49] [301/324] PCLZ
[10:16:50] [302/324] DIMY
[10:16:52] [303/324] BBTS
[10:16:52] [304/324] GATH
[10:16:53] [305/324] GTMN
[10:16:55] [306/324] VTMH
[10:16:56] [307/324] CCKP
[10:16:57] [308/324] GPKA
[10:16:58] [309/324] MHCL
[10:16:58] [310/324] ATCL
[10:17:00] [311/324] SBCK
[10:17:00] [312/324] AMMR
[10:17:01] [313/324] MADC
[10:17:02] [314/324] TMMA
[10:17:03] [315/324] CACC
[10:17:04] [316/324] CHAL
[10:17:04] [317/324] DURG
[10:17:05] [318/324] GMKU
[10:17:06] [319/324] GECA
[10:17:07] [320/324] KYRR
[10:17:08] [321/324] KSDE
[10:17:09] [322/324] LMCI
[10:17:09] [323/324] NKCP
[10:17:10] [324/324] BGTC
[10:17:11] 🧹 Deduping shows
[10:17:11] ✅ DONE | Shows=34 | Movies=5
[16:41:59] 🚀 SCRIPT STARTED
[16:41:59] [1/324] GCTA
[16:41:59] 🧠 New identity created
[16:42:00] [2/324] TOPN
[16:42:01] [3/324] MCUS
[16:42:02] [4/324] SHRL
[16:42:03] [5/324] UPTP
[16:42:04] [6/324] TMMP
[16:42:05] [7/324] DNRP
[16:42:06] [8/324] SRLT
[16:42:07] [9/324] RCNS
[16:42:08] [10/324] DCBH
[16:42:10] [11/324] NAGJ
[16:42:12] [12/324] JVRC
[16:42:13] [13/324] KRJG
[16:42:14] [14/324] SRTJ
[16:42:14] [15/324] CMXM
[16:42:15] [16/324] STMI
[16:42:16] [17/324] SLST
[16:42:17] [18/324] DTCN
[16:42:18] [19/324] STYN
[16:42:19] [20/324] SZVR
[16:42:20] [21/324] SRKO
[16:42:21] [22/324] JTGT
[16:42:21] [23/324] SVFD
[16:42:22] [24/324] SISD
[16:42:23] [25/324] ABDD
[16:42:24] [26/324] DRCA
[16:42:25] [27/324] AVCS
[16:42:26] [28/324] MVKH
[16:42:27] [29/324] ACPR
[16:42:28] [30/324] STIP
[16:42:28] [31/324] MTRA
[16:42:29] [32/324] RMKH
[16:42:30] [33/324] NKRL
[16:42:32] [34/324] PCWN
[16:42:34] [35/324] BLMT
[16:42:34] [36/324] GDPG
[16:42:35] [37/324] SRMX
[16:42:36] [38/324] JACP
[16:42:37] [39/324] CPSH
[16:42:38] [40/324] MCCD
[16:42:39] [41/324] ECGH
[16:42:40] [42/324] MKCK
[16:42:41] [43/324] SRMM
[16:42:43] [44/324] SKYR
[16:42:44] [45/324] PCKC
[16:42:45] [46/324] JCMA
[16:42:46] [47/324] BSMP
[16:42:47] [48/324] VSPA
[16:42:47] [49/324] DJYA
[16:42:48] [50/324] DIMP
[16:42:49] [51/324] FXDR
[16:42:50] [52/324] SSRC
[16:42:51] [53/324] STHP
[16:42:52] [54/324] CPPD
[16:42:52] [55/324] FCLK
[16:42:53] [56/324] SCPP
[16:42:54] [57/324] DCMJ
[16:42:55] [58/324] RCCR
[16:42:56] [59/324] INMT
[16:42:57] [60/324] LXTK
[16:42:58] [61/324] SRYK
[16:42:59] [62/324] SGDK
[16:43:00] [63/324] PPKA
[16:43:01] [64/324] SPKA
[16:43:02] [65/324] CGHH
[16:43:02] [66/324] DCJN
[16:43:04] [67/324] SRKV
[16:43:05] [68/324] SAJC
[16:43:06] [69/324] SUSR
[16:43:07] [70/324] STYG
[16:43:07] [71/324] NTKP
[16:43:08] [72/324] AKTG
[16:43:10] [73/324] CGCM
[16:43:10] [74/324] TULC
[16:43:11] [75/324] NYYZ
[16:43:12] [76/324] NYBW
[16:43:13] [77/324] MACB
[16:43:14] [78/324] SLVT
[16:43:14] [79/324] SANA
[16:43:16] [80/324] ACMR
[16:43:17] [81/324] CPKN
[16:43:18] [82/324] DLGK
[16:43:19] [83/324] CWCK
[16:43:20] [84/324] FDDH
[16:43:21] [85/324] MMMD
[16:43:22] [86/324] CMEH
[16:43:22] [87/324] GGGV
[16:43:23] [88/324] SPJL
[16:43:24] [89/324] RCCD
[16:43:25] [90/324] STTZ
[16:43:27] [91/324] BTCF
[16:43:28] [92/324] TSTZ
[16:43:29] [93/324] IPMM
[16:43:30] [94/324] PMPW
[16:43:32] [95/324] PCMZ
[16:43:33] [96/324] ESEM
[16:43:34] [97/324] PIPO
[16:43:35] [98/324] MATK
[16:43:36] [99/324] PGHM
[16:43:36] [100/324] CTSR
[16:43:37] [101/324] CYKR
[16:43:38] [102/324] MSCM
[16:43:39] [103/324] RFNP
[16:43:40] [104/324] PDCP
[16:43:41] [105/324] NPSE
[16:43:42] [106/324] MKML
[16:43:43] [107/324] FTDP
[16:43:44] [108/324] MMXA
[16:43:45] [109/324] CEPO
[16:43:45] [110/324] CMVP
[16:43:46] [111/324] SGTH
[16:43:47] [112/324] SAYN
[16:43:48] [113/324] URVS
[16:43:49] [114/324] VJTN
[16:43:50] [115/324] BBYK
[16:43:50] [116/324] SHBO
[16:43:52] [117/324] VCMR
[16:43:53] [118/324] MACT
[16:43:53] [119/324] JMNP
[16:43:54] [120/324] VICS
[16:43:55] [121/324] VCDA
[16:43:56] [122/324] GCMM
[16:43:57] [123/324] INVS
[16:43:58] [124/324] SCGM
[16:43:59] [125/324] PCDA
[16:44:00] [126/324] KDCT
[16:44:01] [127/324] JACS
[16:44:02] [128/324] GMMC
[16:44:03] [129/324] AICM
[16:44:04] [130/324] TJCM
[16:44:05] [131/324] RMTI
[16:44:06] [132/324] SHAC
[16:44:07] [133/324] APJC
[16:44:08] [134/324] GCTG
[16:44:09] [135/324] SSMC
[16:44:10] [136/324] THRM
[16:44:12] [137/324] RBCT
[16:44:13] [138/324] DIKT
[16:44:14] [139/324] MIDL
[16:44:14] [140/324] VCSN
[16:44:15] [141/324] SKTG
[16:44:16] [142/324] SMWC
[16:44:17] [143/324] MNKH
[16:44:18] [144/324] PIAT
[16:44:19] [145/324] LTTP
[16:44:19] [146/324] PTPU
[16:44:20] [147/324] ACMG
[16:44:21] [148/324] SHMM
[16:44:23] [149/324] MCMN
[16:44:23] [150/324] GLDC
[16:44:24] [151/324] HOUT
[16:44:25] [152/324] SVRP
[16:44:26] [153/324] PVDN
[16:44:27] [154/324] SCPY
[16:44:28] [155/324] DTPY
[16:44:29] [156/324] GKCS
[16:44:30] [157/324] NCAM
[16:44:31] [158/324] BSRM
[16:44:32] [159/324] RCLC
[16:44:33] [160/324] SKKD
[16:44:33] [161/324] ACHU
[16:44:35] [162/324] RSCF
[16:44:36] [163/324] IMSH
[16:44:37] [164/324] MACX
[16:44:38] [165/324] HMMW
[16:44:38] [166/324] JTCP
[16:44:39] [167/324] SREN
[16:44:40] [168/324] PJRR
[16:44:41] [169/324] INAC
[16:44:42] [170/324] BMCA
[16:44:43] [171/324] SHCB
[16:44:45] [172/324] GABA
[16:44:46] [173/324] SBCT
[16:44:46] [174/324] GCMA
[16:44:47] [175/324] MYTK
[16:44:48] [176/324] INZS
[16:44:49] [177/324] RMIK
[16:44:50] [178/324] NYCH
[16:44:51] [179/324] RAVE
[16:44:51] [180/324] PSXM
[16:44:52] [181/324] MCGP
[16:44:53] [182/324] PDDK
[16:44:54] [183/324] SPCK
[16:44:56] [184/324] MCRL
[16:44:57] [185/324] MHKT
[16:44:57] [186/324] ANRR
[16:44:58] [187/324] SAPK
[16:44:59] [188/324] NCUK
[16:45:00] [189/324] JUGA
[16:45:01] [190/324] DBSC
[16:45:02] [191/324] LALK
[16:45:02] [192/324] GUCK
[16:45:03] [193/324] STSG
[16:45:04] [194/324] PPPZ
[16:45:05] [195/324] CNCY
[16:45:06] [196/324] MTAR
[16:45:08] [197/324] VNKD
[16:45:08] [198/324] KMAJ
[16:45:09] [199/324] ACXK
[16:45:10] [200/324] UTKC
[16:45:11] [201/324] PBLK
[16:45:11] [202/324] ACBX
[16:45:12] [203/324] PTGM
[16:45:13] [204/324] BTDA
[16:45:14] [205/324] PJMB
[16:45:15] [206/324] TPDA
[16:45:15] [207/324] AMOE
[16:45:16] [208/324] PRHT
[16:45:17] [209/324] PRTA
[16:45:18] [210/324] STAM
[16:45:19] [211/324] MSAA
[16:45:20] [212/324] SDLU
[16:45:21] [213/324] RCHH
[16:45:22] [214/324] KANT
[16:45:24] [215/324] FCRT
[16:45:25] [216/324] DNKM
[16:45:26] [217/324] RYCP
[16:45:27] [218/324] MYRP
[16:45:28] [219/324] PPAK
[16:45:29] [220/324] NVPK
[16:45:30] [221/324] PRMC
[16:45:31] [222/324] JBCS
[16:45:32] [223/324] GXCK
[16:45:33] [224/324] USKO
[16:45:34] [225/324] GTEM
[16:45:34] [226/324] SMBU
[16:45:35] [227/324] VETC
[16:45:36] [228/324] LCDA
[16:45:37] [229/324] MTVT
[16:45:38] [230/324] PYCP
[16:45:38] [231/324] PNSC
[16:45:39] [232/324] PPCC
[16:45:40] [233/324] TGRT
[16:45:41] [234/324] JYOT
[16:45:42] [235/324] SRCZ
[16:45:44] [236/324] SJTE
[16:45:45] [237/324] DESC
[16:45:46] [238/324] JHVN
[16:45:46] [239/324] IPSG
[16:45:47] [240/324] IPCM
[16:45:48] [241/324] PDRS
[16:45:49] [242/324] ANCV
[16:45:49] [243/324] CMVV
[16:45:50] [244/324] SHYP
[16:45:51] [245/324] DNCS
[16:45:52] [246/324] GAJK
[16:45:53] [247/324] AKTN
[16:45:55] [248/324] KAYA
[16:45:56] [249/324] SBRC
[16:45:57] [250/324] CHTP
[16:45:57] [251/324] SHRT
[16:45:58] [252/324] BCKU
[16:46:00] [253/324] FCPS
[16:46:00] [254/324] ARDD
[16:46:01] [255/324] CPCM
[16:46:02] [256/324] CGSM
[16:46:03] [257/324] PSMP
[16:46:04] [258/324] SDAL
[16:46:04] [259/324] RTNB
[16:46:06] [260/324] LMCR
[16:46:07] [261/324] CIMA
[16:46:08] [262/324] RNAS
[16:46:08] [263/324] LITH
[16:46:10] [264/324] PBOX
[16:46:10] [265/324] FRTS
[16:46:11] [266/324] RKIC
[16:46:12] [267/324] PTAI
[16:46:13] [268/324] GCIC
[16:46:13] [269/324] FNAS
[16:46:14] [270/324] SCAR
[16:46:15] [271/324] MTCA
[16:46:16] [272/324] SCTS
[16:46:16] [273/324] SYCS
[16:46:17] [274/324] RDMS
[16:46:18] [275/324] KAMP
[16:46:19] [276/324] ERSD
[16:46:20] [277/324] MJMJ
[16:46:21] [278/324] SRCJ
[16:46:22] [279/324] SCXE
[16:46:23] [280/324] SVFR
[16:46:24] [281/324] BHCS
[16:46:25] [282/324] IMCC
[16:46:26] [283/324] PCBO
[16:46:27] [284/324] PRVN
[16:46:28] [285/324] AUPM
[16:46:29] [286/324] INBW
[16:46:29] [287/324] SVCW
[16:46:30] [288/324] RKCF
[16:46:32] [289/324] UVBH
[16:46:33] [290/324] DNCY
[16:46:33] [291/324] ABCN
[16:46:34] [292/324] PRUR
[16:46:35] [293/324] PFMR
[16:46:36] [294/324] RKCN
[16:46:37] [295/324] CFEA
[16:46:38] [296/324] SDBG
[16:46:38] [297/324] SNAR
[16:46:39] [298/324] YISI
[16:46:40] [299/324] JCFF
[16:46:41] [300/324] VTRK
[16:46:43] [301/324] PCLZ
[16:46:44] [302/324] DIMY
[16:46:45] [303/324] BBTS
[16:46:46] [304/324] GATH
[16:46:47] [305/324] GTMN
[16:46:48] [306/324] VTMH
[16:46:48] [307/324] CCKP
[16:46:49] [308/324] GPKA
[16:46:50] [309/324] MHCL
[16:46:51] [310/324] ATCL
[16:46:52] [311/324] SBCK
[16:46:53] [312/324] AMMR
[16:46:53] [313/324] MADC
[16:46:54] [314/324] TMMA
[16:46:55] [315/324] CACC
[16:46:57] [316/324] CHAL
[16:46:58] [317/324] DURG
[16:46:58] [318/324] GMKU
[16:46:59] [319/324] GECA
[16:47:00] [320/324] KYRR
[16:47:01] [321/324] KSDE
[16:47:02] [322/324] LMCI
[16:47:03] [323/324] NKCP
[16:47:03] [324/324] BGTC
[16:47:04] 🧹 Deduping shows
[16:47:04] ✅ DONE | Shows=34 | Movies=5
[04:43:50] 🚀 SCRIPT STARTED
[04:43:50] [1/324] GCTA
[04:43:50] 🧠 New identity created
[04:43:51] [2/324] TOPN
[04:43:52] [3/324] MCUS
[04:43:53] [4/324] SHRL
[04:43:54] [5/324] UPTP
[04:43:55] [6/324] TMMP
[04:43:56] [7/324] DNRP
[04:43:57] [8/324] SRLT
[04:43:57] [9/324] RCNS
[04:43:58] [10/324] DCBH
[04:43:59] [11/324] NAGJ
[04:44:00] [12/324] JVRC
[04:44:00] [13/324] KRJG
[04:44:01] [14/324] SRTJ
[04:44:02] [15/324] CMXM
[04:44:03] [16/324] STMI
[04:44:04] [17/324] SLST
[04:44:05] [18/324] DTCN
[04:44:06] [19/324] STYN
[04:44:07] [20/324] SZVR
[04:44:08] [21/324] SRKO
[04:44:08] [22/324] JTGT
[04:44:09] [23/324] SVFD
[04:44:10] [24/324] SISD
[04:44:11] [25/324] ABDD
[04:44:12] [26/324] DRCA
[04:44:13] [27/324] AVCS
[04:44:13] [28/324] MVKH
[04:44:14] [29/324] ACPR
[04:44:15] [30/324] STIP
[04:44:16] [31/324] MTRA
[04:44:17] [32/324] RMKH
[04:44:17] [33/324] NKRL
[04:44:18] [34/324] PCWN
[04:44:19] [35/324] BLMT
[04:44:21] [36/324] GDPG
[04:44:21] [37/324] SRMX
[04:44:22] [38/324] JACP
[04:44:23] [39/324] CPSH
[04:44:24] [40/324] MCCD
[04:44:25] [41/324] ECGH
[04:44:26] [42/324] MKCK
[04:44:26] [43/324] SRMM
[04:44:27] [44/324] SKYR
[04:44:28] [45/324] PCKC
[04:44:29] [46/324] JCMA
[04:44:29] [47/324] BSMP
[04:44:30] [48/324] VSPA
[04:44:31] [49/324] DJYA
[04:44:32] [50/324] DIMP
[04:44:33] [51/324] FXDR
[04:44:34] [52/324] SSRC
[04:44:35] [53/324] STHP
[04:44:36] [54/324] CPPD
[04:44:37] [55/324] FCLK
[04:44:37] [56/324] SCPP
[04:44:38] [57/324] DCMJ
[04:44:39] [58/324] RCCR
[04:44:41] [59/324] INMT
[04:44:42] [60/324] LXTK
[04:44:42] [61/324] SRYK
[04:44:43] [62/324] SGDK
[04:44:44] [63/324] PPKA
[04:44:45] [64/324] SPKA
[04:44:46] [65/324] CGHH
[04:44:47] [66/324] DCJN
[04:44:48] [67/324] SRKV
[04:44:49] [68/324] SAJC
[04:44:50] [69/324] SUSR
[04:44:51] [70/324] STYG
[04:44:52] [71/324] NTKP
[04:44:52] [72/324] AKTG
[04:44:53] [73/324] CGCM
[04:44:54] [74/324] TULC
[04:44:55] [75/324] NYYZ
[04:44:56] [76/324] NYBW
[04:44:57] [77/324] MACB
[04:44:58] [78/324] SLVT
[04:44:58] [79/324] SANA
[04:45:00] [80/324] ACMR
[04:45:00] [81/324] CPKN
[04:45:02] [82/324] DLGK
[04:45:03] [83/324] CWCK
[04:45:04] [84/324] FDDH
[04:45:04] [85/324] MMMD
[04:45:05] [86/324] CMEH
[04:45:06] [87/324] GGGV
[04:45:07] [88/324] SPJL
[04:45:08] [89/324] RCCD
[04:45:09] [90/324] STTZ
[04:45:11] [91/324] BTCF
[04:45:12] [92/324] TSTZ
[04:45:13] [93/324] IPMM
[04:45:14] [94/324] PMPW
[04:45:15] [95/324] PCMZ
[04:45:16] [96/324] ESEM
[04:45:17] [97/324] PIPO
[04:45:18] [98/324] MATK
[04:45:19] [99/324] PGHM
[04:45:20] [100/324] CTSR
[04:45:20] [101/324] CYKR
[04:45:21] [102/324] MSCM
[04:45:22] [103/324] RFNP
[04:45:23] [104/324] PDCP
[04:45:24] [105/324] NPSE
[04:45:25] [106/324] MKML
[04:45:26] [107/324] FTDP
[04:45:27] [108/324] MMXA
[04:45:28] [109/324] CEPO
[04:45:28] [110/324] CMVP
[04:45:29] [111/324] SGTH
[04:45:30] [112/324] SAYN
[04:45:31] [113/324] URVS
[04:45:32] [114/324] VJTN
[04:45:33] [115/324] BBYK
[04:45:34] [116/324] SHBO
[04:45:35] [117/324] VCMR
[04:45:36] [118/324] MACT
[04:45:37] [119/324] JMNP
[04:45:37] [120/324] VICS
[04:45:38] [121/324] VCDA
[04:45:39] [122/324] GCMM
[04:45:40] [123/324] INVS
[04:45:41] [124/324] SCGM
[04:45:42] [125/324] PCDA
[04:45:42] [126/324] KDCT
[04:45:43] [127/324] JACS
[04:45:44] [128/324] GMMC
[04:45:45] [129/324] AICM
[04:45:46] [130/324] TJCM
[04:45:47] [131/324] RMTI
[04:45:48] [132/324] SHAC
[04:45:48] [133/324] APJC
[04:45:49] [134/324] GCTG
[04:45:50] [135/324] SSMC
[04:45:51] [136/324] THRM
[04:45:52] [137/324] RBCT
[04:45:53] [138/324] DIKT
[04:45:54] [139/324] MIDL
[04:45:55] [140/324] VCSN
[04:45:56] [141/324] SKTG
[04:45:56] [142/324] SMWC
[04:45:57] [143/324] MNKH
[04:45:59] [144/324] PIAT
[04:46:00] [145/324] LTTP
[04:46:01] [146/324] PTPU
[04:46:01] [147/324] ACMG
[04:46:02] [148/324] SHMM
[04:46:03] [149/324] MCMN
[04:46:04] [150/324] GLDC
[04:46:05] [151/324] HOUT
[04:46:06] [152/324] SVRP
[04:46:07] [153/324] PVDN
[04:46:08] [154/324] SCPY
[04:46:09] [155/324] DTPY
[04:46:10] [156/324] GKCS
[04:46:10] [157/324] NCAM
[04:46:11] [158/324] BSRM
[04:46:12] [159/324] RCLC
[04:46:13] [160/324] SKKD
[04:46:14] [161/324] ACHU
[04:46:15] [162/324] RSCF
[04:46:15] [163/324] IMSH
[04:46:16] [164/324] MACX
[04:46:17] [165/324] HMMW
[04:46:18] [166/324] JTCP
[04:46:19] [167/324] SREN
[04:46:21] [168/324] PJRR
[04:46:21] [169/324] INAC
[04:46:23] [170/324] BMCA
[04:46:24] [171/324] SHCB
[04:46:25] [172/324] GABA
[04:46:26] [173/324] SBCT
[04:46:27] [174/324] GCMA
[04:46:28] [175/324] MYTK
[04:46:29] [176/324] INZS
[04:46:31] [177/324] RMIK
[04:46:32] [178/324] NYCH
[04:46:33] [179/324] RAVE
[04:46:33] [180/324] PSXM
[04:46:35] [181/324] MCGP
[04:46:36] [182/324] PDDK
[04:46:36] [183/324] SPCK
[04:46:37] [184/324] MCRL
[04:46:38] [185/324] MHKT
[04:46:39] [186/324] ANRR
[04:46:40] [187/324] SAPK
[04:46:41] [188/324] NCUK
[04:46:42] [189/324] JUGA
[04:46:43] [190/324] DBSC
[04:46:44] [191/324] LALK
[04:46:45] [192/324] GUCK
[04:46:46] [193/324] STSG
[04:46:48] [194/324] PPPZ
[04:46:48] [195/324] CNCY
[04:46:49] [196/324] MTAR
[04:46:50] [197/324] VNKD
[04:46:51] [198/324] KMAJ
[04:46:52] [199/324] ACXK
[04:46:53] [200/324] UTKC
[04:46:54] [201/324] PBLK
[04:46:55] [202/324] ACBX
[04:46:56] [203/324] PTGM
[04:46:56] [204/324] BTDA
[04:46:57] [205/324] PJMB
[04:46:58] [206/324] TPDA
[04:46:58] [207/324] AMOE
[04:47:00] [208/324] PRHT
[04:47:01] [209/324] PRTA
[04:47:02] [210/324] STAM
[04:47:03] [211/324] MSAA
[04:47:04] [212/324] SDLU
[04:47:05] [213/324] RCHH
[04:47:06] [214/324] KANT
[04:47:07] [215/324] FCRT
[04:47:08] [216/324] DNKM
[04:47:09] [217/324] RYCP
[04:47:09] [218/324] MYRP
[04:47:11] [219/324] PPAK
[04:47:11] [220/324] NVPK
[04:47:12] [221/324] PRMC
[04:47:13] [222/324] JBCS
[04:47:14] [223/324] GXCK
[04:47:15] [224/324] USKO
[04:47:15] [225/324] GTEM
[04:47:17] [226/324] SMBU
[04:47:18] [227/324] VETC
[04:47:19] [228/324] LCDA
[04:47:20] [229/324] MTVT
[04:47:20] [230/324] PYCP
[04:47:21] [231/324] PNSC
[04:47:22] [232/324] PPCC
[04:47:23] [233/324] TGRT
[04:47:24] [234/324] JYOT
[04:47:25] [235/324] SRCZ
[04:47:25] [236/324] SJTE
[04:47:26] [237/324] DESC
[04:47:27] [238/324] JHVN
[04:47:28] [239/324] IPSG
[04:47:29] [240/324] IPCM
[04:47:30] [241/324] PDRS
[04:47:32] [242/324] ANCV
[04:47:33] [243/324] CMVV
[04:47:34] [244/324] SHYP
[04:47:34] [245/324] DNCS
[04:47:35] [246/324] GAJK
[04:47:36] [247/324] AKTN
[04:47:37] [248/324] KAYA
[04:47:38] [249/324] SBRC
[04:47:39] [250/324] CHTP
[04:47:40] [251/324] SHRT
[04:47:41] [252/324] BCKU
[04:47:42] [253/324] FCPS
[04:47:43] [254/324] ARDD
[04:47:43] [255/324] CPCM
[04:47:44] [256/324] CGSM
[04:47:45] [257/324] PSMP
[04:47:46] [258/324] SDAL
[04:47:47] [259/324] RTNB
[04:47:48] [260/324] LMCR
[04:47:49] [261/324] CIMA
[04:47:49] [262/324] RNAS
[04:47:50] [263/324] LITH
[04:47:51] [264/324] PBOX
[04:47:52] [265/324] FRTS
[04:47:53] [266/324] RKIC
[04:47:53] [267/324] PTAI
[04:47:54] [268/324] GCIC
[04:47:55] [269/324] FNAS
[04:47:56] [270/324] SCAR
[04:47:57] [271/324] MTCA
[04:47:58] [272/324] SCTS
[04:47:59] [273/324] SYCS
[04:48:00] [274/324] RDMS
[04:48:01] [275/324] KAMP
[04:48:02] [276/324] ERSD
[04:48:02] [277/324] MJMJ
[04:48:03] [278/324] SRCJ
[04:48:04] [279/324] SCXE
[04:48:05] [280/324] SVFR
[04:48:06] [281/324] BHCS
[04:48:06] [282/324] IMCC
[04:48:07] [283/324] PCBO
[04:48:08] [284/324] PRVN
[04:48:09] [285/324] AUPM
[04:48:10] [286/324] INBW
[04:48:11] [287/324] SVCW
[04:48:12] [288/324] RKCF
[04:48:14] [289/324] UVBH
[04:48:15] [290/324] DNCY
[04:48:15] [291/324] ABCN
[04:48:16] [292/324] PRUR
[04:48:17] [293/324] PFMR
[04:48:18] [294/324] RKCN
[04:48:18] [295/324] CFEA
[04:48:19] [296/324] SDBG
[04:48:20] [297/324] SNAR
[04:48:21] [298/324] YISI
[04:48:22] [299/324] JCFF
[04:48:22] [300/324] VTRK
[04:48:24] [301/324] PCLZ
[04:48:25] [302/324] DIMY
[04:48:26] [303/324] BBTS
[04:48:26] [304/324] GATH
[04:48:27] [305/324] GTMN
[04:48:28] [306/324] VTMH
[04:48:29] [307/324] CCKP
[04:48:30] [308/324] GPKA
[04:48:31] [309/324] MHCL
[04:48:32] [310/324] ATCL
[04:48:33] [311/324] SBCK
[04:48:34] [312/324] AMMR
[04:48:35] [313/324] MADC
[04:48:36] [314/324] TMMA
[04:48:37] [315/324] CACC
[04:48:38] [316/324] CHAL
[04:48:39] [317/324] DURG
[04:48:40] [318/324] GMKU
[04:48:41] [319/324] GECA
[04:48:42] [320/324] KYRR
[04:48:43] [321/324] KSDE
[04:48:43] [322/324] LMCI
[04:48:44] [323/324] NKCP
[04:48:45] [324/324] BGTC
[04:48:46] 🧹 Deduping shows
[04:48:46] ✅ DONE | Shows=38 | Movies=6
[11:56:22] 🚀 SCRIPT STARTED
[11:56:22] [1/324] GCTA
[11:56:22] 🧠 New identity created
[11:56:23] [2/324] TOPN
[11:56:24] [3/324] MCUS
[11:56:25] [4/324] SHRL
[11:56:26] [5/324] UPTP
[11:56:27] [6/324] TMMP
[11:56:28] [7/324] DNRP
[11:56:29] [8/324] SRLT
[11:56:30] [9/324] RCNS
[11:56:31] [10/324] DCBH
[11:56:32] [11/324] NAGJ
[11:56:33] [12/324] JVRC
[11:56:34] [13/324] KRJG
[11:56:35] [14/324] SRTJ
[11:56:36] [15/324] CMXM
[11:56:37] [16/324] STMI
[11:56:38] [17/324] SLST
[11:56:39] [18/324] DTCN
[11:56:40] [19/324] STYN
[11:56:40] [20/324] SZVR
[11:56:41] [21/324] SRKO
[11:56:43] [22/324] JTGT
[11:56:44] [23/324] SVFD
[11:56:44] [24/324] SISD
[11:56:45] [25/324] ABDD
[11:56:46] [26/324] DRCA
[11:56:47] [27/324] AVCS
[11:56:48] [28/324] MVKH
[11:56:49] [29/324] ACPR
[11:56:50] [30/324] STIP
[11:56:51] [31/324] MTRA
[11:56:51] [32/324] RMKH
[11:56:52] [33/324] NKRL
[11:56:53] [34/324] PCWN
[11:56:54] [35/324] BLMT
[11:56:55] [36/324] GDPG
[11:56:55] [37/324] SRMX
[11:56:56] [38/324] JACP
[11:56:57] [39/324] CPSH
[11:56:58] [40/324] MCCD
[11:56:59] [41/324] ECGH
[11:57:00] [42/324] MKCK
[11:57:01] [43/324] SRMM
[11:57:02] [44/324] SKYR
[11:57:03] [45/324] PCKC
[11:57:04] [46/324] JCMA
[11:57:06] [47/324] BSMP
[11:57:07] [48/324] VSPA
[11:57:08] [49/324] DJYA
[11:57:09] [50/324] DIMP
[11:57:09] [51/324] FXDR
[11:57:10] [52/324] SSRC
[11:57:11] [53/324] STHP
[11:57:12] [54/324] CPPD
[11:57:13] [55/324] FCLK
[11:57:14] [56/324] SCPP
[11:57:15] [57/324] DCMJ
[11:57:16] [58/324] RCCR
[11:57:17] [59/324] INMT
[11:57:18] [60/324] LXTK
[11:57:19] [61/324] SRYK
[11:57:20] [62/324] SGDK
[11:57:21] [63/324] PPKA
[11:57:22] [64/324] SPKA
[11:57:23] [65/324] CGHH
[11:57:24] [66/324] DCJN
[11:57:25] [67/324] SRKV
[11:57:26] [68/324] SAJC
[11:57:26] [69/324] SUSR
[11:57:27] [70/324] STYG
[11:57:28] [71/324] NTKP
[11:57:30] [72/324] AKTG
[11:57:31] [73/324] CGCM
[11:57:32] [74/324] TULC
[11:57:33] [75/324] NYYZ
[11:57:34] [76/324] NYBW
[11:57:35] [77/324] MACB
[11:57:36] [78/324] SLVT
[11:57:37] [79/324] SANA
[11:57:38] [80/324] ACMR
[11:57:38] [81/324] CPKN
[11:57:39] [82/324] DLGK
[11:57:40] [83/324] CWCK
[11:57:41] [84/324] FDDH
[11:57:42] [85/324] MMMD
[11:57:43] [86/324] CMEH
[11:57:44] [87/324] GGGV
[11:57:45] [88/324] SPJL
[11:57:46] [89/324] RCCD
[11:57:46] [90/324] STTZ
[11:57:47] [91/324] BTCF
[11:57:49] [92/324] TSTZ
[11:57:50] [93/324] IPMM
[11:57:51] [94/324] PMPW
[11:57:51] [95/324] PCMZ
[11:57:52] [96/324] ESEM
[11:57:53] [97/324] PIPO
[11:57:54] [98/324] MATK
[11:57:55] [99/324] PGHM
[11:57:56] [100/324] CTSR
[11:57:56] [101/324] CYKR
[11:57:57] [102/324] MSCM
[11:57:58] [103/324] RFNP
[11:57:59] [104/324] PDCP
[11:58:00] [105/324] NPSE
[11:58:01] [106/324] MKML
[11:58:01] [107/324] FTDP
[11:58:03] [108/324] MMXA
[11:58:04] [109/324] CEPO
[11:58:05] [110/324] CMVP
[11:58:06] [111/324] SGTH
[11:58:06] [112/324] SAYN
[11:58:07] [113/324] URVS
[11:58:08] [114/324] VJTN
[11:58:09] [115/324] BBYK
[11:58:10] [116/324] SHBO
[11:58:11] [117/324] VCMR
[11:58:12] [118/324] MACT
[11:58:12] [119/324] JMNP
[11:58:13] [120/324] VICS
[11:58:14] [121/324] VCDA
[11:58:15] [122/324] GCMM
[11:58:16] [123/324] INVS
[11:58:17] [124/324] SCGM
[11:58:18] [125/324] PCDA
[11:58:18] [126/324] KDCT
[11:58:19] [127/324] JACS
[11:58:20] [128/324] GMMC
[11:58:21] [129/324] AICM
[11:58:22] [130/324] TJCM
[11:58:23] [131/324] RMTI
[11:58:24] [132/324] SHAC
[11:58:25] [133/324] APJC
[11:58:26] [134/324] GCTG
[11:58:27] [135/324] SSMC
[11:58:28] [136/324] THRM
[11:58:29] [137/324] RBCT
[11:58:29] [138/324] DIKT
[11:58:30] [139/324] MIDL
[11:58:31] [140/324] VCSN
[11:58:33] [141/324] SKTG
[11:58:33] [142/324] SMWC
[11:58:34] [143/324] MNKH
[11:58:35] [144/324] PIAT
[11:58:36] [145/324] LTTP
[11:58:37] [146/324] PTPU
[11:58:38] [147/324] ACMG
[11:58:39] [148/324] SHMM
[11:58:39] [149/324] MCMN
[11:58:40] [150/324] GLDC
[11:58:41] [151/324] HOUT
[11:58:42] [152/324] SVRP
[11:58:43] [153/324] PVDN
[11:58:44] [154/324] SCPY
[11:58:45] [155/324] DTPY
[11:58:46] [156/324] GKCS
[11:58:47] [157/324] NCAM
[11:58:48] [158/324] BSRM
[11:58:49] [159/324] RCLC
[11:58:50] [160/324] SKKD
[11:58:51] [161/324] ACHU
[11:58:52] [162/324] RSCF
[11:58:53] [163/324] IMSH
[11:58:54] [164/324] MACX
[11:58:55] [165/324] HMMW
[11:58:56] [166/324] JTCP
[11:58:56] [167/324] SREN
[11:58:57] [168/324] PJRR
[11:58:58] [169/324] INAC
[11:58:59] [170/324] BMCA
[11:59:00] [171/324] SHCB
[11:59:00] [172/324] GABA
[11:59:02] [173/324] SBCT
[11:59:04] [174/324] GCMA
[11:59:04] [175/324] MYTK
[11:59:05] [176/324] INZS
[11:59:06] [177/324] RMIK
[11:59:07] [178/324] NYCH
[11:59:08] [179/324] RAVE
[11:59:09] [180/324] PSXM
[11:59:11] [181/324] MCGP
[11:59:12] [182/324] PDDK
[11:59:12] [183/324] SPCK
[11:59:13] [184/324] MCRL
[11:59:14] [185/324] MHKT
[11:59:15] [186/324] ANRR
[11:59:16] [187/324] SAPK
[11:59:17] [188/324] NCUK
[11:59:18] [189/324] JUGA
[11:59:19] [190/324] DBSC
[11:59:20] [191/324] LALK
[11:59:21] [192/324] GUCK
[11:59:23] [193/324] STSG
[11:59:24] [194/324] PPPZ
[11:59:25] [195/324] CNCY
[11:59:26] [196/324] MTAR
[11:59:26] [197/324] VNKD
[11:59:27] [198/324] KMAJ
[11:59:28] [199/324] ACXK
[11:59:29] [200/324] UTKC
[11:59:30] [201/324] PBLK
[11:59:31] [202/324] ACBX
[11:59:32] [203/324] PTGM
[11:59:33] [204/324] BTDA
[11:59:34] [205/324] PJMB
[11:59:35] [206/324] TPDA
[11:59:36] [207/324] AMOE
[11:59:37] [208/324] PRHT
[11:59:38] [209/324] PRTA
[11:59:39] [210/324] STAM
[11:59:40] [211/324] MSAA
[11:59:41] [212/324] SDLU
[11:59:42] [213/324] RCHH
[11:59:42] [214/324] KANT
[11:59:43] [215/324] FCRT
[11:59:44] [216/324] DNKM
[11:59:45] [217/324] RYCP
[11:59:46] [218/324] MYRP
[11:59:47] [219/324] PPAK
[11:59:48] [220/324] NVPK
[11:59:49] [221/324] PRMC
[11:59:49] [222/324] JBCS
[11:59:50] [223/324] GXCK
[11:59:51] [224/324] USKO
[11:59:52] [225/324] GTEM
[11:59:53] [226/324] SMBU
[11:59:54] [227/324] VETC
[11:59:54] [228/324] LCDA
[11:59:55] [229/324] MTVT
[11:59:57] [230/324] PYCP
[11:59:58] [231/324] PNSC
[11:59:58] [232/324] PPCC
[11:59:59] [233/324] TGRT
[12:00:00] [234/324] JYOT
[12:00:01] [235/324] SRCZ
[12:00:01] [236/324] SJTE
[12:00:03] [237/324] DESC
[12:00:04] [238/324] JHVN
[12:00:05] [239/324] IPSG
[12:00:05] [240/324] IPCM
[12:00:07] [241/324] PDRS
[12:00:08] [242/324] ANCV
[12:00:09] [243/324] CMVV
[12:00:10] [244/324] SHYP
[12:00:11] [245/324] DNCS
[12:00:11] [246/324] GAJK
[12:00:12] [247/324] AKTN
[12:00:13] [248/324] KAYA
[12:00:14] [249/324] SBRC
[12:00:15] [250/324] CHTP
[12:00:16] [251/324] SHRT
[12:00:17] [252/324] BCKU
[12:00:18] [253/324] FCPS
[12:00:18] [254/324] ARDD
[12:00:19] [255/324] CPCM
[12:00:20] [256/324] CGSM
[12:00:21] [257/324] PSMP
[12:00:23] [258/324] SDAL
[12:00:24] [259/324] RTNB
[12:00:24] [260/324] LMCR
[12:00:25] [261/324] CIMA
[12:00:26] [262/324] RNAS
[12:00:27] [263/324] LITH
[12:00:28] [264/324] PBOX
[12:00:29] [265/324] FRTS
[12:00:30] [266/324] RKIC
[12:00:31] [267/324] PTAI
[12:00:32] [268/324] GCIC
[12:00:32] [269/324] FNAS
[12:00:33] [270/324] SCAR
[12:00:34] [271/324] MTCA
[12:00:35] [272/324] SCTS
[12:00:37] [273/324] SYCS
[12:00:37] [274/324] RDMS
[12:00:38] [275/324] KAMP
[12:00:39] [276/324] ERSD
[12:00:40] [277/324] MJMJ
[12:00:41] [278/324] SRCJ
[12:00:42] [279/324] SCXE
[12:00:43] [280/324] SVFR
[12:00:44] [281/324] BHCS
[12:00:46] [282/324] IMCC
[12:00:47] [283/324] PCBO
[12:00:47] [284/324] PRVN
[12:00:48] [285/324] AUPM
[12:00:49] [286/324] INBW
[12:00:50] [287/324] SVCW
[12:00:52] [288/324] RKCF
[12:00:53] [289/324] UVBH
[12:00:54] [290/324] DNCY
[12:00:55] [291/324] ABCN
[12:00:55] [292/324] PRUR
[12:00:56] [293/324] PFMR
[12:00:57] [294/324] RKCN
[12:00:58] [295/324] CFEA
[12:00:59] [296/324] SDBG
[12:01:00] [297/324] SNAR
[12:01:01] [298/324] YISI
[12:01:02] [299/324] JCFF
[12:01:03] [300/324] VTRK
[12:01:04] [301/324] PCLZ
[12:01:05] [302/324] DIMY
[12:01:05] [303/324] BBTS
[12:01:06] [304/324] GATH
[12:01:07] [305/324] GTMN
[12:01:08] [306/324] VTMH
[12:01:09] [307/324] CCKP
[12:01:10] [308/324] GPKA
[12:01:12] [309/324] MHCL
[12:01:14] [310/324] ATCL
[12:01:15] [311/324] SBCK
[12:01:15] [312/324] AMMR
[12:01:16] [313/324] MADC
[12:01:18] [314/324] TMMA
[12:01:19] [315/324] CACC
[12:01:19] [316/324] CHAL
[12:01:21] [317/324] DURG
[12:01:22] [318/324] GMKU
[12:01:22] [319/324] GECA
[12:01:23] [320/324] KYRR
[12:01:24] [321/324] KSDE
[12:01:25] [322/324] LMCI
[12:01:27] [323/324] NKCP
[12:01:27] [324/324] BGTC
[12:01:28] 🧹 Deduping shows
[12:01:28] ✅ DONE | Shows=42 | Movies=6
