[10:04:29] 🚀 SCRIPT STARTED
[10:04:29] [1/459] MBDC
[10:04:29] 🧠 New identity created
[10:04:30] [2/459] CHKM
[10:04:31] [3/459] JTKZ
[10:04:33] [4/459] CMCT
[10:04:34] [5/459] ASHO
[10:04:35] [6/459] ECDG
[10:04:35] [7/459] SPAT
[10:04:36] [8/459] HILC
[10:04:37] [9/459] SPPH
[10:04:38] [10/459] SBHN
[10:04:39] [11/459] RRCA
[10:04:40] [12/459] APAA
[10:04:41] [13/459] RAME
[10:04:42] [14/459] TMMS
[10:04:42] [15/459] BATK
[10:04:43] [16/459] LKOP
[10:04:44] [17/459] AMTT
[10:04:45] [18/459] PTGK
[10:04:46] [19/459] ANRS
[10:04:47] [20/459] VWBW
[10:04:48] [21/459] SVFG
[10:04:48] [22/459] STAT
[10:04:49] [23/459] GDCV
[10:04:50] [24/459] VEBI
[10:04:51] [25/459] VDSS
[10:04:52] [26/459] NTHV
[10:04:53] [27/459] AOCH
[10:04:53] [28/459] KASR
[10:04:54] [29/459] AYCS
[10:04:55] [30/459] SHAI
[10:04:56] [31/459] SKPE
[10:04:57] [32/459] SBTA
[10:04:57] [33/459] RTTD
[10:04:58] [34/459] CCJD
[10:04:59] [35/459] RSJJ
[10:05:00] [36/459] RKND
[10:05:01] [37/459] SVTX
[10:05:02] [38/459] BAKM
[10:05:03] [39/459] SVDC
[10:05:04] [40/459] MNCV
[10:05:05] [41/459] SJGC
[10:05:06] [42/459] MTPK
[10:05:07] [43/459] GATP
[10:05:08] [44/459] ABTS
[10:05:08] [45/459] ABDE
[10:05:09] [46/459] RCNM
[10:05:10] [47/459] KTHV
[10:05:11] [48/459] MDGJ
[10:05:12] [49/459] SMLM
[10:05:13] [50/459] JTMA
[10:05:14] [51/459] ACKP
[10:05:15] [52/459] SRTA
[10:05:15] [53/459] STAY
[10:05:17] [54/459] MAVO
[10:05:18] [55/459] APTS
[10:05:19] [56/459] OMEA
[10:05:20] [57/459] TTFD
[10:05:21] [58/459] MJCU
[10:05:22] [59/459] CXTE
[10:05:23] [60/459] CTPX
[10:05:24] [61/459] ASSL
[10:05:24] [62/459] CMVB
[10:05:25] [63/459] VPUR
[10:05:26] [64/459] JJDA
[10:05:27] [65/459] INBL
[10:05:27] [66/459] BIKB
[10:05:29] [67/459] NTBB
[10:05:31] [68/459] GLOB
[10:05:32] [69/459] SNTB
[10:05:32] [70/459] CHGV
[10:05:33] [71/459] SSBZ
[10:05:34] [72/459] PRDB
[10:05:35] [73/459] ISMT
[10:05:36] [74/459] MCSD
[10:05:36] [75/459] JBTT
[10:05:38] [76/459] GEKR
[10:05:39] [77/459] PVUN
[10:05:40] [78/459] NRTB
[10:05:41] [79/459] PRAA
[10:05:42] [80/459] PCBL
[10:05:43] [81/459] PTCM
[10:05:43] [82/459] KHNN
[10:05:44] [83/459] OMJE
[10:05:45] [84/459] STGN
[10:05:46] [85/459] RPMS
[10:05:47] [86/459] NWAD
[10:05:48] [87/459] BLCK
[10:05:49] [88/459] SVAA
[10:05:49] [89/459] URVM
[10:05:50] [90/459] ANTM
[10:05:51] [91/459] VJYM
[10:05:52] [92/459] MAZZ
[10:05:53] [93/459] CSHM
[10:05:54] [94/459] WGMH
[10:05:54] [95/459] SALN
[10:05:55] [96/459] BRTP
[10:05:56] [97/459] SVTA
[10:05:57] [98/459] SBTP
[10:05:58] [99/459] VLSS
[10:05:59] [100/459] SRJA
[10:06:00] [101/459] ANCG
[10:06:01] [102/459] CGGC
[10:06:02] [103/459] CRJA
[10:06:03] [104/459] USCR
[10:06:04] [105/459] MMEF
[10:06:04] [106/459] JCRJ
[10:06:05] [107/459] ADCM
[10:06:07] [108/459] BMYK
[10:06:08] [109/459] KICS
[10:06:09] [110/459] MBBT
[10:06:09] [111/459] MACK
[10:06:10] [112/459] CLDR
[10:06:11] [113/459] JYCR
[10:06:12] [114/459] DCRP
[10:06:13] [115/459] RAHT
[10:06:14] [116/459] CSSM
[10:06:14] [117/459] ATPK
[10:06:16] [118/459] KLRT
[10:06:17] [119/459] SRDD
[10:06:18] [120/459] CKMC
[10:06:18] [121/459] KRVM
[10:06:19] [122/459] AKCP
[10:06:20] [123/459] CNCV
[10:06:21] [124/459] PACT
[10:06:22] [125/459] NATP
[10:06:23] [126/459] PCPK
[10:06:24] [127/459] SMHO
[10:06:25] [128/459] CWTK
[10:06:26] [129/459] RVKZ
[10:06:26] [130/459] ASPD
[10:06:27] [131/459] VTKZ
[10:06:28] [132/459] LCSO
[10:06:29] [133/459] PRDY
[10:06:30] [134/459] RCAP
[10:06:30] [135/459] RGAR
[10:06:31] [136/459] RCAC
[10:06:32] [137/459] PMOD
[10:06:33] [138/459] PVCN
[10:06:34] [139/459] SCRZ
[10:06:34] [140/459] PVPC
[10:06:35] [141/459] STID
[10:06:36] [142/459] NEDD
[10:06:37] [143/459] BNBA
[10:06:38] [144/459] NTCD
[10:06:39] [145/459] OCDE
[10:06:40] [146/459] CCDU
[10:06:41] [147/459] CRXH
[10:06:42] [148/459] VLVT
[10:06:43] [149/459] CICI
[10:06:44] [150/459] SUCB
[10:06:45] [151/459] TCBP
[10:06:46] [152/459] SCCY
[10:06:47] [153/459] LXCY
[10:06:47] [154/459] NCMD
[10:06:48] [155/459] PHCS
[10:06:49] [156/459] DUXR
[10:06:49] [157/459] VNKS
[10:06:51] [158/459] SEDP
[10:06:52] [159/459] SVEN
[10:06:53] [160/459] SRKM
[10:06:54] [161/459] JTLT
[10:06:55] [162/459] SVSS
[10:06:56] [163/459] AMDE
[10:06:57] [164/459] WVRN
[10:06:57] [165/459] ISMG
[10:06:58] [166/459] WVKS
[10:06:59] [167/459] USCG
[10:07:00] [168/459] IOTG
[10:07:00] [169/459] RRJM
[10:07:01] [170/459] EDMP
[10:07:02] [171/459] SCGZ
[10:07:03] [172/459] GMGX
[10:07:04] [173/459] OMTP
[10:07:04] [174/459] MITD
[10:07:05] [175/459] SMMD
[10:07:06] [176/459] STML
[10:07:07] [177/459] MCFS
[10:07:08] [178/459] FPKA
[10:07:09] [179/459] OMLR
[10:07:10] [180/459] KKSC
[10:07:11] [181/459] RVMA
[10:07:12] [182/459] SCLL
[10:07:12] [183/459] SCDK
[10:07:13] [184/459] SXMI
[10:07:14] [185/459] SHDN
[10:07:15] [186/459] PAAD
[10:07:16] [187/459] UUCB
[10:07:17] [188/459] JHOL
[10:07:18] [189/459] SGWT
[10:07:19] [190/459] SRII
[10:07:20] [191/459] SGCK
[10:07:21] [192/459] SVVB
[10:07:22] [193/459] DMHA
[10:07:22] [194/459] PPNL
[10:07:23] [195/459] CPNL
[10:07:24] [196/459] WVLD
[10:07:25] [197/459] PSLV
[10:07:26] [198/459] VTTL
[10:07:27] [199/459] NPAD
[10:07:28] [200/459] PVCS
[10:07:29] [201/459] MCHL
[10:07:29] [202/459] PPLL
[10:07:30] [203/459] MALO
[10:07:31] [204/459] SWBH
[10:07:32] [205/459] PUGB
[10:07:33] [206/459] INBB
[10:07:34] [207/459] INNS
[10:07:34] [208/459] MCPT
[10:07:35] [209/459] SCMI
[10:07:36] [210/459] OCON
[10:07:37] [211/459] SCSM
[10:07:38] [212/459] RJVN
[10:07:39] [213/459] AMDK
[10:07:39] [214/459] ISMR
[10:07:40] [215/459] SMTD
[10:07:41] [216/459] VTDD
[10:07:42] [217/459] PDDZ
[10:07:42] [218/459] PCCK
[10:07:44] [219/459] INAM
[10:07:45] [220/459] FNKT
[10:07:45] [221/459] GDKA
[10:07:46] [222/459] MAYU
[10:07:47] [223/459] TCGU
[10:07:48] [224/459] KDCA
[10:07:48] [225/459] DOMY
[10:07:49] [226/459] PDDD
[10:07:50] [227/459] BJTS
[10:07:51] [228/459] VTCA
[10:07:52] [229/459] SBTM
[10:07:52] [230/459] SEET
[10:07:53] [231/459] SSTJ
[10:07:55] [232/459] SVNT
[10:07:56] [233/459] PPPR
[10:07:57] [234/459] PVYS
[10:07:58] [235/459] IOSE
[10:07:59] [236/459] ACTV
[10:07:59] [237/459] APVE
[10:08:00] [238/459] TCCL
[10:08:01] [239/459] SCMO
[10:08:02] [240/459] SAUM
[10:08:04] [241/459] KCJS
[10:08:04] [242/459] NJCJ
[10:08:06] [243/459] NECF
[10:08:07] [244/459] CCGW
[10:08:08] [245/459] CCMG
[10:08:09] [246/459] NYRG
[10:08:09] [247/459] NCSQ
[10:08:10] [248/459] GRCG
[10:08:11] [249/459] CCBT
[10:08:12] [250/459] ACGA
[10:08:12] [251/459] INAG
[10:08:13] [252/459] FUCG
[10:08:14] [253/459] AICF
[10:08:15] [254/459] GRGA
[10:08:16] [255/459] GDCN
[10:08:17] [256/459] RRCG
[10:08:18] [257/459] SDCH
[10:08:18] [258/459] WVJM
[10:08:19] [259/459] JCCZ
[10:08:20] [260/459] CNCL
[10:08:21] [261/459] TMLV
[10:08:22] [262/459] MEMB
[10:08:23] [263/459] SGTD
[10:08:24] [264/459] CONX
[10:08:25] [265/459] CCMH
[10:08:25] [266/459] ACMC
[10:08:26] [267/459] DTPD
[10:08:27] [268/459] POJA
[10:08:28] [269/459] FNBH
[10:08:29] [270/459] CGCB
[10:08:29] [271/459] RACN
[10:08:30] [272/459] JTSM
[10:08:31] [273/459] SCDN
[10:08:32] [274/459] AACK
[10:08:32] [275/459] RMCE
[10:08:33] [276/459] BSGB
[10:08:34] [277/459] MRCB
[10:08:35] [278/459] SRVR
[10:08:36] [279/459] VTKK
[10:08:37] [280/459] AMST
[10:08:38] [281/459] APCY
[10:08:39] [282/459] LMHO
[10:08:40] [283/459] MTZH
[10:08:41] [284/459] AMZB
[10:08:42] [285/459] SUVT
[10:08:43] [286/459] RCIP
[10:08:44] [287/459] KESR
[10:08:45] [288/459] SNKC
[10:08:46] [289/459] SCED
[10:08:46] [290/459] DVCA
[10:08:47] [291/459] VCDT
[10:08:48] [292/459] RRDI
[10:08:49] [293/459] DFCH
[10:08:50] [294/459] INSC
[10:08:51] [295/459] RGTR
[10:08:52] [296/459] FMOT
[10:08:53] [297/459] SCPM
[10:08:53] [298/459] GCDT
[10:08:54] [299/459] BRKT
[10:08:55] [300/459] DEMP
[10:08:56] [301/459] SRLC
[10:08:57] [302/459] KSTT
[10:08:57] [303/459] SMMT
[10:08:58] [304/459] SILM
[10:08:59] [305/459] JCVM
[10:09:00] [306/459] KCSV
[10:09:01] [307/459] MHLK
[10:09:01] [308/459] SLVL
[10:09:02] [309/459] RJKP
[10:09:03] [310/459] BBPC
[10:09:04] [311/459] MXCB
[10:09:04] [312/459] TCPK
[10:09:05] [313/459] RTBR
[10:09:06] [314/459] GAUT
[10:09:07] [315/459] DVCF
[10:09:07] [316/459] JTSB
[10:09:08] [317/459] SBLS
[10:09:10] [318/459] UDAY
[10:09:11] [319/459] PTNP
[10:09:12] [320/459] DMKT
[10:09:12] [321/459] NTDT
[10:09:14] [322/459] SHDJ
[10:09:15] [323/459] OTNC
[10:09:16] [324/459] RNTW
[10:09:17] [325/459] GCMI
[10:09:18] [326/459] CRCM
[10:09:19] [327/459] NNCZ
[10:09:19] [328/459] OEMO
[10:09:20] [329/459] PVJM
[10:09:21] [330/459] CPJI
[10:09:22] [331/459] RMCJ
[10:09:23] [332/459] CNWJ
[10:09:24] [333/459] EPJM
[10:09:24] [334/459] FNJJ
[10:09:26] [335/459] GCMJ
[10:09:27] [336/459] INPS
[10:09:28] [337/459] BICJ
[10:09:28] [338/459] ISTJ
[10:09:30] [339/459] INJC
[10:09:31] [340/459] GLXJ
[10:09:32] [341/459] INEM
[10:09:33] [342/459] JTMN
[10:09:33] [343/459] FRCJ
[10:09:34] [344/459] DDJP
[10:09:35] [345/459] INJV
[10:09:36] [346/459] GOLC
[10:09:37] [347/459] KOCI
[10:09:38] [348/459] FSTD
[10:09:39] [349/459] PACJ
[10:09:40] [350/459] GMCN
[10:09:40] [351/459] MMDJ
[10:09:41] [352/459] GODH
[10:09:42] [353/459] SKYN
[10:09:43] [354/459] NCTH
[10:09:44] [355/459] SKVZ
[10:09:44] [356/459] SVML
[10:09:45] [357/459] ACVZ
[10:09:46] [358/459] SURA
[10:09:47] [359/459] RTRB
[10:09:47] [360/459] LLCT
[10:09:48] [361/459] ATTS
[10:09:49] [362/459] JYCM
[10:09:51] [363/459] CTKR
[10:09:52] [364/459] LCKR
[10:09:53] [365/459] NYCV
[10:09:53] [366/459] NYOH
[10:09:54] [367/459] NOVX
[10:09:55] [368/459] MRGK
[10:09:56] [369/459] MOON
[10:09:57] [370/459] SBUC
[10:09:57] [371/459] GSVA
[10:09:58] [372/459] VIAK
[10:09:59] [373/459] SMVZ
[10:10:00] [374/459] MATE
[10:10:01] [375/459] RDCN
[10:10:02] [376/459] ASBL
[10:10:02] [377/459] ASVS
[10:10:03] [378/459] ASSR
[10:10:04] [379/459] SSKN
[10:10:05] [380/459] DRPV
[10:10:06] [381/459] MRHT
[10:10:07] [382/459] BSCN
[10:10:08] [383/459] RKNX
[10:10:09] [384/459] MSMC
[10:10:10] [385/459] MSCJ
[10:10:10] [386/459] BTBJ
[10:10:11] [387/459] MJCC
[10:10:12] [388/459] IOMM
[10:10:13] [389/459] ADGR
[10:10:14] [390/459] MYCP
[10:10:15] [391/459] IGCM
[10:10:16] [392/459] PGRK
[10:10:17] [393/459] VPGO
[10:10:18] [394/459] KOMS
[10:10:19] [395/459] URGG
[10:10:20] [396/459] GOST
[10:10:21] [397/459] LACT
[10:10:22] [398/459] BWCM
[10:10:23] [399/459] NCCW
[10:10:24] [400/459] SKYC
[10:10:24] [401/459] CCPM
[10:10:25] [402/459] VCBT
[10:10:26] [403/459] SDKR
[10:10:27] [404/459] CTYB
[10:10:28] [405/459] SHCX
[10:10:29] [406/459] RCUN
[10:10:29] [407/459] CNRA
[10:10:30] [408/459] RFCA
[10:10:31] [409/459] RDCU
[10:10:33] [410/459] SARK
[10:10:34] [411/459] SPPP
[10:10:35] [412/459] ADMB
[10:10:36] [413/459] JYOE
[10:10:37] [414/459] SRMD
[10:10:38] [415/459] RJDH
[10:10:39] [416/459] SSTD
[10:10:40] [417/459] AACV
[10:10:42] [418/459] PPVD
[10:10:43] [419/459] STCP
[10:10:44] [420/459] ANJR
[10:10:44] [421/459] ANLS
[10:10:45] [422/459] BIJO
[10:10:46] [423/459] AVAB
[10:10:47] [424/459] SPMD
[10:10:48] [425/459] SVJL
[10:10:49] [426/459] SDDJ
[10:10:50] [427/459] SLTU
[10:10:51] [428/459] SAKA
[10:10:52] [429/459] PMAM
[10:10:53] [430/459] FNAM
[10:10:53] [431/459] ACAM
[10:10:54] [432/459] SCMM
[10:10:55] [433/459] PMAK
[10:10:57] [434/459] NYSA
[10:10:57] [435/459] FCPA
[10:10:58] [436/459] GDAN
[10:10:59] [437/459] RSCA
[10:11:00] [438/459] DMAN
[10:11:00] [439/459] DZCM
[10:11:01] [440/459] NSGL
[10:11:02] [441/459] CCPP
[10:11:03] [442/459] PSMG
[10:11:04] [443/459] GSER
[10:11:05] [444/459] FCCT
[10:11:06] [445/459] FCTB
[10:11:06] [446/459] LCNK
[10:11:07] [447/459] SKTY
[10:11:08] [448/459] INAA
[10:11:09] [449/459] RCWN
[10:11:09] [450/459] VAIS
[10:11:10] [451/459] CVMN
[10:11:11] [452/459] INTS
[10:11:11] [453/459] FRGS
[10:11:12] [454/459] DTCK
[10:11:13] [455/459] MCMH
[10:11:14] [456/459] ECRR
[10:11:15] [457/459] RLLP
[10:11:16] [458/459] CCSN
[10:11:17] [459/459] CCBA
[10:11:18] 🧹 Deduping shows
[10:11:18] ✅ DONE | Shows=80 | Movies=13
