[10:04:36] 🚀 SCRIPT STARTED
[10:04:36] [1/459] FNDB
[10:04:36] 🧠 New identity created
[10:04:37] [2/459] AMBH
[10:04:38] [3/459] PRHN
[10:04:39] [4/459] ACPM
[10:04:40] [5/459] PVFS
[10:04:42] [6/459] AACN
[10:04:43] [7/459] ACAS
[10:04:44] [8/459] CTNR
[10:04:45] [9/459] MMAH
[10:04:46] [10/459] CPMH
[10:04:47] [11/459] IGMH
[10:04:48] [12/459] ABCS
[10:04:49] [13/459] CMMA
[10:04:50] [14/459] GPRH
[10:04:51] [15/459] PNNG
[10:04:51] [16/459] AMCA
[10:04:52] [17/459] ISTN
[10:04:53] [18/459] PIIC
[10:04:54] [19/459] AHMH
[10:04:55] [20/459] ASHN
[10:04:56] [21/459] INHY
[10:04:56] [22/459] SRMO
[10:04:57] [23/459] PIMH
[10:04:58] [24/459] PVTS
[10:04:59] [25/459] MMCA
[10:05:01] [26/459] AKYJ
[10:05:02] [27/459] BRKH
[10:05:03] [28/459] MAHM
[10:05:04] [29/459] CPHY
[10:05:05] [30/459] PVTP
[10:05:06] [31/459] SMMR
[10:05:06] [32/459] PVHM
[10:05:07] [33/459] SNDY
[10:05:08] [34/459] GOKU
[10:05:10] [35/459] ACEV
[10:05:12] [36/459] PVUM
[10:05:13] [37/459] VSWA
[10:05:14] [38/459] IPRS
[10:05:15] [39/459] ASGN
[10:05:15] [40/459] BKMV
[10:05:16] [41/459] PVYH
[10:05:17] [42/459] INKM
[10:05:18] [43/459] ARJU
[10:05:19] [44/459] JJPP
[10:05:20] [45/459] SSRM
[10:05:21] [46/459] HMHD
[10:05:23] [47/459] SNKH
[10:05:23] [48/459] ACHI
[10:05:25] [49/459] MRAA
[10:05:26] [50/459] INMH
[10:05:26] [51/459] ARMH
[10:05:28] [52/459] DVRR
[10:05:29] [53/459] SUDA
[10:05:30] [54/459] MCSS
[10:05:30] [55/459] VRKC
[10:05:31] [56/459] PRCX
[10:05:32] [57/459] ASJY
[10:05:33] [58/459] MTHY
[10:05:34] [59/459] SRCM
[10:05:34] [60/459] TVHY
[10:05:35] [61/459] STHD
[10:05:36] [62/459] CPCL
[10:05:37] [63/459] PSMJ
[10:05:38] [64/459] MRGT
[10:05:39] [65/459] ARYH
[10:05:40] [66/459] VTRB
[10:05:41] [67/459] SCHC
[10:05:42] [68/459] MRRG
[10:05:43] [69/459] SPCB
[10:05:44] [70/459] AMCM
[10:05:45] [71/459] IVNM
[10:05:46] [72/459] TRHY
[10:05:46] [73/459] PTTH
[10:05:48] [74/459] RKMH
[10:05:49] [75/459] PRCS
[10:05:50] [76/459] VAJA
[10:05:51] [77/459] BJNG
[10:05:51] [78/459] SCVM
[10:05:52] [79/459] GNHB
[10:05:53] [80/459] TLUR
[10:05:54] [81/459] UKCC
[10:05:55] [82/459] SRKR
[10:05:56] [83/459] RMKN
[10:05:56] [84/459] SLRT
[10:05:57] [85/459] LKMT
[10:05:59] [86/459] SSRJ
[10:05:59] [87/459] SPHT
[10:06:00] [88/459] ANTT
[10:06:01] [89/459] SRCH
[10:06:02] [90/459] SRCA
[10:06:03] [91/459] ARTH
[10:06:04] [92/459] MCBH
[10:06:05] [93/459] SNIB
[10:06:06] [94/459] SART
[10:06:07] [95/459] SKTA
[10:06:08] [96/459] YAKT
[10:06:09] [97/459] MLCK
[10:06:10] [98/459] ANTS
[10:06:11] [99/459] DGCA
[10:06:12] [100/459] SGMP
[10:06:13] [101/459] ASWN
[10:06:14] [102/459] KFVU
[10:06:15] [103/459] POOR
[10:06:16] [104/459] GKDN
[10:06:17] [105/459] EOSE
[10:06:18] [106/459] GTTT
[10:06:19] [107/459] ARRO
[10:06:20] [108/459] CMMK
[10:06:21] [109/459] MSCN
[10:06:22] [110/459] GDKH
[10:06:23] [111/459] DLMT
[10:06:24] [112/459] PVMF
[10:06:25] [113/459] CPCK
[10:06:26] [114/459] VMHE
[10:06:27] [115/459] PVLC
[10:06:28] [116/459] PCVB
[10:06:30] [117/459] SNYK
[10:06:31] [118/459] KTEK
[10:06:32] [119/459] PCNM
[10:06:32] [120/459] NTTR
[10:06:33] [121/459] CPSK
[10:06:34] [122/459] JMMA
[10:06:35] [123/459] GCFK
[10:06:35] [124/459] MYCA
[10:06:36] [125/459] KSNP
[10:06:37] [126/459] PMCE
[10:06:38] [127/459] SCKI
[10:06:39] [128/459] FSMA
[10:06:40] [129/459] CETA
[10:06:41] [130/459] MCIK
[10:06:42] [131/459] MYCR
[10:06:43] [132/459] EVMP
[10:06:43] [133/459] SSGT
[10:06:44] [134/459] KCTK
[10:06:45] [135/459] ZTKC
[10:06:46] [136/459] MMTA
[10:06:47] [137/459] MAJT
[10:06:48] [138/459] ACPK
[10:06:49] [139/459] JMAX
[10:06:50] [140/459] SETK
[10:06:51] [141/459] CAIS
[10:06:52] [142/459] AGCD
[10:06:53] [143/459] URCL
[10:06:54] [144/459] VTDS
[10:06:54] [145/459] JCNM
[10:06:55] [146/459] KCAM
[10:06:56] [147/459] ADCU
[10:06:57] [148/459] GXYN
[10:06:58] [149/459] SMJG
[10:06:59] [150/459] EYCJ
[10:07:00] [151/459] CCEJ
[10:07:00] [152/459] MARS
[10:07:02] [153/459] CPVJ
[10:07:03] [154/459] INVP
[10:07:04] [155/459] CPOV
[10:07:05] [156/459] VIJK
[10:07:06] [157/459] LAIM
[10:07:07] [158/459] STHV
[10:07:08] [159/459] SVLJ
[10:07:09] [160/459] ATVJ
[10:07:10] [161/459] JTSC
[10:07:11] [162/459] RMTV
[10:07:12] [163/459] MGGG
[10:07:13] [164/459] SWTH
[10:07:13] [165/459] INVJ
[10:07:14] [166/459] PRSV
[10:07:16] [167/459] JATV
[10:07:17] [168/459] RCVD
[10:07:18] [169/459] BDMA
[10:07:19] [170/459] BLJI
[10:07:20] [171/459] SWOT
[10:07:21] [172/459] SWRN
[10:07:22] [173/459] TVRA
[10:07:23] [174/459] VCSV
[10:07:24] [175/459] NVRN
[10:07:25] [176/459] SIKC
[10:07:26] [177/459] VAKR
[10:07:27] [178/459] SYLN
[10:07:28] [179/459] KLJL
[10:07:29] [180/459] LKMY
[10:07:29] [181/459] VSLY
[10:07:30] [182/459] CIKO
[10:07:31] [183/459] GPBG
[10:07:31] [184/459] CECM
[10:07:33] [185/459] SLKB
[10:07:34] [186/459] MTBO
[10:07:35] [187/459] SSHB
[10:07:36] [188/459] VPCS
[10:07:37] [189/459] RCSR
[10:07:38] [190/459] RJRM
[10:07:39] [191/459] KPPB
[10:07:39] [192/459] SEDC
[10:07:41] [193/459] SCAI
[10:07:42] [194/459] RMTR
[10:07:44] [195/459] ASST
[10:07:45] [196/459] GCAK
[10:07:46] [197/459] ANNK
[10:07:46] [198/459] KDDF
[10:07:47] [199/459] NRDP
[10:07:49] [200/459] PLAK
[10:07:50] [201/459] GCMC
[10:07:51] [202/459] ALPY
[10:07:52] [203/459] SICE
[10:07:53] [204/459] SISR
[10:07:54] [205/459] SRPZ
[10:07:55] [206/459] SRSW
[10:07:55] [207/459] SUYA
[10:07:56] [208/459] AMMT
[10:07:57] [209/459] BHCU
[10:07:58] [210/459] KLPA
[10:07:59] [211/459] NVKH
[10:08:00] [212/459] JMRC
[10:08:01] [213/459] KTTT
[10:08:02] [214/459] MAGH
[10:08:02] [215/459] MMMX
[10:08:03] [216/459] SALJ
[10:08:04] [217/459] GTJA
[10:08:06] [218/459] MAHT
[10:08:06] [219/459] SSNN
[10:08:08] [220/459] ARRP
[10:08:09] [221/459] ATNS
[10:08:10] [222/459] SKDT
[10:08:11] [223/459] ACAT
[10:08:12] [224/459] APRC
[10:08:13] [225/459] SWAG
[10:08:13] [226/459] SDPT
[10:08:15] [227/459] STPS
[10:08:16] [228/459] WWCZ
[10:08:16] [229/459] LLCH
[10:08:17] [230/459] MZHA
[10:08:18] [231/459] CRJG
[10:08:20] [232/459] JGTK
[10:08:21] [233/459] KCSR
[10:08:22] [234/459] CHTL
[10:08:23] [235/459] EDSR
[10:08:24] [236/459] CSWO
[10:08:24] [237/459] CPVM
[10:08:25] [238/459] MXBY
[10:08:26] [239/459] FMMA
[10:08:27] [240/459] POVI
[10:08:28] [241/459] MTHB
[10:08:29] [242/459] INRC
[10:08:30] [243/459] PIPP
[10:08:31] [244/459] BMXC
[10:08:32] [245/459] PCMM
[10:08:33] [246/459] PMKM
[10:08:35] [247/459] GATY
[10:08:35] [248/459] IMCM
[10:08:36] [249/459] POPE
[10:08:37] [250/459] MTCR
[10:08:38] [251/459] PVAE
[10:08:39] [252/459] PVMI
[10:08:39] [253/459] CPNM
[10:08:40] [254/459] FMRL
[10:08:42] [255/459] MCIW
[10:08:43] [256/459] MXBO
[10:08:44] [257/459] FMKY
[10:08:45] [258/459] FMDA
[10:08:46] [259/459] THAB
[10:08:46] [260/459] PRCW
[10:08:47] [261/459] PITI
[10:08:48] [262/459] MCFF
[10:08:49] [263/459] PDDV
[10:08:50] [264/459] MCRM
[10:08:51] [265/459] KKMB
[10:08:52] [266/459] INKO
[10:08:53] [267/459] PLXP
[10:08:54] [268/459] MMHA
[10:08:55] [269/459] FMVS
[10:08:56] [270/459] POLM
[10:08:58] [271/459] STER
[10:08:59] [272/459] PVWJ
[10:09:00] [273/459] IMJW
[10:09:01] [274/459] FNAN
[10:09:02] [275/459] CAGL
[10:09:03] [276/459] IPBG
[10:09:04] [277/459] SMFV
[10:09:05] [278/459] MMMR
[10:09:05] [279/459] MMWM
[10:09:07] [280/459] FNCM
[10:09:08] [281/459] MDVA
[10:09:10] [282/459] MMET
[10:09:10] [283/459] MIDO
[10:09:11] [284/459] INNP
[10:09:12] [285/459] MIFU
[10:09:13] [286/459] MMSZ
[10:09:14] [287/459] BMXA
[10:09:15] [288/459] MCAA
[10:09:16] [289/459] SCVP
[10:09:17] [290/459] PLUS
[10:09:18] [291/459] MUCK
[10:09:19] [292/459] MTMA
[10:09:20] [293/459] HPVR
[10:09:21] [294/459] PMPK
[10:09:22] [295/459] MAJB
[10:09:23] [296/459] CTRR
[10:09:24] [297/459] MCTG
[10:09:24] [298/459] MACE
[10:09:25] [299/459] AAAS
[10:09:26] [300/459] CPVV
[10:09:27] [301/459] RCHG
[10:09:28] [302/459] MCNE
[10:09:29] [303/459] EMNC
[10:09:29] [304/459] MCAN
[10:09:30] [305/459] TCDM
[10:09:31] [306/459] IRGT
[10:09:33] [307/459] GCMG
[10:09:34] [308/459] MXSN
[10:09:35] [309/459] MXCK
[10:09:37] [310/459] MCRC
[10:09:38] [311/459] RSMI
[10:09:38] [312/459] WAML
[10:09:39] [313/459] MTSC
[10:09:40] [314/459] FMDR
[10:09:42] [315/459] LEPV
[10:09:43] [316/459] MTGD
[10:09:44] [317/459] IMOB
[10:09:44] [318/459] CLMM
[10:09:45] [319/459] PZCD
[10:09:46] [320/459] GOCS
[10:09:47] [321/459] KCMA
[10:09:48] [322/459] CCMP
[10:09:48] [323/459] MTSU
[10:09:50] [324/459] SNGL
[10:09:52] [325/459] MMMC
[10:09:53] [326/459] MMAA
[10:09:54] [327/459] GCDM
[10:09:54] [328/459] KTMV
[10:09:55] [329/459] AETE
[10:09:56] [330/459] OMCS
[10:09:57] [331/459] GDCD
[10:09:58] [332/459] NYMD
[10:09:59] [333/459] RNCV
[10:10:01] [334/459] KKMT
[10:10:03] [335/459] GDTH
[10:10:03] [336/459] KMMV
[10:10:05] [337/459] NHCG
[10:10:06] [338/459] PJDW
[10:10:07] [339/459] MMCV
[10:10:08] [340/459] FQSA
[10:10:09] [341/459] KURL
[10:10:10] [342/459] NNNX
[10:10:10] [343/459] AMAU
[10:10:11] [344/459] VVVM
[10:10:12] [345/459] VECU
[10:10:13] [346/459] WCVR
[10:10:14] [347/459] MTGG
[10:10:14] [348/459] SGTG
[10:10:16] [349/459] MNTG
[10:10:17] [350/459] JDDG
[10:10:18] [351/459] MBTK
[10:10:19] [352/459] SGCD
[10:10:20] [353/459] MCTC
[10:10:21] [354/459] JTPC
[10:10:22] [355/459] SDKT
[10:10:23] [356/459] KRCC
[10:10:23] [357/459] RMMD
[10:10:24] [358/459] AAME
[10:10:25] [359/459] TMWC
[10:10:26] [360/459] NRWY
[10:10:27] [361/459] CITD
[10:10:28] [362/459] VERD
[10:10:29] [363/459] MKSK
[10:10:29] [364/459] STSM
[10:10:30] [365/459] MJDG
[10:10:31] [366/459] RKPM
[10:10:32] [367/459] SSCE
[10:10:33] [368/459] VMAE
[10:10:34] [369/459] SBRU
[10:10:35] [370/459] AMBC
[10:10:36] [371/459] AMLU
[10:10:36] [372/459] INVZ
[10:10:38] [373/459] LGTV
[10:10:39] [374/459] SVAD
[10:10:39] [375/459] SMSA
[10:10:40] [376/459] SPCZ
[10:10:41] [377/459] GTCX
[10:10:42] [378/459] SCSL
[10:10:43] [379/459] SAHU
[10:10:44] [380/459] NCDA
[10:10:45] [381/459] SCCG
[10:10:45] [382/459] VKTL
[10:10:46] [383/459] PUUJ
[10:10:47] [384/459] STEJ
[10:10:48] [385/459] RJAL
[10:10:49] [386/459] ACJC
[10:10:49] [387/459] VTHC
[10:10:50] [388/459] ARVB
[10:10:51] [389/459] AUBB
[10:10:53] [390/459] GDBR
[10:10:54] [391/459] PVND
[10:10:54] [392/459] BGRJ
[10:10:55] [393/459] RJMM
[10:10:56] [394/459] MCSA
[10:10:57] [395/459] BODA
[10:10:59] [396/459] JAGG
[10:11:00] [397/459] SCGA
[10:11:01] [398/459] LRCM
[10:11:02] [399/459] CPCN
[10:11:03] [400/459] SSTF
[10:11:03] [401/459] SRXP
[10:11:05] [402/459] CNFX
[10:11:05] [403/459] ANDI
[10:11:06] [404/459] SYEW
[10:11:07] [405/459] RCRE
[10:11:08] [406/459] SCRW
[10:11:09] [407/459] MBKR
[10:11:10] [408/459] ASNT
[10:11:11] [409/459] JTMT
[10:11:12] [410/459] SHAY
[10:11:13] [411/459] VRTH
[10:11:14] [412/459] SPTI
[10:11:14] [413/459] DPTD
[10:11:15] [414/459] TGSN
[10:11:17] [415/459] RCWV
[10:11:18] [416/459] OCUR
[10:11:19] [417/459] KSTC
[10:11:20] [418/459] SANI
[10:11:20] [419/459] MLCA
[10:11:22] [420/459] EGCA
[10:11:23] [421/459] SYSN
[10:11:24] [422/459] PKTA
[10:11:25] [423/459] PRCC
[10:11:25] [424/459] KSTR
[10:11:26] [425/459] SNTP
[10:11:28] [426/459] RCHA
[10:11:29] [427/459] SEEA
[10:11:30] [428/459] ALAT
[10:11:31] [429/459] AATV
[10:11:32] [430/459] RJTE
[10:11:33] [431/459] AAPP
[10:11:34] [432/459] PMMH
[10:11:35] [433/459] INRJ
[10:11:36] [434/459] SARB
[10:11:38] [435/459] PCJL
[10:11:39] [436/459] PFJJ
[10:11:40] [437/459] GRDC
[10:11:41] [438/459] BCBA
[10:11:41] [439/459] VIXL
[10:11:42] [440/459] CSTL
[10:11:44] [441/459] MTDK
[10:11:46] [442/459] TDAC
[10:11:46] [443/459] GTDN
[10:11:48] [444/459] TTDE
[10:11:49] [445/459] ASTS
[10:11:50] [446/459] CPNS
[10:11:51] [447/459] PVVW
[10:11:52] [448/459] USEB
[10:11:52] [449/459] DTYN
[10:11:54] [450/459] PVLE
[10:11:55] [451/459] CIPS
[10:11:56] [452/459] PAEG
[10:11:57] [453/459] PTCW
[10:11:58] [454/459] G3SR
[10:11:58] [455/459] PGND
[10:11:59] [456/459] INVM
[10:12:00] [457/459] SPIA
[10:12:01] [458/459] PCSN
[10:12:02] [459/459] PPGV
[10:12:02] 🧹 Deduping shows
[10:12:02] ✅ DONE | Shows=40 | Movies=8
[16:47:53] 🚀 SCRIPT STARTED
[16:47:53] [1/459] FNDB
[16:47:53] 🧠 New identity created
[16:47:54] [2/459] AMBH
[16:47:55] [3/459] PRHN
[16:47:56] [4/459] ACPM
[16:47:57] [5/459] PVFS
[16:47:58] [6/459] AACN
[16:47:59] [7/459] ACAS
[16:48:00] [8/459] CTNR
[16:48:01] [9/459] MMAH
[16:48:02] [10/459] CPMH
[16:48:03] [11/459] IGMH
[16:48:04] [12/459] ABCS
[16:48:05] [13/459] CMMA
[16:48:05] [14/459] GPRH
[16:48:06] [15/459] PNNG
[16:48:07] [16/459] AMCA
[16:48:08] [17/459] ISTN
[16:48:08] [18/459] PIIC
[16:48:09] [19/459] AHMH
[16:48:10] [20/459] ASHN
[16:48:11] [21/459] INHY
[16:48:12] [22/459] SRMO
[16:48:13] [23/459] PIMH
[16:48:14] [24/459] PVTS
[16:48:15] [25/459] MMCA
[16:48:16] [26/459] AKYJ
[16:48:17] [27/459] BRKH
[16:48:18] [28/459] MAHM
[16:48:19] [29/459] CPHY
[16:48:20] [30/459] PVTP
[16:48:21] [31/459] SMMR
[16:48:22] [32/459] PVHM
[16:48:23] [33/459] SNDY
[16:48:24] [34/459] GOKU
[16:48:25] [35/459] ACEV
[16:48:25] [36/459] PVUM
[16:48:26] [37/459] VSWA
[16:48:27] [38/459] IPRS
[16:48:28] [39/459] ASGN
[16:48:29] [40/459] BKMV
[16:48:30] [41/459] PVYH
[16:48:31] [42/459] INKM
[16:48:32] [43/459] ARJU
[16:48:33] [44/459] JJPP
[16:48:35] [45/459] SSRM
[16:48:36] [46/459] HMHD
[16:48:37] [47/459] SNKH
[16:48:38] [48/459] ACHI
[16:48:39] [49/459] MRAA
[16:48:40] [50/459] INMH
[16:48:41] [51/459] ARMH
[16:48:42] [52/459] DVRR
[16:48:43] [53/459] SUDA
[16:48:44] [54/459] MCSS
[16:48:45] [55/459] VRKC
[16:48:46] [56/459] PRCX
[16:48:47] [57/459] ASJY
[16:48:48] [58/459] MTHY
[16:48:49] [59/459] SRCM
[16:48:51] [60/459] TVHY
[16:48:52] [61/459] STHD
[16:48:53] [62/459] CPCL
[16:48:54] [63/459] PSMJ
[16:48:55] [64/459] MRGT
[16:48:56] [65/459] ARYH
[16:48:57] [66/459] VTRB
[16:48:58] [67/459] SCHC
[16:48:59] [68/459] MRRG
[16:49:00] [69/459] SPCB
[16:49:01] [70/459] AMCM
[16:49:02] [71/459] IVNM
[16:49:04] [72/459] TRHY
[16:49:05] [73/459] PTTH
[16:49:07] [74/459] RKMH
[16:49:08] [75/459] PRCS
[16:49:08] [76/459] VAJA
[16:49:09] [77/459] BJNG
[16:49:10] [78/459] SCVM
[16:49:11] [79/459] GNHB
[16:49:12] [80/459] TLUR
[16:49:13] [81/459] UKCC
[16:49:14] [82/459] SRKR
[16:49:15] [83/459] RMKN
[16:49:16] [84/459] SLRT
[16:49:17] [85/459] LKMT
[16:49:18] [86/459] SSRJ
[16:49:19] [87/459] SPHT
[16:49:20] [88/459] ANTT
[16:49:21] [89/459] SRCH
[16:49:22] [90/459] SRCA
[16:49:23] [91/459] ARTH
[16:49:24] [92/459] MCBH
[16:49:25] [93/459] SNIB
[16:49:26] [94/459] SART
[16:49:27] [95/459] SKTA
[16:49:28] [96/459] YAKT
[16:49:28] [97/459] MLCK
[16:49:29] [98/459] ANTS
[16:49:30] [99/459] DGCA
[16:49:31] [100/459] SGMP
[16:49:32] [101/459] ASWN
[16:49:33] [102/459] KFVU
[16:49:34] [103/459] POOR
[16:49:34] [104/459] GKDN
[16:49:35] [105/459] EOSE
[16:49:36] [106/459] GTTT
[16:49:37] [107/459] ARRO
[16:49:38] [108/459] CMMK
[16:49:39] [109/459] MSCN
[16:49:39] [110/459] GDKH
[16:49:40] [111/459] DLMT
[16:49:41] [112/459] PVMF
[16:49:42] [113/459] CPCK
[16:49:43] [114/459] VMHE
[16:49:43] [115/459] PVLC
[16:49:44] [116/459] PCVB
[16:49:45] [117/459] SNYK
[16:49:47] [118/459] KTEK
[16:49:47] [119/459] PCNM
[16:49:48] [120/459] NTTR
[16:49:49] [121/459] CPSK
[16:49:50] [122/459] JMMA
[16:49:51] [123/459] GCFK
[16:49:51] [124/459] MYCA
[16:49:52] [125/459] KSNP
[16:49:54] [126/459] PMCE
[16:49:55] [127/459] SCKI
[16:49:57] [128/459] FSMA
[16:49:58] [129/459] CETA
[16:49:59] [130/459] MCIK
[16:50:00] [131/459] MYCR
[16:50:01] [132/459] EVMP
[16:50:03] [133/459] SSGT
[16:50:03] [134/459] KCTK
[16:50:04] [135/459] ZTKC
[16:50:05] [136/459] MMTA
[16:50:06] [137/459] MAJT
[16:50:06] [138/459] ACPK
[16:50:07] [139/459] JMAX
[16:50:09] [140/459] SETK
[16:50:10] [141/459] CAIS
[16:50:10] [142/459] AGCD
[16:50:12] [143/459] URCL
[16:50:13] [144/459] VTDS
[16:50:14] [145/459] JCNM
[16:50:14] [146/459] KCAM
[16:50:15] [147/459] ADCU
[16:50:16] [148/459] GXYN
[16:50:17] [149/459] SMJG
[16:50:18] [150/459] EYCJ
[16:50:18] [151/459] CCEJ
[16:50:20] [152/459] MARS
[16:50:23] [153/459] CPVJ
[16:50:23] [154/459] INVP
[16:50:25] [155/459] CPOV
[16:50:26] [156/459] VIJK
[16:50:27] [157/459] LAIM
[16:50:28] [158/459] STHV
[16:50:29] [159/459] SVLJ
[16:50:30] [160/459] ATVJ
[16:50:31] [161/459] JTSC
[16:50:32] [162/459] RMTV
[16:50:33] [163/459] MGGG
[16:50:34] [164/459] SWTH
[16:50:35] [165/459] INVJ
[16:50:36] [166/459] PRSV
[16:50:37] [167/459] JATV
[16:50:38] [168/459] RCVD
[16:50:39] [169/459] BDMA
[16:50:40] [170/459] BLJI
[16:50:41] [171/459] SWOT
[16:50:42] [172/459] SWRN
[16:50:43] [173/459] TVRA
[16:50:45] [174/459] VCSV
[16:50:46] [175/459] NVRN
[16:50:47] [176/459] SIKC
[16:50:48] [177/459] VAKR
[16:50:49] [178/459] SYLN
[16:50:50] [179/459] KLJL
[16:50:52] [180/459] LKMY
[16:50:52] [181/459] VSLY
[16:50:53] [182/459] CIKO
[16:50:54] [183/459] GPBG
[16:50:55] [184/459] CECM
[16:50:56] [185/459] SLKB
[16:50:56] [186/459] MTBO
[16:50:57] [187/459] SSHB
[16:50:58] [188/459] VPCS
[16:50:59] [189/459] RCSR
[16:51:00] [190/459] RJRM
[16:51:01] [191/459] KPPB
[16:51:02] [192/459] SEDC
[16:51:03] [193/459] SCAI
[16:51:04] [194/459] RMTR
[16:51:05] [195/459] ASST
[16:51:06] [196/459] GCAK
[16:51:06] [197/459] ANNK
[16:51:07] [198/459] KDDF
[16:51:08] [199/459] NRDP
[16:51:09] [200/459] PLAK
[16:51:10] [201/459] GCMC
[16:51:11] [202/459] ALPY
[16:51:13] [203/459] SICE
[16:51:14] [204/459] SISR
[16:51:15] [205/459] SRPZ
[16:51:15] [206/459] SRSW
[16:51:16] [207/459] SUYA
[16:51:17] [208/459] AMMT
[16:51:18] [209/459] BHCU
[16:51:19] [210/459] KLPA
[16:51:19] [211/459] NVKH
[16:51:20] [212/459] JMRC
[16:51:21] [213/459] KTTT
[16:51:22] [214/459] MAGH
[16:51:23] [215/459] MMMX
[16:51:24] [216/459] SALJ
[16:51:25] [217/459] GTJA
[16:51:26] [218/459] MAHT
[16:51:27] [219/459] SSNN
[16:51:28] [220/459] ARRP
[16:51:29] [221/459] ATNS
[16:51:30] [222/459] SKDT
[16:51:30] [223/459] ACAT
[16:51:31] [224/459] APRC
[16:51:33] [225/459] SWAG
[16:51:34] [226/459] SDPT
[16:51:34] [227/459] STPS
[16:51:35] [228/459] WWCZ
[16:51:36] [229/459] LLCH
[16:51:37] [230/459] MZHA
[16:51:38] [231/459] CRJG
[16:51:38] [232/459] JGTK
[16:51:39] [233/459] KCSR
[16:51:40] [234/459] CHTL
[16:51:41] [235/459] EDSR
[16:51:43] [236/459] CSWO
[16:51:44] [237/459] CPVM
[16:51:44] [238/459] MXBY
[16:51:45] [239/459] FMMA
[16:51:46] [240/459] POVI
[16:51:47] [241/459] MTHB
[16:51:48] [242/459] INRC
[16:51:49] [243/459] PIPP
[16:51:50] [244/459] BMXC
[16:51:51] [245/459] PCMM
[16:51:52] [246/459] PMKM
[16:51:53] [247/459] GATY
[16:51:54] [248/459] IMCM
[16:51:55] [249/459] POPE
[16:51:56] [250/459] MTCR
[16:51:56] [251/459] PVAE
[16:51:57] [252/459] PVMI
[16:51:58] [253/459] CPNM
[16:51:59] [254/459] FMRL
[16:52:00] [255/459] MCIW
[16:52:01] [256/459] MXBO
[16:52:02] [257/459] FMKY
[16:52:03] [258/459] FMDA
[16:52:04] [259/459] THAB
[16:52:05] [260/459] PRCW
[16:52:06] [261/459] PITI
[16:52:07] [262/459] MCFF
[16:52:08] [263/459] PDDV
[16:52:09] [264/459] MCRM
[16:52:10] [265/459] KKMB
[16:52:11] [266/459] INKO
[16:52:12] [267/459] PLXP
[16:52:12] [268/459] MMHA
[16:52:13] [269/459] FMVS
[16:52:14] [270/459] POLM
[16:52:15] [271/459] STER
[16:52:15] [272/459] PVWJ
[16:52:16] [273/459] IMJW
[16:52:17] [274/459] FNAN
[16:52:18] [275/459] CAGL
[16:52:18] [276/459] IPBG
[16:52:19] [277/459] SMFV
[16:52:20] [278/459] MMMR
[16:52:21] [279/459] MMWM
[16:52:22] [280/459] FNCM
[16:52:23] [281/459] MDVA
[16:52:24] [282/459] MMET
[16:52:25] [283/459] MIDO
[16:52:26] [284/459] INNP
[16:52:27] [285/459] MIFU
[16:52:28] [286/459] MMSZ
[16:52:29] [287/459] BMXA
[16:52:30] [288/459] MCAA
[16:52:30] [289/459] SCVP
[16:52:32] [290/459] PLUS
[16:52:33] [291/459] MUCK
[16:52:34] [292/459] MTMA
[16:52:35] [293/459] HPVR
[16:52:36] [294/459] PMPK
[16:52:36] [295/459] MAJB
[16:52:37] [296/459] CTRR
[16:52:38] [297/459] MCTG
[16:52:39] [298/459] MACE
[16:52:40] [299/459] AAAS
[16:52:41] [300/459] CPVV
[16:52:41] [301/459] RCHG
[16:52:42] [302/459] MCNE
[16:52:43] [303/459] EMNC
[16:52:44] [304/459] MCAN
[16:52:45] [305/459] TCDM
[16:52:46] [306/459] IRGT
[16:52:47] [307/459] GCMG
[16:52:47] [308/459] MXSN
[16:52:48] [309/459] MXCK
[16:52:49] [310/459] MCRC
[16:52:49] [311/459] RSMI
[16:52:50] [312/459] WAML
[16:52:51] [313/459] MTSC
[16:52:52] [314/459] FMDR
[16:52:53] [315/459] LEPV
[16:52:55] [316/459] MTGD
[16:52:56] [317/459] IMOB
[16:52:57] [318/459] CLMM
[16:52:58] [319/459] PZCD
[16:52:59] [320/459] GOCS
[16:53:01] [321/459] KCMA
[16:53:01] [322/459] CCMP
[16:53:02] [323/459] MTSU
[16:53:03] [324/459] SNGL
[16:53:04] [325/459] MMMC
[16:53:05] [326/459] MMAA
[16:53:06] [327/459] GCDM
[16:53:06] [328/459] KTMV
[16:53:07] [329/459] AETE
[16:53:08] [330/459] OMCS
[16:53:09] [331/459] GDCD
[16:53:10] [332/459] NYMD
[16:53:12] [333/459] RNCV
[16:53:13] [334/459] KKMT
[16:53:15] [335/459] GDTH
[16:53:15] [336/459] KMMV
[16:53:17] [337/459] NHCG
[16:53:18] [338/459] PJDW
[16:53:18] [339/459] MMCV
[16:53:19] [340/459] FQSA
[16:53:20] [341/459] KURL
[16:53:21] [342/459] NNNX
[16:53:22] [343/459] AMAU
[16:53:22] [344/459] VVVM
[16:53:23] [345/459] VECU
[16:53:24] [346/459] WCVR
[16:53:25] [347/459] MTGG
[16:53:25] [348/459] SGTG
[16:53:26] [349/459] MNTG
[16:53:28] [350/459] JDDG
[16:53:29] [351/459] MBTK
[16:53:29] [352/459] SGCD
[16:53:30] [353/459] MCTC
[16:53:31] [354/459] JTPC
[16:53:32] [355/459] SDKT
[16:53:33] [356/459] KRCC
[16:53:34] [357/459] RMMD
[16:53:34] [358/459] AAME
[16:53:35] [359/459] TMWC
[16:53:36] [360/459] NRWY
[16:53:37] [361/459] CITD
[16:53:38] [362/459] VERD
[16:53:39] [363/459] MKSK
[16:53:40] [364/459] STSM
[16:53:42] [365/459] MJDG
[16:53:42] [366/459] RKPM
[16:53:43] [367/459] SSCE
[16:53:44] [368/459] VMAE
[16:53:45] [369/459] SBRU
[16:53:46] [370/459] AMBC
[16:53:47] [371/459] AMLU
[16:53:48] [372/459] INVZ
[16:53:49] [373/459] LGTV
[16:53:50] [374/459] SVAD
[16:53:51] [375/459] SMSA
[16:53:52] [376/459] SPCZ
[16:53:53] [377/459] GTCX
[16:53:54] [378/459] SCSL
[16:53:55] [379/459] SAHU
[16:53:56] [380/459] NCDA
[16:53:56] [381/459] SCCG
[16:53:57] [382/459] VKTL
[16:53:58] [383/459] PUUJ
[16:53:59] [384/459] STEJ
[16:54:00] [385/459] RJAL
[16:54:01] [386/459] ACJC
[16:54:01] [387/459] VTHC
[16:54:02] [388/459] ARVB
[16:54:03] [389/459] AUBB
[16:54:04] [390/459] GDBR
[16:54:05] [391/459] PVND
[16:54:06] [392/459] BGRJ
[16:54:07] [393/459] RJMM
[16:54:08] [394/459] MCSA
[16:54:09] [395/459] BODA
[16:54:09] [396/459] JAGG
[16:54:10] [397/459] SCGA
[16:54:12] [398/459] LRCM
[16:54:13] [399/459] CPCN
[16:54:13] [400/459] SSTF
[16:54:14] [401/459] SRXP
[16:54:15] [402/459] CNFX
[16:54:16] [403/459] ANDI
[16:54:17] [404/459] SYEW
[16:54:17] [405/459] RCRE
[16:54:18] [406/459] SCRW
[16:54:19] [407/459] MBKR
[16:54:20] [408/459] ASNT
[16:54:21] [409/459] JTMT
[16:54:21] [410/459] SHAY
[16:54:22] [411/459] VRTH
[16:54:24] [412/459] SPTI
[16:54:25] [413/459] DPTD
[16:54:26] [414/459] TGSN
[16:54:26] [415/459] RCWV
[16:54:27] [416/459] OCUR
[16:54:28] [417/459] KSTC
[16:54:29] [418/459] SANI
[16:54:29] [419/459] MLCA
[16:54:30] [420/459] EGCA
[16:54:31] [421/459] SYSN
[16:54:32] [422/459] PKTA
[16:54:33] [423/459] PRCC
[16:54:34] [424/459] KSTR
[16:54:34] [425/459] SNTP
[16:54:36] [426/459] RCHA
[16:54:37] [427/459] SEEA
[16:54:38] [428/459] ALAT
[16:54:39] [429/459] AATV
[16:54:39] [430/459] RJTE
[16:54:40] [431/459] AAPP
[16:54:41] [432/459] PMMH
[16:54:42] [433/459] INRJ
[16:54:42] [434/459] SARB
[16:54:44] [435/459] PCJL
[16:54:45] [436/459] PFJJ
[16:54:46] [437/459] GRDC
[16:54:47] [438/459] BCBA
[16:54:47] [439/459] VIXL
[16:54:49] [440/459] CSTL
[16:54:50] [441/459] MTDK
[16:54:51] [442/459] TDAC
[16:54:52] [443/459] GTDN
[16:54:53] [444/459] TTDE
[16:54:55] [445/459] ASTS
[16:54:56] [446/459] CPNS
[16:54:57] [447/459] PVVW
[16:54:58] [448/459] USEB
[16:54:58] [449/459] DTYN
[16:54:59] [450/459] PVLE
[16:55:00] [451/459] CIPS
[16:55:01] [452/459] PAEG
[16:55:02] [453/459] PTCW
[16:55:02] [454/459] G3SR
[16:55:03] [455/459] PGND
[16:55:04] [456/459] INVM
[16:55:06] [457/459] SPIA
[16:55:06] [458/459] PCSN
[16:55:08] [459/459] PPGV
[16:55:09] 🧹 Deduping shows
[16:55:09] ✅ DONE | Shows=64 | Movies=11
[04:44:19] 🚀 SCRIPT STARTED
[04:44:19] [1/459] FNDB
[04:44:19] 🧠 New identity created
[04:44:20] [2/459] AMBH
[04:44:21] [3/459] PRHN
[04:44:21] [4/459] ACPM
[04:44:22] [5/459] PVFS
[04:44:23] [6/459] AACN
[04:44:24] [7/459] ACAS
[04:44:24] [8/459] CTNR
[04:44:25] [9/459] MMAH
[04:44:27] [10/459] CPMH
[04:44:28] [11/459] IGMH
[04:44:29] [12/459] ABCS
[04:44:29] [13/459] CMMA
[04:44:30] [14/459] GPRH
[04:44:31] [15/459] PNNG
[04:44:32] [16/459] AMCA
[04:44:33] [17/459] ISTN
[04:44:34] [18/459] PIIC
[04:44:34] [19/459] AHMH
[04:44:35] [20/459] ASHN
[04:44:36] [21/459] INHY
[04:44:36] [22/459] SRMO
[04:44:37] [23/459] PIMH
[04:44:38] [24/459] PVTS
[04:44:39] [25/459] MMCA
[04:44:40] [26/459] AKYJ
[04:44:41] [27/459] BRKH
[04:44:42] [28/459] MAHM
[04:44:42] [29/459] CPHY
[04:44:43] [30/459] PVTP
[04:44:44] [31/459] SMMR
[04:44:45] [32/459] PVHM
[04:44:46] [33/459] SNDY
[04:44:46] [34/459] GOKU
[04:44:47] [35/459] ACEV
[04:44:48] [36/459] PVUM
[04:44:49] [37/459] VSWA
[04:44:50] [38/459] IPRS
[04:44:50] [39/459] ASGN
[04:44:51] [40/459] BKMV
[04:44:52] [41/459] PVYH
[04:44:53] [42/459] INKM
[04:44:54] [43/459] ARJU
[04:44:55] [44/459] JJPP
[04:44:56] [45/459] SSRM
[04:44:56] [46/459] HMHD
[04:44:57] [47/459] SNKH
[04:44:57] [48/459] ACHI
[04:44:58] [49/459] MRAA
[04:44:59] [50/459] INMH
[04:45:00] [51/459] ARMH
[04:45:01] [52/459] DVRR
[04:45:01] [53/459] SUDA
[04:45:02] [54/459] MCSS
[04:45:03] [55/459] VRKC
[04:45:04] [56/459] PRCX
[04:45:05] [57/459] ASJY
[04:45:06] [58/459] MTHY
[04:45:07] [59/459] SRCM
[04:45:07] [60/459] TVHY
[04:45:08] [61/459] STHD
[04:45:09] [62/459] CPCL
[04:45:10] [63/459] PSMJ
[04:45:11] [64/459] MRGT
[04:45:12] [65/459] ARYH
[04:45:13] [66/459] VTRB
[04:45:13] [67/459] SCHC
[04:45:14] [68/459] MRRG
[04:45:15] [69/459] SPCB
[04:45:16] [70/459] AMCM
[04:45:16] [71/459] IVNM
[04:45:18] [72/459] TRHY
[04:45:18] [73/459] PTTH
[04:45:19] [74/459] RKMH
[04:45:20] [75/459] PRCS
[04:45:21] [76/459] VAJA
[04:45:21] [77/459] BJNG
[04:45:22] [78/459] SCVM
[04:45:22] [79/459] GNHB
[04:45:23] [80/459] TLUR
[04:45:24] [81/459] UKCC
[04:45:24] [82/459] SRKR
[04:45:25] [83/459] RMKN
[04:45:25] [84/459] SLRT
[04:45:26] [85/459] LKMT
[04:45:27] [86/459] SSRJ
[04:45:27] [87/459] SPHT
[04:45:28] [88/459] ANTT
[04:45:29] [89/459] SRCH
[04:45:29] [90/459] SRCA
[04:45:30] [91/459] ARTH
[04:45:31] [92/459] MCBH
[04:45:32] [93/459] SNIB
[04:45:33] [94/459] SART
[04:45:33] [95/459] SKTA
[04:45:34] [96/459] YAKT
[04:45:35] [97/459] MLCK
[04:45:36] [98/459] ANTS
[04:45:37] [99/459] DGCA
[04:45:37] [100/459] SGMP
[04:45:38] [101/459] ASWN
[04:45:38] [102/459] KFVU
[04:45:39] [103/459] POOR
[04:45:40] [104/459] GKDN
[04:45:41] [105/459] EOSE
[04:45:42] [106/459] GTTT
[04:45:42] [107/459] ARRO
[04:45:43] [108/459] CMMK
[04:45:44] [109/459] MSCN
[04:45:44] [110/459] GDKH
[04:45:45] [111/459] DLMT
[04:45:46] [112/459] PVMF
[04:45:47] [113/459] CPCK
[04:45:47] [114/459] VMHE
[04:45:48] [115/459] PVLC
[04:45:50] [116/459] PCVB
[04:45:50] [117/459] SNYK
[04:45:51] [118/459] KTEK
[04:45:52] [119/459] PCNM
[04:45:53] [120/459] NTTR
[04:45:54] [121/459] CPSK
[04:45:55] [122/459] JMMA
[04:45:56] [123/459] GCFK
[04:45:56] [124/459] MYCA
[04:45:57] [125/459] KSNP
[04:45:58] [126/459] PMCE
[04:45:59] [127/459] SCKI
[04:45:59] [128/459] FSMA
[04:46:00] [129/459] CETA
[04:46:02] [130/459] MCIK
[04:46:03] [131/459] MYCR
[04:46:04] [132/459] EVMP
[04:46:04] [133/459] SSGT
[04:46:05] [134/459] KCTK
[04:46:05] [135/459] ZTKC
[04:46:06] [136/459] MMTA
[04:46:07] [137/459] MAJT
[04:46:08] [138/459] ACPK
[04:46:08] [139/459] JMAX
[04:46:09] [140/459] SETK
[04:46:10] [141/459] CAIS
[04:46:10] [142/459] AGCD
[04:46:11] [143/459] URCL
[04:46:12] [144/459] VTDS
[04:46:13] [145/459] JCNM
[04:46:14] [146/459] KCAM
[04:46:14] [147/459] ADCU
[04:46:15] [148/459] GXYN
[04:46:16] [149/459] SMJG
[04:46:17] [150/459] EYCJ
[04:46:18] [151/459] CCEJ
[04:46:18] [152/459] MARS
[04:46:19] [153/459] CPVJ
[04:46:21] [154/459] INVP
[04:46:22] [155/459] CPOV
[04:46:23] [156/459] VIJK
[04:46:24] [157/459] LAIM
[04:46:24] [158/459] STHV
[04:46:25] [159/459] SVLJ
[04:46:26] [160/459] ATVJ
[04:46:27] [161/459] JTSC
[04:46:28] [162/459] RMTV
[04:46:29] [163/459] MGGG
[04:46:29] [164/459] SWTH
[04:46:30] [165/459] INVJ
[04:46:31] [166/459] PRSV
[04:46:32] [167/459] JATV
[04:46:33] [168/459] RCVD
[04:46:34] [169/459] BDMA
[04:46:34] [170/459] BLJI
[04:46:35] [171/459] SWOT
[04:46:35] [172/459] SWRN
[04:46:37] [173/459] TVRA
[04:46:38] [174/459] VCSV
[04:46:39] [175/459] NVRN
[04:46:40] [176/459] SIKC
[04:46:41] [177/459] VAKR
[04:46:41] [178/459] SYLN
[04:46:42] [179/459] KLJL
[04:46:43] [180/459] LKMY
[04:46:43] [181/459] VSLY
[04:46:45] [182/459] CIKO
[04:46:45] [183/459] GPBG
[04:46:46] [184/459] CECM
[04:46:47] [185/459] SLKB
[04:46:48] [186/459] MTBO
[04:46:49] [187/459] SSHB
[04:46:50] [188/459] VPCS
[04:46:51] [189/459] RCSR
[04:46:52] [190/459] RJRM
[04:46:53] [191/459] KPPB
[04:46:53] [192/459] SEDC
[04:46:54] [193/459] SCAI
[04:46:55] [194/459] RMTR
[04:46:55] [195/459] ASST
[04:46:56] [196/459] GCAK
[04:46:57] [197/459] ANNK
[04:46:58] [198/459] KDDF
[04:46:59] [199/459] NRDP
[04:46:59] [200/459] PLAK
[04:47:01] [201/459] GCMC
[04:47:02] [202/459] ALPY
[04:47:02] [203/459] SICE
[04:47:04] [204/459] SISR
[04:47:04] [205/459] SRPZ
[04:47:05] [206/459] SRSW
[04:47:06] [207/459] SUYA
[04:47:06] [208/459] AMMT
[04:47:07] [209/459] BHCU
[04:47:08] [210/459] KLPA
[04:47:08] [211/459] NVKH
[04:47:09] [212/459] JMRC
[04:47:10] [213/459] KTTT
[04:47:11] [214/459] MAGH
[04:47:12] [215/459] MMMX
[04:47:12] [216/459] SALJ
[04:47:13] [217/459] GTJA
[04:47:14] [218/459] MAHT
[04:47:15] [219/459] SSNN
[04:47:15] [220/459] ARRP
[04:47:16] [221/459] ATNS
[04:47:17] [222/459] SKDT
[04:47:18] [223/459] ACAT
[04:47:19] [224/459] APRC
[04:47:19] [225/459] SWAG
[04:47:20] [226/459] SDPT
[04:47:21] [227/459] STPS
[04:47:21] [228/459] WWCZ
[04:47:22] [229/459] LLCH
[04:47:22] [230/459] MZHA
[04:47:24] [231/459] CRJG
[04:47:24] [232/459] JGTK
[04:47:25] [233/459] KCSR
[04:47:26] [234/459] CHTL
[04:47:27] [235/459] EDSR
[04:47:27] [236/459] CSWO
[04:47:28] [237/459] CPVM
[04:47:28] [238/459] MXBY
[04:47:29] [239/459] FMMA
[04:47:31] [240/459] POVI
[04:47:32] [241/459] MTHB
[04:47:32] [242/459] INRC
[04:47:33] [243/459] PIPP
[04:47:34] [244/459] BMXC
[04:47:35] [245/459] PCMM
[04:47:36] [246/459] PMKM
[04:47:36] [247/459] GATY
[04:47:37] [248/459] IMCM
[04:47:38] [249/459] POPE
[04:47:38] [250/459] MTCR
[04:47:39] [251/459] PVAE
[04:47:39] [252/459] PVMI
[04:47:40] [253/459] CPNM
[04:47:41] [254/459] FMRL
[04:47:42] [255/459] MCIW
[04:47:42] [256/459] MXBO
[04:47:43] [257/459] FMKY
[04:47:44] [258/459] FMDA
[04:47:44] [259/459] THAB
[04:47:45] [260/459] PRCW
[04:47:46] [261/459] PITI
[04:47:47] [262/459] MCFF
[04:47:47] [263/459] PDDV
[04:47:48] [264/459] MCRM
[04:47:48] [265/459] KKMB
[04:47:49] [266/459] INKO
[04:47:50] [267/459] PLXP
[04:47:52] [268/459] MMHA
[04:47:52] [269/459] FMVS
[04:47:53] [270/459] POLM
[04:47:54] [271/459] STER
[04:47:54] [272/459] PVWJ
[04:47:55] [273/459] IMJW
[04:47:56] [274/459] FNAN
[04:47:57] [275/459] CAGL
[04:47:58] [276/459] IPBG
[04:47:59] [277/459] SMFV
[04:48:00] [278/459] MMMR
[04:48:00] [279/459] MMWM
[04:48:01] [280/459] FNCM
[04:48:01] [281/459] MDVA
[04:48:02] [282/459] MMET
[04:48:04] [283/459] MIDO
[04:48:05] [284/459] INNP
[04:48:05] [285/459] MIFU
[04:48:06] [286/459] MMSZ
[04:48:06] [287/459] BMXA
[04:48:07] [288/459] MCAA
[04:48:08] [289/459] SCVP
[04:48:09] [290/459] PLUS
[04:48:09] [291/459] MUCK
[04:48:10] [292/459] MTMA
[04:48:11] [293/459] HPVR
[04:48:11] [294/459] PMPK
[04:48:12] [295/459] MAJB
[04:48:13] [296/459] CTRR
[04:48:14] [297/459] MCTG
[04:48:14] [298/459] MACE
[04:48:15] [299/459] AAAS
[04:48:16] [300/459] CPVV
[04:48:17] [301/459] RCHG
[04:48:18] [302/459] MCNE
[04:48:19] [303/459] EMNC
[04:48:20] [304/459] MCAN
[04:48:20] [305/459] TCDM
[04:48:21] [306/459] IRGT
[04:48:22] [307/459] GCMG
[04:48:23] [308/459] MXSN
[04:48:24] [309/459] MXCK
[04:48:25] [310/459] MCRC
[04:48:26] [311/459] RSMI
[04:48:26] [312/459] WAML
[04:48:27] [313/459] MTSC
[04:48:28] [314/459] FMDR
[04:48:29] [315/459] LEPV
[04:48:30] [316/459] MTGD
[04:48:31] [317/459] IMOB
[04:48:32] [318/459] CLMM
[04:48:32] [319/459] PZCD
[04:48:33] [320/459] GOCS
[04:48:33] [321/459] KCMA
[04:48:34] [322/459] CCMP
[04:48:35] [323/459] MTSU
[04:48:36] [324/459] SNGL
[04:48:37] [325/459] MMMC
[04:48:37] [326/459] MMAA
[04:48:38] [327/459] GCDM
[04:48:39] [328/459] KTMV
[04:48:39] [329/459] AETE
[04:48:40] [330/459] OMCS
[04:48:41] [331/459] GDCD
[04:48:41] [332/459] NYMD
[04:48:42] [333/459] RNCV
[04:48:43] [334/459] KKMT
[04:48:43] [335/459] GDTH
[04:48:44] [336/459] KMMV
[04:48:45] [337/459] NHCG
[04:48:46] [338/459] PJDW
[04:48:47] [339/459] MMCV
[04:48:47] [340/459] FQSA
[04:48:48] [341/459] KURL
[04:48:49] [342/459] NNNX
[04:48:50] [343/459] AMAU
[04:48:52] [344/459] VVVM
[04:48:53] [345/459] VECU
[04:48:55] [346/459] WCVR
[04:48:56] [347/459] MTGG
[04:48:56] [348/459] SGTG
[04:48:57] [349/459] MNTG
[04:48:58] [350/459] JDDG
[04:48:58] [351/459] MBTK
[04:48:59] [352/459] SGCD
[04:49:00] [353/459] MCTC
[04:49:01] [354/459] JTPC
[04:49:01] [355/459] SDKT
[04:49:02] [356/459] KRCC
[04:49:03] [357/459] RMMD
[04:49:04] [358/459] AAME
[04:49:04] [359/459] TMWC
[04:49:05] [360/459] NRWY
[04:49:06] [361/459] CITD
[04:49:07] [362/459] VERD
[04:49:08] [363/459] MKSK
[04:49:09] [364/459] STSM
[04:49:10] [365/459] MJDG
[04:49:11] [366/459] RKPM
[04:49:12] [367/459] SSCE
[04:49:13] [368/459] VMAE
[04:49:14] [369/459] SBRU
[04:49:14] [370/459] AMBC
[04:49:15] [371/459] AMLU
[04:49:16] [372/459] INVZ
[04:49:16] [373/459] LGTV
[04:49:17] [374/459] SVAD
[04:49:18] [375/459] SMSA
[04:49:19] [376/459] SPCZ
[04:49:19] [377/459] GTCX
[04:49:20] [378/459] SCSL
[04:49:21] [379/459] SAHU
[04:49:21] [380/459] NCDA
[04:49:22] [381/459] SCCG
[04:49:22] [382/459] VKTL
[04:49:23] [383/459] PUUJ
[04:49:24] [384/459] STEJ
[04:49:24] [385/459] RJAL
[04:49:25] [386/459] ACJC
[04:49:25] [387/459] VTHC
[04:49:26] [388/459] ARVB
[04:49:27] [389/459] AUBB
[04:49:27] [390/459] GDBR
[04:49:28] [391/459] PVND
[04:49:29] [392/459] BGRJ
[04:49:29] [393/459] RJMM
[04:49:30] [394/459] MCSA
[04:49:31] [395/459] BODA
[04:49:31] [396/459] JAGG
[04:49:32] [397/459] SCGA
[04:49:33] [398/459] LRCM
[04:49:34] [399/459] CPCN
[04:49:35] [400/459] SSTF
[04:49:36] [401/459] SRXP
[04:49:37] [402/459] CNFX
[04:49:38] [403/459] ANDI
[04:49:38] [404/459] SYEW
[04:49:39] [405/459] RCRE
[04:49:40] [406/459] SCRW
[04:49:41] [407/459] MBKR
[04:49:41] [408/459] ASNT
[04:49:42] [409/459] JTMT
[04:49:43] [410/459] SHAY
[04:49:44] [411/459] VRTH
[04:49:45] [412/459] SPTI
[04:49:45] [413/459] DPTD
[04:49:46] [414/459] TGSN
[04:49:47] [415/459] RCWV
[04:49:47] [416/459] OCUR
[04:49:48] [417/459] KSTC
[04:49:48] [418/459] SANI
[04:49:49] [419/459] MLCA
[04:49:50] [420/459] EGCA
[04:49:50] [421/459] SYSN
[04:49:51] [422/459] PKTA
[04:49:52] [423/459] PRCC
[04:49:53] [424/459] KSTR
[04:49:54] [425/459] SNTP
[04:49:54] [426/459] RCHA
[04:49:55] [427/459] SEEA
[04:49:56] [428/459] ALAT
[04:49:56] [429/459] AATV
[04:49:57] [430/459] RJTE
[04:49:58] [431/459] AAPP
[04:49:59] [432/459] PMMH
[04:49:59] [433/459] INRJ
[04:50:00] [434/459] SARB
[04:50:01] [435/459] PCJL
[04:50:01] [436/459] PFJJ
[04:50:02] [437/459] GRDC
[04:50:03] [438/459] BCBA
[04:50:03] [439/459] VIXL
[04:50:04] [440/459] CSTL
[04:50:05] [441/459] MTDK
[04:50:06] [442/459] TDAC
[04:50:06] [443/459] GTDN
[04:50:07] [444/459] TTDE
[04:50:08] [445/459] ASTS
[04:50:09] [446/459] CPNS
[04:50:10] [447/459] PVVW
[04:50:10] [448/459] USEB
[04:50:11] [449/459] DTYN
[04:50:12] [450/459] PVLE
[04:50:13] [451/459] CIPS
[04:50:13] [452/459] PAEG
[04:50:14] [453/459] PTCW
[04:50:15] [454/459] G3SR
[04:50:16] [455/459] PGND
[04:50:17] [456/459] INVM
[04:50:17] [457/459] SPIA
[04:50:18] [458/459] PCSN
[04:50:19] [459/459] PPGV
[04:50:20] 🧹 Deduping shows
[04:50:20] ✅ DONE | Shows=89 | Movies=14
[11:53:14] 🚀 SCRIPT STARTED
[11:53:14] [1/459] FNDB
[11:53:14] 🧠 New identity created
[11:53:15] [2/459] AMBH
[11:53:16] [3/459] PRHN
[11:53:17] [4/459] ACPM
[11:53:18] [5/459] PVFS
[11:53:19] [6/459] AACN
[11:53:20] [7/459] ACAS
[11:53:22] [8/459] CTNR
[11:53:24] [9/459] MMAH
[11:53:25] [10/459] CPMH
[11:53:25] [11/459] IGMH
[11:53:26] [12/459] ABCS
[11:53:27] [13/459] CMMA
[11:53:28] [14/459] GPRH
[11:53:29] [15/459] PNNG
[11:53:30] [16/459] AMCA
[11:53:31] [17/459] ISTN
[11:53:32] [18/459] PIIC
[11:53:33] [19/459] AHMH
[11:53:34] [20/459] ASHN
[11:53:35] [21/459] INHY
[11:53:36] [22/459] SRMO
[11:53:37] [23/459] PIMH
[11:53:38] [24/459] PVTS
[11:53:39] [25/459] MMCA
[11:53:40] [26/459] AKYJ
[11:53:41] [27/459] BRKH
[11:53:42] [28/459] MAHM
[11:53:43] [29/459] CPHY
[11:53:44] [30/459] PVTP
[11:53:45] [31/459] SMMR
[11:53:46] [32/459] PVHM
[11:53:47] [33/459] SNDY
[11:53:47] [34/459] GOKU
[11:53:48] [35/459] ACEV
[11:53:49] [36/459] PVUM
[11:53:50] [37/459] VSWA
[11:53:50] [38/459] IPRS
[11:53:52] [39/459] ASGN
[11:53:52] [40/459] BKMV
[11:53:53] [41/459] PVYH
[11:53:54] [42/459] INKM
[11:53:55] [43/459] ARJU
[11:53:56] [44/459] JJPP
[11:53:57] [45/459] SSRM
[11:53:58] [46/459] HMHD
[11:53:58] [47/459] SNKH
[11:53:59] [48/459] ACHI
[11:54:00] [49/459] MRAA
[11:54:01] [50/459] INMH
[11:54:02] [51/459] ARMH
[11:54:03] [52/459] DVRR
[11:54:04] [53/459] SUDA
[11:54:04] [54/459] MCSS
[11:54:05] [55/459] VRKC
[11:54:06] [56/459] PRCX
[11:54:07] [57/459] ASJY
[11:54:07] [58/459] MTHY
[11:54:08] [59/459] SRCM
[11:54:09] [60/459] TVHY
[11:54:10] [61/459] STHD
[11:54:11] [62/459] CPCL
[11:54:12] [63/459] PSMJ
[11:54:13] [64/459] MRGT
[11:54:13] [65/459] ARYH
[11:54:14] [66/459] VTRB
[11:54:15] [67/459] SCHC
[11:54:16] [68/459] MRRG
[11:54:17] [69/459] SPCB
[11:54:18] [70/459] AMCM
[11:54:18] [71/459] IVNM
[11:54:19] [72/459] TRHY
[11:54:20] [73/459] PTTH
[11:54:21] [74/459] RKMH
[11:54:22] [75/459] PRCS
[11:54:23] [76/459] VAJA
[11:54:23] [77/459] BJNG
[11:54:24] [78/459] SCVM
[11:54:25] [79/459] GNHB
[11:54:26] [80/459] TLUR
[11:54:27] [81/459] UKCC
[11:54:28] [82/459] SRKR
[11:54:30] [83/459] RMKN
[11:54:30] [84/459] SLRT
[11:54:31] [85/459] LKMT
[11:54:32] [86/459] SSRJ
[11:54:33] [87/459] SPHT
[11:54:34] [88/459] ANTT
[11:54:34] [89/459] SRCH
[11:54:36] [90/459] SRCA
[11:54:37] [91/459] ARTH
[11:54:38] [92/459] MCBH
[11:54:38] [93/459] SNIB
[11:54:39] [94/459] SART
[11:54:40] [95/459] SKTA
[11:54:41] [96/459] YAKT
[11:54:42] [97/459] MLCK
[11:54:43] [98/459] ANTS
[11:54:44] [99/459] DGCA
[11:54:44] [100/459] SGMP
[11:54:45] [101/459] ASWN
[11:54:47] [102/459] KFVU
[11:54:47] [103/459] POOR
[11:54:48] [104/459] GKDN
[11:54:49] [105/459] EOSE
[11:54:50] [106/459] GTTT
[11:54:51] [107/459] ARRO
[11:54:52] [108/459] CMMK
[11:54:53] [109/459] MSCN
[11:54:54] [110/459] GDKH
[11:54:54] [111/459] DLMT
[11:54:55] [112/459] PVMF
[11:54:56] [113/459] CPCK
[11:54:57] [114/459] VMHE
[11:54:58] [115/459] PVLC
[11:54:59] [116/459] PCVB
[11:55:00] [117/459] SNYK
[11:55:01] [118/459] KTEK
[11:55:01] [119/459] PCNM
[11:55:02] [120/459] NTTR
[11:55:03] [121/459] CPSK
[11:55:04] [122/459] JMMA
[11:55:05] [123/459] GCFK
[11:55:05] [124/459] MYCA
[11:55:06] [125/459] KSNP
[11:55:07] [126/459] PMCE
[11:55:08] [127/459] SCKI
[11:55:09] [128/459] FSMA
[11:55:10] [129/459] CETA
[11:55:10] [130/459] MCIK
[11:55:11] [131/459] MYCR
[11:55:12] [132/459] EVMP
[11:55:14] [133/459] SSGT
[11:55:14] [134/459] KCTK
[11:55:15] [135/459] ZTKC
[11:55:16] [136/459] MMTA
[11:55:17] [137/459] MAJT
[11:55:18] [138/459] ACPK
[11:55:19] [139/459] JMAX
[11:55:20] [140/459] SETK
[11:55:21] [141/459] CAIS
[11:55:22] [142/459] AGCD
[11:55:22] [143/459] URCL
[11:55:23] [144/459] VTDS
[11:55:24] [145/459] JCNM
[11:55:25] [146/459] KCAM
[11:55:26] [147/459] ADCU
[11:55:27] [148/459] GXYN
[11:55:28] [149/459] SMJG
[11:55:28] [150/459] EYCJ
[11:55:29] [151/459] CCEJ
[11:55:30] [152/459] MARS
[11:55:31] [153/459] CPVJ
[11:55:32] [154/459] INVP
[11:55:33] [155/459] CPOV
[11:55:34] [156/459] VIJK
[11:55:36] [157/459] LAIM
[11:55:36] [158/459] STHV
[11:55:38] [159/459] SVLJ
[11:55:39] [160/459] ATVJ
[11:55:40] [161/459] JTSC
[11:55:41] [162/459] RMTV
[11:55:42] [163/459] MGGG
[11:55:43] [164/459] SWTH
[11:55:43] [165/459] INVJ
[11:55:44] [166/459] PRSV
[11:55:46] [167/459] JATV
[11:55:48] [168/459] RCVD
[11:55:48] [169/459] BDMA
[11:55:49] [170/459] BLJI
[11:55:50] [171/459] SWOT
[11:55:51] [172/459] SWRN
[11:55:52] [173/459] TVRA
[11:55:53] [174/459] VCSV
[11:55:53] [175/459] NVRN
[11:55:55] [176/459] SIKC
[11:55:56] [177/459] VAKR
[11:55:57] [178/459] SYLN
[11:55:57] [179/459] KLJL
[11:55:58] [180/459] LKMY
[11:55:59] [181/459] VSLY
[11:56:00] [182/459] CIKO
[11:56:01] [183/459] GPBG
[11:56:01] [184/459] CECM
[11:56:02] [185/459] SLKB
[11:56:03] [186/459] MTBO
[11:56:04] [187/459] SSHB
[11:56:05] [188/459] VPCS
[11:56:06] [189/459] RCSR
[11:56:07] [190/459] RJRM
[11:56:07] [191/459] KPPB
[11:56:08] [192/459] SEDC
[11:56:10] [193/459] SCAI
[11:56:11] [194/459] RMTR
[11:56:12] [195/459] ASST
[11:56:13] [196/459] GCAK
[11:56:13] [197/459] ANNK
[11:56:14] [198/459] KDDF
[11:56:15] [199/459] NRDP
[11:56:17] [200/459] PLAK
[11:56:18] [201/459] GCMC
[11:56:18] [202/459] ALPY
[11:56:19] [203/459] SICE
[11:56:20] [204/459] SISR
[11:56:21] [205/459] SRPZ
[11:56:22] [206/459] SRSW
[11:56:22] [207/459] SUYA
[11:56:23] [208/459] AMMT
[11:56:24] [209/459] BHCU
[11:56:25] [210/459] KLPA
[11:56:26] [211/459] NVKH
[11:56:27] [212/459] JMRC
[11:56:28] [213/459] KTTT
[11:56:28] [214/459] MAGH
[11:56:29] [215/459] MMMX
[11:56:30] [216/459] SALJ
[11:56:31] [217/459] GTJA
[11:56:32] [218/459] MAHT
[11:56:33] [219/459] SSNN
[11:56:33] [220/459] ARRP
[11:56:34] [221/459] ATNS
[11:56:35] [222/459] SKDT
[11:56:36] [223/459] ACAT
[11:56:37] [224/459] APRC
[11:56:38] [225/459] SWAG
[11:56:39] [226/459] SDPT
[11:56:40] [227/459] STPS
[11:56:40] [228/459] WWCZ
[11:56:41] [229/459] LLCH
[11:56:42] [230/459] MZHA
[11:56:43] [231/459] CRJG
[11:56:44] [232/459] JGTK
[11:56:45] [233/459] KCSR
[11:56:46] [234/459] CHTL
[11:56:47] [235/459] EDSR
[11:56:48] [236/459] CSWO
[11:56:49] [237/459] CPVM
[11:56:50] [238/459] MXBY
[11:56:51] [239/459] FMMA
[11:56:52] [240/459] POVI
[11:56:53] [241/459] MTHB
[11:56:54] [242/459] INRC
[11:56:55] [243/459] PIPP
[11:56:56] [244/459] BMXC
[11:56:57] [245/459] PCMM
[11:56:58] [246/459] PMKM
[11:56:59] [247/459] GATY
[11:57:00] [248/459] IMCM
[11:57:01] [249/459] POPE
[11:57:02] [250/459] MTCR
[11:57:03] [251/459] PVAE
[11:57:04] [252/459] PVMI
[11:57:05] [253/459] CPNM
[11:57:06] [254/459] FMRL
[11:57:07] [255/459] MCIW
[11:57:08] [256/459] MXBO
[11:57:09] [257/459] FMKY
[11:57:10] [258/459] FMDA
[11:57:11] [259/459] THAB
[11:57:12] [260/459] PRCW
[11:57:13] [261/459] PITI
[11:57:14] [262/459] MCFF
[11:57:15] [263/459] PDDV
[11:57:16] [264/459] MCRM
[11:57:17] [265/459] KKMB
[11:57:18] [266/459] INKO
[11:57:18] [267/459] PLXP
[11:57:19] [268/459] MMHA
[11:57:20] [269/459] FMVS
[11:57:21] [270/459] POLM
[11:57:22] [271/459] STER
[11:57:23] [272/459] PVWJ
[11:57:24] [273/459] IMJW
[11:57:25] [274/459] FNAN
[11:57:26] [275/459] CAGL
[11:57:26] [276/459] IPBG
[11:57:27] [277/459] SMFV
[11:57:28] [278/459] MMMR
[11:57:29] [279/459] MMWM
[11:57:29] [280/459] FNCM
[11:57:31] [281/459] MDVA
[11:57:32] [282/459] MMET
[11:57:33] [283/459] MIDO
[11:57:34] [284/459] INNP
[11:57:35] [285/459] MIFU
[11:57:36] [286/459] MMSZ
[11:57:36] [287/459] BMXA
[11:57:37] [288/459] MCAA
[11:57:38] [289/459] SCVP
[11:57:39] [290/459] PLUS
[11:57:40] [291/459] MUCK
[11:57:41] [292/459] MTMA
[11:57:42] [293/459] HPVR
[11:57:43] [294/459] PMPK
[11:57:44] [295/459] MAJB
[11:57:45] [296/459] CTRR
[11:57:46] [297/459] MCTG
[11:57:47] [298/459] MACE
[11:57:48] [299/459] AAAS
[11:57:49] [300/459] CPVV
[11:57:50] [301/459] RCHG
[11:57:51] [302/459] MCNE
[11:57:53] [303/459] EMNC
[11:57:55] [304/459] MCAN
[11:57:55] [305/459] TCDM
[11:57:56] [306/459] IRGT
[11:57:57] [307/459] GCMG
[11:57:59] [308/459] MXSN
[11:58:00] [309/459] MXCK
[11:58:01] [310/459] MCRC
[11:58:02] [311/459] RSMI
[11:58:03] [312/459] WAML
[11:58:04] [313/459] MTSC
[11:58:05] [314/459] FMDR
[11:58:06] [315/459] LEPV
[11:58:07] [316/459] MTGD
[11:58:08] [317/459] IMOB
[11:58:08] [318/459] CLMM
[11:58:10] [319/459] PZCD
[11:58:12] [320/459] GOCS
[11:58:12] [321/459] KCMA
[11:58:13] [322/459] CCMP
[11:58:14] [323/459] MTSU
[11:58:15] [324/459] SNGL
[11:58:16] [325/459] MMMC
[11:58:17] [326/459] MMAA
[11:58:18] [327/459] GCDM
[11:58:19] [328/459] KTMV
[11:58:19] [329/459] AETE
[11:58:20] [330/459] OMCS
[11:58:21] [331/459] GDCD
[11:58:22] [332/459] NYMD
[11:58:23] [333/459] RNCV
[11:58:24] [334/459] KKMT
[11:58:25] [335/459] GDTH
[11:58:26] [336/459] KMMV
[11:58:26] [337/459] NHCG
[11:58:27] [338/459] PJDW
[11:58:28] [339/459] MMCV
[11:58:29] [340/459] FQSA
[11:58:30] [341/459] KURL
[11:58:30] [342/459] NNNX
[11:58:31] [343/459] AMAU
[11:58:32] [344/459] VVVM
[11:58:33] [345/459] VECU
[11:58:34] [346/459] WCVR
[11:58:35] [347/459] MTGG
[11:58:36] [348/459] SGTG
[11:58:37] [349/459] MNTG
[11:58:38] [350/459] JDDG
[11:58:39] [351/459] MBTK
[11:58:41] [352/459] SGCD
[11:58:42] [353/459] MCTC
[11:58:42] [354/459] JTPC
[11:58:43] [355/459] SDKT
[11:58:44] [356/459] KRCC
[11:58:45] [357/459] RMMD
[11:58:45] [358/459] AAME
[11:58:46] [359/459] TMWC
[11:58:47] [360/459] NRWY
[11:58:49] [361/459] CITD
[11:58:50] [362/459] VERD
[11:58:50] [363/459] MKSK
[11:58:51] [364/459] STSM
[11:58:52] [365/459] MJDG
[11:58:53] [366/459] RKPM
[11:58:54] [367/459] SSCE
[11:58:55] [368/459] VMAE
[11:58:55] [369/459] SBRU
[11:58:56] [370/459] AMBC
[11:58:57] [371/459] AMLU
[11:58:58] [372/459] INVZ
[11:58:58] [373/459] LGTV
[11:58:59] [374/459] SVAD
[11:59:00] [375/459] SMSA
[11:59:01] [376/459] SPCZ
[11:59:02] [377/459] GTCX
[11:59:03] [378/459] SCSL
[11:59:04] [379/459] SAHU
[11:59:04] [380/459] NCDA
[11:59:05] [381/459] SCCG
[11:59:06] [382/459] VKTL
[11:59:07] [383/459] PUUJ
[11:59:08] [384/459] STEJ
[11:59:09] [385/459] RJAL
[11:59:10] [386/459] ACJC
[11:59:10] [387/459] VTHC
[11:59:11] [388/459] ARVB
[11:59:12] [389/459] AUBB
[11:59:13] [390/459] GDBR
[11:59:14] [391/459] PVND
[11:59:15] [392/459] BGRJ
[11:59:17] [393/459] RJMM
[11:59:18] [394/459] MCSA
[11:59:19] [395/459] BODA
[11:59:19] [396/459] JAGG
[11:59:20] [397/459] SCGA
[11:59:21] [398/459] LRCM
[11:59:22] [399/459] CPCN
[11:59:23] [400/459] SSTF
[11:59:23] [401/459] SRXP
[11:59:25] [402/459] CNFX
[11:59:26] [403/459] ANDI
[11:59:26] [404/459] SYEW
[11:59:27] [405/459] RCRE
[11:59:28] [406/459] SCRW
[11:59:29] [407/459] MBKR
[11:59:30] [408/459] ASNT
[11:59:31] [409/459] JTMT
[11:59:32] [410/459] SHAY
[11:59:33] [411/459] VRTH
[11:59:34] [412/459] SPTI
[11:59:36] [413/459] DPTD
[11:59:37] [414/459] TGSN
[11:59:37] [415/459] RCWV
[11:59:38] [416/459] OCUR
[11:59:39] [417/459] KSTC
[11:59:40] [418/459] SANI
[11:59:41] [419/459] MLCA
[11:59:41] [420/459] EGCA
[11:59:42] [421/459] SYSN
[11:59:43] [422/459] PKTA
[11:59:44] [423/459] PRCC
[11:59:45] [424/459] KSTR
[11:59:46] [425/459] SNTP
[11:59:47] [426/459] RCHA
[11:59:49] [427/459] SEEA
[11:59:50] [428/459] ALAT
[11:59:52] [429/459] AATV
[11:59:53] [430/459] RJTE
[11:59:53] [431/459] AAPP
[11:59:54] [432/459] PMMH
[11:59:56] [433/459] INRJ
[11:59:57] [434/459] SARB
[11:59:58] [435/459] PCJL
[11:59:58] [436/459] PFJJ
[11:59:59] [437/459] GRDC
[12:00:00] [438/459] BCBA
[12:00:01] [439/459] VIXL
[12:00:02] [440/459] CSTL
[12:00:03] [441/459] MTDK
[12:00:04] [442/459] TDAC
[12:00:04] [443/459] GTDN
[12:00:05] [444/459] TTDE
[12:00:06] [445/459] ASTS
[12:00:08] [446/459] CPNS
[12:00:08] [447/459] PVVW
[12:00:09] [448/459] USEB
[12:00:10] [449/459] DTYN
[12:00:11] [450/459] PVLE
[12:00:12] [451/459] CIPS
[12:00:13] [452/459] PAEG
[12:00:14] [453/459] PTCW
[12:00:14] [454/459] G3SR
[12:00:15] [455/459] PGND
[12:00:16] [456/459] INVM
[12:00:17] [457/459] SPIA
[12:00:18] [458/459] PCSN
[12:00:18] [459/459] PPGV
[12:00:20] 🧹 Deduping shows
[12:00:20] ✅ DONE | Shows=89 | Movies=14
[19:09:14] 🚀 SCRIPT STARTED
[19:09:14] [1/459] FNDB
[19:09:14] 🧠 New identity created
[19:09:15] [2/459] AMBH
[19:09:16] [3/459] PRHN
[19:09:17] [4/459] ACPM
[19:09:18] [5/459] PVFS
[19:09:19] [6/459] AACN
[19:09:20] [7/459] ACAS
[19:09:21] [8/459] CTNR
[19:09:22] [9/459] MMAH
[19:09:23] [10/459] CPMH
[19:09:23] [11/459] IGMH
[19:09:24] [12/459] ABCS
[19:09:26] [13/459] CMMA
[19:09:27] [14/459] GPRH
[19:09:28] [15/459] PNNG
[19:09:29] [16/459] AMCA
[19:09:30] [17/459] ISTN
[19:09:31] [18/459] PIIC
[19:09:32] [19/459] AHMH
[19:09:33] [20/459] ASHN
[19:09:34] [21/459] INHY
[19:09:35] [22/459] SRMO
[19:09:36] [23/459] PIMH
[19:09:37] [24/459] PVTS
[19:09:38] [25/459] MMCA
[19:09:39] [26/459] AKYJ
[19:09:40] [27/459] BRKH
[19:09:41] [28/459] MAHM
[19:09:42] [29/459] CPHY
[19:09:43] [30/459] PVTP
[19:09:44] [31/459] SMMR
[19:09:45] [32/459] PVHM
[19:09:46] [33/459] SNDY
[19:09:47] [34/459] GOKU
[19:09:48] [35/459] ACEV
[19:09:49] [36/459] PVUM
[19:09:50] [37/459] VSWA
[19:09:51] [38/459] IPRS
[19:09:51] [39/459] ASGN
[19:09:53] [40/459] BKMV
[19:09:54] [41/459] PVYH
[19:09:55] [42/459] INKM
[19:09:56] [43/459] ARJU
[19:09:57] [44/459] JJPP
[19:09:58] [45/459] SSRM
[19:09:59] [46/459] HMHD
[19:10:00] [47/459] SNKH
[19:10:01] [48/459] ACHI
[19:10:02] [49/459] MRAA
[19:10:03] [50/459] INMH
[19:10:05] [51/459] ARMH
[19:10:06] [52/459] DVRR
[19:10:07] [53/459] SUDA
[19:10:08] [54/459] MCSS
[19:10:09] [55/459] VRKC
[19:10:11] [56/459] PRCX
[19:10:13] [57/459] ASJY
[19:10:13] [58/459] MTHY
[19:10:15] [59/459] SRCM
[19:10:16] [60/459] TVHY
[19:10:17] [61/459] STHD
[19:10:18] [62/459] CPCL
[19:10:20] [63/459] PSMJ
[19:10:21] [64/459] MRGT
[19:10:23] [65/459] ARYH
[19:10:23] [66/459] VTRB
[19:10:24] [67/459] SCHC
[19:10:25] [68/459] MRRG
[19:10:26] [69/459] SPCB
[19:10:27] [70/459] AMCM
[19:10:28] [71/459] IVNM
[19:10:29] [72/459] TRHY
[19:10:29] [73/459] PTTH
[19:10:30] [74/459] RKMH
[19:10:31] [75/459] PRCS
[19:10:32] [76/459] VAJA
[19:10:33] [77/459] BJNG
[19:10:34] [78/459] SCVM
[19:10:35] [79/459] GNHB
[19:10:36] [80/459] TLUR
[19:10:37] [81/459] UKCC
[19:10:38] [82/459] SRKR
[19:10:40] [83/459] RMKN
[19:10:41] [84/459] SLRT
[19:10:42] [85/459] LKMT
[19:10:43] [86/459] SSRJ
[19:10:43] [87/459] SPHT
[19:10:44] [88/459] ANTT
[19:10:45] [89/459] SRCH
[19:10:46] [90/459] SRCA
[19:10:47] [91/459] ARTH
[19:10:48] [92/459] MCBH
[19:10:49] [93/459] SNIB
[19:10:50] [94/459] SART
[19:10:51] [95/459] SKTA
[19:10:52] [96/459] YAKT
[19:10:53] [97/459] MLCK
[19:10:55] [98/459] ANTS
[19:10:56] [99/459] DGCA
[19:10:57] [100/459] SGMP
[19:10:58] [101/459] ASWN
[19:10:59] [102/459] KFVU
[19:11:00] [103/459] POOR
[19:11:01] [104/459] GKDN
[19:11:01] [105/459] EOSE
[19:11:02] [106/459] GTTT
[19:11:03] [107/459] ARRO
[19:11:04] [108/459] CMMK
[19:11:05] [109/459] MSCN
[19:11:06] [110/459] GDKH
[19:11:07] [111/459] DLMT
[19:11:08] [112/459] PVMF
[19:11:09] [113/459] CPCK
[19:11:10] [114/459] VMHE
[19:11:11] [115/459] PVLC
[19:11:12] [116/459] PCVB
[19:11:12] [117/459] SNYK
[19:11:13] [118/459] KTEK
[19:11:14] [119/459] PCNM
[19:11:15] [120/459] NTTR
[19:11:16] [121/459] CPSK
[19:11:17] [122/459] JMMA
[19:11:18] [123/459] GCFK
[19:11:19] [124/459] MYCA
[19:11:20] [125/459] KSNP
[19:11:21] [126/459] PMCE
[19:11:22] [127/459] SCKI
[19:11:23] [128/459] FSMA
[19:11:24] [129/459] CETA
[19:11:25] [130/459] MCIK
[19:11:25] [131/459] MYCR
[19:11:29] [132/459] EVMP
[19:11:30] [133/459] SSGT
[19:11:31] [134/459] KCTK
[19:11:32] [135/459] ZTKC
[19:11:33] [136/459] MMTA
[19:11:34] [137/459] MAJT
[19:11:35] [138/459] ACPK
[19:11:35] [139/459] JMAX
[19:11:37] [140/459] SETK
[19:11:38] [141/459] CAIS
[19:11:39] [142/459] AGCD
[19:11:40] [143/459] URCL
[19:11:40] [144/459] VTDS
[19:11:41] [145/459] JCNM
[19:11:42] [146/459] KCAM
[19:11:43] [147/459] ADCU
[19:11:44] [148/459] GXYN
[19:11:45] [149/459] SMJG
[19:11:46] [150/459] EYCJ
[19:11:47] [151/459] CCEJ
[19:11:48] [152/459] MARS
[19:11:49] [153/459] CPVJ
[19:11:50] [154/459] INVP
[19:11:51] [155/459] CPOV
[19:11:52] [156/459] VIJK
[19:11:53] [157/459] LAIM
[19:11:54] [158/459] STHV
[19:11:55] [159/459] SVLJ
[19:11:57] [160/459] ATVJ
[19:11:58] [161/459] JTSC
[19:11:59] [162/459] RMTV
[19:11:59] [163/459] MGGG
[19:12:00] [164/459] SWTH
[19:12:01] [165/459] INVJ
[19:12:02] [166/459] PRSV
[19:12:03] [167/459] JATV
[19:12:04] [168/459] RCVD
[19:12:05] [169/459] BDMA
[19:12:06] [170/459] BLJI
[19:12:07] [171/459] SWOT
[19:12:08] [172/459] SWRN
[19:12:09] [173/459] TVRA
[19:12:10] [174/459] VCSV
[19:12:11] [175/459] NVRN
[19:12:12] [176/459] SIKC
[19:12:13] [177/459] VAKR
[19:12:16] [178/459] SYLN
[19:12:17] [179/459] KLJL
[19:12:18] [180/459] LKMY
[19:12:19] [181/459] VSLY
[19:12:20] [182/459] CIKO
[19:12:22] [183/459] GPBG
[19:12:23] [184/459] CECM
[19:12:24] [185/459] SLKB
[19:12:25] [186/459] MTBO
[19:12:27] [187/459] SSHB
[19:12:29] [188/459] VPCS
[19:12:30] [189/459] RCSR
[19:12:32] [190/459] RJRM
[19:12:33] [191/459] KPPB
[19:12:35] [192/459] SEDC
[19:12:36] [193/459] SCAI
[19:12:37] [194/459] RMTR
[19:12:38] [195/459] ASST
[19:12:40] [196/459] GCAK
[19:12:41] [197/459] ANNK
[19:12:42] [198/459] KDDF
[19:12:43] [199/459] NRDP
[19:12:44] [200/459] PLAK
[19:12:46] [201/459] GCMC
[19:12:46] [202/459] ALPY
[19:12:47] [203/459] SICE
[19:12:48] [204/459] SISR
[19:12:49] [205/459] SRPZ
[19:12:50] [206/459] SRSW
[19:12:51] [207/459] SUYA
[19:12:52] [208/459] AMMT
[19:12:53] [209/459] BHCU
[19:12:54] [210/459] KLPA
[19:12:55] [211/459] NVKH
[19:12:56] [212/459] JMRC
[19:12:57] [213/459] KTTT
[19:12:58] [214/459] MAGH
[19:12:59] [215/459] MMMX
[19:13:00] [216/459] SALJ
[19:13:01] [217/459] GTJA
[19:13:01] [218/459] MAHT
[19:13:02] [219/459] SSNN
[19:13:03] [220/459] ARRP
[19:13:04] [221/459] ATNS
[19:13:06] [222/459] SKDT
[19:13:07] [223/459] ACAT
[19:13:08] [224/459] APRC
[19:13:09] [225/459] SWAG
[19:13:10] [226/459] SDPT
[19:13:10] [227/459] STPS
[19:13:12] [228/459] WWCZ
[19:13:14] [229/459] LLCH
[19:13:14] [230/459] MZHA
[19:13:15] [231/459] CRJG
[19:13:16] [232/459] JGTK
[19:13:17] [233/459] KCSR
[19:13:18] [234/459] CHTL
[19:13:19] [235/459] EDSR
[19:13:20] [236/459] CSWO
[19:13:21] [237/459] CPVM
[19:13:22] [238/459] MXBY
[19:13:23] [239/459] FMMA
[19:13:23] [240/459] POVI
[19:13:24] [241/459] MTHB
[19:13:25] [242/459] INRC
[19:13:26] [243/459] PIPP
[19:13:27] [244/459] BMXC
[19:13:28] [245/459] PCMM
[19:13:29] [246/459] PMKM
[19:13:30] [247/459] GATY
[19:13:31] [248/459] IMCM
[19:13:32] [249/459] POPE
[19:13:33] [250/459] MTCR
[19:13:33] [251/459] PVAE
[19:13:35] [252/459] PVMI
[19:13:36] [253/459] CPNM
[19:13:37] [254/459] FMRL
[19:13:38] [255/459] MCIW
[19:13:39] [256/459] MXBO
[19:13:43] [257/459] FMKY
[19:13:44] [258/459] FMDA
[19:13:45] [259/459] THAB
[19:13:46] [260/459] PRCW
[19:13:47] [261/459] PITI
[19:13:48] [262/459] MCFF
[19:13:49] [263/459] PDDV
[19:13:50] [264/459] MCRM
[19:13:51] [265/459] KKMB
[19:13:53] [266/459] INKO
[19:13:54] [267/459] PLXP
[19:13:55] [268/459] MMHA
[19:13:56] [269/459] FMVS
[19:13:56] [270/459] POLM
[19:13:57] [271/459] STER
[19:13:58] [272/459] PVWJ
[19:14:00] [273/459] IMJW
[19:14:01] [274/459] FNAN
[19:14:02] [275/459] CAGL
[19:14:03] [276/459] IPBG
[19:14:04] [277/459] SMFV
[19:14:05] [278/459] MMMR
[19:14:06] [279/459] MMWM
[19:14:08] [280/459] FNCM
[19:14:08] [281/459] MDVA
[19:14:09] [282/459] MMET
[19:14:10] [283/459] MIDO
[19:14:11] [284/459] INNP
[19:14:12] [285/459] MIFU
[19:14:14] [286/459] MMSZ
[19:14:15] [287/459] BMXA
[19:14:16] [288/459] MCAA
[19:14:17] [289/459] SCVP
[19:14:18] [290/459] PLUS
[19:14:19] [291/459] MUCK
[19:14:20] [292/459] MTMA
[19:14:22] [293/459] HPVR
[19:14:22] [294/459] PMPK
[19:14:24] [295/459] MAJB
[19:14:25] [296/459] CTRR
[19:14:25] [297/459] MCTG
[19:14:27] [298/459] MACE
[19:14:28] [299/459] AAAS
[19:14:29] [300/459] CPVV
[19:14:30] [301/459] RCHG
[19:14:31] [302/459] MCNE
[19:14:33] [303/459] EMNC
[19:14:33] [304/459] MCAN
[19:14:34] [305/459] TCDM
[19:14:35] [306/459] IRGT
[19:14:36] [307/459] GCMG
[19:14:37] [308/459] MXSN
[19:14:39] [309/459] MXCK
[19:14:39] [310/459] MCRC
[19:14:40] [311/459] RSMI
[19:14:41] [312/459] WAML
[19:14:42] [313/459] MTSC
[19:14:43] [314/459] FMDR
[19:14:44] [315/459] LEPV
[19:14:45] [316/459] MTGD
[19:14:46] [317/459] IMOB
[19:14:47] [318/459] CLMM
[19:14:47] [319/459] PZCD
[19:14:48] [320/459] GOCS
[19:14:50] [321/459] KCMA
[19:14:51] [322/459] CCMP
[19:14:52] [323/459] MTSU
[19:14:55] [324/459] SNGL
[19:14:55] [325/459] MMMC
[19:14:56] [326/459] MMAA
[19:14:58] [327/459] GCDM
[19:15:01] [328/459] KTMV
[19:15:03] [329/459] AETE
[19:15:04] [330/459] OMCS
[19:15:05] [331/459] GDCD
[19:15:06] [332/459] NYMD
[19:15:07] [333/459] RNCV
[19:15:08] [334/459] KKMT
[19:15:09] [335/459] GDTH
[19:15:11] [336/459] KMMV
[19:15:11] [337/459] NHCG
[19:15:14] [338/459] PJDW
[19:15:15] [339/459] MMCV
[19:15:16] [340/459] FQSA
[19:15:16] [341/459] KURL
[19:15:18] [342/459] NNNX
[19:15:19] [343/459] AMAU
[19:15:20] [344/459] VVVM
[19:15:21] [345/459] VECU
[19:15:21] [346/459] WCVR
[19:15:23] [347/459] MTGG
[19:15:23] [348/459] SGTG
[19:15:24] [349/459] MNTG
[19:15:25] [350/459] JDDG
[19:15:26] [351/459] MBTK
[19:15:27] [352/459] SGCD
[19:15:28] [353/459] MCTC
[19:15:29] [354/459] JTPC
[19:15:30] [355/459] SDKT
[19:15:31] [356/459] KRCC
[19:15:34] [357/459] RMMD
[19:15:35] [358/459] AAME
[19:15:36] [359/459] TMWC
[19:15:37] [360/459] NRWY
[19:15:38] [361/459] CITD
[19:15:39] [362/459] VERD
[19:15:40] [363/459] MKSK
[19:15:41] [364/459] STSM
[19:15:42] [365/459] MJDG
[19:15:43] [366/459] RKPM
[19:15:44] [367/459] SSCE
[19:15:45] [368/459] VMAE
[19:15:46] [369/459] SBRU
[19:15:47] [370/459] AMBC
[19:15:49] [371/459] AMLU
[19:15:50] [372/459] INVZ
[19:15:51] [373/459] LGTV
[19:15:51] [374/459] SVAD
[19:15:53] [375/459] SMSA
[19:15:54] [376/459] SPCZ
[19:15:55] [377/459] GTCX
[19:15:56] [378/459] SCSL
[19:15:57] [379/459] SAHU
[19:15:59] [380/459] NCDA
[19:16:00] [381/459] SCCG
[19:16:01] [382/459] VKTL
[19:16:02] [383/459] PUUJ
[19:16:03] [384/459] STEJ
[19:16:04] [385/459] RJAL
[19:16:05] [386/459] ACJC
[19:16:06] [387/459] VTHC
[19:16:08] [388/459] ARVB
[19:16:08] [389/459] AUBB
[19:16:10] [390/459] GDBR
[19:16:11] [391/459] PVND
[19:16:12] [392/459] BGRJ
[19:16:13] [393/459] RJMM
[19:16:14] [394/459] MCSA
[19:16:15] [395/459] BODA
[19:16:16] [396/459] JAGG
[19:16:17] [397/459] SCGA
[19:16:18] [398/459] LRCM
[19:16:19] [399/459] CPCN
[19:16:19] [400/459] SSTF
[19:16:20] [401/459] SRXP
[19:16:22] [402/459] CNFX
[19:16:23] [403/459] ANDI
[19:16:24] [404/459] SYEW
[19:16:25] [405/459] RCRE
[19:16:25] [406/459] SCRW
[19:16:26] [407/459] MBKR
[19:16:28] [408/459] ASNT
[19:16:29] [409/459] JTMT
[19:16:30] [410/459] SHAY
[19:16:31] [411/459] VRTH
[19:16:31] [412/459] SPTI
[19:16:33] [413/459] DPTD
[19:16:34] [414/459] TGSN
[19:16:35] [415/459] RCWV
[19:16:36] [416/459] OCUR
[19:16:37] [417/459] KSTC
[19:16:38] [418/459] SANI
[19:16:39] [419/459] MLCA
[19:16:40] [420/459] EGCA
[19:16:41] [421/459] SYSN
[19:16:42] [422/459] PKTA
[19:16:43] [423/459] PRCC
[19:16:43] [424/459] KSTR
[19:16:45] [425/459] SNTP
[19:16:46] [426/459] RCHA
[19:16:47] [427/459] SEEA
[19:16:48] [428/459] ALAT
[19:16:49] [429/459] AATV
[19:16:50] [430/459] RJTE
[19:16:51] [431/459] AAPP
[19:16:52] [432/459] PMMH
[19:16:53] [433/459] INRJ
[19:16:54] [434/459] SARB
[19:16:55] [435/459] PCJL
[19:16:56] [436/459] PFJJ
[19:16:57] [437/459] GRDC
[19:16:58] [438/459] BCBA
[19:16:58] [439/459] VIXL
[19:16:59] [440/459] CSTL
[19:17:01] [441/459] MTDK
[19:17:01] [442/459] TDAC
[19:17:02] [443/459] GTDN
[19:17:04] [444/459] TTDE
[19:17:05] [445/459] ASTS
[19:17:06] [446/459] CPNS
[19:17:07] [447/459] PVVW
[19:17:08] [448/459] USEB
[19:17:09] [449/459] DTYN
[19:17:09] [450/459] PVLE
[19:17:10] [451/459] CIPS
[19:17:11] [452/459] PAEG
[19:17:12] [453/459] PTCW
[19:17:13] [454/459] G3SR
[19:17:15] [455/459] PGND
[19:17:17] [456/459] INVM
[19:17:18] [457/459] SPIA
[19:17:19] [458/459] PCSN
[19:17:21] [459/459] PPGV
[19:17:22] 🧹 Deduping shows
[19:17:22] ✅ DONE | Shows=247 | Movies=22
[21:50:07] 🚀 SCRIPT STARTED
[21:50:07] [1/459] FNDB
[21:50:07] 🧠 New identity created
[21:50:08] [2/459] AMBH
[21:50:09] [3/459] PRHN
[21:50:11] [4/459] ACPM
[21:50:12] [5/459] PVFS
[21:50:13] [6/459] AACN
[21:50:14] [7/459] ACAS
[21:50:15] [8/459] CTNR
[21:50:17] [9/459] MMAH
[21:50:18] [10/459] CPMH
[21:50:18] [11/459] IGMH
[21:50:19] [12/459] ABCS
[21:50:20] [13/459] CMMA
[21:50:21] [14/459] GPRH
[21:50:23] [15/459] PNNG
[21:50:24] [16/459] AMCA
[21:50:25] [17/459] ISTN
[21:50:26] [18/459] PIIC
[21:50:27] [19/459] AHMH
[21:50:28] [20/459] ASHN
[21:50:29] [21/459] INHY
[21:50:30] [22/459] SRMO
[21:50:31] [23/459] PIMH
[21:50:32] [24/459] PVTS
[21:50:33] [25/459] MMCA
[21:50:34] [26/459] AKYJ
[21:50:35] [27/459] BRKH
[21:50:36] [28/459] MAHM
[21:50:37] [29/459] CPHY
[21:50:38] [30/459] PVTP
[21:50:39] [31/459] SMMR
[21:50:40] [32/459] PVHM
[21:50:41] [33/459] SNDY
[21:50:43] [34/459] GOKU
[21:50:44] [35/459] ACEV
[21:50:45] [36/459] PVUM
[21:50:46] [37/459] VSWA
[21:50:47] [38/459] IPRS
[21:50:48] [39/459] ASGN
[21:50:49] [40/459] BKMV
[21:50:51] [41/459] PVYH
[21:50:51] [42/459] INKM
[21:50:52] [43/459] ARJU
[21:50:56] [44/459] JJPP
[21:50:56] [45/459] SSRM
[21:50:57] [46/459] HMHD
[21:50:59] [47/459] SNKH
[21:50:59] [48/459] ACHI
[21:51:00] [49/459] MRAA
[21:51:01] [50/459] INMH
[21:51:02] [51/459] ARMH
[21:51:03] [52/459] DVRR
[21:51:04] [53/459] SUDA
[21:51:05] [54/459] MCSS
[21:51:06] [55/459] VRKC
[21:51:07] [56/459] PRCX
[21:51:07] [57/459] ASJY
[21:51:09] [58/459] MTHY
[21:51:10] [59/459] SRCM
[21:51:12] [60/459] TVHY
[21:51:13] [61/459] STHD
[21:51:14] [62/459] CPCL
[21:51:15] [63/459] PSMJ
[21:51:15] [64/459] MRGT
[21:51:16] [65/459] ARYH
[21:51:18] [66/459] VTRB
[21:51:19] [67/459] SCHC
[21:51:20] [68/459] MRRG
[21:51:21] [69/459] SPCB
[21:51:22] [70/459] AMCM
[21:51:22] [71/459] IVNM
[21:51:24] [72/459] TRHY
[21:51:24] [73/459] PTTH
[21:51:26] [74/459] RKMH
[21:51:26] [75/459] PRCS
[21:51:27] [76/459] VAJA
[21:51:28] [77/459] BJNG
[21:51:29] [78/459] SCVM
[21:51:30] [79/459] GNHB
[21:51:31] [80/459] TLUR
[21:51:32] [81/459] UKCC
[21:51:33] [82/459] SRKR
[21:51:34] [83/459] RMKN
[21:51:34] [84/459] SLRT
[21:51:35] [85/459] LKMT
[21:51:37] [86/459] SSRJ
[21:51:38] [87/459] SPHT
[21:51:39] [88/459] ANTT
[21:51:40] [89/459] SRCH
[21:51:41] [90/459] SRCA
[21:51:41] [91/459] ARTH
[21:51:42] [92/459] MCBH
[21:51:43] [93/459] SNIB
[21:51:44] [94/459] SART
[21:51:45] [95/459] SKTA
[21:51:46] [96/459] YAKT
[21:51:46] [97/459] MLCK
[21:51:48] [98/459] ANTS
[21:51:49] [99/459] DGCA
[21:51:50] [100/459] SGMP
[21:51:50] [101/459] ASWN
[21:51:51] [102/459] KFVU
[21:51:52] [103/459] POOR
[21:51:53] [104/459] GKDN
[21:51:54] [105/459] EOSE
[21:51:55] [106/459] GTTT
[21:51:57] [107/459] ARRO
[21:51:58] [108/459] CMMK
[21:51:58] [109/459] MSCN
[21:51:59] [110/459] GDKH
[21:52:01] [111/459] DLMT
[21:52:02] [112/459] PVMF
[21:52:03] [113/459] CPCK
[21:52:04] [114/459] VMHE
[21:52:05] [115/459] PVLC
[21:52:06] [116/459] PCVB
[21:52:07] [117/459] SNYK
[21:52:08] [118/459] KTEK
[21:52:09] [119/459] PCNM
[21:52:10] [120/459] NTTR
[21:52:11] [121/459] CPSK
[21:52:12] [122/459] JMMA
[21:52:13] [123/459] GCFK
[21:52:14] [124/459] MYCA
[21:52:15] [125/459] KSNP
[21:52:16] [126/459] PMCE
[21:52:17] [127/459] SCKI
[21:52:18] [128/459] FSMA
[21:52:19] [129/459] CETA
[21:52:19] [130/459] MCIK
[21:52:20] [131/459] MYCR
[21:52:21] [132/459] EVMP
[21:52:22] [133/459] SSGT
[21:52:24] [134/459] KCTK
[21:52:25] [135/459] ZTKC
[21:52:26] [136/459] MMTA
[21:52:28] [137/459] MAJT
[21:52:28] [138/459] ACPK
[21:52:30] [139/459] JMAX
[21:52:31] [140/459] SETK
[21:52:33] [141/459] CAIS
[21:52:34] [142/459] AGCD
[21:52:34] [143/459] URCL
[21:52:35] [144/459] VTDS
[21:52:36] [145/459] JCNM
[21:52:37] [146/459] KCAM
[21:52:38] [147/459] ADCU
[21:52:39] [148/459] GXYN
[21:52:40] [149/459] SMJG
[21:52:41] [150/459] EYCJ
[21:52:42] [151/459] CCEJ
[21:52:43] [152/459] MARS
[21:52:44] [153/459] CPVJ
[21:52:45] [154/459] INVP
[21:52:45] [155/459] CPOV
[21:52:46] [156/459] VIJK
[21:52:47] [157/459] LAIM
[21:52:48] [158/459] STHV
[21:52:49] [159/459] SVLJ
[21:52:50] [160/459] ATVJ
[21:52:51] [161/459] JTSC
[21:52:53] [162/459] RMTV
[21:52:54] [163/459] MGGG
[21:52:54] [164/459] SWTH
[21:52:55] [165/459] INVJ
[21:52:56] [166/459] PRSV
[21:52:57] [167/459] JATV
[21:52:58] [168/459] RCVD
[21:52:59] [169/459] BDMA
[21:53:00] [170/459] BLJI
[21:53:01] [171/459] SWOT
[21:53:02] [172/459] SWRN
[21:53:03] [173/459] TVRA
[21:53:04] [174/459] VCSV
[21:53:05] [175/459] NVRN
[21:53:06] [176/459] SIKC
[21:53:06] [177/459] VAKR
[21:53:08] [178/459] SYLN
[21:53:08] [179/459] KLJL
[21:53:09] [180/459] LKMY
[21:53:10] [181/459] VSLY
[21:53:11] [182/459] CIKO
[21:53:12] [183/459] GPBG
[21:53:13] [184/459] CECM
[21:53:14] [185/459] SLKB
[21:53:14] [186/459] MTBO
[21:53:15] [187/459] SSHB
[21:53:16] [188/459] VPCS
[21:53:18] [189/459] RCSR
[21:53:19] [190/459] RJRM
[21:53:20] [191/459] KPPB
[21:53:21] [192/459] SEDC
[21:53:22] [193/459] SCAI
[21:53:23] [194/459] RMTR
[21:53:24] [195/459] ASST
[21:53:25] [196/459] GCAK
[21:53:26] [197/459] ANNK
[21:53:27] [198/459] KDDF
[21:53:28] [199/459] NRDP
[21:53:29] [200/459] PLAK
[21:53:30] [201/459] GCMC
[21:53:31] [202/459] ALPY
[21:53:32] [203/459] SICE
[21:53:33] [204/459] SISR
[21:53:33] [205/459] SRPZ
[21:53:34] [206/459] SRSW
[21:53:35] [207/459] SUYA
[21:53:37] [208/459] AMMT
[21:53:38] [209/459] BHCU
[21:53:39] [210/459] KLPA
[21:53:40] [211/459] NVKH
[21:53:41] [212/459] JMRC
[21:53:42] [213/459] KTTT
[21:53:42] [214/459] MAGH
[21:53:43] [215/459] MMMX
[21:53:45] [216/459] SALJ
[21:53:46] [217/459] GTJA
[21:53:47] [218/459] MAHT
[21:53:48] [219/459] SSNN
[21:53:49] [220/459] ARRP
[21:53:50] [221/459] ATNS
[21:53:52] [222/459] SKDT
[21:53:53] [223/459] ACAT
[21:53:53] [224/459] APRC
[21:53:54] [225/459] SWAG
[21:53:55] [226/459] SDPT
[21:53:56] [227/459] STPS
[21:53:57] [228/459] WWCZ
[21:53:58] [229/459] LLCH
[21:53:59] [230/459] MZHA
[21:54:00] [231/459] CRJG
[21:54:00] [232/459] JGTK
[21:54:01] [233/459] KCSR
[21:54:02] [234/459] CHTL
[21:54:03] [235/459] EDSR
[21:54:04] [236/459] CSWO
[21:54:05] [237/459] CPVM
[21:54:06] [238/459] MXBY
[21:54:06] [239/459] FMMA
[21:54:07] [240/459] POVI
[21:54:08] [241/459] MTHB
[21:54:09] [242/459] INRC
[21:54:10] [243/459] PIPP
[21:54:11] [244/459] BMXC
[21:54:12] [245/459] PCMM
[21:54:13] [246/459] PMKM
[21:54:14] [247/459] GATY
[21:54:15] [248/459] IMCM
[21:54:16] [249/459] POPE
[21:54:16] [250/459] MTCR
[21:54:17] [251/459] PVAE
[21:54:18] [252/459] PVMI
[21:54:18] [253/459] CPNM
[21:54:19] [254/459] FMRL
[21:54:21] [255/459] MCIW
[21:54:22] [256/459] MXBO
[21:54:23] [257/459] FMKY
[21:54:24] [258/459] FMDA
[21:54:25] [259/459] THAB
[21:54:26] [260/459] PRCW
[21:54:27] [261/459] PITI
[21:54:29] [262/459] MCFF
[21:54:30] [263/459] PDDV
[21:54:31] [264/459] MCRM
[21:54:31] [265/459] KKMB
[21:54:33] [266/459] INKO
[21:54:34] [267/459] PLXP
[21:54:35] [268/459] MMHA
[21:54:36] [269/459] FMVS
[21:54:38] [270/459] POLM
[21:54:39] [271/459] STER
[21:54:40] [272/459] PVWJ
[21:54:41] [273/459] IMJW
[21:54:42] [274/459] FNAN
[21:54:44] [275/459] CAGL
[21:54:45] [276/459] IPBG
[21:54:46] [277/459] SMFV
[21:54:47] [278/459] MMMR
[21:54:48] [279/459] MMWM
[21:54:49] [280/459] FNCM
[21:54:50] [281/459] MDVA
[21:54:51] [282/459] MMET
[21:54:52] [283/459] MIDO
[21:54:53] [284/459] INNP
[21:54:53] [285/459] MIFU
[21:54:55] [286/459] MMSZ
[21:54:56] [287/459] BMXA
[21:54:56] [288/459] MCAA
[21:54:57] [289/459] SCVP
[21:54:59] [290/459] PLUS
[21:55:00] [291/459] MUCK
[21:55:00] [292/459] MTMA
[21:55:02] [293/459] HPVR
[21:55:03] [294/459] PMPK
[21:55:04] [295/459] MAJB
[21:55:05] [296/459] CTRR
[21:55:06] [297/459] MCTG
[21:55:07] [298/459] MACE
[21:55:08] [299/459] AAAS
[21:55:09] [300/459] CPVV
[21:55:10] [301/459] RCHG
[21:55:11] [302/459] MCNE
[21:55:12] [303/459] EMNC
[21:55:13] [304/459] MCAN
[21:55:14] [305/459] TCDM
[21:55:15] [306/459] IRGT
[21:55:16] [307/459] GCMG
[21:55:18] [308/459] MXSN
[21:55:19] [309/459] MXCK
[21:55:20] [310/459] MCRC
[21:55:20] [311/459] RSMI
[21:55:21] [312/459] WAML
[21:55:22] [313/459] MTSC
[21:55:23] [314/459] FMDR
[21:55:24] [315/459] LEPV
[21:55:25] [316/459] MTGD
[21:55:26] [317/459] IMOB
[21:55:27] [318/459] CLMM
[21:55:28] [319/459] PZCD
[21:55:29] [320/459] GOCS
[21:55:30] [321/459] KCMA
[21:55:31] [322/459] CCMP
[21:55:32] [323/459] MTSU
[21:55:33] [324/459] SNGL
[21:55:34] [325/459] MMMC
[21:55:34] [326/459] MMAA
[21:55:35] [327/459] GCDM
[21:55:36] [328/459] KTMV
[21:55:37] [329/459] AETE
[21:55:38] [330/459] OMCS
[21:55:39] [331/459] GDCD
[21:55:40] [332/459] NYMD
[21:55:41] [333/459] RNCV
[21:55:42] [334/459] KKMT
[21:55:43] [335/459] GDTH
[21:55:43] [336/459] KMMV
[21:55:45] [337/459] NHCG
[21:55:46] [338/459] PJDW
[21:55:47] [339/459] MMCV
[21:55:48] [340/459] FQSA
[21:55:49] [341/459] KURL
[21:55:50] [342/459] NNNX
[21:55:51] [343/459] AMAU
[21:55:52] [344/459] VVVM
[21:55:53] [345/459] VECU
[21:55:54] [346/459] WCVR
[21:55:54] [347/459] MTGG
[21:55:55] [348/459] SGTG
[21:55:56] [349/459] MNTG
[21:55:57] [350/459] JDDG
[21:55:59] [351/459] MBTK
[21:55:59] [352/459] SGCD
[21:56:00] [353/459] MCTC
[21:56:01] [354/459] JTPC
[21:56:02] [355/459] SDKT
[21:56:03] [356/459] KRCC
[21:56:04] [357/459] RMMD
[21:56:05] [358/459] AAME
[21:56:06] [359/459] TMWC
[21:56:07] [360/459] NRWY
[21:56:08] [361/459] CITD
[21:56:09] [362/459] VERD
[21:56:10] [363/459] MKSK
[21:56:11] [364/459] STSM
[21:56:12] [365/459] MJDG
[21:56:13] [366/459] RKPM
[21:56:14] [367/459] SSCE
[21:56:15] [368/459] VMAE
[21:56:16] [369/459] SBRU
[21:56:17] [370/459] AMBC
[21:56:18] [371/459] AMLU
[21:56:19] [372/459] INVZ
[21:56:20] [373/459] LGTV
[21:56:20] [374/459] SVAD
[21:56:21] [375/459] SMSA
[21:56:22] [376/459] SPCZ
[21:56:23] [377/459] GTCX
[21:56:24] [378/459] SCSL
[21:56:25] [379/459] SAHU
[21:56:26] [380/459] NCDA
[21:56:27] [381/459] SCCG
[21:56:28] [382/459] VKTL
[21:56:29] [383/459] PUUJ
[21:56:30] [384/459] STEJ
[21:56:32] [385/459] RJAL
[21:56:33] [386/459] ACJC
[21:56:34] [387/459] VTHC
[21:56:35] [388/459] ARVB
[21:56:36] [389/459] AUBB
[21:56:37] [390/459] GDBR
[21:56:38] [391/459] PVND
[21:56:39] [392/459] BGRJ
[21:56:40] [393/459] RJMM
[21:56:41] [394/459] MCSA
[21:56:42] [395/459] BODA
[21:56:43] [396/459] JAGG
[21:56:45] [397/459] SCGA
[21:56:46] [398/459] LRCM
[21:56:47] [399/459] CPCN
[21:56:48] [400/459] SSTF
[21:56:48] [401/459] SRXP
[21:56:50] [402/459] CNFX
[21:56:51] [403/459] ANDI
[21:56:52] [404/459] SYEW
[21:56:54] [405/459] RCRE
[21:56:55] [406/459] SCRW
[21:56:55] [407/459] MBKR
[21:56:56] [408/459] ASNT
[21:56:58] [409/459] JTMT
[21:56:59] [410/459] SHAY
[21:57:00] [411/459] VRTH
[21:57:00] [412/459] SPTI
[21:57:01] [413/459] DPTD
[21:57:02] [414/459] TGSN
[21:57:03] [415/459] RCWV
[21:57:04] [416/459] OCUR
[21:57:05] [417/459] KSTC
[21:57:05] [418/459] SANI
[21:57:06] [419/459] MLCA
[21:57:07] [420/459] EGCA
[21:57:08] [421/459] SYSN
[21:57:09] [422/459] PKTA
[21:57:09] [423/459] PRCC
[21:57:10] [424/459] KSTR
[21:57:12] [425/459] SNTP
[21:57:13] [426/459] RCHA
[21:57:14] [427/459] SEEA
[21:57:15] [428/459] ALAT
[21:57:16] [429/459] AATV
[21:57:17] [430/459] RJTE
[21:57:17] [431/459] AAPP
[21:57:18] [432/459] PMMH
[21:57:19] [433/459] INRJ
[21:57:20] [434/459] SARB
[21:57:21] [435/459] PCJL
[21:57:22] [436/459] PFJJ
[21:57:23] [437/459] GRDC
[21:57:24] [438/459] BCBA
[21:57:25] [439/459] VIXL
[21:57:26] [440/459] CSTL
[21:57:26] [441/459] MTDK
[21:57:27] [442/459] TDAC
[21:57:28] [443/459] GTDN
[21:57:29] [444/459] TTDE
[21:57:30] [445/459] ASTS
[21:57:31] [446/459] CPNS
[21:57:32] [447/459] PVVW
[21:57:33] [448/459] USEB
[21:57:35] [449/459] DTYN
[21:57:36] [450/459] PVLE
[21:57:37] [451/459] CIPS
[21:57:38] [452/459] PAEG
[21:57:38] [453/459] PTCW
[21:57:39] [454/459] G3SR
[21:57:41] [455/459] PGND
[21:57:42] [456/459] INVM
[21:57:44] [457/459] SPIA
[21:57:44] [458/459] PCSN
[21:57:45] [459/459] PPGV
[21:57:46] 🧹 Deduping shows
[21:57:46] ✅ DONE | Shows=258 | Movies=22
