[10:04:33] 🚀 SCRIPT STARTED
[10:04:33] [1/324] GCTA
[10:04:33] 🧠 New identity created
[10:04:34] [2/324] TOPN
[10:04:34] [3/324] MCUS
[10:04:35] [4/324] SHRL
[10:04:36] [5/324] UPTP
[10:04:37] [6/324] TMMP
[10:04:38] [7/324] DNRP
[10:04:38] [8/324] SRLT
[10:04:39] [9/324] RCNS
[10:04:40] [10/324] DCBH
[10:04:41] [11/324] NAGJ
[10:04:42] [12/324] JVRC
[10:04:43] [13/324] KRJG
[10:04:44] [14/324] SRTJ
[10:04:44] [15/324] CMXM
[10:04:45] [16/324] STMI
[10:04:47] [17/324] SLST
[10:04:48] [18/324] DTCN
[10:04:48] [19/324] STYN
[10:04:49] [20/324] SZVR
[10:04:50] [21/324] SRKO
[10:04:51] [22/324] JTGT
[10:04:52] [23/324] SVFD
[10:04:52] [24/324] SISD
[10:04:53] [25/324] ABDD
[10:04:55] [26/324] DRCA
[10:04:56] [27/324] AVCS
[10:04:57] [28/324] MVKH
[10:04:58] [29/324] ACPR
[10:04:59] [30/324] STIP
[10:05:00] [31/324] MTRA
[10:05:01] [32/324] RMKH
[10:05:02] [33/324] NKRL
[10:05:03] [34/324] PCWN
[10:05:05] [35/324] BLMT
[10:05:06] [36/324] GDPG
[10:05:07] [37/324] SRMX
[10:05:08] [38/324] JACP
[10:05:09] [39/324] CPSH
[10:05:09] [40/324] MCCD
[10:05:10] [41/324] ECGH
[10:05:11] [42/324] MKCK
[10:05:12] [43/324] SRMM
[10:05:13] [44/324] SKYR
[10:05:14] [45/324] PCKC
[10:05:15] [46/324] JCMA
[10:05:15] [47/324] BSMP
[10:05:16] [48/324] VSPA
[10:05:17] [49/324] DJYA
[10:05:18] [50/324] DIMP
[10:05:18] [51/324] FXDR
[10:05:19] [52/324] SSRC
[10:05:21] [53/324] STHP
[10:05:22] [54/324] CPPD
[10:05:22] [55/324] FCLK
[10:05:24] [56/324] SCPP
[10:05:25] [57/324] DCMJ
[10:05:26] [58/324] RCCR
[10:05:27] [59/324] INMT
[10:05:28] [60/324] LXTK
[10:05:30] [61/324] SRYK
[10:05:31] [62/324] SGDK
[10:05:32] [63/324] PPKA
[10:05:33] [64/324] SPKA
[10:05:34] [65/324] CGHH
[10:05:36] [66/324] DCJN
[10:05:37] [67/324] SRKV
[10:05:37] [68/324] SAJC
[10:05:38] [69/324] SUSR
[10:05:39] [70/324] STYG
[10:05:40] [71/324] NTKP
[10:05:41] [72/324] AKTG
[10:05:41] [73/324] CGCM
[10:05:42] [74/324] TULC
[10:05:43] [75/324] NYYZ
[10:05:44] [76/324] NYBW
[10:05:46] [77/324] MACB
[10:05:47] [78/324] SLVT
[10:05:49] [79/324] SANA
[10:05:50] [80/324] ACMR
[10:05:51] [81/324] CPKN
[10:05:52] [82/324] DLGK
[10:05:53] [83/324] CWCK
[10:05:54] [84/324] FDDH
[10:05:55] [85/324] MMMD
[10:05:56] [86/324] CMEH
[10:05:57] [87/324] GGGV
[10:05:58] [88/324] SPJL
[10:05:59] [89/324] RCCD
[10:05:59] [90/324] STTZ
[10:06:00] [91/324] BTCF
[10:06:01] [92/324] TSTZ
[10:06:02] [93/324] IPMM
[10:06:03] [94/324] PMPW
[10:06:04] [95/324] PCMZ
[10:06:05] [96/324] ESEM
[10:06:06] [97/324] PIPO
[10:06:07] [98/324] MATK
[10:06:07] [99/324] PGHM
[10:06:08] [100/324] CTSR
[10:06:09] [101/324] CYKR
[10:06:10] [102/324] MSCM
[10:06:11] [103/324] RFNP
[10:06:12] [104/324] PDCP
[10:06:13] [105/324] NPSE
[10:06:13] [106/324] MKML
[10:06:14] [107/324] FTDP
[10:06:15] [108/324] MMXA
[10:06:16] [109/324] CEPO
[10:06:17] [110/324] CMVP
[10:06:18] [111/324] SGTH
[10:06:19] [112/324] SAYN
[10:06:20] [113/324] URVS
[10:06:21] [114/324] VJTN
[10:06:21] [115/324] BBYK
[10:06:22] [116/324] SHBO
[10:06:24] [117/324] VCMR
[10:06:25] [118/324] MACT
[10:06:27] [119/324] JMNP
[10:06:27] [120/324] VICS
[10:06:28] [121/324] VCDA
[10:06:30] [122/324] GCMM
[10:06:31] [123/324] INVS
[10:06:32] [124/324] SCGM
[10:06:33] [125/324] PCDA
[10:06:34] [126/324] KDCT
[10:06:34] [127/324] JACS
[10:06:35] [128/324] GMMC
[10:06:36] [129/324] AICM
[10:06:37] [130/324] TJCM
[10:06:38] [131/324] RMTI
[10:06:39] [132/324] SHAC
[10:06:40] [133/324] APJC
[10:06:41] [134/324] GCTG
[10:06:42] [135/324] SSMC
[10:06:43] [136/324] THRM
[10:06:43] [137/324] RBCT
[10:06:44] [138/324] DIKT
[10:06:45] [139/324] MIDL
[10:06:46] [140/324] VCSN
[10:06:47] [141/324] SKTG
[10:06:48] [142/324] SMWC
[10:06:49] [143/324] MNKH
[10:06:49] [144/324] PIAT
[10:06:50] [145/324] LTTP
[10:06:51] [146/324] PTPU
[10:06:52] [147/324] ACMG
[10:06:53] [148/324] SHMM
[10:06:53] [149/324] MCMN
[10:06:54] [150/324] GLDC
[10:06:55] [151/324] HOUT
[10:06:56] [152/324] SVRP
[10:06:56] [153/324] PVDN
[10:06:57] [154/324] SCPY
[10:06:58] [155/324] DTPY
[10:06:59] [156/324] GKCS
[10:07:00] [157/324] NCAM
[10:07:01] [158/324] BSRM
[10:07:02] [159/324] RCLC
[10:07:03] [160/324] SKKD
[10:07:04] [161/324] ACHU
[10:07:06] [162/324] RSCF
[10:07:07] [163/324] IMSH
[10:07:08] [164/324] MACX
[10:07:09] [165/324] HMMW
[10:07:10] [166/324] JTCP
[10:07:11] [167/324] SREN
[10:07:12] [168/324] PJRR
[10:07:13] [169/324] INAC
[10:07:14] [170/324] BMCA
[10:07:15] [171/324] SHCB
[10:07:16] [172/324] GABA
[10:07:17] [173/324] SBCT
[10:07:18] [174/324] GCMA
[10:07:19] [175/324] MYTK
[10:07:20] [176/324] INZS
[10:07:20] [177/324] RMIK
[10:07:21] [178/324] NYCH
[10:07:22] [179/324] RAVE
[10:07:23] [180/324] PSXM
[10:07:24] [181/324] MCGP
[10:07:25] [182/324] PDDK
[10:07:27] [183/324] SPCK
[10:07:28] [184/324] MCRL
[10:07:28] [185/324] MHKT
[10:07:29] [186/324] ANRR
[10:07:30] [187/324] SAPK
[10:07:31] [188/324] NCUK
[10:07:33] [189/324] JUGA
[10:07:33] [190/324] DBSC
[10:07:34] [191/324] LALK
[10:07:35] [192/324] GUCK
[10:07:36] [193/324] STSG
[10:07:37] [194/324] PPPZ
[10:07:38] [195/324] CNCY
[10:07:39] [196/324] MTAR
[10:07:40] [197/324] VNKD
[10:07:41] [198/324] KMAJ
[10:07:42] [199/324] ACXK
[10:07:42] [200/324] UTKC
[10:07:43] [201/324] PBLK
[10:07:44] [202/324] ACBX
[10:07:45] [203/324] PTGM
[10:07:46] [204/324] BTDA
[10:07:47] [205/324] PJMB
[10:07:48] [206/324] TPDA
[10:07:49] [207/324] AMOE
[10:07:50] [208/324] PRHT
[10:07:50] [209/324] PRTA
[10:07:51] [210/324] STAM
[10:07:52] [211/324] MSAA
[10:07:53] [212/324] SDLU
[10:07:53] [213/324] RCHH
[10:07:54] [214/324] KANT
[10:07:55] [215/324] FCRT
[10:07:56] [216/324] DNKM
[10:07:57] [217/324] RYCP
[10:07:58] [218/324] MYRP
[10:07:58] [219/324] PPAK
[10:07:59] [220/324] NVPK
[10:08:00] [221/324] PRMC
[10:08:01] [222/324] JBCS
[10:08:02] [223/324] GXCK
[10:08:03] [224/324] USKO
[10:08:04] [225/324] GTEM
[10:08:05] [226/324] SMBU
[10:08:05] [227/324] VETC
[10:08:06] [228/324] LCDA
[10:08:07] [229/324] MTVT
[10:08:08] [230/324] PYCP
[10:08:09] [231/324] PNSC
[10:08:10] [232/324] PPCC
[10:08:12] [233/324] TGRT
[10:08:13] [234/324] JYOT
[10:08:14] [235/324] SRCZ
[10:08:15] [236/324] SJTE
[10:08:15] [237/324] DESC
[10:08:16] [238/324] JHVN
[10:08:17] [239/324] IPSG
[10:08:18] [240/324] IPCM
[10:08:19] [241/324] PDRS
[10:08:20] [242/324] ANCV
[10:08:21] [243/324] CMVV
[10:08:22] [244/324] SHYP
[10:08:23] [245/324] DNCS
[10:08:24] [246/324] GAJK
[10:08:25] [247/324] AKTN
[10:08:26] [248/324] KAYA
[10:08:28] [249/324] SBRC
[10:08:29] [250/324] CHTP
[10:08:29] [251/324] SHRT
[10:08:30] [252/324] BCKU
[10:08:31] [253/324] FCPS
[10:08:32] [254/324] ARDD
[10:08:33] [255/324] CPCM
[10:08:33] [256/324] CGSM
[10:08:34] [257/324] PSMP
[10:08:35] [258/324] SDAL
[10:08:36] [259/324] RTNB
[10:08:37] [260/324] LMCR
[10:08:38] [261/324] CIMA
[10:08:39] [262/324] RNAS
[10:08:40] [263/324] LITH
[10:08:41] [264/324] PBOX
[10:08:42] [265/324] FRTS
[10:08:43] [266/324] RKIC
[10:08:43] [267/324] PTAI
[10:08:44] [268/324] GCIC
[10:08:45] [269/324] FNAS
[10:08:46] [270/324] SCAR
[10:08:47] [271/324] MTCA
[10:08:47] [272/324] SCTS
[10:08:48] [273/324] SYCS
[10:08:49] [274/324] RDMS
[10:08:50] [275/324] KAMP
[10:08:51] [276/324] ERSD
[10:08:52] [277/324] MJMJ
[10:08:52] [278/324] SRCJ
[10:08:53] [279/324] SCXE
[10:08:54] [280/324] SVFR
[10:08:55] [281/324] BHCS
[10:08:56] [282/324] IMCC
[10:08:57] [283/324] PCBO
[10:08:58] [284/324] PRVN
[10:08:59] [285/324] AUPM
[10:09:01] [286/324] INBW
[10:09:01] [287/324] SVCW
[10:09:02] [288/324] RKCF
[10:09:03] [289/324] UVBH
[10:09:04] [290/324] DNCY
[10:09:05] [291/324] ABCN
[10:09:06] [292/324] PRUR
[10:09:07] [293/324] PFMR
[10:09:08] [294/324] RKCN
[10:09:09] [295/324] CFEA
[10:09:10] [296/324] SDBG
[10:09:11] [297/324] SNAR
[10:09:11] [298/324] YISI
[10:09:12] [299/324] JCFF
[10:09:13] [300/324] VTRK
[10:09:14] [301/324] PCLZ
[10:09:16] [302/324] DIMY
[10:09:17] [303/324] BBTS
[10:09:17] [304/324] GATH
[10:09:18] [305/324] GTMN
[10:09:19] [306/324] VTMH
[10:09:20] [307/324] CCKP
[10:09:20] [308/324] GPKA
[10:09:21] [309/324] MHCL
[10:09:22] [310/324] ATCL
[10:09:23] [311/324] SBCK
[10:09:23] [312/324] AMMR
[10:09:25] [313/324] MADC
[10:09:26] [314/324] TMMA
[10:09:26] [315/324] CACC
[10:09:27] [316/324] CHAL
[10:09:28] [317/324] DURG
[10:09:29] [318/324] GMKU
[10:09:30] [319/324] GECA
[10:09:31] [320/324] KYRR
[10:09:31] [321/324] KSDE
[10:09:32] [322/324] LMCI
[10:09:33] [323/324] NKCP
[10:09:34] [324/324] BGTC
[10:09:34] 🧹 Deduping shows
[10:09:34] ✅ DONE | Shows=130 | Movies=7
[16:45:52] 🚀 SCRIPT STARTED
[16:45:52] [1/324] GCTA
[16:45:52] 🧠 New identity created
[16:45:53] [2/324] TOPN
[16:45:54] [3/324] MCUS
[16:45:55] [4/324] SHRL
[16:45:56] [5/324] UPTP
[16:45:56] [6/324] TMMP
[16:45:57] [7/324] DNRP
[16:45:58] [8/324] SRLT
[16:45:59] [9/324] RCNS
[16:46:00] [10/324] DCBH
[16:46:01] [11/324] NAGJ
[16:46:01] [12/324] JVRC
[16:46:02] [13/324] KRJG
[16:46:03] [14/324] SRTJ
[16:46:04] [15/324] CMXM
[16:46:05] [16/324] STMI
[16:46:06] [17/324] SLST
[16:46:07] [18/324] DTCN
[16:46:07] [19/324] STYN
[16:46:08] [20/324] SZVR
[16:46:09] [21/324] SRKO
[16:46:10] [22/324] JTGT
[16:46:11] [23/324] SVFD
[16:46:12] [24/324] SISD
[16:46:13] [25/324] ABDD
[16:46:14] [26/324] DRCA
[16:46:15] [27/324] AVCS
[16:46:15] [28/324] MVKH
[16:46:16] [29/324] ACPR
[16:46:17] [30/324] STIP
[16:46:18] [31/324] MTRA
[16:46:19] [32/324] RMKH
[16:46:20] [33/324] NKRL
[16:46:21] [34/324] PCWN
[16:46:22] [35/324] BLMT
[16:46:23] [36/324] GDPG
[16:46:24] [37/324] SRMX
[16:46:25] [38/324] JACP
[16:46:26] [39/324] CPSH
[16:46:27] [40/324] MCCD
[16:46:27] [41/324] ECGH
[16:46:28] [42/324] MKCK
[16:46:29] [43/324] SRMM
[16:46:30] [44/324] SKYR
[16:46:32] [45/324] PCKC
[16:46:33] [46/324] JCMA
[16:46:34] [47/324] BSMP
[16:46:35] [48/324] VSPA
[16:46:36] [49/324] DJYA
[16:46:37] [50/324] DIMP
[16:46:38] [51/324] FXDR
[16:46:38] [52/324] SSRC
[16:46:39] [53/324] STHP
[16:46:40] [54/324] CPPD
[16:46:41] [55/324] FCLK
[16:46:42] [56/324] SCPP
[16:46:43] [57/324] DCMJ
[16:46:43] [58/324] RCCR
[16:46:44] [59/324] INMT
[16:46:46] [60/324] LXTK
[16:46:46] [61/324] SRYK
[16:46:47] [62/324] SGDK
[16:46:48] [63/324] PPKA
[16:46:49] [64/324] SPKA
[16:46:50] [65/324] CGHH
[16:46:51] [66/324] DCJN
[16:46:51] [67/324] SRKV
[16:46:52] [68/324] SAJC
[16:46:53] [69/324] SUSR
[16:46:54] [70/324] STYG
[16:46:55] [71/324] NTKP
[16:46:56] [72/324] AKTG
[16:46:57] [73/324] CGCM
[16:46:57] [74/324] TULC
[16:46:58] [75/324] NYYZ
[16:46:59] [76/324] NYBW
[16:47:00] [77/324] MACB
[16:47:01] [78/324] SLVT
[16:47:01] [79/324] SANA
[16:47:02] [80/324] ACMR
[16:47:03] [81/324] CPKN
[16:47:04] [82/324] DLGK
[16:47:05] [83/324] CWCK
[16:47:06] [84/324] FDDH
[16:47:07] [85/324] MMMD
[16:47:08] [86/324] CMEH
[16:47:09] [87/324] GGGV
[16:47:10] [88/324] SPJL
[16:47:11] [89/324] RCCD
[16:47:12] [90/324] STTZ
[16:47:12] [91/324] BTCF
[16:47:13] [92/324] TSTZ
[16:47:14] [93/324] IPMM
[16:47:15] [94/324] PMPW
[16:47:16] [95/324] PCMZ
[16:47:17] [96/324] ESEM
[16:47:18] [97/324] PIPO
[16:47:19] [98/324] MATK
[16:47:20] [99/324] PGHM
[16:47:21] [100/324] CTSR
[16:47:22] [101/324] CYKR
[16:47:23] [102/324] MSCM
[16:47:24] [103/324] RFNP
[16:47:25] [104/324] PDCP
[16:47:26] [105/324] NPSE
[16:47:27] [106/324] MKML
[16:47:28] [107/324] FTDP
[16:47:28] [108/324] MMXA
[16:47:29] [109/324] CEPO
[16:47:30] [110/324] CMVP
[16:47:31] [111/324] SGTH
[16:47:32] [112/324] SAYN
[16:47:33] [113/324] URVS
[16:47:34] [114/324] VJTN
[16:47:35] [115/324] BBYK
[16:47:36] [116/324] SHBO
[16:47:37] [117/324] VCMR
[16:47:38] [118/324] MACT
[16:47:39] [119/324] JMNP
[16:47:39] [120/324] VICS
[16:47:40] [121/324] VCDA
[16:47:42] [122/324] GCMM
[16:47:42] [123/324] INVS
[16:47:43] [124/324] SCGM
[16:47:44] [125/324] PCDA
[16:47:45] [126/324] KDCT
[16:47:46] [127/324] JACS
[16:47:46] [128/324] GMMC
[16:47:47] [129/324] AICM
[16:47:48] [130/324] TJCM
[16:47:49] [131/324] RMTI
[16:47:50] [132/324] SHAC
[16:47:51] [133/324] APJC
[16:47:52] [134/324] GCTG
[16:47:52] [135/324] SSMC
[16:47:53] [136/324] THRM
[16:47:54] [137/324] RBCT
[16:47:55] [138/324] DIKT
[16:47:56] [139/324] MIDL
[16:47:57] [140/324] VCSN
[16:47:57] [141/324] SKTG
[16:47:58] [142/324] SMWC
[16:47:59] [143/324] MNKH
[16:48:00] [144/324] PIAT
[16:48:02] [145/324] LTTP
[16:48:03] [146/324] PTPU
[16:48:03] [147/324] ACMG
[16:48:04] [148/324] SHMM
[16:48:05] [149/324] MCMN
[16:48:06] [150/324] GLDC
[16:48:07] [151/324] HOUT
[16:48:08] [152/324] SVRP
[16:48:09] [153/324] PVDN
[16:48:10] [154/324] SCPY
[16:48:11] [155/324] DTPY
[16:48:12] [156/324] GKCS
[16:48:13] [157/324] NCAM
[16:48:13] [158/324] BSRM
[16:48:14] [159/324] RCLC
[16:48:15] [160/324] SKKD
[16:48:16] [161/324] ACHU
[16:48:17] [162/324] RSCF
[16:48:17] [163/324] IMSH
[16:48:18] [164/324] MACX
[16:48:19] [165/324] HMMW
[16:48:20] [166/324] JTCP
[16:48:21] [167/324] SREN
[16:48:21] [168/324] PJRR
[16:48:23] [169/324] INAC
[16:48:24] [170/324] BMCA
[16:48:25] [171/324] SHCB
[16:48:26] [172/324] GABA
[16:48:27] [173/324] SBCT
[16:48:28] [174/324] GCMA
[16:48:29] [175/324] MYTK
[16:48:30] [176/324] INZS
[16:48:30] [177/324] RMIK
[16:48:31] [178/324] NYCH
[16:48:32] [179/324] RAVE
[16:48:33] [180/324] PSXM
[16:48:34] [181/324] MCGP
[16:48:35] [182/324] PDDK
[16:48:35] [183/324] SPCK
[16:48:36] [184/324] MCRL
[16:48:37] [185/324] MHKT
[16:48:38] [186/324] ANRR
[16:48:38] [187/324] SAPK
[16:48:40] [188/324] NCUK
[16:48:41] [189/324] JUGA
[16:48:42] [190/324] DBSC
[16:48:43] [191/324] LALK
[16:48:44] [192/324] GUCK
[16:48:45] [193/324] STSG
[16:48:46] [194/324] PPPZ
[16:48:47] [195/324] CNCY
[16:48:47] [196/324] MTAR
[16:48:48] [197/324] VNKD
[16:48:50] [198/324] KMAJ
[16:48:50] [199/324] ACXK
[16:48:51] [200/324] UTKC
[16:48:52] [201/324] PBLK
[16:48:53] [202/324] ACBX
[16:48:54] [203/324] PTGM
[16:48:54] [204/324] BTDA
[16:48:55] [205/324] PJMB
[16:48:56] [206/324] TPDA
[16:48:57] [207/324] AMOE
[16:48:58] [208/324] PRHT
[16:48:59] [209/324] PRTA
[16:48:59] [210/324] STAM
[16:49:00] [211/324] MSAA
[16:49:02] [212/324] SDLU
[16:49:02] [213/324] RCHH
[16:49:03] [214/324] KANT
[16:49:04] [215/324] FCRT
[16:49:05] [216/324] DNKM
[16:49:06] [217/324] RYCP
[16:49:07] [218/324] MYRP
[16:49:08] [219/324] PPAK
[16:49:09] [220/324] NVPK
[16:49:10] [221/324] PRMC
[16:49:10] [222/324] JBCS
[16:49:11] [223/324] GXCK
[16:49:12] [224/324] USKO
[16:49:13] [225/324] GTEM
[16:49:15] [226/324] SMBU
[16:49:15] [227/324] VETC
[16:49:16] [228/324] LCDA
[16:49:17] [229/324] MTVT
[16:49:18] [230/324] PYCP
[16:49:19] [231/324] PNSC
[16:49:20] [232/324] PPCC
[16:49:21] [233/324] TGRT
[16:49:22] [234/324] JYOT
[16:49:22] [235/324] SRCZ
[16:49:23] [236/324] SJTE
[16:49:24] [237/324] DESC
[16:49:25] [238/324] JHVN
[16:49:25] [239/324] IPSG
[16:49:26] [240/324] IPCM
[16:49:27] [241/324] PDRS
[16:49:28] [242/324] ANCV
[16:49:29] [243/324] CMVV
[16:49:30] [244/324] SHYP
[16:49:31] [245/324] DNCS
[16:49:32] [246/324] GAJK
[16:49:33] [247/324] AKTN
[16:49:34] [248/324] KAYA
[16:49:34] [249/324] SBRC
[16:49:35] [250/324] CHTP
[16:49:36] [251/324] SHRT
[16:49:37] [252/324] BCKU
[16:49:38] [253/324] FCPS
[16:49:39] [254/324] ARDD
[16:49:39] [255/324] CPCM
[16:49:40] [256/324] CGSM
[16:49:41] [257/324] PSMP
[16:49:42] [258/324] SDAL
[16:49:42] [259/324] RTNB
[16:49:43] [260/324] LMCR
[16:49:44] [261/324] CIMA
[16:49:45] [262/324] RNAS
[16:49:46] [263/324] LITH
[16:49:47] [264/324] PBOX
[16:49:48] [265/324] FRTS
[16:49:49] [266/324] RKIC
[16:49:49] [267/324] PTAI
[16:49:50] [268/324] GCIC
[16:49:51] [269/324] FNAS
[16:49:52] [270/324] SCAR
[16:49:52] [271/324] MTCA
[16:49:53] [272/324] SCTS
[16:49:54] [273/324] SYCS
[16:49:55] [274/324] RDMS
[16:49:56] [275/324] KAMP
[16:49:58] [276/324] ERSD
[16:49:59] [277/324] MJMJ
[16:49:59] [278/324] SRCJ
[16:50:00] [279/324] SCXE
[16:50:01] [280/324] SVFR
[16:50:02] [281/324] BHCS
[16:50:03] [282/324] IMCC
[16:50:04] [283/324] PCBO
[16:50:05] [284/324] PRVN
[16:50:06] [285/324] AUPM
[16:50:06] [286/324] INBW
[16:50:07] [287/324] SVCW
[16:50:08] [288/324] RKCF
[16:50:09] [289/324] UVBH
[16:50:09] [290/324] DNCY
[16:50:10] [291/324] ABCN
[16:50:11] [292/324] PRUR
[16:50:12] [293/324] PFMR
[16:50:12] [294/324] RKCN
[16:50:13] [295/324] CFEA
[16:50:14] [296/324] SDBG
[16:50:15] [297/324] SNAR
[16:50:16] [298/324] YISI
[16:50:17] [299/324] JCFF
[16:50:17] [300/324] VTRK
[16:50:18] [301/324] PCLZ
[16:50:19] [302/324] DIMY
[16:50:20] [303/324] BBTS
[16:50:20] [304/324] GATH
[16:50:21] [305/324] GTMN
[16:50:23] [306/324] VTMH
[16:50:23] [307/324] CCKP
[16:50:24] [308/324] GPKA
[16:50:25] [309/324] MHCL
[16:50:26] [310/324] ATCL
[16:50:27] [311/324] SBCK
[16:50:27] [312/324] AMMR
[16:50:28] [313/324] MADC
[16:50:29] [314/324] TMMA
[16:50:30] [315/324] CACC
[16:50:31] [316/324] CHAL
[16:50:32] [317/324] DURG
[16:50:32] [318/324] GMKU
[16:50:34] [319/324] GECA
[16:50:35] [320/324] KYRR
[16:50:35] [321/324] KSDE
[16:50:36] [322/324] LMCI
[16:50:37] [323/324] NKCP
[16:50:38] [324/324] BGTC
[16:50:39] 🧹 Deduping shows
[16:50:39] ✅ DONE | Shows=168 | Movies=11
