[10:04:51] 🚀 SCRIPT STARTED
[10:04:51] [1/445] TGMR
[10:04:51] 🧠 New identity created
[10:04:52] [2/445] CXKR
[10:04:53] [3/445] SROP
[10:04:54] [4/445] GTSV
[10:04:55] [5/445] SNTY
[10:04:56] [6/445] SMYY
[10:04:57] [7/445] CNCS
[10:04:58] [8/445] CSTM
[10:04:59] [9/445] NUCD
[10:05:00] [10/445] SHCZ
[10:05:00] [11/445] NJCT
[10:05:01] [12/445] COPC
[10:05:02] [13/445] STVV
[10:05:03] [14/445] SKRN
[10:05:04] [15/445] APPZ
[10:05:05] [16/445] YMGN
[10:05:05] [17/445] SVTU
[10:05:06] [18/445] GTAD
[10:05:08] [19/445] PSUS
[10:05:09] [20/445] SMCD
[10:05:09] [21/445] CMCM
[10:05:10] [22/445] SYCT
[10:05:11] [23/445] STLY
[10:05:12] [24/445] CMHU
[10:05:13] [25/445] CMSA
[10:05:13] [26/445] CLCU
[10:05:14] [27/445] PPNT
[10:05:15] [28/445] JTAB
[10:05:16] [29/445] BUUC
[10:05:18] [30/445] BSVK
[10:05:19] [31/445] VVVQ
[10:05:20] [32/445] TKMU
[10:05:21] [33/445] ESYL
[10:05:22] [34/445] ACHP
[10:05:23] [35/445] BTKD
[10:05:23] [36/445] DESA
[10:05:25] [37/445] GBCT
[10:05:27] [38/445] BLLD
[10:05:27] [39/445] SKNT
[10:05:28] [40/445] SSTE
[10:05:29] [41/445] VJMR
[10:05:30] [42/445] NTPU
[10:05:30] [43/445] RDKN
[10:05:31] [44/445] ADGC
[10:05:33] [45/445] VRBP
[10:05:33] [46/445] NMNA
[10:05:34] [47/445] CMMX
[10:05:35] [48/445] PTKO
[10:05:36] [49/445] RBML
[10:05:37] [50/445] SAIC
[10:05:38] [51/445] SVTJ
[10:05:39] [52/445] MRTE
[10:05:40] [53/445] RBTP
[10:05:41] [54/445] NLPS
[10:05:42] [55/445] GTNA
[10:05:43] [56/445] DGGC
[10:05:44] [57/445] SMCR
[10:05:45] [58/445] SCGD
[10:05:46] [59/445] SRRJ
[10:05:47] [60/445] CNRY
[10:05:48] [61/445] KTDI
[10:05:49] [62/445] SNJL
[10:05:49] [63/445] RKMD
[10:05:50] [64/445] SMDC
[10:05:51] [65/445] TADG
[10:05:52] [66/445] MCGS
[10:05:53] [67/445] PETK
[10:05:54] [68/445] CHAG
[10:05:54] [69/445] KSTL
[10:05:55] [70/445] AADS
[10:05:56] [71/445] NTHZ
[10:05:57] [72/445] HCKI
[10:05:58] [73/445] SSEF
[10:05:59] [74/445] MCGX
[10:06:00] [75/445] ERRA
[10:06:00] [76/445] SDTW
[10:06:01] [77/445] RMPK
[10:06:03] [78/445] PTHK
[10:06:04] [79/445] PXCS
[10:06:06] [80/445] SVLU
[10:06:06] [81/445] STAH
[10:06:08] [82/445] JRGF
[10:06:09] [83/445] CDOK
[10:06:09] [84/445] CMSG
[10:06:10] [85/445] APTD
[10:06:11] [86/445] KMPG
[10:06:12] [87/445] MUTJ
[10:06:13] [88/445] VCCI
[10:06:14] [89/445] URBE
[10:06:14] [90/445] TCTS
[10:06:15] [91/445] STSN
[10:06:16] [92/445] AKCH
[10:06:17] [93/445] APSC
[10:06:17] [94/445] VLTB
[10:06:18] [95/445] SANU
[10:06:19] [96/445] AXAM
[10:06:20] [97/445] MGMG
[10:06:21] [98/445] HTBY
[10:06:22] [99/445] MMZS
[10:06:23] [100/445] SUDR
[10:06:25] [101/445] CCAD
[10:06:25] [102/445] SKKC
[10:06:26] [103/445] RMCD
[10:06:27] [104/445] SBCQ
[10:06:28] [105/445] DCCT
[10:06:28] [106/445] VTKP
[10:06:29] [107/445] MLAM
[10:06:30] [108/445] SAVT
[10:06:32] [109/445] GEPL
[10:06:32] [110/445] AMCD
[10:06:33] [111/445] CCXR
[10:06:34] [112/445] GRNG
[10:06:35] [113/445] EBCA
[10:06:36] [114/445] CNVG
[10:06:36] [115/445] MWSS
[10:06:37] [116/445] VBOR
[10:06:38] [117/445] NEEB
[10:06:39] [118/445] SUTH
[10:06:40] [119/445] ANDB
[10:06:41] [120/445] MMXS
[10:06:41] [121/445] CNPD
[10:06:42] [122/445] SDCE
[10:06:43] [123/445] DHCB
[10:06:44] [124/445] ODEN
[10:06:45] [125/445] TNTC
[10:06:46] [126/445] VBKM
[10:06:47] [127/445] RZYM
[10:06:48] [128/445] JEMC
[10:06:48] [129/445] CMAU
[10:06:49] [130/445] SIVP
[10:06:50] [131/445] ATAG
[10:06:51] [132/445] CHTM
[10:06:53] [133/445] AAEE
[10:06:53] [134/445] IWPM
[10:06:54] [135/445] KCMW
[10:06:55] [136/445] MCTD
[10:06:56] [137/445] SPWR
[10:06:58] [138/445] SDPO
[10:06:59] [139/445] PCSK
[10:07:00] [140/445] ACHV
[10:07:01] [141/445] SVLA
[10:07:02] [142/445] PICT
[10:07:02] [143/445] BXDR
[10:07:03] [144/445] SPWA
[10:07:04] [145/445] MCKO
[10:07:05] [146/445] RTHK
[10:07:06] [147/445] CCMF
[10:07:07] [148/445] MRGB
[10:07:08] [149/445] CPLC
[10:07:09] [150/445] RACD
[10:07:10] [151/445] ATKT
[10:07:10] [152/445] SARN
[10:07:11] [153/445] KKUI
[10:07:12] [154/445] RGCM
[10:07:13] [155/445] BRVP
[10:07:14] [156/445] HRSR
[10:07:15] [157/445] GKGM
[10:07:16] [158/445] TTCD
[10:07:17] [159/445] PTTI
[10:07:18] [160/445] MPTT
[10:07:18] [161/445] CVTT
[10:07:20] [162/445] PCXD
[10:07:21] [163/445] GCDC
[10:07:22] [164/445] CCCF
[10:07:23] [165/445] MRAD
[10:07:24] [166/445] CPLK
[10:07:26] [167/445] SATB
[10:07:26] [168/445] SNVG
[10:07:27] [169/445] JMBA
[10:07:28] [170/445] TEJA
[10:07:29] [171/445] STYO
[10:07:29] [172/445] JTBP
[10:07:30] [173/445] KRGD
[10:07:31] [174/445] SLJJ
[10:07:33] [175/445] SPTJ
[10:07:34] [176/445] SWJG
[10:07:34] [177/445] LKRT
[10:07:35] [178/445] KCKA
[10:07:36] [179/445] SNCR
[10:07:37] [180/445] SMKL
[10:07:38] [181/445] GCFA
[10:07:39] [182/445] DDCK
[10:07:40] [183/445] NCHJ
[10:07:42] [184/445] RDMA
[10:07:43] [185/445] SVSV
[10:07:44] [186/445] SCJG
[10:07:45] [187/445] VKLP
[10:07:45] [188/445] NWCC
[10:07:46] [189/445] VKNS
[10:07:48] [190/445] SDDP
[10:07:49] [191/445] ACSI
[10:07:50] [192/445] SATG
[10:07:51] [193/445] SCMW
[10:07:52] [194/445] LKTK
[10:07:53] [195/445] VCKV
[10:07:54] [196/445] KKPE
[10:07:54] [197/445] KIGH
[10:07:55] [198/445] SRPM
[10:07:56] [199/445] SCAH
[10:07:57] [200/445] MUTA
[10:07:58] [201/445] SEPU
[10:07:59] [202/445] INOA
[10:08:00] [203/445] BASK
[10:08:01] [204/445] NECB
[10:08:02] [205/445] GTTG
[10:08:02] [206/445] ASSA
[10:08:03] [207/445] ANCL
[10:08:04] [208/445] GCTI
[10:08:05] [209/445] RCTS
[10:08:06] [210/445] ACNL
[10:08:06] [211/445] MYCT
[10:08:07] [212/445] NMHT
[10:08:08] [213/445] MDIT
[10:08:08] [214/445] LATG
[10:08:09] [215/445] SMTY
[10:08:10] [216/445] CVCT
[10:08:11] [217/445] RAMB
[10:08:12] [218/445] TGMS
[10:08:13] [219/445] BHEL
[10:08:14] [220/445] SHCT
[10:08:15] [221/445] SVCT
[10:08:16] [222/445] MRIY
[10:08:17] [223/445] SARO
[10:08:18] [224/445] STCT
[10:08:18] [225/445] JKKC
[10:08:19] [226/445] PLTT
[10:08:20] [227/445] SRNT
[10:08:22] [228/445] YAST
[10:08:23] [229/445] PERL
[10:08:24] [230/445] CICM
[10:08:25] [231/445] MMTR
[10:08:27] [232/445] ABTK
[10:08:28] [233/445] ATYY
[10:08:29] [234/445] ASTK
[10:08:30] [235/445] VVCK
[10:08:30] [236/445] ATKY
[10:08:31] [237/445] GWEK
[10:08:32] [238/445] SVFH
[10:08:33] [239/445] SLTA
[10:08:34] [240/445] AASH
[10:08:35] [241/445] ACXB
[10:08:35] [242/445] SMTX
[10:08:36] [243/445] AZDH
[10:08:37] [244/445] CMMH
[10:08:38] [245/445] SCSZ
[10:08:39] [246/445] SCKP
[10:08:40] [247/445] NXTM
[10:08:41] [248/445] NWCS
[10:08:42] [249/445] CXMH
[10:08:43] [250/445] PCMA
[10:08:44] [251/445] SGCM
[10:08:45] [252/445] SDTU
[10:08:45] [253/445] MMVI
[10:08:46] [254/445] JKCM
[10:08:47] [255/445] VCMM
[10:08:48] [256/445] SYEE
[10:08:49] [257/445] VASD
[10:08:50] [258/445] BDRB
[10:08:51] [259/445] LASM
[10:08:52] [260/445] DCRL
[10:08:53] [261/445] DVPM
[10:08:54] [262/445] SBMJ
[10:08:54] [263/445] CBMU
[10:08:55] [264/445] IUBS
[10:08:56] [265/445] INAP
[10:08:57] [266/445] SRRC
[10:08:58] [267/445] SAGR
[10:08:59] [268/445] CPMJ
[10:09:00] [269/445] ATJL
[10:09:01] [270/445] NNTD
[10:09:02] [271/445] JHCJ
[10:09:02] [272/445] CMMP
[10:09:03] [273/445] RSDR
[10:09:04] [274/445] AMTI
[10:09:05] [275/445] NYSG
[10:09:06] [276/445] AVSG
[10:09:07] [277/445] SYTP
[10:09:08] [278/445] LARC
[10:09:09] [279/445] RJTP
[10:09:10] [280/445] LAKC
[10:09:11] [281/445] MCXE
[10:09:12] [282/445] CCZC
[10:09:13] [283/445] AVCH
[10:09:14] [284/445] CMBE
[10:09:14] [285/445] MRRC
[10:09:15] [286/445] PCPY
[10:09:16] [287/445] SRMH
[10:09:16] [288/445] SVGS
[10:09:17] [289/445] PCSE
[10:09:18] [290/445] SVFT
[10:09:20] [291/445] TNZP
[10:09:20] [292/445] ICTP
[10:09:21] [293/445] ACTZ
[10:09:22] [294/445] GTUR
[10:09:23] [295/445] MAFC
[10:09:24] [296/445] MINL
[10:09:25] [297/445] MRCL
[10:09:26] [298/445] RCRP
[10:09:26] [299/445] RFFG
[10:09:27] [300/445] RMAS
[10:09:29] [301/445] INVR
[10:09:29] [302/445] RMAR
[10:09:30] [303/445] CNIS
[10:09:31] [304/445] RHRJ
[10:09:32] [305/445] INXR
[10:09:32] [306/445] VALT
[10:09:33] [307/445] LCSH
[10:09:34] [308/445] CMVS
[10:09:34] [309/445] CNMS
[10:09:35] [310/445] ROOG
[10:09:36] [311/445] ISRM
[10:09:37] [312/445] RCRM
[10:09:38] [313/445] ACJA
[10:09:39] [314/445] RCVS
[10:09:40] [315/445] CPUS
[10:09:41] [316/445] TGCS
[10:09:43] [317/445] RKCJ
[10:09:43] [318/445] MKSB
[10:09:45] [319/445] TCSJ
[10:09:46] [320/445] RMGP
[10:09:47] [321/445] CLLP
[10:09:48] [322/445] RCMV
[10:09:50] [323/445] CCKS
[10:09:51] [324/445] RSRP
[10:09:52] [325/445] APLP
[10:09:52] [326/445] CNVS
[10:09:53] [327/445] RMVY
[10:09:54] [328/445] PGBD
[10:09:55] [329/445] KLMS
[10:09:56] [330/445] RUST
[10:09:56] [331/445] MASM
[10:09:57] [332/445] BACS
[10:09:58] [333/445] BWST
[10:09:59] [334/445] RRFH
[10:10:00] [335/445] SJTM
[10:10:01] [336/445] BEMR
[10:10:02] [337/445] MCGR
[10:10:03] [338/445] SDSK
[10:10:04] [339/445] VBOL
[10:10:05] [340/445] RMGM
[10:10:06] [341/445] NOPL
[10:10:07] [342/445] MKJK
[10:10:08] [343/445] CVRN
[10:10:08] [344/445] MMEN
[10:10:09] [345/445] AMNG
[10:10:11] [346/445] INTM
[10:10:12] [347/445] SLCZ
[10:10:13] [348/445] AMJN
[10:10:13] [349/445] ACJN
[10:10:14] [350/445] AMKN
[10:10:15] [351/445] BTCN
[10:10:16] [352/445] AMBT
[10:10:17] [353/445] PACN
[10:10:18] [354/445] LCNS
[10:10:19] [355/445] PPKC
[10:10:19] [356/445] JYYN
[10:10:20] [357/445] JTNR
[10:10:21] [358/445] GTEE
[10:10:23] [359/445] SRNM
[10:10:23] [360/445] SDTC
[10:10:24] [361/445] VPCA
[10:10:25] [362/445] VLRA
[10:10:26] [363/445] SHKR
[10:10:27] [364/445] SBKD
[10:10:28] [365/445] SAAD
[10:10:29] [366/445] JTGN
[10:10:30] [367/445] SLAM
[10:10:30] [368/445] VTPM
[10:10:31] [369/445] ANPT
[10:10:33] [370/445] PUNB
[10:10:33] [371/445] CPKT
[10:10:34] [372/445] CNWE
[10:10:35] [373/445] ECPP
[10:10:36] [374/445] CPAR
[10:10:37] [375/445] ESBW
[10:10:38] [376/445] PKPU
[10:10:39] [377/445] CPRP
[10:10:41] [378/445] RAHU
[10:10:42] [379/445] RHMN
[10:10:43] [380/445] FMJP
[10:10:44] [381/445] CTMP
[10:10:45] [382/445] INPN
[10:10:46] [383/445] STTG
[10:10:47] [384/445] CTRD
[10:10:48] [385/445] PUVB
[10:10:49] [386/445] ESVP
[10:10:50] [387/445] CPFT
[10:10:51] [388/445] LCPC
[10:10:52] [389/445] VBCT
[10:10:53] [390/445] FSCW
[10:10:54] [391/445] VCMP
[10:10:55] [392/445] ASHC
[10:10:55] [393/445] VLCX
[10:10:56] [394/445] SHEV
[10:10:57] [395/445] APCO
[10:10:58] [396/445] SILC
[10:10:59] [397/445] SNMR
[10:10:59] [398/445] KYBO
[10:11:00] [399/445] SATK
[10:11:01] [400/445] SSCS
[10:11:02] [401/445] CLSB
[10:11:03] [402/445] KMJR
[10:11:04] [403/445] FSCK
[10:11:04] [404/445] NNKA
[10:11:05] [405/445] CLMK
[10:11:06] [406/445] DMPZ
[10:11:07] [407/445] INQM
[10:11:08] [408/445] CAML
[10:11:09] [409/445] INRK
[10:11:10] [410/445] IMKN
[10:11:11] [411/445] SVNR
[10:11:12] [412/445] INSL
[10:11:13] [413/445] MSMA
[10:11:14] [414/445] MCKK
[10:11:15] [415/445] FCHP
[10:11:16] [416/445] SFCR
[10:11:17] [417/445] NACK
[10:11:18] [418/445] PVAK
[10:11:19] [419/445] INER
[10:11:19] [420/445] RDBK
[10:11:20] [421/445] SVFN
[10:11:21] [422/445] IFRM
[10:11:22] [423/445] ATCK
[10:11:24] [424/445] ASKO
[10:11:24] [425/445] STKT
[10:11:25] [426/445] SVFB
[10:11:27] [427/445] INKS
[10:11:27] [428/445] PCRA
[10:11:28] [429/445] ATJA
[10:11:29] [430/445] IMJN
[10:11:30] [431/445] INHD
[10:11:31] [432/445] BARA
[10:11:32] [433/445] MCSL
[10:11:33] [434/445] RTOY
[10:11:34] [435/445] MENO
[10:11:34] [436/445] PUDM
[10:11:35] [437/445] PRCN
[10:11:36] [438/445] JMJR
[10:11:37] [439/445] SSGK
[10:11:38] [440/445] SSRL
[10:11:39] [441/445] JYKL
[10:11:40] [442/445] ACNB
[10:11:41] [443/445] SONP
[10:11:42] [444/445] EMCI
[10:11:43] [445/445] MRJH
[10:11:43] 🧹 Deduping shows
[10:11:43] ✅ DONE | Shows=194 | Movies=38
[16:44:40] 🚀 SCRIPT STARTED
[16:44:40] [1/445] TGMR
[16:44:40] 🧠 New identity created
[16:44:41] [2/445] CXKR
[16:44:42] [3/445] SROP
[16:44:43] [4/445] GTSV
[16:44:44] [5/445] SNTY
[16:44:45] [6/445] SMYY
[16:44:46] [7/445] CNCS
[16:44:47] [8/445] CSTM
[16:44:48] [9/445] NUCD
[16:44:49] [10/445] SHCZ
[16:44:50] [11/445] NJCT
[16:44:51] [12/445] COPC
[16:44:52] [13/445] STVV
[16:44:53] [14/445] SKRN
[16:44:54] [15/445] APPZ
[16:44:55] [16/445] YMGN
[16:44:55] [17/445] SVTU
[16:44:56] [18/445] GTAD
[16:44:57] [19/445] PSUS
[16:44:58] [20/445] SMCD
[16:45:00] [21/445] CMCM
[16:45:00] [22/445] SYCT
[16:45:01] [23/445] STLY
[16:45:02] [24/445] CMHU
[16:45:04] [25/445] CMSA
[16:45:05] [26/445] CLCU
[16:45:06] [27/445] PPNT
[16:45:07] [28/445] JTAB
[16:45:08] [29/445] BUUC
[16:45:09] [30/445] BSVK
[16:45:10] [31/445] VVVQ
[16:45:10] [32/445] TKMU
[16:45:11] [33/445] ESYL
[16:45:12] [34/445] ACHP
[16:45:13] [35/445] BTKD
[16:45:14] [36/445] DESA
[16:45:15] [37/445] GBCT
[16:45:15] [38/445] BLLD
[16:45:16] [39/445] SKNT
[16:45:18] [40/445] SSTE
[16:45:18] [41/445] VJMR
[16:45:19] [42/445] NTPU
[16:45:20] [43/445] RDKN
[16:45:21] [44/445] ADGC
[16:45:23] [45/445] VRBP
[16:45:24] [46/445] NMNA
[16:45:25] [47/445] CMMX
[16:45:26] [48/445] PTKO
[16:45:27] [49/445] RBML
[16:45:28] [50/445] SAIC
[16:45:29] [51/445] SVTJ
[16:45:30] [52/445] MRTE
[16:45:31] [53/445] RBTP
[16:45:32] [54/445] NLPS
[16:45:33] [55/445] GTNA
[16:45:34] [56/445] DGGC
[16:45:35] [57/445] SMCR
[16:45:35] [58/445] SCGD
[16:45:36] [59/445] SRRJ
[16:45:37] [60/445] CNRY
[16:45:38] [61/445] KTDI
[16:45:39] [62/445] SNJL
[16:45:40] [63/445] RKMD
[16:45:40] [64/445] SMDC
[16:45:42] [65/445] TADG
[16:45:43] [66/445] MCGS
[16:45:44] [67/445] PETK
[16:45:45] [68/445] CHAG
[16:45:45] [69/445] KSTL
[16:45:46] [70/445] AADS
[16:45:47] [71/445] NTHZ
[16:45:48] [72/445] HCKI
[16:45:49] [73/445] SSEF
[16:45:50] [74/445] MCGX
[16:45:51] [75/445] ERRA
[16:45:51] [76/445] SDTW
[16:45:52] [77/445] RMPK
[16:45:53] [78/445] PTHK
[16:45:54] [79/445] PXCS
[16:45:56] [80/445] SVLU
[16:45:56] [81/445] STAH
[16:45:58] [82/445] JRGF
[16:45:59] [83/445] CDOK
[16:45:59] [84/445] CMSG
[16:46:00] [85/445] APTD
[16:46:01] [86/445] KMPG
[16:46:02] [87/445] MUTJ
[16:46:03] [88/445] VCCI
[16:46:03] [89/445] URBE
[16:46:04] [90/445] TCTS
[16:46:05] [91/445] STSN
[16:46:06] [92/445] AKCH
[16:46:07] [93/445] APSC
[16:46:07] [94/445] VLTB
[16:46:08] [95/445] SANU
[16:46:09] [96/445] AXAM
[16:46:10] [97/445] MGMG
[16:46:11] [98/445] HTBY
[16:46:12] [99/445] MMZS
[16:46:13] [100/445] SUDR
[16:46:14] [101/445] CCAD
[16:46:16] [102/445] SKKC
[16:46:17] [103/445] RMCD
[16:46:17] [104/445] SBCQ
[16:46:18] [105/445] DCCT
[16:46:19] [106/445] VTKP
[16:46:20] [107/445] MLAM
[16:46:20] [108/445] SAVT
[16:46:21] [109/445] GEPL
[16:46:23] [110/445] AMCD
[16:46:24] [111/445] CCXR
[16:46:25] [112/445] GRNG
[16:46:26] [113/445] EBCA
[16:46:27] [114/445] CNVG
[16:46:29] [115/445] MWSS
[16:46:30] [116/445] VBOR
[16:46:30] [117/445] NEEB
[16:46:31] [118/445] SUTH
[16:46:32] [119/445] ANDB
[16:46:32] [120/445] MMXS
[16:46:34] [121/445] CNPD
[16:46:35] [122/445] SDCE
[16:46:35] [123/445] DHCB
[16:46:36] [124/445] ODEN
[16:46:38] [125/445] TNTC
[16:46:38] [126/445] VBKM
[16:46:39] [127/445] RZYM
[16:46:41] [128/445] JEMC
[16:46:42] [129/445] CMAU
[16:46:43] [130/445] SIVP
[16:46:44] [131/445] ATAG
[16:46:44] [132/445] CHTM
[16:46:46] [133/445] AAEE
[16:46:47] [134/445] IWPM
[16:46:48] [135/445] KCMW
[16:46:49] [136/445] MCTD
[16:46:49] [137/445] SPWR
[16:46:50] [138/445] SDPO
[16:46:51] [139/445] PCSK
[16:46:52] [140/445] ACHV
[16:46:54] [141/445] SVLA
[16:46:54] [142/445] PICT
[16:46:56] [143/445] BXDR
[16:46:58] [144/445] SPWA
[16:46:58] [145/445] MCKO
[16:47:00] [146/445] RTHK
[16:47:01] [147/445] CCMF
[16:47:02] [148/445] MRGB
[16:47:03] [149/445] CPLC
[16:47:04] [150/445] RACD
[16:47:05] [151/445] ATKT
[16:47:06] [152/445] SARN
[16:47:07] [153/445] KKUI
[16:47:08] [154/445] RGCM
[16:47:08] [155/445] BRVP
[16:47:10] [156/445] HRSR
[16:47:11] [157/445] GKGM
[16:47:13] [158/445] TTCD
[16:47:14] [159/445] PTTI
[16:47:15] [160/445] MPTT
[16:47:16] [161/445] CVTT
[16:47:17] [162/445] PCXD
[16:47:17] [163/445] GCDC
[16:47:18] [164/445] CCCF
[16:47:19] [165/445] MRAD
[16:47:20] [166/445] CPLK
[16:47:21] [167/445] SATB
[16:47:22] [168/445] SNVG
[16:47:23] [169/445] JMBA
[16:47:24] [170/445] TEJA
[16:47:25] [171/445] STYO
[16:47:26] [172/445] JTBP
[16:47:26] [173/445] KRGD
[16:47:28] [174/445] SLJJ
[16:47:29] [175/445] SPTJ
[16:47:30] [176/445] SWJG
[16:47:30] [177/445] LKRT
[16:47:31] [178/445] KCKA
[16:47:32] [179/445] SNCR
[16:47:33] [180/445] SMKL
[16:47:33] [181/445] GCFA
[16:47:34] [182/445] DDCK
[16:47:35] [183/445] NCHJ
[16:47:36] [184/445] RDMA
[16:47:37] [185/445] SVSV
[16:47:38] [186/445] SCJG
[16:47:39] [187/445] VKLP
[16:47:40] [188/445] NWCC
[16:47:41] [189/445] VKNS
[16:47:41] [190/445] SDDP
[16:47:42] [191/445] ACSI
[16:47:44] [192/445] SATG
[16:47:45] [193/445] SCMW
[16:47:45] [194/445] LKTK
[16:47:47] [195/445] VCKV
[16:47:49] [196/445] KKPE
[16:47:49] [197/445] KIGH
[16:47:50] [198/445] SRPM
[16:47:51] [199/445] SCAH
[16:47:52] [200/445] MUTA
[16:47:53] [201/445] SEPU
[16:47:54] [202/445] INOA
[16:47:55] [203/445] BASK
[16:47:56] [204/445] NECB
[16:47:57] [205/445] GTTG
[16:47:58] [206/445] ASSA
[16:47:58] [207/445] ANCL
[16:48:00] [208/445] GCTI
[16:48:01] [209/445] RCTS
[16:48:02] [210/445] ACNL
[16:48:02] [211/445] MYCT
[16:48:03] [212/445] NMHT
[16:48:04] [213/445] MDIT
[16:48:05] [214/445] LATG
[16:48:06] [215/445] SMTY
[16:48:07] [216/445] CVCT
[16:48:07] [217/445] RAMB
[16:48:09] [218/445] TGMS
[16:48:10] [219/445] BHEL
[16:48:10] [220/445] SHCT
[16:48:12] [221/445] SVCT
[16:48:13] [222/445] MRIY
[16:48:13] [223/445] SARO
[16:48:14] [224/445] STCT
[16:48:15] [225/445] JKKC
[16:48:15] [226/445] PLTT
[16:48:16] [227/445] SRNT
[16:48:17] [228/445] YAST
[16:48:18] [229/445] PERL
[16:48:19] [230/445] CICM
[16:48:20] [231/445] MMTR
[16:48:21] [232/445] ABTK
[16:48:22] [233/445] ATYY
[16:48:23] [234/445] ASTK
[16:48:24] [235/445] VVCK
[16:48:25] [236/445] ATKY
[16:48:26] [237/445] GWEK
[16:48:28] [238/445] SVFH
[16:48:28] [239/445] SLTA
[16:48:29] [240/445] AASH
[16:48:30] [241/445] ACXB
[16:48:31] [242/445] SMTX
[16:48:31] [243/445] AZDH
[16:48:32] [244/445] CMMH
[16:48:33] [245/445] SCSZ
[16:48:34] [246/445] SCKP
[16:48:35] [247/445] NXTM
[16:48:36] [248/445] NWCS
[16:48:37] [249/445] CXMH
[16:48:38] [250/445] PCMA
[16:48:40] [251/445] SGCM
[16:48:40] [252/445] SDTU
[16:48:41] [253/445] MMVI
[16:48:42] [254/445] JKCM
[16:48:43] [255/445] VCMM
[16:48:44] [256/445] SYEE
[16:48:46] [257/445] VASD
[16:48:47] [258/445] BDRB
[16:48:48] [259/445] LASM
[16:48:49] [260/445] DCRL
[16:48:50] [261/445] DVPM
[16:48:51] [262/445] SBMJ
[16:48:52] [263/445] CBMU
[16:48:53] [264/445] IUBS
[16:48:54] [265/445] INAP
[16:48:55] [266/445] SRRC
[16:48:56] [267/445] SAGR
[16:48:57] [268/445] CPMJ
[16:48:58] [269/445] ATJL
[16:48:59] [270/445] NNTD
[16:48:59] [271/445] JHCJ
[16:49:00] [272/445] CMMP
[16:49:01] [273/445] RSDR
[16:49:03] [274/445] AMTI
[16:49:04] [275/445] NYSG
[16:49:05] [276/445] AVSG
[16:49:07] [277/445] SYTP
[16:49:08] [278/445] LARC
[16:49:09] [279/445] RJTP
[16:49:10] [280/445] LAKC
[16:49:11] [281/445] MCXE
[16:49:13] [282/445] CCZC
[16:49:14] [283/445] AVCH
[16:49:15] [284/445] CMBE
[16:49:16] [285/445] MRRC
[16:49:16] [286/445] PCPY
[16:49:17] [287/445] SRMH
[16:49:19] [288/445] SVGS
[16:49:19] [289/445] PCSE
[16:49:20] [290/445] SVFT
[16:49:21] [291/445] TNZP
[16:49:21] [292/445] ICTP
[16:49:22] [293/445] ACTZ
[16:49:23] [294/445] GTUR
[16:49:25] [295/445] MAFC
[16:49:26] [296/445] MINL
[16:49:26] [297/445] MRCL
[16:49:28] [298/445] RCRP
[16:49:29] [299/445] RFFG
[16:49:30] [300/445] RMAS
[16:49:31] [301/445] INVR
[16:49:33] [302/445] RMAR
[16:49:33] [303/445] CNIS
[16:49:35] [304/445] RHRJ
[16:49:36] [305/445] INXR
[16:49:37] [306/445] VALT
[16:49:38] [307/445] LCSH
[16:49:39] [308/445] CMVS
[16:49:40] [309/445] CNMS
[16:49:41] [310/445] ROOG
[16:49:42] [311/445] ISRM
[16:49:43] [312/445] RCRM
[16:49:44] [313/445] ACJA
[16:49:45] [314/445] RCVS
[16:49:46] [315/445] CPUS
[16:49:46] [316/445] TGCS
[16:49:47] [317/445] RKCJ
[16:49:48] [318/445] MKSB
[16:49:49] [319/445] TCSJ
[16:49:49] [320/445] RMGP
[16:49:51] [321/445] CLLP
[16:49:51] [322/445] RCMV
[16:49:53] [323/445] CCKS
[16:49:54] [324/445] RSRP
[16:49:54] [325/445] APLP
[16:49:55] [326/445] CNVS
[16:49:56] [327/445] RMVY
[16:49:57] [328/445] PGBD
[16:49:58] [329/445] KLMS
[16:49:59] [330/445] RUST
[16:50:00] [331/445] MASM
[16:50:01] [332/445] BACS
[16:50:02] [333/445] BWST
[16:50:03] [334/445] RRFH
[16:50:03] [335/445] SJTM
[16:50:04] [336/445] BEMR
[16:50:05] [337/445] MCGR
[16:50:06] [338/445] SDSK
[16:50:07] [339/445] VBOL
[16:50:09] [340/445] RMGM
[16:50:10] [341/445] NOPL
[16:50:11] [342/445] MKJK
[16:50:11] [343/445] CVRN
[16:50:12] [344/445] MMEN
[16:50:13] [345/445] AMNG
[16:50:14] [346/445] INTM
[16:50:14] [347/445] SLCZ
[16:50:15] [348/445] AMJN
[16:50:16] [349/445] ACJN
[16:50:17] [350/445] AMKN
[16:50:18] [351/445] BTCN
[16:50:19] [352/445] AMBT
[16:50:21] [353/445] PACN
[16:50:21] [354/445] LCNS
[16:50:22] [355/445] PPKC
[16:50:24] [356/445] JYYN
[16:50:25] [357/445] JTNR
[16:50:26] [358/445] GTEE
[16:50:27] [359/445] SRNM
[16:50:28] [360/445] SDTC
[16:50:29] [361/445] VPCA
[16:50:30] [362/445] VLRA
[16:50:31] [363/445] SHKR
[16:50:33] [364/445] SBKD
[16:50:34] [365/445] SAAD
[16:50:35] [366/445] JTGN
[16:50:35] [367/445] SLAM
[16:50:36] [368/445] VTPM
[16:50:37] [369/445] ANPT
[16:50:38] [370/445] PUNB
[16:50:39] [371/445] CPKT
[16:50:40] [372/445] CNWE
[16:50:41] [373/445] ECPP
[16:50:41] [374/445] CPAR
[16:50:43] [375/445] ESBW
[16:50:44] [376/445] PKPU
[16:50:45] [377/445] CPRP
[16:50:46] [378/445] RAHU
[16:50:47] [379/445] RHMN
[16:50:48] [380/445] FMJP
[16:50:49] [381/445] CTMP
[16:50:50] [382/445] INPN
[16:50:50] [383/445] STTG
[16:50:51] [384/445] CTRD
[16:50:52] [385/445] PUVB
[16:50:53] [386/445] ESVP
[16:50:53] [387/445] CPFT
[16:50:55] [388/445] LCPC
[16:50:55] [389/445] VBCT
[16:50:56] [390/445] FSCW
[16:50:57] [391/445] VCMP
[16:50:58] [392/445] ASHC
[16:50:58] [393/445] VLCX
[16:50:59] [394/445] SHEV
[16:51:00] [395/445] APCO
[16:51:01] [396/445] SILC
[16:51:01] [397/445] SNMR
[16:51:03] [398/445] KYBO
[16:51:04] [399/445] SATK
[16:51:05] [400/445] SSCS
[16:51:05] [401/445] CLSB
[16:51:07] [402/445] KMJR
[16:51:08] [403/445] FSCK
[16:51:09] [404/445] NNKA
[16:51:11] [405/445] CLMK
[16:51:12] [406/445] DMPZ
[16:51:13] [407/445] INQM
[16:51:14] [408/445] CAML
[16:51:15] [409/445] INRK
[16:51:16] [410/445] IMKN
[16:51:17] [411/445] SVNR
[16:51:18] [412/445] INSL
[16:51:19] [413/445] MSMA
[16:51:20] [414/445] MCKK
[16:51:21] [415/445] FCHP
[16:51:22] [416/445] SFCR
[16:51:23] [417/445] NACK
[16:51:23] [418/445] PVAK
[16:51:24] [419/445] INER
[16:51:25] [420/445] RDBK
[16:51:26] [421/445] SVFN
[16:51:27] [422/445] IFRM
[16:51:28] [423/445] ATCK
[16:51:29] [424/445] ASKO
[16:51:29] [425/445] STKT
[16:51:30] [426/445] SVFB
[16:51:32] [427/445] INKS
[16:51:32] [428/445] PCRA
[16:51:33] [429/445] ATJA
[16:51:35] [430/445] IMJN
[16:51:35] [431/445] INHD
[16:51:36] [432/445] BARA
[16:51:38] [433/445] MCSL
[16:51:39] [434/445] RTOY
[16:51:40] [435/445] MENO
[16:51:41] [436/445] PUDM
[16:51:42] [437/445] PRCN
[16:51:42] [438/445] JMJR
[16:51:43] [439/445] SSGK
[16:51:44] [440/445] SSRL
[16:51:45] [441/445] JYKL
[16:51:46] [442/445] ACNB
[16:51:48] [443/445] SONP
[16:51:48] [444/445] EMCI
[16:51:49] [445/445] MRJH
[16:51:50] 🧹 Deduping shows
[16:51:50] ✅ DONE | Shows=331 | Movies=48
[04:44:33] 🚀 SCRIPT STARTED
[04:44:33] [1/445] TGMR
[04:44:33] 🧠 New identity created
[04:44:34] [2/445] CXKR
[04:44:35] [3/445] SROP
[04:44:36] [4/445] GTSV
[04:44:36] [5/445] SNTY
[04:44:38] [6/445] SMYY
[04:44:39] [7/445] CNCS
[04:44:40] [8/445] CSTM
[04:44:41] [9/445] NUCD
[04:44:41] [10/445] SHCZ
[04:44:42] [11/445] NJCT
[04:44:43] [12/445] COPC
[04:44:44] [13/445] STVV
[04:44:45] [14/445] SKRN
[04:44:46] [15/445] APPZ
[04:44:46] [16/445] YMGN
[04:44:48] [17/445] SVTU
[04:44:49] [18/445] GTAD
[04:44:49] [19/445] PSUS
[04:44:50] [20/445] SMCD
[04:44:51] [21/445] CMCM
[04:44:52] [22/445] SYCT
[04:44:53] [23/445] STLY
[04:44:53] [24/445] CMHU
[04:44:54] [25/445] CMSA
[04:44:55] [26/445] CLCU
[04:44:56] [27/445] PPNT
[04:44:57] [28/445] JTAB
[04:44:58] [29/445] BUUC
[04:44:58] [30/445] BSVK
[04:44:59] [31/445] VVVQ
[04:45:00] [32/445] TKMU
[04:45:02] [33/445] ESYL
[04:45:03] [34/445] ACHP
[04:45:04] [35/445] BTKD
[04:45:05] [36/445] DESA
[04:45:06] [37/445] GBCT
[04:45:07] [38/445] BLLD
[04:45:08] [39/445] SKNT
[04:45:09] [40/445] SSTE
[04:45:10] [41/445] VJMR
[04:45:11] [42/445] NTPU
[04:45:12] [43/445] RDKN
[04:45:13] [44/445] ADGC
[04:45:15] [45/445] VRBP
[04:45:15] [46/445] NMNA
[04:45:16] [47/445] CMMX
[04:45:18] [48/445] PTKO
[04:45:19] [49/445] RBML
[04:45:20] [50/445] SAIC
[04:45:21] [51/445] SVTJ
[04:45:22] [52/445] MRTE
[04:45:23] [53/445] RBTP
[04:45:25] [54/445] NLPS
[04:45:25] [55/445] GTNA
[04:45:26] [56/445] DGGC
[04:45:28] [57/445] SMCR
[04:45:29] [58/445] SCGD
[04:45:30] [59/445] SRRJ
[04:45:30] [60/445] CNRY
[04:45:31] [61/445] KTDI
[04:45:32] [62/445] SNJL
[04:45:33] [63/445] RKMD
[04:45:35] [64/445] SMDC
[04:45:36] [65/445] TADG
[04:45:37] [66/445] MCGS
[04:45:38] [67/445] PETK
[04:45:39] [68/445] CHAG
[04:45:40] [69/445] KSTL
[04:45:41] [70/445] AADS
[04:45:42] [71/445] NTHZ
[04:45:44] [72/445] HCKI
[04:45:44] [73/445] SSEF
[04:45:45] [74/445] MCGX
[04:45:47] [75/445] ERRA
[04:45:48] [76/445] SDTW
[04:45:48] [77/445] RMPK
[04:45:49] [78/445] PTHK
[04:45:50] [79/445] PXCS
[04:45:51] [80/445] SVLU
[04:45:53] [81/445] STAH
[04:45:54] [82/445] JRGF
[04:45:55] [83/445] CDOK
[04:45:55] [84/445] CMSG
[04:45:56] [85/445] APTD
[04:45:57] [86/445] KMPG
[04:45:57] [87/445] MUTJ
[04:45:58] [88/445] VCCI
[04:45:59] [89/445] URBE
[04:46:00] [90/445] TCTS
[04:46:01] [91/445] STSN
[04:46:02] [92/445] AKCH
[04:46:03] [93/445] APSC
[04:46:03] [94/445] VLTB
[04:46:05] [95/445] SANU
[04:46:06] [96/445] AXAM
[04:46:07] [97/445] MGMG
[04:46:08] [98/445] HTBY
[04:46:09] [99/445] MMZS
[04:46:10] [100/445] SUDR
[04:46:11] [101/445] CCAD
[04:46:12] [102/445] SKKC
[04:46:13] [103/445] RMCD
[04:46:14] [104/445] SBCQ
[04:46:15] [105/445] DCCT
[04:46:16] [106/445] VTKP
[04:46:17] [107/445] MLAM
[04:46:18] [108/445] SAVT
[04:46:19] [109/445] GEPL
[04:46:20] [110/445] AMCD
[04:46:20] [111/445] CCXR
[04:46:21] [112/445] GRNG
[04:46:22] [113/445] EBCA
[04:46:23] [114/445] CNVG
[04:46:23] [115/445] MWSS
[04:46:25] [116/445] VBOR
[04:46:26] [117/445] NEEB
[04:46:27] [118/445] SUTH
[04:46:27] [119/445] ANDB
[04:46:28] [120/445] MMXS
[04:46:29] [121/445] CNPD
[04:46:30] [122/445] SDCE
[04:46:31] [123/445] DHCB
[04:46:32] [124/445] ODEN
[04:46:33] [125/445] TNTC
[04:46:34] [126/445] VBKM
[04:46:35] [127/445] RZYM
[04:46:36] [128/445] JEMC
[04:46:36] [129/445] CMAU
[04:46:37] [130/445] SIVP
[04:46:39] [131/445] ATAG
[04:46:40] [132/445] CHTM
[04:46:40] [133/445] AAEE
[04:46:41] [134/445] IWPM
[04:46:42] [135/445] KCMW
[04:46:44] [136/445] MCTD
[04:46:45] [137/445] SPWR
[04:46:45] [138/445] SDPO
[04:46:46] [139/445] PCSK
[04:46:47] [140/445] ACHV
[04:46:48] [141/445] SVLA
[04:46:49] [142/445] PICT
[04:46:50] [143/445] BXDR
[04:46:51] [144/445] SPWA
[04:46:51] [145/445] MCKO
[04:46:52] [146/445] RTHK
[04:46:54] [147/445] CCMF
[04:46:54] [148/445] MRGB
[04:46:55] [149/445] CPLC
[04:46:57] [150/445] RACD
[04:46:58] [151/445] ATKT
[04:46:59] [152/445] SARN
[04:46:59] [153/445] KKUI
[04:47:00] [154/445] RGCM
[04:47:02] [155/445] BRVP
[04:47:03] [156/445] HRSR
[04:47:03] [157/445] GKGM
[04:47:05] [158/445] TTCD
[04:47:06] [159/445] PTTI
[04:47:07] [160/445] MPTT
[04:47:07] [161/445] CVTT
[04:47:09] [162/445] PCXD
[04:47:10] [163/445] GCDC
[04:47:10] [164/445] CCCF
[04:47:12] [165/445] MRAD
[04:47:13] [166/445] CPLK
[04:47:14] [167/445] SATB
[04:47:15] [168/445] SNVG
[04:47:16] [169/445] JMBA
[04:47:17] [170/445] TEJA
[04:47:18] [171/445] STYO
[04:47:19] [172/445] JTBP
[04:47:20] [173/445] KRGD
[04:47:21] [174/445] SLJJ
[04:47:22] [175/445] SPTJ
[04:47:22] [176/445] SWJG
[04:47:23] [177/445] LKRT
[04:47:24] [178/445] KCKA
[04:47:25] [179/445] SNCR
[04:47:26] [180/445] SMKL
[04:47:27] [181/445] GCFA
[04:47:28] [182/445] DDCK
[04:47:30] [183/445] NCHJ
[04:47:31] [184/445] RDMA
[04:47:32] [185/445] SVSV
[04:47:33] [186/445] SCJG
[04:47:33] [187/445] VKLP
[04:47:34] [188/445] NWCC
[04:47:35] [189/445] VKNS
[04:47:36] [190/445] SDDP
[04:47:37] [191/445] ACSI
[04:47:38] [192/445] SATG
[04:47:39] [193/445] SCMW
[04:47:40] [194/445] LKTK
[04:47:41] [195/445] VCKV
[04:47:42] [196/445] KKPE
[04:47:43] [197/445] KIGH
[04:47:44] [198/445] SRPM
[04:47:45] [199/445] SCAH
[04:47:46] [200/445] MUTA
[04:47:47] [201/445] SEPU
[04:47:47] [202/445] INOA
[04:47:49] [203/445] BASK
[04:47:49] [204/445] NECB
[04:47:50] [205/445] GTTG
[04:47:51] [206/445] ASSA
[04:47:52] [207/445] ANCL
[04:47:53] [208/445] GCTI
[04:47:54] [209/445] RCTS
[04:47:55] [210/445] ACNL
[04:47:56] [211/445] MYCT
[04:47:57] [212/445] NMHT
[04:47:57] [213/445] MDIT
[04:47:58] [214/445] LATG
[04:47:59] [215/445] SMTY
[04:48:00] [216/445] CVCT
[04:48:01] [217/445] RAMB
[04:48:02] [218/445] TGMS
[04:48:02] [219/445] BHEL
[04:48:03] [220/445] SHCT
[04:48:04] [221/445] SVCT
[04:48:05] [222/445] MRIY
[04:48:06] [223/445] SARO
[04:48:06] [224/445] STCT
[04:48:07] [225/445] JKKC
[04:48:08] [226/445] PLTT
[04:48:09] [227/445] SRNT
[04:48:10] [228/445] YAST
[04:48:11] [229/445] PERL
[04:48:12] [230/445] CICM
[04:48:13] [231/445] MMTR
[04:48:14] [232/445] ABTK
[04:48:16] [233/445] ATYY
[04:48:16] [234/445] ASTK
[04:48:17] [235/445] VVCK
[04:48:18] [236/445] ATKY
[04:48:19] [237/445] GWEK
[04:48:20] [238/445] SVFH
[04:48:21] [239/445] SLTA
[04:48:21] [240/445] AASH
[04:48:22] [241/445] ACXB
[04:48:23] [242/445] SMTX
[04:48:24] [243/445] AZDH
[04:48:25] [244/445] CMMH
[04:48:25] [245/445] SCSZ
[04:48:26] [246/445] SCKP
[04:48:28] [247/445] NXTM
[04:48:29] [248/445] NWCS
[04:48:29] [249/445] CXMH
[04:48:30] [250/445] PCMA
[04:48:31] [251/445] SGCM
[04:48:32] [252/445] SDTU
[04:48:32] [253/445] MMVI
[04:48:34] [254/445] JKCM
[04:48:35] [255/445] VCMM
[04:48:36] [256/445] SYEE
[04:48:37] [257/445] VASD
[04:48:38] [258/445] BDRB
[04:48:39] [259/445] LASM
[04:48:40] [260/445] DCRL
[04:48:41] [261/445] DVPM
[04:48:42] [262/445] SBMJ
[04:48:42] [263/445] CBMU
[04:48:43] [264/445] IUBS
[04:48:44] [265/445] INAP
[04:48:45] [266/445] SRRC
[04:48:46] [267/445] SAGR
[04:48:46] [268/445] CPMJ
[04:48:47] [269/445] ATJL
[04:48:48] [270/445] NNTD
[04:48:49] [271/445] JHCJ
[04:48:51] [272/445] CMMP
[04:48:52] [273/445] RSDR
[04:48:53] [274/445] AMTI
[04:48:54] [275/445] NYSG
[04:48:55] [276/445] AVSG
[04:48:56] [277/445] SYTP
[04:48:57] [278/445] LARC
[04:48:58] [279/445] RJTP
[04:48:59] [280/445] LAKC
[04:49:00] [281/445] MCXE
[04:49:01] [282/445] CCZC
[04:49:02] [283/445] AVCH
[04:49:03] [284/445] CMBE
[04:49:04] [285/445] MRRC
[04:49:05] [286/445] PCPY
[04:49:06] [287/445] SRMH
[04:49:07] [288/445] SVGS
[04:49:07] [289/445] PCSE
[04:49:08] [290/445] SVFT
[04:49:10] [291/445] TNZP
[04:49:11] [292/445] ICTP
[04:49:11] [293/445] ACTZ
[04:49:12] [294/445] GTUR
[04:49:14] [295/445] MAFC
[04:49:14] [296/445] MINL
[04:49:15] [297/445] MRCL
[04:49:16] [298/445] RCRP
[04:49:17] [299/445] RFFG
[04:49:18] [300/445] RMAS
[04:49:19] [301/445] INVR
[04:49:20] [302/445] RMAR
[04:49:21] [303/445] CNIS
[04:49:21] [304/445] RHRJ
[04:49:22] [305/445] INXR
[04:49:23] [306/445] VALT
[04:49:24] [307/445] LCSH
[04:49:25] [308/445] CMVS
[04:49:26] [309/445] CNMS
[04:49:27] [310/445] ROOG
[04:49:28] [311/445] ISRM
[04:49:29] [312/445] RCRM
[04:49:30] [313/445] ACJA
[04:49:31] [314/445] RCVS
[04:49:32] [315/445] CPUS
[04:49:32] [316/445] TGCS
[04:49:33] [317/445] RKCJ
[04:49:34] [318/445] MKSB
[04:49:35] [319/445] TCSJ
[04:49:36] [320/445] RMGP
[04:49:37] [321/445] CLLP
[04:49:38] [322/445] RCMV
[04:49:38] [323/445] CCKS
[04:49:39] [324/445] RSRP
[04:49:41] [325/445] APLP
[04:49:42] [326/445] CNVS
[04:49:43] [327/445] RMVY
[04:49:44] [328/445] PGBD
[04:49:44] [329/445] KLMS
[04:49:45] [330/445] RUST
[04:49:47] [331/445] MASM
[04:49:48] [332/445] BACS
[04:49:48] [333/445] BWST
[04:49:49] [334/445] RRFH
[04:49:50] [335/445] SJTM
[04:49:51] [336/445] BEMR
[04:49:52] [337/445] MCGR
[04:49:52] [338/445] SDSK
[04:49:53] [339/445] VBOL
[04:49:54] [340/445] RMGM
[04:49:55] [341/445] NOPL
[04:49:56] [342/445] MKJK
[04:49:57] [343/445] CVRN
[04:49:58] [344/445] MMEN
[04:49:59] [345/445] AMNG
[04:50:00] [346/445] INTM
[04:50:01] [347/445] SLCZ
[04:50:02] [348/445] AMJN
[04:50:03] [349/445] ACJN
[04:50:03] [350/445] AMKN
[04:50:05] [351/445] BTCN
[04:50:06] [352/445] AMBT
[04:50:07] [353/445] PACN
[04:50:08] [354/445] LCNS
[04:50:09] [355/445] PPKC
[04:50:10] [356/445] JYYN
[04:50:10] [357/445] JTNR
[04:50:11] [358/445] GTEE
[04:50:13] [359/445] SRNM
[04:50:13] [360/445] SDTC
[04:50:15] [361/445] VPCA
[04:50:16] [362/445] VLRA
[04:50:17] [363/445] SHKR
[04:50:18] [364/445] SBKD
[04:50:19] [365/445] SAAD
[04:50:20] [366/445] JTGN
[04:50:20] [367/445] SLAM
[04:50:21] [368/445] VTPM
[04:50:22] [369/445] ANPT
[04:50:23] [370/445] PUNB
[04:50:24] [371/445] CPKT
[04:50:25] [372/445] CNWE
[04:50:26] [373/445] ECPP
[04:50:26] [374/445] CPAR
[04:50:28] [375/445] ESBW
[04:50:29] [376/445] PKPU
[04:50:31] [377/445] CPRP
[04:50:32] [378/445] RAHU
[04:50:33] [379/445] RHMN
[04:50:33] [380/445] FMJP
[04:50:34] [381/445] CTMP
[04:50:36] [382/445] INPN
[04:50:36] [383/445] STTG
[04:50:37] [384/445] CTRD
[04:50:38] [385/445] PUVB
[04:50:39] [386/445] ESVP
[04:50:40] [387/445] CPFT
[04:50:41] [388/445] LCPC
[04:50:42] [389/445] VBCT
[04:50:43] [390/445] FSCW
[04:50:45] [391/445] VCMP
[04:50:46] [392/445] ASHC
[04:50:47] [393/445] VLCX
[04:50:48] [394/445] SHEV
[04:50:48] [395/445] APCO
[04:50:49] [396/445] SILC
[04:50:50] [397/445] SNMR
[04:50:51] [398/445] KYBO
[04:50:52] [399/445] SATK
[04:50:54] [400/445] SSCS
[04:50:54] [401/445] CLSB
[04:50:55] [402/445] KMJR
[04:50:56] [403/445] FSCK
[04:50:58] [404/445] NNKA
[04:50:59] [405/445] CLMK
[04:51:00] [406/445] DMPZ
[04:51:01] [407/445] INQM
[04:51:02] [408/445] CAML
[04:51:03] [409/445] INRK
[04:51:04] [410/445] IMKN
[04:51:05] [411/445] SVNR
[04:51:06] [412/445] INSL
[04:51:06] [413/445] MSMA
[04:51:07] [414/445] MCKK
[04:51:09] [415/445] FCHP
[04:51:09] [416/445] SFCR
[04:51:10] [417/445] NACK
[04:51:11] [418/445] PVAK
[04:51:12] [419/445] INER
[04:51:13] [420/445] RDBK
[04:51:14] [421/445] SVFN
[04:51:15] [422/445] IFRM
[04:51:16] [423/445] ATCK
[04:51:17] [424/445] ASKO
[04:51:18] [425/445] STKT
[04:51:19] [426/445] SVFB
[04:51:20] [427/445] INKS
[04:51:20] [428/445] PCRA
[04:51:21] [429/445] ATJA
[04:51:22] [430/445] IMJN
[04:51:23] [431/445] INHD
[04:51:24] [432/445] BARA
[04:51:25] [433/445] MCSL
[04:51:26] [434/445] RTOY
[04:51:26] [435/445] MENO
[04:51:27] [436/445] PUDM
[04:51:28] [437/445] PRCN
[04:51:29] [438/445] JMJR
[04:51:30] [439/445] SSGK
[04:51:31] [440/445] SSRL
[04:51:32] [441/445] JYKL
[04:51:33] [442/445] ACNB
[04:51:34] [443/445] SONP
[04:51:34] [444/445] EMCI
[04:51:35] [445/445] MRJH
[04:51:36] 🧹 Deduping shows
[04:51:36] ✅ DONE | Shows=457 | Movies=55
[11:53:32] 🚀 SCRIPT STARTED
[11:53:32] [1/445] TGMR
[11:53:32] 🧠 New identity created
[11:53:33] [2/445] CXKR
[11:53:34] [3/445] SROP
[11:53:35] [4/445] GTSV
[11:53:36] [5/445] SNTY
[11:53:37] [6/445] SMYY
[11:53:38] [7/445] CNCS
[11:53:38] [8/445] CSTM
[11:53:39] [9/445] NUCD
[11:53:40] [10/445] SHCZ
[11:53:41] [11/445] NJCT
[11:53:41] [12/445] COPC
[11:53:42] [13/445] STVV
[11:53:43] [14/445] SKRN
[11:53:44] [15/445] APPZ
[11:53:45] [16/445] YMGN
[11:53:46] [17/445] SVTU
[11:53:47] [18/445] GTAD
[11:53:48] [19/445] PSUS
[11:53:49] [20/445] SMCD
[11:53:50] [21/445] CMCM
[11:53:51] [22/445] SYCT
[11:53:52] [23/445] STLY
[11:53:52] [24/445] CMHU
[11:53:53] [25/445] CMSA
[11:53:54] [26/445] CLCU
[11:53:55] [27/445] PPNT
[11:53:56] [28/445] JTAB
[11:53:57] [29/445] BUUC
[11:53:58] [30/445] BSVK
[11:53:59] [31/445] VVVQ
[11:54:00] [32/445] TKMU
[11:54:01] [33/445] ESYL
[11:54:01] [34/445] ACHP
[11:54:02] [35/445] BTKD
[11:54:04] [36/445] DESA
[11:54:05] [37/445] GBCT
[11:54:05] [38/445] BLLD
[11:54:06] [39/445] SKNT
[11:54:07] [40/445] SSTE
[11:54:08] [41/445] VJMR
[11:54:08] [42/445] NTPU
[11:54:09] [43/445] RDKN
[11:54:11] [44/445] ADGC
[11:54:12] [45/445] VRBP
[11:54:13] [46/445] NMNA
[11:54:13] [47/445] CMMX
[11:54:14] [48/445] PTKO
[11:54:15] [49/445] RBML
[11:54:16] [50/445] SAIC
[11:54:17] [51/445] SVTJ
[11:54:18] [52/445] MRTE
[11:54:18] [53/445] RBTP
[11:54:19] [54/445] NLPS
[11:54:21] [55/445] GTNA
[11:54:22] [56/445] DGGC
[11:54:22] [57/445] SMCR
[11:54:23] [58/445] SCGD
[11:54:24] [59/445] SRRJ
[11:54:25] [60/445] CNRY
[11:54:26] [61/445] KTDI
[11:54:27] [62/445] SNJL
[11:54:27] [63/445] RKMD
[11:54:28] [64/445] SMDC
[11:54:29] [65/445] TADG
[11:54:30] [66/445] MCGS
[11:54:31] [67/445] PETK
[11:54:32] [68/445] CHAG
[11:54:33] [69/445] KSTL
[11:54:34] [70/445] AADS
[11:54:35] [71/445] NTHZ
[11:54:35] [72/445] HCKI
[11:54:36] [73/445] SSEF
[11:54:37] [74/445] MCGX
[11:54:38] [75/445] ERRA
[11:54:39] [76/445] SDTW
[11:54:40] [77/445] RMPK
[11:54:41] [78/445] PTHK
[11:54:41] [79/445] PXCS
[11:54:42] [80/445] SVLU
[11:54:43] [81/445] STAH
[11:54:44] [82/445] JRGF
[11:54:45] [83/445] CDOK
[11:54:46] [84/445] CMSG
[11:54:47] [85/445] APTD
[11:54:48] [86/445] KMPG
[11:54:49] [87/445] MUTJ
[11:54:49] [88/445] VCCI
[11:54:51] [89/445] URBE
[11:54:52] [90/445] TCTS
[11:54:53] [91/445] STSN
[11:54:53] [92/445] AKCH
[11:54:54] [93/445] APSC
[11:54:55] [94/445] VLTB
[11:54:57] [95/445] SANU
[11:54:57] [96/445] AXAM
[11:54:58] [97/445] MGMG
[11:54:59] [98/445] HTBY
[11:55:01] [99/445] MMZS
[11:55:02] [100/445] SUDR
[11:55:03] [101/445] CCAD
[11:55:04] [102/445] SKKC
[11:55:05] [103/445] RMCD
[11:55:07] [104/445] SBCQ
[11:55:07] [105/445] DCCT
[11:55:08] [106/445] VTKP
[11:55:10] [107/445] MLAM
[11:55:11] [108/445] SAVT
[11:55:11] [109/445] GEPL
[11:55:12] [110/445] AMCD
[11:55:13] [111/445] CCXR
[11:55:14] [112/445] GRNG
[11:55:16] [113/445] EBCA
[11:55:16] [114/445] CNVG
[11:55:17] [115/445] MWSS
[11:55:18] [116/445] VBOR
[11:55:19] [117/445] NEEB
[11:55:21] [118/445] SUTH
[11:55:22] [119/445] ANDB
[11:55:22] [120/445] MMXS
[11:55:23] [121/445] CNPD
[11:55:24] [122/445] SDCE
[11:55:25] [123/445] DHCB
[11:55:26] [124/445] ODEN
[11:55:27] [125/445] TNTC
[11:55:27] [126/445] VBKM
[11:55:28] [127/445] RZYM
[11:55:29] [128/445] JEMC
[11:55:31] [129/445] CMAU
[11:55:32] [130/445] SIVP
[11:55:33] [131/445] ATAG
[11:55:35] [132/445] CHTM
[11:55:36] [133/445] AAEE
[11:55:36] [134/445] IWPM
[11:55:37] [135/445] KCMW
[11:55:38] [136/445] MCTD
[11:55:40] [137/445] SPWR
[11:55:41] [138/445] SDPO
[11:55:42] [139/445] PCSK
[11:55:43] [140/445] ACHV
[11:55:43] [141/445] SVLA
[11:55:44] [142/445] PICT
[11:55:45] [143/445] BXDR
[11:55:46] [144/445] SPWA
[11:55:47] [145/445] MCKO
[11:55:48] [146/445] RTHK
[11:55:48] [147/445] CCMF
[11:55:49] [148/445] MRGB
[11:55:50] [149/445] CPLC
[11:55:51] [150/445] RACD
[11:55:51] [151/445] ATKT
[11:55:52] [152/445] SARN
[11:55:53] [153/445] KKUI
[11:55:54] [154/445] RGCM
[11:55:54] [155/445] BRVP
[11:55:55] [156/445] HRSR
[11:55:56] [157/445] GKGM
[11:55:57] [158/445] TTCD
[11:55:59] [159/445] PTTI
[11:56:00] [160/445] MPTT
[11:56:00] [161/445] CVTT
[11:56:01] [162/445] PCXD
[11:56:02] [163/445] GCDC
[11:56:04] [164/445] CCCF
[11:56:05] [165/445] MRAD
[11:56:05] [166/445] CPLK
[11:56:06] [167/445] SATB
[11:56:08] [168/445] SNVG
[11:56:09] [169/445] JMBA
[11:56:10] [170/445] TEJA
[11:56:10] [171/445] STYO
[11:56:11] [172/445] JTBP
[11:56:12] [173/445] KRGD
[11:56:13] [174/445] SLJJ
[11:56:13] [175/445] SPTJ
[11:56:14] [176/445] SWJG
[11:56:15] [177/445] LKRT
[11:56:17] [178/445] KCKA
[11:56:18] [179/445] SNCR
[11:56:18] [180/445] SMKL
[11:56:19] [181/445] GCFA
[11:56:20] [182/445] DDCK
[11:56:21] [183/445] NCHJ
[11:56:22] [184/445] RDMA
[11:56:23] [185/445] SVSV
[11:56:23] [186/445] SCJG
[11:56:24] [187/445] VKLP
[11:56:25] [188/445] NWCC
[11:56:26] [189/445] VKNS
[11:56:26] [190/445] SDDP
[11:56:27] [191/445] ACSI
[11:56:28] [192/445] SATG
[11:56:29] [193/445] SCMW
[11:56:29] [194/445] LKTK
[11:56:30] [195/445] VCKV
[11:56:31] [196/445] KKPE
[11:56:32] [197/445] KIGH
[11:56:33] [198/445] SRPM
[11:56:34] [199/445] SCAH
[11:56:35] [200/445] MUTA
[11:56:36] [201/445] SEPU
[11:56:37] [202/445] INOA
[11:56:38] [203/445] BASK
[11:56:39] [204/445] NECB
[11:56:40] [205/445] GTTG
[11:56:41] [206/445] ASSA
[11:56:42] [207/445] ANCL
[11:56:42] [208/445] GCTI
[11:56:43] [209/445] RCTS
[11:56:44] [210/445] ACNL
[11:56:45] [211/445] MYCT
[11:56:46] [212/445] NMHT
[11:56:47] [213/445] MDIT
[11:56:47] [214/445] LATG
[11:56:49] [215/445] SMTY
[11:56:50] [216/445] CVCT
[11:56:51] [217/445] RAMB
[11:56:52] [218/445] TGMS
[11:56:53] [219/445] BHEL
[11:56:54] [220/445] SHCT
[11:56:55] [221/445] SVCT
[11:56:55] [222/445] MRIY
[11:56:57] [223/445] SARO
[11:56:58] [224/445] STCT
[11:57:00] [225/445] JKKC
[11:57:00] [226/445] PLTT
[11:57:01] [227/445] SRNT
[11:57:02] [228/445] YAST
[11:57:03] [229/445] PERL
[11:57:04] [230/445] CICM
[11:57:05] [231/445] MMTR
[11:57:06] [232/445] ABTK
[11:57:07] [233/445] ATYY
[11:57:07] [234/445] ASTK
[11:57:09] [235/445] VVCK
[11:57:10] [236/445] ATKY
[11:57:11] [237/445] GWEK
[11:57:12] [238/445] SVFH
[11:57:13] [239/445] SLTA
[11:57:14] [240/445] AASH
[11:57:15] [241/445] ACXB
[11:57:15] [242/445] SMTX
[11:57:16] [243/445] AZDH
[11:57:17] [244/445] CMMH
[11:57:18] [245/445] SCSZ
[11:57:19] [246/445] SCKP
[11:57:20] [247/445] NXTM
[11:57:20] [248/445] NWCS
[11:57:21] [249/445] CXMH
[11:57:22] [250/445] PCMA
[11:57:23] [251/445] SGCM
[11:57:24] [252/445] SDTU
[11:57:26] [253/445] MMVI
[11:57:26] [254/445] JKCM
[11:57:27] [255/445] VCMM
[11:57:28] [256/445] SYEE
[11:57:29] [257/445] VASD
[11:57:30] [258/445] BDRB
[11:57:31] [259/445] LASM
[11:57:32] [260/445] DCRL
[11:57:33] [261/445] DVPM
[11:57:34] [262/445] SBMJ
[11:57:35] [263/445] CBMU
[11:57:36] [264/445] IUBS
[11:57:37] [265/445] INAP
[11:57:38] [266/445] SRRC
[11:57:39] [267/445] SAGR
[11:57:40] [268/445] CPMJ
[11:57:41] [269/445] ATJL
[11:57:42] [270/445] NNTD
[11:57:43] [271/445] JHCJ
[11:57:43] [272/445] CMMP
[11:57:44] [273/445] RSDR
[11:57:45] [274/445] AMTI
[11:57:45] [275/445] NYSG
[11:57:46] [276/445] AVSG
[11:57:47] [277/445] SYTP
[11:57:48] [278/445] LARC
[11:57:49] [279/445] RJTP
[11:57:50] [280/445] LAKC
[11:57:51] [281/445] MCXE
[11:57:52] [282/445] CCZC
[11:57:53] [283/445] AVCH
[11:57:54] [284/445] CMBE
[11:57:55] [285/445] MRRC
[11:57:55] [286/445] PCPY
[11:57:56] [287/445] SRMH
[11:57:57] [288/445] SVGS
[11:57:58] [289/445] PCSE
[11:57:59] [290/445] SVFT
[11:58:00] [291/445] TNZP
[11:58:00] [292/445] ICTP
[11:58:01] [293/445] ACTZ
[11:58:02] [294/445] GTUR
[11:58:03] [295/445] MAFC
[11:58:04] [296/445] MINL
[11:58:04] [297/445] MRCL
[11:58:06] [298/445] RCRP
[11:58:07] [299/445] RFFG
[11:58:08] [300/445] RMAS
[11:58:09] [301/445] INVR
[11:58:10] [302/445] RMAR
[11:58:11] [303/445] CNIS
[11:58:13] [304/445] RHRJ
[11:58:14] [305/445] INXR
[11:58:14] [306/445] VALT
[11:58:15] [307/445] LCSH
[11:58:16] [308/445] CMVS
[11:58:17] [309/445] CNMS
[11:58:18] [310/445] ROOG
[11:58:19] [311/445] ISRM
[11:58:20] [312/445] RCRM
[11:58:21] [313/445] ACJA
[11:58:22] [314/445] RCVS
[11:58:22] [315/445] CPUS
[11:58:23] [316/445] TGCS
[11:58:24] [317/445] RKCJ
[11:58:25] [318/445] MKSB
[11:58:25] [319/445] TCSJ
[11:58:26] [320/445] RMGP
[11:58:27] [321/445] CLLP
[11:58:28] [322/445] RCMV
[11:58:28] [323/445] CCKS
[11:58:29] [324/445] RSRP
[11:58:30] [325/445] APLP
[11:58:31] [326/445] CNVS
[11:58:32] [327/445] RMVY
[11:58:33] [328/445] PGBD
[11:58:34] [329/445] KLMS
[11:58:35] [330/445] RUST
[11:58:36] [331/445] MASM
[11:58:37] [332/445] BACS
[11:58:38] [333/445] BWST
[11:58:39] [334/445] RRFH
[11:58:41] [335/445] SJTM
[11:58:41] [336/445] BEMR
[11:58:42] [337/445] MCGR
[11:58:44] [338/445] SDSK
[11:58:45] [339/445] VBOL
[11:58:46] [340/445] RMGM
[11:58:47] [341/445] NOPL
[11:58:48] [342/445] MKJK
[11:58:48] [343/445] CVRN
[11:58:50] [344/445] MMEN
[11:58:51] [345/445] AMNG
[11:58:52] [346/445] INTM
[11:58:53] [347/445] SLCZ
[11:58:53] [348/445] AMJN
[11:58:54] [349/445] ACJN
[11:58:55] [350/445] AMKN
[11:58:56] [351/445] BTCN
[11:58:57] [352/445] AMBT
[11:58:57] [353/445] PACN
[11:58:58] [354/445] LCNS
[11:58:59] [355/445] PPKC
[11:59:00] [356/445] JYYN
[11:59:01] [357/445] JTNR
[11:59:02] [358/445] GTEE
[11:59:03] [359/445] SRNM
[11:59:03] [360/445] SDTC
[11:59:04] [361/445] VPCA
[11:59:05] [362/445] VLRA
[11:59:06] [363/445] SHKR
[11:59:07] [364/445] SBKD
[11:59:08] [365/445] SAAD
[11:59:09] [366/445] JTGN
[11:59:10] [367/445] SLAM
[11:59:11] [368/445] VTPM
[11:59:12] [369/445] ANPT
[11:59:12] [370/445] PUNB
[11:59:13] [371/445] CPKT
[11:59:14] [372/445] CNWE
[11:59:15] [373/445] ECPP
[11:59:16] [374/445] CPAR
[11:59:17] [375/445] ESBW
[11:59:18] [376/445] PKPU
[11:59:18] [377/445] CPRP
[11:59:19] [378/445] RAHU
[11:59:20] [379/445] RHMN
[11:59:21] [380/445] FMJP
[11:59:22] [381/445] CTMP
[11:59:23] [382/445] INPN
[11:59:23] [383/445] STTG
[11:59:24] [384/445] CTRD
[11:59:25] [385/445] PUVB
[11:59:26] [386/445] ESVP
[11:59:27] [387/445] CPFT
[11:59:28] [388/445] LCPC
[11:59:28] [389/445] VBCT
[11:59:30] [390/445] FSCW
[11:59:31] [391/445] VCMP
[11:59:32] [392/445] ASHC
[11:59:33] [393/445] VLCX
[11:59:34] [394/445] SHEV
[11:59:35] [395/445] APCO
[11:59:36] [396/445] SILC
[11:59:37] [397/445] SNMR
[11:59:38] [398/445] KYBO
[11:59:38] [399/445] SATK
[11:59:40] [400/445] SSCS
[11:59:41] [401/445] CLSB
[11:59:42] [402/445] KMJR
[11:59:43] [403/445] FSCK
[11:59:44] [404/445] NNKA
[11:59:45] [405/445] CLMK
[11:59:46] [406/445] DMPZ
[11:59:47] [407/445] INQM
[11:59:48] [408/445] CAML
[11:59:48] [409/445] INRK
[11:59:50] [410/445] IMKN
[11:59:51] [411/445] SVNR
[11:59:52] [412/445] INSL
[11:59:53] [413/445] MSMA
[11:59:54] [414/445] MCKK
[11:59:54] [415/445] FCHP
[11:59:56] [416/445] SFCR
[11:59:57] [417/445] NACK
[11:59:58] [418/445] PVAK
[11:59:59] [419/445] INER
[12:00:00] [420/445] RDBK
[12:00:01] [421/445] SVFN
[12:00:02] [422/445] IFRM
[12:00:02] [423/445] ATCK
[12:00:03] [424/445] ASKO
[12:00:04] [425/445] STKT
[12:00:05] [426/445] SVFB
[12:00:06] [427/445] INKS
[12:00:06] [428/445] PCRA
[12:00:07] [429/445] ATJA
[12:00:08] [430/445] IMJN
[12:00:10] [431/445] INHD
[12:00:10] [432/445] BARA
[12:00:11] [433/445] MCSL
[12:00:12] [434/445] RTOY
[12:00:13] [435/445] MENO
[12:00:14] [436/445] PUDM
[12:00:15] [437/445] PRCN
[12:00:15] [438/445] JMJR
[12:00:16] [439/445] SSGK
[12:00:17] [440/445] SSRL
[12:00:18] [441/445] JYKL
[12:00:19] [442/445] ACNB
[12:00:20] [443/445] SONP
[12:00:21] [444/445] EMCI
[12:00:22] [445/445] MRJH
[12:00:23] 🧹 Deduping shows
[12:00:23] ✅ DONE | Shows=527 | Movies=62
[19:03:56] 🚀 SCRIPT STARTED
[19:03:56] [1/445] TGMR
[19:03:56] 🧠 New identity created
[19:03:57] [2/445] CXKR
[19:03:58] [3/445] SROP
[19:03:59] [4/445] GTSV
[19:04:00] [5/445] SNTY
[19:04:01] [6/445] SMYY
[19:04:02] [7/445] CNCS
[19:04:02] [8/445] CSTM
[19:04:03] [9/445] NUCD
[19:04:04] [10/445] SHCZ
[19:04:05] [11/445] NJCT
[19:04:06] [12/445] COPC
[19:04:07] [13/445] STVV
[19:04:08] [14/445] SKRN
[19:04:09] [15/445] APPZ
[19:04:10] [16/445] YMGN
[19:04:11] [17/445] SVTU
[19:04:12] [18/445] GTAD
[19:04:13] [19/445] PSUS
[19:04:14] [20/445] SMCD
[19:04:15] [21/445] CMCM
[19:04:16] [22/445] SYCT
[19:04:17] [23/445] STLY
[19:04:18] [24/445] CMHU
[19:04:19] [25/445] CMSA
[19:04:20] [26/445] CLCU
[19:04:22] [27/445] PPNT
[19:04:23] [28/445] JTAB
[19:04:23] [29/445] BUUC
[19:04:24] [30/445] BSVK
[19:04:25] [31/445] VVVQ
[19:04:27] [32/445] TKMU
[19:04:28] [33/445] ESYL
[19:04:29] [34/445] ACHP
[19:04:29] [35/445] BTKD
[19:04:30] [36/445] DESA
[19:04:31] [37/445] GBCT
[19:04:32] [38/445] BLLD
[19:04:33] [39/445] SKNT
[19:04:34] [40/445] SSTE
[19:04:35] [41/445] VJMR
[19:04:36] [42/445] NTPU
[19:04:37] [43/445] RDKN
[19:04:38] [44/445] ADGC
[19:04:39] [45/445] VRBP
[19:04:40] [46/445] NMNA
[19:04:41] [47/445] CMMX
[19:04:42] [48/445] PTKO
[19:04:42] [49/445] RBML
[19:04:43] [50/445] SAIC
[19:04:45] [51/445] SVTJ
[19:04:46] [52/445] MRTE
[19:04:47] [53/445] RBTP
[19:04:48] [54/445] NLPS
[19:04:49] [55/445] GTNA
[19:04:50] [56/445] DGGC
[19:04:52] [57/445] SMCR
[19:04:52] [58/445] SCGD
[19:04:53] [59/445] SRRJ
[19:04:54] [60/445] CNRY
[19:04:55] [61/445] KTDI
[19:04:56] [62/445] SNJL
[19:04:57] [63/445] RKMD
[19:04:58] [64/445] SMDC
[19:04:58] [65/445] TADG
[19:04:59] [66/445] MCGS
[19:05:00] [67/445] PETK
[19:05:01] [68/445] CHAG
[19:05:02] [69/445] KSTL
[19:05:03] [70/445] AADS
[19:05:04] [71/445] NTHZ
[19:05:05] [72/445] HCKI
[19:05:07] [73/445] SSEF
[19:05:07] [74/445] MCGX
[19:05:08] [75/445] ERRA
[19:05:09] [76/445] SDTW
[19:05:10] [77/445] RMPK
[19:05:11] [78/445] PTHK
[19:05:11] [79/445] PXCS
[19:05:13] [80/445] SVLU
[19:05:14] [81/445] STAH
[19:05:14] [82/445] JRGF
[19:05:15] [83/445] CDOK
[19:05:16] [84/445] CMSG
[19:05:17] [85/445] APTD
[19:05:17] [86/445] KMPG
[19:05:18] [87/445] MUTJ
[19:05:19] [88/445] VCCI
[19:05:20] [89/445] URBE
[19:05:21] [90/445] TCTS
[19:05:22] [91/445] STSN
[19:05:22] [92/445] AKCH
[19:05:23] [93/445] APSC
[19:05:24] [94/445] VLTB
[19:05:25] [95/445] SANU
[19:05:26] [96/445] AXAM
[19:05:27] [97/445] MGMG
[19:05:28] [98/445] HTBY
[19:05:29] [99/445] MMZS
[19:05:30] [100/445] SUDR
[19:05:31] [101/445] CCAD
[19:05:32] [102/445] SKKC
[19:05:33] [103/445] RMCD
[19:05:33] [104/445] SBCQ
[19:05:34] [105/445] DCCT
[19:05:35] [106/445] VTKP
[19:05:36] [107/445] MLAM
[19:05:38] [108/445] SAVT
[19:05:39] [109/445] GEPL
[19:05:39] [110/445] AMCD
[19:05:41] [111/445] CCXR
[19:05:42] [112/445] GRNG
[19:05:43] [113/445] EBCA
[19:05:43] [114/445] CNVG
[19:05:44] [115/445] MWSS
[19:05:45] [116/445] VBOR
[19:05:46] [117/445] NEEB
[19:05:47] [118/445] SUTH
[19:05:48] [119/445] ANDB
[19:05:49] [120/445] MMXS
[19:05:50] [121/445] CNPD
[19:05:50] [122/445] SDCE
[19:05:51] [123/445] DHCB
[19:05:52] [124/445] ODEN
[19:05:53] [125/445] TNTC
[19:05:54] [126/445] VBKM
[19:05:55] [127/445] RZYM
[19:05:56] [128/445] JEMC
[19:05:57] [129/445] CMAU
[19:05:58] [130/445] SIVP
[19:05:59] [131/445] ATAG
[19:06:00] [132/445] CHTM
[19:06:01] [133/445] AAEE
[19:06:01] [134/445] IWPM
[19:06:02] [135/445] KCMW
[19:06:03] [136/445] MCTD
[19:06:04] [137/445] SPWR
[19:06:05] [138/445] SDPO
[19:06:06] [139/445] PCSK
[19:06:06] [140/445] ACHV
[19:06:07] [141/445] SVLA
[19:06:08] [142/445] PICT
[19:06:08] [143/445] BXDR
[19:06:10] [144/445] SPWA
[19:06:11] [145/445] MCKO
[19:06:12] [146/445] RTHK
[19:06:12] [147/445] CCMF
[19:06:13] [148/445] MRGB
[19:06:14] [149/445] CPLC
[19:06:16] [150/445] RACD
[19:06:17] [151/445] ATKT
[19:06:18] [152/445] SARN
[19:06:19] [153/445] KKUI
[19:06:20] [154/445] RGCM
[19:06:20] [155/445] BRVP
[19:06:21] [156/445] HRSR
[19:06:22] [157/445] GKGM
[19:06:23] [158/445] TTCD
[19:06:24] [159/445] PTTI
[19:06:25] [160/445] MPTT
[19:06:26] [161/445] CVTT
[19:06:27] [162/445] PCXD
[19:06:27] [163/445] GCDC
[19:06:28] [164/445] CCCF
[19:06:29] [165/445] MRAD
[19:06:30] [166/445] CPLK
[19:06:31] [167/445] SATB
[19:06:32] [168/445] SNVG
[19:06:33] [169/445] JMBA
[19:06:34] [170/445] TEJA
[19:06:34] [171/445] STYO
[19:06:35] [172/445] JTBP
[19:06:37] [173/445] KRGD
[19:06:37] [174/445] SLJJ
[19:06:38] [175/445] SPTJ
[19:06:39] [176/445] SWJG
[19:06:40] [177/445] LKRT
[19:06:40] [178/445] KCKA
[19:06:41] [179/445] SNCR
[19:06:42] [180/445] SMKL
[19:06:43] [181/445] GCFA
[19:06:44] [182/445] DDCK
[19:06:45] [183/445] NCHJ
[19:06:46] [184/445] RDMA
[19:06:47] [185/445] SVSV
[19:06:48] [186/445] SCJG
[19:06:49] [187/445] VKLP
[19:06:49] [188/445] NWCC
[19:06:50] [189/445] VKNS
[19:06:51] [190/445] SDDP
[19:06:52] [191/445] ACSI
[19:06:53] [192/445] SATG
[19:06:53] [193/445] SCMW
[19:06:54] [194/445] LKTK
[19:06:55] [195/445] VCKV
[19:06:56] [196/445] KKPE
[19:06:57] [197/445] KIGH
[19:06:58] [198/445] SRPM
[19:06:59] [199/445] SCAH
[19:07:00] [200/445] MUTA
[19:07:01] [201/445] SEPU
[19:07:01] [202/445] INOA
[19:07:02] [203/445] BASK
[19:07:03] [204/445] NECB
[19:07:04] [205/445] GTTG
[19:07:05] [206/445] ASSA
[19:07:06] [207/445] ANCL
[19:07:07] [208/445] GCTI
[19:07:08] [209/445] RCTS
[19:07:09] [210/445] ACNL
[19:07:10] [211/445] MYCT
[19:07:10] [212/445] NMHT
[19:07:12] [213/445] MDIT
[19:07:13] [214/445] LATG
[19:07:14] [215/445] SMTY
[19:07:15] [216/445] CVCT
[19:07:16] [217/445] RAMB
[19:07:16] [218/445] TGMS
[19:07:17] [219/445] BHEL
[19:07:19] [220/445] SHCT
[19:07:20] [221/445] SVCT
[19:07:21] [222/445] MRIY
[19:07:22] [223/445] SARO
[19:07:23] [224/445] STCT
[19:07:24] [225/445] JKKC
[19:07:25] [226/445] PLTT
[19:07:26] [227/445] SRNT
[19:07:27] [228/445] YAST
[19:07:27] [229/445] PERL
[19:07:28] [230/445] CICM
[19:07:29] [231/445] MMTR
[19:07:30] [232/445] ABTK
[19:07:31] [233/445] ATYY
[19:07:32] [234/445] ASTK
[19:07:32] [235/445] VVCK
[19:07:33] [236/445] ATKY
[19:07:34] [237/445] GWEK
[19:07:36] [238/445] SVFH
[19:07:36] [239/445] SLTA
[19:07:37] [240/445] AASH
[19:07:38] [241/445] ACXB
[19:07:39] [242/445] SMTX
[19:07:40] [243/445] AZDH
[19:07:41] [244/445] CMMH
[19:07:42] [245/445] SCSZ
[19:07:43] [246/445] SCKP
[19:07:44] [247/445] NXTM
[19:07:45] [248/445] NWCS
[19:07:45] [249/445] CXMH
[19:07:46] [250/445] PCMA
[19:07:47] [251/445] SGCM
[19:07:48] [252/445] SDTU
[19:07:49] [253/445] MMVI
[19:07:50] [254/445] JKCM
[19:07:51] [255/445] VCMM
[19:07:52] [256/445] SYEE
[19:07:53] [257/445] VASD
[19:07:55] [258/445] BDRB
[19:07:55] [259/445] LASM
[19:07:56] [260/445] DCRL
[19:07:57] [261/445] DVPM
[19:07:58] [262/445] SBMJ
[19:07:59] [263/445] CBMU
[19:08:00] [264/445] IUBS
[19:08:00] [265/445] INAP
[19:08:01] [266/445] SRRC
[19:08:02] [267/445] SAGR
[19:08:03] [268/445] CPMJ
[19:08:04] [269/445] ATJL
[19:08:05] [270/445] NNTD
[19:08:06] [271/445] JHCJ
[19:08:07] [272/445] CMMP
[19:08:08] [273/445] RSDR
[19:08:09] [274/445] AMTI
[19:08:10] [275/445] NYSG
[19:08:10] [276/445] AVSG
[19:08:12] [277/445] SYTP
[19:08:13] [278/445] LARC
[19:08:15] [279/445] RJTP
[19:08:15] [280/445] LAKC
[19:08:16] [281/445] MCXE
[19:08:17] [282/445] CCZC
[19:08:18] [283/445] AVCH
[19:08:19] [284/445] CMBE
[19:08:20] [285/445] MRRC
[19:08:21] [286/445] PCPY
[19:08:22] [287/445] SRMH
[19:08:24] [288/445] SVGS
[19:08:25] [289/445] PCSE
[19:08:26] [290/445] SVFT
[19:08:27] [291/445] TNZP
[19:08:28] [292/445] ICTP
[19:08:28] [293/445] ACTZ
[19:08:29] [294/445] GTUR
[19:08:30] [295/445] MAFC
[19:08:31] [296/445] MINL
[19:08:32] [297/445] MRCL
[19:08:32] [298/445] RCRP
[19:08:33] [299/445] RFFG
[19:08:34] [300/445] RMAS
[19:08:35] [301/445] INVR
[19:08:36] [302/445] RMAR
[19:08:37] [303/445] CNIS
[19:08:39] [304/445] RHRJ
[19:08:40] [305/445] INXR
[19:08:41] [306/445] VALT
[19:08:42] [307/445] LCSH
[19:08:42] [308/445] CMVS
[19:08:43] [309/445] CNMS
[19:08:44] [310/445] ROOG
[19:08:45] [311/445] ISRM
[19:08:46] [312/445] RCRM
[19:08:47] [313/445] ACJA
[19:08:48] [314/445] RCVS
[19:08:48] [315/445] CPUS
[19:08:49] [316/445] TGCS
[19:08:50] [317/445] RKCJ
[19:08:51] [318/445] MKSB
[19:08:52] [319/445] TCSJ
[19:08:53] [320/445] RMGP
[19:08:54] [321/445] CLLP
[19:08:55] [322/445] RCMV
[19:08:56] [323/445] CCKS
[19:08:57] [324/445] RSRP
[19:08:57] [325/445] APLP
[19:08:58] [326/445] CNVS
[19:08:59] [327/445] RMVY
[19:09:00] [328/445] PGBD
[19:09:01] [329/445] KLMS
[19:09:02] [330/445] RUST
[19:09:03] [331/445] MASM
[19:09:04] [332/445] BACS
[19:09:05] [333/445] BWST
[19:09:06] [334/445] RRFH
[19:09:08] [335/445] SJTM
[19:09:09] [336/445] BEMR
[19:09:10] [337/445] MCGR
[19:09:11] [338/445] SDSK
[19:09:12] [339/445] VBOL
[19:09:12] [340/445] RMGM
[19:09:13] [341/445] NOPL
[19:09:14] [342/445] MKJK
[19:09:15] [343/445] CVRN
[19:09:15] [344/445] MMEN
[19:09:16] [345/445] AMNG
[19:09:17] [346/445] INTM
[19:09:18] [347/445] SLCZ
[19:09:19] [348/445] AMJN
[19:09:19] [349/445] ACJN
[19:09:20] [350/445] AMKN
[19:09:21] [351/445] BTCN
[19:09:22] [352/445] AMBT
[19:09:23] [353/445] PACN
[19:09:24] [354/445] LCNS
[19:09:25] [355/445] PPKC
[19:09:26] [356/445] JYYN
[19:09:27] [357/445] JTNR
[19:09:27] [358/445] GTEE
[19:09:28] [359/445] SRNM
[19:09:29] [360/445] SDTC
[19:09:30] [361/445] VPCA
[19:09:31] [362/445] VLRA
[19:09:32] [363/445] SHKR
[19:09:33] [364/445] SBKD
[19:09:34] [365/445] SAAD
[19:09:35] [366/445] JTGN
[19:09:35] [367/445] SLAM
[19:09:36] [368/445] VTPM
[19:09:37] [369/445] ANPT
[19:09:38] [370/445] PUNB
[19:09:39] [371/445] CPKT
[19:09:40] [372/445] CNWE
[19:09:41] [373/445] ECPP
[19:09:42] [374/445] CPAR
[19:09:43] [375/445] ESBW
[19:09:44] [376/445] PKPU
[19:09:45] [377/445] CPRP
[19:09:46] [378/445] RAHU
[19:09:46] [379/445] RHMN
[19:09:47] [380/445] FMJP
[19:09:48] [381/445] CTMP
[19:09:49] [382/445] INPN
[19:09:50] [383/445] STTG
[19:09:51] [384/445] CTRD
[19:09:53] [385/445] PUVB
[19:09:54] [386/445] ESVP
[19:09:55] [387/445] CPFT
[19:09:56] [388/445] LCPC
[19:09:57] [389/445] VBCT
[19:09:58] [390/445] FSCW
[19:09:59] [391/445] VCMP
[19:10:00] [392/445] ASHC
[19:10:01] [393/445] VLCX
[19:10:02] [394/445] SHEV
[19:10:03] [395/445] APCO
[19:10:03] [396/445] SILC
[19:10:04] [397/445] SNMR
[19:10:05] [398/445] KYBO
[19:10:07] [399/445] SATK
[19:10:08] [400/445] SSCS
[19:10:09] [401/445] CLSB
[19:10:10] [402/445] KMJR
[19:10:11] [403/445] FSCK
[19:10:11] [404/445] NNKA
[19:10:12] [405/445] CLMK
[19:10:13] [406/445] DMPZ
[19:10:13] [407/445] INQM
[19:10:14] [408/445] CAML
[19:10:15] [409/445] INRK
[19:10:16] [410/445] IMKN
[19:10:17] [411/445] SVNR
[19:10:18] [412/445] INSL
[19:10:19] [413/445] MSMA
[19:10:19] [414/445] MCKK
[19:10:20] [415/445] FCHP
[19:10:21] [416/445] SFCR
[19:10:22] [417/445] NACK
[19:10:23] [418/445] PVAK
[19:10:23] [419/445] INER
[19:10:24] [420/445] RDBK
[19:10:25] [421/445] SVFN
[19:10:26] [422/445] IFRM
[19:10:27] [423/445] ATCK
[19:10:27] [424/445] ASKO
[19:10:28] [425/445] STKT
[19:10:29] [426/445] SVFB
[19:10:30] [427/445] INKS
[19:10:31] [428/445] PCRA
[19:10:32] [429/445] ATJA
[19:10:33] [430/445] IMJN
[19:10:34] [431/445] INHD
[19:10:35] [432/445] BARA
[19:10:36] [433/445] MCSL
[19:10:38] [434/445] RTOY
[19:10:39] [435/445] MENO
[19:10:40] [436/445] PUDM
[19:10:41] [437/445] PRCN
[19:10:41] [438/445] JMJR
[19:10:42] [439/445] SSGK
[19:10:43] [440/445] SSRL
[19:10:44] [441/445] JYKL
[19:10:44] [442/445] ACNB
[19:10:45] [443/445] SONP
[19:10:46] [444/445] EMCI
[19:10:47] [445/445] MRJH
[19:10:48] 🧹 Deduping shows
[19:10:48] ✅ DONE | Shows=553 | Movies=64
