[10:04:51] 🚀 SCRIPT STARTED
[10:04:51] [1/459] FNDB
[10:04:51] 🧠 New identity created
[10:04:52] [2/459] AMBH
[10:04:52] [3/459] PRHN
[10:04:53] [4/459] ACPM
[10:04:54] [5/459] PVFS
[10:04:54] [6/459] AACN
[10:04:55] [7/459] ACAS
[10:04:55] [8/459] CTNR
[10:04:56] [9/459] MMAH
[10:04:57] [10/459] CPMH
[10:04:57] [11/459] IGMH
[10:04:58] [12/459] ABCS
[10:04:58] [13/459] CMMA
[10:04:59] [14/459] GPRH
[10:05:00] [15/459] PNNG
[10:05:00] [16/459] AMCA
[10:05:01] [17/459] ISTN
[10:05:01] [18/459] PIIC
[10:05:02] [19/459] AHMH
[10:05:03] [20/459] ASHN
[10:05:03] [21/459] INHY
[10:05:04] [22/459] SRMO
[10:05:04] [23/459] PIMH
[10:05:05] [24/459] PVTS
[10:05:05] [25/459] MMCA
[10:05:06] [26/459] AKYJ
[10:05:06] [27/459] BRKH
[10:05:07] [28/459] MAHM
[10:05:07] [29/459] CPHY
[10:05:08] [30/459] PVTP
[10:05:08] [31/459] SMMR
[10:05:09] [32/459] PVHM
[10:05:09] [33/459] SNDY
[10:05:10] [34/459] GOKU
[10:05:10] [35/459] ACEV
[10:05:11] [36/459] PVUM
[10:05:12] [37/459] VSWA
[10:05:12] [38/459] IPRS
[10:05:13] [39/459] ASGN
[10:05:14] [40/459] BKMV
[10:05:14] [41/459] PVYH
[10:05:15] [42/459] INKM
[10:05:15] [43/459] ARJU
[10:05:16] [44/459] JJPP
[10:05:17] [45/459] SSRM
[10:05:17] [46/459] HMHD
[10:05:18] [47/459] SNKH
[10:05:19] [48/459] ACHI
[10:05:19] [49/459] MRAA
[10:05:20] [50/459] INMH
[10:05:20] [51/459] ARMH
[10:05:21] [52/459] DVRR
[10:05:21] [53/459] SUDA
[10:05:22] [54/459] MCSS
[10:05:23] [55/459] VRKC
[10:05:23] [56/459] PRCX
[10:05:24] [57/459] ASJY
[10:05:24] [58/459] MTHY
[10:05:25] [59/459] SRCM
[10:05:26] [60/459] TVHY
[10:05:26] [61/459] STHD
[10:05:27] [62/459] CPCL
[10:05:27] [63/459] PSMJ
[10:05:28] [64/459] MRGT
[10:05:29] [65/459] ARYH
[10:05:29] [66/459] VTRB
[10:05:30] [67/459] SCHC
[10:05:30] [68/459] MRRG
[10:05:31] [69/459] SPCB
[10:05:32] [70/459] AMCM
[10:05:32] [71/459] IVNM
[10:05:33] [72/459] TRHY
[10:05:33] [73/459] PTTH
[10:05:34] [74/459] RKMH
[10:05:34] [75/459] PRCS
[10:05:35] [76/459] VAJA
[10:05:35] [77/459] BJNG
[10:05:36] [78/459] SCVM
[10:05:36] [79/459] GNHB
[10:05:37] [80/459] TLUR
[10:05:37] [81/459] UKCC
[10:05:38] [82/459] SRKR
[10:05:38] [83/459] RMKN
[10:05:39] [84/459] SLRT
[10:05:39] [85/459] LKMT
[10:05:40] [86/459] SSRJ
[10:05:40] [87/459] SPHT
[10:05:41] [88/459] ANTT
[10:05:41] [89/459] SRCH
[10:05:42] [90/459] SRCA
[10:05:43] [91/459] ARTH
[10:05:43] [92/459] MCBH
[10:05:44] [93/459] SNIB
[10:05:44] [94/459] SART
[10:05:45] [95/459] SKTA
[10:05:45] [96/459] YAKT
[10:05:46] [97/459] MLCK
[10:05:47] [98/459] ANTS
[10:05:47] [99/459] DGCA
[10:05:48] [100/459] SGMP
[10:05:48] [101/459] ASWN
[10:05:49] [102/459] KFVU
[10:05:50] [103/459] POOR
[10:05:50] [104/459] GKDN
[10:05:51] [105/459] EOSE
[10:05:51] [106/459] GTTT
[10:05:52] [107/459] ARRO
[10:05:52] [108/459] CMMK
[10:05:53] [109/459] MSCN
[10:05:54] [110/459] GDKH
[10:05:54] [111/459] DLMT
[10:05:55] [112/459] PVMF
[10:05:56] [113/459] CPCK
[10:05:56] [114/459] VMHE
[10:05:57] [115/459] PVLC
[10:05:57] [116/459] PCVB
[10:05:58] [117/459] SNYK
[10:05:59] [118/459] KTEK
[10:05:59] [119/459] PCNM
[10:06:00] [120/459] NTTR
[10:06:00] [121/459] CPSK
[10:06:01] [122/459] JMMA
[10:06:01] [123/459] GCFK
[10:06:02] [124/459] MYCA
[10:06:03] [125/459] KSNP
[10:06:03] [126/459] PMCE
[10:06:04] [127/459] SCKI
[10:06:04] [128/459] FSMA
[10:06:05] [129/459] CETA
[10:06:06] [130/459] MCIK
[10:06:06] [131/459] MYCR
[10:06:07] [132/459] EVMP
[10:06:07] [133/459] SSGT
[10:06:08] [134/459] KCTK
[10:06:08] [135/459] ZTKC
[10:06:09] [136/459] MMTA
[10:06:09] [137/459] MAJT
[10:06:10] [138/459] ACPK
[10:06:11] [139/459] JMAX
[10:06:11] [140/459] SETK
[10:06:12] [141/459] CAIS
[10:06:12] [142/459] AGCD
[10:06:13] [143/459] URCL
[10:06:14] [144/459] VTDS
[10:06:14] [145/459] JCNM
[10:06:15] [146/459] KCAM
[10:06:15] [147/459] ADCU
[10:06:16] [148/459] GXYN
[10:06:16] [149/459] SMJG
[10:06:17] [150/459] EYCJ
[10:06:18] [151/459] CCEJ
[10:06:18] [152/459] MARS
[10:06:19] [153/459] CPVJ
[10:06:19] [154/459] INVP
[10:06:20] [155/459] CPOV
[10:06:20] [156/459] VIJK
[10:06:21] [157/459] LAIM
[10:06:22] [158/459] STHV
[10:06:22] [159/459] SVLJ
[10:06:23] [160/459] ATVJ
[10:06:24] [161/459] JTSC
[10:06:24] [162/459] RMTV
[10:06:25] [163/459] MGGG
[10:06:25] [164/459] SWTH
[10:06:26] [165/459] INVJ
[10:06:27] [166/459] PRSV
[10:06:27] [167/459] JATV
[10:06:28] [168/459] RCVD
[10:06:28] [169/459] BDMA
[10:06:29] [170/459] BLJI
[10:06:29] [171/459] SWOT
[10:06:30] [172/459] SWRN
[10:06:31] [173/459] TVRA
[10:06:31] [174/459] VCSV
[10:06:32] [175/459] NVRN
[10:06:33] [176/459] SIKC
[10:06:33] [177/459] VAKR
[10:06:34] [178/459] SYLN
[10:06:34] [179/459] KLJL
[10:06:35] [180/459] LKMY
[10:06:35] [181/459] VSLY
[10:06:36] [182/459] CIKO
[10:06:37] [183/459] GPBG
[10:06:37] [184/459] CECM
[10:06:38] [185/459] SLKB
[10:06:38] [186/459] MTBO
[10:06:39] [187/459] SSHB
[10:06:40] [188/459] VPCS
[10:06:40] [189/459] RCSR
[10:06:41] [190/459] RJRM
[10:06:41] [191/459] KPPB
[10:06:42] [192/459] SEDC
[10:06:42] [193/459] SCAI
[10:06:43] [194/459] RMTR
[10:06:43] [195/459] ASST
[10:06:44] [196/459] GCAK
[10:06:44] [197/459] ANNK
[10:06:45] [198/459] KDDF
[10:06:45] [199/459] NRDP
[10:06:46] [200/459] PLAK
[10:06:47] [201/459] GCMC
[10:06:47] [202/459] ALPY
[10:06:48] [203/459] SICE
[10:06:49] [204/459] SISR
[10:06:49] [205/459] SRPZ
[10:06:50] [206/459] SRSW
[10:06:50] [207/459] SUYA
[10:06:51] [208/459] AMMT
[10:06:51] [209/459] BHCU
[10:06:52] [210/459] KLPA
[10:06:52] [211/459] NVKH
[10:06:53] [212/459] JMRC
[10:06:53] [213/459] KTTT
[10:06:54] [214/459] MAGH
[10:06:54] [215/459] MMMX
[10:06:55] [216/459] SALJ
[10:06:55] [217/459] GTJA
[10:06:56] [218/459] MAHT
[10:06:56] [219/459] SSNN
[10:06:57] [220/459] ARRP
[10:06:58] [221/459] ATNS
[10:06:58] [222/459] SKDT
[10:06:59] [223/459] ACAT
[10:07:00] [224/459] APRC
[10:07:00] [225/459] SWAG
[10:07:01] [226/459] SDPT
[10:07:01] [227/459] STPS
[10:07:02] [228/459] WWCZ
[10:07:02] [229/459] LLCH
[10:07:03] [230/459] MZHA
[10:07:04] [231/459] CRJG
[10:07:04] [232/459] JGTK
[10:07:05] [233/459] KCSR
[10:07:05] [234/459] CHTL
[10:07:06] [235/459] EDSR
[10:07:06] [236/459] CSWO
[10:07:07] [237/459] CPVM
[10:07:08] [238/459] MXBY
[10:07:08] [239/459] FMMA
[10:07:09] [240/459] POVI
[10:07:09] [241/459] MTHB
[10:07:10] [242/459] INRC
[10:07:11] [243/459] PIPP
[10:07:11] [244/459] BMXC
[10:07:12] [245/459] PCMM
[10:07:12] [246/459] PMKM
[10:07:13] [247/459] GATY
[10:07:14] [248/459] IMCM
[10:07:14] [249/459] POPE
[10:07:15] [250/459] MTCR
[10:07:15] [251/459] PVAE
[10:07:16] [252/459] PVMI
[10:07:17] [253/459] CPNM
[10:07:17] [254/459] FMRL
[10:07:18] [255/459] MCIW
[10:07:18] [256/459] MXBO
[10:07:19] [257/459] FMKY
[10:07:19] [258/459] FMDA
[10:07:20] [259/459] THAB
[10:07:20] [260/459] PRCW
[10:07:21] [261/459] PITI
[10:07:22] [262/459] MCFF
[10:07:22] [263/459] PDDV
[10:07:23] [264/459] MCRM
[10:07:23] [265/459] KKMB
[10:07:24] [266/459] INKO
[10:07:25] [267/459] PLXP
[10:07:25] [268/459] MMHA
[10:07:26] [269/459] FMVS
[10:07:26] [270/459] POLM
[10:07:27] [271/459] STER
[10:07:28] [272/459] PVWJ
[10:07:28] [273/459] IMJW
[10:07:29] [274/459] FNAN
[10:07:29] [275/459] CAGL
[10:07:30] [276/459] IPBG
[10:07:30] [277/459] SMFV
[10:07:31] [278/459] MMMR
[10:07:31] [279/459] MMWM
[10:07:32] [280/459] FNCM
[10:07:32] [281/459] MDVA
[10:07:33] [282/459] MMET
[10:07:33] [283/459] MIDO
[10:07:34] [284/459] INNP
[10:07:35] [285/459] MIFU
[10:07:35] [286/459] MMSZ
[10:07:36] [287/459] BMXA
[10:07:36] [288/459] MCAA
[10:07:37] [289/459] SCVP
[10:07:38] [290/459] PLUS
[10:07:38] [291/459] MUCK
[10:07:39] [292/459] MTMA
[10:07:40] [293/459] HPVR
[10:07:40] [294/459] PMPK
[10:07:41] [295/459] MAJB
[10:07:41] [296/459] CTRR
[10:07:42] [297/459] MCTG
[10:07:42] [298/459] MACE
[10:07:43] [299/459] AAAS
[10:07:44] [300/459] CPVV
[10:07:44] [301/459] RCHG
[10:07:44] [302/459] MCNE
[10:07:45] [303/459] EMNC
[10:07:45] [304/459] MCAN
[10:07:46] [305/459] TCDM
[10:07:46] [306/459] IRGT
[10:07:47] [307/459] GCMG
[10:07:47] [308/459] MXSN
[10:07:48] [309/459] MXCK
[10:07:49] [310/459] MCRC
[10:07:49] [311/459] RSMI
[10:07:50] [312/459] WAML
[10:07:50] [313/459] MTSC
[10:07:51] [314/459] FMDR
[10:07:52] [315/459] LEPV
[10:07:52] [316/459] MTGD
[10:07:53] [317/459] IMOB
[10:07:53] [318/459] CLMM
[10:07:54] [319/459] PZCD
[10:07:54] [320/459] GOCS
[10:07:55] [321/459] KCMA
[10:07:56] [322/459] CCMP
[10:07:56] [323/459] MTSU
[10:07:57] [324/459] SNGL
[10:07:57] [325/459] MMMC
[10:07:57] [326/459] MMAA
[10:07:58] [327/459] GCDM
[10:07:59] [328/459] KTMV
[10:07:59] [329/459] AETE
[10:07:59] [330/459] OMCS
[10:08:00] [331/459] GDCD
[10:08:01] [332/459] NYMD
[10:08:01] [333/459] RNCV
[10:08:02] [334/459] KKMT
[10:08:02] [335/459] GDTH
[10:08:03] [336/459] KMMV
[10:08:04] [337/459] NHCG
[10:08:04] [338/459] PJDW
[10:08:05] [339/459] MMCV
[10:08:05] [340/459] FQSA
[10:08:05] [341/459] KURL
[10:08:06] [342/459] NNNX
[10:08:06] [343/459] AMAU
[10:08:07] [344/459] VVVM
[10:08:07] [345/459] VECU
[10:08:08] [346/459] WCVR
[10:08:08] [347/459] MTGG
[10:08:09] [348/459] SGTG
[10:08:10] [349/459] MNTG
[10:08:10] [350/459] JDDG
[10:08:11] [351/459] MBTK
[10:08:11] [352/459] SGCD
[10:08:12] [353/459] MCTC
[10:08:12] [354/459] JTPC
[10:08:13] [355/459] SDKT
[10:08:14] [356/459] KRCC
[10:08:14] [357/459] RMMD
[10:08:15] [358/459] AAME
[10:08:15] [359/459] TMWC
[10:08:16] [360/459] NRWY
[10:08:16] [361/459] CITD
[10:08:17] [362/459] VERD
[10:08:18] [363/459] MKSK
[10:08:18] [364/459] STSM
[10:08:18] [365/459] MJDG
[10:08:19] [366/459] RKPM
[10:08:20] [367/459] SSCE
[10:08:20] [368/459] VMAE
[10:08:20] [369/459] SBRU
[10:08:21] [370/459] AMBC
[10:08:22] [371/459] AMLU
[10:08:22] [372/459] INVZ
[10:08:23] [373/459] LGTV
[10:08:23] [374/459] SVAD
[10:08:24] [375/459] SMSA
[10:08:24] [376/459] SPCZ
[10:08:25] [377/459] GTCX
[10:08:25] [378/459] SCSL
[10:08:26] [379/459] SAHU
[10:08:27] [380/459] NCDA
[10:08:27] [381/459] SCCG
[10:08:28] [382/459] VKTL
[10:08:28] [383/459] PUUJ
[10:08:29] [384/459] STEJ
[10:08:29] [385/459] RJAL
[10:08:30] [386/459] ACJC
[10:08:30] [387/459] VTHC
[10:08:31] [388/459] ARVB
[10:08:31] [389/459] AUBB
[10:08:32] [390/459] GDBR
[10:08:32] [391/459] PVND
[10:08:33] [392/459] BGRJ
[10:08:34] [393/459] RJMM
[10:08:34] [394/459] MCSA
[10:08:35] [395/459] BODA
[10:08:35] [396/459] JAGG
[10:08:36] [397/459] SCGA
[10:08:36] [398/459] LRCM
[10:08:37] [399/459] CPCN
[10:08:37] [400/459] SSTF
[10:08:38] [401/459] SRXP
[10:08:38] [402/459] CNFX
[10:08:39] [403/459] ANDI
[10:08:40] [404/459] SYEW
[10:08:40] [405/459] RCRE
[10:08:41] [406/459] SCRW
[10:08:41] [407/459] MBKR
[10:08:42] [408/459] ASNT
[10:08:43] [409/459] JTMT
[10:08:43] [410/459] SHAY
[10:08:44] [411/459] VRTH
[10:08:44] [412/459] SPTI
[10:08:45] [413/459] DPTD
[10:08:46] [414/459] TGSN
[10:08:46] [415/459] RCWV
[10:08:47] [416/459] OCUR
[10:08:47] [417/459] KSTC
[10:08:48] [418/459] SANI
[10:08:48] [419/459] MLCA
[10:08:49] [420/459] EGCA
[10:08:49] [421/459] SYSN
[10:08:50] [422/459] PKTA
[10:08:50] [423/459] PRCC
[10:08:51] [424/459] KSTR
[10:08:51] [425/459] SNTP
[10:08:52] [426/459] RCHA
[10:08:52] [427/459] SEEA
[10:08:53] [428/459] ALAT
[10:08:54] [429/459] AATV
[10:08:54] [430/459] RJTE
[10:08:55] [431/459] AAPP
[10:08:55] [432/459] PMMH
[10:08:56] [433/459] INRJ
[10:08:57] [434/459] SARB
[10:08:57] [435/459] PCJL
[10:08:57] [436/459] PFJJ
[10:08:58] [437/459] GRDC
[10:08:58] [438/459] BCBA
[10:08:59] [439/459] VIXL
[10:08:59] [440/459] CSTL
[10:09:00] [441/459] MTDK
[10:09:01] [442/459] TDAC
[10:09:01] [443/459] GTDN
[10:09:02] [444/459] TTDE
[10:09:02] [445/459] ASTS
[10:09:03] [446/459] CPNS
[10:09:03] [447/459] PVVW
[10:09:04] [448/459] USEB
[10:09:05] [449/459] DTYN
[10:09:05] [450/459] PVLE
[10:09:06] [451/459] CIPS
[10:09:06] [452/459] PAEG
[10:09:07] [453/459] PTCW
[10:09:08] [454/459] G3SR
[10:09:08] [455/459] PGND
[10:09:09] [456/459] INVM
[10:09:09] [457/459] SPIA
[10:09:10] [458/459] PCSN
[10:09:11] [459/459] PPGV
[10:09:11] 🧹 Deduping shows
[10:09:11] ✅ DONE | Shows=158 | Movies=25
[16:49:12] 🚀 SCRIPT STARTED
[16:49:12] [1/459] FNDB
[16:49:12] 🧠 New identity created
[16:49:13] [2/459] AMBH
[16:49:14] [3/459] PRHN
[16:49:15] [4/459] ACPM
[16:49:16] [5/459] PVFS
[16:49:17] [6/459] AACN
[16:49:18] [7/459] ACAS
[16:49:18] [8/459] CTNR
[16:49:19] [9/459] MMAH
[16:49:20] [10/459] CPMH
[16:49:21] [11/459] IGMH
[16:49:22] [12/459] ABCS
[16:49:23] [13/459] CMMA
[16:49:23] [14/459] GPRH
[16:49:24] [15/459] PNNG
[16:49:25] [16/459] AMCA
[16:49:26] [17/459] ISTN
[16:49:27] [18/459] PIIC
[16:49:28] [19/459] AHMH
[16:49:30] [20/459] ASHN
[16:49:30] [21/459] INHY
[16:49:31] [22/459] SRMO
[16:49:32] [23/459] PIMH
[16:49:33] [24/459] PVTS
[16:49:34] [25/459] MMCA
[16:49:35] [26/459] AKYJ
[16:49:35] [27/459] BRKH
[16:49:36] [28/459] MAHM
[16:49:37] [29/459] CPHY
[16:49:38] [30/459] PVTP
[16:49:39] [31/459] SMMR
[16:49:40] [32/459] PVHM
[16:49:40] [33/459] SNDY
[16:49:41] [34/459] GOKU
[16:49:42] [35/459] ACEV
[16:49:43] [36/459] PVUM
[16:49:44] [37/459] VSWA
[16:49:45] [38/459] IPRS
[16:49:45] [39/459] ASGN
[16:49:46] [40/459] BKMV
[16:49:47] [41/459] PVYH
[16:49:48] [42/459] INKM
[16:49:49] [43/459] ARJU
[16:49:50] [44/459] JJPP
[16:49:50] [45/459] SSRM
[16:49:51] [46/459] HMHD
[16:49:52] [47/459] SNKH
[16:49:53] [48/459] ACHI
[16:49:54] [49/459] MRAA
[16:49:56] [50/459] INMH
[16:49:57] [51/459] ARMH
[16:49:58] [52/459] DVRR
[16:49:59] [53/459] SUDA
[16:50:00] [54/459] MCSS
[16:50:01] [55/459] VRKC
[16:50:02] [56/459] PRCX
[16:50:03] [57/459] ASJY
[16:50:03] [58/459] MTHY
[16:50:04] [59/459] SRCM
[16:50:05] [60/459] TVHY
[16:50:06] [61/459] STHD
[16:50:07] [62/459] CPCL
[16:50:07] [63/459] PSMJ
[16:50:08] [64/459] MRGT
[16:50:09] [65/459] ARYH
[16:50:10] [66/459] VTRB
[16:50:11] [67/459] SCHC
[16:50:12] [68/459] MRRG
[16:50:12] [69/459] SPCB
[16:50:14] [70/459] AMCM
[16:50:15] [71/459] IVNM
[16:50:16] [72/459] TRHY
[16:50:16] [73/459] PTTH
[16:50:18] [74/459] RKMH
[16:50:19] [75/459] PRCS
[16:50:20] [76/459] VAJA
[16:50:20] [77/459] BJNG
[16:50:22] [78/459] SCVM
[16:50:23] [79/459] GNHB
[16:50:24] [80/459] TLUR
[16:50:24] [81/459] UKCC
[16:50:25] [82/459] SRKR
[16:50:26] [83/459] RMKN
[16:50:27] [84/459] SLRT
[16:50:28] [85/459] LKMT
[16:50:29] [86/459] SSRJ
[16:50:30] [87/459] SPHT
[16:50:30] [88/459] ANTT
[16:50:32] [89/459] SRCH
[16:50:33] [90/459] SRCA
[16:50:34] [91/459] ARTH
[16:50:35] [92/459] MCBH
[16:50:36] [93/459] SNIB
[16:50:38] [94/459] SART
[16:50:39] [95/459] SKTA
[16:50:40] [96/459] YAKT
[16:50:40] [97/459] MLCK
[16:50:41] [98/459] ANTS
[16:50:42] [99/459] DGCA
[16:50:43] [100/459] SGMP
[16:50:44] [101/459] ASWN
[16:50:45] [102/459] KFVU
[16:50:46] [103/459] POOR
[16:50:47] [104/459] GKDN
[16:50:48] [105/459] EOSE
[16:50:49] [106/459] GTTT
[16:50:50] [107/459] ARRO
[16:50:51] [108/459] CMMK
[16:50:52] [109/459] MSCN
[16:50:53] [110/459] GDKH
[16:50:53] [111/459] DLMT
[16:50:54] [112/459] PVMF
[16:50:56] [113/459] CPCK
[16:50:56] [114/459] VMHE
[16:50:57] [115/459] PVLC
[16:50:58] [116/459] PCVB
[16:51:00] [117/459] SNYK
[16:51:01] [118/459] KTEK
[16:51:01] [119/459] PCNM
[16:51:02] [120/459] NTTR
[16:51:03] [121/459] CPSK
[16:51:04] [122/459] JMMA
[16:51:05] [123/459] GCFK
[16:51:06] [124/459] MYCA
[16:51:07] [125/459] KSNP
[16:51:07] [126/459] PMCE
[16:51:08] [127/459] SCKI
[16:51:09] [128/459] FSMA
[16:51:10] [129/459] CETA
[16:51:11] [130/459] MCIK
[16:51:12] [131/459] MYCR
[16:51:12] [132/459] EVMP
[16:51:13] [133/459] SSGT
[16:51:14] [134/459] KCTK
[16:51:15] [135/459] ZTKC
[16:51:16] [136/459] MMTA
[16:51:17] [137/459] MAJT
[16:51:18] [138/459] ACPK
[16:51:18] [139/459] JMAX
[16:51:19] [140/459] SETK
[16:51:20] [141/459] CAIS
[16:51:21] [142/459] AGCD
[16:51:22] [143/459] URCL
[16:51:23] [144/459] VTDS
[16:51:24] [145/459] JCNM
[16:51:25] [146/459] KCAM
[16:51:26] [147/459] ADCU
[16:51:27] [148/459] GXYN
[16:51:27] [149/459] SMJG
[16:51:28] [150/459] EYCJ
[16:51:29] [151/459] CCEJ
[16:51:30] [152/459] MARS
[16:51:31] [153/459] CPVJ
[16:51:32] [154/459] INVP
[16:51:33] [155/459] CPOV
[16:51:33] [156/459] VIJK
[16:51:34] [157/459] LAIM
[16:51:35] [158/459] STHV
[16:51:36] [159/459] SVLJ
[16:51:37] [160/459] ATVJ
[16:51:38] [161/459] JTSC
[16:51:39] [162/459] RMTV
[16:51:40] [163/459] MGGG
[16:51:40] [164/459] SWTH
[16:51:41] [165/459] INVJ
[16:51:42] [166/459] PRSV
[16:51:43] [167/459] JATV
[16:51:43] [168/459] RCVD
[16:51:44] [169/459] BDMA
[16:51:45] [170/459] BLJI
[16:51:46] [171/459] SWOT
[16:51:46] [172/459] SWRN
[16:51:47] [173/459] TVRA
[16:51:48] [174/459] VCSV
[16:51:49] [175/459] NVRN
[16:51:50] [176/459] SIKC
[16:51:51] [177/459] VAKR
[16:51:52] [178/459] SYLN
[16:51:53] [179/459] KLJL
[16:51:54] [180/459] LKMY
[16:51:54] [181/459] VSLY
[16:51:55] [182/459] CIKO
[16:51:56] [183/459] GPBG
[16:51:57] [184/459] CECM
[16:51:58] [185/459] SLKB
[16:51:58] [186/459] MTBO
[16:51:59] [187/459] SSHB
[16:52:01] [188/459] VPCS
[16:52:01] [189/459] RCSR
[16:52:02] [190/459] RJRM
[16:52:03] [191/459] KPPB
[16:52:04] [192/459] SEDC
[16:52:05] [193/459] SCAI
[16:52:05] [194/459] RMTR
[16:52:06] [195/459] ASST
[16:52:07] [196/459] GCAK
[16:52:08] [197/459] ANNK
[16:52:09] [198/459] KDDF
[16:52:10] [199/459] NRDP
[16:52:11] [200/459] PLAK
[16:52:11] [201/459] GCMC
[16:52:12] [202/459] ALPY
[16:52:13] [203/459] SICE
[16:52:14] [204/459] SISR
[16:52:15] [205/459] SRPZ
[16:52:16] [206/459] SRSW
[16:52:17] [207/459] SUYA
[16:52:17] [208/459] AMMT
[16:52:18] [209/459] BHCU
[16:52:19] [210/459] KLPA
[16:52:20] [211/459] NVKH
[16:52:21] [212/459] JMRC
[16:52:22] [213/459] KTTT
[16:52:22] [214/459] MAGH
[16:52:23] [215/459] MMMX
[16:52:24] [216/459] SALJ
[16:52:25] [217/459] GTJA
[16:52:25] [218/459] MAHT
[16:52:26] [219/459] SSNN
[16:52:27] [220/459] ARRP
[16:52:28] [221/459] ATNS
[16:52:29] [222/459] SKDT
[16:52:30] [223/459] ACAT
[16:52:30] [224/459] APRC
[16:52:31] [225/459] SWAG
[16:52:33] [226/459] SDPT
[16:52:34] [227/459] STPS
[16:52:34] [228/459] WWCZ
[16:52:35] [229/459] LLCH
[16:52:37] [230/459] MZHA
[16:52:38] [231/459] CRJG
[16:52:39] [232/459] JGTK
[16:52:40] [233/459] KCSR
[16:52:41] [234/459] CHTL
[16:52:42] [235/459] EDSR
[16:52:42] [236/459] CSWO
[16:52:43] [237/459] CPVM
[16:52:44] [238/459] MXBY
[16:52:45] [239/459] FMMA
[16:52:46] [240/459] POVI
[16:52:48] [241/459] MTHB
[16:52:48] [242/459] INRC
[16:52:49] [243/459] PIPP
[16:52:50] [244/459] BMXC
[16:52:51] [245/459] PCMM
[16:52:53] [246/459] PMKM
[16:52:53] [247/459] GATY
[16:52:54] [248/459] IMCM
[16:52:55] [249/459] POPE
[16:52:56] [250/459] MTCR
[16:52:57] [251/459] PVAE
[16:52:57] [252/459] PVMI
[16:52:58] [253/459] CPNM
[16:52:59] [254/459] FMRL
[16:53:00] [255/459] MCIW
[16:53:00] [256/459] MXBO
[16:53:01] [257/459] FMKY
[16:53:02] [258/459] FMDA
[16:53:03] [259/459] THAB
[16:53:04] [260/459] PRCW
[16:53:05] [261/459] PITI
[16:53:05] [262/459] MCFF
[16:53:06] [263/459] PDDV
[16:53:07] [264/459] MCRM
[16:53:08] [265/459] KKMB
[16:53:09] [266/459] INKO
[16:53:09] [267/459] PLXP
[16:53:10] [268/459] MMHA
[16:53:11] [269/459] FMVS
[16:53:12] [270/459] POLM
[16:53:13] [271/459] STER
[16:53:14] [272/459] PVWJ
[16:53:15] [273/459] IMJW
[16:53:16] [274/459] FNAN
[16:53:17] [275/459] CAGL
[16:53:18] [276/459] IPBG
[16:53:19] [277/459] SMFV
[16:53:20] [278/459] MMMR
[16:53:20] [279/459] MMWM
[16:53:21] [280/459] FNCM
[16:53:22] [281/459] MDVA
[16:53:23] [282/459] MMET
[16:53:24] [283/459] MIDO
[16:53:25] [284/459] INNP
[16:53:26] [285/459] MIFU
[16:53:26] [286/459] MMSZ
[16:53:27] [287/459] BMXA
[16:53:28] [288/459] MCAA
[16:53:29] [289/459] SCVP
[16:53:30] [290/459] PLUS
[16:53:31] [291/459] MUCK
[16:53:31] [292/459] MTMA
[16:53:32] [293/459] HPVR
[16:53:33] [294/459] PMPK
[16:53:34] [295/459] MAJB
[16:53:35] [296/459] CTRR
[16:53:36] [297/459] MCTG
[16:53:37] [298/459] MACE
[16:53:37] [299/459] AAAS
[16:53:38] [300/459] CPVV
[16:53:39] [301/459] RCHG
[16:53:40] [302/459] MCNE
[16:53:41] [303/459] EMNC
[16:53:42] [304/459] MCAN
[16:53:43] [305/459] TCDM
[16:53:43] [306/459] IRGT
[16:53:44] [307/459] GCMG
[16:53:45] [308/459] MXSN
[16:53:46] [309/459] MXCK
[16:53:47] [310/459] MCRC
[16:53:47] [311/459] RSMI
[16:53:48] [312/459] WAML
[16:53:49] [313/459] MTSC
[16:53:50] [314/459] FMDR
[16:53:52] [315/459] LEPV
[16:53:52] [316/459] MTGD
[16:53:53] [317/459] IMOB
[16:53:54] [318/459] CLMM
[16:53:55] [319/459] PZCD
[16:53:56] [320/459] GOCS
[16:53:57] [321/459] KCMA
[16:53:57] [322/459] CCMP
[16:53:58] [323/459] MTSU
[16:53:59] [324/459] SNGL
[16:54:00] [325/459] MMMC
[16:54:01] [326/459] MMAA
[16:54:02] [327/459] GCDM
[16:54:02] [328/459] KTMV
[16:54:03] [329/459] AETE
[16:54:04] [330/459] OMCS
[16:54:05] [331/459] GDCD
[16:54:06] [332/459] NYMD
[16:54:07] [333/459] RNCV
[16:54:08] [334/459] KKMT
[16:54:09] [335/459] GDTH
[16:54:10] [336/459] KMMV
[16:54:10] [337/459] NHCG
[16:54:11] [338/459] PJDW
[16:54:12] [339/459] MMCV
[16:54:13] [340/459] FQSA
[16:54:14] [341/459] KURL
[16:54:14] [342/459] NNNX
[16:54:15] [343/459] AMAU
[16:54:16] [344/459] VVVM
[16:54:17] [345/459] VECU
[16:54:18] [346/459] WCVR
[16:54:19] [347/459] MTGG
[16:54:20] [348/459] SGTG
[16:54:21] [349/459] MNTG
[16:54:22] [350/459] JDDG
[16:54:23] [351/459] MBTK
[16:54:24] [352/459] SGCD
[16:54:24] [353/459] MCTC
[16:54:25] [354/459] JTPC
[16:54:27] [355/459] SDKT
[16:54:27] [356/459] KRCC
[16:54:28] [357/459] RMMD
[16:54:29] [358/459] AAME
[16:54:30] [359/459] TMWC
[16:54:30] [360/459] NRWY
[16:54:31] [361/459] CITD
[16:54:32] [362/459] VERD
[16:54:33] [363/459] MKSK
[16:54:34] [364/459] STSM
[16:54:35] [365/459] MJDG
[16:54:35] [366/459] RKPM
[16:54:36] [367/459] SSCE
[16:54:37] [368/459] VMAE
[16:54:39] [369/459] SBRU
[16:54:40] [370/459] AMBC
[16:54:41] [371/459] AMLU
[16:54:41] [372/459] INVZ
[16:54:42] [373/459] LGTV
[16:54:43] [374/459] SVAD
[16:54:44] [375/459] SMSA
[16:54:45] [376/459] SPCZ
[16:54:46] [377/459] GTCX
[16:54:46] [378/459] SCSL
[16:54:47] [379/459] SAHU
[16:54:48] [380/459] NCDA
[16:54:49] [381/459] SCCG
[16:54:50] [382/459] VKTL
[16:54:51] [383/459] PUUJ
[16:54:51] [384/459] STEJ
[16:54:52] [385/459] RJAL
[16:54:53] [386/459] ACJC
[16:54:54] [387/459] VTHC
[16:54:55] [388/459] ARVB
[16:54:55] [389/459] AUBB
[16:54:56] [390/459] GDBR
[16:54:57] [391/459] PVND
[16:54:58] [392/459] BGRJ
[16:54:58] [393/459] RJMM
[16:54:59] [394/459] MCSA
[16:55:00] [395/459] BODA
[16:55:01] [396/459] JAGG
[16:55:02] [397/459] SCGA
[16:55:03] [398/459] LRCM
[16:55:04] [399/459] CPCN
[16:55:05] [400/459] SSTF
[16:55:06] [401/459] SRXP
[16:55:07] [402/459] CNFX
[16:55:08] [403/459] ANDI
[16:55:08] [404/459] SYEW
[16:55:10] [405/459] RCRE
[16:55:11] [406/459] SCRW
[16:55:12] [407/459] MBKR
[16:55:13] [408/459] ASNT
[16:55:14] [409/459] JTMT
[16:55:15] [410/459] SHAY
[16:55:15] [411/459] VRTH
[16:55:16] [412/459] SPTI
[16:55:17] [413/459] DPTD
[16:55:18] [414/459] TGSN
[16:55:19] [415/459] RCWV
[16:55:20] [416/459] OCUR
[16:55:21] [417/459] KSTC
[16:55:22] [418/459] SANI
[16:55:23] [419/459] MLCA
[16:55:25] [420/459] EGCA
[16:55:26] [421/459] SYSN
[16:55:26] [422/459] PKTA
[16:55:27] [423/459] PRCC
[16:55:28] [424/459] KSTR
[16:55:29] [425/459] SNTP
[16:55:30] [426/459] RCHA
[16:55:32] [427/459] SEEA
[16:55:33] [428/459] ALAT
[16:55:34] [429/459] AATV
[16:55:34] [430/459] RJTE
[16:55:35] [431/459] AAPP
[16:55:36] [432/459] PMMH
[16:55:37] [433/459] INRJ
[16:55:38] [434/459] SARB
[16:55:38] [435/459] PCJL
[16:55:39] [436/459] PFJJ
[16:55:40] [437/459] GRDC
[16:55:42] [438/459] BCBA
[16:55:43] [439/459] VIXL
[16:55:44] [440/459] CSTL
[16:55:45] [441/459] MTDK
[16:55:45] [442/459] TDAC
[16:55:46] [443/459] GTDN
[16:55:47] [444/459] TTDE
[16:55:48] [445/459] ASTS
[16:55:49] [446/459] CPNS
[16:55:50] [447/459] PVVW
[16:55:50] [448/459] USEB
[16:55:51] [449/459] DTYN
[16:55:52] [450/459] PVLE
[16:55:53] [451/459] CIPS
[16:55:54] [452/459] PAEG
[16:55:55] [453/459] PTCW
[16:55:56] [454/459] G3SR
[16:55:57] [455/459] PGND
[16:55:58] [456/459] INVM
[16:55:59] [457/459] SPIA
[16:56:00] [458/459] PCSN
[16:56:01] [459/459] PPGV
[16:56:01] 🧹 Deduping shows
[16:56:01] ✅ DONE | Shows=289 | Movies=34
