[10:04:51] 🚀 SCRIPT STARTED
[10:04:51] [1/296] CDCA
[10:04:51] 🧠 New identity created
[10:04:52] [2/296] MNSR
[10:04:53] [3/296] CSSL
[10:04:54] [4/296] BGGM
[10:04:55] [5/296] MANT
[10:04:56] [6/296] SOOY
[10:04:57] [7/296] VPPK
[10:04:58] [8/296] MYHJ
[10:04:59] [9/296] KSCK
[10:05:00] [10/296] KATK
[10:05:00] [11/296] RTRT
[10:05:01] [12/296] SSTT
[10:05:02] [13/296] SSTV
[10:05:03] [14/296] LACM
[10:05:04] [15/296] SGMG
[10:05:05] [16/296] KACX
[10:05:06] [17/296] GVCP
[10:05:07] [18/296] CSNC
[10:05:08] [19/296] SXCB
[10:05:09] [20/296] BAHS
[10:05:09] [21/296] PCBI
[10:05:10] [22/296] PSSM
[10:05:11] [23/296] RCOK
[10:05:12] [24/296] SCPF
[10:05:13] [25/296] SSAS
[10:05:13] [26/296] EVMM
[10:05:15] [27/296] SYCB
[10:05:16] [28/296] GCKI
[10:05:17] [29/296] IAET
[10:05:18] [30/296] DDTD
[10:05:19] [31/296] GMDH
[10:05:19] [32/296] STLE
[10:05:20] [33/296] JTRA
[10:05:21] [34/296] RPPA
[10:05:22] [35/296] ARUT
[10:05:23] [36/296] JTVM
[10:05:24] [37/296] SWRH
[10:05:24] [38/296] DCPC
[10:05:25] [39/296] RAPR
[10:05:26] [40/296] GCRT
[10:05:27] [41/296] ATUN
[10:05:28] [42/296] LTRM
[10:05:29] [43/296] TASR
[10:05:30] [44/296] RLLC
[10:05:31] [45/296] MABI
[10:05:32] [46/296] SVHB
[10:05:32] [47/296] NVTB
[10:05:34] [48/296] KCKG
[10:05:34] [49/296] SSRN
[10:05:35] [50/296] VDDC
[10:05:36] [51/296] GKTK
[10:05:37] [52/296] YFSN
[10:05:38] [53/296] GCSG
[10:05:38] [54/296] ESSM
[10:05:39] [55/296] KRIH
[10:05:40] [56/296] GCDS
[10:05:41] [57/296] CCSH
[10:05:41] [58/296] ACSK
[10:05:42] [59/296] APRK
[10:05:43] [60/296] ADKM
[10:05:44] [61/296] SRDM
[10:05:44] [62/296] RMOG
[10:05:45] [63/296] SJMY
[10:05:46] [64/296] PGGC
[10:05:47] [65/296] INGM
[10:05:48] [66/296] LSCB
[10:05:49] [67/296] STAD
[10:05:50] [68/296] MCCR
[10:05:51] [69/296] ABCC
[10:05:52] [70/296] RKCC
[10:05:52] [71/296] RTCR
[10:05:54] [72/296] GGBC
[10:05:55] [73/296] GCSD
[10:05:55] [74/296] LPTY
[10:05:56] [75/296] MCFD
[10:05:58] [76/296] HENN
[10:05:59] [77/296] SMKU
[10:05:59] [78/296] TNZC
[10:06:00] [79/296] DRCD
[10:06:01] [80/296] DLCD
[10:06:02] [81/296] RCDA
[10:06:03] [82/296] COSM
[10:06:03] [83/296] MCMJ
[10:06:04] [84/296] CSTR
[10:06:06] [85/296] CVDK
[10:06:06] [86/296] INRR
[10:06:07] [87/296] RJRT
[10:06:08] [88/296] IRMR
[10:06:10] [89/296] SRCF
[10:06:10] [90/296] GRCR
[10:06:11] [91/296] SURC
[10:06:12] [92/296] NMNH
[10:06:13] [93/296] SVBL
[10:06:14] [94/296] KACI
[10:06:16] [95/296] TDGO
[10:06:17] [96/296] KTBR
[10:06:17] [97/296] PMAD
[10:06:18] [98/296] CCPN
[10:06:19] [99/296] SBTK
[10:06:20] [100/296] LMDK
[10:06:20] [101/296] PGDA
[10:06:21] [102/296] SRML
[10:06:23] [103/296] EVCK
[10:06:24] [104/296] RTTK
[10:06:25] [105/296] SRTU
[10:06:25] [106/296] VRSA
[10:06:26] [107/296] VARS
[10:06:28] [108/296] DSCZ
[10:06:29] [109/296] GAGA
[10:06:30] [110/296] SARV
[10:06:31] [111/296] SEEG
[10:06:31] [112/296] GLCA
[10:06:32] [113/296] APAS
[10:06:33] [114/296] VCIA
[10:06:34] [115/296] SJTA
[10:06:35] [116/296] SABM
[10:06:36] [117/296] PPAG
[10:06:37] [118/296] RVCA
[10:06:38] [119/296] CCIA
[10:06:39] [120/296] HTAG
[10:06:40] [121/296] SMBI
[10:06:40] [122/296] MCJR
[10:06:41] [123/296] CCJR
[10:06:42] [124/296] SINF
[10:06:43] [125/296] CPLX
[10:06:43] [126/296] KKTJ
[10:06:44] [127/296] GDBW
[10:06:45] [128/296] CSUB
[10:06:45] [129/296] DABA
[10:06:46] [130/296] TITR
[10:06:47] [131/296] NYCR
[10:06:48] [132/296] RTRY
[10:06:49] [133/296] JTJL
[10:06:51] [134/296] SJCP
[10:06:52] [135/296] KCCA
[10:06:53] [136/296] MLPG
[10:06:54] [137/296] VRCK
[10:06:55] [138/296] SRIN
[10:06:55] [139/296] CXMK
[10:06:56] [140/296] SKAD
[10:06:57] [141/296] AVTR
[10:06:58] [142/296] PTAJ
[10:06:59] [143/296] SCNK
[10:07:00] [144/296] STTI
[10:07:01] [145/296] KACR
[10:07:02] [146/296] SSDX
[10:07:03] [147/296] VRTJ
[10:07:04] [148/296] RAJD
[10:07:04] [149/296] SCIP
[10:07:05] [150/296] RJSL
[10:07:06] [151/296] ARRS
[10:07:07] [152/296] ASMS
[10:07:08] [153/296] RDTS
[10:07:08] [154/296] DVMY
[10:07:09] [155/296] RASA
[10:07:10] [156/296] INOM
[10:07:11] [157/296] SPRS
[10:07:12] [158/296] SGCS
[10:07:12] [159/296] SALM
[10:07:13] [160/296] PKHC
[10:07:14] [161/296] RCSV
[10:07:15] [162/296] CPKC
[10:07:16] [163/296] AACD
[10:07:17] [164/296] GGCV
[10:07:18] [165/296] SMKD
[10:07:19] [166/296] NBCH
[10:07:19] [167/296] AMCB
[10:07:20] [168/296] OPCN
[10:07:21] [169/296] DCIN
[10:07:22] [170/296] INGW
[10:07:22] [171/296] PKKW
[10:07:23] [172/296] FNGW
[10:07:24] [173/296] GCGD
[10:07:25] [174/296] MSTW
[10:07:26] [175/296] KCCG
[10:07:27] [176/296] MRSS
[10:07:28] [177/296] CLCF
[10:07:29] [178/296] EETS
[10:07:30] [179/296] AATR
[10:07:31] [180/296] CMMN
[10:07:32] [181/296] SCCJ
[10:07:33] [182/296] CDTK
[10:07:34] [183/296] AICP
[10:07:34] [184/296] FNBP
[10:07:36] [185/296] CBPB
[10:07:37] [186/296] CPAS
[10:07:38] [187/296] MAPM
[10:07:39] [188/296] PASD
[10:07:39] [189/296] JCMN
[10:07:40] [190/296] MALB
[10:07:41] [191/296] SACG
[10:07:42] [192/296] DDRX
[10:07:44] [193/296] DDXB
[10:07:45] [194/296] RAMC
[10:07:45] [195/296] SANC
[10:07:46] [196/296] BCBP
[10:07:47] [197/296] ALPC
[10:07:48] [198/296] RBAC
[10:07:49] [199/296] RAJL
[10:07:50] [200/296] MPDX
[10:07:50] [201/296] MUSC
[10:07:51] [202/296] VKMK
[10:07:52] [203/296] SKCG
[10:07:54] [204/296] ANCN
[10:07:55] [205/296] MMCJ
[10:07:56] [206/296] DCAK
[10:07:57] [207/296] SCKG
[10:07:58] [208/296] LMCK
[10:07:59] [209/296] CKKX
[10:08:00] [210/296] ANKU
[10:08:01] [211/296] CSMD
[10:08:02] [212/296] MKMP
[10:08:03] [213/296] SVBG
[10:08:04] [214/296] ROOP
[10:08:05] [215/296] GDMT
[10:08:05] [216/296] FPPF
[10:08:06] [217/296] SFUU
[10:08:07] [218/296] ANCB
[10:08:08] [219/296] SMMC
[10:08:09] [220/296] UGKT
[10:08:10] [221/296] JVRM
[10:08:11] [222/296] BATG
[10:08:12] [223/296] RATE
[10:08:13] [224/296] SKME
[10:08:14] [225/296] LMTP
[10:08:14] [226/296] TCBD
[10:08:15] [227/296] ESBD
[10:08:16] [228/296] GDCU
[10:08:17] [229/296] SNKT
[10:08:18] [230/296] SRNK
[10:08:18] [231/296] SMED
[10:08:19] [232/296] CSQS
[10:08:20] [233/296] ALCS
[10:08:21] [234/296] KCKN
[10:08:21] [235/296] VCCL
[10:08:22] [236/296] MCDA
[10:08:23] [237/296] SHMI
[10:08:24] [238/296] SKHA
[10:08:25] [239/296] SVFK
[10:08:26] [240/296] INVB
[10:08:27] [241/296] MELD
[10:08:28] [242/296] JTYS
[10:08:29] [243/296] INCM
[10:08:30] [244/296] MCDV
[10:08:30] [245/296] KSGK
[10:08:31] [246/296] ICMG
[10:08:32] [247/296] CSCV
[10:08:33] [248/296] STMD
[10:08:34] [249/296] STTR
[10:08:35] [250/296] INVC
[10:08:36] [251/296] JTBL
[10:08:37] [252/296] SRVV
[10:08:37] [253/296] MAVC
[10:08:38] [254/296] SRPP
[10:08:39] [255/296] JGDM
[10:08:40] [256/296] MBSJ
[10:08:41] [257/296] SSLL
[10:08:42] [258/296] SLKP
[10:08:42] [259/296] NSRV
[10:08:43] [260/296] UTDV
[10:08:44] [261/296] KICM
[10:08:45] [262/296] KCMD
[10:08:47] [263/296] TTPP
[10:08:48] [264/296] KMPV
[10:08:50] [265/296] SKTV
[10:08:50] [266/296] STCV
[10:08:51] [267/296] SRDA
[10:08:52] [268/296] JTSX
[10:08:53] [269/296] STBV
[10:08:54] [270/296] APVZ
[10:08:56] [271/296] GSTV
[10:08:56] [272/296] NMVS
[10:08:57] [273/296] SKRT
[10:08:58] [274/296] RMDV
[10:08:59] [275/296] RATG
[10:09:00] [276/296] SJYV
[10:09:00] [277/296] NDGP
[10:09:01] [278/296] SNDG
[10:09:03] [279/296] INSR
[10:09:03] [280/296] INSO
[10:09:04] [281/296] CCSI
[10:09:05] [282/296] RASM
[10:09:06] [283/296] NEWC
[10:09:07] [284/296] VSHL
[10:09:08] [285/296] BISW
[10:09:09] [286/296] GCNG
[10:09:11] [287/296] CWSC
[10:09:11] [288/296] SKAN
[10:09:12] [289/296] SEHP
[10:09:13] [290/296] CCOA
[10:09:14] [291/296] MCAJ
[10:09:15] [292/296] ACDE
[10:09:15] [293/296] AACM
[10:09:17] [294/296] JJCK
[10:09:18] [295/296] RCMO
[10:09:18] [296/296] GDAW
[10:09:19] 🧹 Deduping shows
[10:09:19] ✅ DONE | Shows=152 | Movies=23
