[10:04:55] 🚀 SCRIPT STARTED
[10:04:55] [1/324] GCTA
[10:04:55] 🧠 New identity created
[10:04:56] [2/324] TOPN
[10:04:57] [3/324] MCUS
[10:04:57] [4/324] SHRL
[10:04:58] [5/324] UPTP
[10:04:59] [6/324] TMMP
[10:04:59] [7/324] DNRP
[10:05:00] [8/324] SRLT
[10:05:01] [9/324] RCNS
[10:05:01] [10/324] DCBH
[10:05:02] [11/324] NAGJ
[10:05:02] [12/324] JVRC
[10:05:03] [13/324] KRJG
[10:05:04] [14/324] SRTJ
[10:05:04] [15/324] CMXM
[10:05:05] [16/324] STMI
[10:05:06] [17/324] SLST
[10:05:06] [18/324] DTCN
[10:05:07] [19/324] STYN
[10:05:08] [20/324] SZVR
[10:05:09] [21/324] SRKO
[10:05:09] [22/324] JTGT
[10:05:10] [23/324] SVFD
[10:05:10] [24/324] SISD
[10:05:11] [25/324] ABDD
[10:05:12] [26/324] DRCA
[10:05:12] [27/324] AVCS
[10:05:13] [28/324] MVKH
[10:05:13] [29/324] ACPR
[10:05:14] [30/324] STIP
[10:05:15] [31/324] MTRA
[10:05:15] [32/324] RMKH
[10:05:16] [33/324] NKRL
[10:05:17] [34/324] PCWN
[10:05:17] [35/324] BLMT
[10:05:18] [36/324] GDPG
[10:05:19] [37/324] SRMX
[10:05:19] [38/324] JACP
[10:05:20] [39/324] CPSH
[10:05:20] [40/324] MCCD
[10:05:21] [41/324] ECGH
[10:05:21] [42/324] MKCK
[10:05:22] [43/324] SRMM
[10:05:23] [44/324] SKYR
[10:05:23] [45/324] PCKC
[10:05:24] [46/324] JCMA
[10:05:25] [47/324] BSMP
[10:05:25] [48/324] VSPA
[10:05:26] [49/324] DJYA
[10:05:27] [50/324] DIMP
[10:05:27] [51/324] FXDR
[10:05:28] [52/324] SSRC
[10:05:28] [53/324] STHP
[10:05:29] [54/324] CPPD
[10:05:30] [55/324] FCLK
[10:05:31] [56/324] SCPP
[10:05:31] [57/324] DCMJ
[10:05:32] [58/324] RCCR
[10:05:33] [59/324] INMT
[10:05:33] [60/324] LXTK
[10:05:34] [61/324] SRYK
[10:05:35] [62/324] SGDK
[10:05:35] [63/324] PPKA
[10:05:36] [64/324] SPKA
[10:05:37] [65/324] CGHH
[10:05:37] [66/324] DCJN
[10:05:38] [67/324] SRKV
[10:05:39] [68/324] SAJC
[10:05:39] [69/324] SUSR
[10:05:40] [70/324] STYG
[10:05:41] [71/324] NTKP
[10:05:41] [72/324] AKTG
[10:05:42] [73/324] CGCM
[10:05:42] [74/324] TULC
[10:05:43] [75/324] NYYZ
[10:05:44] [76/324] NYBW
[10:05:44] [77/324] MACB
[10:05:45] [78/324] SLVT
[10:05:46] [79/324] SANA
[10:05:47] [80/324] ACMR
[10:05:47] [81/324] CPKN
[10:05:48] [82/324] DLGK
[10:05:48] [83/324] CWCK
[10:05:49] [84/324] FDDH
[10:05:49] [85/324] MMMD
[10:05:50] [86/324] CMEH
[10:05:50] [87/324] GGGV
[10:05:51] [88/324] SPJL
[10:05:52] [89/324] RCCD
[10:05:52] [90/324] STTZ
[10:05:53] [91/324] BTCF
[10:05:53] [92/324] TSTZ
[10:05:54] [93/324] IPMM
[10:05:55] [94/324] PMPW
[10:05:55] [95/324] PCMZ
[10:05:56] [96/324] ESEM
[10:05:56] [97/324] PIPO
[10:05:57] [98/324] MATK
[10:05:58] [99/324] PGHM
[10:05:58] [100/324] CTSR
[10:05:59] [101/324] CYKR
[10:06:00] [102/324] MSCM
[10:06:00] [103/324] RFNP
[10:06:00] [104/324] PDCP
[10:06:01] [105/324] NPSE
[10:06:02] [106/324] MKML
[10:06:02] [107/324] FTDP
[10:06:03] [108/324] MMXA
[10:06:04] [109/324] CEPO
[10:06:04] [110/324] CMVP
[10:06:05] [111/324] SGTH
[10:06:06] [112/324] SAYN
[10:06:06] [113/324] URVS
[10:06:07] [114/324] VJTN
[10:06:07] [115/324] BBYK
[10:06:08] [116/324] SHBO
[10:06:09] [117/324] VCMR
[10:06:09] [118/324] MACT
[10:06:10] [119/324] JMNP
[10:06:11] [120/324] VICS
[10:06:12] [121/324] VCDA
[10:06:12] [122/324] GCMM
[10:06:13] [123/324] INVS
[10:06:13] [124/324] SCGM
[10:06:14] [125/324] PCDA
[10:06:15] [126/324] KDCT
[10:06:15] [127/324] JACS
[10:06:16] [128/324] GMMC
[10:06:16] [129/324] AICM
[10:06:17] [130/324] TJCM
[10:06:17] [131/324] RMTI
[10:06:18] [132/324] SHAC
[10:06:19] [133/324] APJC
[10:06:19] [134/324] GCTG
[10:06:20] [135/324] SSMC
[10:06:21] [136/324] THRM
[10:06:21] [137/324] RBCT
[10:06:22] [138/324] DIKT
[10:06:22] [139/324] MIDL
[10:06:23] [140/324] VCSN
[10:06:24] [141/324] SKTG
[10:06:24] [142/324] SMWC
[10:06:25] [143/324] MNKH
[10:06:26] [144/324] PIAT
[10:06:26] [145/324] LTTP
[10:06:27] [146/324] PTPU
[10:06:28] [147/324] ACMG
[10:06:28] [148/324] SHMM
[10:06:29] [149/324] MCMN
[10:06:29] [150/324] GLDC
[10:06:30] [151/324] HOUT
[10:06:31] [152/324] SVRP
[10:06:32] [153/324] PVDN
[10:06:32] [154/324] SCPY
[10:06:33] [155/324] DTPY
[10:06:34] [156/324] GKCS
[10:06:34] [157/324] NCAM
[10:06:35] [158/324] BSRM
[10:06:36] [159/324] RCLC
[10:06:36] [160/324] SKKD
[10:06:37] [161/324] ACHU
[10:06:37] [162/324] RSCF
[10:06:38] [163/324] IMSH
[10:06:38] [164/324] MACX
[10:06:39] [165/324] HMMW
[10:06:40] [166/324] JTCP
[10:06:40] [167/324] SREN
[10:06:40] [168/324] PJRR
[10:06:41] [169/324] INAC
[10:06:42] [170/324] BMCA
[10:06:43] [171/324] SHCB
[10:06:43] [172/324] GABA
[10:06:43] [173/324] SBCT
[10:06:44] [174/324] GCMA
[10:06:45] [175/324] MYTK
[10:06:45] [176/324] INZS
[10:06:46] [177/324] RMIK
[10:06:46] [178/324] NYCH
[10:06:47] [179/324] RAVE
[10:06:47] [180/324] PSXM
[10:06:48] [181/324] MCGP
[10:06:49] [182/324] PDDK
[10:06:49] [183/324] SPCK
[10:06:49] [184/324] MCRL
[10:06:50] [185/324] MHKT
[10:06:51] [186/324] ANRR
[10:06:51] [187/324] SAPK
[10:06:52] [188/324] NCUK
[10:06:52] [189/324] JUGA
[10:06:53] [190/324] DBSC
[10:06:54] [191/324] LALK
[10:06:54] [192/324] GUCK
[10:06:55] [193/324] STSG
[10:06:56] [194/324] PPPZ
[10:06:56] [195/324] CNCY
[10:06:57] [196/324] MTAR
[10:06:57] [197/324] VNKD
[10:06:58] [198/324] KMAJ
[10:06:59] [199/324] ACXK
[10:06:59] [200/324] UTKC
[10:07:00] [201/324] PBLK
[10:07:01] [202/324] ACBX
[10:07:01] [203/324] PTGM
[10:07:02] [204/324] BTDA
[10:07:03] [205/324] PJMB
[10:07:03] [206/324] TPDA
[10:07:04] [207/324] AMOE
[10:07:05] [208/324] PRHT
[10:07:05] [209/324] PRTA
[10:07:06] [210/324] STAM
[10:07:06] [211/324] MSAA
[10:07:07] [212/324] SDLU
[10:07:08] [213/324] RCHH
[10:07:08] [214/324] KANT
[10:07:09] [215/324] FCRT
[10:07:09] [216/324] DNKM
[10:07:10] [217/324] RYCP
[10:07:10] [218/324] MYRP
[10:07:11] [219/324] PPAK
[10:07:12] [220/324] NVPK
[10:07:12] [221/324] PRMC
[10:07:13] [222/324] JBCS
[10:07:13] [223/324] GXCK
[10:07:14] [224/324] USKO
[10:07:14] [225/324] GTEM
[10:07:15] [226/324] SMBU
[10:07:16] [227/324] VETC
[10:07:16] [228/324] LCDA
[10:07:17] [229/324] MTVT
[10:07:17] [230/324] PYCP
[10:07:18] [231/324] PNSC
[10:07:19] [232/324] PPCC
[10:07:19] [233/324] TGRT
[10:07:20] [234/324] JYOT
[10:07:21] [235/324] SRCZ
[10:07:21] [236/324] SJTE
[10:07:22] [237/324] DESC
[10:07:22] [238/324] JHVN
[10:07:23] [239/324] IPSG
[10:07:24] [240/324] IPCM
[10:07:24] [241/324] PDRS
[10:07:25] [242/324] ANCV
[10:07:26] [243/324] CMVV
[10:07:26] [244/324] SHYP
[10:07:27] [245/324] DNCS
[10:07:27] [246/324] GAJK
[10:07:28] [247/324] AKTN
[10:07:29] [248/324] KAYA
[10:07:29] [249/324] SBRC
[10:07:30] [250/324] CHTP
[10:07:30] [251/324] SHRT
[10:07:31] [252/324] BCKU
[10:07:32] [253/324] FCPS
[10:07:32] [254/324] ARDD
[10:07:33] [255/324] CPCM
[10:07:34] [256/324] CGSM
[10:07:34] [257/324] PSMP
[10:07:35] [258/324] SDAL
[10:07:35] [259/324] RTNB
[10:07:36] [260/324] LMCR
[10:07:37] [261/324] CIMA
[10:07:37] [262/324] RNAS
[10:07:38] [263/324] LITH
[10:07:39] [264/324] PBOX
[10:07:39] [265/324] FRTS
[10:07:40] [266/324] RKIC
[10:07:41] [267/324] PTAI
[10:07:41] [268/324] GCIC
[10:07:42] [269/324] FNAS
[10:07:42] [270/324] SCAR
[10:07:43] [271/324] MTCA
[10:07:43] [272/324] SCTS
[10:07:44] [273/324] SYCS
[10:07:45] [274/324] RDMS
[10:07:45] [275/324] KAMP
[10:07:46] [276/324] ERSD
[10:07:47] [277/324] MJMJ
[10:07:47] [278/324] SRCJ
[10:07:48] [279/324] SCXE
[10:07:48] [280/324] SVFR
[10:07:49] [281/324] BHCS
[10:07:49] [282/324] IMCC
[10:07:50] [283/324] PCBO
[10:07:50] [284/324] PRVN
[10:07:51] [285/324] AUPM
[10:07:52] [286/324] INBW
[10:07:52] [287/324] SVCW
[10:07:53] [288/324] RKCF
[10:07:54] [289/324] UVBH
[10:07:54] [290/324] DNCY
[10:07:55] [291/324] ABCN
[10:07:55] [292/324] PRUR
[10:07:56] [293/324] PFMR
[10:07:56] [294/324] RKCN
[10:07:57] [295/324] CFEA
[10:07:58] [296/324] SDBG
[10:07:58] [297/324] SNAR
[10:07:59] [298/324] YISI
[10:07:59] [299/324] JCFF
[10:08:00] [300/324] VTRK
[10:08:01] [301/324] PCLZ
[10:08:01] [302/324] DIMY
[10:08:02] [303/324] BBTS
[10:08:03] [304/324] GATH
[10:08:03] [305/324] GTMN
[10:08:04] [306/324] VTMH
[10:08:04] [307/324] CCKP
[10:08:05] [308/324] GPKA
[10:08:06] [309/324] MHCL
[10:08:06] [310/324] ATCL
[10:08:07] [311/324] SBCK
[10:08:08] [312/324] AMMR
[10:08:08] [313/324] MADC
[10:08:09] [314/324] TMMA
[10:08:10] [315/324] CACC
[10:08:10] [316/324] CHAL
[10:08:11] [317/324] DURG
[10:08:12] [318/324] GMKU
[10:08:12] [319/324] GECA
[10:08:13] [320/324] KYRR
[10:08:13] [321/324] KSDE
[10:08:14] [322/324] LMCI
[10:08:14] [323/324] NKCP
[10:08:15] [324/324] BGTC
[10:08:16] 🧹 Deduping shows
[10:08:16] ✅ DONE | Shows=188 | Movies=23
[16:44:43] 🚀 SCRIPT STARTED
[16:44:43] [1/324] GCTA
[16:44:43] 🧠 New identity created
[16:44:44] [2/324] TOPN
[16:44:45] [3/324] MCUS
[16:44:46] [4/324] SHRL
[16:44:48] [5/324] UPTP
[16:44:48] [6/324] TMMP
[16:44:50] [7/324] DNRP
[16:44:51] [8/324] SRLT
[16:44:51] [9/324] RCNS
[16:44:53] [10/324] DCBH
[16:44:54] [11/324] NAGJ
[16:44:55] [12/324] JVRC
[16:44:56] [13/324] KRJG
[16:44:57] [14/324] SRTJ
[16:44:58] [15/324] CMXM
[16:44:59] [16/324] STMI
[16:45:00] [17/324] SLST
[16:45:01] [18/324] DTCN
[16:45:02] [19/324] STYN
[16:45:03] [20/324] SZVR
[16:45:04] [21/324] SRKO
[16:45:05] [22/324] JTGT
[16:45:07] [23/324] SVFD
[16:45:08] [24/324] SISD
[16:45:08] [25/324] ABDD
[16:45:10] [26/324] DRCA
[16:45:11] [27/324] AVCS
[16:45:13] [28/324] MVKH
[16:45:13] [29/324] ACPR
[16:45:14] [30/324] STIP
[16:45:15] [31/324] MTRA
[16:45:16] [32/324] RMKH
[16:45:16] [33/324] NKRL
[16:45:17] [34/324] PCWN
[16:45:18] [35/324] BLMT
[16:45:19] [36/324] GDPG
[16:45:20] [37/324] SRMX
[16:45:20] [38/324] JACP
[16:45:21] [39/324] CPSH
[16:45:22] [40/324] MCCD
[16:45:23] [41/324] ECGH
[16:45:24] [42/324] MKCK
[16:45:24] [43/324] SRMM
[16:45:25] [44/324] SKYR
[16:45:26] [45/324] PCKC
[16:45:27] [46/324] JCMA
[16:45:28] [47/324] BSMP
[16:45:29] [48/324] VSPA
[16:45:30] [49/324] DJYA
[16:45:32] [50/324] DIMP
[16:45:33] [51/324] FXDR
[16:45:34] [52/324] SSRC
[16:45:36] [53/324] STHP
[16:45:37] [54/324] CPPD
[16:45:38] [55/324] FCLK
[16:45:39] [56/324] SCPP
[16:45:40] [57/324] DCMJ
[16:45:40] [58/324] RCCR
[16:45:41] [59/324] INMT
[16:45:43] [60/324] LXTK
[16:45:44] [61/324] SRYK
[16:45:45] [62/324] SGDK
[16:45:46] [63/324] PPKA
[16:45:46] [64/324] SPKA
[16:45:47] [65/324] CGHH
[16:45:48] [66/324] DCJN
[16:45:49] [67/324] SRKV
[16:45:50] [68/324] SAJC
[16:45:51] [69/324] SUSR
[16:45:52] [70/324] STYG
[16:45:53] [71/324] NTKP
[16:45:53] [72/324] AKTG
[16:45:54] [73/324] CGCM
[16:45:56] [74/324] TULC
[16:45:57] [75/324] NYYZ
[16:45:58] [76/324] NYBW
[16:45:59] [77/324] MACB
[16:46:00] [78/324] SLVT
[16:46:01] [79/324] SANA
[16:46:02] [80/324] ACMR
[16:46:03] [81/324] CPKN
[16:46:04] [82/324] DLGK
[16:46:05] [83/324] CWCK
[16:46:06] [84/324] FDDH
[16:46:06] [85/324] MMMD
[16:46:07] [86/324] CMEH
[16:46:08] [87/324] GGGV
[16:46:09] [88/324] SPJL
[16:46:10] [89/324] RCCD
[16:46:11] [90/324] STTZ
[16:46:12] [91/324] BTCF
[16:46:13] [92/324] TSTZ
[16:46:13] [93/324] IPMM
[16:46:14] [94/324] PMPW
[16:46:15] [95/324] PCMZ
[16:46:15] [96/324] ESEM
[16:46:16] [97/324] PIPO
[16:46:17] [98/324] MATK
[16:46:18] [99/324] PGHM
[16:46:19] [100/324] CTSR
[16:46:20] [101/324] CYKR
[16:46:21] [102/324] MSCM
[16:46:22] [103/324] RFNP
[16:46:23] [104/324] PDCP
[16:46:24] [105/324] NPSE
[16:46:25] [106/324] MKML
[16:46:27] [107/324] FTDP
[16:46:28] [108/324] MMXA
[16:46:29] [109/324] CEPO
[16:46:30] [110/324] CMVP
[16:46:31] [111/324] SGTH
[16:46:32] [112/324] SAYN
[16:46:34] [113/324] URVS
[16:46:35] [114/324] VJTN
[16:46:36] [115/324] BBYK
[16:46:37] [116/324] SHBO
[16:46:38] [117/324] VCMR
[16:46:39] [118/324] MACT
[16:46:40] [119/324] JMNP
[16:46:40] [120/324] VICS
[16:46:41] [121/324] VCDA
[16:46:42] [122/324] GCMM
[16:46:43] [123/324] INVS
[16:46:45] [124/324] SCGM
[16:46:45] [125/324] PCDA
[16:46:46] [126/324] KDCT
[16:46:47] [127/324] JACS
[16:46:48] [128/324] GMMC
[16:46:49] [129/324] AICM
[16:46:50] [130/324] TJCM
[16:46:51] [131/324] RMTI
[16:46:52] [132/324] SHAC
[16:46:53] [133/324] APJC
[16:46:54] [134/324] GCTG
[16:46:55] [135/324] SSMC
[16:46:56] [136/324] THRM
[16:46:56] [137/324] RBCT
[16:46:58] [138/324] DIKT
[16:46:59] [139/324] MIDL
[16:47:00] [140/324] VCSN
[16:47:01] [141/324] SKTG
[16:47:02] [142/324] SMWC
[16:47:03] [143/324] MNKH
[16:47:03] [144/324] PIAT
[16:47:04] [145/324] LTTP
[16:47:05] [146/324] PTPU
[16:47:07] [147/324] ACMG
[16:47:08] [148/324] SHMM
[16:47:09] [149/324] MCMN
[16:47:10] [150/324] GLDC
[16:47:11] [151/324] HOUT
[16:47:12] [152/324] SVRP
[16:47:13] [153/324] PVDN
[16:47:13] [154/324] SCPY
[16:47:15] [155/324] DTPY
[16:47:16] [156/324] GKCS
[16:47:17] [157/324] NCAM
[16:47:18] [158/324] BSRM
[16:47:18] [159/324] RCLC
[16:47:19] [160/324] SKKD
[16:47:20] [161/324] ACHU
[16:47:21] [162/324] RSCF
[16:47:23] [163/324] IMSH
[16:47:24] [164/324] MACX
[16:47:25] [165/324] HMMW
[16:47:26] [166/324] JTCP
[16:47:28] [167/324] SREN
[16:47:28] [168/324] PJRR
[16:47:29] [169/324] INAC
[16:47:30] [170/324] BMCA
[16:47:31] [171/324] SHCB
[16:47:32] [172/324] GABA
[16:47:33] [173/324] SBCT
[16:47:34] [174/324] GCMA
[16:47:35] [175/324] MYTK
[16:47:36] [176/324] INZS
[16:47:37] [177/324] RMIK
[16:47:38] [178/324] NYCH
[16:47:38] [179/324] RAVE
[16:47:39] [180/324] PSXM
[16:47:40] [181/324] MCGP
[16:47:41] [182/324] PDDK
[16:47:41] [183/324] SPCK
[16:47:42] [184/324] MCRL
[16:47:43] [185/324] MHKT
[16:47:44] [186/324] ANRR
[16:47:45] [187/324] SAPK
[16:47:46] [188/324] NCUK
[16:47:46] [189/324] JUGA
[16:47:47] [190/324] DBSC
[16:47:48] [191/324] LALK
[16:47:49] [192/324] GUCK
[16:47:50] [193/324] STSG
[16:47:50] [194/324] PPPZ
[16:47:51] [195/324] CNCY
[16:47:52] [196/324] MTAR
[16:47:53] [197/324] VNKD
[16:47:54] [198/324] KMAJ
[16:47:55] [199/324] ACXK
[16:47:56] [200/324] UTKC
[16:47:57] [201/324] PBLK
[16:47:58] [202/324] ACBX
[16:47:59] [203/324] PTGM
[16:48:01] [204/324] BTDA
[16:48:01] [205/324] PJMB
[16:48:02] [206/324] TPDA
[16:48:03] [207/324] AMOE
[16:48:04] [208/324] PRHT
[16:48:05] [209/324] PRTA
[16:48:06] [210/324] STAM
[16:48:07] [211/324] MSAA
[16:48:08] [212/324] SDLU
[16:48:08] [213/324] RCHH
[16:48:09] [214/324] KANT
[16:48:10] [215/324] FCRT
[16:48:11] [216/324] DNKM
[16:48:12] [217/324] RYCP
[16:48:13] [218/324] MYRP
[16:48:14] [219/324] PPAK
[16:48:15] [220/324] NVPK
[16:48:16] [221/324] PRMC
[16:48:17] [222/324] JBCS
[16:48:17] [223/324] GXCK
[16:48:18] [224/324] USKO
[16:48:19] [225/324] GTEM
[16:48:19] [226/324] SMBU
[16:48:21] [227/324] VETC
[16:48:22] [228/324] LCDA
[16:48:23] [229/324] MTVT
[16:48:24] [230/324] PYCP
[16:48:24] [231/324] PNSC
[16:48:26] [232/324] PPCC
[16:48:27] [233/324] TGRT
[16:48:28] [234/324] JYOT
[16:48:29] [235/324] SRCZ
[16:48:30] [236/324] SJTE
[16:48:31] [237/324] DESC
[16:48:31] [238/324] JHVN
[16:48:32] [239/324] IPSG
[16:48:33] [240/324] IPCM
[16:48:34] [241/324] PDRS
[16:48:35] [242/324] ANCV
[16:48:36] [243/324] CMVV
[16:48:36] [244/324] SHYP
[16:48:38] [245/324] DNCS
[16:48:38] [246/324] GAJK
[16:48:39] [247/324] AKTN
[16:48:41] [248/324] KAYA
[16:48:42] [249/324] SBRC
[16:48:43] [250/324] CHTP
[16:48:44] [251/324] SHRT
[16:48:45] [252/324] BCKU
[16:48:46] [253/324] FCPS
[16:48:46] [254/324] ARDD
[16:48:48] [255/324] CPCM
[16:48:49] [256/324] CGSM
[16:48:50] [257/324] PSMP
[16:48:51] [258/324] SDAL
[16:48:52] [259/324] RTNB
[16:48:53] [260/324] LMCR
[16:48:55] [261/324] CIMA
[16:48:55] [262/324] RNAS
[16:48:56] [263/324] LITH
[16:48:57] [264/324] PBOX
[16:48:58] [265/324] FRTS
[16:48:59] [266/324] RKIC
[16:49:00] [267/324] PTAI
[16:49:01] [268/324] GCIC
[16:49:02] [269/324] FNAS
[16:49:03] [270/324] SCAR
[16:49:04] [271/324] MTCA
[16:49:05] [272/324] SCTS
[16:49:06] [273/324] SYCS
[16:49:07] [274/324] RDMS
[16:49:08] [275/324] KAMP
[16:49:09] [276/324] ERSD
[16:49:09] [277/324] MJMJ
[16:49:10] [278/324] SRCJ
[16:49:11] [279/324] SCXE
[16:49:11] [280/324] SVFR
[16:49:12] [281/324] BHCS
[16:49:13] [282/324] IMCC
[16:49:14] [283/324] PCBO
[16:49:15] [284/324] PRVN
[16:49:15] [285/324] AUPM
[16:49:17] [286/324] INBW
[16:49:17] [287/324] SVCW
[16:49:19] [288/324] RKCF
[16:49:20] [289/324] UVBH
[16:49:21] [290/324] DNCY
[16:49:21] [291/324] ABCN
[16:49:22] [292/324] PRUR
[16:49:23] [293/324] PFMR
[16:49:24] [294/324] RKCN
[16:49:24] [295/324] CFEA
[16:49:25] [296/324] SDBG
[16:49:26] [297/324] SNAR
[16:49:27] [298/324] YISI
[16:49:28] [299/324] JCFF
[16:49:29] [300/324] VTRK
[16:49:29] [301/324] PCLZ
[16:49:31] [302/324] DIMY
[16:49:32] [303/324] BBTS
[16:49:33] [304/324] GATH
[16:49:34] [305/324] GTMN
[16:49:34] [306/324] VTMH
[16:49:36] [307/324] CCKP
[16:49:37] [308/324] GPKA
[16:49:37] [309/324] MHCL
[16:49:38] [310/324] ATCL
[16:49:39] [311/324] SBCK
[16:49:40] [312/324] AMMR
[16:49:41] [313/324] MADC
[16:49:42] [314/324] TMMA
[16:49:43] [315/324] CACC
[16:49:44] [316/324] CHAL
[16:49:44] [317/324] DURG
[16:49:46] [318/324] GMKU
[16:49:46] [319/324] GECA
[16:49:48] [320/324] KYRR
[16:49:49] [321/324] KSDE
[16:49:50] [322/324] LMCI
[16:49:50] [323/324] NKCP
[16:49:51] [324/324] BGTC
[16:49:52] 🧹 Deduping shows
[16:49:52] ✅ DONE | Shows=290 | Movies=34
