[00:05:01] 🚀 BMS DAILY TRACKER STARTED
[00:05:01] [1/445] TGMR
[00:05:01] 🧠 New identity
[00:05:02] [2/445] CXKR
[00:05:03] [3/445] SROP
[00:05:04] [4/445] GTSV
[00:05:05] [5/445] SNTY
[00:05:05] [6/445] SMYY
[00:05:06] [7/445] CNCS
[00:05:07] [8/445] CSTM
[00:05:08] [9/445] NUCD
[00:05:09] [10/445] SHCZ
[00:05:10] [11/445] NJCT
[00:05:11] [12/445] COPC
[00:05:12] [13/445] STVV
[00:05:13] [14/445] SKRN
[00:05:14] [15/445] APPZ
[00:05:14] [16/445] YMGN
[00:05:15] [17/445] SVTU
[00:05:16] [18/445] GTAD
[00:05:16] [19/445] PSUS
[00:05:17] [20/445] SMCD
[00:05:18] [21/445] CMCM
[00:05:19] [22/445] SYCT
[00:05:20] [23/445] STLY
[00:05:21] [24/445] CMHU
[00:05:22] [25/445] CMSA
[00:05:23] [26/445] CLCU
[00:05:24] [27/445] PPNT
[00:05:25] [28/445] JTAB
[00:05:26] [29/445] BUUC
[00:05:27] [30/445] BSVK
[00:05:28] [31/445] VVVQ
[00:05:29] [32/445] TKMU
[00:05:30] [33/445] ESYL
[00:05:30] [34/445] ACHP
[00:05:31] [35/445] BTKD
[00:05:32] [36/445] DESA
[00:05:33] [37/445] GBCT
[00:05:34] [38/445] BLLD
[00:05:35] [39/445] SKNT
[00:05:36] [40/445] SSTE
[00:05:37] [41/445] VJMR
[00:05:38] [42/445] NTPU
[00:05:39] [43/445] RDKN
[00:05:40] [44/445] ADGC
[00:05:41] [45/445] VRBP
[00:05:43] [46/445] NMNA
[00:05:44] [47/445] CMMX
[00:05:44] [48/445] PTKO
[00:05:46] [49/445] RBML
[00:05:47] [50/445] SAIC
[00:05:47] [51/445] SVTJ
[00:05:48] [52/445] MRTE
[00:05:49] [53/445] RBTP
[00:05:50] [54/445] NLPS
[00:05:51] [55/445] GTNA
[00:05:52] [56/445] DGGC
[00:05:53] [57/445] SMCR
[00:05:54] [58/445] SCGD
[00:05:55] [59/445] SRRJ
[00:05:56] [60/445] CNRY
[00:05:57] [61/445] KTDI
[00:05:58] [62/445] SNJL
[00:05:59] [63/445] RKMD
[00:06:00] [64/445] SMDC
[00:06:01] [65/445] TADG
[00:06:01] [66/445] MCGS
[00:06:02] [67/445] PETK
[00:06:04] [68/445] CHAG
[00:06:05] [69/445] KSTL
[00:06:06] [70/445] AADS
[00:06:06] [71/445] NTHZ
[00:06:07] [72/445] HCKI
[00:06:08] [73/445] SSEF
[00:06:10] [74/445] MCGX
[00:06:11] [75/445] ERRA
[00:06:12] [76/445] SDTW
[00:06:12] [77/445] RMPK
[00:06:13] [78/445] PTHK
[00:06:14] [79/445] PXCS
[00:06:15] [80/445] SVLU
[00:06:15] [81/445] STAH
[00:06:16] [82/445] JRGF
[00:06:18] [83/445] CDOK
[00:06:19] [84/445] CMSG
[00:06:20] [85/445] APTD
[00:06:21] [86/445] KMPG
[00:06:21] [87/445] MUTJ
[00:06:22] [88/445] VCCI
[00:06:23] [89/445] URBE
[00:06:24] [90/445] TCTS
[00:06:25] [91/445] STSN
[00:06:26] [92/445] AKCH
[00:06:27] [93/445] APSC
[00:06:27] [94/445] VLTB
[00:06:28] [95/445] SANU
[00:06:29] [96/445] AXAM
[00:06:30] [97/445] MGMG
[00:06:31] [98/445] HTBY
[00:06:32] [99/445] MMZS
[00:06:33] [100/445] SUDR
[00:06:34] [101/445] CCAD
[00:06:35] [102/445] SKKC
[00:06:36] [103/445] RMCD
[00:06:37] [104/445] SBCQ
[00:06:38] [105/445] DCCT
[00:06:39] [106/445] VTKP
[00:06:40] [107/445] MLAM
[00:06:41] [108/445] SAVT
[00:06:42] [109/445] GEPL
[00:06:43] [110/445] AMCD
[00:06:44] [111/445] CCXR
[00:06:45] [112/445] GRNG
[00:06:46] [113/445] EBCA
[00:06:47] [114/445] CNVG
[00:06:49] [115/445] MWSS
[00:06:50] [116/445] VBOR
[00:06:51] [117/445] NEEB
[00:06:51] [118/445] SUTH
[00:06:52] [119/445] ANDB
[00:06:53] [120/445] MMXS
[00:06:54] [121/445] CNPD
[00:06:55] [122/445] SDCE
[00:06:56] [123/445] DHCB
[00:06:57] [124/445] ODEN
[00:06:58] [125/445] TNTC
[00:06:59] [126/445] VBKM
[00:07:00] [127/445] RZYM
[00:07:01] [128/445] JEMC
[00:07:02] [129/445] CMAU
[00:07:03] [130/445] SIVP
[00:07:03] [131/445] ATAG
[00:07:04] [132/445] CHTM
[00:07:05] [133/445] AAEE
[00:07:06] [134/445] IWPM
[00:07:07] [135/445] KCMW
[00:07:08] [136/445] MCTD
[00:07:09] [137/445] SPWR
[00:07:10] [138/445] SDPO
[00:07:11] [139/445] PCSK
[00:07:12] [140/445] ACHV
[00:07:13] [141/445] SVLA
[00:07:14] [142/445] PICT
[00:07:15] [143/445] BXDR
[00:07:16] [144/445] SPWA
[00:07:17] [145/445] MCKO
[00:07:18] [146/445] RTHK
[00:07:19] [147/445] CCMF
[00:07:20] [148/445] MRGB
[00:07:20] [149/445] CPLC
[00:07:22] [150/445] RACD
[00:07:23] [151/445] ATKT
[00:07:24] [152/445] SARN
[00:07:24] [153/445] KKUI
[00:07:25] [154/445] RGCM
[00:07:26] [155/445] BRVP
[00:07:27] [156/445] HRSR
[00:07:27] [157/445] GKGM
[00:07:28] [158/445] TTCD
[00:07:29] [159/445] PTTI
[00:07:30] [160/445] MPTT
[00:07:31] [161/445] CVTT
[00:07:32] [162/445] PCXD
[00:07:33] [163/445] GCDC
[00:07:33] [164/445] CCCF
[00:07:34] [165/445] MRAD
[00:07:35] [166/445] CPLK
[00:07:36] [167/445] SATB
[00:07:37] [168/445] SNVG
[00:07:38] [169/445] JMBA
[00:07:39] [170/445] TEJA
[00:07:40] [171/445] STYO
[00:07:41] [172/445] JTBP
[00:07:42] [173/445] KRGD
[00:07:43] [174/445] SLJJ
[00:07:44] [175/445] SPTJ
[00:07:44] [176/445] SWJG
[00:07:45] [177/445] LKRT
[00:07:46] [178/445] KCKA
[00:07:47] [179/445] SNCR
[00:07:48] [180/445] SMKL
[00:07:49] [181/445] GCFA
[00:07:50] [182/445] DDCK
[00:07:51] [183/445] NCHJ
[00:07:52] [184/445] RDMA
[00:07:53] [185/445] SVSV
[00:07:54] [186/445] SCJG
[00:07:55] [187/445] VKLP
[00:07:56] [188/445] NWCC
[00:07:57] [189/445] VKNS
[00:07:58] [190/445] SDDP
[00:07:58] [191/445] ACSI
[00:07:59] [192/445] SATG
[00:08:00] [193/445] SCMW
[00:08:01] [194/445] LKTK
[00:08:03] [195/445] VCKV
[00:08:03] [196/445] KKPE
[00:08:04] [197/445] KIGH
[00:08:05] [198/445] SRPM
[00:08:06] [199/445] SCAH
[00:08:07] [200/445] MUTA
[00:08:08] [201/445] SEPU
[00:08:09] [202/445] INOA
[00:08:11] [203/445] BASK
[00:08:11] [204/445] NECB
[00:08:12] [205/445] GTTG
[00:08:13] [206/445] ASSA
[00:08:14] [207/445] ANCL
[00:08:15] [208/445] GCTI
[00:08:16] [209/445] RCTS
[00:08:18] [210/445] ACNL
[00:08:19] [211/445] MYCT
[00:08:21] [212/445] NMHT
[00:08:21] [213/445] MDIT
[00:08:22] [214/445] LATG
[00:08:23] [215/445] SMTY
[00:08:25] [216/445] CVCT
[00:08:26] [217/445] RAMB
[00:08:26] [218/445] TGMS
[00:08:27] [219/445] BHEL
[00:08:28] [220/445] SHCT
[00:08:29] [221/445] SVCT
[00:08:30] [222/445] MRIY
[00:08:31] [223/445] SARO
[00:08:32] [224/445] STCT
[00:08:33] [225/445] JKKC
[00:08:34] [226/445] PLTT
[00:08:35] [227/445] SRNT
[00:08:36] [228/445] YAST
[00:08:37] [229/445] PERL
[00:08:37] [230/445] CICM
[00:08:38] [231/445] MMTR
[00:08:39] [232/445] ABTK
[00:08:40] [233/445] ATYY
[00:08:41] [234/445] ASTK
[00:08:43] [235/445] VVCK
[00:08:44] [236/445] ATKY
[00:08:44] [237/445] GWEK
[00:08:45] [238/445] SVFH
[00:08:46] [239/445] SLTA
[00:08:47] [240/445] AASH
[00:08:49] [241/445] ACXB
[00:08:50] [242/445] SMTX
[00:08:51] [243/445] AZDH
[00:08:52] [244/445] CMMH
[00:08:54] [245/445] SCSZ
[00:08:55] [246/445] SCKP
[00:08:55] [247/445] NXTM
[00:08:56] [248/445] NWCS
[00:08:57] [249/445] CXMH
[00:08:58] [250/445] PCMA
[00:08:59] [251/445] SGCM
[00:08:59] [252/445] SDTU
[00:09:00] [253/445] MMVI
[00:09:01] [254/445] JKCM
[00:09:02] [255/445] VCMM
[00:09:04] [256/445] SYEE
[00:09:05] [257/445] VASD
[00:09:05] [258/445] BDRB
[00:09:06] [259/445] LASM
[00:09:07] [260/445] DCRL
[00:09:08] [261/445] DVPM
[00:09:09] [262/445] SBMJ
[00:09:10] [263/445] CBMU
[00:09:10] [264/445] IUBS
[00:09:11] [265/445] INAP
[00:09:12] [266/445] SRRC
[00:09:13] [267/445] SAGR
[00:09:14] [268/445] CPMJ
[00:09:14] [269/445] ATJL
[00:09:15] [270/445] NNTD
[00:09:16] [271/445] JHCJ
[00:09:17] [272/445] CMMP
[00:09:19] [273/445] RSDR
[00:09:20] [274/445] AMTI
[00:09:21] [275/445] NYSG
[00:09:22] [276/445] AVSG
[00:09:22] [277/445] SYTP
[00:09:23] [278/445] LARC
[00:09:24] [279/445] RJTP
[00:09:25] [280/445] LAKC
[00:09:27] [281/445] MCXE
[00:09:28] [282/445] CCZC
[00:09:29] [283/445] AVCH
[00:09:30] [284/445] CMBE
[00:09:31] [285/445] MRRC
[00:09:32] [286/445] PCPY
[00:09:33] [287/445] SRMH
[00:09:33] [288/445] SVGS
[00:09:35] [289/445] PCSE
[00:09:36] [290/445] SVFT
[00:09:37] [291/445] TNZP
[00:09:38] [292/445] ICTP
[00:09:39] [293/445] ACTZ
[00:09:40] [294/445] GTUR
[00:09:41] [295/445] MAFC
[00:09:42] [296/445] MINL
[00:09:43] [297/445] MRCL
[00:09:44] [298/445] RCRP
[00:09:45] [299/445] RFFG
[00:09:46] [300/445] RMAS
[00:09:47] [301/445] INVR
[00:09:48] [302/445] RMAR
[00:09:49] [303/445] CNIS
[00:09:50] [304/445] RHRJ
[00:09:51] [305/445] INXR
[00:09:53] [306/445] VALT
[00:09:54] [307/445] LCSH
[00:09:54] [308/445] CMVS
[00:09:55] [309/445] CNMS
[00:09:56] [310/445] ROOG
[00:09:57] [311/445] ISRM
[00:09:58] [312/445] RCRM
[00:09:59] [313/445] ACJA
[00:10:00] [314/445] RCVS
[00:10:01] [315/445] CPUS
[00:10:02] [316/445] TGCS
[00:10:03] [317/445] RKCJ
[00:10:04] [318/445] MKSB
[00:10:05] [319/445] TCSJ
[00:10:05] [320/445] RMGP
[00:10:07] [321/445] CLLP
[00:10:08] [322/445] RCMV
[00:10:09] [323/445] CCKS
[00:10:10] [324/445] RSRP
[00:10:11] [325/445] APLP
[00:10:12] [326/445] CNVS
[00:10:12] [327/445] RMVY
[00:10:14] [328/445] PGBD
[00:10:14] [329/445] KLMS
[00:10:15] [330/445] RUST
[00:10:16] [331/445] MASM
[00:10:17] [332/445] BACS
[00:10:18] [333/445] BWST
[00:10:19] [334/445] RRFH
[00:10:20] [335/445] SJTM
[00:10:21] [336/445] BEMR
[00:10:22] [337/445] MCGR
[00:10:22] [338/445] SDSK
[00:10:23] [339/445] VBOL
[00:10:25] [340/445] RMGM
[00:10:26] [341/445] NOPL
[00:10:27] [342/445] MKJK
[00:10:28] [343/445] CVRN
[00:10:29] [344/445] MMEN
[00:10:29] [345/445] AMNG
[00:10:31] [346/445] INTM
[00:10:33] [347/445] SLCZ
[00:10:33] [348/445] AMJN
[00:10:34] [349/445] ACJN
[00:10:35] [350/445] AMKN
[00:10:37] [351/445] BTCN
[00:10:37] [352/445] AMBT
[00:10:38] [353/445] PACN
[00:10:39] [354/445] LCNS
[00:10:40] [355/445] PPKC
[00:10:41] [356/445] JYYN
[00:10:42] [357/445] JTNR
[00:10:43] [358/445] GTEE
[00:10:44] [359/445] SRNM
[00:10:45] [360/445] SDTC
[00:10:46] [361/445] VPCA
[00:10:47] [362/445] VLRA
[00:10:48] [363/445] SHKR
[00:10:49] [364/445] SBKD
[00:10:51] [365/445] SAAD
[00:10:52] [366/445] JTGN
[00:10:52] [367/445] SLAM
[00:10:53] [368/445] VTPM
[00:10:54] [369/445] ANPT
[00:10:55] [370/445] PUNB
[00:10:56] [371/445] CPKT
[00:10:57] [372/445] CNWE
[00:10:58] [373/445] ECPP
[00:10:59] [374/445] CPAR
[00:11:00] [375/445] ESBW
[00:11:01] [376/445] PKPU
[00:11:02] [377/445] CPRP
[00:11:03] [378/445] RAHU
[00:11:04] [379/445] RHMN
[00:11:05] [380/445] FMJP
[00:11:06] [381/445] CTMP
[00:11:08] [382/445] INPN
[00:11:08] [383/445] STTG
[00:11:09] [384/445] CTRD
[00:11:10] [385/445] PUVB
[00:11:12] [386/445] ESVP
[00:11:13] [387/445] CPFT
[00:11:14] [388/445] LCPC
[00:11:14] [389/445] VBCT
[00:11:15] [390/445] FSCW
[00:11:16] [391/445] VCMP
[00:11:16] [392/445] ASHC
[00:11:17] [393/445] VLCX
[00:11:18] [394/445] SHEV
[00:11:19] [395/445] APCO
[00:11:20] [396/445] SILC
[00:11:21] [397/445] SNMR
[00:11:22] [398/445] KYBO
[00:11:23] [399/445] SATK
[00:11:25] [400/445] SSCS
[00:11:25] [401/445] CLSB
[00:11:26] [402/445] KMJR
[00:11:27] [403/445] FSCK
[00:11:28] [404/445] NNKA
[00:11:29] [405/445] CLMK
[00:11:30] [406/445] DMPZ
[00:11:31] [407/445] INQM
[00:11:33] [408/445] CAML
[00:11:34] [409/445] INRK
[00:11:35] [410/445] IMKN
[00:11:36] [411/445] SVNR
[00:11:37] [412/445] INSL
[00:11:37] [413/445] MSMA
[00:11:38] [414/445] MCKK
[00:11:39] [415/445] FCHP
[00:11:40] [416/445] SFCR
[00:11:41] [417/445] NACK
[00:11:41] [418/445] PVAK
[00:11:42] [419/445] INER
[00:11:44] [420/445] RDBK
[00:11:44] [421/445] SVFN
[00:11:45] [422/445] IFRM
[00:11:46] [423/445] ATCK
[00:11:47] [424/445] ASKO
[00:11:48] [425/445] STKT
[00:11:49] [426/445] SVFB
[00:11:50] [427/445] INKS
[00:11:50] [428/445] PCRA
[00:11:51] [429/445] ATJA
[00:11:52] [430/445] IMJN
[00:11:53] [431/445] INHD
[00:11:54] [432/445] BARA
[00:11:55] [433/445] MCSL
[00:11:56] [434/445] RTOY
[00:11:58] [435/445] MENO
[00:11:58] [436/445] PUDM
[00:11:59] [437/445] PRCN
[00:12:00] [438/445] JMJR
[00:12:01] [439/445] SSGK
[00:12:02] [440/445] SSRL
[00:12:02] [441/445] JYKL
[00:12:03] [442/445] ACNB
[00:12:04] [443/445] SONP
[00:12:05] [444/445] EMCI
[00:12:06] [445/445] MRJH
[00:12:07] ✅ DONE | Shows=1 | Movies=1
[00:53:53] 🚀 BMS DAILY TRACKER STARTED
[00:53:53] [1/445] TGMR
[00:53:53] 🧠 New identity
[00:53:54] [2/445] CXKR
[00:53:55] [3/445] SROP
[00:53:56] [4/445] GTSV
[00:53:57] [5/445] SNTY
[00:53:59] [6/445] SMYY
[00:53:59] [7/445] CNCS
[00:54:00] [8/445] CSTM
[00:54:01] [9/445] NUCD
[00:54:02] [10/445] SHCZ
[00:54:03] [11/445] NJCT
[00:54:04] [12/445] COPC
[00:54:05] [13/445] STVV
[00:54:06] [14/445] SKRN
[00:54:07] [15/445] APPZ
[00:54:08] [16/445] YMGN
[00:54:09] [17/445] SVTU
[00:54:10] [18/445] GTAD
[00:54:10] [19/445] PSUS
[00:54:11] [20/445] SMCD
[00:54:12] [21/445] CMCM
[00:54:13] [22/445] SYCT
[00:54:14] [23/445] STLY
[00:54:15] [24/445] CMHU
[00:54:16] [25/445] CMSA
[00:54:17] [26/445] CLCU
[00:54:19] [27/445] PPNT
[00:54:20] [28/445] JTAB
[00:54:20] [29/445] BUUC
[00:54:21] [30/445] BSVK
[00:54:22] [31/445] VVVQ
[00:54:24] [32/445] TKMU
[00:54:25] [33/445] ESYL
[00:54:26] [34/445] ACHP
[00:54:27] [35/445] BTKD
[00:54:28] [36/445] DESA
[00:54:29] [37/445] GBCT
[00:54:30] [38/445] BLLD
[00:54:31] [39/445] SKNT
[00:54:33] [40/445] SSTE
[00:54:33] [41/445] VJMR
[00:54:35] [42/445] NTPU
[00:54:36] [43/445] RDKN
[00:54:37] [44/445] ADGC
[00:54:38] [45/445] VRBP
[00:54:40] [46/445] NMNA
[00:54:41] [47/445] CMMX
[00:54:41] [48/445] PTKO
[00:54:42] [49/445] RBML
[00:54:43] [50/445] SAIC
[00:54:44] [51/445] SVTJ
[00:54:45] [52/445] MRTE
[00:54:46] [53/445] RBTP
[00:54:47] [54/445] NLPS
[00:54:48] [55/445] GTNA
[00:54:49] [56/445] DGGC
[00:54:49] [57/445] SMCR
[00:54:50] [58/445] SCGD
[00:54:51] [59/445] SRRJ
[00:54:52] [60/445] CNRY
[00:54:53] [61/445] KTDI
[00:54:54] [62/445] SNJL
[00:54:55] [63/445] RKMD
[00:54:56] [64/445] SMDC
[00:54:57] [65/445] TADG
[00:54:57] [66/445] MCGS
[00:54:59] [67/445] PETK
[00:54:59] [68/445] CHAG
[00:55:00] [69/445] KSTL
[00:55:01] [70/445] AADS
[00:55:02] [71/445] NTHZ
[00:55:03] [72/445] HCKI
[00:55:04] [73/445] SSEF
[00:55:05] [74/445] MCGX
[00:55:06] [75/445] ERRA
[00:55:07] [76/445] SDTW
[00:55:08] [77/445] RMPK
[00:55:08] [78/445] PTHK
[00:55:09] [79/445] PXCS
[00:55:10] [80/445] SVLU
[00:55:11] [81/445] STAH
[00:55:12] [82/445] JRGF
[00:55:13] [83/445] CDOK
[00:55:13] [84/445] CMSG
[00:55:14] [85/445] APTD
[00:55:15] [86/445] KMPG
[00:55:16] [87/445] MUTJ
[00:55:17] [88/445] VCCI
[00:55:18] [89/445] URBE
[00:55:19] [90/445] TCTS
[00:55:20] [91/445] STSN
[00:55:21] [92/445] AKCH
[00:55:22] [93/445] APSC
[00:55:23] [94/445] VLTB
[00:55:24] [95/445] SANU
[00:55:24] [96/445] AXAM
[00:55:25] [97/445] MGMG
[00:55:26] [98/445] HTBY
[00:55:27] [99/445] MMZS
[00:55:28] [100/445] SUDR
[00:55:29] [101/445] CCAD
[00:55:30] [102/445] SKKC
[00:55:31] [103/445] RMCD
[00:55:32] [104/445] SBCQ
[00:55:33] [105/445] DCCT
[00:55:34] [106/445] VTKP
[00:55:35] [107/445] MLAM
[00:55:35] [108/445] SAVT
[00:55:36] [109/445] GEPL
[00:55:37] [110/445] AMCD
[00:55:38] [111/445] CCXR
[00:55:39] [112/445] GRNG
[00:55:40] [113/445] EBCA
[00:55:41] [114/445] CNVG
[00:55:41] [115/445] MWSS
[00:55:42] [116/445] VBOR
[00:55:43] [117/445] NEEB
[00:55:45] [118/445] SUTH
[00:55:45] [119/445] ANDB
[00:55:46] [120/445] MMXS
[00:55:47] [121/445] CNPD
[00:55:48] [122/445] SDCE
[00:55:49] [123/445] DHCB
[00:55:50] [124/445] ODEN
[00:55:51] [125/445] TNTC
[00:55:52] [126/445] VBKM
[00:55:53] [127/445] RZYM
[00:55:54] [128/445] JEMC
[00:55:55] [129/445] CMAU
[00:55:56] [130/445] SIVP
[00:55:57] [131/445] ATAG
[00:55:58] [132/445] CHTM
[00:55:59] [133/445] AAEE
[00:56:00] [134/445] IWPM
[00:56:01] [135/445] KCMW
[00:56:02] [136/445] MCTD
[00:56:03] [137/445] SPWR
[00:56:04] [138/445] SDPO
[00:56:05] [139/445] PCSK
[00:56:06] [140/445] ACHV
[00:56:07] [141/445] SVLA
[00:56:09] [142/445] PICT
[00:56:09] [143/445] BXDR
[00:56:10] [144/445] SPWA
[00:56:11] [145/445] MCKO
[00:56:13] [146/445] RTHK
[00:56:14] [147/445] CCMF
[00:56:14] [148/445] MRGB
[00:56:15] [149/445] CPLC
[00:56:17] [150/445] RACD
[00:56:18] [151/445] ATKT
[00:56:19] [152/445] SARN
[00:56:20] [153/445] KKUI
[00:56:21] [154/445] RGCM
[00:56:22] [155/445] BRVP
[00:56:23] [156/445] HRSR
[00:56:24] [157/445] GKGM
[00:56:25] [158/445] TTCD
[00:56:26] [159/445] PTTI
[00:56:26] [160/445] MPTT
[00:56:27] [161/445] CVTT
[00:56:28] [162/445] PCXD
[00:56:30] [163/445] GCDC
[00:56:31] [164/445] CCCF
[00:56:32] [165/445] MRAD
[00:56:34] [166/445] CPLK
[00:56:35] [167/445] SATB
[00:56:36] [168/445] SNVG
[00:56:37] [169/445] JMBA
[00:56:38] [170/445] TEJA
[00:56:39] [171/445] STYO
[00:56:40] [172/445] JTBP
[00:56:41] [173/445] KRGD
[00:56:42] [174/445] SLJJ
[00:56:42] [175/445] SPTJ
[00:56:44] [176/445] SWJG
[00:56:45] [177/445] LKRT
[00:56:45] [178/445] KCKA
[00:56:46] [179/445] SNCR
[00:56:47] [180/445] SMKL
[00:56:48] [181/445] GCFA
[00:56:49] [182/445] DDCK
[00:56:50] [183/445] NCHJ
[00:56:50] [184/445] RDMA
[00:56:51] [185/445] SVSV
[00:56:52] [186/445] SCJG
[00:56:53] [187/445] VKLP
[00:56:53] [188/445] NWCC
[00:56:54] [189/445] VKNS
[00:56:55] [190/445] SDDP
[00:56:56] [191/445] ACSI
[00:56:57] [192/445] SATG
[00:56:58] [193/445] SCMW
[00:56:59] [194/445] LKTK
[00:57:01] [195/445] VCKV
[00:57:02] [196/445] KKPE
[00:57:02] [197/445] KIGH
[00:57:03] [198/445] SRPM
[00:57:04] [199/445] SCAH
[00:57:05] [200/445] MUTA
[00:57:06] [201/445] SEPU
[00:57:06] [202/445] INOA
[00:57:08] [203/445] BASK
[00:57:09] [204/445] NECB
[00:57:09] [205/445] GTTG
[00:57:10] [206/445] ASSA
[00:57:11] [207/445] ANCL
[00:57:12] [208/445] GCTI
[00:57:13] [209/445] RCTS
[00:57:14] [210/445] ACNL
[00:57:14] [211/445] MYCT
[00:57:16] [212/445] NMHT
[00:57:17] [213/445] MDIT
[00:57:18] [214/445] LATG
[00:57:19] [215/445] SMTY
[00:57:21] [216/445] CVCT
[00:57:21] [217/445] RAMB
[00:57:22] [218/445] TGMS
[00:57:24] [219/445] BHEL
[00:57:25] [220/445] SHCT
[00:57:26] [221/445] SVCT
[00:57:26] [222/445] MRIY
[00:57:27] [223/445] SARO
[00:57:28] [224/445] STCT
[00:57:29] [225/445] JKKC
[00:57:30] [226/445] PLTT
[00:57:31] [227/445] SRNT
[00:57:31] [228/445] YAST
[00:57:32] [229/445] PERL
[00:57:33] [230/445] CICM
[00:57:35] [231/445] MMTR
[00:57:35] [232/445] ABTK
[00:57:36] [233/445] ATYY
[00:57:37] [234/445] ASTK
[00:57:39] [235/445] VVCK
[00:57:40] [236/445] ATKY
[00:57:40] [237/445] GWEK
[00:57:41] [238/445] SVFH
[00:57:42] [239/445] SLTA
[00:57:43] [240/445] AASH
[00:57:44] [241/445] ACXB
[00:57:45] [242/445] SMTX
[00:57:46] [243/445] AZDH
[00:57:47] [244/445] CMMH
[00:57:47] [245/445] SCSZ
[00:57:48] [246/445] SCKP
[00:57:49] [247/445] NXTM
[00:57:50] [248/445] NWCS
[00:57:51] [249/445] CXMH
[00:57:52] [250/445] PCMA
[00:57:53] [251/445] SGCM
[00:57:53] [252/445] SDTU
[00:57:54] [253/445] MMVI
[00:57:55] [254/445] JKCM
[00:57:56] [255/445] VCMM
[00:57:57] [256/445] SYEE
[00:57:58] [257/445] VASD
[00:57:59] [258/445] BDRB
[00:58:01] [259/445] LASM
[00:58:02] [260/445] DCRL
[00:58:02] [261/445] DVPM
[00:58:03] [262/445] SBMJ
[00:58:04] [263/445] CBMU
[00:58:05] [264/445] IUBS
[00:58:06] [265/445] INAP
[00:58:06] [266/445] SRRC
[00:58:07] [267/445] SAGR
[00:58:08] [268/445] CPMJ
[00:58:09] [269/445] ATJL
[00:58:10] [270/445] NNTD
[00:58:11] [271/445] JHCJ
[00:58:12] [272/445] CMMP
[00:58:13] [273/445] RSDR
[00:58:14] [274/445] AMTI
[00:58:15] [275/445] NYSG
[00:58:16] [276/445] AVSG
[00:58:17] [277/445] SYTP
[00:58:18] [278/445] LARC
[00:58:19] [279/445] RJTP
[00:58:20] [280/445] LAKC
[00:58:21] [281/445] MCXE
[00:58:22] [282/445] CCZC
[00:58:23] [283/445] AVCH
[00:58:24] [284/445] CMBE
[00:58:25] [285/445] MRRC
[00:58:25] [286/445] PCPY
[00:58:26] [287/445] SRMH
[00:58:27] [288/445] SVGS
[00:58:28] [289/445] PCSE
[00:58:29] [290/445] SVFT
[00:58:30] [291/445] TNZP
[00:58:31] [292/445] ICTP
[00:58:32] [293/445] ACTZ
[00:58:33] [294/445] GTUR
[00:58:34] [295/445] MAFC
[00:58:35] [296/445] MINL
[00:58:36] [297/445] MRCL
[00:58:37] [298/445] RCRP
[00:58:38] [299/445] RFFG
[00:58:38] [300/445] RMAS
[00:58:39] [301/445] INVR
[00:58:40] [302/445] RMAR
[00:58:41] [303/445] CNIS
[00:58:42] [304/445] RHRJ
[00:58:43] [305/445] INXR
[00:58:44] [306/445] VALT
[00:58:45] [307/445] LCSH
[00:58:45] [308/445] CMVS
[00:58:46] [309/445] CNMS
[00:58:47] [310/445] ROOG
[00:58:48] [311/445] ISRM
[00:58:49] [312/445] RCRM
[00:58:50] [313/445] ACJA
[00:58:51] [314/445] RCVS
[00:58:52] [315/445] CPUS
[00:58:53] [316/445] TGCS
[00:58:54] [317/445] RKCJ
[00:58:56] [318/445] MKSB
[00:58:56] [319/445] TCSJ
[00:58:57] [320/445] RMGP
[00:58:58] [321/445] CLLP
[00:58:59] [322/445] RCMV
[00:59:00] [323/445] CCKS
[00:59:01] [324/445] RSRP
[00:59:02] [325/445] APLP
[00:59:03] [326/445] CNVS
[00:59:04] [327/445] RMVY
[00:59:05] [328/445] PGBD
[00:59:07] [329/445] KLMS
[00:59:07] [330/445] RUST
[00:59:08] [331/445] MASM
[00:59:10] [332/445] BACS
[00:59:11] [333/445] BWST
[00:59:12] [334/445] RRFH
[00:59:12] [335/445] SJTM
[00:59:13] [336/445] BEMR
[00:59:14] [337/445] MCGR
[00:59:15] [338/445] SDSK
[00:59:16] [339/445] VBOL
[00:59:17] [340/445] RMGM
[00:59:18] [341/445] NOPL
[00:59:19] [342/445] MKJK
[00:59:20] [343/445] CVRN
[00:59:21] [344/445] MMEN
[00:59:22] [345/445] AMNG
[00:59:22] [346/445] INTM
[00:59:23] [347/445] SLCZ
[00:59:24] [348/445] AMJN
[00:59:25] [349/445] ACJN
[00:59:26] [350/445] AMKN
[00:59:27] [351/445] BTCN
[00:59:28] [352/445] AMBT
[00:59:29] [353/445] PACN
[00:59:30] [354/445] LCNS
[00:59:31] [355/445] PPKC
[00:59:32] [356/445] JYYN
[00:59:33] [357/445] JTNR
[00:59:33] [358/445] GTEE
[00:59:34] [359/445] SRNM
[00:59:35] [360/445] SDTC
[00:59:36] [361/445] VPCA
[00:59:38] [362/445] VLRA
[00:59:38] [363/445] SHKR
[00:59:39] [364/445] SBKD
[00:59:41] [365/445] SAAD
[00:59:42] [366/445] JTGN
[00:59:43] [367/445] SLAM
[00:59:43] [368/445] VTPM
[00:59:44] [369/445] ANPT
[00:59:45] [370/445] PUNB
[00:59:46] [371/445] CPKT
[00:59:47] [372/445] CNWE
[00:59:48] [373/445] ECPP
[00:59:48] [374/445] CPAR
[00:59:50] [375/445] ESBW
[00:59:51] [376/445] PKPU
[00:59:52] [377/445] CPRP
[00:59:52] [378/445] RAHU
[00:59:53] [379/445] RHMN
[00:59:55] [380/445] FMJP
[00:59:56] [381/445] CTMP
[00:59:57] [382/445] INPN
[00:59:58] [383/445] STTG
[00:59:59] [384/445] CTRD
[01:00:00] [385/445] PUVB
[01:00:02] [386/445] ESVP
[01:00:02] [387/445] CPFT
[01:00:03] [388/445] LCPC
[01:00:04] [389/445] VBCT
[01:00:05] [390/445] FSCW
[01:00:06] [391/445] VCMP
[01:00:07] [392/445] ASHC
[01:00:08] [393/445] VLCX
[01:00:09] [394/445] SHEV
[01:00:09] [395/445] APCO
[01:00:10] [396/445] SILC
[01:00:12] [397/445] SNMR
[01:00:13] [398/445] KYBO
[01:00:14] [399/445] SATK
[01:00:15] [400/445] SSCS
[01:00:15] [401/445] CLSB
[01:00:17] [402/445] KMJR
[01:00:18] [403/445] FSCK
[01:00:18] [404/445] NNKA
[01:00:20] [405/445] CLMK
[01:00:21] [406/445] DMPZ
[01:00:21] [407/445] INQM
[01:00:22] [408/445] CAML
[01:00:23] [409/445] INRK
[01:00:24] [410/445] IMKN
[01:00:25] [411/445] SVNR
[01:00:26] [412/445] INSL
[01:00:27] [413/445] MSMA
[01:00:28] [414/445] MCKK
[01:00:29] [415/445] FCHP
[01:00:29] [416/445] SFCR
[01:00:30] [417/445] NACK
[01:00:31] [418/445] PVAK
[01:00:32] [419/445] INER
[01:00:33] [420/445] RDBK
[01:00:34] [421/445] SVFN
[01:00:35] [422/445] IFRM
[01:00:36] [423/445] ATCK
[01:00:37] [424/445] ASKO
[01:00:38] [425/445] STKT
[01:00:39] [426/445] SVFB
[01:00:40] [427/445] INKS
[01:00:41] [428/445] PCRA
[01:00:42] [429/445] ATJA
[01:00:42] [430/445] IMJN
[01:00:43] [431/445] INHD
[01:00:44] [432/445] BARA
[01:00:45] [433/445] MCSL
[01:00:46] [434/445] RTOY
[01:00:47] [435/445] MENO
[01:00:48] [436/445] PUDM
[01:00:50] [437/445] PRCN
[01:00:51] [438/445] JMJR
[01:00:52] [439/445] SSGK
[01:00:53] [440/445] SSRL
[01:00:53] [441/445] JYKL
[01:00:54] [442/445] ACNB
[01:00:55] [443/445] SONP
[01:00:56] [444/445] EMCI
[01:00:57] [445/445] MRJH
[01:00:58] ✅ DONE | Shows=1 | Movies=1
