[00:05:01] 🚀 BMS DAILY TRACKER STARTED
[00:05:01] [1/459] FNDB
[00:05:01] 🧠 New identity
[00:05:02] [2/459] AMBH
[00:05:03] [3/459] PRHN
[00:05:04] [4/459] ACPM
[00:05:05] [5/459] PVFS
[00:05:06] [6/459] AACN
[00:05:08] [7/459] ACAS
[00:05:09] [8/459] CTNR
[00:05:10] [9/459] MMAH
[00:05:10] [10/459] CPMH
[00:05:11] [11/459] IGMH
[00:05:12] [12/459] ABCS
[00:05:13] [13/459] CMMA
[00:05:14] [14/459] GPRH
[00:05:15] [15/459] PNNG
[00:05:16] [16/459] AMCA
[00:05:17] [17/459] ISTN
[00:05:18] [18/459] PIIC
[00:05:19] [19/459] AHMH
[00:05:20] [20/459] ASHN
[00:05:22] [21/459] INHY
[00:05:23] [22/459] SRMO
[00:05:24] [23/459] PIMH
[00:05:24] [24/459] PVTS
[00:05:25] [25/459] MMCA
[00:05:26] [26/459] AKYJ
[00:05:27] [27/459] BRKH
[00:05:28] [28/459] MAHM
[00:05:29] [29/459] CPHY
[00:05:31] [30/459] PVTP
[00:05:32] [31/459] SMMR
[00:05:33] [32/459] PVHM
[00:05:34] [33/459] SNDY
[00:05:35] [34/459] GOKU
[00:05:37] [35/459] ACEV
[00:05:38] [36/459] PVUM
[00:05:39] [37/459] VSWA
[00:05:40] [38/459] IPRS
[00:05:41] [39/459] ASGN
[00:05:42] [40/459] BKMV
[00:05:43] [41/459] PVYH
[00:05:44] [42/459] INKM
[00:05:45] [43/459] ARJU
[00:05:46] [44/459] JJPP
[00:05:46] [45/459] SSRM
[00:05:48] [46/459] HMHD
[00:05:49] [47/459] SNKH
[00:05:50] [48/459] ACHI
[00:05:50] [49/459] MRAA
[00:05:51] [50/459] INMH
[00:05:52] [51/459] ARMH
[00:05:53] [52/459] DVRR
[00:05:54] [53/459] SUDA
[00:05:55] [54/459] MCSS
[00:05:56] [55/459] VRKC
[00:05:57] [56/459] PRCX
[00:05:57] [57/459] ASJY
[00:05:59] [58/459] MTHY
[00:06:00] [59/459] SRCM
[00:06:00] [60/459] TVHY
[00:06:01] [61/459] STHD
[00:06:02] [62/459] CPCL
[00:06:03] [63/459] PSMJ
[00:06:04] [64/459] MRGT
[00:06:06] [65/459] ARYH
[00:06:07] [66/459] VTRB
[00:06:08] [67/459] SCHC
[00:06:09] [68/459] MRRG
[00:06:10] [69/459] SPCB
[00:06:11] [70/459] AMCM
[00:06:12] [71/459] IVNM
[00:06:13] [72/459] TRHY
[00:06:13] [73/459] PTTH
[00:06:14] [74/459] RKMH
[00:06:15] [75/459] PRCS
[00:06:16] [76/459] VAJA
[00:06:17] [77/459] BJNG
[00:06:18] [78/459] SCVM
[00:06:18] [79/459] GNHB
[00:06:19] [80/459] TLUR
[00:06:20] [81/459] UKCC
[00:06:21] [82/459] SRKR
[00:06:22] [83/459] RMKN
[00:06:23] [84/459] SLRT
[00:06:24] [85/459] LKMT
[00:06:24] [86/459] SSRJ
[00:06:25] [87/459] SPHT
[00:06:27] [88/459] ANTT
[00:06:28] [89/459] SRCH
[00:06:29] [90/459] SRCA
[00:06:30] [91/459] ARTH
[00:06:30] [92/459] MCBH
[00:06:31] [93/459] SNIB
[00:06:32] [94/459] SART
[00:06:33] [95/459] SKTA
[00:06:35] [96/459] YAKT
[00:06:36] [97/459] MLCK
[00:06:37] [98/459] ANTS
[00:06:38] [99/459] DGCA
[00:06:39] [100/459] SGMP
[00:06:40] [101/459] ASWN
[00:06:40] [102/459] KFVU
[00:06:41] [103/459] POOR
[00:06:42] [104/459] GKDN
[00:06:43] [105/459] EOSE
[00:06:44] [106/459] GTTT
[00:06:44] [107/459] ARRO
[00:06:45] [108/459] CMMK
[00:06:47] [109/459] MSCN
[00:06:48] [110/459] GDKH
[00:06:49] [111/459] DLMT
[00:06:50] [112/459] PVMF
[00:06:51] [113/459] CPCK
[00:06:52] [114/459] VMHE
[00:06:52] [115/459] PVLC
[00:06:53] [116/459] PCVB
[00:06:54] [117/459] SNYK
[00:06:55] [118/459] KTEK
[00:06:56] [119/459] PCNM
[00:06:57] [120/459] NTTR
[00:06:58] [121/459] CPSK
[00:06:59] [122/459] JMMA
[00:06:59] [123/459] GCFK
[00:07:00] [124/459] MYCA
[00:07:01] [125/459] KSNP
[00:07:02] [126/459] PMCE
[00:07:03] [127/459] SCKI
[00:07:04] [128/459] FSMA
[00:07:05] [129/459] CETA
[00:07:06] [130/459] MCIK
[00:07:07] [131/459] MYCR
[00:07:09] [132/459] EVMP
[00:07:09] [133/459] SSGT
[00:07:10] [134/459] KCTK
[00:07:11] [135/459] ZTKC
[00:07:12] [136/459] MMTA
[00:07:13] [137/459] MAJT
[00:07:14] [138/459] ACPK
[00:07:15] [139/459] JMAX
[00:07:16] [140/459] SETK
[00:07:18] [141/459] CAIS
[00:07:19] [142/459] AGCD
[00:07:20] [143/459] URCL
[00:07:20] [144/459] VTDS
[00:07:22] [145/459] JCNM
[00:07:23] [146/459] KCAM
[00:07:23] [147/459] ADCU
[00:07:24] [148/459] GXYN
[00:07:25] [149/459] SMJG
[00:07:26] [150/459] EYCJ
[00:07:26] [151/459] CCEJ
[00:07:27] [152/459] MARS
[00:07:29] [153/459] CPVJ
[00:07:29] [154/459] INVP
[00:07:31] [155/459] CPOV
[00:07:32] [156/459] VIJK
[00:07:33] [157/459] LAIM
[00:07:34] [158/459] STHV
[00:07:35] [159/459] SVLJ
[00:07:36] [160/459] ATVJ
[00:07:37] [161/459] JTSC
[00:07:38] [162/459] RMTV
[00:07:39] [163/459] MGGG
[00:07:40] [164/459] SWTH
[00:07:41] [165/459] INVJ
[00:07:42] [166/459] PRSV
[00:07:43] [167/459] JATV
[00:07:45] [168/459] RCVD
[00:07:45] [169/459] BDMA
[00:07:47] [170/459] BLJI
[00:07:48] [171/459] SWOT
[00:07:49] [172/459] SWRN
[00:07:50] [173/459] TVRA
[00:07:50] [174/459] VCSV
[00:07:52] [175/459] NVRN
[00:07:53] [176/459] SIKC
[00:07:54] [177/459] VAKR
[00:07:55] [178/459] SYLN
[00:07:56] [179/459] KLJL
[00:07:58] [180/459] LKMY
[00:07:58] [181/459] VSLY
[00:07:59] [182/459] CIKO
[00:08:00] [183/459] GPBG
[00:08:02] [184/459] CECM
[00:08:02] [185/459] SLKB
[00:08:03] [186/459] MTBO
[00:08:04] [187/459] SSHB
[00:08:05] [188/459] VPCS
[00:08:06] [189/459] RCSR
[00:08:07] [190/459] RJRM
[00:08:08] [191/459] KPPB
[00:08:09] [192/459] SEDC
[00:08:10] [193/459] SCAI
[00:08:10] [194/459] RMTR
[00:08:11] [195/459] ASST
[00:08:12] [196/459] GCAK
[00:08:13] [197/459] ANNK
[00:08:14] [198/459] KDDF
[00:08:15] [199/459] NRDP
[00:08:16] [200/459] PLAK
[00:08:17] [201/459] GCMC
[00:08:18] [202/459] ALPY
[00:08:19] [203/459] SICE
[00:08:20] [204/459] SISR
[00:08:21] [205/459] SRPZ
[00:08:22] [206/459] SRSW
[00:08:23] [207/459] SUYA
[00:08:24] [208/459] AMMT
[00:08:25] [209/459] BHCU
[00:08:26] [210/459] KLPA
[00:08:26] [211/459] NVKH
[00:08:28] [212/459] JMRC
[00:08:29] [213/459] KTTT
[00:08:30] [214/459] MAGH
[00:08:31] [215/459] MMMX
[00:08:32] [216/459] SALJ
[00:08:33] [217/459] GTJA
[00:08:34] [218/459] MAHT
[00:08:35] [219/459] SSNN
[00:08:36] [220/459] ARRP
[00:08:37] [221/459] ATNS
[00:08:38] [222/459] SKDT
[00:08:40] [223/459] ACAT
[00:08:41] [224/459] APRC
[00:08:42] [225/459] SWAG
[00:08:43] [226/459] SDPT
[00:08:43] [227/459] STPS
[00:08:44] [228/459] WWCZ
[00:08:45] [229/459] LLCH
[00:08:46] [230/459] MZHA
[00:08:47] [231/459] CRJG
[00:08:48] [232/459] JGTK
[00:08:49] [233/459] KCSR
[00:08:50] [234/459] CHTL
[00:08:50] [235/459] EDSR
[00:08:51] [236/459] CSWO
[00:08:52] [237/459] CPVM
[00:08:53] [238/459] MXBY
[00:08:54] [239/459] FMMA
[00:08:55] [240/459] POVI
[00:08:56] [241/459] MTHB
[00:08:57] [242/459] INRC
[00:08:58] [243/459] PIPP
[00:08:59] [244/459] BMXC
[00:09:00] [245/459] PCMM
[00:09:01] [246/459] PMKM
[00:09:02] [247/459] GATY
[00:09:03] [248/459] IMCM
[00:09:04] [249/459] POPE
[00:09:05] [250/459] MTCR
[00:09:06] [251/459] PVAE
[00:09:07] [252/459] PVMI
[00:09:07] [253/459] CPNM
[00:09:09] [254/459] FMRL
[00:09:10] [255/459] MCIW
[00:09:11] [256/459] MXBO
[00:09:12] [257/459] FMKY
[00:09:13] [258/459] FMDA
[00:09:14] [259/459] THAB
[00:09:14] [260/459] PRCW
[00:09:15] [261/459] PITI
[00:09:16] [262/459] MCFF
[00:09:17] [263/459] PDDV
[00:09:18] [264/459] MCRM
[00:09:19] [265/459] KKMB
[00:09:20] [266/459] INKO
[00:09:21] [267/459] PLXP
[00:09:22] [268/459] MMHA
[00:09:23] [269/459] FMVS
[00:09:25] [270/459] POLM
[00:09:26] [271/459] STER
[00:09:27] [272/459] PVWJ
[00:09:28] [273/459] IMJW
[00:09:29] [274/459] FNAN
[00:09:30] [275/459] CAGL
[00:09:30] [276/459] IPBG
[00:09:31] [277/459] SMFV
[00:09:32] [278/459] MMMR
[00:09:33] [279/459] MMWM
[00:09:34] [280/459] FNCM
[00:09:36] [281/459] MDVA
[00:09:37] [282/459] MMET
[00:09:38] [283/459] MIDO
[00:09:39] [284/459] INNP
[00:09:40] [285/459] MIFU
[00:09:42] [286/459] MMSZ
[00:09:43] [287/459] BMXA
[00:09:44] [288/459] MCAA
[00:09:44] [289/459] SCVP
[00:09:45] [290/459] PLUS
[00:09:46] [291/459] MUCK
[00:09:47] [292/459] MTMA
[00:09:48] [293/459] HPVR
[00:09:49] [294/459] PMPK
[00:09:50] [295/459] MAJB
[00:09:50] [296/459] CTRR
[00:09:51] [297/459] MCTG
[00:09:52] [298/459] MACE
[00:09:53] [299/459] AAAS
[00:09:55] [300/459] CPVV
[00:09:55] [301/459] RCHG
[00:09:56] [302/459] MCNE
[00:09:57] [303/459] EMNC
[00:09:59] [304/459] MCAN
[00:10:00] [305/459] TCDM
[00:10:01] [306/459] IRGT
[00:10:01] [307/459] GCMG
[00:10:02] [308/459] MXSN
[00:10:04] [309/459] MXCK
[00:10:05] [310/459] MCRC
[00:10:06] [311/459] RSMI
[00:10:07] [312/459] WAML
[00:10:08] [313/459] MTSC
[00:10:09] [314/459] FMDR
[00:10:10] [315/459] LEPV
[00:10:11] [316/459] MTGD
[00:10:12] [317/459] IMOB
[00:10:13] [318/459] CLMM
[00:10:14] [319/459] PZCD
[00:10:15] [320/459] GOCS
[00:10:16] [321/459] KCMA
[00:10:17] [322/459] CCMP
[00:10:18] [323/459] MTSU
[00:10:19] [324/459] SNGL
[00:10:20] [325/459] MMMC
[00:10:22] [326/459] MMAA
[00:10:23] [327/459] GCDM
[00:10:24] [328/459] KTMV
[00:10:25] [329/459] AETE
[00:10:26] [330/459] OMCS
[00:10:26] [331/459] GDCD
[00:10:28] [332/459] NYMD
[00:10:29] [333/459] RNCV
[00:10:30] [334/459] KKMT
[00:10:31] [335/459] GDTH
[00:10:32] [336/459] KMMV
[00:10:33] [337/459] NHCG
[00:10:35] [338/459] PJDW
[00:10:35] [339/459] MMCV
[00:10:36] [340/459] FQSA
[00:10:38] [341/459] KURL
[00:10:38] [342/459] NNNX
[00:10:40] [343/459] AMAU
[00:10:41] [344/459] VVVM
[00:10:42] [345/459] VECU
[00:10:43] [346/459] WCVR
[00:10:44] [347/459] MTGG
[00:10:45] [348/459] SGTG
[00:10:46] [349/459] MNTG
[00:10:47] [350/459] JDDG
[00:10:48] [351/459] MBTK
[00:10:49] [352/459] SGCD
[00:10:50] [353/459] MCTC
[00:10:50] [354/459] JTPC
[00:10:52] [355/459] SDKT
[00:10:53] [356/459] KRCC
[00:10:54] [357/459] RMMD
[00:10:55] [358/459] AAME
[00:10:56] [359/459] TMWC
[00:10:56] [360/459] NRWY
[00:10:57] [361/459] CITD
[00:10:58] [362/459] VERD
[00:10:59] [363/459] MKSK
[00:11:00] [364/459] STSM
[00:11:01] [365/459] MJDG
[00:11:02] [366/459] RKPM
[00:11:03] [367/459] SSCE
[00:11:04] [368/459] VMAE
[00:11:05] [369/459] SBRU
[00:11:06] [370/459] AMBC
[00:11:06] [371/459] AMLU
[00:11:08] [372/459] INVZ
[00:11:09] [373/459] LGTV
[00:11:10] [374/459] SVAD
[00:11:11] [375/459] SMSA
[00:11:13] [376/459] SPCZ
[00:11:13] [377/459] GTCX
[00:11:14] [378/459] SCSL
[00:11:15] [379/459] SAHU
[00:11:17] [380/459] NCDA
[00:11:17] [381/459] SCCG
[00:11:19] [382/459] VKTL
[00:11:20] [383/459] PUUJ
[00:11:21] [384/459] STEJ
[00:11:21] [385/459] RJAL
[00:11:23] [386/459] ACJC
[00:11:24] [387/459] VTHC
[00:11:25] [388/459] ARVB
[00:11:26] [389/459] AUBB
[00:11:26] [390/459] GDBR
[00:11:27] [391/459] PVND
[00:11:28] [392/459] BGRJ
[00:11:29] [393/459] RJMM
[00:11:30] [394/459] MCSA
[00:11:31] [395/459] BODA
[00:11:32] [396/459] JAGG
[00:11:32] [397/459] SCGA
[00:11:34] [398/459] LRCM
[00:11:35] [399/459] CPCN
[00:11:37] [400/459] SSTF
[00:11:38] [401/459] SRXP
[00:11:39] [402/459] CNFX
[00:11:40] [403/459] ANDI
[00:11:41] [404/459] SYEW
[00:11:42] [405/459] RCRE
[00:11:43] [406/459] SCRW
[00:11:43] [407/459] MBKR
[00:11:44] [408/459] ASNT
[00:11:46] [409/459] JTMT
[00:11:47] [410/459] SHAY
[00:11:48] [411/459] VRTH
[00:11:50] [412/459] SPTI
[00:11:50] [413/459] DPTD
[00:11:52] [414/459] TGSN
[00:11:53] [415/459] RCWV
[00:11:54] [416/459] OCUR
[00:11:54] [417/459] KSTC
[00:11:55] [418/459] SANI
[00:11:56] [419/459] MLCA
[00:11:57] [420/459] EGCA
[00:11:58] [421/459] SYSN
[00:11:59] [422/459] PKTA
[00:11:59] [423/459] PRCC
[00:12:00] [424/459] KSTR
[00:12:01] [425/459] SNTP
[00:12:03] [426/459] RCHA
[00:12:04] [427/459] SEEA
[00:12:05] [428/459] ALAT
[00:12:05] [429/459] AATV
[00:12:06] [430/459] RJTE
[00:12:07] [431/459] AAPP
[00:12:08] [432/459] PMMH
[00:12:10] [433/459] INRJ
[00:12:11] [434/459] SARB
[00:12:11] [435/459] PCJL
[00:12:13] [436/459] PFJJ
[00:12:14] [437/459] GRDC
[00:12:14] [438/459] BCBA
[00:12:15] [439/459] VIXL
[00:12:16] [440/459] CSTL
[00:12:17] [441/459] MTDK
[00:12:19] [442/459] TDAC
[00:12:20] [443/459] GTDN
[00:12:20] [444/459] TTDE
[00:12:21] [445/459] ASTS
[00:12:22] [446/459] CPNS
[00:12:23] [447/459] PVVW
[00:12:24] [448/459] USEB
[00:12:25] [449/459] DTYN
[00:12:26] [450/459] PVLE
[00:12:28] [451/459] CIPS
[00:12:29] [452/459] PAEG
[00:12:30] [453/459] PTCW
[00:12:30] [454/459] G3SR
[00:12:32] [455/459] PGND
[00:12:34] [456/459] INVM
[00:12:35] [457/459] SPIA
[00:12:35] [458/459] PCSN
[00:12:36] [459/459] PPGV
[00:12:38] ✅ DONE | Shows=0 | Movies=0
