[00:05:20] 🚀 BMS DAILY TRACKER STARTED
[00:05:20] [1/459] NECA
[00:05:20] 🧠 New identity
[00:05:22] [2/459] BJLC
[00:05:24] [3/459] BASU
[00:05:24] [4/459] RUPI
[00:05:26] [5/459] LCBK
[00:05:27] [6/459] PMAC
[00:05:27] [7/459] AMLC
[00:05:28] [8/459] LICL
[00:05:29] [9/459] UDMM
[00:05:29] [10/459] STBZ
[00:05:30] [11/459] UUBT
[00:05:31] [12/459] SJKC
[00:05:33] [13/459] TUAL
[00:05:34] [14/459] MRSE
[00:05:35] [15/459] RMRK
[00:05:36] [16/459] TTKP
[00:05:37] [17/459] KTKO
[00:05:38] [18/459] SDBK
[00:05:39] [19/459] MCPR
[00:05:40] [20/459] CHTI
[00:05:41] [21/459] GCCP
[00:05:41] [22/459] SRMY
[00:05:42] [23/459] NYST
[00:05:43] [24/459] NYAG
[00:05:44] [25/459] SBMT
[00:05:45] [26/459] INGA
[00:05:46] [27/459] WSIC
[00:05:47] [28/459] SCSS
[00:05:48] [29/459] COPG
[00:05:49] [30/459] RCGR
[00:05:50] [31/459] TCZA
[00:05:51] [32/459] CNLP
[00:05:52] [33/459] CLKN
[00:05:53] [34/459] LHDF
[00:05:53] [35/459] ELKC
[00:05:54] [36/459] VCEM
[00:05:55] [37/459] SSZA
[00:05:56] [38/459] KRMT
[00:05:57] [39/459] LCMV
[00:05:57] [40/459] AYCZ
[00:05:58] [41/459] CUMS
[00:05:59] [42/459] BOCK
[00:06:00] [43/459] PNMR
[00:06:01] [44/459] PJCP
[00:06:02] [45/459] JDDD
[00:06:03] [46/459] STMS
[00:06:04] [47/459] FLMB
[00:06:06] [48/459] PKCM
[00:06:07] [49/459] SPPR
[00:06:08] [50/459] EYLH
[00:06:09] [51/459] RJCC
[00:06:10] [52/459] MMPS
[00:06:11] [53/459] SHMX
[00:06:12] [54/459] CCNL
[00:06:13] [55/459] RCNV
[00:06:13] [56/459] MAAG
[00:06:14] [57/459] LXCM
[00:06:15] [58/459] RCNI
[00:06:16] [59/459] SNNI
[00:06:17] [60/459] LALC
[00:06:17] [61/459] SOCN
[00:06:18] [62/459] JHTP
[00:06:19] [63/459] PITP
[00:06:20] [64/459] CCKW
[00:06:21] [65/459] MCMC
[00:06:22] [66/459] DEES
[00:06:23] [67/459] SABT
[00:06:24] [68/459] VSPP
[00:06:25] [69/459] ABCT
[00:06:26] [70/459] JVTB
[00:06:27] [71/459] VCBD
[00:06:28] [72/459] RMGG
[00:06:29] [73/459] RNMH
[00:06:29] [74/459] SPGL
[00:06:30] [75/459] JTTR
[00:06:32] [76/459] SICS
[00:06:33] [77/459] SRMI
[00:06:34] [78/459] SSIJ
[00:06:34] [79/459] KFMT
[00:06:35] [80/459] VBIT
[00:06:36] [81/459] JKCT
[00:06:37] [82/459] GCGP
[00:06:38] [83/459] GDCS
[00:06:39] [84/459] TRBA
[00:06:39] [85/459] QUST
[00:06:40] [86/459] VSHM
[00:06:41] [87/459] SDCP
[00:06:42] [88/459] SNVS
[00:06:43] [89/459] NYTO
[00:06:44] [90/459] URWC
[00:06:44] [91/459] GTWH
[00:06:45] [92/459] PFCM
[00:06:46] [93/459] KRTA
[00:06:47] [94/459] AXMC
[00:06:48] [95/459] EVMC
[00:06:49] [96/459] HGSM
[00:06:50] [97/459] ACVM
[00:06:51] [98/459] PSKL
[00:06:52] [99/459] RDMP
[00:06:53] [100/459] RHGH
[00:06:55] [101/459] OMCM
[00:06:55] [102/459] DCCP
[00:06:56] [103/459] MCPB
[00:06:57] [104/459] ALCI
[00:06:58] [105/459] BLMX
[00:06:59] [106/459] BTMV
[00:07:00] [107/459] FVPN
[00:07:00] [108/459] CMAR
[00:07:01] [109/459] CEIM
[00:07:03] [110/459] CMVA
[00:07:05] [111/459] CPIV
[00:07:05] [112/459] CNPE
[00:07:06] [113/459] COLV
[00:07:07] [114/459] DNNV
[00:07:08] [115/459] HCAD
[00:07:09] [116/459] TAKA
[00:07:09] [117/459] INVD
[00:07:10] [118/459] IRMM
[00:07:11] [119/459] INSE
[00:07:12] [120/459] MRSW
[00:07:14] [121/459] MCVD
[00:07:14] [122/459] MCSO
[00:07:16] [123/459] PEVM
[00:07:17] [124/459] PVNL
[00:07:18] [125/459] PTCV
[00:07:19] [126/459] PRTC
[00:07:19] [127/459] RCVA
[00:07:20] [128/459] MTBN
[00:07:21] [129/459] LUCP
[00:07:22] [130/459] FMPT
[00:07:24] [131/459] JLSL
[00:07:24] [132/459] SBHA
[00:07:25] [133/459] SHRC
[00:07:26] [134/459] AVPS
[00:07:27] [135/459] STPM
[00:07:28] [136/459] ATRD
[00:07:28] [137/459] VTED
[00:07:30] [138/459] ACAI
[00:07:30] [139/459] SMAE
[00:07:31] [140/459] VMAT
[00:07:33] [141/459] LKCT
[00:07:34] [142/459] JTVK
[00:07:35] [143/459] PRTY
[00:07:36] [144/459] GETT
[00:07:37] [145/459] ESAP
[00:07:37] [146/459] NCPM
[00:07:38] [147/459] PCPA
[00:07:39] [148/459] MMOM
[00:07:40] [149/459] PHUP
[00:07:41] [150/459] CCPI
[00:07:43] [151/459] CNTD
[00:07:44] [152/459] NLJR
[00:07:44] [153/459] SRNG
[00:07:45] [154/459] MHAL
[00:07:46] [155/459] PNSM
[00:07:47] [156/459] DRMY
[00:07:48] [157/459] CCMU
[00:07:48] [158/459] SCMY
[00:07:49] [159/459] PVSY
[00:07:50] [160/459] SDLM
[00:07:51] [161/459] ICCM
[00:07:52] [162/459] PYSU
[00:07:53] [163/459] GATM
[00:07:53] [164/459] WOTM
[00:07:54] [165/459] RKTS
[00:07:55] [166/459] PMTY
[00:07:56] [167/459] LYMS
[00:07:57] [168/459] TGCA
[00:07:58] [169/459] DSTA
[00:07:59] [170/459] CNGE
[00:08:00] [171/459] VSTG
[00:08:02] [172/459] GTCK
[00:08:02] [173/459] TGNT
[00:08:03] [174/459] ASLC
[00:08:04] [175/459] SSST
[00:08:05] [176/459] KBTT
[00:08:06] [177/459] HKCP
[00:08:07] [178/459] SWLC
[00:08:08] [179/459] RTND
[00:08:09] [180/459] PKKT
[00:08:10] [181/459] HSTK
[00:08:10] [182/459] SPTT
[00:08:11] [183/459] IMPM
[00:08:12] [184/459] SCMV
[00:08:13] [185/459] SPCT
[00:08:14] [186/459] JBCA
[00:08:16] [187/459] ATTR
[00:08:17] [188/459] SPMT
[00:08:18] [189/459] LCTM
[00:08:19] [190/459] SCVL
[00:08:20] [191/459] SCVT
[00:08:22] [192/459] KRIC
[00:08:22] [193/459] CTMG
[00:08:23] [194/459] ACNC
[00:08:24] [195/459] DMCK
[00:08:25] [196/459] KMTV
[00:08:26] [197/459] PFCJ
[00:08:26] [198/459] VNMD
[00:08:27] [199/459] VPCZ
[00:08:28] [200/459] SRYR
[00:08:29] [201/459] SYTR
[00:08:29] [202/459] GATR
[00:08:30] [203/459] URTR
[00:08:31] [204/459] MKSM
[00:08:32] [205/459] VSMH
[00:08:34] [206/459] SKRJ
[00:08:35] [207/459] SSJR
[00:08:35] [208/459] SVSM
[00:08:36] [209/459] RUCM
[00:08:37] [210/459] PRKN
[00:08:38] [211/459] RROH
[00:08:39] [212/459] SCTN
[00:08:40] [213/459] RTDM
[00:08:41] [214/459] ASRM
[00:08:41] [215/459] SKMD
[00:08:42] [216/459] SUTD
[00:08:43] [217/459] SADM
[00:08:44] [218/459] WCNR
[00:08:45] [219/459] CNED
[00:08:46] [220/459] MPDB
[00:08:47] [221/459] KTBH
[00:08:48] [222/459] IDRM
[00:08:50] [223/459] PJJT
[00:08:51] [224/459] PFCV
[00:08:51] [225/459] AACT
[00:08:52] [226/459] AAAD
[00:08:53] [227/459] ANES
[00:08:54] [228/459] MNCA
[00:08:55] [229/459] RMGU
[00:08:56] [230/459] DLCN
[00:08:57] [231/459] LJWT
[00:08:57] [232/459] MCBG
[00:08:58] [233/459] MYBG
[00:08:59] [234/459] GCCA
[00:09:00] [235/459] GCGA
[00:09:01] [236/459] ECGN
[00:09:01] [237/459] PRAB
[00:09:03] [238/459] PNMP
[00:09:04] [239/459] GCPT
[00:09:05] [240/459] ROYN
[00:09:06] [241/459] VATM
[00:09:07] [242/459] KSNT
[00:09:08] [243/459] ACTC
[00:09:08] [244/459] PLTD
[00:09:10] [245/459] SKMK
[00:09:11] [246/459] CMTT
[00:09:12] [247/459] SMXP
[00:09:13] [248/459] SCMX
[00:09:15] [249/459] ACXN
[00:09:15] [250/459] ASWT
[00:09:16] [251/459] VVVL
[00:09:17] [252/459] NAGO
[00:09:18] [253/459] SNCN
[00:09:19] [254/459] MCKP
[00:09:19] [255/459] SAMO
[00:09:20] [256/459] JBTV
[00:09:21] [257/459] DCVV
[00:09:22] [258/459] KMSV
[00:09:23] [259/459] KDCN
[00:09:24] [260/459] CNCP
[00:09:25] [261/459] HAMC
[00:09:25] [262/459] CCVZ
[00:09:26] [263/459] NCCK
[00:09:27] [264/459] MCHR
[00:09:28] [265/459] SCHT
[00:09:28] [266/459] ESSH
[00:09:29] [267/459] CUJC
[00:09:30] [268/459] PECP
[00:09:31] [269/459] PMMI
[00:09:32] [270/459] PCCH
[00:09:33] [271/459] PRPM
[00:09:34] [272/459] PVKL
[00:09:35] [273/459] CBSM
[00:09:35] [274/459] PVCZ
[00:09:36] [275/459] PCVV
[00:09:37] [276/459] CTMJ
[00:09:38] [277/459] RCPS
[00:09:39] [278/459] PCIT
[00:09:40] [279/459] FNCH
[00:09:41] [280/459] INZD
[00:09:42] [281/459] INPC
[00:09:42] [282/459] LCZP
[00:09:43] [283/459] SMCB
[00:09:44] [284/459] PTSB
[00:09:45] [285/459] TPSI
[00:09:46] [286/459] KHMJ
[00:09:47] [287/459] RCCJ
[00:09:47] [288/459] NCJA
[00:09:48] [289/459] NCJN
[00:09:49] [290/459] BTDP
[00:09:50] [291/459] PADY
[00:09:51] [292/459] NYBH
[00:09:52] [293/459] MTBR
[00:09:53] [294/459] KRBC
[00:09:53] [295/459] DKTI
[00:09:54] [296/459] ANAN
[00:09:55] [297/459] INBP
[00:09:56] [298/459] PATB
[00:09:58] [299/459] RGNT
[00:09:59] [300/459] CGPM
[00:09:59] [301/459] INTN
[00:10:00] [302/459] MCMP
[00:10:02] [303/459] ASRG
[00:10:03] [304/459] CXJD
[00:10:04] [305/459] SPCP
[00:10:04] [306/459] CSTP
[00:10:05] [307/459] PKVC
[00:10:06] [308/459] ESCP
[00:10:08] [309/459] CAEP
[00:10:09] [310/459] CCSP
[00:10:10] [311/459] KTPC
[00:10:10] [312/459] DACA
[00:10:11] [313/459] NVKY
[00:10:12] [314/459] PTIN
[00:10:13] [315/459] SCIN
[00:10:14] [316/459] MCTY
[00:10:16] [317/459] PCMX
[00:10:16] [318/459] INIC
[00:10:17] [319/459] MMZM
[00:10:18] [320/459] SSLP
[00:10:19] [321/459] DTDT
[00:10:20] [322/459] FFCX
[00:10:21] [323/459] RCMM
[00:10:22] [324/459] KYID
[00:10:22] [325/459] CSCI
[00:10:23] [326/459] FCMC
[00:10:24] [327/459] MMXI
[00:10:25] [328/459] ASTC
[00:10:27] [329/459] CMRA
[00:10:27] [330/459] DICI
[00:10:28] [331/459] KDIN
[00:10:29] [332/459] PRFI
[00:10:30] [333/459] SVFC
[00:10:31] [334/459] UCPL
[00:10:32] [335/459] COOC
[00:10:32] [336/459] SCAL
[00:10:33] [337/459] SVFF
[00:10:34] [338/459] VCMG
[00:10:36] [339/459] UUCT
[00:10:37] [340/459] GCSE
[00:10:38] [341/459] SUSC
[00:10:38] [342/459] MISC
[00:10:39] [343/459] RMBL
[00:10:40] [344/459] CMXN
[00:10:41] [345/459] PVBK
[00:10:42] [346/459] HHCG
[00:10:42] [347/459] SCAG
[00:10:43] [348/459] CNPR
[00:10:44] [349/459] CSER
[00:10:45] [350/459] HLWD
[00:10:45] [351/459] BOLY
[00:10:46] [352/459] SSPG
[00:10:47] [353/459] MUPX
[00:10:48] [354/459] HAMR
[00:10:49] [355/459] SDNC
[00:10:50] [356/459] RTEN
[00:10:50] [357/459] SDTD
[00:10:51] [358/459] KAWS
[00:10:52] [359/459] CMZX
[00:10:53] [360/459] DCDD
[00:10:54] [361/459] ALSN
[00:10:55] [362/459] IMXS
[00:10:55] [363/459] PVFF
[00:10:56] [364/459] PVOO
[00:10:57] [365/459] CFBS
[00:10:58] [366/459] PVER
[00:10:59] [367/459] PPNX
[00:11:00] [368/459] CNRM
[00:11:02] [369/459] PVWW
[00:11:02] [370/459] INMB
[00:11:03] [371/459] CPJR
[00:11:05] [372/459] INRZ
[00:11:06] [373/459] PMSR
[00:11:07] [374/459] GPGM
[00:11:08] [375/459] PGWB
[00:11:09] [376/459] PMBR
[00:11:11] [377/459] GPAM
[00:11:12] [378/459] INBC
[00:11:12] [379/459] PZVK
[00:11:13] [380/459] CPEB
[00:11:14] [381/459] FMLB
[00:11:15] [382/459] INBG
[00:11:16] [383/459] GPBR
[00:11:17] [384/459] PAAS
[00:11:17] [385/459] VTBR
[00:11:18] [386/459] GPMY
[00:11:19] [387/459] GYBU
[00:11:20] [388/459] INBJ
[00:11:20] [389/459] LKTH
[00:11:21] [390/459] NSBR
[00:11:22] [391/459] PDRD
[00:11:23] [392/459] VRBL
[00:11:24] [393/459] VTGB
[00:11:25] [394/459] VTSK
[00:11:26] [395/459] BKDV
[00:11:27] [396/459] SVTB
[00:11:28] [397/459] MLDT
[00:11:28] [398/459] NRBL
[00:11:29] [399/459] SLTR
[00:11:31] [400/459] VNKA
[00:11:32] [401/459] TDCA
[00:11:33] [402/459] INBM
[00:11:34] [403/459] SSNR
[00:11:34] [404/459] BHAC
[00:11:35] [405/459] SDSD
[00:11:36] [406/459] SAMP
[00:11:37] [407/459] RATK
[00:11:39] [408/459] KCBI
[00:11:39] [409/459] URBL
[00:11:40] [410/459] MKBG
[00:11:41] [411/459] ASTB
[00:11:43] [412/459] VBWT
[00:11:44] [413/459] GPSM
[00:11:44] [414/459] ROON
[00:11:45] [415/459] CHTH
[00:11:46] [416/459] SSPA
[00:11:46] [417/459] ANBL
[00:11:47] [418/459] VTBE
[00:11:49] [419/459] SVKT
[00:11:51] [420/459] SVYK
[00:11:52] [421/459] PTBK
[00:11:53] [422/459] RKTB
[00:11:54] [423/459] BALT
[00:11:56] [424/459] STSV
[00:11:57] [425/459] VCCB
[00:11:58] [426/459] SLTB
[00:11:59] [427/459] SBCR
[00:12:00] [428/459] VDCS
[00:12:01] [429/459] MDKI
[00:12:02] [430/459] SMRN
[00:12:03] [431/459] PTBC
[00:12:03] [432/459] RADI
[00:12:04] [433/459] ADCR
[00:12:05] [434/459] SDCS
[00:12:06] [435/459] SRPJ
[00:12:07] [436/459] ARTS
[00:12:08] [437/459] SRHK
[00:12:08] [438/459] SPAY
[00:12:09] [439/459] GPTB
[00:12:10] [440/459] SNNN
[00:12:12] [441/459] BALJ
[00:12:13] [442/459] TRIG
[00:12:14] [443/459] GTYT
[00:12:14] [444/459] ATGN
[00:12:15] [445/459] ANTE
[00:12:16] [446/459] BDCG
[00:12:17] [447/459] VECI
[00:12:18] [448/459] SCPR
[00:12:19] [449/459] RTEA
[00:12:19] [450/459] JSAI
[00:12:20] [451/459] VJTP
[00:12:21] [452/459] GNDS
[00:12:22] [453/459] PAXA
[00:12:23] [454/459] CGGM
[00:12:23] [455/459] ACKZ
[00:12:24] [456/459] EMCC
[00:12:26] [457/459] KLSK
[00:12:27] [458/459] AVCK
[00:12:28] [459/459] JTCK
[00:12:28] ✅ DONE | Shows=2 | Movies=1
[00:53:46] 🚀 BMS DAILY TRACKER STARTED
[00:53:46] [1/459] NECA
[00:53:46] 🧠 New identity
[00:53:47] [2/459] BJLC
[00:53:48] [3/459] BASU
[00:53:49] [4/459] RUPI
[00:53:50] [5/459] LCBK
[00:53:52] [6/459] PMAC
[00:53:53] [7/459] AMLC
[00:53:54] [8/459] LICL
[00:53:54] [9/459] UDMM
[00:53:55] [10/459] STBZ
[00:53:56] [11/459] UUBT
[00:53:57] [12/459] SJKC
[00:53:58] [13/459] TUAL
[00:53:59] [14/459] MRSE
[00:54:01] [15/459] RMRK
[00:54:02] [16/459] TTKP
[00:54:03] [17/459] KTKO
[00:54:04] [18/459] SDBK
[00:54:04] [19/459] MCPR
[00:54:05] [20/459] CHTI
[00:54:06] [21/459] GCCP
[00:54:07] [22/459] SRMY
[00:54:08] [23/459] NYST
[00:54:09] [24/459] NYAG
[00:54:10] [25/459] SBMT
[00:54:11] [26/459] INGA
[00:54:12] [27/459] WSIC
[00:54:13] [28/459] SCSS
[00:54:14] [29/459] COPG
[00:54:15] [30/459] RCGR
[00:54:16] [31/459] TCZA
[00:54:18] [32/459] CNLP
[00:54:19] [33/459] CLKN
[00:54:19] [34/459] LHDF
[00:54:20] [35/459] ELKC
[00:54:21] [36/459] VCEM
[00:54:22] [37/459] SSZA
[00:54:23] [38/459] KRMT
[00:54:25] [39/459] LCMV
[00:54:26] [40/459] AYCZ
[00:54:27] [41/459] CUMS
[00:54:28] [42/459] BOCK
[00:54:29] [43/459] PNMR
[00:54:30] [44/459] PJCP
[00:54:31] [45/459] JDDD
[00:54:32] [46/459] STMS
[00:54:33] [47/459] FLMB
[00:54:33] [48/459] PKCM
[00:54:35] [49/459] SPPR
[00:54:36] [50/459] EYLH
[00:54:36] [51/459] RJCC
[00:54:37] [52/459] MMPS
[00:54:38] [53/459] SHMX
[00:54:39] [54/459] CCNL
[00:54:40] [55/459] RCNV
[00:54:41] [56/459] MAAG
[00:54:41] [57/459] LXCM
[00:54:42] [58/459] RCNI
[00:54:43] [59/459] SNNI
[00:54:44] [60/459] LALC
[00:54:46] [61/459] SOCN
[00:54:47] [62/459] JHTP
[00:54:49] [63/459] PITP
[00:54:50] [64/459] CCKW
[00:54:51] [65/459] MCMC
[00:54:51] [66/459] DEES
[00:54:52] [67/459] SABT
[00:54:53] [68/459] VSPP
[00:54:55] [69/459] ABCT
[00:54:56] [70/459] JVTB
[00:54:56] [71/459] VCBD
[00:54:58] [72/459] RMGG
[00:54:59] [73/459] RNMH
[00:54:59] [74/459] SPGL
[00:55:00] [75/459] JTTR
[00:55:01] [76/459] SICS
[00:55:02] [77/459] SRMI
[00:55:03] [78/459] SSIJ
[00:55:04] [79/459] KFMT
[00:55:05] [80/459] VBIT
[00:55:06] [81/459] JKCT
[00:55:07] [82/459] GCGP
[00:55:08] [83/459] GDCS
[00:55:08] [84/459] TRBA
[00:55:09] [85/459] QUST
[00:55:10] [86/459] VSHM
[00:55:11] [87/459] SDCP
[00:55:12] [88/459] SNVS
[00:55:13] [89/459] NYTO
[00:55:14] [90/459] URWC
[00:55:15] [91/459] GTWH
[00:55:16] [92/459] PFCM
[00:55:17] [93/459] KRTA
[00:55:18] [94/459] AXMC
[00:55:19] [95/459] EVMC
[00:55:20] [96/459] HGSM
[00:55:21] [97/459] ACVM
[00:55:22] [98/459] PSKL
[00:55:24] [99/459] RDMP
[00:55:24] [100/459] RHGH
[00:55:25] [101/459] OMCM
[00:55:26] [102/459] DCCP
[00:55:27] [103/459] MCPB
[00:55:28] [104/459] ALCI
[00:55:29] [105/459] BLMX
[00:55:30] [106/459] BTMV
[00:55:31] [107/459] FVPN
[00:55:32] [108/459] CMAR
[00:55:33] [109/459] CEIM
[00:55:34] [110/459] CMVA
[00:55:35] [111/459] CPIV
[00:55:36] [112/459] CNPE
[00:55:37] [113/459] COLV
[00:55:38] [114/459] DNNV
[00:55:39] [115/459] HCAD
[00:55:40] [116/459] TAKA
[00:55:41] [117/459] INVD
[00:55:42] [118/459] IRMM
[00:55:43] [119/459] INSE
[00:55:44] [120/459] MRSW
[00:55:44] [121/459] MCVD
[00:55:45] [122/459] MCSO
[00:55:46] [123/459] PEVM
[00:55:47] [124/459] PVNL
[00:55:48] [125/459] PTCV
[00:55:48] [126/459] PRTC
[00:55:49] [127/459] RCVA
[00:55:50] [128/459] MTBN
[00:55:51] [129/459] LUCP
[00:55:52] [130/459] FMPT
[00:55:53] [131/459] JLSL
[00:55:54] [132/459] SBHA
[00:55:55] [133/459] SHRC
[00:55:57] [134/459] AVPS
[00:55:57] [135/459] STPM
[00:55:58] [136/459] ATRD
[00:55:59] [137/459] VTED
[00:56:00] [138/459] ACAI
[00:56:01] [139/459] SMAE
[00:56:02] [140/459] VMAT
[00:56:03] [141/459] LKCT
[00:56:04] [142/459] JTVK
[00:56:05] [143/459] PRTY
[00:56:06] [144/459] GETT
[00:56:07] [145/459] ESAP
[00:56:09] [146/459] NCPM
[00:56:10] [147/459] PCPA
[00:56:11] [148/459] MMOM
[00:56:12] [149/459] PHUP
[00:56:13] [150/459] CCPI
[00:56:13] [151/459] CNTD
[00:56:15] [152/459] NLJR
[00:56:16] [153/459] SRNG
[00:56:17] [154/459] MHAL
[00:56:18] [155/459] PNSM
[00:56:18] [156/459] DRMY
[00:56:19] [157/459] CCMU
[00:56:21] [158/459] SCMY
[00:56:21] [159/459] PVSY
[00:56:22] [160/459] SDLM
[00:56:23] [161/459] ICCM
[00:56:24] [162/459] PYSU
[00:56:25] [163/459] GATM
[00:56:26] [164/459] WOTM
[00:56:27] [165/459] RKTS
[00:56:29] [166/459] PMTY
[00:56:30] [167/459] LYMS
[00:56:31] [168/459] TGCA
[00:56:32] [169/459] DSTA
[00:56:33] [170/459] CNGE
[00:56:35] [171/459] VSTG
[00:56:35] [172/459] GTCK
[00:56:36] [173/459] TGNT
[00:56:37] [174/459] ASLC
[00:56:39] [175/459] SSST
[00:56:39] [176/459] KBTT
[00:56:41] [177/459] HKCP
[00:56:41] [178/459] SWLC
[00:56:43] [179/459] RTND
[00:56:43] [180/459] PKKT
[00:56:44] [181/459] HSTK
[00:56:46] [182/459] SPTT
[00:56:47] [183/459] IMPM
[00:56:48] [184/459] SCMV
[00:56:49] [185/459] SPCT
[00:56:50] [186/459] JBCA
[00:56:51] [187/459] ATTR
[00:56:52] [188/459] SPMT
[00:56:53] [189/459] LCTM
[00:56:54] [190/459] SCVL
[00:56:55] [191/459] SCVT
[00:56:57] [192/459] KRIC
[00:56:58] [193/459] CTMG
[00:56:58] [194/459] ACNC
[00:56:59] [195/459] DMCK
[00:57:01] [196/459] KMTV
[00:57:02] [197/459] PFCJ
[00:57:03] [198/459] VNMD
[00:57:04] [199/459] VPCZ
[00:57:05] [200/459] SRYR
[00:57:06] [201/459] SYTR
[00:57:07] [202/459] GATR
[00:57:08] [203/459] URTR
[00:57:08] [204/459] MKSM
[00:57:09] [205/459] VSMH
[00:57:10] [206/459] SKRJ
[00:57:11] [207/459] SSJR
[00:57:12] [208/459] SVSM
[00:57:13] [209/459] RUCM
[00:57:14] [210/459] PRKN
[00:57:15] [211/459] RROH
[00:57:16] [212/459] SCTN
[00:57:16] [213/459] RTDM
[00:57:17] [214/459] ASRM
[00:57:18] [215/459] SKMD
[00:57:19] [216/459] SUTD
[00:57:20] [217/459] SADM
[00:57:21] [218/459] WCNR
[00:57:22] [219/459] CNED
[00:57:23] [220/459] MPDB
[00:57:23] [221/459] KTBH
[00:57:24] [222/459] IDRM
[00:57:25] [223/459] PJJT
[00:57:26] [224/459] PFCV
[00:57:27] [225/459] AACT
[00:57:28] [226/459] AAAD
[00:57:29] [227/459] ANES
[00:57:30] [228/459] MNCA
[00:57:30] [229/459] RMGU
[00:57:31] [230/459] DLCN
[00:57:32] [231/459] LJWT
[00:57:34] [232/459] MCBG
[00:57:34] [233/459] MYBG
[00:57:35] [234/459] GCCA
[00:57:36] [235/459] GCGA
[00:57:37] [236/459] ECGN
[00:57:38] [237/459] PRAB
[00:57:39] [238/459] PNMP
[00:57:39] [239/459] GCPT
[00:57:41] [240/459] ROYN
[00:57:42] [241/459] VATM
[00:57:43] [242/459] KSNT
[00:57:44] [243/459] ACTC
[00:57:45] [244/459] PLTD
[00:57:45] [245/459] SKMK
[00:57:46] [246/459] CMTT
[00:57:47] [247/459] SMXP
[00:57:48] [248/459] SCMX
[00:57:49] [249/459] ACXN
[00:57:49] [250/459] ASWT
[00:57:51] [251/459] VVVL
[00:57:52] [252/459] NAGO
[00:57:53] [253/459] SNCN
[00:57:54] [254/459] MCKP
[00:57:55] [255/459] SAMO
[00:57:56] [256/459] JBTV
[00:57:57] [257/459] DCVV
[00:57:58] [258/459] KMSV
[00:57:58] [259/459] KDCN
[00:57:59] [260/459] CNCP
[00:58:00] [261/459] HAMC
[00:58:02] [262/459] CCVZ
[00:58:03] [263/459] NCCK
[00:58:04] [264/459] MCHR
[00:58:05] [265/459] SCHT
[00:58:06] [266/459] ESSH
[00:58:07] [267/459] CUJC
[00:58:08] [268/459] PECP
[00:58:09] [269/459] PMMI
[00:58:10] [270/459] PCCH
[00:58:11] [271/459] PRPM
[00:58:11] [272/459] PVKL
[00:58:12] [273/459] CBSM
[00:58:13] [274/459] PVCZ
[00:58:14] [275/459] PCVV
[00:58:15] [276/459] CTMJ
[00:58:16] [277/459] RCPS
[00:58:17] [278/459] PCIT
[00:58:18] [279/459] FNCH
[00:58:19] [280/459] INZD
[00:58:20] [281/459] INPC
[00:58:22] [282/459] LCZP
[00:58:23] [283/459] SMCB
[00:58:24] [284/459] PTSB
[00:58:25] [285/459] TPSI
[00:58:26] [286/459] KHMJ
[00:58:27] [287/459] RCCJ
[00:58:28] [288/459] NCJA
[00:58:29] [289/459] NCJN
[00:58:30] [290/459] BTDP
[00:58:31] [291/459] PADY
[00:58:32] [292/459] NYBH
[00:58:33] [293/459] MTBR
[00:58:34] [294/459] KRBC
[00:58:34] [295/459] DKTI
[00:58:35] [296/459] ANAN
[00:58:36] [297/459] INBP
[00:58:37] [298/459] PATB
[00:58:38] [299/459] RGNT
[00:58:39] [300/459] CGPM
[00:58:40] [301/459] INTN
[00:58:41] [302/459] MCMP
[00:58:42] [303/459] ASRG
[00:58:43] [304/459] CXJD
[00:58:44] [305/459] SPCP
[00:58:45] [306/459] CSTP
[00:58:46] [307/459] PKVC
[00:58:47] [308/459] ESCP
[00:58:48] [309/459] CAEP
[00:58:49] [310/459] CCSP
[00:58:50] [311/459] KTPC
[00:58:51] [312/459] DACA
[00:58:52] [313/459] NVKY
[00:58:53] [314/459] PTIN
[00:58:54] [315/459] SCIN
[00:58:55] [316/459] MCTY
[00:58:56] [317/459] PCMX
[00:58:57] [318/459] INIC
[00:58:58] [319/459] MMZM
[00:58:59] [320/459] SSLP
[00:59:00] [321/459] DTDT
[00:59:01] [322/459] FFCX
[00:59:02] [323/459] RCMM
[00:59:03] [324/459] KYID
[00:59:04] [325/459] CSCI
[00:59:05] [326/459] FCMC
[00:59:06] [327/459] MMXI
[00:59:07] [328/459] ASTC
[00:59:08] [329/459] CMRA
[00:59:09] [330/459] DICI
[00:59:10] [331/459] KDIN
[00:59:11] [332/459] PRFI
[00:59:12] [333/459] SVFC
[00:59:13] [334/459] UCPL
[00:59:15] [335/459] COOC
[00:59:15] [336/459] SCAL
[00:59:16] [337/459] SVFF
[00:59:17] [338/459] VCMG
[00:59:18] [339/459] UUCT
[00:59:19] [340/459] GCSE
[00:59:20] [341/459] SUSC
[00:59:21] [342/459] MISC
[00:59:22] [343/459] RMBL
[00:59:23] [344/459] CMXN
[00:59:24] [345/459] PVBK
[00:59:25] [346/459] HHCG
[00:59:26] [347/459] SCAG
[00:59:26] [348/459] CNPR
[00:59:28] [349/459] CSER
[00:59:28] [350/459] HLWD
[00:59:30] [351/459] BOLY
[00:59:31] [352/459] SSPG
[00:59:32] [353/459] MUPX
[00:59:32] [354/459] HAMR
[00:59:34] [355/459] SDNC
[00:59:35] [356/459] RTEN
[00:59:36] [357/459] SDTD
[00:59:36] [358/459] KAWS
[00:59:37] [359/459] CMZX
[00:59:38] [360/459] DCDD
[00:59:39] [361/459] ALSN
[00:59:39] [362/459] IMXS
[00:59:40] [363/459] PVFF
[00:59:41] [364/459] PVOO
[00:59:42] [365/459] CFBS
[00:59:43] [366/459] PVER
[00:59:44] [367/459] PPNX
[00:59:45] [368/459] CNRM
[00:59:46] [369/459] PVWW
[00:59:47] [370/459] INMB
[00:59:47] [371/459] CPJR
[00:59:48] [372/459] INRZ
[00:59:49] [373/459] PMSR
[00:59:50] [374/459] GPGM
[00:59:51] [375/459] PGWB
[00:59:52] [376/459] PMBR
[00:59:53] [377/459] GPAM
[00:59:54] [378/459] INBC
[00:59:56] [379/459] PZVK
[00:59:56] [380/459] CPEB
[00:59:57] [381/459] FMLB
[00:59:58] [382/459] INBG
[00:59:59] [383/459] GPBR
[01:00:00] [384/459] PAAS
[01:00:00] [385/459] VTBR
[01:00:02] [386/459] GPMY
[01:00:03] [387/459] GYBU
[01:00:04] [388/459] INBJ
[01:00:05] [389/459] LKTH
[01:00:05] [390/459] NSBR
[01:00:06] [391/459] PDRD
[01:00:08] [392/459] VRBL
[01:00:09] [393/459] VTGB
[01:00:10] [394/459] VTSK
[01:00:11] [395/459] BKDV
[01:00:11] [396/459] SVTB
[01:00:13] [397/459] MLDT
[01:00:13] [398/459] NRBL
[01:00:14] [399/459] SLTR
[01:00:16] [400/459] VNKA
[01:00:17] [401/459] TDCA
[01:00:18] [402/459] INBM
[01:00:19] [403/459] SSNR
[01:00:20] [404/459] BHAC
[01:00:21] [405/459] SDSD
[01:00:22] [406/459] SAMP
[01:00:22] [407/459] RATK
[01:00:23] [408/459] KCBI
[01:00:25] [409/459] URBL
[01:00:26] [410/459] MKBG
[01:00:27] [411/459] ASTB
[01:00:28] [412/459] VBWT
[01:00:29] [413/459] GPSM
[01:00:29] [414/459] ROON
[01:00:30] [415/459] CHTH
[01:00:31] [416/459] SSPA
[01:00:32] [417/459] ANBL
[01:00:32] [418/459] VTBE
[01:00:33] [419/459] SVKT
[01:00:34] [420/459] SVYK
[01:00:35] [421/459] PTBK
[01:00:36] [422/459] RKTB
[01:00:37] [423/459] BALT
[01:00:38] [424/459] STSV
[01:00:39] [425/459] VCCB
[01:00:40] [426/459] SLTB
[01:00:40] [427/459] SBCR
[01:00:41] [428/459] VDCS
[01:00:42] [429/459] MDKI
[01:00:43] [430/459] SMRN
[01:00:43] [431/459] PTBC
[01:00:45] [432/459] RADI
[01:00:45] [433/459] ADCR
[01:00:46] [434/459] SDCS
[01:00:47] [435/459] SRPJ
[01:00:48] [436/459] ARTS
[01:00:49] [437/459] SRHK
[01:00:49] [438/459] SPAY
[01:00:50] [439/459] GPTB
[01:00:51] [440/459] SNNN
[01:00:52] [441/459] BALJ
[01:00:53] [442/459] TRIG
[01:00:54] [443/459] GTYT
[01:00:55] [444/459] ATGN
[01:00:56] [445/459] ANTE
[01:00:57] [446/459] BDCG
[01:00:57] [447/459] VECI
[01:00:58] [448/459] SCPR
[01:00:59] [449/459] RTEA
[01:01:00] [450/459] JSAI
[01:01:01] [451/459] VJTP
[01:01:02] [452/459] GNDS
[01:01:02] [453/459] PAXA
[01:01:03] [454/459] CGGM
[01:01:04] [455/459] ACKZ
[01:01:05] [456/459] EMCC
[01:01:06] [457/459] KLSK
[01:01:07] [458/459] AVCK
[01:01:08] [459/459] JTCK
[01:01:08] ✅ DONE | Shows=2 | Movies=1
