[00:05:06] 🚀 BMS DAILY TRACKER STARTED
[00:05:06] [1/296] CDCA
[00:05:06] 🧠 New identity
[00:05:08] [2/296] MNSR
[00:05:08] [3/296] CSSL
[00:05:09] [4/296] BGGM
[00:05:10] [5/296] MANT
[00:05:11] [6/296] SOOY
[00:05:12] [7/296] VPPK
[00:05:14] [8/296] MYHJ
[00:05:15] [9/296] KSCK
[00:05:16] [10/296] KATK
[00:05:17] [11/296] RTRT
[00:05:17] [12/296] SSTT
[00:05:18] [13/296] SSTV
[00:05:19] [14/296] LACM
[00:05:20] [15/296] SGMG
[00:05:20] [16/296] KACX
[00:05:21] [17/296] GVCP
[00:05:22] [18/296] CSNC
[00:05:23] [19/296] SXCB
[00:05:24] [20/296] BAHS
[00:05:25] [21/296] PCBI
[00:05:26] [22/296] PSSM
[00:05:27] [23/296] RCOK
[00:05:28] [24/296] SCPF
[00:05:29] [25/296] SSAS
[00:05:30] [26/296] EVMM
[00:05:31] [27/296] SYCB
[00:05:31] [28/296] GCKI
[00:05:32] [29/296] IAET
[00:05:33] [30/296] DDTD
[00:05:35] [31/296] GMDH
[00:05:36] [32/296] STLE
[00:05:37] [33/296] JTRA
[00:05:38] [34/296] RPPA
[00:05:39] [35/296] ARUT
[00:05:40] [36/296] JTVM
[00:05:41] [37/296] SWRH
[00:05:42] [38/296] DCPC
[00:05:43] [39/296] RAPR
[00:05:43] [40/296] GCRT
[00:05:44] [41/296] ATUN
[00:05:45] [42/296] LTRM
[00:05:46] [43/296] TASR
[00:05:47] [44/296] RLLC
[00:05:48] [45/296] MABI
[00:05:48] [46/296] SVHB
[00:05:50] [47/296] NVTB
[00:05:51] [48/296] KCKG
[00:05:52] [49/296] SSRN
[00:05:53] [50/296] VDDC
[00:05:55] [51/296] GKTK
[00:05:55] [52/296] YFSN
[00:05:56] [53/296] GCSG
[00:05:58] [54/296] ESSM
[00:05:59] [55/296] KRIH
[00:06:00] [56/296] GCDS
[00:06:00] [57/296] CCSH
[00:06:01] [58/296] ACSK
[00:06:03] [59/296] APRK
[00:06:03] [60/296] ADKM
[00:06:04] [61/296] SRDM
[00:06:05] [62/296] RMOG
[00:06:06] [63/296] SJMY
[00:06:07] [64/296] PGGC
[00:06:08] [65/296] INGM
[00:06:08] [66/296] LSCB
[00:06:09] [67/296] STAD
[00:06:10] [68/296] MCCR
[00:06:11] [69/296] ABCC
[00:06:12] [70/296] RKCC
[00:06:13] [71/296] RTCR
[00:06:14] [72/296] GGBC
[00:06:15] [73/296] GCSD
[00:06:16] [74/296] LPTY
[00:06:17] [75/296] MCFD
[00:06:17] [76/296] HENN
[00:06:18] [77/296] SMKU
[00:06:19] [78/296] TNZC
[00:06:21] [79/296] DRCD
[00:06:21] [80/296] DLCD
[00:06:23] [81/296] RCDA
[00:06:24] [82/296] COSM
[00:06:26] [83/296] MCMJ
[00:06:27] [84/296] CSTR
[00:06:28] [85/296] CVDK
[00:06:28] [86/296] INRR
[00:06:29] [87/296] RJRT
[00:06:31] [88/296] IRMR
[00:06:31] [89/296] SRCF
[00:06:32] [90/296] GRCR
[00:06:33] [91/296] SURC
[00:06:34] [92/296] NMNH
[00:06:35] [93/296] SVBL
[00:06:35] [94/296] KACI
[00:06:36] [95/296] TDGO
[00:06:37] [96/296] KTBR
[00:06:38] [97/296] PMAD
[00:06:39] [98/296] CCPN
[00:06:40] [99/296] SBTK
[00:06:41] [100/296] LMDK
[00:06:42] [101/296] PGDA
[00:06:42] [102/296] SRML
[00:06:43] [103/296] EVCK
[00:06:44] [104/296] RTTK
[00:06:45] [105/296] SRTU
[00:06:46] [106/296] VRSA
[00:06:47] [107/296] VARS
[00:06:48] [108/296] DSCZ
[00:06:49] [109/296] GAGA
[00:06:50] [110/296] SARV
[00:06:51] [111/296] SEEG
[00:06:52] [112/296] GLCA
[00:06:53] [113/296] APAS
[00:06:53] [114/296] VCIA
[00:06:54] [115/296] SJTA
[00:06:55] [116/296] SABM
[00:06:56] [117/296] PPAG
[00:06:58] [118/296] RVCA
[00:06:59] [119/296] CCIA
[00:07:00] [120/296] HTAG
[00:07:00] [121/296] SMBI
[00:07:01] [122/296] MCJR
[00:07:02] [123/296] CCJR
[00:07:04] [124/296] SINF
[00:07:04] [125/296] CPLX
[00:07:06] [126/296] KKTJ
[00:07:07] [127/296] GDBW
[00:07:08] [128/296] CSUB
[00:07:09] [129/296] DABA
[00:07:09] [130/296] TITR
[00:07:10] [131/296] NYCR
[00:07:11] [132/296] RTRY
[00:07:12] [133/296] JTJL
[00:07:13] [134/296] SJCP
[00:07:14] [135/296] KCCA
[00:07:15] [136/296] MLPG
[00:07:16] [137/296] VRCK
[00:07:17] [138/296] SRIN
[00:07:18] [139/296] CXMK
[00:07:18] [140/296] SKAD
[00:07:20] [141/296] AVTR
[00:07:21] [142/296] PTAJ
[00:07:21] [143/296] SCNK
[00:07:22] [144/296] STTI
[00:07:23] [145/296] KACR
[00:07:25] [146/296] SSDX
[00:07:25] [147/296] VRTJ
[00:07:26] [148/296] RAJD
[00:07:27] [149/296] SCIP
[00:07:28] [150/296] RJSL
[00:07:29] [151/296] ARRS
[00:07:30] [152/296] ASMS
[00:07:31] [153/296] RDTS
[00:07:32] [154/296] DVMY
[00:07:33] [155/296] RASA
[00:07:34] [156/296] INOM
[00:07:35] [157/296] SPRS
[00:07:36] [158/296] SGCS
[00:07:37] [159/296] SALM
[00:07:38] [160/296] PKHC
[00:07:40] [161/296] RCSV
[00:07:40] [162/296] CPKC
[00:07:41] [163/296] AACD
[00:07:42] [164/296] GGCV
[00:07:43] [165/296] SMKD
[00:07:44] [166/296] NBCH
[00:07:45] [167/296] AMCB
[00:07:46] [168/296] OPCN
[00:07:47] [169/296] DCIN
[00:07:47] [170/296] INGW
[00:07:48] [171/296] PKKW
[00:07:50] [172/296] FNGW
[00:07:51] [173/296] GCGD
[00:07:52] [174/296] MSTW
[00:07:53] [175/296] KCCG
[00:07:54] [176/296] MRSS
[00:07:55] [177/296] CLCF
[00:07:56] [178/296] EETS
[00:07:57] [179/296] AATR
[00:07:58] [180/296] CMMN
[00:07:59] [181/296] SCCJ
[00:08:00] [182/296] CDTK
[00:08:01] [183/296] AICP
[00:08:02] [184/296] FNBP
[00:08:03] [185/296] CBPB
[00:08:04] [186/296] CPAS
[00:08:04] [187/296] MAPM
[00:08:05] [188/296] PASD
[00:08:06] [189/296] JCMN
[00:08:07] [190/296] MALB
[00:08:08] [191/296] SACG
[00:08:09] [192/296] DDRX
[00:08:10] [193/296] DDXB
[00:08:11] [194/296] RAMC
[00:08:12] [195/296] SANC
[00:08:12] [196/296] BCBP
[00:08:13] [197/296] ALPC
[00:08:15] [198/296] RBAC
[00:08:15] [199/296] RAJL
[00:08:17] [200/296] MPDX
[00:08:18] [201/296] MUSC
[00:08:18] [202/296] VKMK
[00:08:19] [203/296] SKCG
[00:08:21] [204/296] ANCN
[00:08:22] [205/296] MMCJ
[00:08:23] [206/296] DCAK
[00:08:24] [207/296] SCKG
[00:08:26] [208/296] LMCK
[00:08:27] [209/296] CKKX
[00:08:28] [210/296] ANKU
[00:08:29] [211/296] CSMD
[00:08:30] [212/296] MKMP
[00:08:30] [213/296] SVBG
[00:08:31] [214/296] ROOP
[00:08:32] [215/296] GDMT
[00:08:33] [216/296] FPPF
[00:08:34] [217/296] SFUU
[00:08:35] [218/296] ANCB
[00:08:36] [219/296] SMMC
[00:08:37] [220/296] UGKT
[00:08:38] [221/296] JVRM
[00:08:39] [222/296] BATG
[00:08:40] [223/296] RATE
[00:08:41] [224/296] SKME
[00:08:43] [225/296] LMTP
[00:08:44] [226/296] TCBD
[00:08:45] [227/296] ESBD
[00:08:45] [228/296] GDCU
[00:08:46] [229/296] SNKT
[00:08:47] [230/296] SRNK
[00:08:48] [231/296] SMED
[00:08:49] [232/296] CSQS
[00:08:50] [233/296] ALCS
[00:08:50] [234/296] KCKN
[00:08:51] [235/296] VCCL
[00:08:52] [236/296] MCDA
[00:08:53] [237/296] SHMI
[00:08:54] [238/296] SKHA
[00:08:55] [239/296] SVFK
[00:08:57] [240/296] INVB
[00:08:57] [241/296] MELD
[00:08:59] [242/296] JTYS
[00:09:00] [243/296] INCM
[00:09:00] [244/296] MCDV
[00:09:01] [245/296] KSGK
[00:09:02] [246/296] ICMG
[00:09:03] [247/296] CSCV
[00:09:04] [248/296] STMD
[00:09:04] [249/296] STTR
[00:09:05] [250/296] INVC
[00:09:06] [251/296] JTBL
[00:09:08] [252/296] SRVV
[00:09:09] [253/296] MAVC
[00:09:10] [254/296] SRPP
[00:09:11] [255/296] JGDM
[00:09:12] [256/296] MBSJ
[00:09:13] [257/296] SSLL
[00:09:14] [258/296] SLKP
[00:09:15] [259/296] NSRV
[00:09:16] [260/296] UTDV
[00:09:17] [261/296] KICM
[00:09:18] [262/296] KCMD
[00:09:20] [263/296] TTPP
[00:09:21] [264/296] KMPV
[00:09:21] [265/296] SKTV
[00:09:22] [266/296] STCV
[00:09:23] [267/296] SRDA
[00:09:24] [268/296] JTSX
[00:09:25] [269/296] STBV
[00:09:25] [270/296] APVZ
[00:09:26] [271/296] GSTV
[00:09:27] [272/296] NMVS
[00:09:28] [273/296] SKRT
[00:09:29] [274/296] RMDV
[00:09:30] [275/296] RATG
[00:09:31] [276/296] SJYV
[00:09:31] [277/296] NDGP
[00:09:32] [278/296] SNDG
[00:09:33] [279/296] INSR
[00:09:34] [280/296] INSO
[00:09:35] [281/296] CCSI
[00:09:37] [282/296] RASM
[00:09:38] [283/296] NEWC
[00:09:38] [284/296] VSHL
[00:09:40] [285/296] BISW
[00:09:41] [286/296] GCNG
[00:09:43] [287/296] CWSC
[00:09:43] [288/296] SKAN
[00:09:44] [289/296] SEHP
[00:09:45] [290/296] CCOA
[00:09:46] [291/296] MCAJ
[00:09:47] [292/296] ACDE
[00:09:48] [293/296] AACM
[00:09:49] [294/296] JJCK
[00:09:50] [295/296] RCMO
[00:09:51] [296/296] GDAW
[00:09:52] ✅ DONE | Shows=0 | Movies=0
[00:53:46] 🚀 BMS DAILY TRACKER STARTED
[00:53:46] [1/296] CDCA
[00:53:46] 🧠 New identity
[00:53:47] [2/296] MNSR
[00:53:48] [3/296] CSSL
[00:53:49] [4/296] BGGM
[00:53:50] [5/296] MANT
[00:53:51] [6/296] SOOY
[00:53:52] [7/296] VPPK
[00:53:53] [8/296] MYHJ
[00:53:54] [9/296] KSCK
[00:53:54] [10/296] KATK
[00:53:55] [11/296] RTRT
[00:53:56] [12/296] SSTT
[00:53:57] [13/296] SSTV
[00:53:58] [14/296] LACM
[00:53:59] [15/296] SGMG
[00:53:59] [16/296] KACX
[00:54:00] [17/296] GVCP
[00:54:01] [18/296] CSNC
[00:54:02] [19/296] SXCB
[00:54:03] [20/296] BAHS
[00:54:04] [21/296] PCBI
[00:54:05] [22/296] PSSM
[00:54:07] [23/296] RCOK
[00:54:08] [24/296] SCPF
[00:54:10] [25/296] SSAS
[00:54:11] [26/296] EVMM
[00:54:11] [27/296] SYCB
[00:54:12] [28/296] GCKI
[00:54:14] [29/296] IAET
[00:54:15] [30/296] DDTD
[00:54:17] [31/296] GMDH
[00:54:18] [32/296] STLE
[00:54:19] [33/296] JTRA
[00:54:19] [34/296] RPPA
[00:54:21] [35/296] ARUT
[00:54:22] [36/296] JTVM
[00:54:23] [37/296] SWRH
[00:54:23] [38/296] DCPC
[00:54:25] [39/296] RAPR
[00:54:26] [40/296] GCRT
[00:54:26] [41/296] ATUN
[00:54:27] [42/296] LTRM
[00:54:28] [43/296] TASR
[00:54:29] [44/296] RLLC
[00:54:30] [45/296] MABI
[00:54:31] [46/296] SVHB
[00:54:31] [47/296] NVTB
[00:54:32] [48/296] KCKG
[00:54:33] [49/296] SSRN
[00:54:34] [50/296] VDDC
[00:54:36] [51/296] GKTK
[00:54:36] [52/296] YFSN
[00:54:37] [53/296] GCSG
[00:54:38] [54/296] ESSM
[00:54:39] [55/296] KRIH
[00:54:40] [56/296] GCDS
[00:54:42] [57/296] CCSH
[00:54:43] [58/296] ACSK
[00:54:44] [59/296] APRK
[00:54:45] [60/296] ADKM
[00:54:46] [61/296] SRDM
[00:54:47] [62/296] RMOG
[00:54:48] [63/296] SJMY
[00:54:48] [64/296] PGGC
[00:54:49] [65/296] INGM
[00:54:50] [66/296] LSCB
[00:54:51] [67/296] STAD
[00:54:52] [68/296] MCCR
[00:54:53] [69/296] ABCC
[00:54:54] [70/296] RKCC
[00:54:55] [71/296] RTCR
[00:54:56] [72/296] GGBC
[00:54:57] [73/296] GCSD
[00:54:58] [74/296] LPTY
[00:55:00] [75/296] MCFD
[00:55:00] [76/296] HENN
[00:55:02] [77/296] SMKU
[00:55:02] [78/296] TNZC
[00:55:04] [79/296] DRCD
[00:55:05] [80/296] DLCD
[00:55:06] [81/296] RCDA
[00:55:08] [82/296] COSM
[00:55:08] [83/296] MCMJ
[00:55:09] [84/296] CSTR
[00:55:10] [85/296] CVDK
[00:55:11] [86/296] INRR
[00:55:12] [87/296] RJRT
[00:55:13] [88/296] IRMR
[00:55:14] [89/296] SRCF
[00:55:15] [90/296] GRCR
[00:55:16] [91/296] SURC
[00:55:17] [92/296] NMNH
[00:55:17] [93/296] SVBL
[00:55:18] [94/296] KACI
[00:55:19] [95/296] TDGO
[00:55:20] [96/296] KTBR
[00:55:21] [97/296] PMAD
[00:55:21] [98/296] CCPN
[00:55:22] [99/296] SBTK
[00:55:24] [100/296] LMDK
[00:55:25] [101/296] PGDA
[00:55:25] [102/296] SRML
[00:55:26] [103/296] EVCK
[00:55:27] [104/296] RTTK
[00:55:27] [105/296] SRTU
[00:55:28] [106/296] VRSA
[00:55:29] [107/296] VARS
[00:55:30] [108/296] DSCZ
[00:55:31] [109/296] GAGA
[00:55:31] [110/296] SARV
[00:55:33] [111/296] SEEG
[00:55:34] [112/296] GLCA
[00:55:35] [113/296] APAS
[00:55:35] [114/296] VCIA
[00:55:36] [115/296] SJTA
[00:55:37] [116/296] SABM
[00:55:38] [117/296] PPAG
[00:55:39] [118/296] RVCA
[00:55:40] [119/296] CCIA
[00:55:41] [120/296] HTAG
[00:55:42] [121/296] SMBI
[00:55:43] [122/296] MCJR
[00:55:43] [123/296] CCJR
[00:55:44] [124/296] SINF
[00:55:45] [125/296] CPLX
[00:55:47] [126/296] KKTJ
[00:55:47] [127/296] GDBW
[00:55:48] [128/296] CSUB
[00:55:49] [129/296] DABA
[00:55:51] [130/296] TITR
[00:55:52] [131/296] NYCR
[00:55:52] [132/296] RTRY
[00:55:53] [133/296] JTJL
[00:55:54] [134/296] SJCP
[00:55:56] [135/296] KCCA
[00:55:56] [136/296] MLPG
[00:55:57] [137/296] VRCK
[00:55:58] [138/296] SRIN
[00:55:59] [139/296] CXMK
[00:56:00] [140/296] SKAD
[00:56:01] [141/296] AVTR
[00:56:01] [142/296] PTAJ
[00:56:02] [143/296] SCNK
[00:56:03] [144/296] STTI
[00:56:05] [145/296] KACR
[00:56:05] [146/296] SSDX
[00:56:06] [147/296] VRTJ
[00:56:07] [148/296] RAJD
[00:56:08] [149/296] SCIP
[00:56:10] [150/296] RJSL
[00:56:11] [151/296] ARRS
[00:56:12] [152/296] ASMS
[00:56:13] [153/296] RDTS
[00:56:14] [154/296] DVMY
[00:56:15] [155/296] RASA
[00:56:16] [156/296] INOM
[00:56:16] [157/296] SPRS
[00:56:18] [158/296] SGCS
[00:56:18] [159/296] SALM
[00:56:19] [160/296] PKHC
[00:56:20] [161/296] RCSV
[00:56:21] [162/296] CPKC
[00:56:22] [163/296] AACD
[00:56:23] [164/296] GGCV
[00:56:24] [165/296] SMKD
[00:56:25] [166/296] NBCH
[00:56:26] [167/296] AMCB
[00:56:27] [168/296] OPCN
[00:56:28] [169/296] DCIN
[00:56:28] [170/296] INGW
[00:56:29] [171/296] PKKW
[00:56:30] [172/296] FNGW
[00:56:31] [173/296] GCGD
[00:56:32] [174/296] MSTW
[00:56:33] [175/296] KCCG
[00:56:34] [176/296] MRSS
[00:56:35] [177/296] CLCF
[00:56:36] [178/296] EETS
[00:56:37] [179/296] AATR
[00:56:39] [180/296] CMMN
[00:56:40] [181/296] SCCJ
[00:56:42] [182/296] CDTK
[00:56:43] [183/296] AICP
[00:56:44] [184/296] FNBP
[00:56:45] [185/296] CBPB
[00:56:46] [186/296] CPAS
[00:56:47] [187/296] MAPM
[00:56:47] [188/296] PASD
[00:56:48] [189/296] JCMN
[00:56:49] [190/296] MALB
[00:56:50] [191/296] SACG
[00:56:51] [192/296] DDRX
[00:56:52] [193/296] DDXB
[00:56:53] [194/296] RAMC
[00:56:54] [195/296] SANC
[00:56:55] [196/296] BCBP
[00:56:56] [197/296] ALPC
[00:56:57] [198/296] RBAC
[00:56:58] [199/296] RAJL
[00:56:59] [200/296] MPDX
[00:57:00] [201/296] MUSC
[00:57:00] [202/296] VKMK
[00:57:01] [203/296] SKCG
[00:57:03] [204/296] ANCN
[00:57:04] [205/296] MMCJ
[00:57:05] [206/296] DCAK
[00:57:06] [207/296] SCKG
[00:57:06] [208/296] LMCK
[00:57:07] [209/296] CKKX
[00:57:08] [210/296] ANKU
[00:57:09] [211/296] CSMD
[00:57:10] [212/296] MKMP
[00:57:10] [213/296] SVBG
[00:57:11] [214/296] ROOP
[00:57:12] [215/296] GDMT
[00:57:13] [216/296] FPPF
[00:57:14] [217/296] SFUU
[00:57:14] [218/296] ANCB
[00:57:15] [219/296] SMMC
[00:57:16] [220/296] UGKT
[00:57:17] [221/296] JVRM
[00:57:18] [222/296] BATG
[00:57:19] [223/296] RATE
[00:57:20] [224/296] SKME
[00:57:21] [225/296] LMTP
[00:57:22] [226/296] TCBD
[00:57:23] [227/296] ESBD
[00:57:24] [228/296] GDCU
[00:57:24] [229/296] SNKT
[00:57:26] [230/296] SRNK
[00:57:28] [231/296] SMED
[00:57:29] [232/296] CSQS
[00:57:30] [233/296] ALCS
[00:57:31] [234/296] KCKN
[00:57:32] [235/296] VCCL
[00:57:33] [236/296] MCDA
[00:57:34] [237/296] SHMI
[00:57:34] [238/296] SKHA
[00:57:35] [239/296] SVFK
[00:57:37] [240/296] INVB
[00:57:38] [241/296] MELD
[00:57:39] [242/296] JTYS
[00:57:40] [243/296] INCM
[00:57:41] [244/296] MCDV
[00:57:42] [245/296] KSGK
[00:57:42] [246/296] ICMG
[00:57:43] [247/296] CSCV
[00:57:44] [248/296] STMD
[00:57:45] [249/296] STTR
[00:57:46] [250/296] INVC
[00:57:47] [251/296] JTBL
[00:57:48] [252/296] SRVV
[00:57:49] [253/296] MAVC
[00:57:50] [254/296] SRPP
[00:57:51] [255/296] JGDM
[00:57:53] [256/296] MBSJ
[00:57:53] [257/296] SSLL
[00:57:54] [258/296] SLKP
[00:57:55] [259/296] NSRV
[00:57:56] [260/296] UTDV
[00:57:57] [261/296] KICM
[00:57:58] [262/296] KCMD
[00:58:00] [263/296] TTPP
[00:58:00] [264/296] KMPV
[00:58:01] [265/296] SKTV
[00:58:02] [266/296] STCV
[00:58:03] [267/296] SRDA
[00:58:04] [268/296] JTSX
[00:58:05] [269/296] STBV
[00:58:06] [270/296] APVZ
[00:58:07] [271/296] GSTV
[00:58:07] [272/296] NMVS
[00:58:08] [273/296] SKRT
[00:58:09] [274/296] RMDV
[00:58:10] [275/296] RATG
[00:58:11] [276/296] SJYV
[00:58:12] [277/296] NDGP
[00:58:12] [278/296] SNDG
[00:58:13] [279/296] INSR
[00:58:15] [280/296] INSO
[00:58:15] [281/296] CCSI
[00:58:16] [282/296] RASM
[00:58:17] [283/296] NEWC
[00:58:18] [284/296] VSHL
[00:58:19] [285/296] BISW
[00:58:20] [286/296] GCNG
[00:58:21] [287/296] CWSC
[00:58:23] [288/296] SKAN
[00:58:24] [289/296] SEHP
[00:58:25] [290/296] CCOA
[00:58:26] [291/296] MCAJ
[00:58:26] [292/296] ACDE
[00:58:27] [293/296] AACM
[00:58:28] [294/296] JJCK
[00:58:29] [295/296] RCMO
[00:58:29] [296/296] GDAW
[00:58:30] ✅ DONE | Shows=0 | Movies=0
[01:54:25] 🚀 BMS DAILY TRACKER STARTED
[01:54:25] [1/296] CDCA
[01:54:25] 🧠 New identity
[01:54:26] [2/296] MNSR
[01:54:27] [3/296] CSSL
[01:54:28] [4/296] BGGM
[01:54:28] [5/296] MANT
[01:54:29] [6/296] SOOY
[01:54:30] [7/296] VPPK
[01:54:31] [8/296] MYHJ
[01:54:31] [9/296] KSCK
[01:54:33] [10/296] KATK
[01:54:34] [11/296] RTRT
[01:54:36] [12/296] SSTT
[01:54:37] [13/296] SSTV
[01:54:37] [14/296] LACM
[01:54:38] [15/296] SGMG
[01:54:39] [16/296] KACX
[01:54:41] [17/296] GVCP
[01:54:42] [18/296] CSNC
[01:54:43] [19/296] SXCB
[01:54:44] [20/296] BAHS
[01:54:45] [21/296] PCBI
[01:54:45] [22/296] PSSM
[01:54:46] [23/296] RCOK
[01:54:47] [24/296] SCPF
[01:54:48] [25/296] SSAS
[01:54:49] [26/296] EVMM
[01:54:50] [27/296] SYCB
[01:54:51] [28/296] GCKI
[01:54:52] [29/296] IAET
[01:54:53] [30/296] DDTD
[01:54:54] [31/296] GMDH
[01:54:54] [32/296] STLE
[01:54:56] [33/296] JTRA
[01:54:57] [34/296] RPPA
[01:54:58] [35/296] ARUT
[01:55:00] [36/296] JTVM
[01:55:01] [37/296] SWRH
[01:55:01] [38/296] DCPC
[01:55:02] [39/296] RAPR
[01:55:03] [40/296] GCRT
[01:55:04] [41/296] ATUN
[01:55:05] [42/296] LTRM
[01:55:06] [43/296] TASR
[01:55:06] [44/296] RLLC
[01:55:07] [45/296] MABI
[01:55:08] [46/296] SVHB
[01:55:09] [47/296] NVTB
[01:55:10] [48/296] KCKG
[01:55:10] [49/296] SSRN
[01:55:11] [50/296] VDDC
[01:55:12] [51/296] GKTK
[01:55:13] [52/296] YFSN
[01:55:14] [53/296] GCSG
[01:55:15] [54/296] ESSM
[01:55:15] [55/296] KRIH
[01:55:16] [56/296] GCDS
[01:55:17] [57/296] CCSH
[01:55:19] [58/296] ACSK
[01:55:20] [59/296] APRK
[01:55:21] [60/296] ADKM
[01:55:21] [61/296] SRDM
[01:55:22] [62/296] RMOG
[01:55:23] [63/296] SJMY
[01:55:24] [64/296] PGGC
[01:55:25] [65/296] INGM
[01:55:26] [66/296] LSCB
[01:55:27] [67/296] STAD
[01:55:28] [68/296] MCCR
[01:55:28] [69/296] ABCC
[01:55:29] [70/296] RKCC
[01:55:30] [71/296] RTCR
[01:55:31] [72/296] GGBC
[01:55:32] [73/296] GCSD
[01:55:33] [74/296] LPTY
[01:55:33] [75/296] MCFD
[01:55:35] [76/296] HENN
[01:55:37] [77/296] SMKU
[01:55:38] [78/296] TNZC
[01:55:39] [79/296] DRCD
[01:55:40] [80/296] DLCD
[01:55:42] [81/296] RCDA
[01:55:44] [82/296] COSM
[01:55:45] [83/296] MCMJ
[01:55:46] [84/296] CSTR
[01:55:46] [85/296] CVDK
[01:55:47] [86/296] INRR
[01:55:48] [87/296] RJRT
[01:55:49] [88/296] IRMR
[01:55:50] [89/296] SRCF
[01:55:51] [90/296] GRCR
[01:55:52] [91/296] SURC
[01:55:52] [92/296] NMNH
[01:55:53] [93/296] SVBL
[01:55:54] [94/296] KACI
[01:55:55] [95/296] TDGO
[01:55:56] [96/296] KTBR
[01:55:57] [97/296] PMAD
[01:55:57] [98/296] CCPN
[01:55:58] [99/296] SBTK
[01:55:59] [100/296] LMDK
[01:56:00] [101/296] PGDA
[01:56:01] [102/296] SRML
[01:56:02] [103/296] EVCK
[01:56:03] [104/296] RTTK
[01:56:03] [105/296] SRTU
[01:56:04] [106/296] VRSA
[01:56:05] [107/296] VARS
[01:56:06] [108/296] DSCZ
[01:56:07] [109/296] GAGA
[01:56:08] [110/296] SARV
[01:56:08] [111/296] SEEG
[01:56:09] [112/296] GLCA
[01:56:10] [113/296] APAS
[01:56:11] [114/296] VCIA
[01:56:12] [115/296] SJTA
[01:56:13] [116/296] SABM
[01:56:14] [117/296] PPAG
[01:56:15] [118/296] RVCA
[01:56:16] [119/296] CCIA
[01:56:17] [120/296] HTAG
[01:56:18] [121/296] SMBI
[01:56:19] [122/296] MCJR
[01:56:19] [123/296] CCJR
[01:56:20] [124/296] SINF
[01:56:21] [125/296] CPLX
[01:56:22] [126/296] KKTJ
[01:56:23] [127/296] GDBW
[01:56:23] [128/296] CSUB
[01:56:24] [129/296] DABA
[01:56:25] [130/296] TITR
[01:56:26] [131/296] NYCR
[01:56:28] [132/296] RTRY
[01:56:28] [133/296] JTJL
[01:56:29] [134/296] SJCP
[01:56:30] [135/296] KCCA
[01:56:31] [136/296] MLPG
[01:56:32] [137/296] VRCK
[01:56:33] [138/296] SRIN
[01:56:33] [139/296] CXMK
[01:56:34] [140/296] SKAD
[01:56:35] [141/296] AVTR
[01:56:36] [142/296] PTAJ
[01:56:37] [143/296] SCNK
[01:56:37] [144/296] STTI
[01:56:38] [145/296] KACR
[01:56:39] [146/296] SSDX
[01:56:40] [147/296] VRTJ
[01:56:41] [148/296] RAJD
[01:56:43] [149/296] SCIP
[01:56:43] [150/296] RJSL
[01:56:44] [151/296] ARRS
[01:56:45] [152/296] ASMS
[01:56:46] [153/296] RDTS
[01:56:47] [154/296] DVMY
[01:56:47] [155/296] RASA
[01:56:48] [156/296] INOM
[01:56:49] [157/296] SPRS
[01:56:50] [158/296] SGCS
[01:56:51] [159/296] SALM
[01:56:52] [160/296] PKHC
[01:56:53] [161/296] RCSV
[01:56:53] [162/296] CPKC
[01:56:54] [163/296] AACD
[01:56:55] [164/296] GGCV
[01:56:56] [165/296] SMKD
[01:56:57] [166/296] NBCH
[01:56:58] [167/296] AMCB
[01:56:59] [168/296] OPCN
[01:57:00] [169/296] DCIN
[01:57:01] [170/296] INGW
[01:57:01] [171/296] PKKW
[01:57:02] [172/296] FNGW
[01:57:03] [173/296] GCGD
[01:57:04] [174/296] MSTW
[01:57:05] [175/296] KCCG
[01:57:06] [176/296] MRSS
[01:57:07] [177/296] CLCF
[01:57:07] [178/296] EETS
[01:57:08] [179/296] AATR
[01:57:10] [180/296] CMMN
[01:57:11] [181/296] SCCJ
[01:57:12] [182/296] CDTK
[01:57:13] [183/296] AICP
[01:57:13] [184/296] FNBP
[01:57:15] [185/296] CBPB
[01:57:16] [186/296] CPAS
[01:57:17] [187/296] MAPM
[01:57:18] [188/296] PASD
[01:57:19] [189/296] JCMN
[01:57:20] [190/296] MALB
[01:57:20] [191/296] SACG
[01:57:21] [192/296] DDRX
[01:57:22] [193/296] DDXB
[01:57:23] [194/296] RAMC
[01:57:23] [195/296] SANC
[01:57:24] [196/296] BCBP
[01:57:25] [197/296] ALPC
[01:57:26] [198/296] RBAC
[01:57:28] [199/296] RAJL
[01:57:29] [200/296] MPDX
[01:57:30] [201/296] MUSC
[01:57:30] [202/296] VKMK
[01:57:31] [203/296] SKCG
[01:57:33] [204/296] ANCN
[01:57:33] [205/296] MMCJ
[01:57:35] [206/296] DCAK
[01:57:36] [207/296] SCKG
[01:57:37] [208/296] LMCK
[01:57:37] [209/296] CKKX
[01:57:38] [210/296] ANKU
[01:57:39] [211/296] CSMD
[01:57:40] [212/296] MKMP
[01:57:41] [213/296] SVBG
[01:57:41] [214/296] ROOP
[01:57:42] [215/296] GDMT
[01:57:43] [216/296] FPPF
[01:57:44] [217/296] SFUU
[01:57:45] [218/296] ANCB
[01:57:46] [219/296] SMMC
[01:57:47] [220/296] UGKT
[01:57:48] [221/296] JVRM
[01:57:49] [222/296] BATG
[01:57:49] [223/296] RATE
[01:57:50] [224/296] SKME
[01:57:51] [225/296] LMTP
[01:57:52] [226/296] TCBD
[01:57:53] [227/296] ESBD
[01:57:54] [228/296] GDCU
[01:57:55] [229/296] SNKT
[01:57:56] [230/296] SRNK
[01:57:57] [231/296] SMED
[01:57:58] [232/296] CSQS
[01:57:59] [233/296] ALCS
[01:58:00] [234/296] KCKN
[01:58:01] [235/296] VCCL
[01:58:03] [236/296] MCDA
[01:58:04] [237/296] SHMI
[01:58:05] [238/296] SKHA
[01:58:06] [239/296] SVFK
[01:58:07] [240/296] INVB
[01:58:08] [241/296] MELD
[01:58:09] [242/296] JTYS
[01:58:10] [243/296] INCM
[01:58:11] [244/296] MCDV
[01:58:12] [245/296] KSGK
[01:58:13] [246/296] ICMG
[01:58:15] [247/296] CSCV
[01:58:16] [248/296] STMD
[01:58:17] [249/296] STTR
[01:58:18] [250/296] INVC
[01:58:18] [251/296] JTBL
[01:58:19] [252/296] SRVV
[01:58:20] [253/296] MAVC
[01:58:21] [254/296] SRPP
[01:58:22] [255/296] JGDM
[01:58:23] [256/296] MBSJ
[01:58:24] [257/296] SSLL
[01:58:25] [258/296] SLKP
[01:58:25] [259/296] NSRV
[01:58:27] [260/296] UTDV
[01:58:28] [261/296] KICM
[01:58:29] [262/296] KCMD
[01:58:29] [263/296] TTPP
[01:58:30] [264/296] KMPV
[01:58:32] [265/296] SKTV
[01:58:33] [266/296] STCV
[01:58:33] [267/296] SRDA
[01:58:34] [268/296] JTSX
[01:58:36] [269/296] STBV
[01:58:36] [270/296] APVZ
[01:58:37] [271/296] GSTV
[01:58:38] [272/296] NMVS
[01:58:39] [273/296] SKRT
[01:58:40] [274/296] RMDV
[01:58:41] [275/296] RATG
[01:58:41] [276/296] SJYV
[01:58:42] [277/296] NDGP
[01:58:43] [278/296] SNDG
[01:58:44] [279/296] INSR
[01:58:45] [280/296] INSO
[01:58:46] [281/296] CCSI
[01:58:47] [282/296] RASM
[01:58:48] [283/296] NEWC
[01:58:49] [284/296] VSHL
[01:58:49] [285/296] BISW
[01:58:51] [286/296] GCNG
[01:58:52] [287/296] CWSC
[01:58:53] [288/296] SKAN
[01:58:54] [289/296] SEHP
[01:58:55] [290/296] CCOA
[01:58:55] [291/296] MCAJ
[01:58:56] [292/296] ACDE
[01:58:57] [293/296] AACM
[01:58:59] [294/296] JJCK
[01:59:00] [295/296] RCMO
[01:59:01] [296/296] GDAW
[01:59:03] ✅ DONE | Shows=0 | Movies=0
[02:54:08] 🚀 BMS DAILY TRACKER STARTED
[02:54:08] [1/296] CDCA
[02:54:08] 🧠 New identity
[02:54:10] [2/296] MNSR
[02:54:11] [3/296] CSSL
[02:54:12] [4/296] BGGM
[02:54:12] [5/296] MANT
[02:54:14] [6/296] SOOY
[02:54:15] [7/296] VPPK
[02:54:17] [8/296] MYHJ
[02:54:18] [9/296] KSCK
[02:54:19] [10/296] KATK
[02:54:20] [11/296] RTRT
[02:54:20] [12/296] SSTT
[02:54:21] [13/296] SSTV
[02:54:22] [14/296] LACM
[02:54:23] [15/296] SGMG
[02:54:23] [16/296] KACX
[02:54:24] [17/296] GVCP
[02:54:25] [18/296] CSNC
[02:54:26] [19/296] SXCB
[02:54:27] [20/296] BAHS
[02:54:28] [21/296] PCBI
[02:54:29] [22/296] PSSM
[02:54:30] [23/296] RCOK
[02:54:32] [24/296] SCPF
[02:54:33] [25/296] SSAS
[02:54:34] [26/296] EVMM
[02:54:34] [27/296] SYCB
[02:54:35] [28/296] GCKI
[02:54:37] [29/296] IAET
[02:54:38] [30/296] DDTD
[02:54:39] [31/296] GMDH
[02:54:40] [32/296] STLE
[02:54:41] [33/296] JTRA
[02:54:41] [34/296] RPPA
[02:54:42] [35/296] ARUT
[02:54:43] [36/296] JTVM
[02:54:44] [37/296] SWRH
[02:54:45] [38/296] DCPC
[02:54:46] [39/296] RAPR
[02:54:46] [40/296] GCRT
[02:54:47] [41/296] ATUN
[02:54:49] [42/296] LTRM
[02:54:50] [43/296] TASR
[02:54:51] [44/296] RLLC
[02:54:52] [45/296] MABI
[02:54:53] [46/296] SVHB
[02:54:54] [47/296] NVTB
[02:54:55] [48/296] KCKG
[02:54:57] [49/296] SSRN
[02:54:58] [50/296] VDDC
[02:54:59] [51/296] GKTK
[02:55:00] [52/296] YFSN
[02:55:01] [53/296] GCSG
[02:55:02] [54/296] ESSM
[02:55:03] [55/296] KRIH
[02:55:04] [56/296] GCDS
[02:55:05] [57/296] CCSH
[02:55:06] [58/296] ACSK
[02:55:06] [59/296] APRK
[02:55:07] [60/296] ADKM
[02:55:08] [61/296] SRDM
[02:55:10] [62/296] RMOG
[02:55:11] [63/296] SJMY
[02:55:11] [64/296] PGGC
[02:55:13] [65/296] INGM
[02:55:14] [66/296] LSCB
[02:55:15] [67/296] STAD
[02:55:16] [68/296] MCCR
[02:55:16] [69/296] ABCC
[02:55:17] [70/296] RKCC
[02:55:19] [71/296] RTCR
[02:55:20] [72/296] GGBC
[02:55:21] [73/296] GCSD
[02:55:21] [74/296] LPTY
[02:55:23] [75/296] MCFD
[02:55:24] [76/296] HENN
[02:55:24] [77/296] SMKU
[02:55:26] [78/296] TNZC
[02:55:27] [79/296] DRCD
[02:55:28] [80/296] DLCD
[02:55:29] [81/296] RCDA
[02:55:30] [82/296] COSM
[02:55:31] [83/296] MCMJ
[02:55:32] [84/296] CSTR
[02:55:33] [85/296] CVDK
[02:55:34] [86/296] INRR
[02:55:34] [87/296] RJRT
[02:55:35] [88/296] IRMR
[02:55:36] [89/296] SRCF
[02:55:37] [90/296] GRCR
[02:55:39] [91/296] SURC
[02:55:39] [92/296] NMNH
[02:55:40] [93/296] SVBL
[02:55:42] [94/296] KACI
[02:55:42] [95/296] TDGO
[02:55:43] [96/296] KTBR
[02:55:44] [97/296] PMAD
[02:55:45] [98/296] CCPN
[02:55:46] [99/296] SBTK
[02:55:47] [100/296] LMDK
[02:55:48] [101/296] PGDA
[02:55:49] [102/296] SRML
[02:55:50] [103/296] EVCK
[02:55:50] [104/296] RTTK
[02:55:51] [105/296] SRTU
[02:55:52] [106/296] VRSA
[02:55:53] [107/296] VARS
[02:55:54] [108/296] DSCZ
[02:55:55] [109/296] GAGA
[02:55:56] [110/296] SARV
[02:55:57] [111/296] SEEG
[02:55:58] [112/296] GLCA
[02:55:58] [113/296] APAS
[02:55:59] [114/296] VCIA
[02:56:00] [115/296] SJTA
[02:56:01] [116/296] SABM
[02:56:02] [117/296] PPAG
[02:56:03] [118/296] RVCA
[02:56:04] [119/296] CCIA
[02:56:05] [120/296] HTAG
[02:56:06] [121/296] SMBI
[02:56:07] [122/296] MCJR
[02:56:08] [123/296] CCJR
[02:56:09] [124/296] SINF
[02:56:10] [125/296] CPLX
[02:56:11] [126/296] KKTJ
[02:56:12] [127/296] GDBW
[02:56:13] [128/296] CSUB
[02:56:14] [129/296] DABA
[02:56:15] [130/296] TITR
[02:56:16] [131/296] NYCR
[02:56:17] [132/296] RTRY
[02:56:18] [133/296] JTJL
[02:56:19] [134/296] SJCP
[02:56:20] [135/296] KCCA
[02:56:21] [136/296] MLPG
[02:56:21] [137/296] VRCK
[02:56:22] [138/296] SRIN
[02:56:23] [139/296] CXMK
[02:56:24] [140/296] SKAD
[02:56:25] [141/296] AVTR
[02:56:26] [142/296] PTAJ
[02:56:27] [143/296] SCNK
[02:56:27] [144/296] STTI
[02:56:28] [145/296] KACR
[02:56:29] [146/296] SSDX
[02:56:30] [147/296] VRTJ
[02:56:31] [148/296] RAJD
[02:56:32] [149/296] SCIP
[02:56:33] [150/296] RJSL
[02:56:34] [151/296] ARRS
[02:56:35] [152/296] ASMS
[02:56:36] [153/296] RDTS
[02:56:37] [154/296] DVMY
[02:56:38] [155/296] RASA
[02:56:40] [156/296] INOM
[02:56:41] [157/296] SPRS
[02:56:41] [158/296] SGCS
[02:56:42] [159/296] SALM
[02:56:43] [160/296] PKHC
[02:56:44] [161/296] RCSV
[02:56:45] [162/296] CPKC
[02:56:46] [163/296] AACD
[02:56:47] [164/296] GGCV
[02:56:48] [165/296] SMKD
[02:56:48] [166/296] NBCH
[02:56:49] [167/296] AMCB
[02:56:50] [168/296] OPCN
[02:56:51] [169/296] DCIN
[02:56:51] [170/296] INGW
[02:56:52] [171/296] PKKW
[02:56:53] [172/296] FNGW
[02:56:54] [173/296] GCGD
[02:56:55] [174/296] MSTW
[02:56:57] [175/296] KCCG
[02:56:57] [176/296] MRSS
[02:56:58] [177/296] CLCF
[02:56:59] [178/296] EETS
[02:57:00] [179/296] AATR
[02:57:02] [180/296] CMMN
[02:57:02] [181/296] SCCJ
[02:57:03] [182/296] CDTK
[02:57:05] [183/296] AICP
[02:57:06] [184/296] FNBP
[02:57:07] [185/296] CBPB
[02:57:07] [186/296] CPAS
[02:57:08] [187/296] MAPM
[02:57:09] [188/296] PASD
[02:57:10] [189/296] JCMN
[02:57:11] [190/296] MALB
[02:57:12] [191/296] SACG
[02:57:13] [192/296] DDRX
[02:57:14] [193/296] DDXB
[02:57:15] [194/296] RAMC
[02:57:16] [195/296] SANC
[02:57:17] [196/296] BCBP
[02:57:19] [197/296] ALPC
[02:57:19] [198/296] RBAC
[02:57:20] [199/296] RAJL
[02:57:22] [200/296] MPDX
[02:57:23] [201/296] MUSC
[02:57:24] [202/296] VKMK
[02:57:25] [203/296] SKCG
[02:57:26] [204/296] ANCN
[02:57:27] [205/296] MMCJ
[02:57:28] [206/296] DCAK
[02:57:29] [207/296] SCKG
[02:57:30] [208/296] LMCK
[02:57:30] [209/296] CKKX
[02:57:31] [210/296] ANKU
[02:57:32] [211/296] CSMD
[02:57:33] [212/296] MKMP
[02:57:34] [213/296] SVBG
[02:57:35] [214/296] ROOP
[02:57:35] [215/296] GDMT
[02:57:36] [216/296] FPPF
[02:57:37] [217/296] SFUU
[02:57:38] [218/296] ANCB
[02:57:39] [219/296] SMMC
[02:57:40] [220/296] UGKT
[02:57:41] [221/296] JVRM
[02:57:42] [222/296] BATG
[02:57:43] [223/296] RATE
[02:57:43] [224/296] SKME
[02:57:44] [225/296] LMTP
[02:57:45] [226/296] TCBD
[02:57:46] [227/296] ESBD
[02:57:47] [228/296] GDCU
[02:57:48] [229/296] SNKT
[02:57:49] [230/296] SRNK
[02:57:50] [231/296] SMED
[02:57:51] [232/296] CSQS
[02:57:52] [233/296] ALCS
[02:57:53] [234/296] KCKN
[02:57:54] [235/296] VCCL
[02:57:55] [236/296] MCDA
[02:57:56] [237/296] SHMI
[02:57:57] [238/296] SKHA
[02:57:58] [239/296] SVFK
[02:57:59] [240/296] INVB
[02:58:00] [241/296] MELD
[02:58:02] [242/296] JTYS
[02:58:02] [243/296] INCM
[02:58:04] [244/296] MCDV
[02:58:05] [245/296] KSGK
[02:58:06] [246/296] ICMG
[02:58:06] [247/296] CSCV
[02:58:07] [248/296] STMD
[02:58:08] [249/296] STTR
[02:58:10] [250/296] INVC
[02:58:11] [251/296] JTBL
[02:58:12] [252/296] SRVV
[02:58:14] [253/296] MAVC
[02:58:15] [254/296] SRPP
[02:58:16] [255/296] JGDM
[02:58:17] [256/296] MBSJ
[02:58:18] [257/296] SSLL
[02:58:19] [258/296] SLKP
[02:58:19] [259/296] NSRV
[02:58:20] [260/296] UTDV
[02:58:22] [261/296] KICM
[02:58:22] [262/296] KCMD
[02:58:24] [263/296] TTPP
[02:58:25] [264/296] KMPV
[02:58:26] [265/296] SKTV
[02:58:26] [266/296] STCV
[02:58:27] [267/296] SRDA
[02:58:28] [268/296] JTSX
[02:58:29] [269/296] STBV
[02:58:30] [270/296] APVZ
[02:58:31] [271/296] GSTV
[02:58:32] [272/296] NMVS
[02:58:33] [273/296] SKRT
[02:58:34] [274/296] RMDV
[02:58:35] [275/296] RATG
[02:58:36] [276/296] SJYV
[02:58:37] [277/296] NDGP
[02:58:38] [278/296] SNDG
[02:58:39] [279/296] INSR
[02:58:40] [280/296] INSO
[02:58:41] [281/296] CCSI
[02:58:42] [282/296] RASM
[02:58:43] [283/296] NEWC
[02:58:44] [284/296] VSHL
[02:58:45] [285/296] BISW
[02:58:46] [286/296] GCNG
[02:58:48] [287/296] CWSC
[02:58:49] [288/296] SKAN
[02:58:50] [289/296] SEHP
[02:58:51] [290/296] CCOA
[02:58:51] [291/296] MCAJ
[02:58:52] [292/296] ACDE
[02:58:53] [293/296] AACM
[02:58:55] [294/296] JJCK
[02:58:56] [295/296] RCMO
[02:58:57] [296/296] GDAW
[02:58:58] ✅ DONE | Shows=0 | Movies=0
