[10:13:58] 🚀 SCRIPT STARTED
[10:13:58] [1/459] MBDC
[10:13:58] 🧠 New identity created
[10:13:59] [2/459] CHKM
[10:14:00] [3/459] JTKZ
[10:14:00] [4/459] CMCT
[10:14:01] [5/459] ASHO
[10:14:02] [6/459] ECDG
[10:14:03] [7/459] SPAT
[10:14:04] [8/459] HILC
[10:14:05] [9/459] SPPH
[10:14:06] [10/459] SBHN
[10:14:07] [11/459] RRCA
[10:14:07] [12/459] APAA
[10:14:09] [13/459] RAME
[10:14:10] [14/459] TMMS
[10:14:11] [15/459] BATK
[10:14:11] [16/459] LKOP
[10:14:12] [17/459] AMTT
[10:14:13] [18/459] PTGK
[10:14:14] [19/459] ANRS
[10:14:14] [20/459] VWBW
[10:14:16] [21/459] SVFG
[10:14:17] [22/459] STAT
[10:14:18] [23/459] GDCV
[10:14:19] [24/459] VEBI
[10:14:19] [25/459] VDSS
[10:14:21] [26/459] NTHV
[10:14:22] [27/459] AOCH
[10:14:23] [28/459] KASR
[10:14:24] [29/459] AYCS
[10:14:25] [30/459] SHAI
[10:14:26] [31/459] SKPE
[10:14:26] [32/459] SBTA
[10:14:27] [33/459] RTTD
[10:14:29] [34/459] CCJD
[10:14:29] [35/459] RSJJ
[10:14:30] [36/459] RKND
[10:14:31] [37/459] SVTX
[10:14:32] [38/459] BAKM
[10:14:33] [39/459] SVDC
[10:14:33] [40/459] MNCV
[10:14:34] [41/459] SJGC
[10:14:35] [42/459] MTPK
[10:14:36] [43/459] GATP
[10:14:37] [44/459] ABTS
[10:14:38] [45/459] ABDE
[10:14:39] [46/459] RCNM
[10:14:40] [47/459] KTHV
[10:14:40] [48/459] MDGJ
[10:14:41] [49/459] SMLM
[10:14:42] [50/459] JTMA
[10:14:43] [51/459] ACKP
[10:14:44] [52/459] SRTA
[10:14:45] [53/459] STAY
[10:14:46] [54/459] MAVO
[10:14:46] [55/459] APTS
[10:14:47] [56/459] OMEA
[10:14:48] [57/459] TTFD
[10:14:49] [58/459] MJCU
[10:14:50] [59/459] CXTE
[10:14:51] [60/459] CTPX
[10:14:51] [61/459] ASSL
[10:14:52] [62/459] CMVB
[10:14:53] [63/459] VPUR
[10:14:54] [64/459] JJDA
[10:14:55] [65/459] INBL
[10:14:56] [66/459] BIKB
[10:14:56] [67/459] NTBB
[10:14:57] [68/459] GLOB
[10:14:58] [69/459] SNTB
[10:14:59] [70/459] CHGV
[10:15:00] [71/459] SSBZ
[10:15:01] [72/459] PRDB
[10:15:02] [73/459] ISMT
[10:15:03] [74/459] MCSD
[10:15:04] [75/459] JBTT
[10:15:05] [76/459] GEKR
[10:15:06] [77/459] PVUN
[10:15:07] [78/459] NRTB
[10:15:08] [79/459] PRAA
[10:15:09] [80/459] PCBL
[10:15:10] [81/459] PTCM
[10:15:11] [82/459] KHNN
[10:15:11] [83/459] OMJE
[10:15:12] [84/459] STGN
[10:15:13] [85/459] RPMS
[10:15:14] [86/459] NWAD
[10:15:14] [87/459] BLCK
[10:15:16] [88/459] SVAA
[10:15:17] [89/459] URVM
[10:15:17] [90/459] ANTM
[10:15:18] [91/459] VJYM
[10:15:19] [92/459] MAZZ
[10:15:20] [93/459] CSHM
[10:15:21] [94/459] WGMH
[10:15:22] [95/459] SALN
[10:15:23] [96/459] BRTP
[10:15:24] [97/459] SVTA
[10:15:24] [98/459] SBTP
[10:15:25] [99/459] VLSS
[10:15:26] [100/459] SRJA
[10:15:27] [101/459] ANCG
[10:15:27] [102/459] CGGC
[10:15:28] [103/459] CRJA
[10:15:29] [104/459] USCR
[10:15:30] [105/459] MMEF
[10:15:31] [106/459] JCRJ
[10:15:32] [107/459] ADCM
[10:15:33] [108/459] BMYK
[10:15:34] [109/459] KICS
[10:15:34] [110/459] MBBT
[10:15:36] [111/459] MACK
[10:15:36] [112/459] CLDR
[10:15:37] [113/459] JYCR
[10:15:38] [114/459] DCRP
[10:15:39] [115/459] RAHT
[10:15:40] [116/459] CSSM
[10:15:41] [117/459] ATPK
[10:15:42] [118/459] KLRT
[10:15:42] [119/459] SRDD
[10:15:43] [120/459] CKMC
[10:15:44] [121/459] KRVM
[10:15:45] [122/459] AKCP
[10:15:46] [123/459] CNCV
[10:15:47] [124/459] PACT
[10:15:47] [125/459] NATP
[10:15:48] [126/459] PCPK
[10:15:49] [127/459] SMHO
[10:15:50] [128/459] CWTK
[10:15:51] [129/459] RVKZ
[10:15:52] [130/459] ASPD
[10:15:53] [131/459] VTKZ
[10:15:54] [132/459] LCSO
[10:15:54] [133/459] PRDY
[10:15:55] [134/459] RCAP
[10:15:56] [135/459] RGAR
[10:15:57] [136/459] RCAC
[10:15:58] [137/459] PMOD
[10:15:59] [138/459] PVCN
[10:15:59] [139/459] SCRZ
[10:16:00] [140/459] PVPC
[10:16:01] [141/459] STID
[10:16:02] [142/459] NEDD
[10:16:03] [143/459] BNBA
[10:16:03] [144/459] NTCD
[10:16:04] [145/459] OCDE
[10:16:05] [146/459] CCDU
[10:16:06] [147/459] CRXH
[10:16:08] [148/459] VLVT
[10:16:09] [149/459] CICI
[10:16:09] [150/459] SUCB
[10:16:11] [151/459] TCBP
[10:16:12] [152/459] SCCY
[10:16:12] [153/459] LXCY
[10:16:13] [154/459] NCMD
[10:16:14] [155/459] PHCS
[10:16:16] [156/459] DUXR
[10:16:16] [157/459] VNKS
[10:16:18] [158/459] SEDP
[10:16:18] [159/459] SVEN
[10:16:20] [160/459] SRKM
[10:16:21] [161/459] JTLT
[10:16:23] [162/459] SVSS
[10:16:24] [163/459] AMDE
[10:16:25] [164/459] WVRN
[10:16:26] [165/459] ISMG
[10:16:27] [166/459] WVKS
[10:16:28] [167/459] USCG
[10:16:28] [168/459] IOTG
[10:16:29] [169/459] RRJM
[10:16:30] [170/459] EDMP
[10:16:31] [171/459] SCGZ
[10:16:32] [172/459] GMGX
[10:16:33] [173/459] OMTP
[10:16:33] [174/459] MITD
[10:16:34] [175/459] SMMD
[10:16:35] [176/459] STML
[10:16:36] [177/459] MCFS
[10:16:37] [178/459] FPKA
[10:16:38] [179/459] OMLR
[10:16:38] [180/459] KKSC
[10:16:39] [181/459] RVMA
[10:16:40] [182/459] SCLL
[10:16:42] [183/459] SCDK
[10:16:43] [184/459] SXMI
[10:16:44] [185/459] SHDN
[10:16:44] [186/459] PAAD
[10:16:45] [187/459] UUCB
[10:16:46] [188/459] JHOL
[10:16:47] [189/459] SGWT
[10:16:48] [190/459] SRII
[10:16:49] [191/459] SGCK
[10:16:50] [192/459] SVVB
[10:16:51] [193/459] DMHA
[10:16:52] [194/459] PPNL
[10:16:53] [195/459] CPNL
[10:16:53] [196/459] WVLD
[10:16:54] [197/459] PSLV
[10:16:55] [198/459] VTTL
[10:16:56] [199/459] NPAD
[10:16:57] [200/459] PVCS
[10:16:58] [201/459] MCHL
[10:16:58] [202/459] PPLL
[10:16:59] [203/459] MALO
[10:17:00] [204/459] SWBH
[10:17:01] [205/459] PUGB
[10:17:02] [206/459] INBB
[10:17:02] [207/459] INNS
[10:17:03] [208/459] MCPT
[10:17:04] [209/459] SCMI
[10:17:05] [210/459] OCON
[10:17:06] [211/459] SCSM
[10:17:07] [212/459] RJVN
[10:17:08] [213/459] AMDK
[10:17:08] [214/459] ISMR
[10:17:09] [215/459] SMTD
[10:17:11] [216/459] VTDD
[10:17:11] [217/459] PDDZ
[10:17:12] [218/459] PCCK
[10:17:13] [219/459] INAM
[10:17:14] [220/459] FNKT
[10:17:15] [221/459] GDKA
[10:17:16] [222/459] MAYU
[10:17:17] [223/459] TCGU
[10:17:18] [224/459] KDCA
[10:17:18] [225/459] DOMY
[10:17:19] [226/459] PDDD
[10:17:20] [227/459] BJTS
[10:17:21] [228/459] VTCA
[10:17:22] [229/459] SBTM
[10:17:23] [230/459] SEET
[10:17:24] [231/459] SSTJ
[10:17:25] [232/459] SVNT
[10:17:26] [233/459] PPPR
[10:17:27] [234/459] PVYS
[10:17:28] [235/459] IOSE
[10:17:29] [236/459] ACTV
[10:17:30] [237/459] APVE
[10:17:30] [238/459] TCCL
[10:17:31] [239/459] SCMO
[10:17:33] [240/459] SAUM
[10:17:34] [241/459] KCJS
[10:17:36] [242/459] NJCJ
[10:17:36] [243/459] NECF
[10:17:37] [244/459] CCGW
[10:17:38] [245/459] CCMG
[10:17:39] [246/459] NYRG
[10:17:40] [247/459] NCSQ
[10:17:41] [248/459] GRCG
[10:17:42] [249/459] CCBT
[10:17:43] [250/459] ACGA
[10:17:43] [251/459] INAG
[10:17:44] [252/459] FUCG
[10:17:45] [253/459] AICF
[10:17:46] [254/459] GRGA
[10:17:47] [255/459] GDCN
[10:17:48] [256/459] RRCG
[10:17:49] [257/459] SDCH
[10:17:50] [258/459] WVJM
[10:17:51] [259/459] JCCZ
[10:17:52] [260/459] CNCL
[10:17:53] [261/459] TMLV
[10:17:54] [262/459] MEMB
[10:17:55] [263/459] SGTD
[10:17:55] [264/459] CONX
[10:17:56] [265/459] CCMH
[10:17:58] [266/459] ACMC
[10:17:59] [267/459] DTPD
[10:18:00] [268/459] POJA
[10:18:01] [269/459] FNBH
[10:18:02] [270/459] CGCB
[10:18:03] [271/459] RACN
[10:18:04] [272/459] JTSM
[10:18:05] [273/459] SCDN
[10:18:07] [274/459] AACK
[10:18:07] [275/459] RMCE
[10:18:08] [276/459] BSGB
[10:18:09] [277/459] MRCB
[10:18:10] [278/459] SRVR
[10:18:11] [279/459] VTKK
[10:18:12] [280/459] AMST
[10:18:13] [281/459] APCY
[10:18:13] [282/459] LMHO
[10:18:14] [283/459] MTZH
[10:18:15] [284/459] AMZB
[10:18:16] [285/459] SUVT
[10:18:17] [286/459] RCIP
[10:18:18] [287/459] KESR
[10:18:19] [288/459] SNKC
[10:18:20] [289/459] SCED
[10:18:21] [290/459] DVCA
[10:18:23] [291/459] VCDT
[10:18:23] [292/459] RRDI
[10:18:24] [293/459] DFCH
[10:18:25] [294/459] INSC
[10:18:25] [295/459] RGTR
[10:18:26] [296/459] FMOT
[10:18:27] [297/459] SCPM
[10:18:28] [298/459] GCDT
[10:18:29] [299/459] BRKT
[10:18:29] [300/459] DEMP
[10:18:30] [301/459] SRLC
[10:18:31] [302/459] KSTT
[10:18:32] [303/459] SMMT
[10:18:32] [304/459] SILM
[10:18:33] [305/459] JCVM
[10:18:34] [306/459] KCSV
[10:18:34] [307/459] MHLK
[10:18:35] [308/459] SLVL
[10:18:36] [309/459] RJKP
[10:18:37] [310/459] BBPC
[10:18:38] [311/459] MXCB
[10:18:38] [312/459] TCPK
[10:18:39] [313/459] RTBR
[10:18:40] [314/459] GAUT
[10:18:41] [315/459] DVCF
[10:18:42] [316/459] JTSB
[10:18:43] [317/459] SBLS
[10:18:44] [318/459] UDAY
[10:18:44] [319/459] PTNP
[10:18:45] [320/459] DMKT
[10:18:46] [321/459] NTDT
[10:18:47] [322/459] SHDJ
[10:18:48] [323/459] OTNC
[10:18:49] [324/459] RNTW
[10:18:50] [325/459] GCMI
[10:18:51] [326/459] CRCM
[10:18:52] [327/459] NNCZ
[10:18:52] [328/459] OEMO
[10:18:53] [329/459] PVJM
[10:18:54] [330/459] CPJI
[10:18:56] [331/459] RMCJ
[10:18:57] [332/459] CNWJ
[10:18:57] [333/459] EPJM
[10:18:58] [334/459] FNJJ
[10:18:59] [335/459] GCMJ
[10:19:00] [336/459] INPS
[10:19:00] [337/459] BICJ
[10:19:01] [338/459] ISTJ
[10:19:02] [339/459] INJC
[10:19:03] [340/459] GLXJ
[10:19:04] [341/459] INEM
[10:19:04] [342/459] JTMN
[10:19:05] [343/459] FRCJ
[10:19:06] [344/459] DDJP
[10:19:07] [345/459] INJV
[10:19:07] [346/459] GOLC
[10:19:08] [347/459] KOCI
[10:19:09] [348/459] FSTD
[10:19:10] [349/459] PACJ
[10:19:11] [350/459] GMCN
[10:19:12] [351/459] MMDJ
[10:19:13] [352/459] GODH
[10:19:13] [353/459] SKYN
[10:19:14] [354/459] NCTH
[10:19:15] [355/459] SKVZ
[10:19:16] [356/459] SVML
[10:19:17] [357/459] ACVZ
[10:19:17] [358/459] SURA
[10:19:18] [359/459] RTRB
[10:19:19] [360/459] LLCT
[10:19:20] [361/459] ATTS
[10:19:21] [362/459] JYCM
[10:19:21] [363/459] CTKR
[10:19:23] [364/459] LCKR
[10:19:23] [365/459] NYCV
[10:19:25] [366/459] NYOH
[10:19:26] [367/459] NOVX
[10:19:27] [368/459] MRGK
[10:19:28] [369/459] MOON
[10:19:29] [370/459] SBUC
[10:19:30] [371/459] GSVA
[10:19:31] [372/459] VIAK
[10:19:32] [373/459] SMVZ
[10:19:33] [374/459] MATE
[10:19:34] [375/459] RDCN
[10:19:34] [376/459] ASBL
[10:19:35] [377/459] ASVS
[10:19:36] [378/459] ASSR
[10:19:36] [379/459] SSKN
[10:19:37] [380/459] DRPV
[10:19:38] [381/459] MRHT
[10:19:39] [382/459] BSCN
[10:19:40] [383/459] RKNX
[10:19:41] [384/459] MSMC
[10:19:41] [385/459] MSCJ
[10:19:42] [386/459] BTBJ
[10:19:43] [387/459] MJCC
[10:19:44] [388/459] IOMM
[10:19:45] [389/459] ADGR
[10:19:47] [390/459] MYCP
[10:19:48] [391/459] IGCM
[10:19:48] [392/459] PGRK
[10:19:49] [393/459] VPGO
[10:19:50] [394/459] KOMS
[10:19:52] [395/459] URGG
[10:19:52] [396/459] GOST
[10:19:53] [397/459] LACT
[10:19:54] [398/459] BWCM
[10:19:55] [399/459] NCCW
[10:19:56] [400/459] SKYC
[10:19:56] [401/459] CCPM
[10:19:57] [402/459] VCBT
[10:19:58] [403/459] SDKR
[10:19:59] [404/459] CTYB
[10:20:00] [405/459] SHCX
[10:20:01] [406/459] RCUN
[10:20:02] [407/459] CNRA
[10:20:03] [408/459] RFCA
[10:20:04] [409/459] RDCU
[10:20:05] [410/459] SARK
[10:20:06] [411/459] SPPP
[10:20:06] [412/459] ADMB
[10:20:07] [413/459] JYOE
[10:20:08] [414/459] SRMD
[10:20:09] [415/459] RJDH
[10:20:09] [416/459] SSTD
[10:20:10] [417/459] AACV
[10:20:11] [418/459] PPVD
[10:20:12] [419/459] STCP
[10:20:12] [420/459] ANJR
[10:20:13] [421/459] ANLS
[10:20:14] [422/459] BIJO
[10:20:15] [423/459] AVAB
[10:20:16] [424/459] SPMD
[10:20:17] [425/459] SVJL
[10:20:18] [426/459] SDDJ
[10:20:19] [427/459] SLTU
[10:20:20] [428/459] SAKA
[10:20:21] [429/459] PMAM
[10:20:22] [430/459] FNAM
[10:20:23] [431/459] ACAM
[10:20:24] [432/459] SCMM
[10:20:24] [433/459] PMAK
[10:20:25] [434/459] NYSA
[10:20:26] [435/459] FCPA
[10:20:27] [436/459] GDAN
[10:20:27] [437/459] RSCA
[10:20:28] [438/459] DMAN
[10:20:29] [439/459] DZCM
[10:20:30] [440/459] NSGL
[10:20:31] [441/459] CCPP
[10:20:32] [442/459] PSMG
[10:20:33] [443/459] GSER
[10:20:33] [444/459] FCCT
[10:20:35] [445/459] FCTB
[10:20:36] [446/459] LCNK
[10:20:37] [447/459] SKTY
[10:20:38] [448/459] INAA
[10:20:39] [449/459] RCWN
[10:20:39] [450/459] VAIS
[10:20:40] [451/459] CVMN
[10:20:41] [452/459] INTS
[10:20:42] [453/459] FRGS
[10:20:43] [454/459] DTCK
[10:20:44] [455/459] MCMH
[10:20:45] [456/459] ECRR
[10:20:45] [457/459] RLLP
[10:20:46] [458/459] CCSN
[10:20:47] [459/459] CCBA
[10:20:48] 🧹 Deduping shows
[10:20:48] ✅ DONE | Shows=22 | Movies=3
[16:47:18] 🚀 SCRIPT STARTED
[16:47:18] [1/459] MBDC
[16:47:18] 🧠 New identity created
[16:47:19] [2/459] CHKM
[16:47:20] [3/459] JTKZ
[16:47:21] [4/459] CMCT
[16:47:22] [5/459] ASHO
[16:47:22] [6/459] ECDG
[16:47:24] [7/459] SPAT
[16:47:25] [8/459] HILC
[16:47:26] [9/459] SPPH
[16:47:27] [10/459] SBHN
[16:47:28] [11/459] RRCA
[16:47:29] [12/459] APAA
[16:47:30] [13/459] RAME
[16:47:30] [14/459] TMMS
[16:47:31] [15/459] BATK
[16:47:33] [16/459] LKOP
[16:47:34] [17/459] AMTT
[16:47:35] [18/459] PTGK
[16:47:36] [19/459] ANRS
[16:47:37] [20/459] VWBW
[16:47:37] [21/459] SVFG
[16:47:38] [22/459] STAT
[16:47:39] [23/459] GDCV
[16:47:40] [24/459] VEBI
[16:47:41] [25/459] VDSS
[16:47:42] [26/459] NTHV
[16:47:42] [27/459] AOCH
[16:47:43] [28/459] KASR
[16:47:44] [29/459] AYCS
[16:47:45] [30/459] SHAI
[16:47:46] [31/459] SKPE
[16:47:46] [32/459] SBTA
[16:47:47] [33/459] RTTD
[16:47:48] [34/459] CCJD
[16:47:49] [35/459] RSJJ
[16:47:50] [36/459] RKND
[16:47:50] [37/459] SVTX
[16:47:51] [38/459] BAKM
[16:47:52] [39/459] SVDC
[16:47:53] [40/459] MNCV
[16:47:54] [41/459] SJGC
[16:47:55] [42/459] MTPK
[16:47:56] [43/459] GATP
[16:47:57] [44/459] ABTS
[16:47:58] [45/459] ABDE
[16:47:58] [46/459] RCNM
[16:48:00] [47/459] KTHV
[16:48:00] [48/459] MDGJ
[16:48:01] [49/459] SMLM
[16:48:02] [50/459] JTMA
[16:48:03] [51/459] ACKP
[16:48:04] [52/459] SRTA
[16:48:05] [53/459] STAY
[16:48:06] [54/459] MAVO
[16:48:07] [55/459] APTS
[16:48:07] [56/459] OMEA
[16:48:08] [57/459] TTFD
[16:48:09] [58/459] MJCU
[16:48:10] [59/459] CXTE
[16:48:11] [60/459] CTPX
[16:48:12] [61/459] ASSL
[16:48:13] [62/459] CMVB
[16:48:14] [63/459] VPUR
[16:48:15] [64/459] JJDA
[16:48:16] [65/459] INBL
[16:48:17] [66/459] BIKB
[16:48:18] [67/459] NTBB
[16:48:19] [68/459] GLOB
[16:48:20] [69/459] SNTB
[16:48:20] [70/459] CHGV
[16:48:21] [71/459] SSBZ
[16:48:22] [72/459] PRDB
[16:48:23] [73/459] ISMT
[16:48:24] [74/459] MCSD
[16:48:25] [75/459] JBTT
[16:48:26] [76/459] GEKR
[16:48:26] [77/459] PVUN
[16:48:27] [78/459] NRTB
[16:48:28] [79/459] PRAA
[16:48:28] [80/459] PCBL
[16:48:29] [81/459] PTCM
[16:48:30] [82/459] KHNN
[16:48:31] [83/459] OMJE
[16:48:32] [84/459] STGN
[16:48:33] [85/459] RPMS
[16:48:33] [86/459] NWAD
[16:48:34] [87/459] BLCK
[16:48:35] [88/459] SVAA
[16:48:36] [89/459] URVM
[16:48:37] [90/459] ANTM
[16:48:37] [91/459] VJYM
[16:48:38] [92/459] MAZZ
[16:48:39] [93/459] CSHM
[16:48:40] [94/459] WGMH
[16:48:41] [95/459] SALN
[16:48:41] [96/459] BRTP
[16:48:42] [97/459] SVTA
[16:48:43] [98/459] SBTP
[16:48:44] [99/459] VLSS
[16:48:45] [100/459] SRJA
[16:48:45] [101/459] ANCG
[16:48:46] [102/459] CGGC
[16:48:47] [103/459] CRJA
[16:48:48] [104/459] USCR
[16:48:49] [105/459] MMEF
[16:48:50] [106/459] JCRJ
[16:48:51] [107/459] ADCM
[16:48:52] [108/459] BMYK
[16:48:52] [109/459] KICS
[16:48:53] [110/459] MBBT
[16:48:54] [111/459] MACK
[16:48:55] [112/459] CLDR
[16:48:56] [113/459] JYCR
[16:48:57] [114/459] DCRP
[16:48:58] [115/459] RAHT
[16:48:58] [116/459] CSSM
[16:48:59] [117/459] ATPK
[16:49:00] [118/459] KLRT
[16:49:01] [119/459] SRDD
[16:49:03] [120/459] CKMC
[16:49:04] [121/459] KRVM
[16:49:05] [122/459] AKCP
[16:49:05] [123/459] CNCV
[16:49:06] [124/459] PACT
[16:49:08] [125/459] NATP
[16:49:09] [126/459] PCPK
[16:49:10] [127/459] SMHO
[16:49:11] [128/459] CWTK
[16:49:12] [129/459] RVKZ
[16:49:13] [130/459] ASPD
[16:49:14] [131/459] VTKZ
[16:49:15] [132/459] LCSO
[16:49:15] [133/459] PRDY
[16:49:17] [134/459] RCAP
[16:49:18] [135/459] RGAR
[16:49:18] [136/459] RCAC
[16:49:19] [137/459] PMOD
[16:49:20] [138/459] PVCN
[16:49:21] [139/459] SCRZ
[16:49:21] [140/459] PVPC
[16:49:22] [141/459] STID
[16:49:23] [142/459] NEDD
[16:49:24] [143/459] BNBA
[16:49:25] [144/459] NTCD
[16:49:25] [145/459] OCDE
[16:49:26] [146/459] CCDU
[16:49:27] [147/459] CRXH
[16:49:28] [148/459] VLVT
[16:49:28] [149/459] CICI
[16:49:29] [150/459] SUCB
[16:49:30] [151/459] TCBP
[16:49:32] [152/459] SCCY
[16:49:33] [153/459] LXCY
[16:49:34] [154/459] NCMD
[16:49:34] [155/459] PHCS
[16:49:35] [156/459] DUXR
[16:49:36] [157/459] VNKS
[16:49:37] [158/459] SEDP
[16:49:38] [159/459] SVEN
[16:49:38] [160/459] SRKM
[16:49:39] [161/459] JTLT
[16:49:40] [162/459] SVSS
[16:49:41] [163/459] AMDE
[16:49:42] [164/459] WVRN
[16:49:43] [165/459] ISMG
[16:49:43] [166/459] WVKS
[16:49:44] [167/459] USCG
[16:49:45] [168/459] IOTG
[16:49:45] [169/459] RRJM
[16:49:46] [170/459] EDMP
[16:49:47] [171/459] SCGZ
[16:49:48] [172/459] GMGX
[16:49:49] [173/459] OMTP
[16:49:49] [174/459] MITD
[16:49:50] [175/459] SMMD
[16:49:51] [176/459] STML
[16:49:52] [177/459] MCFS
[16:49:53] [178/459] FPKA
[16:49:54] [179/459] OMLR
[16:49:55] [180/459] KKSC
[16:49:55] [181/459] RVMA
[16:49:57] [182/459] SCLL
[16:49:58] [183/459] SCDK
[16:49:58] [184/459] SXMI
[16:49:59] [185/459] SHDN
[16:50:00] [186/459] PAAD
[16:50:01] [187/459] UUCB
[16:50:02] [188/459] JHOL
[16:50:02] [189/459] SGWT
[16:50:03] [190/459] SRII
[16:50:04] [191/459] SGCK
[16:50:05] [192/459] SVVB
[16:50:06] [193/459] DMHA
[16:50:07] [194/459] PPNL
[16:50:08] [195/459] CPNL
[16:50:10] [196/459] WVLD
[16:50:11] [197/459] PSLV
[16:50:11] [198/459] VTTL
[16:50:12] [199/459] NPAD
[16:50:13] [200/459] PVCS
[16:50:14] [201/459] MCHL
[16:50:15] [202/459] PPLL
[16:50:15] [203/459] MALO
[16:50:17] [204/459] SWBH
[16:50:18] [205/459] PUGB
[16:50:19] [206/459] INBB
[16:50:20] [207/459] INNS
[16:50:21] [208/459] MCPT
[16:50:21] [209/459] SCMI
[16:50:22] [210/459] OCON
[16:50:23] [211/459] SCSM
[16:50:24] [212/459] RJVN
[16:50:25] [213/459] AMDK
[16:50:26] [214/459] ISMR
[16:50:27] [215/459] SMTD
[16:50:27] [216/459] VTDD
[16:50:28] [217/459] PDDZ
[16:50:29] [218/459] PCCK
[16:50:30] [219/459] INAM
[16:50:31] [220/459] FNKT
[16:50:32] [221/459] GDKA
[16:50:33] [222/459] MAYU
[16:50:34] [223/459] TCGU
[16:50:35] [224/459] KDCA
[16:50:35] [225/459] DOMY
[16:50:36] [226/459] PDDD
[16:50:37] [227/459] BJTS
[16:50:38] [228/459] VTCA
[16:50:39] [229/459] SBTM
[16:50:40] [230/459] SEET
[16:50:41] [231/459] SSTJ
[16:50:42] [232/459] SVNT
[16:50:43] [233/459] PPPR
[16:50:44] [234/459] PVYS
[16:50:45] [235/459] IOSE
[16:50:46] [236/459] ACTV
[16:50:46] [237/459] APVE
[16:50:47] [238/459] TCCL
[16:50:48] [239/459] SCMO
[16:50:49] [240/459] SAUM
[16:50:50] [241/459] KCJS
[16:50:50] [242/459] NJCJ
[16:50:51] [243/459] NECF
[16:50:52] [244/459] CCGW
[16:50:53] [245/459] CCMG
[16:50:54] [246/459] NYRG
[16:50:55] [247/459] NCSQ
[16:50:55] [248/459] GRCG
[16:50:56] [249/459] CCBT
[16:50:57] [250/459] ACGA
[16:50:58] [251/459] INAG
[16:50:59] [252/459] FUCG
[16:50:59] [253/459] AICF
[16:51:01] [254/459] GRGA
[16:51:02] [255/459] GDCN
[16:51:03] [256/459] RRCG
[16:51:03] [257/459] SDCH
[16:51:04] [258/459] WVJM
[16:51:05] [259/459] JCCZ
[16:51:05] [260/459] CNCL
[16:51:06] [261/459] TMLV
[16:51:07] [262/459] MEMB
[16:51:08] [263/459] SGTD
[16:51:09] [264/459] CONX
[16:51:10] [265/459] CCMH
[16:51:11] [266/459] ACMC
[16:51:12] [267/459] DTPD
[16:51:13] [268/459] POJA
[16:51:14] [269/459] FNBH
[16:51:14] [270/459] CGCB
[16:51:15] [271/459] RACN
[16:51:16] [272/459] JTSM
[16:51:17] [273/459] SCDN
[16:51:18] [274/459] AACK
[16:51:18] [275/459] RMCE
[16:51:19] [276/459] BSGB
[16:51:20] [277/459] MRCB
[16:51:20] [278/459] SRVR
[16:51:21] [279/459] VTKK
[16:51:22] [280/459] AMST
[16:51:23] [281/459] APCY
[16:51:23] [282/459] LMHO
[16:51:24] [283/459] MTZH
[16:51:25] [284/459] AMZB
[16:51:26] [285/459] SUVT
[16:51:26] [286/459] RCIP
[16:51:27] [287/459] KESR
[16:51:28] [288/459] SNKC
[16:51:29] [289/459] SCED
[16:51:29] [290/459] DVCA
[16:51:30] [291/459] VCDT
[16:51:32] [292/459] RRDI
[16:51:33] [293/459] DFCH
[16:51:33] [294/459] INSC
[16:51:35] [295/459] RGTR
[16:51:35] [296/459] FMOT
[16:51:36] [297/459] SCPM
[16:51:37] [298/459] GCDT
[16:51:38] [299/459] BRKT
[16:51:39] [300/459] DEMP
[16:51:40] [301/459] SRLC
[16:51:41] [302/459] KSTT
[16:51:41] [303/459] SMMT
[16:51:42] [304/459] SILM
[16:51:43] [305/459] JCVM
[16:51:44] [306/459] KCSV
[16:51:45] [307/459] MHLK
[16:51:46] [308/459] SLVL
[16:51:47] [309/459] RJKP
[16:51:48] [310/459] BBPC
[16:51:48] [311/459] MXCB
[16:51:49] [312/459] TCPK
[16:51:50] [313/459] RTBR
[16:51:51] [314/459] GAUT
[16:51:52] [315/459] DVCF
[16:51:53] [316/459] JTSB
[16:51:54] [317/459] SBLS
[16:51:54] [318/459] UDAY
[16:51:55] [319/459] PTNP
[16:51:56] [320/459] DMKT
[16:51:57] [321/459] NTDT
[16:51:58] [322/459] SHDJ
[16:51:59] [323/459] OTNC
[16:51:59] [324/459] RNTW
[16:52:00] [325/459] GCMI
[16:52:01] [326/459] CRCM
[16:52:02] [327/459] NNCZ
[16:52:03] [328/459] OEMO
[16:52:04] [329/459] PVJM
[16:52:05] [330/459] CPJI
[16:52:06] [331/459] RMCJ
[16:52:06] [332/459] CNWJ
[16:52:07] [333/459] EPJM
[16:52:08] [334/459] FNJJ
[16:52:09] [335/459] GCMJ
[16:52:09] [336/459] INPS
[16:52:10] [337/459] BICJ
[16:52:11] [338/459] ISTJ
[16:52:12] [339/459] INJC
[16:52:14] [340/459] GLXJ
[16:52:14] [341/459] INEM
[16:52:15] [342/459] JTMN
[16:52:16] [343/459] FRCJ
[16:52:17] [344/459] DDJP
[16:52:18] [345/459] INJV
[16:52:19] [346/459] GOLC
[16:52:19] [347/459] KOCI
[16:52:20] [348/459] FSTD
[16:52:21] [349/459] PACJ
[16:52:22] [350/459] GMCN
[16:52:23] [351/459] MMDJ
[16:52:24] [352/459] GODH
[16:52:24] [353/459] SKYN
[16:52:25] [354/459] NCTH
[16:52:26] [355/459] SKVZ
[16:52:26] [356/459] SVML
[16:52:27] [357/459] ACVZ
[16:52:28] [358/459] SURA
[16:52:29] [359/459] RTRB
[16:52:30] [360/459] LLCT
[16:52:30] [361/459] ATTS
[16:52:31] [362/459] JYCM
[16:52:32] [363/459] CTKR
[16:52:33] [364/459] LCKR
[16:52:34] [365/459] NYCV
[16:52:34] [366/459] NYOH
[16:52:35] [367/459] NOVX
[16:52:36] [368/459] MRGK
[16:52:37] [369/459] MOON
[16:52:38] [370/459] SBUC
[16:52:38] [371/459] GSVA
[16:52:39] [372/459] VIAK
[16:52:40] [373/459] SMVZ
[16:52:41] [374/459] MATE
[16:52:42] [375/459] RDCN
[16:52:42] [376/459] ASBL
[16:52:43] [377/459] ASVS
[16:52:44] [378/459] ASSR
[16:52:45] [379/459] SSKN
[16:52:46] [380/459] DRPV
[16:52:46] [381/459] MRHT
[16:52:47] [382/459] BSCN
[16:52:48] [383/459] RKNX
[16:52:49] [384/459] MSMC
[16:52:50] [385/459] MSCJ
[16:52:50] [386/459] BTBJ
[16:52:51] [387/459] MJCC
[16:52:52] [388/459] IOMM
[16:52:53] [389/459] ADGR
[16:52:54] [390/459] MYCP
[16:52:55] [391/459] IGCM
[16:52:55] [392/459] PGRK
[16:52:57] [393/459] VPGO
[16:52:58] [394/459] KOMS
[16:52:59] [395/459] URGG
[16:53:00] [396/459] GOST
[16:53:00] [397/459] LACT
[16:53:01] [398/459] BWCM
[16:53:02] [399/459] NCCW
[16:53:03] [400/459] SKYC
[16:53:03] [401/459] CCPM
[16:53:04] [402/459] VCBT
[16:53:05] [403/459] SDKR
[16:53:06] [404/459] CTYB
[16:53:06] [405/459] SHCX
[16:53:07] [406/459] RCUN
[16:53:08] [407/459] CNRA
[16:53:09] [408/459] RFCA
[16:53:09] [409/459] RDCU
[16:53:11] [410/459] SARK
[16:53:13] [411/459] SPPP
[16:53:13] [412/459] ADMB
[16:53:15] [413/459] JYOE
[16:53:16] [414/459] SRMD
[16:53:17] [415/459] RJDH
[16:53:17] [416/459] SSTD
[16:53:18] [417/459] AACV
[16:53:19] [418/459] PPVD
[16:53:20] [419/459] STCP
[16:53:21] [420/459] ANJR
[16:53:22] [421/459] ANLS
[16:53:23] [422/459] BIJO
[16:53:24] [423/459] AVAB
[16:53:24] [424/459] SPMD
[16:53:25] [425/459] SVJL
[16:53:26] [426/459] SDDJ
[16:53:27] [427/459] SLTU
[16:53:28] [428/459] SAKA
[16:53:29] [429/459] PMAM
[16:53:30] [430/459] FNAM
[16:53:30] [431/459] ACAM
[16:53:31] [432/459] SCMM
[16:53:32] [433/459] PMAK
[16:53:33] [434/459] NYSA
[16:53:34] [435/459] FCPA
[16:53:34] [436/459] GDAN
[16:53:35] [437/459] RSCA
[16:53:36] [438/459] DMAN
[16:53:37] [439/459] DZCM
[16:53:38] [440/459] NSGL
[16:53:39] [441/459] CCPP
[16:53:40] [442/459] PSMG
[16:53:41] [443/459] GSER
[16:53:42] [444/459] FCCT
[16:53:44] [445/459] FCTB
[16:53:45] [446/459] LCNK
[16:53:45] [447/459] SKTY
[16:53:46] [448/459] INAA
[16:53:47] [449/459] RCWN
[16:53:48] [450/459] VAIS
[16:53:49] [451/459] CVMN
[16:53:50] [452/459] INTS
[16:53:50] [453/459] FRGS
[16:53:51] [454/459] DTCK
[16:53:52] [455/459] MCMH
[16:53:53] [456/459] ECRR
[16:53:54] [457/459] RLLP
[16:53:55] [458/459] CCSN
[16:53:56] [459/459] CCBA
[16:53:57] 🧹 Deduping shows
[16:53:57] ✅ DONE | Shows=22 | Movies=3
[04:49:48] 🚀 SCRIPT STARTED
[04:49:48] [1/459] MBDC
[04:49:48] 🧠 New identity created
[04:49:49] [2/459] CHKM
[04:49:49] [3/459] JTKZ
[04:49:50] [4/459] CMCT
[04:49:51] [5/459] ASHO
[04:49:52] [6/459] ECDG
[04:49:54] [7/459] SPAT
[04:49:55] [8/459] HILC
[04:49:56] [9/459] SPPH
[04:49:56] [10/459] SBHN
[04:49:57] [11/459] RRCA
[04:49:59] [12/459] APAA
[04:50:00] [13/459] RAME
[04:50:01] [14/459] TMMS
[04:50:02] [15/459] BATK
[04:50:02] [16/459] LKOP
[04:50:03] [17/459] AMTT
[04:50:04] [18/459] PTGK
[04:50:05] [19/459] ANRS
[04:50:06] [20/459] VWBW
[04:50:08] [21/459] SVFG
[04:50:10] [22/459] STAT
[04:50:11] [23/459] GDCV
[04:50:12] [24/459] VEBI
[04:50:13] [25/459] VDSS
[04:50:14] [26/459] NTHV
[04:50:15] [27/459] AOCH
[04:50:17] [28/459] KASR
[04:50:18] [29/459] AYCS
[04:50:20] [30/459] SHAI
[04:50:21] [31/459] SKPE
[04:50:21] [32/459] SBTA
[04:50:22] [33/459] RTTD
[04:50:23] [34/459] CCJD
[04:50:24] [35/459] RSJJ
[04:50:25] [36/459] RKND
[04:50:26] [37/459] SVTX
[04:50:28] [38/459] BAKM
[04:50:28] [39/459] SVDC
[04:50:29] [40/459] MNCV
[04:50:30] [41/459] SJGC
[04:50:31] [42/459] MTPK
[04:50:32] [43/459] GATP
[04:50:33] [44/459] ABTS
[04:50:34] [45/459] ABDE
[04:50:35] [46/459] RCNM
[04:50:36] [47/459] KTHV
[04:50:37] [48/459] MDGJ
[04:50:39] [49/459] SMLM
[04:50:40] [50/459] JTMA
[04:50:41] [51/459] ACKP
[04:50:42] [52/459] SRTA
[04:50:43] [53/459] STAY
[04:50:44] [54/459] MAVO
[04:50:45] [55/459] APTS
[04:50:45] [56/459] OMEA
[04:50:46] [57/459] TTFD
[04:50:47] [58/459] MJCU
[04:50:48] [59/459] CXTE
[04:50:49] [60/459] CTPX
[04:50:50] [61/459] ASSL
[04:50:52] [62/459] CMVB
[04:50:52] [63/459] VPUR
[04:50:54] [64/459] JJDA
[04:50:55] [65/459] INBL
[04:50:56] [66/459] BIKB
[04:50:57] [67/459] NTBB
[04:50:58] [68/459] GLOB
[04:50:59] [69/459] SNTB
[04:51:00] [70/459] CHGV
[04:51:01] [71/459] SSBZ
[04:51:01] [72/459] PRDB
[04:51:03] [73/459] ISMT
[04:51:04] [74/459] MCSD
[04:51:05] [75/459] JBTT
[04:51:06] [76/459] GEKR
[04:51:07] [77/459] PVUN
[04:51:07] [78/459] NRTB
[04:51:08] [79/459] PRAA
[04:51:09] [80/459] PCBL
[04:51:10] [81/459] PTCM
[04:51:11] [82/459] KHNN
[04:51:12] [83/459] OMJE
[04:51:13] [84/459] STGN
[04:51:15] [85/459] RPMS
[04:51:15] [86/459] NWAD
[04:51:16] [87/459] BLCK
[04:51:17] [88/459] SVAA
[04:51:18] [89/459] URVM
[04:51:18] [90/459] ANTM
[04:51:19] [91/459] VJYM
[04:51:20] [92/459] MAZZ
[04:51:21] [93/459] CSHM
[04:51:22] [94/459] WGMH
[04:51:24] [95/459] SALN
[04:51:24] [96/459] BRTP
[04:51:25] [97/459] SVTA
[04:51:26] [98/459] SBTP
[04:51:27] [99/459] VLSS
[04:51:28] [100/459] SRJA
[04:51:29] [101/459] ANCG
[04:51:30] [102/459] CGGC
[04:51:31] [103/459] CRJA
[04:51:32] [104/459] USCR
[04:51:32] [105/459] MMEF
[04:51:33] [106/459] JCRJ
[04:51:34] [107/459] ADCM
[04:51:35] [108/459] BMYK
[04:51:36] [109/459] KICS
[04:51:37] [110/459] MBBT
[04:51:38] [111/459] MACK
[04:51:38] [112/459] CLDR
[04:51:40] [113/459] JYCR
[04:51:41] [114/459] DCRP
[04:51:42] [115/459] RAHT
[04:51:43] [116/459] CSSM
[04:51:43] [117/459] ATPK
[04:51:44] [118/459] KLRT
[04:51:45] [119/459] SRDD
[04:51:46] [120/459] CKMC
[04:51:47] [121/459] KRVM
[04:51:48] [122/459] AKCP
[04:51:49] [123/459] CNCV
[04:51:50] [124/459] PACT
[04:51:51] [125/459] NATP
[04:51:51] [126/459] PCPK
[04:51:52] [127/459] SMHO
[04:51:53] [128/459] CWTK
[04:51:55] [129/459] RVKZ
[04:51:56] [130/459] ASPD
[04:51:57] [131/459] VTKZ
[04:51:58] [132/459] LCSO
[04:51:58] [133/459] PRDY
[04:51:59] [134/459] RCAP
[04:52:00] [135/459] RGAR
[04:52:01] [136/459] RCAC
[04:52:02] [137/459] PMOD
[04:52:03] [138/459] PVCN
[04:52:04] [139/459] SCRZ
[04:52:05] [140/459] PVPC
[04:52:06] [141/459] STID
[04:52:07] [142/459] NEDD
[04:52:08] [143/459] BNBA
[04:52:09] [144/459] NTCD
[04:52:10] [145/459] OCDE
[04:52:10] [146/459] CCDU
[04:52:11] [147/459] CRXH
[04:52:12] [148/459] VLVT
[04:52:13] [149/459] CICI
[04:52:14] [150/459] SUCB
[04:52:15] [151/459] TCBP
[04:52:16] [152/459] SCCY
[04:52:17] [153/459] LXCY
[04:52:17] [154/459] NCMD
[04:52:19] [155/459] PHCS
[04:52:20] [156/459] DUXR
[04:52:20] [157/459] VNKS
[04:52:21] [158/459] SEDP
[04:52:22] [159/459] SVEN
[04:52:23] [160/459] SRKM
[04:52:24] [161/459] JTLT
[04:52:24] [162/459] SVSS
[04:52:26] [163/459] AMDE
[04:52:27] [164/459] WVRN
[04:52:27] [165/459] ISMG
[04:52:28] [166/459] WVKS
[04:52:29] [167/459] USCG
[04:52:30] [168/459] IOTG
[04:52:30] [169/459] RRJM
[04:52:31] [170/459] EDMP
[04:52:32] [171/459] SCGZ
[04:52:33] [172/459] GMGX
[04:52:34] [173/459] OMTP
[04:52:35] [174/459] MITD
[04:52:36] [175/459] SMMD
[04:52:37] [176/459] STML
[04:52:38] [177/459] MCFS
[04:52:39] [178/459] FPKA
[04:52:40] [179/459] OMLR
[04:52:41] [180/459] KKSC
[04:52:41] [181/459] RVMA
[04:52:42] [182/459] SCLL
[04:52:43] [183/459] SCDK
[04:52:44] [184/459] SXMI
[04:52:45] [185/459] SHDN
[04:52:46] [186/459] PAAD
[04:52:47] [187/459] UUCB
[04:52:48] [188/459] JHOL
[04:52:50] [189/459] SGWT
[04:52:51] [190/459] SRII
[04:52:52] [191/459] SGCK
[04:52:53] [192/459] SVVB
[04:52:54] [193/459] DMHA
[04:52:54] [194/459] PPNL
[04:52:55] [195/459] CPNL
[04:52:57] [196/459] WVLD
[04:52:57] [197/459] PSLV
[04:52:58] [198/459] VTTL
[04:52:59] [199/459] NPAD
[04:53:00] [200/459] PVCS
[04:53:01] [201/459] MCHL
[04:53:02] [202/459] PPLL
[04:53:04] [203/459] MALO
[04:53:04] [204/459] SWBH
[04:53:05] [205/459] PUGB
[04:53:06] [206/459] INBB
[04:53:07] [207/459] INNS
[04:53:08] [208/459] MCPT
[04:53:09] [209/459] SCMI
[04:53:10] [210/459] OCON
[04:53:11] [211/459] SCSM
[04:53:11] [212/459] RJVN
[04:53:12] [213/459] AMDK
[04:53:13] [214/459] ISMR
[04:53:14] [215/459] SMTD
[04:53:15] [216/459] VTDD
[04:53:16] [217/459] PDDZ
[04:53:17] [218/459] PCCK
[04:53:18] [219/459] INAM
[04:53:19] [220/459] FNKT
[04:53:20] [221/459] GDKA
[04:53:20] [222/459] MAYU
[04:53:21] [223/459] TCGU
[04:53:23] [224/459] KDCA
[04:53:24] [225/459] DOMY
[04:53:24] [226/459] PDDD
[04:53:25] [227/459] BJTS
[04:53:26] [228/459] VTCA
[04:53:27] [229/459] SBTM
[04:53:28] [230/459] SEET
[04:53:30] [231/459] SSTJ
[04:53:31] [232/459] SVNT
[04:53:32] [233/459] PPPR
[04:53:33] [234/459] PVYS
[04:53:33] [235/459] IOSE
[04:53:34] [236/459] ACTV
[04:53:35] [237/459] APVE
[04:53:36] [238/459] TCCL
[04:53:37] [239/459] SCMO
[04:53:38] [240/459] SAUM
[04:53:39] [241/459] KCJS
[04:53:40] [242/459] NJCJ
[04:53:41] [243/459] NECF
[04:53:42] [244/459] CCGW
[04:53:43] [245/459] CCMG
[04:53:44] [246/459] NYRG
[04:53:45] [247/459] NCSQ
[04:53:46] [248/459] GRCG
[04:53:47] [249/459] CCBT
[04:53:48] [250/459] ACGA
[04:53:49] [251/459] INAG
[04:53:50] [252/459] FUCG
[04:53:50] [253/459] AICF
[04:53:51] [254/459] GRGA
[04:53:53] [255/459] GDCN
[04:53:54] [256/459] RRCG
[04:53:55] [257/459] SDCH
[04:53:56] [258/459] WVJM
[04:53:56] [259/459] JCCZ
[04:53:57] [260/459] CNCL
[04:53:58] [261/459] TMLV
[04:53:59] [262/459] MEMB
[04:54:00] [263/459] SGTD
[04:54:01] [264/459] CONX
[04:54:02] [265/459] CCMH
[04:54:03] [266/459] ACMC
[04:54:04] [267/459] DTPD
[04:54:05] [268/459] POJA
[04:54:06] [269/459] FNBH
[04:54:07] [270/459] CGCB
[04:54:08] [271/459] RACN
[04:54:09] [272/459] JTSM
[04:54:10] [273/459] SCDN
[04:54:11] [274/459] AACK
[04:54:12] [275/459] RMCE
[04:54:13] [276/459] BSGB
[04:54:14] [277/459] MRCB
[04:54:15] [278/459] SRVR
[04:54:17] [279/459] VTKK
[04:54:18] [280/459] AMST
[04:54:19] [281/459] APCY
[04:54:20] [282/459] LMHO
[04:54:21] [283/459] MTZH
[04:54:22] [284/459] AMZB
[04:54:23] [285/459] SUVT
[04:54:24] [286/459] RCIP
[04:54:25] [287/459] KESR
[04:54:25] [288/459] SNKC
[04:54:26] [289/459] SCED
[04:54:27] [290/459] DVCA
[04:54:28] [291/459] VCDT
[04:54:29] [292/459] RRDI
[04:54:30] [293/459] DFCH
[04:54:31] [294/459] INSC
[04:54:32] [295/459] RGTR
[04:54:33] [296/459] FMOT
[04:54:34] [297/459] SCPM
[04:54:34] [298/459] GCDT
[04:54:35] [299/459] BRKT
[04:54:36] [300/459] DEMP
[04:54:37] [301/459] SRLC
[04:54:38] [302/459] KSTT
[04:54:38] [303/459] SMMT
[04:54:39] [304/459] SILM
[04:54:41] [305/459] JCVM
[04:54:42] [306/459] KCSV
[04:54:42] [307/459] MHLK
[04:54:43] [308/459] SLVL
[04:54:44] [309/459] RJKP
[04:54:45] [310/459] BBPC
[04:54:46] [311/459] MXCB
[04:54:47] [312/459] TCPK
[04:54:48] [313/459] RTBR
[04:54:48] [314/459] GAUT
[04:54:49] [315/459] DVCF
[04:54:50] [316/459] JTSB
[04:54:52] [317/459] SBLS
[04:54:53] [318/459] UDAY
[04:54:54] [319/459] PTNP
[04:54:55] [320/459] DMKT
[04:54:56] [321/459] NTDT
[04:54:57] [322/459] SHDJ
[04:54:58] [323/459] OTNC
[04:54:59] [324/459] RNTW
[04:55:00] [325/459] GCMI
[04:55:01] [326/459] CRCM
[04:55:02] [327/459] NNCZ
[04:55:02] [328/459] OEMO
[04:55:03] [329/459] PVJM
[04:55:04] [330/459] CPJI
[04:55:05] [331/459] RMCJ
[04:55:06] [332/459] CNWJ
[04:55:07] [333/459] EPJM
[04:55:07] [334/459] FNJJ
[04:55:09] [335/459] GCMJ
[04:55:10] [336/459] INPS
[04:55:10] [337/459] BICJ
[04:55:11] [338/459] ISTJ
[04:55:12] [339/459] INJC
[04:55:13] [340/459] GLXJ
[04:55:15] [341/459] INEM
[04:55:16] [342/459] JTMN
[04:55:17] [343/459] FRCJ
[04:55:18] [344/459] DDJP
[04:55:19] [345/459] INJV
[04:55:20] [346/459] GOLC
[04:55:21] [347/459] KOCI
[04:55:22] [348/459] FSTD
[04:55:23] [349/459] PACJ
[04:55:24] [350/459] GMCN
[04:55:24] [351/459] MMDJ
[04:55:25] [352/459] GODH
[04:55:26] [353/459] SKYN
[04:55:27] [354/459] NCTH
[04:55:28] [355/459] SKVZ
[04:55:29] [356/459] SVML
[04:55:30] [357/459] ACVZ
[04:55:30] [358/459] SURA
[04:55:32] [359/459] RTRB
[04:55:33] [360/459] LLCT
[04:55:34] [361/459] ATTS
[04:55:35] [362/459] JYCM
[04:55:36] [363/459] CTKR
[04:55:37] [364/459] LCKR
[04:55:38] [365/459] NYCV
[04:55:38] [366/459] NYOH
[04:55:39] [367/459] NOVX
[04:55:40] [368/459] MRGK
[04:55:41] [369/459] MOON
[04:55:42] [370/459] SBUC
[04:55:42] [371/459] GSVA
[04:55:43] [372/459] VIAK
[04:55:44] [373/459] SMVZ
[04:55:45] [374/459] MATE
[04:55:46] [375/459] RDCN
[04:55:47] [376/459] ASBL
[04:55:47] [377/459] ASVS
[04:55:48] [378/459] ASSR
[04:55:49] [379/459] SSKN
[04:55:50] [380/459] DRPV
[04:55:52] [381/459] MRHT
[04:55:52] [382/459] BSCN
[04:55:53] [383/459] RKNX
[04:55:54] [384/459] MSMC
[04:55:55] [385/459] MSCJ
[04:55:56] [386/459] BTBJ
[04:55:57] [387/459] MJCC
[04:55:58] [388/459] IOMM
[04:55:59] [389/459] ADGR
[04:56:00] [390/459] MYCP
[04:56:00] [391/459] IGCM
[04:56:01] [392/459] PGRK
[04:56:02] [393/459] VPGO
[04:56:03] [394/459] KOMS
[04:56:04] [395/459] URGG
[04:56:05] [396/459] GOST
[04:56:05] [397/459] LACT
[04:56:06] [398/459] BWCM
[04:56:07] [399/459] NCCW
[04:56:08] [400/459] SKYC
[04:56:09] [401/459] CCPM
[04:56:10] [402/459] VCBT
[04:56:11] [403/459] SDKR
[04:56:11] [404/459] CTYB
[04:56:12] [405/459] SHCX
[04:56:13] [406/459] RCUN
[04:56:14] [407/459] CNRA
[04:56:15] [408/459] RFCA
[04:56:16] [409/459] RDCU
[04:56:17] [410/459] SARK
[04:56:18] [411/459] SPPP
[04:56:18] [412/459] ADMB
[04:56:19] [413/459] JYOE
[04:56:20] [414/459] SRMD
[04:56:21] [415/459] RJDH
[04:56:22] [416/459] SSTD
[04:56:23] [417/459] AACV
[04:56:24] [418/459] PPVD
[04:56:25] [419/459] STCP
[04:56:26] [420/459] ANJR
[04:56:27] [421/459] ANLS
[04:56:28] [422/459] BIJO
[04:56:28] [423/459] AVAB
[04:56:29] [424/459] SPMD
[04:56:30] [425/459] SVJL
[04:56:31] [426/459] SDDJ
[04:56:32] [427/459] SLTU
[04:56:33] [428/459] SAKA
[04:56:34] [429/459] PMAM
[04:56:35] [430/459] FNAM
[04:56:35] [431/459] ACAM
[04:56:36] [432/459] SCMM
[04:56:37] [433/459] PMAK
[04:56:38] [434/459] NYSA
[04:56:39] [435/459] FCPA
[04:56:40] [436/459] GDAN
[04:56:41] [437/459] RSCA
[04:56:42] [438/459] DMAN
[04:56:42] [439/459] DZCM
[04:56:43] [440/459] NSGL
[04:56:44] [441/459] CCPP
[04:56:45] [442/459] PSMG
[04:56:46] [443/459] GSER
[04:56:47] [444/459] FCCT
[04:56:47] [445/459] FCTB
[04:56:48] [446/459] LCNK
[04:56:49] [447/459] SKTY
[04:56:50] [448/459] INAA
[04:56:51] [449/459] RCWN
[04:56:52] [450/459] VAIS
[04:56:53] [451/459] CVMN
[04:56:54] [452/459] INTS
[04:56:54] [453/459] FRGS
[04:56:55] [454/459] DTCK
[04:56:56] [455/459] MCMH
[04:56:57] [456/459] ECRR
[04:56:58] [457/459] RLLP
[04:56:58] [458/459] CCSN
[04:56:59] [459/459] CCBA
[04:57:01] 🧹 Deduping shows
[04:57:01] ✅ DONE | Shows=22 | Movies=3
