[10:13:59] 🚀 SCRIPT STARTED
[10:13:59] [1/459] FNDB
[10:13:59] 🧠 New identity created
[10:14:00] [2/459] AMBH
[10:14:01] [3/459] PRHN
[10:14:02] [4/459] ACPM
[10:14:03] [5/459] PVFS
[10:14:03] [6/459] AACN
[10:14:05] [7/459] ACAS
[10:14:06] [8/459] CTNR
[10:14:07] [9/459] MMAH
[10:14:08] [10/459] CPMH
[10:14:09] [11/459] IGMH
[10:14:10] [12/459] ABCS
[10:14:11] [13/459] CMMA
[10:14:12] [14/459] GPRH
[10:14:13] [15/459] PNNG
[10:14:14] [16/459] AMCA
[10:14:15] [17/459] ISTN
[10:14:15] [18/459] PIIC
[10:14:16] [19/459] AHMH
[10:14:17] [20/459] ASHN
[10:14:17] [21/459] INHY
[10:14:18] [22/459] SRMO
[10:14:19] [23/459] PIMH
[10:14:20] [24/459] PVTS
[10:14:22] [25/459] MMCA
[10:14:23] [26/459] AKYJ
[10:14:23] [27/459] BRKH
[10:14:24] [28/459] MAHM
[10:14:25] [29/459] CPHY
[10:14:26] [30/459] PVTP
[10:14:26] [31/459] SMMR
[10:14:27] [32/459] PVHM
[10:14:28] [33/459] SNDY
[10:14:29] [34/459] GOKU
[10:14:30] [35/459] ACEV
[10:14:30] [36/459] PVUM
[10:14:31] [37/459] VSWA
[10:14:32] [38/459] IPRS
[10:14:33] [39/459] ASGN
[10:14:34] [40/459] BKMV
[10:14:34] [41/459] PVYH
[10:14:35] [42/459] INKM
[10:14:36] [43/459] ARJU
[10:14:37] [44/459] JJPP
[10:14:38] [45/459] SSRM
[10:14:38] [46/459] HMHD
[10:14:39] [47/459] SNKH
[10:14:40] [48/459] ACHI
[10:14:40] [49/459] MRAA
[10:14:41] [50/459] INMH
[10:14:42] [51/459] ARMH
[10:14:43] [52/459] DVRR
[10:14:44] [53/459] SUDA
[10:14:45] [54/459] MCSS
[10:14:45] [55/459] VRKC
[10:14:46] [56/459] PRCX
[10:14:47] [57/459] ASJY
[10:14:48] [58/459] MTHY
[10:14:49] [59/459] SRCM
[10:14:50] [60/459] TVHY
[10:14:50] [61/459] STHD
[10:14:51] [62/459] CPCL
[10:14:52] [63/459] PSMJ
[10:14:53] [64/459] MRGT
[10:14:54] [65/459] ARYH
[10:14:54] [66/459] VTRB
[10:14:55] [67/459] SCHC
[10:14:57] [68/459] MRRG
[10:14:57] [69/459] SPCB
[10:14:58] [70/459] AMCM
[10:14:59] [71/459] IVNM
[10:15:00] [72/459] TRHY
[10:15:01] [73/459] PTTH
[10:15:02] [74/459] RKMH
[10:15:03] [75/459] PRCS
[10:15:04] [76/459] VAJA
[10:15:05] [77/459] BJNG
[10:15:06] [78/459] SCVM
[10:15:07] [79/459] GNHB
[10:15:08] [80/459] TLUR
[10:15:08] [81/459] UKCC
[10:15:09] [82/459] SRKR
[10:15:10] [83/459] RMKN
[10:15:11] [84/459] SLRT
[10:15:12] [85/459] LKMT
[10:15:13] [86/459] SSRJ
[10:15:14] [87/459] SPHT
[10:15:15] [88/459] ANTT
[10:15:16] [89/459] SRCH
[10:15:17] [90/459] SRCA
[10:15:18] [91/459] ARTH
[10:15:18] [92/459] MCBH
[10:15:19] [93/459] SNIB
[10:15:20] [94/459] SART
[10:15:21] [95/459] SKTA
[10:15:23] [96/459] YAKT
[10:15:24] [97/459] MLCK
[10:15:24] [98/459] ANTS
[10:15:25] [99/459] DGCA
[10:15:26] [100/459] SGMP
[10:15:27] [101/459] ASWN
[10:15:28] [102/459] KFVU
[10:15:29] [103/459] POOR
[10:15:30] [104/459] GKDN
[10:15:30] [105/459] EOSE
[10:15:31] [106/459] GTTT
[10:15:33] [107/459] ARRO
[10:15:33] [108/459] CMMK
[10:15:34] [109/459] MSCN
[10:15:35] [110/459] GDKH
[10:15:36] [111/459] DLMT
[10:15:38] [112/459] PVMF
[10:15:39] [113/459] CPCK
[10:15:39] [114/459] VMHE
[10:15:40] [115/459] PVLC
[10:15:41] [116/459] PCVB
[10:15:42] [117/459] SNYK
[10:15:43] [118/459] KTEK
[10:15:43] [119/459] PCNM
[10:15:44] [120/459] NTTR
[10:15:45] [121/459] CPSK
[10:15:46] [122/459] JMMA
[10:15:47] [123/459] GCFK
[10:15:48] [124/459] MYCA
[10:15:49] [125/459] KSNP
[10:15:50] [126/459] PMCE
[10:15:51] [127/459] SCKI
[10:15:51] [128/459] FSMA
[10:15:52] [129/459] CETA
[10:15:53] [130/459] MCIK
[10:15:54] [131/459] MYCR
[10:15:56] [132/459] EVMP
[10:15:56] [133/459] SSGT
[10:15:57] [134/459] KCTK
[10:15:58] [135/459] ZTKC
[10:15:59] [136/459] MMTA
[10:16:01] [137/459] MAJT
[10:16:01] [138/459] ACPK
[10:16:02] [139/459] JMAX
[10:16:03] [140/459] SETK
[10:16:05] [141/459] CAIS
[10:16:06] [142/459] AGCD
[10:16:07] [143/459] URCL
[10:16:08] [144/459] VTDS
[10:16:09] [145/459] JCNM
[10:16:10] [146/459] KCAM
[10:16:11] [147/459] ADCU
[10:16:12] [148/459] GXYN
[10:16:13] [149/459] SMJG
[10:16:14] [150/459] EYCJ
[10:16:14] [151/459] CCEJ
[10:16:15] [152/459] MARS
[10:16:16] [153/459] CPVJ
[10:16:17] [154/459] INVP
[10:16:18] [155/459] CPOV
[10:16:19] [156/459] VIJK
[10:16:20] [157/459] LAIM
[10:16:21] [158/459] STHV
[10:16:21] [159/459] SVLJ
[10:16:23] [160/459] ATVJ
[10:16:23] [161/459] JTSC
[10:16:24] [162/459] RMTV
[10:16:25] [163/459] MGGG
[10:16:26] [164/459] SWTH
[10:16:26] [165/459] INVJ
[10:16:27] [166/459] PRSV
[10:16:28] [167/459] JATV
[10:16:28] [168/459] RCVD
[10:16:30] [169/459] BDMA
[10:16:31] [170/459] BLJI
[10:16:32] [171/459] SWOT
[10:16:32] [172/459] SWRN
[10:16:33] [173/459] TVRA
[10:16:34] [174/459] VCSV
[10:16:35] [175/459] NVRN
[10:16:36] [176/459] SIKC
[10:16:37] [177/459] VAKR
[10:16:38] [178/459] SYLN
[10:16:39] [179/459] KLJL
[10:16:40] [180/459] LKMY
[10:16:40] [181/459] VSLY
[10:16:41] [182/459] CIKO
[10:16:42] [183/459] GPBG
[10:16:43] [184/459] CECM
[10:16:44] [185/459] SLKB
[10:16:44] [186/459] MTBO
[10:16:45] [187/459] SSHB
[10:16:46] [188/459] VPCS
[10:16:47] [189/459] RCSR
[10:16:48] [190/459] RJRM
[10:16:49] [191/459] KPPB
[10:16:49] [192/459] SEDC
[10:16:50] [193/459] SCAI
[10:16:51] [194/459] RMTR
[10:16:52] [195/459] ASST
[10:16:53] [196/459] GCAK
[10:16:53] [197/459] ANNK
[10:16:54] [198/459] KDDF
[10:16:55] [199/459] NRDP
[10:16:56] [200/459] PLAK
[10:16:57] [201/459] GCMC
[10:16:58] [202/459] ALPY
[10:16:59] [203/459] SICE
[10:17:00] [204/459] SISR
[10:17:01] [205/459] SRPZ
[10:17:02] [206/459] SRSW
[10:17:03] [207/459] SUYA
[10:17:04] [208/459] AMMT
[10:17:05] [209/459] BHCU
[10:17:06] [210/459] KLPA
[10:17:07] [211/459] NVKH
[10:17:07] [212/459] JMRC
[10:17:08] [213/459] KTTT
[10:17:09] [214/459] MAGH
[10:17:10] [215/459] MMMX
[10:17:11] [216/459] SALJ
[10:17:12] [217/459] GTJA
[10:17:13] [218/459] MAHT
[10:17:14] [219/459] SSNN
[10:17:15] [220/459] ARRP
[10:17:15] [221/459] ATNS
[10:17:16] [222/459] SKDT
[10:17:17] [223/459] ACAT
[10:17:18] [224/459] APRC
[10:17:18] [225/459] SWAG
[10:17:19] [226/459] SDPT
[10:17:20] [227/459] STPS
[10:17:21] [228/459] WWCZ
[10:17:22] [229/459] LLCH
[10:17:23] [230/459] MZHA
[10:17:24] [231/459] CRJG
[10:17:25] [232/459] JGTK
[10:17:26] [233/459] KCSR
[10:17:27] [234/459] CHTL
[10:17:28] [235/459] EDSR
[10:17:29] [236/459] CSWO
[10:17:30] [237/459] CPVM
[10:17:31] [238/459] MXBY
[10:17:32] [239/459] FMMA
[10:17:33] [240/459] POVI
[10:17:34] [241/459] MTHB
[10:17:35] [242/459] INRC
[10:17:36] [243/459] PIPP
[10:17:37] [244/459] BMXC
[10:17:38] [245/459] PCMM
[10:17:39] [246/459] PMKM
[10:17:39] [247/459] GATY
[10:17:40] [248/459] IMCM
[10:17:41] [249/459] POPE
[10:17:42] [250/459] MTCR
[10:17:43] [251/459] PVAE
[10:17:44] [252/459] PVMI
[10:17:45] [253/459] CPNM
[10:17:47] [254/459] FMRL
[10:17:48] [255/459] MCIW
[10:17:48] [256/459] MXBO
[10:17:49] [257/459] FMKY
[10:17:50] [258/459] FMDA
[10:17:51] [259/459] THAB
[10:17:52] [260/459] PRCW
[10:17:52] [261/459] PITI
[10:17:53] [262/459] MCFF
[10:17:54] [263/459] PDDV
[10:17:55] [264/459] MCRM
[10:17:55] [265/459] KKMB
[10:17:56] [266/459] INKO
[10:17:57] [267/459] PLXP
[10:17:58] [268/459] MMHA
[10:17:58] [269/459] FMVS
[10:17:59] [270/459] POLM
[10:18:00] [271/459] STER
[10:18:01] [272/459] PVWJ
[10:18:02] [273/459] IMJW
[10:18:02] [274/459] FNAN
[10:18:04] [275/459] CAGL
[10:18:05] [276/459] IPBG
[10:18:05] [277/459] SMFV
[10:18:06] [278/459] MMMR
[10:18:07] [279/459] MMWM
[10:18:08] [280/459] FNCM
[10:18:09] [281/459] MDVA
[10:18:09] [282/459] MMET
[10:18:10] [283/459] MIDO
[10:18:12] [284/459] INNP
[10:18:12] [285/459] MIFU
[10:18:13] [286/459] MMSZ
[10:18:14] [287/459] BMXA
[10:18:15] [288/459] MCAA
[10:18:15] [289/459] SCVP
[10:18:16] [290/459] PLUS
[10:18:17] [291/459] MUCK
[10:18:18] [292/459] MTMA
[10:18:19] [293/459] HPVR
[10:18:20] [294/459] PMPK
[10:18:21] [295/459] MAJB
[10:18:22] [296/459] CTRR
[10:18:22] [297/459] MCTG
[10:18:23] [298/459] MACE
[10:18:24] [299/459] AAAS
[10:18:25] [300/459] CPVV
[10:18:26] [301/459] RCHG
[10:18:27] [302/459] MCNE
[10:18:28] [303/459] EMNC
[10:18:28] [304/459] MCAN
[10:18:29] [305/459] TCDM
[10:18:30] [306/459] IRGT
[10:18:31] [307/459] GCMG
[10:18:32] [308/459] MXSN
[10:18:34] [309/459] MXCK
[10:18:34] [310/459] MCRC
[10:18:36] [311/459] RSMI
[10:18:37] [312/459] WAML
[10:18:38] [313/459] MTSC
[10:18:39] [314/459] FMDR
[10:18:40] [315/459] LEPV
[10:18:41] [316/459] MTGD
[10:18:42] [317/459] IMOB
[10:18:42] [318/459] CLMM
[10:18:43] [319/459] PZCD
[10:18:44] [320/459] GOCS
[10:18:45] [321/459] KCMA
[10:18:45] [322/459] CCMP
[10:18:46] [323/459] MTSU
[10:18:47] [324/459] SNGL
[10:18:48] [325/459] MMMC
[10:18:49] [326/459] MMAA
[10:18:50] [327/459] GCDM
[10:18:51] [328/459] KTMV
[10:18:51] [329/459] AETE
[10:18:52] [330/459] OMCS
[10:18:53] [331/459] GDCD
[10:18:54] [332/459] NYMD
[10:18:55] [333/459] RNCV
[10:18:56] [334/459] KKMT
[10:18:57] [335/459] GDTH
[10:18:58] [336/459] KMMV
[10:18:59] [337/459] NHCG
[10:19:00] [338/459] PJDW
[10:19:01] [339/459] MMCV
[10:19:02] [340/459] FQSA
[10:19:03] [341/459] KURL
[10:19:04] [342/459] NNNX
[10:19:05] [343/459] AMAU
[10:19:07] [344/459] VVVM
[10:19:08] [345/459] VECU
[10:19:08] [346/459] WCVR
[10:19:09] [347/459] MTGG
[10:19:11] [348/459] SGTG
[10:19:12] [349/459] MNTG
[10:19:12] [350/459] JDDG
[10:19:13] [351/459] MBTK
[10:19:14] [352/459] SGCD
[10:19:14] [353/459] MCTC
[10:19:15] [354/459] JTPC
[10:19:16] [355/459] SDKT
[10:19:17] [356/459] KRCC
[10:19:18] [357/459] RMMD
[10:19:19] [358/459] AAME
[10:19:19] [359/459] TMWC
[10:19:20] [360/459] NRWY
[10:19:21] [361/459] CITD
[10:19:22] [362/459] VERD
[10:19:23] [363/459] MKSK
[10:19:24] [364/459] STSM
[10:19:25] [365/459] MJDG
[10:19:26] [366/459] RKPM
[10:19:27] [367/459] SSCE
[10:19:29] [368/459] VMAE
[10:19:29] [369/459] SBRU
[10:19:30] [370/459] AMBC
[10:19:31] [371/459] AMLU
[10:19:32] [372/459] INVZ
[10:19:33] [373/459] LGTV
[10:19:34] [374/459] SVAD
[10:19:34] [375/459] SMSA
[10:19:35] [376/459] SPCZ
[10:19:36] [377/459] GTCX
[10:19:37] [378/459] SCSL
[10:19:37] [379/459] SAHU
[10:19:38] [380/459] NCDA
[10:19:39] [381/459] SCCG
[10:19:40] [382/459] VKTL
[10:19:41] [383/459] PUUJ
[10:19:42] [384/459] STEJ
[10:19:43] [385/459] RJAL
[10:19:44] [386/459] ACJC
[10:19:44] [387/459] VTHC
[10:19:45] [388/459] ARVB
[10:19:46] [389/459] AUBB
[10:19:47] [390/459] GDBR
[10:19:48] [391/459] PVND
[10:19:49] [392/459] BGRJ
[10:19:50] [393/459] RJMM
[10:19:51] [394/459] MCSA
[10:19:52] [395/459] BODA
[10:19:53] [396/459] JAGG
[10:19:54] [397/459] SCGA
[10:19:55] [398/459] LRCM
[10:19:55] [399/459] CPCN
[10:19:56] [400/459] SSTF
[10:19:57] [401/459] SRXP
[10:19:58] [402/459] CNFX
[10:19:59] [403/459] ANDI
[10:19:59] [404/459] SYEW
[10:20:00] [405/459] RCRE
[10:20:01] [406/459] SCRW
[10:20:02] [407/459] MBKR
[10:20:03] [408/459] ASNT
[10:20:03] [409/459] JTMT
[10:20:05] [410/459] SHAY
[10:20:05] [411/459] VRTH
[10:20:06] [412/459] SPTI
[10:20:08] [413/459] DPTD
[10:20:09] [414/459] TGSN
[10:20:09] [415/459] RCWV
[10:20:10] [416/459] OCUR
[10:20:11] [417/459] KSTC
[10:20:12] [418/459] SANI
[10:20:13] [419/459] MLCA
[10:20:14] [420/459] EGCA
[10:20:14] [421/459] SYSN
[10:20:15] [422/459] PKTA
[10:20:17] [423/459] PRCC
[10:20:17] [424/459] KSTR
[10:20:18] [425/459] SNTP
[10:20:19] [426/459] RCHA
[10:20:20] [427/459] SEEA
[10:20:21] [428/459] ALAT
[10:20:22] [429/459] AATV
[10:20:22] [430/459] RJTE
[10:20:23] [431/459] AAPP
[10:20:24] [432/459] PMMH
[10:20:25] [433/459] INRJ
[10:20:26] [434/459] SARB
[10:20:26] [435/459] PCJL
[10:20:27] [436/459] PFJJ
[10:20:28] [437/459] GRDC
[10:20:29] [438/459] BCBA
[10:20:30] [439/459] VIXL
[10:20:31] [440/459] CSTL
[10:20:31] [441/459] MTDK
[10:20:32] [442/459] TDAC
[10:20:33] [443/459] GTDN
[10:20:34] [444/459] TTDE
[10:20:35] [445/459] ASTS
[10:20:36] [446/459] CPNS
[10:20:37] [447/459] PVVW
[10:20:38] [448/459] USEB
[10:20:39] [449/459] DTYN
[10:20:40] [450/459] PVLE
[10:20:41] [451/459] CIPS
[10:20:41] [452/459] PAEG
[10:20:42] [453/459] PTCW
[10:20:43] [454/459] G3SR
[10:20:44] [455/459] PGND
[10:20:44] [456/459] INVM
[10:20:45] [457/459] SPIA
[10:20:46] [458/459] PCSN
[10:20:47] [459/459] PPGV
[10:20:48] 🧹 Deduping shows
[10:20:48] ✅ DONE | Shows=14 | Movies=4
[16:47:19] 🚀 SCRIPT STARTED
[16:47:19] [1/459] FNDB
[16:47:19] 🧠 New identity created
[16:47:20] [2/459] AMBH
[16:47:21] [3/459] PRHN
[16:47:21] [4/459] ACPM
[16:47:22] [5/459] PVFS
[16:47:23] [6/459] AACN
[16:47:25] [7/459] ACAS
[16:47:26] [8/459] CTNR
[16:47:27] [9/459] MMAH
[16:47:27] [10/459] CPMH
[16:47:29] [11/459] IGMH
[16:47:30] [12/459] ABCS
[16:47:32] [13/459] CMMA
[16:47:33] [14/459] GPRH
[16:47:34] [15/459] PNNG
[16:47:34] [16/459] AMCA
[16:47:35] [17/459] ISTN
[16:47:36] [18/459] PIIC
[16:47:37] [19/459] AHMH
[16:47:38] [20/459] ASHN
[16:47:39] [21/459] INHY
[16:47:40] [22/459] SRMO
[16:47:41] [23/459] PIMH
[16:47:42] [24/459] PVTS
[16:47:43] [25/459] MMCA
[16:47:44] [26/459] AKYJ
[16:47:45] [27/459] BRKH
[16:47:46] [28/459] MAHM
[16:47:47] [29/459] CPHY
[16:47:48] [30/459] PVTP
[16:47:49] [31/459] SMMR
[16:47:50] [32/459] PVHM
[16:47:50] [33/459] SNDY
[16:47:51] [34/459] GOKU
[16:47:52] [35/459] ACEV
[16:47:53] [36/459] PVUM
[16:47:54] [37/459] VSWA
[16:47:55] [38/459] IPRS
[16:47:56] [39/459] ASGN
[16:47:57] [40/459] BKMV
[16:47:58] [41/459] PVYH
[16:47:59] [42/459] INKM
[16:47:59] [43/459] ARJU
[16:48:00] [44/459] JJPP
[16:48:01] [45/459] SSRM
[16:48:03] [46/459] HMHD
[16:48:04] [47/459] SNKH
[16:48:05] [48/459] ACHI
[16:48:06] [49/459] MRAA
[16:48:06] [50/459] INMH
[16:48:07] [51/459] ARMH
[16:48:08] [52/459] DVRR
[16:48:09] [53/459] SUDA
[16:48:10] [54/459] MCSS
[16:48:11] [55/459] VRKC
[16:48:12] [56/459] PRCX
[16:48:13] [57/459] ASJY
[16:48:14] [58/459] MTHY
[16:48:15] [59/459] SRCM
[16:48:16] [60/459] TVHY
[16:48:17] [61/459] STHD
[16:48:19] [62/459] CPCL
[16:48:20] [63/459] PSMJ
[16:48:21] [64/459] MRGT
[16:48:21] [65/459] ARYH
[16:48:22] [66/459] VTRB
[16:48:23] [67/459] SCHC
[16:48:24] [68/459] MRRG
[16:48:25] [69/459] SPCB
[16:48:26] [70/459] AMCM
[16:48:26] [71/459] IVNM
[16:48:27] [72/459] TRHY
[16:48:28] [73/459] PTTH
[16:48:29] [74/459] RKMH
[16:48:30] [75/459] PRCS
[16:48:30] [76/459] VAJA
[16:48:31] [77/459] BJNG
[16:48:32] [78/459] SCVM
[16:48:33] [79/459] GNHB
[16:48:34] [80/459] TLUR
[16:48:35] [81/459] UKCC
[16:48:35] [82/459] SRKR
[16:48:36] [83/459] RMKN
[16:48:37] [84/459] SLRT
[16:48:38] [85/459] LKMT
[16:48:40] [86/459] SSRJ
[16:48:41] [87/459] SPHT
[16:48:42] [88/459] ANTT
[16:48:43] [89/459] SRCH
[16:48:44] [90/459] SRCA
[16:48:45] [91/459] ARTH
[16:48:46] [92/459] MCBH
[16:48:46] [93/459] SNIB
[16:48:48] [94/459] SART
[16:48:49] [95/459] SKTA
[16:48:50] [96/459] YAKT
[16:48:51] [97/459] MLCK
[16:48:52] [98/459] ANTS
[16:48:53] [99/459] DGCA
[16:48:53] [100/459] SGMP
[16:48:54] [101/459] ASWN
[16:48:55] [102/459] KFVU
[16:48:56] [103/459] POOR
[16:48:57] [104/459] GKDN
[16:48:58] [105/459] EOSE
[16:48:59] [106/459] GTTT
[16:49:01] [107/459] ARRO
[16:49:02] [108/459] CMMK
[16:49:03] [109/459] MSCN
[16:49:03] [110/459] GDKH
[16:49:04] [111/459] DLMT
[16:49:05] [112/459] PVMF
[16:49:06] [113/459] CPCK
[16:49:07] [114/459] VMHE
[16:49:08] [115/459] PVLC
[16:49:09] [116/459] PCVB
[16:49:10] [117/459] SNYK
[16:49:11] [118/459] KTEK
[16:49:12] [119/459] PCNM
[16:49:13] [120/459] NTTR
[16:49:14] [121/459] CPSK
[16:49:15] [122/459] JMMA
[16:49:16] [123/459] GCFK
[16:49:17] [124/459] MYCA
[16:49:18] [125/459] KSNP
[16:49:19] [126/459] PMCE
[16:49:20] [127/459] SCKI
[16:49:21] [128/459] FSMA
[16:49:22] [129/459] CETA
[16:49:23] [130/459] MCIK
[16:49:24] [131/459] MYCR
[16:49:25] [132/459] EVMP
[16:49:26] [133/459] SSGT
[16:49:27] [134/459] KCTK
[16:49:27] [135/459] ZTKC
[16:49:29] [136/459] MMTA
[16:49:29] [137/459] MAJT
[16:49:31] [138/459] ACPK
[16:49:31] [139/459] JMAX
[16:49:32] [140/459] SETK
[16:49:33] [141/459] CAIS
[16:49:34] [142/459] AGCD
[16:49:35] [143/459] URCL
[16:49:35] [144/459] VTDS
[16:49:36] [145/459] JCNM
[16:49:37] [146/459] KCAM
[16:49:38] [147/459] ADCU
[16:49:39] [148/459] GXYN
[16:49:40] [149/459] SMJG
[16:49:42] [150/459] EYCJ
[16:49:43] [151/459] CCEJ
[16:49:43] [152/459] MARS
[16:49:44] [153/459] CPVJ
[16:49:45] [154/459] INVP
[16:49:46] [155/459] CPOV
[16:49:47] [156/459] VIJK
[16:49:48] [157/459] LAIM
[16:49:49] [158/459] STHV
[16:49:50] [159/459] SVLJ
[16:49:51] [160/459] ATVJ
[16:49:52] [161/459] JTSC
[16:49:53] [162/459] RMTV
[16:49:54] [163/459] MGGG
[16:49:54] [164/459] SWTH
[16:49:55] [165/459] INVJ
[16:49:56] [166/459] PRSV
[16:49:57] [167/459] JATV
[16:49:58] [168/459] RCVD
[16:49:59] [169/459] BDMA
[16:50:00] [170/459] BLJI
[16:50:00] [171/459] SWOT
[16:50:02] [172/459] SWRN
[16:50:03] [173/459] TVRA
[16:50:04] [174/459] VCSV
[16:50:04] [175/459] NVRN
[16:50:05] [176/459] SIKC
[16:50:06] [177/459] VAKR
[16:50:07] [178/459] SYLN
[16:50:08] [179/459] KLJL
[16:50:09] [180/459] LKMY
[16:50:09] [181/459] VSLY
[16:50:10] [182/459] CIKO
[16:50:11] [183/459] GPBG
[16:50:12] [184/459] CECM
[16:50:14] [185/459] SLKB
[16:50:15] [186/459] MTBO
[16:50:16] [187/459] SSHB
[16:50:16] [188/459] VPCS
[16:50:17] [189/459] RCSR
[16:50:18] [190/459] RJRM
[16:50:19] [191/459] KPPB
[16:50:20] [192/459] SEDC
[16:50:20] [193/459] SCAI
[16:50:21] [194/459] RMTR
[16:50:22] [195/459] ASST
[16:50:23] [196/459] GCAK
[16:50:24] [197/459] ANNK
[16:50:25] [198/459] KDDF
[16:50:26] [199/459] NRDP
[16:50:26] [200/459] PLAK
[16:50:28] [201/459] GCMC
[16:50:29] [202/459] ALPY
[16:50:30] [203/459] SICE
[16:50:31] [204/459] SISR
[16:50:32] [205/459] SRPZ
[16:50:33] [206/459] SRSW
[16:50:33] [207/459] SUYA
[16:50:34] [208/459] AMMT
[16:50:35] [209/459] BHCU
[16:50:36] [210/459] KLPA
[16:50:37] [211/459] NVKH
[16:50:37] [212/459] JMRC
[16:50:38] [213/459] KTTT
[16:50:39] [214/459] MAGH
[16:50:40] [215/459] MMMX
[16:50:42] [216/459] SALJ
[16:50:42] [217/459] GTJA
[16:50:43] [218/459] MAHT
[16:50:44] [219/459] SSNN
[16:50:45] [220/459] ARRP
[16:50:45] [221/459] ATNS
[16:50:46] [222/459] SKDT
[16:50:47] [223/459] ACAT
[16:50:48] [224/459] APRC
[16:50:49] [225/459] SWAG
[16:50:50] [226/459] SDPT
[16:50:51] [227/459] STPS
[16:50:51] [228/459] WWCZ
[16:50:52] [229/459] LLCH
[16:50:53] [230/459] MZHA
[16:50:55] [231/459] CRJG
[16:50:56] [232/459] JGTK
[16:50:56] [233/459] KCSR
[16:50:57] [234/459] CHTL
[16:50:58] [235/459] EDSR
[16:50:59] [236/459] CSWO
[16:51:00] [237/459] CPVM
[16:51:01] [238/459] MXBY
[16:51:02] [239/459] FMMA
[16:51:03] [240/459] POVI
[16:51:04] [241/459] MTHB
[16:51:05] [242/459] INRC
[16:51:06] [243/459] PIPP
[16:51:06] [244/459] BMXC
[16:51:07] [245/459] PCMM
[16:51:08] [246/459] PMKM
[16:51:09] [247/459] GATY
[16:51:09] [248/459] IMCM
[16:51:10] [249/459] POPE
[16:51:11] [250/459] MTCR
[16:51:13] [251/459] PVAE
[16:51:13] [252/459] PVMI
[16:51:14] [253/459] CPNM
[16:51:15] [254/459] FMRL
[16:51:16] [255/459] MCIW
[16:51:17] [256/459] MXBO
[16:51:18] [257/459] FMKY
[16:51:19] [258/459] FMDA
[16:51:20] [259/459] THAB
[16:51:22] [260/459] PRCW
[16:51:23] [261/459] PITI
[16:51:25] [262/459] MCFF
[16:51:25] [263/459] PDDV
[16:51:26] [264/459] MCRM
[16:51:27] [265/459] KKMB
[16:51:28] [266/459] INKO
[16:51:29] [267/459] PLXP
[16:51:30] [268/459] MMHA
[16:51:30] [269/459] FMVS
[16:51:31] [270/459] POLM
[16:51:32] [271/459] STER
[16:51:33] [272/459] PVWJ
[16:51:34] [273/459] IMJW
[16:51:34] [274/459] FNAN
[16:51:35] [275/459] CAGL
[16:51:36] [276/459] IPBG
[16:51:37] [277/459] SMFV
[16:51:38] [278/459] MMMR
[16:51:38] [279/459] MMWM
[16:51:39] [280/459] FNCM
[16:51:40] [281/459] MDVA
[16:51:41] [282/459] MMET
[16:51:42] [283/459] MIDO
[16:51:43] [284/459] INNP
[16:51:43] [285/459] MIFU
[16:51:44] [286/459] MMSZ
[16:51:45] [287/459] BMXA
[16:51:46] [288/459] MCAA
[16:51:47] [289/459] SCVP
[16:51:48] [290/459] PLUS
[16:51:49] [291/459] MUCK
[16:51:50] [292/459] MTMA
[16:51:51] [293/459] HPVR
[16:51:51] [294/459] PMPK
[16:51:52] [295/459] MAJB
[16:51:54] [296/459] CTRR
[16:51:54] [297/459] MCTG
[16:51:55] [298/459] MACE
[16:51:56] [299/459] AAAS
[16:51:57] [300/459] CPVV
[16:51:58] [301/459] RCHG
[16:51:59] [302/459] MCNE
[16:52:00] [303/459] EMNC
[16:52:01] [304/459] MCAN
[16:52:02] [305/459] TCDM
[16:52:03] [306/459] IRGT
[16:52:03] [307/459] GCMG
[16:52:04] [308/459] MXSN
[16:52:05] [309/459] MXCK
[16:52:06] [310/459] MCRC
[16:52:06] [311/459] RSMI
[16:52:07] [312/459] WAML
[16:52:08] [313/459] MTSC
[16:52:09] [314/459] FMDR
[16:52:09] [315/459] LEPV
[16:52:10] [316/459] MTGD
[16:52:11] [317/459] IMOB
[16:52:12] [318/459] CLMM
[16:52:13] [319/459] PZCD
[16:52:14] [320/459] GOCS
[16:52:15] [321/459] KCMA
[16:52:16] [322/459] CCMP
[16:52:17] [323/459] MTSU
[16:52:17] [324/459] SNGL
[16:52:18] [325/459] MMMC
[16:52:20] [326/459] MMAA
[16:52:21] [327/459] GCDM
[16:52:21] [328/459] KTMV
[16:52:22] [329/459] AETE
[16:52:23] [330/459] OMCS
[16:52:24] [331/459] GDCD
[16:52:25] [332/459] NYMD
[16:52:26] [333/459] RNCV
[16:52:27] [334/459] KKMT
[16:52:27] [335/459] GDTH
[16:52:28] [336/459] KMMV
[16:52:30] [337/459] NHCG
[16:52:30] [338/459] PJDW
[16:52:32] [339/459] MMCV
[16:52:33] [340/459] FQSA
[16:52:34] [341/459] KURL
[16:52:34] [342/459] NNNX
[16:52:35] [343/459] AMAU
[16:52:36] [344/459] VVVM
[16:52:37] [345/459] VECU
[16:52:38] [346/459] WCVR
[16:52:39] [347/459] MTGG
[16:52:40] [348/459] SGTG
[16:52:41] [349/459] MNTG
[16:52:42] [350/459] JDDG
[16:52:43] [351/459] MBTK
[16:52:44] [352/459] SGCD
[16:52:45] [353/459] MCTC
[16:52:46] [354/459] JTPC
[16:52:47] [355/459] SDKT
[16:52:48] [356/459] KRCC
[16:52:49] [357/459] RMMD
[16:52:50] [358/459] AAME
[16:52:51] [359/459] TMWC
[16:52:52] [360/459] NRWY
[16:52:53] [361/459] CITD
[16:52:54] [362/459] VERD
[16:52:54] [363/459] MKSK
[16:52:55] [364/459] STSM
[16:52:56] [365/459] MJDG
[16:52:57] [366/459] RKPM
[16:52:58] [367/459] SSCE
[16:52:59] [368/459] VMAE
[16:53:00] [369/459] SBRU
[16:53:01] [370/459] AMBC
[16:53:02] [371/459] AMLU
[16:53:02] [372/459] INVZ
[16:53:03] [373/459] LGTV
[16:53:04] [374/459] SVAD
[16:53:05] [375/459] SMSA
[16:53:06] [376/459] SPCZ
[16:53:07] [377/459] GTCX
[16:53:07] [378/459] SCSL
[16:53:08] [379/459] SAHU
[16:53:09] [380/459] NCDA
[16:53:10] [381/459] SCCG
[16:53:10] [382/459] VKTL
[16:53:11] [383/459] PUUJ
[16:53:12] [384/459] STEJ
[16:53:14] [385/459] RJAL
[16:53:15] [386/459] ACJC
[16:53:16] [387/459] VTHC
[16:53:17] [388/459] ARVB
[16:53:18] [389/459] AUBB
[16:53:18] [390/459] GDBR
[16:53:19] [391/459] PVND
[16:53:21] [392/459] BGRJ
[16:53:21] [393/459] RJMM
[16:53:22] [394/459] MCSA
[16:53:23] [395/459] BODA
[16:53:24] [396/459] JAGG
[16:53:25] [397/459] SCGA
[16:53:26] [398/459] LRCM
[16:53:27] [399/459] CPCN
[16:53:28] [400/459] SSTF
[16:53:29] [401/459] SRXP
[16:53:30] [402/459] CNFX
[16:53:31] [403/459] ANDI
[16:53:31] [404/459] SYEW
[16:53:32] [405/459] RCRE
[16:53:33] [406/459] SCRW
[16:53:34] [407/459] MBKR
[16:53:35] [408/459] ASNT
[16:53:36] [409/459] JTMT
[16:53:37] [410/459] SHAY
[16:53:38] [411/459] VRTH
[16:53:39] [412/459] SPTI
[16:53:39] [413/459] DPTD
[16:53:40] [414/459] TGSN
[16:53:41] [415/459] RCWV
[16:53:42] [416/459] OCUR
[16:53:43] [417/459] KSTC
[16:53:43] [418/459] SANI
[16:53:44] [419/459] MLCA
[16:53:45] [420/459] EGCA
[16:53:46] [421/459] SYSN
[16:53:47] [422/459] PKTA
[16:53:48] [423/459] PRCC
[16:53:49] [424/459] KSTR
[16:53:50] [425/459] SNTP
[16:53:50] [426/459] RCHA
[16:53:51] [427/459] SEEA
[16:53:52] [428/459] ALAT
[16:53:53] [429/459] AATV
[16:53:54] [430/459] RJTE
[16:53:55] [431/459] AAPP
[16:53:56] [432/459] PMMH
[16:53:57] [433/459] INRJ
[16:53:58] [434/459] SARB
[16:53:59] [435/459] PCJL
[16:54:00] [436/459] PFJJ
[16:54:00] [437/459] GRDC
[16:54:01] [438/459] BCBA
[16:54:02] [439/459] VIXL
[16:54:03] [440/459] CSTL
[16:54:04] [441/459] MTDK
[16:54:04] [442/459] TDAC
[16:54:05] [443/459] GTDN
[16:54:06] [444/459] TTDE
[16:54:07] [445/459] ASTS
[16:54:08] [446/459] CPNS
[16:54:08] [447/459] PVVW
[16:54:09] [448/459] USEB
[16:54:10] [449/459] DTYN
[16:54:11] [450/459] PVLE
[16:54:12] [451/459] CIPS
[16:54:13] [452/459] PAEG
[16:54:14] [453/459] PTCW
[16:54:15] [454/459] G3SR
[16:54:16] [455/459] PGND
[16:54:17] [456/459] INVM
[16:54:17] [457/459] SPIA
[16:54:18] [458/459] PCSN
[16:54:19] [459/459] PPGV
[16:54:20] 🧹 Deduping shows
[16:54:20] ✅ DONE | Shows=18 | Movies=5
[04:49:08] 🚀 SCRIPT STARTED
[04:49:08] [1/459] FNDB
[04:49:08] 🧠 New identity created
[04:49:09] [2/459] AMBH
[04:49:10] [3/459] PRHN
[04:49:10] [4/459] ACPM
[04:49:11] [5/459] PVFS
[04:49:12] [6/459] AACN
[04:49:13] [7/459] ACAS
[04:49:14] [8/459] CTNR
[04:49:15] [9/459] MMAH
[04:49:16] [10/459] CPMH
[04:49:17] [11/459] IGMH
[04:49:18] [12/459] ABCS
[04:49:18] [13/459] CMMA
[04:49:19] [14/459] GPRH
[04:49:20] [15/459] PNNG
[04:49:21] [16/459] AMCA
[04:49:22] [17/459] ISTN
[04:49:23] [18/459] PIIC
[04:49:24] [19/459] AHMH
[04:49:25] [20/459] ASHN
[04:49:26] [21/459] INHY
[04:49:27] [22/459] SRMO
[04:49:28] [23/459] PIMH
[04:49:28] [24/459] PVTS
[04:49:29] [25/459] MMCA
[04:49:30] [26/459] AKYJ
[04:49:31] [27/459] BRKH
[04:49:32] [28/459] MAHM
[04:49:33] [29/459] CPHY
[04:49:34] [30/459] PVTP
[04:49:35] [31/459] SMMR
[04:49:35] [32/459] PVHM
[04:49:36] [33/459] SNDY
[04:49:37] [34/459] GOKU
[04:49:38] [35/459] ACEV
[04:49:39] [36/459] PVUM
[04:49:40] [37/459] VSWA
[04:49:41] [38/459] IPRS
[04:49:42] [39/459] ASGN
[04:49:43] [40/459] BKMV
[04:49:45] [41/459] PVYH
[04:49:46] [42/459] INKM
[04:49:47] [43/459] ARJU
[04:49:48] [44/459] JJPP
[04:49:48] [45/459] SSRM
[04:49:49] [46/459] HMHD
[04:49:50] [47/459] SNKH
[04:49:51] [48/459] ACHI
[04:49:51] [49/459] MRAA
[04:49:52] [50/459] INMH
[04:49:53] [51/459] ARMH
[04:49:54] [52/459] DVRR
[04:49:55] [53/459] SUDA
[04:49:56] [54/459] MCSS
[04:49:57] [55/459] VRKC
[04:49:58] [56/459] PRCX
[04:49:59] [57/459] ASJY
[04:50:00] [58/459] MTHY
[04:50:01] [59/459] SRCM
[04:50:02] [60/459] TVHY
[04:50:03] [61/459] STHD
[04:50:03] [62/459] CPCL
[04:50:04] [63/459] PSMJ
[04:50:05] [64/459] MRGT
[04:50:06] [65/459] ARYH
[04:50:07] [66/459] VTRB
[04:50:08] [67/459] SCHC
[04:50:09] [68/459] MRRG
[04:50:10] [69/459] SPCB
[04:50:11] [70/459] AMCM
[04:50:12] [71/459] IVNM
[04:50:13] [72/459] TRHY
[04:50:14] [73/459] PTTH
[04:50:15] [74/459] RKMH
[04:50:16] [75/459] PRCS
[04:50:17] [76/459] VAJA
[04:50:18] [77/459] BJNG
[04:50:20] [78/459] SCVM
[04:50:20] [79/459] GNHB
[04:50:21] [80/459] TLUR
[04:50:22] [81/459] UKCC
[04:50:23] [82/459] SRKR
[04:50:24] [83/459] RMKN
[04:50:25] [84/459] SLRT
[04:50:25] [85/459] LKMT
[04:50:26] [86/459] SSRJ
[04:50:27] [87/459] SPHT
[04:50:28] [88/459] ANTT
[04:50:29] [89/459] SRCH
[04:50:30] [90/459] SRCA
[04:50:31] [91/459] ARTH
[04:50:32] [92/459] MCBH
[04:50:32] [93/459] SNIB
[04:50:33] [94/459] SART
[04:50:34] [95/459] SKTA
[04:50:35] [96/459] YAKT
[04:50:36] [97/459] MLCK
[04:50:36] [98/459] ANTS
[04:50:38] [99/459] DGCA
[04:50:39] [100/459] SGMP
[04:50:40] [101/459] ASWN
[04:50:41] [102/459] KFVU
[04:50:43] [103/459] POOR
[04:50:43] [104/459] GKDN
[04:50:44] [105/459] EOSE
[04:50:45] [106/459] GTTT
[04:50:46] [107/459] ARRO
[04:50:47] [108/459] CMMK
[04:50:47] [109/459] MSCN
[04:50:48] [110/459] GDKH
[04:50:49] [111/459] DLMT
[04:50:50] [112/459] PVMF
[04:50:51] [113/459] CPCK
[04:50:52] [114/459] VMHE
[04:50:53] [115/459] PVLC
[04:50:53] [116/459] PCVB
[04:50:54] [117/459] SNYK
[04:50:55] [118/459] KTEK
[04:50:56] [119/459] PCNM
[04:50:57] [120/459] NTTR
[04:50:58] [121/459] CPSK
[04:50:59] [122/459] JMMA
[04:51:00] [123/459] GCFK
[04:51:00] [124/459] MYCA
[04:51:01] [125/459] KSNP
[04:51:02] [126/459] PMCE
[04:51:03] [127/459] SCKI
[04:51:04] [128/459] FSMA
[04:51:05] [129/459] CETA
[04:51:06] [130/459] MCIK
[04:51:06] [131/459] MYCR
[04:51:08] [132/459] EVMP
[04:51:09] [133/459] SSGT
[04:51:10] [134/459] KCTK
[04:51:10] [135/459] ZTKC
[04:51:11] [136/459] MMTA
[04:51:12] [137/459] MAJT
[04:51:14] [138/459] ACPK
[04:51:15] [139/459] JMAX
[04:51:15] [140/459] SETK
[04:51:16] [141/459] CAIS
[04:51:17] [142/459] AGCD
[04:51:18] [143/459] URCL
[04:51:19] [144/459] VTDS
[04:51:20] [145/459] JCNM
[04:51:21] [146/459] KCAM
[04:51:22] [147/459] ADCU
[04:51:23] [148/459] GXYN
[04:51:24] [149/459] SMJG
[04:51:24] [150/459] EYCJ
[04:51:25] [151/459] CCEJ
[04:51:26] [152/459] MARS
[04:51:26] [153/459] CPVJ
[04:51:27] [154/459] INVP
[04:51:28] [155/459] CPOV
[04:51:29] [156/459] VIJK
[04:51:29] [157/459] LAIM
[04:51:31] [158/459] STHV
[04:51:32] [159/459] SVLJ
[04:51:33] [160/459] ATVJ
[04:51:34] [161/459] JTSC
[04:51:35] [162/459] RMTV
[04:51:35] [163/459] MGGG
[04:51:36] [164/459] SWTH
[04:51:38] [165/459] INVJ
[04:51:39] [166/459] PRSV
[04:51:40] [167/459] JATV
[04:51:40] [168/459] RCVD
[04:51:41] [169/459] BDMA
[04:51:42] [170/459] BLJI
[04:51:44] [171/459] SWOT
[04:51:45] [172/459] SWRN
[04:51:46] [173/459] TVRA
[04:51:46] [174/459] VCSV
[04:51:47] [175/459] NVRN
[04:51:48] [176/459] SIKC
[04:51:49] [177/459] VAKR
[04:51:50] [178/459] SYLN
[04:51:51] [179/459] KLJL
[04:51:52] [180/459] LKMY
[04:51:53] [181/459] VSLY
[04:51:54] [182/459] CIKO
[04:51:54] [183/459] GPBG
[04:51:56] [184/459] CECM
[04:51:57] [185/459] SLKB
[04:51:58] [186/459] MTBO
[04:51:59] [187/459] SSHB
[04:52:00] [188/459] VPCS
[04:52:01] [189/459] RCSR
[04:52:01] [190/459] RJRM
[04:52:02] [191/459] KPPB
[04:52:03] [192/459] SEDC
[04:52:04] [193/459] SCAI
[04:52:05] [194/459] RMTR
[04:52:06] [195/459] ASST
[04:52:07] [196/459] GCAK
[04:52:08] [197/459] ANNK
[04:52:10] [198/459] KDDF
[04:52:11] [199/459] NRDP
[04:52:11] [200/459] PLAK
[04:52:12] [201/459] GCMC
[04:52:13] [202/459] ALPY
[04:52:14] [203/459] SICE
[04:52:15] [204/459] SISR
[04:52:16] [205/459] SRPZ
[04:52:17] [206/459] SRSW
[04:52:18] [207/459] SUYA
[04:52:19] [208/459] AMMT
[04:52:20] [209/459] BHCU
[04:52:21] [210/459] KLPA
[04:52:21] [211/459] NVKH
[04:52:22] [212/459] JMRC
[04:52:23] [213/459] KTTT
[04:52:24] [214/459] MAGH
[04:52:25] [215/459] MMMX
[04:52:25] [216/459] SALJ
[04:52:26] [217/459] GTJA
[04:52:28] [218/459] MAHT
[04:52:29] [219/459] SSNN
[04:52:30] [220/459] ARRP
[04:52:31] [221/459] ATNS
[04:52:32] [222/459] SKDT
[04:52:33] [223/459] ACAT
[04:52:35] [224/459] APRC
[04:52:36] [225/459] SWAG
[04:52:37] [226/459] SDPT
[04:52:37] [227/459] STPS
[04:52:39] [228/459] WWCZ
[04:52:40] [229/459] LLCH
[04:52:41] [230/459] MZHA
[04:52:41] [231/459] CRJG
[04:52:42] [232/459] JGTK
[04:52:43] [233/459] KCSR
[04:52:44] [234/459] CHTL
[04:52:45] [235/459] EDSR
[04:52:46] [236/459] CSWO
[04:52:47] [237/459] CPVM
[04:52:48] [238/459] MXBY
[04:52:49] [239/459] FMMA
[04:52:49] [240/459] POVI
[04:52:50] [241/459] MTHB
[04:52:51] [242/459] INRC
[04:52:52] [243/459] PIPP
[04:52:53] [244/459] BMXC
[04:52:54] [245/459] PCMM
[04:52:55] [246/459] PMKM
[04:52:55] [247/459] GATY
[04:52:56] [248/459] IMCM
[04:52:57] [249/459] POPE
[04:52:58] [250/459] MTCR
[04:52:59] [251/459] PVAE
[04:53:00] [252/459] PVMI
[04:53:00] [253/459] CPNM
[04:53:02] [254/459] FMRL
[04:53:02] [255/459] MCIW
[04:53:04] [256/459] MXBO
[04:53:05] [257/459] FMKY
[04:53:07] [258/459] FMDA
[04:53:08] [259/459] THAB
[04:53:09] [260/459] PRCW
[04:53:10] [261/459] PITI
[04:53:11] [262/459] MCFF
[04:53:13] [263/459] PDDV
[04:53:14] [264/459] MCRM
[04:53:14] [265/459] KKMB
[04:53:15] [266/459] INKO
[04:53:16] [267/459] PLXP
[04:53:17] [268/459] MMHA
[04:53:18] [269/459] FMVS
[04:53:19] [270/459] POLM
[04:53:20] [271/459] STER
[04:53:21] [272/459] PVWJ
[04:53:22] [273/459] IMJW
[04:53:22] [274/459] FNAN
[04:53:23] [275/459] CAGL
[04:53:24] [276/459] IPBG
[04:53:25] [277/459] SMFV
[04:53:26] [278/459] MMMR
[04:53:27] [279/459] MMWM
[04:53:27] [280/459] FNCM
[04:53:28] [281/459] MDVA
[04:53:29] [282/459] MMET
[04:53:30] [283/459] MIDO
[04:53:31] [284/459] INNP
[04:53:32] [285/459] MIFU
[04:53:33] [286/459] MMSZ
[04:53:34] [287/459] BMXA
[04:53:35] [288/459] MCAA
[04:53:36] [289/459] SCVP
[04:53:37] [290/459] PLUS
[04:53:37] [291/459] MUCK
[04:53:39] [292/459] MTMA
[04:53:41] [293/459] HPVR
[04:53:41] [294/459] PMPK
[04:53:43] [295/459] MAJB
[04:53:44] [296/459] CTRR
[04:53:45] [297/459] MCTG
[04:53:46] [298/459] MACE
[04:53:47] [299/459] AAAS
[04:53:48] [300/459] CPVV
[04:53:48] [301/459] RCHG
[04:53:49] [302/459] MCNE
[04:53:50] [303/459] EMNC
[04:53:51] [304/459] MCAN
[04:53:52] [305/459] TCDM
[04:53:53] [306/459] IRGT
[04:53:54] [307/459] GCMG
[04:53:54] [308/459] MXSN
[04:53:55] [309/459] MXCK
[04:53:56] [310/459] MCRC
[04:53:57] [311/459] RSMI
[04:53:57] [312/459] WAML
[04:53:58] [313/459] MTSC
[04:53:59] [314/459] FMDR
[04:54:00] [315/459] LEPV
[04:54:01] [316/459] MTGD
[04:54:02] [317/459] IMOB
[04:54:03] [318/459] CLMM
[04:54:05] [319/459] PZCD
[04:54:06] [320/459] GOCS
[04:54:07] [321/459] KCMA
[04:54:08] [322/459] CCMP
[04:54:09] [323/459] MTSU
[04:54:10] [324/459] SNGL
[04:54:11] [325/459] MMMC
[04:54:12] [326/459] MMAA
[04:54:12] [327/459] GCDM
[04:54:13] [328/459] KTMV
[04:54:14] [329/459] AETE
[04:54:15] [330/459] OMCS
[04:54:16] [331/459] GDCD
[04:54:17] [332/459] NYMD
[04:54:18] [333/459] RNCV
[04:54:18] [334/459] KKMT
[04:54:20] [335/459] GDTH
[04:54:21] [336/459] KMMV
[04:54:22] [337/459] NHCG
[04:54:23] [338/459] PJDW
[04:54:23] [339/459] MMCV
[04:54:24] [340/459] FQSA
[04:54:25] [341/459] KURL
[04:54:26] [342/459] NNNX
[04:54:27] [343/459] AMAU
[04:54:28] [344/459] VVVM
[04:54:29] [345/459] VECU
[04:54:30] [346/459] WCVR
[04:54:30] [347/459] MTGG
[04:54:32] [348/459] SGTG
[04:54:33] [349/459] MNTG
[04:54:34] [350/459] JDDG
[04:54:35] [351/459] MBTK
[04:54:36] [352/459] SGCD
[04:54:37] [353/459] MCTC
[04:54:38] [354/459] JTPC
[04:54:39] [355/459] SDKT
[04:54:39] [356/459] KRCC
[04:54:40] [357/459] RMMD
[04:54:42] [358/459] AAME
[04:54:43] [359/459] TMWC
[04:54:44] [360/459] NRWY
[04:54:45] [361/459] CITD
[04:54:46] [362/459] VERD
[04:54:46] [363/459] MKSK
[04:54:47] [364/459] STSM
[04:54:48] [365/459] MJDG
[04:54:49] [366/459] RKPM
[04:54:50] [367/459] SSCE
[04:54:51] [368/459] VMAE
[04:54:51] [369/459] SBRU
[04:54:52] [370/459] AMBC
[04:54:53] [371/459] AMLU
[04:54:54] [372/459] INVZ
[04:54:55] [373/459] LGTV
[04:54:57] [374/459] SVAD
[04:54:57] [375/459] SMSA
[04:54:58] [376/459] SPCZ
[04:54:59] [377/459] GTCX
[04:55:00] [378/459] SCSL
[04:55:01] [379/459] SAHU
[04:55:02] [380/459] NCDA
[04:55:03] [381/459] SCCG
[04:55:04] [382/459] VKTL
[04:55:05] [383/459] PUUJ
[04:55:06] [384/459] STEJ
[04:55:07] [385/459] RJAL
[04:55:07] [386/459] ACJC
[04:55:08] [387/459] VTHC
[04:55:09] [388/459] ARVB
[04:55:10] [389/459] AUBB
[04:55:10] [390/459] GDBR
[04:55:11] [391/459] PVND
[04:55:12] [392/459] BGRJ
[04:55:13] [393/459] RJMM
[04:55:14] [394/459] MCSA
[04:55:15] [395/459] BODA
[04:55:16] [396/459] JAGG
[04:55:17] [397/459] SCGA
[04:55:18] [398/459] LRCM
[04:55:19] [399/459] CPCN
[04:55:19] [400/459] SSTF
[04:55:20] [401/459] SRXP
[04:55:21] [402/459] CNFX
[04:55:22] [403/459] ANDI
[04:55:23] [404/459] SYEW
[04:55:24] [405/459] RCRE
[04:55:24] [406/459] SCRW
[04:55:25] [407/459] MBKR
[04:55:26] [408/459] ASNT
[04:55:27] [409/459] JTMT
[04:55:27] [410/459] SHAY
[04:55:28] [411/459] VRTH
[04:55:29] [412/459] SPTI
[04:55:30] [413/459] DPTD
[04:55:31] [414/459] TGSN
[04:55:31] [415/459] RCWV
[04:55:32] [416/459] OCUR
[04:55:33] [417/459] KSTC
[04:55:34] [418/459] SANI
[04:55:35] [419/459] MLCA
[04:55:36] [420/459] EGCA
[04:55:36] [421/459] SYSN
[04:55:37] [422/459] PKTA
[04:55:38] [423/459] PRCC
[04:55:39] [424/459] KSTR
[04:55:40] [425/459] SNTP
[04:55:41] [426/459] RCHA
[04:55:42] [427/459] SEEA
[04:55:43] [428/459] ALAT
[04:55:43] [429/459] AATV
[04:55:44] [430/459] RJTE
[04:55:45] [431/459] AAPP
[04:55:46] [432/459] PMMH
[04:55:48] [433/459] INRJ
[04:55:48] [434/459] SARB
[04:55:49] [435/459] PCJL
[04:55:50] [436/459] PFJJ
[04:55:51] [437/459] GRDC
[04:55:52] [438/459] BCBA
[04:55:52] [439/459] VIXL
[04:55:53] [440/459] CSTL
[04:55:55] [441/459] MTDK
[04:55:56] [442/459] TDAC
[04:55:56] [443/459] GTDN
[04:55:57] [444/459] TTDE
[04:55:58] [445/459] ASTS
[04:55:59] [446/459] CPNS
[04:56:00] [447/459] PVVW
[04:56:01] [448/459] USEB
[04:56:02] [449/459] DTYN
[04:56:03] [450/459] PVLE
[04:56:04] [451/459] CIPS
[04:56:05] [452/459] PAEG
[04:56:05] [453/459] PTCW
[04:56:06] [454/459] G3SR
[04:56:07] [455/459] PGND
[04:56:08] [456/459] INVM
[04:56:09] [457/459] SPIA
[04:56:10] [458/459] PCSN
[04:56:10] [459/459] PPGV
[04:56:12] 🧹 Deduping shows
[04:56:12] ✅ DONE | Shows=21 | Movies=6
