[10:14:04] 🚀 SCRIPT STARTED
[10:14:04] [1/324] GCTA
[10:14:04] 🧠 New identity created
[10:14:05] [2/324] TOPN
[10:14:06] [3/324] MCUS
[10:14:07] [4/324] SHRL
[10:14:08] [5/324] UPTP
[10:14:08] [6/324] TMMP
[10:14:09] [7/324] DNRP
[10:14:10] [8/324] SRLT
[10:14:11] [9/324] RCNS
[10:14:12] [10/324] DCBH
[10:14:12] [11/324] NAGJ
[10:14:13] [12/324] JVRC
[10:14:14] [13/324] KRJG
[10:14:15] [14/324] SRTJ
[10:14:15] [15/324] CMXM
[10:14:16] [16/324] STMI
[10:14:17] [17/324] SLST
[10:14:18] [18/324] DTCN
[10:14:19] [19/324] STYN
[10:14:20] [20/324] SZVR
[10:14:21] [21/324] SRKO
[10:14:22] [22/324] JTGT
[10:14:23] [23/324] SVFD
[10:14:25] [24/324] SISD
[10:14:26] [25/324] ABDD
[10:14:27] [26/324] DRCA
[10:14:28] [27/324] AVCS
[10:14:28] [28/324] MVKH
[10:14:29] [29/324] ACPR
[10:14:30] [30/324] STIP
[10:14:31] [31/324] MTRA
[10:14:32] [32/324] RMKH
[10:14:33] [33/324] NKRL
[10:14:34] [34/324] PCWN
[10:14:35] [35/324] BLMT
[10:14:35] [36/324] GDPG
[10:14:36] [37/324] SRMX
[10:14:37] [38/324] JACP
[10:14:38] [39/324] CPSH
[10:14:39] [40/324] MCCD
[10:14:40] [41/324] ECGH
[10:14:40] [42/324] MKCK
[10:14:42] [43/324] SRMM
[10:14:43] [44/324] SKYR
[10:14:44] [45/324] PCKC
[10:14:45] [46/324] JCMA
[10:14:45] [47/324] BSMP
[10:14:46] [48/324] VSPA
[10:14:47] [49/324] DJYA
[10:14:48] [50/324] DIMP
[10:14:48] [51/324] FXDR
[10:14:49] [52/324] SSRC
[10:14:50] [53/324] STHP
[10:14:51] [54/324] CPPD
[10:14:52] [55/324] FCLK
[10:14:52] [56/324] SCPP
[10:14:53] [57/324] DCMJ
[10:14:54] [58/324] RCCR
[10:14:54] [59/324] INMT
[10:14:55] [60/324] LXTK
[10:14:56] [61/324] SRYK
[10:14:57] [62/324] SGDK
[10:14:58] [63/324] PPKA
[10:14:58] [64/324] SPKA
[10:14:59] [65/324] CGHH
[10:15:00] [66/324] DCJN
[10:15:01] [67/324] SRKV
[10:15:02] [68/324] SAJC
[10:15:02] [69/324] SUSR
[10:15:03] [70/324] STYG
[10:15:04] [71/324] NTKP
[10:15:05] [72/324] AKTG
[10:15:06] [73/324] CGCM
[10:15:06] [74/324] TULC
[10:15:07] [75/324] NYYZ
[10:15:08] [76/324] NYBW
[10:15:09] [77/324] MACB
[10:15:10] [78/324] SLVT
[10:15:11] [79/324] SANA
[10:15:11] [80/324] ACMR
[10:15:13] [81/324] CPKN
[10:15:14] [82/324] DLGK
[10:15:15] [83/324] CWCK
[10:15:16] [84/324] FDDH
[10:15:16] [85/324] MMMD
[10:15:17] [86/324] CMEH
[10:15:18] [87/324] GGGV
[10:15:19] [88/324] SPJL
[10:15:19] [89/324] RCCD
[10:15:20] [90/324] STTZ
[10:15:21] [91/324] BTCF
[10:15:22] [92/324] TSTZ
[10:15:23] [93/324] IPMM
[10:15:24] [94/324] PMPW
[10:15:24] [95/324] PCMZ
[10:15:25] [96/324] ESEM
[10:15:26] [97/324] PIPO
[10:15:27] [98/324] MATK
[10:15:27] [99/324] PGHM
[10:15:28] [100/324] CTSR
[10:15:29] [101/324] CYKR
[10:15:30] [102/324] MSCM
[10:15:31] [103/324] RFNP
[10:15:32] [104/324] PDCP
[10:15:33] [105/324] NPSE
[10:15:34] [106/324] MKML
[10:15:35] [107/324] FTDP
[10:15:36] [108/324] MMXA
[10:15:37] [109/324] CEPO
[10:15:38] [110/324] CMVP
[10:15:38] [111/324] SGTH
[10:15:39] [112/324] SAYN
[10:15:40] [113/324] URVS
[10:15:41] [114/324] VJTN
[10:15:42] [115/324] BBYK
[10:15:43] [116/324] SHBO
[10:15:44] [117/324] VCMR
[10:15:45] [118/324] MACT
[10:15:45] [119/324] JMNP
[10:15:46] [120/324] VICS
[10:15:48] [121/324] VCDA
[10:15:49] [122/324] GCMM
[10:15:50] [123/324] INVS
[10:15:50] [124/324] SCGM
[10:15:51] [125/324] PCDA
[10:15:52] [126/324] KDCT
[10:15:53] [127/324] JACS
[10:15:55] [128/324] GMMC
[10:15:56] [129/324] AICM
[10:15:57] [130/324] TJCM
[10:15:58] [131/324] RMTI
[10:15:58] [132/324] SHAC
[10:15:59] [133/324] APJC
[10:16:00] [134/324] GCTG
[10:16:00] [135/324] SSMC
[10:16:01] [136/324] THRM
[10:16:02] [137/324] RBCT
[10:16:04] [138/324] DIKT
[10:16:05] [139/324] MIDL
[10:16:05] [140/324] VCSN
[10:16:06] [141/324] SKTG
[10:16:07] [142/324] SMWC
[10:16:08] [143/324] MNKH
[10:16:09] [144/324] PIAT
[10:16:09] [145/324] LTTP
[10:16:10] [146/324] PTPU
[10:16:12] [147/324] ACMG
[10:16:13] [148/324] SHMM
[10:16:14] [149/324] MCMN
[10:16:15] [150/324] GLDC
[10:16:16] [151/324] HOUT
[10:16:17] [152/324] SVRP
[10:16:18] [153/324] PVDN
[10:16:19] [154/324] SCPY
[10:16:19] [155/324] DTPY
[10:16:20] [156/324] GKCS
[10:16:21] [157/324] NCAM
[10:16:22] [158/324] BSRM
[10:16:22] [159/324] RCLC
[10:16:23] [160/324] SKKD
[10:16:24] [161/324] ACHU
[10:16:25] [162/324] RSCF
[10:16:26] [163/324] IMSH
[10:16:27] [164/324] MACX
[10:16:27] [165/324] HMMW
[10:16:29] [166/324] JTCP
[10:16:30] [167/324] SREN
[10:16:31] [168/324] PJRR
[10:16:31] [169/324] INAC
[10:16:32] [170/324] BMCA
[10:16:33] [171/324] SHCB
[10:16:34] [172/324] GABA
[10:16:35] [173/324] SBCT
[10:16:35] [174/324] GCMA
[10:16:36] [175/324] MYTK
[10:16:37] [176/324] INZS
[10:16:38] [177/324] RMIK
[10:16:38] [178/324] NYCH
[10:16:39] [179/324] RAVE
[10:16:41] [180/324] PSXM
[10:16:41] [181/324] MCGP
[10:16:42] [182/324] PDDK
[10:16:43] [183/324] SPCK
[10:16:44] [184/324] MCRL
[10:16:45] [185/324] MHKT
[10:16:46] [186/324] ANRR
[10:16:46] [187/324] SAPK
[10:16:47] [188/324] NCUK
[10:16:48] [189/324] JUGA
[10:16:49] [190/324] DBSC
[10:16:51] [191/324] LALK
[10:16:52] [192/324] GUCK
[10:16:52] [193/324] STSG
[10:16:53] [194/324] PPPZ
[10:16:54] [195/324] CNCY
[10:16:55] [196/324] MTAR
[10:16:56] [197/324] VNKD
[10:16:57] [198/324] KMAJ
[10:16:57] [199/324] ACXK
[10:16:58] [200/324] UTKC
[10:16:59] [201/324] PBLK
[10:17:00] [202/324] ACBX
[10:17:01] [203/324] PTGM
[10:17:01] [204/324] BTDA
[10:17:02] [205/324] PJMB
[10:17:03] [206/324] TPDA
[10:17:04] [207/324] AMOE
[10:17:05] [208/324] PRHT
[10:17:06] [209/324] PRTA
[10:17:07] [210/324] STAM
[10:17:08] [211/324] MSAA
[10:17:09] [212/324] SDLU
[10:17:10] [213/324] RCHH
[10:17:10] [214/324] KANT
[10:17:11] [215/324] FCRT
[10:17:12] [216/324] DNKM
[10:17:13] [217/324] RYCP
[10:17:14] [218/324] MYRP
[10:17:14] [219/324] PPAK
[10:17:15] [220/324] NVPK
[10:17:16] [221/324] PRMC
[10:17:17] [222/324] JBCS
[10:17:18] [223/324] GXCK
[10:17:18] [224/324] USKO
[10:17:19] [225/324] GTEM
[10:17:20] [226/324] SMBU
[10:17:22] [227/324] VETC
[10:17:22] [228/324] LCDA
[10:17:23] [229/324] MTVT
[10:17:25] [230/324] PYCP
[10:17:26] [231/324] PNSC
[10:17:27] [232/324] PPCC
[10:17:27] [233/324] TGRT
[10:17:28] [234/324] JYOT
[10:17:29] [235/324] SRCZ
[10:17:30] [236/324] SJTE
[10:17:31] [237/324] DESC
[10:17:31] [238/324] JHVN
[10:17:32] [239/324] IPSG
[10:17:33] [240/324] IPCM
[10:17:34] [241/324] PDRS
[10:17:35] [242/324] ANCV
[10:17:36] [243/324] CMVV
[10:17:37] [244/324] SHYP
[10:17:37] [245/324] DNCS
[10:17:38] [246/324] GAJK
[10:17:39] [247/324] AKTN
[10:17:39] [248/324] KAYA
[10:17:41] [249/324] SBRC
[10:17:42] [250/324] CHTP
[10:17:43] [251/324] SHRT
[10:17:44] [252/324] BCKU
[10:17:44] [253/324] FCPS
[10:17:45] [254/324] ARDD
[10:17:46] [255/324] CPCM
[10:17:47] [256/324] CGSM
[10:17:48] [257/324] PSMP
[10:17:49] [258/324] SDAL
[10:17:50] [259/324] RTNB
[10:17:51] [260/324] LMCR
[10:17:51] [261/324] CIMA
[10:17:52] [262/324] RNAS
[10:17:53] [263/324] LITH
[10:17:54] [264/324] PBOX
[10:17:55] [265/324] FRTS
[10:17:56] [266/324] RKIC
[10:17:56] [267/324] PTAI
[10:17:57] [268/324] GCIC
[10:17:58] [269/324] FNAS
[10:17:59] [270/324] SCAR
[10:18:00] [271/324] MTCA
[10:18:01] [272/324] SCTS
[10:18:02] [273/324] SYCS
[10:18:02] [274/324] RDMS
[10:18:03] [275/324] KAMP
[10:18:04] [276/324] ERSD
[10:18:05] [277/324] MJMJ
[10:18:06] [278/324] SRCJ
[10:18:07] [279/324] SCXE
[10:18:08] [280/324] SVFR
[10:18:08] [281/324] BHCS
[10:18:09] [282/324] IMCC
[10:18:10] [283/324] PCBO
[10:18:11] [284/324] PRVN
[10:18:12] [285/324] AUPM
[10:18:13] [286/324] INBW
[10:18:13] [287/324] SVCW
[10:18:14] [288/324] RKCF
[10:18:15] [289/324] UVBH
[10:18:16] [290/324] DNCY
[10:18:18] [291/324] ABCN
[10:18:18] [292/324] PRUR
[10:18:19] [293/324] PFMR
[10:18:20] [294/324] RKCN
[10:18:21] [295/324] CFEA
[10:18:22] [296/324] SDBG
[10:18:23] [297/324] SNAR
[10:18:24] [298/324] YISI
[10:18:24] [299/324] JCFF
[10:18:25] [300/324] VTRK
[10:18:26] [301/324] PCLZ
[10:18:27] [302/324] DIMY
[10:18:27] [303/324] BBTS
[10:18:28] [304/324] GATH
[10:18:29] [305/324] GTMN
[10:18:30] [306/324] VTMH
[10:18:30] [307/324] CCKP
[10:18:31] [308/324] GPKA
[10:18:32] [309/324] MHCL
[10:18:33] [310/324] ATCL
[10:18:34] [311/324] SBCK
[10:18:35] [312/324] AMMR
[10:18:36] [313/324] MADC
[10:18:37] [314/324] TMMA
[10:18:38] [315/324] CACC
[10:18:39] [316/324] CHAL
[10:18:40] [317/324] DURG
[10:18:42] [318/324] GMKU
[10:18:42] [319/324] GECA
[10:18:43] [320/324] KYRR
[10:18:44] [321/324] KSDE
[10:18:45] [322/324] LMCI
[10:18:46] [323/324] NKCP
[10:18:46] [324/324] BGTC
[10:18:47] 🧹 Deduping shows
[10:18:47] ✅ DONE | Shows=30 | Movies=5
[16:48:43] 🚀 SCRIPT STARTED
[16:48:43] [1/324] GCTA
[16:48:43] 🧠 New identity created
[16:48:44] [2/324] TOPN
[16:48:44] [3/324] MCUS
[16:48:45] [4/324] SHRL
[16:48:46] [5/324] UPTP
[16:48:47] [6/324] TMMP
[16:48:48] [7/324] DNRP
[16:48:49] [8/324] SRLT
[16:48:50] [9/324] RCNS
[16:48:51] [10/324] DCBH
[16:48:51] [11/324] NAGJ
[16:48:52] [12/324] JVRC
[16:48:53] [13/324] KRJG
[16:48:54] [14/324] SRTJ
[16:48:55] [15/324] CMXM
[16:48:56] [16/324] STMI
[16:48:57] [17/324] SLST
[16:48:59] [18/324] DTCN
[16:49:00] [19/324] STYN
[16:49:01] [20/324] SZVR
[16:49:02] [21/324] SRKO
[16:49:03] [22/324] JTGT
[16:49:04] [23/324] SVFD
[16:49:05] [24/324] SISD
[16:49:06] [25/324] ABDD
[16:49:07] [26/324] DRCA
[16:49:07] [27/324] AVCS
[16:49:08] [28/324] MVKH
[16:49:09] [29/324] ACPR
[16:49:10] [30/324] STIP
[16:49:12] [31/324] MTRA
[16:49:13] [32/324] RMKH
[16:49:14] [33/324] NKRL
[16:49:15] [34/324] PCWN
[16:49:16] [35/324] BLMT
[16:49:17] [36/324] GDPG
[16:49:18] [37/324] SRMX
[16:49:18] [38/324] JACP
[16:49:19] [39/324] CPSH
[16:49:20] [40/324] MCCD
[16:49:21] [41/324] ECGH
[16:49:22] [42/324] MKCK
[16:49:23] [43/324] SRMM
[16:49:24] [44/324] SKYR
[16:49:24] [45/324] PCKC
[16:49:25] [46/324] JCMA
[16:49:26] [47/324] BSMP
[16:49:27] [48/324] VSPA
[16:49:28] [49/324] DJYA
[16:49:29] [50/324] DIMP
[16:49:30] [51/324] FXDR
[16:49:31] [52/324] SSRC
[16:49:31] [53/324] STHP
[16:49:32] [54/324] CPPD
[16:49:33] [55/324] FCLK
[16:49:34] [56/324] SCPP
[16:49:35] [57/324] DCMJ
[16:49:37] [58/324] RCCR
[16:49:37] [59/324] INMT
[16:49:38] [60/324] LXTK
[16:49:39] [61/324] SRYK
[16:49:40] [62/324] SGDK
[16:49:41] [63/324] PPKA
[16:49:42] [64/324] SPKA
[16:49:43] [65/324] CGHH
[16:49:44] [66/324] DCJN
[16:49:45] [67/324] SRKV
[16:49:46] [68/324] SAJC
[16:49:46] [69/324] SUSR
[16:49:47] [70/324] STYG
[16:49:48] [71/324] NTKP
[16:49:49] [72/324] AKTG
[16:49:50] [73/324] CGCM
[16:49:52] [74/324] TULC
[16:49:53] [75/324] NYYZ
[16:49:54] [76/324] NYBW
[16:49:55] [77/324] MACB
[16:49:55] [78/324] SLVT
[16:49:56] [79/324] SANA
[16:49:57] [80/324] ACMR
[16:49:58] [81/324] CPKN
[16:49:59] [82/324] DLGK
[16:50:00] [83/324] CWCK
[16:50:01] [84/324] FDDH
[16:50:01] [85/324] MMMD
[16:50:03] [86/324] CMEH
[16:50:03] [87/324] GGGV
[16:50:05] [88/324] SPJL
[16:50:06] [89/324] RCCD
[16:50:07] [90/324] STTZ
[16:50:08] [91/324] BTCF
[16:50:09] [92/324] TSTZ
[16:50:10] [93/324] IPMM
[16:50:11] [94/324] PMPW
[16:50:12] [95/324] PCMZ
[16:50:13] [96/324] ESEM
[16:50:14] [97/324] PIPO
[16:50:16] [98/324] MATK
[16:50:16] [99/324] PGHM
[16:50:17] [100/324] CTSR
[16:50:18] [101/324] CYKR
[16:50:19] [102/324] MSCM
[16:50:20] [103/324] RFNP
[16:50:20] [104/324] PDCP
[16:50:22] [105/324] NPSE
[16:50:23] [106/324] MKML
[16:50:24] [107/324] FTDP
[16:50:25] [108/324] MMXA
[16:50:26] [109/324] CEPO
[16:50:28] [110/324] CMVP
[16:50:29] [111/324] SGTH
[16:50:30] [112/324] SAYN
[16:50:31] [113/324] URVS
[16:50:31] [114/324] VJTN
[16:50:33] [115/324] BBYK
[16:50:34] [116/324] SHBO
[16:50:35] [117/324] VCMR
[16:50:36] [118/324] MACT
[16:50:36] [119/324] JMNP
[16:50:37] [120/324] VICS
[16:50:38] [121/324] VCDA
[16:50:39] [122/324] GCMM
[16:50:41] [123/324] INVS
[16:50:42] [124/324] SCGM
[16:50:42] [125/324] PCDA
[16:50:43] [126/324] KDCT
[16:50:44] [127/324] JACS
[16:50:46] [128/324] GMMC
[16:50:47] [129/324] AICM
[16:50:47] [130/324] TJCM
[16:50:48] [131/324] RMTI
[16:50:49] [132/324] SHAC
[16:50:50] [133/324] APJC
[16:50:51] [134/324] GCTG
[16:50:51] [135/324] SSMC
[16:50:52] [136/324] THRM
[16:50:53] [137/324] RBCT
[16:50:54] [138/324] DIKT
[16:50:55] [139/324] MIDL
[16:50:56] [140/324] VCSN
[16:50:57] [141/324] SKTG
[16:50:58] [142/324] SMWC
[16:50:58] [143/324] MNKH
[16:50:59] [144/324] PIAT
[16:51:00] [145/324] LTTP
[16:51:01] [146/324] PTPU
[16:51:02] [147/324] ACMG
[16:51:04] [148/324] SHMM
[16:51:04] [149/324] MCMN
[16:51:05] [150/324] GLDC
[16:51:06] [151/324] HOUT
[16:51:07] [152/324] SVRP
[16:51:08] [153/324] PVDN
[16:51:09] [154/324] SCPY
[16:51:10] [155/324] DTPY
[16:51:10] [156/324] GKCS
[16:51:11] [157/324] NCAM
[16:51:13] [158/324] BSRM
[16:51:14] [159/324] RCLC
[16:51:15] [160/324] SKKD
[16:51:16] [161/324] ACHU
[16:51:17] [162/324] RSCF
[16:51:18] [163/324] IMSH
[16:51:18] [164/324] MACX
[16:51:20] [165/324] HMMW
[16:51:21] [166/324] JTCP
[16:51:21] [167/324] SREN
[16:51:22] [168/324] PJRR
[16:51:24] [169/324] INAC
[16:51:25] [170/324] BMCA
[16:51:25] [171/324] SHCB
[16:51:26] [172/324] GABA
[16:51:27] [173/324] SBCT
[16:51:28] [174/324] GCMA
[16:51:29] [175/324] MYTK
[16:51:30] [176/324] INZS
[16:51:31] [177/324] RMIK
[16:51:31] [178/324] NYCH
[16:51:32] [179/324] RAVE
[16:51:33] [180/324] PSXM
[16:51:34] [181/324] MCGP
[16:51:35] [182/324] PDDK
[16:51:36] [183/324] SPCK
[16:51:38] [184/324] MCRL
[16:51:39] [185/324] MHKT
[16:51:39] [186/324] ANRR
[16:51:40] [187/324] SAPK
[16:51:41] [188/324] NCUK
[16:51:42] [189/324] JUGA
[16:51:43] [190/324] DBSC
[16:51:43] [191/324] LALK
[16:51:44] [192/324] GUCK
[16:51:45] [193/324] STSG
[16:51:46] [194/324] PPPZ
[16:51:47] [195/324] CNCY
[16:51:48] [196/324] MTAR
[16:51:49] [197/324] VNKD
[16:51:50] [198/324] KMAJ
[16:51:51] [199/324] ACXK
[16:51:51] [200/324] UTKC
[16:51:52] [201/324] PBLK
[16:51:53] [202/324] ACBX
[16:51:54] [203/324] PTGM
[16:51:54] [204/324] BTDA
[16:51:56] [205/324] PJMB
[16:51:57] [206/324] TPDA
[16:51:57] [207/324] AMOE
[16:51:58] [208/324] PRHT
[16:51:59] [209/324] PRTA
[16:52:00] [210/324] STAM
[16:52:01] [211/324] MSAA
[16:52:01] [212/324] SDLU
[16:52:02] [213/324] RCHH
[16:52:04] [214/324] KANT
[16:52:05] [215/324] FCRT
[16:52:06] [216/324] DNKM
[16:52:07] [217/324] RYCP
[16:52:08] [218/324] MYRP
[16:52:09] [219/324] PPAK
[16:52:10] [220/324] NVPK
[16:52:11] [221/324] PRMC
[16:52:12] [222/324] JBCS
[16:52:13] [223/324] GXCK
[16:52:14] [224/324] USKO
[16:52:15] [225/324] GTEM
[16:52:16] [226/324] SMBU
[16:52:16] [227/324] VETC
[16:52:18] [228/324] LCDA
[16:52:18] [229/324] MTVT
[16:52:19] [230/324] PYCP
[16:52:20] [231/324] PNSC
[16:52:21] [232/324] PPCC
[16:52:22] [233/324] TGRT
[16:52:23] [234/324] JYOT
[16:52:24] [235/324] SRCZ
[16:52:24] [236/324] SJTE
[16:52:25] [237/324] DESC
[16:52:26] [238/324] JHVN
[16:52:27] [239/324] IPSG
[16:52:28] [240/324] IPCM
[16:52:29] [241/324] PDRS
[16:52:30] [242/324] ANCV
[16:52:32] [243/324] CMVV
[16:52:32] [244/324] SHYP
[16:52:33] [245/324] DNCS
[16:52:34] [246/324] GAJK
[16:52:35] [247/324] AKTN
[16:52:37] [248/324] KAYA
[16:52:37] [249/324] SBRC
[16:52:39] [250/324] CHTP
[16:52:40] [251/324] SHRT
[16:52:40] [252/324] BCKU
[16:52:42] [253/324] FCPS
[16:52:43] [254/324] ARDD
[16:52:44] [255/324] CPCM
[16:52:45] [256/324] CGSM
[16:52:46] [257/324] PSMP
[16:52:46] [258/324] SDAL
[16:52:47] [259/324] RTNB
[16:52:49] [260/324] LMCR
[16:52:50] [261/324] CIMA
[16:52:51] [262/324] RNAS
[16:52:51] [263/324] LITH
[16:52:52] [264/324] PBOX
[16:52:53] [265/324] FRTS
[16:52:54] [266/324] RKIC
[16:52:55] [267/324] PTAI
[16:52:56] [268/324] GCIC
[16:52:57] [269/324] FNAS
[16:52:58] [270/324] SCAR
[16:52:59] [271/324] MTCA
[16:52:59] [272/324] SCTS
[16:53:00] [273/324] SYCS
[16:53:01] [274/324] RDMS
[16:53:03] [275/324] KAMP
[16:53:03] [276/324] ERSD
[16:53:04] [277/324] MJMJ
[16:53:05] [278/324] SRCJ
[16:53:07] [279/324] SCXE
[16:53:07] [280/324] SVFR
[16:53:08] [281/324] BHCS
[16:53:09] [282/324] IMCC
[16:53:10] [283/324] PCBO
[16:53:11] [284/324] PRVN
[16:53:11] [285/324] AUPM
[16:53:12] [286/324] INBW
[16:53:13] [287/324] SVCW
[16:53:14] [288/324] RKCF
[16:53:15] [289/324] UVBH
[16:53:16] [290/324] DNCY
[16:53:17] [291/324] ABCN
[16:53:18] [292/324] PRUR
[16:53:19] [293/324] PFMR
[16:53:20] [294/324] RKCN
[16:53:21] [295/324] CFEA
[16:53:22] [296/324] SDBG
[16:53:22] [297/324] SNAR
[16:53:23] [298/324] YISI
[16:53:24] [299/324] JCFF
[16:53:25] [300/324] VTRK
[16:53:26] [301/324] PCLZ
[16:53:27] [302/324] DIMY
[16:53:27] [303/324] BBTS
[16:53:28] [304/324] GATH
[16:53:29] [305/324] GTMN
[16:53:30] [306/324] VTMH
[16:53:32] [307/324] CCKP
[16:53:33] [308/324] GPKA
[16:53:35] [309/324] MHCL
[16:53:36] [310/324] ATCL
[16:53:37] [311/324] SBCK
[16:53:37] [312/324] AMMR
[16:53:38] [313/324] MADC
[16:53:39] [314/324] TMMA
[16:53:41] [315/324] CACC
[16:53:42] [316/324] CHAL
[16:53:43] [317/324] DURG
[16:53:43] [318/324] GMKU
[16:53:44] [319/324] GECA
[16:53:45] [320/324] KYRR
[16:53:46] [321/324] KSDE
[16:53:47] [322/324] LMCI
[16:53:48] [323/324] NKCP
[16:53:48] [324/324] BGTC
[16:53:49] 🧹 Deduping shows
[16:53:49] ✅ DONE | Shows=30 | Movies=5
[04:49:09] 🚀 SCRIPT STARTED
[04:49:09] [1/324] GCTA
[04:49:09] 🧠 New identity created
[04:49:10] [2/324] TOPN
[04:49:11] [3/324] MCUS
[04:49:12] [4/324] SHRL
[04:49:13] [5/324] UPTP
[04:49:14] [6/324] TMMP
[04:49:15] [7/324] DNRP
[04:49:16] [8/324] SRLT
[04:49:17] [9/324] RCNS
[04:49:18] [10/324] DCBH
[04:49:19] [11/324] NAGJ
[04:49:20] [12/324] JVRC
[04:49:21] [13/324] KRJG
[04:49:22] [14/324] SRTJ
[04:49:23] [15/324] CMXM
[04:49:24] [16/324] STMI
[04:49:25] [17/324] SLST
[04:49:25] [18/324] DTCN
[04:49:26] [19/324] STYN
[04:49:27] [20/324] SZVR
[04:49:28] [21/324] SRKO
[04:49:29] [22/324] JTGT
[04:49:30] [23/324] SVFD
[04:49:31] [24/324] SISD
[04:49:31] [25/324] ABDD
[04:49:32] [26/324] DRCA
[04:49:33] [27/324] AVCS
[04:49:34] [28/324] MVKH
[04:49:35] [29/324] ACPR
[04:49:36] [30/324] STIP
[04:49:37] [31/324] MTRA
[04:49:38] [32/324] RMKH
[04:49:38] [33/324] NKRL
[04:49:39] [34/324] PCWN
[04:49:40] [35/324] BLMT
[04:49:41] [36/324] GDPG
[04:49:42] [37/324] SRMX
[04:49:43] [38/324] JACP
[04:49:44] [39/324] CPSH
[04:49:45] [40/324] MCCD
[04:49:46] [41/324] ECGH
[04:49:47] [42/324] MKCK
[04:49:47] [43/324] SRMM
[04:49:48] [44/324] SKYR
[04:49:49] [45/324] PCKC
[04:49:50] [46/324] JCMA
[04:49:51] [47/324] BSMP
[04:49:52] [48/324] VSPA
[04:49:53] [49/324] DJYA
[04:49:54] [50/324] DIMP
[04:49:55] [51/324] FXDR
[04:49:56] [52/324] SSRC
[04:49:57] [53/324] STHP
[04:49:58] [54/324] CPPD
[04:49:59] [55/324] FCLK
[04:49:59] [56/324] SCPP
[04:50:00] [57/324] DCMJ
[04:50:01] [58/324] RCCR
[04:50:02] [59/324] INMT
[04:50:03] [60/324] LXTK
[04:50:04] [61/324] SRYK
[04:50:05] [62/324] SGDK
[04:50:06] [63/324] PPKA
[04:50:07] [64/324] SPKA
[04:50:07] [65/324] CGHH
[04:50:08] [66/324] DCJN
[04:50:09] [67/324] SRKV
[04:50:10] [68/324] SAJC
[04:50:11] [69/324] SUSR
[04:50:12] [70/324] STYG
[04:50:13] [71/324] NTKP
[04:50:14] [72/324] AKTG
[04:50:15] [73/324] CGCM
[04:50:17] [74/324] TULC
[04:50:18] [75/324] NYYZ
[04:50:19] [76/324] NYBW
[04:50:20] [77/324] MACB
[04:50:20] [78/324] SLVT
[04:50:21] [79/324] SANA
[04:50:22] [80/324] ACMR
[04:50:23] [81/324] CPKN
[04:50:24] [82/324] DLGK
[04:50:25] [83/324] CWCK
[04:50:25] [84/324] FDDH
[04:50:26] [85/324] MMMD
[04:50:27] [86/324] CMEH
[04:50:29] [87/324] GGGV
[04:50:29] [88/324] SPJL
[04:50:30] [89/324] RCCD
[04:50:31] [90/324] STTZ
[04:50:32] [91/324] BTCF
[04:50:33] [92/324] TSTZ
[04:50:34] [93/324] IPMM
[04:50:35] [94/324] PMPW
[04:50:36] [95/324] PCMZ
[04:50:37] [96/324] ESEM
[04:50:38] [97/324] PIPO
[04:50:38] [98/324] MATK
[04:50:39] [99/324] PGHM
[04:50:40] [100/324] CTSR
[04:50:41] [101/324] CYKR
[04:50:42] [102/324] MSCM
[04:50:43] [103/324] RFNP
[04:50:44] [104/324] PDCP
[04:50:45] [105/324] NPSE
[04:50:46] [106/324] MKML
[04:50:46] [107/324] FTDP
[04:50:47] [108/324] MMXA
[04:50:48] [109/324] CEPO
[04:50:49] [110/324] CMVP
[04:50:50] [111/324] SGTH
[04:50:51] [112/324] SAYN
[04:50:52] [113/324] URVS
[04:50:53] [114/324] VJTN
[04:50:54] [115/324] BBYK
[04:50:55] [116/324] SHBO
[04:50:55] [117/324] VCMR
[04:50:56] [118/324] MACT
[04:50:57] [119/324] JMNP
[04:50:58] [120/324] VICS
[04:50:59] [121/324] VCDA
[04:51:00] [122/324] GCMM
[04:51:01] [123/324] INVS
[04:51:03] [124/324] SCGM
[04:51:04] [125/324] PCDA
[04:51:04] [126/324] KDCT
[04:51:05] [127/324] JACS
[04:51:07] [128/324] GMMC
[04:51:08] [129/324] AICM
[04:51:08] [130/324] TJCM
[04:51:09] [131/324] RMTI
[04:51:10] [132/324] SHAC
[04:51:11] [133/324] APJC
[04:51:12] [134/324] GCTG
[04:51:13] [135/324] SSMC
[04:51:14] [136/324] THRM
[04:51:14] [137/324] RBCT
[04:51:15] [138/324] DIKT
[04:51:16] [139/324] MIDL
[04:51:17] [140/324] VCSN
[04:51:17] [141/324] SKTG
[04:51:18] [142/324] SMWC
[04:51:19] [143/324] MNKH
[04:51:20] [144/324] PIAT
[04:51:21] [145/324] LTTP
[04:51:22] [146/324] PTPU
[04:51:23] [147/324] ACMG
[04:51:24] [148/324] SHMM
[04:51:24] [149/324] MCMN
[04:51:25] [150/324] GLDC
[04:51:26] [151/324] HOUT
[04:51:27] [152/324] SVRP
[04:51:27] [153/324] PVDN
[04:51:28] [154/324] SCPY
[04:51:29] [155/324] DTPY
[04:51:30] [156/324] GKCS
[04:51:31] [157/324] NCAM
[04:51:32] [158/324] BSRM
[04:51:32] [159/324] RCLC
[04:51:33] [160/324] SKKD
[04:51:34] [161/324] ACHU
[04:51:35] [162/324] RSCF
[04:51:36] [163/324] IMSH
[04:51:37] [164/324] MACX
[04:51:38] [165/324] HMMW
[04:51:39] [166/324] JTCP
[04:51:39] [167/324] SREN
[04:51:40] [168/324] PJRR
[04:51:41] [169/324] INAC
[04:51:42] [170/324] BMCA
[04:51:43] [171/324] SHCB
[04:51:44] [172/324] GABA
[04:51:45] [173/324] SBCT
[04:51:47] [174/324] GCMA
[04:51:48] [175/324] MYTK
[04:51:49] [176/324] INZS
[04:51:50] [177/324] RMIK
[04:51:51] [178/324] NYCH
[04:51:52] [179/324] RAVE
[04:51:53] [180/324] PSXM
[04:51:53] [181/324] MCGP
[04:51:54] [182/324] PDDK
[04:51:55] [183/324] SPCK
[04:51:56] [184/324] MCRL
[04:51:57] [185/324] MHKT
[04:51:58] [186/324] ANRR
[04:51:58] [187/324] SAPK
[04:51:59] [188/324] NCUK
[04:52:00] [189/324] JUGA
[04:52:01] [190/324] DBSC
[04:52:02] [191/324] LALK
[04:52:03] [192/324] GUCK
[04:52:04] [193/324] STSG
[04:52:05] [194/324] PPPZ
[04:52:06] [195/324] CNCY
[04:52:07] [196/324] MTAR
[04:52:08] [197/324] VNKD
[04:52:08] [198/324] KMAJ
[04:52:09] [199/324] ACXK
[04:52:10] [200/324] UTKC
[04:52:11] [201/324] PBLK
[04:52:12] [202/324] ACBX
[04:52:13] [203/324] PTGM
[04:52:13] [204/324] BTDA
[04:52:14] [205/324] PJMB
[04:52:15] [206/324] TPDA
[04:52:16] [207/324] AMOE
[04:52:17] [208/324] PRHT
[04:52:18] [209/324] PRTA
[04:52:19] [210/324] STAM
[04:52:20] [211/324] MSAA
[04:52:20] [212/324] SDLU
[04:52:21] [213/324] RCHH
[04:52:22] [214/324] KANT
[04:52:23] [215/324] FCRT
[04:52:24] [216/324] DNKM
[04:52:25] [217/324] RYCP
[04:52:27] [218/324] MYRP
[04:52:27] [219/324] PPAK
[04:52:29] [220/324] NVPK
[04:52:30] [221/324] PRMC
[04:52:31] [222/324] JBCS
[04:52:32] [223/324] GXCK
[04:52:33] [224/324] USKO
[04:52:33] [225/324] GTEM
[04:52:34] [226/324] SMBU
[04:52:35] [227/324] VETC
[04:52:36] [228/324] LCDA
[04:52:37] [229/324] MTVT
[04:52:38] [230/324] PYCP
[04:52:39] [231/324] PNSC
[04:52:40] [232/324] PPCC
[04:52:41] [233/324] TGRT
[04:52:42] [234/324] JYOT
[04:52:42] [235/324] SRCZ
[04:52:43] [236/324] SJTE
[04:52:44] [237/324] DESC
[04:52:45] [238/324] JHVN
[04:52:46] [239/324] IPSG
[04:52:47] [240/324] IPCM
[04:52:48] [241/324] PDRS
[04:52:49] [242/324] ANCV
[04:52:50] [243/324] CMVV
[04:52:50] [244/324] SHYP
[04:52:51] [245/324] DNCS
[04:52:52] [246/324] GAJK
[04:52:54] [247/324] AKTN
[04:52:55] [248/324] KAYA
[04:52:56] [249/324] SBRC
[04:52:57] [250/324] CHTP
[04:52:58] [251/324] SHRT
[04:52:59] [252/324] BCKU
[04:53:00] [253/324] FCPS
[04:53:00] [254/324] ARDD
[04:53:01] [255/324] CPCM
[04:53:02] [256/324] CGSM
[04:53:03] [257/324] PSMP
[04:53:04] [258/324] SDAL
[04:53:06] [259/324] RTNB
[04:53:07] [260/324] LMCR
[04:53:07] [261/324] CIMA
[04:53:08] [262/324] RNAS
[04:53:10] [263/324] LITH
[04:53:12] [264/324] PBOX
[04:53:13] [265/324] FRTS
[04:53:14] [266/324] RKIC
[04:53:15] [267/324] PTAI
[04:53:16] [268/324] GCIC
[04:53:17] [269/324] FNAS
[04:53:18] [270/324] SCAR
[04:53:19] [271/324] MTCA
[04:53:20] [272/324] SCTS
[04:53:21] [273/324] SYCS
[04:53:22] [274/324] RDMS
[04:53:23] [275/324] KAMP
[04:53:24] [276/324] ERSD
[04:53:25] [277/324] MJMJ
[04:53:26] [278/324] SRCJ
[04:53:27] [279/324] SCXE
[04:53:27] [280/324] SVFR
[04:53:29] [281/324] BHCS
[04:53:30] [282/324] IMCC
[04:53:31] [283/324] PCBO
[04:53:32] [284/324] PRVN
[04:53:33] [285/324] AUPM
[04:53:34] [286/324] INBW
[04:53:35] [287/324] SVCW
[04:53:37] [288/324] RKCF
[04:53:38] [289/324] UVBH
[04:53:39] [290/324] DNCY
[04:53:40] [291/324] ABCN
[04:53:41] [292/324] PRUR
[04:53:42] [293/324] PFMR
[04:53:42] [294/324] RKCN
[04:53:43] [295/324] CFEA
[04:53:44] [296/324] SDBG
[04:53:45] [297/324] SNAR
[04:53:46] [298/324] YISI
[04:53:47] [299/324] JCFF
[04:53:47] [300/324] VTRK
[04:53:48] [301/324] PCLZ
[04:53:50] [302/324] DIMY
[04:53:50] [303/324] BBTS
[04:53:51] [304/324] GATH
[04:53:52] [305/324] GTMN
[04:53:53] [306/324] VTMH
[04:53:54] [307/324] CCKP
[04:53:55] [308/324] GPKA
[04:53:56] [309/324] MHCL
[04:53:57] [310/324] ATCL
[04:53:57] [311/324] SBCK
[04:53:58] [312/324] AMMR
[04:53:59] [313/324] MADC
[04:54:00] [314/324] TMMA
[04:54:01] [315/324] CACC
[04:54:01] [316/324] CHAL
[04:54:03] [317/324] DURG
[04:54:04] [318/324] GMKU
[04:54:05] [319/324] GECA
[04:54:06] [320/324] KYRR
[04:54:07] [321/324] KSDE
[04:54:08] [322/324] LMCI
[04:54:09] [323/324] NKCP
[04:54:10] [324/324] BGTC
[04:54:11] 🧹 Deduping shows
[04:54:11] ✅ DONE | Shows=30 | Movies=5
