[10:04:13] 🚀 SCRIPT STARTED
[10:04:13] [1/445] TGMR
[10:04:13] 🧠 New identity created
[10:04:15] [2/445] CXKR
[10:04:15] [3/445] SROP
[10:04:16] [4/445] GTSV
[10:04:17] [5/445] SNTY
[10:04:19] [6/445] SMYY
[10:04:20] [7/445] CNCS
[10:04:21] [8/445] CSTM
[10:04:21] [9/445] NUCD
[10:04:22] [10/445] SHCZ
[10:04:23] [11/445] NJCT
[10:04:24] [12/445] COPC
[10:04:25] [13/445] STVV
[10:04:27] [14/445] SKRN
[10:04:28] [15/445] APPZ
[10:04:29] [16/445] YMGN
[10:04:30] [17/445] SVTU
[10:04:30] [18/445] GTAD
[10:04:31] [19/445] PSUS
[10:04:32] [20/445] SMCD
[10:04:34] [21/445] CMCM
[10:04:35] [22/445] SYCT
[10:04:36] [23/445] STLY
[10:04:36] [24/445] CMHU
[10:04:37] [25/445] CMSA
[10:04:38] [26/445] CLCU
[10:04:39] [27/445] PPNT
[10:04:40] [28/445] JTAB
[10:04:41] [29/445] BUUC
[10:04:42] [30/445] BSVK
[10:04:43] [31/445] VVVQ
[10:04:44] [32/445] TKMU
[10:04:45] [33/445] ESYL
[10:04:46] [34/445] ACHP
[10:04:47] [35/445] BTKD
[10:04:48] [36/445] DESA
[10:04:49] [37/445] GBCT
[10:04:49] [38/445] BLLD
[10:04:50] [39/445] SKNT
[10:04:51] [40/445] SSTE
[10:04:52] [41/445] VJMR
[10:04:53] [42/445] NTPU
[10:04:53] [43/445] RDKN
[10:04:54] [44/445] ADGC
[10:04:55] [45/445] VRBP
[10:04:56] [46/445] NMNA
[10:04:57] [47/445] CMMX
[10:04:58] [48/445] PTKO
[10:04:58] [49/445] RBML
[10:04:59] [50/445] SAIC
[10:05:00] [51/445] SVTJ
[10:05:01] [52/445] MRTE
[10:05:02] [53/445] RBTP
[10:05:02] [54/445] NLPS
[10:05:03] [55/445] GTNA
[10:05:04] [56/445] DGGC
[10:05:05] [57/445] SMCR
[10:05:06] [58/445] SCGD
[10:05:07] [59/445] SRRJ
[10:05:08] [60/445] CNRY
[10:05:08] [61/445] KTDI
[10:05:09] [62/445] SNJL
[10:05:10] [63/445] RKMD
[10:05:11] [64/445] SMDC
[10:05:12] [65/445] TADG
[10:05:13] [66/445] MCGS
[10:05:14] [67/445] PETK
[10:05:14] [68/445] CHAG
[10:05:15] [69/445] KSTL
[10:05:16] [70/445] AADS
[10:05:17] [71/445] NTHZ
[10:05:18] [72/445] HCKI
[10:05:19] [73/445] SSEF
[10:05:20] [74/445] MCGX
[10:05:21] [75/445] ERRA
[10:05:22] [76/445] SDTW
[10:05:22] [77/445] RMPK
[10:05:23] [78/445] PTHK
[10:05:24] [79/445] PXCS
[10:05:25] [80/445] SVLU
[10:05:26] [81/445] STAH
[10:05:27] [82/445] JRGF
[10:05:28] [83/445] CDOK
[10:05:28] [84/445] CMSG
[10:05:29] [85/445] APTD
[10:05:30] [86/445] KMPG
[10:05:31] [87/445] MUTJ
[10:05:33] [88/445] VCCI
[10:05:33] [89/445] URBE
[10:05:34] [90/445] TCTS
[10:05:35] [91/445] STSN
[10:05:36] [92/445] AKCH
[10:05:37] [93/445] APSC
[10:05:38] [94/445] VLTB
[10:05:39] [95/445] SANU
[10:05:40] [96/445] AXAM
[10:05:41] [97/445] MGMG
[10:05:42] [98/445] HTBY
[10:05:42] [99/445] MMZS
[10:05:43] [100/445] SUDR
[10:05:44] [101/445] CCAD
[10:05:45] [102/445] SKKC
[10:05:46] [103/445] RMCD
[10:05:47] [104/445] SBCQ
[10:05:48] [105/445] DCCT
[10:05:49] [106/445] VTKP
[10:05:50] [107/445] MLAM
[10:05:51] [108/445] SAVT
[10:05:52] [109/445] GEPL
[10:05:53] [110/445] AMCD
[10:05:54] [111/445] CCXR
[10:05:54] [112/445] GRNG
[10:05:55] [113/445] EBCA
[10:05:56] [114/445] CNVG
[10:05:57] [115/445] MWSS
[10:05:58] [116/445] VBOR
[10:05:59] [117/445] NEEB
[10:06:00] [118/445] SUTH
[10:06:01] [119/445] ANDB
[10:06:02] [120/445] MMXS
[10:06:03] [121/445] CNPD
[10:06:05] [122/445] SDCE
[10:06:06] [123/445] DHCB
[10:06:07] [124/445] ODEN
[10:06:08] [125/445] TNTC
[10:06:09] [126/445] VBKM
[10:06:10] [127/445] RZYM
[10:06:10] [128/445] JEMC
[10:06:11] [129/445] CMAU
[10:06:12] [130/445] SIVP
[10:06:13] [131/445] ATAG
[10:06:14] [132/445] CHTM
[10:06:15] [133/445] AAEE
[10:06:16] [134/445] IWPM
[10:06:16] [135/445] KCMW
[10:06:18] [136/445] MCTD
[10:06:19] [137/445] SPWR
[10:06:20] [138/445] SDPO
[10:06:21] [139/445] PCSK
[10:06:22] [140/445] ACHV
[10:06:22] [141/445] SVLA
[10:06:23] [142/445] PICT
[10:06:24] [143/445] BXDR
[10:06:25] [144/445] SPWA
[10:06:26] [145/445] MCKO
[10:06:27] [146/445] RTHK
[10:06:28] [147/445] CCMF
[10:06:29] [148/445] MRGB
[10:06:30] [149/445] CPLC
[10:06:31] [150/445] RACD
[10:06:32] [151/445] ATKT
[10:06:33] [152/445] SARN
[10:06:34] [153/445] KKUI
[10:06:34] [154/445] RGCM
[10:06:35] [155/445] BRVP
[10:06:36] [156/445] HRSR
[10:06:37] [157/445] GKGM
[10:06:38] [158/445] TTCD
[10:06:39] [159/445] PTTI
[10:06:41] [160/445] MPTT
[10:06:42] [161/445] CVTT
[10:06:43] [162/445] PCXD
[10:06:44] [163/445] GCDC
[10:06:45] [164/445] CCCF
[10:06:46] [165/445] MRAD
[10:06:47] [166/445] CPLK
[10:06:48] [167/445] SATB
[10:06:49] [168/445] SNVG
[10:06:50] [169/445] JMBA
[10:06:51] [170/445] TEJA
[10:06:52] [171/445] STYO
[10:06:52] [172/445] JTBP
[10:06:53] [173/445] KRGD
[10:06:55] [174/445] SLJJ
[10:06:56] [175/445] SPTJ
[10:06:57] [176/445] SWJG
[10:06:58] [177/445] LKRT
[10:06:58] [178/445] KCKA
[10:06:59] [179/445] SNCR
[10:07:00] [180/445] SMKL
[10:07:01] [181/445] GCFA
[10:07:02] [182/445] DDCK
[10:07:03] [183/445] NCHJ
[10:07:03] [184/445] RDMA
[10:07:04] [185/445] SVSV
[10:07:05] [186/445] SCJG
[10:07:06] [187/445] VKLP
[10:07:07] [188/445] NWCC
[10:07:08] [189/445] VKNS
[10:07:08] [190/445] SDDP
[10:07:09] [191/445] ACSI
[10:07:10] [192/445] SATG
[10:07:12] [193/445] SCMW
[10:07:12] [194/445] LKTK
[10:07:13] [195/445] VCKV
[10:07:14] [196/445] KKPE
[10:07:16] [197/445] KIGH
[10:07:17] [198/445] SRPM
[10:07:18] [199/445] SCAH
[10:07:19] [200/445] MUTA
[10:07:19] [201/445] SEPU
[10:07:20] [202/445] INOA
[10:07:21] [203/445] BASK
[10:07:23] [204/445] NECB
[10:07:24] [205/445] GTTG
[10:07:25] [206/445] ASSA
[10:07:25] [207/445] ANCL
[10:07:26] [208/445] GCTI
[10:07:27] [209/445] RCTS
[10:07:28] [210/445] ACNL
[10:07:29] [211/445] MYCT
[10:07:30] [212/445] NMHT
[10:07:31] [213/445] MDIT
[10:07:31] [214/445] LATG
[10:07:32] [215/445] SMTY
[10:07:33] [216/445] CVCT
[10:07:34] [217/445] RAMB
[10:07:36] [218/445] TGMS
[10:07:37] [219/445] BHEL
[10:07:38] [220/445] SHCT
[10:07:39] [221/445] SVCT
[10:07:40] [222/445] MRIY
[10:07:41] [223/445] SARO
[10:07:42] [224/445] STCT
[10:07:42] [225/445] JKKC
[10:07:43] [226/445] PLTT
[10:07:44] [227/445] SRNT
[10:07:45] [228/445] YAST
[10:07:46] [229/445] PERL
[10:07:47] [230/445] CICM
[10:07:48] [231/445] MMTR
[10:07:49] [232/445] ABTK
[10:07:50] [233/445] ATYY
[10:07:50] [234/445] ASTK
[10:07:51] [235/445] VVCK
[10:07:52] [236/445] ATKY
[10:07:53] [237/445] GWEK
[10:07:54] [238/445] SVFH
[10:07:55] [239/445] SLTA
[10:07:55] [240/445] AASH
[10:07:56] [241/445] ACXB
[10:07:57] [242/445] SMTX
[10:07:58] [243/445] AZDH
[10:07:59] [244/445] CMMH
[10:07:59] [245/445] SCSZ
[10:08:01] [246/445] SCKP
[10:08:02] [247/445] NXTM
[10:08:03] [248/445] NWCS
[10:08:04] [249/445] CXMH
[10:08:05] [250/445] PCMA
[10:08:06] [251/445] SGCM
[10:08:07] [252/445] SDTU
[10:08:08] [253/445] MMVI
[10:08:09] [254/445] JKCM
[10:08:10] [255/445] VCMM
[10:08:11] [256/445] SYEE
[10:08:11] [257/445] VASD
[10:08:12] [258/445] BDRB
[10:08:13] [259/445] LASM
[10:08:14] [260/445] DCRL
[10:08:15] [261/445] DVPM
[10:08:16] [262/445] SBMJ
[10:08:17] [263/445] CBMU
[10:08:18] [264/445] IUBS
[10:08:18] [265/445] INAP
[10:08:19] [266/445] SRRC
[10:08:20] [267/445] SAGR
[10:08:22] [268/445] CPMJ
[10:08:23] [269/445] ATJL
[10:08:24] [270/445] NNTD
[10:08:25] [271/445] JHCJ
[10:08:25] [272/445] CMMP
[10:08:26] [273/445] RSDR
[10:08:27] [274/445] AMTI
[10:08:28] [275/445] NYSG
[10:08:28] [276/445] AVSG
[10:08:30] [277/445] SYTP
[10:08:31] [278/445] LARC
[10:08:32] [279/445] RJTP
[10:08:33] [280/445] LAKC
[10:08:34] [281/445] MCXE
[10:08:35] [282/445] CCZC
[10:08:36] [283/445] AVCH
[10:08:37] [284/445] CMBE
[10:08:38] [285/445] MRRC
[10:08:39] [286/445] PCPY
[10:08:40] [287/445] SRMH
[10:08:41] [288/445] SVGS
[10:08:41] [289/445] PCSE
[10:08:42] [290/445] SVFT
[10:08:43] [291/445] TNZP
[10:08:44] [292/445] ICTP
[10:08:45] [293/445] ACTZ
[10:08:46] [294/445] GTUR
[10:08:47] [295/445] MAFC
[10:08:48] [296/445] MINL
[10:08:49] [297/445] MRCL
[10:08:49] [298/445] RCRP
[10:08:50] [299/445] RFFG
[10:08:51] [300/445] RMAS
[10:08:53] [301/445] INVR
[10:08:54] [302/445] RMAR
[10:08:55] [303/445] CNIS
[10:08:56] [304/445] RHRJ
[10:08:56] [305/445] INXR
[10:08:58] [306/445] VALT
[10:08:59] [307/445] LCSH
[10:09:00] [308/445] CMVS
[10:09:01] [309/445] CNMS
[10:09:02] [310/445] ROOG
[10:09:02] [311/445] ISRM
[10:09:03] [312/445] RCRM
[10:09:04] [313/445] ACJA
[10:09:05] [314/445] RCVS
[10:09:06] [315/445] CPUS
[10:09:07] [316/445] TGCS
[10:09:07] [317/445] RKCJ
[10:09:08] [318/445] MKSB
[10:09:09] [319/445] TCSJ
[10:09:10] [320/445] RMGP
[10:09:11] [321/445] CLLP
[10:09:12] [322/445] RCMV
[10:09:12] [323/445] CCKS
[10:09:13] [324/445] RSRP
[10:09:14] [325/445] APLP
[10:09:15] [326/445] CNVS
[10:09:17] [327/445] RMVY
[10:09:18] [328/445] PGBD
[10:09:19] [329/445] KLMS
[10:09:20] [330/445] RUST
[10:09:21] [331/445] MASM
[10:09:22] [332/445] BACS
[10:09:22] [333/445] BWST
[10:09:23] [334/445] RRFH
[10:09:25] [335/445] SJTM
[10:09:25] [336/445] BEMR
[10:09:26] [337/445] MCGR
[10:09:27] [338/445] SDSK
[10:09:29] [339/445] VBOL
[10:09:30] [340/445] RMGM
[10:09:31] [341/445] NOPL
[10:09:31] [342/445] MKJK
[10:09:32] [343/445] CVRN
[10:09:33] [344/445] MMEN
[10:09:34] [345/445] AMNG
[10:09:34] [346/445] INTM
[10:09:36] [347/445] SLCZ
[10:09:37] [348/445] AMJN
[10:09:38] [349/445] ACJN
[10:09:39] [350/445] AMKN
[10:09:39] [351/445] BTCN
[10:09:40] [352/445] AMBT
[10:09:41] [353/445] PACN
[10:09:42] [354/445] LCNS
[10:09:43] [355/445] PPKC
[10:09:44] [356/445] JYYN
[10:09:45] [357/445] JTNR
[10:09:46] [358/445] GTEE
[10:09:47] [359/445] SRNM
[10:09:48] [360/445] SDTC
[10:09:48] [361/445] VPCA
[10:09:49] [362/445] VLRA
[10:09:50] [363/445] SHKR
[10:09:51] [364/445] SBKD
[10:09:53] [365/445] SAAD
[10:09:54] [366/445] JTGN
[10:09:55] [367/445] SLAM
[10:09:56] [368/445] VTPM
[10:09:57] [369/445] ANPT
[10:09:57] [370/445] PUNB
[10:09:58] [371/445] CPKT
[10:09:59] [372/445] CNWE
[10:10:00] [373/445] ECPP
[10:10:01] [374/445] CPAR
[10:10:01] [375/445] ESBW
[10:10:02] [376/445] PKPU
[10:10:03] [377/445] CPRP
[10:10:04] [378/445] RAHU
[10:10:05] [379/445] RHMN
[10:10:06] [380/445] FMJP
[10:10:07] [381/445] CTMP
[10:10:08] [382/445] INPN
[10:10:08] [383/445] STTG
[10:10:09] [384/445] CTRD
[10:10:10] [385/445] PUVB
[10:10:11] [386/445] ESVP
[10:10:12] [387/445] CPFT
[10:10:13] [388/445] LCPC
[10:10:15] [389/445] VBCT
[10:10:15] [390/445] FSCW
[10:10:16] [391/445] VCMP
[10:10:17] [392/445] ASHC
[10:10:19] [393/445] VLCX
[10:10:20] [394/445] SHEV
[10:10:21] [395/445] APCO
[10:10:22] [396/445] SILC
[10:10:23] [397/445] SNMR
[10:10:23] [398/445] KYBO
[10:10:24] [399/445] SATK
[10:10:25] [400/445] SSCS
[10:10:26] [401/445] CLSB
[10:10:27] [402/445] KMJR
[10:10:27] [403/445] FSCK
[10:10:28] [404/445] NNKA
[10:10:29] [405/445] CLMK
[10:10:30] [406/445] DMPZ
[10:10:31] [407/445] INQM
[10:10:32] [408/445] CAML
[10:10:33] [409/445] INRK
[10:10:33] [410/445] IMKN
[10:10:34] [411/445] SVNR
[10:10:35] [412/445] INSL
[10:10:36] [413/445] MSMA
[10:10:37] [414/445] MCKK
[10:10:39] [415/445] FCHP
[10:10:40] [416/445] SFCR
[10:10:41] [417/445] NACK
[10:10:41] [418/445] PVAK
[10:10:42] [419/445] INER
[10:10:44] [420/445] RDBK
[10:10:45] [421/445] SVFN
[10:10:45] [422/445] IFRM
[10:10:46] [423/445] ATCK
[10:10:47] [424/445] ASKO
[10:10:48] [425/445] STKT
[10:10:48] [426/445] SVFB
[10:10:50] [427/445] INKS
[10:10:50] [428/445] PCRA
[10:10:51] [429/445] ATJA
[10:10:52] [430/445] IMJN
[10:10:53] [431/445] INHD
[10:10:54] [432/445] BARA
[10:10:55] [433/445] MCSL
[10:10:56] [434/445] RTOY
[10:10:56] [435/445] MENO
[10:10:57] [436/445] PUDM
[10:10:59] [437/445] PRCN
[10:11:00] [438/445] JMJR
[10:11:01] [439/445] SSGK
[10:11:02] [440/445] SSRL
[10:11:02] [441/445] JYKL
[10:11:03] [442/445] ACNB
[10:11:04] [443/445] SONP
[10:11:05] [444/445] EMCI
[10:11:05] [445/445] MRJH
[10:11:06] 🧹 Deduping shows
[10:11:06] ✅ DONE | Shows=458 | Movies=56
