[10:04:11] 🚀 SCRIPT STARTED
[10:04:11] [1/459] NECA
[10:04:11] 🧠 New identity created
[10:04:11] [2/459] BJLC
[10:04:12] [3/459] BASU
[10:04:12] [4/459] RUPI
[10:04:13] [5/459] LCBK
[10:04:14] [6/459] PMAC
[10:04:14] [7/459] AMLC
[10:04:15] [8/459] LICL
[10:04:16] [9/459] UDMM
[10:04:16] [10/459] STBZ
[10:04:17] [11/459] UUBT
[10:04:18] [12/459] SJKC
[10:04:18] [13/459] TUAL
[10:04:19] [14/459] MRSE
[10:04:19] [15/459] RMRK
[10:04:20] [16/459] TTKP
[10:04:20] [17/459] KTKO
[10:04:21] [18/459] SDBK
[10:04:21] [19/459] MCPR
[10:04:22] [20/459] CHTI
[10:04:22] [21/459] GCCP
[10:04:23] [22/459] SRMY
[10:04:24] [23/459] NYST
[10:04:24] [24/459] NYAG
[10:04:25] [25/459] SBMT
[10:04:26] [26/459] INGA
[10:04:26] [27/459] WSIC
[10:04:27] [28/459] SCSS
[10:04:27] [29/459] COPG
[10:04:28] [30/459] RCGR
[10:04:28] [31/459] TCZA
[10:04:29] [32/459] CNLP
[10:04:29] [33/459] CLKN
[10:04:30] [34/459] LHDF
[10:04:31] [35/459] ELKC
[10:04:31] [36/459] VCEM
[10:04:32] [37/459] SSZA
[10:04:32] [38/459] KRMT
[10:04:33] [39/459] LCMV
[10:04:33] [40/459] AYCZ
[10:04:34] [41/459] CUMS
[10:04:34] [42/459] BOCK
[10:04:35] [43/459] PNMR
[10:04:35] [44/459] PJCP
[10:04:36] [45/459] JDDD
[10:04:37] [46/459] STMS
[10:04:37] [47/459] FLMB
[10:04:38] [48/459] PKCM
[10:04:38] [49/459] SPPR
[10:04:39] [50/459] EYLH
[10:04:39] [51/459] RJCC
[10:04:40] [52/459] MMPS
[10:04:41] [53/459] SHMX
[10:04:41] [54/459] CCNL
[10:04:42] [55/459] RCNV
[10:04:43] [56/459] MAAG
[10:04:43] [57/459] LXCM
[10:04:43] [58/459] RCNI
[10:04:44] [59/459] SNNI
[10:04:45] [60/459] LALC
[10:04:45] [61/459] SOCN
[10:04:46] [62/459] JHTP
[10:04:46] [63/459] PITP
[10:04:47] [64/459] CCKW
[10:04:48] [65/459] MCMC
[10:04:48] [66/459] DEES
[10:04:49] [67/459] SABT
[10:04:50] [68/459] VSPP
[10:04:50] [69/459] ABCT
[10:04:51] [70/459] JVTB
[10:04:52] [71/459] VCBD
[10:04:52] [72/459] RMGG
[10:04:53] [73/459] RNMH
[10:04:53] [74/459] SPGL
[10:04:54] [75/459] JTTR
[10:04:54] [76/459] SICS
[10:04:55] [77/459] SRMI
[10:04:56] [78/459] SSIJ
[10:04:56] [79/459] KFMT
[10:04:57] [80/459] VBIT
[10:04:57] [81/459] JKCT
[10:04:58] [82/459] GCGP
[10:04:58] [83/459] GDCS
[10:04:59] [84/459] TRBA
[10:04:59] [85/459] QUST
[10:05:00] [86/459] VSHM
[10:05:00] [87/459] SDCP
[10:05:01] [88/459] SNVS
[10:05:01] [89/459] NYTO
[10:05:02] [90/459] URWC
[10:05:03] [91/459] GTWH
[10:05:03] [92/459] PFCM
[10:05:04] [93/459] KRTA
[10:05:04] [94/459] AXMC
[10:05:05] [95/459] EVMC
[10:05:05] [96/459] HGSM
[10:05:06] [97/459] ACVM
[10:05:06] [98/459] PSKL
[10:05:07] [99/459] RDMP
[10:05:07] [100/459] RHGH
[10:05:08] [101/459] OMCM
[10:05:08] [102/459] DCCP
[10:05:09] [103/459] MCPB
[10:05:09] [104/459] ALCI
[10:05:10] [105/459] BLMX
[10:05:11] [106/459] BTMV
[10:05:11] [107/459] FVPN
[10:05:12] [108/459] CMAR
[10:05:12] [109/459] CEIM
[10:05:13] [110/459] CMVA
[10:05:14] [111/459] CPIV
[10:05:14] [112/459] CNPE
[10:05:15] [113/459] COLV
[10:05:15] [114/459] DNNV
[10:05:16] [115/459] HCAD
[10:05:16] [116/459] TAKA
[10:05:17] [117/459] INVD
[10:05:17] [118/459] IRMM
[10:05:18] [119/459] INSE
[10:05:19] [120/459] MRSW
[10:05:19] [121/459] MCVD
[10:05:20] [122/459] MCSO
[10:05:20] [123/459] PEVM
[10:05:21] [124/459] PVNL
[10:05:21] [125/459] PTCV
[10:05:22] [126/459] PRTC
[10:05:22] [127/459] RCVA
[10:05:23] [128/459] MTBN
[10:05:23] [129/459] LUCP
[10:05:24] [130/459] FMPT
[10:05:24] [131/459] JLSL
[10:05:25] [132/459] SBHA
[10:05:26] [133/459] SHRC
[10:05:26] [134/459] AVPS
[10:05:27] [135/459] STPM
[10:05:27] [136/459] ATRD
[10:05:28] [137/459] VTED
[10:05:29] [138/459] ACAI
[10:05:29] [139/459] SMAE
[10:05:29] [140/459] VMAT
[10:05:30] [141/459] LKCT
[10:05:30] [142/459] JTVK
[10:05:31] [143/459] PRTY
[10:05:32] [144/459] GETT
[10:05:32] [145/459] ESAP
[10:05:33] [146/459] NCPM
[10:05:33] [147/459] PCPA
[10:05:34] [148/459] MMOM
[10:05:35] [149/459] PHUP
[10:05:35] [150/459] CCPI
[10:05:36] [151/459] CNTD
[10:05:36] [152/459] NLJR
[10:05:37] [153/459] SRNG
[10:05:37] [154/459] MHAL
[10:05:38] [155/459] PNSM
[10:05:39] [156/459] DRMY
[10:05:39] [157/459] CCMU
[10:05:40] [158/459] SCMY
[10:05:40] [159/459] PVSY
[10:05:41] [160/459] SDLM
[10:05:41] [161/459] ICCM
[10:05:42] [162/459] PYSU
[10:05:43] [163/459] GATM
[10:05:43] [164/459] WOTM
[10:05:44] [165/459] RKTS
[10:05:44] [166/459] PMTY
[10:05:45] [167/459] LYMS
[10:05:46] [168/459] TGCA
[10:05:46] [169/459] DSTA
[10:05:47] [170/459] CNGE
[10:05:47] [171/459] VSTG
[10:05:48] [172/459] GTCK
[10:05:49] [173/459] TGNT
[10:05:49] [174/459] ASLC
[10:05:50] [175/459] SSST
[10:05:50] [176/459] KBTT
[10:05:51] [177/459] HKCP
[10:05:51] [178/459] SWLC
[10:05:52] [179/459] RTND
[10:05:52] [180/459] PKKT
[10:05:53] [181/459] HSTK
[10:05:53] [182/459] SPTT
[10:05:54] [183/459] IMPM
[10:05:55] [184/459] SCMV
[10:05:55] [185/459] SPCT
[10:05:56] [186/459] JBCA
[10:05:57] [187/459] ATTR
[10:05:57] [188/459] SPMT
[10:05:58] [189/459] LCTM
[10:05:58] [190/459] SCVL
[10:05:59] [191/459] SCVT
[10:06:00] [192/459] KRIC
[10:06:00] [193/459] CTMG
[10:06:01] [194/459] ACNC
[10:06:02] [195/459] DMCK
[10:06:02] [196/459] KMTV
[10:06:02] [197/459] PFCJ
[10:06:03] [198/459] VNMD
[10:06:04] [199/459] VPCZ
[10:06:04] [200/459] SRYR
[10:06:05] [201/459] SYTR
[10:06:05] [202/459] GATR
[10:06:06] [203/459] URTR
[10:06:07] [204/459] MKSM
[10:06:07] [205/459] VSMH
[10:06:08] [206/459] SKRJ
[10:06:08] [207/459] SSJR
[10:06:09] [208/459] SVSM
[10:06:10] [209/459] RUCM
[10:06:10] [210/459] PRKN
[10:06:11] [211/459] RROH
[10:06:11] [212/459] SCTN
[10:06:12] [213/459] RTDM
[10:06:13] [214/459] ASRM
[10:06:13] [215/459] SKMD
[10:06:14] [216/459] SUTD
[10:06:15] [217/459] SADM
[10:06:15] [218/459] WCNR
[10:06:16] [219/459] CNED
[10:06:16] [220/459] MPDB
[10:06:17] [221/459] KTBH
[10:06:17] [222/459] IDRM
[10:06:18] [223/459] PJJT
[10:06:19] [224/459] PFCV
[10:06:19] [225/459] AACT
[10:06:20] [226/459] AAAD
[10:06:20] [227/459] ANES
[10:06:21] [228/459] MNCA
[10:06:22] [229/459] RMGU
[10:06:22] [230/459] DLCN
[10:06:23] [231/459] LJWT
[10:06:23] [232/459] MCBG
[10:06:24] [233/459] MYBG
[10:06:24] [234/459] GCCA
[10:06:25] [235/459] GCGA
[10:06:25] [236/459] ECGN
[10:06:26] [237/459] PRAB
[10:06:27] [238/459] PNMP
[10:06:27] [239/459] GCPT
[10:06:28] [240/459] ROYN
[10:06:28] [241/459] VATM
[10:06:29] [242/459] KSNT
[10:06:29] [243/459] ACTC
[10:06:30] [244/459] PLTD
[10:06:31] [245/459] SKMK
[10:06:31] [246/459] CMTT
[10:06:31] [247/459] SMXP
[10:06:32] [248/459] SCMX
[10:06:33] [249/459] ACXN
[10:06:33] [250/459] ASWT
[10:06:34] [251/459] VVVL
[10:06:34] [252/459] NAGO
[10:06:35] [253/459] SNCN
[10:06:35] [254/459] MCKP
[10:06:36] [255/459] SAMO
[10:06:36] [256/459] JBTV
[10:06:37] [257/459] DCVV
[10:06:38] [258/459] KMSV
[10:06:38] [259/459] KDCN
[10:06:39] [260/459] CNCP
[10:06:39] [261/459] HAMC
[10:06:39] [262/459] CCVZ
[10:06:40] [263/459] NCCK
[10:06:41] [264/459] MCHR
[10:06:41] [265/459] SCHT
[10:06:42] [266/459] ESSH
[10:06:43] [267/459] CUJC
[10:06:43] [268/459] PECP
[10:06:44] [269/459] PMMI
[10:06:45] [270/459] PCCH
[10:06:45] [271/459] PRPM
[10:06:46] [272/459] PVKL
[10:06:46] [273/459] CBSM
[10:06:47] [274/459] PVCZ
[10:06:47] [275/459] PCVV
[10:06:48] [276/459] CTMJ
[10:06:49] [277/459] RCPS
[10:06:49] [278/459] PCIT
[10:06:50] [279/459] FNCH
[10:06:50] [280/459] INZD
[10:06:51] [281/459] INPC
[10:06:51] [282/459] LCZP
[10:06:52] [283/459] SMCB
[10:06:53] [284/459] PTSB
[10:06:53] [285/459] TPSI
[10:06:54] [286/459] KHMJ
[10:06:54] [287/459] RCCJ
[10:06:55] [288/459] NCJA
[10:06:55] [289/459] NCJN
[10:06:56] [290/459] BTDP
[10:06:57] [291/459] PADY
[10:06:57] [292/459] NYBH
[10:06:58] [293/459] MTBR
[10:06:59] [294/459] KRBC
[10:06:59] [295/459] DKTI
[10:07:00] [296/459] ANAN
[10:07:00] [297/459] INBP
[10:07:01] [298/459] PATB
[10:07:02] [299/459] RGNT
[10:07:02] [300/459] CGPM
[10:07:03] [301/459] INTN
[10:07:03] [302/459] MCMP
[10:07:04] [303/459] ASRG
[10:07:05] [304/459] CXJD
[10:07:05] [305/459] SPCP
[10:07:05] [306/459] CSTP
[10:07:06] [307/459] PKVC
[10:07:07] [308/459] ESCP
[10:07:07] [309/459] CAEP
[10:07:08] [310/459] CCSP
[10:07:08] [311/459] KTPC
[10:07:09] [312/459] DACA
[10:07:09] [313/459] NVKY
[10:07:10] [314/459] PTIN
[10:07:11] [315/459] SCIN
[10:07:11] [316/459] MCTY
[10:07:12] [317/459] PCMX
[10:07:12] [318/459] INIC
[10:07:13] [319/459] MMZM
[10:07:13] [320/459] SSLP
[10:07:14] [321/459] DTDT
[10:07:15] [322/459] FFCX
[10:07:16] [323/459] RCMM
[10:07:16] [324/459] KYID
[10:07:17] [325/459] CSCI
[10:07:17] [326/459] FCMC
[10:07:18] [327/459] MMXI
[10:07:18] [328/459] ASTC
[10:07:19] [329/459] CMRA
[10:07:20] [330/459] DICI
[10:07:20] [331/459] KDIN
[10:07:21] [332/459] PRFI
[10:07:21] [333/459] SVFC
[10:07:22] [334/459] UCPL
[10:07:22] [335/459] COOC
[10:07:23] [336/459] SCAL
[10:07:23] [337/459] SVFF
[10:07:24] [338/459] VCMG
[10:07:24] [339/459] UUCT
[10:07:25] [340/459] GCSE
[10:07:26] [341/459] SUSC
[10:07:26] [342/459] MISC
[10:07:27] [343/459] RMBL
[10:07:28] [344/459] CMXN
[10:07:28] [345/459] PVBK
[10:07:29] [346/459] HHCG
[10:07:29] [347/459] SCAG
[10:07:30] [348/459] CNPR
[10:07:30] [349/459] CSER
[10:07:30] [350/459] HLWD
[10:07:31] [351/459] BOLY
[10:07:32] [352/459] SSPG
[10:07:32] [353/459] MUPX
[10:07:33] [354/459] HAMR
[10:07:34] [355/459] SDNC
[10:07:34] [356/459] RTEN
[10:07:35] [357/459] SDTD
[10:07:35] [358/459] KAWS
[10:07:36] [359/459] CMZX
[10:07:37] [360/459] DCDD
[10:07:37] [361/459] ALSN
[10:07:38] [362/459] IMXS
[10:07:38] [363/459] PVFF
[10:07:39] [364/459] PVOO
[10:07:39] [365/459] CFBS
[10:07:40] [366/459] PVER
[10:07:41] [367/459] PPNX
[10:07:41] [368/459] CNRM
[10:07:42] [369/459] PVWW
[10:07:43] [370/459] INMB
[10:07:43] [371/459] CPJR
[10:07:44] [372/459] INRZ
[10:07:44] [373/459] PMSR
[10:07:45] [374/459] GPGM
[10:07:46] [375/459] PGWB
[10:07:46] [376/459] PMBR
[10:07:47] [377/459] GPAM
[10:07:47] [378/459] INBC
[10:07:48] [379/459] PZVK
[10:07:48] [380/459] CPEB
[10:07:49] [381/459] FMLB
[10:07:50] [382/459] INBG
[10:07:50] [383/459] GPBR
[10:07:51] [384/459] PAAS
[10:07:51] [385/459] VTBR
[10:07:52] [386/459] GPMY
[10:07:52] [387/459] GYBU
[10:07:53] [388/459] INBJ
[10:07:54] [389/459] LKTH
[10:07:54] [390/459] NSBR
[10:07:55] [391/459] PDRD
[10:07:55] [392/459] VRBL
[10:07:56] [393/459] VTGB
[10:07:56] [394/459] VTSK
[10:07:57] [395/459] BKDV
[10:07:58] [396/459] SVTB
[10:07:58] [397/459] MLDT
[10:07:59] [398/459] NRBL
[10:07:59] [399/459] SLTR
[10:08:00] [400/459] VNKA
[10:08:00] [401/459] TDCA
[10:08:01] [402/459] INBM
[10:08:01] [403/459] SSNR
[10:08:02] [404/459] BHAC
[10:08:03] [405/459] SDSD
[10:08:03] [406/459] SAMP
[10:08:04] [407/459] RATK
[10:08:04] [408/459] KCBI
[10:08:05] [409/459] URBL
[10:08:05] [410/459] MKBG
[10:08:06] [411/459] ASTB
[10:08:06] [412/459] VBWT
[10:08:07] [413/459] GPSM
[10:08:08] [414/459] ROON
[10:08:08] [415/459] CHTH
[10:08:09] [416/459] SSPA
[10:08:09] [417/459] ANBL
[10:08:09] [418/459] VTBE
[10:08:10] [419/459] SVKT
[10:08:11] [420/459] SVYK
[10:08:11] [421/459] PTBK
[10:08:11] [422/459] RKTB
[10:08:12] [423/459] BALT
[10:08:12] [424/459] STSV
[10:08:13] [425/459] VCCB
[10:08:14] [426/459] SLTB
[10:08:14] [427/459] SBCR
[10:08:15] [428/459] VDCS
[10:08:15] [429/459] MDKI
[10:08:16] [430/459] SMRN
[10:08:16] [431/459] PTBC
[10:08:17] [432/459] RADI
[10:08:18] [433/459] ADCR
[10:08:18] [434/459] SDCS
[10:08:19] [435/459] SRPJ
[10:08:19] [436/459] ARTS
[10:08:20] [437/459] SRHK
[10:08:20] [438/459] SPAY
[10:08:21] [439/459] GPTB
[10:08:22] [440/459] SNNN
[10:08:22] [441/459] BALJ
[10:08:23] [442/459] TRIG
[10:08:24] [443/459] GTYT
[10:08:24] [444/459] ATGN
[10:08:25] [445/459] ANTE
[10:08:25] [446/459] BDCG
[10:08:26] [447/459] VECI
[10:08:26] [448/459] SCPR
[10:08:27] [449/459] RTEA
[10:08:28] [450/459] JSAI
[10:08:28] [451/459] VJTP
[10:08:29] [452/459] GNDS
[10:08:30] [453/459] PAXA
[10:08:30] [454/459] CGGM
[10:08:30] [455/459] ACKZ
[10:08:31] [456/459] EMCC
[10:08:32] [457/459] KLSK
[10:08:32] [458/459] AVCK
[10:08:33] [459/459] JTCK
[10:08:33] 🧹 Deduping shows
[10:08:33] ✅ DONE | Shows=411 | Movies=46
[16:44:31] 🚀 SCRIPT STARTED
[16:44:31] [1/459] NECA
[16:44:31] 🧠 New identity created
[16:44:33] [2/459] BJLC
[16:44:34] [3/459] BASU
[16:44:34] [4/459] RUPI
[16:44:35] [5/459] LCBK
[16:44:36] [6/459] PMAC
[16:44:37] [7/459] AMLC
[16:44:38] [8/459] LICL
[16:44:39] [9/459] UDMM
[16:44:40] [10/459] STBZ
[16:44:41] [11/459] UUBT
[16:44:42] [12/459] SJKC
[16:44:42] [13/459] TUAL
[16:44:44] [14/459] MRSE
[16:44:44] [15/459] RMRK
[16:44:45] [16/459] TTKP
[16:44:46] [17/459] KTKO
[16:44:47] [18/459] SDBK
[16:44:49] [19/459] MCPR
[16:44:50] [20/459] CHTI
[16:44:51] [21/459] GCCP
[16:44:52] [22/459] SRMY
[16:44:54] [23/459] NYST
[16:44:55] [24/459] NYAG
[16:44:56] [25/459] SBMT
[16:44:57] [26/459] INGA
[16:44:58] [27/459] WSIC
[16:44:59] [28/459] SCSS
[16:44:59] [29/459] COPG
[16:45:00] [30/459] RCGR
[16:45:02] [31/459] TCZA
[16:45:03] [32/459] CNLP
[16:45:05] [33/459] CLKN
[16:45:05] [34/459] LHDF
[16:45:06] [35/459] ELKC
[16:45:07] [36/459] VCEM
[16:45:09] [37/459] SSZA
[16:45:10] [38/459] KRMT
[16:45:11] [39/459] LCMV
[16:45:12] [40/459] AYCZ
[16:45:13] [41/459] CUMS
[16:45:14] [42/459] BOCK
[16:45:16] [43/459] PNMR
[16:45:16] [44/459] PJCP
[16:45:17] [45/459] JDDD
[16:45:18] [46/459] STMS
[16:45:19] [47/459] FLMB
[16:45:20] [48/459] PKCM
[16:45:21] [49/459] SPPR
[16:45:22] [50/459] EYLH
[16:45:23] [51/459] RJCC
[16:45:23] [52/459] MMPS
[16:45:24] [53/459] SHMX
[16:45:25] [54/459] CCNL
[16:45:26] [55/459] RCNV
[16:45:27] [56/459] MAAG
[16:45:28] [57/459] LXCM
[16:45:29] [58/459] RCNI
[16:45:30] [59/459] SNNI
[16:45:31] [60/459] LALC
[16:45:32] [61/459] SOCN
[16:45:33] [62/459] JHTP
[16:45:34] [63/459] PITP
[16:45:34] [64/459] CCKW
[16:45:36] [65/459] MCMC
[16:45:36] [66/459] DEES
[16:45:37] [67/459] SABT
[16:45:38] [68/459] VSPP
[16:45:40] [69/459] ABCT
[16:45:41] [70/459] JVTB
[16:45:41] [71/459] VCBD
[16:45:42] [72/459] RMGG
[16:45:43] [73/459] RNMH
[16:45:44] [74/459] SPGL
[16:45:44] [75/459] JTTR
[16:45:45] [76/459] SICS
[16:45:46] [77/459] SRMI
[16:45:47] [78/459] SSIJ
[16:45:48] [79/459] KFMT
[16:45:49] [80/459] VBIT
[16:45:50] [81/459] JKCT
[16:45:50] [82/459] GCGP
[16:45:52] [83/459] GDCS
[16:45:53] [84/459] TRBA
[16:45:54] [85/459] QUST
[16:45:55] [86/459] VSHM
[16:45:56] [87/459] SDCP
[16:45:57] [88/459] SNVS
[16:45:58] [89/459] NYTO
[16:45:58] [90/459] URWC
[16:45:59] [91/459] GTWH
[16:46:00] [92/459] PFCM
[16:46:01] [93/459] KRTA
[16:46:02] [94/459] AXMC
[16:46:03] [95/459] EVMC
[16:46:04] [96/459] HGSM
[16:46:05] [97/459] ACVM
[16:46:06] [98/459] PSKL
[16:46:07] [99/459] RDMP
[16:46:08] [100/459] RHGH
[16:46:09] [101/459] OMCM
[16:46:09] [102/459] DCCP
[16:46:10] [103/459] MCPB
[16:46:11] [104/459] ALCI
[16:46:12] [105/459] BLMX
[16:46:13] [106/459] BTMV
[16:46:14] [107/459] FVPN
[16:46:15] [108/459] CMAR
[16:46:16] [109/459] CEIM
[16:46:16] [110/459] CMVA
[16:46:17] [111/459] CPIV
[16:46:18] [112/459] CNPE
[16:46:19] [113/459] COLV
[16:46:20] [114/459] DNNV
[16:46:21] [115/459] HCAD
[16:46:21] [116/459] TAKA
[16:46:22] [117/459] INVD
[16:46:23] [118/459] IRMM
[16:46:25] [119/459] INSE
[16:46:25] [120/459] MRSW
[16:46:26] [121/459] MCVD
[16:46:27] [122/459] MCSO
[16:46:28] [123/459] PEVM
[16:46:29] [124/459] PVNL
[16:46:30] [125/459] PTCV
[16:46:31] [126/459] PRTC
[16:46:32] [127/459] RCVA
[16:46:33] [128/459] MTBN
[16:46:34] [129/459] LUCP
[16:46:35] [130/459] FMPT
[16:46:36] [131/459] JLSL
[16:46:37] [132/459] SBHA
[16:46:37] [133/459] SHRC
[16:46:39] [134/459] AVPS
[16:46:40] [135/459] STPM
[16:46:41] [136/459] ATRD
[16:46:42] [137/459] VTED
[16:46:43] [138/459] ACAI
[16:46:44] [139/459] SMAE
[16:46:45] [140/459] VMAT
[16:46:46] [141/459] LKCT
[16:46:46] [142/459] JTVK
[16:46:47] [143/459] PRTY
[16:46:48] [144/459] GETT
[16:46:49] [145/459] ESAP
[16:46:50] [146/459] NCPM
[16:46:51] [147/459] PCPA
[16:46:52] [148/459] MMOM
[16:46:53] [149/459] PHUP
[16:46:55] [150/459] CCPI
[16:46:56] [151/459] CNTD
[16:46:57] [152/459] NLJR
[16:46:59] [153/459] SRNG
[16:47:00] [154/459] MHAL
[16:47:02] [155/459] PNSM
[16:47:03] [156/459] DRMY
[16:47:04] [157/459] CCMU
[16:47:05] [158/459] SCMY
[16:47:06] [159/459] PVSY
[16:47:07] [160/459] SDLM
[16:47:08] [161/459] ICCM
[16:47:09] [162/459] PYSU
[16:47:10] [163/459] GATM
[16:47:11] [164/459] WOTM
[16:47:12] [165/459] RKTS
[16:47:13] [166/459] PMTY
[16:47:14] [167/459] LYMS
[16:47:14] [168/459] TGCA
[16:47:15] [169/459] DSTA
[16:47:16] [170/459] CNGE
[16:47:17] [171/459] VSTG
[16:47:18] [172/459] GTCK
[16:47:18] [173/459] TGNT
[16:47:19] [174/459] ASLC
[16:47:20] [175/459] SSST
[16:47:21] [176/459] KBTT
[16:47:22] [177/459] HKCP
[16:47:23] [178/459] SWLC
[16:47:23] [179/459] RTND
[16:47:24] [180/459] PKKT
[16:47:25] [181/459] HSTK
[16:47:26] [182/459] SPTT
[16:47:27] [183/459] IMPM
[16:47:28] [184/459] SCMV
[16:47:28] [185/459] SPCT
[16:47:29] [186/459] JBCA
[16:47:30] [187/459] ATTR
[16:47:31] [188/459] SPMT
[16:47:32] [189/459] LCTM
[16:47:33] [190/459] SCVL
[16:47:34] [191/459] SCVT
[16:47:34] [192/459] KRIC
[16:47:35] [193/459] CTMG
[16:47:37] [194/459] ACNC
[16:47:38] [195/459] DMCK
[16:47:39] [196/459] KMTV
[16:47:40] [197/459] PFCJ
[16:47:41] [198/459] VNMD
[16:47:42] [199/459] VPCZ
[16:47:44] [200/459] SRYR
[16:47:45] [201/459] SYTR
[16:47:46] [202/459] GATR
[16:47:47] [203/459] URTR
[16:47:47] [204/459] MKSM
[16:47:48] [205/459] VSMH
[16:47:49] [206/459] SKRJ
[16:47:50] [207/459] SSJR
[16:47:51] [208/459] SVSM
[16:47:52] [209/459] RUCM
[16:47:53] [210/459] PRKN
[16:47:54] [211/459] RROH
[16:47:55] [212/459] SCTN
[16:47:56] [213/459] RTDM
[16:47:56] [214/459] ASRM
[16:47:57] [215/459] SKMD
[16:47:58] [216/459] SUTD
[16:48:00] [217/459] SADM
[16:48:01] [218/459] WCNR
[16:48:01] [219/459] CNED
[16:48:02] [220/459] MPDB
[16:48:03] [221/459] KTBH
[16:48:04] [222/459] IDRM
[16:48:05] [223/459] PJJT
[16:48:07] [224/459] PFCV
[16:48:07] [225/459] AACT
[16:48:08] [226/459] AAAD
[16:48:09] [227/459] ANES
[16:48:10] [228/459] MNCA
[16:48:11] [229/459] RMGU
[16:48:12] [230/459] DLCN
[16:48:12] [231/459] LJWT
[16:48:13] [232/459] MCBG
[16:48:14] [233/459] MYBG
[16:48:15] [234/459] GCCA
[16:48:16] [235/459] GCGA
[16:48:17] [236/459] ECGN
[16:48:18] [237/459] PRAB
[16:48:19] [238/459] PNMP
[16:48:19] [239/459] GCPT
[16:48:20] [240/459] ROYN
[16:48:21] [241/459] VATM
[16:48:23] [242/459] KSNT
[16:48:24] [243/459] ACTC
[16:48:25] [244/459] PLTD
[16:48:26] [245/459] SKMK
[16:48:27] [246/459] CMTT
[16:48:28] [247/459] SMXP
[16:48:29] [248/459] SCMX
[16:48:30] [249/459] ACXN
[16:48:31] [250/459] ASWT
[16:48:32] [251/459] VVVL
[16:48:32] [252/459] NAGO
[16:48:33] [253/459] SNCN
[16:48:34] [254/459] MCKP
[16:48:35] [255/459] SAMO
[16:48:36] [256/459] JBTV
[16:48:38] [257/459] DCVV
[16:48:39] [258/459] KMSV
[16:48:40] [259/459] KDCN
[16:48:42] [260/459] CNCP
[16:48:43] [261/459] HAMC
[16:48:44] [262/459] CCVZ
[16:48:44] [263/459] NCCK
[16:48:45] [264/459] MCHR
[16:48:46] [265/459] SCHT
[16:48:47] [266/459] ESSH
[16:48:48] [267/459] CUJC
[16:48:49] [268/459] PECP
[16:48:50] [269/459] PMMI
[16:48:52] [270/459] PCCH
[16:48:53] [271/459] PRPM
[16:48:53] [272/459] PVKL
[16:48:54] [273/459] CBSM
[16:48:55] [274/459] PVCZ
[16:48:56] [275/459] PCVV
[16:48:57] [276/459] CTMJ
[16:48:58] [277/459] RCPS
[16:48:59] [278/459] PCIT
[16:49:00] [279/459] FNCH
[16:49:01] [280/459] INZD
[16:49:02] [281/459] INPC
[16:49:03] [282/459] LCZP
[16:49:04] [283/459] SMCB
[16:49:05] [284/459] PTSB
[16:49:06] [285/459] TPSI
[16:49:06] [286/459] KHMJ
[16:49:07] [287/459] RCCJ
[16:49:08] [288/459] NCJA
[16:49:09] [289/459] NCJN
[16:49:10] [290/459] BTDP
[16:49:11] [291/459] PADY
[16:49:12] [292/459] NYBH
[16:49:13] [293/459] MTBR
[16:49:13] [294/459] KRBC
[16:49:14] [295/459] DKTI
[16:49:15] [296/459] ANAN
[16:49:16] [297/459] INBP
[16:49:18] [298/459] PATB
[16:49:18] [299/459] RGNT
[16:49:19] [300/459] CGPM
[16:49:21] [301/459] INTN
[16:49:22] [302/459] MCMP
[16:49:23] [303/459] ASRG
[16:49:24] [304/459] CXJD
[16:49:25] [305/459] SPCP
[16:49:26] [306/459] CSTP
[16:49:27] [307/459] PKVC
[16:49:28] [308/459] ESCP
[16:49:29] [309/459] CAEP
[16:49:29] [310/459] CCSP
[16:49:30] [311/459] KTPC
[16:49:31] [312/459] DACA
[16:49:33] [313/459] NVKY
[16:49:34] [314/459] PTIN
[16:49:35] [315/459] SCIN
[16:49:36] [316/459] MCTY
[16:49:37] [317/459] PCMX
[16:49:38] [318/459] INIC
[16:49:39] [319/459] MMZM
[16:49:40] [320/459] SSLP
[16:49:41] [321/459] DTDT
[16:49:42] [322/459] FFCX
[16:49:42] [323/459] RCMM
[16:49:43] [324/459] KYID
[16:49:44] [325/459] CSCI
[16:49:45] [326/459] FCMC
[16:49:46] [327/459] MMXI
[16:49:47] [328/459] ASTC
[16:49:47] [329/459] CMRA
[16:49:48] [330/459] DICI
[16:49:49] [331/459] KDIN
[16:49:50] [332/459] PRFI
[16:49:51] [333/459] SVFC
[16:49:52] [334/459] UCPL
[16:49:53] [335/459] COOC
[16:49:53] [336/459] SCAL
[16:49:55] [337/459] SVFF
[16:49:56] [338/459] VCMG
[16:49:57] [339/459] UUCT
[16:49:58] [340/459] GCSE
[16:49:59] [341/459] SUSC
[16:50:00] [342/459] MISC
[16:50:00] [343/459] RMBL
[16:50:01] [344/459] CMXN
[16:50:02] [345/459] PVBK
[16:50:03] [346/459] HHCG
[16:50:04] [347/459] SCAG
[16:50:05] [348/459] CNPR
[16:50:06] [349/459] CSER
[16:50:06] [350/459] HLWD
[16:50:07] [351/459] BOLY
[16:50:08] [352/459] SSPG
[16:50:09] [353/459] MUPX
[16:50:10] [354/459] HAMR
[16:50:11] [355/459] SDNC
[16:50:13] [356/459] RTEN
[16:50:14] [357/459] SDTD
[16:50:15] [358/459] KAWS
[16:50:16] [359/459] CMZX
[16:50:17] [360/459] DCDD
[16:50:17] [361/459] ALSN
[16:50:18] [362/459] IMXS
[16:50:19] [363/459] PVFF
[16:50:20] [364/459] PVOO
[16:50:21] [365/459] CFBS
[16:50:22] [366/459] PVER
[16:50:23] [367/459] PPNX
[16:50:24] [368/459] CNRM
[16:50:25] [369/459] PVWW
[16:50:26] [370/459] INMB
[16:50:27] [371/459] CPJR
[16:50:27] [372/459] INRZ
[16:50:28] [373/459] PMSR
[16:50:30] [374/459] GPGM
[16:50:31] [375/459] PGWB
[16:50:32] [376/459] PMBR
[16:50:33] [377/459] GPAM
[16:50:33] [378/459] INBC
[16:50:34] [379/459] PZVK
[16:50:35] [380/459] CPEB
[16:50:36] [381/459] FMLB
[16:50:37] [382/459] INBG
[16:50:38] [383/459] GPBR
[16:50:39] [384/459] PAAS
[16:50:40] [385/459] VTBR
[16:50:41] [386/459] GPMY
[16:50:41] [387/459] GYBU
[16:50:42] [388/459] INBJ
[16:50:43] [389/459] LKTH
[16:50:44] [390/459] NSBR
[16:50:45] [391/459] PDRD
[16:50:45] [392/459] VRBL
[16:50:46] [393/459] VTGB
[16:50:48] [394/459] VTSK
[16:50:49] [395/459] BKDV
[16:50:50] [396/459] SVTB
[16:50:51] [397/459] MLDT
[16:50:51] [398/459] NRBL
[16:50:52] [399/459] SLTR
[16:50:54] [400/459] VNKA
[16:50:56] [401/459] TDCA
[16:50:56] [402/459] INBM
[16:50:57] [403/459] SSNR
[16:50:58] [404/459] BHAC
[16:50:59] [405/459] SDSD
[16:51:00] [406/459] SAMP
[16:51:01] [407/459] RATK
[16:51:02] [408/459] KCBI
[16:51:02] [409/459] URBL
[16:51:04] [410/459] MKBG
[16:51:05] [411/459] ASTB
[16:51:06] [412/459] VBWT
[16:51:07] [413/459] GPSM
[16:51:08] [414/459] ROON
[16:51:09] [415/459] CHTH
[16:51:10] [416/459] SSPA
[16:51:11] [417/459] ANBL
[16:51:12] [418/459] VTBE
[16:51:13] [419/459] SVKT
[16:51:15] [420/459] SVYK
[16:51:16] [421/459] PTBK
[16:51:17] [422/459] RKTB
[16:51:18] [423/459] BALT
[16:51:18] [424/459] STSV
[16:51:19] [425/459] VCCB
[16:51:20] [426/459] SLTB
[16:51:21] [427/459] SBCR
[16:51:22] [428/459] VDCS
[16:51:23] [429/459] MDKI
[16:51:23] [430/459] SMRN
[16:51:24] [431/459] PTBC
[16:51:25] [432/459] RADI
[16:51:26] [433/459] ADCR
[16:51:27] [434/459] SDCS
[16:51:28] [435/459] SRPJ
[16:51:30] [436/459] ARTS
[16:51:30] [437/459] SRHK
[16:51:31] [438/459] SPAY
[16:51:32] [439/459] GPTB
[16:51:33] [440/459] SNNN
[16:51:34] [441/459] BALJ
[16:51:35] [442/459] TRIG
[16:51:36] [443/459] GTYT
[16:51:37] [444/459] ATGN
[16:51:38] [445/459] ANTE
[16:51:39] [446/459] BDCG
[16:51:39] [447/459] VECI
[16:51:40] [448/459] SCPR
[16:51:41] [449/459] RTEA
[16:51:42] [450/459] JSAI
[16:51:43] [451/459] VJTP
[16:51:44] [452/459] GNDS
[16:51:45] [453/459] PAXA
[16:51:46] [454/459] CGGM
[16:51:47] [455/459] ACKZ
[16:51:48] [456/459] EMCC
[16:51:48] [457/459] KLSK
[16:51:49] [458/459] AVCK
[16:51:50] [459/459] JTCK
[16:51:51] 🧹 Deduping shows
[16:51:51] ✅ DONE | Shows=449 | Movies=50
[04:44:21] 🚀 SCRIPT STARTED
[04:44:21] [1/459] NECA
[04:44:21] 🧠 New identity created
[04:44:22] [2/459] BJLC
[04:44:24] [3/459] BASU
[04:44:25] [4/459] RUPI
[04:44:26] [5/459] LCBK
[04:44:26] [6/459] PMAC
[04:44:28] [7/459] AMLC
[04:44:29] [8/459] LICL
[04:44:30] [9/459] UDMM
[04:44:31] [10/459] STBZ
[04:44:32] [11/459] UUBT
[04:44:33] [12/459] SJKC
[04:44:34] [13/459] TUAL
[04:44:35] [14/459] MRSE
[04:44:36] [15/459] RMRK
[04:44:37] [16/459] TTKP
[04:44:38] [17/459] KTKO
[04:44:39] [18/459] SDBK
[04:44:39] [19/459] MCPR
[04:44:40] [20/459] CHTI
[04:44:41] [21/459] GCCP
[04:44:42] [22/459] SRMY
[04:44:43] [23/459] NYST
[04:44:44] [24/459] NYAG
[04:44:45] [25/459] SBMT
[04:44:46] [26/459] INGA
[04:44:47] [27/459] WSIC
[04:44:48] [28/459] SCSS
[04:44:49] [29/459] COPG
[04:44:50] [30/459] RCGR
[04:44:51] [31/459] TCZA
[04:44:52] [32/459] CNLP
[04:44:52] [33/459] CLKN
[04:44:53] [34/459] LHDF
[04:44:55] [35/459] ELKC
[04:44:55] [36/459] VCEM
[04:44:56] [37/459] SSZA
[04:44:57] [38/459] KRMT
[04:44:58] [39/459] LCMV
[04:44:59] [40/459] AYCZ
[04:45:00] [41/459] CUMS
[04:45:01] [42/459] BOCK
[04:45:02] [43/459] PNMR
[04:45:03] [44/459] PJCP
[04:45:04] [45/459] JDDD
[04:45:05] [46/459] STMS
[04:45:06] [47/459] FLMB
[04:45:07] [48/459] PKCM
[04:45:08] [49/459] SPPR
[04:45:09] [50/459] EYLH
[04:45:10] [51/459] RJCC
[04:45:10] [52/459] MMPS
[04:45:11] [53/459] SHMX
[04:45:12] [54/459] CCNL
[04:45:13] [55/459] RCNV
[04:45:14] [56/459] MAAG
[04:45:15] [57/459] LXCM
[04:45:16] [58/459] RCNI
[04:45:17] [59/459] SNNI
[04:45:18] [60/459] LALC
[04:45:19] [61/459] SOCN
[04:45:20] [62/459] JHTP
[04:45:21] [63/459] PITP
[04:45:22] [64/459] CCKW
[04:45:23] [65/459] MCMC
[04:45:24] [66/459] DEES
[04:45:25] [67/459] SABT
[04:45:25] [68/459] VSPP
[04:45:26] [69/459] ABCT
[04:45:27] [70/459] JVTB
[04:45:28] [71/459] VCBD
[04:45:29] [72/459] RMGG
[04:45:30] [73/459] RNMH
[04:45:31] [74/459] SPGL
[04:45:32] [75/459] JTTR
[04:45:32] [76/459] SICS
[04:45:33] [77/459] SRMI
[04:45:34] [78/459] SSIJ
[04:45:35] [79/459] KFMT
[04:45:36] [80/459] VBIT
[04:45:37] [81/459] JKCT
[04:45:38] [82/459] GCGP
[04:45:39] [83/459] GDCS
[04:45:40] [84/459] TRBA
[04:45:40] [85/459] QUST
[04:45:41] [86/459] VSHM
[04:45:42] [87/459] SDCP
[04:45:43] [88/459] SNVS
[04:45:44] [89/459] NYTO
[04:45:45] [90/459] URWC
[04:45:46] [91/459] GTWH
[04:45:47] [92/459] PFCM
[04:45:47] [93/459] KRTA
[04:45:48] [94/459] AXMC
[04:45:49] [95/459] EVMC
[04:45:50] [96/459] HGSM
[04:45:51] [97/459] ACVM
[04:45:51] [98/459] PSKL
[04:45:52] [99/459] RDMP
[04:45:53] [100/459] RHGH
[04:45:54] [101/459] OMCM
[04:45:55] [102/459] DCCP
[04:45:56] [103/459] MCPB
[04:45:57] [104/459] ALCI
[04:45:58] [105/459] BLMX
[04:45:58] [106/459] BTMV
[04:45:59] [107/459] FVPN
[04:46:00] [108/459] CMAR
[04:46:01] [109/459] CEIM
[04:46:02] [110/459] CMVA
[04:46:03] [111/459] CPIV
[04:46:04] [112/459] CNPE
[04:46:04] [113/459] COLV
[04:46:06] [114/459] DNNV
[04:46:07] [115/459] HCAD
[04:46:08] [116/459] TAKA
[04:46:10] [117/459] INVD
[04:46:11] [118/459] IRMM
[04:46:12] [119/459] INSE
[04:46:12] [120/459] MRSW
[04:46:13] [121/459] MCVD
[04:46:14] [122/459] MCSO
[04:46:15] [123/459] PEVM
[04:46:16] [124/459] PVNL
[04:46:17] [125/459] PTCV
[04:46:18] [126/459] PRTC
[04:46:18] [127/459] RCVA
[04:46:19] [128/459] MTBN
[04:46:21] [129/459] LUCP
[04:46:22] [130/459] FMPT
[04:46:23] [131/459] JLSL
[04:46:24] [132/459] SBHA
[04:46:25] [133/459] SHRC
[04:46:26] [134/459] AVPS
[04:46:27] [135/459] STPM
[04:46:27] [136/459] ATRD
[04:46:29] [137/459] VTED
[04:46:30] [138/459] ACAI
[04:46:31] [139/459] SMAE
[04:46:32] [140/459] VMAT
[04:46:33] [141/459] LKCT
[04:46:34] [142/459] JTVK
[04:46:35] [143/459] PRTY
[04:46:36] [144/459] GETT
[04:46:37] [145/459] ESAP
[04:46:37] [146/459] NCPM
[04:46:39] [147/459] PCPA
[04:46:40] [148/459] MMOM
[04:46:41] [149/459] PHUP
[04:46:42] [150/459] CCPI
[04:46:43] [151/459] CNTD
[04:46:44] [152/459] NLJR
[04:46:44] [153/459] SRNG
[04:46:45] [154/459] MHAL
[04:46:46] [155/459] PNSM
[04:46:47] [156/459] DRMY
[04:46:48] [157/459] CCMU
[04:46:49] [158/459] SCMY
[04:46:50] [159/459] PVSY
[04:46:50] [160/459] SDLM
[04:46:51] [161/459] ICCM
[04:46:52] [162/459] PYSU
[04:46:54] [163/459] GATM
[04:46:55] [164/459] WOTM
[04:46:56] [165/459] RKTS
[04:46:57] [166/459] PMTY
[04:46:58] [167/459] LYMS
[04:46:59] [168/459] TGCA
[04:47:00] [169/459] DSTA
[04:47:01] [170/459] CNGE
[04:47:01] [171/459] VSTG
[04:47:02] [172/459] GTCK
[04:47:03] [173/459] TGNT
[04:47:04] [174/459] ASLC
[04:47:06] [175/459] SSST
[04:47:07] [176/459] KBTT
[04:47:08] [177/459] HKCP
[04:47:09] [178/459] SWLC
[04:47:10] [179/459] RTND
[04:47:10] [180/459] PKKT
[04:47:11] [181/459] HSTK
[04:47:13] [182/459] SPTT
[04:47:14] [183/459] IMPM
[04:47:15] [184/459] SCMV
[04:47:16] [185/459] SPCT
[04:47:16] [186/459] JBCA
[04:47:17] [187/459] ATTR
[04:47:18] [188/459] SPMT
[04:47:19] [189/459] LCTM
[04:47:20] [190/459] SCVL
[04:47:21] [191/459] SCVT
[04:47:22] [192/459] KRIC
[04:47:23] [193/459] CTMG
[04:47:23] [194/459] ACNC
[04:47:24] [195/459] DMCK
[04:47:26] [196/459] KMTV
[04:47:26] [197/459] PFCJ
[04:47:28] [198/459] VNMD
[04:47:29] [199/459] VPCZ
[04:47:29] [200/459] SRYR
[04:47:31] [201/459] SYTR
[04:47:32] [202/459] GATR
[04:47:33] [203/459] URTR
[04:47:34] [204/459] MKSM
[04:47:34] [205/459] VSMH
[04:47:35] [206/459] SKRJ
[04:47:36] [207/459] SSJR
[04:47:37] [208/459] SVSM
[04:47:38] [209/459] RUCM
[04:47:39] [210/459] PRKN
[04:47:40] [211/459] RROH
[04:47:42] [212/459] SCTN
[04:47:43] [213/459] RTDM
[04:47:43] [214/459] ASRM
[04:47:45] [215/459] SKMD
[04:47:46] [216/459] SUTD
[04:47:47] [217/459] SADM
[04:47:48] [218/459] WCNR
[04:47:49] [219/459] CNED
[04:47:50] [220/459] MPDB
[04:47:51] [221/459] KTBH
[04:47:51] [222/459] IDRM
[04:47:52] [223/459] PJJT
[04:47:53] [224/459] PFCV
[04:47:54] [225/459] AACT
[04:47:55] [226/459] AAAD
[04:47:56] [227/459] ANES
[04:47:56] [228/459] MNCA
[04:47:57] [229/459] RMGU
[04:47:58] [230/459] DLCN
[04:47:59] [231/459] LJWT
[04:48:00] [232/459] MCBG
[04:48:00] [233/459] MYBG
[04:48:01] [234/459] GCCA
[04:48:02] [235/459] GCGA
[04:48:03] [236/459] ECGN
[04:48:04] [237/459] PRAB
[04:48:05] [238/459] PNMP
[04:48:06] [239/459] GCPT
[04:48:07] [240/459] ROYN
[04:48:08] [241/459] VATM
[04:48:09] [242/459] KSNT
[04:48:10] [243/459] ACTC
[04:48:11] [244/459] PLTD
[04:48:12] [245/459] SKMK
[04:48:13] [246/459] CMTT
[04:48:14] [247/459] SMXP
[04:48:15] [248/459] SCMX
[04:48:16] [249/459] ACXN
[04:48:17] [250/459] ASWT
[04:48:18] [251/459] VVVL
[04:48:18] [252/459] NAGO
[04:48:19] [253/459] SNCN
[04:48:20] [254/459] MCKP
[04:48:21] [255/459] SAMO
[04:48:22] [256/459] JBTV
[04:48:23] [257/459] DCVV
[04:48:23] [258/459] KMSV
[04:48:24] [259/459] KDCN
[04:48:25] [260/459] CNCP
[04:48:26] [261/459] HAMC
[04:48:27] [262/459] CCVZ
[04:48:28] [263/459] NCCK
[04:48:29] [264/459] MCHR
[04:48:30] [265/459] SCHT
[04:48:31] [266/459] ESSH
[04:48:32] [267/459] CUJC
[04:48:33] [268/459] PECP
[04:48:34] [269/459] PMMI
[04:48:35] [270/459] PCCH
[04:48:35] [271/459] PRPM
[04:48:36] [272/459] PVKL
[04:48:37] [273/459] CBSM
[04:48:38] [274/459] PVCZ
[04:48:39] [275/459] PCVV
[04:48:41] [276/459] CTMJ
[04:48:42] [277/459] RCPS
[04:48:42] [278/459] PCIT
[04:48:43] [279/459] FNCH
[04:48:44] [280/459] INZD
[04:48:45] [281/459] INPC
[04:48:45] [282/459] LCZP
[04:48:46] [283/459] SMCB
[04:48:47] [284/459] PTSB
[04:48:48] [285/459] TPSI
[04:48:49] [286/459] KHMJ
[04:48:50] [287/459] RCCJ
[04:48:50] [288/459] NCJA
[04:48:51] [289/459] NCJN
[04:48:52] [290/459] BTDP
[04:48:53] [291/459] PADY
[04:48:54] [292/459] NYBH
[04:48:55] [293/459] MTBR
[04:48:56] [294/459] KRBC
[04:48:57] [295/459] DKTI
[04:48:58] [296/459] ANAN
[04:48:58] [297/459] INBP
[04:48:59] [298/459] PATB
[04:49:01] [299/459] RGNT
[04:49:02] [300/459] CGPM
[04:49:03] [301/459] INTN
[04:49:03] [302/459] MCMP
[04:49:04] [303/459] ASRG
[04:49:05] [304/459] CXJD
[04:49:06] [305/459] SPCP
[04:49:07] [306/459] CSTP
[04:49:08] [307/459] PKVC
[04:49:09] [308/459] ESCP
[04:49:10] [309/459] CAEP
[04:49:10] [310/459] CCSP
[04:49:11] [311/459] KTPC
[04:49:12] [312/459] DACA
[04:49:13] [313/459] NVKY
[04:49:14] [314/459] PTIN
[04:49:15] [315/459] SCIN
[04:49:16] [316/459] MCTY
[04:49:17] [317/459] PCMX
[04:49:17] [318/459] INIC
[04:49:19] [319/459] MMZM
[04:49:20] [320/459] SSLP
[04:49:21] [321/459] DTDT
[04:49:21] [322/459] FFCX
[04:49:22] [323/459] RCMM
[04:49:23] [324/459] KYID
[04:49:24] [325/459] CSCI
[04:49:25] [326/459] FCMC
[04:49:26] [327/459] MMXI
[04:49:27] [328/459] ASTC
[04:49:28] [329/459] CMRA
[04:49:28] [330/459] DICI
[04:49:29] [331/459] KDIN
[04:49:30] [332/459] PRFI
[04:49:31] [333/459] SVFC
[04:49:32] [334/459] UCPL
[04:49:33] [335/459] COOC
[04:49:34] [336/459] SCAL
[04:49:35] [337/459] SVFF
[04:49:36] [338/459] VCMG
[04:49:38] [339/459] UUCT
[04:49:39] [340/459] GCSE
[04:49:40] [341/459] SUSC
[04:49:40] [342/459] MISC
[04:49:41] [343/459] RMBL
[04:49:43] [344/459] CMXN
[04:49:44] [345/459] PVBK
[04:49:45] [346/459] HHCG
[04:49:46] [347/459] SCAG
[04:49:47] [348/459] CNPR
[04:49:48] [349/459] CSER
[04:49:49] [350/459] HLWD
[04:49:50] [351/459] BOLY
[04:49:50] [352/459] SSPG
[04:49:51] [353/459] MUPX
[04:49:52] [354/459] HAMR
[04:49:53] [355/459] SDNC
[04:49:54] [356/459] RTEN
[04:49:55] [357/459] SDTD
[04:49:56] [358/459] KAWS
[04:49:56] [359/459] CMZX
[04:49:57] [360/459] DCDD
[04:49:58] [361/459] ALSN
[04:49:59] [362/459] IMXS
[04:49:59] [363/459] PVFF
[04:50:00] [364/459] PVOO
[04:50:01] [365/459] CFBS
[04:50:02] [366/459] PVER
[04:50:04] [367/459] PPNX
[04:50:05] [368/459] CNRM
[04:50:05] [369/459] PVWW
[04:50:06] [370/459] INMB
[04:50:07] [371/459] CPJR
[04:50:08] [372/459] INRZ
[04:50:09] [373/459] PMSR
[04:50:10] [374/459] GPGM
[04:50:11] [375/459] PGWB
[04:50:11] [376/459] PMBR
[04:50:12] [377/459] GPAM
[04:50:13] [378/459] INBC
[04:50:14] [379/459] PZVK
[04:50:15] [380/459] CPEB
[04:50:16] [381/459] FMLB
[04:50:16] [382/459] INBG
[04:50:17] [383/459] GPBR
[04:50:18] [384/459] PAAS
[04:50:19] [385/459] VTBR
[04:50:20] [386/459] GPMY
[04:50:21] [387/459] GYBU
[04:50:22] [388/459] INBJ
[04:50:23] [389/459] LKTH
[04:50:23] [390/459] NSBR
[04:50:24] [391/459] PDRD
[04:50:25] [392/459] VRBL
[04:50:26] [393/459] VTGB
[04:50:27] [394/459] VTSK
[04:50:28] [395/459] BKDV
[04:50:29] [396/459] SVTB
[04:50:29] [397/459] MLDT
[04:50:30] [398/459] NRBL
[04:50:31] [399/459] SLTR
[04:50:33] [400/459] VNKA
[04:50:34] [401/459] TDCA
[04:50:36] [402/459] INBM
[04:50:36] [403/459] SSNR
[04:50:37] [404/459] BHAC
[04:50:38] [405/459] SDSD
[04:50:39] [406/459] SAMP
[04:50:40] [407/459] RATK
[04:50:41] [408/459] KCBI
[04:50:42] [409/459] URBL
[04:50:42] [410/459] MKBG
[04:50:43] [411/459] ASTB
[04:50:44] [412/459] VBWT
[04:50:45] [413/459] GPSM
[04:50:47] [414/459] ROON
[04:50:48] [415/459] CHTH
[04:50:49] [416/459] SSPA
[04:50:50] [417/459] ANBL
[04:50:52] [418/459] VTBE
[04:50:53] [419/459] SVKT
[04:50:55] [420/459] SVYK
[04:50:56] [421/459] PTBK
[04:50:57] [422/459] RKTB
[04:50:57] [423/459] BALT
[04:50:58] [424/459] STSV
[04:50:59] [425/459] VCCB
[04:51:00] [426/459] SLTB
[04:51:01] [427/459] SBCR
[04:51:02] [428/459] VDCS
[04:51:04] [429/459] MDKI
[04:51:05] [430/459] SMRN
[04:51:06] [431/459] PTBC
[04:51:07] [432/459] RADI
[04:51:08] [433/459] ADCR
[04:51:09] [434/459] SDCS
[04:51:10] [435/459] SRPJ
[04:51:11] [436/459] ARTS
[04:51:12] [437/459] SRHK
[04:51:13] [438/459] SPAY
[04:51:14] [439/459] GPTB
[04:51:14] [440/459] SNNN
[04:51:15] [441/459] BALJ
[04:51:16] [442/459] TRIG
[04:51:17] [443/459] GTYT
[04:51:18] [444/459] ATGN
[04:51:19] [445/459] ANTE
[04:51:20] [446/459] BDCG
[04:51:21] [447/459] VECI
[04:51:22] [448/459] SCPR
[04:51:23] [449/459] RTEA
[04:51:24] [450/459] JSAI
[04:51:25] [451/459] VJTP
[04:51:25] [452/459] GNDS
[04:51:26] [453/459] PAXA
[04:51:27] [454/459] CGGM
[04:51:29] [455/459] ACKZ
[04:51:30] [456/459] EMCC
[04:51:31] [457/459] KLSK
[04:51:32] [458/459] AVCK
[04:51:32] [459/459] JTCK
[04:51:33] 🧹 Deduping shows
[04:51:33] ✅ DONE | Shows=451 | Movies=52
