[10:04:12] 🚀 SCRIPT STARTED
[10:04:12] [1/459] FNDB
[10:04:12] 🧠 New identity created
[10:04:14] [2/459] AMBH
[10:04:15] [3/459] PRHN
[10:04:15] [4/459] ACPM
[10:04:16] [5/459] PVFS
[10:04:17] [6/459] AACN
[10:04:18] [7/459] ACAS
[10:04:20] [8/459] CTNR
[10:04:20] [9/459] MMAH
[10:04:21] [10/459] CPMH
[10:04:22] [11/459] IGMH
[10:04:23] [12/459] ABCS
[10:04:24] [13/459] CMMA
[10:04:25] [14/459] GPRH
[10:04:26] [15/459] PNNG
[10:04:27] [16/459] AMCA
[10:04:27] [17/459] ISTN
[10:04:28] [18/459] PIIC
[10:04:29] [19/459] AHMH
[10:04:30] [20/459] ASHN
[10:04:31] [21/459] INHY
[10:04:32] [22/459] SRMO
[10:04:33] [23/459] PIMH
[10:04:33] [24/459] PVTS
[10:04:34] [25/459] MMCA
[10:04:35] [26/459] AKYJ
[10:04:36] [27/459] BRKH
[10:04:37] [28/459] MAHM
[10:04:38] [29/459] CPHY
[10:04:39] [30/459] PVTP
[10:04:39] [31/459] SMMR
[10:04:40] [32/459] PVHM
[10:04:41] [33/459] SNDY
[10:04:42] [34/459] GOKU
[10:04:42] [35/459] ACEV
[10:04:43] [36/459] PVUM
[10:04:44] [37/459] VSWA
[10:04:45] [38/459] IPRS
[10:04:46] [39/459] ASGN
[10:04:47] [40/459] BKMV
[10:04:48] [41/459] PVYH
[10:04:49] [42/459] INKM
[10:04:50] [43/459] ARJU
[10:04:51] [44/459] JJPP
[10:04:52] [45/459] SSRM
[10:04:52] [46/459] HMHD
[10:04:53] [47/459] SNKH
[10:04:54] [48/459] ACHI
[10:04:56] [49/459] MRAA
[10:04:56] [50/459] INMH
[10:04:58] [51/459] ARMH
[10:04:59] [52/459] DVRR
[10:05:00] [53/459] SUDA
[10:05:01] [54/459] MCSS
[10:05:02] [55/459] VRKC
[10:05:03] [56/459] PRCX
[10:05:04] [57/459] ASJY
[10:05:05] [58/459] MTHY
[10:05:06] [59/459] SRCM
[10:05:08] [60/459] TVHY
[10:05:09] [61/459] STHD
[10:05:09] [62/459] CPCL
[10:05:10] [63/459] PSMJ
[10:05:11] [64/459] MRGT
[10:05:12] [65/459] ARYH
[10:05:13] [66/459] VTRB
[10:05:14] [67/459] SCHC
[10:05:15] [68/459] MRRG
[10:05:16] [69/459] SPCB
[10:05:17] [70/459] AMCM
[10:05:18] [71/459] IVNM
[10:05:18] [72/459] TRHY
[10:05:19] [73/459] PTTH
[10:05:20] [74/459] RKMH
[10:05:21] [75/459] PRCS
[10:05:21] [76/459] VAJA
[10:05:23] [77/459] BJNG
[10:05:24] [78/459] SCVM
[10:05:25] [79/459] GNHB
[10:05:26] [80/459] TLUR
[10:05:26] [81/459] UKCC
[10:05:27] [82/459] SRKR
[10:05:28] [83/459] RMKN
[10:05:29] [84/459] SLRT
[10:05:30] [85/459] LKMT
[10:05:31] [86/459] SSRJ
[10:05:32] [87/459] SPHT
[10:05:33] [88/459] ANTT
[10:05:33] [89/459] SRCH
[10:05:35] [90/459] SRCA
[10:05:36] [91/459] ARTH
[10:05:37] [92/459] MCBH
[10:05:37] [93/459] SNIB
[10:05:38] [94/459] SART
[10:05:39] [95/459] SKTA
[10:05:40] [96/459] YAKT
[10:05:42] [97/459] MLCK
[10:05:43] [98/459] ANTS
[10:05:44] [99/459] DGCA
[10:05:44] [100/459] SGMP
[10:05:45] [101/459] ASWN
[10:05:46] [102/459] KFVU
[10:05:47] [103/459] POOR
[10:05:47] [104/459] GKDN
[10:05:48] [105/459] EOSE
[10:05:49] [106/459] GTTT
[10:05:50] [107/459] ARRO
[10:05:51] [108/459] CMMK
[10:05:52] [109/459] MSCN
[10:05:53] [110/459] GDKH
[10:05:53] [111/459] DLMT
[10:05:54] [112/459] PVMF
[10:05:56] [113/459] CPCK
[10:05:56] [114/459] VMHE
[10:05:57] [115/459] PVLC
[10:05:58] [116/459] PCVB
[10:05:59] [117/459] SNYK
[10:06:00] [118/459] KTEK
[10:06:01] [119/459] PCNM
[10:06:02] [120/459] NTTR
[10:06:02] [121/459] CPSK
[10:06:03] [122/459] JMMA
[10:06:04] [123/459] GCFK
[10:06:05] [124/459] MYCA
[10:06:06] [125/459] KSNP
[10:06:07] [126/459] PMCE
[10:06:08] [127/459] SCKI
[10:06:09] [128/459] FSMA
[10:06:10] [129/459] CETA
[10:06:11] [130/459] MCIK
[10:06:11] [131/459] MYCR
[10:06:12] [132/459] EVMP
[10:06:13] [133/459] SSGT
[10:06:14] [134/459] KCTK
[10:06:15] [135/459] ZTKC
[10:06:16] [136/459] MMTA
[10:06:17] [137/459] MAJT
[10:06:18] [138/459] ACPK
[10:06:18] [139/459] JMAX
[10:06:19] [140/459] SETK
[10:06:20] [141/459] CAIS
[10:06:21] [142/459] AGCD
[10:06:21] [143/459] URCL
[10:06:22] [144/459] VTDS
[10:06:23] [145/459] JCNM
[10:06:24] [146/459] KCAM
[10:06:24] [147/459] ADCU
[10:06:25] [148/459] GXYN
[10:06:26] [149/459] SMJG
[10:06:27] [150/459] EYCJ
[10:06:27] [151/459] CCEJ
[10:06:28] [152/459] MARS
[10:06:29] [153/459] CPVJ
[10:06:30] [154/459] INVP
[10:06:31] [155/459] CPOV
[10:06:32] [156/459] VIJK
[10:06:33] [157/459] LAIM
[10:06:33] [158/459] STHV
[10:06:34] [159/459] SVLJ
[10:06:36] [160/459] ATVJ
[10:06:37] [161/459] JTSC
[10:06:38] [162/459] RMTV
[10:06:38] [163/459] MGGG
[10:06:39] [164/459] SWTH
[10:06:40] [165/459] INVJ
[10:06:41] [166/459] PRSV
[10:06:42] [167/459] JATV
[10:06:42] [168/459] RCVD
[10:06:43] [169/459] BDMA
[10:06:44] [170/459] BLJI
[10:06:45] [171/459] SWOT
[10:06:46] [172/459] SWRN
[10:06:47] [173/459] TVRA
[10:06:48] [174/459] VCSV
[10:06:49] [175/459] NVRN
[10:06:51] [176/459] SIKC
[10:06:51] [177/459] VAKR
[10:06:52] [178/459] SYLN
[10:06:53] [179/459] KLJL
[10:06:54] [180/459] LKMY
[10:06:55] [181/459] VSLY
[10:06:56] [182/459] CIKO
[10:06:57] [183/459] GPBG
[10:06:58] [184/459] CECM
[10:06:59] [185/459] SLKB
[10:07:00] [186/459] MTBO
[10:07:01] [187/459] SSHB
[10:07:02] [188/459] VPCS
[10:07:03] [189/459] RCSR
[10:07:04] [190/459] RJRM
[10:07:05] [191/459] KPPB
[10:07:05] [192/459] SEDC
[10:07:06] [193/459] SCAI
[10:07:07] [194/459] RMTR
[10:07:08] [195/459] ASST
[10:07:09] [196/459] GCAK
[10:07:10] [197/459] ANNK
[10:07:11] [198/459] KDDF
[10:07:11] [199/459] NRDP
[10:07:12] [200/459] PLAK
[10:07:13] [201/459] GCMC
[10:07:14] [202/459] ALPY
[10:07:15] [203/459] SICE
[10:07:15] [204/459] SISR
[10:07:16] [205/459] SRPZ
[10:07:17] [206/459] SRSW
[10:07:18] [207/459] SUYA
[10:07:19] [208/459] AMMT
[10:07:20] [209/459] BHCU
[10:07:21] [210/459] KLPA
[10:07:22] [211/459] NVKH
[10:07:23] [212/459] JMRC
[10:07:23] [213/459] KTTT
[10:07:24] [214/459] MAGH
[10:07:25] [215/459] MMMX
[10:07:26] [216/459] SALJ
[10:07:26] [217/459] GTJA
[10:07:27] [218/459] MAHT
[10:07:28] [219/459] SSNN
[10:07:29] [220/459] ARRP
[10:07:29] [221/459] ATNS
[10:07:31] [222/459] SKDT
[10:07:32] [223/459] ACAT
[10:07:33] [224/459] APRC
[10:07:34] [225/459] SWAG
[10:07:34] [226/459] SDPT
[10:07:35] [227/459] STPS
[10:07:37] [228/459] WWCZ
[10:07:38] [229/459] LLCH
[10:07:39] [230/459] MZHA
[10:07:40] [231/459] CRJG
[10:07:40] [232/459] JGTK
[10:07:41] [233/459] KCSR
[10:07:43] [234/459] CHTL
[10:07:43] [235/459] EDSR
[10:07:44] [236/459] CSWO
[10:07:45] [237/459] CPVM
[10:07:46] [238/459] MXBY
[10:07:47] [239/459] FMMA
[10:07:48] [240/459] POVI
[10:07:49] [241/459] MTHB
[10:07:49] [242/459] INRC
[10:07:50] [243/459] PIPP
[10:07:51] [244/459] BMXC
[10:07:52] [245/459] PCMM
[10:07:53] [246/459] PMKM
[10:07:53] [247/459] GATY
[10:07:54] [248/459] IMCM
[10:07:55] [249/459] POPE
[10:07:56] [250/459] MTCR
[10:07:58] [251/459] PVAE
[10:07:59] [252/459] PVMI
[10:07:59] [253/459] CPNM
[10:08:00] [254/459] FMRL
[10:08:01] [255/459] MCIW
[10:08:02] [256/459] MXBO
[10:08:04] [257/459] FMKY
[10:08:04] [258/459] FMDA
[10:08:05] [259/459] THAB
[10:08:06] [260/459] PRCW
[10:08:07] [261/459] PITI
[10:08:08] [262/459] MCFF
[10:08:09] [263/459] PDDV
[10:08:10] [264/459] MCRM
[10:08:11] [265/459] KKMB
[10:08:12] [266/459] INKO
[10:08:13] [267/459] PLXP
[10:08:14] [268/459] MMHA
[10:08:16] [269/459] FMVS
[10:08:16] [270/459] POLM
[10:08:17] [271/459] STER
[10:08:18] [272/459] PVWJ
[10:08:19] [273/459] IMJW
[10:08:19] [274/459] FNAN
[10:08:20] [275/459] CAGL
[10:08:21] [276/459] IPBG
[10:08:22] [277/459] SMFV
[10:08:23] [278/459] MMMR
[10:08:23] [279/459] MMWM
[10:08:24] [280/459] FNCM
[10:08:25] [281/459] MDVA
[10:08:26] [282/459] MMET
[10:08:27] [283/459] MIDO
[10:08:28] [284/459] INNP
[10:08:28] [285/459] MIFU
[10:08:30] [286/459] MMSZ
[10:08:31] [287/459] BMXA
[10:08:32] [288/459] MCAA
[10:08:32] [289/459] SCVP
[10:08:33] [290/459] PLUS
[10:08:35] [291/459] MUCK
[10:08:36] [292/459] MTMA
[10:08:37] [293/459] HPVR
[10:08:37] [294/459] PMPK
[10:08:38] [295/459] MAJB
[10:08:39] [296/459] CTRR
[10:08:40] [297/459] MCTG
[10:08:41] [298/459] MACE
[10:08:42] [299/459] AAAS
[10:08:43] [300/459] CPVV
[10:08:44] [301/459] RCHG
[10:08:45] [302/459] MCNE
[10:08:46] [303/459] EMNC
[10:08:47] [304/459] MCAN
[10:08:47] [305/459] TCDM
[10:08:48] [306/459] IRGT
[10:08:49] [307/459] GCMG
[10:08:50] [308/459] MXSN
[10:08:51] [309/459] MXCK
[10:08:52] [310/459] MCRC
[10:08:53] [311/459] RSMI
[10:08:54] [312/459] WAML
[10:08:55] [313/459] MTSC
[10:08:55] [314/459] FMDR
[10:08:56] [315/459] LEPV
[10:08:57] [316/459] MTGD
[10:08:58] [317/459] IMOB
[10:08:59] [318/459] CLMM
[10:09:00] [319/459] PZCD
[10:09:01] [320/459] GOCS
[10:09:02] [321/459] KCMA
[10:09:02] [322/459] CCMP
[10:09:03] [323/459] MTSU
[10:09:04] [324/459] SNGL
[10:09:06] [325/459] MMMC
[10:09:07] [326/459] MMAA
[10:09:08] [327/459] GCDM
[10:09:08] [328/459] KTMV
[10:09:09] [329/459] AETE
[10:09:10] [330/459] OMCS
[10:09:11] [331/459] GDCD
[10:09:12] [332/459] NYMD
[10:09:13] [333/459] RNCV
[10:09:13] [334/459] KKMT
[10:09:14] [335/459] GDTH
[10:09:15] [336/459] KMMV
[10:09:16] [337/459] NHCG
[10:09:16] [338/459] PJDW
[10:09:17] [339/459] MMCV
[10:09:18] [340/459] FQSA
[10:09:20] [341/459] KURL
[10:09:20] [342/459] NNNX
[10:09:22] [343/459] AMAU
[10:09:23] [344/459] VVVM
[10:09:23] [345/459] VECU
[10:09:24] [346/459] WCVR
[10:09:26] [347/459] MTGG
[10:09:28] [348/459] SGTG
[10:09:28] [349/459] MNTG
[10:09:30] [350/459] JDDG
[10:09:31] [351/459] MBTK
[10:09:32] [352/459] SGCD
[10:09:33] [353/459] MCTC
[10:09:34] [354/459] JTPC
[10:09:35] [355/459] SDKT
[10:09:37] [356/459] KRCC
[10:09:38] [357/459] RMMD
[10:09:38] [358/459] AAME
[10:09:39] [359/459] TMWC
[10:09:40] [360/459] NRWY
[10:09:41] [361/459] CITD
[10:09:42] [362/459] VERD
[10:09:43] [363/459] MKSK
[10:09:43] [364/459] STSM
[10:09:44] [365/459] MJDG
[10:09:45] [366/459] RKPM
[10:09:47] [367/459] SSCE
[10:09:48] [368/459] VMAE
[10:09:49] [369/459] SBRU
[10:09:50] [370/459] AMBC
[10:09:51] [371/459] AMLU
[10:09:51] [372/459] INVZ
[10:09:53] [373/459] LGTV
[10:09:54] [374/459] SVAD
[10:09:55] [375/459] SMSA
[10:09:56] [376/459] SPCZ
[10:09:57] [377/459] GTCX
[10:09:59] [378/459] SCSL
[10:10:00] [379/459] SAHU
[10:10:02] [380/459] NCDA
[10:10:03] [381/459] SCCG
[10:10:03] [382/459] VKTL
[10:10:04] [383/459] PUUJ
[10:10:05] [384/459] STEJ
[10:10:06] [385/459] RJAL
[10:10:07] [386/459] ACJC
[10:10:08] [387/459] VTHC
[10:10:09] [388/459] ARVB
[10:10:10] [389/459] AUBB
[10:10:11] [390/459] GDBR
[10:10:12] [391/459] PVND
[10:10:13] [392/459] BGRJ
[10:10:14] [393/459] RJMM
[10:10:14] [394/459] MCSA
[10:10:15] [395/459] BODA
[10:10:16] [396/459] JAGG
[10:10:17] [397/459] SCGA
[10:10:18] [398/459] LRCM
[10:10:18] [399/459] CPCN
[10:10:20] [400/459] SSTF
[10:10:21] [401/459] SRXP
[10:10:22] [402/459] CNFX
[10:10:23] [403/459] ANDI
[10:10:24] [404/459] SYEW
[10:10:25] [405/459] RCRE
[10:10:26] [406/459] SCRW
[10:10:26] [407/459] MBKR
[10:10:27] [408/459] ASNT
[10:10:28] [409/459] JTMT
[10:10:29] [410/459] SHAY
[10:10:30] [411/459] VRTH
[10:10:31] [412/459] SPTI
[10:10:32] [413/459] DPTD
[10:10:33] [414/459] TGSN
[10:10:34] [415/459] RCWV
[10:10:35] [416/459] OCUR
[10:10:36] [417/459] KSTC
[10:10:36] [418/459] SANI
[10:10:37] [419/459] MLCA
[10:10:38] [420/459] EGCA
[10:10:39] [421/459] SYSN
[10:10:40] [422/459] PKTA
[10:10:41] [423/459] PRCC
[10:10:42] [424/459] KSTR
[10:10:42] [425/459] SNTP
[10:10:43] [426/459] RCHA
[10:10:44] [427/459] SEEA
[10:10:45] [428/459] ALAT
[10:10:46] [429/459] AATV
[10:10:47] [430/459] RJTE
[10:10:48] [431/459] AAPP
[10:10:49] [432/459] PMMH
[10:10:49] [433/459] INRJ
[10:10:50] [434/459] SARB
[10:10:51] [435/459] PCJL
[10:10:52] [436/459] PFJJ
[10:10:53] [437/459] GRDC
[10:10:54] [438/459] BCBA
[10:10:55] [439/459] VIXL
[10:10:55] [440/459] CSTL
[10:10:56] [441/459] MTDK
[10:10:57] [442/459] TDAC
[10:10:58] [443/459] GTDN
[10:10:59] [444/459] TTDE
[10:11:00] [445/459] ASTS
[10:11:00] [446/459] CPNS
[10:11:01] [447/459] PVVW
[10:11:02] [448/459] USEB
[10:11:03] [449/459] DTYN
[10:11:04] [450/459] PVLE
[10:11:04] [451/459] CIPS
[10:11:05] [452/459] PAEG
[10:11:07] [453/459] PTCW
[10:11:08] [454/459] G3SR
[10:11:09] [455/459] PGND
[10:11:09] [456/459] INVM
[10:11:11] [457/459] SPIA
[10:11:12] [458/459] PCSN
[10:11:13] [459/459] PPGV
[10:11:14] 🧹 Deduping shows
[10:11:14] ✅ DONE | Shows=358 | Movies=36
