[10:04:09] 🚀 SCRIPT STARTED
[10:04:09] [1/296] CDCA
[10:04:09] 🧠 New identity created
[10:04:09] [2/296] MNSR
[10:04:10] [3/296] CSSL
[10:04:11] [4/296] BGGM
[10:04:12] [5/296] MANT
[10:04:13] [6/296] SOOY
[10:04:14] [7/296] VPPK
[10:04:14] [8/296] MYHJ
[10:04:15] [9/296] KSCK
[10:04:16] [10/296] KATK
[10:04:17] [11/296] RTRT
[10:04:18] [12/296] SSTT
[10:04:18] [13/296] SSTV
[10:04:19] [14/296] LACM
[10:04:21] [15/296] SGMG
[10:04:22] [16/296] KACX
[10:04:23] [17/296] GVCP
[10:04:24] [18/296] CSNC
[10:04:25] [19/296] SXCB
[10:04:26] [20/296] BAHS
[10:04:27] [21/296] PCBI
[10:04:28] [22/296] PSSM
[10:04:29] [23/296] RCOK
[10:04:29] [24/296] SCPF
[10:04:30] [25/296] SSAS
[10:04:31] [26/296] EVMM
[10:04:32] [27/296] SYCB
[10:04:32] [28/296] GCKI
[10:04:33] [29/296] IAET
[10:04:34] [30/296] DDTD
[10:04:35] [31/296] GMDH
[10:04:36] [32/296] STLE
[10:04:36] [33/296] JTRA
[10:04:38] [34/296] RPPA
[10:04:38] [35/296] ARUT
[10:04:40] [36/296] JTVM
[10:04:41] [37/296] SWRH
[10:04:42] [38/296] DCPC
[10:04:43] [39/296] RAPR
[10:04:44] [40/296] GCRT
[10:04:45] [41/296] ATUN
[10:04:46] [42/296] LTRM
[10:04:47] [43/296] TASR
[10:04:48] [44/296] RLLC
[10:04:49] [45/296] MABI
[10:04:50] [46/296] SVHB
[10:04:50] [47/296] NVTB
[10:04:51] [48/296] KCKG
[10:04:52] [49/296] SSRN
[10:04:53] [50/296] VDDC
[10:04:54] [51/296] GKTK
[10:04:55] [52/296] YFSN
[10:04:56] [53/296] GCSG
[10:04:57] [54/296] ESSM
[10:04:58] [55/296] KRIH
[10:04:59] [56/296] GCDS
[10:05:00] [57/296] CCSH
[10:05:01] [58/296] ACSK
[10:05:02] [59/296] APRK
[10:05:03] [60/296] ADKM
[10:05:04] [61/296] SRDM
[10:05:04] [62/296] RMOG
[10:05:05] [63/296] SJMY
[10:05:06] [64/296] PGGC
[10:05:07] [65/296] INGM
[10:05:08] [66/296] LSCB
[10:05:09] [67/296] STAD
[10:05:10] [68/296] MCCR
[10:05:11] [69/296] ABCC
[10:05:11] [70/296] RKCC
[10:05:12] [71/296] RTCR
[10:05:13] [72/296] GGBC
[10:05:14] [73/296] GCSD
[10:05:15] [74/296] LPTY
[10:05:15] [75/296] MCFD
[10:05:17] [76/296] HENN
[10:05:18] [77/296] SMKU
[10:05:19] [78/296] TNZC
[10:05:20] [79/296] DRCD
[10:05:20] [80/296] DLCD
[10:05:21] [81/296] RCDA
[10:05:22] [82/296] COSM
[10:05:23] [83/296] MCMJ
[10:05:23] [84/296] CSTR
[10:05:24] [85/296] CVDK
[10:05:25] [86/296] INRR
[10:05:26] [87/296] RJRT
[10:05:27] [88/296] IRMR
[10:05:28] [89/296] SRCF
[10:05:29] [90/296] GRCR
[10:05:30] [91/296] SURC
[10:05:31] [92/296] NMNH
[10:05:32] [93/296] SVBL
[10:05:33] [94/296] KACI
[10:05:34] [95/296] TDGO
[10:05:35] [96/296] KTBR
[10:05:36] [97/296] PMAD
[10:05:36] [98/296] CCPN
[10:05:37] [99/296] SBTK
[10:05:38] [100/296] LMDK
[10:05:39] [101/296] PGDA
[10:05:40] [102/296] SRML
[10:05:41] [103/296] EVCK
[10:05:42] [104/296] RTTK
[10:05:43] [105/296] SRTU
[10:05:44] [106/296] VRSA
[10:05:45] [107/296] VARS
[10:05:45] [108/296] DSCZ
[10:05:46] [109/296] GAGA
[10:05:48] [110/296] SARV
[10:05:48] [111/296] SEEG
[10:05:49] [112/296] GLCA
[10:05:50] [113/296] APAS
[10:05:51] [114/296] VCIA
[10:05:52] [115/296] SJTA
[10:05:53] [116/296] SABM
[10:05:53] [117/296] PPAG
[10:05:54] [118/296] RVCA
[10:05:55] [119/296] CCIA
[10:05:56] [120/296] HTAG
[10:05:56] [121/296] SMBI
[10:05:57] [122/296] MCJR
[10:05:59] [123/296] CCJR
[10:06:00] [124/296] SINF
[10:06:00] [125/296] CPLX
[10:06:02] [126/296] KKTJ
[10:06:03] [127/296] GDBW
[10:06:04] [128/296] CSUB
[10:06:05] [129/296] DABA
[10:06:06] [130/296] TITR
[10:06:07] [131/296] NYCR
[10:06:07] [132/296] RTRY
[10:06:08] [133/296] JTJL
[10:06:09] [134/296] SJCP
[10:06:11] [135/296] KCCA
[10:06:11] [136/296] MLPG
[10:06:12] [137/296] VRCK
[10:06:13] [138/296] SRIN
[10:06:14] [139/296] CXMK
[10:06:14] [140/296] SKAD
[10:06:16] [141/296] AVTR
[10:06:17] [142/296] PTAJ
[10:06:17] [143/296] SCNK
[10:06:18] [144/296] STTI
[10:06:19] [145/296] KACR
[10:06:20] [146/296] SSDX
[10:06:21] [147/296] VRTJ
[10:06:21] [148/296] RAJD
[10:06:22] [149/296] SCIP
[10:06:23] [150/296] RJSL
[10:06:24] [151/296] ARRS
[10:06:26] [152/296] ASMS
[10:06:27] [153/296] RDTS
[10:06:28] [154/296] DVMY
[10:06:29] [155/296] RASA
[10:06:30] [156/296] INOM
[10:06:30] [157/296] SPRS
[10:06:31] [158/296] SGCS
[10:06:32] [159/296] SALM
[10:06:33] [160/296] PKHC
[10:06:33] [161/296] RCSV
[10:06:34] [162/296] CPKC
[10:06:35] [163/296] AACD
[10:06:36] [164/296] GGCV
[10:06:37] [165/296] SMKD
[10:06:37] [166/296] NBCH
[10:06:38] [167/296] AMCB
[10:06:39] [168/296] OPCN
[10:06:40] [169/296] DCIN
[10:06:41] [170/296] INGW
[10:06:42] [171/296] PKKW
[10:06:43] [172/296] FNGW
[10:06:44] [173/296] GCGD
[10:06:45] [174/296] MSTW
[10:06:45] [175/296] KCCG
[10:06:46] [176/296] MRSS
[10:06:47] [177/296] CLCF
[10:06:48] [178/296] EETS
[10:06:49] [179/296] AATR
[10:06:50] [180/296] CMMN
[10:06:50] [181/296] SCCJ
[10:06:51] [182/296] CDTK
[10:06:52] [183/296] AICP
[10:06:53] [184/296] FNBP
[10:06:54] [185/296] CBPB
[10:06:54] [186/296] CPAS
[10:06:55] [187/296] MAPM
[10:06:57] [188/296] PASD
[10:06:58] [189/296] JCMN
[10:06:58] [190/296] MALB
[10:06:59] [191/296] SACG
[10:07:00] [192/296] DDRX
[10:07:01] [193/296] DDXB
[10:07:01] [194/296] RAMC
[10:07:03] [195/296] SANC
[10:07:04] [196/296] BCBP
[10:07:04] [197/296] ALPC
[10:07:05] [198/296] RBAC
[10:07:06] [199/296] RAJL
[10:07:07] [200/296] MPDX
[10:07:08] [201/296] MUSC
[10:07:09] [202/296] VKMK
[10:07:09] [203/296] SKCG
[10:07:10] [204/296] ANCN
[10:07:11] [205/296] MMCJ
[10:07:12] [206/296] DCAK
[10:07:12] [207/296] SCKG
[10:07:14] [208/296] LMCK
[10:07:15] [209/296] CKKX
[10:07:16] [210/296] ANKU
[10:07:17] [211/296] CSMD
[10:07:18] [212/296] MKMP
[10:07:19] [213/296] SVBG
[10:07:19] [214/296] ROOP
[10:07:20] [215/296] GDMT
[10:07:21] [216/296] FPPF
[10:07:22] [217/296] SFUU
[10:07:22] [218/296] ANCB
[10:07:23] [219/296] SMMC
[10:07:24] [220/296] UGKT
[10:07:25] [221/296] JVRM
[10:07:26] [222/296] BATG
[10:07:27] [223/296] RATE
[10:07:27] [224/296] SKME
[10:07:28] [225/296] LMTP
[10:07:30] [226/296] TCBD
[10:07:31] [227/296] ESBD
[10:07:31] [228/296] GDCU
[10:07:32] [229/296] SNKT
[10:07:33] [230/296] SRNK
[10:07:34] [231/296] SMED
[10:07:35] [232/296] CSQS
[10:07:36] [233/296] ALCS
[10:07:37] [234/296] KCKN
[10:07:38] [235/296] VCCL
[10:07:38] [236/296] MCDA
[10:07:39] [237/296] SHMI
[10:07:40] [238/296] SKHA
[10:07:41] [239/296] SVFK
[10:07:42] [240/296] INVB
[10:07:43] [241/296] MELD
[10:07:44] [242/296] JTYS
[10:07:45] [243/296] INCM
[10:07:46] [244/296] MCDV
[10:07:47] [245/296] KSGK
[10:07:48] [246/296] ICMG
[10:07:49] [247/296] CSCV
[10:07:49] [248/296] STMD
[10:07:50] [249/296] STTR
[10:07:51] [250/296] INVC
[10:07:52] [251/296] JTBL
[10:07:53] [252/296] SRVV
[10:07:54] [253/296] MAVC
[10:07:55] [254/296] SRPP
[10:07:56] [255/296] JGDM
[10:07:57] [256/296] MBSJ
[10:07:57] [257/296] SSLL
[10:07:58] [258/296] SLKP
[10:07:59] [259/296] NSRV
[10:08:00] [260/296] UTDV
[10:08:01] [261/296] KICM
[10:08:02] [262/296] KCMD
[10:08:03] [263/296] TTPP
[10:08:04] [264/296] KMPV
[10:08:04] [265/296] SKTV
[10:08:05] [266/296] STCV
[10:08:06] [267/296] SRDA
[10:08:07] [268/296] JTSX
[10:08:09] [269/296] STBV
[10:08:10] [270/296] APVZ
[10:08:10] [271/296] GSTV
[10:08:12] [272/296] NMVS
[10:08:13] [273/296] SKRT
[10:08:13] [274/296] RMDV
[10:08:14] [275/296] RATG
[10:08:15] [276/296] SJYV
[10:08:16] [277/296] NDGP
[10:08:17] [278/296] SNDG
[10:08:18] [279/296] INSR
[10:08:19] [280/296] INSO
[10:08:20] [281/296] CCSI
[10:08:21] [282/296] RASM
[10:08:23] [283/296] NEWC
[10:08:24] [284/296] VSHL
[10:08:24] [285/296] BISW
[10:08:25] [286/296] GCNG
[10:08:26] [287/296] CWSC
[10:08:27] [288/296] SKAN
[10:08:27] [289/296] SEHP
[10:08:28] [290/296] CCOA
[10:08:29] [291/296] MCAJ
[10:08:30] [292/296] ACDE
[10:08:31] [293/296] AACM
[10:08:32] [294/296] JJCK
[10:08:33] [295/296] RCMO
[10:08:33] [296/296] GDAW
[10:08:34] 🧹 Deduping shows
[10:08:34] ✅ DONE | Shows=322 | Movies=36
[16:44:32] 🚀 SCRIPT STARTED
[16:44:32] [1/296] CDCA
[16:44:32] 🧠 New identity created
[16:44:33] [2/296] MNSR
[16:44:34] [3/296] CSSL
[16:44:35] [4/296] BGGM
[16:44:36] [5/296] MANT
[16:44:37] [6/296] SOOY
[16:44:38] [7/296] VPPK
[16:44:38] [8/296] MYHJ
[16:44:39] [9/296] KSCK
[16:44:40] [10/296] KATK
[16:44:41] [11/296] RTRT
[16:44:42] [12/296] SSTT
[16:44:43] [13/296] SSTV
[16:44:44] [14/296] LACM
[16:44:45] [15/296] SGMG
[16:44:46] [16/296] KACX
[16:44:47] [17/296] GVCP
[16:44:48] [18/296] CSNC
[16:44:49] [19/296] SXCB
[16:44:50] [20/296] BAHS
[16:44:51] [21/296] PCBI
[16:44:52] [22/296] PSSM
[16:44:53] [23/296] RCOK
[16:44:54] [24/296] SCPF
[16:44:55] [25/296] SSAS
[16:44:55] [26/296] EVMM
[16:44:56] [27/296] SYCB
[16:44:57] [28/296] GCKI
[16:44:58] [29/296] IAET
[16:44:59] [30/296] DDTD
[16:45:00] [31/296] GMDH
[16:45:01] [32/296] STLE
[16:45:01] [33/296] JTRA
[16:45:02] [34/296] RPPA
[16:45:03] [35/296] ARUT
[16:45:04] [36/296] JTVM
[16:45:05] [37/296] SWRH
[16:45:06] [38/296] DCPC
[16:45:07] [39/296] RAPR
[16:45:08] [40/296] GCRT
[16:45:09] [41/296] ATUN
[16:45:09] [42/296] LTRM
[16:45:10] [43/296] TASR
[16:45:11] [44/296] RLLC
[16:45:12] [45/296] MABI
[16:45:13] [46/296] SVHB
[16:45:13] [47/296] NVTB
[16:45:14] [48/296] KCKG
[16:45:16] [49/296] SSRN
[16:45:16] [50/296] VDDC
[16:45:17] [51/296] GKTK
[16:45:19] [52/296] YFSN
[16:45:20] [53/296] GCSG
[16:45:21] [54/296] ESSM
[16:45:22] [55/296] KRIH
[16:45:23] [56/296] GCDS
[16:45:23] [57/296] CCSH
[16:45:24] [58/296] ACSK
[16:45:26] [59/296] APRK
[16:45:27] [60/296] ADKM
[16:45:28] [61/296] SRDM
[16:45:29] [62/296] RMOG
[16:45:29] [63/296] SJMY
[16:45:30] [64/296] PGGC
[16:45:31] [65/296] INGM
[16:45:32] [66/296] LSCB
[16:45:33] [67/296] STAD
[16:45:33] [68/296] MCCR
[16:45:35] [69/296] ABCC
[16:45:35] [70/296] RKCC
[16:45:36] [71/296] RTCR
[16:45:38] [72/296] GGBC
[16:45:39] [73/296] GCSD
[16:45:40] [74/296] LPTY
[16:45:41] [75/296] MCFD
[16:45:42] [76/296] HENN
[16:45:43] [77/296] SMKU
[16:45:44] [78/296] TNZC
[16:45:45] [79/296] DRCD
[16:45:46] [80/296] DLCD
[16:45:46] [81/296] RCDA
[16:45:47] [82/296] COSM
[16:45:48] [83/296] MCMJ
[16:45:49] [84/296] CSTR
[16:45:50] [85/296] CVDK
[16:45:51] [86/296] INRR
[16:45:52] [87/296] RJRT
[16:45:53] [88/296] IRMR
[16:45:53] [89/296] SRCF
[16:45:54] [90/296] GRCR
[16:45:55] [91/296] SURC
[16:45:56] [92/296] NMNH
[16:45:57] [93/296] SVBL
[16:45:58] [94/296] KACI
[16:45:59] [95/296] TDGO
[16:46:00] [96/296] KTBR
[16:46:01] [97/296] PMAD
[16:46:03] [98/296] CCPN
[16:46:04] [99/296] SBTK
[16:46:05] [100/296] LMDK
[16:46:06] [101/296] PGDA
[16:46:07] [102/296] SRML
[16:46:07] [103/296] EVCK
[16:46:08] [104/296] RTTK
[16:46:10] [105/296] SRTU
[16:46:11] [106/296] VRSA
[16:46:12] [107/296] VARS
[16:46:13] [108/296] DSCZ
[16:46:14] [109/296] GAGA
[16:46:15] [110/296] SARV
[16:46:16] [111/296] SEEG
[16:46:17] [112/296] GLCA
[16:46:17] [113/296] APAS
[16:46:19] [114/296] VCIA
[16:46:20] [115/296] SJTA
[16:46:21] [116/296] SABM
[16:46:22] [117/296] PPAG
[16:46:24] [118/296] RVCA
[16:46:24] [119/296] CCIA
[16:46:25] [120/296] HTAG
[16:46:26] [121/296] SMBI
[16:46:27] [122/296] MCJR
[16:46:28] [123/296] CCJR
[16:46:29] [124/296] SINF
[16:46:29] [125/296] CPLX
[16:46:31] [126/296] KKTJ
[16:46:32] [127/296] GDBW
[16:46:33] [128/296] CSUB
[16:46:34] [129/296] DABA
[16:46:35] [130/296] TITR
[16:46:36] [131/296] NYCR
[16:46:37] [132/296] RTRY
[16:46:37] [133/296] JTJL
[16:46:38] [134/296] SJCP
[16:46:40] [135/296] KCCA
[16:46:41] [136/296] MLPG
[16:46:41] [137/296] VRCK
[16:46:43] [138/296] SRIN
[16:46:44] [139/296] CXMK
[16:46:45] [140/296] SKAD
[16:46:46] [141/296] AVTR
[16:46:46] [142/296] PTAJ
[16:46:47] [143/296] SCNK
[16:46:48] [144/296] STTI
[16:46:50] [145/296] KACR
[16:46:51] [146/296] SSDX
[16:46:51] [147/296] VRTJ
[16:46:52] [148/296] RAJD
[16:46:53] [149/296] SCIP
[16:46:54] [150/296] RJSL
[16:46:55] [151/296] ARRS
[16:46:56] [152/296] ASMS
[16:46:56] [153/296] RDTS
[16:46:57] [154/296] DVMY
[16:46:58] [155/296] RASA
[16:46:59] [156/296] INOM
[16:47:00] [157/296] SPRS
[16:47:01] [158/296] SGCS
[16:47:02] [159/296] SALM
[16:47:02] [160/296] PKHC
[16:47:03] [161/296] RCSV
[16:47:05] [162/296] CPKC
[16:47:06] [163/296] AACD
[16:47:06] [164/296] GGCV
[16:47:07] [165/296] SMKD
[16:47:08] [166/296] NBCH
[16:47:09] [167/296] AMCB
[16:47:09] [168/296] OPCN
[16:47:10] [169/296] DCIN
[16:47:11] [170/296] INGW
[16:47:12] [171/296] PKKW
[16:47:13] [172/296] FNGW
[16:47:14] [173/296] GCGD
[16:47:15] [174/296] MSTW
[16:47:16] [175/296] KCCG
[16:47:16] [176/296] MRSS
[16:47:17] [177/296] CLCF
[16:47:18] [178/296] EETS
[16:47:19] [179/296] AATR
[16:47:20] [180/296] CMMN
[16:47:21] [181/296] SCCJ
[16:47:22] [182/296] CDTK
[16:47:27] [183/296] AICP
[16:47:28] [184/296] FNBP
[16:47:34] [185/296] CBPB
[16:47:35] [186/296] CPAS
[16:47:36] [187/296] MAPM
[16:47:36] [188/296] PASD
[16:47:37] [189/296] JCMN
[16:47:38] [190/296] MALB
[16:47:39] [191/296] SACG
[16:47:40] [192/296] DDRX
[16:47:41] [193/296] DDXB
[16:47:42] [194/296] RAMC
[16:47:43] [195/296] SANC
[16:47:44] [196/296] BCBP
[16:47:45] [197/296] ALPC
[16:47:46] [198/296] RBAC
[16:47:47] [199/296] RAJL
[16:47:48] [200/296] MPDX
[16:47:48] [201/296] MUSC
[16:47:49] [202/296] VKMK
[16:47:50] [203/296] SKCG
[16:47:51] [204/296] ANCN
[16:47:52] [205/296] MMCJ
[16:47:53] [206/296] DCAK
[16:47:54] [207/296] SCKG
[16:47:55] [208/296] LMCK
[16:47:56] [209/296] CKKX
[16:47:57] [210/296] ANKU
[16:47:58] [211/296] CSMD
[16:47:59] [212/296] MKMP
[16:47:59] [213/296] SVBG
[16:48:00] [214/296] ROOP
[16:48:02] [215/296] GDMT
[16:48:03] [216/296] FPPF
[16:48:03] [217/296] SFUU
[16:48:04] [218/296] ANCB
[16:48:06] [219/296] SMMC
[16:48:07] [220/296] UGKT
[16:48:08] [221/296] JVRM
[16:48:09] [222/296] BATG
[16:48:10] [223/296] RATE
[16:48:12] [224/296] SKME
[16:48:13] [225/296] LMTP
[16:48:14] [226/296] TCBD
[16:48:14] [227/296] ESBD
[16:48:15] [228/296] GDCU
[16:48:17] [229/296] SNKT
[16:48:18] [230/296] SRNK
[16:48:19] [231/296] SMED
[16:48:20] [232/296] CSQS
[16:48:21] [233/296] ALCS
[16:48:22] [234/296] KCKN
[16:48:23] [235/296] VCCL
[16:48:24] [236/296] MCDA
[16:48:26] [237/296] SHMI
[16:48:27] [238/296] SKHA
[16:48:28] [239/296] SVFK
[16:48:29] [240/296] INVB
[16:48:29] [241/296] MELD
[16:48:31] [242/296] JTYS
[16:48:32] [243/296] INCM
[16:48:33] [244/296] MCDV
[16:48:34] [245/296] KSGK
[16:48:35] [246/296] ICMG
[16:48:35] [247/296] CSCV
[16:48:37] [248/296] STMD
[16:48:38] [249/296] STTR
[16:48:39] [250/296] INVC
[16:48:40] [251/296] JTBL
[16:48:42] [252/296] SRVV
[16:48:43] [253/296] MAVC
[16:48:43] [254/296] SRPP
[16:48:44] [255/296] JGDM
[16:48:45] [256/296] MBSJ
[16:48:46] [257/296] SSLL
[16:48:46] [258/296] SLKP
[16:48:48] [259/296] NSRV
[16:48:49] [260/296] UTDV
[16:48:49] [261/296] KICM
[16:48:50] [262/296] KCMD
[16:48:51] [263/296] TTPP
[16:48:52] [264/296] KMPV
[16:48:53] [265/296] SKTV
[16:48:54] [266/296] STCV
[16:48:55] [267/296] SRDA
[16:48:56] [268/296] JTSX
[16:48:56] [269/296] STBV
[16:48:58] [270/296] APVZ
[16:48:59] [271/296] GSTV
[16:48:59] [272/296] NMVS
[16:49:00] [273/296] SKRT
[16:49:01] [274/296] RMDV
[16:49:02] [275/296] RATG
[16:49:03] [276/296] SJYV
[16:49:04] [277/296] NDGP
[16:49:05] [278/296] SNDG
[16:49:05] [279/296] INSR
[16:49:06] [280/296] INSO
[16:49:07] [281/296] CCSI
[16:49:08] [282/296] RASM
[16:49:09] [283/296] NEWC
[16:49:10] [284/296] VSHL
[16:49:11] [285/296] BISW
[16:49:12] [286/296] GCNG
[16:49:13] [287/296] CWSC
[16:49:14] [288/296] SKAN
[16:49:15] [289/296] SEHP
[16:49:16] [290/296] CCOA
[16:49:17] [291/296] MCAJ
[16:49:18] [292/296] ACDE
[16:49:19] [293/296] AACM
[16:49:20] [294/296] JJCK
[16:49:21] [295/296] RCMO
[16:49:22] [296/296] GDAW
[16:49:23] 🧹 Deduping shows
[16:49:23] ✅ DONE | Shows=354 | Movies=39
