[10:04:12] 🚀 SCRIPT STARTED
[10:04:12] [1/324] GCTA
[10:04:12] 🧠 New identity created
[10:04:13] [2/324] TOPN
[10:04:14] [3/324] MCUS
[10:04:15] [4/324] SHRL
[10:04:16] [5/324] UPTP
[10:04:17] [6/324] TMMP
[10:04:18] [7/324] DNRP
[10:04:19] [8/324] SRLT
[10:04:20] [9/324] RCNS
[10:04:21] [10/324] DCBH
[10:04:22] [11/324] NAGJ
[10:04:24] [12/324] JVRC
[10:04:25] [13/324] KRJG
[10:04:26] [14/324] SRTJ
[10:04:27] [15/324] CMXM
[10:04:28] [16/324] STMI
[10:04:29] [17/324] SLST
[10:04:29] [18/324] DTCN
[10:04:30] [19/324] STYN
[10:04:31] [20/324] SZVR
[10:04:32] [21/324] SRKO
[10:04:33] [22/324] JTGT
[10:04:33] [23/324] SVFD
[10:04:35] [24/324] SISD
[10:04:37] [25/324] ABDD
[10:04:38] [26/324] DRCA
[10:04:38] [27/324] AVCS
[10:04:39] [28/324] MVKH
[10:04:40] [29/324] ACPR
[10:04:41] [30/324] STIP
[10:04:42] [31/324] MTRA
[10:04:43] [32/324] RMKH
[10:04:44] [33/324] NKRL
[10:04:45] [34/324] PCWN
[10:04:45] [35/324] BLMT
[10:04:46] [36/324] GDPG
[10:04:47] [37/324] SRMX
[10:04:48] [38/324] JACP
[10:04:49] [39/324] CPSH
[10:04:50] [40/324] MCCD
[10:04:51] [41/324] ECGH
[10:04:51] [42/324] MKCK
[10:04:52] [43/324] SRMM
[10:04:53] [44/324] SKYR
[10:04:54] [45/324] PCKC
[10:04:55] [46/324] JCMA
[10:04:56] [47/324] BSMP
[10:04:57] [48/324] VSPA
[10:04:58] [49/324] DJYA
[10:04:59] [50/324] DIMP
[10:05:00] [51/324] FXDR
[10:05:01] [52/324] SSRC
[10:05:02] [53/324] STHP
[10:05:03] [54/324] CPPD
[10:05:04] [55/324] FCLK
[10:05:05] [56/324] SCPP
[10:05:06] [57/324] DCMJ
[10:05:07] [58/324] RCCR
[10:05:08] [59/324] INMT
[10:05:09] [60/324] LXTK
[10:05:10] [61/324] SRYK
[10:05:11] [62/324] SGDK
[10:05:11] [63/324] PPKA
[10:05:12] [64/324] SPKA
[10:05:13] [65/324] CGHH
[10:05:14] [66/324] DCJN
[10:05:15] [67/324] SRKV
[10:05:16] [68/324] SAJC
[10:05:17] [69/324] SUSR
[10:05:19] [70/324] STYG
[10:05:20] [71/324] NTKP
[10:05:21] [72/324] AKTG
[10:05:22] [73/324] CGCM
[10:05:23] [74/324] TULC
[10:05:24] [75/324] NYYZ
[10:05:25] [76/324] NYBW
[10:05:26] [77/324] MACB
[10:05:27] [78/324] SLVT
[10:05:28] [79/324] SANA
[10:05:28] [80/324] ACMR
[10:05:29] [81/324] CPKN
[10:05:30] [82/324] DLGK
[10:05:31] [83/324] CWCK
[10:05:32] [84/324] FDDH
[10:05:33] [85/324] MMMD
[10:05:33] [86/324] CMEH
[10:05:34] [87/324] GGGV
[10:05:36] [88/324] SPJL
[10:05:37] [89/324] RCCD
[10:05:37] [90/324] STTZ
[10:05:38] [91/324] BTCF
[10:05:39] [92/324] TSTZ
[10:05:40] [93/324] IPMM
[10:05:41] [94/324] PMPW
[10:05:41] [95/324] PCMZ
[10:05:42] [96/324] ESEM
[10:05:43] [97/324] PIPO
[10:05:44] [98/324] MATK
[10:05:45] [99/324] PGHM
[10:05:47] [100/324] CTSR
[10:05:48] [101/324] CYKR
[10:05:48] [102/324] MSCM
[10:05:49] [103/324] RFNP
[10:05:51] [104/324] PDCP
[10:05:52] [105/324] NPSE
[10:05:54] [106/324] MKML
[10:05:55] [107/324] FTDP
[10:05:55] [108/324] MMXA
[10:05:56] [109/324] CEPO
[10:05:58] [110/324] CMVP
[10:06:00] [111/324] SGTH
[10:06:00] [112/324] SAYN
[10:06:01] [113/324] URVS
[10:06:02] [114/324] VJTN
[10:06:03] [115/324] BBYK
[10:06:04] [116/324] SHBO
[10:06:05] [117/324] VCMR
[10:06:05] [118/324] MACT
[10:06:06] [119/324] JMNP
[10:06:07] [120/324] VICS
[10:06:08] [121/324] VCDA
[10:06:09] [122/324] GCMM
[10:06:09] [123/324] INVS
[10:06:11] [124/324] SCGM
[10:06:12] [125/324] PCDA
[10:06:14] [126/324] KDCT
[10:06:15] [127/324] JACS
[10:06:16] [128/324] GMMC
[10:06:18] [129/324] AICM
[10:06:19] [130/324] TJCM
[10:06:19] [131/324] RMTI
[10:06:20] [132/324] SHAC
[10:06:21] [133/324] APJC
[10:06:23] [134/324] GCTG
[10:06:24] [135/324] SSMC
[10:06:26] [136/324] THRM
[10:06:27] [137/324] RBCT
[10:06:27] [138/324] DIKT
[10:06:28] [139/324] MIDL
[10:06:29] [140/324] VCSN
[10:06:30] [141/324] SKTG
[10:06:31] [142/324] SMWC
[10:06:32] [143/324] MNKH
[10:06:33] [144/324] PIAT
[10:06:34] [145/324] LTTP
[10:06:34] [146/324] PTPU
[10:06:35] [147/324] ACMG
[10:06:36] [148/324] SHMM
[10:06:37] [149/324] MCMN
[10:06:38] [150/324] GLDC
[10:06:39] [151/324] HOUT
[10:06:39] [152/324] SVRP
[10:06:40] [153/324] PVDN
[10:06:41] [154/324] SCPY
[10:06:42] [155/324] DTPY
[10:06:43] [156/324] GKCS
[10:06:44] [157/324] NCAM
[10:06:44] [158/324] BSRM
[10:06:45] [159/324] RCLC
[10:06:47] [160/324] SKKD
[10:06:48] [161/324] ACHU
[10:06:49] [162/324] RSCF
[10:06:49] [163/324] IMSH
[10:06:50] [164/324] MACX
[10:06:52] [165/324] HMMW
[10:06:52] [166/324] JTCP
[10:06:53] [167/324] SREN
[10:06:54] [168/324] PJRR
[10:06:55] [169/324] INAC
[10:06:55] [170/324] BMCA
[10:06:56] [171/324] SHCB
[10:06:57] [172/324] GABA
[10:06:58] [173/324] SBCT
[10:07:00] [174/324] GCMA
[10:07:00] [175/324] MYTK
[10:07:01] [176/324] INZS
[10:07:02] [177/324] RMIK
[10:07:03] [178/324] NYCH
[10:07:04] [179/324] RAVE
[10:07:05] [180/324] PSXM
[10:07:06] [181/324] MCGP
[10:07:07] [182/324] PDDK
[10:07:07] [183/324] SPCK
[10:07:08] [184/324] MCRL
[10:07:09] [185/324] MHKT
[10:07:10] [186/324] ANRR
[10:07:11] [187/324] SAPK
[10:07:12] [188/324] NCUK
[10:07:12] [189/324] JUGA
[10:07:13] [190/324] DBSC
[10:07:14] [191/324] LALK
[10:07:15] [192/324] GUCK
[10:07:16] [193/324] STSG
[10:07:16] [194/324] PPPZ
[10:07:17] [195/324] CNCY
[10:07:18] [196/324] MTAR
[10:07:19] [197/324] VNKD
[10:07:20] [198/324] KMAJ
[10:07:21] [199/324] ACXK
[10:07:21] [200/324] UTKC
[10:07:22] [201/324] PBLK
[10:07:23] [202/324] ACBX
[10:07:24] [203/324] PTGM
[10:07:25] [204/324] BTDA
[10:07:26] [205/324] PJMB
[10:07:27] [206/324] TPDA
[10:07:27] [207/324] AMOE
[10:07:28] [208/324] PRHT
[10:07:29] [209/324] PRTA
[10:07:29] [210/324] STAM
[10:07:30] [211/324] MSAA
[10:07:31] [212/324] SDLU
[10:07:33] [213/324] RCHH
[10:07:33] [214/324] KANT
[10:07:34] [215/324] FCRT
[10:07:35] [216/324] DNKM
[10:07:36] [217/324] RYCP
[10:07:37] [218/324] MYRP
[10:07:37] [219/324] PPAK
[10:07:38] [220/324] NVPK
[10:07:39] [221/324] PRMC
[10:07:40] [222/324] JBCS
[10:07:41] [223/324] GXCK
[10:07:42] [224/324] USKO
[10:07:43] [225/324] GTEM
[10:07:43] [226/324] SMBU
[10:07:44] [227/324] VETC
[10:07:45] [228/324] LCDA
[10:07:46] [229/324] MTVT
[10:07:47] [230/324] PYCP
[10:07:48] [231/324] PNSC
[10:07:49] [232/324] PPCC
[10:07:50] [233/324] TGRT
[10:07:50] [234/324] JYOT
[10:07:51] [235/324] SRCZ
[10:07:52] [236/324] SJTE
[10:07:53] [237/324] DESC
[10:07:54] [238/324] JHVN
[10:07:54] [239/324] IPSG
[10:07:55] [240/324] IPCM
[10:07:56] [241/324] PDRS
[10:07:57] [242/324] ANCV
[10:07:58] [243/324] CMVV
[10:07:59] [244/324] SHYP
[10:08:00] [245/324] DNCS
[10:08:00] [246/324] GAJK
[10:08:01] [247/324] AKTN
[10:08:02] [248/324] KAYA
[10:08:03] [249/324] SBRC
[10:08:04] [250/324] CHTP
[10:08:04] [251/324] SHRT
[10:08:05] [252/324] BCKU
[10:08:06] [253/324] FCPS
[10:08:07] [254/324] ARDD
[10:08:09] [255/324] CPCM
[10:08:10] [256/324] CGSM
[10:08:11] [257/324] PSMP
[10:08:12] [258/324] SDAL
[10:08:14] [259/324] RTNB
[10:08:15] [260/324] LMCR
[10:08:15] [261/324] CIMA
[10:08:17] [262/324] RNAS
[10:08:18] [263/324] LITH
[10:08:19] [264/324] PBOX
[10:08:20] [265/324] FRTS
[10:08:21] [266/324] RKIC
[10:08:22] [267/324] PTAI
[10:08:22] [268/324] GCIC
[10:08:23] [269/324] FNAS
[10:08:24] [270/324] SCAR
[10:08:24] [271/324] MTCA
[10:08:25] [272/324] SCTS
[10:08:26] [273/324] SYCS
[10:08:27] [274/324] RDMS
[10:08:28] [275/324] KAMP
[10:08:28] [276/324] ERSD
[10:08:29] [277/324] MJMJ
[10:08:30] [278/324] SRCJ
[10:08:31] [279/324] SCXE
[10:08:32] [280/324] SVFR
[10:08:33] [281/324] BHCS
[10:08:34] [282/324] IMCC
[10:08:35] [283/324] PCBO
[10:08:36] [284/324] PRVN
[10:08:37] [285/324] AUPM
[10:08:37] [286/324] INBW
[10:08:38] [287/324] SVCW
[10:08:39] [288/324] RKCF
[10:08:41] [289/324] UVBH
[10:08:41] [290/324] DNCY
[10:08:42] [291/324] ABCN
[10:08:43] [292/324] PRUR
[10:08:44] [293/324] PFMR
[10:08:45] [294/324] RKCN
[10:08:47] [295/324] CFEA
[10:08:48] [296/324] SDBG
[10:08:49] [297/324] SNAR
[10:08:49] [298/324] YISI
[10:08:50] [299/324] JCFF
[10:08:51] [300/324] VTRK
[10:08:52] [301/324] PCLZ
[10:08:52] [302/324] DIMY
[10:08:53] [303/324] BBTS
[10:08:54] [304/324] GATH
[10:08:55] [305/324] GTMN
[10:08:57] [306/324] VTMH
[10:08:57] [307/324] CCKP
[10:08:58] [308/324] GPKA
[10:08:59] [309/324] MHCL
[10:09:00] [310/324] ATCL
[10:09:01] [311/324] SBCK
[10:09:02] [312/324] AMMR
[10:09:03] [313/324] MADC
[10:09:04] [314/324] TMMA
[10:09:05] [315/324] CACC
[10:09:06] [316/324] CHAL
[10:09:07] [317/324] DURG
[10:09:08] [318/324] GMKU
[10:09:08] [319/324] GECA
[10:09:10] [320/324] KYRR
[10:09:11] [321/324] KSDE
[10:09:12] [322/324] LMCI
[10:09:12] [323/324] NKCP
[10:09:13] [324/324] BGTC
[10:09:14] 🧹 Deduping shows
[10:09:14] ✅ DONE | Shows=428 | Movies=40
[16:44:31] 🚀 SCRIPT STARTED
[16:44:31] [1/324] GCTA
[16:44:31] 🧠 New identity created
[16:44:32] [2/324] TOPN
[16:44:32] [3/324] MCUS
[16:44:34] [4/324] SHRL
[16:44:35] [5/324] UPTP
[16:44:36] [6/324] TMMP
[16:44:37] [7/324] DNRP
[16:44:38] [8/324] SRLT
[16:44:39] [9/324] RCNS
[16:44:40] [10/324] DCBH
[16:44:41] [11/324] NAGJ
[16:44:42] [12/324] JVRC
[16:44:44] [13/324] KRJG
[16:44:45] [14/324] SRTJ
[16:44:46] [15/324] CMXM
[16:44:47] [16/324] STMI
[16:44:47] [17/324] SLST
[16:44:48] [18/324] DTCN
[16:44:49] [19/324] STYN
[16:44:50] [20/324] SZVR
[16:44:51] [21/324] SRKO
[16:44:52] [22/324] JTGT
[16:44:52] [23/324] SVFD
[16:44:53] [24/324] SISD
[16:44:54] [25/324] ABDD
[16:44:56] [26/324] DRCA
[16:44:57] [27/324] AVCS
[16:44:58] [28/324] MVKH
[16:44:58] [29/324] ACPR
[16:44:59] [30/324] STIP
[16:45:00] [31/324] MTRA
[16:45:01] [32/324] RMKH
[16:45:02] [33/324] NKRL
[16:45:03] [34/324] PCWN
[16:45:04] [35/324] BLMT
[16:45:05] [36/324] GDPG
[16:45:07] [37/324] SRMX
[16:45:08] [38/324] JACP
[16:45:09] [39/324] CPSH
[16:45:10] [40/324] MCCD
[16:45:12] [41/324] ECGH
[16:45:13] [42/324] MKCK
[16:45:14] [43/324] SRMM
[16:45:14] [44/324] SKYR
[16:45:15] [45/324] PCKC
[16:45:16] [46/324] JCMA
[16:45:17] [47/324] BSMP
[16:45:18] [48/324] VSPA
[16:45:19] [49/324] DJYA
[16:45:20] [50/324] DIMP
[16:45:21] [51/324] FXDR
[16:45:22] [52/324] SSRC
[16:45:23] [53/324] STHP
[16:45:24] [54/324] CPPD
[16:45:25] [55/324] FCLK
[16:45:26] [56/324] SCPP
[16:45:27] [57/324] DCMJ
[16:45:29] [58/324] RCCR
[16:45:29] [59/324] INMT
[16:45:31] [60/324] LXTK
[16:45:31] [61/324] SRYK
[16:45:32] [62/324] SGDK
[16:45:34] [63/324] PPKA
[16:45:35] [64/324] SPKA
[16:45:37] [65/324] CGHH
[16:45:38] [66/324] DCJN
[16:45:39] [67/324] SRKV
[16:45:40] [68/324] SAJC
[16:45:42] [69/324] SUSR
[16:45:42] [70/324] STYG
[16:45:43] [71/324] NTKP
[16:45:44] [72/324] AKTG
[16:45:45] [73/324] CGCM
[16:45:46] [74/324] TULC
[16:45:47] [75/324] NYYZ
[16:45:48] [76/324] NYBW
[16:45:49] [77/324] MACB
[16:45:50] [78/324] SLVT
[16:45:51] [79/324] SANA
[16:45:51] [80/324] ACMR
[16:45:52] [81/324] CPKN
[16:45:53] [82/324] DLGK
[16:45:54] [83/324] CWCK
[16:45:55] [84/324] FDDH
[16:45:56] [85/324] MMMD
[16:45:58] [86/324] CMEH
[16:45:59] [87/324] GGGV
[16:46:00] [88/324] SPJL
[16:46:00] [89/324] RCCD
[16:46:01] [90/324] STTZ
[16:46:02] [91/324] BTCF
[16:46:03] [92/324] TSTZ
[16:46:03] [93/324] IPMM
[16:46:04] [94/324] PMPW
[16:46:05] [95/324] PCMZ
[16:46:06] [96/324] ESEM
[16:46:07] [97/324] PIPO
[16:46:08] [98/324] MATK
[16:46:09] [99/324] PGHM
[16:46:10] [100/324] CTSR
[16:46:11] [101/324] CYKR
[16:46:12] [102/324] MSCM
[16:46:13] [103/324] RFNP
[16:46:14] [104/324] PDCP
[16:46:16] [105/324] NPSE
[16:46:17] [106/324] MKML
[16:46:17] [107/324] FTDP
[16:46:18] [108/324] MMXA
[16:46:19] [109/324] CEPO
[16:46:20] [110/324] CMVP
[16:46:21] [111/324] SGTH
[16:46:22] [112/324] SAYN
[16:46:23] [113/324] URVS
[16:46:24] [114/324] VJTN
[16:46:25] [115/324] BBYK
[16:46:26] [116/324] SHBO
[16:46:27] [117/324] VCMR
[16:46:28] [118/324] MACT
[16:46:29] [119/324] JMNP
[16:46:30] [120/324] VICS
[16:46:31] [121/324] VCDA
[16:46:32] [122/324] GCMM
[16:46:33] [123/324] INVS
[16:46:35] [124/324] SCGM
[16:46:36] [125/324] PCDA
[16:46:37] [126/324] KDCT
[16:46:38] [127/324] JACS
[16:46:39] [128/324] GMMC
[16:46:40] [129/324] AICM
[16:46:41] [130/324] TJCM
[16:46:42] [131/324] RMTI
[16:46:43] [132/324] SHAC
[16:46:45] [133/324] APJC
[16:46:45] [134/324] GCTG
[16:46:46] [135/324] SSMC
[16:46:48] [136/324] THRM
[16:46:49] [137/324] RBCT
[16:46:49] [138/324] DIKT
[16:46:50] [139/324] MIDL
[16:46:52] [140/324] VCSN
[16:46:53] [141/324] SKTG
[16:46:53] [142/324] SMWC
[16:46:54] [143/324] MNKH
[16:46:55] [144/324] PIAT
[16:46:56] [145/324] LTTP
[16:46:56] [146/324] PTPU
[16:46:58] [147/324] ACMG
[16:46:59] [148/324] SHMM
[16:46:59] [149/324] MCMN
[16:47:00] [150/324] GLDC
[16:47:02] [151/324] HOUT
[16:47:03] [152/324] SVRP
[16:47:04] [153/324] PVDN
[16:47:04] [154/324] SCPY
[16:47:05] [155/324] DTPY
[16:47:06] [156/324] GKCS
[16:47:07] [157/324] NCAM
[16:47:07] [158/324] BSRM
[16:47:08] [159/324] RCLC
[16:47:09] [160/324] SKKD
[16:47:10] [161/324] ACHU
[16:47:11] [162/324] RSCF
[16:47:12] [163/324] IMSH
[16:47:13] [164/324] MACX
[16:47:15] [165/324] HMMW
[16:47:15] [166/324] JTCP
[16:47:16] [167/324] SREN
[16:47:17] [168/324] PJRR
[16:47:17] [169/324] INAC
[16:47:18] [170/324] BMCA
[16:47:20] [171/324] SHCB
[16:47:21] [172/324] GABA
[16:47:22] [173/324] SBCT
[16:47:23] [174/324] GCMA
[16:47:35] 🔄 Identity reset
[16:47:35] ❌ GCMA | ReadTimeout
[16:47:36] [175/324] MYTK
[16:47:36] 🧠 New identity created
[16:47:37] [176/324] INZS
[16:47:38] [177/324] RMIK
[16:47:39] [178/324] NYCH
[16:47:40] [179/324] RAVE
[16:47:40] [180/324] PSXM
[16:47:41] [181/324] MCGP
[16:47:42] [182/324] PDDK
[16:47:43] [183/324] SPCK
[16:47:44] [184/324] MCRL
[16:47:45] [185/324] MHKT
[16:47:46] [186/324] ANRR
[16:47:47] [187/324] SAPK
[16:47:48] [188/324] NCUK
[16:47:49] [189/324] JUGA
[16:47:50] [190/324] DBSC
[16:47:51] [191/324] LALK
[16:47:52] [192/324] GUCK
[16:47:53] [193/324] STSG
[16:47:53] [194/324] PPPZ
[16:47:54] [195/324] CNCY
[16:47:55] [196/324] MTAR
[16:47:56] [197/324] VNKD
[16:47:58] [198/324] KMAJ
[16:47:59] [199/324] ACXK
[16:48:00] [200/324] UTKC
[16:48:00] [201/324] PBLK
[16:48:01] [202/324] ACBX
[16:48:02] [203/324] PTGM
[16:48:03] [204/324] BTDA
[16:48:04] [205/324] PJMB
[16:48:05] [206/324] TPDA
[16:48:07] [207/324] AMOE
[16:48:08] [208/324] PRHT
[16:48:08] [209/324] PRTA
[16:48:09] [210/324] STAM
[16:48:10] [211/324] MSAA
[16:48:11] [212/324] SDLU
[16:48:12] [213/324] RCHH
[16:48:13] [214/324] KANT
[16:48:14] [215/324] FCRT
[16:48:15] [216/324] DNKM
[16:48:16] [217/324] RYCP
[16:48:17] [218/324] MYRP
[16:48:18] [219/324] PPAK
[16:48:19] [220/324] NVPK
[16:48:19] [221/324] PRMC
[16:48:20] [222/324] JBCS
[16:48:21] [223/324] GXCK
[16:48:22] [224/324] USKO
[16:48:23] [225/324] GTEM
[16:48:24] [226/324] SMBU
[16:48:25] [227/324] VETC
[16:48:26] [228/324] LCDA
[16:48:27] [229/324] MTVT
[16:48:28] [230/324] PYCP
[16:48:29] [231/324] PNSC
[16:48:30] [232/324] PPCC
[16:48:31] [233/324] TGRT
[16:48:32] [234/324] JYOT
[16:48:33] [235/324] SRCZ
[16:48:33] [236/324] SJTE
[16:48:35] [237/324] DESC
[16:48:37] [238/324] JHVN
[16:48:37] [239/324] IPSG
[16:48:39] [240/324] IPCM
[16:48:40] [241/324] PDRS
[16:48:41] [242/324] ANCV
[16:48:41] [243/324] CMVV
[16:48:42] [244/324] SHYP
[16:48:44] [245/324] DNCS
[16:48:45] [246/324] GAJK
[16:48:45] [247/324] AKTN
[16:48:46] [248/324] KAYA
[16:48:47] [249/324] SBRC
[16:48:48] [250/324] CHTP
[16:48:49] [251/324] SHRT
[16:48:50] [252/324] BCKU
[16:48:52] [253/324] FCPS
[16:48:52] [254/324] ARDD
[16:48:53] [255/324] CPCM
[16:48:54] [256/324] CGSM
[16:48:55] [257/324] PSMP
[16:48:56] [258/324] SDAL
[16:48:56] [259/324] RTNB
[16:48:58] [260/324] LMCR
[16:48:59] [261/324] CIMA
[16:49:00] [262/324] RNAS
[16:49:01] [263/324] LITH
[16:49:01] [264/324] PBOX
[16:49:02] [265/324] FRTS
[16:49:03] [266/324] RKIC
[16:49:05] [267/324] PTAI
[16:49:06] [268/324] GCIC
[16:49:07] [269/324] FNAS
[16:49:08] [270/324] SCAR
[16:49:09] [271/324] MTCA
[16:49:10] [272/324] SCTS
[16:49:11] [273/324] SYCS
[16:49:12] [274/324] RDMS
[16:49:13] [275/324] KAMP
[16:49:13] [276/324] ERSD
[16:49:14] [277/324] MJMJ
[16:49:15] [278/324] SRCJ
[16:49:16] [279/324] SCXE
[16:49:17] [280/324] SVFR
[16:49:18] [281/324] BHCS
[16:49:19] [282/324] IMCC
[16:49:19] [283/324] PCBO
[16:49:20] [284/324] PRVN
[16:49:21] [285/324] AUPM
[16:49:22] [286/324] INBW
[16:49:23] [287/324] SVCW
[16:49:24] [288/324] RKCF
[16:49:24] [289/324] UVBH
[16:49:25] [290/324] DNCY
[16:49:26] [291/324] ABCN
[16:49:27] [292/324] PRUR
[16:49:28] [293/324] PFMR
[16:49:29] [294/324] RKCN
[16:49:30] [295/324] CFEA
[16:49:31] [296/324] SDBG
[16:49:32] [297/324] SNAR
[16:49:33] [298/324] YISI
[16:49:34] [299/324] JCFF
[16:49:35] [300/324] VTRK
[16:49:36] [301/324] PCLZ
[16:49:36] [302/324] DIMY
[16:49:37] [303/324] BBTS
[16:49:38] [304/324] GATH
[16:49:39] [305/324] GTMN
[16:49:39] [306/324] VTMH
[16:49:40] [307/324] CCKP
[16:49:41] [308/324] GPKA
[16:49:42] [309/324] MHCL
[16:49:43] [310/324] ATCL
[16:49:44] [311/324] SBCK
[16:49:45] [312/324] AMMR
[16:49:45] [313/324] MADC
[16:49:47] [314/324] TMMA
[16:49:48] [315/324] CACC
[16:49:49] [316/324] CHAL
[16:49:50] [317/324] DURG
[16:49:51] [318/324] GMKU
[16:49:52] [319/324] GECA
[16:49:53] [320/324] KYRR
[16:49:54] [321/324] KSDE
[16:49:55] [322/324] LMCI
[16:49:56] [323/324] NKCP
[16:49:56] [324/324] BGTC
[16:49:57] 🧹 Deduping shows
[16:49:57] ✅ DONE | Shows=472 | Movies=44
