[10:12:11] 🚀 SCRIPT STARTED
[10:12:11] [1/445] TGMR
[10:12:11] 🧠 New identity created
[10:12:13] [2/445] CXKR
[10:12:15] [3/445] SROP
[10:12:15] [4/445] GTSV
[10:12:17] [5/445] SNTY
[10:12:18] [6/445] SMYY
[10:12:18] [7/445] CNCS
[10:12:19] [8/445] CSTM
[10:12:20] [9/445] NUCD
[10:12:22] [10/445] SHCZ
[10:12:23] [11/445] NJCT
[10:12:24] [12/445] COPC
[10:12:25] [13/445] STVV
[10:12:26] [14/445] SKRN
[10:12:27] [15/445] APPZ
[10:12:27] [16/445] YMGN
[10:12:28] [17/445] SVTU
[10:12:29] [18/445] GTAD
[10:12:30] [19/445] PSUS
[10:12:31] [20/445] SMCD
[10:12:32] [21/445] CMCM
[10:12:33] [22/445] SYCT
[10:12:34] [23/445] STLY
[10:12:35] [24/445] CMHU
[10:12:36] [25/445] CMSA
[10:12:37] [26/445] CLCU
[10:12:38] [27/445] PPNT
[10:12:39] [28/445] JTAB
[10:12:40] [29/445] BUUC
[10:12:41] [30/445] BSVK
[10:12:41] [31/445] VVVQ
[10:12:42] [32/445] TKMU
[10:12:43] [33/445] ESYL
[10:12:44] [34/445] ACHP
[10:12:45] [35/445] BTKD
[10:12:46] [36/445] DESA
[10:12:47] [37/445] GBCT
[10:12:47] [38/445] BLLD
[10:12:48] [39/445] SKNT
[10:12:49] [40/445] SSTE
[10:12:50] [41/445] VJMR
[10:12:51] [42/445] NTPU
[10:12:53] [43/445] RDKN
[10:12:54] [44/445] ADGC
[10:12:55] [45/445] VRBP
[10:12:56] [46/445] NMNA
[10:12:56] [47/445] CMMX
[10:12:57] [48/445] PTKO
[10:12:58] [49/445] RBML
[10:12:59] [50/445] SAIC
[10:12:59] [51/445] SVTJ
[10:13:00] [52/445] MRTE
[10:13:01] [53/445] RBTP
[10:13:03] [54/445] NLPS
[10:13:04] [55/445] GTNA
[10:13:05] [56/445] DGGC
[10:13:05] [57/445] SMCR
[10:13:06] [58/445] SCGD
[10:13:07] [59/445] SRRJ
[10:13:08] [60/445] CNRY
[10:13:09] [61/445] KTDI
[10:13:10] [62/445] SNJL
[10:13:11] [63/445] RKMD
[10:13:13] [64/445] SMDC
[10:13:13] [65/445] TADG
[10:13:14] [66/445] MCGS
[10:13:16] [67/445] PETK
[10:13:17] [68/445] CHAG
[10:13:18] [69/445] KSTL
[10:13:19] [70/445] AADS
[10:13:20] [71/445] NTHZ
[10:13:21] [72/445] HCKI
[10:13:22] [73/445] SSEF
[10:13:23] [74/445] MCGX
[10:13:24] [75/445] ERRA
[10:13:25] [76/445] SDTW
[10:13:25] [77/445] RMPK
[10:13:26] [78/445] PTHK
[10:13:27] [79/445] PXCS
[10:13:29] [80/445] SVLU
[10:13:29] [81/445] STAH
[10:13:30] [82/445] JRGF
[10:13:32] [83/445] CDOK
[10:13:32] [84/445] CMSG
[10:13:33] [85/445] APTD
[10:13:34] [86/445] KMPG
[10:13:35] [87/445] MUTJ
[10:13:36] [88/445] VCCI
[10:13:37] [89/445] URBE
[10:13:38] [90/445] TCTS
[10:13:39] [91/445] STSN
[10:13:40] [92/445] AKCH
[10:13:41] [93/445] APSC
[10:13:42] [94/445] VLTB
[10:13:43] [95/445] SANU
[10:13:44] [96/445] AXAM
[10:13:45] [97/445] MGMG
[10:13:45] [98/445] HTBY
[10:13:46] [99/445] MMZS
[10:13:47] [100/445] SUDR
[10:13:48] [101/445] CCAD
[10:13:49] [102/445] SKKC
[10:13:50] [103/445] RMCD
[10:13:51] [104/445] SBCQ
[10:13:52] [105/445] DCCT
[10:13:53] [106/445] VTKP
[10:13:54] [107/445] MLAM
[10:13:56] [108/445] SAVT
[10:13:57] [109/445] GEPL
[10:13:58] [110/445] AMCD
[10:13:58] [111/445] CCXR
[10:13:59] [112/445] GRNG
[10:14:01] [113/445] EBCA
[10:14:02] [114/445] CNVG
[10:14:03] [115/445] MWSS
[10:14:03] [116/445] VBOR
[10:14:04] [117/445] NEEB
[10:14:05] [118/445] SUTH
[10:14:06] [119/445] ANDB
[10:14:08] [120/445] MMXS
[10:14:10] [121/445] CNPD
[10:14:11] [122/445] SDCE
[10:14:12] [123/445] DHCB
[10:14:13] [124/445] ODEN
[10:14:14] [125/445] TNTC
[10:14:15] [126/445] VBKM
[10:14:16] [127/445] RZYM
[10:14:17] [128/445] JEMC
[10:14:17] [129/445] CMAU
[10:14:18] [130/445] SIVP
[10:14:19] [131/445] ATAG
[10:14:20] [132/445] CHTM
[10:14:21] [133/445] AAEE
[10:14:22] [134/445] IWPM
[10:14:22] [135/445] KCMW
[10:14:23] [136/445] MCTD
[10:14:24] [137/445] SPWR
[10:14:26] [138/445] SDPO
[10:14:27] [139/445] PCSK
[10:14:28] [140/445] ACHV
[10:14:28] [141/445] SVLA
[10:14:29] [142/445] PICT
[10:14:30] [143/445] BXDR
[10:14:31] [144/445] SPWA
[10:14:32] [145/445] MCKO
[10:14:33] [146/445] RTHK
[10:14:34] [147/445] CCMF
[10:14:35] [148/445] MRGB
[10:14:36] [149/445] CPLC
[10:14:37] [150/445] RACD
[10:14:38] [151/445] ATKT
[10:14:39] [152/445] SARN
[10:14:40] [153/445] KKUI
[10:14:41] [154/445] RGCM
[10:14:42] [155/445] BRVP
[10:14:43] [156/445] HRSR
[10:14:44] [157/445] GKGM
[10:14:45] [158/445] TTCD
[10:14:46] [159/445] PTTI
[10:14:47] [160/445] MPTT
[10:14:48] [161/445] CVTT
[10:14:49] [162/445] PCXD
[10:14:49] [163/445] GCDC
[10:14:50] [164/445] CCCF
[10:14:51] [165/445] MRAD
[10:14:52] [166/445] CPLK
[10:14:53] [167/445] SATB
[10:14:54] [168/445] SNVG
[10:14:55] [169/445] JMBA
[10:14:56] [170/445] TEJA
[10:14:57] [171/445] STYO
[10:14:57] [172/445] JTBP
[10:14:58] [173/445] KRGD
[10:14:59] [174/445] SLJJ
[10:15:00] [175/445] SPTJ
[10:15:01] [176/445] SWJG
[10:15:02] [177/445] LKRT
[10:15:03] [178/445] KCKA
[10:15:04] [179/445] SNCR
[10:15:05] [180/445] SMKL
[10:15:06] [181/445] GCFA
[10:15:07] [182/445] DDCK
[10:15:07] [183/445] NCHJ
[10:15:08] [184/445] RDMA
[10:15:09] [185/445] SVSV
[10:15:11] [186/445] SCJG
[10:15:12] [187/445] VKLP
[10:15:13] [188/445] NWCC
[10:15:14] [189/445] VKNS
[10:15:15] [190/445] SDDP
[10:15:16] [191/445] ACSI
[10:15:17] [192/445] SATG
[10:15:17] [193/445] SCMW
[10:15:18] [194/445] LKTK
[10:15:20] [195/445] VCKV
[10:15:20] [196/445] KKPE
[10:15:21] [197/445] KIGH
[10:15:22] [198/445] SRPM
[10:15:23] [199/445] SCAH
[10:15:24] [200/445] MUTA
[10:15:25] [201/445] SEPU
[10:15:26] [202/445] INOA
[10:15:27] [203/445] BASK
[10:15:28] [204/445] NECB
[10:15:29] [205/445] GTTG
[10:15:30] [206/445] ASSA
[10:15:31] [207/445] ANCL
[10:15:32] [208/445] GCTI
[10:15:33] [209/445] RCTS
[10:15:33] [210/445] ACNL
[10:15:34] [211/445] MYCT
[10:15:35] [212/445] NMHT
[10:15:36] [213/445] MDIT
[10:15:37] [214/445] LATG
[10:15:38] [215/445] SMTY
[10:15:39] [216/445] CVCT
[10:15:40] [217/445] RAMB
[10:15:40] [218/445] TGMS
[10:15:41] [219/445] BHEL
[10:15:43] [220/445] SHCT
[10:15:43] [221/445] SVCT
[10:15:44] [222/445] MRIY
[10:15:45] [223/445] SARO
[10:15:46] [224/445] STCT
[10:15:47] [225/445] JKKC
[10:15:48] [226/445] PLTT
[10:15:48] [227/445] SRNT
[10:15:49] [228/445] YAST
[10:15:50] [229/445] PERL
[10:15:51] [230/445] CICM
[10:15:53] [231/445] MMTR
[10:15:54] [232/445] ABTK
[10:15:55] [233/445] ATYY
[10:15:55] [234/445] ASTK
[10:15:56] [235/445] VVCK
[10:15:58] [236/445] ATKY
[10:15:58] [237/445] GWEK
[10:15:59] [238/445] SVFH
[10:16:00] [239/445] SLTA
[10:16:01] [240/445] AASH
[10:16:01] [241/445] ACXB
[10:16:02] [242/445] SMTX
[10:16:03] [243/445] AZDH
[10:16:04] [244/445] CMMH
[10:16:05] [245/445] SCSZ
[10:16:06] [246/445] SCKP
[10:16:07] [247/445] NXTM
[10:16:08] [248/445] NWCS
[10:16:08] [249/445] CXMH
[10:16:09] [250/445] PCMA
[10:16:10] [251/445] SGCM
[10:16:11] [252/445] SDTU
[10:16:12] [253/445] MMVI
[10:16:13] [254/445] JKCM
[10:16:14] [255/445] VCMM
[10:16:15] [256/445] SYEE
[10:16:16] [257/445] VASD
[10:16:17] [258/445] BDRB
[10:16:18] [259/445] LASM
[10:16:19] [260/445] DCRL
[10:16:20] [261/445] DVPM
[10:16:21] [262/445] SBMJ
[10:16:22] [263/445] CBMU
[10:16:22] [264/445] IUBS
[10:16:23] [265/445] INAP
[10:16:24] [266/445] SRRC
[10:16:25] [267/445] SAGR
[10:16:26] [268/445] CPMJ
[10:16:27] [269/445] ATJL
[10:16:28] [270/445] NNTD
[10:16:30] [271/445] JHCJ
[10:16:30] [272/445] CMMP
[10:16:31] [273/445] RSDR
[10:16:32] [274/445] AMTI
[10:16:33] [275/445] NYSG
[10:16:34] [276/445] AVSG
[10:16:34] [277/445] SYTP
[10:16:35] [278/445] LARC
[10:16:36] [279/445] RJTP
[10:16:37] [280/445] LAKC
[10:16:38] [281/445] MCXE
[10:16:39] [282/445] CCZC
[10:16:40] [283/445] AVCH
[10:16:41] [284/445] CMBE
[10:16:42] [285/445] MRRC
[10:16:43] [286/445] PCPY
[10:16:44] [287/445] SRMH
[10:16:45] [288/445] SVGS
[10:16:46] [289/445] PCSE
[10:16:47] [290/445] SVFT
[10:16:48] [291/445] TNZP
[10:16:49] [292/445] ICTP
[10:16:50] [293/445] ACTZ
[10:16:51] [294/445] GTUR
[10:16:52] [295/445] MAFC
[10:16:52] [296/445] MINL
[10:16:53] [297/445] MRCL
[10:16:54] [298/445] RCRP
[10:16:55] [299/445] RFFG
[10:16:56] [300/445] RMAS
[10:16:57] [301/445] INVR
[10:16:57] [302/445] RMAR
[10:16:58] [303/445] CNIS
[10:16:59] [304/445] RHRJ
[10:17:00] [305/445] INXR
[10:17:01] [306/445] VALT
[10:17:01] [307/445] LCSH
[10:17:03] [308/445] CMVS
[10:17:04] [309/445] CNMS
[10:17:05] [310/445] ROOG
[10:17:05] [311/445] ISRM
[10:17:06] [312/445] RCRM
[10:17:08] [313/445] ACJA
[10:17:09] [314/445] RCVS
[10:17:09] [315/445] CPUS
[10:17:10] [316/445] TGCS
[10:17:11] [317/445] RKCJ
[10:17:12] [318/445] MKSB
[10:17:13] [319/445] TCSJ
[10:17:14] [320/445] RMGP
[10:17:15] [321/445] CLLP
[10:17:15] [322/445] RCMV
[10:17:17] [323/445] CCKS
[10:17:18] [324/445] RSRP
[10:17:19] [325/445] APLP
[10:17:20] [326/445] CNVS
[10:17:21] [327/445] RMVY
[10:17:21] [328/445] PGBD
[10:17:22] [329/445] KLMS
[10:17:24] [330/445] RUST
[10:17:26] [331/445] MASM
[10:17:26] [332/445] BACS
[10:17:27] [333/445] BWST
[10:17:28] [334/445] RRFH
[10:17:29] [335/445] SJTM
[10:17:29] [336/445] BEMR
[10:17:30] [337/445] MCGR
[10:17:31] [338/445] SDSK
[10:17:33] [339/445] VBOL
[10:17:34] [340/445] RMGM
[10:17:34] [341/445] NOPL
[10:17:35] [342/445] MKJK
[10:17:36] [343/445] CVRN
[10:17:37] [344/445] MMEN
[10:17:38] [345/445] AMNG
[10:17:38] [346/445] INTM
[10:17:39] [347/445] SLCZ
[10:17:40] [348/445] AMJN
[10:17:41] [349/445] ACJN
[10:17:41] [350/445] AMKN
[10:17:43] [351/445] BTCN
[10:17:44] [352/445] AMBT
[10:17:45] [353/445] PACN
[10:17:46] [354/445] LCNS
[10:17:47] [355/445] PPKC
[10:17:47] [356/445] JYYN
[10:17:48] [357/445] JTNR
[10:17:49] [358/445] GTEE
[10:17:50] [359/445] SRNM
[10:17:51] [360/445] SDTC
[10:17:52] [361/445] VPCA
[10:17:53] [362/445] VLRA
[10:17:54] [363/445] SHKR
[10:17:55] [364/445] SBKD
[10:17:56] [365/445] SAAD
[10:17:57] [366/445] JTGN
[10:17:57] [367/445] SLAM
[10:17:58] [368/445] VTPM
[10:17:59] [369/445] ANPT
[10:18:00] [370/445] PUNB
[10:18:00] [371/445] CPKT
[10:18:01] [372/445] CNWE
[10:18:02] [373/445] ECPP
[10:18:03] [374/445] CPAR
[10:18:04] [375/445] ESBW
[10:18:05] [376/445] PKPU
[10:18:05] [377/445] CPRP
[10:18:06] [378/445] RAHU
[10:18:07] [379/445] RHMN
[10:18:08] [380/445] FMJP
[10:18:09] [381/445] CTMP
[10:18:10] [382/445] INPN
[10:18:10] [383/445] STTG
[10:18:12] [384/445] CTRD
[10:18:12] [385/445] PUVB
[10:18:13] [386/445] ESVP
[10:18:15] [387/445] CPFT
[10:18:17] [388/445] LCPC
[10:18:18] [389/445] VBCT
[10:18:18] [390/445] FSCW
[10:18:20] [391/445] VCMP
[10:18:21] [392/445] ASHC
[10:18:22] [393/445] VLCX
[10:18:22] [394/445] SHEV
[10:18:23] [395/445] APCO
[10:18:25] [396/445] SILC
[10:18:26] [397/445] SNMR
[10:18:27] [398/445] KYBO
[10:18:29] [399/445] SATK
[10:18:30] [400/445] SSCS
[10:18:30] [401/445] CLSB
[10:18:31] [402/445] KMJR
[10:18:32] [403/445] FSCK
[10:18:34] [404/445] NNKA
[10:18:35] [405/445] CLMK
[10:18:35] [406/445] DMPZ
[10:18:36] [407/445] INQM
[10:18:37] [408/445] CAML
[10:18:38] [409/445] INRK
[10:18:39] [410/445] IMKN
[10:18:40] [411/445] SVNR
[10:18:41] [412/445] INSL
[10:18:42] [413/445] MSMA
[10:18:42] [414/445] MCKK
[10:18:43] [415/445] FCHP
[10:18:44] [416/445] SFCR
[10:18:44] [417/445] NACK
[10:18:45] [418/445] PVAK
[10:18:46] [419/445] INER
[10:18:48] [420/445] RDBK
[10:18:49] [421/445] SVFN
[10:18:50] [422/445] IFRM
[10:18:52] [423/445] ATCK
[10:18:53] [424/445] ASKO
[10:18:54] [425/445] STKT
[10:18:55] [426/445] SVFB
[10:18:56] [427/445] INKS
[10:18:56] [428/445] PCRA
[10:18:57] [429/445] ATJA
[10:18:58] [430/445] IMJN
[10:18:59] [431/445] INHD
[10:19:00] [432/445] BARA
[10:19:00] [433/445] MCSL
[10:19:01] [434/445] RTOY
[10:19:02] [435/445] MENO
[10:19:03] [436/445] PUDM
[10:19:04] [437/445] PRCN
[10:19:05] [438/445] JMJR
[10:19:06] [439/445] SSGK
[10:19:07] [440/445] SSRL
[10:19:07] [441/445] JYKL
[10:19:08] [442/445] ACNB
[10:19:09] [443/445] SONP
[10:19:11] [444/445] EMCI
[10:19:12] [445/445] MRJH
[10:19:12] 🧹 Deduping shows
[10:19:12] ✅ DONE | Shows=313 | Movies=47
