[10:12:06] 🚀 SCRIPT STARTED
[10:12:06] [1/459] NECA
[10:12:06] 🧠 New identity created
[10:12:08] [2/459] BJLC
[10:12:09] [3/459] BASU
[10:12:10] [4/459] RUPI
[10:12:10] [5/459] LCBK
[10:12:11] [6/459] PMAC
[10:12:12] [7/459] AMLC
[10:12:13] [8/459] LICL
[10:12:14] [9/459] UDMM
[10:12:16] [10/459] STBZ
[10:12:17] [11/459] UUBT
[10:12:18] [12/459] SJKC
[10:12:19] [13/459] TUAL
[10:12:20] [14/459] MRSE
[10:12:21] [15/459] RMRK
[10:12:22] [16/459] TTKP
[10:12:23] [17/459] KTKO
[10:12:24] [18/459] SDBK
[10:12:25] [19/459] MCPR
[10:12:26] [20/459] CHTI
[10:12:27] [21/459] GCCP
[10:12:28] [22/459] SRMY
[10:12:29] [23/459] NYST
[10:12:30] [24/459] NYAG
[10:12:31] [25/459] SBMT
[10:12:33] [26/459] INGA
[10:12:34] [27/459] WSIC
[10:12:35] [28/459] SCSS
[10:12:35] [29/459] COPG
[10:12:36] [30/459] RCGR
[10:12:37] [31/459] TCZA
[10:12:38] [32/459] CNLP
[10:12:39] [33/459] CLKN
[10:12:40] [34/459] LHDF
[10:12:42] [35/459] ELKC
[10:12:43] [36/459] VCEM
[10:12:44] [37/459] SSZA
[10:12:45] [38/459] KRMT
[10:12:46] [39/459] LCMV
[10:12:47] [40/459] AYCZ
[10:12:48] [41/459] CUMS
[10:12:49] [42/459] BOCK
[10:12:50] [43/459] PNMR
[10:12:50] [44/459] PJCP
[10:12:51] [45/459] JDDD
[10:12:52] [46/459] STMS
[10:12:53] [47/459] FLMB
[10:12:54] [48/459] PKCM
[10:12:55] [49/459] SPPR
[10:12:56] [50/459] EYLH
[10:12:57] [51/459] RJCC
[10:12:58] [52/459] MMPS
[10:12:59] [53/459] SHMX
[10:12:59] [54/459] CCNL
[10:13:00] [55/459] RCNV
[10:13:02] [56/459] MAAG
[10:13:03] [57/459] LXCM
[10:13:04] [58/459] RCNI
[10:13:05] [59/459] SNNI
[10:13:06] [60/459] LALC
[10:13:07] [61/459] SOCN
[10:13:08] [62/459] JHTP
[10:13:09] [63/459] PITP
[10:13:10] [64/459] CCKW
[10:13:11] [65/459] MCMC
[10:13:12] [66/459] DEES
[10:13:13] [67/459] SABT
[10:13:14] [68/459] VSPP
[10:13:15] [69/459] ABCT
[10:13:16] [70/459] JVTB
[10:13:17] [71/459] VCBD
[10:13:18] [72/459] RMGG
[10:13:18] [73/459] RNMH
[10:13:19] [74/459] SPGL
[10:13:20] [75/459] JTTR
[10:13:21] [76/459] SICS
[10:13:22] [77/459] SRMI
[10:13:23] [78/459] SSIJ
[10:13:24] [79/459] KFMT
[10:13:25] [80/459] VBIT
[10:13:26] [81/459] JKCT
[10:13:27] [82/459] GCGP
[10:13:28] [83/459] GDCS
[10:13:29] [84/459] TRBA
[10:13:30] [85/459] QUST
[10:13:31] [86/459] VSHM
[10:13:32] [87/459] SDCP
[10:13:33] [88/459] SNVS
[10:13:34] [89/459] NYTO
[10:13:35] [90/459] URWC
[10:13:35] [91/459] GTWH
[10:13:37] [92/459] PFCM
[10:13:38] [93/459] KRTA
[10:13:39] [94/459] AXMC
[10:13:40] [95/459] EVMC
[10:13:41] [96/459] HGSM
[10:13:42] [97/459] ACVM
[10:13:43] [98/459] PSKL
[10:13:44] [99/459] RDMP
[10:13:45] [100/459] RHGH
[10:13:46] [101/459] OMCM
[10:13:47] [102/459] DCCP
[10:13:47] [103/459] MCPB
[10:13:48] [104/459] ALCI
[10:13:49] [105/459] BLMX
[10:13:50] [106/459] BTMV
[10:13:51] [107/459] FVPN
[10:13:52] [108/459] CMAR
[10:13:54] [109/459] CEIM
[10:13:55] [110/459] CMVA
[10:13:56] [111/459] CPIV
[10:13:57] [112/459] CNPE
[10:13:58] [113/459] COLV
[10:13:59] [114/459] DNNV
[10:14:00] [115/459] HCAD
[10:14:01] [116/459] TAKA
[10:14:02] [117/459] INVD
[10:14:02] [118/459] IRMM
[10:14:03] [119/459] INSE
[10:14:04] [120/459] MRSW
[10:14:05] [121/459] MCVD
[10:14:06] [122/459] MCSO
[10:14:08] [123/459] PEVM
[10:14:09] [124/459] PVNL
[10:14:10] [125/459] PTCV
[10:14:11] [126/459] PRTC
[10:14:12] [127/459] RCVA
[10:14:13] [128/459] MTBN
[10:14:15] [129/459] LUCP
[10:14:16] [130/459] FMPT
[10:14:17] [131/459] JLSL
[10:14:18] [132/459] SBHA
[10:14:18] [133/459] SHRC
[10:14:19] [134/459] AVPS
[10:14:21] [135/459] STPM
[10:14:22] [136/459] ATRD
[10:14:23] [137/459] VTED
[10:14:23] [138/459] ACAI
[10:14:24] [139/459] SMAE
[10:14:25] [140/459] VMAT
[10:14:26] [141/459] LKCT
[10:14:27] [142/459] JTVK
[10:14:28] [143/459] PRTY
[10:14:29] [144/459] GETT
[10:14:30] [145/459] ESAP
[10:14:31] [146/459] NCPM
[10:14:32] [147/459] PCPA
[10:14:33] [148/459] MMOM
[10:14:34] [149/459] PHUP
[10:14:34] [150/459] CCPI
[10:14:35] [151/459] CNTD
[10:14:36] [152/459] NLJR
[10:14:37] [153/459] SRNG
[10:14:38] [154/459] MHAL
[10:14:39] [155/459] PNSM
[10:14:40] [156/459] DRMY
[10:14:41] [157/459] CCMU
[10:14:42] [158/459] SCMY
[10:14:43] [159/459] PVSY
[10:14:44] [160/459] SDLM
[10:14:45] [161/459] ICCM
[10:14:46] [162/459] PYSU
[10:14:47] [163/459] GATM
[10:14:47] [164/459] WOTM
[10:14:49] [165/459] RKTS
[10:14:50] [166/459] PMTY
[10:14:51] [167/459] LYMS
[10:14:51] [168/459] TGCA
[10:14:52] [169/459] DSTA
[10:14:53] [170/459] CNGE
[10:14:55] [171/459] VSTG
[10:14:56] [172/459] GTCK
[10:14:57] [173/459] TGNT
[10:14:58] [174/459] ASLC
[10:15:00] [175/459] SSST
[10:15:00] [176/459] KBTT
[10:15:01] [177/459] HKCP
[10:15:02] [178/459] SWLC
[10:15:03] [179/459] RTND
[10:15:04] [180/459] PKKT
[10:15:05] [181/459] HSTK
[10:15:06] [182/459] SPTT
[10:15:06] [183/459] IMPM
[10:15:07] [184/459] SCMV
[10:15:08] [185/459] SPCT
[10:15:09] [186/459] JBCA
[10:15:10] [187/459] ATTR
[10:15:11] [188/459] SPMT
[10:15:12] [189/459] LCTM
[10:15:13] [190/459] SCVL
[10:15:14] [191/459] SCVT
[10:15:14] [192/459] KRIC
[10:15:16] [193/459] CTMG
[10:15:17] [194/459] ACNC
[10:15:17] [195/459] DMCK
[10:15:18] [196/459] KMTV
[10:15:19] [197/459] PFCJ
[10:15:20] [198/459] VNMD
[10:15:21] [199/459] VPCZ
[10:15:22] [200/459] SRYR
[10:15:23] [201/459] SYTR
[10:15:24] [202/459] GATR
[10:15:26] [203/459] URTR
[10:15:27] [204/459] MKSM
[10:15:28] [205/459] VSMH
[10:15:29] [206/459] SKRJ
[10:15:30] [207/459] SSJR
[10:15:31] [208/459] SVSM
[10:15:33] [209/459] RUCM
[10:15:33] [210/459] PRKN
[10:15:34] [211/459] RROH
[10:15:35] [212/459] SCTN
[10:15:36] [213/459] RTDM
[10:15:37] [214/459] ASRM
[10:15:38] [215/459] SKMD
[10:15:39] [216/459] SUTD
[10:15:40] [217/459] SADM
[10:15:41] [218/459] WCNR
[10:15:42] [219/459] CNED
[10:15:43] [220/459] MPDB
[10:15:44] [221/459] KTBH
[10:15:44] [222/459] IDRM
[10:15:45] [223/459] PJJT
[10:15:46] [224/459] PFCV
[10:15:47] [225/459] AACT
[10:15:48] [226/459] AAAD
[10:15:49] [227/459] ANES
[10:15:50] [228/459] MNCA
[10:15:51] [229/459] RMGU
[10:15:52] [230/459] DLCN
[10:15:52] [231/459] LJWT
[10:15:53] [232/459] MCBG
[10:15:54] [233/459] MYBG
[10:15:55] [234/459] GCCA
[10:15:56] [235/459] GCGA
[10:15:57] [236/459] ECGN
[10:15:58] [237/459] PRAB
[10:15:59] [238/459] PNMP
[10:16:00] [239/459] GCPT
[10:16:01] [240/459] ROYN
[10:16:02] [241/459] VATM
[10:16:03] [242/459] KSNT
[10:16:04] [243/459] ACTC
[10:16:05] [244/459] PLTD
[10:16:06] [245/459] SKMK
[10:16:07] [246/459] CMTT
[10:16:08] [247/459] SMXP
[10:16:09] [248/459] SCMX
[10:16:11] [249/459] ACXN
[10:16:12] [250/459] ASWT
[10:16:13] [251/459] VVVL
[10:16:13] [252/459] NAGO
[10:16:14] [253/459] SNCN
[10:16:15] [254/459] MCKP
[10:16:16] [255/459] SAMO
[10:16:17] [256/459] JBTV
[10:16:19] [257/459] DCVV
[10:16:19] [258/459] KMSV
[10:16:21] [259/459] KDCN
[10:16:21] [260/459] CNCP
[10:16:23] [261/459] HAMC
[10:16:24] [262/459] CCVZ
[10:16:25] [263/459] NCCK
[10:16:26] [264/459] MCHR
[10:16:27] [265/459] SCHT
[10:16:27] [266/459] ESSH
[10:16:28] [267/459] CUJC
[10:16:29] [268/459] PECP
[10:16:30] [269/459] PMMI
[10:16:32] [270/459] PCCH
[10:16:33] [271/459] PRPM
[10:16:34] [272/459] PVKL
[10:16:35] [273/459] CBSM
[10:16:36] [274/459] PVCZ
[10:16:37] [275/459] PCVV
[10:16:38] [276/459] CTMJ
[10:16:39] [277/459] RCPS
[10:16:40] [278/459] PCIT
[10:16:41] [279/459] FNCH
[10:16:42] [280/459] INZD
[10:16:43] [281/459] INPC
[10:16:44] [282/459] LCZP
[10:16:45] [283/459] SMCB
[10:16:46] [284/459] PTSB
[10:16:47] [285/459] TPSI
[10:16:48] [286/459] KHMJ
[10:16:49] [287/459] RCCJ
[10:16:50] [288/459] NCJA
[10:16:51] [289/459] NCJN
[10:16:52] [290/459] BTDP
[10:16:53] [291/459] PADY
[10:16:54] [292/459] NYBH
[10:16:55] [293/459] MTBR
[10:16:55] [294/459] KRBC
[10:16:56] [295/459] DKTI
[10:16:57] [296/459] ANAN
[10:16:58] [297/459] INBP
[10:16:59] [298/459] PATB
[10:17:00] [299/459] RGNT
[10:17:01] [300/459] CGPM
[10:17:01] [301/459] INTN
[10:17:02] [302/459] MCMP
[10:17:03] [303/459] ASRG
[10:17:04] [304/459] CXJD
[10:17:05] [305/459] SPCP
[10:17:06] [306/459] CSTP
[10:17:07] [307/459] PKVC
[10:17:08] [308/459] ESCP
[10:17:09] [309/459] CAEP
[10:17:10] [310/459] CCSP
[10:17:11] [311/459] KTPC
[10:17:12] [312/459] DACA
[10:17:13] [313/459] NVKY
[10:17:14] [314/459] PTIN
[10:17:14] [315/459] SCIN
[10:17:15] [316/459] MCTY
[10:17:16] [317/459] PCMX
[10:17:17] [318/459] INIC
[10:17:18] [319/459] MMZM
[10:17:19] [320/459] SSLP
[10:17:20] [321/459] DTDT
[10:17:21] [322/459] FFCX
[10:17:22] [323/459] RCMM
[10:17:23] [324/459] KYID
[10:17:24] [325/459] CSCI
[10:17:25] [326/459] FCMC
[10:17:27] [327/459] MMXI
[10:17:27] [328/459] ASTC
[10:17:28] [329/459] CMRA
[10:17:29] [330/459] DICI
[10:17:30] [331/459] KDIN
[10:17:31] [332/459] PRFI
[10:17:32] [333/459] SVFC
[10:17:33] [334/459] UCPL
[10:17:34] [335/459] COOC
[10:17:35] [336/459] SCAL
[10:17:36] [337/459] SVFF
[10:17:37] [338/459] VCMG
[10:17:38] [339/459] UUCT
[10:17:39] [340/459] GCSE
[10:17:40] [341/459] SUSC
[10:17:41] [342/459] MISC
[10:17:41] [343/459] RMBL
[10:17:42] [344/459] CMXN
[10:17:44] [345/459] PVBK
[10:17:45] [346/459] HHCG
[10:17:46] [347/459] SCAG
[10:17:48] [348/459] CNPR
[10:17:48] [349/459] CSER
[10:17:49] [350/459] HLWD
[10:17:50] [351/459] BOLY
[10:17:51] [352/459] SSPG
[10:17:52] [353/459] MUPX
[10:17:53] [354/459] HAMR
[10:17:53] [355/459] SDNC
[10:17:55] [356/459] RTEN
[10:17:56] [357/459] SDTD
[10:17:56] [358/459] KAWS
[10:17:57] [359/459] CMZX
[10:17:58] [360/459] DCDD
[10:17:59] [361/459] ALSN
[10:18:00] [362/459] IMXS
[10:18:01] [363/459] PVFF
[10:18:02] [364/459] PVOO
[10:18:03] [365/459] CFBS
[10:18:04] [366/459] PVER
[10:18:05] [367/459] PPNX
[10:18:06] [368/459] CNRM
[10:18:07] [369/459] PVWW
[10:18:08] [370/459] INMB
[10:18:09] [371/459] CPJR
[10:18:10] [372/459] INRZ
[10:18:11] [373/459] PMSR
[10:18:13] [374/459] GPGM
[10:18:14] [375/459] PGWB
[10:18:15] [376/459] PMBR
[10:18:16] [377/459] GPAM
[10:18:17] [378/459] INBC
[10:18:17] [379/459] PZVK
[10:18:18] [380/459] CPEB
[10:18:19] [381/459] FMLB
[10:18:21] [382/459] INBG
[10:18:22] [383/459] GPBR
[10:18:23] [384/459] PAAS
[10:18:24] [385/459] VTBR
[10:18:25] [386/459] GPMY
[10:18:26] [387/459] GYBU
[10:18:27] [388/459] INBJ
[10:18:28] [389/459] LKTH
[10:18:29] [390/459] NSBR
[10:18:30] [391/459] PDRD
[10:18:31] [392/459] VRBL
[10:18:32] [393/459] VTGB
[10:18:33] [394/459] VTSK
[10:18:34] [395/459] BKDV
[10:18:35] [396/459] SVTB
[10:18:36] [397/459] MLDT
[10:18:37] [398/459] NRBL
[10:18:37] [399/459] SLTR
[10:18:38] [400/459] VNKA
[10:18:39] [401/459] TDCA
[10:18:40] [402/459] INBM
[10:18:41] [403/459] SSNR
[10:18:42] [404/459] BHAC
[10:18:43] [405/459] SDSD
[10:18:44] [406/459] SAMP
[10:18:45] [407/459] RATK
[10:18:46] [408/459] KCBI
[10:18:47] [409/459] URBL
[10:18:48] [410/459] MKBG
[10:18:49] [411/459] ASTB
[10:18:50] [412/459] VBWT
[10:18:51] [413/459] GPSM
[10:18:52] [414/459] ROON
[10:18:53] [415/459] CHTH
[10:18:54] [416/459] SSPA
[10:18:55] [417/459] ANBL
[10:18:56] [418/459] VTBE
[10:18:57] [419/459] SVKT
[10:18:58] [420/459] SVYK
[10:18:59] [421/459] PTBK
[10:19:00] [422/459] RKTB
[10:19:01] [423/459] BALT
[10:19:02] [424/459] STSV
[10:19:04] [425/459] VCCB
[10:19:04] [426/459] SLTB
[10:19:06] [427/459] SBCR
[10:19:07] [428/459] VDCS
[10:19:08] [429/459] MDKI
[10:19:09] [430/459] SMRN
[10:19:11] [431/459] PTBC
[10:19:12] [432/459] RADI
[10:19:12] [433/459] ADCR
[10:19:13] [434/459] SDCS
[10:19:14] [435/459] SRPJ
[10:19:15] [436/459] ARTS
[10:19:16] [437/459] SRHK
[10:19:17] [438/459] SPAY
[10:19:18] [439/459] GPTB
[10:19:19] [440/459] SNNN
[10:19:20] [441/459] BALJ
[10:19:21] [442/459] TRIG
[10:19:22] [443/459] GTYT
[10:19:23] [444/459] ATGN
[10:19:24] [445/459] ANTE
[10:19:25] [446/459] BDCG
[10:19:26] [447/459] VECI
[10:19:26] [448/459] SCPR
[10:19:27] [449/459] RTEA
[10:19:28] [450/459] JSAI
[10:19:29] [451/459] VJTP
[10:19:30] [452/459] GNDS
[10:19:31] [453/459] PAXA
[10:19:32] [454/459] CGGM
[10:19:33] [455/459] ACKZ
[10:19:34] [456/459] EMCC
[10:19:35] [457/459] KLSK
[10:19:36] [458/459] AVCK
[10:19:37] [459/459] JTCK
[10:19:38] 🧹 Deduping shows
[10:19:38] ✅ DONE | Shows=300 | Movies=44
