[10:12:04] 🚀 SCRIPT STARTED
[10:12:04] [1/459] MBDC
[10:12:04] 🧠 New identity created
[10:12:05] [2/459] CHKM
[10:12:06] [3/459] JTKZ
[10:12:07] [4/459] CMCT
[10:12:08] [5/459] ASHO
[10:12:09] [6/459] ECDG
[10:12:10] [7/459] SPAT
[10:12:11] [8/459] HILC
[10:12:12] [9/459] SPPH
[10:12:13] [10/459] SBHN
[10:12:14] [11/459] RRCA
[10:12:15] [12/459] APAA
[10:12:16] [13/459] RAME
[10:12:18] [14/459] TMMS
[10:12:19] [15/459] BATK
[10:12:21] [16/459] LKOP
[10:12:22] [17/459] AMTT
[10:12:24] [18/459] PTGK
[10:12:25] [19/459] ANRS
[10:12:25] [20/459] VWBW
[10:12:27] [21/459] SVFG
[10:12:28] [22/459] STAT
[10:12:29] [23/459] GDCV
[10:12:30] [24/459] VEBI
[10:12:31] [25/459] VDSS
[10:12:32] [26/459] NTHV
[10:12:33] [27/459] AOCH
[10:12:34] [28/459] KASR
[10:12:35] [29/459] AYCS
[10:12:36] [30/459] SHAI
[10:12:37] [31/459] SKPE
[10:12:38] [32/459] SBTA
[10:12:39] [33/459] RTTD
[10:12:41] [34/459] CCJD
[10:12:41] [35/459] RSJJ
[10:12:43] [36/459] RKND
[10:12:44] [37/459] SVTX
[10:12:45] [38/459] BAKM
[10:12:46] [39/459] SVDC
[10:12:47] [40/459] MNCV
[10:12:48] [41/459] SJGC
[10:12:49] [42/459] MTPK
[10:12:50] [43/459] GATP
[10:12:51] [44/459] ABTS
[10:12:52] [45/459] ABDE
[10:12:53] [46/459] RCNM
[10:12:53] [47/459] KTHV
[10:12:54] [48/459] MDGJ
[10:12:55] [49/459] SMLM
[10:12:56] [50/459] JTMA
[10:12:57] [51/459] ACKP
[10:12:58] [52/459] SRTA
[10:12:59] [53/459] STAY
[10:13:00] [54/459] MAVO
[10:13:01] [55/459] APTS
[10:13:02] [56/459] OMEA
[10:13:03] [57/459] TTFD
[10:13:04] [58/459] MJCU
[10:13:05] [59/459] CXTE
[10:13:05] [60/459] CTPX
[10:13:06] [61/459] ASSL
[10:13:07] [62/459] CMVB
[10:13:09] [63/459] VPUR
[10:13:09] [64/459] JJDA
[10:13:11] [65/459] INBL
[10:13:12] [66/459] BIKB
[10:13:13] [67/459] NTBB
[10:13:14] [68/459] GLOB
[10:13:15] [69/459] SNTB
[10:13:16] [70/459] CHGV
[10:13:17] [71/459] SSBZ
[10:13:19] [72/459] PRDB
[10:13:20] [73/459] ISMT
[10:13:21] [74/459] MCSD
[10:13:22] [75/459] JBTT
[10:13:24] [76/459] GEKR
[10:13:25] [77/459] PVUN
[10:13:26] [78/459] NRTB
[10:13:27] [79/459] PRAA
[10:13:28] [80/459] PCBL
[10:13:29] [81/459] PTCM
[10:13:30] [82/459] KHNN
[10:13:31] [83/459] OMJE
[10:13:32] [84/459] STGN
[10:13:33] [85/459] RPMS
[10:13:34] [86/459] NWAD
[10:13:35] [87/459] BLCK
[10:13:36] [88/459] SVAA
[10:13:37] [89/459] URVM
[10:13:38] [90/459] ANTM
[10:13:39] [91/459] VJYM
[10:13:40] [92/459] MAZZ
[10:13:40] [93/459] CSHM
[10:13:41] [94/459] WGMH
[10:13:42] [95/459] SALN
[10:13:43] [96/459] BRTP
[10:13:44] [97/459] SVTA
[10:13:45] [98/459] SBTP
[10:13:46] [99/459] VLSS
[10:13:47] [100/459] SRJA
[10:13:47] [101/459] ANCG
[10:13:48] [102/459] CGGC
[10:13:50] [103/459] CRJA
[10:13:50] [104/459] USCR
[10:13:51] [105/459] MMEF
[10:13:52] [106/459] JCRJ
[10:13:53] [107/459] ADCM
[10:13:54] [108/459] BMYK
[10:13:55] [109/459] KICS
[10:13:55] [110/459] MBBT
[10:13:56] [111/459] MACK
[10:13:58] [112/459] CLDR
[10:13:58] [113/459] JYCR
[10:13:59] [114/459] DCRP
[10:14:00] [115/459] RAHT
[10:14:01] [116/459] CSSM
[10:14:02] [117/459] ATPK
[10:14:03] [118/459] KLRT
[10:14:04] [119/459] SRDD
[10:14:05] [120/459] CKMC
[10:14:07] [121/459] KRVM
[10:14:08] [122/459] AKCP
[10:14:09] [123/459] CNCV
[10:14:10] [124/459] PACT
[10:14:11] [125/459] NATP
[10:14:12] [126/459] PCPK
[10:14:13] [127/459] SMHO
[10:14:14] [128/459] CWTK
[10:14:15] [129/459] RVKZ
[10:14:16] [130/459] ASPD
[10:14:17] [131/459] VTKZ
[10:14:18] [132/459] LCSO
[10:14:19] [133/459] PRDY
[10:14:20] [134/459] RCAP
[10:14:21] [135/459] RGAR
[10:14:22] [136/459] RCAC
[10:14:23] [137/459] PMOD
[10:14:23] [138/459] PVCN
[10:14:24] [139/459] SCRZ
[10:14:26] [140/459] PVPC
[10:14:27] [141/459] STID
[10:14:28] [142/459] NEDD
[10:14:29] [143/459] BNBA
[10:14:30] [144/459] NTCD
[10:14:31] [145/459] OCDE
[10:14:32] [146/459] CCDU
[10:14:33] [147/459] CRXH
[10:14:34] [148/459] VLVT
[10:14:35] [149/459] CICI
[10:14:36] [150/459] SUCB
[10:14:37] [151/459] TCBP
[10:14:38] [152/459] SCCY
[10:14:38] [153/459] LXCY
[10:14:39] [154/459] NCMD
[10:14:40] [155/459] PHCS
[10:14:41] [156/459] DUXR
[10:14:42] [157/459] VNKS
[10:14:43] [158/459] SEDP
[10:14:44] [159/459] SVEN
[10:14:45] [160/459] SRKM
[10:14:46] [161/459] JTLT
[10:14:47] [162/459] SVSS
[10:14:48] [163/459] AMDE
[10:14:48] [164/459] WVRN
[10:14:49] [165/459] ISMG
[10:14:50] [166/459] WVKS
[10:14:51] [167/459] USCG
[10:14:52] [168/459] IOTG
[10:14:53] [169/459] RRJM
[10:14:54] [170/459] EDMP
[10:14:55] [171/459] SCGZ
[10:14:56] [172/459] GMGX
[10:14:56] [173/459] OMTP
[10:14:57] [174/459] MITD
[10:14:58] [175/459] SMMD
[10:14:59] [176/459] STML
[10:15:00] [177/459] MCFS
[10:15:01] [178/459] FPKA
[10:15:02] [179/459] OMLR
[10:15:02] [180/459] KKSC
[10:15:03] [181/459] RVMA
[10:15:04] [182/459] SCLL
[10:15:06] [183/459] SCDK
[10:15:07] [184/459] SXMI
[10:15:07] [185/459] SHDN
[10:15:09] [186/459] PAAD
[10:15:10] [187/459] UUCB
[10:15:11] [188/459] JHOL
[10:15:12] [189/459] SGWT
[10:15:13] [190/459] SRII
[10:15:14] [191/459] SGCK
[10:15:15] [192/459] SVVB
[10:15:16] [193/459] DMHA
[10:15:17] [194/459] PPNL
[10:15:18] [195/459] CPNL
[10:15:19] [196/459] WVLD
[10:15:20] [197/459] PSLV
[10:15:21] [198/459] VTTL
[10:15:21] [199/459] NPAD
[10:15:23] [200/459] PVCS
[10:15:24] [201/459] MCHL
[10:15:24] [202/459] PPLL
[10:15:25] [203/459] MALO
[10:15:26] [204/459] SWBH
[10:15:27] [205/459] PUGB
[10:15:28] [206/459] INBB
[10:15:29] [207/459] INNS
[10:15:30] [208/459] MCPT
[10:15:31] [209/459] SCMI
[10:15:32] [210/459] OCON
[10:15:33] [211/459] SCSM
[10:15:34] [212/459] RJVN
[10:15:35] [213/459] AMDK
[10:15:36] [214/459] ISMR
[10:15:36] [215/459] SMTD
[10:15:37] [216/459] VTDD
[10:15:38] [217/459] PDDZ
[10:15:39] [218/459] PCCK
[10:15:40] [219/459] INAM
[10:15:41] [220/459] FNKT
[10:15:42] [221/459] GDKA
[10:15:43] [222/459] MAYU
[10:15:44] [223/459] TCGU
[10:15:46] [224/459] KDCA
[10:15:47] [225/459] DOMY
[10:15:48] [226/459] PDDD
[10:15:48] [227/459] BJTS
[10:15:50] [228/459] VTCA
[10:15:51] [229/459] SBTM
[10:15:52] [230/459] SEET
[10:15:53] [231/459] SSTJ
[10:15:53] [232/459] SVNT
[10:15:54] [233/459] PPPR
[10:15:55] [234/459] PVYS
[10:15:56] [235/459] IOSE
[10:15:57] [236/459] ACTV
[10:15:59] [237/459] APVE
[10:16:00] [238/459] TCCL
[10:16:01] [239/459] SCMO
[10:16:01] [240/459] SAUM
[10:16:02] [241/459] KCJS
[10:16:04] [242/459] NJCJ
[10:16:04] [243/459] NECF
[10:16:05] [244/459] CCGW
[10:16:07] [245/459] CCMG
[10:16:08] [246/459] NYRG
[10:16:09] [247/459] NCSQ
[10:16:10] [248/459] GRCG
[10:16:11] [249/459] CCBT
[10:16:12] [250/459] ACGA
[10:16:13] [251/459] INAG
[10:16:14] [252/459] FUCG
[10:16:15] [253/459] AICF
[10:16:16] [254/459] GRGA
[10:16:18] [255/459] GDCN
[10:16:18] [256/459] RRCG
[10:16:19] [257/459] SDCH
[10:16:20] [258/459] WVJM
[10:16:21] [259/459] JCCZ
[10:16:22] [260/459] CNCL
[10:16:23] [261/459] TMLV
[10:16:24] [262/459] MEMB
[10:16:25] [263/459] SGTD
[10:16:27] [264/459] CONX
[10:16:28] [265/459] CCMH
[10:16:29] [266/459] ACMC
[10:16:30] [267/459] DTPD
[10:16:30] [268/459] POJA
[10:16:31] [269/459] FNBH
[10:16:32] [270/459] CGCB
[10:16:33] [271/459] RACN
[10:16:35] [272/459] JTSM
[10:16:36] [273/459] SCDN
[10:16:37] [274/459] AACK
[10:16:37] [275/459] RMCE
[10:16:38] [276/459] BSGB
[10:16:39] [277/459] MRCB
[10:16:41] [278/459] SRVR
[10:16:42] [279/459] VTKK
[10:16:43] [280/459] AMST
[10:16:44] [281/459] APCY
[10:16:45] [282/459] LMHO
[10:16:46] [283/459] MTZH
[10:16:47] [284/459] AMZB
[10:16:48] [285/459] SUVT
[10:16:49] [286/459] RCIP
[10:16:50] [287/459] KESR
[10:16:50] [288/459] SNKC
[10:16:51] [289/459] SCED
[10:16:52] [290/459] DVCA
[10:16:54] [291/459] VCDT
[10:16:55] [292/459] RRDI
[10:16:56] [293/459] DFCH
[10:16:57] [294/459] INSC
[10:16:58] [295/459] RGTR
[10:16:59] [296/459] FMOT
[10:17:00] [297/459] SCPM
[10:17:01] [298/459] GCDT
[10:17:02] [299/459] BRKT
[10:17:03] [300/459] DEMP
[10:17:04] [301/459] SRLC
[10:17:05] [302/459] KSTT
[10:17:06] [303/459] SMMT
[10:17:07] [304/459] SILM
[10:17:08] [305/459] JCVM
[10:17:09] [306/459] KCSV
[10:17:10] [307/459] MHLK
[10:17:11] [308/459] SLVL
[10:17:12] [309/459] RJKP
[10:17:12] [310/459] BBPC
[10:17:13] [311/459] MXCB
[10:17:14] [312/459] TCPK
[10:17:15] [313/459] RTBR
[10:17:16] [314/459] GAUT
[10:17:17] [315/459] DVCF
[10:17:18] [316/459] JTSB
[10:17:19] [317/459] SBLS
[10:17:20] [318/459] UDAY
[10:17:21] [319/459] PTNP
[10:17:22] [320/459] DMKT
[10:17:23] [321/459] NTDT
[10:17:24] [322/459] SHDJ
[10:17:24] [323/459] OTNC
[10:17:25] [324/459] RNTW
[10:17:26] [325/459] GCMI
[10:17:27] [326/459] CRCM
[10:17:29] [327/459] NNCZ
[10:17:30] [328/459] OEMO
[10:17:31] [329/459] PVJM
[10:17:32] [330/459] CPJI
[10:17:33] [331/459] RMCJ
[10:17:33] [332/459] CNWJ
[10:17:35] [333/459] EPJM
[10:17:35] [334/459] FNJJ
[10:17:36] [335/459] GCMJ
[10:17:37] [336/459] INPS
[10:17:38] [337/459] BICJ
[10:17:39] [338/459] ISTJ
[10:17:40] [339/459] INJC
[10:17:41] [340/459] GLXJ
[10:17:42] [341/459] INEM
[10:17:43] [342/459] JTMN
[10:17:44] [343/459] FRCJ
[10:17:45] [344/459] DDJP
[10:17:46] [345/459] INJV
[10:17:47] [346/459] GOLC
[10:17:48] [347/459] KOCI
[10:17:49] [348/459] FSTD
[10:17:50] [349/459] PACJ
[10:17:51] [350/459] GMCN
[10:17:52] [351/459] MMDJ
[10:17:53] [352/459] GODH
[10:17:54] [353/459] SKYN
[10:17:55] [354/459] NCTH
[10:17:56] [355/459] SKVZ
[10:17:57] [356/459] SVML
[10:17:58] [357/459] ACVZ
[10:17:59] [358/459] SURA
[10:18:00] [359/459] RTRB
[10:18:01] [360/459] LLCT
[10:18:02] [361/459] ATTS
[10:18:03] [362/459] JYCM
[10:18:04] [363/459] CTKR
[10:18:05] [364/459] LCKR
[10:18:06] [365/459] NYCV
[10:18:07] [366/459] NYOH
[10:18:07] [367/459] NOVX
[10:18:09] [368/459] MRGK
[10:18:09] [369/459] MOON
[10:18:10] [370/459] SBUC
[10:18:11] [371/459] GSVA
[10:18:12] [372/459] VIAK
[10:18:13] [373/459] SMVZ
[10:18:14] [374/459] MATE
[10:18:15] [375/459] RDCN
[10:18:16] [376/459] ASBL
[10:18:17] [377/459] ASVS
[10:18:18] [378/459] ASSR
[10:18:19] [379/459] SSKN
[10:18:20] [380/459] DRPV
[10:18:21] [381/459] MRHT
[10:18:22] [382/459] BSCN
[10:18:23] [383/459] RKNX
[10:18:24] [384/459] MSMC
[10:18:25] [385/459] MSCJ
[10:18:26] [386/459] BTBJ
[10:18:27] [387/459] MJCC
[10:18:28] [388/459] IOMM
[10:18:29] [389/459] ADGR
[10:18:29] [390/459] MYCP
[10:18:31] [391/459] IGCM
[10:18:33] [392/459] PGRK
[10:18:34] [393/459] VPGO
[10:18:35] [394/459] KOMS
[10:18:36] [395/459] URGG
[10:18:36] [396/459] GOST
[10:18:37] [397/459] LACT
[10:18:38] [398/459] BWCM
[10:18:39] [399/459] NCCW
[10:18:40] [400/459] SKYC
[10:18:41] [401/459] CCPM
[10:18:42] [402/459] VCBT
[10:18:43] [403/459] SDKR
[10:18:44] [404/459] CTYB
[10:18:45] [405/459] SHCX
[10:18:46] [406/459] RCUN
[10:18:47] [407/459] CNRA
[10:18:48] [408/459] RFCA
[10:18:49] [409/459] RDCU
[10:18:50] [410/459] SARK
[10:18:51] [411/459] SPPP
[10:18:52] [412/459] ADMB
[10:18:53] [413/459] JYOE
[10:18:53] [414/459] SRMD
[10:18:54] [415/459] RJDH
[10:18:55] [416/459] SSTD
[10:18:57] [417/459] AACV
[10:18:58] [418/459] PPVD
[10:18:59] [419/459] STCP
[10:18:59] [420/459] ANJR
[10:19:00] [421/459] ANLS
[10:19:01] [422/459] BIJO
[10:19:02] [423/459] AVAB
[10:19:03] [424/459] SPMD
[10:19:04] [425/459] SVJL
[10:19:04] [426/459] SDDJ
[10:19:05] [427/459] SLTU
[10:19:06] [428/459] SAKA
[10:19:07] [429/459] PMAM
[10:19:08] [430/459] FNAM
[10:19:09] [431/459] ACAM
[10:19:10] [432/459] SCMM
[10:19:12] [433/459] PMAK
[10:19:13] [434/459] NYSA
[10:19:14] [435/459] FCPA
[10:19:15] [436/459] GDAN
[10:19:16] [437/459] RSCA
[10:19:17] [438/459] DMAN
[10:19:18] [439/459] DZCM
[10:19:19] [440/459] NSGL
[10:19:21] [441/459] CCPP
[10:19:21] [442/459] PSMG
[10:19:22] [443/459] GSER
[10:19:23] [444/459] FCCT
[10:19:25] [445/459] FCTB
[10:19:26] [446/459] LCNK
[10:19:27] [447/459] SKTY
[10:19:28] [448/459] INAA
[10:19:29] [449/459] RCWN
[10:19:29] [450/459] VAIS
[10:19:30] [451/459] CVMN
[10:19:31] [452/459] INTS
[10:19:32] [453/459] FRGS
[10:19:33] [454/459] DTCK
[10:19:34] [455/459] MCMH
[10:19:35] [456/459] ECRR
[10:19:36] [457/459] RLLP
[10:19:37] [458/459] CCSN
[10:19:38] [459/459] CCBA
[10:19:39] 🧹 Deduping shows
[10:19:39] ✅ DONE | Shows=451 | Movies=41
