[10:12:07] 🚀 SCRIPT STARTED
[10:12:07] [1/459] FNDB
[10:12:07] 🧠 New identity created
[10:12:08] [2/459] AMBH
[10:12:09] [3/459] PRHN
[10:12:11] [4/459] ACPM
[10:12:12] [5/459] PVFS
[10:12:13] [6/459] AACN
[10:12:14] [7/459] ACAS
[10:12:15] [8/459] CTNR
[10:12:16] [9/459] MMAH
[10:12:17] [10/459] CPMH
[10:12:18] [11/459] IGMH
[10:12:19] [12/459] ABCS
[10:12:20] [13/459] CMMA
[10:12:21] [14/459] GPRH
[10:12:22] [15/459] PNNG
[10:12:23] [16/459] AMCA
[10:12:24] [17/459] ISTN
[10:12:24] [18/459] PIIC
[10:12:26] [19/459] AHMH
[10:12:26] [20/459] ASHN
[10:12:27] [21/459] INHY
[10:12:28] [22/459] SRMO
[10:12:29] [23/459] PIMH
[10:12:31] [24/459] PVTS
[10:12:32] [25/459] MMCA
[10:12:32] [26/459] AKYJ
[10:12:33] [27/459] BRKH
[10:12:34] [28/459] MAHM
[10:12:36] [29/459] CPHY
[10:12:37] [30/459] PVTP
[10:12:38] [31/459] SMMR
[10:12:39] [32/459] PVHM
[10:12:40] [33/459] SNDY
[10:12:41] [34/459] GOKU
[10:12:41] [35/459] ACEV
[10:12:42] [36/459] PVUM
[10:12:43] [37/459] VSWA
[10:12:44] [38/459] IPRS
[10:12:45] [39/459] ASGN
[10:12:46] [40/459] BKMV
[10:12:47] [41/459] PVYH
[10:12:48] [42/459] INKM
[10:12:49] [43/459] ARJU
[10:12:50] [44/459] JJPP
[10:12:50] [45/459] SSRM
[10:12:52] [46/459] HMHD
[10:12:53] [47/459] SNKH
[10:12:54] [48/459] ACHI
[10:12:55] [49/459] MRAA
[10:12:55] [50/459] INMH
[10:12:57] [51/459] ARMH
[10:12:58] [52/459] DVRR
[10:12:59] [53/459] SUDA
[10:13:00] [54/459] MCSS
[10:13:01] [55/459] VRKC
[10:13:02] [56/459] PRCX
[10:13:03] [57/459] ASJY
[10:13:04] [58/459] MTHY
[10:13:05] [59/459] SRCM
[10:13:05] [60/459] TVHY
[10:13:06] [61/459] STHD
[10:13:07] [62/459] CPCL
[10:13:08] [63/459] PSMJ
[10:13:09] [64/459] MRGT
[10:13:10] [65/459] ARYH
[10:13:12] [66/459] VTRB
[10:13:13] [67/459] SCHC
[10:13:14] [68/459] MRRG
[10:13:15] [69/459] SPCB
[10:13:16] [70/459] AMCM
[10:13:17] [71/459] IVNM
[10:13:18] [72/459] TRHY
[10:13:19] [73/459] PTTH
[10:13:19] [74/459] RKMH
[10:13:20] [75/459] PRCS
[10:13:21] [76/459] VAJA
[10:13:23] [77/459] BJNG
[10:13:24] [78/459] SCVM
[10:13:25] [79/459] GNHB
[10:13:26] [80/459] TLUR
[10:13:27] [81/459] UKCC
[10:13:29] [82/459] SRKR
[10:13:29] [83/459] RMKN
[10:13:30] [84/459] SLRT
[10:13:31] [85/459] LKMT
[10:13:32] [86/459] SSRJ
[10:13:33] [87/459] SPHT
[10:13:34] [88/459] ANTT
[10:13:35] [89/459] SRCH
[10:13:36] [90/459] SRCA
[10:13:37] [91/459] ARTH
[10:13:38] [92/459] MCBH
[10:13:39] [93/459] SNIB
[10:13:40] [94/459] SART
[10:13:41] [95/459] SKTA
[10:13:41] [96/459] YAKT
[10:13:42] [97/459] MLCK
[10:13:43] [98/459] ANTS
[10:13:44] [99/459] DGCA
[10:13:45] [100/459] SGMP
[10:13:46] [101/459] ASWN
[10:13:47] [102/459] KFVU
[10:13:48] [103/459] POOR
[10:13:49] [104/459] GKDN
[10:13:50] [105/459] EOSE
[10:13:51] [106/459] GTTT
[10:13:52] [107/459] ARRO
[10:13:53] [108/459] CMMK
[10:13:53] [109/459] MSCN
[10:13:54] [110/459] GDKH
[10:13:56] [111/459] DLMT
[10:13:57] [112/459] PVMF
[10:13:58] [113/459] CPCK
[10:13:59] [114/459] VMHE
[10:14:00] [115/459] PVLC
[10:14:00] [116/459] PCVB
[10:14:01] [117/459] SNYK
[10:14:03] [118/459] KTEK
[10:14:04] [119/459] PCNM
[10:14:05] [120/459] NTTR
[10:14:06] [121/459] CPSK
[10:14:07] [122/459] JMMA
[10:14:07] [123/459] GCFK
[10:14:08] [124/459] MYCA
[10:14:09] [125/459] KSNP
[10:14:10] [126/459] PMCE
[10:14:11] [127/459] SCKI
[10:14:12] [128/459] FSMA
[10:14:13] [129/459] CETA
[10:14:15] [130/459] MCIK
[10:14:16] [131/459] MYCR
[10:14:17] [132/459] EVMP
[10:14:17] [133/459] SSGT
[10:14:19] [134/459] KCTK
[10:14:20] [135/459] ZTKC
[10:14:21] [136/459] MMTA
[10:14:22] [137/459] MAJT
[10:14:23] [138/459] ACPK
[10:14:24] [139/459] JMAX
[10:14:25] [140/459] SETK
[10:14:26] [141/459] CAIS
[10:14:27] [142/459] AGCD
[10:14:28] [143/459] URCL
[10:14:28] [144/459] VTDS
[10:14:29] [145/459] JCNM
[10:14:30] [146/459] KCAM
[10:14:31] [147/459] ADCU
[10:14:32] [148/459] GXYN
[10:14:33] [149/459] SMJG
[10:14:34] [150/459] EYCJ
[10:14:35] [151/459] CCEJ
[10:14:36] [152/459] MARS
[10:14:37] [153/459] CPVJ
[10:14:38] [154/459] INVP
[10:14:39] [155/459] CPOV
[10:14:40] [156/459] VIJK
[10:14:40] [157/459] LAIM
[10:14:42] [158/459] STHV
[10:14:43] [159/459] SVLJ
[10:14:44] [160/459] ATVJ
[10:14:45] [161/459] JTSC
[10:14:46] [162/459] RMTV
[10:14:47] [163/459] MGGG
[10:14:47] [164/459] SWTH
[10:14:48] [165/459] INVJ
[10:14:49] [166/459] PRSV
[10:14:50] [167/459] JATV
[10:14:51] [168/459] RCVD
[10:14:52] [169/459] BDMA
[10:14:53] [170/459] BLJI
[10:14:54] [171/459] SWOT
[10:14:54] [172/459] SWRN
[10:14:55] [173/459] TVRA
[10:14:57] [174/459] VCSV
[10:14:58] [175/459] NVRN
[10:14:58] [176/459] SIKC
[10:14:59] [177/459] VAKR
[10:15:00] [178/459] SYLN
[10:15:01] [179/459] KLJL
[10:15:02] [180/459] LKMY
[10:15:03] [181/459] VSLY
[10:15:03] [182/459] CIKO
[10:15:04] [183/459] GPBG
[10:15:05] [184/459] CECM
[10:15:06] [185/459] SLKB
[10:15:07] [186/459] MTBO
[10:15:08] [187/459] SSHB
[10:15:10] [188/459] VPCS
[10:15:11] [189/459] RCSR
[10:15:12] [190/459] RJRM
[10:15:13] [191/459] KPPB
[10:15:14] [192/459] SEDC
[10:15:15] [193/459] SCAI
[10:15:16] [194/459] RMTR
[10:15:17] [195/459] ASST
[10:15:18] [196/459] GCAK
[10:15:19] [197/459] ANNK
[10:15:20] [198/459] KDDF
[10:15:22] [199/459] NRDP
[10:15:23] [200/459] PLAK
[10:15:24] [201/459] GCMC
[10:15:24] [202/459] ALPY
[10:15:25] [203/459] SICE
[10:15:26] [204/459] SISR
[10:15:27] [205/459] SRPZ
[10:15:28] [206/459] SRSW
[10:15:30] [207/459] SUYA
[10:15:30] [208/459] AMMT
[10:15:31] [209/459] BHCU
[10:15:32] [210/459] KLPA
[10:15:34] [211/459] NVKH
[10:15:35] [212/459] JMRC
[10:15:36] [213/459] KTTT
[10:15:37] [214/459] MAGH
[10:15:38] [215/459] MMMX
[10:15:39] [216/459] SALJ
[10:15:40] [217/459] GTJA
[10:15:41] [218/459] MAHT
[10:15:42] [219/459] SSNN
[10:15:42] [220/459] ARRP
[10:15:43] [221/459] ATNS
[10:15:44] [222/459] SKDT
[10:15:45] [223/459] ACAT
[10:15:46] [224/459] APRC
[10:15:47] [225/459] SWAG
[10:15:47] [226/459] SDPT
[10:15:48] [227/459] STPS
[10:15:49] [228/459] WWCZ
[10:15:50] [229/459] LLCH
[10:15:51] [230/459] MZHA
[10:15:52] [231/459] CRJG
[10:15:53] [232/459] JGTK
[10:15:54] [233/459] KCSR
[10:15:54] [234/459] CHTL
[10:15:55] [235/459] EDSR
[10:15:56] [236/459] CSWO
[10:15:57] [237/459] CPVM
[10:15:58] [238/459] MXBY
[10:15:59] [239/459] FMMA
[10:16:00] [240/459] POVI
[10:16:01] [241/459] MTHB
[10:16:02] [242/459] INRC
[10:16:03] [243/459] PIPP
[10:16:04] [244/459] BMXC
[10:16:05] [245/459] PCMM
[10:16:06] [246/459] PMKM
[10:16:07] [247/459] GATY
[10:16:07] [248/459] IMCM
[10:16:08] [249/459] POPE
[10:16:09] [250/459] MTCR
[10:16:10] [251/459] PVAE
[10:16:11] [252/459] PVMI
[10:16:12] [253/459] CPNM
[10:16:13] [254/459] FMRL
[10:16:14] [255/459] MCIW
[10:16:14] [256/459] MXBO
[10:16:16] [257/459] FMKY
[10:16:16] [258/459] FMDA
[10:16:17] [259/459] THAB
[10:16:18] [260/459] PRCW
[10:16:19] [261/459] PITI
[10:16:20] [262/459] MCFF
[10:16:21] [263/459] PDDV
[10:16:22] [264/459] MCRM
[10:16:23] [265/459] KKMB
[10:16:23] [266/459] INKO
[10:16:24] [267/459] PLXP
[10:16:26] [268/459] MMHA
[10:16:26] [269/459] FMVS
[10:16:27] [270/459] POLM
[10:16:29] [271/459] STER
[10:16:29] [272/459] PVWJ
[10:16:31] [273/459] IMJW
[10:16:32] [274/459] FNAN
[10:16:32] [275/459] CAGL
[10:16:33] [276/459] IPBG
[10:16:34] [277/459] SMFV
[10:16:35] [278/459] MMMR
[10:16:36] [279/459] MMWM
[10:16:37] [280/459] FNCM
[10:16:38] [281/459] MDVA
[10:16:38] [282/459] MMET
[10:16:39] [283/459] MIDO
[10:16:40] [284/459] INNP
[10:16:41] [285/459] MIFU
[10:16:42] [286/459] MMSZ
[10:16:43] [287/459] BMXA
[10:16:43] [288/459] MCAA
[10:16:44] [289/459] SCVP
[10:16:45] [290/459] PLUS
[10:16:46] [291/459] MUCK
[10:16:48] [292/459] MTMA
[10:16:48] [293/459] HPVR
[10:16:49] [294/459] PMPK
[10:16:50] [295/459] MAJB
[10:16:51] [296/459] CTRR
[10:16:52] [297/459] MCTG
[10:16:53] [298/459] MACE
[10:16:54] [299/459] AAAS
[10:16:55] [300/459] CPVV
[10:16:56] [301/459] RCHG
[10:16:57] [302/459] MCNE
[10:16:58] [303/459] EMNC
[10:16:59] [304/459] MCAN
[10:17:00] [305/459] TCDM
[10:17:01] [306/459] IRGT
[10:17:02] [307/459] GCMG
[10:17:03] [308/459] MXSN
[10:17:04] [309/459] MXCK
[10:17:05] [310/459] MCRC
[10:17:06] [311/459] RSMI
[10:17:07] [312/459] WAML
[10:17:08] [313/459] MTSC
[10:17:09] [314/459] FMDR
[10:17:10] [315/459] LEPV
[10:17:11] [316/459] MTGD
[10:17:12] [317/459] IMOB
[10:17:13] [318/459] CLMM
[10:17:14] [319/459] PZCD
[10:17:15] [320/459] GOCS
[10:17:16] [321/459] KCMA
[10:17:17] [322/459] CCMP
[10:17:18] [323/459] MTSU
[10:17:19] [324/459] SNGL
[10:17:21] [325/459] MMMC
[10:17:21] [326/459] MMAA
[10:17:23] [327/459] GCDM
[10:17:24] [328/459] KTMV
[10:17:26] [329/459] AETE
[10:17:27] [330/459] OMCS
[10:17:27] [331/459] GDCD
[10:17:28] [332/459] NYMD
[10:17:29] [333/459] RNCV
[10:17:31] [334/459] KKMT
[10:17:32] [335/459] GDTH
[10:17:33] [336/459] KMMV
[10:17:34] [337/459] NHCG
[10:17:34] [338/459] PJDW
[10:17:35] [339/459] MMCV
[10:17:36] [340/459] FQSA
[10:17:37] [341/459] KURL
[10:17:38] [342/459] NNNX
[10:17:39] [343/459] AMAU
[10:17:40] [344/459] VVVM
[10:17:41] [345/459] VECU
[10:17:42] [346/459] WCVR
[10:17:43] [347/459] MTGG
[10:17:44] [348/459] SGTG
[10:17:45] [349/459] MNTG
[10:17:46] [350/459] JDDG
[10:17:46] [351/459] MBTK
[10:17:47] [352/459] SGCD
[10:17:48] [353/459] MCTC
[10:17:49] [354/459] JTPC
[10:17:50] [355/459] SDKT
[10:17:51] [356/459] KRCC
[10:17:52] [357/459] RMMD
[10:17:52] [358/459] AAME
[10:17:53] [359/459] TMWC
[10:17:54] [360/459] NRWY
[10:17:55] [361/459] CITD
[10:17:56] [362/459] VERD
[10:17:57] [363/459] MKSK
[10:17:59] [364/459] STSM
[10:17:59] [365/459] MJDG
[10:18:00] [366/459] RKPM
[10:18:01] [367/459] SSCE
[10:18:02] [368/459] VMAE
[10:18:03] [369/459] SBRU
[10:18:04] [370/459] AMBC
[10:18:05] [371/459] AMLU
[10:18:06] [372/459] INVZ
[10:18:07] [373/459] LGTV
[10:18:08] [374/459] SVAD
[10:18:09] [375/459] SMSA
[10:18:10] [376/459] SPCZ
[10:18:11] [377/459] GTCX
[10:18:12] [378/459] SCSL
[10:18:13] [379/459] SAHU
[10:18:13] [380/459] NCDA
[10:18:14] [381/459] SCCG
[10:18:15] [382/459] VKTL
[10:18:16] [383/459] PUUJ
[10:18:17] [384/459] STEJ
[10:18:18] [385/459] RJAL
[10:18:19] [386/459] ACJC
[10:18:20] [387/459] VTHC
[10:18:20] [388/459] ARVB
[10:18:21] [389/459] AUBB
[10:18:22] [390/459] GDBR
[10:18:24] [391/459] PVND
[10:18:25] [392/459] BGRJ
[10:18:26] [393/459] RJMM
[10:18:26] [394/459] MCSA
[10:18:27] [395/459] BODA
[10:18:28] [396/459] JAGG
[10:18:29] [397/459] SCGA
[10:18:30] [398/459] LRCM
[10:18:31] [399/459] CPCN
[10:18:32] [400/459] SSTF
[10:18:33] [401/459] SRXP
[10:18:34] [402/459] CNFX
[10:18:35] [403/459] ANDI
[10:18:36] [404/459] SYEW
[10:18:37] [405/459] RCRE
[10:18:38] [406/459] SCRW
[10:18:39] [407/459] MBKR
[10:18:40] [408/459] ASNT
[10:18:41] [409/459] JTMT
[10:18:42] [410/459] SHAY
[10:18:43] [411/459] VRTH
[10:18:44] [412/459] SPTI
[10:18:45] [413/459] DPTD
[10:18:46] [414/459] TGSN
[10:18:47] [415/459] RCWV
[10:18:48] [416/459] OCUR
[10:18:49] [417/459] KSTC
[10:18:49] [418/459] SANI
[10:18:50] [419/459] MLCA
[10:18:51] [420/459] EGCA
[10:18:52] [421/459] SYSN
[10:18:53] [422/459] PKTA
[10:18:54] [423/459] PRCC
[10:18:54] [424/459] KSTR
[10:18:55] [425/459] SNTP
[10:18:56] [426/459] RCHA
[10:18:57] [427/459] SEEA
[10:18:58] [428/459] ALAT
[10:18:59] [429/459] AATV
[10:19:00] [430/459] RJTE
[10:19:01] [431/459] AAPP
[10:19:02] [432/459] PMMH
[10:19:02] [433/459] INRJ
[10:19:03] [434/459] SARB
[10:19:04] [435/459] PCJL
[10:19:05] [436/459] PFJJ
[10:19:06] [437/459] GRDC
[10:19:07] [438/459] BCBA
[10:19:08] [439/459] VIXL
[10:19:09] [440/459] CSTL
[10:19:10] [441/459] MTDK
[10:19:11] [442/459] TDAC
[10:19:13] [443/459] GTDN
[10:19:14] [444/459] TTDE
[10:19:15] [445/459] ASTS
[10:19:15] [446/459] CPNS
[10:19:17] [447/459] PVVW
[10:19:18] [448/459] USEB
[10:19:19] [449/459] DTYN
[10:19:20] [450/459] PVLE
[10:19:21] [451/459] CIPS
[10:19:22] [452/459] PAEG
[10:19:23] [453/459] PTCW
[10:19:25] [454/459] G3SR
[10:19:25] [455/459] PGND
[10:19:27] [456/459] INVM
[10:19:28] [457/459] SPIA
[10:19:29] [458/459] PCSN
[10:19:30] [459/459] PPGV
[10:19:30] 🧹 Deduping shows
[10:19:30] ✅ DONE | Shows=413 | Movies=43
