[10:12:20] 🚀 SCRIPT STARTED
[10:12:20] [1/296] CDCA
[10:12:20] 🧠 New identity created
[10:12:21] [2/296] MNSR
[10:12:22] [3/296] CSSL
[10:12:24] [4/296] BGGM
[10:12:25] [5/296] MANT
[10:12:26] [6/296] SOOY
[10:12:26] [7/296] VPPK
[10:12:27] [8/296] MYHJ
[10:12:28] [9/296] KSCK
[10:12:29] [10/296] KATK
[10:12:30] [11/296] RTRT
[10:12:32] [12/296] SSTT
[10:12:33] [13/296] SSTV
[10:12:34] [14/296] LACM
[10:12:34] [15/296] SGMG
[10:12:36] [16/296] KACX
[10:12:36] [17/296] GVCP
[10:12:37] [18/296] CSNC
[10:12:38] [19/296] SXCB
[10:12:39] [20/296] BAHS
[10:12:40] [21/296] PCBI
[10:12:41] [22/296] PSSM
[10:12:42] [23/296] RCOK
[10:12:43] [24/296] SCPF
[10:12:44] [25/296] SSAS
[10:12:45] [26/296] EVMM
[10:12:46] [27/296] SYCB
[10:12:47] [28/296] GCKI
[10:12:48] [29/296] IAET
[10:12:49] [30/296] DDTD
[10:12:50] [31/296] GMDH
[10:12:51] [32/296] STLE
[10:12:52] [33/296] JTRA
[10:12:53] [34/296] RPPA
[10:12:53] [35/296] ARUT
[10:12:54] [36/296] JTVM
[10:12:55] [37/296] SWRH
[10:12:56] [38/296] DCPC
[10:12:57] [39/296] RAPR
[10:12:58] [40/296] GCRT
[10:12:59] [41/296] ATUN
[10:13:00] [42/296] LTRM
[10:13:01] [43/296] TASR
[10:13:02] [44/296] RLLC
[10:13:03] [45/296] MABI
[10:13:04] [46/296] SVHB
[10:13:04] [47/296] NVTB
[10:13:05] [48/296] KCKG
[10:13:06] [49/296] SSRN
[10:13:08] [50/296] VDDC
[10:13:09] [51/296] GKTK
[10:13:10] [52/296] YFSN
[10:13:11] [53/296] GCSG
[10:13:12] [54/296] ESSM
[10:13:12] [55/296] KRIH
[10:13:13] [56/296] GCDS
[10:13:14] [57/296] CCSH
[10:13:15] [58/296] ACSK
[10:13:16] [59/296] APRK
[10:13:17] [60/296] ADKM
[10:13:18] [61/296] SRDM
[10:13:18] [62/296] RMOG
[10:13:19] [63/296] SJMY
[10:13:21] [64/296] PGGC
[10:13:21] [65/296] INGM
[10:13:22] [66/296] LSCB
[10:13:23] [67/296] STAD
[10:13:24] [68/296] MCCR
[10:13:25] [69/296] ABCC
[10:13:27] [70/296] RKCC
[10:13:27] [71/296] RTCR
[10:13:28] [72/296] GGBC
[10:13:29] [73/296] GCSD
[10:13:30] [74/296] LPTY
[10:13:30] [75/296] MCFD
[10:13:31] [76/296] HENN
[10:13:32] [77/296] SMKU
[10:13:33] [78/296] TNZC
[10:13:34] [79/296] DRCD
[10:13:35] [80/296] DLCD
[10:13:36] [81/296] RCDA
[10:13:36] [82/296] COSM
[10:13:37] [83/296] MCMJ
[10:13:38] [84/296] CSTR
[10:13:39] [85/296] CVDK
[10:13:40] [86/296] INRR
[10:13:41] [87/296] RJRT
[10:13:42] [88/296] IRMR
[10:13:43] [89/296] SRCF
[10:13:44] [90/296] GRCR
[10:13:45] [91/296] SURC
[10:13:46] [92/296] NMNH
[10:13:46] [93/296] SVBL
[10:13:47] [94/296] KACI
[10:13:49] [95/296] TDGO
[10:13:50] [96/296] KTBR
[10:13:52] [97/296] PMAD
[10:13:53] [98/296] CCPN
[10:13:53] [99/296] SBTK
[10:13:54] [100/296] LMDK
[10:13:55] [101/296] PGDA
[10:13:57] [102/296] SRML
[10:13:57] [103/296] EVCK
[10:13:58] [104/296] RTTK
[10:13:59] [105/296] SRTU
[10:14:00] [106/296] VRSA
[10:14:01] [107/296] VARS
[10:14:02] [108/296] DSCZ
[10:14:03] [109/296] GAGA
[10:14:03] [110/296] SARV
[10:14:04] [111/296] SEEG
[10:14:05] [112/296] GLCA
[10:14:06] [113/296] APAS
[10:14:08] [114/296] VCIA
[10:14:10] [115/296] SJTA
[10:14:11] [116/296] SABM
[10:14:11] [117/296] PPAG
[10:14:12] [118/296] RVCA
[10:14:13] [119/296] CCIA
[10:14:14] [120/296] HTAG
[10:14:14] [121/296] SMBI
[10:14:15] [122/296] MCJR
[10:14:16] [123/296] CCJR
[10:14:17] [124/296] SINF
[10:14:18] [125/296] CPLX
[10:14:19] [126/296] KKTJ
[10:14:20] [127/296] GDBW
[10:14:20] [128/296] CSUB
[10:14:21] [129/296] DABA
[10:14:22] [130/296] TITR
[10:14:23] [131/296] NYCR
[10:14:24] [132/296] RTRY
[10:14:25] [133/296] JTJL
[10:14:26] [134/296] SJCP
[10:14:27] [135/296] KCCA
[10:14:29] [136/296] MLPG
[10:14:29] [137/296] VRCK
[10:14:30] [138/296] SRIN
[10:14:32] [139/296] CXMK
[10:14:33] [140/296] SKAD
[10:14:33] [141/296] AVTR
[10:14:34] [142/296] PTAJ
[10:14:35] [143/296] SCNK
[10:14:37] [144/296] STTI
[10:14:38] [145/296] KACR
[10:14:39] [146/296] SSDX
[10:14:40] [147/296] VRTJ
[10:14:40] [148/296] RAJD
[10:14:41] [149/296] SCIP
[10:14:42] [150/296] RJSL
[10:14:43] [151/296] ARRS
[10:14:44] [152/296] ASMS
[10:14:45] [153/296] RDTS
[10:14:46] [154/296] DVMY
[10:14:47] [155/296] RASA
[10:14:48] [156/296] INOM
[10:14:49] [157/296] SPRS
[10:14:50] [158/296] SGCS
[10:14:51] [159/296] SALM
[10:14:52] [160/296] PKHC
[10:14:53] [161/296] RCSV
[10:14:54] [162/296] CPKC
[10:14:54] [163/296] AACD
[10:14:55] [164/296] GGCV
[10:14:56] [165/296] SMKD
[10:14:57] [166/296] NBCH
[10:14:58] [167/296] AMCB
[10:14:59] [168/296] OPCN
[10:15:00] [169/296] DCIN
[10:15:01] [170/296] INGW
[10:15:02] [171/296] PKKW
[10:15:03] [172/296] FNGW
[10:15:04] [173/296] GCGD
[10:15:06] [174/296] MSTW
[10:15:07] [175/296] KCCG
[10:15:08] [176/296] MRSS
[10:15:09] [177/296] CLCF
[10:15:10] [178/296] EETS
[10:15:11] [179/296] AATR
[10:15:12] [180/296] CMMN
[10:15:12] [181/296] SCCJ
[10:15:13] [182/296] CDTK
[10:15:14] [183/296] AICP
[10:15:15] [184/296] FNBP
[10:15:16] [185/296] CBPB
[10:15:17] [186/296] CPAS
[10:15:18] [187/296] MAPM
[10:15:19] [188/296] PASD
[10:15:20] [189/296] JCMN
[10:15:20] [190/296] MALB
[10:15:21] [191/296] SACG
[10:15:22] [192/296] DDRX
[10:15:24] [193/296] DDXB
[10:15:25] [194/296] RAMC
[10:15:25] [195/296] SANC
[10:15:26] [196/296] BCBP
[10:15:27] [197/296] ALPC
[10:15:28] [198/296] RBAC
[10:15:28] [199/296] RAJL
[10:15:29] [200/296] MPDX
[10:15:31] [201/296] MUSC
[10:15:32] [202/296] VKMK
[10:15:32] [203/296] SKCG
[10:15:33] [204/296] ANCN
[10:15:34] [205/296] MMCJ
[10:15:35] [206/296] DCAK
[10:15:36] [207/296] SCKG
[10:15:37] [208/296] LMCK
[10:15:37] [209/296] CKKX
[10:15:38] [210/296] ANKU
[10:15:39] [211/296] CSMD
[10:15:40] [212/296] MKMP
[10:15:41] [213/296] SVBG
[10:15:42] [214/296] ROOP
[10:15:43] [215/296] GDMT
[10:15:44] [216/296] FPPF
[10:15:45] [217/296] SFUU
[10:15:46] [218/296] ANCB
[10:15:47] [219/296] SMMC
[10:15:48] [220/296] UGKT
[10:15:49] [221/296] JVRM
[10:15:50] [222/296] BATG
[10:15:50] [223/296] RATE
[10:15:51] [224/296] SKME
[10:15:52] [225/296] LMTP
[10:15:53] [226/296] TCBD
[10:15:54] [227/296] ESBD
[10:15:55] [228/296] GDCU
[10:15:57] [229/296] SNKT
[10:15:59] [230/296] SRNK
[10:16:00] [231/296] SMED
[10:16:01] [232/296] CSQS
[10:16:02] [233/296] ALCS
[10:16:04] [234/296] KCKN
[10:16:04] [235/296] VCCL
[10:16:05] [236/296] MCDA
[10:16:06] [237/296] SHMI
[10:16:07] [238/296] SKHA
[10:16:09] [239/296] SVFK
[10:16:10] [240/296] INVB
[10:16:11] [241/296] MELD
[10:16:12] [242/296] JTYS
[10:16:13] [243/296] INCM
[10:16:13] [244/296] MCDV
[10:16:15] [245/296] KSGK
[10:16:16] [246/296] ICMG
[10:16:16] [247/296] CSCV
[10:16:17] [248/296] STMD
[10:16:18] [249/296] STTR
[10:16:19] [250/296] INVC
[10:16:19] [251/296] JTBL
[10:16:20] [252/296] SRVV
[10:16:21] [253/296] MAVC
[10:16:22] [254/296] SRPP
[10:16:23] [255/296] JGDM
[10:16:23] [256/296] MBSJ
[10:16:25] [257/296] SSLL
[10:16:26] [258/296] SLKP
[10:16:27] [259/296] NSRV
[10:16:28] [260/296] UTDV
[10:16:28] [261/296] KICM
[10:16:29] [262/296] KCMD
[10:16:31] [263/296] TTPP
[10:16:32] [264/296] KMPV
[10:16:33] [265/296] SKTV
[10:16:34] [266/296] STCV
[10:16:34] [267/296] SRDA
[10:16:35] [268/296] JTSX
[10:16:36] [269/296] STBV
[10:16:36] [270/296] APVZ
[10:16:37] [271/296] GSTV
[10:16:38] [272/296] NMVS
[10:16:39] [273/296] SKRT
[10:16:40] [274/296] RMDV
[10:16:41] [275/296] RATG
[10:16:41] [276/296] SJYV
[10:16:42] [277/296] NDGP
[10:16:43] [278/296] SNDG
[10:16:44] [279/296] INSR
[10:16:45] [280/296] INSO
[10:16:46] [281/296] CCSI
[10:16:47] [282/296] RASM
[10:16:48] [283/296] NEWC
[10:16:49] [284/296] VSHL
[10:16:50] [285/296] BISW
[10:16:50] [286/296] GCNG
[10:16:51] [287/296] CWSC
[10:16:52] [288/296] SKAN
[10:16:54] [289/296] SEHP
[10:16:55] [290/296] CCOA
[10:16:55] [291/296] MCAJ
[10:16:56] [292/296] ACDE
[10:16:57] [293/296] AACM
[10:16:58] [294/296] JJCK
[10:16:59] [295/296] RCMO
[10:16:59] [296/296] GDAW
[10:17:01] 🧹 Deduping shows
[10:17:01] ✅ DONE | Shows=236 | Movies=27
