[10:12:07] 🚀 SCRIPT STARTED
[10:12:07] [1/324] GCTA
[10:12:07] 🧠 New identity created
[10:12:08] [2/324] TOPN
[10:12:09] [3/324] MCUS
[10:12:10] [4/324] SHRL
[10:12:11] [5/324] UPTP
[10:12:12] [6/324] TMMP
[10:12:12] [7/324] DNRP
[10:12:13] [8/324] SRLT
[10:12:14] [9/324] RCNS
[10:12:16] [10/324] DCBH
[10:12:16] [11/324] NAGJ
[10:12:17] [12/324] JVRC
[10:12:18] [13/324] KRJG
[10:12:19] [14/324] SRTJ
[10:12:21] [15/324] CMXM
[10:12:21] [16/324] STMI
[10:12:22] [17/324] SLST
[10:12:23] [18/324] DTCN
[10:12:24] [19/324] STYN
[10:12:26] [20/324] SZVR
[10:12:26] [21/324] SRKO
[10:12:27] [22/324] JTGT
[10:12:28] [23/324] SVFD
[10:12:30] [24/324] SISD
[10:12:31] [25/324] ABDD
[10:12:31] [26/324] DRCA
[10:12:32] [27/324] AVCS
[10:12:33] [28/324] MVKH
[10:12:34] [29/324] ACPR
[10:12:35] [30/324] STIP
[10:12:37] [31/324] MTRA
[10:12:37] [32/324] RMKH
[10:12:39] [33/324] NKRL
[10:12:40] [34/324] PCWN
[10:12:41] [35/324] BLMT
[10:12:42] [36/324] GDPG
[10:12:42] [37/324] SRMX
[10:12:43] [38/324] JACP
[10:12:44] [39/324] CPSH
[10:12:45] [40/324] MCCD
[10:12:47] [41/324] ECGH
[10:12:47] [42/324] MKCK
[10:12:48] [43/324] SRMM
[10:12:49] [44/324] SKYR
[10:12:50] [45/324] PCKC
[10:12:52] [46/324] JCMA
[10:12:53] [47/324] BSMP
[10:12:54] [48/324] VSPA
[10:12:54] [49/324] DJYA
[10:12:55] [50/324] DIMP
[10:12:56] [51/324] FXDR
[10:12:57] [52/324] SSRC
[10:12:58] [53/324] STHP
[10:12:59] [54/324] CPPD
[10:13:00] [55/324] FCLK
[10:13:01] [56/324] SCPP
[10:13:02] [57/324] DCMJ
[10:13:02] [58/324] RCCR
[10:13:03] [59/324] INMT
[10:13:04] [60/324] LXTK
[10:13:05] [61/324] SRYK
[10:13:06] [62/324] SGDK
[10:13:07] [63/324] PPKA
[10:13:08] [64/324] SPKA
[10:13:08] [65/324] CGHH
[10:13:09] [66/324] DCJN
[10:13:10] [67/324] SRKV
[10:13:11] [68/324] SAJC
[10:13:13] [69/324] SUSR
[10:13:13] [70/324] STYG
[10:13:14] [71/324] NTKP
[10:13:15] [72/324] AKTG
[10:13:16] [73/324] CGCM
[10:13:17] [74/324] TULC
[10:13:18] [75/324] NYYZ
[10:13:18] [76/324] NYBW
[10:13:19] [77/324] MACB
[10:13:20] [78/324] SLVT
[10:13:21] [79/324] SANA
[10:13:22] [80/324] ACMR
[10:13:23] [81/324] CPKN
[10:13:23] [82/324] DLGK
[10:13:25] [83/324] CWCK
[10:13:26] [84/324] FDDH
[10:13:27] [85/324] MMMD
[10:13:28] [86/324] CMEH
[10:13:29] [87/324] GGGV
[10:13:30] [88/324] SPJL
[10:13:30] [89/324] RCCD
[10:13:31] [90/324] STTZ
[10:13:32] [91/324] BTCF
[10:13:33] [92/324] TSTZ
[10:13:33] [93/324] IPMM
[10:13:34] [94/324] PMPW
[10:13:35] [95/324] PCMZ
[10:13:36] [96/324] ESEM
[10:13:37] [97/324] PIPO
[10:13:39] [98/324] MATK
[10:13:40] [99/324] PGHM
[10:13:41] [100/324] CTSR
[10:13:42] [101/324] CYKR
[10:13:42] [102/324] MSCM
[10:13:43] [103/324] RFNP
[10:13:44] [104/324] PDCP
[10:13:45] [105/324] NPSE
[10:13:46] [106/324] MKML
[10:13:47] [107/324] FTDP
[10:13:48] [108/324] MMXA
[10:13:48] [109/324] CEPO
[10:13:49] [110/324] CMVP
[10:13:51] [111/324] SGTH
[10:13:52] [112/324] SAYN
[10:13:53] [113/324] URVS
[10:13:53] [114/324] VJTN
[10:13:54] [115/324] BBYK
[10:13:55] [116/324] SHBO
[10:13:56] [117/324] VCMR
[10:13:57] [118/324] MACT
[10:13:57] [119/324] JMNP
[10:13:58] [120/324] VICS
[10:13:59] [121/324] VCDA
[10:14:00] [122/324] GCMM
[10:14:01] [123/324] INVS
[10:14:02] [124/324] SCGM
[10:14:02] [125/324] PCDA
[10:14:03] [126/324] KDCT
[10:14:04] [127/324] JACS
[10:14:05] [128/324] GMMC
[10:14:06] [129/324] AICM
[10:14:06] [130/324] TJCM
[10:14:07] [131/324] RMTI
[10:14:08] [132/324] SHAC
[10:14:09] [133/324] APJC
[10:14:10] [134/324] GCTG
[10:14:11] [135/324] SSMC
[10:14:11] [136/324] THRM
[10:14:12] [137/324] RBCT
[10:14:13] [138/324] DIKT
[10:14:14] [139/324] MIDL
[10:14:15] [140/324] VCSN
[10:14:16] [141/324] SKTG
[10:14:17] [142/324] SMWC
[10:14:18] [143/324] MNKH
[10:14:19] [144/324] PIAT
[10:14:19] [145/324] LTTP
[10:14:20] [146/324] PTPU
[10:14:21] [147/324] ACMG
[10:14:22] [148/324] SHMM
[10:14:23] [149/324] MCMN
[10:14:24] [150/324] GLDC
[10:14:26] [151/324] HOUT
[10:14:27] [152/324] SVRP
[10:14:28] [153/324] PVDN
[10:14:29] [154/324] SCPY
[10:14:29] [155/324] DTPY
[10:14:30] [156/324] GKCS
[10:14:31] [157/324] NCAM
[10:14:32] [158/324] BSRM
[10:14:33] [159/324] RCLC
[10:14:34] [160/324] SKKD
[10:14:35] [161/324] ACHU
[10:14:35] [162/324] RSCF
[10:14:36] [163/324] IMSH
[10:14:37] [164/324] MACX
[10:14:38] [165/324] HMMW
[10:14:39] [166/324] JTCP
[10:14:40] [167/324] SREN
[10:14:41] [168/324] PJRR
[10:14:42] [169/324] INAC
[10:14:43] [170/324] BMCA
[10:14:44] [171/324] SHCB
[10:14:46] [172/324] GABA
[10:14:47] [173/324] SBCT
[10:14:48] [174/324] GCMA
[10:14:49] [175/324] MYTK
[10:14:50] [176/324] INZS
[10:14:50] [177/324] RMIK
[10:14:51] [178/324] NYCH
[10:14:52] [179/324] RAVE
[10:14:53] [180/324] PSXM
[10:14:54] [181/324] MCGP
[10:14:55] [182/324] PDDK
[10:14:56] [183/324] SPCK
[10:14:57] [184/324] MCRL
[10:14:58] [185/324] MHKT
[10:14:59] [186/324] ANRR
[10:14:59] [187/324] SAPK
[10:15:00] [188/324] NCUK
[10:15:01] [189/324] JUGA
[10:15:02] [190/324] DBSC
[10:15:02] [191/324] LALK
[10:15:03] [192/324] GUCK
[10:15:05] [193/324] STSG
[10:15:06] [194/324] PPPZ
[10:15:07] [195/324] CNCY
[10:15:08] [196/324] MTAR
[10:15:09] [197/324] VNKD
[10:15:10] [198/324] KMAJ
[10:15:11] [199/324] ACXK
[10:15:12] [200/324] UTKC
[10:15:13] [201/324] PBLK
[10:15:13] [202/324] ACBX
[10:15:14] [203/324] PTGM
[10:15:16] [204/324] BTDA
[10:15:18] [205/324] PJMB
[10:15:18] [206/324] TPDA
[10:15:19] [207/324] AMOE
[10:15:20] [208/324] PRHT
[10:15:21] [209/324] PRTA
[10:15:22] [210/324] STAM
[10:15:23] [211/324] MSAA
[10:15:24] [212/324] SDLU
[10:15:25] [213/324] RCHH
[10:15:26] [214/324] KANT
[10:15:26] [215/324] FCRT
[10:15:27] [216/324] DNKM
[10:15:28] [217/324] RYCP
[10:15:29] [218/324] MYRP
[10:15:30] [219/324] PPAK
[10:15:31] [220/324] NVPK
[10:15:31] [221/324] PRMC
[10:15:32] [222/324] JBCS
[10:15:33] [223/324] GXCK
[10:15:34] [224/324] USKO
[10:15:35] [225/324] GTEM
[10:15:36] [226/324] SMBU
[10:15:37] [227/324] VETC
[10:15:38] [228/324] LCDA
[10:15:38] [229/324] MTVT
[10:15:39] [230/324] PYCP
[10:15:40] [231/324] PNSC
[10:15:41] [232/324] PPCC
[10:15:42] [233/324] TGRT
[10:15:43] [234/324] JYOT
[10:15:44] [235/324] SRCZ
[10:15:45] [236/324] SJTE
[10:15:46] [237/324] DESC
[10:15:47] [238/324] JHVN
[10:15:48] [239/324] IPSG
[10:15:49] [240/324] IPCM
[10:15:50] [241/324] PDRS
[10:15:51] [242/324] ANCV
[10:15:52] [243/324] CMVV
[10:15:53] [244/324] SHYP
[10:15:55] [245/324] DNCS
[10:15:56] [246/324] GAJK
[10:15:57] [247/324] AKTN
[10:15:57] [248/324] KAYA
[10:15:58] [249/324] SBRC
[10:15:59] [250/324] CHTP
[10:16:00] [251/324] SHRT
[10:16:01] [252/324] BCKU
[10:16:02] [253/324] FCPS
[10:16:03] [254/324] ARDD
[10:16:04] [255/324] CPCM
[10:16:04] [256/324] CGSM
[10:16:05] [257/324] PSMP
[10:16:06] [258/324] SDAL
[10:16:07] [259/324] RTNB
[10:16:07] [260/324] LMCR
[10:16:08] [261/324] CIMA
[10:16:09] [262/324] RNAS
[10:16:10] [263/324] LITH
[10:16:11] [264/324] PBOX
[10:16:12] [265/324] FRTS
[10:16:12] [266/324] RKIC
[10:16:14] [267/324] PTAI
[10:16:15] [268/324] GCIC
[10:16:15] [269/324] FNAS
[10:16:16] [270/324] SCAR
[10:16:17] [271/324] MTCA
[10:16:18] [272/324] SCTS
[10:16:19] [273/324] SYCS
[10:16:20] [274/324] RDMS
[10:16:21] [275/324] KAMP
[10:16:22] [276/324] ERSD
[10:16:23] [277/324] MJMJ
[10:16:24] [278/324] SRCJ
[10:16:25] [279/324] SCXE
[10:16:25] [280/324] SVFR
[10:16:26] [281/324] BHCS
[10:16:27] [282/324] IMCC
[10:16:28] [283/324] PCBO
[10:16:28] [284/324] PRVN
[10:16:29] [285/324] AUPM
[10:16:31] [286/324] INBW
[10:16:32] [287/324] SVCW
[10:16:33] [288/324] RKCF
[10:16:33] [289/324] UVBH
[10:16:34] [290/324] DNCY
[10:16:35] [291/324] ABCN
[10:16:36] [292/324] PRUR
[10:16:37] [293/324] PFMR
[10:16:38] [294/324] RKCN
[10:16:39] [295/324] CFEA
[10:16:39] [296/324] SDBG
[10:16:40] [297/324] SNAR
[10:16:42] [298/324] YISI
[10:16:43] [299/324] JCFF
[10:16:44] [300/324] VTRK
[10:16:44] [301/324] PCLZ
[10:16:45] [302/324] DIMY
[10:16:46] [303/324] BBTS
[10:16:48] [304/324] GATH
[10:16:48] [305/324] GTMN
[10:16:49] [306/324] VTMH
[10:16:50] [307/324] CCKP
[10:16:51] [308/324] GPKA
[10:16:53] [309/324] MHCL
[10:16:54] [310/324] ATCL
[10:16:54] [311/324] SBCK
[10:16:56] [312/324] AMMR
[10:16:57] [313/324] MADC
[10:16:58] [314/324] TMMA
[10:16:58] [315/324] CACC
[10:16:59] [316/324] CHAL
[10:17:00] [317/324] DURG
[10:17:01] [318/324] GMKU
[10:17:02] [319/324] GECA
[10:17:03] [320/324] KYRR
[10:17:03] [321/324] KSDE
[10:17:04] [322/324] LMCI
[10:17:05] [323/324] NKCP
[10:17:06] [324/324] BGTC
[10:17:07] 🧹 Deduping shows
[10:17:07] ✅ DONE | Shows=312 | Movies=32
